[AirdropPlane] Aircraft created on 2021-03-30 @ 19-33-20
[InitializeAircraft] Aircraft Initialized: Berezino @ 12450/9250 (true)
[EOnBeforeDrop] The Aircraft is 1 Km from Berezino. @ <11146.335938, 221.639236, 9990.763672>
[EOnDrop] Zombie Spawned [1] ZmbM_OffshoreWorker_Green @ <12406.518555, 21.652485, 9324.538086> ... Lifespan:  Set to 30 minutes.
[EOnDrop] Zombie Spawned [2] ZmbM_ConstrWorkerNormal_Grey @ <12355.992188, 26.319765, 9278.571289> ... Lifespan:  Set to 30 minutes.
[EOnDrop] Zombie Spawned [3] ZmbM_OffshoreWorker_Orange @ <12409.777344, 23.086046, 9291.184570> ... Lifespan:  Set to 30 minutes.
[EOnDrop] Zombie Spawned [4] ZmbM_ConstrWorkerNormal_Black @ <12348.220703, 26.690029, 9280.012695> ... Lifespan:  Set to 30 minutes.
[EOnDrop] Zombie Spawned [5] ZmbF_MechanicNormal_Beige @ <12376.327148, 26.254564, 9263.477539> ... Lifespan:  Set to 30 minutes.
[EOnDrop] Zombie Spawned [6] ZmbM_ConstrWorkerNormal_Green @ <12395.579102, 24.668089, 9272.187500> ... Lifespan:  Set to 30 minutes.
[EOnDrop] Zombie Spawned [7] ZmbF_MechanicNormal_Beige @ <12389.679688, 25.840378, 9245.614258> ... Lifespan:  Set to 30 minutes.
[EOnDrop] Zombie Spawned [8] ZmbF_BlueCollarFat_Green @ <12432.693359, 21.396029, 9291.618164> ... Lifespan:  Set to 30 minutes.
[EOnDrop] Zombie Spawned [9] ZmbM_OffshoreWorker_Red @ <12373.266602, 25.858442, 9274.409180> ... Lifespan:  Set to 30 minutes.
[EOnDrop] Zombie Spawned [10] ZmbM_OffshoreWorker_Orange @ <12386.272461, 24.213524, 9297.507813> ... Lifespan:  Set to 30 minutes.
[EOnDrop] Zombie Spawned [11] ZmbM_MechanicSkinny_Blue @ <12363.523438, 26.380707, 9271.704102> ... Lifespan:  Set to 30 minutes.
[EOnDrop] Zombie Spawned [12] ZmbM_OffshoreWorker_Green @ <12413.069336, 23.585400, 9263.243164> ... Lifespan:  Set to 30 minutes.
[EOnDrop] Zombie Spawned [13] ZmbM_HandymanNormal_Beige @ <12358.791016, 24.512346, 9307.431641> ... Lifespan:  Set to 30 minutes.
[EOnDrop] Zombie Spawned [14] ZmbM_HandymanNormal_White @ <12399.216797, 24.828165, 9256.144531> ... Lifespan:  Set to 30 minutes.
[EOnDrop] Zombie Spawned [15] ZmbM_OffshoreWorker_Orange @ <12423.702148, 22.549932, 9270.492188> ... Lifespan:  Set to 30 minutes.
[EOnDrop] Zombie Spawned [16] ZmbM_HandymanNormal_Green @ <12352.591797, 27.401072, 9256.205078> ... Lifespan:  Set to 30 minutes.
[EOnDrop] Zombie Spawned [17] ZmbF_MechanicNormal_Green @ <12353.039063, 24.477064, 9310.686523> ... Lifespan:  Set to 30 minutes.
[EOnDrop] Zombie Spawned [18] ZmbM_ConstrWorkerNormal_Beige @ <12414.659180, 23.507948, 9252.449219> ... Lifespan:  Set to 30 minutes.
[EOnDrop] Zombie Spawned [19] ZmbF_MechanicNormal_Orange @ <12396.093750, 24.646116, 9271.897461> ... Lifespan:  Set to 30 minutes.
[EOnDrop] Zombie Spawned [20] ZmbM_OffshoreWorker_Yellow @ <12344.614258, 26.296459, 9289.080078> ... Lifespan:  Set to 30 minutes.
[EOnDrop] Drop spawned with 20 infected at <12388.089844, 167.533630, 9282.327148>.
[EOnDrop] Supplies have been dropped near Berezino.
[EOnBeforeDelete] Aircraft despawned @ <16361.367188, 152.000610, 7016.122559>
[~AirdropPlane] Aircraft destroyed.
