[AirdropPlane] Aircraft created on 2021-03-20 @ 23-46-48
[InitializeAircraft] Aircraft Initialized: Stary/Novy  @ 6600/7800 (true)
[EOnBeforeDrop] The Aircraft is 1 Km from Stary/Novy . @ <6341.920410, 480.720978, 9277.244141>
[EOnDrop] Zombie Spawned [1] ZmbM_PatrolNormal_PautRev @ <6578.024414, 316.233734, 7910.593750> ... Lifespan:  Set to 30 minutes.
[EOnDrop] Zombie Spawned [2] ZmbM_PatrolNormal_Autumn @ <6624.057617, 311.924042, 7872.957031> ... Lifespan:  Set to 30 minutes.
[EOnDrop] Zombie Spawned [3] ZmbM_PatrolNormal_Summer @ <6543.773438, 313.942566, 7891.261719> ... Lifespan:  Set to 30 minutes.
[EOnDrop] Zombie Spawned [4] ZmbM_PatrolNormal_PautRev @ <6568.593262, 315.664795, 7906.913086> ... Lifespan:  Set to 30 minutes.
[EOnDrop] Zombie Spawned [5] ZmbM_PatrolNormal_Summer @ <6568.598145, 312.494507, 7879.263184> ... Lifespan:  Set to 30 minutes.
[EOnDrop] Zombie Spawned [6] ZmbM_PatrolNormal_PautRev @ <6563.583496, 308.745483, 7843.254883> ... Lifespan:  Set to 30 minutes.
[EOnDrop] Zombie Spawned [7] ZmbM_PatrolNormal_Autumn @ <6574.676758, 313.463745, 7888.229004> ... Lifespan:  Set to 30 minutes.
[EOnDrop] Zombie Spawned [8] ZmbM_SoldierNormal @ <6594.668457, 312.818451, 7881.411621> ... Lifespan:  Set to 30 minutes.
[EOnDrop] Zombie Spawned [9] ZmbM_PatrolNormal_Autumn @ <6584.777832, 310.750977, 7859.592285> ... Lifespan:  Set to 30 minutes.
[EOnDrop] Zombie Spawned [10] ZmbM_PatrolNormal_Autumn @ <6601.812012, 316.443390, 7912.054688> ... Lifespan:  Set to 30 minutes.
[EOnDrop] Zombie Spawned [11] ZmbM_PatrolNormal_Summer @ <6594.357422, 310.366913, 7854.766113> ... Lifespan:  Set to 30 minutes.
[EOnDrop] Zombie Spawned [12] ZmbM_SoldierNormal @ <6580.176270, 309.570831, 7847.590332> ... Lifespan:  Set to 30 minutes.
[EOnDrop] Zombie Spawned [13] ZmbM_SoldierNormal @ <6623.516602, 316.327972, 7913.436035> ... Lifespan:  Set to 30 minutes.
[EOnDrop] Zombie Spawned [14] ZmbM_SoldierNormal @ <6595.056152, 318.046600, 7924.315430> ... Lifespan:  Set to 30 minutes.
[EOnDrop] Zombie Spawned [15] ZmbM_SoldierNormal @ <6574.858887, 311.012482, 7863.522461> ... Lifespan:  Set to 30 minutes.
[EOnDrop] Zombie Spawned [16] ZmbM_PatrolNormal_Flat @ <6586.392578, 314.863312, 7899.724609> ... Lifespan:  Set to 30 minutes.
[EOnDrop] Zombie Spawned [17] ZmbM_PatrolNormal_Autumn @ <6606.006836, 309.149414, 7841.080566> ... Lifespan:  Set to 30 minutes.
[EOnDrop] Zombie Spawned [18] ZmbM_PatrolNormal_PautRev @ <6600.250488, 315.382690, 7903.602051> ... Lifespan:  Set to 30 minutes.
[EOnDrop] Zombie Spawned [19] ZmbM_PatrolNormal_Flat @ <6580.831543, 311.769836, 7871.112793> ... Lifespan:  Set to 30 minutes.
[EOnDrop] Zombie Spawned [20] ZmbM_PatrolNormal_Autumn @ <6572.602539, 315.859436, 7908.180176> ... Lifespan:  Set to 30 minutes.
[EOnDrop] Zombie Spawned [21] ZmbM_SoldierNormal @ <6576.042969, 315.992493, 7908.916992> ... Lifespan:  Set to 30 minutes.
[EOnDrop] Zombie Spawned [22] ZmbM_PatrolNormal_PautRev @ <6605.884277, 313.518738, 7887.944824> ... Lifespan:  Set to 30 minutes.
[EOnDrop] Zombie Spawned [23] ZmbM_PatrolNormal_Summer @ <6581.970215, 314.409210, 7896.182617> ... Lifespan:  Set to 30 minutes.
[EOnDrop] Zombie Spawned [24] ZmbM_SoldierNormal @ <6596.917480, 313.505096, 7887.902832> ... Lifespan:  Set to 30 minutes.
[EOnDrop] Zombie Spawned [25] ZmbM_PatrolNormal_Summer @ <6585.458008, 314.316254, 7895.301758> ... Lifespan:  Set to 30 minutes.
[EOnDrop] Drop spawned with 25 infected at <6584.914551, 468.498505, 7882.357422>.
[EOnDrop] Supplies have been dropped near Stary/Novy .
[EOnBeforeDelete] Aircraft despawned @ <8132.264160, 152.000610, -1000.527466>
[~AirdropPlane] Aircraft destroyed.
