[AirdropPlane] Aircraft created on 2021-04-07 @ 02-29-41
[InitializeAircraft] Aircraft Initialized: Myshkino @ 1900/7600 (true)
[EOnBeforeDrop] The Aircraft is 1 Km from Myshkino. @ <3163.577637, 436.816956, 8405.147461>
[EOnDrop] Zombie Spawned [1] ZmbM_VillagerOld_Blue @ <2006.033691, 298.664124, 7631.881348> ... Lifespan:  Set to 30 minutes.
[EOnDrop] Zombie Spawned [2] ZmbF_HikerSkinny_Green @ <1987.010132, 293.969421, 7637.933594> ... Lifespan:  Set to 30 minutes.
[EOnDrop] Zombie Spawned [3] ZmbM_MotobikerFat_Black @ <1960.991333, 288.017609, 7653.116699> ... Lifespan:  Set to 30 minutes.
[EOnDrop] Zombie Spawned [4] ZmbF_HikerSkinny_Green @ <2007.482788, 298.550842, 7645.909668> ... Lifespan:  Set to 30 minutes.
[EOnDrop] Zombie Spawned [5] ZmbF_VillagerOld_Red @ <1935.057251, 280.404999, 7616.613770> ... Lifespan:  Set to 30 minutes.
[EOnDrop] Zombie Spawned [6] ZmbM_HermitSkinny_Green @ <1973.960083, 294.578003, 7674.534668> ... Lifespan:  Set to 30 minutes.
[EOnDrop] Zombie Spawned [7] ZmbF_SurvivorNormal_Blue @ <1921.799561, 280.870972, 7656.911133> ... Lifespan:  Set to 30 minutes.
[EOnDrop] Zombie Spawned [8] ZmbM_HermitSkinny_Green @ <1928.611328, 283.642212, 7665.145996> ... Lifespan:  Set to 30 minutes.
[EOnDrop] Zombie Spawned [9] ZmbF_MilkMaidOld_Black @ <1955.560791, 286.300873, 7631.830566> ... Lifespan:  Set to 30 minutes.
[EOnDrop] Zombie Spawned [10] ZmbF_MilkMaidOld_Green @ <1959.426147, 287.065735, 7632.102051> ... Lifespan:  Set to 30 minutes.
[EOnDrop] Zombie Spawned [11] ZmbM_HunterOld_Autumn @ <1956.907104, 286.102875, 7618.007813> ... Lifespan:  Set to 30 minutes.
[EOnDrop] Zombie Spawned [12] ZmbF_MilkMaidOld_Grey @ <1937.348999, 283.204041, 7636.436035> ... Lifespan:  Set to 30 minutes.
[EOnDrop] Zombie Spawned [13] ZmbM_MotobikerFat_Blue @ <1932.512329, 279.824707, 7619.893066> ... Lifespan:  Set to 30 minutes.
[EOnDrop] Zombie Spawned [14] ZmbM_VillagerOld_Blue @ <1966.268188, 288.012543, 7643.418945> ... Lifespan:  Set to 30 minutes.
[EOnDrop] Zombie Spawned [15] ZmbM_HermitSkinny_Red @ <1960.228882, 286.891357, 7615.756836> ... Lifespan:  Set to 30 minutes.
[EOnDrop] Drop spawned with 15 infected at <1961.807129, 455.838043, 7638.001953>.
[EOnDrop] Supplies have been dropped near Myshkino.
[EOnBeforeDelete] Aircraft despawned @ <-1000.962585, 402.413666, 5746.609375>
[~AirdropPlane] Aircraft destroyed.
