[InitializeContainer] Container created on 2021-04-02 @ 23-11-25
[InitializeContainer] Winds: Vector <-2.451581, 0.000000, -4.411435>, Speed 5.04688mps, Strength 0.1
[AirdropContainerFall] Drop Type 'Military West', Container: 'AirdropContainer_Military', Mode/Quantity/Iems: Random/20/46, Flare:  10%
[AirdropContainerFall] Loot Spawned [1] MilitaryBoots_Bluerock @ <1967.316406, 282.782776, 7564.485352> ... Lifespan: Set to 30 minutes.
[AirdropContainerFall] Loot Spawned [2] KOD_RSASS_Black @ <1963.934692, 281.733521, 7560.390137> ... Lifespan: Set to 30 minutes.
[AirdropContainerFall] Loot Spawned [3] MilitaryBoots_Beige @ <1966.690063, 282.780426, 7565.430176> ... Lifespan: Set to 30 minutes.
[AirdropContainerFall] Loot Spawned [4] Mag_FNX45_15Rnd @ <1967.441650, 282.223999, 7559.293945> ... Lifespan: Set to 30 minutes.
[AirdropContainerFall] Loot Spawned [5] M4A1 @ <1967.489258, 282.732483, 7563.764160> ... Lifespan: Set to 30 minutes.
[AirdropContainerFall] Loot Spawned [6] USMCPants_Woodland @ <1966.152466, 282.571716, 7564.373047> ... Lifespan: Set to 30 minutes.
[AirdropContainerFall] Loot Spawned [7] Canteen @ <1968.410400, 282.607483, 7561.213867> ... Lifespan: Set to 30 minutes.
[AirdropContainerFall] Loot Spawned [8] MilitaryBoots_Beige @ <1967.966919, 282.350647, 7559.605469> ... Lifespan: Set to 30 minutes.
[AirdropContainerFall] Loot Spawned [9] AmmoBox_556x45_20Rnd @ <1963.787598, 281.950348, 7562.683105> ... Lifespan: Set to 30 minutes.
[AirdropContainerFall] Loot Spawned [10] AK101 @ <1966.617432, 282.158905, 7559.930664> ... Lifespan: Set to 30 minutes.
[AirdropContainerFall] Loot Spawned [11] UKAssVest_Olive @ <1963.600830, 281.718903, 7560.864258> ... Lifespan: Set to 30 minutes.
[AirdropContainerFall] Loot Spawned [12] Binoculars @ <1968.285278, 282.562408, 7561.000000> ... Lifespan: Set to 30 minutes.
[AirdropContainerFall] Loot Spawned [13] MilitaryBoots_Beige @ <1964.740112, 282.351196, 7564.618164> ... Lifespan: Set to 30 minutes.
[AirdropContainerFall] Loot Spawned [14] Rangefinder @ <1968.595581, 282.676880, 7561.555664> ... Lifespan: Set to 30 minutes.
[AirdropContainerFall] Loot Spawned [15] TacticalGloves_Beige @ <1963.780762, 281.826721, 7561.577637> ... Lifespan: Set to 30 minutes.
[AirdropContainerFall] Loot Spawned [16] TacticalGloves_Beige @ <1964.747437, 282.181885, 7563.074707> ... Lifespan: Set to 30 minutes.
[AirdropContainerFall] Loot Spawned [17] CombatKnife @ <1967.890381, 282.461426, 7560.696289> ... Lifespan: Set to 30 minutes.
[AirdropContainerFall] Loot Spawned [18] USMCJacket_Desert @ <1967.630981, 282.766083, 7563.849609> ... Lifespan: Set to 30 minutes.
[AirdropContainerFall] Loot Spawned [19] UKAssVest_Olive @ <1968.969727, 283.048126, 7564.224609> ... Lifespan: Set to 30 minutes.
[AirdropContainerFall] Loot Spawned [20] MilitaryBoots_Brown @ <1965.254150, 282.524933, 7565.335938> ... Lifespan: Set to 30 minutes.
[AirdropContainerUnstuck] Container was unstuck.
[~AirdropContainerBase] Container Destroyed on 2021-04-02 @ 23-36-25
