[InitializeContainer] Container created on 2021-04-08 @ 07-11-06
[InitializeContainer] Winds: Vector <-0.804651, 0.000000, -6.069287>, Speed 6.12239mps, Strength 0.1
[AirdropContainerFall] Drop Type 'Military West', Container: 'AirdropContainer_Military', Mode/Quantity/Iems: Random/20/46, Flare:  10%
[AirdropContainerFall] Loot Spawned [1] USMCPants_Woodland @ <1979.897949, 291.688599, 7610.247559> ... Lifespan: Set to 30 minutes.
[AirdropContainerFall] Loot Spawned [2] MilitaryBoots_Brown @ <1979.159058, 291.437347, 7608.360840> ... Lifespan: Set to 30 minutes.
[AirdropContainerFall] Loot Spawned [3] CanOpener @ <1983.125732, 292.354797, 7607.129883> ... Lifespan: Set to 30 minutes.
[AirdropContainerFall] Loot Spawned [4] AssaultBag_Green @ <1983.827637, 292.663879, 7610.498047> ... Lifespan: Set to 30 minutes.
[AirdropContainerFall] Loot Spawned [5] CombatKnife @ <1983.679565, 292.498566, 7607.856445> ... Lifespan: Set to 30 minutes.
[AirdropContainerFall] Loot Spawned [6] UKAssVest_Black @ <1981.842896, 292.206665, 7611.630371> ... Lifespan: Set to 30 minutes.
[AirdropContainerFall] Loot Spawned [7] Binoculars @ <1981.825195, 292.206390, 7611.702637> ... Lifespan: Set to 30 minutes.
[AirdropContainerFall] Loot Spawned [8] M4_CQBBttstck @ <1978.010376, 291.105194, 7607.854980> ... Lifespan: Set to 30 minutes.
[AirdropContainerFall] Loot Spawned [9] M4A1 @ <1982.510254, 292.279755, 7609.849609> ... Lifespan: Set to 30 minutes.
[AirdropContainerFall] Loot Spawned [10] Mag_STANAG_30Rnd @ <1984.198730, 292.661804, 7608.859375> ... Lifespan: Set to 30 minutes.
[AirdropContainerFall] Loot Spawned [11] Rangefinder @ <1978.074951, 291.144775, 7608.755371> ... Lifespan: Set to 30 minutes.
[AirdropContainerFall] Loot Spawned [12] M4_CQBBttstck @ <1983.730713, 292.584534, 7609.625000> ... Lifespan: Set to 30 minutes.
[AirdropContainerFall] Loot Spawned [13] UKAssVest_Khaki @ <1980.507813, 291.752380, 7606.899414> ... Lifespan: Set to 30 minutes.
[AirdropContainerFall] Loot Spawned [14] UniversalLight @ <1978.845581, 291.404694, 7610.637695> ... Lifespan: Set to 30 minutes.
[AirdropContainerFall] Loot Spawned [15] TacticalGloves_Beige @ <1983.603027, 292.509796, 7608.958496> ... Lifespan: Set to 30 minutes.
[AirdropContainerFall] Loot Spawned [16] AssaultBag_Ttsko @ <1982.426270, 292.188751, 7606.854980> ... Lifespan: Set to 30 minutes.
[AirdropContainerFall] Loot Spawned [17] KOD_M16A4 @ <1982.850220, 292.305389, 7607.687988> ... Lifespan: Set to 30 minutes.
[AirdropContainerFall] Loot Spawned [18] PistolSuppressor @ <1979.506348, 291.491730, 7606.592285> ... Lifespan: Set to 30 minutes.
[AirdropContainerFall] Loot Spawned [19] M4_T3NrdSOptic @ <1980.359375, 291.837341, 7611.848145> ... Lifespan: Set to 30 minutes.
[AirdropContainerFall] Loot Spawned [20] AmmoBox_556x45_20Rnd @ <1983.008057, 292.304443, 7606.148438> ... Lifespan: Set to 30 minutes.
[AirdropContainerUnstuck] Container was unstuck.
[~AirdropContainerBase] Container Destroyed on 2021-04-08 @ 07-36-06
