[AirdropBase] Base class created & settings loaded.
[2021-04-06 @ 09-52-24] ----------------------------------------------------------------------------------------------------
[EOnCallAirdrop] Drop zone asigned: Northwest Airfield <4500.000000, 0.000000, 10350.000000>
[EOnCallAirdrop] Drop zone offset to: <4555.165527, 2438.000000, 10401.169922>
[EOnCallAirdrop] Aircraft spawn point: <9340.132813, 2438.000000, 16360.000000>
[EOnCallAirdrop] Aircraft bearing ... Angle/Bearing: 0.892804° / 38.8461°, Text: 'North/East (39°)'
[EOnCallAirdrop] Aircraft has been dispatched to 'Northwest Airfield' from the North/East (39°).
[2021-04-06 @ 10-17-41] ----------------------------------------------------------------------------------------------------
[EOnCallAirdrop] Drop zone asigned: Stary/Novy  <6600.000000, 0.000000, 7800.000000>
[EOnCallAirdrop] Drop zone offset to: <6588.140137, 2438.000000, 7715.520020>
[EOnCallAirdrop] Aircraft spawn point: <2368.476807, 2438.000000, -1000.000000>
[EOnCallAirdrop] Aircraft bearing ... Angle/Bearing: -2.01901° / 205.681°, Text: 'South/West (206°)'
[EOnCallAirdrop] Aircraft has been dispatched to 'Stary/Novy ' from the South/West (206°).
[2021-04-06 @ 10-42-58] ----------------------------------------------------------------------------------------------------
[EOnCallAirdrop] Drop zone asigned: Myshkino <1900.000000, 0.000000, 7600.000000>
[EOnCallAirdrop] Drop zone offset to: <1814.301392, 2438.000000, 7605.225098>
[EOnCallAirdrop] Aircraft spawn point: <204.238403, 2438.000000, 16360.000000>
[EOnCallAirdrop] Aircraft bearing ... Angle/Bearing: 1.76201° / 349.044°, Text: 'North (349°)'
[EOnCallAirdrop] Aircraft has been dispatched to 'Myshkino' from the North (349°).
[2021-04-06 @ 11-08-14] ----------------------------------------------------------------------------------------------------
[EOnCallAirdrop] Drop zone asigned: Stary/Novy  <6600.000000, 0.000000, 7800.000000>
[EOnCallAirdrop] Drop zone offset to: <6636.486816, 2438.000000, 7875.606934>
[EOnCallAirdrop] Aircraft spawn point: <16360.000000, 2438.000000, 747.284790>
[EOnCallAirdrop] Aircraft bearing ... Angle/Bearing: -0.625743° / 125.852°, Text: 'South/East (126°)'
[EOnCallAirdrop] Aircraft has been dispatched to 'Stary/Novy ' from the South/East (126°).
[2021-04-06 @ 11-33-30] ----------------------------------------------------------------------------------------------------
[EOnCallAirdrop] Drop zone asigned: Soverograd <8566.000000, 0.000000, 12755.000000>
[EOnCallAirdrop] Drop zone offset to: <8503.662109, 2438.000000, 12773.917969>
[EOnCallAirdrop] Aircraft spawn point: <3402.119141, 2438.000000, 16360.000000>
[EOnCallAirdrop] Aircraft bearing ... Angle/Bearing: 2.53213° / 304.92°, Text: 'North/West (305°)'
[EOnCallAirdrop] Aircraft has been dispatched to 'Soverograd' from the North/West (305°).
[2021-04-06 @ 11-58-47] ----------------------------------------------------------------------------------------------------
[EOnCallAirdrop] Drop zone asigned: Myshkino <1900.000000, 0.000000, 7600.000000>
[EOnCallAirdrop] Drop zone offset to: <1889.172852, 2438.000000, 7633.130859>
[EOnCallAirdrop] Aircraft spawn point: <9516.556641, 2438.000000, 16360.000000>
[EOnCallAirdrop] Aircraft bearing ... Angle/Bearing: 0.855107° / 41.006°, Text: 'North/East (41°)'
[EOnCallAirdrop] Aircraft has been dispatched to 'Myshkino' from the North/East (41°).
[2021-04-06 @ 12-24-03] ----------------------------------------------------------------------------------------------------
[EOnCallAirdrop] Drop zone asigned: Chernogorsk <7400.000000, 0.000000, 3500.000000>
[EOnCallAirdrop] Drop zone offset to: <7444.214355, 2438.000000, 3543.011719>
[EOnCallAirdrop] Aircraft spawn point: <6604.238281, 2438.000000, -1000.000000>
[EOnCallAirdrop] Aircraft bearing ... Angle/Bearing: -1.74582° / 190.028°, Text: 'South (190°)'
[EOnCallAirdrop] Aircraft has been dispatched to 'Chernogorsk' from the South (190°).
[2021-04-06 @ 12-49-19] ----------------------------------------------------------------------------------------------------
[EOnCallAirdrop] Drop zone asigned: Skalisty Island <13575.000000, 0.000000, 3055.000000>
[EOnCallAirdrop] Drop zone offset to: <13582.626953, 2438.000000, 3087.037354>
[EOnCallAirdrop] Aircraft spawn point: <-1000.000000, 2438.000000, 11606.622070>
[EOnCallAirdrop] Aircraft bearing ... Angle/Bearing: 2.61099° / 300.402°, Text: 'North/West (300°)'
[EOnCallAirdrop] Aircraft has been dispatched to 'Skalisty Island' from the North/West (300°).
