[InitializeContainer] Container created on 2021-05-01 @ 17-35-27
[InitializeContainer] Winds: Vector <10.837685, 0.000000, -0.559871>, Speed 10.8521mps, Strength 0.1
[AirdropContainerFall] Drop Type 'Military West', Container: 'RANDOM', Mode/Quantity/Iems: Random/20/40, Flare:  10%
[AirdropContainerFall] Loot Spawned [1] AssaultBag_Ttsko @ <13518.747070, 26.348515, 3104.191650> ... Lifespan: Set to 60 minutes.
[AirdropContainerFall] Loot Spawned [2] UKAssVest_Black @ <13519.901367, 26.485943, 3106.797363> ... Lifespan: Set to 60 minutes.
[AirdropContainerFall] Loot Spawned [3] M4A1 @ <13518.924805, 26.351622, 3105.390137> ... Lifespan: Set to 60 minutes.
[AirdropContainerFall] Loot Spawned [4] M4_T3NrdSOptic @ <13520.008789, 26.678320, 3101.556641> ... Lifespan: Set to 60 minutes.
[AirdropContainerFall] Loot Spawned [5] USMCPants_Desert @ <13519.952148, 26.483633, 3107.020752> ... Lifespan: Set to 60 minutes.
[AirdropContainerFall] Loot Spawned [6] M4_T3NrdSOptic @ <13518.207031, 26.218407, 3104.625977> ... Lifespan: Set to 60 minutes.
[AirdropContainerFall] Loot Spawned [7] M4_T3NrdSOptic @ <13520.251953, 26.699749, 3103.674561> ... Lifespan: Set to 60 minutes.
[AirdropContainerFall] Loot Spawned [8] AssaultBag_Green @ <13521.546875, 27.012527, 3102.586182> ... Lifespan: Set to 60 minutes.
[AirdropContainerFall] Loot Spawned [9] M4A1 @ <13520.468750, 26.674328, 3105.856445> ... Lifespan: Set to 60 minutes.
[AirdropContainerFall] Loot Spawned [10] Rangefinder @ <13522.814453, 27.287157, 3102.900635> ... Lifespan: Set to 60 minutes.
[AirdropContainerFall] Loot Spawned [11] FNX45 @ <13523.060547, 27.328358, 3105.268555> ... Lifespan: Set to 60 minutes.
[AirdropContainerFall] Loot Spawned [12] USMCPants_Desert @ <13523.793945, 27.500040, 3101.758789> ... Lifespan: Set to 60 minutes.
[AirdropContainerFall] Loot Spawned [13] USMCPants_Woodland @ <13521.926758, 27.117960, 3101.410889> ... Lifespan: Set to 60 minutes.
[AirdropContainerFall] Loot Spawned [14] MilitaryBoots_Brown @ <13521.540039, 26.906324, 3107.406494> ... Lifespan: Set to 60 minutes.
[AirdropContainerFall] Loot Spawned [15] MilitaryBoots_Bluerock @ <13521.246094, 26.946436, 3102.424805> ... Lifespan: Set to 60 minutes.
[AirdropContainerFall] Loot Spawned [16] UniversalLight @ <13524.317383, 27.610542, 3104.094971> ... Lifespan: Set to 60 minutes.
[AirdropContainerFall] Loot Spawned [17] UKAssVest_Olive @ <13520.996094, 26.907036, 3101.325684> ... Lifespan: Set to 60 minutes.
[AirdropContainerFall] Loot Spawned [18] USMCPants_Woodland @ <13523.332031, 27.389046, 3106.864746> ... Lifespan: Set to 60 minutes.
[AirdropContainerFall] Loot Spawned [19] TacticalGoggles @ <13519.849609, 26.641157, 3101.609131> ... Lifespan: Set to 60 minutes.
[AirdropContainerFall] Loot Spawned [20] Battery9V @ <13519.585938, 26.531544, 3104.702637> ... Lifespan: Set to 60 minutes.
[AirdropContainerUnstuck] Container was unstuck.
[~AirdropContainerBase] Container Destroyed on 2021-05-01 @ 18-05-27
