[AirdropPlane] Aircraft created on 2021-04-17 @ 10-43-04
[InitializeAircraft] Aircraft Initialized: Skalisty Island @ 13575/3055 (true)
[EOnBeforeDrop] The Aircraft is 1 Km from Skalisty Island. @ <12127.485352, 152.001434, 2668.849365>
[EOnDrop] Zombie Spawned [1] ZmbF_VillagerOld_Green @ <13492.513672, 11.939738, 3027.849121> ... Lifespan:  Set to 30 minutes.
[EOnDrop] Zombie Spawned [2] ZmbF_MilkMaidOld_Grey @ <13520.183594, 27.926582, 3052.999023> ... Lifespan:  Set to 30 minutes.
[EOnDrop] Zombie Spawned [3] ZmbF_SurvivorNormal_Orange @ <13511.431641, 22.102188, 3039.630615> ... Lifespan:  Set to 30 minutes.
[EOnDrop] Zombie Spawned [4] ZmbM_HermitSkinny_Beige @ <13479.776367, 7.015309, 3026.068115> ... Lifespan:  Set to 30 minutes.
[EOnDrop] Zombie Spawned [5] ZmbF_VillagerOld_White @ <13497.289063, 12.914042, 3012.579590> ... Lifespan:  Set to 30 minutes.
[EOnDrop] Zombie Spawned [6] ZmbM_HunterOld_Spring @ <13501.656250, 16.289131, 3031.072998> ... Lifespan:  Set to 30 minutes.
[EOnDrop] Spawn failed for zombie [7] 'ZmbM_SurvivorDean_Grey', it does not exist in DayZ!
[EOnDrop] Zombie Spawned [8] ZmbF_MilkMaidOld_Grey @ <13503.762695, 19.800972, 3045.025879> ... Lifespan:  Set to 30 minutes.
[EOnDrop] Zombie Spawned [9] ZmbM_VillagerOld_Green @ <13480.815430, 13.061242, 3064.202393> ... Lifespan:  Set to 30 minutes.
[EOnDrop] Zombie Spawned [10] ZmbM_HikerSkinny_Yellow @ <13473.479492, 4.029726, 3010.776123> ... Lifespan:  Set to 30 minutes.
[EOnDrop] Zombie Spawned [11] ZmbM_FarmerFat_Blue @ <13525.553711, 27.977125, 3044.385254> ... Lifespan:  Set to 30 minutes.
[EOnDrop] Zombie Spawned [12] ZmbM_MotobikerFat_Beige @ <13466.095703, 3.557922, 3008.890625> ... Lifespan:  Set to 30 minutes.
[EOnDrop] Zombie Spawned [13] ZmbF_VillagerOld_Blue @ <13502.929688, 17.092751, 3032.738770> ... Lifespan:  Set to 30 minutes.
[EOnDrop] Zombie Spawned [14] ZmbM_HermitSkinny_Red @ <13472.457031, 5.066577, 3023.599365> ... Lifespan:  Set to 30 minutes.
[EOnDrop] Zombie Spawned [15] ZmbF_MilkMaidOld_Grey @ <13457.617188, 3.525549, 3015.395752> ... Lifespan:  Set to 30 minutes.
[EOnDrop] Zombie Spawned [16] ZmbF_HikerSkinny_Green @ <13492.565430, 14.257209, 3041.985596> ... Lifespan:  Set to 30 minutes.
[EOnDrop] Zombie Spawned [17] ZmbF_MilkMaidOld_Grey @ <13512.571289, 19.141415, 3018.146729> ... Lifespan:  Set to 30 minutes.
[EOnDrop] Spawn failed for zombie [18] 'ZmbM_SurvivorDean_Grey', it does not exist in DayZ!
[EOnDrop] Zombie Spawned [19] ZmbM_VillagerOld_White @ <13475.559570, 8.586155, 3042.043213> ... Lifespan:  Set to 30 minutes.
[EOnDrop] Zombie Spawned [20] ZmbF_VillagerOld_Red @ <13521.554688, 22.826096, 3022.644531> ... Lifespan:  Set to 30 minutes.
[EOnDrop] Zombie Spawned [21] ZmbM_MotobikerFat_Black @ <13510.220703, 16.470795, 2996.396484> ... Lifespan:  Set to 30 minutes.
[EOnDrop] Zombie Spawned [22] ZmbF_MilkMaidOld_Grey @ <13486.157227, 8.111467, 3019.326904> ... Lifespan:  Set to 30 minutes.
[EOnDrop] Zombie Spawned [23] ZmbM_VillagerOld_Blue @ <13526.678711, 24.746323, 3026.076172> ... Lifespan:  Set to 30 minutes.
[EOnDrop] Zombie Spawned [24] ZmbM_HunterOld_Winter @ <13498.818359, 13.938739, 3015.813232> ... Lifespan:  Set to 30 minutes.
[EOnDrop] Zombie Spawned [25] ZmbM_HermitSkinny_Green @ <13492.917969, 10.618174, 3006.658936> ... Lifespan:  Set to 30 minutes.
[EOnDrop] Drop spawned with 25 infected at <13495.850586, 143.840652, 3033.698975>.
[EOnDrop] Supplies have been dropped near Skalisty Island.
[EOnBeforeDelete] Aircraft despawned @ <16361.214844, 152.000610, 3797.696045>
[~AirdropPlane] Aircraft destroyed.
