[InitializeContainer] Container created on 2021-04-09 @ 22-56-16
[InitializeContainer] Winds: Vector <10.172961, 0.000000, -2.161843>, Speed 10.4001mps, Strength 0.1
[AirdropContainerFall] Drop Type 'Military West', Container: 'AirdropContainer_Military', Mode/Quantity/Iems: Random/20/46, Flare:  10%
[AirdropContainerFall] Loot Spawned [1] USMCJacket_Woodland @ <6600.426758, 336.856476, 9329.123047> ... Lifespan: Set to 30 minutes.
[AirdropContainerFall] Loot Spawned [2] KOD_M110_Tan @ <6598.721680, 337.302673, 9333.384766> ... Lifespan: Set to 30 minutes.
[AirdropContainerFall] Loot Spawned [3] Mag_FNX45_15Rnd @ <6600.523438, 337.627136, 9334.202148> ... Lifespan: Set to 30 minutes.
[AirdropContainerFall] Loot Spawned [4] KOD_M16A4 @ <6598.495605, 336.782562, 9330.463867> ... Lifespan: Set to 30 minutes.
[AirdropContainerFall] Loot Spawned [5] USMCJacket_Woodland @ <6601.275391, 337.787231, 9334.315430> ... Lifespan: Set to 30 minutes.
[AirdropContainerFall] Loot Spawned [6] UniversalLight @ <6601.376465, 337.186432, 9330.740234> ... Lifespan: Set to 30 minutes.
[AirdropContainerFall] Loot Spawned [7] M4A1 @ <6598.238281, 337.243927, 9333.232422> ... Lifespan: Set to 30 minutes.
[AirdropContainerFall] Loot Spawned [8] TacticalGoggles @ <6601.184570, 337.416656, 9332.275391> ... Lifespan: Set to 30 minutes.
[AirdropContainerFall] Loot Spawned [9] AKM @ <6602.142090, 337.821716, 9333.581055> ... Lifespan: Set to 30 minutes.
[AirdropContainerFall] Loot Spawned [10] UniversalLight @ <6600.310059, 336.839630, 9329.259766> ... Lifespan: Set to 30 minutes.
[AirdropContainerFall] Loot Spawned [11] AssaultBag_Ttsko @ <6597.578613, 336.886749, 9331.417969> ... Lifespan: Set to 30 minutes.
[AirdropContainerFall] Loot Spawned [12] Mag_FNX45_15Rnd @ <6598.308594, 336.685608, 9329.692383> ... Lifespan: Set to 30 minutes.
[AirdropContainerFall] Loot Spawned [13] M4A1 @ <6602.391602, 337.461060, 9331.231445> ... Lifespan: Set to 30 minutes.
[AirdropContainerFall] Loot Spawned [14] AssaultBag_Green @ <6597.455078, 336.914886, 9331.627930> ... Lifespan: Set to 30 minutes.
[AirdropContainerFall] Loot Spawned [15] Battery9V @ <6600.430664, 337.415039, 9333.077148> ... Lifespan: Set to 30 minutes.
[AirdropContainerFall] Loot Spawned [16] USMCJacket_Woodland @ <6602.622559, 337.609589, 9331.839844> ... Lifespan: Set to 30 minutes.
[AirdropContainerFall] Loot Spawned [17] MilitaryBoots_Brown @ <6597.817871, 337.333832, 9333.912109> ... Lifespan: Set to 30 minutes.
[AirdropContainerFall] Loot Spawned [18] AssaultBag_Green @ <6596.903320, 336.954895, 9332.070313> ... Lifespan: Set to 30 minutes.
[AirdropContainerFall] Loot Spawned [19] AssaultBag_Black @ <6601.658203, 337.245331, 9330.776367> ... Lifespan: Set to 30 minutes.
[AirdropContainerFall] Loot Spawned [20] M4_Suppressor @ <6596.361816, 336.793701, 9331.338867> ... Lifespan: Set to 30 minutes.
[AirdropContainerUnstuck] Container was unstuck.
[~AirdropContainerBase] Container Destroyed on 2021-04-09 @ 23-21-16
