[InitializeContainer] Container created on 2021-04-22 @ 09-30-57
[InitializeContainer] Winds: Vector <7.630728, 0.000000, -5.263710>, Speed 9.27009mps, Strength 0.1
[AirdropContainerFall] Drop Type 'Misc. Food', Container: 'RANDOM', Mode/Quantity/Iems: Random/29/30, Flare:  10%
[AirdropContainerFall] Loot Spawned [1] SodaCan_Spite @ <10004.487305, 53.135422, 2502.347656> ... Lifespan: Set to 30 minutes.
[AirdropContainerFall] Loot Spawned [2] CaninaBerry @ <10006.171875, 52.787582, 2506.402832> ... Lifespan: Set to 30 minutes.
[AirdropContainerFall] Loot Spawned [3] Pumpkin @ <10007.953125, 52.759808, 2500.526611> ... Lifespan: Set to 30 minutes.
[AirdropContainerFall] Loot Spawned [4] Lard @ <10007.661133, 52.760998, 2501.781494> ... Lifespan: Set to 30 minutes.
[AirdropContainerFall] Loot Spawned [5] AK101 @ <10006.791016, 52.757870, 2505.265137> ... Lifespan: Set to 30 minutes.
[AirdropContainerFall] Loot Spawned [6] WaterBottle @ <10003.679688, 53.207336, 2504.016113> ... Lifespan: Set to 30 minutes.
[AirdropContainerFall] Loot Spawned [7] Canteen @ <10005.313477, 53.037689, 2501.851563> ... Lifespan: Set to 30 minutes.
[AirdropContainerFall] Loot Spawned [8] Rice @ <10007.857422, 52.757065, 2501.052979> ... Lifespan: Set to 30 minutes.
[AirdropContainerFall] Loot Spawned [9] AK101 @ <10005.387695, 53.040051, 2501.432861> ... Lifespan: Set to 30 minutes.
[AirdropContainerFall] Loot Spawned [10] Tomato @ <10005.377930, 52.919651, 2505.591797> ... Lifespan: Set to 30 minutes.
[AirdropContainerFall] Loot Spawned [11] SpaghettiCan @ <10002.973633, 53.307793, 2504.060791> ... Lifespan: Set to 30 minutes.
[AirdropContainerFall] Loot Spawned [12] Tomato @ <10007.719727, 52.726887, 2502.713379> ... Lifespan: Set to 30 minutes.
[AirdropContainerFall] Loot Spawned [13] Potato @ <10005.715820, 52.987854, 2501.931885> ... Lifespan: Set to 30 minutes.
[AirdropContainerFall] Loot Spawned [14] AKM @ <10006.005859, 52.987240, 2500.663574> ... Lifespan: Set to 30 minutes.
[AirdropContainerFall] Loot Spawned [15] PeachesCan @ <10005.870117, 52.876019, 2505.169678> ... Lifespan: Set to 30 minutes.
[AirdropContainerFall] Loot Spawned [16] BoxCerealCrunchin @ <10005.695313, 52.995041, 2501.751953> ... Lifespan: Set to 30 minutes.
[AirdropContainerFall] Loot Spawned [17] AKM @ <10006.680664, 52.720303, 2506.506348> ... Lifespan: Set to 30 minutes.
[AirdropContainerFall] Loot Spawned [18] SodaCan_Kvass @ <10007.714844, 52.606434, 2506.157471> ... Lifespan: Set to 30 minutes.
[AirdropContainerFall] Loot Spawned [19] AK101 @ <10007.082031, 52.819599, 2502.158691> ... Lifespan: Set to 30 minutes.
[AirdropContainerFall] Loot Spawned [20] CaninaBerry @ <10006.185547, 52.981094, 2500.091309> ... Lifespan: Set to 30 minutes.
[AirdropContainerFall] Loot Spawned [21] KOD_M16A4 @ <10006.301758, 52.931980, 2501.419678> ... Lifespan: Set to 30 minutes.
[AirdropContainerFall] Loot Spawned [22] BakedBeansCan @ <10004.140625, 53.074123, 2506.008301> ... Lifespan: Set to 30 minutes.
[AirdropContainerFall] Loot Spawned [23] PowderedMilk @ <10003.475586, 53.252541, 2503.418457> ... Lifespan: Set to 30 minutes.
[AirdropContainerFall] Loot Spawned [24] BakedBeansCan @ <10009.379883, 52.544533, 2501.976318> ... Lifespan: Set to 30 minutes.
[AirdropContainerFall] Loot Spawned [25] Rice @ <10005.713867, 52.894409, 2505.194336> ... Lifespan: Set to 30 minutes.
[AirdropContainerFall] Loot Spawned [26] Pear @ <10003.362305, 53.307411, 2501.973877> ... Lifespan: Set to 30 minutes.
[AirdropContainerFall] Loot Spawned [27] SodaCan_Cola @ <10004.953125, 53.095928, 2501.317139> ... Lifespan: Set to 30 minutes.
[AirdropContainerFall] Loot Spawned [28] AKM @ <10006.968750, 52.843285, 2501.775879> ... Lifespan: Set to 30 minutes.
[AirdropContainerFall] Loot Spawned [29] SodaCan_Kvass @ <10004.046875, 53.189709, 2502.689697> ... Lifespan: Set to 30 minutes.
[AirdropContainerUnstuck] Container was unstuck.
[~AirdropContainerBase] Container Destroyed on 2021-04-22 @ 09-55-57
