[AirdropBase] Base class created & settings loaded.
[2021-03-26 @ 18-27-11] ----------------------------------------------------------------------------------------------------
[EOnCallAirdrop] Drop zone asigned: Krasnostav Airstrip <12160.000000, 0.000000, 12645.000000>
[EOnCallAirdrop] Drop zone offset to: <12149.726563, 2438.000000, 12624.525391>
[EOnCallAirdrop] Aircraft spawn point: <3058.278076, 2438.000000, 16360.000000>
[EOnCallAirdrop] Aircraft bearing ... Angle/Bearing: 2.75407° / 292.204°, Text: 'West (292°)'
[EOnCallAirdrop] Aircraft has been dispatched to 'Krasnostav Airstrip' from the West (292°).
[2021-03-26 @ 18-52-30] ----------------------------------------------------------------------------------------------------
[EOnCallAirdrop] Drop zone asigned: Novaya Petrovka <3100.000000, 0.000000, 12840.000000>
[EOnCallAirdrop] Drop zone offset to: <3104.542969, 2438.000000, 12863.820313>
[EOnCallAirdrop] Aircraft spawn point: <16360.000000, 2438.000000, 15256.954102>
[EOnCallAirdrop] Aircraft bearing ... Angle/Bearing: 0.180295° / 79.6699°, Text: 'East (80°)'
[EOnCallAirdrop] Aircraft has been dispatched to 'Novaya Petrovka' from the East (80°).
[2021-03-26 @ 19-17-50] ----------------------------------------------------------------------------------------------------
[EOnCallAirdrop] Drop zone asigned: Balota Airstrip <5025.000000, 0.000000, 2455.000000>
[EOnCallAirdrop] Drop zone offset to: <5054.656738, 2438.000000, 2474.677002>
[EOnCallAirdrop] Aircraft spawn point: <3850.331055, 2438.000000, -1000.000000>
[EOnCallAirdrop] Aircraft bearing ... Angle/Bearing: -1.89853° / 198.778°, Text: 'South (199°)'
[EOnCallAirdrop] Aircraft has been dispatched to 'Balota Airstrip' from the South (199°).
[2021-03-26 @ 19-43-09] ----------------------------------------------------------------------------------------------------
[EOnCallAirdrop] Drop zone asigned: Chernogorsk <7400.000000, 0.000000, 3500.000000>
[EOnCallAirdrop] Drop zone offset to: <7368.527832, 2438.000000, 3552.115723>
[EOnCallAirdrop] Aircraft spawn point: <16360.000000, 2438.000000, 16257.748047>
[EOnCallAirdrop] Aircraft bearing ... Angle/Bearing: 0.958516° / 35.0811°, Text: 'North/East (35°)'
[EOnCallAirdrop] Aircraft has been dispatched to 'Chernogorsk' from the North/East (35°).
[2021-03-26 @ 20-08-27] ----------------------------------------------------------------------------------------------------
[EOnCallAirdrop] Drop zone asigned: Elektrozavodsk <10050.000000, 0.000000, 2450.000000>
[EOnCallAirdrop] Drop zone offset to: <10110.130859, 2438.000000, 2465.898438>
[EOnCallAirdrop] Aircraft spawn point: <-1000.000000, 2438.000000, 2469.139160>
[EOnCallAirdrop] Aircraft bearing ... Angle/Bearing: 3.13986° / 270.099°, Text: 'West (270°)'
[EOnCallAirdrop] Aircraft has been dispatched to 'Elektrozavodsk' from the West (270°).
[2021-03-26 @ 20-33-47] ----------------------------------------------------------------------------------------------------
[EOnCallAirdrop] Drop zone asigned: Berezino <12450.000000, 0.000000, 9250.000000>
[EOnCallAirdrop] Drop zone offset to: <12503.353516, 2438.000000, 9327.642578>
[EOnCallAirdrop] Aircraft spawn point: <16360.000000, 2438.000000, 5237.351074>
[EOnCallAirdrop] Aircraft bearing ... Angle/Bearing: -0.798354° / 135.742°, Text: 'South/East (136°)'
[EOnCallAirdrop] Aircraft has been dispatched to 'Berezino' from the South/East (136°).
[2021-03-26 @ 20-59-08] ----------------------------------------------------------------------------------------------------
[EOnCallAirdrop] Drop zone asigned: Gorka <8775.000000, 0.000000, 9200.000000>
[EOnCallAirdrop] Drop zone offset to: <8766.397461, 2438.000000, 9265.971680>
[EOnCallAirdrop] Aircraft spawn point: <16360.000000, 2438.000000, 14660.926758>
[EOnCallAirdrop] Aircraft bearing ... Angle/Bearing: 0.623999° / 54.2475°, Text: 'North/East (54°)'
[EOnCallAirdrop] Aircraft has been dispatched to 'Gorka' from the North/East (54°).
[2021-03-26 @ 21-24-27] ----------------------------------------------------------------------------------------------------
[EOnCallAirdrop] Drop zone asigned: Berezino <12450.000000, 0.000000, 9250.000000>
[EOnCallAirdrop] Drop zone offset to: <12362.034180, 2438.000000, 9279.991211>
[EOnCallAirdrop] Aircraft spawn point: <-1000.000000, 2438.000000, 6727.152344>
[EOnCallAirdrop] Aircraft bearing ... Angle/Bearing: -2.95617° / 259.376°, Text: 'West (259°)'
[EOnCallAirdrop] Aircraft has been dispatched to 'Berezino' from the West (259°).
[2021-03-26 @ 21-49-45] ----------------------------------------------------------------------------------------------------
[EOnCallAirdrop] Drop zone asigned: Veresnik <4000.000000, 0.000000, 7850.000000>
[EOnCallAirdrop] Drop zone offset to: <4039.389893, 2438.000000, 7771.584473>
[EOnCallAirdrop] Aircraft spawn point: <1394.172241, 2438.000000, -1000.000000>
[EOnCallAirdrop] Aircraft bearing ... Angle/Bearing: -1.85715° / 196.407°, Text: 'South (196°)'
[EOnCallAirdrop] Aircraft has been dispatched to 'Veresnik' from the South (196°).
