[AirdropPlane] Aircraft created on 2021-03-18 @ 20-33-30
[InitializeAircraft] Aircraft Initialized: Chernogorsk @ 7400/3500 (true)
[EOnBeforeDrop] The Aircraft is 1 Km from Chernogorsk. @ <6621.076172, 152.062561, 2219.836670>
[EOnDrop] Zombie Spawned [1] ZmbF_MechanicNormal_Green @ <7344.562988, 10.771616, 3461.564697> ... Lifespan:  Set to 30 minutes.
[EOnDrop] Zombie Spawned [2] ZmbF_MechanicNormal_Beige @ <7338.990723, 11.242018, 3469.147461> ... Lifespan:  Set to 30 minutes.
[EOnDrop] Zombie Spawned [3] ZmbF_BlueCollarFat_Blue @ <7341.436035, 10.309839, 3449.554688> ... Lifespan:  Set to 30 minutes.
[EOnDrop] Zombie Spawned [4] ZmbM_HandymanNormal_Grey @ <7366.851074, 7.971975, 3405.025635> ... Lifespan:  Set to 30 minutes.
[EOnDrop] Zombie Spawned [5] ZmbM_OffshoreWorker_Orange @ <7362.017578, 9.772647, 3485.807373> ... Lifespan:  Set to 30 minutes.
[EOnDrop] Zombie Spawned [6] ZmbF_BlueCollarFat_Red @ <7374.524414, 10.018360, 3447.744629> ... Lifespan:  Set to 30 minutes.
[EOnDrop] Zombie Spawned [7] ZmbM_OffshoreWorker_Orange @ <7361.919922, 9.800214, 3490.031494> ... Lifespan:  Set to 30 minutes.
[EOnDrop] Zombie Spawned [8] ZmbM_HandymanNormal_Green @ <7359.619629, 9.939582, 3479.667725> ... Lifespan:  Set to 30 minutes.
[EOnDrop] Zombie Spawned [9] ZmbM_OffshoreWorker_Orange @ <7407.729004, 8.690548, 3419.883301> ... Lifespan:  Set to 30 minutes.
[EOnDrop] Zombie Spawned [10] ZmbF_BlueCollarFat_Green @ <7341.672852, 10.431940, 3451.852295> ... Lifespan:  Set to 30 minutes.
[EOnDrop] Zombie Spawned [11] ZmbF_MechanicNormal_Green @ <7354.377930, 10.318951, 3483.136963> ... Lifespan:  Set to 30 minutes.
[EOnDrop] Zombie Spawned [12] ZmbM_HandymanNormal_Blue @ <7386.796387, 9.179801, 3457.940674> ... Lifespan:  Set to 30 minutes.
[EOnDrop] Zombie Spawned [13] ZmbM_HandymanNormal_Green @ <7339.164551, 9.383245, 3425.141602> ... Lifespan:  Set to 30 minutes.
[EOnDrop] Zombie Spawned [14] ZmbM_ConstrWorkerNormal_Green @ <7337.638184, 11.365190, 3477.789063> ... Lifespan:  Set to 30 minutes.
[EOnDrop] Zombie Spawned [15] ZmbF_BlueCollarFat_Blue @ <7397.048340, 9.468763, 3433.781738> ... Lifespan:  Set to 30 minutes.
[EOnDrop] Zombie Spawned [16] ZmbM_HandymanNormal_Grey @ <7397.747559, 9.367762, 3440.601563> ... Lifespan:  Set to 30 minutes.
[EOnDrop] Zombie Spawned [17] ZmbF_BlueCollarFat_White @ <7385.984863, 9.489958, 3453.180420> ... Lifespan:  Set to 30 minutes.
[EOnDrop] Zombie Spawned [18] ZmbF_MechanicNormal_Beige @ <7355.734863, 10.001096, 3449.348145> ... Lifespan:  Set to 30 minutes.
[EOnDrop] Zombie Spawned [19] ZmbF_MechanicNormal_Orange @ <7326.328613, 10.309456, 3438.316162> ... Lifespan:  Set to 30 minutes.
[EOnDrop] Zombie Spawned [20] ZmbM_MechanicSkinny_Blue @ <7365.316895, 9.760436, 3459.209473> ... Lifespan:  Set to 30 minutes.
[EOnDrop] Zombie Spawned [21] ZmbM_OffshoreWorker_Red @ <7336.801758, 9.850360, 3431.845703> ... Lifespan:  Set to 30 minutes.
[EOnDrop] Zombie Spawned [22] ZmbF_BlueCollarFat_White @ <7358.735352, 10.013993, 3446.354736> ... Lifespan:  Set to 30 minutes.
[EOnDrop] Zombie Spawned [23] ZmbF_BlueCollarFat_White @ <7338.707031, 10.055761, 3436.968262> ... Lifespan:  Set to 30 minutes.
[EOnDrop] Zombie Spawned [24] ZmbM_HandymanNormal_Blue @ <7387.201660, 9.814112, 3444.905762> ... Lifespan:  Set to 30 minutes.
[EOnDrop] Zombie Spawned [25] ZmbM_ConstrWorkerNormal_Beige @ <7382.894043, 9.599446, 3453.250244> ... Lifespan:  Set to 30 minutes.
[EOnDrop] Zombie Spawned [26] ZmbF_BlueCollarFat_Blue @ <7332.177246, 10.926450, 3453.393066> ... Lifespan:  Set to 30 minutes.
[EOnDrop] Zombie Spawned [27] ZmbM_MechanicSkinny_Red @ <7364.420410, 10.078377, 3432.568848> ... Lifespan:  Set to 30 minutes.
[EOnDrop] Zombie Spawned [28] ZmbM_MechanicSkinny_Red @ <7395.402344, 9.400987, 3422.558105> ... Lifespan:  Set to 30 minutes.
[EOnDrop] Zombie Spawned [29] ZmbM_OffshoreWorker_Yellow @ <7353.991211, 10.341831, 3467.366455> ... Lifespan:  Set to 30 minutes.
[EOnDrop] Zombie Spawned [30] ZmbM_HandymanNormal_Green @ <7365.993164, 10.148018, 3439.137451> ... Lifespan:  Set to 30 minutes.
[EOnDrop] Drop spawned with 30 infected at <7367.619141, 149.113235, 3445.729248>.
[EOnDrop] Supplies have been dropped near Chernogorsk.
[EOnBeforeDelete] Aircraft despawned @ <15229.986328, 247.935135, 16361.485352>
[~AirdropPlane] Aircraft destroyed.
