[AirdropPlane] Aircraft created on 2021-03-14 @ 02-52-17
[InitializeAircraft] Aircraft Initialized: Northwest Airfield @ 4500/10350 (true)
[EOnBeforeDrop] The Aircraft is 1 Km from Northwest Airfield. @ <3314.562500, 433.030579, 11267.734375>
[EOnDrop] Zombie Spawned [1] ZmbM_PatrolNormal_PautRev @ <4424.702148, 339.563873, 10350.531250> ... Lifespan:  Set to 60 minutes.
[EOnDrop] Zombie Spawned [2] ZmbM_SoldierNormal @ <4463.510742, 341.768127, 10367.125000> ... Lifespan:  Set to 60 minutes.
[EOnDrop] Zombie Spawned [3] ZmbM_PatrolNormal_Summer @ <4454.049316, 342.419006, 10413.719727> ... Lifespan:  Set to 60 minutes.
[EOnDrop] Zombie Spawned [4] ZmbM_SoldierNormal @ <4427.439941, 341.193207, 10398.128906> ... Lifespan:  Set to 60 minutes.
[EOnDrop] Zombie Spawned [5] ZmbM_PatrolNormal_Autumn @ <4452.171875, 341.595734, 10390.752930> ... Lifespan:  Set to 60 minutes.
[EOnDrop] Zombie Spawned [6] ZmbM_PatrolNormal_PautRev @ <4435.999023, 341.816711, 10421.162109> ... Lifespan:  Set to 60 minutes.
[EOnDrop] Zombie Spawned [7] ZmbM_SoldierNormal @ <4400.435547, 340.436340, 10416.044922> ... Lifespan:  Set to 60 minutes.
[EOnDrop] Zombie Spawned [8] ZmbM_PatrolNormal_PautRev @ <4450.941895, 341.151428, 10372.671875> ... Lifespan:  Set to 60 minutes.
[EOnDrop] Zombie Spawned [9] ZmbM_PatrolNormal_PautRev @ <4419.610840, 341.360718, 10416.924805> ... Lifespan:  Set to 60 minutes.
[EOnDrop] Zombie Spawned [10] ZmbM_SoldierNormal @ <4431.712402, 342.462280, 10441.790039> ... Lifespan:  Set to 60 minutes.
[EOnDrop] Zombie Spawned [11] ZmbM_PatrolNormal_Summer @ <4447.844727, 342.349091, 10416.530273> ... Lifespan:  Set to 60 minutes.
[EOnDrop] Zombie Spawned [12] ZmbM_PatrolNormal_Flat @ <4395.030762, 339.544128, 10400.453125> ... Lifespan:  Set to 60 minutes.
[EOnDrop] Zombie Spawned [13] ZmbM_PatrolNormal_PautRev @ <4425.828125, 339.833862, 10357.723633> ... Lifespan:  Set to 60 minutes.
[EOnDrop] Zombie Spawned [14] ZmbM_SoldierNormal @ <4415.989746, 341.170441, 10412.619141> ... Lifespan:  Set to 60 minutes.
[EOnDrop] Zombie Spawned [15] ZmbM_PatrolNormal_PautRev @ <4438.532227, 341.180267, 10393.101563> ... Lifespan:  Set to 60 minutes.
[EOnDrop] Zombie Spawned [16] ZmbM_PatrolNormal_Flat @ <4429.377441, 340.734161, 10385.567383> ... Lifespan:  Set to 60 minutes.
[EOnDrop] Zombie Spawned [17] ZmbM_PatrolNormal_Summer @ <4443.322754, 342.640503, 10437.591797> ... Lifespan:  Set to 60 minutes.
[EOnDrop] Zombie Spawned [18] ZmbM_PatrolNormal_Flat @ <4475.474121, 342.487915, 10410.254883> ... Lifespan:  Set to 60 minutes.
[EOnDrop] Zombie Spawned [19] ZmbM_SoldierNormal @ <4406.300293, 340.549591, 10407.620117> ... Lifespan:  Set to 60 minutes.
[EOnDrop] Zombie Spawned [20] ZmbM_PatrolNormal_Flat @ <4427.624512, 341.201782, 10399.647461> ... Lifespan:  Set to 60 minutes.
[EOnDrop] Zombie Spawned [21] ZmbM_PatrolNormal_PautRev @ <4465.796387, 341.800079, 10384.909180> ... Lifespan:  Set to 60 minutes.
[EOnDrop] Zombie Spawned [22] ZmbM_PatrolNormal_Flat @ <4417.418945, 340.164673, 10383.026367> ... Lifespan:  Set to 60 minutes.
[EOnDrop] Zombie Spawned [23] ZmbM_PatrolNormal_PautRev @ <4471.041992, 342.517426, 10409.122070> ... Lifespan:  Set to 60 minutes.
[EOnDrop] Zombie Spawned [24] ZmbM_PatrolNormal_Autumn @ <4461.945313, 342.668579, 10422.373047> ... Lifespan:  Set to 60 minutes.
[EOnDrop] Zombie Spawned [25] ZmbM_PatrolNormal_Flat @ <4419.692871, 339.517548, 10353.531250> ... Lifespan:  Set to 60 minutes.
[EOnDrop] Drop spawned with 25 infected at <4437.015625, 481.375641, 10398.046875>.
[EOnDrop] Supplies have been dropped near Northwest Airfield.
[EOnBeforeDelete] Aircraft despawned @ <16361.317383, 152.000610, 1160.587158>
[~AirdropPlane] Aircraft destroyed.
