[InitializeContainer] Container created on 2021-03-30 @ 00-51-14
[InitializeContainer] Winds: Vector <10.822495, 0.000000, -0.606950>, Speed 10.8395mps, Strength 0.1
[AirdropContainerFall] Drop Type 'Military East', Container: 'AirdropContainer_Military', Mode/Quantity/Iems: Random/20/33, Flare:  10%
[AirdropContainerFall] Loot Spawned [1] AK_PlasticBttstck @ <3179.574707, 203.519547, 12866.647461> ... Lifespan: Set to 30 minutes.
[AirdropContainerFall] Loot Spawned [2] AK_PlasticBttstck @ <3181.501465, 203.455444, 12868.215820> ... Lifespan: Set to 30 minutes.
[AirdropContainerFall] Loot Spawned [3] AK101 @ <3175.997803, 203.656509, 12866.390625> ... Lifespan: Set to 30 minutes.
[AirdropContainerFall] Loot Spawned [4] AKM @ <3176.510742, 203.645081, 12867.970703> ... Lifespan: Set to 30 minutes.
[AirdropContainerFall] Loot Spawned [5] TacticalBaconCan @ <3178.245117, 203.563538, 12865.257813> ... Lifespan: Set to 30 minutes.
[AirdropContainerFall] Loot Spawned [6] AK_PlasticBttstck @ <3180.686035, 203.491180, 12869.210938> ... Lifespan: Set to 30 minutes.
[AirdropContainerFall] Loot Spawned [7] GorkaEJacket_PautRev @ <3176.590820, 203.628693, 12865.474609> ... Lifespan: Set to 30 minutes.
[AirdropContainerFall] Loot Spawned [8] WeaponCleaningKit @ <3181.084473, 203.469193, 12867.875977> ... Lifespan: Set to 30 minutes.
[AirdropContainerFall] Loot Spawned [9] GorkaEJacket_Flat @ <3176.041016, 203.663620, 12868.042969> ... Lifespan: Set to 30 minutes.
[AirdropContainerFall] Loot Spawned [10] AK_PlasticBttstck @ <3178.550781, 203.551331, 12865.181641> ... Lifespan: Set to 30 minutes.
[AirdropContainerFall] Loot Spawned [11] TacticalGloves_Beige @ <3180.592041, 203.493423, 12868.972656> ... Lifespan: Set to 30 minutes.
[AirdropContainerFall] Loot Spawned [12] UniversalLight @ <3178.879395, 203.566544, 12870.414063> ... Lifespan: Set to 30 minutes.
[AirdropContainerFall] Loot Spawned [13] KOD_M16A4 @ <3178.072754, 203.567505, 12864.750977> ... Lifespan: Set to 30 minutes.
[AirdropContainerFall] Loot Spawned [14] Mag_AKM_30Rnd @ <3180.495361, 203.494308, 12868.460938> ... Lifespan: Set to 30 minutes.
[AirdropContainerFall] Loot Spawned [15] TacticalGloves_Green @ <3175.302734, 203.694382, 12868.458008> ... Lifespan: Set to 30 minutes.
[AirdropContainerFall] Loot Spawned [16] Canteen @ <3176.072998, 203.653976, 12866.462891> ... Lifespan: Set to 30 minutes.
[AirdropContainerFall] Loot Spawned [17] WeaponCleaningKit @ <3177.617676, 203.608749, 12869.184570> ... Lifespan: Set to 30 minutes.
[AirdropContainerFall] Loot Spawned [18] TacticalGloves_Green @ <3179.560791, 203.519058, 12866.455078> ... Lifespan: Set to 30 minutes.
[AirdropContainerFall] Loot Spawned [19] KOD_M16A4 @ <3175.593506, 203.688278, 12869.418945> ... Lifespan: Set to 30 minutes.
[AirdropContainerFall] Loot Spawned [20] TTSKOPants @ <3179.405518, 203.543961, 12869.997070> ... Lifespan: Set to 30 minutes.
[AirdropContainerUnstuck] Container was unstuck.
