[AirdropPlane] Aircraft created on 2021-04-10 @ 15-33-02
[InitializeAircraft] Aircraft Initialized: Myshkino @ 1900/7600 (true)
[EOnBeforeDrop] The Aircraft is 1 Km from Myshkino. @ <2811.059082, 432.609222, 8790.576172>
[EOnDrop] Zombie Spawned [1] ZmbF_MilkMaidOld_Green @ <1942.000732, 293.483063, 7701.271484> ... Lifespan:  Set to 30 minutes.
[EOnDrop] Zombie Spawned [2] ZmbF_HikerSkinny_Red @ <1968.695313, 288.937012, 7627.793457> ... Lifespan:  Set to 30 minutes.
[EOnDrop] Zombie Spawned [3] ZmbF_VillagerOld_Red @ <1950.864258, 288.280945, 7662.849121> ... Lifespan:  Set to 30 minutes.
[EOnDrop] Zombie Spawned [4] ZmbF_MilkMaidOld_Green @ <1976.244873, 291.550995, 7661.607422> ... Lifespan:  Set to 30 minutes.
[EOnDrop] Zombie Spawned [5] ZmbM_HunterOld_Spring @ <1953.428589, 289.310394, 7665.729980> ... Lifespan:  Set to 30 minutes.
[EOnDrop] Zombie Spawned [6] ZmbF_SurvivorNormal_Red @ <1944.987671, 292.991089, 7693.706055> ... Lifespan:  Set to 30 minutes.
[EOnDrop] Zombie Spawned [7] ZmbM_HunterOld_Autumn @ <1922.052246, 281.124786, 7658.527832> ... Lifespan:  Set to 30 minutes.
[EOnDrop] Zombie Spawned [8] ZmbM_MotobikerFat_Black @ <1939.117188, 282.575867, 7628.770996> ... Lifespan:  Set to 30 minutes.
[EOnDrop] Zombie Spawned [9] ZmbM_HermitSkinny_Green @ <1933.622925, 284.269226, 7653.189941> ... Lifespan:  Set to 30 minutes.
[EOnDrop] Zombie Spawned [10] ZmbM_HunterOld_Autumn @ <1947.657227, 287.960114, 7664.400879> ... Lifespan:  Set to 30 minutes.
[EOnDrop] Zombie Spawned [11] ZmbM_VillagerOld_White @ <1930.156860, 285.417053, 7676.392578> ... Lifespan:  Set to 30 minutes.
[EOnDrop] Zombie Spawned [12] ZmbM_VillagerOld_Green @ <1958.259521, 288.330597, 7656.449707> ... Lifespan:  Set to 30 minutes.
[EOnDrop] Zombie Spawned [13] ZmbF_SurvivorNormal_Blue @ <1972.640625, 289.465759, 7637.361816> ... Lifespan:  Set to 30 minutes.
[EOnDrop] Zombie Spawned [14] ZmbF_SurvivorNormal_White @ <1990.706055, 294.573517, 7644.803711> ... Lifespan:  Set to 30 minutes.
[EOnDrop] Spawn failed for zombie [15] 'ZmbM_SurvivorDean_Grey', it does not exist in DayZ!
[EOnDrop] Drop spawned with 15 infected at <1956.125000, 457.911072, 7671.337891>.
[EOnDrop] Supplies have been dropped near Myshkino.
[EOnBeforeDelete] Aircraft despawned @ <-1000.989563, 291.586060, 3800.047363>
[~AirdropPlane] Aircraft destroyed.
