[AirdropBase] Base class created & settings loaded.
[2021-04-16 @ 09-26-46] ----------------------------------------------------------------------------------------------------
[EOnCallAirdrop] Drop zone asigned: Veresnik <4000.000000, 0.000000, 7850.000000>
[EOnCallAirdrop] Drop zone offset to: <4011.847168, 2438.000000, 7870.036133>
[EOnCallAirdrop] Aircraft spawn point: <-988.874146, 2438.000000, 16360.000000>
[EOnCallAirdrop] Aircraft bearing ... Angle/Bearing: 2.10103° / 329.62°, Text: 'North/West (330°)'
[EOnCallAirdrop] Aircraft has been dispatched to 'Veresnik' from the North/West (330°).
[2021-04-16 @ 10-17-24] ----------------------------------------------------------------------------------------------------
[EOnCallAirdrop] Drop zone asigned: Novaya Petrovka <3100.000000, 0.000000, 12840.000000>
[EOnCallAirdrop] Drop zone offset to: <3107.447510, 2438.000000, 12923.521484>
[EOnCallAirdrop] Aircraft spawn point: <-1000.000000, 2438.000000, 10053.774414>
[EOnCallAirdrop] Aircraft bearing ... Angle/Bearing: -2.54471° / 235.801°, Text: 'South/West (236°)'
[EOnCallAirdrop] Aircraft has been dispatched to 'Novaya Petrovka' from the South/West (236°).
[2021-04-16 @ 10-42-43] ----------------------------------------------------------------------------------------------------
[EOnCallAirdrop] Drop zone asigned: Novodmitrovsk <11475.000000, 0.000000, 14356.000000>
[EOnCallAirdrop] Drop zone offset to: <11452.055664, 2438.000000, 14344.041992>
[EOnCallAirdrop] Aircraft spawn point: <16360.000000, 2438.000000, 14053.245117>
[EOnCallAirdrop] Aircraft bearing ... Angle/Bearing: -0.0618973° / 93.5465°, Text: 'East (94°)'
[EOnCallAirdrop] Aircraft has been dispatched to 'Novodmitrovsk' from the East (94°).
[2021-04-16 @ 11-08-02] ----------------------------------------------------------------------------------------------------
[EOnCallAirdrop] Drop zone asigned: Zelenogorks <1875.000000, 0.000000, 5210.000000>
[EOnCallAirdrop] Drop zone offset to: <1959.476318, 2438.000000, 5262.930176>
[EOnCallAirdrop] Aircraft spawn point: <5384.635742, 2438.000000, -1000.000000>
[EOnCallAirdrop] Aircraft bearing ... Angle/Bearing: -1.05639° / 150.527°, Text: 'South/East (151°)'
[EOnCallAirdrop] Aircraft has been dispatched to 'Zelenogorks' from the South/East (151°).
[2021-04-16 @ 12-49-18] ----------------------------------------------------------------------------------------------------
[EOnCallAirdrop] Drop zone asigned: Novodmitrovsk <11475.000000, 0.000000, 14356.000000>
[EOnCallAirdrop] Drop zone offset to: <11440.007813, 2438.000000, 14286.031250>
[EOnCallAirdrop] Aircraft spawn point: <1939.337769, 2438.000000, -1000.000000>
[EOnCallAirdrop] Aircraft bearing ... Angle/Bearing: -2.12649° / 211.839°, Text: 'South/West (212°)'
[EOnCallAirdrop] Aircraft has been dispatched to 'Novodmitrovsk' from the South/West (212°).
