[AirdropPlane] Aircraft created on 2021-04-08 @ 14-17-33
[InitializeAircraft] Aircraft Initialized: Northwest Airfield @ 4500/10350 (true)
[EOnBeforeDrop] The Aircraft is 1 Km from Northwest Airfield. @ <4208.561523, 471.560822, 8879.205078>
[EOnDrop] Zombie Spawned [1] ZmbM_PatrolNormal_PautRev @ <4485.503418, 339.500000, 10228.992188> ... Lifespan:  Set to 30 minutes.
[EOnDrop] Zombie Spawned [2] ZmbM_PatrolNormal_Flat @ <4478.134277, 339.974304, 10270.682617> ... Lifespan:  Set to 30 minutes.
[EOnDrop] Zombie Spawned [3] ZmbM_SoldierNormal @ <4531.796875, 342.312073, 10266.720703> ... Lifespan:  Set to 30 minutes.
[EOnDrop] Zombie Spawned [4] ZmbM_SoldierNormal @ <4480.256836, 339.522064, 10254.090820> ... Lifespan:  Set to 30 minutes.
[EOnDrop] Zombie Spawned [5] ZmbM_PatrolNormal_Autumn @ <4486.696289, 339.500000, 10234.079102> ... Lifespan:  Set to 30 minutes.
[EOnDrop] Zombie Spawned [6] ZmbM_SoldierNormal @ <4467.753906, 339.500000, 10238.712891> ... Lifespan:  Set to 30 minutes.
[EOnDrop] Zombie Spawned [7] ZmbM_PatrolNormal_Autumn @ <4480.700684, 340.423431, 10273.481445> ... Lifespan:  Set to 30 minutes.
[EOnDrop] Zombie Spawned [8] ZmbM_SoldierNormal @ <4476.757813, 339.500000, 10252.696289> ... Lifespan:  Set to 30 minutes.
[EOnDrop] Zombie Spawned [9] ZmbM_PatrolNormal_PautRev @ <4454.276855, 339.500000, 10268.846680> ... Lifespan:  Set to 30 minutes.
[EOnDrop] Zombie Spawned [10] ZmbM_PatrolNormal_Summer @ <4513.872070, 341.368591, 10252.868164> ... Lifespan:  Set to 30 minutes.
[EOnDrop] Zombie Spawned [11] ZmbM_PatrolNormal_PautRev @ <4499.934570, 340.686768, 10241.975586> ... Lifespan:  Set to 30 minutes.
[EOnDrop] Zombie Spawned [12] ZmbM_PatrolNormal_Summer @ <4465.303711, 339.500000, 10261.628906> ... Lifespan:  Set to 30 minutes.
[EOnDrop] Zombie Spawned [13] ZmbM_PatrolNormal_Summer @ <4508.330566, 341.219269, 10240.142578> ... Lifespan:  Set to 30 minutes.
[EOnDrop] Zombie Spawned [14] ZmbM_PatrolNormal_Autumn @ <4481.579590, 339.561523, 10256.752930> ... Lifespan:  Set to 30 minutes.
[EOnDrop] Zombie Spawned [15] ZmbM_PatrolNormal_Summer @ <4504.346191, 341.520996, 10272.352539> ... Lifespan:  Set to 30 minutes.
[EOnDrop] Zombie Spawned [16] ZmbM_PatrolNormal_PautRev @ <4487.127930, 339.522705, 10240.200195> ... Lifespan:  Set to 30 minutes.
[EOnDrop] Zombie Spawned [17] ZmbM_PatrolNormal_PautRev @ <4488.818848, 340.980774, 10273.459961> ... Lifespan:  Set to 30 minutes.
[EOnDrop] Zombie Spawned [18] ZmbM_PatrolNormal_Summer @ <4485.264160, 341.062134, 10289.630859> ... Lifespan:  Set to 30 minutes.
[EOnDrop] Zombie Spawned [19] ZmbM_PatrolNormal_Autumn @ <4482.708008, 339.587891, 10256.124023> ... Lifespan:  Set to 30 minutes.
[EOnDrop] Zombie Spawned [20] ZmbM_SoldierNormal @ <4451.468262, 339.500000, 10290.207031> ... Lifespan:  Set to 30 minutes.
[EOnDrop] Zombie Spawned [21] ZmbM_PatrolNormal_Summer @ <4487.019043, 340.974091, 10281.783203> ... Lifespan:  Set to 30 minutes.
[EOnDrop] Zombie Spawned [22] ZmbM_PatrolNormal_Flat @ <4513.902832, 340.899506, 10225.022461> ... Lifespan:  Set to 30 minutes.
[EOnDrop] Zombie Spawned [23] ZmbM_PatrolNormal_Autumn @ <4456.186523, 339.500000, 10274.867188> ... Lifespan:  Set to 30 minutes.
[EOnDrop] Zombie Spawned [24] ZmbM_PatrolNormal_Autumn @ <4476.905273, 340.209991, 10276.645508> ... Lifespan:  Set to 30 minutes.
[EOnDrop] Zombie Spawned [25] ZmbM_SoldierNormal @ <4472.851074, 339.500000, 10225.399414> ... Lifespan:  Set to 30 minutes.
[EOnDrop] Drop spawned with 25 infected at <4481.972656, 481.019073, 10262.679688>.
[EOnDrop] Supplies have been dropped near Northwest Airfield.
[EOnBeforeDelete] Aircraft despawned @ <5687.076172, 555.674866, 16360.566406>
[~AirdropPlane] Aircraft destroyed.
