[InitializeContainer] Container created on 2021-04-29 @ 18-04-41
[InitializeContainer] Winds: Vector <11.339664, 0.000000, 3.325331>, Speed 11.8172mps, Strength 0.1
[AirdropContainerFall] Drop Type 'Misc. Food', Container: 'RANDOM', Mode/Quantity/Iems: Random/20/26, Flare:  10%
[AirdropContainerFall] Loot Spawned [1] Apple @ <13507.283203, 17.240103, 3023.230225> ... Lifespan: Set to 60 minutes.
[AirdropContainerFall] Loot Spawned [2] GreenBellPepper @ <13509.896484, 18.326384, 3023.888184> ... Lifespan: Set to 60 minutes.
[AirdropContainerFall] Loot Spawned [3] SambucusBerry @ <13510.606445, 18.661453, 3024.448975> ... Lifespan: Set to 60 minutes.
[AirdropContainerFall] Loot Spawned [4] SodaCan_Cola @ <13512.821289, 19.323473, 3022.698730> ... Lifespan: Set to 60 minutes.
[AirdropContainerFall] Loot Spawned [5] Canteen @ <13511.638672, 18.509325, 3019.897217> ... Lifespan: Set to 60 minutes.
[AirdropContainerFall] Loot Spawned [6] TacticalBaconCan @ <13509.336914, 18.226070, 3024.942139> ... Lifespan: Set to 60 minutes.
[AirdropContainerFall] Loot Spawned [7] Pumpkin @ <13508.382813, 17.451763, 3019.884033> ... Lifespan: Set to 60 minutes.
[AirdropContainerFall] Loot Spawned [8] SodaCan_Kvass @ <13513.045898, 19.464859, 3023.201416> ... Lifespan: Set to 60 minutes.
[AirdropContainerFall] Loot Spawned [9] Pear @ <13507.395508, 17.180725, 3020.737061> ... Lifespan: Set to 60 minutes.
[AirdropContainerFall] Loot Spawned [10] Lard @ <13512.043945, 18.978382, 3022.315674> ... Lifespan: Set to 60 minutes.
[AirdropContainerFall] Loot Spawned [11] SodaCan_Cola @ <13511.020508, 18.332207, 3020.368896> ... Lifespan: Set to 60 minutes.
[AirdropContainerFall] Loot Spawned [12] SodaCan_Pipsi @ <13512.462891, 19.258583, 3023.366943> ... Lifespan: Set to 60 minutes.
[AirdropContainerFall] Loot Spawned [13] Potato @ <13509.233398, 18.260954, 3025.625977> ... Lifespan: Set to 60 minutes.
[AirdropContainerFall] Loot Spawned [14] GreenBellPepper @ <13508.533203, 17.493473, 3019.957031> ... Lifespan: Set to 60 minutes.
[AirdropContainerFall] Loot Spawned [15] SodaCan_Kvass @ <13511.445313, 18.608770, 3021.241699> ... Lifespan: Set to 60 minutes.
[AirdropContainerFall] Loot Spawned [16] PeachesCan @ <13507.769531, 17.488276, 3023.718262> ... Lifespan: Set to 60 minutes.
[AirdropContainerFall] Loot Spawned [17] Lard @ <13512.244141, 19.145916, 3023.107422> ... Lifespan: Set to 60 minutes.
[AirdropContainerFall] Loot Spawned [18] SpaghettiCan @ <13509.888672, 18.330116, 3023.948242> ... Lifespan: Set to 60 minutes.
[AirdropContainerFall] Loot Spawned [19] TunaCan @ <13509.285156, 18.117554, 3024.130371> ... Lifespan: Set to 60 minutes.
[AirdropContainerFall] Loot Spawned [20] BoxCerealCrunchin @ <13507.932617, 17.343996, 3020.848877> ... Lifespan: Set to 60 minutes.
[AirdropContainerUnstuck] Container was unstuck.
[~AirdropContainerBase] Container Destroyed on 2021-04-29 @ 18-34-41
