[InitializeContainer] Container created on 2021-03-12 @ 09-27-30
[InitializeContainer] Winds: Vector <6.871819, 0.000000, -5.799336>, Speed 8.9919mps, Strength 0.1
[AirdropContainerFall] Drop Type 'Misc. Tools', Container: 'RANDOM', Mode/Quantity/Iems: Random/20/50, Flare:  10%
[AirdropContainerFall] Loot Spawned [1] Compass @ <8824.883789, 380.719727, 9128.947266> ... Lifespan: Set to 60 minutes.
[AirdropContainerFall] Loot Spawned [2] Shovel @ <8826.136719, 380.726807, 9129.609375> ... Lifespan: Set to 60 minutes.
[AirdropContainerFall] Loot Spawned [3] Whetstone @ <8825.917969, 380.776733, 9130.170898> ... Lifespan: Set to 60 minutes.
[AirdropContainerFall] Loot Spawned [4] Matchbox @ <8824.226563, 380.819427, 9129.976563> ... Lifespan: Set to 60 minutes.
[AirdropContainerFall] Loot Spawned [5] PortableGasStove @ <8826.586914, 380.886810, 9131.912109> ... Lifespan: Set to 60 minutes.
[AirdropContainerFall] Loot Spawned [6] BatteryCharger @ <8823.367188, 381.212341, 9134.783203> ... Lifespan: Set to 60 minutes.
[AirdropContainerFall] Loot Spawned [7] Chemlight_White @ <8827.312500, 380.819519, 9131.345703> ... Lifespan: Set to 60 minutes.
[AirdropContainerFall] Loot Spawned [8] Screwdriver @ <8822.347656, 381.179779, 9133.908203> ... Lifespan: Set to 60 minutes.
[AirdropContainerFall] Loot Spawned [9] Machete @ <8822.130859, 380.857452, 9129.512695> ... Lifespan: Set to 60 minutes.
[AirdropContainerFall] Loot Spawned [10] Heatpack @ <8826.061523, 380.848999, 9131.184570> ... Lifespan: Set to 60 minutes.
[AirdropContainerFall] Loot Spawned [11] LugWrench @ <8824.975586, 381.072510, 9133.649414> ... Lifespan: Set to 60 minutes.
[AirdropContainerFall] Loot Spawned [12] Rangefinder @ <8824.109375, 380.721771, 9128.614258> ... Lifespan: Set to 60 minutes.
[AirdropContainerFall] Loot Spawned [13] Machete @ <8826.859375, 380.992645, 9133.424805> ... Lifespan: Set to 60 minutes.
[AirdropContainerFall] Loot Spawned [14] Headtorch_Grey @ <8827.320313, 380.817841, 9131.326172> ... Lifespan: Set to 60 minutes.
[AirdropContainerFall] Loot Spawned [15] LeatherSewingKit @ <8823.909180, 381.147095, 9134.163086> ... Lifespan: Set to 60 minutes.
[AirdropContainerFall] Loot Spawned [16] Binoculars @ <8823.412109, 380.871277, 9130.292969> ... Lifespan: Set to 60 minutes.
[AirdropContainerFall] Loot Spawned [17] Chemlight_Yellow @ <8821.773438, 380.957581, 9130.688477> ... Lifespan: Set to 60 minutes.
[AirdropContainerFall] Loot Spawned [18] Chemlight_Yellow @ <8824.910156, 380.752106, 9129.392578> ... Lifespan: Set to 60 minutes.
[AirdropContainerFall] Loot Spawned [19] Machete @ <8822.774414, 380.808899, 9129.161133> ... Lifespan: Set to 60 minutes.
[AirdropContainerFall] Loot Spawned [20] WeaponCleaningKit @ <8823.447266, 380.828064, 9129.730469> ... Lifespan: Set to 60 minutes.
[AirdropContainerUnstuck] Container was unstuck.
[~AirdropContainerBase] Container Destroyed on 2021-03-12 @ 09-52-30
