[AirdropBase] Base class created & settings loaded.
[2021-04-29 @ 17-32-18] ----------------------------------------------------------------------------------------------------
[EOnCallAirdrop] Drop zone asigned: Chernogorsk <7400.000000, 0.000000, 3500.000000>
[EOnCallAirdrop] Drop zone offset to: <7459.395508, 2438.000000, 3421.302002>
[EOnCallAirdrop] Aircraft spawn point: <16360.000000, 2438.000000, 11166.887695>
[EOnCallAirdrop] Aircraft bearing ... Angle/Bearing: 0.707782° / 49.4471°, Text: 'North/East (49°)'
[EOnCallAirdrop] Aircraft has been dispatched to 'Chernogorsk' from the North/East (49°).
[2021-04-29 @ 18-02-45] ----------------------------------------------------------------------------------------------------
[EOnCallAirdrop] Drop zone asigned: Skalisty Island <13575.000000, 0.000000, 3055.000000>
[EOnCallAirdrop] Drop zone offset to: <13617.608398, 2438.000000, 3057.003174>
[EOnCallAirdrop] Aircraft spawn point: <5501.191895, 2438.000000, -1000.000000>
[EOnCallAirdrop] Aircraft bearing ... Angle/Bearing: -2.67615° / 243.332°, Text: 'South/West (243°)'
[EOnCallAirdrop] Aircraft has been dispatched to 'Skalisty Island' from the South/West (243°).
[2021-04-29 @ 18-33-11] ----------------------------------------------------------------------------------------------------
[EOnCallAirdrop] Drop zone asigned: Stary/Novy  <6600.000000, 0.000000, 7800.000000>
[EOnCallAirdrop] Drop zone offset to: <6682.698242, 2438.000000, 7848.860352>
[EOnCallAirdrop] Aircraft spawn point: <1439.205322, 2438.000000, 16360.000000>
[EOnCallAirdrop] Aircraft bearing ... Angle/Bearing: 2.11334° / 328.914°, Text: 'North/West (329°)'
[EOnCallAirdrop] Aircraft has been dispatched to 'Stary/Novy ' from the North/West (329°).
[2021-04-29 @ 19-03-37] ----------------------------------------------------------------------------------------------------
[EOnCallAirdrop] Drop zone asigned: Veresnik <4000.000000, 0.000000, 7850.000000>
[EOnCallAirdrop] Drop zone offset to: <4099.081055, 2438.000000, 7838.181152>
[EOnCallAirdrop] Aircraft spawn point: <-593.112610, 2438.000000, 16360.000000>
[EOnCallAirdrop] Aircraft bearing ... Angle/Bearing: 2.06572° / 331.643°, Text: 'North/West (332°)'
[EOnCallAirdrop] Aircraft has been dispatched to 'Veresnik' from the North/West (332°).
[2021-04-29 @ 19-34-03] ----------------------------------------------------------------------------------------------------
[EOnCallAirdrop] Drop zone asigned: Myshkino <1900.000000, 0.000000, 7600.000000>
[EOnCallAirdrop] Drop zone offset to: <1974.307251, 2438.000000, 7658.960938>
[EOnCallAirdrop] Aircraft spawn point: <-1000.000000, 2438.000000, 12402.383789>
[EOnCallAirdrop] Aircraft bearing ... Angle/Bearing: 2.11405° / 328.874°, Text: 'North/West (329°)'
[EOnCallAirdrop] Aircraft has been dispatched to 'Myshkino' from the North/West (329°).
[2021-04-29 @ 20-04-28] ----------------------------------------------------------------------------------------------------
[EOnCallAirdrop] Drop zone asigned: Berezino <12450.000000, 0.000000, 9250.000000>
[EOnCallAirdrop] Drop zone offset to: <12405.686523, 2438.000000, 9255.384766>
[EOnCallAirdrop] Aircraft spawn point: <6860.132324, 2438.000000, 16360.000000>
[EOnCallAirdrop] Aircraft bearing ... Angle/Bearing: 2.23706° / 321.826°, Text: 'North/West (322°)'
[EOnCallAirdrop] Aircraft has been dispatched to 'Berezino' from the North/West (322°).
[2021-04-29 @ 20-34-53] ----------------------------------------------------------------------------------------------------
[EOnCallAirdrop] Drop zone asigned: Zelenogorks <1875.000000, 0.000000, 5210.000000>
[EOnCallAirdrop] Drop zone offset to: <1873.135010, 2438.000000, 5159.199707>
[EOnCallAirdrop] Aircraft spawn point: <4450.066406, 2438.000000, 16360.000000>
[EOnCallAirdrop] Aircraft bearing ... Angle/Bearing: 1.34383° / 13.0043°, Text: 'North (13°)'
[EOnCallAirdrop] Aircraft has been dispatched to 'Zelenogorks' from the North (13°).
