[AirdropBase] Base class created & settings loaded.
[2021-04-13 @ 21-40-35] ----------------------------------------------------------------------------------------------------
[EOnCallAirdrop] Drop zone asigned: Gorka <8775.000000, 0.000000, 9200.000000>
[EOnCallAirdrop] Drop zone offset to: <8803.750977, 2438.000000, 9152.930664>
[EOnCallAirdrop] Aircraft spawn point: <16360.000000, 2438.000000, 7469.933594>
[EOnCallAirdrop] Aircraft bearing ... Angle/Bearing: -0.224254° / 102.849°, Text: 'East (103°)'
[EOnCallAirdrop] Aircraft has been dispatched to 'Gorka' from the East (103°).
[2021-04-13 @ 22-05-51] ----------------------------------------------------------------------------------------------------
[EOnCallAirdrop] Drop zone asigned: Elektrozavodsk <10050.000000, 0.000000, 2450.000000>
[EOnCallAirdrop] Drop zone offset to: <10097.604492, 2438.000000, 2490.448730>
[EOnCallAirdrop] Aircraft spawn point: <13319.469727, 2438.000000, -1000.000000>
[EOnCallAirdrop] Aircraft bearing ... Angle/Bearing: -0.812258° / 136.539°, Text: 'South/East (137°)'
[EOnCallAirdrop] Aircraft has been dispatched to 'Elektrozavodsk' from the South/East (137°).
[2021-04-13 @ 22-31-07] ----------------------------------------------------------------------------------------------------
[EOnCallAirdrop] Drop zone asigned: Myshkino <1900.000000, 0.000000, 7600.000000>
[EOnCallAirdrop] Drop zone offset to: <1879.771729, 2438.000000, 7584.758789>
[EOnCallAirdrop] Aircraft spawn point: <16360.000000, 2438.000000, 1749.668823>
[EOnCallAirdrop] Aircraft bearing ... Angle/Bearing: -0.384455° / 112.028°, Text: 'East (112°)'
[EOnCallAirdrop] Aircraft has been dispatched to 'Myshkino' from the East (112°).
[2021-04-13 @ 22-56-24] ----------------------------------------------------------------------------------------------------
[EOnCallAirdrop] Drop zone asigned: Veresnik <4000.000000, 0.000000, 7850.000000>
[EOnCallAirdrop] Drop zone offset to: <3998.479980, 2438.000000, 7849.864746>
[EOnCallAirdrop] Aircraft spawn point: <14299.602539, 2438.000000, 16360.000000>
[EOnCallAirdrop] Aircraft bearing ... Angle/Bearing: 0.690541° / 50.4349°, Text: 'North/East (50°)'
[EOnCallAirdrop] Aircraft has been dispatched to 'Veresnik' from the North/East (50°).
[2021-04-13 @ 23-21-41] ----------------------------------------------------------------------------------------------------
[EOnCallAirdrop] Drop zone asigned: Chernogorsk <7400.000000, 0.000000, 3500.000000>
[EOnCallAirdrop] Drop zone offset to: <7406.218262, 2438.000000, 3480.143311>
[EOnCallAirdrop] Aircraft spawn point: <10825.695313, 2438.000000, -1000.000000>
[EOnCallAirdrop] Aircraft bearing ... Angle/Bearing: -0.920124° / 142.719°, Text: 'South/East (143°)'
[EOnCallAirdrop] Aircraft has been dispatched to 'Chernogorsk' from the South/East (143°).
[2021-04-13 @ 23-46-57] ----------------------------------------------------------------------------------------------------
[EOnCallAirdrop] Drop zone asigned: Novaya Petrovka <3100.000000, 0.000000, 12840.000000>
[EOnCallAirdrop] Drop zone offset to: <3099.980469, 2438.000000, 12839.968750>
[EOnCallAirdrop] Aircraft spawn point: <4535.894043, 2438.000000, 16360.000000>
[EOnCallAirdrop] Aircraft bearing ... Angle/Bearing: 1.18348° / 22.1917°, Text: 'North (22°)'
[EOnCallAirdrop] Aircraft has been dispatched to 'Novaya Petrovka' from the North (22°).
[2021-04-14 @ 00-12-13] ----------------------------------------------------------------------------------------------------
[EOnCallAirdrop] Drop zone asigned: Berezino <12450.000000, 0.000000, 9250.000000>
[EOnCallAirdrop] Drop zone offset to: <12433.831055, 2438.000000, 9271.607422>
[EOnCallAirdrop] Aircraft spawn point: <-1000.000000, 2438.000000, 15590.198242>
[EOnCallAirdrop] Aircraft bearing ... Angle/Bearing: 2.70109° / 295.239°, Text: 'North/West (295°)'
[EOnCallAirdrop] Aircraft has been dispatched to 'Berezino' from the North/West (295°).
[2021-04-14 @ 00-37-29] ----------------------------------------------------------------------------------------------------
[EOnCallAirdrop] Drop zone asigned: Novodmitrovsk <11475.000000, 0.000000, 14356.000000>
[EOnCallAirdrop] Drop zone offset to: <11484.803711, 2438.000000, 14453.849609>
[EOnCallAirdrop] Aircraft spawn point: <14667.285156, 2438.000000, -1000.000000>
[EOnCallAirdrop] Aircraft bearing ... Angle/Bearing: -1.36583° / 168.256°, Text: 'South (168°)'
[EOnCallAirdrop] Aircraft has been dispatched to 'Novodmitrovsk' from the South (168°).
