[InitializeContainer] Container created on 2021-04-09 @ 23-11-02
[InitializeContainer] Winds: Vector <1.156266, 0.000000, -6.880492>, Speed 6.97697mps, Strength 0.1
[AirdropContainerFall] Drop Type 'Military West', Container: 'AirdropContainer_Military', Mode/Quantity/Iems: Random/20/46, Flare:  10%
[AirdropContainerFall] Loot Spawned [1] UniversalLight @ <5084.689941, 8.307319, 2505.522217> ... Lifespan: Set to 30 minutes.
[AirdropContainerFall] Loot Spawned [2] AmmoBox_45ACP_25Rnd @ <5088.834473, 8.011676, 2506.262939> ... Lifespan: Set to 30 minutes.
[AirdropContainerFall] Loot Spawned [3] TacticalGloves_Black @ <5085.247070, 8.313040, 2504.286865> ... Lifespan: Set to 30 minutes.
[AirdropContainerFall] Loot Spawned [4] KOD_M16A4 @ <5084.158691, 8.331140, 2505.703613> ... Lifespan: Set to 30 minutes.
[AirdropContainerFall] Loot Spawned [5] USMCPants_Desert @ <5089.805176, 7.962621, 2505.675049> ... Lifespan: Set to 30 minutes.
[AirdropContainerFall] Loot Spawned [6] Rangefinder @ <5088.603027, 8.006653, 2507.029053> ... Lifespan: Set to 30 minutes.
[AirdropContainerFall] Loot Spawned [7] M4_Suppressor @ <5083.593262, 8.343652, 2505.729736> ... Lifespan: Set to 30 minutes.
[AirdropContainerFall] Loot Spawned [8] AssaultBag_Ttsko @ <5088.144043, 8.145265, 2503.652588> ... Lifespan: Set to 30 minutes.
[AirdropContainerFall] Loot Spawned [9] USMCPants_Woodland @ <5084.993652, 8.287704, 2505.512939> ... Lifespan: Set to 30 minutes.
[AirdropContainerFall] Loot Spawned [10] AssaultBag_Green @ <5085.190430, 8.262561, 2505.964111> ... Lifespan: Set to 30 minutes.
[AirdropContainerFall] Loot Spawned [11] TacticalBaconCan @ <5084.088867, 8.350117, 2504.257813> ... Lifespan: Set to 30 minutes.
[AirdropContainerFall] Loot Spawned [12] Mag_STANAG_30Rnd @ <5084.821289, 8.306044, 2505.071045> ... Lifespan: Set to 30 minutes.
[AirdropContainerFall] Loot Spawned [13] Mag_FNX45_15Rnd @ <5086.275391, 8.331314, 2502.115723> ... Lifespan: Set to 30 minutes.
[AirdropContainerFall] Loot Spawned [14] AK101 @ <5087.065430, 8.094964, 2507.561523> ... Lifespan: Set to 30 minutes.
[AirdropContainerFall] Loot Spawned [15] TacticalBaconCan @ <5089.580078, 7.994677, 2505.036133> ... Lifespan: Set to 30 minutes.
[AirdropContainerFall] Loot Spawned [16] UKAssVest_Black @ <5085.082520, 8.383770, 2502.792480> ... Lifespan: Set to 30 minutes.
[AirdropContainerFall] Loot Spawned [17] AKM @ <5085.774902, 8.207470, 2506.569824> ... Lifespan: Set to 30 minutes.
[AirdropContainerFall] Loot Spawned [18] WeaponCleaningKit @ <5086.311035, 8.352994, 2501.514160> ... Lifespan: Set to 30 minutes.
[AirdropContainerFall] Loot Spawned [19] CombatKnife @ <5088.702637, 8.003729, 2506.890381> ... Lifespan: Set to 30 minutes.
[AirdropContainerFall] Loot Spawned [20] USMCPants_Desert @ <5085.856934, 8.300311, 2503.588135> ... Lifespan: Set to 30 minutes.
[AirdropContainerUnstuck] Container was unstuck.
[~AirdropContainerBase] Container Destroyed on 2021-04-09 @ 23-36-02
