[InitializeContainer] Container created on 2021-04-03 @ 21-29-28
[InitializeContainer] Winds: Vector <-2.292385, 0.000000, -4.655381>, Speed 5.18918mps, Strength 0.1
[AirdropContainerFall] Drop Type 'Military East', Container: 'AirdropContainer_Military', Mode/Quantity/Iems: Random/20/33, Flare:  10%
[AirdropContainerFall] Loot Spawned [1] AK_RailHndgrd @ <6674.775391, 300.301941, 7772.848145> ... Lifespan: Set to 30 minutes.
[AirdropContainerFall] Loot Spawned [2] AKM @ <6670.441895, 300.470795, 7772.267578> ... Lifespan: Set to 30 minutes.
[AirdropContainerFall] Loot Spawned [3] Binoculars @ <6674.285645, 300.329987, 7772.860840> ... Lifespan: Set to 30 minutes.
[AirdropContainerFall] Loot Spawned [4] TacticalGoggles @ <6671.387207, 300.292267, 7771.026367> ... Lifespan: Set to 30 minutes.
[AirdropContainerFall] Loot Spawned [5] GorkaEJacket_PautRev @ <6673.665527, 300.249603, 7771.732422> ... Lifespan: Set to 30 minutes.
[AirdropContainerFall] Loot Spawned [6] GorkaEJacket_PautRev @ <6670.609375, 300.485565, 7772.488281> ... Lifespan: Set to 30 minutes.
[AirdropContainerFall] Loot Spawned [7] Mag_AKM_30Rnd @ <6672.280762, 300.058105, 7769.181641> ... Lifespan: Set to 30 minutes.
[AirdropContainerFall] Loot Spawned [8] TacticalGloves_Black @ <6673.876465, 300.397461, 7773.305176> ... Lifespan: Set to 30 minutes.
[AirdropContainerFall] Loot Spawned [9] AK_Suppressor @ <6674.041504, 300.408813, 7773.506836> ... Lifespan: Set to 30 minutes.
[AirdropContainerFall] Loot Spawned [10] Canteen @ <6672.948730, 300.168457, 7770.602539> ... Lifespan: Set to 30 minutes.
[AirdropContainerFall] Loot Spawned [11] Battery9V @ <6674.634766, 300.413818, 7773.875488> ... Lifespan: Set to 30 minutes.
[AirdropContainerFall] Loot Spawned [12] AmmoBox_762x39_20Rnd @ <6671.553223, 300.150696, 7769.747070> ... Lifespan: Set to 30 minutes.
[AirdropContainerFall] Loot Spawned [13] GorkaEJacket_Autumn @ <6669.988770, 300.459717, 7771.943848> ... Lifespan: Set to 30 minutes.
[AirdropContainerFall] Loot Spawned [14] CanOpener @ <6673.016602, 300.068756, 7769.667969> ... Lifespan: Set to 30 minutes.
[AirdropContainerFall] Loot Spawned [15] GorkaPants_Summer @ <6670.996094, 300.702881, 7774.766113> ... Lifespan: Set to 30 minutes.
[AirdropContainerFall] Loot Spawned [16] Mag_AKM_30Rnd @ <6670.121582, 300.581177, 7773.160645> ... Lifespan: Set to 30 minutes.
[AirdropContainerFall] Loot Spawned [17] GorkaEJacket_PautRev @ <6673.577148, 300.202209, 7771.225586> ... Lifespan: Set to 30 minutes.
[AirdropContainerFall] Loot Spawned [18] GorkaEJacket_Summer @ <6674.359863, 300.137238, 7770.998047> ... Lifespan: Set to 30 minutes.
[AirdropContainerFall] Loot Spawned [19] Mag_AKM_30Rnd @ <6675.396973, 300.344757, 7773.596191> ... Lifespan: Set to 30 minutes.
[AirdropContainerFall] Loot Spawned [20] TacticalBaconCan @ <6673.526855, 300.146027, 7770.667969> ... Lifespan: Set to 30 minutes.
[AirdropContainerUnstuck] Container was unstuck.
[~AirdropContainerBase] Container Destroyed on 2021-04-03 @ 21-54-28
