[AirdropPlane] Aircraft created on 2021-03-28 @ 22-17-53
[InitializeAircraft] Aircraft Initialized: Novodmitrovsk @ 11475/14356 (true)
[EOnBeforeDrop] The Aircraft is 1 Km from Novodmitrovsk. @ <11471.226563, 314.762421, 12856.205078>
[EOnDrop] Zombie Spawned [1] ZmbF_ParamedicNormal_Red @ <11504.996094, 34.734196, 14285.426758> ... Lifespan:  Set to 30 minutes.
[EOnDrop] Zombie Spawned [2] ZmbM_ClerkFat_Brown @ <11467.412109, 37.609913, 14294.192383> ... Lifespan:  Set to 30 minutes.
[EOnDrop] Zombie Spawned [3] ZmbF_DoctorSkinny @ <11464.774414, 37.636539, 14294.827148> ... Lifespan:  Set to 30 minutes.
[EOnDrop] Zombie Spawned [4] ZmbM_CitizenASkinny_Red @ <11473.874023, 35.615471, 14278.958984> ... Lifespan:  Set to 30 minutes.
[EOnDrop] Zombie Spawned [5] ZmbM_Jacket_greenchecks @ <11512.505859, 31.741505, 14276.165039> ... Lifespan:  Set to 30 minutes.
[EOnDrop] Zombie Spawned [6] ZmbM_Jacket_bluechecks @ <11491.084961, 29.966906, 14257.166992> ... Lifespan:  Set to 30 minutes.
[EOnDrop] Zombie Spawned [7] ZmbF_NurseFat @ <11466.128906, 33.404305, 14244.827148> ... Lifespan:  Set to 30 minutes.
[EOnDrop] Zombie Spawned [8] ZmbF_CitizenANormal_Brown @ <11472.915039, 36.510860, 14281.142578> ... Lifespan:  Set to 30 minutes.
[EOnDrop] Zombie Spawned [9] ZmbM_ParamedicNormal_Black @ <11493.099609, 30.390022, 14269.549805> ... Lifespan:  Set to 30 minutes.
[EOnDrop] Zombie Spawned [10] ZmbM_CommercialPilotOld_Blue @ <11503.259766, 35.225151, 14290.239258> ... Lifespan:  Set to 30 minutes.
[EOnDrop] Zombie Spawned [11] ZmbF_SkaterYoung_Brown @ <11517.913086, 34.421268, 14297.558594> ... Lifespan:  Set to 30 minutes.
[EOnDrop] Zombie Spawned [12] ZmbM_Jacket_beige @ <11489.915039, 36.421955, 14289.658203> ... Lifespan:  Set to 30 minutes.
[EOnDrop] Zombie Spawned [13] ZmbM_ParamedicNormal_Red @ <11491.174805, 36.252220, 14282.381836> ... Lifespan:  Set to 30 minutes.
[EOnDrop] Zombie Spawned [14] ZmbM_CommercialPilotOld_Grey @ <11480.323242, 33.192219, 14248.841797> ... Lifespan:  Set to 30 minutes.
[EOnDrop] Zombie Spawned [15] ZmbF_JoggerSkinny_Red @ <11481.411133, 31.681221, 14273.339844> ... Lifespan:  Set to 30 minutes.
[EOnDrop] Zombie Spawned [16] ZmbM_Jacket_magenta @ <11476.827148, 36.775002, 14283.707031> ... Lifespan:  Set to 30 minutes.
[EOnDrop] Zombie Spawned [17] ZmbM_Jacket_bluechecks @ <11460.680664, 37.686756, 14297.209961> ... Lifespan:  Set to 30 minutes.
[EOnDrop] Zombie Spawned [18] ZmbF_ParamedicNormal_Blue @ <11523.631836, 33.975086, 14285.601563> ... Lifespan:  Set to 30 minutes.
[EOnDrop] Zombie Spawned [19] ZmbM_Jacket_greenchecks @ <11506.517578, 35.153816, 14295.888672> ... Lifespan:  Set to 30 minutes.
[EOnDrop] Zombie Spawned [20] ZmbF_ShortSkirt_brown @ <11506.078125, 33.521481, 14234.632813> ... Lifespan:  Set to 30 minutes.
[EOnDrop] Drop spawned with 20 infected at <11475.533203, 199.250275, 14273.807617>.
[EOnDrop] Supplies have been dropped near Novodmitrovsk.
[EOnBeforeDelete] Aircraft despawned @ <11481.873047, 227.661377, 16360.672852>
[~AirdropPlane] Aircraft destroyed.
