[InitializeContainer] Container created on 2021-04-05 @ 16-00-42
[InitializeContainer] Winds: Vector <11.330916, 0.000000, 2.082349>, Speed 11.5207mps, Strength 0.1
[AirdropContainerFall] Drop Type 'Military East', Container: 'AirdropContainer_Military', Mode/Quantity/Iems: Random/20/33, Flare:  10%
[AirdropContainerFall] Loot Spawned [1] TacticalGloves_Beige @ <8836.986328, 381.781158, 9149.359375> ... Lifespan: Set to 30 minutes.
[AirdropContainerFall] Loot Spawned [2] AK101 @ <8836.266602, 381.913391, 9151.420898> ... Lifespan: Set to 30 minutes.
[AirdropContainerFall] Loot Spawned [3] GorkaEJacket_PautRev @ <8835.885742, 381.764862, 9148.740234> ... Lifespan: Set to 30 minutes.
[AirdropContainerFall] Loot Spawned [4] Binoculars @ <8838.278320, 381.812134, 9150.305664> ... Lifespan: Set to 30 minutes.
[AirdropContainerFall] Loot Spawned [5] WeaponCleaningKit @ <8835.261719, 381.982910, 9152.326172> ... Lifespan: Set to 30 minutes.
[AirdropContainerFall] Loot Spawned [6] TacticalGoggles @ <8836.791992, 381.781464, 9149.302734> ... Lifespan: Set to 30 minutes.
[AirdropContainerFall] Loot Spawned [7] GorkaPants_Autumn @ <8837.309570, 381.765625, 9149.214844> ... Lifespan: Set to 30 minutes.
[AirdropContainerFall] Loot Spawned [8] UniversalLight @ <8837.180664, 381.833008, 9150.285156> ... Lifespan: Set to 30 minutes.
[AirdropContainerFall] Loot Spawned [9] AK101 @ <8836.825195, 381.963989, 9152.550781> ... Lifespan: Set to 30 minutes.
[AirdropContainerFall] Loot Spawned [10] AK_Suppressor @ <8834.365234, 381.791687, 9148.593750> ... Lifespan: Set to 30 minutes.
[AirdropContainerFall] Loot Spawned [11] UniversalLight @ <8837.044922, 381.986816, 9153.048828> ... Lifespan: Set to 30 minutes.
[AirdropContainerFall] Loot Spawned [12] Binoculars @ <8834.032227, 382.019012, 9152.417969> ... Lifespan: Set to 30 minutes.
[AirdropContainerFall] Loot Spawned [13] AKM @ <8832.468750, 382.025970, 9151.783203> ... Lifespan: Set to 30 minutes.
[AirdropContainerFall] Loot Spawned [14] AK_PlasticBttstck @ <8832.953125, 381.918549, 9150.054688> ... Lifespan: Set to 30 minutes.
[AirdropContainerFall] Loot Spawned [15] TacticalGloves_Green @ <8835.356445, 381.722321, 9147.862305> ... Lifespan: Set to 30 minutes.
[AirdropContainerFall] Loot Spawned [16] Mag_AKM_30Rnd @ <8832.819336, 381.884186, 9149.429688> ... Lifespan: Set to 30 minutes.
[AirdropContainerFall] Loot Spawned [17] GorkaEJacket_Autumn @ <8832.489258, 382.059814, 9152.412109> ... Lifespan: Set to 30 minutes.
[AirdropContainerFall] Loot Spawned [18] TacticalGloves_Beige @ <8832.190430, 381.996124, 9151.100586> ... Lifespan: Set to 30 minutes.
[AirdropContainerFall] Loot Spawned [19] KOD_M16A4 @ <8836.130859, 381.797272, 9149.343750> ... Lifespan: Set to 30 minutes.
[AirdropContainerFall] Loot Spawned [20] AKM @ <8836.641602, 381.951691, 9152.258789> ... Lifespan: Set to 30 minutes.
[AirdropContainerUnstuck] Container was unstuck.
[~AirdropContainerBase] Container Destroyed on 2021-04-05 @ 16-25-42
