[InitializeContainer] Container created on 2021-04-15 @ 01-55-18
[InitializeContainer] Winds: Vector <6.428717, 0.000000, -6.059838>, Speed 8.83459mps, Strength 0.1
[AirdropContainerFall] Drop Type 'Military West', Container: 'AirdropContainer_Military', Mode/Quantity/Iems: Random/20/46, Flare:  10%
[AirdropContainerFall] Loot Spawned [1] Rangefinder @ <13496.587891, 15.942667, 3044.635986> ... Lifespan: Set to 30 minutes.
[AirdropContainerFall] Loot Spawned [2] Mag_STANAG_30Rnd @ <13500.093750, 18.103884, 3048.294434> ... Lifespan: Set to 30 minutes.
[AirdropContainerFall] Loot Spawned [3] TacticalGloves_Black @ <13496.963867, 16.579868, 3047.695557> ... Lifespan: Set to 30 minutes.
[AirdropContainerFall] Loot Spawned [4] MilitaryBoots_Beige @ <13497.983398, 17.252478, 3048.961182> ... Lifespan: Set to 30 minutes.
[AirdropContainerFall] Loot Spawned [5] Rangefinder @ <13497.181641, 15.852806, 3042.723633> ... Lifespan: Set to 30 minutes.
[AirdropContainerFall] Loot Spawned [6] Binoculars @ <13500.273438, 17.997961, 3047.163086> ... Lifespan: Set to 30 minutes.
[AirdropContainerFall] Loot Spawned [7] WeaponCleaningKit @ <13495.568359, 15.901924, 3047.248535> ... Lifespan: Set to 30 minutes.
[AirdropContainerFall] Loot Spawned [8] USMCJacket_Woodland @ <13500.607422, 17.823305, 3045.189697> ... Lifespan: Set to 30 minutes.
[AirdropContainerFall] Loot Spawned [9] UniversalLight @ <13497.806641, 16.349030, 3043.943115> ... Lifespan: Set to 30 minutes.
[AirdropContainerFall] Loot Spawned [10] TacticalGloves_Black @ <13500.434570, 17.640188, 3044.694580> ... Lifespan: Set to 30 minutes.
[AirdropContainerFall] Loot Spawned [11] TacticalGloves_Beige @ <13499.837891, 17.333826, 3044.470459> ... Lifespan: Set to 30 minutes.
[AirdropContainerFall] Loot Spawned [12] UKAssVest_Black @ <13496.583984, 15.949219, 3044.680664> ... Lifespan: Set to 30 minutes.
[AirdropContainerFall] Loot Spawned [13] KOD_RSASS_Black @ <13499.435547, 17.088543, 3044.092041> ... Lifespan: Set to 30 minutes.
[AirdropContainerFall] Loot Spawned [14] UKAssVest_Khaki @ <13497.422852, 16.957914, 3048.730469> ... Lifespan: Set to 30 minutes.
[AirdropContainerFall] Loot Spawned [15] AssaultBag_Green @ <13499.488281, 17.134636, 3044.217285> ... Lifespan: Set to 30 minutes.
[AirdropContainerFall] Loot Spawned [16] AK101 @ <13499.371094, 17.466063, 3046.484863> ... Lifespan: Set to 30 minutes.
[AirdropContainerFall] Loot Spawned [17] AK101 @ <13499.763672, 17.329741, 3044.625732> ... Lifespan: Set to 30 minutes.
[AirdropContainerFall] Loot Spawned [18] M9A1_Bayonet @ <13498.949219, 17.007591, 3044.812744> ... Lifespan: Set to 30 minutes.
[AirdropContainerFall] Loot Spawned [19] UKAssVest_Black @ <13499.551758, 17.228445, 3044.579590> ... Lifespan: Set to 30 minutes.
[AirdropContainerFall] Loot Spawned [20] Mag_FNX45_15Rnd @ <13500.471680, 18.229723, 3047.971680> ... Lifespan: Set to 30 minutes.
[AirdropContainerUnstuck] Container was unstuck.
[~AirdropContainerBase] Container Destroyed on 2021-04-15 @ 02-20-18
