[AirdropBase] Base class created & settings loaded.
[2021-03-26 @ 06-26-58] ----------------------------------------------------------------------------------------------------
[EOnCallAirdrop] Drop zone asigned: Northwest Airfield <4500.000000, 0.000000, 10350.000000>
[EOnCallAirdrop] Drop zone offset to: <4515.957031, 2438.000000, 10417.721680>
[EOnCallAirdrop] Aircraft spawn point: <-1000.000000, 2438.000000, 2112.052979>
[EOnCallAirdrop] Aircraft bearing ... Angle/Bearing: -2.15947° / 213.729°, Text: 'South/West (214°)'
[EOnCallAirdrop] Aircraft has been dispatched to 'Northwest Airfield' from the South/West (214°).
[2021-03-26 @ 06-52-18] ----------------------------------------------------------------------------------------------------
[EOnCallAirdrop] Drop zone asigned: Soverograd <8566.000000, 0.000000, 12755.000000>
[EOnCallAirdrop] Drop zone offset to: <8567.887695, 2438.000000, 12748.693359>
[EOnCallAirdrop] Aircraft spawn point: <5345.960449, 2438.000000, 16360.000000>
[EOnCallAirdrop] Aircraft bearing ... Angle/Bearing: 2.29985° / 318.228°, Text: 'North/West (318°)'
[EOnCallAirdrop] Aircraft has been dispatched to 'Soverograd' from the North/West (318°).
[2021-03-26 @ 07-17-37] ----------------------------------------------------------------------------------------------------
[EOnCallAirdrop] Drop zone asigned: Novodmitrovsk <11475.000000, 0.000000, 14356.000000>
[EOnCallAirdrop] Drop zone offset to: <11455.119141, 2438.000000, 14377.407227>
[EOnCallAirdrop] Aircraft spawn point: <3065.695313, 2438.000000, 16360.000000>
[EOnCallAirdrop] Aircraft bearing ... Angle/Bearing: 2.90765° / 283.404°, Text: 'West (283°)'
[EOnCallAirdrop] Aircraft has been dispatched to 'Novodmitrovsk' from the West (283°).
[2021-03-26 @ 07-42-57] ----------------------------------------------------------------------------------------------------
[EOnCallAirdrop] Drop zone asigned: Myshkino <1900.000000, 0.000000, 7600.000000>
[EOnCallAirdrop] Drop zone offset to: <1897.074463, 2438.000000, 7591.805664>
[EOnCallAirdrop] Aircraft spawn point: <16360.000000, 2438.000000, 11736.954102>
[EOnCallAirdrop] Aircraft bearing ... Angle/Bearing: 0.278653° / 74.0344°, Text: 'East (74°)'
[EOnCallAirdrop] Aircraft has been dispatched to 'Myshkino' from the East (74°).
[2021-03-26 @ 08-08-16] ----------------------------------------------------------------------------------------------------
[EOnCallAirdrop] Drop zone asigned: Gorka <8775.000000, 0.000000, 9200.000000>
[EOnCallAirdrop] Drop zone offset to: <8736.371094, 2438.000000, 9131.025391>
[EOnCallAirdrop] Aircraft spawn point: <-1000.000000, 2438.000000, 5536.688965>
[EOnCallAirdrop] Aircraft bearing ... Angle/Bearing: -2.78303° / 249.456°, Text: 'West (249°)'
[EOnCallAirdrop] Aircraft has been dispatched to 'Gorka' from the West (249°).
[2021-03-26 @ 08-33-36] ----------------------------------------------------------------------------------------------------
[EOnCallAirdrop] Drop zone asigned: Chernogorsk <7400.000000, 0.000000, 3500.000000>
[EOnCallAirdrop] Drop zone offset to: <7391.790039, 2438.000000, 3489.875977>
[EOnCallAirdrop] Aircraft spawn point: <16360.000000, 2438.000000, -296.953644>
[EOnCallAirdrop] Aircraft bearing ... Angle/Bearing: -0.400826° / 112.966°, Text: 'South/East (113°)'
[EOnCallAirdrop] Aircraft has been dispatched to 'Chernogorsk' from the South/East (113°).
[2021-03-26 @ 08-58-55] ----------------------------------------------------------------------------------------------------
[EOnCallAirdrop] Drop zone asigned: Balota Airstrip <5025.000000, 0.000000, 2455.000000>
[EOnCallAirdrop] Drop zone offset to: <4978.540527, 2438.000000, 2499.517578>
[EOnCallAirdrop] Aircraft spawn point: <2315.496582, 2438.000000, 16360.000000>
[EOnCallAirdrop] Aircraft bearing ... Angle/Bearing: 1.76324° / 348.974°, Text: 'North (349°)'
[EOnCallAirdrop] Aircraft has been dispatched to 'Balota Airstrip' from the North (349°).
