[InitializeContainer] Container created on 2021-03-12 @ 17-53-33
[InitializeContainer] Winds: Vector <3.885509, 0.000000, 14.214068>, Speed 14.7356mps, Strength 0.1
[AirdropContainerFall] Drop Type 'Misc. Tools', Container: 'RANDOM', Mode/Quantity/Iems: Random/20/50, Flare:  10%
[AirdropContainerFall] Loot Spawned [1] SteakKnife @ <11409.141602, 37.796570, 14294.705078> ... Lifespan: Set to 60 minutes.
[AirdropContainerFall] Loot Spawned [2] Roadflare @ <11409.867188, 37.349792, 14290.917969> ... Lifespan: Set to 60 minutes.
[AirdropContainerFall] Loot Spawned [3] Hatchet @ <11409.487305, 37.361439, 14291.034180> ... Lifespan: Set to 60 minutes.
[AirdropContainerFall] Loot Spawned [4] SewingKit @ <11412.602539, 37.755226, 14295.772461> ... Lifespan: Set to 60 minutes.
[AirdropContainerFall] Loot Spawned [5] WeaponCleaningKit @ <11410.304688, 37.401127, 14291.279297> ... Lifespan: Set to 60 minutes.
[AirdropContainerFall] Loot Spawned [6] Chemlight_Yellow @ <11413.878906, 37.565418, 14293.404297> ... Lifespan: Set to 60 minutes.
[AirdropContainerFall] Loot Spawned [7] Chemlight_White @ <11414.335938, 37.380714, 14291.655273> ... Lifespan: Set to 60 minutes.
[AirdropContainerFall] Loot Spawned [8] BaseRadio @ <11413.434570, 37.537628, 14293.032227> ... Lifespan: Set to 60 minutes.
[AirdropContainerFall] Loot Spawned [9] Lockpick @ <11410.358398, 37.282124, 14290.365234> ... Lifespan: Set to 60 minutes.
[AirdropContainerFall] Loot Spawned [10] Lockpick @ <11412.732422, 37.354671, 14291.052734> ... Lifespan: Set to 60 minutes.
[AirdropContainerFall] Loot Spawned [11] FirefighterAxe @ <11414.541016, 37.392727, 14291.818359> ... Lifespan: Set to 60 minutes.
[AirdropContainerFall] Loot Spawned [12] LugWrench @ <11411.994141, 37.262215, 14290.095703> ... Lifespan: Set to 60 minutes.
[AirdropContainerFall] Loot Spawned [13] Chemlight_White @ <11414.243164, 37.659725, 14294.424805> ... Lifespan: Set to 60 minutes.
[AirdropContainerFall] Loot Spawned [14] BatteryCharger @ <11409.388672, 37.678867, 14293.581055> ... Lifespan: Set to 60 minutes.
[AirdropContainerFall] Loot Spawned [15] CombatKnife @ <11413.308594, 37.507549, 14292.704102> ... Lifespan: Set to 60 minutes.
[AirdropContainerFall] Loot Spawned [16] HuntingKnife @ <11414.541992, 37.606575, 14293.957031> ... Lifespan: Set to 60 minutes.
[AirdropContainerFall] Loot Spawned [17] Chemlight_Blue @ <11409.372070, 37.760448, 14294.393555> ... Lifespan: Set to 60 minutes.
[AirdropContainerFall] Loot Spawned [18] HuntingKnife @ <11409.487305, 37.628254, 14293.095703> ... Lifespan: Set to 60 minutes.
[AirdropContainerFall] Loot Spawned [19] Spotlight @ <11410.162109, 37.806870, 14295.666016> ... Lifespan: Set to 60 minutes.
[AirdropContainerFall] Loot Spawned [20] Heatpack @ <11412.688477, 37.441212, 14291.908203> ... Lifespan: Set to 60 minutes.
[AirdropContainerUnstuck] Container was unstuck.
