[AirdropPlane] Aircraft created on 2021-03-17 @ 11-17-48
[InitializeAircraft] Aircraft Initialized: Novodmitrovsk @ 11475/14356 (true)
[EOnBeforeDrop] The Aircraft is 1 Km from Novodmitrovsk. @ <10005.674805, 391.360138, 14655.102539>
[EOnDrop] Zombie Spawned [1] ZmbM_CitizenBFat_Blue @ <11373.558594, 42.506477, 14421.879883> ... Lifespan:  Set to 30 minutes.
[EOnDrop] Zombie Spawned [2] ZmbF_JoggerSkinny_Brown @ <11391.172852, 42.039032, 14423.518555> ... Lifespan:  Set to 30 minutes.
[EOnDrop] Zombie Spawned [3] ZmbF_ShortSkirt_black @ <11428.871094, 38.237438, 14350.290039> ... Lifespan:  Set to 30 minutes.
[EOnDrop] Zombie Spawned [4] ZmbM_PolicemanSpecForce @ <11401.211914, 41.029827, 14415.036133> ... Lifespan:  Set to 30 minutes.
[EOnDrop] Zombie Spawned [5] ZmbF_JoggerSkinny_Green @ <11409.471680, 40.525509, 14416.429688> ... Lifespan:  Set to 30 minutes.
[EOnDrop] Zombie Spawned [6] ZmbM_SkaterYoung_Blue @ <11370.991211, 41.252117, 14395.079102> ... Lifespan:  Set to 30 minutes.
[EOnDrop] Zombie Spawned [7] ZmbM_ClerkFat_White @ <11360.110352, 41.720650, 14396.314453> ... Lifespan:  Set to 30 minutes.
[EOnDrop] Zombie Spawned [8] ZmbM_ParamedicNormal_Green @ <11356.630859, 41.684929, 14393.314453> ... Lifespan:  Set to 30 minutes.
[EOnDrop] Zombie Spawned [9] ZmbM_SkaterYoung_Brown @ <11383.743164, 40.275902, 14371.305664> ... Lifespan:  Set to 30 minutes.
[EOnDrop] Zombie Spawned [10] ZmbF_JoggerSkinny_Brown @ <11379.149414, 41.244125, 14400.542969> ... Lifespan:  Set to 30 minutes.
[EOnDrop] Zombie Spawned [11] ZmbF_ParamedicNormal_Green @ <11410.197266, 40.458202, 14407.956055> ... Lifespan:  Set to 30 minutes.
[EOnDrop] Zombie Spawned [12] ZmbM_JoggerSkinny_Green @ <11364.807617, 40.943005, 14376.519531> ... Lifespan:  Set to 30 minutes.
[EOnDrop] Zombie Spawned [13] ZmbM_ParamedicNormal_Blue @ <11377.715820, 40.267460, 14365.962891> ... Lifespan:  Set to 30 minutes.
[EOnDrop] Zombie Spawned [14] ZmbM_Jacket_black @ <11394.289063, 41.532120, 14419.876953> ... Lifespan:  Set to 30 minutes.
[EOnDrop] Zombie Spawned [15] ZmbM_JoggerSkinny_Red @ <11384.444336, 40.677227, 14375.333008> ... Lifespan:  Set to 30 minutes.
[EOnDrop] Zombie Spawned [16] ZmbF_NurseFat @ <11409.852539, 38.973255, 14386.442383> ... Lifespan:  Set to 30 minutes.
[EOnDrop] Zombie Spawned [17] ZmbM_ParamedicNormal_Blue @ <11361.625000, 41.189880, 14379.984375> ... Lifespan:  Set to 30 minutes.
[EOnDrop] Zombie Spawned [18] ZmbM_PolicemanSpecForce @ <11379.089844, 41.062008, 14379.984375> ... Lifespan:  Set to 30 minutes.
[EOnDrop] Zombie Spawned [19] ZmbM_Jacket_khaki @ <11372.137695, 41.344608, 14410.459961> ... Lifespan:  Set to 30 minutes.
[EOnDrop] Zombie Spawned [20] ZmbM_DoctorFat @ <11381.876953, 41.258205, 14409.856445> ... Lifespan:  Set to 30 minutes.
[EOnDrop] Drop spawned with 20 infected at <11389.612305, 187.221451, 14375.598633>.
[EOnDrop] Supplies have been dropped near Novodmitrovsk.
[EOnBeforeDelete] Aircraft despawned @ <16360.065430, 152.023071, 13371.751953>
[~AirdropPlane] Aircraft destroyed.
