[InitializeContainer] Container created on 2021-03-08 @ 08-35-03
[InitializeContainer] Winds: Vector <10.466659, 0.000000, -1.545196>, Speed 10.5801mps, Strength 0.1
[AirdropContainerFall] Drop Type 'Misc. Tools', Container: 'RANDOM', Mode/Quantity/Iems: Random/20/50, Flare:  10%
[AirdropContainerFall] Loot Spawned [1] KitchenKnife @ <13599.200195, 37.977871, 3142.947266> ... Lifespan: Set to 60 minutes.
[AirdropContainerFall] Loot Spawned [2] HuntingKnife @ <13597.053711, 38.000847, 3145.308350> ... Lifespan: Set to 60 minutes.
[AirdropContainerFall] Loot Spawned [3] BatteryCharger @ <13596.623047, 37.892361, 3146.164063> ... Lifespan: Set to 60 minutes.
[AirdropContainerFall] Loot Spawned [4] FirefighterAxe @ <13597.923828, 38.576233, 3141.463135> ... Lifespan: Set to 60 minutes.
[AirdropContainerFall] Loot Spawned [5] Roadflare @ <13598.916016, 37.545944, 3145.285889> ... Lifespan: Set to 60 minutes.
[AirdropContainerFall] Loot Spawned [6] Lockpick @ <13596.026367, 38.935394, 3140.000977> ... Lifespan: Set to 60 minutes.
[AirdropContainerFall] Loot Spawned [7] Binoculars @ <13595.101563, 38.902184, 3140.935547> ... Lifespan: Set to 60 minutes.
[AirdropContainerFall] Loot Spawned [8] SteakKnife @ <13599.549805, 37.615128, 3144.185059> ... Lifespan: Set to 60 minutes.
[AirdropContainerFall] Loot Spawned [9] Whetstone @ <13599.909180, 37.858696, 3142.621826> ... Lifespan: Set to 60 minutes.
[AirdropContainerFall] Loot Spawned [10] Matchbox @ <13595.645508, 38.790886, 3141.526855> ... Lifespan: Set to 60 minutes.
[AirdropContainerFall] Loot Spawned [11] PersonalRadio @ <13596.092773, 38.895771, 3140.299805> ... Lifespan: Set to 60 minutes.
[AirdropContainerFall] Loot Spawned [12] PortableGasLamp @ <13598.048828, 37.516800, 3146.489014> ... Lifespan: Set to 60 minutes.
[AirdropContainerFall] Loot Spawned [13] Screwdriver @ <13599.080078, 38.421608, 3140.998047> ... Lifespan: Set to 60 minutes.
[AirdropContainerFall] Loot Spawned [14] Rangefinder @ <13598.324219, 37.702759, 3145.293457> ... Lifespan: Set to 60 minutes.
[AirdropContainerFall] Loot Spawned [15] Crowbar @ <13600.506836, 37.626694, 3142.952148> ... Lifespan: Set to 60 minutes.
[AirdropContainerFall] Loot Spawned [16] Machete @ <13595.598633, 38.735123, 3142.045654> ... Lifespan: Set to 60 minutes.
[AirdropContainerFall] Loot Spawned [17] Wrench @ <13597.924805, 37.579224, 3146.354248> ... Lifespan: Set to 60 minutes.
[AirdropContainerFall] Loot Spawned [18] SteakKnife @ <13599.577148, 38.016716, 3142.295898> ... Lifespan: Set to 60 minutes.
[AirdropContainerFall] Loot Spawned [19] Hammer @ <13598.558594, 37.455097, 3146.144043> ... Lifespan: Set to 60 minutes.
[AirdropContainerFall] Loot Spawned [20] Crowbar @ <13599.285156, 38.127472, 3142.140625> ... Lifespan: Set to 60 minutes.
[AirdropContainerFall] Airdrop Flare Spawned @ <13600.159180, 37.765198, 3142.743896> ... Lifespan: Set to 60 minutes.
[AirdropContainerUnstuck] Container was unstuck.
[~AirdropContainerBase] Container Destroyed on 2021-03-08 @ 08-50-03
