[AirdropPlane] Aircraft created on 2021-03-30 @ 03-08-17
[InitializeAircraft] Aircraft Initialized: Myshkino @ 1900/7600 (true)
[EOnBeforeDrop] The Aircraft is 1 Km from Myshkino. @ <1284.434082, 390.006378, 8965.872070>
[EOnDrop] Spawn failed for zombie [1] 'ZmbM_SurvivorDean_Black', it does not exist in DayZ!
[EOnDrop] Zombie Spawned [2] ZmbF_VillagerOld_Blue @ <1865.623291, 276.295685, 7637.545898> ... Lifespan:  Set to 30 minutes.
[EOnDrop] Zombie Spawned [3] ZmbF_VillagerOld_Green @ <1825.474976, 282.146576, 7685.183105> ... Lifespan:  Set to 30 minutes.
[EOnDrop] Zombie Spawned [4] ZmbM_HermitSkinny_Black @ <1870.993164, 285.748077, 7702.437012> ... Lifespan:  Set to 30 minutes.
[EOnDrop] Zombie Spawned [5] ZmbM_FarmerFat_Blue @ <1866.877930, 286.540405, 7717.136230> ... Lifespan:  Set to 30 minutes.
[EOnDrop] Zombie Spawned [6] ZmbM_HikerSkinny_Green @ <1839.868896, 281.967010, 7679.193359> ... Lifespan:  Set to 30 minutes.
[EOnDrop] Zombie Spawned [7] ZmbF_MilkMaidOld_Beige @ <1868.915649, 281.663574, 7666.471191> ... Lifespan:  Set to 30 minutes.
[EOnDrop] Zombie Spawned [8] ZmbF_MilkMaidOld_Beige @ <1834.673218, 285.339722, 7720.208496> ... Lifespan:  Set to 30 minutes.
[EOnDrop] Zombie Spawned [9] ZmbM_HermitSkinny_Green @ <1846.441895, 282.641693, 7683.159180> ... Lifespan:  Set to 30 minutes.
[EOnDrop] Zombie Spawned [10] ZmbM_VillagerOld_Green @ <1857.354248, 282.841827, 7680.405762> ... Lifespan:  Set to 30 minutes.
[EOnDrop] Zombie Spawned [11] ZmbM_HermitSkinny_Black @ <1858.224976, 280.825775, 7664.530762> ... Lifespan:  Set to 30 minutes.
[EOnDrop] Zombie Spawned [12] ZmbM_FarmerFat_Brown @ <1840.955933, 281.012543, 7670.852051> ... Lifespan:  Set to 30 minutes.
[EOnDrop] Zombie Spawned [13] ZmbM_MotobikerFat_Blue @ <1833.073730, 280.431458, 7668.117676> ... Lifespan:  Set to 30 minutes.
[EOnDrop] Spawn failed for zombie [14] 'ZmbM_SurvivorDean_Grey', it does not exist in DayZ!
[EOnDrop] Spawn failed for zombie [15] 'ZmbM_SurvivorDean_Grey', it does not exist in DayZ!
[EOnDrop] Drop spawned with 15 infected at <1860.656128, 433.234955, 7687.232422>.
[EOnDrop] Supplies have been dropped near Myshkino.
[EOnBeforeDelete] Aircraft despawned @ <5776.168945, 152.000610, -1001.188965>
[~AirdropPlane] Aircraft destroyed.
