[AirdropPlane] Aircraft created on 2021-03-15 @ 15-17-25
[InitializeAircraft] Aircraft Initialized: Chernogorsk @ 7400/3500 (true)
[EOnBeforeDrop] The Aircraft is 1 Km from Chernogorsk. @ <6313.608398, 161.970688, 2466.315674>
[EOnDrop] Zombie Spawned [1] ZmbM_HandymanNormal_White @ <7351.602051, 10.523216, 3486.175781> ... Lifespan:  Set to 60 minutes.
[EOnDrop] Zombie Spawned [2] ZmbM_HandymanNormal_White @ <7367.073730, 9.905622, 3452.209717> ... Lifespan:  Set to 60 minutes.
[EOnDrop] Zombie Spawned [3] ZmbM_ConstrWorkerNormal_Green @ <7375.661133, 8.778031, 3484.490234> ... Lifespan:  Set to 60 minutes.
[EOnDrop] Zombie Spawned [4] ZmbM_HandymanNormal_Beige @ <7338.193848, 9.777176, 3430.608643> ... Lifespan:  Set to 60 minutes.
[EOnDrop] Zombie Spawned [5] ZmbF_MechanicNormal_Orange @ <7337.781250, 11.463745, 3493.775879> ... Lifespan:  Set to 60 minutes.
[EOnDrop] Zombie Spawned [6] ZmbM_OffshoreWorker_Green @ <7337.252930, 10.295843, 3444.602539> ... Lifespan:  Set to 60 minutes.
[EOnDrop] Zombie Spawned [7] ZmbM_HandymanNormal_Grey @ <7333.105957, 8.460648, 3416.581787> ... Lifespan:  Set to 60 minutes.
[EOnDrop] Zombie Spawned [8] ZmbF_MechanicNormal_Beige @ <7345.915039, 10.846768, 3467.116943> ... Lifespan:  Set to 60 minutes.
[EOnDrop] Zombie Spawned [9] ZmbF_BlueCollarFat_Red @ <7353.681152, 10.369852, 3470.147705> ... Lifespan:  Set to 60 minutes.
[EOnDrop] Zombie Spawned [10] ZmbM_OffshoreWorker_Red @ <7332.921387, 11.702558, 3490.514404> ... Lifespan:  Set to 60 minutes.
[EOnDrop] Zombie Spawned [11] ZmbM_MechanicSkinny_Blue @ <7372.789063, 9.817578, 3453.175293> ... Lifespan:  Set to 60 minutes.
[EOnDrop] Zombie Spawned [12] ZmbM_HeavyIndustryWorker @ <7343.436035, 11.046371, 3484.077881> ... Lifespan:  Set to 60 minutes.
[EOnDrop] Zombie Spawned [13] ZmbM_HandymanNormal_Grey @ <7345.791016, 10.763675, 3463.188477> ... Lifespan:  Set to 60 minutes.
[EOnDrop] Zombie Spawned [14] ZmbF_MechanicNormal_Orange @ <7327.000488, 10.178047, 3435.395264> ... Lifespan:  Set to 60 minutes.
[EOnDrop] Zombie Spawned [15] ZmbM_OffshoreWorker_Yellow @ <7370.510254, 10.085697, 3445.814453> ... Lifespan:  Set to 60 minutes.
[EOnDrop] Zombie Spawned [16] ZmbM_ConstrWorkerNormal_Grey @ <7365.010254, 9.973104, 3428.007813> ... Lifespan:  Set to 60 minutes.
[EOnDrop] Zombie Spawned [17] ZmbM_MechanicSkinny_Blue @ <7346.416504, 10.124917, 3445.321289> ... Lifespan:  Set to 60 minutes.
[EOnDrop] Zombie Spawned [18] ZmbF_BlueCollarFat_Red @ <7335.872070, 6.983650, 3405.526123> ... Lifespan:  Set to 60 minutes.
[EOnDrop] Zombie Spawned [19] ZmbF_MechanicNormal_Beige @ <7349.221680, 10.070665, 3446.240723> ... Lifespan:  Set to 60 minutes.
[EOnDrop] Zombie Spawned [20] ZmbM_OffshoreWorker_Red @ <7324.305664, 10.121804, 3433.357910> ... Lifespan:  Set to 60 minutes.
[EOnDrop] Zombie Spawned [21] ZmbF_BlueCollarFat_White @ <7314.907227, 12.062536, 3464.446045> ... Lifespan:  Set to 60 minutes.
[EOnDrop] Zombie Spawned [22] ZmbM_HandymanNormal_Beige @ <7385.668457, 9.757062, 3421.602539> ... Lifespan:  Set to 60 minutes.
[EOnDrop] Zombie Spawned [23] ZmbM_OffshoreWorker_Green @ <7356.667480, 10.011864, 3457.610596> ... Lifespan:  Set to 60 minutes.
[EOnDrop] Zombie Spawned [24] ZmbM_HandymanNormal_Grey @ <7344.117188, 7.717717, 3410.541504> ... Lifespan:  Set to 60 minutes.
[EOnDrop] Zombie Spawned [25] ZmbM_ConstrWorkerNormal_Beige @ <7355.770996, 8.980425, 3418.179688> ... Lifespan:  Set to 60 minutes.
[EOnDrop] Zombie Spawned [26] ZmbM_MechanicSkinny_Green @ <7308.367188, 10.857052, 3441.980225> ... Lifespan:  Set to 60 minutes.
[EOnDrop] Zombie Spawned [27] ZmbM_ConstrWorkerNormal_Grey @ <7323.394043, 11.540524, 3457.404785> ... Lifespan:  Set to 60 minutes.
[EOnDrop] Zombie Spawned [28] ZmbM_OffshoreWorker_Yellow @ <7359.221191, 9.937337, 3457.999268> ... Lifespan:  Set to 60 minutes.
[EOnDrop] Zombie Spawned [29] ZmbM_HandymanNormal_White @ <7380.994629, 8.780396, 3469.222900> ... Lifespan:  Set to 60 minutes.
[EOnDrop] Zombie Spawned [30] ZmbF_MechanicNormal_Orange @ <7347.478516, 10.773870, 3469.854736> ... Lifespan:  Set to 60 minutes.
[EOnDrop] Drop spawned with 30 infected at <7349.488770, 149.218170, 3451.541748>.
[EOnDrop] Supplies have been dropped near Chernogorsk.
[EOnBeforeDelete] Aircraft despawned @ <16360.611328, 152.000610, 12026.144531>
[~AirdropPlane] Aircraft destroyed.
