[InitializeContainer] Container created on 2021-04-16 @ 08-26-15
[InitializeContainer] Winds: Vector <11.215931, 0.000000, 1.034817>, Speed 11.2636mps, Strength 0.1
[AirdropContainerFall] Drop Type 'Military East', Container: 'AirdropContainer_Military', Mode/Quantity/Iems: Random/20/33, Flare:  10%
[AirdropContainerFall] Loot Spawned [1] TTsKOJacket_Camo @ <7311.441895, 13.298474, 3525.008545> ... Lifespan: Set to 30 minutes.
[AirdropContainerFall] Loot Spawned [2] GorkaPants_Summer @ <7316.909668, 13.185668, 3526.203125> ... Lifespan: Set to 30 minutes.
[AirdropContainerFall] Loot Spawned [3] Binoculars @ <7316.991699, 13.161915, 3525.959229> ... Lifespan: Set to 30 minutes.
[AirdropContainerFall] Loot Spawned [4] WeaponCleaningKit @ <7316.355469, 13.031160, 3523.616699> ... Lifespan: Set to 30 minutes.
[AirdropContainerFall] Loot Spawned [5] TacticalGloves_Black @ <7313.027344, 13.484963, 3527.917480> ... Lifespan: Set to 30 minutes.
[AirdropContainerFall] Loot Spawned [6] TacticalGloves_Green @ <7313.174316, 13.209037, 3524.542969> ... Lifespan: Set to 30 minutes.
[AirdropContainerFall] Loot Spawned [7] TTsKOJacket_Camo @ <7315.844238, 13.061273, 3523.793457> ... Lifespan: Set to 30 minutes.
[AirdropContainerFall] Loot Spawned [8] GorkaEJacket_Summer @ <7317.173828, 13.288768, 3527.556152> ... Lifespan: Set to 30 minutes.
[AirdropContainerFall] Loot Spawned [9] AK101 @ <7313.016602, 13.553944, 3528.733398> ... Lifespan: Set to 30 minutes.
[AirdropContainerFall] Loot Spawned [10] Canteen @ <7315.788574, 13.027829, 3523.141113> ... Lifespan: Set to 30 minutes.
[AirdropContainerFall] Loot Spawned [11] KOD_M110_Tan @ <7316.139160, 13.047523, 3523.757813> ... Lifespan: Set to 30 minutes.
[AirdropContainerFall] Loot Spawned [12] UniversalLight @ <7315.816895, 13.410025, 3528.353516> ... Lifespan: Set to 30 minutes.
[AirdropContainerFall] Loot Spawned [13] TacticalBaconCan @ <7317.195313, 13.216367, 3526.704590> ... Lifespan: Set to 30 minutes.
[AirdropContainerFall] Loot Spawned [14] AmmoBox_762x39_20Rnd @ <7316.020508, 13.329642, 3527.493652> ... Lifespan: Set to 30 minutes.
[AirdropContainerFall] Loot Spawned [15] AK_PlasticBttstck @ <7315.534180, 13.086994, 3524.037109> ... Lifespan: Set to 30 minutes.
[AirdropContainerFall] Loot Spawned [16] TacticalGloves_Green @ <7311.957031, 13.341056, 3525.677246> ... Lifespan: Set to 30 minutes.
[AirdropContainerFall] Loot Spawned [17] GorkaPants_PautRev @ <7312.214355, 13.249771, 3524.571777> ... Lifespan: Set to 30 minutes.
[AirdropContainerFall] Loot Spawned [18] GorkaEJacket_Summer @ <7314.508789, 13.119564, 3523.882568> ... Lifespan: Set to 30 minutes.
[AirdropContainerFall] Loot Spawned [19] Canteen @ <7316.446289, 13.160037, 3525.677246> ... Lifespan: Set to 30 minutes.
[AirdropContainerFall] Loot Spawned [20] Canteen @ <7314.652344, 13.395467, 3527.625732> ... Lifespan: Set to 30 minutes.
[AirdropContainerUnstuck] Container was unstuck.
[~AirdropContainerBase] Container Destroyed on 2021-04-16 @ 08-51-15
