[InitializeContainer] Container created on 2021-04-10 @ 08-49-54
[InitializeContainer] Winds: Vector <2.329824, 0.000000, -7.040067>, Speed 7.41557mps, Strength 0.1
[AirdropContainerFall] Drop Type 'Military East', Container: 'AirdropContainer_Military', Mode/Quantity/Iems: Random/20/33, Flare:  10%
[AirdropContainerFall] Loot Spawned [1] TacticalGloves_Green @ <12247.625000, 140.001007, 12618.453125> ... Lifespan: Set to 30 minutes.
[AirdropContainerFall] Loot Spawned [2] AK_PlasticBttstck @ <12247.338867, 140.001007, 12618.277344> ... Lifespan: Set to 30 minutes.
[AirdropContainerFall] Loot Spawned [3] WeaponCleaningKit @ <12245.021484, 140.001007, 12622.999023> ... Lifespan: Set to 30 minutes.
[AirdropContainerFall] Loot Spawned [4] TTsKOJacket_Camo @ <12247.896484, 140.001007, 12618.241211> ... Lifespan: Set to 30 minutes.
[AirdropContainerFall] Loot Spawned [5] AmmoBox_762x39_20Rnd @ <12244.793945, 140.001007, 12619.065430> ... Lifespan: Set to 30 minutes.
[AirdropContainerFall] Loot Spawned [6] AKM @ <12247.000000, 140.001007, 12624.131836> ... Lifespan: Set to 30 minutes.
[AirdropContainerFall] Loot Spawned [7] GorkaEJacket_Flat @ <12248.352539, 140.001007, 12621.299805> ... Lifespan: Set to 30 minutes.
[AirdropContainerFall] Loot Spawned [8] AK_RailHndgrd @ <12244.857422, 140.001007, 12621.886719> ... Lifespan: Set to 30 minutes.
[AirdropContainerFall] Loot Spawned [9] GorkaEJacket_Summer @ <12249.203125, 140.001007, 12618.351563> ... Lifespan: Set to 30 minutes.
[AirdropContainerFall] Loot Spawned [10] Canteen @ <12245.696289, 140.001007, 12622.162109> ... Lifespan: Set to 30 minutes.
[AirdropContainerFall] Loot Spawned [11] TacticalBaconCan @ <12247.495117, 140.001007, 12618.356445> ... Lifespan: Set to 30 minutes.
[AirdropContainerFall] Loot Spawned [12] AKM @ <12245.880859, 140.001007, 12624.118164> ... Lifespan: Set to 30 minutes.
[AirdropContainerFall] Loot Spawned [13] UniversalLight @ <12243.315430, 140.001007, 12621.115234> ... Lifespan: Set to 30 minutes.
[AirdropContainerFall] Loot Spawned [14] AmmoBox_762x39_20Rnd @ <12245.623047, 140.001007, 12622.886719> ... Lifespan: Set to 30 minutes.
[AirdropContainerFall] Loot Spawned [15] GorkaPants_Autumn @ <12244.788086, 140.001007, 12619.329102> ... Lifespan: Set to 30 minutes.
[AirdropContainerFall] Loot Spawned [16] TTSKOPants @ <12244.643555, 140.001007, 12621.680664> ... Lifespan: Set to 30 minutes.
[AirdropContainerFall] Loot Spawned [17] TacticalGoggles @ <12247.964844, 140.001007, 12619.119141> ... Lifespan: Set to 30 minutes.
[AirdropContainerFall] Loot Spawned [18] TTsKOJacket_Camo @ <12248.120117, 140.001007, 12622.871094> ... Lifespan: Set to 30 minutes.
[AirdropContainerFall] Loot Spawned [19] GorkaPants_Summer @ <12244.958984, 140.001007, 12622.020508> ... Lifespan: Set to 30 minutes.
[AirdropContainerFall] Loot Spawned [20] Binoculars @ <12247.026367, 140.001007, 12618.588867> ... Lifespan: Set to 30 minutes.
[AirdropContainerUnstuck] Container was unstuck.
