[InitializeContainer] Container created on 2021-03-19 @ 23-45-39
[InitializeContainer] Winds: Vector <-0.316692, 0.000000, 15.555093>, Speed 15.5583mps, Strength 0.1
[AirdropContainerFall] Drop Type 'Misc. Food', Container: 'RANDOM', Mode/Quantity/Iems: Random/29/30, Flare:  10%
[AirdropContainerFall] Loot Spawned [1] Zucchini @ <1944.194824, 173.984848, 5168.325195> ... Lifespan: Set to 30 minutes.
[AirdropContainerFall] Loot Spawned [2] TacticalBaconCan @ <1944.340576, 174.122070, 5173.554199> ... Lifespan: Set to 30 minutes.
[AirdropContainerFall] Loot Spawned [3] SodaCan_Pipsi @ <1943.063965, 173.968735, 5168.819824> ... Lifespan: Set to 30 minutes.
[AirdropContainerFall] Loot Spawned [4] Lard @ <1943.515869, 174.123672, 5174.436035> ... Lifespan: Set to 30 minutes.
[AirdropContainerFall] Loot Spawned [5] CaninaBerry @ <1945.693359, 174.106064, 5171.611328> ... Lifespan: Set to 30 minutes.
[AirdropContainerFall] Loot Spawned [6] SambucusBerry @ <1940.286743, 173.973633, 5171.906250> ... Lifespan: Set to 30 minutes.
[AirdropContainerFall] Loot Spawned [7] SodaCan_Kvass @ <1944.723877, 174.062653, 5170.866699> ... Lifespan: Set to 30 minutes.
[AirdropContainerFall] Loot Spawned [8] GreenBellPepper @ <1941.362671, 173.992935, 5171.535645> ... Lifespan: Set to 30 minutes.
[AirdropContainerFall] Loot Spawned [9] AK101 @ <1945.929932, 174.143204, 5172.719727> ... Lifespan: Set to 30 minutes.
[AirdropContainerFall] Loot Spawned [10] Canteen @ <1945.470825, 174.046783, 5169.493652> ... Lifespan: Set to 30 minutes.
[AirdropContainerFall] Loot Spawned [11] GreenBellPepper @ <1944.311646, 174.075531, 5171.787598> ... Lifespan: Set to 30 minutes.
[AirdropContainerFall] Loot Spawned [12] SodaCan_Spite @ <1943.531982, 174.095688, 5173.363281> ... Lifespan: Set to 30 minutes.
[AirdropContainerFall] Loot Spawned [13] CaninaBerry @ <1941.161133, 173.959000, 5170.408203> ... Lifespan: Set to 30 minutes.
[AirdropContainerFall] Loot Spawned [14] Tomato @ <1942.945068, 174.070816, 5172.968262> ... Lifespan: Set to 30 minutes.
[AirdropContainerFall] Loot Spawned [15] Pumpkin @ <1944.051758, 174.019623, 5169.840820> ... Lifespan: Set to 30 minutes.
[AirdropContainerFall] Loot Spawned [16] Pumpkin @ <1945.659668, 174.116425, 5172.033203> ... Lifespan: Set to 30 minutes.
[AirdropContainerFall] Loot Spawned [17] TacticalBaconCan @ <1940.416870, 173.902588, 5168.892090> ... Lifespan: Set to 30 minutes.
[AirdropContainerFall] Loot Spawned [18] SardinesCan @ <1944.362427, 174.082962, 5172.030273> ... Lifespan: Set to 30 minutes.
[AirdropContainerFall] Loot Spawned [19] BakedBeansCan @ <1945.163940, 174.149399, 5173.706543> ... Lifespan: Set to 30 minutes.
[AirdropContainerFall] Loot Spawned [20] TacticalBaconCan @ <1945.762085, 174.135101, 5172.598145> ... Lifespan: Set to 30 minutes.
[AirdropContainerFall] Loot Spawned [21] TunaCan @ <1940.654663, 173.953354, 5170.718750> ... Lifespan: Set to 30 minutes.
[AirdropContainerFall] Loot Spawned [22] TunaCan @ <1942.764526, 174.055450, 5172.541992> ... Lifespan: Set to 30 minutes.
[AirdropContainerFall] Loot Spawned [23] Lard @ <1941.396484, 173.917862, 5168.528809> ... Lifespan: Set to 30 minutes.
[AirdropContainerFall] Loot Spawned [24] PeachesCan @ <1940.234863, 173.952347, 5171.120117> ... Lifespan: Set to 30 minutes.
[AirdropContainerFall] Loot Spawned [25] Canteen @ <1944.389404, 174.071121, 5171.535645> ... Lifespan: Set to 30 minutes.
[AirdropContainerFall] Loot Spawned [26] Canteen @ <1942.358398, 173.953232, 5168.919922> ... Lifespan: Set to 30 minutes.
[AirdropContainerFall] Loot Spawned [27] SodaCan_Kvass @ <1940.234253, 173.943146, 5170.758301> ... Lifespan: Set to 30 minutes.
[AirdropContainerFall] Loot Spawned [28] Lard @ <1943.653809, 173.972778, 5168.389160> ... Lifespan: Set to 30 minutes.
[AirdropContainerFall] Loot Spawned [29] Plum @ <1940.830078, 174.004089, 5172.536621> ... Lifespan: Set to 30 minutes.
[AirdropContainerFall] Airdrop Flare Spawned @ <1940.957397, 174.020187, 5173.037598> ... Lifespan: Set to 30 minutes.
[AirdropContainerUnstuck] Container was unstuck.
[~AirdropContainerBase] Container Destroyed on 2021-03-20 @ 00-10-39
