[InitializeContainer] Container created on 2021-04-15 @ 05-29-51
[InitializeContainer] Winds: Vector <-2.998413, 0.000000, -1.579612>, Speed 3.38905mps, Strength 0.1
[AirdropContainerFall] Drop Type 'Military West', Container: 'AirdropContainer_Military', Mode/Quantity/Iems: Random/20/46, Flare:  10%
[AirdropContainerFall] Loot Spawned [1] M4A1 @ <5027.608887, 9.678488, 2547.022461> ... Lifespan: Set to 30 minutes.
[AirdropContainerFall] Loot Spawned [2] MilitaryBoots_Brown @ <5031.729980, 9.583079, 2543.699707> ... Lifespan: Set to 30 minutes.
[AirdropContainerFall] Loot Spawned [3] Rangefinder @ <5025.699219, 9.873337, 2545.314209> ... Lifespan: Set to 30 minutes.
[AirdropContainerFall] Loot Spawned [4] Mag_STANAG_30Rnd @ <5026.329102, 9.962340, 2542.231934> ... Lifespan: Set to 30 minutes.
[AirdropContainerFall] Loot Spawned [5] USMCPants_Desert @ <5030.097168, 9.615533, 2544.960449> ... Lifespan: Set to 30 minutes.
[AirdropContainerFall] Loot Spawned [6] Mag_STANAG_30Rnd @ <5027.733398, 9.710032, 2546.128418> ... Lifespan: Set to 30 minutes.
[AirdropContainerFall] Loot Spawned [7] KOD_M110_Tan @ <5031.102051, 9.664400, 2542.164063> ... Lifespan: Set to 30 minutes.
[AirdropContainerFall] Loot Spawned [8] M4_RISHndgrd @ <5027.455566, 9.729368, 2546.084717> ... Lifespan: Set to 30 minutes.
[AirdropContainerFall] Loot Spawned [9] AKM @ <5026.628906, 9.952076, 2541.739990> ... Lifespan: Set to 30 minutes.
[AirdropContainerFall] Loot Spawned [10] Rangefinder @ <5028.562988, 9.818410, 2542.459229> ... Lifespan: Set to 30 minutes.
[AirdropContainerFall] Loot Spawned [11] AmmoBox_45ACP_25Rnd @ <5028.803223, 9.807076, 2542.244141> ... Lifespan: Set to 30 minutes.
[AirdropContainerFall] Loot Spawned [12] MilitaryBoots_Black @ <5029.426270, 9.627101, 2545.811035> ... Lifespan: Set to 30 minutes.
[AirdropContainerFall] Loot Spawned [13] USMCJacket_Woodland @ <5028.758789, 9.821867, 2541.551270> ... Lifespan: Set to 30 minutes.
[AirdropContainerFall] Loot Spawned [14] M9A1_Bayonet @ <5027.118652, 9.776464, 2545.494141> ... Lifespan: Set to 30 minutes.
[AirdropContainerFall] Loot Spawned [15] AmmoBox_556x45_20Rnd @ <5029.372559, 9.758016, 2542.703125> ... Lifespan: Set to 30 minutes.
[AirdropContainerFall] Loot Spawned [16] MilitaryBoots_Beige @ <5029.132324, 9.784280, 2542.369385> ... Lifespan: Set to 30 minutes.
[AirdropContainerFall] Loot Spawned [17] M4_CQBBttstck @ <5025.934082, 9.845720, 2545.607422> ... Lifespan: Set to 30 minutes.
[AirdropContainerFall] Loot Spawned [18] AssaultBag_Black @ <5025.146973, 9.945235, 2544.466309> ... Lifespan: Set to 30 minutes.
[AirdropContainerFall] Loot Spawned [19] UKAssVest_Khaki @ <5027.701660, 9.891711, 2541.344971> ... Lifespan: Set to 30 minutes.
[AirdropContainerFall] Loot Spawned [20] M9A1_Bayonet @ <5025.721680, 9.867641, 2545.411621> ... Lifespan: Set to 30 minutes.
[AirdropContainerUnstuck] Container was unstuck.
[~AirdropContainerBase] Container Destroyed on 2021-04-15 @ 05-54-50
