[InitializeContainer] Container created on 2021-03-26 @ 14-52-39
[InitializeContainer] Winds: Vector <9.597077, 0.000000, -3.133871>, Speed 10.0958mps, Strength 0.1
[AirdropContainerFall] Drop Type 'Military East', Container: 'AirdropContainer_Military', Mode/Quantity/Iems: Random/20/33, Flare:  10%
[AirdropContainerFall] Loot Spawned [1] AK_Suppressor @ <1810.771606, 175.665726, 5246.485840> ... Lifespan: Set to 30 minutes.
[AirdropContainerFall] Loot Spawned [2] AK101 @ <1813.378540, 175.795029, 5248.590332> ... Lifespan: Set to 30 minutes.
[AirdropContainerFall] Loot Spawned [3] KOD_M16A4 @ <1814.287842, 175.694153, 5246.585449> ... Lifespan: Set to 30 minutes.
[AirdropContainerFall] Loot Spawned [4] AKM @ <1811.489380, 175.814758, 5249.196289> ... Lifespan: Set to 30 minutes.
[AirdropContainerFall] Loot Spawned [5] GorkaPants_Summer @ <1815.885742, 175.681351, 5246.411133> ... Lifespan: Set to 30 minutes.
[AirdropContainerFall] Loot Spawned [6] AK101 @ <1813.930908, 175.750519, 5247.686523> ... Lifespan: Set to 30 minutes.
[AirdropContainerFall] Loot Spawned [7] KOD_M16A4 @ <1813.238647, 175.470001, 5242.469238> ... Lifespan: Set to 30 minutes.
[AirdropContainerFall] Loot Spawned [8] GorkaPants_PautRev @ <1812.009033, 175.776611, 5248.416504> ... Lifespan: Set to 30 minutes.
[AirdropContainerFall] Loot Spawned [9] GorkaEJacket_Summer @ <1814.554565, 175.800720, 5248.549805> ... Lifespan: Set to 30 minutes.
[AirdropContainerFall] Loot Spawned [10] TacticalGloves_Black @ <1812.992554, 175.748413, 5247.764648> ... Lifespan: Set to 30 minutes.
[AirdropContainerFall] Loot Spawned [11] AK_Bayonet @ <1810.613403, 175.544189, 5244.164551> ... Lifespan: Set to 30 minutes.
[AirdropContainerFall] Loot Spawned [12] AK_Bayonet @ <1813.975220, 175.742752, 5247.535645> ... Lifespan: Set to 30 minutes.
[AirdropContainerFall] Loot Spawned [13] GorkaPants_Summer @ <1815.446533, 175.616714, 5245.122070> ... Lifespan: Set to 30 minutes.
[AirdropContainerFall] Loot Spawned [14] AK101 @ <1812.199585, 175.810242, 5249.022949> ... Lifespan: Set to 30 minutes.
[AirdropContainerFall] Loot Spawned [15] TacticalBaconCan @ <1809.495972, 175.615936, 5245.658691> ... Lifespan: Set to 30 minutes.
[AirdropContainerFall] Loot Spawned [16] Binoculars @ <1810.701172, 175.760773, 5248.282715> ... Lifespan: Set to 30 minutes.
[AirdropContainerFall] Loot Spawned [17] AK_Suppressor @ <1813.279907, 175.494110, 5242.928223> ... Lifespan: Set to 30 minutes.
[AirdropContainerFall] Loot Spawned [18] WeaponCleaningKit @ <1811.049316, 175.483307, 5242.949219> ... Lifespan: Set to 30 minutes.
[AirdropContainerFall] Loot Spawned [19] TacticalBaconCan @ <1810.189819, 175.586319, 5245.018555> ... Lifespan: Set to 30 minutes.
[AirdropContainerFall] Loot Spawned [20] AK101 @ <1809.623657, 175.532593, 5244.043457> ... Lifespan: Set to 30 minutes.
[AirdropContainerUnstuck] Container was unstuck.
[~AirdropContainerBase] Container Destroyed on 2021-03-26 @ 15-17-39
