[InitializeContainer] Container created on 2021-03-25 @ 07-20-16
[InitializeContainer] Winds: Vector <-0.908039, 0.000000, -6.001510>, Speed 6.06982mps, Strength 0.1
[AirdropContainerFall] Drop Type 'Military West', Container: 'AirdropContainer_Military', Mode/Quantity/Iems: Random/20/46, Flare:  10%
[AirdropContainerFall] Loot Spawned [1] UKAssVest_Khaki @ <5094.034668, 9.511386, 2444.438721> ... Lifespan: Set to 30 minutes.
[AirdropContainerFall] Loot Spawned [2] KOD_M110_Tan @ <5091.000977, 9.518548, 2446.315918> ... Lifespan: Set to 30 minutes.
[AirdropContainerFall] Loot Spawned [3] UKAssVest_Olive @ <5091.871094, 9.487844, 2444.013184> ... Lifespan: Set to 30 minutes.
[AirdropContainerFall] Loot Spawned [4] MilitaryBoots_Bluerock @ <5092.261230, 9.474273, 2442.995361> ... Lifespan: Set to 30 minutes.
[AirdropContainerFall] Loot Spawned [5] UKAssVest_Olive @ <5096.041016, 9.538774, 2445.164551> ... Lifespan: Set to 30 minutes.
[AirdropContainerFall] Loot Spawned [6] M4_CQBBttstck @ <5090.853516, 9.522948, 2446.694580> ... Lifespan: Set to 30 minutes.
[AirdropContainerFall] Loot Spawned [7] USMCPants_Woodland @ <5092.784668, 9.504038, 2448.892822> ... Lifespan: Set to 30 minutes.
[AirdropContainerFall] Loot Spawned [8] FNX45 @ <5091.483398, 9.471770, 2442.807617> ... Lifespan: Set to 30 minutes.
[AirdropContainerFall] Loot Spawned [9] UKAssVest_Olive @ <5089.548340, 9.515410, 2446.080566> ... Lifespan: Set to 30 minutes.
[AirdropContainerFall] Loot Spawned [10] AmmoBox_556x45_20Rnd @ <5091.385254, 9.492736, 2444.380127> ... Lifespan: Set to 30 minutes.
[AirdropContainerFall] Loot Spawned [11] UniversalLight @ <5095.133301, 9.529091, 2446.211426> ... Lifespan: Set to 30 minutes.
[AirdropContainerFall] Loot Spawned [12] AssaultBag_Black @ <5089.780762, 9.502725, 2445.129150> ... Lifespan: Set to 30 minutes.
[AirdropContainerFall] Loot Spawned [13] KOD_RSASS_Black @ <5094.992188, 9.523585, 2444.624756> ... Lifespan: Set to 30 minutes.
[AirdropContainerFall] Loot Spawned [14] MilitaryBoots_Bluerock @ <5094.796387, 9.511074, 2443.647705> ... Lifespan: Set to 30 minutes.
[AirdropContainerFall] Loot Spawned [15] USMCPants_Woodland @ <5092.894043, 9.505204, 2448.634277> ... Lifespan: Set to 30 minutes.
[AirdropContainerFall] Loot Spawned [16] CombatKnife @ <5092.372070, 9.502704, 2449.017334> ... Lifespan: Set to 30 minutes.
[AirdropContainerFall] Loot Spawned [17] M4_RISHndgrd @ <5092.260254, 9.504192, 2448.529053> ... Lifespan: Set to 30 minutes.
[AirdropContainerFall] Loot Spawned [18] UKAssVest_Olive @ <5095.623535, 9.534321, 2447.326660> ... Lifespan: Set to 30 minutes.
[AirdropContainerFall] Loot Spawned [19] MilitaryBoots_Bluerock @ <5093.257324, 9.509082, 2447.382813> ... Lifespan: Set to 30 minutes.
[AirdropContainerFall] Loot Spawned [20] M4_T3NrdSOptic @ <5091.244629, 9.517736, 2446.365234> ... Lifespan: Set to 30 minutes.
[AirdropContainerUnstuck] Container was unstuck.
[~AirdropContainerBase] Container Destroyed on 2021-03-25 @ 07-45-16
