[InitializeContainer] Container created on 2021-04-04 @ 22-13-06
[InitializeContainer] Winds: Vector <7.520923, 0.000000, -5.348831>, Speed 9.22899mps, Strength 0.1
[AirdropContainerFall] Drop Type 'Misc. Tools', Container: 'RANDOM', Mode/Quantity/Iems: Random/30/54, Flare:  10%
[AirdropContainerFall] Loot Spawned [1] Headtorch_Grey @ <11404.423828, 37.996811, 14297.770508> ... Lifespan: Set to 30 minutes.
[AirdropContainerFall] Loot Spawned [2] Crowbar @ <11406.613281, 37.923599, 14301.196289> ... Lifespan: Set to 30 minutes.
[AirdropContainerFall] Loot Spawned [3] Spotlight @ <11407.048828, 37.895004, 14298.696289> ... Lifespan: Set to 30 minutes.
[AirdropContainerFall] Loot Spawned [4] OrienteeringCompass @ <11402.979492, 38.017471, 14297.369141> ... Lifespan: Set to 30 minutes.
[AirdropContainerFall] Loot Spawned [5] ChernarusMap @ <11402.077148, 38.094528, 14299.651367> ... Lifespan: Set to 30 minutes.
[AirdropContainerFall] Loot Spawned [6] PortableGasLamp @ <11403.781250, 38.022861, 14298.257813> ... Lifespan: Set to 30 minutes.
[AirdropContainerFall] Loot Spawned [7] Chemlight_Green @ <11405.490234, 37.961124, 14298.594727> ... Lifespan: Set to 30 minutes.
[AirdropContainerFall] Loot Spawned [8] Headtorch_Black @ <11402.876953, 38.087921, 14302.422852> ... Lifespan: Set to 30 minutes.
[AirdropContainerFall] Loot Spawned [9] OrienteeringCompass @ <11404.087891, 38.031879, 14301.333008> ... Lifespan: Set to 30 minutes.
[AirdropContainerFall] Loot Spawned [10] KitchenKnife @ <11402.734375, 38.088238, 14300.979492> ... Lifespan: Set to 30 minutes.
[AirdropContainerFall] Loot Spawned [11] FirefighterAxe @ <11406.367188, 37.926804, 14299.370117> ... Lifespan: Set to 30 minutes.
[AirdropContainerFall] Loot Spawned [12] PortableGasLamp @ <11404.001953, 38.082909, 14303.280273> ... Lifespan: Set to 30 minutes.
[AirdropContainerFall] Loot Spawned [13] AKM @ <11401.386719, 38.115097, 14299.881836> ... Lifespan: Set to 30 minutes.
[AirdropContainerFall] Loot Spawned [14] CanOpener @ <11407.210938, 37.899979, 14301.667969> ... Lifespan: Set to 30 minutes.
[AirdropContainerFall] Loot Spawned [15] Machete @ <11407.711914, 37.877918, 14300.362305> ... Lifespan: Set to 30 minutes.
[AirdropContainerFall] Loot Spawned [16] Chemlight_Blue @ <11402.885742, 38.082890, 14301.263672> ... Lifespan: Set to 30 minutes.
[AirdropContainerFall] Loot Spawned [17] Megaphone @ <11407.112305, 37.897114, 14299.896484> ... Lifespan: Set to 30 minutes.
[AirdropContainerFall] Loot Spawned [18] PersonalRadio @ <11404.976563, 37.996048, 14301.848633> ... Lifespan: Set to 30 minutes.
[AirdropContainerFall] Loot Spawned [19] FirefighterAxe @ <11404.328125, 38.065800, 14303.221680> ... Lifespan: Set to 30 minutes.
[AirdropContainerFall] Loot Spawned [20] PortableGasLamp @ <11403.994141, 38.018700, 14298.272461> ... Lifespan: Set to 30 minutes.
[AirdropContainerFall] Loot Spawned [21] SledgeHammer @ <11401.274414, 38.144688, 14300.956055> ... Lifespan: Set to 30 minutes.
[AirdropContainerFall] Loot Spawned [22] SteakKnife @ <11404.329102, 38.009590, 14298.329102> ... Lifespan: Set to 30 minutes.
[AirdropContainerFall] Loot Spawned [23] Spotlight @ <11401.662109, 38.071255, 14298.382813> ... Lifespan: Set to 30 minutes.
[AirdropContainerFall] Loot Spawned [24] Megaphone @ <11406.278320, 37.933071, 14299.990234> ... Lifespan: Set to 30 minutes.
[AirdropContainerFall] Loot Spawned [25] Wrench @ <11404.073242, 37.991096, 14297.250000> ... Lifespan: Set to 30 minutes.
[AirdropContainerFall] Loot Spawned [26] ChernarusMap @ <11404.906250, 37.983120, 14297.873047> ... Lifespan: Set to 30 minutes.
[AirdropContainerFall] Loot Spawned [27] Hacksaw @ <11407.486328, 37.883789, 14300.560547> ... Lifespan: Set to 30 minutes.
[AirdropContainerFall] Loot Spawned [28] KOD_M16A4 @ <11403.031250, 38.073807, 14300.545898> ... Lifespan: Set to 30 minutes.
[AirdropContainerFall] Loot Spawned [29] ElectronicRepairKit @ <11405.929688, 37.957657, 14302.415039> ... Lifespan: Set to 30 minutes.
[AirdropContainerFall] Loot Spawned [30] AKM @ <11403.857422, 38.013004, 14297.932617> ... Lifespan: Set to 30 minutes.
[AirdropContainerFall] Airdrop Flare Spawned @ <11402.181641, 38.055103, 14298.183594> ... Lifespan: Set to 30 minutes.
[AirdropContainerUnstuck] Container was unstuck.
[~AirdropContainerBase] Container Destroyed on 2021-04-04 @ 22-38-06
