[InitializeContainer] Container created on 2021-05-04 @ 00-37-15
[InitializeContainer] Winds: Vector <10.464014, 0.000000, 7.264559>, Speed 12.7385mps, Strength 0.1
[AirdropContainerFall] Drop Type 'Misc. Tools', Container: 'RANDOM', Mode/Quantity/Iems: Random/20/50, Flare:  10%
[AirdropContainerFall] Loot Spawned [1] Chemlight_White @ <11410.302734, 37.907825, 14305.494141> ... Lifespan: Set to 60 minutes.
[AirdropContainerFall] Loot Spawned [2] LugWrench @ <11415.572266, 37.701000, 14310.308594> ... Lifespan: Set to 60 minutes.
[AirdropContainerFall] Loot Spawned [3] WeaponCleaningKit @ <11415.264648, 37.729336, 14319.860352> ... Lifespan: Set to 60 minutes.
[AirdropContainerFall] Loot Spawned [4] Pickaxe @ <11417.112305, 37.701000, 14316.438477> ... Lifespan: Set to 60 minutes.
[AirdropContainerFall] Loot Spawned [5] CombatKnife @ <11397.658203, 38.891220, 14313.815430> ... Lifespan: Set to 60 minutes.
[AirdropContainerFall] Loot Spawned [6] SledgeHammer @ <11415.235352, 37.740440, 14320.786133> ... Lifespan: Set to 60 minutes.
[AirdropContainerFall] Loot Spawned [7] BaseRadio @ <11411.634766, 38.206806, 14323.013672> ... Lifespan: Set to 60 minutes.
[AirdropContainerFall] Loot Spawned [8] ElectronicRepairKit @ <11407.730469, 38.734394, 14324.666016> ... Lifespan: Set to 60 minutes.
[AirdropContainerFall] Loot Spawned [9] HuntingKnife @ <11398.855469, 38.689030, 14310.039063> ... Lifespan: Set to 60 minutes.
[AirdropContainerFall] Loot Spawned [10] Roadflare @ <11411.935547, 38.162670, 14322.605469> ... Lifespan: Set to 60 minutes.
[AirdropContainerFall] Loot Spawned [11] Wrench @ <11399.916992, 38.537399, 14308.381836> ... Lifespan: Set to 60 minutes.
[AirdropContainerFall] Loot Spawned [12] OrienteeringCompass @ <11403.010742, 38.974400, 14323.500977> ... Lifespan: Set to 60 minutes.
[AirdropContainerFall] Loot Spawned [13] OrienteeringCompass @ <11399.543945, 38.577579, 14308.716797> ... Lifespan: Set to 60 minutes.
[AirdropContainerFall] Loot Spawned [14] Hatchet @ <11398.586914, 38.724049, 14310.839844> ... Lifespan: Set to 60 minutes.
[AirdropContainerFall] Loot Spawned [15] Rangefinder @ <11414.067383, 37.870384, 14321.465820> ... Lifespan: Set to 60 minutes.
[AirdropContainerFall] Loot Spawned [16] Chemlight_Blue @ <11414.472656, 37.729774, 14308.108398> ... Lifespan: Set to 60 minutes.
[AirdropContainerFall] Loot Spawned [17] FirefighterAxe @ <11397.344727, 38.998203, 14315.687500> ... Lifespan: Set to 60 minutes.
[AirdropContainerFall] Loot Spawned [18] BatteryCharger @ <11415.092773, 37.722271, 14319.271484> ... Lifespan: Set to 60 minutes.
[AirdropContainerFall] Loot Spawned [19] Screwdriver @ <11409.547852, 37.929966, 14305.596680> ... Lifespan: Set to 60 minutes.
[AirdropContainerFall] Loot Spawned [20] Rangefinder @ <11416.245117, 37.701000, 14310.736328> ... Lifespan: Set to 60 minutes.
[AirdropContainerUnstuck] Container was unstuck.
[~AirdropContainerBase] Container Destroyed on 2021-05-04 @ 01-00-02
