[InitializeContainer] Container created on 2021-04-19 @ 20-26-44
[InitializeContainer] Winds: Vector <8.998396, 0.000000, -3.931769>, Speed 9.81987mps, Strength 0.1
[AirdropContainerFall] Drop Type 'Military West', Container: 'AirdropContainer_Military', Mode/Quantity/Iems: Random/20/46, Flare:  10%
[AirdropContainerFall] Loot Spawned [1] M4_T3NrdSOptic @ <8707.261719, 388.060852, 9141.589844> ... Lifespan: Set to 30 minutes.
[AirdropContainerFall] Loot Spawned [2] AssaultBag_Black @ <8707.784180, 387.891907, 9136.888672> ... Lifespan: Set to 30 minutes.
[AirdropContainerFall] Loot Spawned [3] AmmoBox_45ACP_25Rnd @ <8704.005859, 388.236389, 9136.183594> ... Lifespan: Set to 30 minutes.
[AirdropContainerFall] Loot Spawned [4] TacticalBaconCan @ <8706.849609, 387.988251, 9137.163086> ... Lifespan: Set to 30 minutes.
[AirdropContainerFall] Loot Spawned [5] KOD_RSASS_Black @ <8705.318359, 388.128815, 9136.913086> ... Lifespan: Set to 30 minutes.
[AirdropContainerFall] Loot Spawned [6] USMCJacket_Woodland @ <8706.917969, 388.085602, 9141.265625> ... Lifespan: Set to 30 minutes.
[AirdropContainerFall] Loot Spawned [7] AK101 @ <8704.724609, 388.151245, 9135.545898> ... Lifespan: Set to 30 minutes.
[AirdropContainerFall] Loot Spawned [8] UKAssVest_Khaki @ <8706.950195, 388.083740, 9141.313477> ... Lifespan: Set to 30 minutes.
[AirdropContainerFall] Loot Spawned [9] USMCJacket_Desert @ <8707.433594, 387.920502, 9136.703125> ... Lifespan: Set to 30 minutes.
[AirdropContainerFall] Loot Spawned [10] AssaultBag_Black @ <8706.144531, 388.148712, 9140.826172> ... Lifespan: Set to 30 minutes.
[AirdropContainerFall] Loot Spawned [11] Rangefinder @ <8708.861328, 387.859955, 9139.650391> ... Lifespan: Set to 30 minutes.
[AirdropContainerFall] Loot Spawned [12] M9A1_Bayonet @ <8703.532227, 388.376434, 9139.916992> ... Lifespan: Set to 30 minutes.
[AirdropContainerFall] Loot Spawned [13] Rangefinder @ <8708.259766, 387.854919, 9137.204102> ... Lifespan: Set to 30 minutes.
[AirdropContainerFall] Loot Spawned [14] TacticalGoggles @ <8707.563477, 387.924713, 9137.359375> ... Lifespan: Set to 30 minutes.
[AirdropContainerFall] Loot Spawned [15] CombatKnife @ <8704.653320, 388.219086, 9137.952148> ... Lifespan: Set to 30 minutes.
[AirdropContainerFall] Loot Spawned [16] TacticalGloves_Black @ <8703.944336, 388.356873, 9140.706055> ... Lifespan: Set to 30 minutes.
[AirdropContainerFall] Loot Spawned [17] KOD_M16A4 @ <8706.179688, 388.053741, 9137.208984> ... Lifespan: Set to 30 minutes.
[AirdropContainerFall] Loot Spawned [18] M4_T3NrdSOptic @ <8706.668945, 388.126099, 9141.921875> ... Lifespan: Set to 30 minutes.
[AirdropContainerFall] Loot Spawned [19] AssaultBag_Ttsko @ <8703.820313, 388.322693, 9138.884766> ... Lifespan: Set to 30 minutes.
[AirdropContainerFall] Loot Spawned [20] AK101 @ <8704.969727, 388.244293, 9140.148438> ... Lifespan: Set to 30 minutes.
[AirdropContainerUnstuck] Container was unstuck.
[~AirdropContainerBase] Container Destroyed on 2021-04-19 @ 20-51-44
