[InitializeContainer] Container created on 2021-04-04 @ 17-53-50
[InitializeContainer] Winds: Vector <6.997048, 0.000000, -5.719070>, Speed 9.03695mps, Strength 0.1
[AirdropContainerFall] Drop Type 'Misc. Food', Container: 'RANDOM', Mode/Quantity/Iems: Random/29/30, Flare:  10%
[AirdropContainerFall] Loot Spawned [1] TunaCan @ <3041.991699, 208.523315, 12769.271484> ... Lifespan: Set to 30 minutes.
[AirdropContainerFall] Loot Spawned [2] Rice @ <3039.897949, 208.602814, 12773.496094> ... Lifespan: Set to 30 minutes.
[AirdropContainerFall] Loot Spawned [3] TunaCan @ <3039.250488, 208.625656, 12772.135742> ... Lifespan: Set to 30 minutes.
[AirdropContainerFall] Loot Spawned [4] Tomato @ <3039.535156, 208.619370, 12767.210938> ... Lifespan: Set to 30 minutes.
[AirdropContainerFall] Loot Spawned [5] Rice @ <3036.875732, 208.717484, 12770.744141> ... Lifespan: Set to 30 minutes.
[AirdropContainerFall] Loot Spawned [6] Potato @ <3037.668457, 208.690414, 12768.060547> ... Lifespan: Set to 30 minutes.
[AirdropContainerFall] Loot Spawned [7] BakedBeansCan @ <3038.126709, 208.671265, 12769.116211> ... Lifespan: Set to 30 minutes.
[AirdropContainerFall] Loot Spawned [8] SpaghettiCan @ <3040.364746, 208.585373, 12768.637695> ... Lifespan: Set to 30 minutes.
[AirdropContainerFall] Loot Spawned [9] Plum @ <3037.926514, 208.679001, 12769.133789> ... Lifespan: Set to 30 minutes.
[AirdropContainerFall] Loot Spawned [10] SodaCan_Spite @ <3037.928711, 208.676300, 12771.085938> ... Lifespan: Set to 30 minutes.
[AirdropContainerFall] Loot Spawned [11] SardinesCan @ <3041.565918, 208.539215, 12768.573242> ... Lifespan: Set to 30 minutes.
[AirdropContainerFall] Loot Spawned [12] Pear @ <3042.360352, 208.509552, 12769.214844> ... Lifespan: Set to 30 minutes.
[AirdropContainerFall] Loot Spawned [13] SodaCan_Spite @ <3039.758057, 208.606705, 12771.944336> ... Lifespan: Set to 30 minutes.
[AirdropContainerFall] Loot Spawned [14] KOD_M16A4 @ <3042.737305, 208.495483, 12770.716797> ... Lifespan: Set to 30 minutes.
[AirdropContainerFall] Loot Spawned [15] KOD_M16A4 @ <3041.047363, 208.558578, 12770.615234> ... Lifespan: Set to 30 minutes.
[AirdropContainerFall] Loot Spawned [16] Lard @ <3041.117188, 208.555969, 12770.393555> ... Lifespan: Set to 30 minutes.
[AirdropContainerFall] Loot Spawned [17] Zucchini @ <3040.451660, 208.581818, 12773.257813> ... Lifespan: Set to 30 minutes.
[AirdropContainerFall] Loot Spawned [18] KOD_M16A4 @ <3042.697754, 208.496948, 12770.177734> ... Lifespan: Set to 30 minutes.
[AirdropContainerFall] Loot Spawned [19] SodaCan_Cola @ <3037.344482, 208.697021, 12772.541016> ... Lifespan: Set to 30 minutes.
[AirdropContainerFall] Loot Spawned [20] AKM @ <3038.884033, 208.642624, 12768.643555> ... Lifespan: Set to 30 minutes.
[AirdropContainerFall] Loot Spawned [21] Pumpkin @ <3038.419189, 208.662277, 12767.381836> ... Lifespan: Set to 30 minutes.
[AirdropContainerFall] Loot Spawned [22] PeachesCan @ <3039.458496, 208.617889, 12771.830078> ... Lifespan: Set to 30 minutes.
[AirdropContainerFall] Loot Spawned [23] Canteen @ <3041.906738, 208.526489, 12769.124023> ... Lifespan: Set to 30 minutes.
[AirdropContainerFall] Loot Spawned [24] AK101 @ <3038.368164, 208.662109, 12768.995117> ... Lifespan: Set to 30 minutes.
[AirdropContainerFall] Loot Spawned [25] Canteen @ <3040.831787, 208.567368, 12768.607422> ... Lifespan: Set to 30 minutes.
[AirdropContainerFall] Loot Spawned [26] SpaghettiCan @ <3042.271973, 208.512848, 12767.930664> ... Lifespan: Set to 30 minutes.
[AirdropContainerFall] Loot Spawned [27] PowderedMilk @ <3040.172607, 208.591232, 12772.323242> ... Lifespan: Set to 30 minutes.
[AirdropContainerFall] Loot Spawned [28] AK101 @ <3037.820801, 208.679916, 12771.519531> ... Lifespan: Set to 30 minutes.
[AirdropContainerFall] Loot Spawned [29] KOD_DVL10 @ <3040.126465, 208.596725, 12767.038086> ... Lifespan: Set to 30 minutes.
[AirdropContainerUnstuck] Container was unstuck.
[~AirdropContainerBase] Container Destroyed on 2021-04-04 @ 18-18-50
