[InitializeContainer] Container created on 2021-04-08 @ 19-17-54
[InitializeContainer] Winds: Vector <-3.687702, 0.000000, 15.733171>, Speed 16.1596mps, Strength 0.1
[AirdropContainerFall] Drop Type 'Misc. Food', Container: 'RANDOM', Mode/Quantity/Iems: Random/29/30, Flare:  10%
[AirdropContainerFall] Loot Spawned [1] SodaCan_Spite @ <12370.245117, 24.406916, 9294.564453> ... Lifespan: Set to 30 minutes.
[AirdropContainerFall] Loot Spawned [2] BakedBeansCan @ <12367.033203, 24.499334, 9294.140625> ... Lifespan: Set to 30 minutes.
[AirdropContainerFall] Loot Spawned [3] GreenBellPepper @ <12367.317383, 24.369316, 9296.661133> ... Lifespan: Set to 30 minutes.
[AirdropContainerFall] Loot Spawned [4] PeachesCan @ <12370.174805, 24.372019, 9295.303711> ... Lifespan: Set to 30 minutes.
[AirdropContainerFall] Loot Spawned [5] SodaCan_Cola @ <12371.234375, 24.426306, 9293.715820> ... Lifespan: Set to 30 minutes.
[AirdropContainerFall] Loot Spawned [6] Pear @ <12370.866211, 24.280293, 9296.864258> ... Lifespan: Set to 30 minutes.
[AirdropContainerFall] Loot Spawned [7] SardinesCan @ <12367.077148, 24.346790, 9297.215820> ... Lifespan: Set to 30 minutes.
[AirdropContainerFall] Loot Spawned [8] Canteen @ <12367.967773, 24.371490, 9296.328125> ... Lifespan: Set to 30 minutes.
[AirdropContainerFall] Loot Spawned [9] KOD_M16A4 @ <12370.777344, 24.464323, 9293.156250> ... Lifespan: Set to 30 minutes.
[AirdropContainerFall] Loot Spawned [10] Lard @ <12369.832031, 24.478558, 9293.301758> ... Lifespan: Set to 30 minutes.
[AirdropContainerFall] Loot Spawned [11] Tomato @ <12366.481445, 24.575846, 9292.897461> ... Lifespan: Set to 30 minutes.
[AirdropContainerFall] Loot Spawned [12] SardinesCan @ <12370.336914, 24.359674, 9295.479492> ... Lifespan: Set to 30 minutes.
[AirdropContainerFall] Loot Spawned [13] SpaghettiCan @ <12367.028320, 24.434160, 9295.463867> ... Lifespan: Set to 30 minutes.
[AirdropContainerFall] Loot Spawned [14] Apple @ <12371.246094, 24.319826, 9295.869141> ... Lifespan: Set to 30 minutes.
[AirdropContainerFall] Loot Spawned [15] AK101 @ <12368.053711, 24.368050, 9296.358398> ... Lifespan: Set to 30 minutes.
[AirdropContainerFall] Loot Spawned [16] TunaCan @ <12371.186523, 24.293213, 9296.447266> ... Lifespan: Set to 30 minutes.
[AirdropContainerFall] Loot Spawned [17] Canteen @ <12368.391602, 24.295443, 9297.674805> ... Lifespan: Set to 30 minutes.
[AirdropContainerFall] Loot Spawned [18] TacticalBaconCan @ <12371.235352, 24.378454, 9294.685547> ... Lifespan: Set to 30 minutes.
[AirdropContainerFall] Loot Spawned [19] SodaCan_Kvass @ <12370.132813, 24.389278, 9294.973633> ... Lifespan: Set to 30 minutes.
[AirdropContainerFall] Loot Spawned [20] GreenBellPepper @ <12368.476563, 24.350443, 9296.521484> ... Lifespan: Set to 30 minutes.
[AirdropContainerFall] Loot Spawned [21] Canteen @ <12370.538086, 24.406914, 9294.429688> ... Lifespan: Set to 30 minutes.
[AirdropContainerFall] Loot Spawned [22] SambucusBerry @ <12371.576172, 24.390606, 9294.283203> ... Lifespan: Set to 30 minutes.
[AirdropContainerFall] Loot Spawned [23] Canteen @ <12365.930664, 24.379198, 9297.023438> ... Lifespan: Set to 30 minutes.
[AirdropContainerFall] Loot Spawned [24] PeachesCan @ <12367.032227, 24.524149, 9293.638672> ... Lifespan: Set to 30 minutes.
[AirdropContainerFall] Loot Spawned [25] Tomato @ <12366.878906, 24.537207, 9293.436523> ... Lifespan: Set to 30 minutes.
[AirdropContainerFall] Loot Spawned [26] Canteen @ <12369.806641, 24.246336, 9298.049805> ... Lifespan: Set to 30 minutes.
[AirdropContainerFall] Loot Spawned [27] AK101 @ <12370.276367, 24.520672, 9292.236328> ... Lifespan: Set to 30 minutes.
[AirdropContainerFall] Loot Spawned [28] SambucusBerry @ <12365.546875, 24.407078, 9296.614258> ... Lifespan: Set to 30 minutes.
[AirdropContainerFall] Loot Spawned [29] KOD_DVL10 @ <12368.532227, 24.268917, 9298.148438> ... Lifespan: Set to 30 minutes.
[AirdropContainerUnstuck] Container was unstuck.
[~AirdropContainerBase] Container Destroyed on 2021-04-08 @ 19-42-54
