[AirdropBase] Base class created & settings loaded.
[2021-05-02 @ 01-31-24] ----------------------------------------------------------------------------------------------------
[EOnCallAirdrop] Drop zone asigned: Elektrozavodsk <10050.000000, 0.000000, 2450.000000>
[EOnCallAirdrop] Drop zone offset to: <10016.486328, 2438.000000, 2434.808838>
[EOnCallAirdrop] Aircraft spawn point: <16360.000000, 2438.000000, 10927.416992>
[EOnCallAirdrop] Aircraft bearing ... Angle/Bearing: 0.930934° / 36.6614°, Text: 'North/East (37°)'
[EOnCallAirdrop] Aircraft has been dispatched to 'Elektrozavodsk' from the North/East (37°).
[2021-05-02 @ 02-01-50] ----------------------------------------------------------------------------------------------------
[EOnCallAirdrop] Drop zone asigned: Krasnostav Airstrip <12160.000000, 0.000000, 12645.000000>
[EOnCallAirdrop] Drop zone offset to: <12167.473633, 2438.000000, 12672.541992>
[EOnCallAirdrop] Aircraft spawn point: <16360.000000, 2438.000000, 7094.834473>
[EOnCallAirdrop] Aircraft bearing ... Angle/Bearing: -0.922999° / 142.884°, Text: 'South/East (143°)'
[EOnCallAirdrop] Aircraft has been dispatched to 'Krasnostav Airstrip' from the South/East (143°).
[2021-05-02 @ 02-32-17] ----------------------------------------------------------------------------------------------------
[EOnCallAirdrop] Drop zone asigned: Balota Airstrip <5025.000000, 0.000000, 2455.000000>
[EOnCallAirdrop] Drop zone offset to: <4983.088379, 2438.000000, 2480.084473>
[EOnCallAirdrop] Aircraft spawn point: <16360.000000, 2438.000000, 5904.900879>
[EOnCallAirdrop] Aircraft bearing ... Angle/Bearing: 0.29545° / 73.0719°, Text: 'East (73°)'
[EOnCallAirdrop] Aircraft has been dispatched to 'Balota Airstrip' from the East (73°).
[2021-05-02 @ 03-02-45] ----------------------------------------------------------------------------------------------------
[EOnCallAirdrop] Drop zone asigned: Myshkino <1900.000000, 0.000000, 7600.000000>
[EOnCallAirdrop] Drop zone offset to: <1850.963379, 2438.000000, 7617.722168>
[EOnCallAirdrop] Aircraft spawn point: <16360.000000, 2438.000000, 6135.894043>
[EOnCallAirdrop] Aircraft bearing ... Angle/Bearing: -0.100908° / 95.7816°, Text: 'East (96°)'
[EOnCallAirdrop] Aircraft has been dispatched to 'Myshkino' from the East (96°).
[2021-05-02 @ 03-33-12] ----------------------------------------------------------------------------------------------------
[EOnCallAirdrop] Drop zone asigned: Elektrozavodsk <10050.000000, 0.000000, 2450.000000>
[EOnCallAirdrop] Drop zone offset to: <9997.444336, 2438.000000, 2430.527832>
[EOnCallAirdrop] Aircraft spawn point: <2409.801270, 2438.000000, 16360.000000>
[EOnCallAirdrop] Aircraft bearing ... Angle/Bearing: 2.07307° / 331.222°, Text: 'North/West (331°)'
[EOnCallAirdrop] Aircraft has been dispatched to 'Elektrozavodsk' from the North/West (331°).
[2021-05-02 @ 04-03-39] ----------------------------------------------------------------------------------------------------
[EOnCallAirdrop] Drop zone asigned: Novaya Petrovka <3100.000000, 0.000000, 12840.000000>
[EOnCallAirdrop] Drop zone offset to: <3100.468750, 2438.000000, 12846.563477>
[EOnCallAirdrop] Aircraft spawn point: <12138.542969, 2438.000000, -1000.000000>
[EOnCallAirdrop] Aircraft bearing ... Angle/Bearing: -0.992263° / 146.852°, Text: 'South/East (147°)'
[EOnCallAirdrop] Aircraft has been dispatched to 'Novaya Petrovka' from the South/East (147°).
[2021-05-02 @ 04-34-07] ----------------------------------------------------------------------------------------------------
[EOnCallAirdrop] Drop zone asigned: Skalisty Island <13575.000000, 0.000000, 3055.000000>
[EOnCallAirdrop] Drop zone offset to: <13570.948242, 2438.000000, 3054.201904>
[EOnCallAirdrop] Aircraft spawn point: <-1000.000000, 2438.000000, 10450.595703>
[EOnCallAirdrop] Aircraft bearing ... Angle/Bearing: 2.67203° / 296.904°, Text: 'North/West (297°)'
[EOnCallAirdrop] Aircraft has been dispatched to 'Skalisty Island' from the North/West (297°).
