[InitializeContainer] Container created on 2021-03-16 @ 14-30-12
[InitializeContainer] Winds: Vector <-2.849426, 0.000000, -1.097949>, Speed 3.05364mps, Strength 0.1
[AirdropContainerFall] Drop Type 'Military West', Container: 'AirdropContainer_Military', Mode/Quantity/Iems: Random/20/46, Flare:  10%
[AirdropContainerFall] Loot Spawned [1] AssaultBag_Green @ <7350.880371, 10.745521, 3574.752930> ... Lifespan: Set to 30 minutes.
[AirdropContainerFall] Loot Spawned [2] USMCPants_Woodland @ <7347.914551, 10.881715, 3571.975098> ... Lifespan: Set to 30 minutes.
[AirdropContainerFall] Loot Spawned [3] MilitaryBoots_Brown @ <7345.672852, 11.056510, 3575.279785> ... Lifespan: Set to 30 minutes.
[AirdropContainerFall] Loot Spawned [4] Binoculars @ <7345.174316, 11.082005, 3574.153320> ... Lifespan: Set to 30 minutes.
[AirdropContainerFall] Loot Spawned [5] TacticalGloves_Green @ <7347.923828, 10.928366, 3575.341553> ... Lifespan: Set to 30 minutes.
[AirdropContainerFall] Loot Spawned [6] AssaultBag_Black @ <7348.336914, 10.855567, 3570.751221> ... Lifespan: Set to 30 minutes.
[AirdropContainerFall] Loot Spawned [7] M4A1 @ <7346.606445, 10.983396, 3571.873535> ... Lifespan: Set to 30 minutes.
[AirdropContainerFall] Loot Spawned [8] USMCJacket_Woodland @ <7349.699707, 10.804215, 3573.819580> ... Lifespan: Set to 30 minutes.
[AirdropContainerFall] Loot Spawned [9] TacticalGloves_Black @ <7348.972656, 10.826344, 3572.486816> ... Lifespan: Set to 30 minutes.
[AirdropContainerFall] Loot Spawned [10] TacticalBaconCan @ <7350.633301, 10.732390, 3572.801514> ... Lifespan: Set to 30 minutes.
[AirdropContainerFall] Loot Spawned [11] Mag_STANAG_30Rnd @ <7348.646973, 10.906366, 3576.668701> ... Lifespan: Set to 30 minutes.
[AirdropContainerFall] Loot Spawned [12] AssaultBag_Ttsko @ <7345.832520, 11.049077, 3575.397461> ... Lifespan: Set to 30 minutes.
[AirdropContainerFall] Loot Spawned [13] CombatKnife @ <7345.309082, 11.070270, 3574.402100> ... Lifespan: Set to 30 minutes.
[AirdropContainerFall] Loot Spawned [14] USMCPants_Woodland @ <7346.384766, 10.997442, 3572.458984> ... Lifespan: Set to 30 minutes.
[AirdropContainerFall] Loot Spawned [15] USMCJacket_Woodland @ <7350.190430, 10.797413, 3575.343506> ... Lifespan: Set to 30 minutes.
[AirdropContainerFall] Loot Spawned [16] UKAssVest_Black @ <7345.249512, 11.081266, 3573.203125> ... Lifespan: Set to 30 minutes.
[AirdropContainerFall] Loot Spawned [17] TacticalBaconCan @ <7345.247559, 11.084995, 3572.530273> ... Lifespan: Set to 30 minutes.
[AirdropContainerFall] Loot Spawned [18] WeaponCleaningKit @ <7346.250488, 11.013382, 3571.415039> ... Lifespan: Set to 30 minutes.
[AirdropContainerFall] Loot Spawned [19] USMCPants_Woodland @ <7347.127441, 10.991611, 3576.541748> ... Lifespan: Set to 30 minutes.
[AirdropContainerFall] Loot Spawned [20] KOD_M110_Tan @ <7349.489746, 10.849763, 3576.103760> ... Lifespan: Set to 30 minutes.
[AirdropContainerUnstuck] Container was unstuck.
[~AirdropContainerBase] Container Destroyed on 2021-03-16 @ 14-55-12
