[InitializeContainer] Container created on 2021-05-03 @ 17-32-00
[InitializeContainer] Winds: Vector <10.404169, 0.000000, 7.409357>, Speed 12.7728mps, Strength 0.1
[AirdropContainerFall] Drop Type 'Military West', Container: 'RANDOM', Mode/Quantity/Iems: Random/20/40, Flare:  10%
[AirdropContainerFall] Loot Spawned [1] Binoculars @ <1780.871338, 173.502655, 5205.280762> ... Lifespan: Set to 60 minutes.
[AirdropContainerFall] Loot Spawned [2] MilitaryBoots_Black @ <1781.533203, 173.564087, 5208.299805> ... Lifespan: Set to 60 minutes.
[AirdropContainerFall] Loot Spawned [3] PistolSuppressor @ <1779.515747, 173.473419, 5206.342285> ... Lifespan: Set to 60 minutes.
[AirdropContainerFall] Loot Spawned [4] AssaultBag_Green @ <1783.437744, 173.592773, 5205.881348> ... Lifespan: Set to 60 minutes.
[AirdropContainerFall] Loot Spawned [5] PistolSuppressor @ <1785.486694, 173.691269, 5207.636719> ... Lifespan: Set to 60 minutes.
[AirdropContainerFall] Loot Spawned [6] PistolSuppressor @ <1782.997192, 173.555908, 5204.249023> ... Lifespan: Set to 60 minutes.
[AirdropContainerFall] Loot Spawned [7] FNX45 @ <1779.174194, 173.477036, 5207.434082> ... Lifespan: Set to 60 minutes.
[AirdropContainerFall] Loot Spawned [8] USMCPants_Woodland @ <1783.133179, 173.647949, 5209.641602> ... Lifespan: Set to 60 minutes.
[AirdropContainerFall] Loot Spawned [9] USMCJacket_Desert @ <1783.704102, 173.592682, 5205.235840> ... Lifespan: Set to 60 minutes.
[AirdropContainerFall] Loot Spawned [10] USMCPants_Desert @ <1781.870972, 173.526184, 5204.678711> ... Lifespan: Set to 60 minutes.
[AirdropContainerFall] Loot Spawned [11] Binoculars @ <1781.731934, 173.510925, 5203.942383> ... Lifespan: Set to 60 minutes.
[AirdropContainerFall] Loot Spawned [12] UniversalLight @ <1784.287109, 173.663528, 5208.168457> ... Lifespan: Set to 60 minutes.
[AirdropContainerFall] Loot Spawned [13] M9A1_Bayonet @ <1779.394043, 173.474228, 5206.695801> ... Lifespan: Set to 60 minutes.
[AirdropContainerFall] Loot Spawned [14] AssaultBag_Ttsko @ <1781.593872, 173.526260, 5205.317871> ... Lifespan: Set to 60 minutes.
[AirdropContainerFall] Loot Spawned [15] Rangefinder @ <1779.865234, 173.519592, 5208.965820> ... Lifespan: Set to 60 minutes.
[AirdropContainerFall] Loot Spawned [16] Mag_STANAG_30Rnd @ <1782.442627, 173.534515, 5204.000000> ... Lifespan: Set to 60 minutes.
[AirdropContainerFall] Loot Spawned [17] M4_Suppressor @ <1781.548096, 173.498276, 5203.480957> ... Lifespan: Set to 60 minutes.
[AirdropContainerFall] Loot Spawned [18] Mag_STANAG_30Rnd @ <1784.017212, 173.600952, 5205.104004> ... Lifespan: Set to 60 minutes.
[AirdropContainerFall] Loot Spawned [19] USMCJacket_Woodland @ <1780.767090, 173.501587, 5205.451660> ... Lifespan: Set to 60 minutes.
[AirdropContainerFall] Loot Spawned [20] AmmoBox_45ACP_25Rnd @ <1783.112793, 173.564713, 5204.597168> ... Lifespan: Set to 60 minutes.
[AirdropContainerFall] Airdrop Flare Spawned @ <1785.361084, 173.667038, 5206.490723> ... Lifespan: Set to 60 minutes.
[AirdropContainerUnstuck] Container was unstuck.
[~AirdropContainerBase] Container Destroyed on 2021-05-03 @ 18-02-00
