[InitializeContainer] Container created on 2021-03-30 @ 05-30-28
[InitializeContainer] Winds: Vector <-2.467874, 0.000000, -0.441407>, Speed 2.50704mps, Strength 0.1
[AirdropContainerFall] Drop Type 'Military West', Container: 'AirdropContainer_Military', Mode/Quantity/Iems: Random/20/46, Flare:  10%
[AirdropContainerFall] Loot Spawned [1] M4_T3NrdSOptic @ <1971.586670, 288.260559, 7640.899902> ... Lifespan: Set to 30 minutes.
[AirdropContainerFall] Loot Spawned [2] UKAssVest_Camo @ <1971.473877, 288.730957, 7637.969238> ... Lifespan: Set to 30 minutes.
[AirdropContainerFall] Loot Spawned [3] UKAssVest_Khaki @ <1971.671387, 288.455658, 7639.756836> ... Lifespan: Set to 30 minutes.
[AirdropContainerFall] Loot Spawned [4] UKAssVest_Black @ <1971.878052, 288.023254, 7643.000977> ... Lifespan: Set to 30 minutes.
[AirdropContainerFall] Loot Spawned [5] Canteen @ <1975.565430, 289.515167, 7639.544434> ... Lifespan: Set to 30 minutes.
[AirdropContainerFall] Loot Spawned [6] KOD_RSASS_Black @ <1970.309326, 288.054565, 7641.449707> ... Lifespan: Set to 30 minutes.
[AirdropContainerFall] Loot Spawned [7] CanOpener @ <1970.626587, 288.056458, 7641.613281> ... Lifespan: Set to 30 minutes.
[AirdropContainerFall] Loot Spawned [8] MilitaryBoots_Bluerock @ <1971.882813, 288.023834, 7642.958008> ... Lifespan: Set to 30 minutes.
[AirdropContainerFall] Loot Spawned [9] TacticalGloves_Black @ <1971.120728, 287.955688, 7642.586914> ... Lifespan: Set to 30 minutes.
[AirdropContainerFall] Loot Spawned [10] MilitaryBoots_Black @ <1974.918213, 289.110931, 7641.457520> ... Lifespan: Set to 30 minutes.
[AirdropContainerFall] Loot Spawned [11] Mag_STANAG_30Rnd @ <1976.398926, 289.786957, 7640.242188> ... Lifespan: Set to 30 minutes.
[AirdropContainerFall] Loot Spawned [12] USMCPants_Woodland @ <1972.446167, 288.169617, 7641.929199> ... Lifespan: Set to 30 minutes.
[AirdropContainerFall] Loot Spawned [13] M4_T3NrdSOptic @ <1974.302734, 289.352936, 7638.115234> ... Lifespan: Set to 30 minutes.
[AirdropContainerFall] Loot Spawned [14] M9A1_Bayonet @ <1975.024658, 289.350006, 7639.482910> ... Lifespan: Set to 30 minutes.
[AirdropContainerFall] Loot Spawned [15] AKM @ <1974.231812, 289.467438, 7637.284180> ... Lifespan: Set to 30 minutes.
[AirdropContainerFall] Loot Spawned [16] CanOpener @ <1971.887207, 288.374451, 7640.371582> ... Lifespan: Set to 30 minutes.
[AirdropContainerFall] Loot Spawned [17] AK101 @ <1970.306030, 288.316803, 7639.848633> ... Lifespan: Set to 30 minutes.
[AirdropContainerFall] Loot Spawned [18] KOD_M16A4 @ <1971.317261, 288.815063, 7637.369629> ... Lifespan: Set to 30 minutes.
[AirdropContainerFall] Loot Spawned [19] AssaultBag_Black @ <1975.329956, 289.380432, 7640.083496> ... Lifespan: Set to 30 minutes.
[AirdropContainerFall] Loot Spawned [20] TacticalGloves_Beige @ <1975.075317, 289.378937, 7639.400879> ... Lifespan: Set to 30 minutes.
[AirdropContainerFall] Airdrop Flare Spawned @ <1974.285278, 289.530334, 7637.000488> ... Lifespan: Set to 30 minutes.
[AirdropContainerUnstuck] Container was unstuck.
[~AirdropContainerBase] Container Destroyed on 2021-03-30 @ 05-55-28
