[InitializeContainer] Container created on 2021-04-15 @ 23-10-14
[InitializeContainer] Winds: Vector <5.937746, 0.000000, -6.308421>, Speed 8.66331mps, Strength 0.1
[AirdropContainerFall] Drop Type 'Misc. Food', Container: 'RANDOM', Mode/Quantity/Iems: Random/29/30, Flare:  10%
[AirdropContainerFall] Loot Spawned [1] TunaCan @ <6552.215332, 296.070496, 7722.616211> ... Lifespan: Set to 30 minutes.
[AirdropContainerFall] Loot Spawned [2] Rice @ <6551.812500, 295.732513, 7718.075195> ... Lifespan: Set to 30 minutes.
[AirdropContainerFall] Loot Spawned [3] CaninaBerry @ <6549.795410, 295.937897, 7720.754395> ... Lifespan: Set to 30 minutes.
[AirdropContainerFall] Loot Spawned [4] SodaCan_Spite @ <6549.323242, 295.707977, 7717.657715> ... Lifespan: Set to 30 minutes.
[AirdropContainerFall] Loot Spawned [5] BoxCerealCrunchin @ <6551.873047, 296.119385, 7723.259277> ... Lifespan: Set to 30 minutes.
[AirdropContainerFall] Loot Spawned [6] AK101 @ <6553.426270, 296.097412, 7723.020508> ... Lifespan: Set to 30 minutes.
[AirdropContainerFall] Loot Spawned [7] SardinesCan @ <6548.149902, 295.836060, 7719.331543> ... Lifespan: Set to 30 minutes.
[AirdropContainerFall] Loot Spawned [8] Plum @ <6552.826172, 295.785370, 7718.819824> ... Lifespan: Set to 30 minutes.
[AirdropContainerFall] Loot Spawned [9] GreenBellPepper @ <6553.042969, 295.722778, 7717.989258> ... Lifespan: Set to 30 minutes.
[AirdropContainerFall] Loot Spawned [10] AKM @ <6548.406738, 295.860138, 7719.662598> ... Lifespan: Set to 30 minutes.
[AirdropContainerFall] Loot Spawned [11] Apple @ <6549.667969, 295.867340, 7719.804688> ... Lifespan: Set to 30 minutes.
[AirdropContainerFall] Loot Spawned [12] SodaCan_Cola @ <6550.110840, 295.828857, 7719.305176> ... Lifespan: Set to 30 minutes.
[AirdropContainerFall] Loot Spawned [13] Pear @ <6549.793457, 295.923340, 7720.559570> ... Lifespan: Set to 30 minutes.
[AirdropContainerFall] Loot Spawned [14] BoxCerealCrunchin @ <6552.666504, 295.766235, 7718.557617> ... Lifespan: Set to 30 minutes.
[AirdropContainerFall] Loot Spawned [15] AK101 @ <6552.621094, 295.979584, 7721.413574> ... Lifespan: Set to 30 minutes.
[AirdropContainerFall] Loot Spawned [16] PowderedMilk @ <6549.562500, 296.113007, 7723.090820> ... Lifespan: Set to 30 minutes.
[AirdropContainerFall] Loot Spawned [17] GreenBellPepper @ <6550.613281, 296.032806, 7722.054688> ... Lifespan: Set to 30 minutes.
[AirdropContainerFall] Loot Spawned [18] Plum @ <6548.328125, 295.939575, 7720.723633> ... Lifespan: Set to 30 minutes.
[AirdropContainerFall] Loot Spawned [19] Tomato @ <6551.702637, 296.024689, 7721.984863> ... Lifespan: Set to 30 minutes.
[AirdropContainerFall] Loot Spawned [20] SodaCan_Cola @ <6550.781738, 295.736969, 7718.098633> ... Lifespan: Set to 30 minutes.
[AirdropContainerFall] Loot Spawned [21] SpaghettiCan @ <6548.301758, 295.863342, 7719.702148> ... Lifespan: Set to 30 minutes.
[AirdropContainerFall] Loot Spawned [22] GreenBellPepper @ <6554.676270, 295.818024, 7719.323730> ... Lifespan: Set to 30 minutes.
[AirdropContainerFall] Loot Spawned [23] PeachesCan @ <6548.982910, 295.723572, 7717.854492> ... Lifespan: Set to 30 minutes.
[AirdropContainerFall] Loot Spawned [24] SpaghettiCan @ <6550.915039, 295.774261, 7718.602539> ... Lifespan: Set to 30 minutes.
[AirdropContainerFall] Loot Spawned [25] KOD_DVL10 @ <6552.479980, 296.005981, 7721.762207> ... Lifespan: Set to 30 minutes.
[AirdropContainerFall] Loot Spawned [26] PeachesCan @ <6551.547363, 295.649017, 7716.957520> ... Lifespan: Set to 30 minutes.
[AirdropContainerFall] Loot Spawned [27] GreenBellPepper @ <6552.558594, 296.010590, 7721.826660> ... Lifespan: Set to 30 minutes.
[AirdropContainerFall] Loot Spawned [28] KOD_M16A4 @ <6549.059570, 296.002167, 7721.587891> ... Lifespan: Set to 30 minutes.
[AirdropContainerFall] Loot Spawned [29] BakedBeansCan @ <6554.409668, 295.797638, 7719.040527> ... Lifespan: Set to 30 minutes.
[AirdropContainerUnstuck] Container was unstuck.
[~AirdropContainerBase] Container Destroyed on 2021-04-15 @ 23-35-14
