[InitializeContainer] Container created on 2021-04-28 @ 14-20-47
[InitializeContainer] Winds: Vector <10.919386, 0.000000, 5.928393>, Speed 12.4249mps, Strength 0.1
[AirdropContainerFall] Drop Type 'Military East', Container: 'RANDOM', Mode/Quantity/Iems: Random/20/28, Flare:  10%
[AirdropContainerFall] Loot Spawned [1] GorkaPants_Autumn @ <12099.134766, 140.001007, 12697.719727> ... Lifespan: Set to 60 minutes.
[AirdropContainerFall] Loot Spawned [2] AK_Bayonet @ <12096.909180, 140.001007, 12694.613281> ... Lifespan: Set to 60 minutes.
[AirdropContainerFall] Loot Spawned [3] AK_RailHndgrd @ <12095.992188, 140.001007, 12695.502930> ... Lifespan: Set to 60 minutes.
[AirdropContainerFall] Loot Spawned [4] AK_RailHndgrd @ <12094.886719, 140.001007, 12695.834961> ... Lifespan: Set to 60 minutes.
[AirdropContainerFall] Loot Spawned [5] UniversalLight @ <12098.969727, 140.001007, 12700.392578> ... Lifespan: Set to 60 minutes.
[AirdropContainerFall] Loot Spawned [6] AK_PlasticBttstck @ <12099.697266, 140.001007, 12699.067383> ... Lifespan: Set to 60 minutes.
[AirdropContainerFall] Loot Spawned [7] GorkaPants_Autumn @ <12100.074219, 140.001007, 12699.015625> ... Lifespan: Set to 60 minutes.
[AirdropContainerFall] Loot Spawned [8] TacticalGloves_Green @ <12096.245117, 140.001007, 12695.140625> ... Lifespan: Set to 60 minutes.
[AirdropContainerFall] Loot Spawned [9] GorkaEJacket_PautRev @ <12099.217773, 140.001007, 12699.448242> ... Lifespan: Set to 60 minutes.
[AirdropContainerFall] Loot Spawned [10] Mag_AKM_30Rnd @ <12095.482422, 140.001007, 12699.790039> ... Lifespan: Set to 60 minutes.
[AirdropContainerFall] Loot Spawned [11] AmmoBox_762x39_20Rnd @ <12098.109375, 140.001007, 12696.252930> ... Lifespan: Set to 60 minutes.
[AirdropContainerFall] Loot Spawned [12] GorkaPants_Flat @ <12099.535156, 140.001007, 12697.038086> ... Lifespan: Set to 60 minutes.
[AirdropContainerFall] Loot Spawned [13] GorkaEJacket_PautRev @ <12095.150391, 140.001007, 12698.051758> ... Lifespan: Set to 60 minutes.
[AirdropContainerFall] Loot Spawned [14] GorkaEJacket_Flat @ <12097.759766, 140.001007, 12696.036133> ... Lifespan: Set to 60 minutes.
[AirdropContainerFall] Loot Spawned [15] AK_Suppressor @ <12094.271484, 140.001007, 12696.583008> ... Lifespan: Set to 60 minutes.
[AirdropContainerFall] Loot Spawned [16] AmmoBox_762x39_20Rnd @ <12099.803711, 140.001007, 12698.741211> ... Lifespan: Set to 60 minutes.
[AirdropContainerFall] Loot Spawned [17] GorkaEJacket_Flat @ <12099.010742, 140.001007, 12699.409180> ... Lifespan: Set to 60 minutes.
[AirdropContainerFall] Loot Spawned [18] TacticalGloves_Black @ <12099.006836, 140.001007, 12699.661133> ... Lifespan: Set to 60 minutes.
[AirdropContainerFall] Loot Spawned [19] GorkaPants_PautRev @ <12094.650391, 140.001007, 12698.690430> ... Lifespan: Set to 60 minutes.
[AirdropContainerFall] Loot Spawned [20] GorkaEJacket_PautRev @ <12100.164063, 140.001007, 12695.833008> ... Lifespan: Set to 60 minutes.
[AirdropContainerFall] Airdrop Flare Spawned @ <12097.213867, 140.001007, 12694.163086> ... Lifespan: Set to 60 minutes.
[AirdropContainerUnstuck] Container was unstuck.
[~AirdropContainerBase] Container Destroyed on 2021-04-28 @ 14-50-47
