[AirdropPlane] Aircraft created on 2021-04-19 @ 16-31-30
[InitializeAircraft] Aircraft Initialized: Berezino @ 12450/9250 (true)
[EOnBeforeDrop] The Aircraft is 1 Km from Berezino. @ <11166.102539, 230.910263, 10023.618164>
[EOnDrop] Zombie Spawned [1] ZmbM_HandymanNormal_Blue @ <12374.708008, 25.300882, 9284.345703> ... Lifespan:  Set to 30 minutes.
[EOnDrop] Zombie Spawned [2] ZmbF_MechanicNormal_Grey @ <12428.641602, 22.129784, 9269.875000> ... Lifespan:  Set to 30 minutes.
[EOnDrop] Zombie Spawned [3] ZmbF_BlueCollarFat_Blue @ <12375.346680, 24.565479, 9299.603516> ... Lifespan:  Set to 30 minutes.
[EOnDrop] Zombie Spawned [4] ZmbM_OffshoreWorker_Yellow @ <12374.895508, 26.786312, 9248.536133> ... Lifespan:  Set to 30 minutes.
[EOnDrop] Zombie Spawned [5] ZmbM_ConstrWorkerNormal_Beige @ <12389.316406, 22.020494, 9333.791992> ... Lifespan:  Set to 30 minutes.
[EOnDrop] Zombie Spawned [6] ZmbM_MechanicSkinny_Red @ <12394.358398, 25.314228, 9250.643555> ... Lifespan:  Set to 30 minutes.
[EOnDrop] Zombie Spawned [7] ZmbM_HandymanNormal_White @ <12410.376953, 23.875376, 9257.148438> ... Lifespan:  Set to 30 minutes.
[EOnDrop] Zombie Spawned [8] ZmbM_ConstrWorkerNormal_Grey @ <12369.635742, 26.688356, 9260.829102> ... Lifespan:  Set to 30 minutes.
[EOnDrop] Zombie Spawned [9] ZmbF_BlueCollarFat_White @ <12374.703125, 24.266003, 9306.426758> ... Lifespan:  Set to 30 minutes.
[EOnDrop] Zombie Spawned [10] ZmbM_ConstrWorkerNormal_Grey @ <12382.241211, 25.103880, 9281.869141> ... Lifespan:  Set to 30 minutes.
[EOnDrop] Zombie Spawned [11] ZmbM_ConstrWorkerNormal_Green @ <12375.644531, 26.215046, 9265.248047> ... Lifespan:  Set to 30 minutes.
[EOnDrop] Zombie Spawned [12] ZmbM_HandymanNormal_White @ <12413.127930, 22.495552, 9299.753906> ... Lifespan:  Set to 30 minutes.
[EOnDrop] Zombie Spawned [13] ZmbM_ConstrWorkerNormal_Green @ <12400.471680, 24.904184, 9243.529297> ... Lifespan:  Set to 30 minutes.
[EOnDrop] Zombie Spawned [14] ZmbM_HandymanNormal_Beige @ <12410.001953, 23.426744, 9280.672852> ... Lifespan:  Set to 30 minutes.
[EOnDrop] Zombie Spawned [15] ZmbM_HandymanNormal_Grey @ <12356.257813, 25.519735, 9290.998047> ... Lifespan:  Set to 30 minutes.
[EOnDrop] Zombie Spawned [16] ZmbM_OffshoreWorker_Red @ <12392.016602, 24.584249, 9280.984375> ... Lifespan:  Set to 30 minutes.
[EOnDrop] Zombie Spawned [17] ZmbM_MechanicSkinny_Grey @ <12363.121094, 26.217358, 9274.804688> ... Lifespan:  Set to 30 minutes.
[EOnDrop] Zombie Spawned [18] ZmbM_ConstrWorkerNormal_Green @ <12367.650391, 24.144123, 9312.336914> ... Lifespan:  Set to 30 minutes.
[EOnDrop] Zombie Spawned [19] ZmbM_HandymanNormal_White @ <12411.780273, 23.408798, 9276.869141> ... Lifespan:  Set to 30 minutes.
[EOnDrop] Zombie Spawned [20] ZmbF_MechanicNormal_Green @ <12420.635742, 21.630562, 9307.686523> ... Lifespan:  Set to 30 minutes.
[EOnDrop] Drop spawned with 20 infected at <12383.160156, 167.072388, 9288.777344>.
[EOnDrop] Supplies have been dropped near Berezino.
[EOnBeforeDelete] Aircraft despawned @ <16361.303711, 152.000610, 6886.834961>
[~AirdropPlane] Aircraft destroyed.
