[AirdropPlane] Aircraft created on 2021-04-11 @ 16-41-07
[InitializeAircraft] Aircraft Initialized: Chernogorsk @ 7400/3500 (true)
[EOnBeforeDrop] The Aircraft is 1 Km from Chernogorsk. @ <7265.143066, 390.239746, 4992.922363>
[EOnDrop] Zombie Spawned [1] ZmbM_ConstrWorkerNormal_Black @ <7424.441406, 7.354182, 3575.725342> ... Lifespan:  Set to 30 minutes.
[EOnDrop] Zombie Spawned [2] ZmbM_OffshoreWorker_Green @ <7384.065430, 8.761396, 3559.763428> ... Lifespan:  Set to 30 minutes.
[EOnDrop] Zombie Spawned [3] ZmbM_OffshoreWorker_Orange @ <7377.537598, 9.040398, 3540.125000> ... Lifespan:  Set to 30 minutes.
[EOnDrop] Zombie Spawned [4] ZmbM_MechanicSkinny_Blue @ <7407.649414, 11.503367, 3605.935303> ... Lifespan:  Set to 30 minutes.
[EOnDrop] Zombie Spawned [5] ZmbM_OffshoreWorker_Green @ <7402.363281, 8.277036, 3572.890381> ... Lifespan:  Set to 30 minutes.
[EOnDrop] Zombie Spawned [6] ZmbM_HandymanNormal_Blue @ <7365.838379, 10.026668, 3540.244385> ... Lifespan:  Set to 30 minutes.
[EOnDrop] Zombie Spawned [7] ZmbM_ConstrWorkerNormal_Beige @ <7379.339844, 11.660622, 3594.687500> ... Lifespan:  Set to 30 minutes.
[EOnDrop] Zombie Spawned [8] ZmbF_BlueCollarFat_Blue @ <7363.750977, 10.218015, 3561.403564> ... Lifespan:  Set to 30 minutes.
[EOnDrop] Zombie Spawned [9] ZmbF_MechanicNormal_Grey @ <7387.575195, 8.294770, 3546.031006> ... Lifespan:  Set to 30 minutes.
[EOnDrop] Zombie Spawned [10] ZmbM_OffshoreWorker_Red @ <7361.402832, 10.357732, 3555.852295> ... Lifespan:  Set to 30 minutes.
[EOnDrop] Zombie Spawned [11] ZmbM_HandymanNormal_White @ <7427.467285, 6.586957, 3548.880615> ... Lifespan:  Set to 30 minutes.
[EOnDrop] Zombie Spawned [12] ZmbM_HeavyIndustryWorker @ <7359.955566, 10.572876, 3568.245117> ... Lifespan:  Set to 30 minutes.
[EOnDrop] Zombie Spawned [13] ZmbM_HandymanNormal_Blue @ <7379.268066, 9.796119, 3576.664063> ... Lifespan:  Set to 30 minutes.
[EOnDrop] Zombie Spawned [14] ZmbF_MechanicNormal_Beige @ <7391.555176, 11.466439, 3598.289307> ... Lifespan:  Set to 30 minutes.
[EOnDrop] Zombie Spawned [15] ZmbF_BlueCollarFat_Blue @ <7393.504883, 9.008331, 3577.086182> ... Lifespan:  Set to 30 minutes.
[EOnDrop] Zombie Spawned [16] ZmbM_HandymanNormal_Green @ <7403.264648, 8.447424, 3576.547607> ... Lifespan:  Set to 30 minutes.
[EOnDrop] Zombie Spawned [17] ZmbF_MechanicNormal_Beige @ <7419.289551, 9.394819, 3598.069336> ... Lifespan:  Set to 30 minutes.
[EOnDrop] Zombie Spawned [18] ZmbM_MechanicSkinny_Red @ <7392.649414, 7.997958, 3550.242920> ... Lifespan:  Set to 30 minutes.
[EOnDrop] Zombie Spawned [19] ZmbM_ConstrWorkerNormal_Black @ <7404.770508, 8.195243, 3573.481445> ... Lifespan:  Set to 30 minutes.
[EOnDrop] Zombie Spawned [20] ZmbM_ConstrWorkerNormal_Black @ <7350.512695, 12.122936, 3590.507080> ... Lifespan:  Set to 30 minutes.
[EOnDrop] Zombie Spawned [21] ZmbM_OffshoreWorker_Orange @ <7409.365723, 7.150535, 3552.372070> ... Lifespan:  Set to 30 minutes.
[EOnDrop] Zombie Spawned [22] ZmbF_MechanicNormal_Orange @ <7358.201172, 11.457741, 3585.348633> ... Lifespan:  Set to 30 minutes.
[EOnDrop] Zombie Spawned [23] ZmbM_OffshoreWorker_Green @ <7367.805664, 9.878053, 3557.684570> ... Lifespan:  Set to 30 minutes.
[EOnDrop] Zombie Spawned [24] ZmbM_ConstrWorkerNormal_Green @ <7403.660156, 7.806047, 3564.710205> ... Lifespan:  Set to 30 minutes.
[EOnDrop] Zombie Spawned [25] ZmbM_MechanicSkinny_Grey @ <7363.467285, 11.138017, 3583.943115> ... Lifespan:  Set to 30 minutes.
[EOnDrop] Zombie Spawned [26] ZmbM_ConstrWorkerNormal_Beige @ <7408.175781, 12.304909, 3610.652100> ... Lifespan:  Set to 30 minutes.
[EOnDrop] Zombie Spawned [27] ZmbF_MechanicNormal_Beige @ <7378.579590, 11.133831, 3590.487061> ... Lifespan:  Set to 30 minutes.
[EOnDrop] Zombie Spawned [28] ZmbM_HandymanNormal_White @ <7362.235352, 10.326023, 3561.500000> ... Lifespan:  Set to 30 minutes.
[EOnDrop] Zombie Spawned [29] ZmbM_OffshoreWorker_Red @ <7398.379395, 7.931463, 3560.990723> ... Lifespan:  Set to 30 minutes.
[EOnDrop] Zombie Spawned [30] ZmbM_HeavyIndustryWorker @ <7389.696289, 11.668656, 3598.845215> ... Lifespan:  Set to 30 minutes.
[EOnDrop] Drop spawned with 30 infected at <7391.969238, 173.470001, 3571.029297>.
[EOnDrop] Supplies have been dropped near Chernogorsk.
[EOnBeforeDelete] Aircraft despawned @ <7799.698242, 152.000610, -1000.337830>
[~AirdropPlane] Aircraft destroyed.
