[InitializeContainer] Container created on 2021-03-14 @ 23-34-02
[InitializeContainer] Winds: Vector <4.814026, 0.000000, 13.712261>, Speed 14.5328mps, Strength 0.1
[AirdropContainerFall] Drop Type 'Military East', Container: 'AirdropContainer_Military', Mode/Quantity/Iems: Random/20/33, Flare:  10%
[AirdropContainerFall] Loot Spawned [1] AK_RailHndgrd @ <4135.481934, 288.669983, 7207.435059> ... Lifespan: Set to 60 minutes.
[AirdropContainerFall] Loot Spawned [2] GorkaEJacket_Flat @ <4135.390137, 288.481079, 7210.427246> ... Lifespan: Set to 60 minutes.
[AirdropContainerFall] Loot Spawned [3] AK_PlasticBttstck @ <4138.870117, 288.454803, 7210.695313> ... Lifespan: Set to 60 minutes.
[AirdropContainerFall] Loot Spawned [4] AmmoBox_762x39_20Rnd @ <4139.660156, 288.504211, 7208.971680> ... Lifespan: Set to 60 minutes.
[AirdropContainerFall] Loot Spawned [5] UniversalLight @ <4136.240723, 288.637939, 7207.255859> ... Lifespan: Set to 60 minutes.
[AirdropContainerFall] Loot Spawned [6] AK_PlasticBttstck @ <4134.395020, 288.526459, 7210.184082> ... Lifespan: Set to 60 minutes.
[AirdropContainerFall] Loot Spawned [7] TTSKOPants @ <4140.557617, 288.488953, 7207.637695> ... Lifespan: Set to 60 minutes.
[AirdropContainerFall] Loot Spawned [8] GorkaPants_PautRev @ <4139.734375, 288.528656, 7207.881348> ... Lifespan: Set to 60 minutes.
[AirdropContainerFall] Loot Spawned [9] CanOpener @ <4134.520996, 288.498169, 7210.552734> ... Lifespan: Set to 60 minutes.
[AirdropContainerFall] Loot Spawned [10] GorkaEJacket_Summer @ <4139.227539, 288.544556, 7207.149902> ... Lifespan: Set to 60 minutes.
[AirdropContainerFall] Loot Spawned [11] Canteen @ <4139.215332, 288.527496, 7208.047363> ... Lifespan: Set to 60 minutes.
[AirdropContainerFall] Loot Spawned [12] GorkaEJacket_Autumn @ <4136.487305, 288.401642, 7211.400391> ... Lifespan: Set to 60 minutes.
[AirdropContainerFall] Loot Spawned [13] GorkaPants_Summer @ <4139.318848, 288.515381, 7208.192383> ... Lifespan: Set to 60 minutes.
[AirdropContainerFall] Loot Spawned [14] GorkaPants_Autumn @ <4135.137695, 288.464081, 7210.792969> ... Lifespan: Set to 60 minutes.
[AirdropContainerFall] Loot Spawned [15] GorkaPants_Autumn @ <4140.628418, 288.478973, 7207.816406> ... Lifespan: Set to 60 minutes.
[AirdropContainerFall] Loot Spawned [16] GorkaPants_Summer @ <4134.896484, 288.665070, 7207.030762> ... Lifespan: Set to 60 minutes.
[AirdropContainerFall] Loot Spawned [17] Mag_AKM_30Rnd @ <4136.652832, 288.562561, 7206.098145> ... Lifespan: Set to 60 minutes.
[AirdropContainerFall] Loot Spawned [18] AK_Bayonet @ <4136.651855, 288.637360, 7207.527344> ... Lifespan: Set to 60 minutes.
[AirdropContainerFall] Loot Spawned [19] AKM @ <4134.423828, 288.511444, 7210.396973> ... Lifespan: Set to 60 minutes.
[AirdropContainerFall] Loot Spawned [20] GorkaPants_PautRev @ <4135.346191, 288.481201, 7210.444336> ... Lifespan: Set to 60 minutes.
[AirdropContainerUnstuck] Container was unstuck.
[~AirdropContainerBase] Container Destroyed on 2021-03-14 @ 23-59-02
