[AirdropPlane] Aircraft created on 2021-03-15 @ 09-49-38
[InitializeAircraft] Aircraft Initialized: Chernogorsk @ 7400/3500 (true)
[EOnBeforeDrop] The Aircraft is 1 Km from Chernogorsk. @ <6491.043945, 370.023773, 4693.197266>
[EOnDrop] Zombie Spawned [1] ZmbM_OffshoreWorker_Orange @ <7365.428223, 10.581485, 3576.978760> ... Lifespan:  Set to 60 minutes.
[EOnDrop] Zombie Spawned [2] ZmbM_HandymanNormal_Green @ <7305.509277, 14.982748, 3577.204834> ... Lifespan:  Set to 60 minutes.
[EOnDrop] Zombie Spawned [3] ZmbM_ConstrWorkerNormal_Beige @ <7360.311035, 13.099327, 3598.665283> ... Lifespan:  Set to 60 minutes.
[EOnDrop] Zombie Spawned [4] ZmbM_OffshoreWorker_Orange @ <7317.435059, 15.201609, 3601.706787> ... Lifespan:  Set to 60 minutes.
[EOnDrop] Zombie Spawned [5] ZmbM_HandymanNormal_Beige @ <7337.328125, 12.288704, 3569.472900> ... Lifespan:  Set to 60 minutes.
[EOnDrop] Zombie Spawned [6] ZmbF_MechanicNormal_Beige @ <7331.656738, 15.692784, 3606.802734> ... Lifespan:  Set to 60 minutes.
[EOnDrop] Zombie Spawned [7] ZmbM_ConstrWorkerNormal_Black @ <7319.866699, 14.006760, 3592.677979> ... Lifespan:  Set to 60 minutes.
[EOnDrop] Zombie Spawned [8] ZmbM_MechanicSkinny_Green @ <7341.590820, 12.407761, 3540.767822> ... Lifespan:  Set to 60 minutes.
[EOnDrop] Zombie Spawned [9] ZmbM_HandymanNormal_Green @ <7330.285156, 12.712699, 3521.584473> ... Lifespan:  Set to 60 minutes.
[EOnDrop] Zombie Spawned [10] ZmbF_BlueCollarFat_White @ <7376.762695, 11.791633, 3594.664063> ... Lifespan:  Set to 60 minutes.
[EOnDrop] Zombie Spawned [11] ZmbF_BlueCollarFat_White @ <7342.006348, 12.345456, 3547.182617> ... Lifespan:  Set to 60 minutes.
[EOnDrop] Zombie Spawned [12] ZmbM_MechanicSkinny_Red @ <7371.977539, 10.215147, 3576.500000> ... Lifespan:  Set to 60 minutes.
[EOnDrop] Zombie Spawned [13] ZmbF_MechanicNormal_Grey @ <7349.243652, 12.235467, 3591.616455> ... Lifespan:  Set to 60 minutes.
[EOnDrop] Zombie Spawned [14] ZmbM_HandymanNormal_Blue @ <7384.132324, 10.303665, 3585.838867> ... Lifespan:  Set to 60 minutes.
[EOnDrop] Zombie Spawned [15] ZmbF_BlueCollarFat_Blue @ <7346.857422, 11.460228, 3573.414551> ... Lifespan:  Set to 60 minutes.
[EOnDrop] Zombie Spawned [16] ZmbM_OffshoreWorker_Red @ <7346.477539, 11.845068, 3535.550781> ... Lifespan:  Set to 60 minutes.
[EOnDrop] Zombie Spawned [17] ZmbM_ConstrWorkerNormal_Grey @ <7378.106445, 12.908298, 3601.899902> ... Lifespan:  Set to 60 minutes.
[EOnDrop] Zombie Spawned [18] ZmbM_HandymanNormal_Grey @ <7354.902344, 10.917742, 3569.581055> ... Lifespan:  Set to 60 minutes.
[EOnDrop] Zombie Spawned [19] ZmbM_HeavyIndustryWorker @ <7395.931641, 8.638784, 3573.215820> ... Lifespan:  Set to 60 minutes.
[EOnDrop] Zombie Spawned [20] ZmbM_HeavyIndustryWorker @ <7348.833984, 11.490030, 3528.650391> ... Lifespan:  Set to 60 minutes.
[EOnDrop] Zombie Spawned [21] ZmbM_OffshoreWorker_Yellow @ <7356.054688, 10.781724, 3557.688232> ... Lifespan:  Set to 60 minutes.
[EOnDrop] Zombie Spawned [22] ZmbF_BlueCollarFat_Red @ <7353.860840, 10.982850, 3556.279785> ... Lifespan:  Set to 60 minutes.
[EOnDrop] Zombie Spawned [23] ZmbF_MechanicNormal_Orange @ <7368.581543, 10.384143, 3576.353760> ... Lifespan:  Set to 60 minutes.
[EOnDrop] Zombie Spawned [24] ZmbM_HeavyIndustryWorker @ <7394.454590, 8.726021, 3573.350098> ... Lifespan:  Set to 60 minutes.
[EOnDrop] Zombie Spawned [25] ZmbM_HandymanNormal_Green @ <7343.818359, 11.736218, 3567.358398> ... Lifespan:  Set to 60 minutes.
[EOnDrop] Zombie Spawned [26] ZmbM_ConstrWorkerNormal_Beige @ <7396.505371, 7.760224, 3550.185059> ... Lifespan:  Set to 60 minutes.
[EOnDrop] Zombie Spawned [27] ZmbM_HandymanNormal_Beige @ <7323.572754, 13.816479, 3563.187988> ... Lifespan:  Set to 60 minutes.
[EOnDrop] Zombie Spawned [28] ZmbM_HandymanNormal_Grey @ <7300.831543, 15.625732, 3570.331055> ... Lifespan:  Set to 60 minutes.
[EOnDrop] Zombie Spawned [29] ZmbF_BlueCollarFat_Green @ <7390.541016, 10.832803, 3593.596924> ... Lifespan:  Set to 60 minutes.
[EOnDrop] Zombie Spawned [30] ZmbF_BlueCollarFat_Red @ <7351.712891, 11.245744, 3577.033691> ... Lifespan:  Set to 60 minutes.
[EOnDrop] Drop spawned with 30 infected at <7350.125000, 172.052185, 3567.467773>.
[EOnDrop] Supplies have been dropped near Chernogorsk.
[EOnBeforeDelete] Aircraft despawned @ <10835.673828, 152.000610, -1001.379578>
[~AirdropPlane] Aircraft destroyed.
