[AirdropPlane] Aircraft created on 2021-04-02 @ 03-33-13
[InitializeAircraft] Aircraft Initialized: Skalisty Island @ 13575/3055 (true)
[EOnBeforeDrop] The Aircraft is 1 Km from Skalisty Island. @ <14513.242188, 152.000610, 1886.080200>
[EOnDrop] Zombie Spawned [1] ZmbF_HikerSkinny_Blue @ <13615.618164, 43.278214, 3001.839111> ... Lifespan:  Set to 30 minutes.
[EOnDrop] Zombie Spawned [2] ZmbM_VillagerOld_White @ <13584.205078, 39.995819, 2980.661133> ... Lifespan:  Set to 30 minutes.
[EOnDrop] Zombie Spawned [3] ZmbF_SurvivorNormal_Blue @ <13668.649414, 44.516163, 3012.767090> ... Lifespan:  Set to 30 minutes.
[EOnDrop] Zombie Spawned [4] ZmbM_HunterOld_Winter @ <13597.657227, 41.755104, 2988.632813> ... Lifespan:  Set to 30 minutes.
[EOnDrop] Zombie Spawned [5] ZmbF_HikerSkinny_Blue @ <13619.837891, 41.587368, 3030.442627> ... Lifespan:  Set to 30 minutes.
[EOnDrop] Zombie Spawned [6] ZmbM_HunterOld_Spring @ <13623.853516, 43.985554, 2991.604004> ... Lifespan:  Set to 30 minutes.
[EOnDrop] Zombie Spawned [7] ZmbF_SurvivorNormal_White @ <13598.140625, 39.405254, 3036.429199> ... Lifespan:  Set to 30 minutes.
[EOnDrop] Zombie Spawned [8] ZmbM_HunterOld_Winter @ <13632.393555, 44.511600, 2966.125977> ... Lifespan:  Set to 30 minutes.
[EOnDrop] Zombie Spawned [9] ZmbF_SurvivorNormal_White @ <13621.677734, 43.999386, 2991.403320> ... Lifespan:  Set to 30 minutes.
[EOnDrop] Zombie Spawned [10] ZmbM_HunterOld_Summer @ <13617.309570, 44.031353, 2986.381836> ... Lifespan:  Set to 30 minutes.
[EOnDrop] Zombie Spawned [11] ZmbF_VillagerOld_Blue @ <13649.983398, 44.890949, 2954.895508> ... Lifespan:  Set to 30 minutes.
[EOnDrop] Zombie Spawned [12] ZmbM_HunterOld_Autumn @ <13636.279297, 42.287685, 3016.637451> ... Lifespan:  Set to 30 minutes.
[EOnDrop] Zombie Spawned [13] ZmbM_MotobikerFat_Black @ <13654.010742, 44.635448, 2975.915283> ... Lifespan:  Set to 30 minutes.
[EOnDrop] Zombie Spawned [14] ZmbM_HikerSkinny_Blue @ <13607.399414, 43.239471, 2994.013184> ... Lifespan:  Set to 30 minutes.
[EOnDrop] Zombie Spawned [15] ZmbM_VillagerOld_White @ <13581.937500, 35.969440, 3004.129150> ... Lifespan:  Set to 30 minutes.
[EOnDrop] Zombie Spawned [16] ZmbM_FarmerFat_Beige @ <13630.616211, 44.269428, 2984.293213> ... Lifespan:  Set to 30 minutes.
[EOnDrop] Zombie Spawned [17] ZmbM_FarmerFat_Blue @ <13584.636719, 37.861443, 2998.153320> ... Lifespan:  Set to 30 minutes.
[EOnDrop] Zombie Spawned [18] ZmbF_SurvivorNormal_Red @ <13643.769531, 43.712013, 2998.105469> ... Lifespan:  Set to 30 minutes.
[EOnDrop] Zombie Spawned [19] ZmbM_HunterOld_Summer @ <13628.236328, 44.266277, 2953.290527> ... Lifespan:  Set to 30 minutes.
[EOnDrop] Zombie Spawned [20] ZmbM_FarmerFat_Brown @ <13640.619141, 43.993999, 2992.833740> ... Lifespan:  Set to 30 minutes.
[EOnDrop] Zombie Spawned [21] ZmbM_HunterOld_Spring @ <13612.595703, 44.101322, 2970.019775> ... Lifespan:  Set to 30 minutes.
[EOnDrop] Zombie Spawned [22] ZmbM_FarmerFat_Brown @ <13611.500000, 41.489132, 3042.432129> ... Lifespan:  Set to 30 minutes.
[EOnDrop] Zombie Spawned [23] ZmbF_VillagerOld_Red @ <13576.065430, 33.408009, 2987.294678> ... Lifespan:  Set to 30 minutes.
[EOnDrop] Zombie Spawned [24] ZmbM_HermitSkinny_Red @ <13615.195313, 42.091583, 3012.999023> ... Lifespan:  Set to 30 minutes.
[EOnDrop] Spawn failed for zombie [25] 'ZmbM_SurvivorDean_Grey', it does not exist in DayZ!
[EOnDrop] Drop spawned with 25 infected at <13622.453125, 174.664230, 2996.516602>.
[EOnDrop] Supplies have been dropped near Skalisty Island.
[EOnBeforeDelete] Aircraft despawned @ <2902.567139, 499.242035, 16361.202148>
[~AirdropPlane] Aircraft destroyed.
