[InitializeContainer] Container created on 2021-04-12 @ 23-13-20
[InitializeContainer] Winds: Vector <0.215522, 0.000000, -6.590132>, Speed 6.59366mps, Strength 0.1
[AirdropContainerFall] Drop Type 'Misc. Tools', Container: 'RANDOM', Mode/Quantity/Iems: Random/30/54, Flare:  10%
[AirdropContainerFall] Loot Spawned [1] HuntingKnife @ <5018.270020, 10.059365, 2535.332764> ... Lifespan: Set to 30 minutes.
[AirdropContainerFall] Loot Spawned [2] Screwdriver @ <5017.836426, 10.050687, 2535.074463> ... Lifespan: Set to 30 minutes.
[AirdropContainerFall] Loot Spawned [3] Shovel @ <5019.405273, 10.229235, 2538.636230> ... Lifespan: Set to 30 minutes.
[AirdropContainerFall] Loot Spawned [4] Spotlight @ <5017.384766, 10.042477, 2534.298340> ... Lifespan: Set to 30 minutes.
[AirdropContainerFall] Loot Spawned [5] Hacksaw @ <5017.568359, 10.184283, 2537.396240> ... Lifespan: Set to 30 minutes.
[AirdropContainerFall] Loot Spawned [6] KOD_M16A4 @ <5019.210449, 10.020118, 2534.495117> ... Lifespan: Set to 30 minutes.
[AirdropContainerFall] Loot Spawned [7] Battery9V @ <5021.548340, 10.053302, 2536.004883> ... Lifespan: Set to 30 minutes.
[AirdropContainerFall] Loot Spawned [8] LugWrench @ <5017.466309, 10.309736, 2539.616211> ... Lifespan: Set to 30 minutes.
[AirdropContainerFall] Loot Spawned [9] Crowbar @ <5021.464355, 10.073260, 2536.341309> ... Lifespan: Set to 30 minutes.
[AirdropContainerFall] Loot Spawned [10] Flashlight @ <5019.360840, 10.220700, 2538.473389> ... Lifespan: Set to 30 minutes.
[AirdropContainerFall] Loot Spawned [11] HuntingKnife @ <5016.562988, 10.055190, 2535.317139> ... Lifespan: Set to 30 minutes.
[AirdropContainerFall] Loot Spawned [12] Binoculars @ <5017.661621, 10.277886, 2539.090088> ... Lifespan: Set to 30 minutes.
[AirdropContainerFall] Loot Spawned [13] Chemlight_Blue @ <5017.035156, 10.278709, 2539.010742> ... Lifespan: Set to 30 minutes.
[AirdropContainerFall] Loot Spawned [14] Roadflare @ <5022.027832, 10.163733, 2538.529053> ... Lifespan: Set to 30 minutes.
[AirdropContainerFall] Loot Spawned [15] Pickaxe @ <5017.685059, 10.039068, 2534.002686> ... Lifespan: Set to 30 minutes.
[AirdropContainerFall] Loot Spawned [16] KOD_M16A4 @ <5017.420410, 10.263335, 2538.782227> ... Lifespan: Set to 30 minutes.
[AirdropContainerFall] Loot Spawned [17] Chemlight_Blue @ <5018.441895, 10.067010, 2535.510010> ... Lifespan: Set to 30 minutes.
[AirdropContainerFall] Loot Spawned [18] HuntingKnife @ <5016.057617, 10.160871, 2536.790283> ... Lifespan: Set to 30 minutes.
[AirdropContainerFall] Loot Spawned [19] Chemlight_Green @ <5020.219238, 10.277380, 2539.689941> ... Lifespan: Set to 30 minutes.
[AirdropContainerFall] Loot Spawned [20] Compass @ <5018.347168, 10.312893, 2539.878174> ... Lifespan: Set to 30 minutes.
[AirdropContainerFall] Loot Spawned [21] BatteryCharger @ <5019.379395, 10.019886, 2534.621582> ... Lifespan: Set to 30 minutes.
[AirdropContainerFall] Loot Spawned [22] Heatpack @ <5021.561523, 10.192292, 2538.680176> ... Lifespan: Set to 30 minutes.
[AirdropContainerFall] Loot Spawned [23] CableReel @ <5018.061523, 10.329903, 2540.114014> ... Lifespan: Set to 30 minutes.
[AirdropContainerFall] Loot Spawned [24] PortableGasLamp @ <5016.751465, 10.301275, 2539.379883> ... Lifespan: Set to 30 minutes.
[AirdropContainerFall] Loot Spawned [25] Wrench @ <5019.022461, 10.245955, 2538.843750> ... Lifespan: Set to 30 minutes.
[AirdropContainerFall] Loot Spawned [26] Heatpack @ <5018.374023, 10.266057, 2539.048340> ... Lifespan: Set to 30 minutes.
[AirdropContainerFall] Loot Spawned [27] KitchenKnife @ <5018.386230, 10.022014, 2533.740967> ... Lifespan: Set to 30 minutes.
[AirdropContainerFall] Loot Spawned [28] Rangefinder @ <5016.232422, 10.178559, 2537.126953> ... Lifespan: Set to 30 minutes.
[AirdropContainerFall] Loot Spawned [29] Roadflare @ <5018.532227, 10.036181, 2534.934082> ... Lifespan: Set to 30 minutes.
[AirdropContainerFall] Loot Spawned [30] PersonalRadio @ <5015.710449, 10.211867, 2537.659424> ... Lifespan: Set to 30 minutes.
[AirdropContainerUnstuck] Container was unstuck.
[~AirdropContainerBase] Container Destroyed on 2021-04-12 @ 23-38-20
