[AirdropPlane] Aircraft created on 2021-03-29 @ 14-17-27
[InitializeAircraft] Aircraft Initialized: Soverograd @ 8566/12755 (true)
[EOnBeforeDrop] The Aircraft is 1 Km from Soverograd. @ <9735.949219, 413.651886, 11816.994141>
[EOnDrop] Zombie Spawned [1] ZmbF_JoggerSkinny_Red @ <8671.901367, 103.746040, 12700.531250> ... Lifespan:  Set to 30 minutes.
[EOnDrop] Zombie Spawned [2] ZmbF_JoggerSkinny_Brown @ <8622.873047, 104.500000, 12712.718750> ... Lifespan:  Set to 30 minutes.
[EOnDrop] Zombie Spawned [3] ZmbF_SkaterYoung_Striped @ <8630.380859, 104.500000, 12709.047852> ... Lifespan:  Set to 30 minutes.
[EOnDrop] Zombie Spawned [4] ZmbM_SkaterYoung_Grey @ <8641.663086, 104.010696, 12704.260742> ... Lifespan:  Set to 30 minutes.
[EOnDrop] Zombie Spawned [5] ZmbM_JoggerSkinny_Blue @ <8607.215820, 104.500000, 12743.183594> ... Lifespan:  Set to 30 minutes.
[EOnDrop] Zombie Spawned [6] ZmbM_CitizenBFat_Green @ <8598.478516, 104.500000, 12744.681641> ... Lifespan:  Set to 30 minutes.
[EOnDrop] Zombie Spawned [7] ZmbF_PoliceWomanNormal @ <8642.530273, 104.034386, 12707.582031> ... Lifespan:  Set to 30 minutes.
[EOnDrop] Zombie Spawned [8] ZmbM_Jacket_greenchecks @ <8605.337891, 104.500000, 12692.183594> ... Lifespan:  Set to 30 minutes.
[EOnDrop] Zombie Spawned [9] ZmbF_SkaterYoung_Striped @ <8617.401367, 104.500000, 12705.783203> ... Lifespan:  Set to 30 minutes.
[EOnDrop] Zombie Spawned [10] ZmbF_CitizenANormal_Brown @ <8627.855469, 104.500000, 12755.441406> ... Lifespan:  Set to 30 minutes.
[EOnDrop] Zombie Spawned [11] ZmbF_CitizenANormal_Brown @ <8617.326172, 104.500000, 12729.062500> ... Lifespan:  Set to 30 minutes.
[EOnDrop] Zombie Spawned [12] ZmbM_Jacket_black @ <8617.323242, 104.500000, 12711.249023> ... Lifespan:  Set to 30 minutes.
[EOnDrop] Zombie Spawned [13] ZmbF_ShortSkirt_yellow @ <8625.382813, 104.500000, 12756.483398> ... Lifespan:  Set to 30 minutes.
[EOnDrop] Zombie Spawned [14] ZmbM_Jacket_beige @ <8668.805664, 100.898537, 12722.957031> ... Lifespan:  Set to 30 minutes.
[EOnDrop] Zombie Spawned [15] ZmbM_PatientSkinny @ <8656.250000, 103.557526, 12729.158203> ... Lifespan:  Set to 30 minutes.
[EOnDrop] Zombie Spawned [16] ZmbF_ShortSkirt_green @ <8656.274414, 103.669518, 12744.184570> ... Lifespan:  Set to 30 minutes.
[EOnDrop] Zombie Spawned [17] ZmbF_ShortSkirt_white @ <8649.000000, 101.607201, 12681.426758> ... Lifespan:  Set to 30 minutes.
[EOnDrop] Zombie Spawned [18] ZmbM_ParamedicNormal_Black @ <8620.889648, 104.570679, 12746.033203> ... Lifespan:  Set to 30 minutes.
[EOnDrop] Zombie Spawned [19] ZmbF_ShortSkirt_brown @ <8603.586914, 104.500000, 12700.827148> ... Lifespan:  Set to 30 minutes.
[EOnDrop] Zombie Spawned [20] ZmbF_ShortSkirt_yellow @ <8637.005859, 104.398003, 12703.086914> ... Lifespan:  Set to 30 minutes.
[EOnDrop] Zombie Spawned [21] ZmbM_Jacket_greenchecks @ <8619.943359, 104.500000, 12720.781250> ... Lifespan:  Set to 30 minutes.
[EOnDrop] Zombie Spawned [22] ZmbM_ParamedicNormal_Red @ <8606.568359, 104.500000, 12743.344727> ... Lifespan:  Set to 30 minutes.
[EOnDrop] Zombie Spawned [23] ZmbF_ParamedicNormal_Blue @ <8581.086914, 104.500000, 12696.773438> ... Lifespan:  Set to 30 minutes.
[EOnDrop] Zombie Spawned [24] ZmbF_ShortSkirt_white @ <8639.060547, 104.500000, 12712.636719> ... Lifespan:  Set to 30 minutes.
[EOnDrop] Zombie Spawned [25] ZmbM_JoggerSkinny_Red @ <8585.986328, 104.500000, 12713.999023> ... Lifespan:  Set to 30 minutes.
[EOnDrop] Drop spawned with 25 infected at <8622.397461, 258.760468, 12707.546875>.
[EOnDrop] Supplies have been dropped near Soverograd.
[EOnBeforeDelete] Aircraft despawned @ <4056.518555, 506.840546, 16360.138672>
[~AirdropPlane] Aircraft destroyed.
