[InitializeContainer] Container created on 2021-03-17 @ 23-10-23
[InitializeContainer] Winds: Vector <9.934942, 0.000000, -2.594647>, Speed 10.2682mps, Strength 0.1
[AirdropContainerFall] Drop Type 'Misc. Tools', Container: 'RANDOM', Mode/Quantity/Iems: Random/30/54, Flare:  10%
[AirdropContainerFall] Loot Spawned [1] Whetstone @ <8013.021484, 6.488094, 3119.251221> ... Lifespan: Set to 30 minutes.
[AirdropContainerFall] Loot Spawned [2] Roadflare @ <8014.402344, 6.331285, 3121.191406> ... Lifespan: Set to 30 minutes.
[AirdropContainerFall] Loot Spawned [3] KitchenKnife @ <8013.137207, 6.150092, 3122.220947> ... Lifespan: Set to 30 minutes.
[AirdropContainerFall] Loot Spawned [4] Pickaxe @ <8009.627930, 6.461096, 3119.160400> ... Lifespan: Set to 30 minutes.
[AirdropContainerFall] Loot Spawned [5] Hacksaw @ <8011.994629, 5.967609, 3123.257813> ... Lifespan: Set to 30 minutes.
[AirdropContainerFall] Loot Spawned [6] PortableGasLamp @ <8014.213867, 6.224414, 3121.798584> ... Lifespan: Set to 30 minutes.
[AirdropContainerFall] Loot Spawned [7] Shovel @ <8010.105469, 6.516643, 3119.663818> ... Lifespan: Set to 30 minutes.
[AirdropContainerFall] Loot Spawned [8] Crowbar @ <8010.536133, 6.456845, 3118.832764> ... Lifespan: Set to 30 minutes.
[AirdropContainerFall] Loot Spawned [9] FirefighterAxe @ <8010.620605, 6.088861, 3122.568848> ... Lifespan: Set to 30 minutes.
[AirdropContainerFall] Loot Spawned [10] Matchbox @ <8012.590332, 6.198190, 3121.947510> ... Lifespan: Set to 30 minutes.
[AirdropContainerFall] Loot Spawned [11] SledgeHammer @ <8012.651855, 6.466388, 3118.944092> ... Lifespan: Set to 30 minutes.
[AirdropContainerFall] Loot Spawned [12] Spotlight @ <8010.754395, 6.382047, 3117.804932> ... Lifespan: Set to 30 minutes.
[AirdropContainerFall] Loot Spawned [13] Pliers @ <8013.761230, 6.175067, 3122.079102> ... Lifespan: Set to 30 minutes.
[AirdropContainerFall] Loot Spawned [14] Chemlight_Blue @ <8010.966309, 6.168340, 3122.117188> ... Lifespan: Set to 30 minutes.
[AirdropContainerFall] Loot Spawned [15] Hacksaw @ <8014.304688, 6.503617, 3120.212158> ... Lifespan: Set to 30 minutes.
[AirdropContainerFall] Loot Spawned [16] Chemlight_Blue @ <8012.920410, 6.230336, 3121.764893> ... Lifespan: Set to 30 minutes.
[AirdropContainerFall] Loot Spawned [17] Binoculars @ <8013.359375, 6.279078, 3121.488037> ... Lifespan: Set to 30 minutes.
[AirdropContainerFall] Loot Spawned [18] SteakKnife @ <8011.413574, 5.893125, 3123.680908> ... Lifespan: Set to 30 minutes.
[AirdropContainerFall] Loot Spawned [19] PortableGasLamp @ <8013.112305, 6.454661, 3118.778076> ... Lifespan: Set to 30 minutes.
[AirdropContainerFall] Loot Spawned [20] Screwdriver @ <8008.703613, 6.437987, 3119.467285> ... Lifespan: Set to 30 minutes.
[AirdropContainerFall] Loot Spawned [21] FirefighterAxe @ <8013.755371, 6.166688, 3122.126709> ... Lifespan: Set to 30 minutes.
[AirdropContainerFall] Loot Spawned [22] Crowbar @ <8013.954590, 6.306350, 3121.333008> ... Lifespan: Set to 30 minutes.
[AirdropContainerFall] Loot Spawned [23] WoodAxe @ <8013.501953, 6.370248, 3117.583496> ... Lifespan: Set to 30 minutes.
[AirdropContainerFall] Loot Spawned [24] Megaphone @ <8009.986816, 6.516637, 3120.146240> ... Lifespan: Set to 30 minutes.
[AirdropContainerFall] Loot Spawned [25] Chemlight_Blue @ <8013.057617, 6.126486, 3122.354980> ... Lifespan: Set to 30 minutes.
[AirdropContainerFall] Loot Spawned [26] Rangefinder @ <8009.208496, 6.402511, 3118.643555> ... Lifespan: Set to 30 minutes.
[AirdropContainerFall] Loot Spawned [27] Lockpick @ <8010.579102, 6.314861, 3116.895020> ... Lifespan: Set to 30 minutes.
[AirdropContainerFall] Loot Spawned [28] WoodAxe @ <8012.939453, 6.373855, 3117.634521> ... Lifespan: Set to 30 minutes.
[AirdropContainerFall] Loot Spawned [29] Compass @ <8011.102539, 6.099415, 3122.508789> ... Lifespan: Set to 30 minutes.
[AirdropContainerFall] Loot Spawned [30] LugWrench @ <8011.840332, 6.234163, 3121.743164> ... Lifespan: Set to 30 minutes.
[AirdropContainerUnstuck] Container was unstuck.
[~AirdropContainerBase] Container Destroyed on 2021-03-17 @ 23-35-23
