[InitializeContainer] Container created on 2021-03-19 @ 20-10-02
[InitializeContainer] Winds: Vector <9.240638, 0.000000, -3.629409>, Speed 9.92784mps, Strength 0.1
[AirdropContainerFall] Drop Type 'Military East', Container: 'AirdropContainer_Military', Mode/Quantity/Iems: Random/20/33, Flare:  10%
[AirdropContainerFall] Loot Spawned [1] AK101 @ <4453.177246, 341.114471, 10390.090820> ... Lifespan: Set to 30 minutes.
[AirdropContainerFall] Loot Spawned [2] AKM @ <4449.647949, 341.121887, 10394.157227> ... Lifespan: Set to 30 minutes.
[AirdropContainerFall] Loot Spawned [3] KOD_M16A4 @ <4451.526367, 341.011414, 10389.901367> ... Lifespan: Set to 30 minutes.
[AirdropContainerFall] Loot Spawned [4] GorkaEJacket_PautRev @ <4453.266602, 341.258636, 10393.595703> ... Lifespan: Set to 30 minutes.
[AirdropContainerFall] Loot Spawned [5] AK_PlasticBttstck @ <4454.430176, 341.330170, 10394.104492> ... Lifespan: Set to 30 minutes.
[AirdropContainerFall] Loot Spawned [6] TTsKOJacket_Camo @ <4449.259277, 341.042267, 10392.819336> ... Lifespan: Set to 30 minutes.
[AirdropContainerFall] Loot Spawned [7] AK_Bayonet @ <4452.500977, 341.278748, 10394.940430> ... Lifespan: Set to 30 minutes.
[AirdropContainerFall] Loot Spawned [8] AK_RailHndgrd @ <4452.015137, 341.228912, 10394.228516> ... Lifespan: Set to 30 minutes.
[AirdropContainerFall] Loot Spawned [9] GorkaPants_Flat @ <4451.549316, 341.039032, 10390.327148> ... Lifespan: Set to 30 minutes.
[AirdropContainerFall] Loot Spawned [10] TacticalGloves_Green @ <4448.800781, 341.040375, 10393.277344> ... Lifespan: Set to 30 minutes.
[AirdropContainerFall] Loot Spawned [11] Mag_AKM_30Rnd @ <4450.343262, 340.999176, 10390.961914> ... Lifespan: Set to 30 minutes.
[AirdropContainerFall] Loot Spawned [12] TacticalBaconCan @ <4451.862305, 341.054260, 10390.242188> ... Lifespan: Set to 30 minutes.
[AirdropContainerFall] Loot Spawned [13] WeaponCleaningKit @ <4451.219238, 340.979370, 10389.707031> ... Lifespan: Set to 30 minutes.
[AirdropContainerFall] Loot Spawned [14] GorkaEJacket_Flat @ <4453.794434, 341.238312, 10392.507813> ... Lifespan: Set to 30 minutes.
[AirdropContainerFall] Loot Spawned [15] TacticalGloves_Beige @ <4449.928711, 341.042267, 10392.106445> ... Lifespan: Set to 30 minutes.
[AirdropContainerFall] Loot Spawned [16] GorkaEJacket_Summer @ <4450.644043, 341.148499, 10393.726563> ... Lifespan: Set to 30 minutes.
[AirdropContainerFall] Loot Spawned [17] TacticalGloves_Black @ <4449.664551, 340.921936, 10390.426758> ... Lifespan: Set to 30 minutes.
[AirdropContainerFall] Loot Spawned [18] KOD_M16A4 @ <4451.275879, 340.958008, 10389.297852> ... Lifespan: Set to 30 minutes.
[AirdropContainerFall] Loot Spawned [19] AKM @ <4449.443848, 340.992889, 10391.818359> ... Lifespan: Set to 30 minutes.
[AirdropContainerFall] Loot Spawned [20] GorkaPants_Autumn @ <4453.442871, 341.149506, 10390.673828> ... Lifespan: Set to 30 minutes.
[AirdropContainerUnstuck] Container was unstuck.
[~AirdropContainerBase] Container Destroyed on 2021-03-19 @ 20-35-02
