[AirdropPlane] Aircraft created on 2021-04-14 @ 22-17-46
[InitializeAircraft] Aircraft Initialized: Northwest Airfield @ 4500/10350 (true)
[EOnBeforeDrop] The Aircraft is 1 Km from Northwest Airfield. @ <3790.871582, 460.349457, 9029.084961>
[EOnDrop] Zombie Spawned [1] ZmbM_PatrolNormal_Summer @ <4438.281738, 339.500000, 10236.095703> ... Lifespan:  Set to 30 minutes.
[EOnDrop] Zombie Spawned [2] ZmbM_PatrolNormal_PautRev @ <4455.145020, 339.500000, 10247.893555> ... Lifespan:  Set to 30 minutes.
[EOnDrop] Zombie Spawned [3] ZmbM_PatrolNormal_PautRev @ <4454.847656, 339.859711, 10313.237305> ... Lifespan:  Set to 30 minutes.
[EOnDrop] Zombie Spawned [4] ZmbM_PatrolNormal_PautRev @ <4485.798340, 339.833496, 10258.391602> ... Lifespan:  Set to 30 minutes.
[EOnDrop] Zombie Spawned [5] ZmbM_PatrolNormal_Flat @ <4467.389160, 339.500000, 10231.561523> ... Lifespan:  Set to 30 minutes.
[EOnDrop] Zombie Spawned [6] ZmbM_PatrolNormal_Flat @ <4475.704102, 339.500000, 10253.998047> ... Lifespan:  Set to 30 minutes.
[EOnDrop] Zombie Spawned [7] ZmbM_PatrolNormal_Flat @ <4445.701172, 339.500000, 10305.984375> ... Lifespan:  Set to 30 minutes.
[EOnDrop] Zombie Spawned [8] ZmbM_SoldierNormal @ <4448.482422, 339.500000, 10229.624023> ... Lifespan:  Set to 30 minutes.
[EOnDrop] Zombie Spawned [9] ZmbM_PatrolNormal_Summer @ <4427.266602, 339.500000, 10263.627930> ... Lifespan:  Set to 30 minutes.
[EOnDrop] Zombie Spawned [10] ZmbM_PatrolNormal_Summer @ <4424.499512, 339.500000, 10290.781250> ... Lifespan:  Set to 30 minutes.
[EOnDrop] Zombie Spawned [11] ZmbM_PatrolNormal_Autumn @ <4410.314941, 339.500000, 10253.556641> ... Lifespan:  Set to 30 minutes.
[EOnDrop] Zombie Spawned [12] ZmbM_PatrolNormal_Autumn @ <4465.241699, 339.500000, 10246.788086> ... Lifespan:  Set to 30 minutes.
[EOnDrop] Zombie Spawned [13] ZmbM_PatrolNormal_Summer @ <4444.117676, 339.500000, 10226.874023> ... Lifespan:  Set to 30 minutes.
[EOnDrop] Zombie Spawned [14] ZmbM_PatrolNormal_Flat @ <4453.223633, 339.500000, 10254.142578> ... Lifespan:  Set to 30 minutes.
[EOnDrop] Zombie Spawned [15] ZmbM_PatrolNormal_PautRev @ <4453.476074, 339.503784, 10292.469727> ... Lifespan:  Set to 30 minutes.
[EOnDrop] Zombie Spawned [16] ZmbM_PatrolNormal_Summer @ <4471.911621, 340.054779, 10284.442383> ... Lifespan:  Set to 30 minutes.
[EOnDrop] Zombie Spawned [17] ZmbM_PatrolNormal_Flat @ <4451.833008, 339.500000, 10218.064453> ... Lifespan:  Set to 30 minutes.
[EOnDrop] Zombie Spawned [18] ZmbM_PatrolNormal_Flat @ <4452.698730, 339.500000, 10278.336914> ... Lifespan:  Set to 30 minutes.
[EOnDrop] Zombie Spawned [19] ZmbM_SoldierNormal @ <4468.548828, 339.515259, 10270.854492> ... Lifespan:  Set to 30 minutes.
[EOnDrop] Zombie Spawned [20] ZmbM_PatrolNormal_PautRev @ <4425.705566, 339.500000, 10279.105469> ... Lifespan:  Set to 30 minutes.
[EOnDrop] Zombie Spawned [21] ZmbM_PatrolNormal_Summer @ <4414.356934, 339.500000, 10253.801758> ... Lifespan:  Set to 30 minutes.
[EOnDrop] Zombie Spawned [22] ZmbM_SoldierNormal @ <4461.041504, 339.500000, 10269.541016> ... Lifespan:  Set to 30 minutes.
[EOnDrop] Zombie Spawned [23] ZmbM_SoldierNormal @ <4426.748047, 339.500000, 10244.911133> ... Lifespan:  Set to 30 minutes.
[EOnDrop] Zombie Spawned [24] ZmbM_PatrolNormal_Autumn @ <4492.906738, 340.158783, 10250.232422> ... Lifespan:  Set to 30 minutes.
[EOnDrop] Zombie Spawned [25] ZmbM_SoldierNormal @ <4449.202637, 339.500000, 10236.020508> ... Lifespan:  Set to 30 minutes.
[EOnDrop] Drop spawned with 25 infected at <4455.161133, 481.722382, 10266.827148>.
[EOnDrop] Supplies have been dropped near Northwest Airfield.
[EOnBeforeDelete] Aircraft despawned @ <7725.911133, 489.192566, 16360.327148>
[~AirdropPlane] Aircraft destroyed.
