[InitializeContainer] Container created on 2021-04-13 @ 18-46-12
[InitializeContainer] Winds: Vector <-9.600499, 0.000000, 14.267481>, Speed 17.1968mps, Strength 0.1
[AirdropContainerFall] Drop Type 'Military East', Container: 'AirdropContainer_Military', Mode/Quantity/Iems: Random/20/33, Flare:  10%
[AirdropContainerFall] Loot Spawned [1] AKM @ <4568.430176, 340.868866, 10291.651367> ... Lifespan: Set to 30 minutes.
[AirdropContainerFall] Loot Spawned [2] TTSKOPants @ <4565.137695, 340.981018, 10290.135742> ... Lifespan: Set to 30 minutes.
[AirdropContainerFall] Loot Spawned [3] CanOpener @ <4564.052246, 341.054504, 10294.650391> ... Lifespan: Set to 30 minutes.
[AirdropContainerFall] Loot Spawned [4] WeaponCleaningKit @ <4568.741699, 340.856018, 10291.812500> ... Lifespan: Set to 30 minutes.
[AirdropContainerFall] Loot Spawned [5] AK101 @ <4569.562012, 340.833221, 10294.300781> ... Lifespan: Set to 30 minutes.
[AirdropContainerFall] Loot Spawned [6] TacticalBaconCan @ <4569.065430, 340.846313, 10292.657227> ... Lifespan: Set to 30 minutes.
[AirdropContainerFall] Loot Spawned [7] GorkaEJacket_Autumn @ <4565.156738, 341.013611, 10294.714844> ... Lifespan: Set to 30 minutes.
[AirdropContainerFall] Loot Spawned [8] AKM @ <4567.307129, 340.931122, 10294.297852> ... Lifespan: Set to 30 minutes.
[AirdropContainerFall] Loot Spawned [9] TacticalBaconCan @ <4565.480957, 341.010468, 10296.391602> ... Lifespan: Set to 30 minutes.
[AirdropContainerFall] Loot Spawned [10] GorkaEJacket_PautRev @ <4567.270508, 340.916412, 10291.279297> ... Lifespan: Set to 30 minutes.
[AirdropContainerFall] Loot Spawned [11] TacticalBaconCan @ <4564.673828, 341.016144, 10292.244141> ... Lifespan: Set to 30 minutes.
[AirdropContainerFall] Loot Spawned [12] KOD_M110_Tan @ <4566.338379, 340.972565, 10295.283203> ... Lifespan: Set to 30 minutes.
[AirdropContainerFall] Loot Spawned [13] AK101 @ <4565.661621, 340.968719, 10290.689453> ... Lifespan: Set to 30 minutes.
[AirdropContainerFall] Loot Spawned [14] Battery9V @ <4567.446289, 340.931549, 10295.349609> ... Lifespan: Set to 30 minutes.
[AirdropContainerFall] Loot Spawned [15] GorkaEJacket_Autumn @ <4564.439453, 341.041046, 10294.831055> ... Lifespan: Set to 30 minutes.
[AirdropContainerFall] Loot Spawned [16] GorkaPants_PautRev @ <4564.860840, 341.016724, 10293.225586> ... Lifespan: Set to 30 minutes.
[AirdropContainerFall] Loot Spawned [17] AKM @ <4568.731445, 340.873627, 10295.029297> ... Lifespan: Set to 30 minutes.
[AirdropContainerFall] Loot Spawned [18] TacticalGloves_Green @ <4568.233398, 340.870605, 10290.354492> ... Lifespan: Set to 30 minutes.
[AirdropContainerFall] Loot Spawned [19] TTsKOJacket_Camo @ <4569.150879, 340.851349, 10294.310547> ... Lifespan: Set to 30 minutes.
[AirdropContainerFall] Loot Spawned [20] GorkaPants_Flat @ <4569.750977, 340.818268, 10293.060547> ... Lifespan: Set to 30 minutes.
[AirdropContainerFall] Airdrop Flare Spawned @ <4565.836914, 340.993103, 10295.626953> ... Lifespan: Set to 30 minutes.
[AirdropContainerUnstuck] Container was unstuck.
[~AirdropContainerBase] Container Destroyed on 2021-04-13 @ 19-11-12
