[AirdropBase] Base class created & settings loaded.
[2021-04-22 @ 14-34-37] ----------------------------------------------------------------------------------------------------
[EOnCallAirdrop] Drop zone asigned: Skalisty Island <13575.000000, 0.000000, 3055.000000>
[EOnCallAirdrop] Drop zone offset to: <13592.858398, 2438.000000, 2994.744141>
[EOnCallAirdrop] Aircraft spawn point: <-1000.000000, 2438.000000, 14880.264648>
[EOnCallAirdrop] Aircraft bearing ... Angle/Bearing: 2.45998° / 309.054°, Text: 'North/West (309°)'
[EOnCallAirdrop] Aircraft has been dispatched to 'Skalisty Island' from the North/West (309°).
[2021-04-22 @ 14-59-57] ----------------------------------------------------------------------------------------------------
[EOnCallAirdrop] Drop zone asigned: Myshkino <1900.000000, 0.000000, 7600.000000>
[EOnCallAirdrop] Drop zone offset to: <1984.842041, 2438.000000, 7635.296387>
[EOnCallAirdrop] Aircraft spawn point: <2123.178711, 2438.000000, -1000.000000>
[EOnCallAirdrop] Aircraft bearing ... Angle/Bearing: -1.54485° / 178.513°, Text: 'South (179°)'
[EOnCallAirdrop] Aircraft has been dispatched to 'Myshkino' from the South (179°).
[2021-04-22 @ 15-25-17] ----------------------------------------------------------------------------------------------------
[EOnCallAirdrop] Drop zone asigned: Gorka <8775.000000, 0.000000, 9200.000000>
[EOnCallAirdrop] Drop zone offset to: <8824.244141, 2438.000000, 9230.920898>
[EOnCallAirdrop] Aircraft spawn point: <16360.000000, 2438.000000, 12856.954102>
[EOnCallAirdrop] Aircraft bearing ... Angle/Bearing: 0.449249° / 64.2599°, Text: 'North/East (64°)'
[EOnCallAirdrop] Aircraft has been dispatched to 'Gorka' from the North/East (64°).
[2021-04-22 @ 15-50-38] ----------------------------------------------------------------------------------------------------
[EOnCallAirdrop] Drop zone asigned: Myshkino <1900.000000, 0.000000, 7600.000000>
[EOnCallAirdrop] Drop zone offset to: <1918.145996, 2438.000000, 7614.974121>
[EOnCallAirdrop] Aircraft spawn point: <10010.331055, 2438.000000, 16360.000000>
[EOnCallAirdrop] Aircraft bearing ... Angle/Bearing: 0.823889° / 42.7947°, Text: 'North/East (43°)'
[EOnCallAirdrop] Aircraft has been dispatched to 'Myshkino' from the North/East (43°).
[2021-04-22 @ 16-15-58] ----------------------------------------------------------------------------------------------------
[EOnCallAirdrop] Drop zone asigned: Northwest Airfield <4500.000000, 0.000000, 10350.000000>
[EOnCallAirdrop] Drop zone offset to: <4466.943848, 2438.000000, 10308.296875>
[EOnCallAirdrop] Aircraft spawn point: <4534.834473, 2438.000000, 16360.000000>
[EOnCallAirdrop] Aircraft bearing ... Angle/Bearing: 1.565° / 0.332085°, Text: 'North (0°)'
[EOnCallAirdrop] Aircraft has been dispatched to 'Northwest Airfield' from the North (0°).
[2021-04-22 @ 16-41-10] ----------------------------------------------------------------------------------------------------
[EOnCallAirdrop] Drop zone asigned: Berezino <12450.000000, 0.000000, 9250.000000>
[EOnCallAirdrop] Drop zone offset to: <12454.837891, 2438.000000, 9205.727539>
[EOnCallAirdrop] Aircraft spawn point: <6322.914063, 2438.000000, 16360.000000>
[EOnCallAirdrop] Aircraft bearing ... Angle/Bearing: 2.28208° / 319.247°, Text: 'North/West (319°)'
[EOnCallAirdrop] Aircraft has been dispatched to 'Berezino' from the North/West (319°).
