[AirdropPlane] Aircraft created on 2021-03-14 @ 00-37-46
[InitializeAircraft] Aircraft Initialized: Player Called @ 4088.47/7269.61 (false)
[EOnBeforeDrop] The Aircraft is 1 Km from called location. @ <3055.788818, 450.774353, 6183.959961>
[EOnDrop] Zombie Spawned [1] Animal_CanisLupus_Grey @ <4017.820557, 297.826508, 7251.226074> ... Lifespan:  Set to 60 minutes.
[EOnDrop] Zombie Spawned [2] ZmbF_SkaterYoung_Striped @ <4000.013916, 300.164429, 7198.012695> ... Lifespan:  Set to 60 minutes.
[EOnDrop] Zombie Spawned [3] Animal_CanisLupus_White @ <4034.060547, 298.591492, 7185.261719> ... Lifespan:  Set to 60 minutes.
[EOnDrop] Zombie Spawned [4] ZmbM_MechanicSkinny_Grey @ <4052.483154, 297.414917, 7179.211426> ... Lifespan:  Set to 60 minutes.
[EOnDrop] Zombie Spawned [5] ZmbF_SkaterYoung_Brown @ <4031.809326, 298.488464, 7196.986816> ... Lifespan:  Set to 60 minutes.
[EOnDrop] Zombie Spawned [6] ZmbF_VillagerOld_Red @ <4042.004395, 297.379456, 7212.422852> ... Lifespan:  Set to 60 minutes.
[EOnDrop] Zombie Spawned [7] ZmbF_DoctorSkinny @ <3996.634766, 299.615753, 7229.923340> ... Lifespan:  Set to 60 minutes.
[EOnDrop] Zombie Spawned [8] ZmbM_PatrolNormal_Flat @ <4013.140869, 298.225128, 7248.823242> ... Lifespan:  Set to 60 minutes.
[EOnDrop] Zombie Spawned [9] ZmbM_OffshoreWorker_Red @ <3998.312012, 300.822571, 7163.449707> ... Lifespan:  Set to 60 minutes.
[EOnDrop] Zombie Spawned [10] ZmbF_ShortSkirt_black @ <4059.760742, 295.454926, 7235.978027> ... Lifespan:  Set to 60 minutes.
[EOnDrop] Zombie Spawned [11] ZmbF_MilkMaidOld_Grey @ <4012.245361, 299.521729, 7200.046875> ... Lifespan:  Set to 60 minutes.
[EOnDrop] Zombie Spawned [12] ZmbM_ConstrWorkerNormal_Beige @ <4031.919922, 299.105255, 7162.838867> ... Lifespan:  Set to 60 minutes.
[EOnDrop] Zombie Spawned [13] ZmbM_SoldierNormal @ <4015.579102, 298.651947, 7229.588867> ... Lifespan:  Set to 60 minutes.
[EOnDrop] Zombie Spawned [14] ZmbM_HandymanNormal_Blue @ <4036.269531, 297.193146, 7231.706543> ... Lifespan:  Set to 60 minutes.
[EOnDrop] Zombie Spawned [15] ZmbM_PatrolNormal_PautRev @ <3997.965332, 300.048065, 7209.355957> ... Lifespan:  Set to 60 minutes.
[EOnDrop] Zombie Spawned [16] Animal_CanisLupus_Grey @ <3993.827637, 300.037262, 7218.706543> ... Lifespan:  Set to 60 minutes.
[EOnDrop] Zombie Spawned [17] ZmbM_HandymanNormal_Green @ <4014.423828, 299.424194, 7199.237793> ... Lifespan:  Set to 60 minutes.
[EOnDrop] Zombie Spawned [18] ZmbF_HikerSkinny_Grey @ <4001.753906, 299.546478, 7223.315918> ... Lifespan:  Set to 60 minutes.
[EOnDrop] Zombie Spawned [19] ZmbM_HunterOld_Spring @ <4001.772217, 299.616089, 7220.013184> ... Lifespan:  Set to 60 minutes.
[EOnDrop] Zombie Spawned [20] ZmbM_FarmerFat_Blue @ <4023.045898, 298.752350, 7209.031738> ... Lifespan:  Set to 60 minutes.
[EOnDrop] Zombie Spawned [21] Animal_CanisLupus_Grey @ <4029.210449, 297.816315, 7228.283691> ... Lifespan:  Set to 60 minutes.
[EOnDrop] Zombie Spawned [22] ZmbM_HandymanNormal_Grey @ <4016.823730, 299.378723, 7194.798828> ... Lifespan:  Set to 60 minutes.
[EOnDrop] Zombie Spawned [23] ZmbM_FarmerFat_Beige @ <4052.302002, 297.061340, 7195.925293> ... Lifespan:  Set to 60 minutes.
[EOnDrop] Zombie Spawned [24] ZmbM_MechanicSkinny_Grey @ <4033.099609, 298.200745, 7205.210449> ... Lifespan:  Set to 60 minutes.
[EOnDrop] Zombie Spawned [25] ZmbF_ShortSkirt_red @ <4031.333496, 297.221344, 7240.899414> ... Lifespan:  Set to 60 minutes.
[EOnDrop] Zombie Spawned [26] ZmbM_PatrolNormal_PautRev @ <4045.687988, 298.047394, 7171.992676> ... Lifespan:  Set to 60 minutes.
[EOnDrop] Zombie Spawned [27] ZmbM_MotobikerFat_Black @ <3989.333008, 300.565430, 7206.183105> ... Lifespan:  Set to 60 minutes.
[EOnDrop] Zombie Spawned [28] ZmbF_BlueCollarFat_Red @ <4042.176758, 296.866547, 7228.715332> ... Lifespan:  Set to 60 minutes.
[EOnDrop] Zombie Spawned [29] ZmbF_HikerSkinny_Red @ <4024.861328, 298.503265, 7214.430664> ... Lifespan:  Set to 60 minutes.
[EOnDrop] Zombie Spawned [30] Animal_CanisLupus_White @ <4045.323486, 296.095642, 7244.022461> ... Lifespan:  Set to 60 minutes.
[EOnDrop] Drop spawned with 30 infected at <4026.567627, 449.323181, 7204.106445>.
[EOnDrop] Supplies have been dropped near the player's location.
[EOnBeforeDelete] Aircraft despawned @ <12739.722656, 299.370117, 16360.270508>
[~AirdropPlane] Aircraft destroyed.
