[InitializeContainer] Container created on 2021-03-25 @ 23-20-33
[InitializeContainer] Winds: Vector <-2.266986, 0.000000, -4.691460>, Speed 5.21047mps, Strength 0.1
[AirdropContainerFall] Drop Type 'Misc. Food', Container: 'RANDOM', Mode/Quantity/Iems: Random/29/30, Flare:  10%
[AirdropContainerFall] Loot Spawned [1] Rice @ <6666.425293, 297.957153, 7743.931641> ... Lifespan: Set to 30 minutes.
[AirdropContainerFall] Loot Spawned [2] Potato @ <6662.288574, 297.738861, 7739.930176> ... Lifespan: Set to 30 minutes.
[AirdropContainerFall] Loot Spawned [3] AK101 @ <6666.412109, 297.736755, 7741.421387> ... Lifespan: Set to 30 minutes.
[AirdropContainerFall] Loot Spawned [4] AKM @ <6665.926758, 297.918732, 7743.283691> ... Lifespan: Set to 30 minutes.
[AirdropContainerFall] Loot Spawned [5] KOD_M16A4 @ <6665.164551, 297.710175, 7740.666016> ... Lifespan: Set to 30 minutes.
[AirdropContainerFall] Loot Spawned [6] TacticalBaconCan @ <6663.103516, 297.798676, 7740.881348> ... Lifespan: Set to 30 minutes.
[AirdropContainerFall] Loot Spawned [7] KOD_M16A4 @ <6666.081055, 297.646576, 7740.307129> ... Lifespan: Set to 30 minutes.
[AirdropContainerFall] Loot Spawned [8] TunaCan @ <6663.183105, 298.050812, 7743.650391> ... Lifespan: Set to 30 minutes.
[AirdropContainerFall] Loot Spawned [9] GreenBellPepper @ <6661.939453, 298.048462, 7743.174316> ... Lifespan: Set to 30 minutes.
[AirdropContainerFall] Loot Spawned [10] SodaCan_Kvass @ <6666.135742, 298.023560, 7744.563477> ... Lifespan: Set to 30 minutes.
[AirdropContainerFall] Loot Spawned [11] Apple @ <6667.106445, 297.622742, 7740.420410> ... Lifespan: Set to 30 minutes.
[AirdropContainerFall] Loot Spawned [12] CaninaBerry @ <6662.731445, 297.945648, 7742.344238> ... Lifespan: Set to 30 minutes.
[AirdropContainerFall] Loot Spawned [13] PowderedMilk @ <6663.036133, 298.113251, 7744.275879> ... Lifespan: Set to 30 minutes.
[AirdropContainerFall] Loot Spawned [14] Zucchini @ <6665.736816, 298.039185, 7744.571777> ... Lifespan: Set to 30 minutes.
[AirdropContainerFall] Loot Spawned [15] Canteen @ <6662.303223, 297.752075, 7740.084473> ... Lifespan: Set to 30 minutes.
[AirdropContainerFall] Loot Spawned [16] Rice @ <6664.799805, 297.993988, 7743.660645> ... Lifespan: Set to 30 minutes.
[AirdropContainerFall] Loot Spawned [17] PowderedMilk @ <6666.074707, 297.917938, 7743.337891> ... Lifespan: Set to 30 minutes.
[AirdropContainerFall] Loot Spawned [18] PeachesCan @ <6665.355469, 298.058014, 7744.624023> ... Lifespan: Set to 30 minutes.
[AirdropContainerFall] Loot Spawned [19] BoxCerealCrunchin @ <6667.346191, 297.910370, 7743.791016> ... Lifespan: Set to 30 minutes.
[AirdropContainerFall] Loot Spawned [20] SpaghettiCan @ <6665.520020, 297.561249, 7739.097656> ... Lifespan: Set to 30 minutes.
[AirdropContainerFall] Loot Spawned [21] SodaCan_Kvass @ <6661.977539, 297.785126, 7740.326660> ... Lifespan: Set to 30 minutes.
[AirdropContainerFall] Loot Spawned [22] SodaCan_Pipsi @ <6661.980469, 298.155609, 7744.353516> ... Lifespan: Set to 30 minutes.
[AirdropContainerFall] Loot Spawned [23] GreenBellPepper @ <6665.491211, 298.007996, 7744.113281> ... Lifespan: Set to 30 minutes.
[AirdropContainerFall] Loot Spawned [24] BakedBeansCan @ <6663.393066, 298.123383, 7744.534180> ... Lifespan: Set to 30 minutes.
[AirdropContainerFall] Loot Spawned [25] Pumpkin @ <6663.591309, 297.648529, 7739.371582> ... Lifespan: Set to 30 minutes.
[AirdropContainerFall] Loot Spawned [26] TacticalBaconCan @ <6662.605469, 297.712860, 7739.745605> ... Lifespan: Set to 30 minutes.
[AirdropContainerFall] Loot Spawned [27] Pumpkin @ <6665.949219, 298.019562, 7744.438965> ... Lifespan: Set to 30 minutes.
[AirdropContainerFall] Loot Spawned [28] SambucusBerry @ <6661.237793, 297.920929, 7741.533691> ... Lifespan: Set to 30 minutes.
[AirdropContainerFall] Loot Spawned [29] CaninaBerry @ <6665.917969, 297.947510, 7743.606445> ... Lifespan: Set to 30 minutes.
[AirdropContainerUnstuck] Container was unstuck.
[~AirdropContainerBase] Container Destroyed on 2021-03-25 @ 23-45-33
