[InitializeContainer] Container created on 2021-05-04 @ 06-34-56
[InitializeContainer] Winds: Vector <11.054819, 0.000000, 5.393484>, Speed 12.3004mps, Strength 0.1
[AirdropContainerFall] Drop Type 'Misc. Food', Container: 'RANDOM', Mode/Quantity/Iems: Random/20/26, Flare:  10%
[AirdropContainerFall] Loot Spawned [1] Zucchini @ <8726.733398, 385.976746, 9130.870117> ... Lifespan: Set to 60 minutes.
[AirdropContainerFall] Loot Spawned [2] CaninaBerry @ <8728.282227, 385.705414, 9126.627930> ... Lifespan: Set to 60 minutes.
[AirdropContainerFall] Loot Spawned [3] BakedBeansCan @ <8729.801758, 385.588745, 9127.165039> ... Lifespan: Set to 60 minutes.
[AirdropContainerFall] Loot Spawned [4] PowderedMilk @ <8723.463867, 386.115906, 9126.321289> ... Lifespan: Set to 60 minutes.
[AirdropContainerFall] Loot Spawned [5] Rice @ <8724.997070, 386.030914, 9127.990234> ... Lifespan: Set to 60 minutes.
[AirdropContainerFall] Loot Spawned [6] Apple @ <8726.265625, 386.004425, 9130.495117> ... Lifespan: Set to 60 minutes.
[AirdropContainerFall] Loot Spawned [7] CaninaBerry @ <8726.772461, 385.962341, 9130.548828> ... Lifespan: Set to 60 minutes.
[AirdropContainerFall] Loot Spawned [8] SodaCan_Pipsi @ <8725.251953, 385.920990, 9124.947266> ... Lifespan: Set to 60 minutes.
[AirdropContainerFall] Loot Spawned [9] Tomato @ <8724.876953, 385.953949, 9124.915039> ... Lifespan: Set to 60 minutes.
[AirdropContainerFall] Loot Spawned [10] BoxCerealCrunchin @ <8724.310547, 386.099609, 9128.265625> ... Lifespan: Set to 60 minutes.
[AirdropContainerFall] Loot Spawned [11] SodaCan_Cola @ <8728.023438, 385.805847, 9129.108398> ... Lifespan: Set to 60 minutes.
[AirdropContainerFall] Loot Spawned [12] Potato @ <8727.987305, 385.672302, 9124.532227> ... Lifespan: Set to 60 minutes.
[AirdropContainerFall] Loot Spawned [13] Lard @ <8728.779297, 385.732513, 9128.861328> ... Lifespan: Set to 60 minutes.
[AirdropContainerFall] Loot Spawned [14] TacticalBaconCan @ <8728.822266, 385.623016, 9125.356445> ... Lifespan: Set to 60 minutes.
[AirdropContainerFall] Loot Spawned [15] SpaghettiCan @ <8729.079102, 385.712891, 9129.015625> ... Lifespan: Set to 60 minutes.
[AirdropContainerFall] Loot Spawned [16] SodaCan_Pipsi @ <8723.291016, 386.144592, 9126.861328> ... Lifespan: Set to 60 minutes.
[AirdropContainerFall] Loot Spawned [17] SpaghettiCan @ <8729.198242, 385.617462, 9126.323242> ... Lifespan: Set to 60 minutes.
[AirdropContainerFall] Loot Spawned [18] SodaCan_Cola @ <8724.322266, 386.091003, 9128.039063> ... Lifespan: Set to 60 minutes.
[AirdropContainerFall] Loot Spawned [19] SodaCan_Pipsi @ <8724.259766, 386.016327, 9125.138672> ... Lifespan: Set to 60 minutes.
[AirdropContainerFall] Loot Spawned [20] SambucusBerry @ <8728.706055, 385.735901, 9128.783203> ... Lifespan: Set to 60 minutes.
[AirdropContainerUnstuck] Container was unstuck.
[~AirdropContainerBase] Container Destroyed on 2021-05-04 @ 07-01-49
