[AirdropBase] Base class created & settings loaded.
[2021-04-15 @ 17-26-59] ----------------------------------------------------------------------------------------------------
[EOnCallAirdrop] Drop zone asigned: Chernogorsk <7400.000000, 0.000000, 3500.000000>
[EOnCallAirdrop] Drop zone offset to: <7435.323242, 2438.000000, 3514.623779>
[EOnCallAirdrop] Aircraft spawn point: <16360.000000, 2438.000000, 5065.165527>
[EOnCallAirdrop] Aircraft bearing ... Angle/Bearing: 0.172939° / 80.0913°, Text: 'East (80°)'
[EOnCallAirdrop] Aircraft has been dispatched to 'Chernogorsk' from the East (80°).
[2021-04-15 @ 17-52-16] ----------------------------------------------------------------------------------------------------
[EOnCallAirdrop] Drop zone asigned: Skalisty Island <13575.000000, 0.000000, 3055.000000>
[EOnCallAirdrop] Drop zone offset to: <13607.968750, 2438.000000, 3114.687500>
[EOnCallAirdrop] Aircraft spawn point: <16360.000000, 2438.000000, 8373.245117>
[EOnCallAirdrop] Aircraft bearing ... Angle/Bearing: 1.08839° / 27.6397°, Text: 'North/East (28°)'
[EOnCallAirdrop] Aircraft has been dispatched to 'Skalisty Island' from the North/East (28°).
[2021-04-15 @ 18-17-33] ----------------------------------------------------------------------------------------------------
[EOnCallAirdrop] Drop zone asigned: Northwest Airfield <4500.000000, 0.000000, 10350.000000>
[EOnCallAirdrop] Drop zone offset to: <4571.684082, 2438.000000, 10365.592773>
[EOnCallAirdrop] Aircraft spawn point: <16360.000000, 2438.000000, 2624.370850>
[EOnCallAirdrop] Aircraft bearing ... Angle/Bearing: -0.57736° / 123.08°, Text: 'South/East (123°)'
[EOnCallAirdrop] Aircraft has been dispatched to 'Northwest Airfield' from the South/East (123°).
[2021-04-15 @ 18-42-50] ----------------------------------------------------------------------------------------------------
[EOnCallAirdrop] Drop zone asigned: Zelenogorks <1875.000000, 0.000000, 5210.000000>
[EOnCallAirdrop] Drop zone offset to: <1875.032959, 2438.000000, 5209.250000>
[EOnCallAirdrop] Aircraft spawn point: <797.615906, 2438.000000, 16360.000000>
[EOnCallAirdrop] Aircraft bearing ... Angle/Bearing: 1.66712° / 354.481°, Text: 'North (354°)'
[EOnCallAirdrop] Aircraft has been dispatched to 'Zelenogorks' from the North (354°).
[2021-04-15 @ 19-08-06] ----------------------------------------------------------------------------------------------------
[EOnCallAirdrop] Drop zone asigned: Myshkino <1900.000000, 0.000000, 7600.000000>
[EOnCallAirdrop] Drop zone offset to: <1954.175903, 2438.000000, 7523.813965>
[EOnCallAirdrop] Aircraft spawn point: <3319.470215, 2438.000000, -1000.000000>
[EOnCallAirdrop] Aircraft bearing ... Angle/Bearing: -1.40722° / 170.628°, Text: 'South (171°)'
[EOnCallAirdrop] Aircraft has been dispatched to 'Myshkino' from the South (171°).
[2021-04-15 @ 19-33-23] ----------------------------------------------------------------------------------------------------
[EOnCallAirdrop] Drop zone asigned: Berezino <12450.000000, 0.000000, 9250.000000>
[EOnCallAirdrop] Drop zone offset to: <12438.424805, 2438.000000, 9150.899414>
[EOnCallAirdrop] Aircraft spawn point: <16360.000000, 2438.000000, 9988.079102>
[EOnCallAirdrop] Aircraft bearing ... Angle/Bearing: 0.186572° / 79.3102°, Text: 'East (79°)'
[EOnCallAirdrop] Aircraft has been dispatched to 'Berezino' from the East (79°).
[2021-04-15 @ 19-58-40] ----------------------------------------------------------------------------------------------------
[EOnCallAirdrop] Drop zone asigned: Elektrozavodsk <10050.000000, 0.000000, 2450.000000>
[EOnCallAirdrop] Drop zone offset to: <10047.699219, 2438.000000, 2469.165283>
[EOnCallAirdrop] Aircraft spawn point: <-1000.000000, 2438.000000, 7982.781250>
[EOnCallAirdrop] Aircraft bearing ... Angle/Bearing: 2.67738° / 296.597°, Text: 'North/West (297°)'
[EOnCallAirdrop] Aircraft has been dispatched to 'Elektrozavodsk' from the North/West (297°).
[2021-04-15 @ 20-23-57] ----------------------------------------------------------------------------------------------------
[EOnCallAirdrop] Drop zone asigned: Novodmitrovsk <11475.000000, 0.000000, 14356.000000>
[EOnCallAirdrop] Drop zone offset to: <11529.872070, 2438.000000, 14360.778320>
[EOnCallAirdrop] Aircraft spawn point: <12601.589844, 2438.000000, 16360.000000>
[EOnCallAirdrop] Aircraft bearing ... Angle/Bearing: 1.05866° / 29.3434°, Text: 'North/East (29°)'
[EOnCallAirdrop] Aircraft has been dispatched to 'Novodmitrovsk' from the North/East (29°).
[2021-04-15 @ 20-49-13] ----------------------------------------------------------------------------------------------------
[EOnCallAirdrop] Drop zone asigned: Northwest Airfield <4500.000000, 0.000000, 10350.000000>
[EOnCallAirdrop] Drop zone offset to: <4528.382324, 2438.000000, 10341.407227>
[EOnCallAirdrop] Aircraft spawn point: <12312.318359, 2438.000000, 16360.000000>
[EOnCallAirdrop] Aircraft bearing ... Angle/Bearing: 0.655738° / 52.429°, Text: 'North/East (52°)'
[EOnCallAirdrop] Aircraft has been dispatched to 'Northwest Airfield' from the North/East (52°).
