[AirdropBase] Base class created & settings loaded.
[2021-04-11 @ 22-16-11] ----------------------------------------------------------------------------------------------------
[EOnCallAirdrop] Drop zone asigned: Soverograd <8566.000000, 0.000000, 12755.000000>
[EOnCallAirdrop] Drop zone offset to: <8543.473633, 2438.000000, 12775.707031>
[EOnCallAirdrop] Aircraft spawn point: <16360.000000, 2438.000000, 7010.066406>
[EOnCallAirdrop] Aircraft bearing ... Angle/Bearing: -0.635192° / 126.394°, Text: 'South/East (126°)'
[EOnCallAirdrop] Aircraft has been dispatched to 'Soverograd' from the South/East (126°).
[2021-04-11 @ 22-41-23] ----------------------------------------------------------------------------------------------------
[EOnCallAirdrop] Drop zone asigned: Myshkino <1900.000000, 0.000000, 7600.000000>
[EOnCallAirdrop] Drop zone offset to: <1878.937500, 2438.000000, 7597.092285>
[EOnCallAirdrop] Aircraft spawn point: <-1000.000000, 2438.000000, 7280.265137>
[EOnCallAirdrop] Aircraft bearing ... Angle/Bearing: -3.03178° / 263.708°, Text: 'West (264°)'
[EOnCallAirdrop] Aircraft has been dispatched to 'Myshkino' from the West (264°).
[2021-04-11 @ 23-06-31] ----------------------------------------------------------------------------------------------------
[EOnCallAirdrop] Drop zone asigned: Northwest Airfield <4500.000000, 0.000000, 10350.000000>
[EOnCallAirdrop] Drop zone offset to: <4500.979004, 2438.000000, 10365.276367>
[EOnCallAirdrop] Aircraft spawn point: <6407.682129, 2438.000000, 16360.000000>
[EOnCallAirdrop] Aircraft bearing ... Angle/Bearing: 1.26344° / 17.6104°, Text: 'North (18°)'
[EOnCallAirdrop] Aircraft has been dispatched to 'Northwest Airfield' from the North (18°).
[2021-04-11 @ 23-31-40] ----------------------------------------------------------------------------------------------------
[EOnCallAirdrop] Drop zone asigned: Elektrozavodsk <10050.000000, 0.000000, 2450.000000>
[EOnCallAirdrop] Drop zone offset to: <9965.324219, 2438.000000, 2477.498779>
[EOnCallAirdrop] Aircraft spawn point: <4441.059570, 2438.000000, -1000.000000>
[EOnCallAirdrop] Aircraft bearing ... Angle/Bearing: -2.59015° / 238.405°, Text: 'South/West (238°)'
[EOnCallAirdrop] Aircraft has been dispatched to 'Elektrozavodsk' from the South/West (238°).
[2021-04-11 @ 23-56-48] ----------------------------------------------------------------------------------------------------
[EOnCallAirdrop] Drop zone asigned: Stary/Novy  <6600.000000, 0.000000, 7800.000000>
[EOnCallAirdrop] Drop zone offset to: <6656.826172, 2438.000000, 7807.174805>
[EOnCallAirdrop] Aircraft spawn point: <2448.476807, 2438.000000, 16360.000000>
[EOnCallAirdrop] Aircraft bearing ... Angle/Bearing: 2.02236° / 334.127°, Text: 'North/West (334°)'
[EOnCallAirdrop] Aircraft has been dispatched to 'Stary/Novy ' from the North/West (334°).
[2021-04-12 @ 00-21-56] ----------------------------------------------------------------------------------------------------
[EOnCallAirdrop] Drop zone asigned: Elektrozavodsk <10050.000000, 0.000000, 2450.000000>
[EOnCallAirdrop] Drop zone offset to: <10080.270508, 2438.000000, 2464.911621>
[EOnCallAirdrop] Aircraft spawn point: <2758.940430, 2438.000000, -1000.000000>
[EOnCallAirdrop] Aircraft bearing ... Angle/Bearing: -2.69963° / 244.677°, Text: 'South/West (245°)'
[EOnCallAirdrop] Aircraft has been dispatched to 'Elektrozavodsk' from the South/West (245°).
[2021-04-12 @ 00-47-04] ----------------------------------------------------------------------------------------------------
[EOnCallAirdrop] Drop zone asigned: Novodmitrovsk <11475.000000, 0.000000, 14356.000000>
[EOnCallAirdrop] Drop zone offset to: <11504.816406, 2438.000000, 14370.666016>
[EOnCallAirdrop] Aircraft spawn point: <1206.622559, 2438.000000, 16360.000000>
[EOnCallAirdrop] Aircraft bearing ... Angle/Bearing: 2.94885° / 281.043°, Text: 'West (281°)'
[EOnCallAirdrop] Aircraft has been dispatched to 'Novodmitrovsk' from the West (281°).
