[AirdropBase] Base class created & settings loaded.
[2021-04-09 @ 17-27-08] ----------------------------------------------------------------------------------------------------
[EOnCallAirdrop] Drop zone asigned: Novaya Petrovka <3100.000000, 0.000000, 12840.000000>
[EOnCallAirdrop] Drop zone offset to: <3088.625000, 2438.000000, 12757.363281>
[EOnCallAirdrop] Aircraft spawn point: <-1000.000000, 2438.000000, 11874.702148>
[EOnCallAirdrop] Aircraft bearing ... Angle/Bearing: -2.91037° / 256.752°, Text: 'West (257°)'
[EOnCallAirdrop] Aircraft has been dispatched to 'Novaya Petrovka' from the West (257°).
[2021-04-09 @ 17-52-22] ----------------------------------------------------------------------------------------------------
[EOnCallAirdrop] Drop zone asigned: Balota Airstrip <5025.000000, 0.000000, 2455.000000>
[EOnCallAirdrop] Drop zone offset to: <4963.084473, 2438.000000, 2518.739258>
[EOnCallAirdrop] Aircraft spawn point: <2001.324463, 2438.000000, -1000.000000>
[EOnCallAirdrop] Aircraft bearing ... Angle/Bearing: -2.28972° / 221.191°, Text: 'South/West (221°)'
[EOnCallAirdrop] Aircraft has been dispatched to 'Balota Airstrip' from the South/West (221°).
[2021-04-09 @ 18-17-32] ----------------------------------------------------------------------------------------------------
[EOnCallAirdrop] Drop zone asigned: Krasnostav Airstrip <12160.000000, 0.000000, 12645.000000>
[EOnCallAirdrop] Drop zone offset to: <12152.598633, 2438.000000, 12654.250977>
[EOnCallAirdrop] Aircraft spawn point: <10547.549805, 2438.000000, 16360.000000>
[EOnCallAirdrop] Aircraft bearing ... Angle/Bearing: 1.9803° / 336.537°, Text: 'North/West (337°)'
[EOnCallAirdrop] Aircraft has been dispatched to 'Krasnostav Airstrip' from the North/West (337°).
[2021-04-09 @ 18-42-42] ----------------------------------------------------------------------------------------------------
[EOnCallAirdrop] Drop zone asigned: Zelenogorks <1875.000000, 0.000000, 5210.000000>
[EOnCallAirdrop] Drop zone offset to: <1847.254272, 2438.000000, 5283.465332>
[EOnCallAirdrop] Aircraft spawn point: <4924.768066, 2438.000000, 16360.000000>
[EOnCallAirdrop] Aircraft bearing ... Angle/Bearing: 1.3038° / 15.2975°, Text: 'North (15°)'
[EOnCallAirdrop] Aircraft has been dispatched to 'Zelenogorks' from the North (15°).
[ReplaceAirdropFlare] 'Road Flare' activted in player's hand (frenchy).
[2021-04-09 @ 18-46-39] ----------------------------------------------------------------------------------------------------
[EOnCallAirdrop] Drop zone asigned: Player Called <3163.718750, 204.713425, 12728.075195>
[EOnCallAirdrop] Drop zone offset to: <3069.094482, 2438.000000, 12722.363281>
[EOnCallAirdrop] Aircraft spawn point: <13777.748047, 2438.000000, 16360.000000>
[EOnCallAirdrop] Aircraft bearing ... Angle/Bearing: 0.329693° / 71.11°, Text: 'East (71°)'
[EOnCallAirdrop] Aircraft was dispatched to the player's location (13777.7/16360) from the East (71°).
[2021-04-09 @ 19-07-52] ----------------------------------------------------------------------------------------------------
[EOnCallAirdrop] Drop zone asigned: Chernogorsk <7400.000000, 0.000000, 3500.000000>
[EOnCallAirdrop] Drop zone offset to: <7395.906250, 2438.000000, 3478.747070>
[EOnCallAirdrop] Aircraft spawn point: <-1000.000000, 2438.000000, 13440.264648>
