[InitializeContainer] Container created on 2021-03-27 @ 18-53-42
[InitializeContainer] Winds: Vector <7.347910, 0.000000, -5.477498>, Speed 9.16487mps, Strength 0.1
[AirdropContainerFall] Drop Type 'Military West', Container: 'AirdropContainer_Military', Mode/Quantity/Iems: Random/20/46, Flare:  10%
[AirdropContainerFall] Loot Spawned [1] AssaultBag_Ttsko @ <8492.100586, 106.024879, 12812.360352> ... Lifespan: Set to 30 minutes.
[AirdropContainerFall] Loot Spawned [2] Rangefinder @ <8494.966797, 105.748810, 12811.309570> ... Lifespan: Set to 30 minutes.
[AirdropContainerFall] Loot Spawned [3] UKAssVest_Khaki @ <8495.034180, 105.659492, 12809.943359> ... Lifespan: Set to 30 minutes.
[AirdropContainerFall] Loot Spawned [4] MilitaryBoots_Bluerock @ <8496.033203, 105.625046, 12810.582031> ... Lifespan: Set to 30 minutes.
[AirdropContainerFall] Loot Spawned [5] UKAssVest_Khaki @ <8492.255859, 105.780914, 12807.951172> ... Lifespan: Set to 30 minutes.
[AirdropContainerFall] Loot Spawned [6] UKAssVest_Khaki @ <8495.465820, 105.616646, 12809.673828> ... Lifespan: Set to 30 minutes.
[AirdropContainerFall] Loot Spawned [7] UKAssVest_Olive @ <8492.457031, 105.760696, 12807.819336> ... Lifespan: Set to 30 minutes.
[AirdropContainerFall] Loot Spawned [8] Canteen @ <8491.046875, 106.094353, 12812.236328> ... Lifespan: Set to 30 minutes.
[AirdropContainerFall] Loot Spawned [9] Binoculars @ <8491.816406, 106.081909, 12812.937500> ... Lifespan: Set to 30 minutes.
[AirdropContainerFall] Loot Spawned [10] Rangefinder @ <8492.762695, 105.978638, 12812.397461> ... Lifespan: Set to 30 minutes.
[AirdropContainerFall] Loot Spawned [11] TacticalGoggles @ <8494.203125, 105.707558, 12809.630859> ... Lifespan: Set to 30 minutes.
[AirdropContainerFall] Loot Spawned [12] AssaultBag_Green @ <8493.196289, 106.060989, 12814.218750> ... Lifespan: Set to 30 minutes.
[AirdropContainerFall] Loot Spawned [13] CombatKnife @ <8491.274414, 106.046844, 12811.743164> ... Lifespan: Set to 30 minutes.
[AirdropContainerFall] Loot Spawned [14] MilitaryBoots_Beige @ <8495.267578, 105.610779, 12809.178711> ... Lifespan: Set to 30 minutes.
[AirdropContainerFall] Loot Spawned [15] AssaultBag_Black @ <8490.460938, 106.012535, 12810.245117> ... Lifespan: Set to 30 minutes.
[AirdropContainerFall] Loot Spawned [16] AssaultBag_Black @ <8490.532227, 106.107124, 12811.837891> ... Lifespan: Set to 30 minutes.
[AirdropContainerFall] Loot Spawned [17] Binoculars @ <8491.372070, 105.878136, 12808.736328> ... Lifespan: Set to 30 minutes.
[AirdropContainerFall] Loot Spawned [18] USMCPants_Desert @ <8493.333008, 105.968590, 12812.904297> ... Lifespan: Set to 30 minutes.
[AirdropContainerFall] Loot Spawned [19] Binoculars @ <8494.763672, 105.638359, 12808.953125> ... Lifespan: Set to 30 minutes.
[AirdropContainerFall] Loot Spawned [20] KOD_RSASS_Black @ <8494.318359, 105.697395, 12809.589844> ... Lifespan: Set to 30 minutes.
[AirdropContainerFall] Airdrop Flare Spawned @ <8494.139648, 106.032089, 12814.252930> ... Lifespan: Set to 30 minutes.
[AirdropContainerUnstuck] Container was unstuck.
[~AirdropContainerBase] Container Destroyed on 2021-03-27 @ 19-18-42
