[InitializeContainer] Container created on 2021-03-17 @ 21-24-53
[InitializeContainer] Winds: Vector <9.018744, 0.000000, 9.885324>, Speed 13.3812mps, Strength 0.1
[AirdropContainerFall] Drop Type 'Military West', Container: 'AirdropContainer_Military', Mode/Quantity/Iems: Random/20/46, Flare:  10%
[AirdropContainerFall] Loot Spawned [1] Battery9V @ <8574.756836, 106.970772, 12851.510742> ... Lifespan: Set to 30 minutes.
[AirdropContainerFall] Loot Spawned [2] M4_T3NrdSOptic @ <8574.240234, 106.899094, 12850.735352> ... Lifespan: Set to 30 minutes.
[AirdropContainerFall] Loot Spawned [3] AssaultBag_Ttsko @ <8579.290039, 106.695885, 12850.498047> ... Lifespan: Set to 30 minutes.
[AirdropContainerFall] Loot Spawned [4] WeaponCleaningKit @ <8578.494141, 106.387726, 12848.139648> ... Lifespan: Set to 30 minutes.
[AirdropContainerFall] Loot Spawned [5] USMCJacket_Desert @ <8578.776367, 106.329803, 12847.771484> ... Lifespan: Set to 30 minutes.
[AirdropContainerFall] Loot Spawned [6] KOD_M110_Tan @ <8577.942383, 106.320618, 12847.350586> ... Lifespan: Set to 30 minutes.
[AirdropContainerFall] Loot Spawned [7] AK101 @ <8577.327148, 106.795906, 12850.894531> ... Lifespan: Set to 30 minutes.
[AirdropContainerFall] Loot Spawned [8] UKAssVest_Black @ <8579.083008, 106.277412, 12847.443359> ... Lifespan: Set to 30 minutes.
[AirdropContainerFall] Loot Spawned [9] M4_T3NrdSOptic @ <8575.538086, 106.361877, 12846.615234> ... Lifespan: Set to 30 minutes.
[AirdropContainerFall] Loot Spawned [10] FNX45 @ <8576.771484, 106.226555, 12845.751953> ... Lifespan: Set to 30 minutes.
[AirdropContainerFall] Loot Spawned [11] USMCJacket_Desert @ <8575.386719, 106.386086, 12846.803711> ... Lifespan: Set to 30 minutes.
[AirdropContainerFall] Loot Spawned [12] TacticalGoggles @ <8576.853516, 106.273186, 12846.298828> ... Lifespan: Set to 30 minutes.
[AirdropContainerFall] Loot Spawned [13] AssaultBag_Black @ <8578.865234, 106.628143, 12849.973633> ... Lifespan: Set to 30 minutes.
[AirdropContainerFall] Loot Spawned [14] M4_CQBBttstck @ <8577.102539, 106.247910, 12846.147461> ... Lifespan: Set to 30 minutes.
[AirdropContainerFall] Loot Spawned [15] FNX45 @ <8574.437500, 106.788605, 12849.908203> ... Lifespan: Set to 30 minutes.
[AirdropContainerFall] Loot Spawned [16] Canteen @ <8578.609375, 106.770012, 12850.904297> ... Lifespan: Set to 30 minutes.
[AirdropContainerFall] Loot Spawned [17] Mag_FNX45_15Rnd @ <8573.864258, 106.901855, 12850.619141> ... Lifespan: Set to 30 minutes.
[AirdropContainerFall] Loot Spawned [18] Canteen @ <8575.742188, 107.002258, 12852.070313> ... Lifespan: Set to 30 minutes.
[AirdropContainerFall] Loot Spawned [19] AKM @ <8574.979492, 106.385094, 12846.591797> ... Lifespan: Set to 30 minutes.
[AirdropContainerFall] Loot Spawned [20] UKAssVest_Black @ <8576.797852, 106.297195, 12846.532227> ... Lifespan: Set to 30 minutes.
[AirdropContainerUnstuck] Container was unstuck.
[~AirdropContainerBase] Container Destroyed on 2021-03-17 @ 21-49-53
