[InitializeContainer] Container created on 2021-03-27 @ 23-45-27
[InitializeContainer] Winds: Vector <-1.067781, 0.000000, 15.658684>, Speed 15.695mps, Strength 0.1
[AirdropContainerFall] Drop Type 'Military West', Container: 'AirdropContainer_Military', Mode/Quantity/Iems: Random/20/46, Flare:  10%
[AirdropContainerFall] Loot Spawned [1] MilitaryBoots_Bluerock @ <6671.297363, 308.712067, 7861.312988> ... Lifespan: Set to 30 minutes.
[AirdropContainerFall] Loot Spawned [2] MilitaryBoots_Beige @ <6671.691406, 308.659363, 7860.971680> ... Lifespan: Set to 30 minutes.
[AirdropContainerFall] Loot Spawned [3] Mag_STANAG_30Rnd @ <6673.852051, 308.879547, 7865.226074> ... Lifespan: Set to 30 minutes.
[AirdropContainerFall] Loot Spawned [4] PistolSuppressor @ <6671.956055, 308.791107, 7862.670898> ... Lifespan: Set to 30 minutes.
[AirdropContainerFall] Loot Spawned [5] Binoculars @ <6675.714355, 308.446991, 7861.396484> ... Lifespan: Set to 30 minutes.
[AirdropContainerFall] Loot Spawned [6] PistolSuppressor @ <6672.338867, 308.862488, 7863.825684> ... Lifespan: Set to 30 minutes.
[AirdropContainerFall] Loot Spawned [7] M4_T3NrdSOptic @ <6670.831543, 308.978516, 7864.072754> ... Lifespan: Set to 30 minutes.
[AirdropContainerFall] Loot Spawned [8] M4_RISHndgrd @ <6672.370605, 308.798584, 7863.065918> ... Lifespan: Set to 30 minutes.
[AirdropContainerFall] Loot Spawned [9] MilitaryBoots_Black @ <6673.427734, 308.817566, 7864.130371> ... Lifespan: Set to 30 minutes.
[AirdropContainerFall] Loot Spawned [10] USMCPants_Desert @ <6676.601563, 308.487854, 7862.626465> ... Lifespan: Set to 30 minutes.
[AirdropContainerFall] Loot Spawned [11] TacticalBaconCan @ <6671.543457, 308.755463, 7861.980957> ... Lifespan: Set to 30 minutes.
[AirdropContainerFall] Loot Spawned [12] MilitaryBoots_Bluerock @ <6673.214355, 308.795990, 7863.697754> ... Lifespan: Set to 30 minutes.
[AirdropContainerFall] Loot Spawned [13] WeaponCleaningKit @ <6671.695313, 308.683472, 7861.252930> ... Lifespan: Set to 30 minutes.
[AirdropContainerFall] Loot Spawned [14] Canteen @ <6673.408203, 308.841827, 7864.413574> ... Lifespan: Set to 30 minutes.
[AirdropContainerFall] Loot Spawned [15] USMCPants_Desert @ <6676.252930, 308.450836, 7861.885254> ... Lifespan: Set to 30 minutes.
[AirdropContainerFall] Loot Spawned [16] TacticalBaconCan @ <6676.642090, 308.327362, 7860.686523> ... Lifespan: Set to 30 minutes.
[AirdropContainerFall] Loot Spawned [17] CanOpener @ <6673.988770, 308.855896, 7865.042969> ... Lifespan: Set to 30 minutes.
[AirdropContainerFall] Loot Spawned [18] M9A1_Bayonet @ <6675.125000, 308.748383, 7864.619629> ... Lifespan: Set to 30 minutes.
[AirdropContainerFall] Loot Spawned [19] M4_RISHndgrd @ <6676.237305, 308.612854, 7863.864746> ... Lifespan: Set to 30 minutes.
[AirdropContainerFall] Loot Spawned [20] AmmoBox_45ACP_25Rnd @ <6672.754395, 308.422211, 7858.904297> ... Lifespan: Set to 30 minutes.
[AirdropContainerUnstuck] Container was unstuck.
[~AirdropContainerBase] Container Destroyed on 2021-03-28 @ 00-10-27
