[InitializeContainer] Container created on 2021-03-15 @ 13-51-24
[InitializeContainer] Winds: Vector <8.725266, 0.000000, -4.244581>, Speed 9.70292mps, Strength 0.1
[AirdropContainerFall] Drop Type 'Misc. Tools', Container: 'RANDOM', Mode/Quantity/Iems: Random/30/54, Flare:  10%
[AirdropContainerFall] Loot Spawned [1] PortableGasStove @ <6517.190918, 302.976624, 7800.106445> ... Lifespan: Set to 60 minutes.
[AirdropContainerFall] Loot Spawned [2] Spotlight @ <6520.283691, 303.177795, 7802.720703> ... Lifespan: Set to 60 minutes.
[AirdropContainerFall] Loot Spawned [3] Pickaxe @ <6517.639160, 302.941681, 7799.944824> ... Lifespan: Set to 60 minutes.
[AirdropContainerFall] Loot Spawned [4] LeatherSewingKit @ <6522.876465, 302.861969, 7800.549316> ... Lifespan: Set to 60 minutes.
[AirdropContainerFall] Loot Spawned [5] KOD_M16A4 @ <6520.094727, 303.294159, 7803.711914> ... Lifespan: Set to 60 minutes.
[AirdropContainerFall] Loot Spawned [6] Wrench @ <6522.325195, 302.663849, 7798.458496> ... Lifespan: Set to 60 minutes.
[AirdropContainerFall] Loot Spawned [7] Chemlight_Red @ <6520.549316, 303.182892, 7802.832520> ... Lifespan: Set to 60 minutes.
[AirdropContainerFall] Loot Spawned [8] CableReel @ <6522.060547, 302.797119, 7799.734375> ... Lifespan: Set to 60 minutes.
[AirdropContainerFall] Loot Spawned [9] Roadflare @ <6519.922852, 302.832825, 7799.489746> ... Lifespan: Set to 60 minutes.
[AirdropContainerFall] Loot Spawned [10] Hacksaw @ <6520.980957, 302.786804, 7799.322754> ... Lifespan: Set to 60 minutes.
[AirdropContainerFall] Loot Spawned [11] Matchbox @ <6521.652344, 302.797668, 7799.624023> ... Lifespan: Set to 60 minutes.
[AirdropContainerFall] Loot Spawned [12] SteakKnife @ <6517.512695, 302.886566, 7799.367188> ... Lifespan: Set to 60 minutes.
[AirdropContainerFall] Loot Spawned [13] Megaphone @ <6520.504395, 302.777283, 7799.091797> ... Lifespan: Set to 60 minutes.
[AirdropContainerFall] Loot Spawned [14] Hacksaw @ <6520.936523, 302.724060, 7798.674805> ... Lifespan: Set to 60 minutes.
[AirdropContainerFall] Loot Spawned [15] BaseRadio @ <6521.501953, 303.209625, 7803.309570> ... Lifespan: Set to 60 minutes.
[AirdropContainerFall] Loot Spawned [16] Wrench @ <6521.903809, 303.038818, 7801.884766> ... Lifespan: Set to 60 minutes.
[AirdropContainerFall] Loot Spawned [17] SewingKit @ <6521.333008, 303.183899, 7803.037598> ... Lifespan: Set to 60 minutes.
[AirdropContainerFall] Loot Spawned [18] SledgeHammer @ <6519.269531, 302.897125, 7799.956055> ... Lifespan: Set to 60 minutes.
[AirdropContainerFall] Loot Spawned [19] Hammer @ <6519.974609, 302.772247, 7798.890137> ... Lifespan: Set to 60 minutes.
[AirdropContainerFall] Loot Spawned [20] BatteryCharger @ <6521.855469, 302.907776, 7800.702637> ... Lifespan: Set to 60 minutes.
[AirdropContainerFall] Loot Spawned [21] LeatherSewingKit @ <6519.042969, 303.339813, 7803.856445> ... Lifespan: Set to 60 minutes.
[AirdropContainerFall] Loot Spawned [22] Headtorch_Black @ <6519.163086, 303.403503, 7804.455566> ... Lifespan: Set to 60 minutes.
[AirdropContainerFall] Loot Spawned [23] Lockpick @ <6523.120605, 303.075317, 7802.571777> ... Lifespan: Set to 60 minutes.
[AirdropContainerFall] Loot Spawned [24] Hatchet @ <6519.839355, 303.404022, 7804.629395> ... Lifespan: Set to 60 minutes.
[AirdropContainerFall] Loot Spawned [25] Screwdriver @ <6522.342285, 302.908203, 7800.828125> ... Lifespan: Set to 60 minutes.
[AirdropContainerFall] Loot Spawned [26] Matchbox @ <6522.672852, 302.842255, 7800.322266> ... Lifespan: Set to 60 minutes.
[AirdropContainerFall] Loot Spawned [27] Chemlight_Blue @ <6521.104980, 302.757019, 7799.056152> ... Lifespan: Set to 60 minutes.
[AirdropContainerFall] Loot Spawned [28] Chemlight_Blue @ <6520.085938, 303.399689, 7804.652344> ... Lifespan: Set to 60 minutes.
[AirdropContainerFall] Loot Spawned [29] Headtorch_Grey @ <6517.148438, 302.972137, 7800.054688> ... Lifespan: Set to 60 minutes.
[AirdropContainerFall] Loot Spawned [30] WeaponCleaningKit @ <6522.655273, 302.834229, 7800.246094> ... Lifespan: Set to 60 minutes.
[AirdropContainerUnstuck] Container was unstuck.
