[InitializeContainer] Container created on 2021-04-03 @ 13-54-22
[InitializeContainer] Winds: Vector <5.072521, 0.000000, -6.652995>, Speed 8.36617mps, Strength 0.1
[AirdropContainerFall] Drop Type 'Misc. Tools', Container: 'RANDOM', Mode/Quantity/Iems: Random/30/54, Flare:  10%
[AirdropContainerFall] Loot Spawned [1] Hacksaw @ <8831.870117, 381.725372, 9146.427734> ... Lifespan: Set to 30 minutes.
[AirdropContainerFall] Loot Spawned [2] SledgeHammer @ <8831.591797, 381.751678, 9146.735352> ... Lifespan: Set to 30 minutes.
[AirdropContainerFall] Loot Spawned [3] Headtorch_Grey @ <8834.464844, 381.854431, 9149.661133> ... Lifespan: Set to 30 minutes.
[AirdropContainerFall] Loot Spawned [4] CableReel @ <8831.832031, 381.611206, 9144.549805> ... Lifespan: Set to 30 minutes.
[AirdropContainerFall] Loot Spawned [5] Chemlight_Green @ <8831.535156, 381.918854, 9149.437500> ... Lifespan: Set to 30 minutes.
[AirdropContainerFall] Loot Spawned [6] BaseRadio @ <8832.675781, 381.650055, 9145.549805> ... Lifespan: Set to 30 minutes.
[AirdropContainerFall] Loot Spawned [7] Crowbar @ <8835.872070, 381.772797, 9148.865234> ... Lifespan: Set to 30 minutes.
[AirdropContainerFall] Loot Spawned [8] Battery9V @ <8832.075195, 381.917419, 9149.648438> ... Lifespan: Set to 30 minutes.
[AirdropContainerFall] Loot Spawned [9] Wrench @ <8832.109375, 381.696472, 9146.060547> ... Lifespan: Set to 30 minutes.
[AirdropContainerFall] Loot Spawned [10] Screwdriver @ <8832.361328, 381.681061, 9145.918945> ... Lifespan: Set to 30 minutes.
[AirdropContainerFall] Loot Spawned [11] Binoculars @ <8833.690430, 381.916260, 9150.372070> ... Lifespan: Set to 30 minutes.
[AirdropContainerFall] Loot Spawned [12] Shovel @ <8831.099609, 381.756073, 9146.593750> ... Lifespan: Set to 30 minutes.
[AirdropContainerFall] Loot Spawned [13] Crowbar @ <8832.803711, 381.822662, 9148.419922> ... Lifespan: Set to 30 minutes.
[AirdropContainerFall] Loot Spawned [14] Megaphone @ <8832.322266, 381.898773, 9149.452148> ... Lifespan: Set to 30 minutes.
[AirdropContainerFall] Loot Spawned [15] LugWrench @ <8830.279297, 381.720764, 9145.661133> ... Lifespan: Set to 30 minutes.
[AirdropContainerFall] Loot Spawned [16] Chemlight_Yellow @ <8836.463867, 381.555542, 9145.528320> ... Lifespan: Set to 30 minutes.
[AirdropContainerFall] Loot Spawned [17] LeatherSewingKit @ <8836.299805, 381.690735, 9147.675781> ... Lifespan: Set to 30 minutes.
[AirdropContainerFall] Loot Spawned [18] Matchbox @ <8834.203125, 381.609131, 9145.546875> ... Lifespan: Set to 30 minutes.
[AirdropContainerFall] Loot Spawned [19] Headtorch_Grey @ <8832.493164, 381.633942, 9145.208008> ... Lifespan: Set to 30 minutes.
[AirdropContainerFall] Loot Spawned [20] PortableGasStove @ <8832.370117, 381.583313, 9144.329102> ... Lifespan: Set to 30 minutes.
[AirdropContainerFall] Loot Spawned [21] Pliers @ <8832.948242, 381.543945, 9143.937500> ... Lifespan: Set to 30 minutes.
[AirdropContainerFall] Loot Spawned [22] Matchbox @ <8830.500977, 381.725922, 9145.840820> ... Lifespan: Set to 30 minutes.
[AirdropContainerFall] Loot Spawned [23] Compass @ <8833.552734, 381.597168, 9145.069336> ... Lifespan: Set to 30 minutes.
[AirdropContainerFall] Loot Spawned [24] Crowbar @ <8836.554688, 381.582275, 9145.996094> ... Lifespan: Set to 30 minutes.
[AirdropContainerFall] Loot Spawned [25] Screwdriver @ <8834.905273, 381.706177, 9147.435547> ... Lifespan: Set to 30 minutes.
[AirdropContainerFall] Loot Spawned [26] Lockpick @ <8832.688477, 381.938660, 9150.292969> ... Lifespan: Set to 30 minutes.
[AirdropContainerFall] Loot Spawned [27] Shovel @ <8835.943359, 381.588440, 9145.883789> ... Lifespan: Set to 30 minutes.
[AirdropContainerFall] Loot Spawned [28] AKM @ <8831.695313, 381.722382, 9146.303711> ... Lifespan: Set to 30 minutes.
[AirdropContainerFall] Loot Spawned [29] Chemlight_Blue @ <8831.821289, 381.737610, 9146.606445> ... Lifespan: Set to 30 minutes.
[AirdropContainerFall] Loot Spawned [30] Binoculars @ <8835.847656, 381.689819, 9147.503906> ... Lifespan: Set to 30 minutes.
[AirdropContainerUnstuck] Container was unstuck.
[~AirdropContainerBase] Container Destroyed on 2021-04-03 @ 14-19-22
