[AirdropPlane] Aircraft created on 2021-03-28 @ 01-49-12
[InitializeAircraft] Aircraft Initialized: Berezino @ 12450/9250 (true)
[EOnBeforeDrop] The Aircraft is 1 Km from Berezino. @ <10970.183594, 327.052887, 9012.745117>
[EOnDrop] Zombie Spawned [1] ZmbF_MechanicNormal_Grey @ <12347.472656, 27.695129, 9256.329102> ... Lifespan:  Set to 30 minutes.
[EOnDrop] Zombie Spawned [2] ZmbM_HandymanNormal_Beige @ <12356.663086, 29.686493, 9199.308594> ... Lifespan:  Set to 30 minutes.
[EOnDrop] Zombie Spawned [3] ZmbM_MechanicSkinny_Blue @ <12364.896484, 27.072617, 9231.503906> ... Lifespan:  Set to 30 minutes.
[EOnDrop] Zombie Spawned [4] ZmbF_BlueCollarFat_Green @ <12391.469727, 25.749992, 9242.615234> ... Lifespan:  Set to 30 minutes.
[EOnDrop] Zombie Spawned [5] ZmbF_MechanicNormal_Beige @ <12418.203125, 23.662907, 9228.061523> ... Lifespan:  Set to 30 minutes.
[EOnDrop] Zombie Spawned [6] ZmbF_MechanicNormal_Orange @ <12356.245117, 27.391371, 9247.045898> ... Lifespan:  Set to 30 minutes.
[EOnDrop] Zombie Spawned [7] ZmbM_HandymanNormal_Grey @ <12379.337891, 26.624125, 9237.124023> ... Lifespan:  Set to 30 minutes.
[EOnDrop] Zombie Spawned [8] ZmbM_MechanicSkinny_Blue @ <12361.236328, 27.186205, 9235.902344> ... Lifespan:  Set to 30 minutes.
[EOnDrop] Zombie Spawned [9] ZmbM_OffshoreWorker_Yellow @ <12381.562500, 26.534775, 9237.258789> ... Lifespan:  Set to 30 minutes.
[EOnDrop] Zombie Spawned [10] ZmbM_OffshoreWorker_Yellow @ <12351.989258, 27.604948, 9242.914063> ... Lifespan:  Set to 30 minutes.
[EOnDrop] Zombie Spawned [11] ZmbF_MechanicNormal_Orange @ <12357.251953, 27.213020, 9257.447266> ... Lifespan:  Set to 30 minutes.
[EOnDrop] Zombie Spawned [12] ZmbM_OffshoreWorker_Green @ <12396.002930, 25.332701, 9242.809570> ... Lifespan:  Set to 30 minutes.
[EOnDrop] Zombie Spawned [13] ZmbM_HandymanNormal_Blue @ <12363.782227, 28.809441, 9213.338867> ... Lifespan:  Set to 30 minutes.
[EOnDrop] Zombie Spawned [14] ZmbF_MechanicNormal_Grey @ <12332.687500, 30.500921, 9212.339844> ... Lifespan:  Set to 30 minutes.
[EOnDrop] Zombie Spawned [15] ZmbF_BlueCollarFat_Red @ <12391.262695, 25.481092, 9254.528320> ... Lifespan:  Set to 30 minutes.
[EOnDrop] Zombie Spawned [16] ZmbF_MechanicNormal_Green @ <12369.303711, 27.784136, 9221.030273> ... Lifespan:  Set to 30 minutes.
[EOnDrop] Zombie Spawned [17] ZmbF_MechanicNormal_Green @ <12351.333008, 27.527514, 9252.446289> ... Lifespan:  Set to 30 minutes.
[EOnDrop] Zombie Spawned [18] ZmbM_OffshoreWorker_Yellow @ <12362.510742, 26.855225, 9262.891602> ... Lifespan:  Set to 30 minutes.
[EOnDrop] Zombie Spawned [19] ZmbM_ConstrWorkerNormal_Beige @ <12360.410156, 29.281364, 9212.263672> ... Lifespan:  Set to 30 minutes.
[EOnDrop] Zombie Spawned [20] ZmbM_HandymanNormal_Beige @ <12400.179688, 24.893883, 9247.080078> ... Lifespan:  Set to 30 minutes.
[EOnDrop] Drop spawned with 20 infected at <12370.559570, 178.595047, 9235.972656>.
[EOnDrop] Supplies have been dropped near Berezino.
[EOnBeforeDelete] Aircraft despawned @ <16360.202148, 152.000610, 9871.943359>
[~AirdropPlane] Aircraft destroyed.
