[AirdropPlane] Aircraft created on 2021-04-18 @ 09-26-48
[InitializeAircraft] Aircraft Initialized: Myshkino @ 1900/7600 (true)
[EOnBeforeDrop] The Aircraft is 1 Km from Myshkino. @ <2774.067383, 472.054932, 6383.045410>
[EOnDrop] Zombie Spawned [1] ZmbF_VillagerOld_Red @ <1921.449951, 266.482910, 7497.390137> ... Lifespan:  Set to 30 minutes.
[EOnDrop] Zombie Spawned [2] ZmbM_HermitSkinny_Black @ <1947.225342, 266.789642, 7481.014160> ... Lifespan:  Set to 30 minutes.
[EOnDrop] Zombie Spawned [3] ZmbF_SurvivorNormal_Red @ <1916.431396, 270.615845, 7546.701660> ... Lifespan:  Set to 30 minutes.
[EOnDrop] Zombie Spawned [4] ZmbM_HunterOld_Spring @ <1949.666870, 275.997406, 7530.955566> ... Lifespan:  Set to 30 minutes.
[EOnDrop] Zombie Spawned [5] ZmbM_MotobikerFat_Blue @ <1971.957275, 280.321136, 7530.798828> ... Lifespan:  Set to 30 minutes.
[EOnDrop] Zombie Spawned [6] ZmbF_MilkMaidOld_Beige @ <1943.581543, 274.966156, 7533.981445> ... Lifespan:  Set to 30 minutes.
[EOnDrop] Zombie Spawned [7] ZmbF_SurvivorNormal_White @ <1933.431885, 273.487793, 7540.916504> ... Lifespan:  Set to 30 minutes.
[EOnDrop] Zombie Spawned [8] ZmbM_MotobikerFat_Blue @ <1964.912720, 278.023712, 7523.766113> ... Lifespan:  Set to 30 minutes.
[EOnDrop] Zombie Spawned [9] ZmbF_SurvivorNormal_Red @ <1921.664063, 269.594025, 7532.074707> ... Lifespan:  Set to 30 minutes.
[EOnDrop] Zombie Spawned [10] ZmbM_HunterOld_Winter @ <1986.520264, 282.110291, 7525.101074> ... Lifespan:  Set to 30 minutes.
[EOnDrop] Zombie Spawned [11] ZmbF_HikerSkinny_Green @ <1914.415039, 267.046692, 7508.579590> ... Lifespan:  Set to 30 minutes.
[EOnDrop] Zombie Spawned [12] ZmbF_VillagerOld_White @ <1983.737671, 280.771973, 7517.985840> ... Lifespan:  Set to 30 minutes.
[EOnDrop] Zombie Spawned [13] ZmbM_VillagerOld_White @ <1990.078857, 278.143494, 7495.797363> ... Lifespan:  Set to 30 minutes.
[EOnDrop] Zombie Spawned [14] ZmbF_MilkMaidOld_Grey @ <1964.604248, 278.226166, 7525.511230> ... Lifespan:  Set to 30 minutes.
[EOnDrop] Zombie Spawned [15] ZmbF_VillagerOld_Green @ <1967.163574, 279.146942, 7528.352051> ... Lifespan:  Set to 30 minutes.
[EOnDrop] Drop spawned with 15 infected at <1955.492554, 413.446259, 7521.822754>.
[EOnDrop] Supplies have been dropped near Myshkino.
[EOnBeforeDelete] Aircraft despawned @ <-1001.023560, 551.672791, 11635.206055>
[~AirdropPlane] Aircraft destroyed.
