[InitializeContainer] Container created on 2021-03-23 @ 02-55-07
[InitializeContainer] Winds: Vector <5.791357, 0.000000, -6.374865>, Speed 8.61271mps, Strength 0.1
[AirdropContainerFall] Drop Type 'Military East', Container: 'AirdropContainer_Military', Mode/Quantity/Iems: Random/20/33, Flare:  10%
[AirdropContainerFall] Loot Spawned [1] TacticalGoggles @ <4541.028809, 341.692352, 10281.377930> ... Lifespan: Set to 30 minutes.
[AirdropContainerFall] Loot Spawned [2] AK_PlasticBttstck @ <4545.231934, 341.605988, 10283.007813> ... Lifespan: Set to 30 minutes.
[AirdropContainerFall] Loot Spawned [3] TacticalGloves_Beige @ <4542.780273, 341.699890, 10280.897461> ... Lifespan: Set to 30 minutes.
[AirdropContainerFall] Loot Spawned [4] AK101 @ <4546.514648, 341.578491, 10282.622070> ... Lifespan: Set to 30 minutes.
[AirdropContainerFall] Loot Spawned [5] AK101 @ <4546.356934, 341.559967, 10283.933594> ... Lifespan: Set to 30 minutes.
[AirdropContainerFall] Loot Spawned [6] AmmoBox_762x39_20Rnd @ <4543.073730, 341.701538, 10280.807617> ... Lifespan: Set to 30 minutes.
[AirdropContainerFall] Loot Spawned [7] GorkaEJacket_Autumn @ <4545.020996, 341.618713, 10282.599609> ... Lifespan: Set to 30 minutes.
[AirdropContainerFall] Loot Spawned [8] Battery9V @ <4542.008789, 341.627533, 10284.175781> ... Lifespan: Set to 30 minutes.
[AirdropContainerFall] Loot Spawned [9] TacticalGloves_Beige @ <4545.626953, 341.575104, 10284.182617> ... Lifespan: Set to 30 minutes.
[AirdropContainerFall] Loot Spawned [10] KOD_M110_Tan @ <4545.327637, 341.592896, 10283.618164> ... Lifespan: Set to 30 minutes.
[AirdropContainerFall] Loot Spawned [11] TTSKOPants @ <4545.343750, 341.578217, 10284.439453> ... Lifespan: Set to 30 minutes.
[AirdropContainerFall] Loot Spawned [12] UniversalLight @ <4544.090332, 341.707123, 10280.498047> ... Lifespan: Set to 30 minutes.
[AirdropContainerFall] Loot Spawned [13] Canteen @ <4541.560547, 341.633759, 10283.772461> ... Lifespan: Set to 30 minutes.
[AirdropContainerFall] Loot Spawned [14] AK_Suppressor @ <4544.454102, 341.569336, 10285.984375> ... Lifespan: Set to 30 minutes.
[AirdropContainerFall] Loot Spawned [15] TacticalBaconCan @ <4545.790527, 341.561890, 10284.694336> ... Lifespan: Set to 30 minutes.
[AirdropContainerFall] Loot Spawned [16] GorkaEJacket_PautRev @ <4540.735840, 341.641296, 10283.515625> ... Lifespan: Set to 30 minutes.
[AirdropContainerFall] Loot Spawned [17] TTSKOPants @ <4546.571777, 341.532532, 10285.185547> ... Lifespan: Set to 30 minutes.
[AirdropContainerFall] Loot Spawned [18] KOD_M110_Tan @ <4543.397949, 341.582581, 10286.194336> ... Lifespan: Set to 30 minutes.
[AirdropContainerFall] Loot Spawned [19] GorkaEJacket_Autumn @ <4540.939941, 341.638245, 10283.727539> ... Lifespan: Set to 30 minutes.
[AirdropContainerFall] Loot Spawned [20] AK_Bayonet @ <4542.631348, 341.587158, 10286.638672> ... Lifespan: Set to 30 minutes.
[AirdropContainerUnstuck] Container was unstuck.
[~AirdropContainerBase] Container Destroyed on 2021-03-23 @ 03-20-07
