[AirdropPlane] Aircraft created on 2021-04-08 @ 01-52-32
[InitializeAircraft] Aircraft Initialized: Novodmitrovsk @ 11475/14356 (true)
[EOnBeforeDrop] The Aircraft is 1 Km from Novodmitrovsk. @ <12285.849609, 300.100281, 13095.578125>
[EOnDrop] Zombie Spawned [1] ZmbF_JoggerSkinny_Red @ <11536.748047, 28.406416, 14260.913086> ... Lifespan:  Set to 30 minutes.
[EOnDrop] Zombie Spawned [2] ZmbM_ClerkFat_White @ <11530.960938, 33.894035, 14287.222656> ... Lifespan:  Set to 30 minutes.
[EOnDrop] Zombie Spawned [3] ZmbF_CitizenANormal_Beige @ <11519.913086, 38.200001, 14317.092773> ... Lifespan:  Set to 30 minutes.
[EOnDrop] Zombie Spawned [4] ZmbF_JoggerSkinny_Brown @ <11481.417969, 34.341228, 14277.073242> ... Lifespan:  Set to 30 minutes.
[EOnDrop] Zombie Spawned [5] ZmbF_DoctorSkinny @ <11528.268555, 34.003117, 14294.825195> ... Lifespan:  Set to 30 minutes.
[EOnDrop] Zombie Spawned [6] ZmbF_DoctorSkinny @ <11534.054688, 31.434465, 14273.569336> ... Lifespan:  Set to 30 minutes.
[EOnDrop] Zombie Spawned [7] ZmbF_ParamedicNormal_Red @ <11505.958008, 38.200001, 14312.955078> ... Lifespan:  Set to 30 minutes.
[EOnDrop] Zombie Spawned [8] ZmbF_ShortSkirt_red @ <11497.016602, 29.933128, 14268.890625> ... Lifespan:  Set to 30 minutes.
[EOnDrop] Zombie Spawned [9] ZmbF_Clerk_Normal_Red @ <11565.152344, 33.904865, 14279.845703> ... Lifespan:  Set to 30 minutes.
[EOnDrop] Zombie Spawned [10] ZmbF_CitizenANormal_Beige @ <11538.833008, 33.110870, 14275.212891> ... Lifespan:  Set to 30 minutes.
[EOnDrop] Zombie Spawned [11] ZmbF_ShortSkirt_stripes @ <11536.279297, 33.942657, 14293.183594> ... Lifespan:  Set to 30 minutes.
[EOnDrop] Zombie Spawned [12] ZmbF_JournalistNormal_Green @ <11551.236328, 33.847790, 14283.521484> ... Lifespan:  Set to 30 minutes.
[EOnDrop] Zombie Spawned [13] ZmbF_JournalistNormal_Green @ <11534.524414, 38.200001, 14315.385742> ... Lifespan:  Set to 30 minutes.
[EOnDrop] Zombie Spawned [14] ZmbF_JournalistNormal_Red @ <11536.073242, 38.200001, 14332.799805> ... Lifespan:  Set to 30 minutes.
[EOnDrop] Zombie Spawned [15] ZmbM_CitizenASkinny_Red @ <11525.073242, 34.017647, 14288.108398> ... Lifespan:  Set to 30 minutes.
[EOnDrop] Zombie Spawned [16] ZmbM_JournalistSkinny @ <11492.610352, 38.200001, 14312.041016> ... Lifespan:  Set to 30 minutes.
[EOnDrop] Zombie Spawned [17] ZmbM_Jacket_greenchecks @ <11491.795898, 38.200001, 14316.388672> ... Lifespan:  Set to 30 minutes.
[EOnDrop] Zombie Spawned [18] ZmbM_CitizenASkinny_Brown @ <11530.501953, 35.715195, 14305.464844> ... Lifespan:  Set to 30 minutes.
[EOnDrop] Zombie Spawned [19] ZmbF_DoctorSkinny @ <11493.577148, 29.832052, 14259.456055> ... Lifespan:  Set to 30 minutes.
[EOnDrop] Zombie Spawned [20] ZmbF_JoggerSkinny_Brown @ <11543.783203, 36.016071, 14305.708008> ... Lifespan:  Set to 30 minutes.
[EOnDrop] Drop spawned with 20 infected at <11518.876953, 190.691574, 14286.177734>.
[EOnDrop] Supplies have been dropped near Novodmitrovsk.
[EOnBeforeDelete] Aircraft despawned @ <10182.421875, 416.630890, 16360.805664>
[~AirdropPlane] Aircraft destroyed.
