[AirdropPlane] Aircraft created on 2021-04-04 @ 10-17-41
[InitializeAircraft] Aircraft Initialized: Stary/Novy  @ 6600/7800 (true)
[EOnBeforeDrop] The Aircraft is 1 Km from Stary/Novy . @ <5189.481445, 459.125946, 7291.398438>
[EOnDrop] Zombie Spawned [1] ZmbM_PatrolNormal_Flat @ <6557.554199, 298.206970, 7745.238281> ... Lifespan:  Set to 30 minutes.
[EOnDrop] Zombie Spawned [2] ZmbM_SoldierNormal @ <6545.290527, 301.476044, 7782.933594> ... Lifespan:  Set to 30 minutes.
[EOnDrop] Zombie Spawned [3] ZmbM_PatrolNormal_Summer @ <6541.669434, 300.794312, 7776.203125> ... Lifespan:  Set to 30 minutes.
[EOnDrop] Zombie Spawned [4] ZmbM_PatrolNormal_PautRev @ <6531.506836, 297.273285, 7729.106445> ... Lifespan:  Set to 30 minutes.
[EOnDrop] Zombie Spawned [5] ZmbM_PatrolNormal_Flat @ <6570.131348, 301.190948, 7776.267090> ... Lifespan:  Set to 30 minutes.
[EOnDrop] Zombie Spawned [6] ZmbM_PatrolNormal_Autumn @ <6530.955566, 301.725281, 7785.135254> ... Lifespan:  Set to 30 minutes.
[EOnDrop] Zombie Spawned [7] ZmbM_PatrolNormal_Summer @ <6535.676758, 300.740540, 7775.209961> ... Lifespan:  Set to 30 minutes.
[EOnDrop] Zombie Spawned [8] ZmbM_PatrolNormal_Summer @ <6529.722656, 300.270477, 7768.778809> ... Lifespan:  Set to 30 minutes.
[EOnDrop] Zombie Spawned [9] ZmbM_PatrolNormal_PautRev @ <6526.598145, 298.101715, 7738.527344> ... Lifespan:  Set to 30 minutes.
[EOnDrop] Zombie Spawned [10] ZmbM_PatrolNormal_Flat @ <6570.724121, 301.424072, 7778.180664> ... Lifespan:  Set to 30 minutes.
[EOnDrop] Zombie Spawned [11] ZmbM_PatrolNormal_Autumn @ <6546.671387, 300.295837, 7771.083496> ... Lifespan:  Set to 30 minutes.
[EOnDrop] Zombie Spawned [12] ZmbM_SoldierNormal @ <6513.074219, 305.962433, 7818.059570> ... Lifespan:  Set to 30 minutes.
[EOnDrop] Zombie Spawned [13] ZmbM_PatrolNormal_Flat @ <6522.461426, 301.171875, 7777.240234> ... Lifespan:  Set to 30 minutes.
[EOnDrop] Zombie Spawned [14] ZmbM_PatrolNormal_Flat @ <6515.250000, 301.543793, 7779.112793> ... Lifespan:  Set to 30 minutes.
[EOnDrop] Zombie Spawned [15] ZmbM_PatrolNormal_PautRev @ <6538.665527, 299.691620, 7763.812012> ... Lifespan:  Set to 30 minutes.
[EOnDrop] Zombie Spawned [16] ZmbM_PatrolNormal_PautRev @ <6538.984375, 300.225037, 7770.110840> ... Lifespan:  Set to 30 minutes.
[EOnDrop] Zombie Spawned [17] ZmbM_PatrolNormal_Flat @ <6575.852051, 302.731659, 7787.920410> ... Lifespan:  Set to 30 minutes.
[EOnDrop] Zombie Spawned [18] ZmbM_PatrolNormal_Flat @ <6513.570801, 306.284973, 7820.502441> ... Lifespan:  Set to 30 minutes.
[EOnDrop] Zombie Spawned [19] ZmbM_PatrolNormal_PautRev @ <6521.909668, 297.996857, 7735.660645> ... Lifespan:  Set to 30 minutes.
[EOnDrop] Zombie Spawned [20] ZmbM_PatrolNormal_PautRev @ <6542.464355, 299.525452, 7762.273438> ... Lifespan:  Set to 30 minutes.
[EOnDrop] Zombie Spawned [21] ZmbM_PatrolNormal_Autumn @ <6512.344238, 302.843140, 7792.078125> ... Lifespan:  Set to 30 minutes.
[EOnDrop] Zombie Spawned [22] ZmbM_PatrolNormal_Flat @ <6515.206055, 301.637085, 7780.159180> ... Lifespan:  Set to 30 minutes.
[EOnDrop] Zombie Spawned [23] ZmbM_PatrolNormal_Summer @ <6516.534668, 303.902222, 7803.611816> ... Lifespan:  Set to 30 minutes.
[EOnDrop] Zombie Spawned [24] ZmbM_PatrolNormal_Flat @ <6555.791016, 299.488708, 7762.120117> ... Lifespan:  Set to 30 minutes.
[EOnDrop] Zombie Spawned [25] ZmbM_PatrolNormal_Autumn @ <6506.172852, 304.656342, 7805.470703> ... Lifespan:  Set to 30 minutes.
[EOnDrop] Drop spawned with 25 infected at <6530.723145, 442.695404, 7774.202148>.
[EOnDrop] Supplies have been dropped near Stary/Novy .
[EOnBeforeDelete] Aircraft despawned @ <16360.828125, 152.000610, 11311.931641>
[~AirdropPlane] Aircraft destroyed.
