[AirdropPlane] Aircraft created on 2021-04-09 @ 18-42-42
[InitializeAircraft] Aircraft Initialized: Zelenogorks @ 1875/5210 (true)
[EOnBeforeDrop] The Aircraft is 1 Km from Zelenogorks. @ <2270.048340, 502.427124, 6656.002930>
[EOnDrop] Zombie Spawned [1] ZmbM_priestPopSkinny @ <1889.715210, 178.539490, 5310.182617> ... Lifespan:  Set to 30 minutes.
[EOnDrop] Zombie Spawned [2] ZmbM_MotobikerFat_Blue @ <1903.979004, 176.512756, 5273.970215> ... Lifespan:  Set to 30 minutes.
[EOnDrop] Zombie Spawned [3] ZmbM_VillagerOld_Green @ <1858.711670, 176.417206, 5277.940918> ... Lifespan:  Set to 30 minutes.
[EOnDrop] Zombie Spawned [4] ZmbM_FarmerFat_Beige @ <1914.218994, 180.144775, 5323.129883> ... Lifespan:  Set to 30 minutes.
[EOnDrop] Zombie Spawned [5] ZmbM_FarmerFat_Brown @ <1932.506470, 177.167740, 5281.750488> ... Lifespan:  Set to 30 minutes.
[EOnDrop] Zombie Spawned [6] ZmbM_VillagerOld_White @ <1890.030396, 176.476181, 5275.537598> ... Lifespan:  Set to 30 minutes.
[EOnDrop] Zombie Spawned [7] ZmbF_VillagerOld_White @ <1887.497681, 175.989334, 5265.151367> ... Lifespan:  Set to 30 minutes.
[EOnDrop] Zombie Spawned [8] ZmbM_VillagerOld_Blue @ <1908.177490, 178.490112, 5313.940918> ... Lifespan:  Set to 30 minutes.
[EOnDrop] Zombie Spawned [9] ZmbF_HikerSkinny_Green @ <1890.454346, 177.298676, 5290.818359> ... Lifespan:  Set to 30 minutes.
[EOnDrop] Zombie Spawned [10] ZmbF_HikerSkinny_Grey @ <1867.596680, 179.573242, 5311.686035> ... Lifespan:  Set to 30 minutes.
[EOnDrop] Zombie Spawned [11] ZmbF_VillagerOld_Green @ <1892.731934, 178.100983, 5298.988281> ... Lifespan:  Set to 30 minutes.
[EOnDrop] Zombie Spawned [12] ZmbF_HikerSkinny_Green @ <1919.336060, 176.789307, 5282.279785> ... Lifespan:  Set to 30 minutes.
[EOnDrop] Zombie Spawned [13] ZmbF_HikerSkinny_Red @ <1940.124268, 180.643692, 5321.635254> ... Lifespan:  Set to 30 minutes.
[EOnDrop] Zombie Spawned [14] ZmbM_HermitSkinny_Red @ <1934.843506, 179.906677, 5317.468750> ... Lifespan:  Set to 30 minutes.
[EOnDrop] Zombie Spawned [15] ZmbM_HikerSkinny_Blue @ <1860.689453, 176.359726, 5279.129883> ... Lifespan:  Set to 30 minutes.
[EOnDrop] Zombie Spawned [16] ZmbM_HunterOld_Winter @ <1904.436768, 177.171036, 5287.029785> ... Lifespan:  Set to 30 minutes.
[EOnDrop] Spawn failed for zombie [17] 'ZmbM_SurvivorDean_Black', it does not exist in DayZ!
[EOnDrop] Zombie Spawned [18] ZmbF_HikerSkinny_Blue @ <1886.132568, 176.721405, 5284.584961> ... Lifespan:  Set to 30 minutes.
[EOnDrop] Zombie Spawned [19] ZmbM_MotobikerFat_Beige @ <1880.120361, 178.833923, 5307.283691> ... Lifespan:  Set to 30 minutes.
[EOnDrop] Zombie Spawned [20] ZmbM_FarmerFat_Brown @ <1910.855713, 181.979538, 5333.745605> ... Lifespan:  Set to 30 minutes.
[EOnDrop] Drop spawned with 20 infected at <1898.963135, 339.559845, 5299.450684>.
[EOnDrop] Supplies have been dropped near Zelenogorks.
[EOnBeforeDelete] Aircraft despawned @ <175.478516, 152.000610, -1001.336487>
[~AirdropPlane] Aircraft destroyed.
