[InitializeContainer] Container created on 2021-04-02 @ 17-30-52
[InitializeContainer] Winds: Vector <-2.577956, 0.000000, -0.590075>, Speed 2.64463mps, Strength 0.1
[AirdropContainerFall] Drop Type 'Misc. Tools', Container: 'RANDOM', Mode/Quantity/Iems: Random/30/54, Flare:  10%
[AirdropContainerFall] Loot Spawned [1] PortableGasLamp @ <1977.483276, 290.458405, 7637.321777> ... Lifespan: Set to 30 minutes.
[AirdropContainerFall] Loot Spawned [2] BatteryCharger @ <1980.607788, 291.559204, 7637.894043> ... Lifespan: Set to 30 minutes.
[AirdropContainerFall] Loot Spawned [3] Battery9V @ <1979.082031, 291.066345, 7637.349121> ... Lifespan: Set to 30 minutes.
[AirdropContainerFall] Loot Spawned [4] Pliers @ <1979.961548, 291.395172, 7637.551270> ... Lifespan: Set to 30 minutes.
[AirdropContainerFall] Loot Spawned [5] Compass @ <1976.533569, 289.869446, 7639.864258> ... Lifespan: Set to 30 minutes.
[AirdropContainerFall] Loot Spawned [6] Lockpick @ <1980.481812, 291.275757, 7641.033691> ... Lifespan: Set to 30 minutes.
[AirdropContainerFall] Loot Spawned [7] SewingKit @ <1981.534302, 291.918335, 7636.736328> ... Lifespan: Set to 30 minutes.
[AirdropContainerFall] Loot Spawned [8] CombatKnife @ <1980.422974, 291.518219, 7637.734863> ... Lifespan: Set to 30 minutes.
[AirdropContainerFall] Loot Spawned [9] KOD_M16A4 @ <1977.325439, 290.200012, 7639.608398> ... Lifespan: Set to 30 minutes.
[AirdropContainerFall] Loot Spawned [10] Heatpack @ <1977.670288, 290.409485, 7638.664551> ... Lifespan: Set to 30 minutes.
[AirdropContainerFall] Loot Spawned [11] KOD_DVL10 @ <1978.647095, 290.882904, 7637.514160> ... Lifespan: Set to 30 minutes.
[AirdropContainerFall] Loot Spawned [12] PortableGasStove @ <1979.466064, 291.233734, 7637.135254> ... Lifespan: Set to 30 minutes.
[AirdropContainerFall] Loot Spawned [13] CanOpener @ <1982.572388, 292.129242, 7637.873047> ... Lifespan: Set to 30 minutes.
[AirdropContainerFall] Loot Spawned [14] Chemlight_Green @ <1979.364136, 291.152710, 7637.656250> ... Lifespan: Set to 30 minutes.
[AirdropContainerFall] Loot Spawned [15] CableReel @ <1980.485352, 291.327271, 7640.392090> ... Lifespan: Set to 30 minutes.
[AirdropContainerFall] Loot Spawned [16] Hammer @ <1981.024536, 291.519073, 7639.937012> ... Lifespan: Set to 30 minutes.
[AirdropContainerFall] Loot Spawned [17] Chemlight_Yellow @ <1979.413818, 290.802765, 7642.352539> ... Lifespan: Set to 30 minutes.
[AirdropContainerFall] Loot Spawned [18] KitchenKnife @ <1982.021362, 291.729797, 7641.136230> ... Lifespan: Set to 30 minutes.
[AirdropContainerFall] Loot Spawned [19] ChernarusMap @ <1976.531372, 289.933167, 7639.043945> ... Lifespan: Set to 30 minutes.
[AirdropContainerFall] Loot Spawned [20] WoodAxe @ <1981.881714, 291.689270, 7641.072266> ... Lifespan: Set to 30 minutes.
[AirdropContainerFall] Loot Spawned [21] Matchbox @ <1977.189331, 290.487183, 7636.596191> ... Lifespan: Set to 30 minutes.
[AirdropContainerFall] Loot Spawned [22] Battery9V @ <1978.222046, 290.728180, 7637.361816> ... Lifespan: Set to 30 minutes.
[AirdropContainerFall] Loot Spawned [23] PersonalRadio @ <1981.398682, 291.759155, 7638.260742> ... Lifespan: Set to 30 minutes.
[AirdropContainerFall] Loot Spawned [24] Chemlight_Red @ <1979.727051, 291.286530, 7637.764648> ... Lifespan: Set to 30 minutes.
[AirdropContainerFall] Loot Spawned [25] PortableGasStove @ <1981.465088, 291.794342, 7638.058105> ... Lifespan: Set to 30 minutes.
[AirdropContainerFall] Loot Spawned [26] Machete @ <1977.388428, 290.037872, 7641.983398> ... Lifespan: Set to 30 minutes.
[AirdropContainerFall] Loot Spawned [27] Whetstone @ <1980.784180, 291.636658, 7637.558594> ... Lifespan: Set to 30 minutes.
[AirdropContainerFall] Loot Spawned [28] CombatKnife @ <1981.500732, 291.870972, 7637.214844> ... Lifespan: Set to 30 minutes.
[AirdropContainerFall] Loot Spawned [29] Headtorch_Grey @ <1979.169189, 291.231873, 7635.758301> ... Lifespan: Set to 30 minutes.
[AirdropContainerFall] Loot Spawned [30] BatteryCharger @ <1977.548218, 290.382843, 7638.394043> ... Lifespan: Set to 30 minutes.
[AirdropContainerUnstuck] Container was unstuck.
[~AirdropContainerBase] Container Destroyed on 2021-04-02 @ 17-55-52
