[InitializeContainer] Container created on 2021-04-05 @ 14-20-24
[InitializeContainer] Winds: Vector <-2.479612, 0.000000, -4.364824>, Speed 5.01998mps, Strength 0.1
[AirdropContainerFall] Drop Type 'Misc. Tools', Container: 'RANDOM', Mode/Quantity/Iems: Random/30/54, Flare:  10%
[AirdropContainerFall] Loot Spawned [1] Machete @ <8619.560547, 104.000999, 12685.101563> ... Lifespan: Set to 30 minutes.
[AirdropContainerFall] Loot Spawned [2] ChernarusMap @ <8616.854492, 104.000999, 12685.132813> ... Lifespan: Set to 30 minutes.
[AirdropContainerFall] Loot Spawned [3] KitchenKnife @ <8621.452148, 104.000999, 12685.420898> ... Lifespan: Set to 30 minutes.
[AirdropContainerFall] Loot Spawned [4] Headtorch_Black @ <8620.704102, 103.780754, 12681.515625> ... Lifespan: Set to 30 minutes.
[AirdropContainerFall] Loot Spawned [5] Machete @ <8619.538086, 104.000999, 12686.638672> ... Lifespan: Set to 30 minutes.
[AirdropContainerFall] Loot Spawned [6] Megaphone @ <8617.268555, 103.939781, 12681.758789> ... Lifespan: Set to 30 minutes.
[AirdropContainerFall] Loot Spawned [7] CableReel @ <8616.944336, 103.880440, 12681.041016> ... Lifespan: Set to 30 minutes.
[AirdropContainerFall] Loot Spawned [8] Wrench @ <8620.193359, 104.000999, 12685.523438> ... Lifespan: Set to 30 minutes.
[AirdropContainerFall] Loot Spawned [9] Shovel @ <8621.006836, 104.000999, 12684.915039> ... Lifespan: Set to 30 minutes.
[AirdropContainerFall] Loot Spawned [10] Heatpack @ <8621.170898, 104.000999, 12685.689453> ... Lifespan: Set to 30 minutes.
[AirdropContainerFall] Loot Spawned [11] Hammer @ <8620.926758, 103.958969, 12682.311523> ... Lifespan: Set to 30 minutes.
[AirdropContainerFall] Loot Spawned [12] CableReel @ <8621.688477, 104.000999, 12684.869141> ... Lifespan: Set to 30 minutes.
[AirdropContainerFall] Loot Spawned [13] ChernarusMap @ <8616.328125, 104.000999, 12683.239258> ... Lifespan: Set to 30 minutes.
[AirdropContainerFall] Loot Spawned [14] Hatchet @ <8616.907227, 104.000999, 12684.033203> ... Lifespan: Set to 30 minutes.
[AirdropContainerFall] Loot Spawned [15] PersonalRadio @ <8621.461914, 104.000999, 12684.009766> ... Lifespan: Set to 30 minutes.
[AirdropContainerFall] Loot Spawned [16] Headtorch_Grey @ <8619.413086, 104.000999, 12686.923828> ... Lifespan: Set to 30 minutes.
[AirdropContainerFall] Loot Spawned [17] Matchbox @ <8617.418945, 104.000999, 12683.608398> ... Lifespan: Set to 30 minutes.
[AirdropContainerFall] Loot Spawned [18] KOD_M16A4 @ <8620.947266, 104.000999, 12683.671875> ... Lifespan: Set to 30 minutes.
[AirdropContainerFall] Loot Spawned [19] SteakKnife @ <8618.833008, 104.000999, 12686.429688> ... Lifespan: Set to 30 minutes.
[AirdropContainerFall] Loot Spawned [20] SledgeHammer @ <8616.615234, 104.000999, 12684.104492> ... Lifespan: Set to 30 minutes.
[AirdropContainerFall] Loot Spawned [21] SewingKit @ <8621.029297, 104.000999, 12684.271484> ... Lifespan: Set to 30 minutes.
[AirdropContainerFall] Loot Spawned [22] Shovel @ <8616.983398, 104.000999, 12685.538086> ... Lifespan: Set to 30 minutes.
[AirdropContainerFall] Loot Spawned [23] Machete @ <8617.473633, 103.933647, 12681.684570> ... Lifespan: Set to 30 minutes.
[AirdropContainerFall] Loot Spawned [24] AKM @ <8620.364258, 104.000999, 12685.138672> ... Lifespan: Set to 30 minutes.
[AirdropContainerFall] Loot Spawned [25] Chemlight_Red @ <8621.353516, 104.000999, 12685.911133> ... Lifespan: Set to 30 minutes.
[AirdropContainerFall] Loot Spawned [26] SledgeHammer @ <8622.094727, 104.000999, 12683.355469> ... Lifespan: Set to 30 minutes.
[AirdropContainerFall] Loot Spawned [27] Matchbox @ <8615.995117, 104.000999, 12684.612305> ... Lifespan: Set to 30 minutes.
[AirdropContainerFall] Loot Spawned [28] Crowbar @ <8615.895508, 103.989052, 12682.354492> ... Lifespan: Set to 30 minutes.
[AirdropContainerFall] Loot Spawned [29] Screwdriver @ <8619.031250, 104.000999, 12685.541992> ... Lifespan: Set to 30 minutes.
[AirdropContainerFall] Loot Spawned [30] Chemlight_Green @ <8619.072266, 103.657501, 12680.965820> ... Lifespan: Set to 30 minutes.
[AirdropContainerFall] Airdrop Flare Spawned @ <8620.328125, 103.970451, 12682.363281> ... Lifespan: Set to 30 minutes.
[AirdropContainerUnstuck] Container was unstuck.
[~AirdropContainerBase] Container Destroyed on 2021-04-05 @ 14-45-24
