[InitializeContainer] Container created on 2021-04-08 @ 00-24-58
[InitializeContainer] Winds: Vector <9.881122, 0.000000, 8.502249>, Speed 13.0355mps, Strength 0.1
[AirdropContainerFall] Drop Type 'Military East', Container: 'AirdropContainer_Military', Mode/Quantity/Iems: Random/20/33, Flare:  10%
[AirdropContainerFall] Loot Spawned [1] GorkaEJacket_Flat @ <1836.328369, 177.957291, 5290.945313> ... Lifespan: Set to 30 minutes.
[AirdropContainerFall] Loot Spawned [2] AKM @ <1838.608398, 178.057877, 5293.799805> ... Lifespan: Set to 30 minutes.
[AirdropContainerFall] Loot Spawned [3] GorkaPants_Autumn @ <1835.803467, 178.147400, 5294.114258> ... Lifespan: Set to 30 minutes.
[AirdropContainerFall] Loot Spawned [4] GorkaEJacket_Flat @ <1836.635132, 177.900803, 5290.045410> ... Lifespan: Set to 30 minutes.
[AirdropContainerFall] Loot Spawned [5] CanOpener @ <1839.096924, 177.850464, 5290.523438> ... Lifespan: Set to 30 minutes.
[AirdropContainerFall] Loot Spawned [6] GorkaPants_Flat @ <1840.763306, 177.923309, 5292.807129> ... Lifespan: Set to 30 minutes.
[AirdropContainerFall] Loot Spawned [7] TTsKOJacket_Camo @ <1835.782715, 178.040024, 5292.235840> ... Lifespan: Set to 30 minutes.
[AirdropContainerFall] Loot Spawned [8] Binoculars @ <1837.114014, 178.138626, 5294.327148> ... Lifespan: Set to 30 minutes.
[AirdropContainerFall] Loot Spawned [9] Canteen @ <1840.931274, 177.855698, 5291.854492> ... Lifespan: Set to 30 minutes.
[AirdropContainerFall] Loot Spawned [10] Canteen @ <1841.002197, 177.778198, 5290.591797> ... Lifespan: Set to 30 minutes.
[AirdropContainerFall] Loot Spawned [11] UniversalLight @ <1834.948608, 178.117050, 5293.346680> ... Lifespan: Set to 30 minutes.
[AirdropContainerFall] Loot Spawned [12] KOD_M110_Tan @ <1836.767822, 177.886765, 5289.837402> ... Lifespan: Set to 30 minutes.
[AirdropContainerFall] Loot Spawned [13] AK101 @ <1835.267334, 178.134415, 5293.738770> ... Lifespan: Set to 30 minutes.
[AirdropContainerFall] Loot Spawned [14] AK_Suppressor @ <1835.317871, 177.929016, 5290.169922> ... Lifespan: Set to 30 minutes.
[AirdropContainerFall] Loot Spawned [15] AK_Suppressor @ <1835.192505, 178.135803, 5293.741699> ... Lifespan: Set to 30 minutes.
[AirdropContainerFall] Loot Spawned [16] TacticalGloves_Green @ <1835.481079, 178.074310, 5292.750000> ... Lifespan: Set to 30 minutes.
[AirdropContainerFall] Loot Spawned [17] GorkaPants_PautRev @ <1836.983032, 178.142014, 5294.349609> ... Lifespan: Set to 30 minutes.
[AirdropContainerFall] Loot Spawned [18] GorkaEJacket_Flat @ <1840.288818, 177.784607, 5290.206055> ... Lifespan: Set to 30 minutes.
[AirdropContainerFall] Loot Spawned [19] GorkaPants_Autumn @ <1839.933105, 177.791534, 5290.078613> ... Lifespan: Set to 30 minutes.
[AirdropContainerFall] Loot Spawned [20] GorkaEJacket_Autumn @ <1836.644531, 177.825165, 5288.729004> ... Lifespan: Set to 30 minutes.
[AirdropContainerUnstuck] Container was unstuck.
[~AirdropContainerBase] Container Destroyed on 2021-04-08 @ 00-49-58
