[AirdropPlane] Aircraft created on 2021-04-22 @ 14-34-37
[InitializeAircraft] Aircraft Initialized: Skalisty Island @ 13575/3055 (true)
[EOnBeforeDrop] The Aircraft is 1 Km from Skalisty Island. @ <12410.597656, 294.147034, 3997.906494>
[EOnDrop] Zombie Spawned [1] ZmbF_HikerSkinny_Blue @ <13535.723633, 35.148823, 3136.848389> ... Lifespan:  Set to 30 minutes.
[EOnDrop] Zombie Spawned [2] ZmbM_HikerSkinny_Blue @ <13501.851563, 21.982281, 3075.202881> ... Lifespan:  Set to 30 minutes.
[EOnDrop] Zombie Spawned [3] ZmbF_MilkMaidOld_Beige @ <13482.698242, 26.244492, 3152.279541> ... Lifespan:  Set to 30 minutes.
[EOnDrop] Zombie Spawned [4] ZmbF_SurvivorNormal_White @ <13495.925781, 18.947309, 3105.671875> ... Lifespan:  Set to 30 minutes.
[EOnDrop] Zombie Spawned [5] ZmbF_HikerSkinny_Grey @ <13458.921875, 13.339749, 3088.672363> ... Lifespan:  Set to 30 minutes.
[EOnDrop] Zombie Spawned [6] ZmbM_HermitSkinny_Beige @ <13459.661133, 13.059959, 3086.732666> ... Lifespan:  Set to 30 minutes.
[EOnDrop] Zombie Spawned [7] ZmbF_SurvivorNormal_Orange @ <13543.379883, 32.758068, 3099.852051> ... Lifespan:  Set to 30 minutes.
[EOnDrop] Zombie Spawned [8] ZmbF_MilkMaidOld_Beige @ <13510.430664, 24.215176, 3107.000000> ... Lifespan:  Set to 30 minutes.
[EOnDrop] Zombie Spawned [9] ZmbM_HermitSkinny_Red @ <13505.997070, 22.971144, 3104.790283> ... Lifespan:  Set to 30 minutes.
[EOnDrop] Zombie Spawned [10] ZmbM_HunterOld_Summer @ <13488.722656, 16.876963, 3074.728760> ... Lifespan:  Set to 30 minutes.
[EOnDrop] Zombie Spawned [11] ZmbM_HunterOld_Summer @ <13507.066406, 24.507164, 3122.361816> ... Lifespan:  Set to 30 minutes.
[EOnDrop] Zombie Spawned [12] ZmbF_MilkMaidOld_Beige @ <13487.556641, 25.226435, 3145.519043> ... Lifespan:  Set to 30 minutes.
[EOnDrop] Zombie Spawned [13] ZmbF_MilkMaidOld_Grey @ <13465.845703, 19.127592, 3126.854248> ... Lifespan:  Set to 30 minutes.
[EOnDrop] Zombie Spawned [14] ZmbF_HikerSkinny_Blue @ <13504.046875, 23.404266, 3120.842529> ... Lifespan:  Set to 30 minutes.
[EOnDrop] Zombie Spawned [15] ZmbF_HikerSkinny_Red @ <13508.467773, 24.700121, 3067.608398> ... Lifespan:  Set to 30 minutes.
[EOnDrop] Zombie Spawned [16] ZmbM_MotobikerFat_Black @ <13491.091797, 22.534794, 3129.032227> ... Lifespan:  Set to 30 minutes.
[EOnDrop] Zombie Spawned [17] ZmbM_HunterOld_Spring @ <13507.534180, 23.946522, 3101.031006> ... Lifespan:  Set to 30 minutes.
[EOnDrop] Zombie Spawned [18] ZmbM_VillagerOld_White @ <13532.498047, 29.537991, 3090.770752> ... Lifespan:  Set to 30 minutes.
[EOnDrop] Zombie Spawned [19] ZmbM_VillagerOld_White @ <13482.661133, 21.402899, 3130.028076> ... Lifespan:  Set to 30 minutes.
[EOnDrop] Zombie Spawned [20] ZmbM_HunterOld_Summer @ <13539.009766, 31.798513, 3101.694580> ... Lifespan:  Set to 30 minutes.
[EOnDrop] Zombie Spawned [21] ZmbM_HermitSkinny_Black @ <13504.956055, 28.959946, 3152.490479> ... Lifespan:  Set to 30 minutes.
[EOnDrop] Zombie Spawned [22] ZmbM_HermitSkinny_Beige @ <13465.519531, 18.464821, 3123.174805> ... Lifespan:  Set to 30 minutes.
[EOnDrop] Zombie Spawned [23] ZmbF_MilkMaidOld_Green @ <13478.100586, 15.594481, 3094.065186> ... Lifespan:  Set to 30 minutes.
[EOnDrop] Zombie Spawned [24] ZmbF_HikerSkinny_Red @ <13509.672852, 24.674168, 3099.254639> ... Lifespan:  Set to 30 minutes.
[EOnDrop] Zombie Spawned [25] ZmbM_HermitSkinny_Beige @ <13513.490234, 29.620329, 3141.043213> ... Lifespan:  Set to 30 minutes.
[EOnDrop] Drop spawned with 25 infected at <13502.673828, 175.064957, 3111.751465>.
[EOnDrop] Supplies have been dropped near Skalisty Island.
[EOnBeforeDelete] Aircraft despawned @ <16360.947266, 152.000610, 792.558228>
[~AirdropPlane] Aircraft destroyed.
