[InitializeContainer] Container created on 2021-04-01 @ 23-35-01
[InitializeContainer] Winds: Vector <10.654666, 0.000000, -1.083651>, Speed 10.7096mps, Strength 0.1
[AirdropContainerFall] Drop Type 'Military West', Container: 'AirdropContainer_Military', Mode/Quantity/Iems: Random/20/46, Flare:  10%
[AirdropContainerFall] Loot Spawned [1] AKM @ <8843.975586, 383.317139, 9200.103516> ... Lifespan: Set to 30 minutes.
[AirdropContainerFall] Loot Spawned [2] USMCPants_Desert @ <8842.654297, 383.367706, 9204.628906> ... Lifespan: Set to 30 minutes.
[AirdropContainerFall] Loot Spawned [3] AK101 @ <8846.100586, 383.294189, 9203.243164> ... Lifespan: Set to 30 minutes.
[AirdropContainerFall] Loot Spawned [4] TacticalBaconCan @ <8842.572266, 383.369446, 9202.843750> ... Lifespan: Set to 30 minutes.
[AirdropContainerFall] Loot Spawned [5] CombatKnife @ <8841.636719, 383.389404, 9202.538086> ... Lifespan: Set to 30 minutes.
[AirdropContainerFall] Loot Spawned [6] M4_Suppressor @ <8843.588867, 383.328613, 9200.448242> ... Lifespan: Set to 30 minutes.
[AirdropContainerFall] Loot Spawned [7] Mag_FNX45_15Rnd @ <8841.062500, 383.401672, 9203.583984> ... Lifespan: Set to 30 minutes.
[AirdropContainerFall] Loot Spawned [8] M9A1_Bayonet @ <8842.718750, 383.366333, 9203.999023> ... Lifespan: Set to 30 minutes.
[AirdropContainerFall] Loot Spawned [9] Mag_FNX45_15Rnd @ <8843.546875, 383.338287, 9201.387695> ... Lifespan: Set to 30 minutes.
[AirdropContainerFall] Loot Spawned [10] USMCJacket_Woodland @ <8845.638672, 383.293671, 9201.389648> ... Lifespan: Set to 30 minutes.
[AirdropContainerFall] Loot Spawned [11] AmmoBox_45ACP_25Rnd @ <8845.266602, 383.311981, 9205.517578> ... Lifespan: Set to 30 minutes.
[AirdropContainerFall] Loot Spawned [12] MilitaryBoots_Beige @ <8846.013672, 383.273590, 9200.092773> ... Lifespan: Set to 30 minutes.
[AirdropContainerFall] Loot Spawned [13] TacticalGloves_Green @ <8841.663086, 383.382233, 9201.794922> ... Lifespan: Set to 30 minutes.
[AirdropContainerFall] Loot Spawned [14] TacticalGloves_Black @ <8845.206055, 383.302216, 9201.314453> ... Lifespan: Set to 30 minutes.
[AirdropContainerFall] Loot Spawned [15] TacticalBaconCan @ <8844.899414, 383.306030, 9201.021484> ... Lifespan: Set to 30 minutes.
[AirdropContainerFall] Loot Spawned [16] PistolSuppressor @ <8845.607422, 383.304688, 9205.442383> ... Lifespan: Set to 30 minutes.
[AirdropContainerFall] Loot Spawned [17] AKM @ <8841.983398, 383.382050, 9204.104492> ... Lifespan: Set to 30 minutes.
[AirdropContainerFall] Loot Spawned [18] FNX45 @ <8845.998047, 383.296387, 9202.617188> ... Lifespan: Set to 30 minutes.
[AirdropContainerFall] Loot Spawned [19] M9A1_Bayonet @ <8846.645508, 383.266357, 9200.764648> ... Lifespan: Set to 30 minutes.
[AirdropContainerFall] Loot Spawned [20] CanOpener @ <8844.596680, 383.314484, 9201.238281> ... Lifespan: Set to 30 minutes.
[AirdropContainerUnstuck] Container was unstuck.
[~AirdropContainerBase] Container Destroyed on 2021-04-02 @ 00-00-01
