[AirdropBase] Base class created & settings loaded.
[2021-03-19 @ 02-26-47] ----------------------------------------------------------------------------------------------------
[EOnCallAirdrop] Drop zone asigned: Krasnostav Airstrip <12160.000000, 0.000000, 12645.000000>
[EOnCallAirdrop] Drop zone offset to: <12115.568359, 2438.000000, 12597.781250>
[EOnCallAirdrop] Aircraft spawn point: <16360.000000, 2438.000000, 12480.794922>
[EOnCallAirdrop] Aircraft bearing ... Angle/Bearing: -0.0390765° / 92.2389°, Text: 'East (92°)'
[EOnCallAirdrop] Aircraft has been dispatched to 'Krasnostav Airstrip' from the East (92°).
[2021-03-19 @ 02-52-06] ----------------------------------------------------------------------------------------------------
[EOnCallAirdrop] Drop zone asigned: Balota Airstrip <5025.000000, 0.000000, 2455.000000>
[EOnCallAirdrop] Drop zone offset to: <4984.229004, 2438.000000, 2376.027344>
[EOnCallAirdrop] Aircraft spawn point: <-1000.000000, 2438.000000, 1314.172241>
[EOnCallAirdrop] Aircraft bearing ... Angle/Bearing: -2.95446° / 259.278°, Text: 'West (259°)'
[EOnCallAirdrop] Aircraft has been dispatched to 'Balota Airstrip' from the West (259°).
[2021-03-19 @ 03-17-26] ----------------------------------------------------------------------------------------------------
[EOnCallAirdrop] Drop zone asigned: Berezino <12450.000000, 0.000000, 9250.000000>
[EOnCallAirdrop] Drop zone offset to: <12510.326172, 2438.000000, 9311.285156>
[EOnCallAirdrop] Aircraft spawn point: <16360.000000, 2438.000000, 8550.728516>
[EOnCallAirdrop] Aircraft bearing ... Angle/Bearing: -0.176971° / 100.14°, Text: 'East (100°)'
[EOnCallAirdrop] Aircraft has been dispatched to 'Berezino' from the East (100°).
[2021-03-19 @ 03-42-45] ----------------------------------------------------------------------------------------------------
[EOnCallAirdrop] Drop zone asigned: Novodmitrovsk <11475.000000, 0.000000, 14356.000000>
[EOnCallAirdrop] Drop zone offset to: <11490.169922, 2438.000000, 14330.207031>
[EOnCallAirdrop] Aircraft spawn point: <14908.344727, 2438.000000, -1000.000000>
[EOnCallAirdrop] Aircraft bearing ... Angle/Bearing: -1.35083° / 167.397°, Text: 'South (167°)'
[EOnCallAirdrop] Aircraft has been dispatched to 'Novodmitrovsk' from the South (167°).
[2021-03-19 @ 04-08-05] ----------------------------------------------------------------------------------------------------
[EOnCallAirdrop] Drop zone asigned: Stary/Novy  <6600.000000, 0.000000, 7800.000000>
[EOnCallAirdrop] Drop zone offset to: <6584.555176, 2438.000000, 7815.924316>
[EOnCallAirdrop] Aircraft spawn point: <5969.536621, 2438.000000, 16360.000000>
[EOnCallAirdrop] Aircraft bearing ... Angle/Bearing: 1.64432° / 355.788°, Text: 'North (356°)'
[EOnCallAirdrop] Aircraft has been dispatched to 'Stary/Novy ' from the North (356°).
[2021-03-19 @ 04-33-24] ----------------------------------------------------------------------------------------------------
[EOnCallAirdrop] Drop zone asigned: Krasnostav Airstrip <12160.000000, 0.000000, 12645.000000>
[EOnCallAirdrop] Drop zone offset to: <12244.750977, 2438.000000, 12618.308594>
[EOnCallAirdrop] Aircraft spawn point: <16360.000000, 2438.000000, 11284.502930>
[EOnCallAirdrop] Aircraft bearing ... Angle/Bearing: -0.313262° / 107.949°, Text: 'East (108°)'
[EOnCallAirdrop] Aircraft has been dispatched to 'Krasnostav Airstrip' from the East (108°).
[2021-03-19 @ 04-58-44] ----------------------------------------------------------------------------------------------------
[EOnCallAirdrop] Drop zone asigned: Balota Airstrip <5025.000000, 0.000000, 2455.000000>
[EOnCallAirdrop] Drop zone offset to: <5074.728027, 2438.000000, 2416.003662>
[EOnCallAirdrop] Aircraft spawn point: <16360.000000, 2438.000000, 15154.171875>
[EOnCallAirdrop] Aircraft bearing ... Angle/Bearing: 0.842097° / 41.7514°, Text: 'North/East (42°)'
[EOnCallAirdrop] Aircraft has been dispatched to 'Balota Airstrip' from the North/East (42°).
