[InitializeContainer] Container created on 2021-04-16 @ 17-54-41
[InitializeContainer] Winds: Vector <5.084962, 0.000000, -6.648839>, Speed 8.37042mps, Strength 0.1
[AirdropContainerFall] Drop Type 'Military East', Container: 'AirdropContainer_Military', Mode/Quantity/Iems: Random/20/33, Flare:  10%
[AirdropContainerFall] Loot Spawned [1] GorkaEJacket_Flat @ <5100.667480, 9.572233, 2451.819824> ... Lifespan: Set to 30 minutes.
[AirdropContainerFall] Loot Spawned [2] UniversalLight @ <5101.267090, 9.587646, 2453.057617> ... Lifespan: Set to 30 minutes.
[AirdropContainerFall] Loot Spawned [3] AK_Suppressor @ <5103.666016, 9.710926, 2449.125000> ... Lifespan: Set to 30 minutes.
[AirdropContainerFall] Loot Spawned [4] TTsKOJacket_Camo @ <5099.438965, 9.546806, 2450.850586> ... Lifespan: Set to 30 minutes.
[AirdropContainerFall] Loot Spawned [5] GorkaEJacket_PautRev @ <5101.900391, 9.598987, 2454.232910> ... Lifespan: Set to 30 minutes.
[AirdropContainerFall] Loot Spawned [6] AK_PlasticBttstck @ <5103.939941, 9.724406, 2448.679932> ... Lifespan: Set to 30 minutes.
[AirdropContainerFall] Loot Spawned [7] AK101 @ <5101.774902, 9.615036, 2452.627930> ... Lifespan: Set to 30 minutes.
[AirdropContainerFall] Loot Spawned [8] TacticalGloves_Green @ <5100.077148, 9.542262, 2452.652832> ... Lifespan: Set to 30 minutes.
[AirdropContainerFall] Loot Spawned [9] TacticalGloves_Black @ <5099.770020, 9.531372, 2453.129883> ... Lifespan: Set to 30 minutes.
[AirdropContainerFall] Loot Spawned [10] UniversalLight @ <5100.278809, 9.562212, 2450.686768> ... Lifespan: Set to 30 minutes.
[AirdropContainerFall] Loot Spawned [11] TacticalGloves_Green @ <5103.022949, 9.647606, 2454.178223> ... Lifespan: Set to 30 minutes.
[AirdropContainerFall] Loot Spawned [12] CanOpener @ <5104.140625, 9.718687, 2452.248047> ... Lifespan: Set to 30 minutes.
[AirdropContainerFall] Loot Spawned [13] TacticalGloves_Beige @ <5103.357910, 9.669386, 2453.616943> ... Lifespan: Set to 30 minutes.
[AirdropContainerFall] Loot Spawned [14] TacticalGloves_Beige @ <5099.802734, 9.545910, 2451.382568> ... Lifespan: Set to 30 minutes.
[AirdropContainerFall] Loot Spawned [15] AK_PlasticBttstck @ <5104.083496, 9.720003, 2451.308838> ... Lifespan: Set to 30 minutes.
[AirdropContainerFall] Loot Spawned [16] AKM @ <5100.330566, 9.572383, 2449.180664> ... Lifespan: Set to 30 minutes.
[AirdropContainerFall] Loot Spawned [17] AK_PlasticBttstck @ <5100.638184, 9.583603, 2449.460938> ... Lifespan: Set to 30 minutes.
[AirdropContainerFall] Loot Spawned [18] AmmoBox_762x39_20Rnd @ <5101.766602, 9.614478, 2452.643311> ... Lifespan: Set to 30 minutes.
[AirdropContainerFall] Loot Spawned [19] TacticalBaconCan @ <5101.157227, 9.575994, 2453.580078> ... Lifespan: Set to 30 minutes.
[AirdropContainerFall] Loot Spawned [20] AKM @ <5100.248535, 9.568554, 2449.263428> ... Lifespan: Set to 30 minutes.
[AirdropContainerUnstuck] Container was unstuck.
[~AirdropContainerBase] Container Destroyed on 2021-04-16 @ 18-19-41
