[InitializeContainer] Container created on 2021-04-21 @ 01-54-08
[InitializeContainer] Winds: Vector <11.351672, 0.000000, 2.640174>, Speed 11.6547mps, Strength 0.1
[AirdropContainerFall] Drop Type 'Military West', Container: 'AirdropContainer_Military', Mode/Quantity/Iems: Random/20/46, Flare:  10%
[AirdropContainerFall] Loot Spawned [1] KOD_M110_Tan @ <8832.440430, 381.760620, 9147.250977> ... Lifespan: Set to 30 minutes.
[AirdropContainerFall] Loot Spawned [2] Battery9V @ <8829.924805, 381.836029, 9147.385742> ... Lifespan: Set to 30 minutes.
[AirdropContainerFall] Loot Spawned [3] M4_CQBBttstck @ <8833.117188, 381.609009, 9145.073242> ... Lifespan: Set to 30 minutes.
[AirdropContainerFall] Loot Spawned [4] UKAssVest_Olive @ <8833.387695, 381.404755, 9141.933594> ... Lifespan: Set to 30 minutes.
[AirdropContainerFall] Loot Spawned [5] Rangefinder @ <8829.338867, 381.699646, 9144.907227> ... Lifespan: Set to 30 minutes.
[AirdropContainerFall] Loot Spawned [6] UKAssVest_Olive @ <8834.447266, 381.544708, 9144.603516> ... Lifespan: Set to 30 minutes.
[AirdropContainerFall] Loot Spawned [7] AssaultBag_Black @ <8829.774414, 381.542755, 9142.539063> ... Lifespan: Set to 30 minutes.
[AirdropContainerFall] Loot Spawned [8] M4A1 @ <8833.535156, 381.623688, 9145.494141> ... Lifespan: Set to 30 minutes.
[AirdropContainerFall] Loot Spawned [9] MilitaryBoots_Bluerock @ <8833.246094, 381.478821, 9143.005859> ... Lifespan: Set to 30 minutes.
[AirdropContainerFall] Loot Spawned [10] Canteen @ <8834.019531, 381.517273, 9143.969727> ... Lifespan: Set to 30 minutes.
[AirdropContainerFall] Loot Spawned [11] UKAssVest_Black @ <8832.941406, 381.453003, 9142.458008> ... Lifespan: Set to 30 minutes.
[AirdropContainerFall] Loot Spawned [12] Mag_STANAG_30Rnd @ <8831.298828, 381.403931, 9141.119141> ... Lifespan: Set to 30 minutes.
[AirdropContainerFall] Loot Spawned [13] CanOpener @ <8832.270508, 381.717896, 9146.480469> ... Lifespan: Set to 30 minutes.
[AirdropContainerFall] Loot Spawned [14] Binoculars @ <8831.999023, 381.518707, 9143.114258> ... Lifespan: Set to 30 minutes.
[AirdropContainerFall] Loot Spawned [15] TacticalBaconCan @ <8829.537109, 381.603546, 9143.426758> ... Lifespan: Set to 30 minutes.
[AirdropContainerFall] Loot Spawned [16] TacticalGoggles @ <8831.398438, 381.468506, 9142.088867> ... Lifespan: Set to 30 minutes.
[AirdropContainerFall] Loot Spawned [17] TacticalGoggles @ <8827.595703, 381.745117, 9144.890625> ... Lifespan: Set to 30 minutes.
[AirdropContainerFall] Loot Spawned [18] TacticalBaconCan @ <8828.893555, 381.748352, 9145.507813> ... Lifespan: Set to 30 minutes.
[AirdropContainerFall] Loot Spawned [19] M9A1_Bayonet @ <8829.121094, 381.715057, 9145.063477> ... Lifespan: Set to 30 minutes.
[AirdropContainerFall] Loot Spawned [20] CombatKnife @ <8828.216797, 381.822296, 9146.418945> ... Lifespan: Set to 30 minutes.
[AirdropContainerFall] Airdrop Flare Spawned @ <8832.007813, 381.783417, 9147.434570> ... Lifespan: Set to 30 minutes.
[AirdropContainerUnstuck] Container was unstuck.
[~AirdropContainerBase] Container Destroyed on 2021-04-21 @ 02-19-08
