[AirdropPlane] Aircraft created on 2021-04-22 @ 02-30-49
[InitializeAircraft] Aircraft Initialized: Chernogorsk @ 7400/3500 (true)
[EOnBeforeDrop] The Aircraft is 1 Km from Chernogorsk. @ <8887.500000, 304.435699, 3313.665039>
[EOnDrop] Zombie Spawned [1] ZmbF_MechanicNormal_Beige @ <7499.557129, 6.497409, 3470.556641> ... Lifespan:  Set to 30 minutes.
[EOnDrop] Zombie Spawned [2] ZmbM_ConstrWorkerNormal_Black @ <7495.154785, 6.500000, 3487.747314> ... Lifespan:  Set to 30 minutes.
[EOnDrop] Zombie Spawned [3] ZmbM_ConstrWorkerNormal_Green @ <7499.748047, 6.500000, 3510.162598> ... Lifespan:  Set to 30 minutes.
[EOnDrop] Zombie Spawned [4] ZmbM_ConstrWorkerNormal_Black @ <7448.023926, 6.500000, 3496.326172> ... Lifespan:  Set to 30 minutes.
[EOnDrop] Zombie Spawned [5] ZmbM_ConstrWorkerNormal_Black @ <7484.490234, 6.500000, 3509.689941> ... Lifespan:  Set to 30 minutes.
[EOnDrop] Zombie Spawned [6] ZmbM_MechanicSkinny_Grey @ <7474.893555, 6.488961, 3533.279053> ... Lifespan:  Set to 30 minutes.
[EOnDrop] Zombie Spawned [7] ZmbM_OffshoreWorker_Orange @ <7483.723145, 6.500000, 3479.145020> ... Lifespan:  Set to 30 minutes.
[EOnDrop] Zombie Spawned [8] ZmbM_MechanicSkinny_Grey @ <7499.134766, 6.496057, 3520.457031> ... Lifespan:  Set to 30 minutes.
[EOnDrop] Zombie Spawned [9] ZmbM_OffshoreWorker_Yellow @ <7456.104004, 6.511549, 3453.023926> ... Lifespan:  Set to 30 minutes.
[EOnDrop] Zombie Spawned [10] ZmbM_HandymanNormal_Blue @ <7448.665527, 6.500000, 3479.670166> ... Lifespan:  Set to 30 minutes.
[EOnDrop] Zombie Spawned [11] ZmbM_HandymanNormal_Green @ <7500.669922, 6.500000, 3514.649902> ... Lifespan:  Set to 30 minutes.
[EOnDrop] Zombie Spawned [12] ZmbF_MechanicNormal_Green @ <7463.524902, 6.500000, 3504.468994> ... Lifespan:  Set to 30 minutes.
[EOnDrop] Zombie Spawned [13] ZmbM_ConstrWorkerNormal_Grey @ <7486.231445, 6.500000, 3473.233887> ... Lifespan:  Set to 30 minutes.
[EOnDrop] Zombie Spawned [14] ZmbM_HandymanNormal_Beige @ <7524.521973, 6.490000, 3457.355713> ... Lifespan:  Set to 30 minutes.
[EOnDrop] Zombie Spawned [15] ZmbF_MechanicNormal_Green @ <7492.705078, 6.500000, 3473.218994> ... Lifespan:  Set to 30 minutes.
[EOnDrop] Zombie Spawned [16] ZmbF_MechanicNormal_Grey @ <7489.066406, 6.492892, 3459.669189> ... Lifespan:  Set to 30 minutes.
[EOnDrop] Zombie Spawned [17] ZmbF_BlueCollarFat_Red @ <7457.179199, 6.500000, 3481.296387> ... Lifespan:  Set to 30 minutes.
[EOnDrop] Zombie Spawned [18] ZmbM_OffshoreWorker_Yellow @ <7507.076172, 6.490000, 3528.478516> ... Lifespan:  Set to 30 minutes.
[EOnDrop] Zombie Spawned [19] ZmbM_MechanicSkinny_Grey @ <7531.429688, 6.500000, 3483.755127> ... Lifespan:  Set to 30 minutes.
[EOnDrop] Zombie Spawned [20] ZmbM_HandymanNormal_White @ <7516.943848, 6.490000, 3462.905518> ... Lifespan:  Set to 30 minutes.
[EOnDrop] Zombie Spawned [21] ZmbM_ConstrWorkerNormal_Green @ <7484.469727, 6.500000, 3472.599609> ... Lifespan:  Set to 30 minutes.
[EOnDrop] Zombie Spawned [22] ZmbM_OffshoreWorker_Yellow @ <7510.704102, 6.500000, 3490.875488> ... Lifespan:  Set to 30 minutes.
[EOnDrop] Zombie Spawned [23] ZmbM_ConstrWorkerNormal_Beige @ <7524.288574, 6.500000, 3491.271240> ... Lifespan:  Set to 30 minutes.
[EOnDrop] Zombie Spawned [24] ZmbM_HandymanNormal_Beige @ <7497.650391, 6.500000, 3494.956055> ... Lifespan:  Set to 30 minutes.
[EOnDrop] Zombie Spawned [25] ZmbM_MechanicSkinny_Green @ <7484.613770, 6.500000, 3481.090088> ... Lifespan:  Set to 30 minutes.
[EOnDrop] Zombie Spawned [26] ZmbM_HandymanNormal_Blue @ <7507.115234, 6.500000, 3500.882813> ... Lifespan:  Set to 30 minutes.
[EOnDrop] Zombie Spawned [27] ZmbM_HandymanNormal_Blue @ <7461.279297, 6.500000, 3504.236816> ... Lifespan:  Set to 30 minutes.
[EOnDrop] Zombie Spawned [28] ZmbF_BlueCollarFat_Red @ <7483.161621, 6.500000, 3501.474854> ... Lifespan:  Set to 30 minutes.
[EOnDrop] Zombie Spawned [29] ZmbF_MechanicNormal_Grey @ <7490.487305, 6.500000, 3470.898193> ... Lifespan:  Set to 30 minutes.
[EOnDrop] Zombie Spawned [30] ZmbM_OffshoreWorker_Red @ <7513.407715, 6.500000, 3511.716553> ... Lifespan:  Set to 30 minutes.
[EOnDrop] Drop spawned with 30 infected at <7488.320313, 148.700226, 3488.562500>.
[EOnDrop] Supplies have been dropped near Chernogorsk.
[EOnBeforeDelete] Aircraft despawned @ <-1001.136292, 291.956635, 4549.670898>
[~AirdropPlane] Aircraft destroyed.
