[InitializeContainer] Container created on 2021-03-24 @ 23-20-05
[InitializeContainer] Winds: Vector <1.529335, 0.000000, -6.953976>, Speed 7.12016mps, Strength 0.1
[AirdropContainerFall] Drop Type 'Misc. Food', Container: 'RANDOM', Mode/Quantity/Iems: Random/29/30, Flare:  10%
[AirdropContainerFall] Loot Spawned [1] TacticalBaconCan @ <7327.242676, 13.379771, 3547.021484> ... Lifespan: Set to 30 minutes.
[AirdropContainerFall] Loot Spawned [2] PeachesCan @ <7329.304199, 13.163682, 3543.887695> ... Lifespan: Set to 30 minutes.
[AirdropContainerFall] Loot Spawned [3] SardinesCan @ <7328.824219, 13.212896, 3544.442383> ... Lifespan: Set to 30 minutes.
[AirdropContainerFall] Loot Spawned [4] SodaCan_Cola @ <7325.399414, 13.520211, 3544.298828> ... Lifespan: Set to 30 minutes.
[AirdropContainerFall] Loot Spawned [5] Pumpkin @ <7329.146973, 13.195422, 3546.365723> ... Lifespan: Set to 30 minutes.
[AirdropContainerFall] Loot Spawned [6] Potato @ <7328.429199, 13.264500, 3547.774902> ... Lifespan: Set to 30 minutes.
[AirdropContainerFall] Loot Spawned [7] Lard @ <7324.977051, 13.558142, 3544.392578> ... Lifespan: Set to 30 minutes.
[AirdropContainerFall] Loot Spawned [8] Pear @ <7326.829590, 13.417826, 3547.231445> ... Lifespan: Set to 30 minutes.
[AirdropContainerFall] Loot Spawned [9] SodaCan_Kvass @ <7324.938477, 13.567076, 3545.086182> ... Lifespan: Set to 30 minutes.
[AirdropContainerFall] Loot Spawned [10] BoxCerealCrunchin @ <7324.351563, 13.622808, 3545.597412> ... Lifespan: Set to 30 minutes.
[AirdropContainerFall] Loot Spawned [11] SardinesCan @ <7329.173828, 13.175626, 3543.858643> ... Lifespan: Set to 30 minutes.
[AirdropContainerFall] Loot Spawned [12] Rice @ <7325.299805, 13.527829, 3544.153320> ... Lifespan: Set to 30 minutes.
[AirdropContainerFall] Loot Spawned [13] Pumpkin @ <7324.251465, 13.625169, 3544.789795> ... Lifespan: Set to 30 minutes.
[AirdropContainerFall] Loot Spawned [14] Potato @ <7327.898926, 13.317692, 3547.726074> ... Lifespan: Set to 30 minutes.
[AirdropContainerFall] Loot Spawned [15] PeachesCan @ <7327.931152, 13.311974, 3547.871094> ... Lifespan: Set to 30 minutes.
[AirdropContainerFall] Loot Spawned [16] TacticalBaconCan @ <7327.225098, 13.348197, 3542.878174> ... Lifespan: Set to 30 minutes.
[AirdropContainerFall] Loot Spawned [17] SodaCan_Cola @ <7325.310059, 13.512355, 3542.334961> ... Lifespan: Set to 30 minutes.
[AirdropContainerFall] Loot Spawned [18] Tomato @ <7324.716309, 13.575023, 3543.637451> ... Lifespan: Set to 30 minutes.
[AirdropContainerFall] Loot Spawned [19] SodaCan_Cola @ <7325.114746, 13.551501, 3545.078125> ... Lifespan: Set to 30 minutes.
[AirdropContainerFall] Loot Spawned [20] Potato @ <7327.651855, 13.345697, 3547.514893> ... Lifespan: Set to 30 minutes.
[AirdropContainerFall] Loot Spawned [21] PowderedMilk @ <7325.759277, 13.478988, 3543.103760> ... Lifespan: Set to 30 minutes.
[AirdropContainerFall] Loot Spawned [22] SodaCan_Spite @ <7327.050293, 13.398189, 3547.661377> ... Lifespan: Set to 30 minutes.
[AirdropContainerFall] Loot Spawned [23] Plum @ <7328.433594, 13.267697, 3547.063232> ... Lifespan: Set to 30 minutes.
[AirdropContainerFall] Loot Spawned [24] CaninaBerry @ <7329.302246, 13.176331, 3545.447266> ... Lifespan: Set to 30 minutes.
[AirdropContainerFall] Loot Spawned [25] SodaCan_Spite @ <7324.278320, 13.632695, 3546.027588> ... Lifespan: Set to 30 minutes.
[AirdropContainerFall] Loot Spawned [26] Lard @ <7324.960938, 13.555542, 3543.891357> ... Lifespan: Set to 30 minutes.
[AirdropContainerFall] Loot Spawned [27] Pear @ <7328.384766, 13.241855, 3542.935303> ... Lifespan: Set to 30 minutes.
[AirdropContainerFall] Loot Spawned [28] PowderedMilk @ <7327.024414, 13.369690, 3543.359375> ... Lifespan: Set to 30 minutes.
[AirdropContainerFall] Loot Spawned [29] Apple @ <7326.293457, 13.432262, 3543.139404> ... Lifespan: Set to 30 minutes.
[AirdropContainerUnstuck] Container was unstuck.
[~AirdropContainerBase] Container Destroyed on 2021-03-24 @ 23-45-05
