[AirdropPlane] Aircraft created on 2021-03-16 @ 11-17-45
[InitializeAircraft] Aircraft Initialized: Novodmitrovsk @ 11475/14356 (true)
[EOnBeforeDrop] The Aircraft is 1 Km from Novodmitrovsk. @ <10294.043945, 312.594482, 13433.568359>
[EOnDrop] Zombie Spawned [1] ZmbF_ShortSkirt_black @ <11409.564453, 38.910400, 14321.129883> ... Lifespan:  Set to 30 minutes.
[EOnDrop] Zombie Spawned [2] ZmbM_Jacket_bluechecks @ <11422.720703, 38.200001, 14322.111328> ... Lifespan:  Set to 30 minutes.
[EOnDrop] Zombie Spawned [3] ZmbM_ClerkFat_White @ <11408.404297, 30.066507, 14264.367188> ... Lifespan:  Set to 30 minutes.
[EOnDrop] Zombie Spawned [4] ZmbM_CitizenBFat_Red @ <11413.908203, 38.366528, 14319.493164> ... Lifespan:  Set to 30 minutes.
[EOnDrop] Zombie Spawned [5] ZmbF_ShortSkirt_yellow @ <11450.302734, 38.200001, 14323.426758> ... Lifespan:  Set to 30 minutes.
[EOnDrop] Zombie Spawned [6] ZmbF_ShortSkirt_white @ <11395.811523, 36.545036, 14281.050781> ... Lifespan:  Set to 30 minutes.
[EOnDrop] Zombie Spawned [7] ZmbF_CitizenBSkinny @ <11386.003906, 39.796761, 14317.337891> ... Lifespan:  Set to 30 minutes.
[EOnDrop] Zombie Spawned [8] ZmbM_Jacket_bluechecks @ <11446.367188, 38.200001, 14335.929688> ... Lifespan:  Set to 30 minutes.
[EOnDrop] Zombie Spawned [9] ZmbM_CommercialPilotOld_Brown @ <11443.084961, 38.200001, 14315.464844> ... Lifespan:  Set to 30 minutes.
[EOnDrop] Zombie Spawned [10] ZmbM_Jacket_grey @ <11406.000977, 38.596539, 14306.066406> ... Lifespan:  Set to 30 minutes.
[EOnDrop] Zombie Spawned [11] ZmbF_Clerk_Normal_Blue @ <11427.077148, 38.200001, 14336.407227> ... Lifespan:  Set to 30 minutes.
[EOnDrop] Zombie Spawned [12] ZmbM_SkaterYoung_Grey @ <11381.663086, 36.565380, 14282.671875> ... Lifespan:  Set to 30 minutes.
[EOnDrop] Zombie Spawned [13] ZmbM_JoggerSkinny_Red @ <11394.850586, 39.365620, 14308.966797> ... Lifespan:  Set to 30 minutes.
[EOnDrop] Zombie Spawned [14] ZmbF_Clerk_Normal_Green @ <11377.258789, 39.659660, 14306.203125> ... Lifespan:  Set to 30 minutes.
[EOnDrop] Zombie Spawned [15] ZmbF_Clerk_Normal_Red @ <11441.211914, 38.200001, 14328.790039> ... Lifespan:  Set to 30 minutes.
[EOnDrop] Zombie Spawned [16] ZmbF_ShortSkirt_grey @ <11394.000000, 39.838970, 14348.743164> ... Lifespan:  Set to 30 minutes.
[EOnDrop] Zombie Spawned [17] ZmbM_CommercialPilotOld_Brown @ <11450.168945, 36.648102, 14281.881836> ... Lifespan:  Set to 30 minutes.
[EOnDrop] Zombie Spawned [18] ZmbF_DoctorSkinny @ <11442.308594, 37.222980, 14285.259766> ... Lifespan:  Set to 30 minutes.
[EOnDrop] Zombie Spawned [19] ZmbF_ShortSkirt_beige @ <11437.420898, 38.200001, 14328.571289> ... Lifespan:  Set to 30 minutes.
[EOnDrop] Zombie Spawned [20] ZmbF_ShortSkirt_black @ <11424.535156, 38.200001, 14324.377930> ... Lifespan:  Set to 30 minutes.
[EOnDrop] Drop spawned with 20 infected at <11418.420898, 193.268814, 14309.687500>.
[EOnDrop] Supplies have been dropped near Novodmitrovsk.
[EOnBeforeDelete] Aircraft despawned @ <14050.588867, 276.746033, 16360.683594>
[~AirdropPlane] Aircraft destroyed.
