[InitializeContainer] Container created on 2021-04-02 @ 02-45-37
[InitializeContainer] Winds: Vector <-5.051171, 0.000000, 15.599695>, Speed 16.3971mps, Strength 0.1
[AirdropContainerFall] Drop Type 'Misc. Tools', Container: 'RANDOM', Mode/Quantity/Iems: Random/30/54, Flare:  10%
[AirdropContainerFall] Loot Spawned [1] ElectronicRepairKit @ <5020.520508, 10.241744, 2539.125244> ... Lifespan: Set to 30 minutes.
[AirdropContainerFall] Loot Spawned [2] LeatherSewingKit @ <5021.951172, 10.001506, 2535.175781> ... Lifespan: Set to 30 minutes.
[AirdropContainerFall] Loot Spawned [3] SteakKnife @ <5017.043945, 10.032528, 2534.134766> ... Lifespan: Set to 30 minutes.
[AirdropContainerFall] Loot Spawned [4] Roadflare @ <5022.984375, 10.058687, 2536.442871> ... Lifespan: Set to 30 minutes.
[AirdropContainerFall] Loot Spawned [5] Binoculars @ <5020.763184, 9.998459, 2534.435547> ... Lifespan: Set to 30 minutes.
[AirdropContainerFall] Loot Spawned [6] Headtorch_Grey @ <5016.825195, 10.030738, 2534.604004> ... Lifespan: Set to 30 minutes.
[AirdropContainerFall] Loot Spawned [7] Spotlight @ <5017.216797, 10.143646, 2536.620605> ... Lifespan: Set to 30 minutes.
[AirdropContainerFall] Loot Spawned [8] CombatKnife @ <5017.802246, 10.124384, 2536.382324> ... Lifespan: Set to 30 minutes.
[AirdropContainerFall] Loot Spawned [9] FirefighterAxe @ <5019.217773, 9.994529, 2532.522217> ... Lifespan: Set to 30 minutes.
[AirdropContainerFall] Loot Spawned [10] Chemlight_Blue @ <5017.730957, 10.056083, 2535.145752> ... Lifespan: Set to 30 minutes.
[AirdropContainerFall] Loot Spawned [11] Chemlight_Yellow @ <5017.325684, 10.126552, 2536.328369> ... Lifespan: Set to 30 minutes.
[AirdropContainerFall] Loot Spawned [12] Heatpack @ <5021.557617, 10.157290, 2537.864014> ... Lifespan: Set to 30 minutes.
[AirdropContainerFall] Loot Spawned [13] ChernarusMap @ <5021.152344, 9.983133, 2533.802002> ... Lifespan: Set to 30 minutes.
[AirdropContainerFall] Loot Spawned [14] BaseRadio @ <5017.869141, 10.194410, 2537.648682> ... Lifespan: Set to 30 minutes.
[AirdropContainerFall] Loot Spawned [15] Whetstone @ <5018.435547, 10.024884, 2534.147217> ... Lifespan: Set to 30 minutes.
[AirdropContainerFall] Loot Spawned [16] Binoculars @ <5019.741211, 10.167383, 2537.611816> ... Lifespan: Set to 30 minutes.
[AirdropContainerFall] Loot Spawned [17] OrienteeringCompass @ <5018.916992, 10.216496, 2538.292480> ... Lifespan: Set to 30 minutes.
[AirdropContainerFall] Loot Spawned [18] Binoculars @ <5020.512207, 9.993542, 2533.919189> ... Lifespan: Set to 30 minutes.
[AirdropContainerFall] Loot Spawned [19] ElectronicRepairKit @ <5021.279297, 9.995086, 2534.655029> ... Lifespan: Set to 30 minutes.
[AirdropContainerFall] Loot Spawned [20] Hammer @ <5017.584473, 10.061638, 2535.209961> ... Lifespan: Set to 30 minutes.
[AirdropContainerFall] Loot Spawned [21] Matchbox @ <5021.621094, 9.981503, 2534.090576> ... Lifespan: Set to 30 minutes.
[AirdropContainerFall] Loot Spawned [22] OrienteeringCompass @ <5021.662109, 10.036953, 2535.739990> ... Lifespan: Set to 30 minutes.
[AirdropContainerFall] Loot Spawned [23] Hatchet @ <5017.974609, 10.034703, 2534.228516> ... Lifespan: Set to 30 minutes.
[AirdropContainerFall] Loot Spawned [24] Rangefinder @ <5020.215332, 10.216437, 2538.600586> ... Lifespan: Set to 30 minutes.
[AirdropContainerFall] Loot Spawned [25] SteakKnife @ <5020.227051, 10.152551, 2537.462646> ... Lifespan: Set to 30 minutes.
[AirdropContainerFall] Loot Spawned [26] Matchbox @ <5021.244141, 10.034130, 2535.590088> ... Lifespan: Set to 30 minutes.
[AirdropContainerFall] Loot Spawned [27] Headtorch_Black @ <5020.263672, 10.002844, 2534.293213> ... Lifespan: Set to 30 minutes.
[AirdropContainerFall] Loot Spawned [28] Chemlight_Blue @ <5017.320801, 10.168178, 2537.071045> ... Lifespan: Set to 30 minutes.
[AirdropContainerFall] Loot Spawned [29] Battery9V @ <5021.579102, 9.991374, 2534.672852> ... Lifespan: Set to 30 minutes.
[AirdropContainerFall] Loot Spawned [30] ChernarusMap @ <5020.327148, 10.239090, 2539.031738> ... Lifespan: Set to 30 minutes.
[AirdropContainerUnstuck] Container was unstuck.
[~AirdropContainerBase] Container Destroyed on 2021-04-02 @ 03-10-38
