[InitializeContainer] Container created on 2021-04-07 @ 11-35-41
[InitializeContainer] Winds: Vector <8.566823, 0.000000, -4.413886>, Speed 9.63706mps, Strength 0.1
[AirdropContainerFall] Drop Type 'Military East', Container: 'AirdropContainer_Military', Mode/Quantity/Iems: Random/20/33, Flare:  10%
[AirdropContainerFall] Loot Spawned [1] Binoculars @ <8481.832031, 105.945679, 12791.087891> ... Lifespan: Set to 30 minutes.
[AirdropContainerFall] Loot Spawned [2] TacticalBaconCan @ <8483.423828, 105.797760, 12785.988281> ... Lifespan: Set to 30 minutes.
[AirdropContainerFall] Loot Spawned [3] TacticalGloves_Black @ <8483.251953, 105.810982, 12786.804688> ... Lifespan: Set to 30 minutes.
[AirdropContainerFall] Loot Spawned [4] AK_RailHndgrd @ <8485.648438, 105.735184, 12789.206055> ... Lifespan: Set to 30 minutes.
[AirdropContainerFall] Loot Spawned [5] AK_Bayonet @ <8483.085938, 105.820457, 12787.726563> ... Lifespan: Set to 30 minutes.
[AirdropContainerFall] Loot Spawned [6] AK101 @ <8484.645508, 105.781555, 12790.020508> ... Lifespan: Set to 30 minutes.
[AirdropContainerFall] Loot Spawned [7] GorkaPants_PautRev @ <8482.761719, 105.875458, 12792.275391> ... Lifespan: Set to 30 minutes.
[AirdropContainerFall] Loot Spawned [8] UniversalLight @ <8481.279297, 106.014389, 12792.129883> ... Lifespan: Set to 30 minutes.
[AirdropContainerFall] Loot Spawned [9] GorkaEJacket_PautRev @ <8485.002930, 105.765129, 12789.739258> ... Lifespan: Set to 30 minutes.
[AirdropContainerFall] Loot Spawned [10] Binoculars @ <8483.016602, 105.868034, 12792.539063> ... Lifespan: Set to 30 minutes.
[AirdropContainerFall] Loot Spawned [11] GorkaPants_Autumn @ <8483.164063, 105.812531, 12786.659180> ... Lifespan: Set to 30 minutes.
[AirdropContainerFall] Loot Spawned [12] AK_PlasticBttstck @ <8480.662109, 106.013733, 12788.742188> ... Lifespan: Set to 30 minutes.
[AirdropContainerFall] Loot Spawned [13] Canteen @ <8482.203125, 105.840576, 12786.125977> ... Lifespan: Set to 30 minutes.
[AirdropContainerFall] Loot Spawned [14] GorkaEJacket_Autumn @ <8484.709961, 105.766304, 12788.653320> ... Lifespan: Set to 30 minutes.
[AirdropContainerFall] Loot Spawned [15] AKM @ <8480.130859, 106.081810, 12789.369141> ... Lifespan: Set to 30 minutes.
[AirdropContainerFall] Loot Spawned [16] KOD_M110_Tan @ <8483.186523, 105.817856, 12787.864258> ... Lifespan: Set to 30 minutes.
[AirdropContainerFall] Loot Spawned [17] AK101 @ <8480.541992, 105.991730, 12788.333984> ... Lifespan: Set to 30 minutes.
[AirdropContainerFall] Loot Spawned [18] AK101 @ <8482.705078, 105.871216, 12791.585938> ... Lifespan: Set to 30 minutes.
[AirdropContainerFall] Loot Spawned [19] GorkaEJacket_Autumn @ <8481.597656, 105.974487, 12791.496094> ... Lifespan: Set to 30 minutes.
[AirdropContainerFall] Loot Spawned [20] Canteen @ <8480.095703, 106.099464, 12789.603516> ... Lifespan: Set to 30 minutes.
[AirdropContainerUnstuck] Container was unstuck.
[~AirdropContainerBase] Container Destroyed on 2021-04-07 @ 12-00-41
