[InitializeContainer] Container created on 2021-03-18 @ 14-55-07
[InitializeContainer] Winds: Vector <5.705927, 0.000000, -6.412066>, Speed 8.58325mps, Strength 0.1
[AirdropContainerFall] Drop Type 'Misc. Food', Container: 'RANDOM', Mode/Quantity/Iems: Random/29/30, Flare:  10%
[AirdropContainerFall] Loot Spawned [1] Tomato @ <13582.201172, 40.950176, 3111.660645> ... Lifespan: Set to 30 minutes.
[AirdropContainerFall] Loot Spawned [2] SodaCan_Cola @ <13582.435547, 40.936054, 3112.674316> ... Lifespan: Set to 30 minutes.
[AirdropContainerFall] Loot Spawned [3] SodaCan_Pipsi @ <13582.929688, 40.829853, 3116.719238> ... Lifespan: Set to 30 minutes.
[AirdropContainerFall] Loot Spawned [4] Canteen @ <13583.697266, 40.838196, 3117.202881> ... Lifespan: Set to 30 minutes.
[AirdropContainerFall] Loot Spawned [5] SodaCan_Pipsi @ <13584.198242, 40.993900, 3112.270508> ... Lifespan: Set to 30 minutes.
[AirdropContainerFall] Loot Spawned [6] SodaCan_Spite @ <13583.886719, 40.877090, 3116.065674> ... Lifespan: Set to 30 minutes.
[AirdropContainerFall] Loot Spawned [7] KOD_M16A4 @ <13582.349609, 40.943127, 3112.449219> ... Lifespan: Set to 30 minutes.
[AirdropContainerFall] Loot Spawned [8] WaterBottle @ <13583.189453, 40.859734, 3115.960449> ... Lifespan: Set to 30 minutes.
[AirdropContainerFall] Loot Spawned [9] TacticalBaconCan @ <13585.106445, 40.933331, 3115.368652> ... Lifespan: Set to 30 minutes.
[AirdropContainerFall] Loot Spawned [10] SodaCan_Kvass @ <13583.471680, 40.969311, 3112.506836> ... Lifespan: Set to 30 minutes.
[AirdropContainerFall] Loot Spawned [11] SodaCan_Pipsi @ <13583.785156, 40.954716, 3113.318604> ... Lifespan: Set to 30 minutes.
[AirdropContainerFall] Loot Spawned [12] SambucusBerry @ <13579.957031, 40.932709, 3113.503174> ... Lifespan: Set to 30 minutes.
[AirdropContainerFall] Loot Spawned [13] SodaCan_Kvass @ <13579.971680, 40.871113, 3115.112061> ... Lifespan: Set to 30 minutes.
[AirdropContainerFall] Loot Spawned [14] Pear @ <13579.841797, 40.911030, 3114.099609> ... Lifespan: Set to 30 minutes.
[AirdropContainerFall] Loot Spawned [15] Potato @ <13582.906250, 40.844574, 3116.194336> ... Lifespan: Set to 30 minutes.
[AirdropContainerFall] Loot Spawned [16] Potato @ <13579.854492, 40.945267, 3113.210205> ... Lifespan: Set to 30 minutes.
[AirdropContainerFall] Loot Spawned [17] TacticalBaconCan @ <13579.616211, 40.844246, 3116.060303> ... Lifespan: Set to 30 minutes.
[AirdropContainerFall] Loot Spawned [18] Zucchini @ <13579.889648, 40.819775, 3116.869629> ... Lifespan: Set to 30 minutes.
[AirdropContainerFall] Loot Spawned [19] Rice @ <13580.152344, 40.914177, 3113.921631> ... Lifespan: Set to 30 minutes.
[AirdropContainerFall] Loot Spawned [20] AK101 @ <13580.829102, 40.826408, 3116.558105> ... Lifespan: Set to 30 minutes.
[AirdropContainerFall] Loot Spawned [21] SodaCan_Spite @ <13580.593750, 40.886494, 3114.531250> ... Lifespan: Set to 30 minutes.
[AirdropContainerFall] Loot Spawned [22] KOD_DVL10 @ <13582.559570, 40.925247, 3113.097168> ... Lifespan: Set to 30 minutes.
[AirdropContainerFall] Loot Spawned [23] SodaCan_Spite @ <13582.575195, 40.933571, 3112.828857> ... Lifespan: Set to 30 minutes.
[AirdropContainerFall] Loot Spawned [24] KOD_M16A4 @ <13580.444336, 40.832539, 3116.384277> ... Lifespan: Set to 30 minutes.
[AirdropContainerFall] Loot Spawned [25] KOD_DVL10 @ <13581.388672, 40.789688, 3117.759033> ... Lifespan: Set to 30 minutes.
[AirdropContainerFall] Loot Spawned [26] SpaghettiCan @ <13584.134766, 40.969421, 3113.166016> ... Lifespan: Set to 30 minutes.
[AirdropContainerFall] Loot Spawned [27] Potato @ <13580.921875, 40.842457, 3116.002686> ... Lifespan: Set to 30 minutes.
[AirdropContainerFall] Loot Spawned [28] SambucusBerry @ <13580.342773, 40.931717, 3113.408936> ... Lifespan: Set to 30 minutes.
[AirdropContainerFall] Loot Spawned [29] BoxCerealCrunchin @ <13583.694336, 40.847931, 3116.867432> ... Lifespan: Set to 30 minutes.
[AirdropContainerFall] Airdrop Flare Spawned @ <13583.383789, 40.953609, 3112.954346> ... Lifespan: Set to 30 minutes.
[AirdropContainerUnstuck] Container was unstuck.
[~AirdropContainerBase] Container Destroyed on 2021-03-18 @ 15-20-07
