[AirdropPlane] Aircraft created on 2021-04-02 @ 12-49-14
[InitializeAircraft] Aircraft Initialized: Krasnostav Airstrip @ 12160/12645 (true)
[EOnBeforeDrop] The Aircraft is 1 Km from Krasnostav Airstrip. @ <12428.818359, 254.675903, 11170.888672>
[EOnDrop] Zombie Spawned [1] ZmbM_PatrolNormal_Summer @ <12130.541992, 140.500000, 12539.408203> ... Lifespan:  Set to 30 minutes.
[EOnDrop] Zombie Spawned [2] ZmbM_PatrolNormal_Flat @ <12190.166992, 140.500000, 12558.454102> ... Lifespan:  Set to 30 minutes.
[EOnDrop] Zombie Spawned [3] ZmbM_SoldierNormal @ <12218.553711, 140.500000, 12560.986328> ... Lifespan:  Set to 30 minutes.
[EOnDrop] Zombie Spawned [4] ZmbM_PatrolNormal_PautRev @ <12188.391602, 140.500000, 12527.641602> ... Lifespan:  Set to 30 minutes.
[EOnDrop] Zombie Spawned [5] ZmbM_PatrolNormal_PautRev @ <12189.439453, 140.500000, 12577.278320> ... Lifespan:  Set to 30 minutes.
[EOnDrop] Zombie Spawned [6] ZmbM_SoldierNormal @ <12206.370117, 140.500000, 12560.976563> ... Lifespan:  Set to 30 minutes.
[EOnDrop] Zombie Spawned [7] ZmbM_PatrolNormal_Flat @ <12165.952148, 140.500000, 12577.650391> ... Lifespan:  Set to 30 minutes.
[EOnDrop] Zombie Spawned [8] ZmbM_PatrolNormal_PautRev @ <12224.469727, 140.500000, 12559.601563> ... Lifespan:  Set to 30 minutes.
[EOnDrop] Zombie Spawned [9] ZmbM_SoldierNormal @ <12215.893555, 140.500000, 12546.004883> ... Lifespan:  Set to 30 minutes.
[EOnDrop] Zombie Spawned [10] ZmbM_PatrolNormal_PautRev @ <12172.271484, 140.500000, 12554.095703> ... Lifespan:  Set to 30 minutes.
[EOnDrop] Zombie Spawned [11] ZmbM_PatrolNormal_Summer @ <12142.948242, 140.500000, 12550.906250> ... Lifespan:  Set to 30 minutes.
[EOnDrop] Zombie Spawned [12] ZmbM_PatrolNormal_Autumn @ <12181.160156, 140.500000, 12578.180664> ... Lifespan:  Set to 30 minutes.
[EOnDrop] Zombie Spawned [13] ZmbM_PatrolNormal_Autumn @ <12177.467773, 140.500000, 12517.828125> ... Lifespan:  Set to 30 minutes.
[EOnDrop] Zombie Spawned [14] ZmbM_PatrolNormal_PautRev @ <12197.687500, 140.500000, 12537.573242> ... Lifespan:  Set to 30 minutes.
[EOnDrop] Zombie Spawned [15] ZmbM_PatrolNormal_Summer @ <12205.901367, 140.500000, 12582.829102> ... Lifespan:  Set to 30 minutes.
[EOnDrop] Zombie Spawned [16] ZmbM_PatrolNormal_Autumn @ <12168.026367, 140.500000, 12512.003906> ... Lifespan:  Set to 30 minutes.
[EOnDrop] Zombie Spawned [17] ZmbM_PatrolNormal_PautRev @ <12150.162109, 140.500000, 12576.590820> ... Lifespan:  Set to 30 minutes.
[EOnDrop] Zombie Spawned [18] ZmbM_PatrolNormal_Flat @ <12180.719727, 140.500000, 12542.602539> ... Lifespan:  Set to 30 minutes.
[EOnDrop] Zombie Spawned [19] ZmbM_PatrolNormal_Summer @ <12219.319336, 140.500000, 12560.283203> ... Lifespan:  Set to 30 minutes.
[EOnDrop] Zombie Spawned [20] ZmbM_PatrolNormal_PautRev @ <12209.071289, 140.500000, 12538.512695> ... Lifespan:  Set to 30 minutes.
[EOnDrop] Drop spawned with 20 infected at <12177.512695, 276.542419, 12554.849609>.
[EOnDrop] Supplies have been dropped near Krasnostav Airstrip.
[EOnBeforeDelete] Aircraft despawned @ <11486.335938, 227.030640, 16361.216797>
[~AirdropPlane] Aircraft destroyed.
