[InitializeContainer] Container created on 2021-04-30 @ 23-14-09
[InitializeContainer] Winds: Vector <10.947231, 0.000000, 5.826360>, Speed 12.4011mps, Strength 0.1
[AirdropContainerFall] Drop Type 'Misc. Tools', Container: 'RANDOM', Mode/Quantity/Iems: Random/20/50, Flare:  10%
[AirdropContainerFall] Loot Spawned [1] Headtorch_Black @ <8819.791992, 381.736694, 9140.823242> ... Lifespan: Set to 60 minutes.
[AirdropContainerFall] Loot Spawned [2] Chemlight_Green @ <8820.245117, 380.320496, 9121.861328> ... Lifespan: Set to 60 minutes.
[AirdropContainerFall] Loot Spawned [3] Rangefinder @ <8811.391602, 381.559174, 9133.525391> ... Lifespan: Set to 60 minutes.
[AirdropContainerFall] Loot Spawned [4] Roadflare @ <8815.822266, 381.846283, 9140.323242> ... Lifespan: Set to 60 minutes.
[AirdropContainerFall] Loot Spawned [5] FirefighterAxe @ <8811.288086, 381.451660, 9131.974609> ... Lifespan: Set to 60 minutes.
[AirdropContainerFall] Loot Spawned [6] Battery9V @ <8822.333008, 381.665894, 9141.022461> ... Lifespan: Set to 60 minutes.
[AirdropContainerFall] Loot Spawned [7] Binoculars @ <8811.769531, 381.707886, 9135.896484> ... Lifespan: Set to 60 minutes.
[AirdropContainerFall] Loot Spawned [8] Chemlight_White @ <8811.404297, 381.529724, 9133.124023> ... Lifespan: Set to 60 minutes.
[AirdropContainerFall] Loot Spawned [9] PortableGasLamp @ <8827.827148, 381.237640, 9137.291016> ... Lifespan: Set to 60 minutes.
[AirdropContainerFall] Loot Spawned [10] PersonalRadio @ <8824.057617, 380.265350, 9123.015625> ... Lifespan: Set to 60 minutes.
[AirdropContainerFall] Loot Spawned [11] BatteryCharger @ <8829.630859, 380.768188, 9131.612305> ... Lifespan: Set to 60 minutes.
[AirdropContainerFall] Loot Spawned [12] BatteryCharger @ <8815.108398, 381.851746, 9140.020508> ... Lifespan: Set to 60 minutes.
[AirdropContainerFall] Loot Spawned [13] Chemlight_Green @ <8817.856445, 381.825958, 9141.117188> ... Lifespan: Set to 60 minutes.
[AirdropContainerFall] Loot Spawned [14] OrienteeringCompass @ <8828.279297, 381.166840, 9136.435547> ... Lifespan: Set to 60 minutes.
[AirdropContainerFall] Loot Spawned [15] BatteryCharger @ <8827.610352, 380.311584, 9125.052734> ... Lifespan: Set to 60 minutes.
[AirdropContainerFall] Loot Spawned [16] FirefighterAxe @ <8817.955078, 381.786530, 9140.579102> ... Lifespan: Set to 60 minutes.
[AirdropContainerFall] Loot Spawned [17] WeaponCleaningKit @ <8810.977539, 381.477539, 9132.161133> ... Lifespan: Set to 60 minutes.
[AirdropContainerFall] Loot Spawned [18] Lockpick @ <8819.869141, 381.795776, 9141.751953> ... Lifespan: Set to 60 minutes.
[AirdropContainerFall] Loot Spawned [19] PortableGasLamp @ <8818.570313, 381.796906, 9141.066406> ... Lifespan: Set to 60 minutes.
[AirdropContainerFall] Loot Spawned [20] ChernarusMap @ <8817.341797, 380.531219, 9123.047852> ... Lifespan: Set to 60 minutes.
[AirdropContainerUnstuck] Container was unstuck.
[~AirdropContainerBase] Container Destroyed on 2021-04-30 @ 23-44-09
