[AirdropPlane] Aircraft created on 2021-04-04 @ 19-08-19
[InitializeAircraft] Aircraft Initialized: Veresnik @ 4000/7850 (true)
[EOnBeforeDrop] The Aircraft is 1 Km from Veresnik. @ <2509.047852, 504.033264, 7693.437988>
[EOnDrop] Zombie Spawned [1] ZmbM_MotobikerFat_Blue @ <3918.723877, 298.682312, 7854.451172> ... Lifespan:  Set to 30 minutes.
[EOnDrop] Zombie Spawned [2] ZmbM_FarmerFat_Brown @ <3886.795898, 298.950287, 7844.606445> ... Lifespan:  Set to 30 minutes.
[EOnDrop] Zombie Spawned [3] ZmbF_MilkMaidOld_Grey @ <3942.644531, 297.803925, 7831.314941> ... Lifespan:  Set to 30 minutes.
[EOnDrop] Zombie Spawned [4] ZmbM_VillagerOld_Green @ <3867.117432, 299.506134, 7861.973633> ... Lifespan:  Set to 30 minutes.
[EOnDrop] Zombie Spawned [5] ZmbF_SurvivorNormal_White @ <3900.432129, 298.296143, 7829.783691> ... Lifespan:  Set to 30 minutes.
[EOnDrop] Zombie Spawned [6] ZmbM_HunterOld_Winter @ <3941.527344, 297.056244, 7805.698242> ... Lifespan:  Set to 30 minutes.
[EOnDrop] Zombie Spawned [7] ZmbM_HermitSkinny_Red @ <3923.170654, 297.698639, 7820.846191> ... Lifespan:  Set to 30 minutes.
[EOnDrop] Zombie Spawned [8] ZmbM_HunterOld_Winter @ <3906.128418, 298.764679, 7849.377930> ... Lifespan:  Set to 30 minutes.
[EOnDrop] Zombie Spawned [9] ZmbF_SurvivorNormal_Orange @ <3937.008057, 298.754028, 7867.477051> ... Lifespan:  Set to 30 minutes.
[EOnDrop] Zombie Spawned [10] ZmbM_HunterOld_Spring @ <3926.914795, 296.925903, 7798.592285> ... Lifespan:  Set to 30 minutes.
[EOnDrop] Zombie Spawned [11] ZmbM_FarmerFat_Beige @ <3902.579346, 298.278748, 7830.325195> ... Lifespan:  Set to 30 minutes.
[EOnDrop] Zombie Spawned [12] ZmbM_HermitSkinny_Green @ <3872.671631, 299.003662, 7839.963867> ... Lifespan:  Set to 30 minutes.
[EOnDrop] Zombie Spawned [13] ZmbM_HunterOld_Spring @ <3934.716553, 298.580017, 7858.928711> ... Lifespan:  Set to 30 minutes.
[EOnDrop] Zombie Spawned [14] ZmbM_HikerSkinny_Yellow @ <3925.633789, 296.839386, 7795.759277> ... Lifespan:  Set to 30 minutes.
[EOnDrop] Zombie Spawned [15] ZmbF_HikerSkinny_Blue @ <3936.611084, 298.947601, 7876.263184> ... Lifespan:  Set to 30 minutes.
[EOnDrop] Zombie Spawned [16] ZmbF_VillagerOld_Red @ <3905.592773, 299.322968, 7875.685059> ... Lifespan:  Set to 30 minutes.
[EOnDrop] Zombie Spawned [17] ZmbF_MilkMaidOld_Beige @ <3947.631836, 297.908844, 7837.100586> ... Lifespan:  Set to 30 minutes.
[EOnDrop] Zombie Spawned [18] ZmbF_SurvivorNormal_Orange @ <3884.695313, 298.438690, 7826.576660> ... Lifespan:  Set to 30 minutes.
[EOnDrop] Zombie Spawned [19] ZmbF_HikerSkinny_Red @ <3922.802002, 297.704559, 7820.920410> ... Lifespan:  Set to 30 minutes.
[EOnDrop] Zombie Spawned [20] ZmbM_HunterOld_Summer @ <3913.251465, 299.383575, 7885.211426> ... Lifespan:  Set to 30 minutes.
[EOnDrop] Zombie Spawned [21] ZmbF_MilkMaidOld_Grey @ <3920.028076, 298.201477, 7836.424805> ... Lifespan:  Set to 30 minutes.
[EOnDrop] Zombie Spawned [22] ZmbM_HikerSkinny_Yellow @ <3901.492920, 297.975830, 7820.271484> ... Lifespan:  Set to 30 minutes.
[EOnDrop] Zombie Spawned [23] ZmbF_VillagerOld_Green @ <3888.467285, 298.427155, 7828.062988> ... Lifespan:  Set to 30 minutes.
[EOnDrop] Zombie Spawned [24] ZmbM_HikerSkinny_Yellow @ <3860.739990, 299.135590, 7840.063477> ... Lifespan:  Set to 30 minutes.
[EOnDrop] Spawn failed for zombie [25] 'ZmbM_SurvivorDean_Grey', it does not exist in DayZ!
[EOnDrop] Drop spawned with 25 infected at <3907.603027, 441.132813, 7840.804199>.
[EOnDrop] Supplies have been dropped near Veresnik.
[EOnBeforeDelete] Aircraft despawned @ <16360.467773, 152.000610, 9152.747070>
[~AirdropPlane] Aircraft destroyed.
