[InitializeContainer] Container created on 2021-04-30 @ 22-06-25
[InitializeContainer] Winds: Vector <-16.075073, 0.000000, 9.183017>, Speed 18.5131mps, Strength 0.1
[AirdropContainerFall] Drop Type 'Misc. Tools', Container: 'RANDOM', Mode/Quantity/Iems: Random/20/50, Flare:  10%
[AirdropContainerFall] Loot Spawned [1] Chemlight_Yellow @ <4582.480957, 339.001007, 10383.131836> ... Lifespan: Set to 60 minutes.
[AirdropContainerFall] Loot Spawned [2] CombatKnife @ <4586.318848, 339.001007, 10385.854492> ... Lifespan: Set to 60 minutes.
[AirdropContainerFall] Loot Spawned [3] LeatherSewingKit @ <4573.574707, 339.001007, 10384.514648> ... Lifespan: Set to 60 minutes.
[AirdropContainerFall] Loot Spawned [4] CombatKnife @ <4588.661133, 339.001007, 10395.839844> ... Lifespan: Set to 60 minutes.
[AirdropContainerFall] Loot Spawned [5] SteakKnife @ <4589.176758, 339.001007, 10390.601563> ... Lifespan: Set to 60 minutes.
[AirdropContainerFall] Loot Spawned [6] WoodAxe @ <4585.011719, 339.001007, 10400.584961> ... Lifespan: Set to 60 minutes.
[AirdropContainerFall] Loot Spawned [7] Hatchet @ <4588.942871, 339.001007, 10391.823242> ... Lifespan: Set to 60 minutes.
[AirdropContainerFall] Loot Spawned [8] ElectronicRepairKit @ <4588.510254, 339.001007, 10395.091797> ... Lifespan: Set to 60 minutes.
[AirdropContainerFall] Loot Spawned [9] Spotlight @ <4580.747070, 339.001007, 10401.487305> ... Lifespan: Set to 60 minutes.
[AirdropContainerFall] Loot Spawned [10] PortableGasStove @ <4570.906738, 339.001007, 10395.302734> ... Lifespan: Set to 60 minutes.
[AirdropContainerFall] Loot Spawned [11] Hacksaw @ <4570.265137, 339.001007, 10393.570313> ... Lifespan: Set to 60 minutes.
[AirdropContainerFall] Loot Spawned [12] LugWrench @ <4578.917480, 339.001007, 10382.482422> ... Lifespan: Set to 60 minutes.
[AirdropContainerFall] Loot Spawned [13] CombatKnife @ <4570.274902, 339.001007, 10394.286133> ... Lifespan: Set to 60 minutes.
[AirdropContainerFall] Loot Spawned [14] Wrench @ <4588.545410, 339.001007, 10394.622070> ... Lifespan: Set to 60 minutes.
[AirdropContainerFall] Loot Spawned [15] Battery9V @ <4589.320801, 339.001007, 10392.791992> ... Lifespan: Set to 60 minutes.
[AirdropContainerFall] Loot Spawned [16] Spotlight @ <4584.360840, 339.001007, 10383.942383> ... Lifespan: Set to 60 minutes.
[AirdropContainerFall] Loot Spawned [17] ElectronicRepairKit @ <4570.488281, 339.001007, 10394.443359> ... Lifespan: Set to 60 minutes.
[AirdropContainerFall] Loot Spawned [18] ElectronicRepairKit @ <4577.905762, 339.001007, 10401.445313> ... Lifespan: Set to 60 minutes.
[AirdropContainerFall] Loot Spawned [19] KitchenKnife @ <4571.169434, 339.001007, 10386.993164> ... Lifespan: Set to 60 minutes.
[AirdropContainerFall] Loot Spawned [20] LeatherSewingKit @ <4588.657227, 339.001007, 10391.812500> ... Lifespan: Set to 60 minutes.
[AirdropContainerUnstuck] Container was unstuck.
[~AirdropContainerBase] Container Destroyed on 2021-04-30 @ 22-36-25
