[InitializeContainer] Container created on 2021-03-15 @ 17-25-51
[InitializeContainer] Winds: Vector <11.215036, 0.000000, 1.029176>, Speed 11.2622mps, Strength 0.1
[AirdropContainerFall] Drop Type 'Military East', Container: 'AirdropContainer_Military', Mode/Quantity/Iems: Random/20/33, Flare:  10%
[AirdropContainerFall] Loot Spawned [1] GorkaEJacket_Flat @ <5510.982910, 310.677216, 7659.152344> ... Lifespan: Set to 60 minutes.
[AirdropContainerFall] Loot Spawned [2] GorkaEJacket_Summer @ <5512.561035, 310.672363, 7659.293945> ... Lifespan: Set to 60 minutes.
[AirdropContainerFall] Loot Spawned [3] TTSKOPants @ <5513.735352, 310.708313, 7658.117676> ... Lifespan: Set to 60 minutes.
[AirdropContainerFall] Loot Spawned [4] Binoculars @ <5511.898926, 310.541962, 7654.415527> ... Lifespan: Set to 60 minutes.
[AirdropContainerFall] Loot Spawned [5] UniversalLight @ <5513.433594, 310.712860, 7658.936523> ... Lifespan: Set to 60 minutes.
[AirdropContainerFall] Loot Spawned [6] UniversalLight @ <5510.618652, 310.665863, 7658.687012> ... Lifespan: Set to 60 minutes.
[AirdropContainerFall] Loot Spawned [7] GorkaPants_Flat @ <5508.710938, 310.570343, 7654.841797> ... Lifespan: Set to 60 minutes.
[AirdropContainerFall] Loot Spawned [8] AKM @ <5510.936035, 310.557709, 7654.812988> ... Lifespan: Set to 60 minutes.
[AirdropContainerFall] Loot Spawned [9] GorkaEJacket_Flat @ <5511.264160, 310.513977, 7653.238770> ... Lifespan: Set to 60 minutes.
[AirdropContainerFall] Loot Spawned [10] AmmoBox_762x39_20Rnd @ <5508.261230, 310.618927, 7656.573730> ... Lifespan: Set to 60 minutes.
[AirdropContainerFall] Loot Spawned [11] AK101 @ <5512.696777, 310.641449, 7657.842773> ... Lifespan: Set to 60 minutes.
[AirdropContainerFall] Loot Spawned [12] AK_Bayonet @ <5509.322266, 310.637817, 7657.495605> ... Lifespan: Set to 60 minutes.
[AirdropContainerFall] Loot Spawned [13] TTSKOPants @ <5510.811523, 310.663177, 7658.630859> ... Lifespan: Set to 60 minutes.
[AirdropContainerFall] Loot Spawned [14] TTSKOPants @ <5510.023926, 310.615967, 7656.814941> ... Lifespan: Set to 60 minutes.
[AirdropContainerFall] Loot Spawned [15] GorkaPants_Autumn @ <5513.734375, 310.639130, 7655.153809> ... Lifespan: Set to 60 minutes.
[AirdropContainerFall] Loot Spawned [16] Battery9V @ <5509.570313, 310.653076, 7658.060059> ... Lifespan: Set to 60 minutes.
[AirdropContainerFall] Loot Spawned [17] GorkaPants_Summer @ <5511.090820, 310.541138, 7654.222656> ... Lifespan: Set to 60 minutes.
[AirdropContainerFall] Loot Spawned [18] GorkaEJacket_PautRev @ <5514.823730, 310.756958, 7657.601074> ... Lifespan: Set to 60 minutes.
[AirdropContainerFall] Loot Spawned [19] AmmoBox_762x39_20Rnd @ <5509.852051, 310.559692, 7654.670410> ... Lifespan: Set to 60 minutes.
[AirdropContainerFall] Loot Spawned [20] GorkaPants_PautRev @ <5513.666016, 310.653564, 7655.862793> ... Lifespan: Set to 60 minutes.
[AirdropContainerUnstuck] Container was unstuck.
[~AirdropContainerBase] Container Destroyed on 2021-03-15 @ 17-50-51
