[InitializeContainer] Container created on 2021-04-12 @ 23-37-17
[InitializeContainer] Winds: Vector <10.681523, 0.000000, -1.012089>, Speed 10.7294mps, Strength 0.1
[AirdropContainerFall] Drop Type 'Military East', Container: 'AirdropContainer_Military', Mode/Quantity/Iems: Random/20/33, Flare:  10%
[AirdropContainerFall] Loot Spawned [1] AmmoBox_762x39_20Rnd @ <8632.625977, 104.748528, 12770.060547> ... Lifespan: Set to 30 minutes.
[AirdropContainerFall] Loot Spawned [2] GorkaPants_Autumn @ <8635.519531, 104.672104, 12767.459961> ... Lifespan: Set to 30 minutes.
[AirdropContainerFall] Loot Spawned [3] Battery9V @ <8633.549805, 104.605850, 12767.776367> ... Lifespan: Set to 30 minutes.
[AirdropContainerFall] Loot Spawned [4] AK_Bayonet @ <8636.421875, 104.851067, 12769.810547> ... Lifespan: Set to 30 minutes.
[AirdropContainerFall] Loot Spawned [5] GorkaPants_Summer @ <8634.450195, 104.949036, 12773.207031> ... Lifespan: Set to 30 minutes.
[AirdropContainerFall] Loot Spawned [6] GorkaEJacket_Autumn @ <8633.033203, 104.943329, 12772.723633> ... Lifespan: Set to 30 minutes.
[AirdropContainerFall] Loot Spawned [7] AK_PlasticBttstck @ <8634.406250, 104.930351, 12772.078125> ... Lifespan: Set to 30 minutes.
[AirdropContainerFall] Loot Spawned [8] Binoculars @ <8632.216797, 104.519669, 12767.481445> ... Lifespan: Set to 30 minutes.
[AirdropContainerFall] Loot Spawned [9] TacticalGloves_Beige @ <8636.847656, 104.827660, 12769.153320> ... Lifespan: Set to 30 minutes.
[AirdropContainerFall] Loot Spawned [10] TacticalGloves_Green @ <8636.524414, 104.832092, 12769.294922> ... Lifespan: Set to 30 minutes.
[AirdropContainerFall] Loot Spawned [11] AK101 @ <8633.057617, 104.608154, 12768.086914> ... Lifespan: Set to 30 minutes.
[AirdropContainerFall] Loot Spawned [12] GorkaPants_Autumn @ <8636.557617, 104.886597, 12770.752930> ... Lifespan: Set to 30 minutes.
[AirdropContainerFall] Loot Spawned [13] AK101 @ <8637.786133, 104.835968, 12769.308594> ... Lifespan: Set to 30 minutes.
[AirdropContainerFall] Loot Spawned [14] AK_RailHndgrd @ <8637.659180, 104.835670, 12769.309570> ... Lifespan: Set to 30 minutes.
[AirdropContainerFall] Loot Spawned [15] TTsKOJacket_Camo @ <8633.331055, 104.854622, 12770.959961> ... Lifespan: Set to 30 minutes.
[AirdropContainerFall] Loot Spawned [16] AKM @ <8636.486328, 104.830902, 12769.265625> ... Lifespan: Set to 30 minutes.
[AirdropContainerFall] Loot Spawned [17] TacticalGloves_Beige @ <8636.543945, 104.901268, 12771.146484> ... Lifespan: Set to 30 minutes.
[AirdropContainerFall] Loot Spawned [18] TacticalGloves_Beige @ <8632.344727, 104.645988, 12768.960938> ... Lifespan: Set to 30 minutes.
[AirdropContainerFall] Loot Spawned [19] GorkaEJacket_Summer @ <8634.556641, 104.683975, 12768.159180> ... Lifespan: Set to 30 minutes.
[AirdropContainerFall] Loot Spawned [20] TTsKOJacket_Camo @ <8633.750000, 104.637474, 12768.049805> ... Lifespan: Set to 30 minutes.
[AirdropContainerUnstuck] Container was unstuck.
[~AirdropContainerBase] Container Destroyed on 2021-04-13 @ 00-02-17
