[InitializeContainer] Container created on 2021-03-17 @ 09-27-09
[InitializeContainer] Winds: Vector <4.772173, 0.000000, -6.746483>, Speed 8.2637mps, Strength 0.1
[AirdropContainerFall] Drop Type 'Misc. Tools', Container: 'RANDOM', Mode/Quantity/Iems: Random/30/54, Flare:  10%
[AirdropContainerFall] Loot Spawned [1] Chemlight_Red @ <12157.721680, 140.001007, 12556.804688> ... Lifespan: Set to 30 minutes.
[AirdropContainerFall] Loot Spawned [2] CanOpener @ <12156.706055, 140.001007, 12560.527344> ... Lifespan: Set to 30 minutes.
[AirdropContainerFall] Loot Spawned [3] PortableGasStove @ <12152.427734, 140.001007, 12558.667969> ... Lifespan: Set to 30 minutes.
[AirdropContainerFall] Loot Spawned [4] Chemlight_White @ <12154.080078, 140.001007, 12556.412109> ... Lifespan: Set to 30 minutes.
[AirdropContainerFall] Loot Spawned [5] HuntingKnife @ <12156.235352, 140.001007, 12559.949219> ... Lifespan: Set to 30 minutes.
[AirdropContainerFall] Loot Spawned [6] CableReel @ <12156.641602, 140.001007, 12556.200195> ... Lifespan: Set to 30 minutes.
[AirdropContainerFall] Loot Spawned [7] Flashlight @ <12152.297852, 140.001007, 12558.624023> ... Lifespan: Set to 30 minutes.
[AirdropContainerFall] Loot Spawned [8] CanOpener @ <12153.881836, 140.001007, 12560.127930> ... Lifespan: Set to 30 minutes.
[AirdropContainerFall] Loot Spawned [9] Heatpack @ <12153.705078, 140.001007, 12561.372070> ... Lifespan: Set to 30 minutes.
[AirdropContainerFall] Loot Spawned [10] CanOpener @ <12153.953125, 140.001007, 12556.596680> ... Lifespan: Set to 30 minutes.
[AirdropContainerFall] Loot Spawned [11] Screwdriver @ <12157.507813, 140.001007, 12557.142578> ... Lifespan: Set to 30 minutes.
[AirdropContainerFall] Loot Spawned [12] Pliers @ <12157.061523, 140.001007, 12557.815430> ... Lifespan: Set to 30 minutes.
[AirdropContainerFall] Loot Spawned [13] Screwdriver @ <12155.642578, 140.001007, 12560.442383> ... Lifespan: Set to 30 minutes.
[AirdropContainerFall] Loot Spawned [14] Chemlight_Yellow @ <12155.254883, 140.001007, 12555.929688> ... Lifespan: Set to 30 minutes.
[AirdropContainerFall] Loot Spawned [15] KOD_DVL10 @ <12152.128906, 140.001007, 12558.707031> ... Lifespan: Set to 30 minutes.
[AirdropContainerFall] Loot Spawned [16] Hacksaw @ <12156.507813, 140.001007, 12560.742188> ... Lifespan: Set to 30 minutes.
[AirdropContainerFall] Loot Spawned [17] WoodAxe @ <12151.707031, 140.001007, 12559.841797> ... Lifespan: Set to 30 minutes.
[AirdropContainerFall] Loot Spawned [18] SledgeHammer @ <12157.073242, 140.001007, 12558.817383> ... Lifespan: Set to 30 minutes.
[AirdropContainerFall] Loot Spawned [19] Hatchet @ <12157.954102, 140.001007, 12557.702148> ... Lifespan: Set to 30 minutes.
[AirdropContainerFall] Loot Spawned [20] AKM @ <12156.744141, 140.001007, 12555.880859> ... Lifespan: Set to 30 minutes.
[AirdropContainerFall] Loot Spawned [21] Megaphone @ <12155.169922, 140.001007, 12556.149414> ... Lifespan: Set to 30 minutes.
[AirdropContainerFall] Loot Spawned [22] Hacksaw @ <12153.768555, 140.001007, 12555.549805> ... Lifespan: Set to 30 minutes.
[AirdropContainerFall] Loot Spawned [23] Hatchet @ <12153.121094, 140.001007, 12560.397461> ... Lifespan: Set to 30 minutes.
[AirdropContainerFall] Loot Spawned [24] Pliers @ <12156.005859, 140.001007, 12557.005859> ... Lifespan: Set to 30 minutes.
[AirdropContainerFall] Loot Spawned [25] Pliers @ <12156.342773, 140.001007, 12558.583984> ... Lifespan: Set to 30 minutes.
[AirdropContainerFall] Loot Spawned [26] Megaphone @ <12153.229492, 140.001007, 12559.997070> ... Lifespan: Set to 30 minutes.
[AirdropContainerFall] Loot Spawned [27] Wrench @ <12153.883789, 140.001007, 12560.272461> ... Lifespan: Set to 30 minutes.
[AirdropContainerFall] Loot Spawned [28] Whetstone @ <12156.270508, 140.001007, 12555.702148> ... Lifespan: Set to 30 minutes.
[AirdropContainerFall] Loot Spawned [29] Spotlight @ <12155.421875, 140.001007, 12555.190430> ... Lifespan: Set to 30 minutes.
[AirdropContainerFall] Loot Spawned [30] Hatchet @ <12156.231445, 140.001007, 12558.000977> ... Lifespan: Set to 30 minutes.
[AirdropContainerUnstuck] Container was unstuck.
[~AirdropContainerBase] Container Destroyed on 2021-03-17 @ 09-52-09
