[AirdropPlane] Aircraft created on 2021-03-17 @ 20-33-35
[InitializeAircraft] Aircraft Initialized: Skalisty Island @ 13575/3055 (true)
[EOnBeforeDrop] The Aircraft is 1 Km from Skalisty Island. @ <13228.367188, 241.058472, 4512.671875>
[EOnDrop] Zombie Spawned [1] ZmbM_MotobikerFat_Beige @ <13571.158203, 37.364750, 3174.474121> ... Lifespan:  Set to 30 minutes.
[EOnDrop] Zombie Spawned [2] ZmbM_priestPopSkinny @ <13561.628906, 40.683289, 3137.381348> ... Lifespan:  Set to 30 minutes.
[EOnDrop] Zombie Spawned [3] ZmbM_VillagerOld_White @ <13518.296875, 31.397095, 3143.574707> ... Lifespan:  Set to 30 minutes.
[EOnDrop] Zombie Spawned [4] ZmbM_VillagerOld_White @ <13513.819336, 25.396515, 3115.770996> ... Lifespan:  Set to 30 minutes.
[EOnDrop] Zombie Spawned [5] ZmbM_HunterOld_Spring @ <13556.332031, 41.687698, 3120.357178> ... Lifespan:  Set to 30 minutes.
[EOnDrop] Zombie Spawned [6] ZmbF_VillagerOld_Blue @ <13549.091797, 39.892479, 3142.480713> ... Lifespan:  Set to 30 minutes.
[EOnDrop] Zombie Spawned [7] ZmbM_HikerSkinny_Green @ <13559.503906, 40.625839, 3140.339355> ... Lifespan:  Set to 30 minutes.
[EOnDrop] Spawn failed for zombie [8] 'ZmbM_SurvivorDean_Grey', it does not exist in DayZ!
[EOnDrop] Zombie Spawned [9] ZmbM_HunterOld_Summer @ <13600.928711, 36.036789, 3150.305420> ... Lifespan:  Set to 30 minutes.
[EOnDrop] Zombie Spawned [10] ZmbM_HunterOld_Spring @ <13594.235352, 41.201378, 3123.594727> ... Lifespan:  Set to 30 minutes.
[EOnDrop] Zombie Spawned [11] ZmbM_HikerSkinny_Green @ <13583.616211, 40.307648, 3143.760254> ... Lifespan:  Set to 30 minutes.
[EOnDrop] Zombie Spawned [12] ZmbM_HermitSkinny_Black @ <13535.882813, 36.499069, 3141.712891> ... Lifespan:  Set to 30 minutes.
[EOnDrop] Zombie Spawned [13] ZmbF_VillagerOld_Red @ <13552.049805, 40.987904, 3174.916504> ... Lifespan:  Set to 30 minutes.
[EOnDrop] Zombie Spawned [14] ZmbF_SurvivorNormal_Red @ <13534.807617, 34.411411, 3134.645264> ... Lifespan:  Set to 30 minutes.
[EOnDrop] Zombie Spawned [15] ZmbM_HikerSkinny_Blue @ <13524.311523, 38.030388, 3161.704102> ... Lifespan:  Set to 30 minutes.
[EOnDrop] Spawn failed for zombie [16] 'ZmbM_SurvivorDean_Grey', it does not exist in DayZ!
[EOnDrop] Zombie Spawned [17] ZmbF_MilkMaidOld_Black @ <13554.300781, 40.210167, 3151.031250> ... Lifespan:  Set to 30 minutes.
[EOnDrop] Zombie Spawned [18] ZmbF_SurvivorNormal_White @ <13542.571289, 39.857735, 3152.656982> ... Lifespan:  Set to 30 minutes.
[EOnDrop] Zombie Spawned [19] ZmbM_HunterOld_Spring @ <13510.046875, 28.964546, 3143.354492> ... Lifespan:  Set to 30 minutes.
[EOnDrop] Zombie Spawned [20] ZmbM_FarmerFat_Beige @ <13519.493164, 31.759335, 3143.715820> ... Lifespan:  Set to 30 minutes.
[EOnDrop] Zombie Spawned [21] ZmbM_MotobikerFat_Black @ <13562.336914, 40.691681, 3142.421875> ... Lifespan:  Set to 30 minutes.
[EOnDrop] Zombie Spawned [22] ZmbM_HunterOld_Autumn @ <13588.188477, 38.996460, 3149.895508> ... Lifespan:  Set to 30 minutes.
[EOnDrop] Zombie Spawned [23] ZmbM_HikerSkinny_Blue @ <13539.889648, 37.711002, 3140.821045> ... Lifespan:  Set to 30 minutes.
[EOnDrop] Zombie Spawned [24] ZmbM_HikerSkinny_Green @ <13551.310547, 33.240643, 3090.773926> ... Lifespan:  Set to 30 minutes.
[EOnDrop] Zombie Spawned [25] ZmbM_HermitSkinny_Red @ <13558.935547, 40.814510, 3131.122559> ... Lifespan:  Set to 30 minutes.
[EOnDrop] Drop spawned with 25 infected at <13555.497070, 187.806961, 3136.865234>.
[EOnDrop] Supplies have been dropped near Skalisty Island.
[EOnBeforeDelete] Aircraft despawned @ <14539.564453, 152.000610, -1001.619080>
[~AirdropPlane] Aircraft destroyed.
