[InitializeContainer] Container created on 2021-03-10 @ 13-00-30
[InitializeContainer] Winds: Vector <-3.022357, 0.000000, -1.699228>, Speed 3.46728mps, Strength 0.1
[AirdropContainerFall] Drop Type 'Misc. Tools', Container: 'RANDOM', Mode/Quantity/Iems: Random/20/50, Flare:  10%
[AirdropContainerFall] Loot Spawned [1] FirefighterAxe @ <4566.501953, 340.650269, 10313.909180> ... Lifespan: Set to 60 minutes.
[AirdropContainerFall] Loot Spawned [2] Flashlight @ <4561.301270, 341.029694, 10311.048828> ... Lifespan: Set to 60 minutes.
[AirdropContainerFall] Loot Spawned [3] CombatKnife @ <4565.087402, 340.858612, 10310.890625> ... Lifespan: Set to 60 minutes.
[AirdropContainerFall] Loot Spawned [4] ChernarusMap @ <4562.837402, 340.812866, 10314.084961> ... Lifespan: Set to 60 minutes.
[AirdropContainerFall] Loot Spawned [5] PersonalRadio @ <4564.396973, 340.886047, 10311.060547> ... Lifespan: Set to 60 minutes.
[AirdropContainerFall] Loot Spawned [6] Lockpick @ <4561.416016, 340.971039, 10312.707031> ... Lifespan: Set to 60 minutes.
[AirdropContainerFall] Loot Spawned [7] Heatpack @ <4564.070313, 340.939880, 10309.683594> ... Lifespan: Set to 60 minutes.
[AirdropContainerFall] Loot Spawned [8] Spotlight @ <4565.703125, 340.748474, 10313.044922> ... Lifespan: Set to 60 minutes.
[AirdropContainerFall] Loot Spawned [9] Chemlight_Blue @ <4563.227539, 340.790527, 10314.147461> ... Lifespan: Set to 60 minutes.
[AirdropContainerFall] Loot Spawned [10] Shovel @ <4563.356445, 340.962585, 10310.061523> ... Lifespan: Set to 60 minutes.
[AirdropContainerFall] Loot Spawned [11] Matchbox @ <4566.099121, 340.724213, 10313.131836> ... Lifespan: Set to 60 minutes.
[AirdropContainerFall] Loot Spawned [12] Hammer @ <4564.292480, 340.889343, 10311.117188> ... Lifespan: Set to 60 minutes.
[AirdropContainerFall] Loot Spawned [13] LugWrench @ <4564.906250, 340.878601, 10310.478516> ... Lifespan: Set to 60 minutes.
[AirdropContainerFall] Loot Spawned [14] Chemlight_Yellow @ <4565.547852, 340.864594, 10309.909180> ... Lifespan: Set to 60 minutes.
[AirdropContainerFall] Loot Spawned [15] Matchbox @ <4565.402832, 340.684357, 10314.216797> ... Lifespan: Set to 60 minutes.
[AirdropContainerFall] Loot Spawned [16] Battery9V @ <4563.320801, 340.693390, 10315.539063> ... Lifespan: Set to 60 minutes.
[AirdropContainerFall] Loot Spawned [17] Chemlight_Blue @ <4565.117188, 340.700745, 10314.170898> ... Lifespan: Set to 60 minutes.
[AirdropContainerFall] Loot Spawned [18] Pickaxe @ <4562.511230, 340.805756, 10314.419922> ... Lifespan: Set to 60 minutes.
[AirdropContainerFall] Loot Spawned [19] Chemlight_White @ <4564.012695, 340.702545, 10314.916992> ... Lifespan: Set to 60 minutes.
[AirdropContainerFall] Loot Spawned [20] FirefighterAxe @ <4564.315918, 340.747833, 10314.025391> ... Lifespan: Set to 60 minutes.
[AirdropContainerUnstuck] Container was unstuck.
[~AirdropContainerBase] Container Destroyed on 2021-03-10 @ 13-25-30
