[InitializeContainer] Container created on 2021-04-11 @ 12-52-42
[InitializeContainer] Winds: Vector <7.174497, 0.000000, 11.966932>, Speed 13.9528mps, Strength 0.1
[AirdropContainerFall] Drop Type 'Misc. Food', Container: 'RANDOM', Mode/Quantity/Iems: Random/29/30, Flare:  10%
[AirdropContainerFall] Loot Spawned [1] SodaCan_Pipsi @ <13518.445313, 26.508764, 3091.399658> ... Lifespan: Set to 30 minutes.
[AirdropContainerFall] Loot Spawned [2] SambucusBerry @ <13517.575195, 26.306564, 3096.527344> ... Lifespan: Set to 30 minutes.
[AirdropContainerFall] Loot Spawned [3] SodaCan_Cola @ <13515.836914, 25.993708, 3092.181885> ... Lifespan: Set to 30 minutes.
[AirdropContainerFall] Loot Spawned [4] TunaCan @ <13519.930664, 26.786930, 3096.727295> ... Lifespan: Set to 30 minutes.
[AirdropContainerFall] Loot Spawned [5] SambucusBerry @ <13518.581055, 26.511635, 3096.395508> ... Lifespan: Set to 30 minutes.
[AirdropContainerFall] Loot Spawned [6] AK101 @ <13515.645508, 25.912857, 3096.961914> ... Lifespan: Set to 30 minutes.
[AirdropContainerFall] Loot Spawned [7] Apple @ <13520.924805, 26.989759, 3095.676270> ... Lifespan: Set to 30 minutes.
[AirdropContainerFall] Loot Spawned [8] BakedBeansCan @ <13515.913086, 25.994724, 3093.657715> ... Lifespan: Set to 30 minutes.
[AirdropContainerFall] Loot Spawned [9] Pumpkin @ <13514.994141, 25.823740, 3092.757813> ... Lifespan: Set to 30 minutes.
[AirdropContainerFall] Loot Spawned [10] TacticalBaconCan @ <13517.666016, 26.360426, 3091.042969> ... Lifespan: Set to 30 minutes.
[AirdropContainerFall] Loot Spawned [11] PowderedMilk @ <13520.090820, 26.819614, 3095.179443> ... Lifespan: Set to 30 minutes.
[AirdropContainerFall] Loot Spawned [12] AKM @ <13516.171875, 26.037668, 3094.460693> ... Lifespan: Set to 30 minutes.
[AirdropContainerFall] Loot Spawned [13] SodaCan_Pipsi @ <13520.519531, 26.907207, 3092.800537> ... Lifespan: Set to 30 minutes.
[AirdropContainerFall] Loot Spawned [14] Lard @ <13519.649414, 26.729591, 3094.510010> ... Lifespan: Set to 30 minutes.
[AirdropContainerFall] Loot Spawned [15] BoxCerealCrunchin @ <13515.246094, 25.836243, 3096.736816> ... Lifespan: Set to 30 minutes.
[AirdropContainerFall] Loot Spawned [16] Canteen @ <13515.954102, 26.010756, 3092.799561> ... Lifespan: Set to 30 minutes.
[AirdropContainerFall] Loot Spawned [17] TunaCan @ <13516.953125, 26.201811, 3093.162354> ... Lifespan: Set to 30 minutes.
[AirdropContainerFall] Loot Spawned [18] BakedBeansCan @ <13519.541992, 26.707741, 3095.232178> ... Lifespan: Set to 30 minutes.
[AirdropContainerFall] Loot Spawned [19] SambucusBerry @ <13520.682617, 26.940453, 3095.954834> ... Lifespan: Set to 30 minutes.
[AirdropContainerFall] Loot Spawned [20] SambucusBerry @ <13516.688477, 26.126230, 3095.741699> ... Lifespan: Set to 30 minutes.
[AirdropContainerFall] Loot Spawned [21] Zucchini @ <13518.206055, 26.435246, 3097.110107> ... Lifespan: Set to 30 minutes.
[AirdropContainerFall] Loot Spawned [22] SpaghettiCan @ <13519.925781, 26.785995, 3094.326416> ... Lifespan: Set to 30 minutes.
[AirdropContainerFall] Loot Spawned [23] BakedBeansCan @ <13518.561523, 26.531260, 3091.414551> ... Lifespan: Set to 30 minutes.
[AirdropContainerFall] Loot Spawned [24] Canteen @ <13519.440430, 26.687010, 3096.940674> ... Lifespan: Set to 30 minutes.
[AirdropContainerFall] Loot Spawned [25] Pear @ <13520.017578, 26.804672, 3095.935791> ... Lifespan: Set to 30 minutes.
[AirdropContainerFall] Loot Spawned [26] Rice @ <13515.825195, 25.968540, 3094.630127> ... Lifespan: Set to 30 minutes.
[AirdropContainerFall] Loot Spawned [27] SodaCan_Cola @ <13516.402344, 26.095263, 3093.101807> ... Lifespan: Set to 30 minutes.
[AirdropContainerFall] Loot Spawned [28] PowderedMilk @ <13516.982422, 26.221281, 3091.687256> ... Lifespan: Set to 30 minutes.
[AirdropContainerFall] Loot Spawned [29] AK101 @ <13518.610352, 26.517611, 3096.400391> ... Lifespan: Set to 30 minutes.
[AirdropContainerUnstuck] Container was unstuck.
