[InitializeContainer] Container created on 2021-04-07 @ 11-11-36
[InitializeContainer] Winds: Vector <-1.771949, 0.000000, -5.283852>, Speed 5.57305mps, Strength 0.1
[AirdropContainerFall] Drop Type 'Military East', Container: 'AirdropContainer_Military', Mode/Quantity/Iems: Random/20/33, Flare:  10%
[AirdropContainerFall] Loot Spawned [1] WeaponCleaningKit @ <12371.081055, 27.487005, 9208.664063> ... Lifespan: Set to 30 minutes.
[AirdropContainerFall] Loot Spawned [2] UniversalLight @ <12367.181641, 28.169954, 9206.085938> ... Lifespan: Set to 30 minutes.
[AirdropContainerFall] Loot Spawned [3] Battery9V @ <12368.825195, 27.778231, 9207.940430> ... Lifespan: Set to 30 minutes.
[AirdropContainerFall] Loot Spawned [4] AKM @ <12367.750977, 28.030140, 9207.107422> ... Lifespan: Set to 30 minutes.
[AirdropContainerFall] Loot Spawned [5] TacticalGoggles @ <12366.885742, 28.315294, 9203.854492> ... Lifespan: Set to 30 minutes.
[AirdropContainerFall] Loot Spawned [6] KOD_M16A4 @ <12368.883789, 27.740084, 9208.776367> ... Lifespan: Set to 30 minutes.
[AirdropContainerFall] Loot Spawned [7] AK_Bayonet @ <12369.369141, 27.696800, 9207.401367> ... Lifespan: Set to 30 minutes.
[AirdropContainerFall] Loot Spawned [8] TTSKOPants @ <12369.872070, 27.828236, 9202.592773> ... Lifespan: Set to 30 minutes.
[AirdropContainerFall] Loot Spawned [9] Canteen @ <12371.296875, 27.384569, 9205.979492> ... Lifespan: Set to 30 minutes.
[AirdropContainerFall] Loot Spawned [10] TTsKOJacket_Camo @ <12369.236328, 27.967403, 9202.407227> ... Lifespan: Set to 30 minutes.
[AirdropContainerFall] Loot Spawned [11] AK_PlasticBttstck @ <12366.629883, 28.246056, 9205.987305> ... Lifespan: Set to 30 minutes.
[AirdropContainerFall] Loot Spawned [12] GorkaEJacket_Flat @ <12369.570313, 27.890270, 9202.542969> ... Lifespan: Set to 30 minutes.
[AirdropContainerFall] Loot Spawned [13] GorkaEJacket_Flat @ <12371.258789, 27.432468, 9207.708008> ... Lifespan: Set to 30 minutes.
[AirdropContainerFall] Loot Spawned [14] GorkaPants_Flat @ <12367.409180, 28.258682, 9203.623047> ... Lifespan: Set to 30 minutes.
[AirdropContainerFall] Loot Spawned [15] Battery9V @ <12369.307617, 27.702360, 9209.062500> ... Lifespan: Set to 30 minutes.
[AirdropContainerFall] Loot Spawned [16] TacticalGoggles @ <12372.652344, 27.171911, 9204.857422> ... Lifespan: Set to 30 minutes.
[AirdropContainerFall] Loot Spawned [17] AK101 @ <12368.527344, 28.016022, 9204.209961> ... Lifespan: Set to 30 minutes.
[AirdropContainerFall] Loot Spawned [18] AKM @ <12368.505859, 27.873627, 9207.266602> ... Lifespan: Set to 30 minutes.
[AirdropContainerFall] Loot Spawned [19] AK101 @ <12366.850586, 28.246479, 9205.384766> ... Lifespan: Set to 30 minutes.
[AirdropContainerFall] Loot Spawned [20] TacticalBaconCan @ <12366.781250, 28.242264, 9205.657227> ... Lifespan: Set to 30 minutes.
[AirdropContainerUnstuck] Container was unstuck.
[~AirdropContainerBase] Container Destroyed on 2021-04-07 @ 11-36-36
