[InitializeContainer] Container created on 2021-03-06 @ 20-37-57
[InitializeContainer] Winds: Vector <5.364390, 0.000000, -6.549494>, Speed 8.46596mps, Strength 0.1
[AirdropContainerFall] Drop Type 'Food/Medical', Container: 'AirdropContainer_Medical', Mode/Quantity/Iems: Random/20/11, Flare:  10%
[AirdropContainerFall] Loot Spawned [1] BoxCerealCrunchin @ <10784.243164, 6.050000, 2427.541016> ... Lifespan: Set to 60 minutes.
[AirdropContainerFall] Loot Spawned [2] Canteen @ <10783.640625, 6.050000, 2430.012695> ... Lifespan: Set to 60 minutes.
[AirdropContainerFall] Loot Spawned [3] Canteen @ <10786.079102, 6.104690, 2430.588379> ... Lifespan: Set to 60 minutes.
[AirdropContainerFall] Loot Spawned [4] TunaCan @ <10784.930664, 6.050000, 2428.279541> ... Lifespan: Set to 60 minutes.
[AirdropContainerFall] Loot Spawned [5] VitaminBottle @ <10785.281250, 6.066543, 2428.471924> ... Lifespan: Set to 60 minutes.
[AirdropContainerFall] Loot Spawned [6] Marmalade @ <10783.774414, 6.050000, 2429.858154> ... Lifespan: Set to 60 minutes.
[AirdropContainerFall] Loot Spawned [7] PeachesCan @ <10783.918945, 6.050000, 2427.786621> ... Lifespan: Set to 60 minutes.
[AirdropContainerFall] Loot Spawned [8] BakedBeansCan @ <10787.332031, 6.177613, 2428.822510> ... Lifespan: Set to 60 minutes.
[AirdropContainerFall] Loot Spawned [9] BoxCerealCrunchin @ <10784.047852, 6.050000, 2430.347412> ... Lifespan: Set to 60 minutes.
[AirdropContainerFall] Loot Spawned [10] Pot @ <10785.385742, 6.072666, 2428.435547> ... Lifespan: Set to 60 minutes.
[AirdropContainerFall] Loot Spawned [11] Marmalade @ <10787.224609, 6.162720, 2430.531494> ... Lifespan: Set to 60 minutes.
[AirdropContainerFall] Loot Spawned [12] Pot @ <10786.858398, 6.159033, 2427.528809> ... Lifespan: Set to 60 minutes.
[AirdropContainerFall] Loot Spawned [13] BakedBeansCan @ <10784.914063, 6.050000, 2428.252686> ... Lifespan: Set to 60 minutes.
[AirdropContainerFall] Loot Spawned [14] TunaCan @ <10786.112305, 6.115313, 2428.571777> ... Lifespan: Set to 60 minutes.
[AirdropContainerFall] Loot Spawned [15] PeachesCan @ <10785.754883, 6.088269, 2430.734863> ... Lifespan: Set to 60 minutes.
[AirdropContainerFall] Loot Spawned [16] TunaCan @ <10784.667969, 6.050000, 2427.479980> ... Lifespan: Set to 60 minutes.
[AirdropContainerFall] Loot Spawned [17] PeachesCan @ <10784.407227, 6.050000, 2427.604980> ... Lifespan: Set to 60 minutes.
[AirdropContainerFall] Loot Spawned [18] PeachesCan @ <10785.772461, 6.095332, 2427.795898> ... Lifespan: Set to 60 minutes.
[AirdropContainerFall] Loot Spawned [19] TunaCan @ <10787.665039, 6.203598, 2427.685059> ... Lifespan: Set to 60 minutes.
[AirdropContainerFall] Loot Spawned [20] SpaghettiCan @ <10787.580078, 6.185122, 2429.455078> ... Lifespan: Set to 60 minutes.
[AirdropContainerUnstuck] Container was unstuck.
[~AirdropContainerBase] Container Destroyed on 2021-03-06 @ 21-37-57
