[InitializeContainer] Container created on 2021-04-26 @ 02-06-35
[InitializeContainer] Winds: Vector <5.003128, 0.000000, 13.598909>, Speed 14.4901mps, Strength 0.1
[AirdropContainerFall] Drop Type 'Misc. Food', Container: 'RANDOM', Mode/Quantity/Iems: Random/20/26, Flare:  10%
[AirdropContainerFall] Loot Spawned [1] GreenBellPepper @ <12091.890625, 140.001007, 12590.055664> ... Lifespan: Set to 60 minutes.
[AirdropContainerFall] Loot Spawned [2] CaninaBerry @ <12092.044922, 140.001007, 12589.406250> ... Lifespan: Set to 60 minutes.
[AirdropContainerFall] Loot Spawned [3] GreenBellPepper @ <12096.208984, 140.001007, 12590.104492> ... Lifespan: Set to 60 minutes.
[AirdropContainerFall] Loot Spawned [4] SodaCan_Pipsi @ <12095.830078, 140.001007, 12586.705078> ... Lifespan: Set to 60 minutes.
[AirdropContainerFall] Loot Spawned [5] CaninaBerry @ <12094.201172, 140.001007, 12589.727539> ... Lifespan: Set to 60 minutes.
[AirdropContainerFall] Loot Spawned [6] Pear @ <12090.807617, 140.001007, 12589.313477> ... Lifespan: Set to 60 minutes.
[AirdropContainerFall] Loot Spawned [7] TunaCan @ <12094.985352, 140.001007, 12590.964844> ... Lifespan: Set to 60 minutes.
[AirdropContainerFall] Loot Spawned [8] PowderedMilk @ <12095.522461, 140.001007, 12589.387695> ... Lifespan: Set to 60 minutes.
[AirdropContainerFall] Loot Spawned [9] SodaCan_Cola @ <12094.891602, 140.001007, 12584.989258> ... Lifespan: Set to 60 minutes.
[AirdropContainerFall] Loot Spawned [10] Pear @ <12095.371094, 140.001007, 12590.097656> ... Lifespan: Set to 60 minutes.
[AirdropContainerFall] Loot Spawned [11] SodaCan_Cola @ <12096.930664, 140.001007, 12589.683594> ... Lifespan: Set to 60 minutes.
[AirdropContainerFall] Loot Spawned [12] TunaCan @ <12091.210938, 140.001007, 12589.674805> ... Lifespan: Set to 60 minutes.
[AirdropContainerFall] Loot Spawned [13] SpaghettiCan @ <12091.087891, 140.001007, 12590.045898> ... Lifespan: Set to 60 minutes.
[AirdropContainerFall] Loot Spawned [14] CaninaBerry @ <12092.360352, 140.001007, 12589.749023> ... Lifespan: Set to 60 minutes.
[AirdropContainerFall] Loot Spawned [15] BoxCerealCrunchin @ <12092.996094, 140.001007, 12590.566406> ... Lifespan: Set to 60 minutes.
[AirdropContainerFall] Loot Spawned [16] PowderedMilk @ <12094.811523, 140.001007, 12589.522461> ... Lifespan: Set to 60 minutes.
[AirdropContainerFall] Loot Spawned [17] Zucchini @ <12091.708984, 140.001007, 12590.124023> ... Lifespan: Set to 60 minutes.
[AirdropContainerFall] Loot Spawned [18] SpaghettiCan @ <12097.115234, 140.001007, 12588.581055> ... Lifespan: Set to 60 minutes.
[AirdropContainerFall] Loot Spawned [19] BoxCerealCrunchin @ <12092.022461, 140.001007, 12588.176758> ... Lifespan: Set to 60 minutes.
[AirdropContainerFall] Loot Spawned [20] SodaCan_Cola @ <12096.949219, 140.001007, 12589.045898> ... Lifespan: Set to 60 minutes.
[AirdropContainerUnstuck] Container was unstuck.
[~AirdropContainerBase] Container Destroyed on 2021-04-26 @ 02-36-35
