[InitializeContainer] Container created on 2021-04-08 @ 22-44-36
[InitializeContainer] Winds: Vector <10.454675, 0.000000, 7.287499>, Speed 12.7439mps, Strength 0.1
[AirdropContainerFall] Drop Type 'Misc. Tools', Container: 'RANDOM', Mode/Quantity/Iems: Random/30/54, Flare:  10%
[AirdropContainerFall] Loot Spawned [1] CanOpener @ <1894.807251, 267.727753, 7531.743652> ... Lifespan: Set to 30 minutes.
[AirdropContainerFall] Loot Spawned [2] Matchbox @ <1894.861694, 268.167175, 7536.319336> ... Lifespan: Set to 30 minutes.
[AirdropContainerFall] Loot Spawned [3] LeatherSewingKit @ <1894.595093, 267.872955, 7533.194336> ... Lifespan: Set to 30 minutes.
[AirdropContainerFall] Loot Spawned [4] Hammer @ <1897.420410, 267.986084, 7532.168457> ... Lifespan: Set to 30 minutes.
[AirdropContainerFall] Loot Spawned [5] Machete @ <1895.289185, 267.868256, 7532.573242> ... Lifespan: Set to 30 minutes.
[AirdropContainerFall] Loot Spawned [6] Hatchet @ <1894.079590, 268.088959, 7536.070313> ... Lifespan: Set to 30 minutes.
[AirdropContainerFall] Loot Spawned [7] Hammer @ <1894.842407, 267.992554, 7534.351074> ... Lifespan: Set to 30 minutes.
[AirdropContainerFall] Loot Spawned [8] ChernarusMap @ <1899.265259, 268.071655, 7533.021973> ... Lifespan: Set to 30 minutes.
[AirdropContainerFall] Loot Spawned [9] LeatherSewingKit @ <1895.989746, 267.654297, 7530.116699> ... Lifespan: Set to 30 minutes.
[AirdropContainerFall] Loot Spawned [10] OrienteeringCompass @ <1898.008667, 267.907257, 7531.191406> ... Lifespan: Set to 30 minutes.
[AirdropContainerFall] Loot Spawned [11] Megaphone @ <1899.424927, 268.209930, 7534.588379> ... Lifespan: Set to 30 minutes.
[AirdropContainerFall] Loot Spawned [12] Binoculars @ <1896.760498, 267.852234, 7531.187012> ... Lifespan: Set to 30 minutes.
[AirdropContainerFall] Loot Spawned [13] SewingKit @ <1897.653076, 267.874756, 7530.833008> ... Lifespan: Set to 30 minutes.
[AirdropContainerFall] Loot Spawned [14] ChernarusMap @ <1896.803223, 267.867981, 7531.331055> ... Lifespan: Set to 30 minutes.
[AirdropContainerFall] Loot Spawned [15] Crowbar @ <1898.839478, 268.257355, 7535.145020> ... Lifespan: Set to 30 minutes.
[AirdropContainerFall] Loot Spawned [16] Rangefinder @ <1898.908081, 268.217560, 7534.690918> ... Lifespan: Set to 30 minutes.
[AirdropContainerFall] Loot Spawned [17] WeaponCleaningKit @ <1894.143677, 267.623230, 7531.469238> ... Lifespan: Set to 30 minutes.
[AirdropContainerFall] Loot Spawned [18] Hatchet @ <1899.583374, 268.073395, 7533.031738> ... Lifespan: Set to 30 minutes.
[AirdropContainerFall] Loot Spawned [19] Heatpack @ <1898.378052, 268.084778, 7533.197754> ... Lifespan: Set to 30 minutes.
[AirdropContainerFall] Loot Spawned [20] LeatherSewingKit @ <1894.379150, 268.074768, 7535.664551> ... Lifespan: Set to 30 minutes.
[AirdropContainerFall] Loot Spawned [21] ChernarusMap @ <1899.427734, 268.278320, 7535.365234> ... Lifespan: Set to 30 minutes.
[AirdropContainerFall] Loot Spawned [22] KOD_M16A4 @ <1894.078857, 267.727936, 7532.378418> ... Lifespan: Set to 30 minutes.
[AirdropContainerFall] Loot Spawned [23] Chemlight_Green @ <1894.148804, 267.761139, 7532.588867> ... Lifespan: Set to 30 minutes.
[AirdropContainerFall] Loot Spawned [24] BaseRadio @ <1899.047852, 268.213318, 7534.638184> ... Lifespan: Set to 30 minutes.
[AirdropContainerFall] Loot Spawned [25] ChernarusMap @ <1893.839966, 267.761414, 7532.859375> ... Lifespan: Set to 30 minutes.
[AirdropContainerFall] Loot Spawned [26] Machete @ <1897.744751, 268.228851, 7534.854004> ... Lifespan: Set to 30 minutes.
[AirdropContainerFall] Loot Spawned [27] Spotlight @ <1899.158081, 268.186981, 7534.335449> ... Lifespan: Set to 30 minutes.
[AirdropContainerFall] Loot Spawned [28] BaseRadio @ <1896.961914, 268.225372, 7535.262695> ... Lifespan: Set to 30 minutes.
[AirdropContainerFall] Loot Spawned [29] CableReel @ <1895.640381, 268.205902, 7536.122559> ... Lifespan: Set to 30 minutes.
[AirdropContainerFall] Loot Spawned [30] Megaphone @ <1898.683960, 268.051300, 7532.808105> ... Lifespan: Set to 30 minutes.
[AirdropContainerUnstuck] Container was unstuck.
[~AirdropContainerBase] Container Destroyed on 2021-04-08 @ 23-09-36
