[AirdropPlane] Aircraft created on 2021-03-26 @ 14-51-57
[InitializeAircraft] Aircraft Initialized: Zelenogorks @ 1875/5210 (true)
[EOnBeforeDrop] The Aircraft is 1 Km from Zelenogorks. @ <572.913391, 338.422852, 5950.808594>
[EOnDrop] Zombie Spawned [1] ZmbM_VillagerOld_Green @ <1778.238281, 175.604630, 5267.201172> ... Lifespan:  Set to 30 minutes.
[EOnDrop] Spawn failed for zombie [2] 'ZmbM_SurvivorDean_Black', it does not exist in DayZ!
[EOnDrop] Zombie Spawned [3] ZmbM_FarmerFat_Brown @ <1822.432739, 174.977051, 5223.540527> ... Lifespan:  Set to 30 minutes.
[EOnDrop] Zombie Spawned [4] ZmbM_HermitSkinny_Green @ <1821.368164, 175.263138, 5229.781738> ... Lifespan:  Set to 30 minutes.
[EOnDrop] Zombie Spawned [5] ZmbM_VillagerOld_Blue @ <1820.188354, 176.131485, 5246.179688> ... Lifespan:  Set to 30 minutes.
[EOnDrop] Zombie Spawned [6] ZmbM_HikerSkinny_Yellow @ <1855.235474, 176.132080, 5269.632813> ... Lifespan:  Set to 30 minutes.
[EOnDrop] Zombie Spawned [7] ZmbF_VillagerOld_Red @ <1815.653564, 177.931641, 5278.401855> ... Lifespan:  Set to 30 minutes.
[EOnDrop] Zombie Spawned [8] ZmbM_FarmerFat_Beige @ <1796.991089, 174.302170, 5201.908203> ... Lifespan:  Set to 30 minutes.
[EOnDrop] Zombie Spawned [9] ZmbF_MilkMaidOld_Grey @ <1779.728271, 174.516800, 5231.886230> ... Lifespan:  Set to 30 minutes.
[EOnDrop] Zombie Spawned [10] ZmbM_HunterOld_Winter @ <1817.339844, 175.984650, 5242.996582> ... Lifespan:  Set to 30 minutes.
[EOnDrop] Zombie Spawned [11] ZmbM_MotobikerFat_Beige @ <1811.580078, 175.305496, 5229.429688> ... Lifespan:  Set to 30 minutes.
[EOnDrop] Zombie Spawned [12] ZmbF_MilkMaidOld_Grey @ <1805.950684, 175.385376, 5231.833008> ... Lifespan:  Set to 30 minutes.
[EOnDrop] Zombie Spawned [13] ZmbF_VillagerOld_White @ <1802.852539, 175.921631, 5243.849121> ... Lifespan:  Set to 30 minutes.
[EOnDrop] Zombie Spawned [14] ZmbM_HermitSkinny_Beige @ <1807.840820, 174.770767, 5216.136719> ... Lifespan:  Set to 30 minutes.
[EOnDrop] Zombie Spawned [15] ZmbM_FarmerFat_Beige @ <1807.384766, 175.493210, 5233.610840> ... Lifespan:  Set to 30 minutes.
[EOnDrop] Zombie Spawned [16] ZmbF_HikerSkinny_Red @ <1815.634033, 175.973740, 5242.493164> ... Lifespan:  Set to 30 minutes.
[EOnDrop] Zombie Spawned [17] ZmbM_HunterOld_Summer @ <1777.612427, 174.735748, 5242.184082> ... Lifespan:  Set to 30 minutes.
[EOnDrop] Zombie Spawned [18] ZmbM_MotobikerFat_Beige @ <1822.714966, 175.067947, 5225.860352> ... Lifespan:  Set to 30 minutes.
[EOnDrop] Zombie Spawned [19] ZmbF_HikerSkinny_Grey @ <1776.827515, 174.071518, 5219.117676> ... Lifespan:  Set to 30 minutes.
[EOnDrop] Zombie Spawned [20] ZmbM_VillagerOld_White @ <1765.265503, 173.800537, 5240.395508> ... Lifespan:  Set to 30 minutes.
[EOnDrop] Drop spawned with 20 infected at <1812.127686, 318.657135, 5246.088379>.
[EOnDrop] Supplies have been dropped near Zelenogorks.
[EOnBeforeDelete] Aircraft despawned @ <12793.530273, 152.000610, -1000.307556>
[~AirdropPlane] Aircraft destroyed.
