[InitializeContainer] Container created on 2021-03-17 @ 17-59-42
[InitializeContainer] Winds: Vector <10.996904, 0.000000, -0.011861>, Speed 10.9969mps, Strength 0.1
[AirdropContainerFall] Drop Type 'Misc. Food', Container: 'RANDOM', Mode/Quantity/Iems: Random/29/30, Flare:  10%
[AirdropContainerFall] Loot Spawned [1] Zucchini @ <1882.514526, 267.919098, 7547.265137> ... Lifespan: Set to 30 minutes.
[AirdropContainerFall] Loot Spawned [2] GreenBellPepper @ <1883.153442, 268.021912, 7547.411133> ... Lifespan: Set to 30 minutes.
[AirdropContainerFall] Loot Spawned [3] KOD_DVL10 @ <1880.798462, 267.946167, 7543.816895> ... Lifespan: Set to 30 minutes.
[AirdropContainerFall] Loot Spawned [4] Apple @ <1879.420898, 268.082306, 7544.961914> ... Lifespan: Set to 30 minutes.
[AirdropContainerFall] Loot Spawned [5] AKM @ <1881.059204, 267.913910, 7543.689941> ... Lifespan: Set to 30 minutes.
[AirdropContainerFall] Loot Spawned [6] Zucchini @ <1880.455322, 267.939087, 7545.739746> ... Lifespan: Set to 30 minutes.
[AirdropContainerFall] Loot Spawned [7] Canteen @ <1881.811157, 267.983398, 7547.501465> ... Lifespan: Set to 30 minutes.
[AirdropContainerFall] Loot Spawned [8] Apple @ <1881.521118, 267.883362, 7546.712402> ... Lifespan: Set to 30 minutes.
[AirdropContainerFall] Loot Spawned [9] KOD_DVL10 @ <1882.475586, 268.040649, 7548.114258> ... Lifespan: Set to 30 minutes.
[AirdropContainerFall] Loot Spawned [10] Plum @ <1883.999756, 267.749847, 7544.604980> ... Lifespan: Set to 30 minutes.
[AirdropContainerFall] Loot Spawned [11] Pumpkin @ <1880.160278, 268.104187, 7543.028320> ... Lifespan: Set to 30 minutes.
[AirdropContainerFall] Loot Spawned [12] TacticalBaconCan @ <1879.234009, 268.150604, 7546.293945> ... Lifespan: Set to 30 minutes.
[AirdropContainerFall] Loot Spawned [13] Plum @ <1880.537842, 267.918762, 7545.513672> ... Lifespan: Set to 30 minutes.
[AirdropContainerFall] Loot Spawned [14] SpaghettiCan @ <1884.048706, 267.683807, 7543.108398> ... Lifespan: Set to 30 minutes.
[AirdropContainerFall] Loot Spawned [15] TunaCan @ <1881.755615, 267.838104, 7543.208496> ... Lifespan: Set to 30 minutes.
[AirdropContainerFall] Loot Spawned [16] KOD_M16A4 @ <1885.952393, 268.101746, 7545.477539> ... Lifespan: Set to 30 minutes.
[AirdropContainerFall] Loot Spawned [17] Plum @ <1880.211914, 268.070129, 7543.387695> ... Lifespan: Set to 30 minutes.
[AirdropContainerFall] Loot Spawned [18] Zucchini @ <1879.857910, 268.066101, 7544.223633> ... Lifespan: Set to 30 minutes.
[AirdropContainerFall] Loot Spawned [19] AKM @ <1884.678711, 267.789307, 7544.040039> ... Lifespan: Set to 30 minutes.
[AirdropContainerFall] Loot Spawned [20] Canteen @ <1885.025513, 267.926086, 7545.081543> ... Lifespan: Set to 30 minutes.
[AirdropContainerFall] Loot Spawned [21] CaninaBerry @ <1884.872559, 268.148315, 7546.760742> ... Lifespan: Set to 30 minutes.
[AirdropContainerFall] Loot Spawned [22] Lard @ <1879.418945, 268.146759, 7544.070801> ... Lifespan: Set to 30 minutes.
[AirdropContainerFall] Loot Spawned [23] Apple @ <1879.783569, 268.101227, 7547.475586> ... Lifespan: Set to 30 minutes.
[AirdropContainerFall] Loot Spawned [24] Tomato @ <1881.133301, 267.978577, 7542.628906> ... Lifespan: Set to 30 minutes.
[AirdropContainerFall] Loot Spawned [25] SodaCan_Cola @ <1885.153442, 267.835754, 7543.869629> ... Lifespan: Set to 30 minutes.
[AirdropContainerFall] Loot Spawned [26] Potato @ <1879.291992, 268.136719, 7544.489746> ... Lifespan: Set to 30 minutes.
[AirdropContainerFall] Loot Spawned [27] Pear @ <1884.794189, 267.794922, 7543.931152> ... Lifespan: Set to 30 minutes.
[AirdropContainerFall] Loot Spawned [28] Tomato @ <1882.117676, 267.751038, 7543.619629> ... Lifespan: Set to 30 minutes.
[AirdropContainerFall] Loot Spawned [29] Zucchini @ <1885.967041, 268.156158, 7545.842285> ... Lifespan: Set to 30 minutes.
[AirdropContainerUnstuck] Container was unstuck.
