[AirdropPlane] Aircraft created on 2021-03-23 @ 20-08-03
[InitializeAircraft] Aircraft Initialized: Balota Airstrip @ 5025/2455 (true)
[EOnBeforeDrop] The Aircraft is 1 Km from Balota Airstrip. @ <3537.135986, 194.677902, 2645.199463>
[EOnDrop] Zombie Spawned [1] ZmbM_SoldierNormal @ <4933.368164, 10.000000, 2498.479248> ... Lifespan:  Set to 30 minutes.
[EOnDrop] Zombie Spawned [2] ZmbM_PatrolNormal_Autumn @ <4960.998047, 10.000000, 2458.437256> ... Lifespan:  Set to 30 minutes.
[EOnDrop] Zombie Spawned [3] ZmbM_PatrolNormal_Summer @ <4942.087891, 10.000000, 2470.420410> ... Lifespan:  Set to 30 minutes.
[EOnDrop] Zombie Spawned [4] ZmbM_PatrolNormal_Autumn @ <4945.508789, 10.000000, 2456.518311> ... Lifespan:  Set to 30 minutes.
[EOnDrop] Zombie Spawned [5] ZmbM_PatrolNormal_Summer @ <4949.409180, 10.000000, 2501.000000> ... Lifespan:  Set to 30 minutes.
[EOnDrop] Zombie Spawned [6] ZmbM_PatrolNormal_Autumn @ <4949.696289, 10.000000, 2470.899658> ... Lifespan:  Set to 30 minutes.
[EOnDrop] Zombie Spawned [7] ZmbM_SoldierNormal @ <4937.757324, 10.000000, 2463.913086> ... Lifespan:  Set to 30 minutes.
[EOnDrop] Zombie Spawned [8] ZmbM_PatrolNormal_PautRev @ <4978.154785, 9.987331, 2435.916504> ... Lifespan:  Set to 30 minutes.
[EOnDrop] Zombie Spawned [9] ZmbM_PatrolNormal_Summer @ <4946.637207, 10.000000, 2422.275391> ... Lifespan:  Set to 30 minutes.
[EOnDrop] Zombie Spawned [10] ZmbM_PatrolNormal_Flat @ <4940.147461, 10.000000, 2477.806152> ... Lifespan:  Set to 30 minutes.
[EOnDrop] Zombie Spawned [11] ZmbM_PatrolNormal_PautRev @ <4944.817383, 10.000000, 2474.431152> ... Lifespan:  Set to 30 minutes.
[EOnDrop] Zombie Spawned [12] ZmbM_PatrolNormal_Summer @ <4982.729980, 10.000000, 2435.681396> ... Lifespan:  Set to 30 minutes.
[EOnDrop] Zombie Spawned [13] ZmbM_PatrolNormal_PautRev @ <4924.678223, 10.000000, 2453.374023> ... Lifespan:  Set to 30 minutes.
[EOnDrop] Zombie Spawned [14] ZmbM_PatrolNormal_PautRev @ <4917.682129, 9.980000, 2491.090088> ... Lifespan:  Set to 30 minutes.
[EOnDrop] Zombie Spawned [15] ZmbM_PatrolNormal_Flat @ <4972.741211, 9.858521, 2426.407959> ... Lifespan:  Set to 30 minutes.
[EOnDrop] Zombie Spawned [16] ZmbM_SoldierNormal @ <4979.243652, 10.000000, 2445.326904> ... Lifespan:  Set to 30 minutes.
[EOnDrop] Zombie Spawned [17] ZmbM_PatrolNormal_Flat @ <4970.280273, 10.000000, 2476.658691> ... Lifespan:  Set to 30 minutes.
[EOnDrop] Zombie Spawned [18] ZmbM_PatrolNormal_Flat @ <4955.237305, 10.000000, 2508.942383> ... Lifespan:  Set to 30 minutes.
[EOnDrop] Zombie Spawned [19] ZmbM_PatrolNormal_PautRev @ <4932.607422, 10.000000, 2451.908691> ... Lifespan:  Set to 30 minutes.
[EOnDrop] Zombie Spawned [20] ZmbM_PatrolNormal_Flat @ <4979.953125, 10.000000, 2482.484131> ... Lifespan:  Set to 30 minutes.
[EOnDrop] Zombie Spawned [21] ZmbM_PatrolNormal_Summer @ <4939.110352, 10.000000, 2475.931152> ... Lifespan:  Set to 30 minutes.
[EOnDrop] Zombie Spawned [22] ZmbM_PatrolNormal_PautRev @ <4933.666016, 10.000000, 2427.523438> ... Lifespan:  Set to 30 minutes.
[EOnDrop] Zombie Spawned [23] ZmbM_PatrolNormal_Autumn @ <4940.788574, 10.000000, 2459.438965> ... Lifespan:  Set to 30 minutes.
[EOnDrop] Zombie Spawned [24] ZmbM_SoldierNormal @ <4905.632324, 10.067480, 2436.833740> ... Lifespan:  Set to 30 minutes.
[EOnDrop] Zombie Spawned [25] ZmbM_PatrolNormal_Summer @ <4927.170898, 9.999124, 2476.851074> ... Lifespan:  Set to 30 minutes.
[EOnDrop] Drop spawned with 25 infected at <4943.613281, 151.563126, 2465.576660>.
[EOnDrop] Supplies have been dropped near Balota Airstrip.
[EOnBeforeDelete] Aircraft despawned @ <16360.166992, 152.000610, 1007.306091>
[~AirdropPlane] Aircraft destroyed.
