[AirdropBase] Base class created & settings loaded.
[2021-05-03 @ 17-31-23] ----------------------------------------------------------------------------------------------------
[EOnCallAirdrop] Drop zone asigned: Zelenogorks <1875.000000, 0.000000, 5210.000000>
[EOnCallAirdrop] Drop zone offset to: <1837.114014, 2438.000000, 5188.972656>
[EOnCallAirdrop] Aircraft spawn point: <-1000.000000, 2438.000000, 5105.430664>
[EOnCallAirdrop] Aircraft bearing ... Angle/Bearing: -3.10524° / 267.917°, Text: 'West (268°)'
[EOnCallAirdrop] Aircraft has been dispatched to 'Zelenogorks' from the West (268°).
[2021-05-03 @ 18-01-48] ----------------------------------------------------------------------------------------------------
[EOnCallAirdrop] Drop zone asigned: Veresnik <4000.000000, 0.000000, 7850.000000>
[EOnCallAirdrop] Drop zone offset to: <3939.343018, 2438.000000, 7783.855957>
[EOnCallAirdrop] Aircraft spawn point: <16360.000000, 2438.000000, 2756.821289>
[EOnCallAirdrop] Aircraft bearing ... Angle/Bearing: -0.390868° / 112.395°, Text: 'East (112°)'
[EOnCallAirdrop] Aircraft has been dispatched to 'Veresnik' from the East (112°).
[2021-05-03 @ 18-32-11] ----------------------------------------------------------------------------------------------------
[EOnCallAirdrop] Drop zone asigned: Skalisty Island <13575.000000, 0.000000, 3055.000000>
[EOnCallAirdrop] Drop zone offset to: <13632.705078, 2438.000000, 3105.535645>
[EOnCallAirdrop] Aircraft spawn point: <-1000.000000, 2438.000000, 1841.854248>
[EOnCallAirdrop] Aircraft bearing ... Angle/Bearing: -3.05855° / 265.242°, Text: 'West (265°)'
[EOnCallAirdrop] Aircraft has been dispatched to 'Skalisty Island' from the West (265°).
[2021-05-03 @ 19-02-36] ----------------------------------------------------------------------------------------------------
[EOnCallAirdrop] Drop zone asigned: Zelenogorks <1875.000000, 0.000000, 5210.000000>
[EOnCallAirdrop] Drop zone offset to: <1876.986694, 2438.000000, 5304.351563>
[EOnCallAirdrop] Aircraft spawn point: <16360.000000, 2438.000000, 15897.483398>
[EOnCallAirdrop] Aircraft bearing ... Angle/Bearing: 0.635667° / 53.5789°, Text: 'North/East (54°)'
[EOnCallAirdrop] Aircraft has been dispatched to 'Zelenogorks' from the North/East (54°).
[2021-05-03 @ 19-33-00] ----------------------------------------------------------------------------------------------------
[EOnCallAirdrop] Drop zone asigned: Balota Airstrip <5025.000000, 0.000000, 2455.000000>
[EOnCallAirdrop] Drop zone offset to: <5091.072754, 2438.000000, 2467.774658>
[EOnCallAirdrop] Aircraft spawn point: <16360.000000, 2438.000000, 1428.079468>
[EOnCallAirdrop] Aircraft bearing ... Angle/Bearing: -0.0903507° / 95.1767°, Text: 'East (95°)'
[EOnCallAirdrop] Aircraft has been dispatched to 'Balota Airstrip' from the East (95°).
[2021-05-03 @ 20-03-26] ----------------------------------------------------------------------------------------------------
[EOnCallAirdrop] Drop zone asigned: Chernogorsk <7400.000000, 0.000000, 3500.000000>
[EOnCallAirdrop] Drop zone offset to: <7458.551758, 2438.000000, 3432.873535>
[EOnCallAirdrop] Aircraft spawn point: <16360.000000, 2438.000000, 4011.920410>
[EOnCallAirdrop] Aircraft bearing ... Angle/Bearing: 0.0570719° / 86.73°, Text: 'East (87°)'
[EOnCallAirdrop] Aircraft has been dispatched to 'Chernogorsk' from the East (87°).
[2021-05-03 @ 20-33-52] ----------------------------------------------------------------------------------------------------
[EOnCallAirdrop] Drop zone asigned: Veresnik <4000.000000, 0.000000, 7850.000000>
[EOnCallAirdrop] Drop zone offset to: <4033.673828, 2438.000000, 7855.286133>
[EOnCallAirdrop] Aircraft spawn point: <16360.000000, 2438.000000, 2769.536377>
[EOnCallAirdrop] Aircraft bearing ... Angle/Bearing: -0.389988° / 112.345°, Text: 'East (112°)'
[EOnCallAirdrop] Aircraft has been dispatched to 'Veresnik' from the East (112°).
