[AirdropBase] Base class created & settings loaded.
[2021-05-01 @ 21-31-28] ----------------------------------------------------------------------------------------------------
[EOnCallAirdrop] Drop zone asigned: Veresnik <4000.000000, 0.000000, 7850.000000>
[EOnCallAirdrop] Drop zone offset to: <4004.647461, 2438.000000, 7851.808105>
[EOnCallAirdrop] Aircraft spawn point: <16360.000000, 2438.000000, 1190.198730>
[EOnCallAirdrop] Aircraft bearing ... Angle/Bearing: -0.494218° / 118.317°, Text: 'South/East (118°)'
[EOnCallAirdrop] Aircraft has been dispatched to 'Veresnik' from the South/East (118°).
[2021-05-01 @ 22-01-52] ----------------------------------------------------------------------------------------------------
[EOnCallAirdrop] Drop zone asigned: Stary/Novy  <6600.000000, 0.000000, 7800.000000>
[EOnCallAirdrop] Drop zone offset to: <6602.079590, 2438.000000, 7761.110840>
[EOnCallAirdrop] Aircraft spawn point: <16360.000000, 2438.000000, 3410.595947>
[EOnCallAirdrop] Aircraft bearing ... Angle/Bearing: -0.422633° / 114.215°, Text: 'South/East (114°)'
[EOnCallAirdrop] Aircraft has been dispatched to 'Stary/Novy ' from the South/East (114°).
[2021-05-01 @ 22-32-14] ----------------------------------------------------------------------------------------------------
[EOnCallAirdrop] Drop zone asigned: Veresnik <4000.000000, 0.000000, 7850.000000>
[EOnCallAirdrop] Drop zone offset to: <4000.739258, 2438.000000, 7836.274414>
[EOnCallAirdrop] Aircraft spawn point: <16360.000000, 2438.000000, 5185.960449>
[EOnCallAirdrop] Aircraft bearing ... Angle/Bearing: -0.21229° / 102.163°, Text: 'East (102°)'
[EOnCallAirdrop] Aircraft has been dispatched to 'Veresnik' from the East (102°).
[2021-05-01 @ 23-02-38] ----------------------------------------------------------------------------------------------------
[EOnCallAirdrop] Drop zone asigned: Gorka <8775.000000, 0.000000, 9200.000000>
[EOnCallAirdrop] Drop zone offset to: <8702.956055, 2438.000000, 9185.921875>
[EOnCallAirdrop] Aircraft spawn point: <2707.019775, 2438.000000, -1000.000000>
[EOnCallAirdrop] Aircraft bearing ... Angle/Bearing: -2.10746° / 210.748°, Text: 'South/West (211°)'
[EOnCallAirdrop] Aircraft has been dispatched to 'Gorka' from the South/West (211°).
[2021-05-01 @ 23-33-03] ----------------------------------------------------------------------------------------------------
[EOnCallAirdrop] Drop zone asigned: Soverograd <8566.000000, 0.000000, 12755.000000>
[EOnCallAirdrop] Drop zone offset to: <8508.593750, 2438.000000, 12815.427734>
[EOnCallAirdrop] Aircraft spawn point: <16360.000000, 2438.000000, 9058.278320>
[EOnCallAirdrop] Aircraft bearing ... Angle/Bearing: -0.44288° / 115.375°, Text: 'South/East (115°)'
[EOnCallAirdrop] Aircraft has been dispatched to 'Soverograd' from the South/East (115°).
[2021-05-02 @ 00-03-29] ----------------------------------------------------------------------------------------------------
[EOnCallAirdrop] Drop zone asigned: Chernogorsk <7400.000000, 0.000000, 3500.000000>
[EOnCallAirdrop] Drop zone offset to: <7384.860840, 2438.000000, 3514.323486>
[EOnCallAirdrop] Aircraft spawn point: <16360.000000, 2438.000000, 4946.490234>
[EOnCallAirdrop] Aircraft bearing ... Angle/Bearing: 0.160058° / 80.8294°, Text: 'East (81°)'
[EOnCallAirdrop] Aircraft has been dispatched to 'Chernogorsk' from the East (81°).
[2021-05-02 @ 00-33-55] ----------------------------------------------------------------------------------------------------
[EOnCallAirdrop] Drop zone asigned: Gorka <8775.000000, 0.000000, 9200.000000>
[EOnCallAirdrop] Drop zone offset to: <8725.231445, 2438.000000, 9233.029297>
[EOnCallAirdrop] Aircraft spawn point: <14131.655273, 2438.000000, 16360.000000>
[EOnCallAirdrop] Aircraft bearing ... Angle/Bearing: 0.928489° / 36.8015°, Text: 'North/East (37°)'
[EOnCallAirdrop] Aircraft has been dispatched to 'Gorka' from the North/East (37°).
