[InitializeContainer] Container created on 2021-04-03 @ 20-24-53
[InitializeContainer] Winds: Vector <9.089141, 0.000000, 9.785806>, Speed 13.3557mps, Strength 0.1
[AirdropContainerFall] Drop Type 'Military East', Container: 'AirdropContainer_Military', Mode/Quantity/Iems: Random/20/33, Flare:  10%
[AirdropContainerFall] Loot Spawned [1] AK_RailHndgrd @ <3020.301514, 209.834930, 12850.702148> ... Lifespan: Set to 30 minutes.
[AirdropContainerFall] Loot Spawned [2] AK_Suppressor @ <3022.063232, 209.760574, 12854.826172> ... Lifespan: Set to 30 minutes.
[AirdropContainerFall] Loot Spawned [3] GorkaPants_Autumn @ <3019.070068, 209.894409, 12853.433594> ... Lifespan: Set to 30 minutes.
[AirdropContainerFall] Loot Spawned [4] Canteen @ <3018.780029, 209.907501, 12853.402344> ... Lifespan: Set to 30 minutes.
[AirdropContainerFall] Loot Spawned [5] Binoculars @ <3019.711914, 209.867081, 12854.755859> ... Lifespan: Set to 30 minutes.
[AirdropContainerFall] Loot Spawned [6] AK101 @ <3023.430664, 209.708710, 12854.048828> ... Lifespan: Set to 30 minutes.
[AirdropContainerFall] Loot Spawned [7] Battery9V @ <3018.261475, 209.928040, 12851.666992> ... Lifespan: Set to 30 minutes.
[AirdropContainerFall] Loot Spawned [8] GorkaPants_Autumn @ <3022.693604, 209.729797, 12851.428711> ... Lifespan: Set to 30 minutes.
[AirdropContainerFall] Loot Spawned [9] AK101 @ <3020.394043, 209.831757, 12851.467773> ... Lifespan: Set to 30 minutes.
[AirdropContainerFall] Loot Spawned [10] AK_Bayonet @ <3019.430664, 209.883499, 12855.501953> ... Lifespan: Set to 30 minutes.
[AirdropContainerFall] Loot Spawned [11] WeaponCleaningKit @ <3019.451416, 209.874329, 12851.340820> ... Lifespan: Set to 30 minutes.
[AirdropContainerFall] Loot Spawned [12] TacticalGoggles @ <3022.728516, 209.730927, 12853.154297> ... Lifespan: Set to 30 minutes.
[AirdropContainerFall] Loot Spawned [13] AmmoBox_762x39_20Rnd @ <3023.507813, 209.705505, 12853.570313> ... Lifespan: Set to 30 minutes.
[AirdropContainerFall] Loot Spawned [14] CanOpener @ <3022.350098, 209.743057, 12851.446289> ... Lifespan: Set to 30 minutes.
[AirdropContainerFall] Loot Spawned [15] AK101 @ <3018.713623, 209.910812, 12853.626953> ... Lifespan: Set to 30 minutes.
[AirdropContainerFall] Loot Spawned [16] AK_Bayonet @ <3019.756348, 209.860962, 12851.687500> ... Lifespan: Set to 30 minutes.
[AirdropContainerFall] Loot Spawned [17] TTsKOJacket_Camo @ <3018.986328, 209.898804, 12853.875977> ... Lifespan: Set to 30 minutes.
[AirdropContainerFall] Loot Spawned [18] TacticalBaconCan @ <3018.229004, 209.931702, 12852.809570> ... Lifespan: Set to 30 minutes.
[AirdropContainerFall] Loot Spawned [19] TacticalGloves_Beige @ <3020.551514, 209.835693, 12855.954102> ... Lifespan: Set to 30 minutes.
[AirdropContainerFall] Loot Spawned [20] AK_RailHndgrd @ <3023.006348, 209.721008, 12852.658203> ... Lifespan: Set to 30 minutes.
[AirdropContainerUnstuck] Container was unstuck.
[~AirdropContainerBase] Container Destroyed on 2021-04-03 @ 20-49-53
