[AirdropPlane] Aircraft created on 2021-04-17 @ 19-07-55
[InitializeAircraft] Aircraft Initialized: Zelenogorks @ 1875/5210 (true)
[EOnBeforeDrop] The Aircraft is 1 Km from Zelenogorks. @ <1497.619019, 341.621002, 6661.386719>
[EOnDrop] Zombie Spawned [1] ZmbF_MilkMaidOld_Green @ <1813.368652, 179.583679, 5316.036621> ... Lifespan:  Set to 30 minutes.
[EOnDrop] Zombie Spawned [2] ZmbM_FarmerFat_Green @ <1805.354126, 177.771103, 5279.845703> ... Lifespan:  Set to 30 minutes.
[EOnDrop] Zombie Spawned [3] ZmbM_HunterOld_Spring @ <1813.425659, 177.501129, 5270.723145> ... Lifespan:  Set to 30 minutes.
[EOnDrop] Spawn failed for zombie [4] 'ZmbM_SurvivorDean_Grey', it does not exist in DayZ!
[EOnDrop] Zombie Spawned [5] ZmbF_HikerSkinny_Red @ <1836.828613, 176.337830, 5256.036133> ... Lifespan:  Set to 30 minutes.
[EOnDrop] Zombie Spawned [6] ZmbM_HikerSkinny_Blue @ <1807.083740, 178.449860, 5294.950195> ... Lifespan:  Set to 30 minutes.
[EOnDrop] Zombie Spawned [7] ZmbF_VillagerOld_Green @ <1842.380859, 178.855621, 5300.182617> ... Lifespan:  Set to 30 minutes.
[EOnDrop] Zombie Spawned [8] ZmbM_HermitSkinny_Red @ <1860.156372, 177.031799, 5287.471680> ... Lifespan:  Set to 30 minutes.
[EOnDrop] Zombie Spawned [9] ZmbF_HikerSkinny_Red @ <1844.841309, 180.015915, 5311.647949> ... Lifespan:  Set to 30 minutes.
[EOnDrop] Zombie Spawned [10] ZmbM_VillagerOld_Green @ <1863.461548, 178.458801, 5300.016602> ... Lifespan:  Set to 30 minutes.
[EOnDrop] Zombie Spawned [11] ZmbM_VillagerOld_Green @ <1828.039673, 176.734787, 5258.390137> ... Lifespan:  Set to 30 minutes.
[EOnDrop] Zombie Spawned [12] ZmbM_HermitSkinny_Green @ <1860.459351, 179.372223, 5305.829102> ... Lifespan:  Set to 30 minutes.
[EOnDrop] Zombie Spawned [13] ZmbM_MotobikerFat_Blue @ <1836.219971, 181.488754, 5333.538086> ... Lifespan:  Set to 30 minutes.
[EOnDrop] Zombie Spawned [14] ZmbM_HunterOld_Summer @ <1856.766113, 176.613373, 5278.743164> ... Lifespan:  Set to 30 minutes.
[EOnDrop] Zombie Spawned [15] ZmbF_VillagerOld_Red @ <1862.813232, 176.027359, 5276.098145> ... Lifespan:  Set to 30 minutes.
[EOnDrop] Zombie Spawned [16] ZmbM_HikerSkinny_Blue @ <1842.848511, 179.541794, 5307.770020> ... Lifespan:  Set to 30 minutes.
[EOnDrop] Zombie Spawned [17] ZmbM_HunterOld_Autumn @ <1813.684204, 178.589447, 5293.700195> ... Lifespan:  Set to 30 minutes.
[EOnDrop] Zombie Spawned [18] ZmbM_HunterOld_Winter @ <1882.578369, 175.609512, 5252.200684> ... Lifespan:  Set to 30 minutes.
[EOnDrop] Zombie Spawned [19] ZmbM_MotobikerFat_Blue @ <1866.916138, 178.920380, 5302.347656> ... Lifespan:  Set to 30 minutes.
[EOnDrop] Zombie Spawned [20] ZmbM_HunterOld_Spring @ <1840.664673, 178.178741, 5288.639160> ... Lifespan:  Set to 30 minutes.
[EOnDrop] Drop spawned with 20 infected at <1853.867065, 337.803925, 5290.871094>.
[EOnDrop] Supplies have been dropped near Zelenogorks.
[EOnBeforeDelete] Aircraft despawned @ <3489.501709, 152.000610, -1001.413513>
[~AirdropPlane] Aircraft destroyed.
