[InitializeContainer] Container created on 2021-04-18 @ 10-20-00
[InitializeContainer] Winds: Vector <-1.343782, 0.000000, -5.677313>, Speed 5.83418mps, Strength 0.1
[AirdropContainerFall] Drop Type 'Military West', Container: 'AirdropContainer_Military', Mode/Quantity/Iems: Random/20/46, Flare:  10%
[AirdropContainerFall] Loot Spawned [1] UniversalLight @ <8701.690430, 388.279083, 9252.785156> ... Lifespan: Set to 30 minutes.
[AirdropContainerFall] Loot Spawned [2] Binoculars @ <8703.368164, 387.919525, 9257.762695> ... Lifespan: Set to 30 minutes.
[AirdropContainerFall] Loot Spawned [3] TacticalBaconCan @ <8703.489258, 387.966095, 9256.664063> ... Lifespan: Set to 30 minutes.
[AirdropContainerFall] Loot Spawned [4] MilitaryBoots_Beige @ <8703.114258, 388.022186, 9256.110352> ... Lifespan: Set to 30 minutes.
[AirdropContainerFall] Loot Spawned [5] Mag_STANAG_30Rnd @ <8701.981445, 388.287201, 9252.112305> ... Lifespan: Set to 30 minutes.
[AirdropContainerFall] Loot Spawned [6] WeaponCleaningKit @ <8699.737305, 388.355835, 9254.480469> ... Lifespan: Set to 30 minutes.
[AirdropContainerFall] Loot Spawned [7] AmmoBox_45ACP_25Rnd @ <8704.750977, 387.873596, 9256.629883> ... Lifespan: Set to 30 minutes.
[AirdropContainerFall] Loot Spawned [8] AmmoBox_45ACP_25Rnd @ <8700.436523, 388.350403, 9253.406250> ... Lifespan: Set to 30 minutes.
[AirdropContainerFall] Loot Spawned [9] UKAssVest_Black @ <8698.520508, 388.479065, 9253.892578> ... Lifespan: Set to 30 minutes.
[AirdropContainerFall] Loot Spawned [10] CombatKnife @ <8704.756836, 388.012543, 9253.626953> ... Lifespan: Set to 30 minutes.
[AirdropContainerFall] Loot Spawned [11] M4_CQBBttstck @ <8703.438477, 387.941315, 9257.228516> ... Lifespan: Set to 30 minutes.
[AirdropContainerFall] Loot Spawned [12] Binoculars @ <8698.819336, 388.364105, 9255.726563> ... Lifespan: Set to 30 minutes.
[AirdropContainerFall] Loot Spawned [13] Mag_FNX45_15Rnd @ <8702.175781, 388.223724, 9253.180664> ... Lifespan: Set to 30 minutes.
[AirdropContainerFall] Loot Spawned [14] Canteen @ <8701.958984, 387.994568, 9258.357422> ... Lifespan: Set to 30 minutes.
[AirdropContainerFall] Loot Spawned [15] WeaponCleaningKit @ <8701.211914, 388.086609, 9257.641602> ... Lifespan: Set to 30 minutes.
[AirdropContainerFall] Loot Spawned [16] Mag_STANAG_30Rnd @ <8699.570313, 388.289032, 9256.066406> ... Lifespan: Set to 30 minutes.
[AirdropContainerFall] Loot Spawned [17] Battery9V @ <8699.390625, 388.252747, 9257.046875> ... Lifespan: Set to 30 minutes.
[AirdropContainerFall] Loot Spawned [18] M4_T3NrdSOptic @ <8702.596680, 388.006989, 9257.171875> ... Lifespan: Set to 30 minutes.
[AirdropContainerFall] Loot Spawned [19] AssaultBag_Black @ <8699.501953, 388.262817, 9256.684570> ... Lifespan: Set to 30 minutes.
[AirdropContainerFall] Loot Spawned [20] TacticalGloves_Green @ <8699.311523, 388.421051, 9253.801758> ... Lifespan: Set to 30 minutes.
[AirdropContainerUnstuck] Container was unstuck.
[~AirdropContainerBase] Container Destroyed on 2021-04-18 @ 10-45-00
