[InitializeContainer] Container created on 2021-04-15 @ 07-10-16
[InitializeContainer] Winds: Vector <5.482296, 0.000000, -6.504071>, Speed 8.50638mps, Strength 0.1
[AirdropContainerFall] Drop Type 'Military West', Container: 'AirdropContainer_Military', Mode/Quantity/Iems: Random/20/46, Flare:  10%
[AirdropContainerFall] Loot Spawned [1] AK101 @ <4046.183838, 296.964996, 7775.876465> ... Lifespan: Set to 30 minutes.
[AirdropContainerFall] Loot Spawned [2] TacticalBaconCan @ <4045.686523, 296.754944, 7770.013184> ... Lifespan: Set to 30 minutes.
[AirdropContainerFall] Loot Spawned [3] MilitaryBoots_Bluerock @ <4045.828857, 296.919525, 7774.824219> ... Lifespan: Set to 30 minutes.
[AirdropContainerFall] Loot Spawned [4] WeaponCleaningKit @ <4043.489990, 296.714935, 7770.745605> ... Lifespan: Set to 30 minutes.
[AirdropContainerFall] Loot Spawned [5] Binoculars @ <4044.875732, 296.887482, 7774.702637> ... Lifespan: Set to 30 minutes.
[AirdropContainerFall] Loot Spawned [6] USMCJacket_Woodland @ <4042.612305, 296.712402, 7771.442383> ... Lifespan: Set to 30 minutes.
[AirdropContainerFall] Loot Spawned [7] KOD_M16A4 @ <4047.781006, 296.903229, 7772.617676> ... Lifespan: Set to 30 minutes.
[AirdropContainerFall] Loot Spawned [8] MilitaryBoots_Beige @ <4044.517334, 296.749878, 7770.890625> ... Lifespan: Set to 30 minutes.
[AirdropContainerFall] Loot Spawned [9] M4_RISHndgrd @ <4042.904297, 296.877197, 7776.129395> ... Lifespan: Set to 30 minutes.
[AirdropContainerFall] Loot Spawned [10] UKAssVest_Black @ <4042.189941, 296.791595, 7774.203125> ... Lifespan: Set to 30 minutes.
[AirdropContainerFall] Loot Spawned [11] TacticalBaconCan @ <4042.687988, 296.730957, 7771.932617> ... Lifespan: Set to 30 minutes.
[AirdropContainerFall] Loot Spawned [12] AK101 @ <4045.696777, 296.958252, 7776.102539> ... Lifespan: Set to 30 minutes.
[AirdropContainerFall] Loot Spawned [13] TacticalBaconCan @ <4042.426270, 296.850525, 7775.753906> ... Lifespan: Set to 30 minutes.
[AirdropContainerFall] Loot Spawned [14] UniversalLight @ <4042.071533, 296.833984, 7775.584473> ... Lifespan: Set to 30 minutes.
[AirdropContainerFall] Loot Spawned [15] UniversalLight @ <4043.516113, 296.838043, 7774.416504> ... Lifespan: Set to 30 minutes.
[AirdropContainerFall] Loot Spawned [16] UKAssVest_Camo @ <4045.183350, 296.933075, 7775.799316> ... Lifespan: Set to 30 minutes.
[AirdropContainerFall] Loot Spawned [17] UKAssVest_Khaki @ <4044.277344, 296.725830, 7770.379883> ... Lifespan: Set to 30 minutes.
[AirdropContainerFall] Loot Spawned [18] Binoculars @ <4046.784912, 296.859283, 7772.176270> ... Lifespan: Set to 30 minutes.
[AirdropContainerFall] Loot Spawned [19] KOD_RSASS_Black @ <4042.820557, 296.834351, 7774.917480> ... Lifespan: Set to 30 minutes.
[AirdropContainerFall] Loot Spawned [20] UniversalLight @ <4042.740479, 296.826385, 7774.749512> ... Lifespan: Set to 30 minutes.
[AirdropContainerUnstuck] Container was unstuck.
[~AirdropContainerBase] Container Destroyed on 2021-04-15 @ 07-35-16
