[InitializeContainer] Container created on 2021-03-19 @ 06-55-10
[InitializeContainer] Winds: Vector <5.645615, 0.000000, -6.437642>, Speed 8.56249mps, Strength 0.1
[AirdropContainerFall] Drop Type 'Military West', Container: 'AirdropContainer_Military', Mode/Quantity/Iems: Random/20/46, Flare:  10%
[AirdropContainerFall] Loot Spawned [1] Binoculars @ <7419.505859, 7.447307, 3581.801270> ... Lifespan: Set to 30 minutes.
[AirdropContainerFall] Loot Spawned [2] PistolSuppressor @ <7417.670410, 7.319163, 3578.384033> ... Lifespan: Set to 30 minutes.
[AirdropContainerFall] Loot Spawned [3] USMCPants_Desert @ <7418.860352, 7.306605, 3579.105225> ... Lifespan: Set to 30 minutes.
[AirdropContainerFall] Loot Spawned [4] TacticalGloves_Beige @ <7420.460938, 7.415736, 3582.045410> ... Lifespan: Set to 30 minutes.
[AirdropContainerFall] Loot Spawned [5] PistolSuppressor @ <7418.164551, 7.443294, 3580.704590> ... Lifespan: Set to 30 minutes.
[AirdropContainerFall] Loot Spawned [6] AmmoBox_45ACP_25Rnd @ <7417.886719, 7.499717, 3581.372070> ... Lifespan: Set to 30 minutes.
[AirdropContainerFall] Loot Spawned [7] MilitaryBoots_Black @ <7421.479980, 7.366434, 3582.332764> ... Lifespan: Set to 30 minutes.
[AirdropContainerFall] Loot Spawned [8] TacticalBaconCan @ <7419.605957, 7.403258, 3581.189941> ... Lifespan: Set to 30 minutes.
[AirdropContainerFall] Loot Spawned [9] USMCJacket_Woodland @ <7422.141602, 7.187576, 3579.774658> ... Lifespan: Set to 30 minutes.
[AirdropContainerFall] Loot Spawned [10] MilitaryBoots_Black @ <7420.655273, 7.079288, 3576.628174> ... Lifespan: Set to 30 minutes.
[AirdropContainerFall] Loot Spawned [11] AssaultBag_Black @ <7422.535156, 7.224330, 3580.833008> ... Lifespan: Set to 30 minutes.
[AirdropContainerFall] Loot Spawned [12] Canteen @ <7419.676758, 7.161117, 3577.439941> ... Lifespan: Set to 30 minutes.
[AirdropContainerFall] Loot Spawned [13] CombatKnife @ <7420.891113, 7.437500, 3583.007080> ... Lifespan: Set to 30 minutes.
[AirdropContainerFall] Loot Spawned [14] Binoculars @ <7418.877930, 7.327338, 3579.442627> ... Lifespan: Set to 30 minutes.
[AirdropContainerFall] Loot Spawned [15] UniversalLight @ <7422.935059, 6.999568, 3577.420410> ... Lifespan: Set to 30 minutes.
[AirdropContainerFall] Loot Spawned [16] KOD_RSASS_Black @ <7423.340332, 7.114983, 3579.670654> ... Lifespan: Set to 30 minutes.
[AirdropContainerFall] Loot Spawned [17] TacticalGloves_Black @ <7421.587402, 7.090969, 3577.837891> ... Lifespan: Set to 30 minutes.
[AirdropContainerFall] Loot Spawned [18] AmmoBox_556x45_20Rnd @ <7423.043945, 7.125680, 3579.515625> ... Lifespan: Set to 30 minutes.
[AirdropContainerFall] Loot Spawned [19] UniversalLight @ <7418.472656, 7.315713, 3578.948730> ... Lifespan: Set to 30 minutes.
[AirdropContainerFall] Loot Spawned [20] USMCPants_Woodland @ <7422.340332, 7.280311, 3581.697266> ... Lifespan: Set to 30 minutes.
[AirdropContainerUnstuck] Container was unstuck.
[~AirdropContainerBase] Container Destroyed on 2021-03-19 @ 07-20-10
