[AirdropPlane] Aircraft created on 2021-03-17 @ 00-33-52
[InitializeAircraft] Aircraft Initialized: Krasnostav Airstrip @ 12160/12645 (true)
[EOnBeforeDrop] The Aircraft is 1 Km from Krasnostav Airstrip. @ <10890.469727, 344.500366, 13441.011719>
[EOnDrop] Zombie Spawned [1] ZmbM_SoldierNormal @ <12101.092773, 140.500000, 12686.789063> ... Lifespan:  Set to 30 minutes.
[EOnDrop] Zombie Spawned [2] ZmbM_SoldierNormal @ <12054.527344, 140.500000, 12698.833984> ... Lifespan:  Set to 30 minutes.
[EOnDrop] Zombie Spawned [3] ZmbM_PatrolNormal_Flat @ <12079.601563, 140.500000, 12724.704102> ... Lifespan:  Set to 30 minutes.
[EOnDrop] Zombie Spawned [4] ZmbM_PatrolNormal_Summer @ <12095.748047, 140.500000, 12684.508789> ... Lifespan:  Set to 30 minutes.
[EOnDrop] Zombie Spawned [5] ZmbM_PatrolNormal_PautRev @ <12077.026367, 140.500000, 12701.745117> ... Lifespan:  Set to 30 minutes.
[EOnDrop] Zombie Spawned [6] ZmbM_PatrolNormal_PautRev @ <12071.925781, 140.500000, 12723.155273> ... Lifespan:  Set to 30 minutes.
[EOnDrop] Zombie Spawned [7] ZmbM_PatrolNormal_Autumn @ <12091.417969, 140.500000, 12727.383789> ... Lifespan:  Set to 30 minutes.
[EOnDrop] Zombie Spawned [8] ZmbM_PatrolNormal_PautRev @ <12080.320313, 140.500000, 12678.639648> ... Lifespan:  Set to 30 minutes.
[EOnDrop] Zombie Spawned [9] ZmbM_SoldierNormal @ <12047.545898, 140.500000, 12691.718750> ... Lifespan:  Set to 30 minutes.
[EOnDrop] Zombie Spawned [10] ZmbM_SoldierNormal @ <12073.327148, 140.500000, 12686.191406> ... Lifespan:  Set to 30 minutes.
[EOnDrop] Zombie Spawned [11] ZmbM_PatrolNormal_Summer @ <12091.667969, 140.500000, 12670.990234> ... Lifespan:  Set to 30 minutes.
[EOnDrop] Zombie Spawned [12] ZmbM_PatrolNormal_Summer @ <12047.784180, 140.500000, 12678.759766> ... Lifespan:  Set to 30 minutes.
[EOnDrop] Zombie Spawned [13] ZmbM_SoldierNormal @ <12061.541992, 140.500000, 12731.710938> ... Lifespan:  Set to 30 minutes.
[EOnDrop] Zombie Spawned [14] ZmbM_SoldierNormal @ <12075.431641, 140.500000, 12682.061523> ... Lifespan:  Set to 30 minutes.
[EOnDrop] Zombie Spawned [15] ZmbM_PatrolNormal_Summer @ <12074.007813, 140.500000, 12693.461914> ... Lifespan:  Set to 30 minutes.
[EOnDrop] Zombie Spawned [16] ZmbM_PatrolNormal_Autumn @ <12063.572266, 140.500000, 12655.991211> ... Lifespan:  Set to 30 minutes.
[EOnDrop] Zombie Spawned [17] ZmbM_SoldierNormal @ <12114.283203, 140.500000, 12662.615234> ... Lifespan:  Set to 30 minutes.
[EOnDrop] Zombie Spawned [18] ZmbM_PatrolNormal_Summer @ <12045.602539, 140.500000, 12710.470703> ... Lifespan:  Set to 30 minutes.
[EOnDrop] Zombie Spawned [19] ZmbM_PatrolNormal_Summer @ <12086.086914, 140.500000, 12701.039063> ... Lifespan:  Set to 30 minutes.
[EOnDrop] Zombie Spawned [20] ZmbM_SoldierNormal @ <12062.519531, 140.500000, 12718.279297> ... Lifespan:  Set to 30 minutes.
[EOnDrop] Drop spawned with 20 infected at <12081.501953, 284.155762, 12692.790039>.
[EOnDrop] Supplies have been dropped near Krasnostav Airstrip.
[EOnBeforeDelete] Aircraft despawned @ <16360.395508, 152.000610, 10004.734375>
[~AirdropPlane] Aircraft destroyed.
