[InitializeContainer] Container created on 2021-04-02 @ 09-54-43
[InitializeContainer] Winds: Vector <5.238307, 0.000000, -6.595757>, Speed 8.42282mps, Strength 0.1
[AirdropContainerFall] Drop Type 'Misc. Tools', Container: 'RANDOM', Mode/Quantity/Iems: Random/30/54, Flare:  10%
[AirdropContainerFall] Loot Spawned [1] LugWrench @ <6669.035645, 297.852203, 7743.846680> ... Lifespan: Set to 30 minutes.
[AirdropContainerFall] Loot Spawned [2] ElectronicRepairKit @ <6671.463379, 298.208710, 7749.060547> ... Lifespan: Set to 30 minutes.
[AirdropContainerFall] Loot Spawned [3] WeaponCleaningKit @ <6669.944824, 297.896240, 7744.732910> ... Lifespan: Set to 30 minutes.
[AirdropContainerFall] Loot Spawned [4] Lockpick @ <6669.401367, 297.916809, 7744.735352> ... Lifespan: Set to 30 minutes.
[AirdropContainerFall] Loot Spawned [5] Wrench @ <6671.932617, 297.884827, 7745.559570> ... Lifespan: Set to 30 minutes.
[AirdropContainerFall] Loot Spawned [6] Flashlight @ <6672.442871, 297.897949, 7745.966797> ... Lifespan: Set to 30 minutes.
[AirdropContainerFall] Loot Spawned [7] Pliers @ <6672.805176, 297.835449, 7745.401367> ... Lifespan: Set to 30 minutes.
[AirdropContainerFall] Loot Spawned [8] ElectronicRepairKit @ <6671.903809, 297.874329, 7745.420410> ... Lifespan: Set to 30 minutes.
[AirdropContainerFall] Loot Spawned [9] Headtorch_Grey @ <6672.108398, 298.133240, 7748.521973> ... Lifespan: Set to 30 minutes.
[AirdropContainerFall] Loot Spawned [10] FirefighterAxe @ <6671.543457, 297.828552, 7744.698242> ... Lifespan: Set to 30 minutes.
[AirdropContainerFall] Loot Spawned [11] KOD_DVL10 @ <6668.900879, 298.164551, 7747.397949> ... Lifespan: Set to 30 minutes.
[AirdropContainerFall] Loot Spawned [12] CableReel @ <6671.087402, 298.245728, 7749.297852> ... Lifespan: Set to 30 minutes.
[AirdropContainerFall] Loot Spawned [13] LugWrench @ <6669.244629, 297.883728, 7744.293457> ... Lifespan: Set to 30 minutes.
[AirdropContainerFall] Loot Spawned [14] CableReel @ <6673.192383, 297.838623, 7745.628906> ... Lifespan: Set to 30 minutes.
[AirdropContainerFall] Loot Spawned [15] Flashlight @ <6673.266602, 297.734619, 7744.427734> ... Lifespan: Set to 30 minutes.
[AirdropContainerFall] Loot Spawned [16] PortableGasStove @ <6667.652832, 298.305023, 7748.385742> ... Lifespan: Set to 30 minutes.
[AirdropContainerFall] Loot Spawned [17] Heatpack @ <6672.075195, 298.140167, 7748.583984> ... Lifespan: Set to 30 minutes.
[AirdropContainerFall] Loot Spawned [18] PersonalRadio @ <6671.172363, 298.167877, 7748.477539> ... Lifespan: Set to 30 minutes.
[AirdropContainerFall] Loot Spawned [19] Shovel @ <6672.696777, 298.061859, 7748.002930> ... Lifespan: Set to 30 minutes.
[AirdropContainerFall] Loot Spawned [20] Roadflare @ <6668.283203, 297.967133, 7744.833496> ... Lifespan: Set to 30 minutes.
[AirdropContainerFall] Loot Spawned [21] Chemlight_White @ <6672.264160, 298.051605, 7747.692871> ... Lifespan: Set to 30 minutes.
[AirdropContainerFall] Loot Spawned [22] Headtorch_Grey @ <6668.800293, 298.290253, 7748.745605> ... Lifespan: Set to 30 minutes.
[AirdropContainerFall] Loot Spawned [23] PersonalRadio @ <6670.779297, 297.890442, 7745.059082> ... Lifespan: Set to 30 minutes.
[AirdropContainerFall] Loot Spawned [24] Compass @ <6667.889648, 298.136780, 7746.593750> ... Lifespan: Set to 30 minutes.
[AirdropContainerFall] Loot Spawned [25] Screwdriver @ <6672.744629, 297.842102, 7745.450195> ... Lifespan: Set to 30 minutes.
[AirdropContainerFall] Loot Spawned [26] Binoculars @ <6672.257813, 298.007141, 7747.175293> ... Lifespan: Set to 30 minutes.
[AirdropContainerFall] Loot Spawned [27] Battery9V @ <6671.131348, 297.898560, 7745.329102> ... Lifespan: Set to 30 minutes.
[AirdropContainerFall] Loot Spawned [28] Screwdriver @ <6669.857910, 297.839630, 7744.052246> ... Lifespan: Set to 30 minutes.
[AirdropContainerFall] Loot Spawned [29] SewingKit @ <6671.857422, 297.878571, 7745.447754> ... Lifespan: Set to 30 minutes.
[AirdropContainerFall] Loot Spawned [30] Pickaxe @ <6672.021973, 298.072662, 7747.814941> ... Lifespan: Set to 30 minutes.
[AirdropContainerUnstuck] Container was unstuck.
[~AirdropContainerBase] Container Destroyed on 2021-04-02 @ 10-19-43
