[InitializeContainer] Container created on 2021-04-05 @ 21-54-17
[InitializeContainer] Winds: Vector <6.913915, 0.000000, -5.772694>, Speed 9.00701mps, Strength 0.1
[AirdropContainerFall] Drop Type 'Misc. Food', Container: 'RANDOM', Mode/Quantity/Iems: Random/29/30, Flare:  10%
[AirdropContainerFall] Loot Spawned [1] BakedBeansCan @ <12503.118164, 14.102710, 9174.709961> ... Lifespan: Set to 30 minutes.
[AirdropContainerFall] Loot Spawned [2] CaninaBerry @ <12506.954102, 13.542711, 9177.731445> ... Lifespan: Set to 30 minutes.
[AirdropContainerFall] Loot Spawned [3] Apple @ <12505.521484, 13.808123, 9174.502930> ... Lifespan: Set to 30 minutes.
[AirdropContainerFall] Loot Spawned [4] SpaghettiCan @ <12506.071289, 13.593180, 9179.943359> ... Lifespan: Set to 30 minutes.
[AirdropContainerFall] Loot Spawned [5] BakedBeansCan @ <12502.270508, 14.140141, 9177.108398> ... Lifespan: Set to 30 minutes.
[AirdropContainerFall] Loot Spawned [6] TunaCan @ <12501.790039, 14.264623, 9175.621094> ... Lifespan: Set to 30 minutes.
[AirdropContainerFall] Loot Spawned [7] BoxCerealCrunchin @ <12506.467773, 13.675032, 9174.954102> ... Lifespan: Set to 30 minutes.
[AirdropContainerFall] Loot Spawned [8] Potato @ <12507.161133, 13.511029, 9178.040039> ... Lifespan: Set to 30 minutes.
[AirdropContainerFall] Loot Spawned [9] SodaCan_Cola @ <12504.375000, 13.828290, 9178.441406> ... Lifespan: Set to 30 minutes.
[AirdropContainerFall] Loot Spawned [10] Canteen @ <12507.914063, 13.449908, 9176.908203> ... Lifespan: Set to 30 minutes.
[AirdropContainerFall] Loot Spawned [11] Zucchini @ <12503.084961, 14.117944, 9174.362305> ... Lifespan: Set to 30 minutes.
[AirdropContainerFall] Loot Spawned [12] SambucusBerry @ <12502.728516, 14.157128, 9174.536133> ... Lifespan: Set to 30 minutes.
[AirdropContainerFall] Loot Spawned [13] BakedBeansCan @ <12504.414063, 13.924172, 9175.214844> ... Lifespan: Set to 30 minutes.
[AirdropContainerFall] Loot Spawned [14] SodaCan_Cola @ <12502.814453, 14.153842, 9174.301758> ... Lifespan: Set to 30 minutes.
[AirdropContainerFall] Loot Spawned [15] SardinesCan @ <12504.023438, 13.835130, 9179.875000> ... Lifespan: Set to 30 minutes.
[AirdropContainerFall] Loot Spawned [16] PeachesCan @ <12503.720703, 13.894703, 9178.874023> ... Lifespan: Set to 30 minutes.
[AirdropContainerFall] Loot Spawned [17] Plum @ <12505.294922, 13.676726, 9180.309570> ... Lifespan: Set to 30 minutes.
[AirdropContainerFall] Loot Spawned [18] Rice @ <12505.722656, 13.678669, 9178.086914> ... Lifespan: Set to 30 minutes.
[AirdropContainerFall] Loot Spawned [19] SodaCan_Spite @ <12506.180664, 13.704061, 9175.172852> ... Lifespan: Set to 30 minutes.
[AirdropContainerFall] Loot Spawned [20] KOD_DVL10 @ <12507.429688, 13.481487, 9177.959961> ... Lifespan: Set to 30 minutes.
[AirdropContainerFall] Loot Spawned [21] AKM @ <12503.627930, 13.890524, 9179.500977> ... Lifespan: Set to 30 minutes.
[AirdropContainerFall] Loot Spawned [22] SodaCan_Pipsi @ <12507.875977, 13.469320, 9176.282227> ... Lifespan: Set to 30 minutes.
[AirdropContainerFall] Loot Spawned [23] TunaCan @ <12507.884766, 13.489139, 9175.416016> ... Lifespan: Set to 30 minutes.
[AirdropContainerFall] Loot Spawned [24] TunaCan @ <12504.627930, 13.794027, 9178.633789> ... Lifespan: Set to 30 minutes.
[AirdropContainerFall] Loot Spawned [25] Pumpkin @ <12507.045898, 13.550799, 9176.947266> ... Lifespan: Set to 30 minutes.
[AirdropContainerFall] Loot Spawned [26] Apple @ <12503.295898, 13.952773, 9178.699219> ... Lifespan: Set to 30 minutes.
[AirdropContainerFall] Loot Spawned [27] Rice @ <12503.492188, 13.947026, 9178.111328> ... Lifespan: Set to 30 minutes.
[AirdropContainerFall] Loot Spawned [28] PeachesCan @ <12506.676758, 13.656311, 9174.721680> ... Lifespan: Set to 30 minutes.
[AirdropContainerFall] Loot Spawned [29] SodaCan_Spite @ <12506.307617, 13.623561, 9177.523438> ... Lifespan: Set to 30 minutes.
[AirdropContainerUnstuck] Container was unstuck.
[~AirdropContainerBase] Container Destroyed on 2021-04-05 @ 22-19-17
