[InitializeContainer] Container created on 2021-04-19 @ 07-10-17
[InitializeContainer] Winds: Vector <6.672778, 0.000000, -5.920790>, Speed 8.92086mps, Strength 0.1
[AirdropContainerFall] Drop Type 'Misc. Tools', Container: 'RANDOM', Mode/Quantity/Iems: Random/30/54, Flare:  10%
[AirdropContainerFall] Loot Spawned [1] CombatKnife @ <8480.712891, 105.426125, 12755.526367> ... Lifespan: Set to 30 minutes.
[AirdropContainerFall] Loot Spawned [2] Pliers @ <8478.569336, 105.663834, 12757.085938> ... Lifespan: Set to 30 minutes.
[AirdropContainerFall] Loot Spawned [3] PortableGasStove @ <8474.367188, 105.984711, 12755.412109> ... Lifespan: Set to 30 minutes.
[AirdropContainerFall] Loot Spawned [4] LeatherSewingKit @ <8475.336914, 106.005875, 12758.095703> ... Lifespan: Set to 30 minutes.
[AirdropContainerFall] Loot Spawned [5] HuntingKnife @ <8475.953125, 105.938713, 12758.130859> ... Lifespan: Set to 30 minutes.
[AirdropContainerFall] Loot Spawned [6] Lockpick @ <8475.642578, 105.906754, 12755.163086> ... Lifespan: Set to 30 minutes.
[AirdropContainerFall] Loot Spawned [7] HuntingKnife @ <8475.655273, 105.973526, 12756.749023> ... Lifespan: Set to 30 minutes.
[AirdropContainerFall] Loot Spawned [8] Pickaxe @ <8480.708984, 105.432175, 12756.940430> ... Lifespan: Set to 30 minutes.
[AirdropContainerFall] Loot Spawned [9] ElectronicRepairKit @ <8477.544922, 105.765259, 12758.240234> ... Lifespan: Set to 30 minutes.
[AirdropContainerFall] Loot Spawned [10] SewingKit @ <8478.132813, 105.710205, 12757.666016> ... Lifespan: Set to 30 minutes.
[AirdropContainerFall] Loot Spawned [11] Binoculars @ <8476.497070, 105.877098, 12758.327148> ... Lifespan: Set to 30 minutes.
[AirdropContainerFall] Loot Spawned [12] Machete @ <8479.692383, 105.526711, 12753.134766> ... Lifespan: Set to 30 minutes.
[AirdropContainerFall] Loot Spawned [13] FirefighterAxe @ <8479.792969, 105.529144, 12756.463867> ... Lifespan: Set to 30 minutes.
[AirdropContainerFall] Loot Spawned [14] Matchbox @ <8478.137695, 105.686882, 12754.065430> ... Lifespan: Set to 30 minutes.
[AirdropContainerFall] Loot Spawned [15] Headtorch_Grey @ <8476.204102, 105.919128, 12757.057617> ... Lifespan: Set to 30 minutes.
[AirdropContainerFall] Loot Spawned [16] AKM @ <8477.395508, 105.726440, 12753.786133> ... Lifespan: Set to 30 minutes.
[AirdropContainerFall] Loot Spawned [17] Hammer @ <8478.032227, 105.721733, 12757.621094> ... Lifespan: Set to 30 minutes.
[AirdropContainerFall] Loot Spawned [18] Rangefinder @ <8476.649414, 105.870445, 12757.661133> ... Lifespan: Set to 30 minutes.
[AirdropContainerFall] Loot Spawned [19] PortableGasLamp @ <8476.376953, 105.901428, 12757.557617> ... Lifespan: Set to 30 minutes.
[AirdropContainerFall] Loot Spawned [20] ElectronicRepairKit @ <8477.076172, 105.826736, 12757.493164> ... Lifespan: Set to 30 minutes.
[AirdropContainerFall] Loot Spawned [21] Shovel @ <8480.102539, 105.483894, 12753.505859> ... Lifespan: Set to 30 minutes.
[AirdropContainerFall] Loot Spawned [22] Chemlight_Green @ <8477.565430, 105.765991, 12758.035156> ... Lifespan: Set to 30 minutes.
[AirdropContainerFall] Loot Spawned [23] LugWrench @ <8479.625000, 105.539749, 12754.565430> ... Lifespan: Set to 30 minutes.
[AirdropContainerFall] Loot Spawned [24] WoodAxe @ <8477.389648, 105.738312, 12754.054688> ... Lifespan: Set to 30 minutes.
[AirdropContainerFall] Loot Spawned [25] OrienteeringCompass @ <8475.652344, 105.933403, 12755.803711> ... Lifespan: Set to 30 minutes.
[AirdropContainerFall] Loot Spawned [26] KOD_DVL10 @ <8479.081055, 105.606567, 12757.747070> ... Lifespan: Set to 30 minutes.
[AirdropContainerFall] Loot Spawned [27] ElectronicRepairKit @ <8476.008789, 105.890739, 12755.382813> ... Lifespan: Set to 30 minutes.
[AirdropContainerFall] Loot Spawned [28] Screwdriver @ <8477.240234, 105.701851, 12752.956055> ... Lifespan: Set to 30 minutes.
[AirdropContainerFall] Loot Spawned [29] Chemlight_White @ <8479.602539, 105.542053, 12754.548828> ... Lifespan: Set to 30 minutes.
[AirdropContainerFall] Loot Spawned [30] Hammer @ <8477.425781, 105.784225, 12757.823242> ... Lifespan: Set to 30 minutes.
[AirdropContainerUnstuck] Container was unstuck.
[~AirdropContainerBase] Container Destroyed on 2021-04-19 @ 07-35-17
