[AirdropPlane] Aircraft created on 2021-04-30 @ 22-03-37
[InitializeAircraft] Aircraft Initialized: Northwest Airfield @ 4500/10350 (true)
[EOnBeforeDrop] The Aircraft is 1 Km from Northwest Airfield. @ <5830.502930, 412.214539, 11038.460938>
[EOnDrop] Zombie Spawned [1] ZmbM_PatrolNormal_PautRev @ <4573.142090, 339.500000, 10406.541992> ... Lifespan:  Set to 60 minutes.
[EOnDrop] Zombie Spawned [2] ZmbM_PatrolNormal_Flat @ <4605.104492, 340.184814, 10385.135742> ... Lifespan:  Set to 60 minutes.
[EOnDrop] Zombie Spawned [3] ZmbM_PatrolNormal_Summer @ <4573.724121, 339.356598, 10357.696289> ... Lifespan:  Set to 60 minutes.
[EOnDrop] Zombie Spawned [4] ZmbM_PatrolNormal_Autumn @ <4576.862793, 339.532867, 10351.945313> ... Lifespan:  Set to 60 minutes.
[EOnDrop] Zombie Spawned [5] ZmbM_SoldierNormal @ <4584.651855, 339.500000, 10426.638672> ... Lifespan:  Set to 60 minutes.
[EOnDrop] Zombie Spawned [6] ZmbM_PatrolNormal_PautRev @ <4605.188477, 339.500000, 10416.574219> ... Lifespan:  Set to 60 minutes.
[EOnDrop] Zombie Spawned [7] ZmbM_PatrolNormal_Autumn @ <4533.861328, 339.960876, 10408.299805> ... Lifespan:  Set to 60 minutes.
[EOnDrop] Zombie Spawned [8] ZmbM_SoldierNormal @ <4580.524902, 339.500000, 10399.569336> ... Lifespan:  Set to 60 minutes.
[EOnDrop] Zombie Spawned [9] ZmbM_PatrolNormal_Autumn @ <4592.270508, 339.783356, 10420.072266> ... Lifespan:  Set to 60 minutes.
[EOnDrop] Zombie Spawned [10] ZmbM_PatrolNormal_Flat @ <4566.060547, 339.500000, 10397.944336> ... Lifespan:  Set to 60 minutes.
[EOnDrop] Zombie Spawned [11] ZmbM_PatrolNormal_Autumn @ <4572.234863, 339.500000, 10377.609375> ... Lifespan:  Set to 60 minutes.
[EOnDrop] Zombie Spawned [12] ZmbM_PatrolNormal_Autumn @ <4542.938965, 339.519226, 10420.961914> ... Lifespan:  Set to 60 minutes.
[EOnDrop] Zombie Spawned [13] ZmbM_SoldierNormal @ <4595.629883, 339.641968, 10394.333984> ... Lifespan:  Set to 60 minutes.
[EOnDrop] Zombie Spawned [14] ZmbM_PatrolNormal_PautRev @ <4585.491211, 339.500000, 10373.866211> ... Lifespan:  Set to 60 minutes.
[EOnDrop] Zombie Spawned [15] ZmbM_PatrolNormal_Autumn @ <4584.928223, 339.500000, 10393.189453> ... Lifespan:  Set to 60 minutes.
[EOnDrop] Zombie Spawned [16] ZmbM_PatrolNormal_Flat @ <4541.160156, 339.605804, 10413.449219> ... Lifespan:  Set to 60 minutes.
[EOnDrop] Zombie Spawned [17] ZmbM_PatrolNormal_PautRev @ <4558.848145, 339.500000, 10434.074219> ... Lifespan:  Set to 60 minutes.
[EOnDrop] Zombie Spawned [18] ZmbM_PatrolNormal_Summer @ <4554.756836, 339.500000, 10411.956055> ... Lifespan:  Set to 60 minutes.
[EOnDrop] Zombie Spawned [19] ZmbM_PatrolNormal_Autumn @ <4605.310059, 339.500000, 10360.868164> ... Lifespan:  Set to 60 minutes.
[EOnDrop] Zombie Spawned [20] ZmbM_PatrolNormal_PautRev @ <4547.863281, 339.506195, 10409.497070> ... Lifespan:  Set to 60 minutes.
[EOnDrop] Drop spawned with 20 infected at <4579.379883, 479.012695, 10391.869141>.
[EOnDrop] Supplies have been dropped near Northwest Airfield.
[EOnBeforeDelete] Aircraft despawned @ <-1000.771545, 434.295532, 7507.892578>
[~AirdropPlane] Aircraft destroyed.
