[InitializeContainer] Container created on 2021-03-20 @ 03-45-57
[InitializeContainer] Winds: Vector <-1.193218, 0.000000, 15.672332>, Speed 15.7177mps, Strength 0.1
[AirdropContainerFall] Drop Type 'Military East', Container: 'AirdropContainer_Military', Mode/Quantity/Iems: Random/20/33, Flare:  10%
[AirdropContainerFall] Loot Spawned [1] GorkaPants_Autumn @ <3185.830566, 203.300613, 12869.491211> ... Lifespan: Set to 30 minutes.
[AirdropContainerFall] Loot Spawned [2] Mag_AKM_30Rnd @ <3189.402588, 203.157349, 12867.630859> ... Lifespan: Set to 30 minutes.
[AirdropContainerFall] Loot Spawned [3] TacticalGloves_Green @ <3189.679932, 203.147705, 12867.764648> ... Lifespan: Set to 30 minutes.
[AirdropContainerFall] Loot Spawned [4] TacticalGloves_Beige @ <3187.866211, 203.231308, 12870.838867> ... Lifespan: Set to 30 minutes.
[AirdropContainerFall] Loot Spawned [5] GorkaEJacket_PautRev @ <3191.819092, 203.068848, 12868.711914> ... Lifespan: Set to 30 minutes.
[AirdropContainerFall] Loot Spawned [6] AKM @ <3192.146484, 203.061569, 12870.043945> ... Lifespan: Set to 30 minutes.
[AirdropContainerFall] Loot Spawned [7] GorkaEJacket_PautRev @ <3187.024170, 203.244003, 12867.231445> ... Lifespan: Set to 30 minutes.
[AirdropContainerFall] Loot Spawned [8] CanOpener @ <3187.963135, 203.233398, 12871.930664> ... Lifespan: Set to 30 minutes.
[AirdropContainerFall] Loot Spawned [9] TacticalGloves_Green @ <3188.730225, 203.185883, 12868.276367> ... Lifespan: Set to 30 minutes.
[AirdropContainerFall] Loot Spawned [10] AK_Bayonet @ <3187.447021, 203.237045, 12868.885742> ... Lifespan: Set to 30 minutes.
[AirdropContainerFall] Loot Spawned [11] AK_Suppressor @ <3190.106934, 203.124939, 12866.487305> ... Lifespan: Set to 30 minutes.
[AirdropContainerFall] Loot Spawned [12] GorkaEJacket_PautRev @ <3190.411133, 203.132339, 12870.730469> ... Lifespan: Set to 30 minutes.
[AirdropContainerFall] Loot Spawned [13] TacticalGoggles @ <3191.677002, 203.085938, 12871.207031> ... Lifespan: Set to 30 minutes.
[AirdropContainerFall] Loot Spawned [14] GorkaPants_Flat @ <3190.811523, 203.108078, 12868.780273> ... Lifespan: Set to 30 minutes.
[AirdropContainerFall] Loot Spawned [15] AK101 @ <3188.075684, 203.232300, 12872.541992> ... Lifespan: Set to 30 minutes.
[AirdropContainerFall] Loot Spawned [16] GorkaEJacket_Autumn @ <3190.970703, 203.101822, 12868.751953> ... Lifespan: Set to 30 minutes.
[AirdropContainerFall] Loot Spawned [17] AKM @ <3186.898438, 203.268707, 12870.835938> ... Lifespan: Set to 30 minutes.
[AirdropContainerFall] Loot Spawned [18] TacticalGloves_Green @ <3190.650635, 203.130768, 12872.174805> ... Lifespan: Set to 30 minutes.
[AirdropContainerFall] Loot Spawned [19] GorkaPants_PautRev @ <3189.266113, 203.183380, 12871.999023> ... Lifespan: Set to 30 minutes.
[AirdropContainerFall] Loot Spawned [20] AK_Bayonet @ <3187.023193, 203.263840, 12870.827148> ... Lifespan: Set to 30 minutes.
[AirdropContainerUnstuck] Container was unstuck.
[~AirdropContainerBase] Container Destroyed on 2021-03-20 @ 04-10-57
