[InitializeContainer] Container created on 2021-04-21 @ 00-52-39
[InitializeContainer] Winds: Vector <5.271065, 0.000000, -6.583965>, Speed 8.43402mps, Strength 0.1
[AirdropContainerFall] Drop Type 'Military East', Container: 'AirdropContainer_Military', Mode/Quantity/Iems: Random/20/33, Flare:  10%
[AirdropContainerFall] Loot Spawned [1] AK_Bayonet @ <6681.547852, 298.538269, 7757.988770> ... Lifespan: Set to 30 minutes.
[AirdropContainerFall] Loot Spawned [2] AK_RailHndgrd @ <6682.402344, 298.195007, 7754.517578> ... Lifespan: Set to 30 minutes.
[AirdropContainerFall] Loot Spawned [3] GorkaPants_Summer @ <6679.623535, 298.130951, 7752.255371> ... Lifespan: Set to 30 minutes.
[AirdropContainerFall] Loot Spawned [4] KOD_M110_Tan @ <6679.069336, 298.265594, 7753.559570> ... Lifespan: Set to 30 minutes.
[AirdropContainerFall] Loot Spawned [5] AKM @ <6678.956543, 298.502472, 7756.204590> ... Lifespan: Set to 30 minutes.
[AirdropContainerFall] Loot Spawned [6] AK_RailHndgrd @ <6681.999512, 298.268005, 7755.155273> ... Lifespan: Set to 30 minutes.
[AirdropContainerFall] Loot Spawned [7] KOD_M110_Tan @ <6681.631348, 298.212433, 7754.309082> ... Lifespan: Set to 30 minutes.
[AirdropContainerFall] Loot Spawned [8] GorkaPants_Summer @ <6677.285645, 298.500732, 7755.362305> ... Lifespan: Set to 30 minutes.
[AirdropContainerFall] Loot Spawned [9] GorkaEJacket_Flat @ <6678.872070, 298.504883, 7756.188965> ... Lifespan: Set to 30 minutes.
[AirdropContainerFall] Loot Spawned [10] AK_PlasticBttstck @ <6680.511719, 298.610077, 7758.211426> ... Lifespan: Set to 30 minutes.
[AirdropContainerFall] Loot Spawned [11] GorkaPants_PautRev @ <6679.000977, 298.620056, 7757.504883> ... Lifespan: Set to 30 minutes.
[AirdropContainerFall] Loot Spawned [12] AK_Suppressor @ <6679.420898, 298.224426, 7753.259277> ... Lifespan: Set to 30 minutes.
[AirdropContainerFall] Loot Spawned [13] GorkaEJacket_Flat @ <6680.317871, 298.525085, 7757.120605> ... Lifespan: Set to 30 minutes.
[AirdropContainerFall] Loot Spawned [14] AmmoBox_762x39_20Rnd @ <6678.503418, 298.477783, 7755.712402> ... Lifespan: Set to 30 minutes.
[AirdropContainerFall] Loot Spawned [15] GorkaEJacket_Autumn @ <6682.491699, 298.263763, 7755.373535> ... Lifespan: Set to 30 minutes.
[AirdropContainerFall] Loot Spawned [16] Binoculars @ <6679.155273, 298.630188, 7757.689941> ... Lifespan: Set to 30 minutes.
[AirdropContainerFall] Loot Spawned [17] Binoculars @ <6677.708984, 298.276031, 7752.949707> ... Lifespan: Set to 30 minutes.
[AirdropContainerFall] Loot Spawned [18] GorkaEJacket_PautRev @ <6678.975586, 298.543396, 7756.658691> ... Lifespan: Set to 30 minutes.
[AirdropContainerFall] Loot Spawned [19] Mag_AKM_30Rnd @ <6677.922852, 298.488525, 7755.543457> ... Lifespan: Set to 30 minutes.
[AirdropContainerFall] Loot Spawned [20] KOD_M110_Tan @ <6681.231934, 298.502594, 7757.393066> ... Lifespan: Set to 30 minutes.
[AirdropContainerUnstuck] Container was unstuck.
[~AirdropContainerBase] Container Destroyed on 2021-04-21 @ 01-00-23
