[InitializeContainer] Container created on 2021-03-16 @ 12-09-42
[InitializeContainer] Winds: Vector <10.370541, 0.000000, -1.759025>, Speed 10.5187mps, Strength 0.1
[AirdropContainerFall] Drop Type 'Misc. Food', Container: 'RANDOM', Mode/Quantity/Iems: Random/29/30, Flare:  10%
[AirdropContainerFall] Loot Spawned [1] Plum @ <12095.657227, 140.001007, 12692.738281> ... Lifespan: Set to 30 minutes.
[AirdropContainerFall] Loot Spawned [2] Zucchini @ <12097.373047, 140.001007, 12690.007813> ... Lifespan: Set to 30 minutes.
[AirdropContainerFall] Loot Spawned [3] TunaCan @ <12095.542969, 140.001007, 12693.899414> ... Lifespan: Set to 30 minutes.
[AirdropContainerFall] Loot Spawned [4] SpaghettiCan @ <12096.626953, 140.001007, 12690.827148> ... Lifespan: Set to 30 minutes.
[AirdropContainerFall] Loot Spawned [5] TacticalBaconCan @ <12100.298828, 140.001007, 12690.121094> ... Lifespan: Set to 30 minutes.
[AirdropContainerFall] Loot Spawned [6] SodaCan_Pipsi @ <12098.333984, 140.001007, 12693.652344> ... Lifespan: Set to 30 minutes.
[AirdropContainerFall] Loot Spawned [7] SodaCan_Cola @ <12097.882813, 140.001007, 12689.213867> ... Lifespan: Set to 30 minutes.
[AirdropContainerFall] Loot Spawned [8] GreenBellPepper @ <12098.070313, 140.001007, 12694.311523> ... Lifespan: Set to 30 minutes.
[AirdropContainerFall] Loot Spawned [9] Rice @ <12100.208008, 140.001007, 12691.516602> ... Lifespan: Set to 30 minutes.
[AirdropContainerFall] Loot Spawned [10] Canteen @ <12095.459961, 140.001007, 12691.765625> ... Lifespan: Set to 30 minutes.
[AirdropContainerFall] Loot Spawned [11] Rice @ <12098.542969, 140.001007, 12689.640625> ... Lifespan: Set to 30 minutes.
[AirdropContainerFall] Loot Spawned [12] CaninaBerry @ <12099.163086, 140.001007, 12690.201172> ... Lifespan: Set to 30 minutes.
[AirdropContainerFall] Loot Spawned [13] TunaCan @ <12098.213867, 140.001007, 12694.557617> ... Lifespan: Set to 30 minutes.
[AirdropContainerFall] Loot Spawned [14] BoxCerealCrunchin @ <12098.207031, 140.001007, 12689.936523> ... Lifespan: Set to 30 minutes.
[AirdropContainerFall] Loot Spawned [15] BakedBeansCan @ <12099.248047, 140.001007, 12694.976563> ... Lifespan: Set to 30 minutes.
[AirdropContainerFall] Loot Spawned [16] Rice @ <12095.850586, 140.001007, 12691.594727> ... Lifespan: Set to 30 minutes.
[AirdropContainerFall] Loot Spawned [17] PowderedMilk @ <12097.377930, 140.001007, 12694.109375> ... Lifespan: Set to 30 minutes.
[AirdropContainerFall] Loot Spawned [18] SambucusBerry @ <12099.562500, 140.001007, 12691.195313> ... Lifespan: Set to 30 minutes.
[AirdropContainerFall] Loot Spawned [19] BoxCerealCrunchin @ <12100.371094, 140.001007, 12691.336914> ... Lifespan: Set to 30 minutes.
[AirdropContainerFall] Loot Spawned [20] TunaCan @ <12096.846680, 140.001007, 12693.240234> ... Lifespan: Set to 30 minutes.
[AirdropContainerFall] Loot Spawned [21] SardinesCan @ <12094.965820, 140.001007, 12691.667969> ... Lifespan: Set to 30 minutes.
[AirdropContainerFall] Loot Spawned [22] SambucusBerry @ <12098.711914, 140.001007, 12693.505859> ... Lifespan: Set to 30 minutes.
[AirdropContainerFall] Loot Spawned [23] PeachesCan @ <12097.879883, 140.001007, 12695.288086> ... Lifespan: Set to 30 minutes.
[AirdropContainerFall] Loot Spawned [24] BakedBeansCan @ <12097.260742, 140.001007, 12690.260742> ... Lifespan: Set to 30 minutes.
[AirdropContainerFall] Loot Spawned [25] Canteen @ <12099.330078, 140.001007, 12689.110352> ... Lifespan: Set to 30 minutes.
[AirdropContainerFall] Loot Spawned [26] SardinesCan @ <12099.212891, 140.001007, 12689.654297> ... Lifespan: Set to 30 minutes.
[AirdropContainerFall] Loot Spawned [27] Plum @ <12100.283203, 140.001007, 12690.570313> ... Lifespan: Set to 30 minutes.
[AirdropContainerFall] Loot Spawned [28] SodaCan_Spite @ <12096.769531, 140.001007, 12688.994141> ... Lifespan: Set to 30 minutes.
[AirdropContainerFall] Loot Spawned [29] CaninaBerry @ <12094.605469, 140.001007, 12692.000000> ... Lifespan: Set to 30 minutes.
[AirdropContainerUnstuck] Container was unstuck.
[~AirdropContainerBase] Container Destroyed on 2021-03-16 @ 12-34-42
