[InitializeContainer] Container created on 2021-03-18 @ 09-52-27
[InitializeContainer] Winds: Vector <10.047593, 0.000000, 8.182533>, Speed 12.9579mps, Strength 0.1
[AirdropContainerFall] Drop Type 'Misc. Food', Container: 'RANDOM', Mode/Quantity/Iems: Random/29/30, Flare:  10%
[AirdropContainerFall] Loot Spawned [1] Lard @ <12377.717773, 24.340651, 9291.647461> ... Lifespan: Set to 30 minutes.
[AirdropContainerFall] Loot Spawned [2] BoxCerealCrunchin @ <12380.719727, 24.340897, 9289.185547> ... Lifespan: Set to 30 minutes.
[AirdropContainerFall] Loot Spawned [3] Canteen @ <12378.650391, 24.410389, 9289.298828> ... Lifespan: Set to 30 minutes.
[AirdropContainerFall] Loot Spawned [4] SodaCan_Cola @ <12377.206055, 24.418369, 9290.299805> ... Lifespan: Set to 30 minutes.
[AirdropContainerFall] Loot Spawned [5] SodaCan_Pipsi @ <12381.176758, 24.306446, 9289.594727> ... Lifespan: Set to 30 minutes.
[AirdropContainerFall] Loot Spawned [6] TunaCan @ <12380.190430, 24.432819, 9287.529297> ... Lifespan: Set to 30 minutes.
[AirdropContainerFall] Loot Spawned [7] Plum @ <12379.803711, 24.171169, 9293.753906> ... Lifespan: Set to 30 minutes.
[AirdropContainerFall] Loot Spawned [8] SodaCan_Cola @ <12378.638672, 24.442066, 9288.611328> ... Lifespan: Set to 30 minutes.
[AirdropContainerFall] Loot Spawned [9] SodaCan_Cola @ <12381.899414, 24.165075, 9292.215820> ... Lifespan: Set to 30 minutes.
[AirdropContainerFall] Loot Spawned [10] Pumpkin @ <12378.922852, 24.196236, 9293.900391> ... Lifespan: Set to 30 minutes.
[AirdropContainerFall] Loot Spawned [11] CaninaBerry @ <12381.479492, 24.359949, 9288.130859> ... Lifespan: Set to 30 minutes.
[AirdropContainerFall] Loot Spawned [12] SodaCan_Cola @ <12381.998047, 24.299438, 9289.082031> ... Lifespan: Set to 30 minutes.
[AirdropContainerFall] Loot Spawned [13] SardinesCan @ <12380.772461, 24.365976, 9288.572266> ... Lifespan: Set to 30 minutes.
[AirdropContainerFall] Loot Spawned [14] PowderedMilk @ <12377.988281, 24.309544, 9292.132813> ... Lifespan: Set to 30 minutes.
[AirdropContainerFall] Loot Spawned [15] Canteen @ <12381.555664, 24.326437, 9288.830078> ... Lifespan: Set to 30 minutes.
[AirdropContainerFall] Loot Spawned [16] WaterBottle @ <12377.330078, 24.335417, 9292.083008> ... Lifespan: Set to 30 minutes.
[AirdropContainerFall] Loot Spawned [17] SodaCan_Pipsi @ <12382.745117, 24.139137, 9292.009766> ... Lifespan: Set to 30 minutes.
[AirdropContainerFall] Loot Spawned [18] Canteen @ <12379.698242, 24.156857, 9294.154297> ... Lifespan: Set to 30 minutes.
[AirdropContainerFall] Loot Spawned [19] AK101 @ <12383.429688, 24.186697, 9290.078125> ... Lifespan: Set to 30 minutes.
[AirdropContainerFall] Loot Spawned [20] SodaCan_Cola @ <12381.378906, 24.215977, 9291.485352> ... Lifespan: Set to 30 minutes.
[AirdropContainerFall] Loot Spawned [21] Tomato @ <12379.506836, 24.435566, 9288.026367> ... Lifespan: Set to 30 minutes.
[AirdropContainerFall] Loot Spawned [22] AK101 @ <12381.677734, 24.170515, 9292.273438> ... Lifespan: Set to 30 minutes.
[AirdropContainerFall] Loot Spawned [23] SardinesCan @ <12379.087891, 24.252724, 9292.523438> ... Lifespan: Set to 30 minutes.
[AirdropContainerFall] Loot Spawned [24] Potato @ <12380.099609, 24.383877, 9288.715820> ... Lifespan: Set to 30 minutes.
[AirdropContainerFall] Loot Spawned [25] TunaCan @ <12379.271484, 24.263649, 9292.125977> ... Lifespan: Set to 30 minutes.
[AirdropContainerFall] Loot Spawned [26] AK101 @ <12382.614258, 24.135973, 9292.243164> ... Lifespan: Set to 30 minutes.
[AirdropContainerFall] Loot Spawned [27] SodaCan_Pipsi @ <12378.928711, 24.236380, 9293.010742> ... Lifespan: Set to 30 minutes.
[AirdropContainerFall] Loot Spawned [28] SodaCan_Pipsi @ <12383.210938, 24.145367, 9291.289063> ... Lifespan: Set to 30 minutes.
[AirdropContainerFall] Loot Spawned [29] Apple @ <12378.422852, 24.454752, 9288.527344> ... Lifespan: Set to 30 minutes.
[AirdropContainerFall] Airdrop Flare Spawned @ <12379.482422, 24.224657, 9292.829102> ... Lifespan: Set to 30 minutes.
[AirdropContainerUnstuck] Container was unstuck.
