[InitializeContainer] Container created on 2021-04-26 @ 13-36-10
[InitializeContainer] Winds: Vector <3.263950, 0.000000, -7.024812>, Speed 7.74605mps, Strength 0.1
[AirdropContainerFall] Drop Type 'Military West', Container: 'RANDOM', Mode/Quantity/Iems: Random/20/40, Flare:  10%
[AirdropContainerFall] Loot Spawned [1] UKAssVest_Khaki @ <13520.100586, 26.481094, 3110.570801> ... Lifespan: Set to 60 minutes.
[AirdropContainerFall] Loot Spawned [2] MilitaryBoots_Beige @ <13518.812500, 26.118469, 3108.909912> ... Lifespan: Set to 60 minutes.
[AirdropContainerFall] Loot Spawned [3] AssaultBag_Black @ <13517.336914, 25.788485, 3114.514404> ... Lifespan: Set to 60 minutes.
[AirdropContainerFall] Loot Spawned [4] UniversalLight @ <13518.238281, 26.019911, 3114.006592> ... Lifespan: Set to 60 minutes.
[AirdropContainerFall] Loot Spawned [5] AssaultBag_Ttsko @ <13516.253906, 25.374378, 3112.571533> ... Lifespan: Set to 60 minutes.
[AirdropContainerFall] Loot Spawned [6] Battery9V @ <13518.773438, 26.103106, 3109.928955> ... Lifespan: Set to 60 minutes.
[AirdropContainerFall] Loot Spawned [7] MilitaryBoots_Brown @ <13517.382813, 25.804024, 3114.559814> ... Lifespan: Set to 60 minutes.
[AirdropContainerFall] Loot Spawned [8] M4_Suppressor @ <13519.964844, 26.445986, 3109.636719> ... Lifespan: Set to 60 minutes.
[AirdropContainerFall] Loot Spawned [9] Mag_STANAG_30Rnd @ <13519.469727, 26.303812, 3109.684326> ... Lifespan: Set to 60 minutes.
[AirdropContainerFall] Loot Spawned [10] Binoculars @ <13516.723633, 25.570515, 3113.724609> ... Lifespan: Set to 60 minutes.
[AirdropContainerFall] Loot Spawned [11] Rangefinder @ <13520.302734, 26.584139, 3113.489014> ... Lifespan: Set to 60 minutes.
[AirdropContainerFall] Loot Spawned [12] TacticalGloves_Beige @ <13516.291016, 25.390768, 3112.677002> ... Lifespan: Set to 60 minutes.
[AirdropContainerFall] Loot Spawned [13] AmmoBox_556x45_20Rnd @ <13517.658203, 25.815979, 3109.327637> ... Lifespan: Set to 60 minutes.
[AirdropContainerFall] Loot Spawned [14] MilitaryBoots_Black @ <13521.235352, 26.811726, 3112.746826> ... Lifespan: Set to 60 minutes.
[AirdropContainerFall] Loot Spawned [15] UniversalLight @ <13521.437500, 26.949217, 3114.272705> ... Lifespan: Set to 60 minutes.
[AirdropContainerFall] Loot Spawned [16] WeaponCleaningKit @ <13519.628906, 26.346632, 3110.395752> ... Lifespan: Set to 60 minutes.
[AirdropContainerFall] Loot Spawned [17] M4_T3NrdSOptic @ <13516.597656, 25.493834, 3110.610840> ... Lifespan: Set to 60 minutes.
[AirdropContainerFall] Loot Spawned [18] WeaponCleaningKit @ <13520.446289, 26.599684, 3113.008057> ... Lifespan: Set to 60 minutes.
[AirdropContainerFall] Loot Spawned [19] TacticalGloves_Green @ <13521.868164, 26.982470, 3111.925293> ... Lifespan: Set to 60 minutes.
[AirdropContainerFall] Loot Spawned [20] MilitaryBoots_Black @ <13521.193359, 26.800161, 3109.145508> ... Lifespan: Set to 60 minutes.
[AirdropContainerUnstuck] Container was unstuck.
[~AirdropContainerBase] Container Destroyed on 2021-04-26 @ 14-06-09
