[InitializeContainer] Container created on 2021-04-05 @ 03-36-27
[InitializeContainer] Winds: Vector <0.088151, 0.000000, -6.538029>, Speed 6.53862mps, Strength 0.1
[AirdropContainerFall] Drop Type 'Misc. Food', Container: 'RANDOM', Mode/Quantity/Iems: Random/29/30, Flare:  10%
[AirdropContainerFall] Loot Spawned [1] Pumpkin @ <1978.019653, 285.087830, 7567.064453> ... Lifespan: Set to 30 minutes.
[AirdropContainerFall] Loot Spawned [2] SambucusBerry @ <1979.991699, 286.063965, 7570.482422> ... Lifespan: Set to 30 minutes.
[AirdropContainerFall] Loot Spawned [3] Rice @ <1976.621094, 284.955414, 7567.949707> ... Lifespan: Set to 30 minutes.
[AirdropContainerFall] Loot Spawned [4] WaterBottle @ <1976.727173, 285.159576, 7569.319824> ... Lifespan: Set to 30 minutes.
[AirdropContainerFall] Loot Spawned [5] SodaCan_Cola @ <1977.837402, 285.362183, 7569.296387> ... Lifespan: Set to 30 minutes.
[AirdropContainerFall] Loot Spawned [6] SodaCan_Spite @ <1977.159546, 284.782410, 7566.104004> ... Lifespan: Set to 30 minutes.
[AirdropContainerFall] Loot Spawned [7] SodaCan_Kvass @ <1980.651855, 285.515259, 7566.707031> ... Lifespan: Set to 30 minutes.
[AirdropContainerFall] Loot Spawned [8] Potato @ <1978.456299, 285.527435, 7569.506348> ... Lifespan: Set to 30 minutes.
[AirdropContainerFall] Loot Spawned [9] AKM @ <1977.951172, 285.448730, 7569.720703> ... Lifespan: Set to 30 minutes.
[AirdropContainerFall] Loot Spawned [10] KOD_M16A4 @ <1982.392456, 286.049316, 7567.356934> ... Lifespan: Set to 30 minutes.
[AirdropContainerFall] Loot Spawned [11] Lard @ <1980.628296, 286.272614, 7570.811523> ... Lifespan: Set to 30 minutes.
[AirdropContainerFall] Loot Spawned [12] WaterBottle @ <1978.073242, 284.808929, 7565.164063> ... Lifespan: Set to 30 minutes.
[AirdropContainerFall] Loot Spawned [13] KOD_DVL10 @ <1977.438965, 285.054138, 7567.557129> ... Lifespan: Set to 30 minutes.
[AirdropContainerFall] Loot Spawned [14] PeachesCan @ <1976.957764, 284.875519, 7566.962402> ... Lifespan: Set to 30 minutes.
[AirdropContainerFall] Loot Spawned [15] Rice @ <1977.607666, 284.771851, 7565.487793> ... Lifespan: Set to 30 minutes.
[AirdropContainerFall] Loot Spawned [16] SodaCan_Kvass @ <1981.002563, 285.891266, 7568.245605> ... Lifespan: Set to 30 minutes.
[AirdropContainerFall] Loot Spawned [17] Potato @ <1981.725220, 286.315338, 7569.644043> ... Lifespan: Set to 30 minutes.
[AirdropContainerFall] Loot Spawned [18] SambucusBerry @ <1978.773560, 285.718964, 7570.149414> ... Lifespan: Set to 30 minutes.
[AirdropContainerFall] Loot Spawned [19] AKM @ <1977.699097, 285.457550, 7570.090820> ... Lifespan: Set to 30 minutes.
[AirdropContainerFall] Loot Spawned [20] Pear @ <1981.929199, 286.091064, 7568.156250> ... Lifespan: Set to 30 minutes.
[AirdropContainerFall] Loot Spawned [21] SardinesCan @ <1981.899536, 286.451508, 7570.166992> ... Lifespan: Set to 30 minutes.
[AirdropContainerFall] Loot Spawned [22] KOD_M16A4 @ <1979.283691, 285.771942, 7569.788086> ... Lifespan: Set to 30 minutes.
[AirdropContainerFall] Loot Spawned [23] Lard @ <1977.752563, 285.058075, 7567.194336> ... Lifespan: Set to 30 minutes.
[AirdropContainerFall] Loot Spawned [24] SodaCan_Kvass @ <1976.810425, 285.087708, 7568.671387> ... Lifespan: Set to 30 minutes.
[AirdropContainerFall] Loot Spawned [25] Tomato @ <1980.732666, 285.860748, 7568.423340> ... Lifespan: Set to 30 minutes.
[AirdropContainerFall] Loot Spawned [26] GreenBellPepper @ <1978.451294, 285.035736, 7566.195313> ... Lifespan: Set to 30 minutes.
[AirdropContainerFall] Loot Spawned [27] GreenBellPepper @ <1981.851929, 285.943054, 7567.451660> ... Lifespan: Set to 30 minutes.
[AirdropContainerFall] Loot Spawned [28] Canteen @ <1981.263672, 286.157928, 7569.372070> ... Lifespan: Set to 30 minutes.
[AirdropContainerFall] Loot Spawned [29] KOD_M16A4 @ <1979.677490, 285.255707, 7566.147461> ... Lifespan: Set to 30 minutes.
[AirdropContainerUnstuck] Container was unstuck.
[~AirdropContainerBase] Container Destroyed on 2021-04-05 @ 04-01-27
