[AirdropPlane] Aircraft created on 2021-04-05 @ 03-07-49
[InitializeAircraft] Aircraft Initialized: Chernogorsk @ 7400/3500 (true)
[EOnBeforeDrop] The Aircraft is 1 Km from Chernogorsk. @ <6347.965820, 399.541870, 4567.708008>
[EOnDrop] Zombie Spawned [1] ZmbF_BlueCollarFat_Red @ <7331.281250, 13.466832, 3548.656494> ... Lifespan:  Set to 30 minutes.
[EOnDrop] Zombie Spawned [2] ZmbM_HeavyIndustryWorker @ <7364.035645, 10.156425, 3556.960449> ... Lifespan:  Set to 30 minutes.
[EOnDrop] Zombie Spawned [3] ZmbM_MechanicSkinny_Red @ <7368.114746, 9.815817, 3534.671387> ... Lifespan:  Set to 30 minutes.
[EOnDrop] Zombie Spawned [4] ZmbM_HandymanNormal_Grey @ <7324.777832, 13.395371, 3572.567139> ... Lifespan:  Set to 30 minutes.
[EOnDrop] Zombie Spawned [5] ZmbF_BlueCollarFat_Green @ <7323.007324, 14.158378, 3553.784912> ... Lifespan:  Set to 30 minutes.
[EOnDrop] Zombie Spawned [6] ZmbM_HandymanNormal_White @ <7333.545410, 13.250657, 3542.686768> ... Lifespan:  Set to 30 minutes.
[EOnDrop] Zombie Spawned [7] ZmbM_HeavyIndustryWorker @ <7392.798340, 8.037539, 3553.075928> ... Lifespan:  Set to 30 minutes.
[EOnDrop] Zombie Spawned [8] ZmbF_BlueCollarFat_White @ <7359.935059, 10.494877, 3562.175293> ... Lifespan:  Set to 30 minutes.
[EOnDrop] Zombie Spawned [9] ZmbF_MechanicNormal_Orange @ <7360.867676, 10.371425, 3524.500244> ... Lifespan:  Set to 30 minutes.
[EOnDrop] Zombie Spawned [10] ZmbF_BlueCollarFat_Blue @ <7335.977051, 12.639590, 3561.713135> ... Lifespan:  Set to 30 minutes.
[EOnDrop] Zombie Spawned [11] ZmbM_MechanicSkinny_Red @ <7321.736328, 13.976123, 3563.447021> ... Lifespan:  Set to 30 minutes.
[EOnDrop] Zombie Spawned [12] ZmbM_HeavyIndustryWorker @ <7387.812988, 8.545919, 3560.849365> ... Lifespan:  Set to 30 minutes.
[EOnDrop] Zombie Spawned [13] ZmbM_ConstrWorkerNormal_Black @ <7355.405762, 12.533215, 3594.362549> ... Lifespan:  Set to 30 minutes.
[EOnDrop] Zombie Spawned [14] ZmbF_MechanicNormal_Grey @ <7380.947754, 9.810783, 3578.263184> ... Lifespan:  Set to 30 minutes.
[EOnDrop] Zombie Spawned [15] ZmbF_BlueCollarFat_Blue @ <7327.463379, 14.639762, 3602.329590> ... Lifespan:  Set to 30 minutes.
[EOnDrop] Zombie Spawned [16] ZmbM_OffshoreWorker_Green @ <7325.436035, 13.976371, 3551.580322> ... Lifespan:  Set to 30 minutes.
[EOnDrop] Zombie Spawned [17] ZmbF_BlueCollarFat_Red @ <7391.687500, 8.035428, 3548.266113> ... Lifespan:  Set to 30 minutes.
[EOnDrop] Zombie Spawned [18] ZmbM_OffshoreWorker_Orange @ <7373.383789, 9.378085, 3540.012207> ... Lifespan:  Set to 30 minutes.
[EOnDrop] Zombie Spawned [19] ZmbM_OffshoreWorker_Yellow @ <7330.527344, 13.238328, 3532.117188> ... Lifespan:  Set to 30 minutes.
[EOnDrop] Zombie Spawned [20] ZmbM_ConstrWorkerNormal_Beige @ <7386.679688, 8.529610, 3557.476563> ... Lifespan:  Set to 30 minutes.
[EOnDrop] Zombie Spawned [21] ZmbF_MechanicNormal_Green @ <7382.471680, 8.650616, 3540.444336> ... Lifespan:  Set to 30 minutes.
[EOnDrop] Zombie Spawned [22] ZmbM_HandymanNormal_Blue @ <7314.070801, 14.877870, 3556.297607> ... Lifespan:  Set to 30 minutes.
[EOnDrop] Zombie Spawned [23] ZmbM_OffshoreWorker_Orange @ <7311.360840, 13.972189, 3526.947266> ... Lifespan:  Set to 30 minutes.
[EOnDrop] Zombie Spawned [24] ZmbF_BlueCollarFat_Green @ <7338.185547, 12.451313, 3560.194092> ... Lifespan:  Set to 30 minutes.
[EOnDrop] Zombie Spawned [25] ZmbM_ConstrWorkerNormal_Beige @ <7335.009277, 12.852199, 3558.335693> ... Lifespan:  Set to 30 minutes.
[EOnDrop] Zombie Spawned [26] ZmbM_MechanicSkinny_Grey @ <7347.920410, 11.702757, 3536.372314> ... Lifespan:  Set to 30 minutes.
[EOnDrop] Zombie Spawned [27] ZmbM_ConstrWorkerNormal_Green @ <7337.094727, 12.807859, 3551.262695> ... Lifespan:  Set to 30 minutes.
[EOnDrop] Zombie Spawned [28] ZmbF_BlueCollarFat_White @ <7326.164063, 13.718636, 3535.177979> ... Lifespan:  Set to 30 minutes.
[EOnDrop] Zombie Spawned [29] ZmbM_HeavyIndustryWorker @ <7362.055176, 10.205318, 3519.874512> ... Lifespan:  Set to 30 minutes.
[EOnDrop] Zombie Spawned [30] ZmbF_BlueCollarFat_Red @ <7351.122559, 11.215891, 3557.422363> ... Lifespan:  Set to 30 minutes.
[EOnDrop] Drop spawned with 30 infected at <7344.153320, 169.437119, 3555.803955>.
[EOnDrop] Supplies have been dropped near Chernogorsk.
[EOnBeforeDelete] Aircraft despawned @ <11829.704102, 152.000610, -1000.141296>
[~AirdropPlane] Aircraft destroyed.
