[InitializeContainer] Container created on 2021-03-16 @ 10-27-42
[InitializeContainer] Winds: Vector <8.741756, 0.000000, -4.226468>, Speed 9.70986mps, Strength 0.1
[AirdropContainerFall] Drop Type 'Military East', Container: 'AirdropContainer_Military', Mode/Quantity/Iems: Random/20/33, Flare:  10%
[AirdropContainerFall] Loot Spawned [1] AK_RailHndgrd @ <13656.316406, 43.257603, 3053.934326> ... Lifespan: Set to 30 minutes.
[AirdropContainerFall] Loot Spawned [2] AK101 @ <13654.847656, 42.910534, 3055.925049> ... Lifespan: Set to 30 minutes.
[AirdropContainerFall] Loot Spawned [3] GorkaEJacket_Autumn @ <13656.449219, 43.340782, 3053.264160> ... Lifespan: Set to 30 minutes.
[AirdropContainerFall] Loot Spawned [4] GorkaPants_Summer @ <13653.986328, 43.120125, 3052.529785> ... Lifespan: Set to 30 minutes.
[AirdropContainerFall] Loot Spawned [5] GorkaPants_Autumn @ <13656.837891, 43.029346, 3055.500000> ... Lifespan: Set to 30 minutes.
[AirdropContainerFall] Loot Spawned [6] GorkaPants_Flat @ <13651.757813, 42.846504, 3052.912109> ... Lifespan: Set to 30 minutes.
[AirdropContainerFall] Loot Spawned [7] AmmoBox_762x39_20Rnd @ <13652.024414, 42.594330, 3056.897705> ... Lifespan: Set to 30 minutes.
[AirdropContainerFall] Loot Spawned [8] AKM @ <13657.632813, 43.414898, 3053.102783> ... Lifespan: Set to 30 minutes.
[AirdropContainerFall] Loot Spawned [9] GorkaEJacket_Flat @ <13656.287109, 43.337879, 3051.820068> ... Lifespan: Set to 30 minutes.
[AirdropContainerFall] Loot Spawned [10] TacticalBaconCan @ <13657.388672, 42.999027, 3055.791016> ... Lifespan: Set to 30 minutes.
[AirdropContainerFall] Loot Spawned [11] TTSKOPants @ <13651.940430, 42.683750, 3055.500488> ... Lifespan: Set to 30 minutes.
[AirdropContainerFall] Loot Spawned [12] AmmoBox_762x39_20Rnd @ <13656.385742, 43.035023, 3055.385254> ... Lifespan: Set to 30 minutes.
[AirdropContainerFall] Loot Spawned [13] GorkaEJacket_Flat @ <13652.404297, 42.941414, 3052.399658> ... Lifespan: Set to 30 minutes.
[AirdropContainerFall] Loot Spawned [14] KOD_M16A4 @ <13651.678711, 42.814640, 3053.238281> ... Lifespan: Set to 30 minutes.
[AirdropContainerFall] Loot Spawned [15] GorkaPants_Summer @ <13656.199219, 43.014076, 3055.488525> ... Lifespan: Set to 30 minutes.
[AirdropContainerFall] Loot Spawned [16] GorkaPants_Summer @ <13655.939453, 43.093025, 3054.933350> ... Lifespan: Set to 30 minutes.
[AirdropContainerFall] Loot Spawned [17] TacticalGloves_Green @ <13656.000977, 43.289433, 3051.528320> ... Lifespan: Set to 30 minutes.
[AirdropContainerFall] Loot Spawned [18] KOD_M16A4 @ <13652.077148, 42.671078, 3055.894775> ... Lifespan: Set to 30 minutes.
[AirdropContainerFall] Loot Spawned [19] AK_Bayonet @ <13652.372070, 42.692459, 3056.053955> ... Lifespan: Set to 30 minutes.
[AirdropContainerFall] Loot Spawned [20] Binoculars @ <13652.055664, 42.881371, 3052.025635> ... Lifespan: Set to 30 minutes.
[AirdropContainerUnstuck] Container was unstuck.
[~AirdropContainerBase] Container Destroyed on 2021-03-16 @ 10-52-42
