[AirdropPlane] Aircraft created on 2021-04-18 @ 03-36-15
[InitializeAircraft] Aircraft Initialized: Chernogorsk @ 7400/3500 (true)
[EOnBeforeDrop] The Aircraft is 1 Km from Chernogorsk. @ <8869.433594, 382.569183, 3800.451416>
[EOnDrop] Zombie Spawned [1] ZmbM_HandymanNormal_White @ <7467.895996, 6.480000, 3541.808105> ... Lifespan:  Set to 30 minutes.
[EOnDrop] Zombie Spawned [2] ZmbF_BlueCollarFat_Blue @ <7490.117676, 6.490000, 3526.670410> ... Lifespan:  Set to 30 minutes.
[EOnDrop] Zombie Spawned [3] ZmbM_MechanicSkinny_Green @ <7502.344238, 6.490000, 3530.024414> ... Lifespan:  Set to 30 minutes.
[EOnDrop] Zombie Spawned [4] ZmbM_MechanicSkinny_Grey @ <7453.167969, 6.490000, 3530.326172> ... Lifespan:  Set to 30 minutes.
[EOnDrop] Zombie Spawned [5] ZmbM_MechanicSkinny_Red @ <7488.366211, 6.482354, 3549.265137> ... Lifespan:  Set to 30 minutes.
[EOnDrop] Zombie Spawned [6] ZmbM_ConstrWorkerNormal_Grey @ <7488.007813, 6.486588, 3535.059082> ... Lifespan:  Set to 30 minutes.
[EOnDrop] Zombie Spawned [7] ZmbF_MechanicNormal_Grey @ <7519.316406, 6.500000, 3511.308350> ... Lifespan:  Set to 30 minutes.
[EOnDrop] Zombie Spawned [8] ZmbF_MechanicNormal_Orange @ <7501.447754, 6.500000, 3475.648682> ... Lifespan:  Set to 30 minutes.
[EOnDrop] Zombie Spawned [9] ZmbM_MechanicSkinny_Blue @ <7484.859375, 6.501412, 3563.558594> ... Lifespan:  Set to 30 minutes.
[EOnDrop] Zombie Spawned [10] ZmbF_MechanicNormal_Green @ <7490.409668, 6.500000, 3516.222412> ... Lifespan:  Set to 30 minutes.
[EOnDrop] Zombie Spawned [11] ZmbM_MechanicSkinny_Green @ <7513.480469, 6.500000, 3502.630859> ... Lifespan:  Set to 30 minutes.
[EOnDrop] Zombie Spawned [12] ZmbM_ConstrWorkerNormal_Grey @ <7481.725586, 6.485250, 3536.061523> ... Lifespan:  Set to 30 minutes.
[EOnDrop] Zombie Spawned [13] ZmbM_HandymanNormal_Beige @ <7439.145508, 6.490000, 3536.148926> ... Lifespan:  Set to 30 minutes.
[EOnDrop] Zombie Spawned [14] ZmbM_OffshoreWorker_Green @ <7505.101074, 6.500000, 3510.712646> ... Lifespan:  Set to 30 minutes.
[EOnDrop] Zombie Spawned [15] ZmbM_HeavyIndustryWorker @ <7513.001953, 6.480000, 3544.750732> ... Lifespan:  Set to 30 minutes.
[EOnDrop] Zombie Spawned [16] ZmbM_ConstrWorkerNormal_Black @ <7473.757813, 6.500000, 3470.054688> ... Lifespan:  Set to 30 minutes.
[EOnDrop] Zombie Spawned [17] ZmbF_BlueCollarFat_White @ <7512.697754, 6.497033, 3519.725098> ... Lifespan:  Set to 30 minutes.
[EOnDrop] Zombie Spawned [18] ZmbM_OffshoreWorker_Red @ <7502.026367, 6.500000, 3516.877686> ... Lifespan:  Set to 30 minutes.
[EOnDrop] Zombie Spawned [19] ZmbM_OffshoreWorker_Green @ <7505.423828, 6.480000, 3546.796387> ... Lifespan:  Set to 30 minutes.
[EOnDrop] Zombie Spawned [20] ZmbM_ConstrWorkerNormal_Green @ <7476.199707, 6.500000, 3512.243652> ... Lifespan:  Set to 30 minutes.
[EOnDrop] Zombie Spawned [21] ZmbF_MechanicNormal_Orange @ <7484.219238, 6.500000, 3506.187500> ... Lifespan:  Set to 30 minutes.
[EOnDrop] Zombie Spawned [22] ZmbM_MechanicSkinny_Green @ <7491.691406, 6.490000, 3531.629639> ... Lifespan:  Set to 30 minutes.
[EOnDrop] Zombie Spawned [23] ZmbM_OffshoreWorker_Orange @ <7439.358398, 6.490000, 3538.230469> ... Lifespan:  Set to 30 minutes.
[EOnDrop] Zombie Spawned [24] ZmbM_MechanicSkinny_Blue @ <7489.785156, 6.500000, 3497.258545> ... Lifespan:  Set to 30 minutes.
[EOnDrop] Zombie Spawned [25] ZmbM_ConstrWorkerNormal_Beige @ <7465.000488, 6.483191, 3549.893066> ... Lifespan:  Set to 30 minutes.
[EOnDrop] Zombie Spawned [26] ZmbM_ConstrWorkerNormal_Beige @ <7444.062988, 6.500000, 3488.612061> ... Lifespan:  Set to 30 minutes.
[EOnDrop] Zombie Spawned [27] ZmbM_HandymanNormal_Blue @ <7467.005371, 6.485264, 3551.448242> ... Lifespan:  Set to 30 minutes.
[EOnDrop] Zombie Spawned [28] ZmbM_HandymanNormal_Green @ <7491.995117, 6.500000, 3491.244385> ... Lifespan:  Set to 30 minutes.
[EOnDrop] Zombie Spawned [29] ZmbM_HandymanNormal_Grey @ <7473.510742, 6.500000, 3491.716309> ... Lifespan:  Set to 30 minutes.
[EOnDrop] Zombie Spawned [30] ZmbF_BlueCollarFat_White @ <7486.199219, 6.502372, 3564.279053> ... Lifespan:  Set to 30 minutes.
[EOnDrop] Drop spawned with 30 infected at <7482.248047, 151.195602, 3516.779053>.
[EOnDrop] Supplies have been dropped near Chernogorsk.
[EOnBeforeDelete] Aircraft despawned @ <-1000.620178, 291.933838, 1782.364990>
[~AirdropPlane] Aircraft destroyed.
