[InitializeContainer] Container created on 2021-04-24 @ 19-04-23
[InitializeContainer] Winds: Vector <-3.025845, 0.000000, -2.889950>, Speed 4.1842mps, Strength 0.1
[AirdropContainerFall] Drop Type 'Misc. Tools', Container: 'RANDOM', Mode/Quantity/Iems: Random/20/50, Flare:  10%
[AirdropContainerFall] Loot Spawned [1] PersonalRadio @ <1831.665649, 173.811844, 5138.854004> ... Lifespan: Set to 60 minutes.
[AirdropContainerFall] Loot Spawned [2] Matchbox @ <1813.785889, 173.329956, 5134.410645> ... Lifespan: Set to 60 minutes.
[AirdropContainerFall] Loot Spawned [3] HuntingKnife @ <1823.290161, 173.702835, 5143.616211> ... Lifespan: Set to 60 minutes.
[AirdropContainerFall] Loot Spawned [4] Chemlight_Yellow @ <1815.252197, 173.388641, 5139.036133> ... Lifespan: Set to 60 minutes.
[AirdropContainerFall] Loot Spawned [5] Wrench @ <1814.340088, 173.363968, 5137.252930> ... Lifespan: Set to 60 minutes.
[AirdropContainerFall] Loot Spawned [6] KitchenKnife @ <1831.215698, 173.813812, 5139.100586> ... Lifespan: Set to 60 minutes.
[AirdropContainerFall] Loot Spawned [7] Battery9V @ <1830.952881, 173.587387, 5129.286133> ... Lifespan: Set to 60 minutes.
[AirdropContainerFall] Loot Spawned [8] Megaphone @ <1813.567139, 173.346817, 5136.129395> ... Lifespan: Set to 60 minutes.
[AirdropContainerFall] Loot Spawned [9] Lockpick @ <1832.927734, 173.706741, 5132.793945> ... Lifespan: Set to 60 minutes.
[AirdropContainerFall] Loot Spawned [10] Hacksaw @ <1831.318970, 173.607437, 5129.770508> ... Lifespan: Set to 60 minutes.
[AirdropContainerFall] Loot Spawned [11] Binoculars @ <1832.366699, 173.771317, 5135.645020> ... Lifespan: Set to 60 minutes.
[AirdropContainerFall] Loot Spawned [12] PortableGasStove @ <1832.833008, 173.751831, 5134.522461> ... Lifespan: Set to 60 minutes.
[AirdropContainerFall] Loot Spawned [13] Wrench @ <1820.237915, 173.596710, 5143.645508> ... Lifespan: Set to 60 minutes.
[AirdropContainerFall] Loot Spawned [14] Chemlight_Green @ <1831.559570, 173.637604, 5130.748047> ... Lifespan: Set to 60 minutes.
[AirdropContainerFall] Loot Spawned [15] ElectronicRepairKit @ <1820.463989, 173.262314, 5125.475098> ... Lifespan: Set to 60 minutes.
[AirdropContainerFall] Loot Spawned [16] KitchenKnife @ <1825.180786, 173.745468, 5143.409180> ... Lifespan: Set to 60 minutes.
[AirdropContainerFall] Loot Spawned [17] PersonalRadio @ <1821.190308, 173.268188, 5125.479004> ... Lifespan: Set to 60 minutes.
[AirdropContainerFall] Loot Spawned [18] Rangefinder @ <1816.436401, 173.263657, 5127.242188> ... Lifespan: Set to 60 minutes.
[AirdropContainerFall] Loot Spawned [19] Chemlight_White @ <1827.678101, 173.791473, 5142.498535> ... Lifespan: Set to 60 minutes.
[AirdropContainerFall] Loot Spawned [20] ChernarusMap @ <1818.434570, 173.263229, 5126.541016> ... Lifespan: Set to 60 minutes.
[AirdropContainerUnstuck] Container was unstuck.
[~AirdropContainerBase] Container Destroyed on 2021-04-24 @ 19-34-23
