[AirdropPlane] Aircraft created on 2021-04-04 @ 18-17-46
[InitializeAircraft] Aircraft Initialized: Stary/Novy  @ 6600/7800 (true)
[EOnBeforeDrop] The Aircraft is 1 Km from Stary/Novy . @ <7540.110352, 559.772766, 8966.796875>
[EOnDrop] Zombie Spawned [1] ZmbM_PatrolNormal_Summer @ <6639.032715, 310.284485, 7857.931641> ... Lifespan:  Set to 30 minutes.
[EOnDrop] Zombie Spawned [2] ZmbM_SoldierNormal @ <6649.352539, 307.420776, 7829.600586> ... Lifespan:  Set to 30 minutes.
[EOnDrop] Zombie Spawned [3] ZmbM_PatrolNormal_Summer @ <6658.207520, 312.510895, 7888.452637> ... Lifespan:  Set to 30 minutes.
[EOnDrop] Zombie Spawned [4] ZmbM_PatrolNormal_PautRev @ <6635.789551, 310.281494, 7856.867676> ... Lifespan:  Set to 30 minutes.
[EOnDrop] Zombie Spawned [5] ZmbM_SoldierNormal @ <6684.240234, 310.254303, 7884.170410> ... Lifespan:  Set to 30 minutes.
[EOnDrop] Zombie Spawned [6] ZmbM_PatrolNormal_Summer @ <6607.789551, 308.514984, 7834.314453> ... Lifespan:  Set to 30 minutes.
[EOnDrop] Zombie Spawned [7] ZmbM_SoldierNormal @ <6669.133789, 308.053162, 7845.930176> ... Lifespan:  Set to 30 minutes.
[EOnDrop] Zombie Spawned [8] ZmbM_PatrolNormal_Summer @ <6621.946777, 310.014893, 7851.099121> ... Lifespan:  Set to 30 minutes.
[EOnDrop] Zombie Spawned [9] ZmbM_PatrolNormal_Summer @ <6654.270020, 309.386505, 7853.577637> ... Lifespan:  Set to 30 minutes.
[EOnDrop] Zombie Spawned [10] ZmbM_SoldierNormal @ <6670.488770, 312.625458, 7896.909668> ... Lifespan:  Set to 30 minutes.
[EOnDrop] Zombie Spawned [11] ZmbM_PatrolNormal_Summer @ <6633.115234, 310.570923, 7859.549316> ... Lifespan:  Set to 30 minutes.
[EOnDrop] Zombie Spawned [12] ZmbM_PatrolNormal_Autumn @ <6644.218262, 306.539856, 7818.552734> ... Lifespan:  Set to 30 minutes.
[EOnDrop] Zombie Spawned [13] ZmbM_SoldierNormal @ <6647.284668, 309.586029, 7852.894531> ... Lifespan:  Set to 30 minutes.
[EOnDrop] Zombie Spawned [14] ZmbM_PatrolNormal_Autumn @ <6657.029297, 309.329376, 7854.288574> ... Lifespan:  Set to 30 minutes.
[EOnDrop] Zombie Spawned [15] ZmbM_PatrolNormal_Summer @ <6640.071777, 310.026917, 7855.303223> ... Lifespan:  Set to 30 minutes.
[EOnDrop] Zombie Spawned [16] ZmbM_SoldierNormal @ <6616.769043, 310.092468, 7851.522949> ... Lifespan:  Set to 30 minutes.
[EOnDrop] Zombie Spawned [17] ZmbM_PatrolNormal_Summer @ <6637.910645, 310.571014, 7860.788086> ... Lifespan:  Set to 30 minutes.
[EOnDrop] Zombie Spawned [18] ZmbM_SoldierNormal @ <6659.886719, 308.661682, 7848.098633> ... Lifespan:  Set to 30 minutes.
[EOnDrop] Zombie Spawned [19] ZmbM_PatrolNormal_PautRev @ <6638.989258, 311.420990, 7870.236328> ... Lifespan:  Set to 30 minutes.
[EOnDrop] Zombie Spawned [20] ZmbM_SoldierNormal @ <6669.103027, 312.886902, 7898.416992> ... Lifespan:  Set to 30 minutes.
[EOnDrop] Zombie Spawned [21] ZmbM_PatrolNormal_Autumn @ <6631.634766, 309.932159, 7851.669922> ... Lifespan:  Set to 30 minutes.
[EOnDrop] Zombie Spawned [22] ZmbM_PatrolNormal_Autumn @ <6650.008301, 306.929138, 7824.719727> ... Lifespan:  Set to 30 minutes.
[EOnDrop] Zombie Spawned [23] ZmbM_PatrolNormal_Autumn @ <6671.344727, 305.494476, 7818.026855> ... Lifespan:  Set to 30 minutes.
[EOnDrop] Zombie Spawned [24] ZmbM_PatrolNormal_PautRev @ <6612.701172, 308.715332, 7836.377930> ... Lifespan:  Set to 30 minutes.
[EOnDrop] Zombie Spawned [25] ZmbM_PatrolNormal_Flat @ <6672.012695, 310.182190, 7873.277344> ... Lifespan:  Set to 30 minutes.
[EOnDrop] Drop spawned with 25 infected at <6649.448730, 453.036499, 7858.417969>.
[EOnDrop] Supplies have been dropped near Stary/Novy .
[EOnBeforeDelete] Aircraft despawned @ <-469.744629, 152.000610, -1000.508484>
[~AirdropPlane] Aircraft destroyed.
