[AirdropBase] Base class created & settings loaded.
[2021-04-05 @ 21-27-41] ----------------------------------------------------------------------------------------------------
[EOnCallAirdrop] Drop zone asigned: Gorka <8775.000000, 0.000000, 9200.000000>
[EOnCallAirdrop] Drop zone offset to: <8678.858398, 2438.000000, 9221.542969>
[EOnCallAirdrop] Aircraft spawn point: <11067.814453, 2438.000000, -1000.000000>
[EOnCallAirdrop] Aircraft bearing ... Angle/Bearing: -1.34969° / 167.331°, Text: 'South (167°)'
[EOnCallAirdrop] Aircraft has been dispatched to 'Gorka' from the South (167°).
[2021-04-05 @ 21-52-55] ----------------------------------------------------------------------------------------------------
[EOnCallAirdrop] Drop zone asigned: Berezino <12450.000000, 0.000000, 9250.000000>
[EOnCallAirdrop] Drop zone offset to: <12452.977539, 2438.000000, 9256.578125>
[EOnCallAirdrop] Aircraft spawn point: <16360.000000, 2438.000000, 4141.721680>
[EOnCallAirdrop] Aircraft bearing ... Angle/Bearing: -0.917497° / 142.569°, Text: 'South/East (143°)'
[EOnCallAirdrop] Aircraft has been dispatched to 'Berezino' from the South/East (143°).
[2021-04-05 @ 22-18-06] ----------------------------------------------------------------------------------------------------
[EOnCallAirdrop] Drop zone asigned: Novaya Petrovka <3100.000000, 0.000000, 12840.000000>
[EOnCallAirdrop] Drop zone offset to: <3102.452148, 2438.000000, 12841.182617>
[EOnCallAirdrop] Aircraft spawn point: <10118.940430, 2438.000000, 16360.000000>
[EOnCallAirdrop] Aircraft bearing ... Angle/Bearing: 0.464847° / 63.3662°, Text: 'North/East (63°)'
[EOnCallAirdrop] Aircraft has been dispatched to 'Novaya Petrovka' from the North/East (63°).
[2021-04-05 @ 22-43-18] ----------------------------------------------------------------------------------------------------
[EOnCallAirdrop] Drop zone asigned: Zelenogorks <1875.000000, 0.000000, 5210.000000>
[EOnCallAirdrop] Drop zone offset to: <1879.074463, 2438.000000, 5271.359863>
[EOnCallAirdrop] Aircraft spawn point: <14092.980469, 2438.000000, -1000.000000>
[EOnCallAirdrop] Aircraft bearing ... Angle/Bearing: -0.47024° / 116.943°, Text: 'South/East (117°)'
[EOnCallAirdrop] Aircraft has been dispatched to 'Zelenogorks' from the South/East (117°).
[2021-04-05 @ 23-08-30] ----------------------------------------------------------------------------------------------------
[EOnCallAirdrop] Drop zone asigned: Northwest Airfield <4500.000000, 0.000000, 10350.000000>
[EOnCallAirdrop] Drop zone offset to: <4437.250488, 2438.000000, 10404.965820>
[EOnCallAirdrop] Aircraft spawn point: <14070.198242, 2438.000000, -1000.000000>
[EOnCallAirdrop] Aircraft bearing ... Angle/Bearing: -0.87027° / 139.863°, Text: 'South/East (140°)'
[EOnCallAirdrop] Aircraft has been dispatched to 'Northwest Airfield' from the South/East (140°).
[ReplaceAirdropFlare] 'Road Flare' activted in player's hand (frenchy).
[2021-04-05 @ 23-18-53] ----------------------------------------------------------------------------------------------------
[EOnCallAirdrop] Drop zone asigned: Player Called <6541.996094, 334.856201, 9317.126953>
[EOnCallAirdrop] Drop zone offset to: <6584.185059, 2438.000000, 9275.624023>
[EOnCallAirdrop] Aircraft spawn point: <-487.152313, 2438.000000, -1000.000000>
[EOnCallAirdrop] Aircraft bearing ... Angle/Bearing: -2.16887° / 214.267°, Text: 'South/West (214°)'
[EOnCallAirdrop] Aircraft was dispatched to the player's location (-487.152/-1000) from the South/West (214°).
[2021-04-05 @ 23-33-41] ----------------------------------------------------------------------------------------------------
[EOnCallAirdrop] Drop zone asigned: Krasnostav Airstrip <12160.000000, 0.000000, 12645.000000>
[EOnCallAirdrop] Drop zone offset to: <12174.969727, 2438.000000, 12659.601563>
[EOnCallAirdrop] Aircraft spawn point: <-1000.000000, 2438.000000, 15009.536133>
[EOnCallAirdrop] Aircraft bearing ... Angle/Bearing: 2.96381° / 280.186°, Text: 'West (280°)'
[EOnCallAirdrop] Aircraft has been dispatched to 'Krasnostav Airstrip' from the West (280°).
[2021-04-05 @ 23-58-51] ----------------------------------------------------------------------------------------------------
[EOnCallAirdrop] Drop zone asigned: Gorka <8775.000000, 0.000000, 9200.000000>
[EOnCallAirdrop] Drop zone offset to: <8733.331055, 2438.000000, 9205.949219>
[EOnCallAirdrop] Aircraft spawn point: <-1000.000000, 2438.000000, 14095.628906>
[EOnCallAirdrop] Aircraft bearing ... Angle/Bearing: 2.67728° / 296.603°, Text: 'North/West (297°)'
[EOnCallAirdrop] Aircraft has been dispatched to 'Gorka' from the North/West (297°).
[2021-04-06 @ 00-24-02] ----------------------------------------------------------------------------------------------------
[EOnCallAirdrop] Drop zone asigned: Veresnik <4000.000000, 0.000000, 7850.000000>
[EOnCallAirdrop] Drop zone offset to: <4005.135010, 2438.000000, 7851.596680>
[EOnCallAirdrop] Aircraft spawn point: <6101.986816, 2438.000000, -1000.000000>
[EOnCallAirdrop] Aircraft bearing ... Angle/Bearing: -1.3376° / 166.639°, Text: 'South (167°)'
[EOnCallAirdrop] Aircraft has been dispatched to 'Veresnik' from the South (167°).
[2021-04-06 @ 00-49-14] ----------------------------------------------------------------------------------------------------
[EOnCallAirdrop] Drop zone asigned: Krasnostav Airstrip <12160.000000, 0.000000, 12645.000000>
[EOnCallAirdrop] Drop zone offset to: <12251.421875, 2438.000000, 12664.978516>
[EOnCallAirdrop] Aircraft spawn point: <8107.284668, 2438.000000, 16360.000000>
[EOnCallAirdrop] Aircraft bearing ... Angle/Bearing: 2.39964° / 312.511°, Text: 'North/West (313°)'
[EOnCallAirdrop] Aircraft has been dispatched to 'Krasnostav Airstrip' from the North/West (313°).
