[InitializeContainer] Container created on 2021-04-15 @ 18-20-36
[InitializeContainer] Winds: Vector <-2.784564, 0.000000, -3.748677>, Speed 4.66973mps, Strength 0.1
[AirdropContainerFall] Drop Type 'Misc. Tools', Container: 'RANDOM', Mode/Quantity/Iems: Random/30/54, Flare:  10%
[AirdropContainerFall] Loot Spawned [1] CableReel @ <4572.258301, 340.727051, 10302.336914> ... Lifespan: Set to 30 minutes.
[AirdropContainerFall] Loot Spawned [2] Screwdriver @ <4572.540039, 340.716125, 10304.206055> ... Lifespan: Set to 30 minutes.
[AirdropContainerFall] Loot Spawned [3] AKM @ <4568.824219, 340.859833, 10304.036133> ... Lifespan: Set to 30 minutes.
[AirdropContainerFall] Loot Spawned [4] SteakKnife @ <4569.281250, 340.842163, 10304.667969> ... Lifespan: Set to 30 minutes.
[AirdropContainerFall] Loot Spawned [5] SteakKnife @ <4569.289063, 340.841858, 10304.501953> ... Lifespan: Set to 30 minutes.
[AirdropContainerFall] Loot Spawned [6] LeatherSewingKit @ <4567.654297, 340.907867, 10304.134766> ... Lifespan: Set to 30 minutes.
[AirdropContainerFall] Loot Spawned [7] Whetstone @ <4572.275391, 340.704407, 10305.783203> ... Lifespan: Set to 30 minutes.
[AirdropContainerFall] Loot Spawned [8] Screwdriver @ <4572.070801, 340.734283, 10301.077148> ... Lifespan: Set to 30 minutes.
[AirdropContainerFall] Loot Spawned [9] Chemlight_Red @ <4569.090820, 340.849518, 10304.514648> ... Lifespan: Set to 30 minutes.
[AirdropContainerFall] Loot Spawned [10] Compass @ <4570.593750, 340.791412, 10304.908203> ... Lifespan: Set to 30 minutes.
[AirdropContainerFall] Loot Spawned [11] Roadflare @ <4572.694824, 340.710144, 10304.060547> ... Lifespan: Set to 30 minutes.
[AirdropContainerFall] Loot Spawned [12] CanOpener @ <4572.215820, 340.728699, 10303.650391> ... Lifespan: Set to 30 minutes.
[AirdropContainerFall] Loot Spawned [13] Hacksaw @ <4568.626953, 340.867462, 10304.742188> ... Lifespan: Set to 30 minutes.
[AirdropContainerFall] Loot Spawned [14] CableReel @ <4567.204590, 340.928375, 10303.509766> ... Lifespan: Set to 30 minutes.
[AirdropContainerFall] Loot Spawned [15] FirefighterAxe @ <4571.898438, 340.740967, 10304.658203> ... Lifespan: Set to 30 minutes.
[AirdropContainerFall] Loot Spawned [16] LugWrench @ <4570.827148, 340.772919, 10305.335938> ... Lifespan: Set to 30 minutes.
[AirdropContainerFall] Loot Spawned [17] Chemlight_Green @ <4568.675293, 340.865601, 10304.366211> ... Lifespan: Set to 30 minutes.
[AirdropContainerFall] Loot Spawned [18] WoodAxe @ <4568.980957, 340.853760, 10304.476563> ... Lifespan: Set to 30 minutes.
[AirdropContainerFall] Loot Spawned [19] Chemlight_Yellow @ <4573.043945, 340.696655, 10303.269531> ... Lifespan: Set to 30 minutes.
[AirdropContainerFall] Loot Spawned [20] Shovel @ <4572.470703, 340.718842, 10300.810547> ... Lifespan: Set to 30 minutes.
[AirdropContainerFall] Loot Spawned [21] CableReel @ <4569.210449, 340.852112, 10301.476563> ... Lifespan: Set to 30 minutes.
[AirdropContainerFall] Loot Spawned [22] SteakKnife @ <4572.160156, 340.704620, 10305.934570> ... Lifespan: Set to 30 minutes.
[AirdropContainerFall] Loot Spawned [23] Screwdriver @ <4569.374512, 340.842438, 10302.142578> ... Lifespan: Set to 30 minutes.
[AirdropContainerFall] Loot Spawned [24] BaseRadio @ <4568.740723, 340.863068, 10304.253906> ... Lifespan: Set to 30 minutes.
[AirdropContainerFall] Loot Spawned [25] SledgeHammer @ <4568.860352, 340.826447, 10306.140625> ... Lifespan: Set to 30 minutes.
[AirdropContainerFall] Loot Spawned [26] Heatpack @ <4573.516113, 340.678406, 10303.229492> ... Lifespan: Set to 30 minutes.
[AirdropContainerFall] Loot Spawned [27] LugWrench @ <4572.042480, 340.735382, 10302.395508> ... Lifespan: Set to 30 minutes.
[AirdropContainerFall] Loot Spawned [28] Pliers @ <4572.359375, 340.704254, 10305.672852> ... Lifespan: Set to 30 minutes.
[AirdropContainerFall] Loot Spawned [29] CombatKnife @ <4571.685059, 340.749207, 10301.733398> ... Lifespan: Set to 30 minutes.
[AirdropContainerFall] Loot Spawned [30] Wrench @ <4567.405273, 340.921326, 10303.327148> ... Lifespan: Set to 30 minutes.
[AirdropContainerUnstuck] Container was unstuck.
[~AirdropContainerBase] Container Destroyed on 2021-04-15 @ 18-45-36
