[InitializeContainer] Container created on 2021-05-02 @ 03-05-52
[InitializeContainer] Winds: Vector <-17.323364, 0.000000, 7.410821>, Speed 18.842mps, Strength 0.1
[AirdropContainerFall] Drop Type 'Misc. Food', Container: 'RANDOM', Mode/Quantity/Iems: Random/20/26, Flare:  10%
[AirdropContainerFall] Loot Spawned [1] Rice @ <1991.341431, 292.918396, 7591.766113> ... Lifespan: Set to 60 minutes.
[AirdropContainerFall] Loot Spawned [2] Canteen @ <1988.852661, 291.857483, 7589.375000> ... Lifespan: Set to 60 minutes.
[AirdropContainerFall] Loot Spawned [3] Lard @ <1989.094849, 291.836975, 7588.794922> ... Lifespan: Set to 60 minutes.
[AirdropContainerFall] Loot Spawned [4] BoxCerealCrunchin @ <1987.512817, 292.121826, 7593.302734> ... Lifespan: Set to 60 minutes.
[AirdropContainerFall] Loot Spawned [5] Pear @ <1988.962280, 291.676727, 7588.058105> ... Lifespan: Set to 60 minutes.
[AirdropContainerFall] Loot Spawned [6] Lard @ <1991.346069, 293.067535, 7592.675293> ... Lifespan: Set to 60 minutes.
[AirdropContainerFall] Loot Spawned [7] WaterBottle @ <1989.899536, 292.864960, 7593.860840> ... Lifespan: Set to 60 minutes.
[AirdropContainerFall] Loot Spawned [8] BakedBeansCan @ <1985.784546, 291.395355, 7592.007324> ... Lifespan: Set to 60 minutes.
[AirdropContainerFall] Loot Spawned [9] SambucusBerry @ <1986.454712, 291.286987, 7590.079102> ... Lifespan: Set to 60 minutes.
[AirdropContainerFall] Loot Spawned [10] Pear @ <1989.223511, 291.933594, 7589.206055> ... Lifespan: Set to 60 minutes.
[AirdropContainerFall] Loot Spawned [11] CaninaBerry @ <1988.630737, 291.727234, 7588.909180> ... Lifespan: Set to 60 minutes.
[AirdropContainerFall] Loot Spawned [12] WaterBottle @ <1988.370239, 291.735016, 7589.437988> ... Lifespan: Set to 60 minutes.
[AirdropContainerFall] Loot Spawned [13] Lard @ <1987.383179, 291.999878, 7592.788574> ... Lifespan: Set to 60 minutes.
[AirdropContainerFall] Loot Spawned [14] Tomato @ <1988.392822, 292.422241, 7593.670898> ... Lifespan: Set to 60 minutes.
[AirdropContainerFall] Loot Spawned [15] PeachesCan @ <1986.490234, 291.626251, 7592.131348> ... Lifespan: Set to 60 minutes.
[AirdropContainerFall] Loot Spawned [16] Rice @ <1989.104858, 292.682251, 7594.072754> ... Lifespan: Set to 60 minutes.
[AirdropContainerFall] Loot Spawned [17] Rice @ <1988.354370, 291.635956, 7588.859863> ... Lifespan: Set to 60 minutes.
[AirdropContainerFall] Loot Spawned [18] Apple @ <1989.785522, 292.108765, 7589.350586> ... Lifespan: Set to 60 minutes.
[AirdropContainerFall] Loot Spawned [19] Pumpkin @ <1990.228027, 292.643280, 7591.945801> ... Lifespan: Set to 60 minutes.
[AirdropContainerFall] Loot Spawned [20] SpaghettiCan @ <1990.394897, 292.336853, 7589.762695> ... Lifespan: Set to 60 minutes.
[AirdropContainerUnstuck] Container was unstuck.
[~AirdropContainerBase] Container Destroyed on 2021-05-02 @ 03-35-52
