[InitializeContainer] Container created on 2021-03-07 @ 02-56-31
[InitializeContainer] Winds: Vector <10.226089, 0.000000, -2.057876>, Speed 10.4311mps, Strength 0.1
[AirdropContainerFall] Drop Type 'Food/Medical', Container: 'AirdropContainer_Medical', Mode/Quantity/Iems: Random/20/11, Flare:  10%
[AirdropContainerFall] Loot Spawned [1] VitaminBottle @ <3622.890625, 297.849976, 8524.128906> ... Lifespan: Set to 30 minutes.
[AirdropContainerFall] Loot Spawned [2] TacticalBaconCan @ <3626.956543, 297.849976, 8523.257813> ... Lifespan: Set to 30 minutes.
[AirdropContainerFall] Loot Spawned [3] PowderedMilk @ <3623.704834, 297.849976, 8525.574219> ... Lifespan: Set to 30 minutes.
[AirdropContainerFall] Loot Spawned [4] BoxCerealCrunchin @ <3626.395264, 297.849976, 8524.751953> ... Lifespan: Set to 30 minutes.
[AirdropContainerFall] Loot Spawned [5] BoxCerealCrunchin @ <3623.397217, 297.849976, 8525.975586> ... Lifespan: Set to 30 minutes.
[AirdropContainerFall] Loot Spawned [6] BakedBeansCan @ <3624.335693, 297.849976, 8523.655273> ... Lifespan: Set to 30 minutes.
[AirdropContainerFall] Loot Spawned [7] BakedBeansCan @ <3625.801025, 297.849976, 8525.616211> ... Lifespan: Set to 30 minutes.
[AirdropContainerFall] Loot Spawned [8] Canteen @ <3623.803223, 297.849976, 8524.300781> ... Lifespan: Set to 30 minutes.
[AirdropContainerFall] Loot Spawned [9] Canteen @ <3624.425781, 297.849976, 8522.348633> ... Lifespan: Set to 30 minutes.
[AirdropContainerFall] Loot Spawned [10] TacticalBaconCan @ <3623.720703, 297.849976, 8522.236328> ... Lifespan: Set to 30 minutes.
[AirdropContainerFall] Loot Spawned [11] VitaminBottle @ <3624.313232, 297.849976, 8525.200195> ... Lifespan: Set to 30 minutes.
[AirdropContainerFall] Loot Spawned [12] BoxCerealCrunchin @ <3626.835938, 297.849976, 8526.010742> ... Lifespan: Set to 30 minutes.
[AirdropContainerFall] Loot Spawned [13] BakedBeansCan @ <3624.586426, 297.849976, 8523.490234> ... Lifespan: Set to 30 minutes.
[AirdropContainerFall] Loot Spawned [14] BakedBeansCan @ <3626.838867, 297.849976, 8524.546875> ... Lifespan: Set to 30 minutes.
[AirdropContainerFall] Loot Spawned [15] Canteen @ <3626.739502, 297.849976, 8525.847656> ... Lifespan: Set to 30 minutes.
[AirdropContainerFall] Loot Spawned [16] PeachesCan @ <3626.852051, 297.849976, 8525.401367> ... Lifespan: Set to 30 minutes.
[AirdropContainerFall] Loot Spawned [17] Pot @ <3625.382324, 297.849976, 8522.534180> ... Lifespan: Set to 30 minutes.
[AirdropContainerFall] Loot Spawned [18] Pot @ <3624.618652, 297.849976, 8526.749023> ... Lifespan: Set to 30 minutes.
[AirdropContainerFall] Loot Spawned [19] BakedBeansCan @ <3624.082031, 297.849976, 8527.074219> ... Lifespan: Set to 30 minutes.
[AirdropContainerFall] Loot Spawned [20] PeachesCan @ <3625.969727, 297.849976, 8522.375977> ... Lifespan: Set to 30 minutes.
[AirdropContainerUnstuck] Container was unstuck.
[~AirdropContainerBase] Container Destroyed on 2021-03-07 @ 03-56-31
