[AirdropBase] Base class created & settings loaded.
[ReplaceAirdropFlare] 'Road Flare' activted in player's hand (frenchy).
[2021-04-28 @ 09-16-22] ----------------------------------------------------------------------------------------------------
[EOnCallAirdrop] Drop zone asigned: Player Called <13447.909180, 3.531630, 2867.214355>
[EOnCallAirdrop] Drop zone offset to: <13475.788086, 2438.000000, 2901.696289>
[EOnCallAirdrop] Aircraft spawn point: <-1000.000000, 2438.000000, 13427.019531>
[EOnCallAirdrop] Aircraft bearing ... Angle/Bearing: 2.51044° / 306.163°, Text: 'North/West (306°)'
[EOnCallAirdrop] Aircraft was dispatched to the player's location (-1000/13427) from the North/West (306°).
[2021-04-28 @ 09-31-43] ----------------------------------------------------------------------------------------------------
[EOnCallAirdrop] Drop zone asigned: Krasnostav Airstrip <12160.000000, 0.000000, 12645.000000>
[EOnCallAirdrop] Drop zone offset to: <12168.257813, 2438.000000, 12692.983398>
[EOnCallAirdrop] Aircraft spawn point: <-1000.000000, 2438.000000, 14138.542969>
[EOnCallAirdrop] Aircraft bearing ... Angle/Bearing: 3.02859° / 276.475°, Text: 'West (276°)'
[EOnCallAirdrop] Aircraft has been dispatched to 'Krasnostav Airstrip' from the West (276°).
[2021-04-28 @ 10-02-10] ----------------------------------------------------------------------------------------------------
[EOnCallAirdrop] Drop zone asigned: Veresnik <4000.000000, 0.000000, 7850.000000>
[EOnCallAirdrop] Drop zone offset to: <4049.986084, 2438.000000, 7913.953125>
[EOnCallAirdrop] Aircraft spawn point: <-1000.000000, 2438.000000, 5623.046387>
[EOnCallAirdrop] Aircraft bearing ... Angle/Bearing: -2.72258° / 245.992°, Text: 'South/West (246°)'
[EOnCallAirdrop] Aircraft has been dispatched to 'Veresnik' from the South/West (246°).
[2021-04-28 @ 10-32-37] ----------------------------------------------------------------------------------------------------
[EOnCallAirdrop] Drop zone asigned: Gorka <8775.000000, 0.000000, 9200.000000>
[EOnCallAirdrop] Drop zone offset to: <8826.522461, 2438.000000, 9237.001953>
[EOnCallAirdrop] Aircraft spawn point: <16360.000000, 2438.000000, 12417.218750>
[EOnCallAirdrop] Aircraft bearing ... Angle/Bearing: 0.401155° / 67.0155°, Text: 'North/East (67°)'
[EOnCallAirdrop] Aircraft has been dispatched to 'Gorka' from the North/East (67°).
[2021-04-28 @ 11-03-05] ----------------------------------------------------------------------------------------------------
[EOnCallAirdrop] Drop zone asigned: Veresnik <4000.000000, 0.000000, 7850.000000>
[EOnCallAirdrop] Drop zone offset to: <3975.769287, 2438.000000, 7854.625000>
[EOnCallAirdrop] Aircraft spawn point: <12843.708984, 2438.000000, -1000.000000>
[EOnCallAirdrop] Aircraft bearing ... Angle/Bearing: -0.785754° / 135.02°, Text: 'South/East (135°)'
[EOnCallAirdrop] Aircraft has been dispatched to 'Veresnik' from the South/East (135°).
[2021-04-28 @ 11-33-32] ----------------------------------------------------------------------------------------------------
[EOnCallAirdrop] Drop zone asigned: Berezino <12450.000000, 0.000000, 9250.000000>
[EOnCallAirdrop] Drop zone offset to: <12405.133789, 2438.000000, 9287.849609>
[EOnCallAirdrop] Aircraft spawn point: <16360.000000, 2438.000000, 14395.497070>
[EOnCallAirdrop] Aircraft bearing ... Angle/Bearing: 0.920997° / 37.2308°, Text: 'North/East (37°)'
[EOnCallAirdrop] Aircraft has been dispatched to 'Berezino' from the North/East (37°).
[2021-04-28 @ 12-03-59] ----------------------------------------------------------------------------------------------------
[EOnCallAirdrop] Drop zone asigned: Soverograd <8566.000000, 0.000000, 12755.000000>
[EOnCallAirdrop] Drop zone offset to: <8619.172852, 2438.000000, 12726.391602>
[EOnCallAirdrop] Aircraft spawn point: <4738.278320, 2438.000000, -1000.000000>
[EOnCallAirdrop] Aircraft bearing ... Angle/Bearing: -1.84221° / 195.551°, Text: 'South (196°)'
[EOnCallAirdrop] Aircraft has been dispatched to 'Soverograd' from the South (196°).
[2021-04-28 @ 12-34-26] ----------------------------------------------------------------------------------------------------
[EOnCallAirdrop] Drop zone asigned: Veresnik <4000.000000, 0.000000, 7850.000000>
[EOnCallAirdrop] Drop zone offset to: <4044.256104, 2438.000000, 7820.093262>
[EOnCallAirdrop] Aircraft spawn point: <-1000.000000, 2438.000000, 6584.635742>
[EOnCallAirdrop] Aircraft bearing ... Angle/Bearing: -2.89372° / 255.798°, Text: 'West (256°)'
[EOnCallAirdrop] Aircraft has been dispatched to 'Veresnik' from the West (256°).
