[InitializeContainer] Container created on 2021-04-19 @ 14-19-29
[InitializeContainer] Winds: Vector <1.394401, 0.000000, -6.929945>, Speed 7.06884mps, Strength 0.1
[AirdropContainerFall] Drop Type 'Military West', Container: 'AirdropContainer_Military', Mode/Quantity/Iems: Random/20/46, Flare:  10%
[AirdropContainerFall] Loot Spawned [1] UniversalLight @ <7470.331543, 5.984236, 3537.572754> ... Lifespan: Set to 30 minutes.
[AirdropContainerFall] Loot Spawned [2] CombatKnife @ <7469.321777, 5.983566, 3538.074951> ... Lifespan: Set to 30 minutes.
[AirdropContainerFall] Loot Spawned [3] KOD_RSASS_Black @ <7467.000977, 5.985637, 3536.521484> ... Lifespan: Set to 30 minutes.
[AirdropContainerFall] Loot Spawned [4] M4_CQBBttstck @ <7467.208984, 5.989764, 3533.426514> ... Lifespan: Set to 30 minutes.
[AirdropContainerFall] Loot Spawned [5] WeaponCleaningKit @ <7468.241699, 5.990295, 3533.028564> ... Lifespan: Set to 30 minutes.
[AirdropContainerFall] Loot Spawned [6] TacticalGloves_Green @ <7468.275391, 5.984441, 3537.418213> ... Lifespan: Set to 30 minutes.
[AirdropContainerFall] Loot Spawned [7] Mag_FNX45_15Rnd @ <7470.722656, 5.983810, 3537.892090> ... Lifespan: Set to 30 minutes.
[AirdropContainerFall] Loot Spawned [8] M4_T3NrdSOptic @ <7471.374023, 5.989302, 3533.772949> ... Lifespan: Set to 30 minutes.
[AirdropContainerFall] Loot Spawned [9] KOD_RSASS_Black @ <7466.965332, 5.989129, 3533.903320> ... Lifespan: Set to 30 minutes.
[AirdropContainerFall] Loot Spawned [10] TacticalGoggles @ <7471.248047, 5.988975, 3534.018555> ... Lifespan: Set to 30 minutes.
[AirdropContainerFall] Loot Spawned [11] M4_T3NrdSOptic @ <7467.173340, 5.986645, 3535.765381> ... Lifespan: Set to 30 minutes.
[AirdropContainerFall] Loot Spawned [12] Mag_STANAG_30Rnd @ <7472.074219, 5.986725, 3535.705811> ... Lifespan: Set to 30 minutes.
[AirdropContainerFall] Loot Spawned [13] AssaultBag_Ttsko @ <7470.877441, 5.988888, 3534.083496> ... Lifespan: Set to 30 minutes.
[AirdropContainerFall] Loot Spawned [14] Battery9V @ <7471.341797, 5.984752, 3537.185547> ... Lifespan: Set to 30 minutes.
[AirdropContainerFall] Loot Spawned [15] CanOpener @ <7470.479004, 5.991000, 3532.274902> ... Lifespan: Set to 30 minutes.
[AirdropContainerFall] Loot Spawned [16] MilitaryBoots_Brown @ <7470.937988, 5.984637, 3537.271973> ... Lifespan: Set to 30 minutes.
[AirdropContainerFall] Loot Spawned [17] Rangefinder @ <7469.666992, 5.990134, 3533.148438> ... Lifespan: Set to 30 minutes.
[AirdropContainerFall] Loot Spawned [18] KOD_M16A4 @ <7472.760742, 5.984732, 3537.200928> ... Lifespan: Set to 30 minutes.
[AirdropContainerFall] Loot Spawned [19] AssaultBag_Ttsko @ <7471.971191, 5.986629, 3535.777588> ... Lifespan: Set to 30 minutes.
[AirdropContainerFall] Loot Spawned [20] TacticalGloves_Beige @ <7472.548828, 5.985246, 3536.815430> ... Lifespan: Set to 30 minutes.
[AirdropContainerUnstuck] Container was unstuck.
[~AirdropContainerBase] Container Destroyed on 2021-04-19 @ 14-44-29
