[AirdropPlane] Aircraft created on 2021-03-25 @ 22-27-06
[InitializeAircraft] Aircraft Initialized: Northwest Airfield @ 4500/10350 (true)
[EOnBeforeDrop] The Aircraft is 1 Km from Northwest Airfield. @ <5573.421875, 394.751495, 11397.031250>
[EOnDrop] Zombie Spawned [1] ZmbM_PatrolNormal_Summer @ <4526.896484, 340.281372, 10400.794922> ... Lifespan:  Set to 30 minutes.
[EOnDrop] Zombie Spawned [2] ZmbM_PatrolNormal_Flat @ <4582.571289, 339.500000, 10389.684570> ... Lifespan:  Set to 30 minutes.
[EOnDrop] Zombie Spawned [3] ZmbM_PatrolNormal_PautRev @ <4562.271973, 339.500000, 10429.993164> ... Lifespan:  Set to 30 minutes.
[EOnDrop] Zombie Spawned [4] ZmbM_SoldierNormal @ <4569.830566, 339.500000, 10390.870117> ... Lifespan:  Set to 30 minutes.
[EOnDrop] Zombie Spawned [5] ZmbM_PatrolNormal_PautRev @ <4539.912109, 339.793945, 10403.625977> ... Lifespan:  Set to 30 minutes.
[EOnDrop] Zombie Spawned [6] ZmbM_PatrolNormal_Autumn @ <4559.088379, 339.500000, 10403.269531> ... Lifespan:  Set to 30 minutes.
[EOnDrop] Zombie Spawned [7] ZmbM_PatrolNormal_Summer @ <4540.838867, 339.840088, 10384.407227> ... Lifespan:  Set to 30 minutes.
[EOnDrop] Zombie Spawned [8] ZmbM_PatrolNormal_Autumn @ <4589.503418, 340.005890, 10414.484375> ... Lifespan:  Set to 30 minutes.
[EOnDrop] Zombie Spawned [9] ZmbM_PatrolNormal_PautRev @ <4572.239746, 339.500000, 10396.616211> ... Lifespan:  Set to 30 minutes.
[EOnDrop] Zombie Spawned [10] ZmbM_PatrolNormal_Summer @ <4541.888184, 339.778473, 10386.921875> ... Lifespan:  Set to 30 minutes.
[EOnDrop] Zombie Spawned [11] ZmbM_PatrolNormal_Summer @ <4539.328125, 339.552948, 10424.000977> ... Lifespan:  Set to 30 minutes.
[EOnDrop] Zombie Spawned [12] ZmbM_PatrolNormal_Autumn @ <4520.101563, 340.448822, 10404.047852> ... Lifespan:  Set to 30 minutes.
[EOnDrop] Zombie Spawned [13] ZmbM_PatrolNormal_Flat @ <4576.505859, 339.500000, 10445.623047> ... Lifespan:  Set to 30 minutes.
[EOnDrop] Zombie Spawned [14] ZmbM_PatrolNormal_Flat @ <4532.699219, 340.196991, 10393.471680> ... Lifespan:  Set to 30 minutes.
[EOnDrop] Zombie Spawned [15] ZmbM_PatrolNormal_PautRev @ <4550.864746, 339.500000, 10427.241211> ... Lifespan:  Set to 30 minutes.
[EOnDrop] Zombie Spawned [16] ZmbM_SoldierNormal @ <4535.121094, 339.733673, 10419.673828> ... Lifespan:  Set to 30 minutes.
[EOnDrop] Zombie Spawned [17] ZmbM_PatrolNormal_PautRev @ <4567.710449, 339.500000, 10412.444336> ... Lifespan:  Set to 30 minutes.
[EOnDrop] Zombie Spawned [18] ZmbM_PatrolNormal_Summer @ <4581.091797, 339.500000, 10370.430664> ... Lifespan:  Set to 30 minutes.
[EOnDrop] Zombie Spawned [19] ZmbM_PatrolNormal_Summer @ <4603.435547, 340.599701, 10387.308594> ... Lifespan:  Set to 30 minutes.
[EOnDrop] Zombie Spawned [20] ZmbM_PatrolNormal_Autumn @ <4547.864258, 339.500000, 10419.101563> ... Lifespan:  Set to 30 minutes.
[EOnDrop] Zombie Spawned [21] ZmbM_PatrolNormal_PautRev @ <4531.631348, 339.732178, 10426.044922> ... Lifespan:  Set to 30 minutes.
[EOnDrop] Zombie Spawned [22] ZmbM_SoldierNormal @ <4559.047852, 339.500000, 10402.684570> ... Lifespan:  Set to 30 minutes.
[EOnDrop] Zombie Spawned [23] ZmbM_PatrolNormal_PautRev @ <4529.880371, 340.500549, 10387.074219> ... Lifespan:  Set to 30 minutes.
[EOnDrop] Zombie Spawned [24] ZmbM_PatrolNormal_PautRev @ <4552.181641, 339.502960, 10401.504883> ... Lifespan:  Set to 30 minutes.
[EOnDrop] Zombie Spawned [25] ZmbM_PatrolNormal_PautRev @ <4548.131836, 339.505829, 10408.039063> ... Lifespan:  Set to 30 minutes.
[EOnDrop] Drop spawned with 25 infected at <4561.967773, 479.352295, 10408.483398>.
[EOnDrop] Supplies have been dropped near Northwest Airfield.
[EOnBeforeDelete] Aircraft despawned @ <-1000.344177, 308.877869, 4973.310547>
[~AirdropPlane] Aircraft destroyed.
