[InitializeContainer] Container created on 2021-04-12 @ 19-10-07
[InitializeContainer] Winds: Vector <7.072536, 0.000000, -5.669208>, Speed 9.06425mps, Strength 0.1
[AirdropContainerFall] Drop Type 'Misc. Food', Container: 'RANDOM', Mode/Quantity/Iems: Random/29/30, Flare:  10%
[AirdropContainerFall] Loot Spawned [1] PowderedMilk @ <3954.437744, 299.942688, 7926.590332> ... Lifespan: Set to 30 minutes.
[AirdropContainerFall] Loot Spawned [2] SodaCan_Cola @ <3952.812744, 300.033936, 7928.467773> ... Lifespan: Set to 30 minutes.
[AirdropContainerFall] Loot Spawned [3] CaninaBerry @ <3957.332520, 300.162781, 7930.510742> ... Lifespan: Set to 30 minutes.
[AirdropContainerFall] Loot Spawned [4] Rice @ <3957.229248, 299.927490, 7926.070313> ... Lifespan: Set to 30 minutes.
[AirdropContainerFall] Loot Spawned [5] AK101 @ <3956.911865, 300.150604, 7930.349121> ... Lifespan: Set to 30 minutes.
[AirdropContainerFall] Loot Spawned [6] BoxCerealCrunchin @ <3956.554932, 300.185791, 7931.026855> ... Lifespan: Set to 30 minutes.
[AirdropContainerFall] Loot Spawned [7] TacticalBaconCan @ <3953.082520, 300.183441, 7931.250977> ... Lifespan: Set to 30 minutes.
[AirdropContainerFall] Loot Spawned [8] Lard @ <3954.409912, 299.968170, 7927.095703> ... Lifespan: Set to 30 minutes.
[AirdropContainerFall] Loot Spawned [9] SpaghettiCan @ <3957.013672, 299.949463, 7926.520508> ... Lifespan: Set to 30 minutes.
[AirdropContainerFall] Loot Spawned [10] SodaCan_Kvass @ <3957.256592, 300.100372, 7929.380859> ... Lifespan: Set to 30 minutes.
[AirdropContainerFall] Loot Spawned [11] Zucchini @ <3953.282471, 300.033661, 7928.428223> ... Lifespan: Set to 30 minutes.
[AirdropContainerFall] Loot Spawned [12] SodaCan_Spite @ <3956.005859, 299.941772, 7926.448242> ... Lifespan: Set to 30 minutes.
[AirdropContainerFall] Loot Spawned [13] SodaCan_Spite @ <3953.573486, 300.118317, 7929.993164> ... Lifespan: Set to 30 minutes.
[AirdropContainerFall] Loot Spawned [14] SpaghettiCan @ <3953.679443, 300.191833, 7931.364258> ... Lifespan: Set to 30 minutes.
[AirdropContainerFall] Loot Spawned [15] Apple @ <3952.218994, 300.109558, 7929.951172> ... Lifespan: Set to 30 minutes.
[AirdropContainerFall] Loot Spawned [16] Potato @ <3952.094482, 300.005829, 7928.025391> ... Lifespan: Set to 30 minutes.
[AirdropContainerFall] Loot Spawned [17] SodaCan_Kvass @ <3956.460693, 299.904144, 7925.670410> ... Lifespan: Set to 30 minutes.
[AirdropContainerFall] Loot Spawned [18] BoxCerealCrunchin @ <3955.489258, 300.132782, 7930.121094> ... Lifespan: Set to 30 minutes.
[AirdropContainerFall] Loot Spawned [19] SodaCan_Kvass @ <3953.604492, 300.039642, 7928.515625> ... Lifespan: Set to 30 minutes.
[AirdropContainerFall] Loot Spawned [20] Canteen @ <3957.231934, 299.999390, 7927.489258> ... Lifespan: Set to 30 minutes.
[AirdropContainerFall] Loot Spawned [21] Rice @ <3956.214844, 299.965149, 7926.893066> ... Lifespan: Set to 30 minutes.
[AirdropContainerFall] Loot Spawned [22] SardinesCan @ <3956.820068, 300.172974, 7930.766113> ... Lifespan: Set to 30 minutes.
[AirdropContainerFall] Loot Spawned [23] Rice @ <3957.593262, 300.044434, 7928.306152> ... Lifespan: Set to 30 minutes.
[AirdropContainerFall] Loot Spawned [24] KOD_M16A4 @ <3953.241699, 299.997742, 7927.757324> ... Lifespan: Set to 30 minutes.
[AirdropContainerFall] Loot Spawned [25] BakedBeansCan @ <3956.928467, 300.211121, 7931.398926> ... Lifespan: Set to 30 minutes.
[AirdropContainerFall] Loot Spawned [26] Plum @ <3954.911377, 300.201782, 7931.458496> ... Lifespan: Set to 30 minutes.
[AirdropContainerFall] Loot Spawned [27] SodaCan_Pipsi @ <3956.945313, 300.186249, 7930.972168> ... Lifespan: Set to 30 minutes.
[AirdropContainerFall] Loot Spawned [28] SardinesCan @ <3954.687256, 300.138641, 7930.291016> ... Lifespan: Set to 30 minutes.
[AirdropContainerFall] Loot Spawned [29] Canteen @ <3952.611572, 300.085083, 7929.442383> ... Lifespan: Set to 30 minutes.
[AirdropContainerUnstuck] Container was unstuck.
[~AirdropContainerBase] Container Destroyed on 2021-04-12 @ 19-35-07
