[InitializeContainer] Container created on 2021-04-14 @ 11-46-18
[InitializeContainer] Winds: Vector <-1.981071, 0.000000, -5.055876>, Speed 5.43015mps, Strength 0.1
[AirdropContainerFall] Drop Type 'Misc. Tools', Container: 'RANDOM', Mode/Quantity/Iems: Random/30/54, Flare:  10%
[AirdropContainerFall] Loot Spawned [1] Chemlight_Blue @ <11414.684570, 37.708977, 14301.726563> ... Lifespan: Set to 30 minutes.
[AirdropContainerFall] Loot Spawned [2] Chemlight_Yellow @ <11416.702148, 37.655590, 14298.887695> ... Lifespan: Set to 30 minutes.
[AirdropContainerFall] Loot Spawned [3] Wrench @ <11415.658203, 37.683422, 14297.604492> ... Lifespan: Set to 30 minutes.
[AirdropContainerFall] Loot Spawned [4] Matchbox @ <11416.457031, 37.662132, 14298.906250> ... Lifespan: Set to 30 minutes.
[AirdropContainerFall] Loot Spawned [5] Machete @ <11415.961914, 37.675343, 14298.494141> ... Lifespan: Set to 30 minutes.
[AirdropContainerFall] Loot Spawned [6] FirefighterAxe @ <11412.622070, 37.761230, 14299.603516> ... Lifespan: Set to 30 minutes.
[AirdropContainerFall] Loot Spawned [7] SteakKnife @ <11414.460938, 37.714634, 14296.935547> ... Lifespan: Set to 30 minutes.
[AirdropContainerFall] Loot Spawned [8] Screwdriver @ <11413.067383, 37.749935, 14300.528320> ... Lifespan: Set to 30 minutes.
[AirdropContainerFall] Loot Spawned [9] FirefighterAxe @ <11410.994141, 37.802467, 14299.441406> ... Lifespan: Set to 30 minutes.
[AirdropContainerFall] Loot Spawned [10] Matchbox @ <11415.939453, 37.675926, 14299.409180> ... Lifespan: Set to 30 minutes.
[AirdropContainerFall] Loot Spawned [11] AKM @ <11414.147461, 37.722588, 14302.073242> ... Lifespan: Set to 30 minutes.
[AirdropContainerFall] Loot Spawned [12] BaseRadio @ <11412.687500, 37.759560, 14298.930664> ... Lifespan: Set to 30 minutes.
[AirdropContainerFall] Loot Spawned [13] Compass @ <11412.088867, 37.774727, 14300.222656> ... Lifespan: Set to 30 minutes.
[AirdropContainerFall] Loot Spawned [14] Shovel @ <11414.331055, 37.717926, 14302.128906> ... Lifespan: Set to 30 minutes.
[AirdropContainerFall] Loot Spawned [15] BaseRadio @ <11415.973633, 37.675022, 14298.994141> ... Lifespan: Set to 30 minutes.
[AirdropContainerFall] Loot Spawned [16] Heatpack @ <11416.583984, 37.658741, 14299.595703> ... Lifespan: Set to 30 minutes.
[AirdropContainerFall] Loot Spawned [17] Headtorch_Grey @ <11414.060547, 37.724770, 14301.136719> ... Lifespan: Set to 30 minutes.
[AirdropContainerFall] Loot Spawned [18] Headtorch_Grey @ <11411.963867, 37.777905, 14298.329102> ... Lifespan: Set to 30 minutes.
[AirdropContainerFall] Loot Spawned [19] Matchbox @ <11416.553711, 37.659546, 14300.390625> ... Lifespan: Set to 30 minutes.
[AirdropContainerFall] Loot Spawned [20] SledgeHammer @ <11412.987305, 37.751976, 14297.745117> ... Lifespan: Set to 30 minutes.
[AirdropContainerFall] Loot Spawned [21] Chemlight_Green @ <11415.478516, 37.688232, 14296.923828> ... Lifespan: Set to 30 minutes.
[AirdropContainerFall] Loot Spawned [22] FirefighterAxe @ <11413.173828, 37.746181, 14296.558594> ... Lifespan: Set to 30 minutes.
[AirdropContainerFall] Loot Spawned [23] OrienteeringCompass @ <11413.650391, 37.735161, 14301.682617> ... Lifespan: Set to 30 minutes.
[AirdropContainerFall] Loot Spawned [24] PortableGasStove @ <11416.234375, 37.668064, 14300.754883> ... Lifespan: Set to 30 minutes.
[AirdropContainerFall] Loot Spawned [25] CableReel @ <11412.136719, 37.773521, 14301.972656> ... Lifespan: Set to 30 minutes.
[AirdropContainerFall] Loot Spawned [26] Heatpack @ <11412.650391, 37.760509, 14299.809570> ... Lifespan: Set to 30 minutes.
[AirdropContainerFall] Loot Spawned [27] Wrench @ <11416.574219, 37.659008, 14297.826172> ... Lifespan: Set to 30 minutes.
[AirdropContainerFall] Loot Spawned [28] SewingKit @ <11415.631836, 37.684132, 14301.142578> ... Lifespan: Set to 30 minutes.
[AirdropContainerFall] Loot Spawned [29] Hatchet @ <11411.593750, 37.783527, 14297.467773> ... Lifespan: Set to 30 minutes.
[AirdropContainerFall] Loot Spawned [30] AKM @ <11415.407227, 37.690136, 14300.296875> ... Lifespan: Set to 30 minutes.
[AirdropContainerUnstuck] Container was unstuck.
[~AirdropContainerBase] Container Destroyed on 2021-04-14 @ 12-11-18
