[InitializeContainer] Container created on 2021-04-07 @ 04-12-01
[InitializeContainer] Winds: Vector <11.352162, 0.000000, 2.877462>, Speed 11.7112mps, Strength 0.1
[AirdropContainerFall] Drop Type 'Military West', Container: 'AirdropContainer_Military', Mode/Quantity/Iems: Random/20/46, Flare:  10%
[AirdropContainerFall] Loot Spawned [1] MilitaryBoots_Bluerock @ <4422.256348, 339.789307, 10381.200195> ... Lifespan: Set to 30 minutes.
[AirdropContainerFall] Loot Spawned [2] AKM @ <4426.511230, 339.901398, 10378.526367> ... Lifespan: Set to 30 minutes.
[AirdropContainerFall] Loot Spawned [3] FNX45 @ <4423.670410, 339.905304, 10382.346680> ... Lifespan: Set to 30 minutes.
[AirdropContainerFall] Loot Spawned [4] TacticalGoggles @ <4428.130371, 339.955353, 10379.883789> ... Lifespan: Set to 30 minutes.
[AirdropContainerFall] Loot Spawned [5] UKAssVest_Khaki @ <4423.408203, 339.766846, 10377.437500> ... Lifespan: Set to 30 minutes.
[AirdropContainerFall] Loot Spawned [6] MilitaryBoots_Black @ <4423.845215, 339.932648, 10382.684570> ... Lifespan: Set to 30 minutes.
[AirdropContainerFall] Loot Spawned [7] MilitaryBoots_Black @ <4426.906738, 339.993835, 10381.485352> ... Lifespan: Set to 30 minutes.
[AirdropContainerFall] Loot Spawned [8] USMCPants_Desert @ <4428.300293, 339.962189, 10380.021484> ... Lifespan: Set to 30 minutes.
[AirdropContainerFall] Loot Spawned [9] TacticalGoggles @ <4426.327637, 339.888855, 10377.866211> ... Lifespan: Set to 30 minutes.
[AirdropContainerFall] Loot Spawned [10] Mag_STANAG_30Rnd @ <4423.461914, 339.836182, 10381.166992> ... Lifespan: Set to 30 minutes.
[AirdropContainerFall] Loot Spawned [11] PistolSuppressor @ <4426.443359, 339.899139, 10379.682617> ... Lifespan: Set to 30 minutes.
[AirdropContainerFall] Loot Spawned [12] FNX45 @ <4426.640625, 339.905731, 10379.465820> ... Lifespan: Set to 30 minutes.
[AirdropContainerFall] Loot Spawned [13] MilitaryBoots_Bluerock @ <4422.662598, 339.783020, 10380.637695> ... Lifespan: Set to 30 minutes.
[AirdropContainerFall] Loot Spawned [14] KOD_M16A4 @ <4427.733398, 339.993317, 10380.958984> ... Lifespan: Set to 30 minutes.
[AirdropContainerFall] Loot Spawned [15] PistolSuppressor @ <4426.093262, 339.963654, 10381.427734> ... Lifespan: Set to 30 minutes.
[AirdropContainerFall] Loot Spawned [16] KOD_RSASS_Black @ <4423.998047, 339.802063, 10378.892578> ... Lifespan: Set to 30 minutes.
[AirdropContainerFall] Loot Spawned [17] MilitaryBoots_Black @ <4423.466797, 339.788544, 10379.864258> ... Lifespan: Set to 30 minutes.
[AirdropContainerFall] Loot Spawned [18] AK101 @ <4423.578125, 339.884308, 10382.045898> ... Lifespan: Set to 30 minutes.
[AirdropContainerFall] Loot Spawned [19] M4_Suppressor @ <4423.333984, 339.776489, 10379.018555> ... Lifespan: Set to 30 minutes.
[AirdropContainerFall] Loot Spawned [20] UKAssVest_Khaki @ <4426.322266, 339.885590, 10377.490234> ... Lifespan: Set to 30 minutes.
[AirdropContainerFall] Airdrop Flare Spawned @ <4422.455078, 339.863831, 10382.784180> ... Lifespan: Set to 30 minutes.
[AirdropContainerUnstuck] Container was unstuck.
[~AirdropContainerBase] Container Destroyed on 2021-04-07 @ 04-37-01
