[InitializeContainer] Container created on 2021-03-17 @ 01-52-15
[InitializeContainer] Winds: Vector <11.202538, 0.000000, 0.952294>, Speed 11.2429mps, Strength 0.1
[AirdropContainerFall] Drop Type 'Military West', Container: 'AirdropContainer_Military', Mode/Quantity/Iems: Random/20/46, Flare:  10%
[AirdropContainerFall] Loot Spawned [1] AmmoBox_45ACP_25Rnd @ <4587.639160, 339.001007, 10356.455078> ... Lifespan: Set to 30 minutes.
[AirdropContainerFall] Loot Spawned [2] UKAssVest_Black @ <4592.746582, 339.001007, 10356.617188> ... Lifespan: Set to 30 minutes.
[AirdropContainerFall] Loot Spawned [3] M4_T3NrdSOptic @ <4586.883301, 339.001007, 10354.310547> ... Lifespan: Set to 30 minutes.
[AirdropContainerFall] Loot Spawned [4] AssaultBag_Green @ <4589.364746, 339.001007, 10357.710938> ... Lifespan: Set to 30 minutes.
[AirdropContainerFall] Loot Spawned [5] USMCPants_Woodland @ <4588.700684, 339.001007, 10358.662109> ... Lifespan: Set to 30 minutes.
[AirdropContainerFall] Loot Spawned [6] MilitaryBoots_Brown @ <4590.889160, 339.001007, 10353.151367> ... Lifespan: Set to 30 minutes.
[AirdropContainerFall] Loot Spawned [7] Mag_STANAG_30Rnd @ <4588.349609, 339.001007, 10353.790039> ... Lifespan: Set to 30 minutes.
[AirdropContainerFall] Loot Spawned [8] FNX45 @ <4591.378418, 339.001007, 10355.625977> ... Lifespan: Set to 30 minutes.
[AirdropContainerFall] Loot Spawned [9] UKAssVest_Camo @ <4590.805176, 339.001007, 10358.112305> ... Lifespan: Set to 30 minutes.
[AirdropContainerFall] Loot Spawned [10] CanOpener @ <4591.188477, 339.001007, 10355.351563> ... Lifespan: Set to 30 minutes.
[AirdropContainerFall] Loot Spawned [11] M4_RISHndgrd @ <4587.520996, 339.001007, 10356.185547> ... Lifespan: Set to 30 minutes.
[AirdropContainerFall] Loot Spawned [12] UKAssVest_Camo @ <4590.939453, 339.001007, 10357.559570> ... Lifespan: Set to 30 minutes.
[AirdropContainerFall] Loot Spawned [13] KOD_M110_Tan @ <4592.250977, 339.001007, 10355.440430> ... Lifespan: Set to 30 minutes.
[AirdropContainerFall] Loot Spawned [14] Mag_STANAG_30Rnd @ <4587.550781, 339.001007, 10357.715820> ... Lifespan: Set to 30 minutes.
[AirdropContainerFall] Loot Spawned [15] Mag_FNX45_15Rnd @ <4587.794922, 339.001007, 10353.928711> ... Lifespan: Set to 30 minutes.
[AirdropContainerFall] Loot Spawned [16] MilitaryBoots_Beige @ <4592.768555, 339.001007, 10355.419922> ... Lifespan: Set to 30 minutes.
[AirdropContainerFall] Loot Spawned [17] MilitaryBoots_Beige @ <4587.149414, 339.001007, 10352.823242> ... Lifespan: Set to 30 minutes.
[AirdropContainerFall] Loot Spawned [18] Canteen @ <4588.033203, 339.001007, 10353.160156> ... Lifespan: Set to 30 minutes.
[AirdropContainerFall] Loot Spawned [19] KOD_M16A4 @ <4592.225098, 339.001007, 10355.853516> ... Lifespan: Set to 30 minutes.
[AirdropContainerFall] Loot Spawned [20] TacticalGloves_Black @ <4592.699219, 339.001007, 10355.495117> ... Lifespan: Set to 30 minutes.
[AirdropContainerUnstuck] Container was unstuck.
