[AirdropPlane] Aircraft created on 2021-04-06 @ 19-23-54
[InitializeAircraft] Aircraft Initialized: Elektrozavodsk @ 10050/2450 (true)
[EOnBeforeDrop] The Aircraft is 1 Km from Elektrozavodsk. @ <9105.584961, 381.569122, 3613.317383>
[EOnDrop] Zombie Spawned [1] ZmbM_CommercialPilotOld_Brown @ <9998.731445, 52.885403, 2532.503906> ... Lifespan:  Set to 30 minutes.
[EOnDrop] Zombie Spawned [2] ZmbF_ParamedicNormal_Blue @ <9993.229492, 54.274483, 2523.863281> ... Lifespan:  Set to 30 minutes.
[EOnDrop] Zombie Spawned [3] ZmbF_ShortSkirt_red @ <10009.256836, 52.986637, 2504.233398> ... Lifespan:  Set to 30 minutes.
[EOnDrop] Zombie Spawned [4] ZmbF_Clerk_Normal_Red @ <10013.929688, 51.735901, 2520.620605> ... Lifespan:  Set to 30 minutes.
[EOnDrop] Zombie Spawned [5] ZmbF_CitizenBSkinny @ <10005.341797, 53.492451, 2470.455078> ... Lifespan:  Set to 30 minutes.
[EOnDrop] Zombie Spawned [6] ZmbF_JournalistNormal_Red @ <10005.564453, 53.299412, 2507.916260> ... Lifespan:  Set to 30 minutes.
[EOnDrop] Zombie Spawned [7] ZmbM_SkaterYoung_Brown @ <10012.528320, 52.650536, 2502.075439> ... Lifespan:  Set to 30 minutes.
[EOnDrop] Zombie Spawned [8] ZmbF_CitizenBSkinny @ <9974.667969, 58.278431, 2482.359863> ... Lifespan:  Set to 30 minutes.
[EOnDrop] Zombie Spawned [9] ZmbF_ShortSkirt_yellow @ <10011.218750, 52.815639, 2501.974365> ... Lifespan:  Set to 30 minutes.
[EOnDrop] Zombie Spawned [10] ZmbF_CitizenBSkinny @ <10028.919922, 48.575760, 2543.747314> ... Lifespan:  Set to 30 minutes.
[EOnDrop] Zombie Spawned [11] ZmbM_CitizenASkinny_Brown @ <10013.507813, 52.007763, 2515.794189> ... Lifespan:  Set to 30 minutes.
[EOnDrop] Zombie Spawned [12] ZmbF_PoliceWomanNormal @ <9998.537109, 54.098518, 2469.221924> ... Lifespan:  Set to 30 minutes.
[EOnDrop] Zombie Spawned [13] ZmbM_CitizenASkinny_Brown @ <9971.733398, 59.022243, 2505.835449> ... Lifespan:  Set to 30 minutes.
[EOnDrop] Zombie Spawned [14] ZmbF_CitizenANormal_Beige @ <10011.075195, 51.133064, 2535.114502> ... Lifespan:  Set to 30 minutes.
[EOnDrop] Zombie Spawned [15] ZmbM_JoggerSkinny_Red @ <10007.430664, 52.162445, 2526.749756> ... Lifespan:  Set to 30 minutes.
[EOnDrop] Zombie Spawned [16] ZmbM_Jacket_greenchecks @ <10031.974609, 48.417316, 2541.430664> ... Lifespan:  Set to 30 minutes.
[EOnDrop] Zombie Spawned [17] ZmbM_SkaterYoung_Blue @ <10003.421875, 52.958706, 2521.597900> ... Lifespan:  Set to 30 minutes.
[EOnDrop] Zombie Spawned [18] ZmbF_ShortSkirt_yellow @ <9986.896484, 56.255829, 2507.485107> ... Lifespan:  Set to 30 minutes.
[EOnDrop] Zombie Spawned [19] ZmbM_PolicemanSpecForce @ <10012.800781, 52.886280, 2482.100342> ... Lifespan:  Set to 30 minutes.
[EOnDrop] Zombie Spawned [20] ZmbM_JoggerSkinny_Green @ <10005.788086, 53.572918, 2498.382568> ... Lifespan:  Set to 30 minutes.
[EOnDrop] Drop spawned with 20 infected at <10000.428711, 205.297989, 2510.754883>.
[EOnDrop] Supplies have been dropped near Elektrozavodsk.
[EOnBeforeDelete] Aircraft despawned @ <12850.311523, 152.000610, -1000.665955>
[~AirdropPlane] Aircraft destroyed.
