[InitializeContainer] Container created on 2021-05-05 @ 15-15-45
[InitializeContainer] Winds: Vector <4.911907, 0.000000, -6.704610>, Speed 8.31136mps, Strength 0.1
[AirdropContainerFall] Drop Type 'Military West', Container: 'RANDOM', Mode/Quantity/Iems: Random/20/40, Flare:  10%
[AirdropContainerFall] Loot Spawned [1] USMCJacket_Desert @ <1989.918945, 293.681732, 7603.242188> ... Lifespan: Set to 60 minutes.
[AirdropContainerFall] Loot Spawned [2] Canteen @ <1986.115601, 292.708801, 7600.850586> ... Lifespan: Set to 60 minutes.
[AirdropContainerFall] Loot Spawned [3] Binoculars @ <1991.088135, 293.882355, 7602.676270> ... Lifespan: Set to 60 minutes.
[AirdropContainerFall] Loot Spawned [4] MilitaryBoots_Beige @ <1986.256226, 292.782166, 7601.470215> ... Lifespan: Set to 60 minutes.
[AirdropContainerFall] Loot Spawned [5] M4_CQBBttstck @ <1986.604004, 292.761902, 7599.976563> ... Lifespan: Set to 60 minutes.
[AirdropContainerFall] Loot Spawned [6] TacticalGoggles @ <1986.113892, 292.846924, 7602.928711> ... Lifespan: Set to 60 minutes.
[AirdropContainerFall] Loot Spawned [7] AssaultBag_Green @ <1989.638916, 293.423889, 7600.168945> ... Lifespan: Set to 60 minutes.
[AirdropContainerFall] Loot Spawned [8] USMCPants_Desert @ <1990.353760, 293.617706, 7600.845703> ... Lifespan: Set to 60 minutes.
[AirdropContainerFall] Loot Spawned [9] AssaultBag_Ttsko @ <1989.794067, 293.389862, 7599.174805> ... Lifespan: Set to 60 minutes.
[AirdropContainerFall] Loot Spawned [10] UniversalLight @ <1985.851196, 292.729156, 7602.060059> ... Lifespan: Set to 60 minutes.
[AirdropContainerFall] Loot Spawned [11] WeaponCleaningKit @ <1989.181519, 293.287994, 7599.558105> ... Lifespan: Set to 60 minutes.
[AirdropContainerFall] Loot Spawned [12] TacticalGloves_Beige @ <1991.095703, 293.672699, 7599.356445> ... Lifespan: Set to 60 minutes.
[AirdropContainerFall] Loot Spawned [13] TacticalGloves_Green @ <1990.790649, 293.860809, 7603.323242> ... Lifespan: Set to 60 minutes.
[AirdropContainerFall] Loot Spawned [14] Rangefinder @ <1988.502197, 293.163910, 7599.816406> ... Lifespan: Set to 60 minutes.
[AirdropContainerFall] Loot Spawned [15] UKAssVest_Olive @ <1989.164063, 293.236664, 7598.842285> ... Lifespan: Set to 60 minutes.
[AirdropContainerFall] Loot Spawned [16] UKAssVest_Camo @ <1991.673828, 293.823486, 7599.814453> ... Lifespan: Set to 60 minutes.
[AirdropContainerFall] Loot Spawned [17] M4_Suppressor @ <1986.880493, 292.926666, 7601.502441> ... Lifespan: Set to 60 minutes.
[AirdropContainerFall] Loot Spawned [18] AmmoBox_556x45_20Rnd @ <1987.874023, 293.040527, 7599.924805> ... Lifespan: Set to 60 minutes.
[AirdropContainerFall] Loot Spawned [19] Mag_FNX45_15Rnd @ <1990.831543, 293.696136, 7600.532227> ... Lifespan: Set to 60 minutes.
[AirdropContainerFall] Loot Spawned [20] M4_T3NrdSOptic @ <1986.790283, 293.092773, 7604.302246> ... Lifespan: Set to 60 minutes.
[AirdropContainerUnstuck] Container was unstuck.
[~AirdropContainerBase] Container Destroyed on 2021-05-05 @ 15-45-45
