[AirdropPlane] Aircraft created on 2021-04-05 @ 22-18-06
[InitializeAircraft] Aircraft Initialized: Novaya Petrovka @ 3100/12840 (true)
[EOnBeforeDrop] The Aircraft is 1 Km from Novaya Petrovka. @ <4439.801758, 342.878906, 13510.783203>
[EOnDrop] Zombie Spawned [1] ZmbF_JournalistNormal_Blue @ <3173.573242, 204.327240, 12880.743164> ... Lifespan:  Set to 30 minutes.
[EOnDrop] Zombie Spawned [2] ZmbF_CitizenANormal_Brown @ <3175.130615, 204.228210, 12873.733398> ... Lifespan:  Set to 30 minutes.
[EOnDrop] Zombie Spawned [3] ZmbM_Jacket_bluechecks @ <3146.773193, 205.356659, 12880.783203> ... Lifespan:  Set to 30 minutes.
[EOnDrop] Zombie Spawned [4] ZmbF_ParamedicNormal_Green @ <3173.312500, 204.294708, 12873.026367> ... Lifespan:  Set to 30 minutes.
[EOnDrop] Zombie Spawned [5] ZmbM_Jacket_brown @ <3190.577881, 203.730637, 12888.686523> ... Lifespan:  Set to 30 minutes.
[EOnDrop] Zombie Spawned [6] ZmbF_JournalistNormal_Blue @ <3211.299316, 202.923996, 12849.980469> ... Lifespan:  Set to 30 minutes.
[EOnDrop] Zombie Spawned [7] ZmbF_JournalistNormal_Red @ <3185.699951, 204.047180, 12909.394531> ... Lifespan:  Set to 30 minutes.
[EOnDrop] Zombie Spawned [8] ZmbM_Jacket_brown @ <3178.416260, 204.305542, 12905.008789> ... Lifespan:  Set to 30 minutes.
[EOnDrop] Zombie Spawned [9] ZmbF_Clerk_Normal_Red @ <3166.535400, 204.670929, 12892.543945> ... Lifespan:  Set to 30 minutes.
[EOnDrop] Zombie Spawned [10] ZmbF_ParamedicNormal_Red @ <3192.968506, 203.513092, 12866.134766> ... Lifespan:  Set to 30 minutes.
[EOnDrop] Zombie Spawned [11] ZmbF_JoggerSkinny_Blue @ <3149.238525, 205.232162, 12876.138672> ... Lifespan:  Set to 30 minutes.
[EOnDrop] Zombie Spawned [12] ZmbM_Jacket_greenchecks @ <3174.901367, 204.330261, 12889.484375> ... Lifespan:  Set to 30 minutes.
[EOnDrop] Zombie Spawned [13] ZmbF_JournalistNormal_Red @ <3178.732178, 204.041702, 12857.746094> ... Lifespan:  Set to 30 minutes.
[EOnDrop] Zombie Spawned [14] ZmbF_CitizenANormal_Blue @ <3213.895752, 202.984283, 12842.518555> ... Lifespan:  Set to 30 minutes.
[EOnDrop] Zombie Spawned [15] ZmbF_ShortSkirt_black @ <3176.691650, 204.141586, 12868.814453> ... Lifespan:  Set to 30 minutes.
[EOnDrop] Zombie Spawned [16] ZmbF_Clerk_Normal_Green @ <3186.741211, 203.840912, 12882.386719> ... Lifespan:  Set to 30 minutes.
[EOnDrop] Zombie Spawned [17] ZmbF_ShortSkirt_checks @ <3210.314697, 202.930344, 12879.847656> ... Lifespan:  Set to 30 minutes.
[EOnDrop] Zombie Spawned [18] ZmbM_Jacket_greenchecks @ <3208.123047, 203.091064, 12894.622070> ... Lifespan:  Set to 30 minutes.
[EOnDrop] Zombie Spawned [19] ZmbF_JournalistNormal_White @ <3196.014160, 203.476837, 12880.512695> ... Lifespan:  Set to 30 minutes.
[EOnDrop] Zombie Spawned [20] ZmbF_ShortSkirt_white @ <3151.971680, 205.142502, 12878.812500> ... Lifespan:  Set to 30 minutes.
[EOnDrop] Zombie Spawned [21] ZmbM_PatientSkinny @ <3213.720459, 202.844360, 12888.417969> ... Lifespan:  Set to 30 minutes.
[EOnDrop] Zombie Spawned [22] ZmbM_Jacket_grey @ <3200.237549, 203.398132, 12895.166992> ... Lifespan:  Set to 30 minutes.
[EOnDrop] Zombie Spawned [23] ZmbM_CitizenASkinny_Red @ <3191.499268, 203.668274, 12838.649414> ... Lifespan:  Set to 30 minutes.
[EOnDrop] Zombie Spawned [24] ZmbF_ShortSkirt_black @ <3190.878906, 203.596359, 12866.751953> ... Lifespan:  Set to 30 minutes.
[EOnDrop] Zombie Spawned [25] ZmbF_Clerk_Normal_Blue @ <3185.437744, 203.918869, 12886.783203> ... Lifespan:  Set to 30 minutes.
[EOnDrop] Drop spawned with 25 infected at <3179.242188, 341.174316, 12878.296875>.
[EOnDrop] Supplies have been dropped near Novaya Petrovka.
[EOnBeforeDelete] Aircraft despawned @ <-1000.817688, 545.281311, 10780.968750>
[~AirdropPlane] Aircraft destroyed.
