[AirdropBase] Base class created & settings loaded.
[2021-05-02 @ 17-37-17] ----------------------------------------------------------------------------------------------------
[EOnCallAirdrop] Drop zone asigned: Elektrozavodsk <10050.000000, 0.000000, 2450.000000>
[EOnCallAirdrop] Drop zone offset to: <10043.844727, 2438.000000, 2472.270752>
[EOnCallAirdrop] Aircraft spawn point: <5965.827637, 2438.000000, -1000.000000>
[EOnCallAirdrop] Aircraft bearing ... Angle/Bearing: -2.44017° / 229.811°, Text: 'South/West (230°)'
[EOnCallAirdrop] Aircraft has been dispatched to 'Elektrozavodsk' from the South/West (230°).
[2021-05-02 @ 18-07-43] ----------------------------------------------------------------------------------------------------
[EOnCallAirdrop] Drop zone asigned: Veresnik <4000.000000, 0.000000, 7850.000000>
[EOnCallAirdrop] Drop zone offset to: <4040.789307, 2438.000000, 7791.530762>
[EOnCallAirdrop] Aircraft spawn point: <7547.284668, 2438.000000, -1000.000000>
[EOnCallAirdrop] Aircraft bearing ... Angle/Bearing: -1.18958° / 158.158°, Text: 'South (158°)'
[EOnCallAirdrop] Aircraft has been dispatched to 'Veresnik' from the South (158°).
[2021-05-02 @ 18-38-09] ----------------------------------------------------------------------------------------------------
[EOnCallAirdrop] Drop zone asigned: Chernogorsk <7400.000000, 0.000000, 3500.000000>
[EOnCallAirdrop] Drop zone offset to: <7474.096680, 2438.000000, 3563.695801>
[EOnCallAirdrop] Aircraft spawn point: <16360.000000, 2438.000000, -893.509949>
[EOnCallAirdrop] Aircraft bearing ... Angle/Bearing: -0.455895° / 116.121°, Text: 'South/East (116°)'
[EOnCallAirdrop] Aircraft has been dispatched to 'Chernogorsk' from the South/East (116°).
[2021-05-02 @ 19-08-34] ----------------------------------------------------------------------------------------------------
[EOnCallAirdrop] Drop zone asigned: Skalisty Island <13575.000000, 0.000000, 3055.000000>
[EOnCallAirdrop] Drop zone offset to: <13577.438477, 2438.000000, 3018.052246>
[EOnCallAirdrop] Aircraft spawn point: <11940.397461, 2438.000000, -1000.000000>
[EOnCallAirdrop] Aircraft bearing ... Angle/Bearing: -1.95398° / 201.955°, Text: 'South (202°)'
[EOnCallAirdrop] Aircraft has been dispatched to 'Skalisty Island' from the South (202°).
[2021-05-02 @ 19-38-59] ----------------------------------------------------------------------------------------------------
[EOnCallAirdrop] Drop zone asigned: Soverograd <8566.000000, 0.000000, 12755.000000>
[EOnCallAirdrop] Drop zone offset to: <8591.514648, 2438.000000, 12665.128906>
[EOnCallAirdrop] Aircraft spawn point: <5999.205078, 2438.000000, 16360.000000>
[EOnCallAirdrop] Aircraft bearing ... Angle/Bearing: 2.18954° / 324.549°, Text: 'North/West (325°)'
[EOnCallAirdrop] Aircraft has been dispatched to 'Soverograd' from the North/West (325°).
[2021-05-02 @ 20-09-24] ----------------------------------------------------------------------------------------------------
[EOnCallAirdrop] Drop zone asigned: Zelenogorks <1875.000000, 0.000000, 5210.000000>
[EOnCallAirdrop] Drop zone offset to: <1844.652954, 2438.000000, 5243.247559>
[EOnCallAirdrop] Aircraft spawn point: <-1000.000000, 2438.000000, 3190.198730>
[EOnCallAirdrop] Aircraft bearing ... Angle/Bearing: -2.52916° / 234.91°, Text: 'South/West (235°)'
[EOnCallAirdrop] Aircraft has been dispatched to 'Zelenogorks' from the South/West (235°).
[2021-05-02 @ 20-39-50] ----------------------------------------------------------------------------------------------------
[EOnCallAirdrop] Drop zone asigned: Novaya Petrovka <3100.000000, 0.000000, 12840.000000>
[EOnCallAirdrop] Drop zone offset to: <3087.552490, 2438.000000, 12837.456055>
[EOnCallAirdrop] Aircraft spawn point: <13355.497070, 2438.000000, -1000.000000>
[EOnCallAirdrop] Aircraft bearing ... Angle/Bearing: -0.933077° / 143.461°, Text: 'South/East (143°)'
[EOnCallAirdrop] Aircraft has been dispatched to 'Novaya Petrovka' from the South/East (143°).
