[InitializeContainer] Container created on 2021-04-16 @ 23-33-34
[InitializeContainer] Winds: Vector <8.424486, 0.000000, 10.655435>, Speed 13.5835mps, Strength 0.1
[AirdropContainerFall] Drop Type 'Military West', Container: 'AirdropContainer_Military', Mode/Quantity/Iems: Random/20/46, Flare:  10%
[AirdropContainerFall] Loot Spawned [1] UKAssVest_Camo @ <1783.249268, 173.517639, 5201.088867> ... Lifespan: Set to 30 minutes.
[AirdropContainerFall] Loot Spawned [2] AssaultBag_Ttsko @ <1784.395508, 173.588104, 5203.392578> ... Lifespan: Set to 30 minutes.
[AirdropContainerFall] Loot Spawned [3] TacticalGloves_Beige @ <1782.915894, 173.491913, 5200.062988> ... Lifespan: Set to 30 minutes.
[AirdropContainerFall] Loot Spawned [4] WeaponCleaningKit @ <1786.906738, 173.599762, 5200.268555> ... Lifespan: Set to 30 minutes.
[AirdropContainerFall] Loot Spawned [5] TacticalBaconCan @ <1785.167114, 173.528595, 5197.788574> ... Lifespan: Set to 30 minutes.
[AirdropContainerFall] Loot Spawned [6] TacticalGloves_Beige @ <1786.978760, 173.580948, 5198.887695> ... Lifespan: Set to 30 minutes.
[AirdropContainerFall] Loot Spawned [7] M9A1_Bayonet @ <1786.773926, 173.648697, 5203.701660> ... Lifespan: Set to 30 minutes.
[AirdropContainerFall] Loot Spawned [8] Rangefinder @ <1788.374146, 173.632156, 5200.476074> ... Lifespan: Set to 30 minutes.
[AirdropContainerFall] Loot Spawned [9] MilitaryBoots_Beige @ <1785.005737, 173.542801, 5198.977539> ... Lifespan: Set to 30 minutes.
[AirdropContainerFall] Loot Spawned [10] FNX45 @ <1783.631104, 173.572296, 5203.982910> ... Lifespan: Set to 30 minutes.
[AirdropContainerFall] Loot Spawned [11] AK101 @ <1786.909180, 173.637268, 5202.823242> ... Lifespan: Set to 30 minutes.
[AirdropContainerFall] Loot Spawned [12] Mag_FNX45_15Rnd @ <1783.411499, 173.548294, 5202.824707> ... Lifespan: Set to 30 minutes.
[AirdropContainerFall] Loot Spawned [13] M9A1_Bayonet @ <1787.303223, 173.614594, 5200.739258> ... Lifespan: Set to 30 minutes.
[AirdropContainerFall] Loot Spawned [14] AK101 @ <1782.797363, 173.516388, 5201.989258> ... Lifespan: Set to 30 minutes.
[AirdropContainerFall] Loot Spawned [15] TacticalBaconCan @ <1784.776611, 173.594269, 5202.980957> ... Lifespan: Set to 30 minutes.
[AirdropContainerFall] Loot Spawned [16] Binoculars @ <1784.956909, 173.598251, 5202.860352> ... Lifespan: Set to 30 minutes.
[AirdropContainerFall] Loot Spawned [17] FNX45 @ <1788.281006, 173.624191, 5200.061523> ... Lifespan: Set to 30 minutes.
[AirdropContainerFall] Loot Spawned [18] USMCJacket_Desert @ <1786.507202, 173.616623, 5201.962891> ... Lifespan: Set to 30 minutes.
[AirdropContainerFall] Loot Spawned [19] TacticalGloves_Green @ <1783.813477, 173.498535, 5198.506348> ... Lifespan: Set to 30 minutes.
[AirdropContainerFall] Loot Spawned [20] TacticalGoggles @ <1786.183350, 173.623032, 5202.841797> ... Lifespan: Set to 30 minutes.
[AirdropContainerUnstuck] Container was unstuck.
[~AirdropContainerBase] Container Destroyed on 2021-04-16 @ 23-58-34
