[InitializeContainer] Container created on 2021-03-31 @ 12-28-01
[InitializeContainer] Winds: Vector <-0.171593, 0.000000, -6.421171>, Speed 6.42346mps, Strength 0.1
[AirdropContainerFall] Drop Type 'Military East', Container: 'AirdropContainer_Military', Mode/Quantity/Iems: Random/20/33, Flare:  10%
[AirdropContainerFall] Loot Spawned [1] TacticalGloves_Green @ <13523.789063, 27.541304, 3112.775146> ... Lifespan: Set to 30 minutes.
[AirdropContainerFall] Loot Spawned [2] TacticalGloves_Beige @ <13523.359375, 27.633558, 3117.007813> ... Lifespan: Set to 30 minutes.
[AirdropContainerFall] Loot Spawned [3] TTSKOPants @ <13523.233398, 27.596661, 3116.982666> ... Lifespan: Set to 30 minutes.
[AirdropContainerFall] Loot Spawned [4] TacticalGloves_Beige @ <13521.583984, 26.908241, 3112.681641> ... Lifespan: Set to 30 minutes.
[AirdropContainerFall] Loot Spawned [5] AK_RailHndgrd @ <13523.013672, 27.561359, 3117.517578> ... Lifespan: Set to 30 minutes.
[AirdropContainerFall] Loot Spawned [6] AK_PlasticBttstck @ <13526.276367, 28.342787, 3114.650879> ... Lifespan: Set to 30 minutes.
[AirdropContainerFall] Loot Spawned [7] AK_RailHndgrd @ <13522.189453, 27.126623, 3113.555908> ... Lifespan: Set to 30 minutes.
[AirdropContainerFall] Loot Spawned [8] AKM @ <13521.734375, 27.055151, 3114.695801> ... Lifespan: Set to 30 minutes.
[AirdropContainerFall] Loot Spawned [9] Binoculars @ <13525.371094, 28.158209, 3116.083252> ... Lifespan: Set to 30 minutes.
[AirdropContainerFall] Loot Spawned [10] GorkaEJacket_Autumn @ <13523.634766, 27.707125, 3116.915283> ... Lifespan: Set to 30 minutes.
[AirdropContainerFall] Loot Spawned [11] TacticalGloves_Green @ <13522.569336, 27.227663, 3113.420410> ... Lifespan: Set to 30 minutes.
[AirdropContainerFall] Loot Spawned [12] GorkaEJacket_Autumn @ <13522.090820, 27.179186, 3115.147461> ... Lifespan: Set to 30 minutes.
[AirdropContainerFall] Loot Spawned [13] WeaponCleaningKit @ <13522.037109, 27.175093, 3115.369629> ... Lifespan: Set to 30 minutes.
[AirdropContainerFall] Loot Spawned [14] KOD_M16A4 @ <13524.299805, 27.683411, 3112.716309> ... Lifespan: Set to 30 minutes.
[AirdropContainerFall] Loot Spawned [15] GorkaPants_Flat @ <13521.630859, 26.972221, 3113.644043> ... Lifespan: Set to 30 minutes.
[AirdropContainerFall] Loot Spawned [16] WeaponCleaningKit @ <13521.750000, 27.186960, 3117.209961> ... Lifespan: Set to 30 minutes.
[AirdropContainerFall] Loot Spawned [17] AK_RailHndgrd @ <13521.208984, 26.912004, 3114.816162> ... Lifespan: Set to 30 minutes.
[AirdropContainerFall] Loot Spawned [18] Battery9V @ <13524.267578, 27.894154, 3117.060547> ... Lifespan: Set to 30 minutes.
[AirdropContainerFall] Loot Spawned [19] GorkaEJacket_Flat @ <13525.861328, 28.261595, 3115.378174> ... Lifespan: Set to 30 minutes.
[AirdropContainerFall] Loot Spawned [20] AKM @ <13522.936523, 27.270761, 3112.045898> ... Lifespan: Set to 30 minutes.
[AirdropContainerUnstuck] Container was unstuck.
