[InitializeContainer] Container created on 2021-04-25 @ 20-06-51
[InitializeContainer] Winds: Vector <6.786843, 0.000000, -5.852094>, Speed 8.96149mps, Strength 0.1
[AirdropContainerFall] Drop Type 'Misc. Food', Container: 'RANDOM', Mode/Quantity/Iems: Random/20/26, Flare:  10%
[AirdropContainerFall] Loot Spawned [1] BoxCerealCrunchin @ <4091.842529, 300.170074, 7823.012207> ... Lifespan: Set to 60 minutes.
[AirdropContainerFall] Loot Spawned [2] Tomato @ <4091.786377, 300.207001, 7824.248535> ... Lifespan: Set to 60 minutes.
[AirdropContainerFall] Loot Spawned [3] GreenBellPepper @ <4092.474854, 300.192932, 7822.804688> ... Lifespan: Set to 60 minutes.
[AirdropContainerFall] Loot Spawned [4] BakedBeansCan @ <4092.208496, 300.216736, 7823.937012> ... Lifespan: Set to 60 minutes.
[AirdropContainerFall] Loot Spawned [5] SodaCan_Spite @ <4087.650635, 300.056274, 7825.568848> ... Lifespan: Set to 60 minutes.
[AirdropContainerFall] Loot Spawned [6] CaninaBerry @ <4089.571533, 300.163300, 7826.112305> ... Lifespan: Set to 60 minutes.
[AirdropContainerFall] Loot Spawned [7] SpaghettiCan @ <4091.192627, 300.156708, 7823.542480> ... Lifespan: Set to 60 minutes.
[AirdropContainerFall] Loot Spawned [8] BakedBeansCan @ <4091.000244, 300.125641, 7822.851563> ... Lifespan: Set to 60 minutes.
[AirdropContainerFall] Loot Spawned [9] TacticalBaconCan @ <4087.827881, 300.031677, 7824.541016> ... Lifespan: Set to 60 minutes.
[AirdropContainerFall] Loot Spawned [10] Tomato @ <4088.334473, 299.993164, 7822.599609> ... Lifespan: Set to 60 minutes.
[AirdropContainerFall] Loot Spawned [11] Plum @ <4091.969238, 300.255615, 7825.500977> ... Lifespan: Set to 60 minutes.
[AirdropContainerFall] Loot Spawned [12] Plum @ <4092.150146, 300.242004, 7824.811523> ... Lifespan: Set to 60 minutes.
[AirdropContainerFall] Loot Spawned [13] Pumpkin @ <4088.865967, 300.022369, 7822.736328> ... Lifespan: Set to 60 minutes.
[AirdropContainerFall] Loot Spawned [14] Tomato @ <4089.850586, 300.047668, 7822.124023> ... Lifespan: Set to 60 minutes.
[AirdropContainerFall] Loot Spawned [15] Rice @ <4088.026855, 300.135132, 7827.484375> ... Lifespan: Set to 60 minutes.
[AirdropContainerFall] Loot Spawned [16] SodaCan_Cola @ <4090.695068, 300.126099, 7823.311035> ... Lifespan: Set to 60 minutes.
[AirdropContainerFall] Loot Spawned [17] SambucusBerry @ <4087.327881, 300.083435, 7826.902832> ... Lifespan: Set to 60 minutes.
[AirdropContainerFall] Loot Spawned [18] SodaCan_Kvass @ <4086.977051, 299.931610, 7822.653809> ... Lifespan: Set to 60 minutes.
[AirdropContainerFall] Loot Spawned [19] WaterBottle @ <4087.261719, 300.074158, 7826.714844> ... Lifespan: Set to 60 minutes.
[AirdropContainerFall] Loot Spawned [20] Pear @ <4090.820313, 300.200409, 7825.451660> ... Lifespan: Set to 60 minutes.
[AirdropContainerUnstuck] Container was unstuck.
[~AirdropContainerBase] Container Destroyed on 2021-04-25 @ 20-36-51
