[InitializeContainer] Container created on 2021-03-07 @ 04-07-11
[InitializeContainer] Winds: Vector <8.278891, 0.000000, 10.827454>, Speed 13.6299mps, Strength 0.1
[AirdropContainerFall] Drop Type 'Military Weapons', Container: 'AirdropContainer', Mode/Quantity/Iems: Random/20/14, Flare:  10%
[AirdropContainerFall] Loot Spawned [1] Rice @ <13360.520508, 21.707821, 3091.998291> ... Lifespan: Set to 30 minutes.
[AirdropContainerFall] Loot Spawned [2] PowderedMilk @ <13363.231445, 21.356676, 3091.825439> ... Lifespan: Set to 30 minutes.
[AirdropContainerFall] Loot Spawned [3] AmmoBox_762x54_20Rnd @ <13361.894531, 20.980721, 3090.282715> ... Lifespan: Set to 30 minutes.
[AirdropContainerFall] Loot Spawned [4] Vodka @ <13362.337891, 20.221632, 3088.216553> ... Lifespan: Set to 30 minutes.
[AirdropContainerFall] Loot Spawned [5] WaterBottle @ <13364.031250, 21.545507, 3092.647705> ... Lifespan: Set to 30 minutes.
[AirdropContainerFall] Loot Spawned [6] Izh18 @ <13362.919922, 20.543674, 3089.331299> ... Lifespan: Set to 30 minutes.
[AirdropContainerFall] Loot Spawned [7] PowderedMilk @ <13361.694336, 21.237015, 3090.978271> ... Lifespan: Set to 30 minutes.
[AirdropContainerFall] Loot Spawned [8] AmmoBox_762x39_20Rnd @ <13363.496094, 21.842237, 3093.356689> ... Lifespan: Set to 30 minutes.
[AirdropContainerFall] Loot Spawned [9] Rice @ <13360.286133, 21.519880, 3091.365967> ... Lifespan: Set to 30 minutes.
[AirdropContainerFall] Loot Spawned [10] BakedBeansCan @ <13364.806641, 20.540413, 3089.911865> ... Lifespan: Set to 30 minutes.
[AirdropContainerFall] Loot Spawned [11] Mag_AKM_30Rnd @ <13361.143555, 20.662796, 3089.120361> ... Lifespan: Set to 30 minutes.
[AirdropContainerFall] Loot Spawned [12] Rice @ <13363.059570, 21.813696, 3093.129639> ... Lifespan: Set to 30 minutes.
[AirdropContainerFall] Loot Spawned [13] WaterBottle @ <13365.501953, 20.769255, 3090.847900> ... Lifespan: Set to 30 minutes.
[AirdropContainerFall] Loot Spawned [14] BakedBeansCan @ <13365.403320, 20.573454, 3090.226563> ... Lifespan: Set to 30 minutes.
[AirdropContainerFall] Loot Spawned [15] Rice @ <13361.652344, 21.798939, 3092.630615> ... Lifespan: Set to 30 minutes.
[AirdropContainerFall] Loot Spawned [16] Vodka @ <13361.958984, 21.790678, 3092.704346> ... Lifespan: Set to 30 minutes.
[AirdropContainerFall] Loot Spawned [17] Vodka @ <13362.154297, 20.247988, 3088.235352> ... Lifespan: Set to 30 minutes.
[AirdropContainerFall] Loot Spawned [18] Vodka @ <13363.013672, 20.520782, 3089.294189> ... Lifespan: Set to 30 minutes.
[AirdropContainerFall] Loot Spawned [19] M4A1 @ <13361.354492, 21.755795, 3092.407471> ... Lifespan: Set to 30 minutes.
[AirdropContainerFall] Loot Spawned [20] AKM @ <13363.203125, 20.104639, 3088.148438> ... Lifespan: Set to 30 minutes.
[AirdropContainerFall] Airdrop Flare Spawned @ <13362.672852, 20.358856, 3088.718750> ... Lifespan: Set to 30 minutes.
[AirdropContainerUnstuck] Container was unstuck.
[~AirdropContainerBase] Container Destroyed on 2021-03-07 @ 05-07-11
