[InitializeContainer] Container created on 2021-04-11 @ 21-33-49
[InitializeContainer] Winds: Vector <-2.551489, 0.000000, -0.552167>, Speed 2.61055mps, Strength 0.1
[AirdropContainerFall] Drop Type 'Misc. Food', Container: 'RANDOM', Mode/Quantity/Iems: Random/29/30, Flare:  10%
[AirdropContainerFall] Loot Spawned [1] Rice @ <1971.870483, 289.197357, 7629.382813> ... Lifespan: Set to 30 minutes.
[AirdropContainerFall] Loot Spawned [2] Canteen @ <1974.585571, 290.042877, 7629.373047> ... Lifespan: Set to 30 minutes.
[AirdropContainerFall] Loot Spawned [3] Canteen @ <1971.067261, 288.968903, 7632.643555> ... Lifespan: Set to 30 minutes.
[AirdropContainerFall] Loot Spawned [4] SodaCan_Kvass @ <1975.981323, 290.459778, 7632.355957> ... Lifespan: Set to 30 minutes.
[AirdropContainerFall] Loot Spawned [5] Tomato @ <1971.487061, 289.090668, 7630.642090> ... Lifespan: Set to 30 minutes.
[AirdropContainerFall] Loot Spawned [6] KOD_M16A4 @ <1974.175049, 289.901520, 7630.148438> ... Lifespan: Set to 30 minutes.
[AirdropContainerFall] Loot Spawned [7] Canteen @ <1975.981689, 290.499084, 7629.822754> ... Lifespan: Set to 30 minutes.
[AirdropContainerFall] Loot Spawned [8] SambucusBerry @ <1974.863281, 290.128937, 7630.052246> ... Lifespan: Set to 30 minutes.
[AirdropContainerFall] Loot Spawned [9] SpaghettiCan @ <1972.246826, 289.256165, 7633.884277> ... Lifespan: Set to 30 minutes.
[AirdropContainerFall] Loot Spawned [10] SodaCan_Kvass @ <1976.348389, 290.620056, 7629.794922> ... Lifespan: Set to 30 minutes.
[AirdropContainerFall] Loot Spawned [11] Canteen @ <1973.534424, 289.691864, 7629.980469> ... Lifespan: Set to 30 minutes.
[AirdropContainerFall] Loot Spawned [12] CaninaBerry @ <1975.848022, 290.440521, 7631.640625> ... Lifespan: Set to 30 minutes.
[AirdropContainerFall] Loot Spawned [13] Pear @ <1973.849487, 289.793823, 7630.201660> ... Lifespan: Set to 30 minutes.
[AirdropContainerFall] Loot Spawned [14] SambucusBerry @ <1971.521240, 289.073364, 7633.879395> ... Lifespan: Set to 30 minutes.
[AirdropContainerFall] Loot Spawned [15] Apple @ <1971.521240, 289.083984, 7632.548828> ... Lifespan: Set to 30 minutes.
[AirdropContainerFall] Loot Spawned [16] Canteen @ <1971.415649, 289.055542, 7632.784180> ... Lifespan: Set to 30 minutes.
[AirdropContainerFall] Loot Spawned [17] SambucusBerry @ <1971.340088, 289.040894, 7632.232910> ... Lifespan: Set to 30 minutes.
[AirdropContainerFall] Loot Spawned [18] AK101 @ <1970.864746, 288.908905, 7633.760254> ... Lifespan: Set to 30 minutes.
[AirdropContainerFall] Loot Spawned [19] SodaCan_Kvass @ <1971.719727, 289.141632, 7631.595215> ... Lifespan: Set to 30 minutes.
[AirdropContainerFall] Loot Spawned [20] CaninaBerry @ <1975.419189, 290.308746, 7630.462891> ... Lifespan: Set to 30 minutes.
[AirdropContainerFall] Loot Spawned [21] SambucusBerry @ <1971.673828, 289.122314, 7632.568359> ... Lifespan: Set to 30 minutes.
[AirdropContainerFall] Loot Spawned [22] Pear @ <1971.542358, 289.079041, 7633.831543> ... Lifespan: Set to 30 minutes.
[AirdropContainerFall] Loot Spawned [23] SodaCan_Pipsi @ <1974.761719, 290.104889, 7628.875977> ... Lifespan: Set to 30 minutes.
[AirdropContainerFall] Loot Spawned [24] SpaghettiCan @ <1970.959717, 288.939667, 7632.903320> ... Lifespan: Set to 30 minutes.
[AirdropContainerFall] Loot Spawned [25] GreenBellPepper @ <1971.446411, 289.067780, 7632.218750> ... Lifespan: Set to 30 minutes.
[AirdropContainerFall] Loot Spawned [26] PowderedMilk @ <1970.619019, 288.875153, 7630.233887> ... Lifespan: Set to 30 minutes.
[AirdropContainerFall] Loot Spawned [27] TunaCan @ <1974.577759, 290.044067, 7628.904297> ... Lifespan: Set to 30 minutes.
[AirdropContainerFall] Loot Spawned [28] BoxCerealCrunchin @ <1972.453857, 289.349457, 7628.745605> ... Lifespan: Set to 30 minutes.
[AirdropContainerFall] Loot Spawned [29] PeachesCan @ <1971.138916, 288.979126, 7633.618652> ... Lifespan: Set to 30 minutes.
[AirdropContainerUnstuck] Container was unstuck.
