[AirdropPlane] Aircraft created on 2021-03-19 @ 23-43-01
[InitializeAircraft] Aircraft Initialized: Zelenogorks @ 1875/5210 (true)
[EOnBeforeDrop] The Aircraft is 1 Km from Zelenogorks. @ <3167.163086, 422.367706, 4450.757324>
[EOnDrop] Zombie Spawned [1] ZmbM_FarmerFat_Beige @ <1916.108765, 173.531601, 5157.924316> ... Lifespan:  Set to 30 minutes.
[EOnDrop] Zombie Spawned [2] ZmbM_HunterOld_Spring @ <1942.004883, 175.119675, 5194.812988> ... Lifespan:  Set to 30 minutes.
[EOnDrop] Zombie Spawned [3] ZmbF_VillagerOld_Green @ <1980.683472, 175.311615, 5151.642090> ... Lifespan:  Set to 30 minutes.
[EOnDrop] Zombie Spawned [4] ZmbM_HunterOld_Spring @ <1954.029297, 175.126526, 5181.173828> ... Lifespan:  Set to 30 minutes.
[EOnDrop] Zombie Spawned [5] ZmbF_MilkMaidOld_Black @ <1945.172119, 175.565186, 5210.377930> ... Lifespan:  Set to 30 minutes.
[EOnDrop] Zombie Spawned [6] ZmbM_MotobikerFat_Blue @ <1950.456543, 174.274780, 5148.460938> ... Lifespan:  Set to 30 minutes.
[EOnDrop] Zombie Spawned [7] ZmbM_HunterOld_Spring @ <1968.931396, 174.801743, 5140.685059> ... Lifespan:  Set to 30 minutes.
[EOnDrop] Zombie Spawned [8] ZmbM_HikerSkinny_Green @ <1945.926514, 174.404755, 5162.716309> ... Lifespan:  Set to 30 minutes.
[EOnDrop] Zombie Spawned [9] ZmbF_VillagerOld_Green @ <1940.248535, 174.935028, 5189.402832> ... Lifespan:  Set to 30 minutes.
[EOnDrop] Zombie Spawned [10] ZmbF_HikerSkinny_Red @ <1928.320190, 173.967331, 5162.935547> ... Lifespan:  Set to 30 minutes.
[EOnDrop] Zombie Spawned [11] ZmbM_HunterOld_Spring @ <1933.096802, 174.947464, 5200.437500> ... Lifespan:  Set to 30 minutes.
[EOnDrop] Zombie Spawned [12] ZmbM_VillagerOld_White @ <1903.862671, 173.256241, 5175.517090> ... Lifespan:  Set to 30 minutes.
[EOnDrop] Zombie Spawned [13] ZmbM_HermitSkinny_Red @ <1981.641113, 175.568115, 5164.360352> ... Lifespan:  Set to 30 minutes.
[EOnDrop] Zombie Spawned [14] ZmbM_HunterOld_Spring @ <1928.431519, 174.111038, 5169.254395> ... Lifespan:  Set to 30 minutes.
[EOnDrop] Zombie Spawned [15] ZmbF_HikerSkinny_Blue @ <1973.786011, 175.437103, 5170.172363> ... Lifespan:  Set to 30 minutes.
[EOnDrop] Zombie Spawned [16] ZmbF_MilkMaidOld_Beige @ <1931.756836, 174.141876, 5166.795898> ... Lifespan:  Set to 30 minutes.
[EOnDrop] Zombie Spawned [17] ZmbF_SurvivorNormal_Blue @ <1949.236816, 174.451019, 5160.954102> ... Lifespan:  Set to 30 minutes.
[EOnDrop] Zombie Spawned [18] ZmbF_VillagerOld_White @ <1940.806519, 174.990891, 5191.005859> ... Lifespan:  Set to 30 minutes.
[EOnDrop] Zombie Spawned [19] ZmbF_HikerSkinny_Blue @ <1907.690186, 173.474167, 5177.611328> ... Lifespan:  Set to 30 minutes.
[EOnDrop] Zombie Spawned [20] ZmbF_HikerSkinny_Grey @ <1938.039917, 174.089584, 5156.927734> ... Lifespan:  Set to 30 minutes.
[EOnDrop] Drop spawned with 20 infected at <1943.124023, 322.929779, 5170.226074>.
[EOnDrop] Supplies have been dropped near Zelenogorks.
[EOnBeforeDelete] Aircraft despawned @ <-1000.683655, 379.066193, 6900.470215>
[~AirdropPlane] Aircraft destroyed.
