[AirdropBase] Base class created & settings loaded.
[2021-03-28 @ 17-26-40] ----------------------------------------------------------------------------------------------------
[EOnCallAirdrop] Drop zone asigned: Novodmitrovsk <11475.000000, 0.000000, 14356.000000>
[EOnCallAirdrop] Drop zone offset to: <11487.983398, 2438.000000, 14330.141602>
[EOnCallAirdrop] Aircraft spawn point: <15614.569336, 2438.000000, 16360.000000>
[EOnCallAirdrop] Aircraft bearing ... Angle/Bearing: 0.450854° / 64.168°, Text: 'North/East (64°)'
[EOnCallAirdrop] Aircraft has been dispatched to 'Novodmitrovsk' from the North/East (64°).
[2021-03-28 @ 17-51-58] ----------------------------------------------------------------------------------------------------
[EOnCallAirdrop] Drop zone asigned: Myshkino <1900.000000, 0.000000, 7600.000000>
[EOnCallAirdrop] Drop zone offset to: <1936.578247, 2438.000000, 7644.139648>
[EOnCallAirdrop] Aircraft spawn point: <-1000.000000, 2438.000000, 10849.536133>
[EOnCallAirdrop] Aircraft bearing ... Angle/Bearing: 2.29942° / 318.253°, Text: 'North/West (318°)'
[EOnCallAirdrop] Aircraft has been dispatched to 'Myshkino' from the North/West (318°).
[2021-03-28 @ 18-17-17] ----------------------------------------------------------------------------------------------------
[EOnCallAirdrop] Drop zone asigned: Soverograd <8566.000000, 0.000000, 12755.000000>
[EOnCallAirdrop] Drop zone offset to: <8535.720703, 2438.000000, 12788.172852>
[EOnCallAirdrop] Aircraft spawn point: <12870.728516, 2438.000000, -1000.000000>
[EOnCallAirdrop] Aircraft bearing ... Angle/Bearing: -1.26749° / 162.622°, Text: 'South (163°)'
[EOnCallAirdrop] Aircraft has been dispatched to 'Soverograd' from the South (163°).
[2021-03-28 @ 18-42-35] ----------------------------------------------------------------------------------------------------
[EOnCallAirdrop] Drop zone asigned: Krasnostav Airstrip <12160.000000, 0.000000, 12645.000000>
[EOnCallAirdrop] Drop zone offset to: <12112.995117, 2438.000000, 12665.627930>
[EOnCallAirdrop] Aircraft spawn point: <16360.000000, 2438.000000, 6545.960449>
[EOnCallAirdrop] Aircraft bearing ... Angle/Bearing: -0.96774° / 145.447°, Text: 'South/East (145°)'
[EOnCallAirdrop] Aircraft has been dispatched to 'Krasnostav Airstrip' from the South/East (145°).
[2021-03-28 @ 19-07-55] ----------------------------------------------------------------------------------------------------
[EOnCallAirdrop] Drop zone asigned: Balota Airstrip <5025.000000, 0.000000, 2455.000000>
[EOnCallAirdrop] Drop zone offset to: <5026.095703, 2438.000000, 2453.885986>
[EOnCallAirdrop] Aircraft spawn point: <16360.000000, 2438.000000, 2759.470215>
[EOnCallAirdrop] Aircraft bearing ... Angle/Bearing: 0.0268546° / 88.4613°, Text: 'East (88°)'
[EOnCallAirdrop] Aircraft has been dispatched to 'Balota Airstrip' from the East (88°).
[2021-03-28 @ 19-33-14] ----------------------------------------------------------------------------------------------------
[EOnCallAirdrop] Drop zone asigned: Novaya Petrovka <3100.000000, 0.000000, 12840.000000>
[EOnCallAirdrop] Drop zone offset to: <3080.370605, 2438.000000, 12832.572266>
[EOnCallAirdrop] Aircraft spawn point: <16360.000000, 2438.000000, 135.894043>
[EOnCallAirdrop] Aircraft bearing ... Angle/Bearing: -0.763991° / 133.773°, Text: 'South/East (134°)'
[EOnCallAirdrop] Aircraft has been dispatched to 'Novaya Petrovka' from the South/East (134°).
[2021-03-28 @ 19-58-33] ----------------------------------------------------------------------------------------------------
[EOnCallAirdrop] Drop zone asigned: Chernogorsk <7400.000000, 0.000000, 3500.000000>
[EOnCallAirdrop] Drop zone offset to: <7477.763184, 2438.000000, 3451.645752>
[EOnCallAirdrop] Aircraft spawn point: <6461.191895, 2438.000000, -1000.000000>
[EOnCallAirdrop] Aircraft bearing ... Angle/Bearing: -1.77647° / 191.784°, Text: 'South (192°)'
[EOnCallAirdrop] Aircraft has been dispatched to 'Chernogorsk' from the South (192°).
[2021-03-28 @ 20-23-52] ----------------------------------------------------------------------------------------------------
[EOnCallAirdrop] Drop zone asigned: Northwest Airfield <4500.000000, 0.000000, 10350.000000>
[EOnCallAirdrop] Drop zone offset to: <4553.387695, 2438.000000, 10411.583008>
[EOnCallAirdrop] Aircraft spawn point: <-1000.000000, 2438.000000, 3168.476807>
[EOnCallAirdrop] Aircraft bearing ... Angle/Bearing: -2.22437° / 217.447°, Text: 'South/West (217°)'
[EOnCallAirdrop] Aircraft has been dispatched to 'Northwest Airfield' from the South/West (217°).
[2021-03-28 @ 20-49-12] ----------------------------------------------------------------------------------------------------
[EOnCallAirdrop] Drop zone asigned: Stary/Novy  <6600.000000, 0.000000, 7800.000000>
[EOnCallAirdrop] Drop zone offset to: <6692.028320, 2438.000000, 7778.606445>
[EOnCallAirdrop] Aircraft spawn point: <12292.714844, 2438.000000, 16360.000000>
[EOnCallAirdrop] Aircraft bearing ... Angle/Bearing: 0.983923° / 33.6254°, Text: 'North/East (34°)'
[EOnCallAirdrop] Aircraft has been dispatched to 'Stary/Novy ' from the North/East (34°).
