[InitializeContainer] Container created on 2021-04-15 @ 16-13-42
[InitializeContainer] Winds: Vector <11.066004, 0.000000, 0.267495>, Speed 11.0692mps, Strength 0.1
[AirdropContainerFall] Drop Type 'Military East', Container: 'AirdropContainer_Military', Mode/Quantity/Iems: Random/20/33, Flare:  10%
[AirdropContainerFall] Loot Spawned [1] AKM @ <3927.586914, 297.022064, 7816.755371> ... Lifespan: Set to 30 minutes.
[AirdropContainerFall] Loot Spawned [2] Mag_AKM_30Rnd @ <3925.809570, 297.139069, 7819.818359> ... Lifespan: Set to 30 minutes.
[AirdropContainerFall] Loot Spawned [3] KOD_M16A4 @ <3923.802002, 297.163300, 7819.932617> ... Lifespan: Set to 30 minutes.
[AirdropContainerFall] Loot Spawned [4] AK101 @ <3924.538574, 297.088196, 7817.886230> ... Lifespan: Set to 30 minutes.
[AirdropContainerFall] Loot Spawned [5] AKM @ <3924.483887, 297.012268, 7815.592773> ... Lifespan: Set to 30 minutes.
[AirdropContainerFall] Loot Spawned [6] GorkaEJacket_Summer @ <3926.359375, 297.136932, 7819.964844> ... Lifespan: Set to 30 minutes.
[AirdropContainerFall] Loot Spawned [7] UniversalLight @ <3924.705811, 297.099457, 7818.270508> ... Lifespan: Set to 30 minutes.
[AirdropContainerFall] Loot Spawned [8] TTSKOPants @ <3925.119141, 297.163330, 7820.339355> ... Lifespan: Set to 30 minutes.
[AirdropContainerFall] Loot Spawned [9] TacticalGloves_Green @ <3927.949219, 297.043976, 7817.555176> ... Lifespan: Set to 30 minutes.
[AirdropContainerFall] Loot Spawned [10] GorkaEJacket_Flat @ <3927.999756, 296.957550, 7814.933105> ... Lifespan: Set to 30 minutes.
[AirdropContainerFall] Loot Spawned [11] AK_RailHndgrd @ <3929.605957, 297.044556, 7818.221191> ... Lifespan: Set to 30 minutes.
[AirdropContainerFall] Loot Spawned [12] AK_PlasticBttstck @ <3925.245850, 297.142731, 7819.719727> ... Lifespan: Set to 30 minutes.
[AirdropContainerFall] Loot Spawned [13] TacticalGloves_Black @ <3923.805420, 297.128387, 7818.885742> ... Lifespan: Set to 30 minutes.
[AirdropContainerFall] Loot Spawned [14] TacticalGloves_Beige @ <3927.586914, 297.021576, 7816.741211> ... Lifespan: Set to 30 minutes.
[AirdropContainerFall] Loot Spawned [15] Canteen @ <3928.698730, 297.083099, 7819.123535> ... Lifespan: Set to 30 minutes.
[AirdropContainerFall] Loot Spawned [16] GorkaEJacket_Summer @ <3924.720215, 297.061859, 7817.146484> ... Lifespan: Set to 30 minutes.
[AirdropContainerFall] Loot Spawned [17] TacticalGloves_Beige @ <3924.824463, 297.146667, 7819.719727> ... Lifespan: Set to 30 minutes.
[AirdropContainerFall] Loot Spawned [18] GorkaPants_Autumn @ <3925.254883, 297.133209, 7819.437500> ... Lifespan: Set to 30 minutes.
[AirdropContainerFall] Loot Spawned [19] GorkaPants_Flat @ <3925.408447, 297.142944, 7819.787598> ... Lifespan: Set to 30 minutes.
[AirdropContainerFall] Loot Spawned [20] GorkaEJacket_Summer @ <3924.539795, 296.988739, 7814.898438> ... Lifespan: Set to 30 minutes.
[AirdropContainerUnstuck] Container was unstuck.
[~AirdropContainerBase] Container Destroyed on 2021-04-15 @ 16-38-42
