[InitializeContainer] Container created on 2021-04-14 @ 00-40-51
[InitializeContainer] Winds: Vector <5.032275, 0.000000, -6.666281>, Speed 8.35243mps, Strength 0.1
[AirdropContainerFall] Drop Type 'Misc. Food', Container: 'RANDOM', Mode/Quantity/Iems: Random/29/30, Flare:  10%
[AirdropContainerFall] Loot Spawned [1] AK101 @ <11492.572266, 29.254890, 14263.094727> ... Lifespan: Set to 30 minutes.
[AirdropContainerFall] Loot Spawned [2] SodaCan_Spite @ <11495.670898, 29.079481, 14265.378906> ... Lifespan: Set to 30 minutes.
[AirdropContainerFall] Loot Spawned [3] SardinesCan @ <11495.297852, 29.167040, 14262.750000> ... Lifespan: Set to 30 minutes.
[AirdropContainerFall] Loot Spawned [4] AK101 @ <11492.505859, 29.274740, 14265.778320> ... Lifespan: Set to 30 minutes.
[AirdropContainerFall] Loot Spawned [5] BakedBeansCan @ <11496.618164, 29.170952, 14266.255859> ... Lifespan: Set to 30 minutes.
[AirdropContainerFall] Loot Spawned [6] Pear @ <11496.200195, 28.997795, 14264.920898> ... Lifespan: Set to 30 minutes.
[AirdropContainerFall] Loot Spawned [7] KOD_DVL10 @ <11495.243164, 29.260197, 14266.330078> ... Lifespan: Set to 30 minutes.
[AirdropContainerFall] Loot Spawned [8] KOD_DVL10 @ <11492.823242, 29.445364, 14266.843750> ... Lifespan: Set to 30 minutes.
[AirdropContainerFall] Loot Spawned [9] Tomato @ <11496.438477, 29.186771, 14261.684570> ... Lifespan: Set to 30 minutes.
[AirdropContainerFall] Loot Spawned [10] WaterBottle @ <11495.392578, 29.318632, 14266.705078> ... Lifespan: Set to 30 minutes.
[AirdropContainerFall] Loot Spawned [11] BakedBeansCan @ <11493.889648, 29.259636, 14262.158203> ... Lifespan: Set to 30 minutes.
[AirdropContainerFall] Loot Spawned [12] KOD_M16A4 @ <11496.486328, 28.984066, 14264.958008> ... Lifespan: Set to 30 minutes.
[AirdropContainerFall] Loot Spawned [13] AKM @ <11496.411133, 29.085730, 14263.349609> ... Lifespan: Set to 30 minutes.
[AirdropContainerFall] Loot Spawned [14] AK101 @ <11492.403320, 29.405920, 14266.517578> ... Lifespan: Set to 30 minutes.
[AirdropContainerFall] Loot Spawned [15] TacticalBaconCan @ <11492.052734, 29.241684, 14263.648438> ... Lifespan: Set to 30 minutes.
[AirdropContainerFall] Loot Spawned [16] AKM @ <11496.003906, 29.094578, 14263.470703> ... Lifespan: Set to 30 minutes.
[AirdropContainerFall] Loot Spawned [17] AKM @ <11493.797852, 29.215176, 14262.943359> ... Lifespan: Set to 30 minutes.
[AirdropContainerFall] Loot Spawned [18] WaterBottle @ <11494.452148, 29.251825, 14261.918945> ... Lifespan: Set to 30 minutes.
[AirdropContainerFall] Loot Spawned [19] Potato @ <11492.099609, 29.452248, 14266.715820> ... Lifespan: Set to 30 minutes.
[AirdropContainerFall] Loot Spawned [20] BoxCerealCrunchin @ <11496.024414, 29.180019, 14262.064453> ... Lifespan: Set to 30 minutes.
[AirdropContainerFall] Loot Spawned [21] KOD_M16A4 @ <11493.777344, 29.421970, 14266.929688> ... Lifespan: Set to 30 minutes.
[AirdropContainerFall] Loot Spawned [22] Zucchini @ <11496.391602, 29.078749, 14263.475586> ... Lifespan: Set to 30 minutes.
[AirdropContainerFall] Loot Spawned [23] SpaghettiCan @ <11493.081055, 29.260559, 14265.830078> ... Lifespan: Set to 30 minutes.
[AirdropContainerFall] Loot Spawned [24] GreenBellPepper @ <11494.601563, 29.212055, 14262.469727> ... Lifespan: Set to 30 minutes.
[AirdropContainerFall] Loot Spawned [25] Potato @ <11494.030273, 29.478947, 14267.320313> ... Lifespan: Set to 30 minutes.
[AirdropContainerFall] Loot Spawned [26] PeachesCan @ <11495.391602, 29.177866, 14262.511719> ... Lifespan: Set to 30 minutes.
[AirdropContainerFall] Loot Spawned [27] AK101 @ <11495.833008, 29.193739, 14261.964844> ... Lifespan: Set to 30 minutes.
[AirdropContainerFall] Loot Spawned [28] SambucusBerry @ <11495.871094, 29.139841, 14265.776367> ... Lifespan: Set to 30 minutes.
[AirdropContainerFall] Loot Spawned [29] SodaCan_Cola @ <11493.022461, 29.266211, 14265.848633> ... Lifespan: Set to 30 minutes.
[AirdropContainerUnstuck] Container was unstuck.
