[InitializeContainer] Container created on 2021-03-28 @ 01-52-08
[InitializeContainer] Winds: Vector <11.111885, 0.000000, 5.130746>, Speed 12.2392mps, Strength 0.1
[AirdropContainerFall] Drop Type 'Medical', Container: 'AirdropContainer_Medical', Mode/Quantity/Iems: Random/20/37, Flare:  10%
[AirdropContainerFall] Loot Spawned [1] VitaminBottle @ <12371.379883, 26.300310, 9234.600586> ... Lifespan: Set to 30 minutes.
[AirdropContainerFall] Loot Spawned [2] MedicalScrubsHat_Blue @ <12369.301758, 26.378794, 9235.740234> ... Lifespan: Set to 30 minutes.
[AirdropContainerFall] Loot Spawned [3] Heatpack @ <12372.995117, 26.242004, 9233.833008> ... Lifespan: Set to 30 minutes.
[AirdropContainerFall] Loot Spawned [4] MedicalScrubsHat_Blue @ <12374.514648, 26.228601, 9235.542969> ... Lifespan: Set to 30 minutes.
[AirdropContainerFall] Loot Spawned [5] Rag @ <12370.338867, 26.387712, 9237.333984> ... Lifespan: Set to 30 minutes.
[AirdropContainerFall] Loot Spawned [6] AKM @ <12372.265625, 26.336226, 9237.772461> ... Lifespan: Set to 30 minutes.
[AirdropContainerFall] Loot Spawned [7] PurificationTablets @ <12371.372070, 26.365755, 9237.894531> ... Lifespan: Set to 30 minutes.
[AirdropContainerFall] Spawn failed for item [8] 'MedicalScrubShirt_Blue', does not exist in DayZ!
[AirdropContainerFall] Loot Spawned [9] Rag @ <12372.996094, 26.284447, 9236.077148> ... Lifespan: Set to 30 minutes.
[AirdropContainerFall] Loot Spawned [10] SurgicalGloves_Green @ <12368.505859, 26.438566, 9237.487305> ... Lifespan: Set to 30 minutes.
[AirdropContainerFall] Loot Spawned [11] KOD_M16A4 @ <12370.605469, 26.417517, 9239.525391> ... Lifespan: Set to 30 minutes.
[AirdropContainerFall] Loot Spawned [12] VitaminBottle @ <12369.887695, 26.403482, 9237.484375> ... Lifespan: Set to 30 minutes.
[AirdropContainerFall] Spawn failed for item [13] 'MedicalScrubShirt_White', does not exist in DayZ!
[AirdropContainerFall] Loot Spawned [14] SalineBagIV @ <12369.115234, 26.425093, 9237.574219> ... Lifespan: Set to 30 minutes.
[AirdropContainerFall] Loot Spawned [15] SurgicalGloves_Blue @ <12373.362305, 26.287848, 9236.921875> ... Lifespan: Set to 30 minutes.
[AirdropContainerFall] Loot Spawned [16] MedicalScrubsHat_Green @ <12372.246094, 26.341497, 9238.041992> ... Lifespan: Set to 30 minutes.
[AirdropContainerFall] Spawn failed for item [17] 'MedicalScrubShirt_White', does not exist in DayZ!
[AirdropContainerFall] Loot Spawned [18] DisinfectantAlcohol @ <12372.500000, 26.334213, 9238.070313> ... Lifespan: Set to 30 minutes.
[AirdropContainerFall] Spawn failed for item [19] 'MedicalScrubPants_Green', does not exist in DayZ!
[AirdropContainerFall] Loot Spawned [20] BloodBagIV @ <12373.391602, 26.307310, 9238.095703> ... Lifespan: Set to 30 minutes.
[AirdropContainerUnstuck] Container was unstuck.
