[InitializeContainer] Container created on 2021-04-15 @ 21-28-36
[InitializeContainer] Winds: Vector <0.389856, 0.000000, -6.656193>, Speed 6.6676mps, Strength 0.1
[AirdropContainerFall] Drop Type 'Misc. Food', Container: 'RANDOM', Mode/Quantity/Iems: Random/29/30, Flare:  10%
[AirdropContainerFall] Loot Spawned [1] SodaCan_Spite @ <7323.827637, 10.635561, 3451.488525> ... Lifespan: Set to 30 minutes.
[AirdropContainerFall] Loot Spawned [2] Plum @ <7326.342773, 10.576573, 3451.905029> ... Lifespan: Set to 30 minutes.
[AirdropContainerFall] Loot Spawned [3] KOD_DVL10 @ <7321.781738, 10.552854, 3449.100342> ... Lifespan: Set to 30 minutes.
[AirdropContainerFall] Loot Spawned [4] Apple @ <7322.210449, 10.565926, 3449.546143> ... Lifespan: Set to 30 minutes.
[AirdropContainerFall] Loot Spawned [5] TunaCan @ <7321.818359, 10.572539, 3449.434814> ... Lifespan: Set to 30 minutes.
[AirdropContainerFall] Loot Spawned [6] Plum @ <7324.539063, 10.315604, 3446.839844> ... Lifespan: Set to 30 minutes.
[AirdropContainerFall] Loot Spawned [7] SodaCan_Spite @ <7323.446777, 10.367469, 3447.062988> ... Lifespan: Set to 30 minutes.
[AirdropContainerFall] Loot Spawned [8] Pumpkin @ <7327.393066, 10.309505, 3448.321289> ... Lifespan: Set to 30 minutes.
[AirdropContainerFall] Loot Spawned [9] Pear @ <7325.882324, 10.340172, 3447.974854> ... Lifespan: Set to 30 minutes.
[AirdropContainerFall] Loot Spawned [10] BakedBeansCan @ <7325.257324, 10.329145, 3447.453369> ... Lifespan: Set to 30 minutes.
[AirdropContainerFall] Loot Spawned [11] Apple @ <7322.505859, 10.620559, 3450.557617> ... Lifespan: Set to 30 minutes.
[AirdropContainerFall] Loot Spawned [12] Pear @ <7327.606445, 10.478354, 3451.082764> ... Lifespan: Set to 30 minutes.
[AirdropContainerFall] Loot Spawned [13] SodaCan_Cola @ <7322.803711, 10.388542, 3447.061035> ... Lifespan: Set to 30 minutes.
[AirdropContainerFall] Loot Spawned [14] SodaCan_Kvass @ <7323.796387, 10.442107, 3448.447510> ... Lifespan: Set to 30 minutes.
[AirdropContainerFall] Loot Spawned [15] SardinesCan @ <7327.475586, 10.360936, 3449.187744> ... Lifespan: Set to 30 minutes.
[AirdropContainerFall] Loot Spawned [16] Rice @ <7322.399902, 10.574086, 3449.781250> ... Lifespan: Set to 30 minutes.
[AirdropContainerFall] Loot Spawned [17] BakedBeansCan @ <7323.045410, 10.413642, 3447.578125> ... Lifespan: Set to 30 minutes.
[AirdropContainerFall] Loot Spawned [18] CaninaBerry @ <7323.195313, 10.413918, 3447.665283> ... Lifespan: Set to 30 minutes.
[AirdropContainerFall] Loot Spawned [19] Potato @ <7324.026855, 10.406541, 3448.007568> ... Lifespan: Set to 30 minutes.
[AirdropContainerFall] Loot Spawned [20] TunaCan @ <7322.700195, 10.551527, 3449.587402> ... Lifespan: Set to 30 minutes.
[AirdropContainerFall] Loot Spawned [21] CaninaBerry @ <7323.387207, 10.610138, 3450.865723> ... Lifespan: Set to 30 minutes.
[AirdropContainerFall] Loot Spawned [22] SodaCan_Pipsi @ <7323.492676, 10.620140, 3451.074951> ... Lifespan: Set to 30 minutes.
[AirdropContainerFall] Loot Spawned [23] PowderedMilk @ <7324.299316, 10.671627, 3452.291016> ... Lifespan: Set to 30 minutes.
[AirdropContainerFall] Loot Spawned [24] Tomato @ <7327.117676, 10.303079, 3448.066406> ... Lifespan: Set to 30 minutes.
[AirdropContainerFall] Loot Spawned [25] SardinesCan @ <7322.816406, 10.568740, 3449.926025> ... Lifespan: Set to 30 minutes.
[AirdropContainerFall] Loot Spawned [26] Potato @ <7323.957520, 10.697043, 3452.498535> ... Lifespan: Set to 30 minutes.
[AirdropContainerFall] Loot Spawned [27] Pumpkin @ <7327.113770, 10.531590, 3451.615723> ... Lifespan: Set to 30 minutes.
[AirdropContainerFall] Loot Spawned [28] TacticalBaconCan @ <7323.259277, 10.550008, 3449.872314> ... Lifespan: Set to 30 minutes.
[AirdropContainerFall] Loot Spawned [29] SodaCan_Kvass @ <7328.272949, 10.305122, 3448.606445> ... Lifespan: Set to 30 minutes.
[AirdropContainerUnstuck] Container was unstuck.
[~AirdropContainerBase] Container Destroyed on 2021-04-15 @ 21-53-36
