[InitializeContainer] Container created on 2021-04-04 @ 00-00-14
[InitializeContainer] Winds: Vector <9.352315, 0.000000, -3.481133>, Speed 9.97918mps, Strength 0.1
[AirdropContainerFall] Drop Type 'Misc. Tools', Container: 'RANDOM', Mode/Quantity/Iems: Random/30/54, Flare:  10%
[AirdropContainerFall] Loot Spawned [1] SteakKnife @ <7325.987793, 9.855482, 3439.245361> ... Lifespan: Set to 30 minutes.
[AirdropContainerFall] Loot Spawned [2] LugWrench @ <7323.576172, 9.820524, 3436.950439> ... Lifespan: Set to 30 minutes.
[AirdropContainerFall] Loot Spawned [3] SledgeHammer @ <7324.488770, 9.756106, 3435.928955> ... Lifespan: Set to 30 minutes.
[AirdropContainerFall] Loot Spawned [4] Shovel @ <7327.848145, 9.669145, 3435.613281> ... Lifespan: Set to 30 minutes.
[AirdropContainerFall] Loot Spawned [5] Wrench @ <7325.317383, 9.864627, 3439.019775> ... Lifespan: Set to 30 minutes.
[AirdropContainerFall] Loot Spawned [6] FirefighterAxe @ <7323.068848, 9.785130, 3435.899902> ... Lifespan: Set to 30 minutes.
[AirdropContainerFall] Loot Spawned [7] LeatherSewingKit @ <7327.965332, 9.652366, 3435.227783> ... Lifespan: Set to 30 minutes.
[AirdropContainerFall] Loot Spawned [8] Screwdriver @ <7327.439941, 9.736310, 3437.165039> ... Lifespan: Set to 30 minutes.
[AirdropContainerFall] Loot Spawned [9] Chemlight_White @ <7324.144043, 9.793390, 3436.609131> ... Lifespan: Set to 30 minutes.
[AirdropContainerFall] Loot Spawned [10] PersonalRadio @ <7323.635742, 9.769465, 3435.818848> ... Lifespan: Set to 30 minutes.
[AirdropContainerFall] Loot Spawned [11] Shovel @ <7323.503906, 9.816468, 3436.822998> ... Lifespan: Set to 30 minutes.
[AirdropContainerFall] Loot Spawned [12] Whetstone @ <7329.214355, 9.638166, 3435.377441> ... Lifespan: Set to 30 minutes.
[AirdropContainerFall] Loot Spawned [13] Pliers @ <7326.600586, 9.566545, 3433.233398> ... Lifespan: Set to 30 minutes.
[AirdropContainerFall] Loot Spawned [14] Matchbox @ <7324.395508, 9.804334, 3436.979736> ... Lifespan: Set to 30 minutes.
[AirdropContainerFall] Loot Spawned [15] CanOpener @ <7326.319824, 9.581219, 3433.381348> ... Lifespan: Set to 30 minutes.
[AirdropContainerFall] Loot Spawned [16] WoodAxe @ <7324.599121, 9.849697, 3438.138184> ... Lifespan: Set to 30 minutes.
[AirdropContainerFall] Loot Spawned [17] CombatKnife @ <7326.460449, 9.840296, 3439.178711> ... Lifespan: Set to 30 minutes.
[AirdropContainerFall] Loot Spawned [18] WoodAxe @ <7325.783691, 9.821841, 3438.234863> ... Lifespan: Set to 30 minutes.
[AirdropContainerFall] Loot Spawned [19] Heatpack @ <7325.390625, 9.807361, 3437.589111> ... Lifespan: Set to 30 minutes.
[AirdropContainerFall] Loot Spawned [20] Hammer @ <7325.076172, 9.681296, 3434.635010> ... Lifespan: Set to 30 minutes.
[AirdropContainerFall] Loot Spawned [21] Pliers @ <7328.662598, 9.678480, 3436.191895> ... Lifespan: Set to 30 minutes.
[AirdropContainerFall] Loot Spawned [22] WoodAxe @ <7324.039063, 9.804629, 3436.813477> ... Lifespan: Set to 30 minutes.
[AirdropContainerFall] Loot Spawned [23] Chemlight_White @ <7325.145996, 9.592370, 3433.144531> ... Lifespan: Set to 30 minutes.
[AirdropContainerFall] Loot Spawned [24] BaseRadio @ <7327.495605, 9.741603, 3437.340088> ... Lifespan: Set to 30 minutes.
[AirdropContainerFall] Loot Spawned [25] KOD_DVL10 @ <7326.633301, 9.627260, 3434.280273> ... Lifespan: Set to 30 minutes.
[AirdropContainerFall] Loot Spawned [26] ChernarusMap @ <7326.206055, 9.617192, 3433.953125> ... Lifespan: Set to 30 minutes.
[AirdropContainerFall] Loot Spawned [27] SteakKnife @ <7327.124512, 9.549280, 3433.129639> ... Lifespan: Set to 30 minutes.
[AirdropContainerFall] Loot Spawned [28] Pickaxe @ <7328.395996, 9.574422, 3433.877930> ... Lifespan: Set to 30 minutes.
[AirdropContainerFall] Loot Spawned [29] Heatpack @ <7324.641113, 9.771636, 3436.355713> ... Lifespan: Set to 30 minutes.
[AirdropContainerFall] Loot Spawned [30] Crowbar @ <7326.524414, 9.815382, 3438.578613> ... Lifespan: Set to 30 minutes.
[AirdropContainerUnstuck] Container was unstuck.
[~AirdropContainerBase] Container Destroyed on 2021-04-04 @ 00-25-14
