[InitializeContainer] Container created on 2021-05-03 @ 11-34-19
[InitializeContainer] Winds: Vector <11.276644, 0.000000, 4.101351>, Speed 11.9993mps, Strength 0.1
[AirdropContainerFall] Drop Type 'Medical', Container: 'RANDOM', Mode/Quantity/Iems: Random/20/33, Flare:  10%
[AirdropContainerFall] Loot Spawned [1] SalineBag @ <1824.756958, 178.054077, 5290.105469> ... Lifespan: Set to 60 minutes.
[AirdropContainerFall] Loot Spawned [2] MedicalScrubsShirt_Blue @ <1828.101440, 177.866821, 5286.575195> ... Lifespan: Set to 60 minutes.
[AirdropContainerFall] Loot Spawned [3] SurgicalGloves_Blue @ <1825.587402, 178.042984, 5289.982422> ... Lifespan: Set to 60 minutes.
[AirdropContainerFall] Loot Spawned [4] SalineBagIV @ <1827.135986, 177.848358, 5286.083984> ... Lifespan: Set to 60 minutes.
[AirdropContainerFall] Loot Spawned [5] SurgicalMask @ <1829.848511, 177.936478, 5288.181641> ... Lifespan: Set to 60 minutes.
[AirdropContainerFall] Loot Spawned [6] Rag @ <1824.230591, 178.076385, 5290.520020> ... Lifespan: Set to 60 minutes.
[AirdropContainerFall] Loot Spawned [7] BloodTestKit @ <1824.614746, 178.095184, 5290.991211> ... Lifespan: Set to 60 minutes.
[AirdropContainerFall] Loot Spawned [8] MedicalScrubsPants_Blue @ <1828.691406, 177.938309, 5288.129883> ... Lifespan: Set to 60 minutes.
[AirdropContainerFall] Loot Spawned [9] Morphine @ <1827.499756, 177.941895, 5288.034180> ... Lifespan: Set to 60 minutes.
[AirdropContainerFall] Loot Spawned [10] SurgicalGloves_Blue @ <1827.929321, 177.889618, 5287.002441> ... Lifespan: Set to 60 minutes.
[AirdropContainerFall] Loot Spawned [11] PainkillerTablets @ <1824.669312, 178.077179, 5290.602051> ... Lifespan: Set to 60 minutes.
[AirdropContainerFall] Loot Spawned [12] MedicalScrubsPants_Green @ <1828.562256, 178.075897, 5290.862793> ... Lifespan: Set to 60 minutes.
[AirdropContainerFall] Loot Spawned [13] DisinfectantSpray @ <1825.797363, 178.062576, 5290.445801> ... Lifespan: Set to 60 minutes.
[AirdropContainerFall] Loot Spawned [14] SurgicalMask @ <1827.340820, 177.926392, 5287.668457> ... Lifespan: Set to 60 minutes.
[AirdropContainerFall] Loot Spawned [15] SalineBag @ <1823.820679, 178.037598, 5289.604004> ... Lifespan: Set to 60 minutes.
[AirdropContainerFall] Loot Spawned [16] SurgicalGloves_Blue @ <1826.112061, 178.158127, 5292.443848> ... Lifespan: Set to 60 minutes.
[AirdropContainerFall] Loot Spawned [17] Morphine @ <1824.249756, 178.023209, 5289.350098> ... Lifespan: Set to 60 minutes.
[AirdropContainerFall] Loot Spawned [18] BloodTestKit @ <1826.577637, 177.946182, 5287.993164> ... Lifespan: Set to 60 minutes.
[AirdropContainerFall] Loot Spawned [19] Epinephrine @ <1828.301758, 178.094513, 5291.220703> ... Lifespan: Set to 60 minutes.
[AirdropContainerFall] Loot Spawned [20] SurgicalMask @ <1825.909424, 178.074478, 5290.725098> ... Lifespan: Set to 60 minutes.
[AirdropContainerUnstuck] Container was unstuck.
[~AirdropContainerBase] Container Destroyed on 2021-05-03 @ 12-04-19
