[InitializeContainer] Container created on 2021-04-10 @ 01-28-51
[InitializeContainer] Winds: Vector <-2.076667, 0.000000, -4.941700>, Speed 5.36031mps, Strength 0.1
[AirdropContainerFall] Drop Type 'Misc. Tools', Container: 'RANDOM', Mode/Quantity/Iems: Random/30/54, Flare:  10%
[AirdropContainerFall] Loot Spawned [1] Lockpick @ <4042.412109, 301.348816, 7911.435059> ... Lifespan: Set to 30 minutes.
[AirdropContainerFall] Loot Spawned [2] Wrench @ <4043.121582, 301.621124, 7915.873047> ... Lifespan: Set to 30 minutes.
[AirdropContainerFall] Loot Spawned [3] Chemlight_White @ <4041.236084, 301.286255, 7911.265625> ... Lifespan: Set to 30 minutes.
[AirdropContainerFall] Loot Spawned [4] Spotlight @ <4042.321289, 301.556763, 7915.300293> ... Lifespan: Set to 30 minutes.
[AirdropContainerFall] Loot Spawned [5] Binoculars @ <4045.592529, 301.644043, 7914.424316> ... Lifespan: Set to 30 minutes.
[AirdropContainerFall] Loot Spawned [6] Battery9V @ <4044.959473, 301.626770, 7914.587402> ... Lifespan: Set to 30 minutes.
[AirdropContainerFall] Loot Spawned [7] Binoculars @ <4043.191406, 301.648071, 7916.312500> ... Lifespan: Set to 30 minutes.
[AirdropContainerFall] Loot Spawned [8] SewingKit @ <4043.985840, 301.387024, 7910.900879> ... Lifespan: Set to 30 minutes.
[AirdropContainerFall] Loot Spawned [9] Chemlight_Red @ <4040.650879, 301.311890, 7912.219727> ... Lifespan: Set to 30 minutes.
[AirdropContainerFall] Loot Spawned [10] Chemlight_Red @ <4039.426270, 301.390564, 7914.525879> ... Lifespan: Set to 30 minutes.
[AirdropContainerFall] Loot Spawned [11] Chemlight_Green @ <4039.760498, 301.228729, 7911.437012> ... Lifespan: Set to 30 minutes.
[AirdropContainerFall] Loot Spawned [12] CanOpener @ <4042.048828, 301.285248, 7910.573730> ... Lifespan: Set to 30 minutes.
[AirdropContainerFall] Loot Spawned [13] Compass @ <4042.025146, 301.597473, 7916.269043> ... Lifespan: Set to 30 minutes.
[AirdropContainerFall] Loot Spawned [14] Headtorch_Black @ <4044.621338, 301.538544, 7913.228027> ... Lifespan: Set to 30 minutes.
[AirdropContainerFall] Loot Spawned [15] Lockpick @ <4041.838867, 301.295471, 7910.934082> ... Lifespan: Set to 30 minutes.
[AirdropContainerFall] Loot Spawned [16] Chemlight_Red @ <4045.573486, 301.615875, 7913.922852> ... Lifespan: Set to 30 minutes.
[AirdropContainerFall] Loot Spawned [17] WeaponCleaningKit @ <4039.739502, 301.317139, 7913.032227> ... Lifespan: Set to 30 minutes.
[AirdropContainerFall] Loot Spawned [18] Heatpack @ <4042.601807, 301.359528, 7911.477539> ... Lifespan: Set to 30 minutes.
[AirdropContainerFall] Loot Spawned [19] Rangefinder @ <4041.711670, 301.555176, 7915.732422> ... Lifespan: Set to 30 minutes.
[AirdropContainerFall] Loot Spawned [20] Crowbar @ <4038.979492, 301.366547, 7914.461426> ... Lifespan: Set to 30 minutes.
[AirdropContainerFall] Loot Spawned [21] ElectronicRepairKit @ <4042.421387, 301.388092, 7912.145020> ... Lifespan: Set to 30 minutes.
[AirdropContainerFall] Loot Spawned [22] AKM @ <4040.127197, 301.310730, 7912.623047> ... Lifespan: Set to 30 minutes.
[AirdropContainerFall] Loot Spawned [23] Chemlight_Yellow @ <4039.913574, 301.455475, 7915.268066> ... Lifespan: Set to 30 minutes.
[AirdropContainerFall] Loot Spawned [24] KitchenKnife @ <4045.264160, 301.614349, 7914.128906> ... Lifespan: Set to 30 minutes.
[AirdropContainerFall] Loot Spawned [25] KOD_DVL10 @ <4040.190430, 301.491241, 7915.712891> ... Lifespan: Set to 30 minutes.
[AirdropContainerFall] Loot Spawned [26] Headtorch_Black @ <4043.780273, 301.539063, 7913.873535> ... Lifespan: Set to 30 minutes.
[AirdropContainerFall] Loot Spawned [27] CombatKnife @ <4039.066406, 301.333832, 7913.837402> ... Lifespan: Set to 30 minutes.
[AirdropContainerFall] Loot Spawned [28] Screwdriver @ <4045.464844, 301.549347, 7912.787598> ... Lifespan: Set to 30 minutes.
[AirdropContainerFall] Loot Spawned [29] Chemlight_Blue @ <4039.946533, 301.487793, 7915.833984> ... Lifespan: Set to 30 minutes.
[AirdropContainerFall] Loot Spawned [30] Compass @ <4043.865967, 301.570831, 7914.390137> ... Lifespan: Set to 30 minutes.
[AirdropContainerUnstuck] Container was unstuck.
[~AirdropContainerBase] Container Destroyed on 2021-04-10 @ 01-53-51
