[AirdropPlane] Aircraft created on 2021-03-31 @ 19-33-09
[InitializeAircraft] Aircraft Initialized: Novaya Petrovka @ 3100/12840 (true)
[EOnBeforeDrop] The Aircraft is 1 Km from Novaya Petrovka. @ <4116.208008, 519.913757, 11738.897461>
[EOnDrop] Zombie Spawned [1] ZmbF_JournalistNormal_Blue @ <3155.216797, 205.541779, 12756.666992> ... Lifespan:  Set to 30 minutes.
[EOnDrop] Zombie Spawned [2] ZmbF_SkaterYoung_Striped @ <3147.701172, 205.324326, 12793.565430> ... Lifespan:  Set to 30 minutes.
[EOnDrop] Zombie Spawned [3] ZmbM_PatientSkinny @ <3153.997559, 205.571564, 12756.077148> ... Lifespan:  Set to 30 minutes.
[EOnDrop] Zombie Spawned [4] ZmbF_JournalistNormal_Green @ <3174.074951, 204.977890, 12748.398438> ... Lifespan:  Set to 30 minutes.
[EOnDrop] Zombie Spawned [5] ZmbF_PatientOld @ <3180.310059, 204.955170, 12739.100586> ... Lifespan:  Set to 30 minutes.
[EOnDrop] Zombie Spawned [6] ZmbM_Jacket_brown @ <3169.460693, 204.987854, 12774.275391> ... Lifespan:  Set to 30 minutes.
[EOnDrop] Zombie Spawned [7] ZmbF_PoliceWomanNormal @ <3161.671631, 205.356598, 12738.875977> ... Lifespan:  Set to 30 minutes.
[EOnDrop] Zombie Spawned [8] ZmbM_CitizenASkinny_Red @ <3139.635986, 205.927139, 12752.369141> ... Lifespan:  Set to 30 minutes.
[EOnDrop] Zombie Spawned [9] ZmbM_ClerkFat_White @ <3159.176270, 204.875839, 12809.261719> ... Lifespan:  Set to 30 minutes.
[EOnDrop] Zombie Spawned [10] ZmbM_ClerkFat_White @ <3193.313232, 204.572220, 12740.271484> ... Lifespan:  Set to 30 minutes.
[EOnDrop] Zombie Spawned [11] ZmbF_Clerk_Normal_White @ <3149.722168, 205.767853, 12734.656250> ... Lifespan:  Set to 30 minutes.
[EOnDrop] Zombie Spawned [12] ZmbF_ShortSkirt_red @ <3166.591553, 204.971542, 12777.864258> ... Lifespan:  Set to 30 minutes.
[EOnDrop] Zombie Spawned [13] ZmbF_Clerk_Normal_Blue @ <3172.198486, 204.874039, 12778.312500> ... Lifespan:  Set to 30 minutes.
[EOnDrop] Zombie Spawned [14] ZmbF_Clerk_Normal_Blue @ <3180.806885, 204.743454, 12772.874023> ... Lifespan:  Set to 30 minutes.
[EOnDrop] Zombie Spawned [15] ZmbM_SkaterYoung_Blue @ <3162.300293, 204.981873, 12782.924805> ... Lifespan:  Set to 30 minutes.
[EOnDrop] Zombie Spawned [16] ZmbM_SkaterYoung_Brown @ <3158.227783, 205.107178, 12778.716797> ... Lifespan:  Set to 30 minutes.
[EOnDrop] Zombie Spawned [17] ZmbM_SkaterYoung_Brown @ <3166.306885, 205.148392, 12762.550781> ... Lifespan:  Set to 30 minutes.
[EOnDrop] Zombie Spawned [18] ZmbF_Clerk_Normal_Red @ <3191.599609, 204.422668, 12751.911133> ... Lifespan:  Set to 30 minutes.
[EOnDrop] Zombie Spawned [19] ZmbF_ShortSkirt_yellow @ <3148.318604, 205.405731, 12774.502930> ... Lifespan:  Set to 30 minutes.
[EOnDrop] Zombie Spawned [20] ZmbM_ParamedicNormal_Red @ <3171.149414, 204.979996, 12754.058594> ... Lifespan:  Set to 30 minutes.
[EOnDrop] Zombie Spawned [21] ZmbM_CitizenBFat_Red @ <3167.008545, 205.112915, 12727.381836> ... Lifespan:  Set to 30 minutes.
[EOnDrop] Zombie Spawned [22] ZmbF_CitizenANormal_Brown @ <3159.471924, 205.382950, 12723.885742> ... Lifespan:  Set to 30 minutes.
[EOnDrop] Zombie Spawned [23] ZmbM_CitizenBFat_Green @ <3156.273438, 205.198334, 12775.525391> ... Lifespan:  Set to 30 minutes.
[EOnDrop] Zombie Spawned [24] ZmbM_PrisonerSkinny @ <3124.568848, 206.219879, 12761.707031> ... Lifespan:  Set to 30 minutes.
[EOnDrop] Zombie Spawned [25] ZmbF_ParamedicNormal_Green @ <3130.435303, 205.961975, 12768.819336> ... Lifespan:  Set to 30 minutes.
[EOnDrop] Drop spawned with 25 infected at <3162.243164, 349.888153, 12772.596680>.
[EOnDrop] Supplies have been dropped near Novaya Petrovka.
[EOnBeforeDelete] Aircraft despawned @ <-148.333725, 590.073120, 16360.057617>
[~AirdropPlane] Aircraft destroyed.
