[AirdropPlane] Aircraft created on 2021-04-03 @ 05-52-02
[InitializeAircraft] Aircraft Initialized: Chernogorsk @ 7400/3500 (true)
[EOnBeforeDrop] The Aircraft is 1 Km from Chernogorsk. @ <6875.158691, 447.217163, 4903.203125>
[EOnDrop] Zombie Spawned [1] ZmbM_HandymanNormal_White @ <7406.642578, 8.289818, 3576.864014> ... Lifespan:  Set to 30 minutes.
[EOnDrop] Zombie Spawned [2] ZmbM_HandymanNormal_Grey @ <7348.169434, 14.760139, 3605.034668> ... Lifespan:  Set to 30 minutes.
[EOnDrop] Zombie Spawned [3] ZmbM_HandymanNormal_White @ <7330.872559, 13.439768, 3597.155273> ... Lifespan:  Set to 30 minutes.
[EOnDrop] Zombie Spawned [4] ZmbF_MechanicNormal_Orange @ <7360.234375, 13.571516, 3601.218994> ... Lifespan:  Set to 30 minutes.
[EOnDrop] Zombie Spawned [5] ZmbM_OffshoreWorker_Red @ <7382.274414, 10.924486, 3590.402832> ... Lifespan:  Set to 30 minutes.
[EOnDrop] Zombie Spawned [6] ZmbF_BlueCollarFat_White @ <7393.118652, 11.362010, 3598.273682> ... Lifespan:  Set to 30 minutes.
[EOnDrop] Zombie Spawned [7] ZmbF_MechanicNormal_Beige @ <7385.985352, 10.514669, 3588.666992> ... Lifespan:  Set to 30 minutes.
[EOnDrop] Zombie Spawned [8] ZmbM_HandymanNormal_Beige @ <7334.400391, 12.454288, 3574.823486> ... Lifespan:  Set to 30 minutes.
[EOnDrop] Zombie Spawned [9] ZmbM_OffshoreWorker_Orange @ <7341.037109, 12.132771, 3588.142090> ... Lifespan:  Set to 30 minutes.
[EOnDrop] Zombie Spawned [10] ZmbF_BlueCollarFat_Green @ <7356.074707, 11.429158, 3584.009521> ... Lifespan:  Set to 30 minutes.
[EOnDrop] Zombie Spawned [11] ZmbM_HandymanNormal_White @ <7357.241211, 11.049338, 3578.349365> ... Lifespan:  Set to 30 minutes.
[EOnDrop] Zombie Spawned [12] ZmbF_MechanicNormal_Orange @ <7403.081055, 12.903066, 3611.520020> ... Lifespan:  Set to 30 minutes.
[EOnDrop] Zombie Spawned [13] ZmbM_HandymanNormal_Green @ <7366.006348, 10.001309, 3535.705811> ... Lifespan:  Set to 30 minutes.
[EOnDrop] Zombie Spawned [14] ZmbM_MechanicSkinny_Blue @ <7402.304199, 9.784386, 3590.962158> ... Lifespan:  Set to 30 minutes.
[EOnDrop] Zombie Spawned [15] ZmbM_HeavyIndustryWorker @ <7374.310547, 9.899155, 3573.127441> ... Lifespan:  Set to 30 minutes.
[EOnDrop] Zombie Spawned [16] ZmbM_OffshoreWorker_Orange @ <7361.912109, 14.566536, 3606.303223> ... Lifespan:  Set to 30 minutes.
[EOnDrop] Zombie Spawned [17] ZmbM_HandymanNormal_Blue @ <7359.810059, 17.309542, 3617.340332> ... Lifespan:  Set to 30 minutes.
[EOnDrop] Zombie Spawned [18] ZmbM_ConstrWorkerNormal_Black @ <7330.839844, 12.950562, 3592.225586> ... Lifespan:  Set to 30 minutes.
[EOnDrop] Zombie Spawned [19] ZmbM_ConstrWorkerNormal_Grey @ <7360.245117, 11.475266, 3586.315674> ... Lifespan:  Set to 30 minutes.
[EOnDrop] Zombie Spawned [20] ZmbF_MechanicNormal_Orange @ <7375.976074, 11.378542, 3591.482178> ... Lifespan:  Set to 30 minutes.
[EOnDrop] Zombie Spawned [21] ZmbF_BlueCollarFat_Red @ <7343.492676, 11.926534, 3559.297852> ... Lifespan:  Set to 30 minutes.
[EOnDrop] Zombie Spawned [22] ZmbF_MechanicNormal_Green @ <7379.389648, 8.970151, 3554.327637> ... Lifespan:  Set to 30 minutes.
[EOnDrop] Zombie Spawned [23] ZmbM_HandymanNormal_Grey @ <7393.109863, 10.178508, 3589.399170> ... Lifespan:  Set to 30 minutes.
[EOnDrop] Zombie Spawned [24] ZmbM_HandymanNormal_Beige @ <7384.340332, 9.112770, 3569.975342> ... Lifespan:  Set to 30 minutes.
[EOnDrop] Zombie Spawned [25] ZmbM_MechanicSkinny_Grey @ <7323.191895, 13.473688, 3586.366943> ... Lifespan:  Set to 30 minutes.
[EOnDrop] Zombie Spawned [26] ZmbM_HandymanNormal_Blue @ <7382.848145, 17.937506, 3626.227539> ... Lifespan:  Set to 30 minutes.
[EOnDrop] Zombie Spawned [27] ZmbM_HeavyIndustryWorker @ <7341.964355, 11.828896, 3574.216064> ... Lifespan:  Set to 30 minutes.
[EOnDrop] Zombie Spawned [28] ZmbM_ConstrWorkerNormal_Green @ <7380.715332, 9.699718, 3576.493164> ... Lifespan:  Set to 30 minutes.
[EOnDrop] Zombie Spawned [29] ZmbM_MechanicSkinny_Grey @ <7347.387207, 12.308358, 3592.400391> ... Lifespan:  Set to 30 minutes.
[EOnDrop] Zombie Spawned [30] ZmbM_HeavyIndustryWorker @ <7365.828613, 12.559021, 3596.317139> ... Lifespan:  Set to 30 minutes.
[EOnDrop] Drop spawned with 30 infected at <7368.122559, 177.766663, 3583.999023>.
[EOnDrop] Supplies have been dropped near Chernogorsk.
[EOnBeforeDelete] Aircraft despawned @ <9081.983398, 152.000610, -1000.495056>
[~AirdropPlane] Aircraft destroyed.
