[AirdropPlane] Aircraft created on 2021-03-25 @ 02-27-55
[InitializeAircraft] Aircraft Initialized: Chernogorsk @ 7400/3500 (true)
[EOnBeforeDrop] The Aircraft is 1 Km from Chernogorsk. @ <7651.155273, 152.000610, 2022.035889>
[EOnDrop] Zombie Spawned [1] ZmbM_HandymanNormal_White @ <7421.673340, 6.630679, 3390.761230> ... Lifespan:  Set to 30 minutes.
[EOnDrop] Zombie Spawned [2] ZmbF_MechanicNormal_Beige @ <7392.221191, 9.335631, 3416.919922> ... Lifespan:  Set to 30 minutes.
[EOnDrop] Zombie Spawned [3] ZmbM_ConstrWorkerNormal_Green @ <7417.669922, 8.065508, 3443.691895> ... Lifespan:  Set to 30 minutes.
[EOnDrop] Zombie Spawned [4] ZmbM_HandymanNormal_White @ <7421.140625, 6.531901, 3382.642334> ... Lifespan:  Set to 30 minutes.
[EOnDrop] Zombie Spawned [5] ZmbM_HandymanNormal_White @ <7428.211914, 7.543268, 3426.319580> ... Lifespan:  Set to 30 minutes.
[EOnDrop] Zombie Spawned [6] ZmbM_ConstrWorkerNormal_Green @ <7421.058594, 7.956226, 3438.308105> ... Lifespan:  Set to 30 minutes.
[EOnDrop] Zombie Spawned [7] ZmbF_BlueCollarFat_Blue @ <7402.200195, 9.148759, 3427.873291> ... Lifespan:  Set to 30 minutes.
[EOnDrop] Zombie Spawned [8] ZmbF_MechanicNormal_Orange @ <7390.073730, 8.490864, 3466.109619> ... Lifespan:  Set to 30 minutes.
[EOnDrop] Zombie Spawned [9] ZmbM_OffshoreWorker_Orange @ <7404.755371, 8.953510, 3440.945068> ... Lifespan:  Set to 30 minutes.
[EOnDrop] Zombie Spawned [10] ZmbM_ConstrWorkerNormal_Black @ <7417.172363, 7.743845, 3452.620605> ... Lifespan:  Set to 30 minutes.
[EOnDrop] Zombie Spawned [11] ZmbF_MechanicNormal_Beige @ <7446.009766, 6.535960, 3400.185303> ... Lifespan:  Set to 30 minutes.
[EOnDrop] Zombie Spawned [12] ZmbM_ConstrWorkerNormal_Grey @ <7404.662109, 6.644661, 3384.649658> ... Lifespan:  Set to 30 minutes.
[EOnDrop] Zombie Spawned [13] ZmbF_BlueCollarFat_Blue @ <7417.222168, 8.099842, 3417.536377> ... Lifespan:  Set to 30 minutes.
[EOnDrop] Zombie Spawned [14] ZmbM_HeavyIndustryWorker @ <7404.024414, 9.014403, 3425.887695> ... Lifespan:  Set to 30 minutes.
[EOnDrop] Zombie Spawned [15] ZmbM_HandymanNormal_White @ <7404.079590, 8.590873, 3411.477539> ... Lifespan:  Set to 30 minutes.
[EOnDrop] Zombie Spawned [16] ZmbM_OffshoreWorker_Red @ <7371.937500, 8.832682, 3409.669922> ... Lifespan:  Set to 30 minutes.
[EOnDrop] Zombie Spawned [17] ZmbF_MechanicNormal_Grey @ <7434.062988, 6.543844, 3393.460693> ... Lifespan:  Set to 30 minutes.
[EOnDrop] Zombie Spawned [18] ZmbM_OffshoreWorker_Green @ <7396.456055, 9.273927, 3446.612061> ... Lifespan:  Set to 30 minutes.
[EOnDrop] Zombie Spawned [19] ZmbM_HandymanNormal_Grey @ <7426.314453, 7.285852, 3408.986816> ... Lifespan:  Set to 30 minutes.
[EOnDrop] Zombie Spawned [20] ZmbM_MechanicSkinny_Green @ <7397.156250, 5.141219, 3379.062256> ... Lifespan:  Set to 30 minutes.
[EOnDrop] Zombie Spawned [21] ZmbM_HandymanNormal_Beige @ <7434.220703, 7.081857, 3418.691406> ... Lifespan:  Set to 30 minutes.
[EOnDrop] Zombie Spawned [22] ZmbF_MechanicNormal_Orange @ <7455.953613, 6.524912, 3439.850342> ... Lifespan:  Set to 30 minutes.
[EOnDrop] Zombie Spawned [23] ZmbM_HandymanNormal_Green @ <7400.900391, 9.062383, 3420.055908> ... Lifespan:  Set to 30 minutes.
[EOnDrop] Zombie Spawned [24] ZmbM_HandymanNormal_Green @ <7415.070313, 8.404435, 3428.217041> ... Lifespan:  Set to 30 minutes.
[EOnDrop] Zombie Spawned [25] ZmbM_ConstrWorkerNormal_Beige @ <7430.416016, 6.721457, 3399.291504> ... Lifespan:  Set to 30 minutes.
[EOnDrop] Zombie Spawned [26] ZmbM_MechanicSkinny_Blue @ <7421.856445, 7.152678, 3400.937012> ... Lifespan:  Set to 30 minutes.
[EOnDrop] Zombie Spawned [27] ZmbM_MechanicSkinny_Blue @ <7372.435059, 9.275716, 3413.475342> ... Lifespan:  Set to 30 minutes.
[EOnDrop] Zombie Spawned [28] ZmbM_HandymanNormal_Green @ <7405.460938, 8.962499, 3437.236572> ... Lifespan:  Set to 30 minutes.
[EOnDrop] Zombie Spawned [29] ZmbF_BlueCollarFat_Green @ <7418.856445, 7.977112, 3416.569336> ... Lifespan:  Set to 30 minutes.
[EOnDrop] Zombie Spawned [30] ZmbM_ConstrWorkerNormal_Black @ <7373.716309, 8.572432, 3406.877930> ... Lifespan:  Set to 30 minutes.
[EOnDrop] Drop spawned with 30 infected at <7412.565918, 148.127487, 3423.703369>.
[EOnDrop] Supplies have been dropped near Chernogorsk.
[EOnBeforeDelete] Aircraft despawned @ <5209.903809, 615.512024, 16361.830078>
[~AirdropPlane] Aircraft destroyed.
