[AirdropPlane] Aircraft created on 2021-03-26 @ 18-27-11
[InitializeAircraft] Aircraft Initialized: Krasnostav Airstrip @ 12160/12645 (true)
[EOnBeforeDrop] The Aircraft is 1 Km from Krasnostav Airstrip. @ <10770.798828, 378.915466, 13210.052734>
[EOnDrop] Zombie Spawned [1] ZmbM_PatrolNormal_Flat @ <12092.397461, 140.500000, 12656.842773> ... Lifespan:  Set to 30 minutes.
[EOnDrop] Zombie Spawned [2] ZmbM_PatrolNormal_PautRev @ <12063.375000, 140.500000, 12685.915039> ... Lifespan:  Set to 30 minutes.
[EOnDrop] Zombie Spawned [3] ZmbM_PatrolNormal_Autumn @ <12118.949219, 140.500000, 12659.102539> ... Lifespan:  Set to 30 minutes.
[EOnDrop] Zombie Spawned [4] ZmbM_PatrolNormal_PautRev @ <12116.034180, 140.500000, 12633.718750> ... Lifespan:  Set to 30 minutes.
[EOnDrop] Zombie Spawned [5] ZmbM_PatrolNormal_Autumn @ <12107.111328, 140.500000, 12681.828125> ... Lifespan:  Set to 30 minutes.
[EOnDrop] Zombie Spawned [6] ZmbM_PatrolNormal_PautRev @ <12141.832031, 140.500000, 12679.841797> ... Lifespan:  Set to 30 minutes.
[EOnDrop] Zombie Spawned [7] ZmbM_SoldierNormal @ <12088.665039, 140.500000, 12662.199219> ... Lifespan:  Set to 30 minutes.
[EOnDrop] Zombie Spawned [8] ZmbM_PatrolNormal_Flat @ <12125.616211, 140.500000, 12692.070313> ... Lifespan:  Set to 30 minutes.
[EOnDrop] Zombie Spawned [9] ZmbM_PatrolNormal_Summer @ <12090.278320, 140.500000, 12683.863281> ... Lifespan:  Set to 30 minutes.
[EOnDrop] Zombie Spawned [10] ZmbM_PatrolNormal_PautRev @ <12105.830078, 140.500000, 12695.169922> ... Lifespan:  Set to 30 minutes.
[EOnDrop] Zombie Spawned [11] ZmbM_PatrolNormal_Flat @ <12107.290039, 140.500000, 12680.066406> ... Lifespan:  Set to 30 minutes.
[EOnDrop] Zombie Spawned [12] ZmbM_SoldierNormal @ <12086.955078, 140.500000, 12647.293945> ... Lifespan:  Set to 30 minutes.
[EOnDrop] Zombie Spawned [13] ZmbM_PatrolNormal_Summer @ <12050.333008, 140.500000, 12670.566406> ... Lifespan:  Set to 30 minutes.
[EOnDrop] Zombie Spawned [14] ZmbM_PatrolNormal_Flat @ <12085.711914, 140.500000, 12660.053711> ... Lifespan:  Set to 30 minutes.
[EOnDrop] Zombie Spawned [15] ZmbM_PatrolNormal_Flat @ <12058.733398, 140.500000, 12671.245117> ... Lifespan:  Set to 30 minutes.
[EOnDrop] Zombie Spawned [16] ZmbM_SoldierNormal @ <12078.243164, 140.500000, 12673.206055> ... Lifespan:  Set to 30 minutes.
[EOnDrop] Zombie Spawned [17] ZmbM_SoldierNormal @ <12101.181641, 140.500000, 12652.677734> ... Lifespan:  Set to 30 minutes.
[EOnDrop] Zombie Spawned [18] ZmbM_PatrolNormal_Flat @ <12081.458984, 140.500000, 12648.937500> ... Lifespan:  Set to 30 minutes.
[EOnDrop] Zombie Spawned [19] ZmbM_PatrolNormal_Summer @ <12086.973633, 140.500000, 12636.555664> ... Lifespan:  Set to 30 minutes.
[EOnDrop] Zombie Spawned [20] ZmbM_SoldierNormal @ <12104.197266, 140.500000, 12631.018555> ... Lifespan:  Set to 30 minutes.
[EOnDrop] Drop spawned with 20 infected at <12099.681641, 283.824585, 12667.310547>.
[EOnDrop] Supplies have been dropped near Krasnostav Airstrip.
[EOnBeforeDelete] Aircraft despawned @ <16361.394531, 152.000610, 10926.742188>
[~AirdropPlane] Aircraft destroyed.
