[InitializeContainer] Container created on 2021-04-01 @ 00-06-12
[InitializeContainer] Winds: Vector <5.445073, 0.000000, -6.518639>, Speed 8.49361mps, Strength 0.1
[AirdropContainerFall] Drop Type 'Military West', Container: 'AirdropContainer_Military', Mode/Quantity/Iems: Random/20/46, Flare:  10%
[AirdropContainerFall] Loot Spawned [1] USMCJacket_Desert @ <1984.729004, 441.428162, 15594.323242> ... Lifespan: Set to 30 minutes.
[AirdropContainerFall] Loot Spawned [2] UKAssVest_Black @ <1982.841431, 441.533325, 15594.495117> ... Lifespan: Set to 30 minutes.
[AirdropContainerFall] Loot Spawned [3] AK101 @ <1986.356812, 441.558533, 15590.448242> ... Lifespan: Set to 30 minutes.
[AirdropContainerFall] Loot Spawned [4] AKM @ <1984.459473, 441.630005, 15591.262695> ... Lifespan: Set to 30 minutes.
[AirdropContainerFall] Loot Spawned [5] USMCPants_Desert @ <1987.533325, 441.398712, 15592.015625> ... Lifespan: Set to 30 minutes.
[AirdropContainerFall] Loot Spawned [6] CombatKnife @ <1984.677612, 441.434845, 15594.268555> ... Lifespan: Set to 30 minutes.
[AirdropContainerFall] Loot Spawned [7] AmmoBox_556x45_20Rnd @ <1984.479248, 441.554504, 15592.586914> ... Lifespan: Set to 30 minutes.
[AirdropContainerFall] Loot Spawned [8] M4A1 @ <1986.823608, 441.203217, 15595.988281> ... Lifespan: Set to 30 minutes.
[AirdropContainerFall] Loot Spawned [9] TacticalGloves_Black @ <1987.488403, 441.272827, 15594.195313> ... Lifespan: Set to 30 minutes.
[AirdropContainerFall] Loot Spawned [10] UKAssVest_Black @ <1983.381836, 441.459808, 15595.124023> ... Lifespan: Set to 30 minutes.
[AirdropContainerFall] Loot Spawned [11] KOD_M16A4 @ <1984.210571, 441.626617, 15591.600586> ... Lifespan: Set to 30 minutes.
[AirdropContainerFall] Loot Spawned [12] USMCJacket_Desert @ <1988.560303, 441.319183, 15592.180664> ... Lifespan: Set to 30 minutes.
[AirdropContainerFall] Loot Spawned [13] UniversalLight @ <1987.893677, 441.341461, 15592.602539> ... Lifespan: Set to 30 minutes.
[AirdropContainerFall] Loot Spawned [14] CanOpener @ <1988.591431, 441.308838, 15592.337891> ... Lifespan: Set to 30 minutes.
[AirdropContainerFall] Loot Spawned [15] Canteen @ <1985.219727, 441.584656, 15591.237305> ... Lifespan: Set to 30 minutes.
[AirdropContainerFall] Loot Spawned [16] WeaponCleaningKit @ <1986.824707, 441.507874, 15590.842773> ... Lifespan: Set to 30 minutes.
[AirdropContainerFall] Loot Spawned [17] USMCJacket_Woodland @ <1987.796143, 441.363586, 15592.320313> ... Lifespan: Set to 30 minutes.
[AirdropContainerFall] Loot Spawned [18] KOD_RSASS_Black @ <1983.543701, 441.689728, 15591.203125> ... Lifespan: Set to 30 minutes.
[AirdropContainerFall] Loot Spawned [19] KOD_M110_Tan @ <1989.403564, 441.162262, 15593.880859> ... Lifespan: Set to 30 minutes.
[AirdropContainerFall] Loot Spawned [20] FNX45 @ <1986.237793, 441.288910, 15595.128906> ... Lifespan: Set to 30 minutes.
[AirdropContainerUnstuck] Container was unstuck.
[~AirdropContainerBase] Container Destroyed on 2021-04-01 @ 00-31-12
