[InitializeContainer] Container created on 2021-03-08 @ 05-06-15
[InitializeContainer] Winds: Vector <7.329415, 0.000000, -5.490868>, Speed 9.15805mps, Strength 0.1
[AirdropContainerFall] Drop Type 'Military Weapons', Container: 'AirdropContainer_Military', Mode/Quantity/Iems: Random/20/18, Flare:  10%
[AirdropContainerFall] Loot Spawned [1] Mosin9130 @ <5107.737793, 9.314666, 2470.525391> ... Lifespan: Set to 30 minutes.
[AirdropContainerFall] Loot Spawned [2] M4A1 @ <5105.633301, 9.414760, 2467.801270> ... Lifespan: Set to 30 minutes.
[AirdropContainerFall] Loot Spawned [3] CombatBoots_Grey @ <5107.129395, 9.557552, 2465.005859> ... Lifespan: Set to 30 minutes.
[AirdropContainerFall] Loot Spawned [4] Mag_AKM_30Rnd @ <5106.393555, 9.470716, 2466.794922> ... Lifespan: Set to 30 minutes.
[AirdropContainerFall] Loot Spawned [5] Mosin_Compensator @ <5111.124512, 9.551642, 2467.690674> ... Lifespan: Set to 30 minutes.
[AirdropContainerFall] Spawn failed for item [6] 'PlateCarrierComplete', does not exist in DayZ!
[AirdropContainerFall] Loot Spawned [7] TacticalBaconCan @ <5107.117188, 9.422879, 2468.345215> ... Lifespan: Set to 30 minutes.
[AirdropContainerFall] Loot Spawned [8] TTSKOPants @ <5108.768555, 9.624078, 2465.221680> ... Lifespan: Set to 30 minutes.
[AirdropContainerFall] Loot Spawned [9] FNX45 @ <5106.284180, 9.403173, 2468.586182> ... Lifespan: Set to 30 minutes.
[AirdropContainerFall] Loot Spawned [10] MilitaryBoots_Redpunk @ <5108.808594, 9.392657, 2469.571777> ... Lifespan: Set to 30 minutes.
[AirdropContainerFall] Loot Spawned [11] Mag_AKM_30Rnd @ <5110.676270, 9.582889, 2467.003662> ... Lifespan: Set to 30 minutes.
[AirdropContainerFall] Loot Spawned [12] TacticalBaconCan @ <5110.138184, 9.445705, 2469.208740> ... Lifespan: Set to 30 minutes.
[AirdropContainerFall] Spawn failed for item [13] 'PlateCarrierComplete', does not exist in DayZ!
[AirdropContainerFall] Loot Spawned [14] Mosin_Bayonet @ <5106.967773, 9.450275, 2467.700684> ... Lifespan: Set to 30 minutes.
[AirdropContainerFall] Loot Spawned [15] Mosin9130 @ <5109.561035, 9.403043, 2469.734375> ... Lifespan: Set to 30 minutes.
[AirdropContainerFall] Loot Spawned [16] TacticalBaconCan @ <5107.275879, 9.486135, 2466.943604> ... Lifespan: Set to 30 minutes.
[AirdropContainerFall] Loot Spawned [17] FNX45 @ <5108.842773, 9.636263, 2465.006104> ... Lifespan: Set to 30 minutes.
[AirdropContainerFall] Loot Spawned [18] AmmoBox_762x39_20Rnd @ <5109.896484, 9.524886, 2467.609375> ... Lifespan: Set to 30 minutes.
[AirdropContainerFall] Loot Spawned [19] AmmoBox_762x54_20Rnd @ <5106.736328, 9.477271, 2466.837891> ... Lifespan: Set to 30 minutes.
[AirdropContainerFall] Loot Spawned [20] AmmoBox_762x39_20Rnd @ <5111.042480, 9.561347, 2467.475342> ... Lifespan: Set to 30 minutes.
[AirdropContainerUnstuck] Container was unstuck.
[~AirdropContainerBase] Container Destroyed on 2021-03-08 @ 05-36-15
