[AirdropPlane] Aircraft created on 2021-03-16 @ 03-43-20
[InitializeAircraft] Aircraft Initialized: Elektrozavodsk @ 10050/2450 (true)
[EOnBeforeDrop] The Aircraft is 1 Km from Elektrozavodsk. @ <8641.729492, 177.510941, 2962.032227>
[EOnDrop] Zombie Spawned [1] ZmbM_SkaterYoung_Grey @ <9977.759766, 58.108738, 2492.249756> ... Lifespan:  Set to 30 minutes.
[EOnDrop] Zombie Spawned [2] ZmbF_ShortSkirt_red @ <10001.698242, 53.570313, 2514.177734> ... Lifespan:  Set to 30 minutes.
[EOnDrop] Zombie Spawned [3] ZmbM_SkaterYoung_Brown @ <9990.301758, 55.499519, 2511.302979> ... Lifespan:  Set to 30 minutes.
[EOnDrop] Zombie Spawned [4] ZmbM_CitizenASkinny_Red @ <9967.599609, 59.669563, 2507.687744> ... Lifespan:  Set to 30 minutes.
[EOnDrop] Zombie Spawned [5] ZmbM_ParamedicNormal_Black @ <9952.272461, 62.870628, 2495.118652> ... Lifespan:  Set to 30 minutes.
[EOnDrop] Zombie Spawned [6] ZmbM_SkaterYoung_Grey @ <9956.272461, 62.029922, 2481.720459> ... Lifespan:  Set to 30 minutes.
[EOnDrop] Zombie Spawned [7] ZmbM_Jacket_bluechecks @ <9967.649414, 58.880787, 2520.589111> ... Lifespan:  Set to 30 minutes.
[EOnDrop] Zombie Spawned [8] ZmbM_JoggerSkinny_Green @ <9971.259766, 55.147846, 2441.396973> ... Lifespan:  Set to 30 minutes.
[EOnDrop] Zombie Spawned [9] ZmbM_JoggerSkinny_Green @ <9945.027344, 64.183121, 2493.819580> ... Lifespan:  Set to 30 minutes.
[EOnDrop] Zombie Spawned [10] ZmbF_CitizenANormal_Beige @ <9968.136719, 57.638840, 2460.245605> ... Lifespan:  Set to 30 minutes.
[EOnDrop] Zombie Spawned [11] ZmbM_JournalistSkinny @ <10005.458984, 53.187370, 2510.942871> ... Lifespan:  Set to 30 minutes.
[EOnDrop] Zombie Spawned [12] ZmbF_SkaterYoung_Striped @ <9958.603516, 61.691235, 2494.892334> ... Lifespan:  Set to 30 minutes.
[EOnDrop] Zombie Spawned [13] ZmbF_PoliceWomanNormal @ <9957.377930, 61.380917, 2473.877197> ... Lifespan:  Set to 30 minutes.
[EOnDrop] Zombie Spawned [14] ZmbM_JoggerSkinny_Red @ <10005.792969, 53.657948, 2483.682129> ... Lifespan:  Set to 30 minutes.
[EOnDrop] Zombie Spawned [15] ZmbF_CitizenANormal_Brown @ <9990.362305, 54.625355, 2464.650879> ... Lifespan:  Set to 30 minutes.
[EOnDrop] Zombie Spawned [16] ZmbM_Jacket_magenta @ <9972.264648, 57.395981, 2466.243896> ... Lifespan:  Set to 30 minutes.
[EOnDrop] Zombie Spawned [17] ZmbM_PrisonerSkinny @ <9934.014648, 64.849335, 2511.544434> ... Lifespan:  Set to 30 minutes.
[EOnDrop] Zombie Spawned [18] ZmbF_CitizenBSkinny @ <9985.783203, 55.701504, 2472.315430> ... Lifespan:  Set to 30 minutes.
[EOnDrop] Zombie Spawned [19] ZmbM_CommercialPilotOld_Grey @ <9946.064453, 58.909935, 2435.463623> ... Lifespan:  Set to 30 minutes.
[EOnDrop] Zombie Spawned [20] ZmbM_JoggerSkinny_Blue @ <9952.788086, 59.527321, 2448.542236> ... Lifespan:  Set to 30 minutes.
[EOnDrop] Drop spawned with 20 infected at <9965.567383, 225.544067, 2480.831055>.
[EOnDrop] Supplies have been dropped near Elektrozavodsk.
[EOnBeforeDelete] Aircraft despawned @ <16361.699219, 152.000610, 155.904297>
[~AirdropPlane] Aircraft destroyed.
