[InitializeContainer] Container created on 2021-04-21 @ 02-21-04
[InitializeContainer] Winds: Vector <-19.450905, 0.000000, 2.583440>, Speed 19.6217mps, Strength 0.1
[AirdropContainerFall] Drop Type 'Misc. Tools', Container: 'RANDOM', Mode/Quantity/Iems: Random/30/54, Flare:  10%
[AirdropContainerFall] Loot Spawned [1] BaseRadio @ <11416.928711, 37.649559, 14295.392578> ... Lifespan: Set to 30 minutes.
[AirdropContainerFall] Loot Spawned [2] BaseRadio @ <11413.670898, 37.733986, 14296.161133> ... Lifespan: Set to 30 minutes.
[AirdropContainerFall] Loot Spawned [3] PersonalRadio @ <11417.520508, 37.633762, 14295.853516> ... Lifespan: Set to 30 minutes.
[AirdropContainerFall] Loot Spawned [4] WoodAxe @ <11416.221680, 37.629528, 14293.877930> ... Lifespan: Set to 30 minutes.
[AirdropContainerFall] Loot Spawned [5] KitchenKnife @ <11413.166992, 37.740776, 14295.172852> ... Lifespan: Set to 30 minutes.
[AirdropContainerFall] Loot Spawned [6] Chemlight_White @ <11416.953125, 37.648899, 14297.262695> ... Lifespan: Set to 30 minutes.
[AirdropContainerFall] Loot Spawned [7] Shovel @ <11412.858398, 37.727547, 14294.807617> ... Lifespan: Set to 30 minutes.
[AirdropContainerFall] Loot Spawned [8] PortableGasLamp @ <11411.993164, 37.765156, 14295.002930> ... Lifespan: Set to 30 minutes.
[AirdropContainerFall] Loot Spawned [9] BatteryCharger @ <11415.997070, 37.631462, 14293.917969> ... Lifespan: Set to 30 minutes.
[AirdropContainerFall] Loot Spawned [10] SledgeHammer @ <11417.264648, 37.593975, 14293.654297> ... Lifespan: Set to 30 minutes.
[AirdropContainerFall] Loot Spawned [11] Compass @ <11415.208984, 37.695408, 14298.028320> ... Lifespan: Set to 30 minutes.
[AirdropContainerFall] Loot Spawned [12] BatteryCharger @ <11415.714844, 37.454906, 14292.261719> ... Lifespan: Set to 30 minutes.
[AirdropContainerFall] Loot Spawned [13] CanOpener @ <11416.194336, 37.669140, 14298.142578> ... Lifespan: Set to 30 minutes.
[AirdropContainerFall] Loot Spawned [14] AKM @ <11412.570313, 37.734135, 14294.812500> ... Lifespan: Set to 30 minutes.
[AirdropContainerFall] Loot Spawned [15] Hacksaw @ <11417.767578, 37.608635, 14294.464844> ... Lifespan: Set to 30 minutes.
[AirdropContainerFall] Loot Spawned [16] Flashlight @ <11415.093750, 37.698486, 14297.740234> ... Lifespan: Set to 30 minutes.
[AirdropContainerFall] Loot Spawned [17] CanOpener @ <11417.812500, 37.625977, 14296.500977> ... Lifespan: Set to 30 minutes.
[AirdropContainerFall] Loot Spawned [18] Hatchet @ <11412.048828, 37.764332, 14295.094727> ... Lifespan: Set to 30 minutes.
[AirdropContainerFall] Loot Spawned [19] BaseRadio @ <11412.553711, 37.754204, 14295.257813> ... Lifespan: Set to 30 minutes.
[AirdropContainerFall] Loot Spawned [20] Compass @ <11413.284180, 37.739811, 14295.555664> ... Lifespan: Set to 30 minutes.
[AirdropContainerFall] Loot Spawned [21] Compass @ <11413.934570, 37.727970, 14298.344727> ... Lifespan: Set to 30 minutes.
[AirdropContainerFall] Loot Spawned [22] Chemlight_White @ <11418.204102, 37.615551, 14296.145508> ... Lifespan: Set to 30 minutes.
[AirdropContainerFall] Loot Spawned [23] Chemlight_Red @ <11415.407227, 37.690136, 14297.208008> ... Lifespan: Set to 30 minutes.
[AirdropContainerFall] Loot Spawned [24] PortableGasLamp @ <11416.050781, 37.672974, 14296.985352> ... Lifespan: Set to 30 minutes.
[AirdropContainerFall] Loot Spawned [25] FirefighterAxe @ <11416.438477, 37.526943, 14292.702148> ... Lifespan: Set to 30 minutes.
[AirdropContainerFall] Loot Spawned [26] Hacksaw @ <11418.552734, 37.606251, 14295.225586> ... Lifespan: Set to 30 minutes.
[AirdropContainerFall] Loot Spawned [27] LeatherSewingKit @ <11416.213867, 37.636738, 14294.080078> ... Lifespan: Set to 30 minutes.
[AirdropContainerFall] Loot Spawned [28] Spotlight @ <11417.958984, 37.582428, 14293.855469> ... Lifespan: Set to 30 minutes.
[AirdropContainerFall] Loot Spawned [29] Crowbar @ <11415.978516, 37.454662, 14292.157227> ... Lifespan: Set to 30 minutes.
[AirdropContainerFall] Loot Spawned [30] Chemlight_White @ <11413.311523, 37.584576, 14293.474609> ... Lifespan: Set to 30 minutes.
[AirdropContainerUnstuck] Container was unstuck.
[~AirdropContainerBase] Container Destroyed on 2021-04-21 @ 02-46-04
