[InitializeContainer] Container created on 2021-03-18 @ 03-02-11
[InitializeContainer] Winds: Vector <5.477191, 0.000000, -6.506082>, Speed 8.50463mps, Strength 0.1
[AirdropContainerFall] Drop Type 'Misc. Tools', Container: 'RANDOM', Mode/Quantity/Iems: Random/30/54, Flare:  10%
[AirdropContainerFall] Loot Spawned [1] FirefighterAxe @ <7391.038086, 8.370986, 3572.547607> ... Lifespan: Set to 30 minutes.
[AirdropContainerFall] Loot Spawned [2] Machete @ <7395.787109, 8.191190, 3573.931396> ... Lifespan: Set to 30 minutes.
[AirdropContainerFall] Loot Spawned [3] KOD_M16A4 @ <7393.512695, 8.290997, 3573.533447> ... Lifespan: Set to 30 minutes.
[AirdropContainerFall] Loot Spawned [4] Battery9V @ <7392.581055, 8.214207, 3571.408936> ... Lifespan: Set to 30 minutes.
[AirdropContainerFall] Loot Spawned [5] HuntingKnife @ <7392.868164, 8.260620, 3572.449707> ... Lifespan: Set to 30 minutes.
[AirdropContainerFall] Loot Spawned [6] Rangefinder @ <7391.816895, 8.220930, 3570.790527> ... Lifespan: Set to 30 minutes.
[AirdropContainerFall] Loot Spawned [7] Machete @ <7397.262695, 8.098106, 3573.664795> ... Lifespan: Set to 30 minutes.
[AirdropContainerFall] Loot Spawned [8] CanOpener @ <7396.877441, 7.949200, 3570.910400> ... Lifespan: Set to 30 minutes.
[AirdropContainerFall] Loot Spawned [9] Shovel @ <7393.337891, 8.130587, 3570.738525> ... Lifespan: Set to 30 minutes.
[AirdropContainerFall] Loot Spawned [10] Headtorch_Grey @ <7393.221191, 8.289737, 3573.246826> ... Lifespan: Set to 30 minutes.
[AirdropContainerFall] Loot Spawned [11] PortableGasLamp @ <7394.929199, 8.212553, 3573.547607> ... Lifespan: Set to 30 minutes.
[AirdropContainerFall] Loot Spawned [12] BaseRadio @ <7396.675293, 8.081871, 3572.902344> ... Lifespan: Set to 30 minutes.
[AirdropContainerFall] Loot Spawned [13] CanOpener @ <7395.497559, 7.923761, 3569.075439> ... Lifespan: Set to 30 minutes.
[AirdropContainerFall] Loot Spawned [14] Chemlight_White @ <7396.111328, 7.948468, 3570.249023> ... Lifespan: Set to 30 minutes.
[AirdropContainerFall] Loot Spawned [15] Chemlight_Green @ <7392.962891, 8.083938, 3569.458252> ... Lifespan: Set to 30 minutes.
[AirdropContainerFall] Loot Spawned [16] SewingKit @ <7392.433105, 8.348536, 3573.485596> ... Lifespan: Set to 30 minutes.
[AirdropContainerFall] Loot Spawned [17] Flashlight @ <7391.624512, 8.361701, 3572.953125> ... Lifespan: Set to 30 minutes.
[AirdropContainerFall] Loot Spawned [18] Hammer @ <7394.816895, 7.973696, 3569.368652> ... Lifespan: Set to 30 minutes.
[AirdropContainerFall] Loot Spawned [19] SledgeHammer @ <7394.973145, 8.230897, 3573.886963> ... Lifespan: Set to 30 minutes.
[AirdropContainerFall] Loot Spawned [20] Rangefinder @ <7395.062988, 8.208732, 3573.603271> ... Lifespan: Set to 30 minutes.
[AirdropContainerFall] Loot Spawned [21] Wrench @ <7396.139648, 8.191869, 3574.241211> ... Lifespan: Set to 30 minutes.
[AirdropContainerFall] Loot Spawned [22] Flashlight @ <7392.525879, 8.174933, 3570.701660> ... Lifespan: Set to 30 minutes.
[AirdropContainerFall] Loot Spawned [23] AK101 @ <7396.223633, 8.154219, 3573.698730> ... Lifespan: Set to 30 minutes.
[AirdropContainerFall] Loot Spawned [24] Headtorch_Grey @ <7397.044434, 8.066237, 3572.960205> ... Lifespan: Set to 30 minutes.
[AirdropContainerFall] Loot Spawned [25] PortableGasStove @ <7391.706055, 8.262534, 3571.378174> ... Lifespan: Set to 30 minutes.
[AirdropContainerFall] Loot Spawned [26] KitchenKnife @ <7391.745605, 8.400208, 3573.700928> ... Lifespan: Set to 30 minutes.
[AirdropContainerFall] Loot Spawned [27] Whetstone @ <7393.354004, 8.126550, 3570.686523> ... Lifespan: Set to 30 minutes.
[AirdropContainerFall] Loot Spawned [28] Rangefinder @ <7396.627441, 8.144636, 3573.884766> ... Lifespan: Set to 30 minutes.
[AirdropContainerFall] Loot Spawned [29] HuntingKnife @ <7395.740723, 8.121074, 3572.749023> ... Lifespan: Set to 30 minutes.
[AirdropContainerFall] Loot Spawned [30] Machete @ <7393.114746, 8.143064, 3570.732910> ... Lifespan: Set to 30 minutes.
[AirdropContainerUnstuck] Container was unstuck.
[~AirdropContainerBase] Container Destroyed on 2021-03-18 @ 03-27-11
