[AirdropPlane] Aircraft created on 2021-04-18 @ 15-58-34
[InitializeAircraft] Aircraft Initialized: Zelenogorks @ 1875/5210 (true)
[EOnBeforeDrop] The Aircraft is 1 Km from Zelenogorks. @ <856.510681, 247.103165, 4110.793457>
[EOnDrop] Zombie Spawned [1] ZmbF_HikerSkinny_Red @ <1799.235962, 173.049698, 5126.392578> ... Lifespan:  Set to 30 minutes.
[EOnDrop] Zombie Spawned [2] ZmbM_HikerSkinny_Yellow @ <1852.121338, 174.438370, 5174.430664> ... Lifespan:  Set to 30 minutes.
[EOnDrop] Zombie Spawned [3] ZmbF_HikerSkinny_Grey @ <1774.436279, 172.852707, 5146.075684> ... Lifespan:  Set to 30 minutes.
[EOnDrop] Zombie Spawned [4] ZmbM_HikerSkinny_Blue @ <1855.965820, 174.387787, 5141.639160> ... Lifespan:  Set to 30 minutes.
[EOnDrop] Zombie Spawned [5] ZmbM_HermitSkinny_Green @ <1808.153564, 173.190842, 5114.325684> ... Lifespan:  Set to 30 minutes.
[EOnDrop] Zombie Spawned [6] ZmbM_HermitSkinny_Beige @ <1838.845703, 174.369598, 5145.066895> ... Lifespan:  Set to 30 minutes.
[EOnDrop] Zombie Spawned [7] ZmbM_MotobikerFat_Blue @ <1801.417969, 173.729691, 5153.991211> ... Lifespan:  Set to 30 minutes.
[EOnDrop] Zombie Spawned [8] ZmbM_FarmerFat_Blue @ <1815.978027, 173.337387, 5110.543457> ... Lifespan:  Set to 30 minutes.
[EOnDrop] Zombie Spawned [9] ZmbM_HikerSkinny_Yellow @ <1801.297607, 173.185104, 5122.076172> ... Lifespan:  Set to 30 minutes.
[EOnDrop] Zombie Spawned [10] ZmbM_HikerSkinny_Yellow @ <1810.716187, 173.184280, 5098.443359> ... Lifespan:  Set to 30 minutes.
[EOnDrop] Zombie Spawned [11] ZmbM_HermitSkinny_Beige @ <1813.717896, 173.590424, 5121.478027> ... Lifespan:  Set to 30 minutes.
[EOnDrop] Zombie Spawned [12] ZmbF_HikerSkinny_Red @ <1811.601685, 173.848618, 5137.975098> ... Lifespan:  Set to 30 minutes.
[EOnDrop] Zombie Spawned [13] ZmbM_VillagerOld_White @ <1776.280640, 173.006546, 5151.918457> ... Lifespan:  Set to 30 minutes.
[EOnDrop] Zombie Spawned [14] ZmbM_HunterOld_Autumn @ <1785.826782, 172.914551, 5142.465332> ... Lifespan:  Set to 30 minutes.
[EOnDrop] Zombie Spawned [15] ZmbM_VillagerOld_Blue @ <1825.193970, 174.090851, 5164.340332> ... Lifespan:  Set to 30 minutes.
[EOnDrop] Zombie Spawned [16] ZmbM_VillagerOld_Green @ <1806.781128, 173.798935, 5140.743164> ... Lifespan:  Set to 30 minutes.
[EOnDrop] Zombie Spawned [17] ZmbM_FarmerFat_Beige @ <1796.055298, 173.011765, 5126.818359> ... Lifespan:  Set to 30 minutes.
[EOnDrop] Zombie Spawned [18] ZmbF_VillagerOld_Blue @ <1851.252930, 174.076370, 5127.549805> ... Lifespan:  Set to 30 minutes.
[EOnDrop] Zombie Spawned [19] ZmbM_MotobikerFat_Beige @ <1786.514526, 173.159897, 5113.411133> ... Lifespan:  Set to 30 minutes.
[EOnDrop] Zombie Spawned [20] ZmbF_VillagerOld_Blue @ <1809.989258, 173.916809, 5156.919434> ... Lifespan:  Set to 30 minutes.
[EOnDrop] Drop spawned with 20 infected at <1813.574097, 312.347656, 5143.771973>.
[EOnDrop] Supplies have been dropped near Zelenogorks.
[EOnBeforeDelete] Aircraft despawned @ <12207.644531, 253.860291, 16360.787109>
[~AirdropPlane] Aircraft destroyed.
