[AirdropPlane] Aircraft created on 2021-03-27 @ 14-52-02
[InitializeAircraft] Aircraft Initialized: Elektrozavodsk @ 10050/2450 (true)
[EOnBeforeDrop] The Aircraft is 1 Km from Elektrozavodsk. @ <11536.300781, 152.000610, 2652.166016>
[EOnDrop] Zombie Spawned [1] ZmbF_JournalistNormal_Green @ <10138.332031, 35.102165, 2478.370850> ... Lifespan:  Set to 30 minutes.
[EOnDrop] Zombie Spawned [2] ZmbF_CitizenANormal_Beige @ <10145.008789, 33.316429, 2493.679443> ... Lifespan:  Set to 30 minutes.
[EOnDrop] Zombie Spawned [3] ZmbM_Jacket_stripes @ <10121.454102, 36.893314, 2427.177002> ... Lifespan:  Set to 30 minutes.
[EOnDrop] Zombie Spawned [4] ZmbM_SkaterYoung_Brown @ <10126.781250, 37.410912, 2461.388184> ... Lifespan:  Set to 30 minutes.
[EOnDrop] Zombie Spawned [5] ZmbM_JournalistSkinny @ <10146.918945, 33.684792, 2483.293701> ... Lifespan:  Set to 30 minutes.
[EOnDrop] Zombie Spawned [6] ZmbM_JoggerSkinny_Blue @ <10095.789063, 41.442383, 2454.238037> ... Lifespan:  Set to 30 minutes.
[EOnDrop] Zombie Spawned [7] ZmbM_PatientSkinny @ <10138.763672, 35.487862, 2438.352295> ... Lifespan:  Set to 30 minutes.
[EOnDrop] Zombie Spawned [8] ZmbF_ParamedicNormal_Green @ <10161.001953, 32.733433, 2451.208740> ... Lifespan:  Set to 30 minutes.
[EOnDrop] Zombie Spawned [9] ZmbM_Jacket_greenchecks @ <10162.868164, 32.579578, 2450.641113> ... Lifespan:  Set to 30 minutes.
[EOnDrop] Zombie Spawned [10] ZmbF_Clerk_Normal_Green @ <10140.564453, 34.900581, 2469.778809> ... Lifespan:  Set to 30 minutes.
[EOnDrop] Zombie Spawned [11] ZmbM_CitizenASkinny_Red @ <10147.239258, 34.083084, 2455.523193> ... Lifespan:  Set to 30 minutes.
[EOnDrop] Zombie Spawned [12] ZmbF_ParamedicNormal_Red @ <10182.225586, 32.382149, 2460.877197> ... Lifespan:  Set to 30 minutes.
[EOnDrop] Zombie Spawned [13] ZmbM_DoctorFat @ <10167.812500, 32.064495, 2432.493652> ... Lifespan:  Set to 30 minutes.
[EOnDrop] Zombie Spawned [14] ZmbM_Jacket_black @ <10156.576172, 33.043087, 2478.687744> ... Lifespan:  Set to 30 minutes.
[EOnDrop] Zombie Spawned [15] ZmbM_Jacket_black @ <10156.692383, 33.114288, 2452.297363> ... Lifespan:  Set to 30 minutes.
[EOnDrop] Zombie Spawned [16] ZmbF_JournalistNormal_White @ <10142.701172, 34.799313, 2452.832764> ... Lifespan:  Set to 30 minutes.
[EOnDrop] Spawn failed for zombie [17] 'ZmbM_JacketNormal_greenchecks', it does not exist in DayZ!
[EOnDrop] Zombie Spawned [18] ZmbM_CommercialPilotOld_Grey @ <10096.806641, 41.514912, 2467.750732> ... Lifespan:  Set to 30 minutes.
[EOnDrop] Zombie Spawned [19] ZmbM_JoggerSkinny_Green @ <10157.468750, 32.636288, 2500.129883> ... Lifespan:  Set to 30 minutes.
[EOnDrop] Zombie Spawned [20] ZmbF_Clerk_Normal_Green @ <10096.587891, 41.537003, 2476.981689> ... Lifespan:  Set to 30 minutes.
[EOnDrop] Drop spawned with 20 infected at <10135.440430, 164.776428, 2461.757813>.
[EOnDrop] Supplies have been dropped near Elektrozavodsk.
[EOnBeforeDelete] Aircraft despawned @ <-1001.116516, 191.231415, 947.846436>
[~AirdropPlane] Aircraft destroyed.
