[InitializeContainer] Container created on 2021-03-16 @ 13-01-07
[InitializeContainer] Winds: Vector <11.313849, 0.000000, 3.723764>, Speed 11.9109mps, Strength 0.1
[AirdropContainerFall] Drop Type 'Misc. Food', Container: 'RANDOM', Mode/Quantity/Iems: Random/29/30, Flare:  10%
[AirdropContainerFall] Loot Spawned [1] SardinesCan @ <6641.171875, 296.456299, 7722.199219> ... Lifespan: Set to 30 minutes.
[AirdropContainerFall] Loot Spawned [2] SpaghettiCan @ <6640.811035, 296.100372, 7718.551270> ... Lifespan: Set to 30 minutes.
[AirdropContainerFall] Loot Spawned [3] AK101 @ <6638.630371, 296.126434, 7718.785645> ... Lifespan: Set to 30 minutes.
[AirdropContainerFall] Loot Spawned [4] Pear @ <6638.257813, 296.017883, 7717.681152> ... Lifespan: Set to 30 minutes.
[AirdropContainerFall] Loot Spawned [5] SambucusBerry @ <6638.554688, 296.093353, 7718.449707> ... Lifespan: Set to 30 minutes.
[AirdropContainerFall] Loot Spawned [6] Pear @ <6643.759766, 296.281036, 7720.493652> ... Lifespan: Set to 30 minutes.
[AirdropContainerFall] Loot Spawned [7] BoxCerealCrunchin @ <6637.900391, 296.197998, 7719.501465> ... Lifespan: Set to 30 minutes.
[AirdropContainerFall] Loot Spawned [8] CaninaBerry @ <6638.757324, 296.430481, 7721.869141> ... Lifespan: Set to 30 minutes.
[AirdropContainerFall] Loot Spawned [9] KOD_DVL10 @ <6638.168945, 296.316742, 7720.708496> ... Lifespan: Set to 30 minutes.
[AirdropContainerFall] Loot Spawned [10] Zucchini @ <6637.539551, 296.343475, 7720.971191> ... Lifespan: Set to 30 minutes.
[AirdropContainerFall] Loot Spawned [11] Pear @ <6641.756348, 296.074371, 7718.300293> ... Lifespan: Set to 30 minutes.
[AirdropContainerFall] Loot Spawned [12] Lard @ <6638.835449, 296.314575, 7720.695801> ... Lifespan: Set to 30 minutes.
[AirdropContainerFall] Loot Spawned [13] AKM @ <6640.261230, 296.002014, 7717.547363> ... Lifespan: Set to 30 minutes.
[AirdropContainerFall] Loot Spawned [14] BoxCerealCrunchin @ <6642.851074, 296.339844, 7721.063477> ... Lifespan: Set to 30 minutes.
[AirdropContainerFall] Loot Spawned [15] Plum @ <6639.375488, 296.433716, 7721.910156> ... Lifespan: Set to 30 minutes.
[AirdropContainerFall] Loot Spawned [16] BakedBeansCan @ <6639.758789, 296.393372, 7721.506836> ... Lifespan: Set to 30 minutes.
[AirdropContainerFall] Loot Spawned [17] SodaCan_Spite @ <6637.233398, 296.085175, 7718.359863> ... Lifespan: Set to 30 minutes.
[AirdropContainerFall] Loot Spawned [18] Tomato @ <6640.254395, 296.485626, 7722.457520> ... Lifespan: Set to 30 minutes.
[AirdropContainerFall] Loot Spawned [19] PowderedMilk @ <6639.083008, 296.432220, 7721.891113> ... Lifespan: Set to 30 minutes.
[AirdropContainerFall] Loot Spawned [20] Plum @ <6638.358398, 296.139038, 7718.910645> ... Lifespan: Set to 30 minutes.
[AirdropContainerFall] Loot Spawned [21] BoxCerealCrunchin @ <6637.330078, 296.411438, 7721.664063> ... Lifespan: Set to 30 minutes.
[AirdropContainerFall] Loot Spawned [22] Pear @ <6637.733398, 296.346405, 7721.003418> ... Lifespan: Set to 30 minutes.
[AirdropContainerFall] Loot Spawned [23] TacticalBaconCan @ <6638.878418, 296.384064, 7721.400391> ... Lifespan: Set to 30 minutes.
[AirdropContainerFall] Loot Spawned [24] KOD_M16A4 @ <6642.816406, 296.306335, 7720.707520> ... Lifespan: Set to 30 minutes.
[AirdropContainerFall] Loot Spawned [25] Rice @ <6639.474121, 296.020966, 7717.728027> ... Lifespan: Set to 30 minutes.
[AirdropContainerFall] Loot Spawned [26] TacticalBaconCan @ <6638.830566, 296.507629, 7722.651855> ... Lifespan: Set to 30 minutes.
[AirdropContainerFall] Loot Spawned [27] Canteen @ <6640.608398, 295.991974, 7717.446289> ... Lifespan: Set to 30 minutes.
[AirdropContainerFall] Loot Spawned [28] Pear @ <6642.462402, 296.107391, 7718.645020> ... Lifespan: Set to 30 minutes.
[AirdropContainerFall] Loot Spawned [29] SambucusBerry @ <6638.036133, 296.394684, 7721.496582> ... Lifespan: Set to 30 minutes.
[AirdropContainerUnstuck] Container was unstuck.
[~AirdropContainerBase] Container Destroyed on 2021-03-16 @ 13-26-07
