[InitializeContainer] Container created on 2021-04-08 @ 01-54-28
[InitializeContainer] Winds: Vector <5.365977, 0.000000, -6.548897>, Speed 8.46651mps, Strength 0.1
[AirdropContainerFall] Drop Type 'Military East', Container: 'AirdropContainer_Military', Mode/Quantity/Iems: Random/20/33, Flare:  10%
[AirdropContainerFall] Loot Spawned [1] Canteen @ <11518.596680, 33.441002, 14283.774414> ... Lifespan: Set to 30 minutes.
[AirdropContainerFall] Loot Spawned [2] TacticalGloves_Green @ <11522.042969, 33.571232, 14286.656250> ... Lifespan: Set to 30 minutes.
[AirdropContainerFall] Loot Spawned [3] CanOpener @ <11516.276367, 33.745819, 14285.641602> ... Lifespan: Set to 30 minutes.
[AirdropContainerFall] Loot Spawned [4] GorkaPants_Summer @ <11516.405273, 33.869759, 14287.188477> ... Lifespan: Set to 30 minutes.
[AirdropContainerFall] Loot Spawned [5] AKM @ <11521.016602, 33.473175, 14285.053711> ... Lifespan: Set to 30 minutes.
[AirdropContainerFall] Loot Spawned [6] GorkaPants_PautRev @ <11517.683594, 33.827915, 14288.181641> ... Lifespan: Set to 30 minutes.
[AirdropContainerFall] Loot Spawned [7] GorkaEJacket_Autumn @ <11517.401367, 33.839458, 14287.824219> ... Lifespan: Set to 30 minutes.
[AirdropContainerFall] Loot Spawned [8] TacticalGloves_Black @ <11517.202148, 33.645802, 14285.150391> ... Lifespan: Set to 30 minutes.
[AirdropContainerFall] Loot Spawned [9] TTSKOPants @ <11518.976563, 33.754429, 14288.825195> ... Lifespan: Set to 30 minutes.
[AirdropContainerFall] Loot Spawned [10] Battery9V @ <11517.270508, 33.514290, 14283.658203> ... Lifespan: Set to 30 minutes.
[AirdropContainerFall] Loot Spawned [11] TTSKOPants @ <11517.781250, 33.513683, 14284.026367> ... Lifespan: Set to 30 minutes.
[AirdropContainerFall] Loot Spawned [12] CanOpener @ <11519.623047, 33.709877, 14289.520508> ... Lifespan: Set to 30 minutes.
[AirdropContainerFall] Loot Spawned [13] KOD_M16A4 @ <11521.319336, 33.632309, 14287.835938> ... Lifespan: Set to 30 minutes.
[AirdropContainerFall] Loot Spawned [14] GorkaPants_Summer @ <11520.746094, 33.441624, 14284.717773> ... Lifespan: Set to 30 minutes.
[AirdropContainerFall] Loot Spawned [15] GorkaPants_Summer @ <11518.293945, 33.438587, 14283.523438> ... Lifespan: Set to 30 minutes.
[AirdropContainerFall] Loot Spawned [16] GorkaEJacket_PautRev @ <11517.680664, 33.845745, 14289.196289> ... Lifespan: Set to 30 minutes.
[AirdropContainerFall] Loot Spawned [17] WeaponCleaningKit @ <11522.157227, 33.583191, 14287.007813> ... Lifespan: Set to 30 minutes.
[AirdropContainerFall] Loot Spawned [18] Battery9V @ <11519.075195, 33.424980, 14283.937500> ... Lifespan: Set to 30 minutes.
[AirdropContainerFall] Loot Spawned [19] GorkaPants_PautRev @ <11521.058594, 33.427219, 14284.509766> ... Lifespan: Set to 30 minutes.
[AirdropContainerFall] Loot Spawned [20] TacticalGloves_Black @ <11517.965820, 33.798660, 14287.512695> ... Lifespan: Set to 30 minutes.
[AirdropContainerUnstuck] Container was unstuck.
[~AirdropContainerBase] Container Destroyed on 2021-04-08 @ 02-19-28
