[AirdropPlane] Aircraft created on 2021-03-23 @ 15-17-43
[InitializeAircraft] Aircraft Initialized: Berezino @ 12450/9250 (true)
[EOnBeforeDrop] The Aircraft is 1 Km from Berezino. @ <13873.933594, 152.000610, 9718.777344>
[EOnDrop] Zombie Spawned [1] ZmbM_MechanicSkinny_Blue @ <12505.994141, 13.237396, 9240.333008> ... Lifespan:  Set to 30 minutes.
[EOnDrop] Zombie Spawned [2] ZmbM_OffshoreWorker_Orange @ <12521.840820, 12.465799, 9267.222656> ... Lifespan:  Set to 30 minutes.
[EOnDrop] Zombie Spawned [3] ZmbF_BlueCollarFat_White @ <12563.123047, 9.253592, 9257.346680> ... Lifespan:  Set to 30 minutes.
[EOnDrop] Zombie Spawned [4] ZmbM_OffshoreWorker_Green @ <12555.526367, 9.357581, 9234.538086> ... Lifespan:  Set to 30 minutes.
[EOnDrop] Zombie Spawned [5] ZmbM_OffshoreWorker_Red @ <12534.032227, 12.396727, 9291.783203> ... Lifespan:  Set to 30 minutes.
[EOnDrop] Zombie Spawned [6] ZmbM_ConstrWorkerNormal_Grey @ <12547.472656, 10.964640, 9280.948242> ... Lifespan:  Set to 30 minutes.
[EOnDrop] Zombie Spawned [7] ZmbF_BlueCollarFat_Green @ <12538.223633, 11.697799, 9278.688477> ... Lifespan:  Set to 30 minutes.
[EOnDrop] Zombie Spawned [8] ZmbM_HeavyIndustryWorker @ <12537.301758, 11.830211, 9280.501953> ... Lifespan:  Set to 30 minutes.
[EOnDrop] Zombie Spawned [9] ZmbF_MechanicNormal_Grey @ <12546.765625, 10.034768, 9254.768555> ... Lifespan:  Set to 30 minutes.
[EOnDrop] Zombie Spawned [10] ZmbM_MechanicSkinny_Grey @ <12519.714844, 12.260070, 9260.444336> ... Lifespan:  Set to 30 minutes.
[EOnDrop] Zombie Spawned [11] ZmbF_MechanicNormal_Grey @ <12489.612305, 16.016727, 9301.002930> ... Lifespan:  Set to 30 minutes.
[EOnDrop] Zombie Spawned [12] ZmbF_BlueCollarFat_Red @ <12504.810547, 15.049822, 9293.170898> ... Lifespan:  Set to 30 minutes.
[EOnDrop] Zombie Spawned [13] ZmbM_OffshoreWorker_Green @ <12538.689453, 11.955697, 9290.844727> ... Lifespan:  Set to 30 minutes.
[EOnDrop] Zombie Spawned [14] ZmbM_MechanicSkinny_Grey @ <12523.992188, 13.018030, 9279.519531> ... Lifespan:  Set to 30 minutes.
[EOnDrop] Zombie Spawned [15] ZmbF_MechanicNormal_Green @ <12520.159180, 13.708521, 9290.455078> ... Lifespan:  Set to 30 minutes.
[EOnDrop] Zombie Spawned [16] ZmbF_MechanicNormal_Beige @ <12522.636719, 13.113572, 9278.183594> ... Lifespan:  Set to 30 minutes.
[EOnDrop] Zombie Spawned [17] ZmbM_OffshoreWorker_Orange @ <12521.235352, 13.481271, 9285.215820> ... Lifespan:  Set to 30 minutes.
[EOnDrop] Zombie Spawned [18] ZmbM_HandymanNormal_Blue @ <12556.745117, 9.994989, 9282.544922> ... Lifespan:  Set to 30 minutes.
[EOnDrop] Zombie Spawned [19] ZmbM_MechanicSkinny_Green @ <12559.460938, 9.731533, 9291.689453> ... Lifespan:  Set to 30 minutes.
[EOnDrop] Zombie Spawned [20] ZmbM_MechanicSkinny_Blue @ <12568.026367, 9.018296, 9257.229492> ... Lifespan:  Set to 30 minutes.
[EOnDrop] Drop spawned with 20 infected at <12527.390625, 149.377625, 9274.475586>.
[EOnDrop] Supplies have been dropped near Berezino.
[EOnBeforeDelete] Aircraft despawned @ <-1000.807312, 284.009979, 4813.636719>
[~AirdropPlane] Aircraft destroyed.
