[AirdropBase] Base class created & settings loaded.
[2021-03-10 @ 08-09-53] ----------------------------------------------------------------------------------------------------
[EOnCallAirdrop] Drop zone asigned: Zelenogorks <1875.000000, 0.000000, 5210.000000>
[EOnCallAirdrop] Drop zone offset to: <1803.435669, 2438.000000, 5157.990723>
[EOnCallAirdrop] Aircraft spawn point: <-320.264893, 2438.000000, -1000.000000>
[EOnCallAirdrop] Aircraft bearing ... Angle/Bearing: -1.91059° / 199.469°, Text: 'South (199°)'
[EOnCallAirdrop] Aircraft has been dispatched to 'Zelenogorks' from the South (199°).
[2021-03-10 @ 08-35-14] ----------------------------------------------------------------------------------------------------
[EOnCallAirdrop] Drop zone asigned: Gorka <8775.000000, 0.000000, 9200.000000>
[EOnCallAirdrop] Drop zone offset to: <8743.354492, 2438.000000, 9157.662109>
[EOnCallAirdrop] Aircraft spawn point: <16360.000000, 2438.000000, 7627.284668>
[EOnCallAirdrop] Aircraft bearing ... Angle/Bearing: -0.204448° / 101.714°, Text: 'East (102°)'
[EOnCallAirdrop] Aircraft has been dispatched to 'Gorka' from the East (102°).
[2021-03-10 @ 09-00-34] ----------------------------------------------------------------------------------------------------
[EOnCallAirdrop] Drop zone asigned: Northwest Airfield <4500.000000, 0.000000, 10350.000000>
[EOnCallAirdrop] Drop zone offset to: <4541.052734, 2438.000000, 10376.641602>
[EOnCallAirdrop] Aircraft spawn point: <16311.788086, 2438.000000, -1000.000000>
[EOnCallAirdrop] Aircraft bearing ... Angle/Bearing: -0.765463° / 133.858°, Text: 'South/East (134°)'
[EOnCallAirdrop] Aircraft has been dispatched to 'Northwest Airfield' from the South/East (134°).
[2021-03-10 @ 09-25-55] ----------------------------------------------------------------------------------------------------
[EOnCallAirdrop] Drop zone asigned: Stary/Novy  <6600.000000, 0.000000, 7800.000000>
[EOnCallAirdrop] Drop zone offset to: <6662.523438, 2438.000000, 7844.593750>
[EOnCallAirdrop] Aircraft spawn point: <16360.000000, 2438.000000, 15676.026367>
[EOnCallAirdrop] Aircraft bearing ... Angle/Bearing: 0.678976° / 51.0975°, Text: 'North/East (51°)'
[EOnCallAirdrop] Aircraft has been dispatched to 'Stary/Novy ' from the North/East (51°).
[2021-03-10 @ 09-51-15] ----------------------------------------------------------------------------------------------------
[EOnCallAirdrop] Drop zone asigned: Balota Airstrip <5025.000000, 0.000000, 2455.000000>
[EOnCallAirdrop] Drop zone offset to: <5025.076660, 2438.000000, 2452.581055>
[EOnCallAirdrop] Aircraft spawn point: <6815.628906, 2438.000000, -1000.000000>
[EOnCallAirdrop] Aircraft bearing ... Angle/Bearing: -1.09264° / 152.604°, Text: 'South/East (153°)'
[EOnCallAirdrop] Aircraft has been dispatched to 'Balota Airstrip' from the South/East (153°).
