[InitializeContainer] Container created on 2021-04-28 @ 09-34-34
[InitializeContainer] Winds: Vector <5.729700, 0.000000, -6.401829>, Speed 8.59144mps, Strength 0.1
[AirdropContainerFall] Drop Type 'Military East', Container: 'RANDOM', Mode/Quantity/Iems: Random/20/28, Flare:  10%
[AirdropContainerFall] Loot Spawned [1] AmmoBox_762x39_20Rnd @ <12080.696289, 140.001007, 12649.472656> ... Lifespan: Set to 60 minutes.
[AirdropContainerFall] Loot Spawned [2] AK_PlasticBttstck @ <12081.180664, 140.001007, 12655.378906> ... Lifespan: Set to 60 minutes.
[AirdropContainerFall] Loot Spawned [3] TacticalGloves_Beige @ <12080.227539, 140.001007, 12650.160156> ... Lifespan: Set to 60 minutes.
[AirdropContainerFall] Loot Spawned [4] TacticalGloves_Green @ <12083.268555, 140.001007, 12651.521484> ... Lifespan: Set to 60 minutes.
[AirdropContainerFall] Loot Spawned [5] AmmoBox_762x39_20Rnd @ <12083.588867, 140.001007, 12653.325195> ... Lifespan: Set to 60 minutes.
[AirdropContainerFall] Loot Spawned [6] GorkaPants_Summer @ <12083.621094, 140.001007, 12652.666992> ... Lifespan: Set to 60 minutes.
[AirdropContainerFall] Loot Spawned [7] GorkaPants_PautRev @ <12080.371094, 140.001007, 12650.784180> ... Lifespan: Set to 60 minutes.
[AirdropContainerFall] Loot Spawned [8] AK_PlasticBttstck @ <12082.461914, 140.001007, 12650.685547> ... Lifespan: Set to 60 minutes.
[AirdropContainerFall] Loot Spawned [9] GorkaPants_Flat @ <12080.426758, 140.001007, 12654.183594> ... Lifespan: Set to 60 minutes.
[AirdropContainerFall] Loot Spawned [10] TacticalGloves_Beige @ <12080.968750, 140.001007, 12655.621094> ... Lifespan: Set to 60 minutes.
[AirdropContainerFall] Loot Spawned [11] TacticalGloves_Green @ <12083.011719, 140.001007, 12651.800781> ... Lifespan: Set to 60 minutes.
[AirdropContainerFall] Loot Spawned [12] TacticalGloves_Green @ <12084.776367, 140.001007, 12652.986328> ... Lifespan: Set to 60 minutes.
[AirdropContainerFall] Loot Spawned [13] AK_PlasticBttstck @ <12081.277344, 140.001007, 12649.682617> ... Lifespan: Set to 60 minutes.
[AirdropContainerFall] Loot Spawned [14] TacticalBaconCan @ <12082.552734, 140.001007, 12650.917969> ... Lifespan: Set to 60 minutes.
[AirdropContainerFall] Loot Spawned [15] GorkaEJacket_PautRev @ <12081.334961, 140.001007, 12650.992188> ... Lifespan: Set to 60 minutes.
[AirdropContainerFall] Loot Spawned [16] GorkaPants_Autumn @ <12080.636719, 140.001007, 12655.023438> ... Lifespan: Set to 60 minutes.
[AirdropContainerFall] Loot Spawned [17] CanOpener @ <12084.095703, 140.001007, 12654.239258> ... Lifespan: Set to 60 minutes.
[AirdropContainerFall] Loot Spawned [18] AmmoBox_762x39_20Rnd @ <12079.444336, 140.001007, 12654.302734> ... Lifespan: Set to 60 minutes.
[AirdropContainerFall] Loot Spawned [19] UniversalLight @ <12079.771484, 140.001007, 12650.918945> ... Lifespan: Set to 60 minutes.
[AirdropContainerFall] Loot Spawned [20] TacticalGloves_Black @ <12079.536133, 140.001007, 12651.146484> ... Lifespan: Set to 60 minutes.
[AirdropContainerUnstuck] Container was unstuck.
[~AirdropContainerBase] Container Destroyed on 2021-04-28 @ 10-04-34
