[InitializeContainer] Container created on 2021-04-17 @ 02-19-52
[InitializeContainer] Winds: Vector <1.063303, 0.000000, -6.858688>, Speed 6.94062mps, Strength 0.1
[AirdropContainerFall] Drop Type 'Military West', Container: 'AirdropContainer_Military', Mode/Quantity/Iems: Random/20/46, Flare:  10%
[AirdropContainerFall] Loot Spawned [1] UKAssVest_Olive @ <6657.221191, 311.232513, 7880.244141> ... Lifespan: Set to 30 minutes.
[AirdropContainerFall] Loot Spawned [2] TacticalGloves_Green @ <6656.214355, 311.020142, 7877.623535> ... Lifespan: Set to 30 minutes.
[AirdropContainerFall] Loot Spawned [3] AssaultBag_Green @ <6657.115234, 311.115601, 7879.021973> ... Lifespan: Set to 30 minutes.
[AirdropContainerFall] Loot Spawned [4] M4A1 @ <6656.338867, 310.850769, 7875.990723> ... Lifespan: Set to 30 minutes.
[AirdropContainerFall] Loot Spawned [5] USMCPants_Desert @ <6656.312988, 310.883270, 7876.303223> ... Lifespan: Set to 30 minutes.
[AirdropContainerFall] Loot Spawned [6] KOD_M110_Tan @ <6656.010742, 310.837097, 7875.692871> ... Lifespan: Set to 30 minutes.
[AirdropContainerFall] Loot Spawned [7] FNX45 @ <6652.611816, 311.299042, 7878.634766> ... Lifespan: Set to 30 minutes.
[AirdropContainerFall] Loot Spawned [8] FNX45 @ <6653.643066, 311.588196, 7882.035645> ... Lifespan: Set to 30 minutes.
[AirdropContainerFall] Loot Spawned [9] PistolSuppressor @ <6653.193359, 311.513153, 7881.063477> ... Lifespan: Set to 30 minutes.
[AirdropContainerFall] Loot Spawned [10] CombatKnife @ <6652.388672, 311.288147, 7878.429199> ... Lifespan: Set to 30 minutes.
[AirdropContainerFall] Loot Spawned [11] CanOpener @ <6653.259277, 311.456329, 7880.527832> ... Lifespan: Set to 30 minutes.
[AirdropContainerFall] Loot Spawned [12] USMCPants_Woodland @ <6651.456543, 311.241821, 7877.617676> ... Lifespan: Set to 30 minutes.
[AirdropContainerFall] Loot Spawned [13] TacticalGoggles @ <6654.117188, 311.097229, 7877.359863> ... Lifespan: Set to 30 minutes.
[AirdropContainerFall] Loot Spawned [14] USMCPants_Woodland @ <6657.278809, 311.120178, 7879.148438> ... Lifespan: Set to 30 minutes.
[AirdropContainerFall] Loot Spawned [15] AK101 @ <6657.044922, 310.874084, 7876.572266> ... Lifespan: Set to 30 minutes.
[AirdropContainerFall] Loot Spawned [16] UKAssVest_Khaki @ <6654.946289, 311.000214, 7876.798340> ... Lifespan: Set to 30 minutes.
[AirdropContainerFall] Loot Spawned [17] TacticalBaconCan @ <6653.850098, 311.446503, 7880.720703> ... Lifespan: Set to 30 minutes.
[AirdropContainerFall] Loot Spawned [18] TacticalGloves_Black @ <6656.662109, 311.361511, 7881.257813> ... Lifespan: Set to 30 minutes.
[AirdropContainerFall] Loot Spawned [19] UKAssVest_Camo @ <6657.036621, 311.251587, 7880.343750> ... Lifespan: Set to 30 minutes.
[AirdropContainerFall] Loot Spawned [20] MilitaryBoots_Brown @ <6652.720703, 311.108459, 7876.783203> ... Lifespan: Set to 30 minutes.
[AirdropContainerUnstuck] Container was unstuck.
[~AirdropContainerBase] Container Destroyed on 2021-04-17 @ 02-44-52
