[InitializeContainer] Container created on 2021-03-12 @ 05-00-39
[InitializeContainer] Winds: Vector <11.194411, 0.000000, 0.904038>, Speed 11.2309mps, Strength 0.1
[AirdropContainerFall] Drop Type 'Misc. Tools', Container: 'RANDOM', Mode/Quantity/Iems: Random/20/50, Flare:  10%
[AirdropContainerFall] Loot Spawned [1] Hacksaw @ <12410.834961, 20.970037, 9323.086914> ... Lifespan: Set to 60 minutes.
[AirdropContainerFall] Loot Spawned [2] BatteryCharger @ <12413.484375, 20.764847, 9323.790039> ... Lifespan: Set to 60 minutes.
[AirdropContainerFall] Loot Spawned [3] BatteryCharger @ <12408.510742, 20.900894, 9326.671875> ... Lifespan: Set to 60 minutes.
[AirdropContainerFall] Loot Spawned [4] Roadflare @ <12412.249023, 20.755894, 9325.234375> ... Lifespan: Set to 60 minutes.
[AirdropContainerFall] Loot Spawned [5] PortableGasStove @ <12411.442383, 20.922768, 9323.240234> ... Lifespan: Set to 60 minutes.
[AirdropContainerFall] Loot Spawned [6] WoodAxe @ <12407.763672, 20.935051, 9326.878906> ... Lifespan: Set to 60 minutes.
[AirdropContainerFall] Loot Spawned [7] PortableGasStove @ <12409.223633, 20.981201, 9324.583984> ... Lifespan: Set to 60 minutes.
[AirdropContainerFall] Loot Spawned [8] Compass @ <12409.166016, 20.939716, 9325.335938> ... Lifespan: Set to 60 minutes.
[AirdropContainerFall] Loot Spawned [9] Headtorch_Black @ <12413.685547, 20.692982, 9324.804688> ... Lifespan: Set to 60 minutes.
[AirdropContainerFall] Loot Spawned [10] WeaponCleaningKit @ <12411.416016, 20.687756, 9327.266602> ... Lifespan: Set to 60 minutes.
[AirdropContainerFall] Loot Spawned [11] Compass @ <12410.186523, 20.747860, 9327.527344> ... Lifespan: Set to 60 minutes.
[AirdropContainerFall] Loot Spawned [12] ElectronicRepairKit @ <12409.603516, 21.012926, 9323.658203> ... Lifespan: Set to 60 minutes.
[AirdropContainerFall] Loot Spawned [13] Chemlight_Yellow @ <12413.079102, 20.705559, 9325.224609> ... Lifespan: Set to 60 minutes.
[AirdropContainerFall] Loot Spawned [14] Pliers @ <12412.869141, 20.571409, 9327.730469> ... Lifespan: Set to 60 minutes.
[AirdropContainerFall] Loot Spawned [15] CombatKnife @ <12408.154297, 20.885786, 9327.301758> ... Lifespan: Set to 60 minutes.
[AirdropContainerFall] Loot Spawned [16] PersonalRadio @ <12408.647461, 21.108805, 9323.058594> ... Lifespan: Set to 60 minutes.
[AirdropContainerFall] Loot Spawned [17] Flashlight @ <12408.656250, 20.857805, 9327.253906> ... Lifespan: Set to 60 minutes.
[AirdropContainerFall] Loot Spawned [18] Headtorch_Black @ <12411.733398, 20.616493, 9328.150391> ... Lifespan: Set to 60 minutes.
[AirdropContainerFall] Loot Spawned [19] BatteryCharger @ <12413.505859, 20.523252, 9327.886719> ... Lifespan: Set to 60 minutes.
[AirdropContainerFall] Loot Spawned [20] Pickaxe @ <12410.155273, 20.764324, 9327.279297> ... Lifespan: Set to 60 minutes.
[AirdropContainerUnstuck] Container was unstuck.
[~AirdropContainerBase] Container Destroyed on 2021-03-12 @ 05-25-39
