[InitializeContainer] Container created on 2021-03-12 @ 16-37-04
[InitializeContainer] Winds: Vector <-0.228194, 0.000000, -6.393728>, Speed 6.3978mps, Strength 0.1
[AirdropContainerFall] Drop Type 'Misc. Tools', Container: 'RANDOM', Mode/Quantity/Iems: Random/20/50, Flare:  10%
[AirdropContainerFall] Loot Spawned [1] Lockpick @ <3132.541992, 205.554398, 12756.652344> ... Lifespan: Set to 60 minutes.
[AirdropContainerFall] Loot Spawned [2] LugWrench @ <3130.815430, 205.586533, 12758.040039> ... Lifespan: Set to 60 minutes.
[AirdropContainerFall] Loot Spawned [3] Spotlight @ <3132.815186, 205.559326, 12755.681641> ... Lifespan: Set to 60 minutes.
[AirdropContainerFall] Loot Spawned [4] ElectronicRepairKit @ <3129.955811, 205.659348, 12754.408203> ... Lifespan: Set to 60 minutes.
[AirdropContainerFall] Loot Spawned [5] LugWrench @ <3132.961426, 205.554031, 12755.756836> ... Lifespan: Set to 60 minutes.
[AirdropContainerFall] Loot Spawned [6] BaseRadio @ <3130.547363, 205.642838, 12754.403320> ... Lifespan: Set to 60 minutes.
[AirdropContainerFall] Loot Spawned [7] Compass @ <3133.772217, 205.527008, 12756.000000> ... Lifespan: Set to 60 minutes.
[AirdropContainerFall] Loot Spawned [8] PortableGasLamp @ <3133.206787, 205.519363, 12757.817383> ... Lifespan: Set to 60 minutes.
[AirdropContainerFall] Loot Spawned [9] Hammer @ <3132.924805, 205.514633, 12758.791992> ... Lifespan: Set to 60 minutes.
[AirdropContainerFall] Loot Spawned [10] Hacksaw @ <3130.294678, 205.663315, 12753.286133> ... Lifespan: Set to 60 minutes.
[AirdropContainerFall] Loot Spawned [11] Headtorch_Black @ <3127.898926, 205.681381, 12757.343750> ... Lifespan: Set to 60 minutes.
[AirdropContainerFall] Loot Spawned [12] BaseRadio @ <3133.152588, 205.544144, 12756.077148> ... Lifespan: Set to 60 minutes.
[AirdropContainerFall] Loot Spawned [13] ElectronicRepairKit @ <3131.967773, 205.560898, 12757.427734> ... Lifespan: Set to 60 minutes.
[AirdropContainerFall] Loot Spawned [14] Headtorch_Grey @ <3132.483154, 205.531433, 12758.503906> ... Lifespan: Set to 60 minutes.
[AirdropContainerFall] Loot Spawned [15] Spotlight @ <3132.314941, 205.558533, 12756.840820> ... Lifespan: Set to 60 minutes.
[AirdropContainerFall] Loot Spawned [16] PortableGasLamp @ <3132.665039, 205.533844, 12757.922852> ... Lifespan: Set to 60 minutes.
[AirdropContainerFall] Loot Spawned [17] FirefighterAxe @ <3132.745117, 205.565750, 12755.353516> ... Lifespan: Set to 60 minutes.
[AirdropContainerFall] Loot Spawned [18] FirefighterAxe @ <3130.865234, 205.590912, 12757.602539> ... Lifespan: Set to 60 minutes.
[AirdropContainerFall] Loot Spawned [19] Binoculars @ <3130.554932, 205.593491, 12758.092773> ... Lifespan: Set to 60 minutes.
[AirdropContainerFall] Loot Spawned [20] KitchenKnife @ <3129.092285, 205.640350, 12757.794922> ... Lifespan: Set to 60 minutes.
[AirdropContainerUnstuck] Container was unstuck.
[~AirdropContainerBase] Container Destroyed on 2021-03-12 @ 17-02-04
