[AirdropPlane] Aircraft created on 2021-03-16 @ 20-31-03
[InitializeAircraft] Aircraft Initialized: Novodmitrovsk @ 11475/14356 (true)
[EOnBeforeDrop] The Aircraft is 1 Km from Novodmitrovsk. @ <12044.957031, 291.563080, 12970.558594>
[EOnDrop] Zombie Spawned [1] ZmbM_Jacket_black @ <11494.797852, 33.219044, 14240.485352> ... Lifespan:  Set to 30 minutes.
[EOnDrop] Zombie Spawned [2] ZmbF_Clerk_Normal_Red @ <11534.080078, 34.068264, 14301.817383> ... Lifespan:  Set to 30 minutes.
[EOnDrop] Zombie Spawned [3] ZmbF_ShortSkirt_green @ <11500.887695, 30.498083, 14273.178711> ... Lifespan:  Set to 30 minutes.
[EOnDrop] Zombie Spawned [4] ZmbF_SkaterYoung_Violet @ <11523.867188, 29.174126, 14267.053711> ... Lifespan:  Set to 30 minutes.
[EOnDrop] Zombie Spawned [5] ZmbF_NurseFat @ <11515.713867, 30.140259, 14254.932617> ... Lifespan:  Set to 30 minutes.
[EOnDrop] Zombie Spawned [6] ZmbF_ParamedicNormal_Green @ <11479.464844, 29.911852, 14263.035156> ... Lifespan:  Set to 30 minutes.
[EOnDrop] Zombie Spawned [7] ZmbM_CommercialPilotOld_Blue @ <11476.962891, 31.636684, 14273.258789> ... Lifespan:  Set to 30 minutes.
[EOnDrop] Zombie Spawned [8] ZmbF_Clerk_Normal_Red @ <11517.709961, 34.960781, 14228.092773> ... Lifespan:  Set to 30 minutes.
[EOnDrop] Zombie Spawned [9] ZmbM_JoggerSkinny_Red @ <11490.432617, 31.287565, 14272.914063> ... Lifespan:  Set to 30 minutes.
[EOnDrop] Zombie Spawned [10] ZmbF_CitizenANormal_Brown @ <11501.805664, 29.991608, 14267.556641> ... Lifespan:  Set to 30 minutes.
[EOnDrop] Zombie Spawned [11] ZmbM_CitizenBFat_Green @ <11533.916992, 38.200001, 14311.698242> ... Lifespan:  Set to 30 minutes.
[EOnDrop] Zombie Spawned [12] ZmbF_JoggerSkinny_Blue @ <11535.959961, 33.743912, 14280.708984> ... Lifespan:  Set to 30 minutes.
[EOnDrop] Zombie Spawned [13] ZmbF_ShortSkirt_checks @ <11519.071289, 30.329657, 14254.312500> ... Lifespan:  Set to 30 minutes.
[EOnDrop] Zombie Spawned [14] ZmbF_SkaterYoung_Violet @ <11489.870117, 30.841253, 14255.205078> ... Lifespan:  Set to 30 minutes.
[EOnDrop] Zombie Spawned [15] ZmbF_SkaterYoung_Violet @ <11513.141602, 33.198730, 14246.404297> ... Lifespan:  Set to 30 minutes.
[EOnDrop] Zombie Spawned [16] ZmbM_SkaterYoung_Brown @ <11514.089844, 30.544157, 14273.578125> ... Lifespan:  Set to 30 minutes.
[EOnDrop] Zombie Spawned [17] ZmbM_CommercialPilotOld_Grey @ <11544.377930, 33.815125, 14284.097656> ... Lifespan:  Set to 30 minutes.
[EOnDrop] Zombie Spawned [18] ZmbM_ParamedicNormal_Blue @ <11540.541992, 36.639702, 14306.959961> ... Lifespan:  Set to 30 minutes.
[EOnDrop] Zombie Spawned [19] ZmbM_ParamedicNormal_Green @ <11542.333984, 33.550980, 14277.386719> ... Lifespan:  Set to 30 minutes.
[EOnDrop] Zombie Spawned [20] ZmbM_CitizenBFat_Blue @ <11510.671875, 33.124786, 14241.299805> ... Lifespan:  Set to 30 minutes.
[EOnDrop] Drop spawned with 20 infected at <11509.621094, 194.345642, 14268.730469>.
[EOnDrop] Supplies have been dropped near Novodmitrovsk.
[EOnBeforeDelete] Aircraft despawned @ <10647.053711, 348.988159, 16360.427734>
[~AirdropPlane] Aircraft destroyed.
