[AirdropPlane] Aircraft created on 2021-04-10 @ 05-51-58
[InitializeAircraft] Aircraft Initialized: Zelenogorks @ 1875/5210 (true)
[EOnBeforeDrop] The Aircraft is 1 Km from Zelenogorks. @ <1207.375244, 299.903992, 6552.277344>
[EOnDrop] Zombie Spawned [1] ZmbF_VillagerOld_White @ <1850.112915, 179.317398, 5306.378418> ... Lifespan:  Set to 30 minutes.
[EOnDrop] Zombie Spawned [2] ZmbM_HikerSkinny_Green @ <1844.934082, 177.636444, 5282.507324> ... Lifespan:  Set to 30 minutes.
[EOnDrop] Zombie Spawned [3] ZmbF_SurvivorNormal_Red @ <1850.448730, 180.462250, 5317.678223> ... Lifespan:  Set to 30 minutes.
[EOnDrop] Zombie Spawned [4] ZmbF_MilkMaidOld_Green @ <1836.806763, 178.042892, 5283.715820> ... Lifespan:  Set to 30 minutes.
[EOnDrop] Zombie Spawned [5] ZmbF_HikerSkinny_Blue @ <1821.365479, 177.898727, 5276.952148> ... Lifespan:  Set to 30 minutes.
[EOnDrop] Zombie Spawned [6] ZmbF_MilkMaidOld_Green @ <1822.677979, 178.894852, 5297.184082> ... Lifespan:  Set to 30 minutes.
[EOnDrop] Zombie Spawned [7] ZmbF_VillagerOld_Green @ <1861.495361, 180.125366, 5327.064941> ... Lifespan:  Set to 30 minutes.
[EOnDrop] Zombie Spawned [8] ZmbF_VillagerOld_White @ <1853.006104, 175.296936, 5254.498535> ... Lifespan:  Set to 30 minutes.
[EOnDrop] Zombie Spawned [9] ZmbM_HikerSkinny_Yellow @ <1785.737427, 176.920059, 5291.300293> ... Lifespan:  Set to 30 minutes.
[EOnDrop] Zombie Spawned [10] ZmbF_SurvivorNormal_Blue @ <1821.436890, 179.544357, 5310.452148> ... Lifespan:  Set to 30 minutes.
[EOnDrop] Zombie Spawned [11] ZmbM_FarmerFat_Beige @ <1849.199219, 179.183945, 5305.479980> ... Lifespan:  Set to 30 minutes.
[EOnDrop] Zombie Spawned [12] ZmbM_VillagerOld_Blue @ <1808.014771, 177.837082, 5279.527832> ... Lifespan:  Set to 30 minutes.
[EOnDrop] Zombie Spawned [13] ZmbM_VillagerOld_White @ <1845.069214, 178.895081, 5301.625488> ... Lifespan:  Set to 30 minutes.
[EOnDrop] Zombie Spawned [14] ZmbM_FarmerFat_Brown @ <1788.539795, 176.673843, 5274.594727> ... Lifespan:  Set to 30 minutes.
[EOnDrop] Zombie Spawned [15] ZmbM_MotobikerFat_Black @ <1847.429077, 176.376404, 5265.024414> ... Lifespan:  Set to 30 minutes.
[EOnDrop] Zombie Spawned [16] ZmbM_VillagerOld_White @ <1837.054932, 177.343857, 5271.593262> ... Lifespan:  Set to 30 minutes.
[EOnDrop] Zombie Spawned [17] ZmbM_HikerSkinny_Blue @ <1835.230103, 179.494995, 5307.867188> ... Lifespan:  Set to 30 minutes.
[EOnDrop] Zombie Spawned [18] ZmbM_HermitSkinny_Black @ <1814.359985, 177.945633, 5278.999023> ... Lifespan:  Set to 30 minutes.
[EOnDrop] Zombie Spawned [19] ZmbF_HikerSkinny_Green @ <1833.661011, 181.090958, 5324.667480> ... Lifespan:  Set to 30 minutes.
[EOnDrop] Zombie Spawned [20] ZmbM_HunterOld_Spring @ <1879.170532, 177.957764, 5296.988770> ... Lifespan:  Set to 30 minutes.
[EOnDrop] Drop spawned with 20 infected at <1834.362549, 333.197083, 5291.173828>.
[EOnDrop] Supplies have been dropped near Zelenogorks.
[EOnBeforeDelete] Aircraft despawned @ <4962.428223, 152.000610, -1000.015015>
[~AirdropPlane] Aircraft destroyed.
