[InitializeContainer] Container created on 2021-03-29 @ 22-20-25
[InitializeContainer] Winds: Vector <-2.992333, 0.000000, -3.068521>, Speed 4.28601mps, Strength 0.1
[AirdropContainerFall] Drop Type 'Military East', Container: 'AirdropContainer_Military', Mode/Quantity/Iems: Random/20/33, Flare:  10%
[AirdropContainerFall] Loot Spawned [1] AK_PlasticBttstck @ <3971.528320, 301.399017, 7194.455566> ... Lifespan: Set to 30 minutes.
[AirdropContainerFall] Loot Spawned [2] AK_Suppressor @ <3969.837646, 301.427277, 7197.521484> ... Lifespan: Set to 30 minutes.
[AirdropContainerFall] Loot Spawned [3] TacticalGloves_Black @ <3969.134277, 301.478058, 7197.257324> ... Lifespan: Set to 30 minutes.
[AirdropContainerFall] Loot Spawned [4] Binoculars @ <3967.939453, 301.625153, 7194.407715> ... Lifespan: Set to 30 minutes.
[AirdropContainerFall] Loot Spawned [5] GorkaPants_Flat @ <3966.599365, 301.692719, 7195.056152> ... Lifespan: Set to 30 minutes.
[AirdropContainerFall] Loot Spawned [6] GorkaEJacket_Flat @ <3967.295654, 301.684387, 7193.662109> ... Lifespan: Set to 30 minutes.
[AirdropContainerFall] Loot Spawned [7] TacticalBaconCan @ <3971.286377, 301.420135, 7194.220215> ... Lifespan: Set to 30 minutes.
[AirdropContainerFall] Loot Spawned [8] GorkaEJacket_Autumn @ <3967.398193, 301.695343, 7192.976074> ... Lifespan: Set to 30 minutes.
[AirdropContainerFall] Loot Spawned [9] GorkaPants_Flat @ <3967.237305, 301.631592, 7195.890137> ... Lifespan: Set to 30 minutes.
[AirdropContainerFall] Loot Spawned [10] AK_PlasticBttstck @ <3969.119629, 301.582611, 7193.165039> ... Lifespan: Set to 30 minutes.
[AirdropContainerFall] Loot Spawned [11] GorkaPants_Flat @ <3967.569336, 301.606262, 7196.067871> ... Lifespan: Set to 30 minutes.
[AirdropContainerFall] Loot Spawned [12] Mag_AKM_30Rnd @ <3971.839600, 301.342010, 7195.968262> ... Lifespan: Set to 30 minutes.
[AirdropContainerFall] Loot Spawned [13] KOD_M110_Tan @ <3966.960205, 301.715393, 7193.268555> ... Lifespan: Set to 30 minutes.
[AirdropContainerFall] Loot Spawned [14] AK101 @ <3968.268555, 301.545929, 7196.720703> ... Lifespan: Set to 30 minutes.
[AirdropContainerFall] Loot Spawned [15] CanOpener @ <3972.637451, 301.366882, 7192.979980> ... Lifespan: Set to 30 minutes.
[AirdropContainerFall] Loot Spawned [16] AKM @ <3966.898682, 301.673065, 7195.090820> ... Lifespan: Set to 30 minutes.
[AirdropContainerFall] Loot Spawned [17] GorkaEJacket_Flat @ <3973.016113, 301.309631, 7194.302734> ... Lifespan: Set to 30 minutes.
[AirdropContainerFall] Loot Spawned [18] AK101 @ <3970.303223, 301.401154, 7197.424316> ... Lifespan: Set to 30 minutes.
[AirdropContainerFall] Loot Spawned [19] TTsKOJacket_Camo @ <3967.676758, 301.618866, 7195.303223> ... Lifespan: Set to 30 minutes.
[AirdropContainerFall] Loot Spawned [20] AK101 @ <3969.404297, 301.596649, 7191.752441> ... Lifespan: Set to 30 minutes.
[AirdropContainerFall] Airdrop Flare Spawned @ <3966.932861, 301.627411, 7196.808105> ... Lifespan: Set to 30 minutes.
[AirdropContainerUnstuck] Container was unstuck.
[~AirdropContainerBase] Container Destroyed on 2021-03-29 @ 22-45-25
