[InitializeContainer] Container created on 2021-03-11 @ 14-55-02
[InitializeContainer] Winds: Vector <5.909507, 0.000000, -6.321505>, Speed 8.65354mps, Strength 0.1
[AirdropContainerFall] Drop Type 'Misc. Food', Container: 'RANDOM', Mode/Quantity/Iems: Random/20/26, Flare:  10%
[AirdropContainerFall] Loot Spawned [1] WaterBottle @ <12142.504883, 140.001007, 12567.037109> ... Lifespan: Set to 60 minutes.
[AirdropContainerFall] Loot Spawned [2] GreenBellPepper @ <12145.280273, 140.001007, 12567.300781> ... Lifespan: Set to 60 minutes.
[AirdropContainerFall] Loot Spawned [3] Pear @ <12143.684570, 140.001007, 12567.197266> ... Lifespan: Set to 60 minutes.
[AirdropContainerFall] Loot Spawned [4] Pear @ <12145.029297, 140.001007, 12568.348633> ... Lifespan: Set to 60 minutes.
[AirdropContainerFall] Loot Spawned [5] PowderedMilk @ <12145.547852, 140.001007, 12565.156250> ... Lifespan: Set to 60 minutes.
[AirdropContainerFall] Loot Spawned [6] Plum @ <12141.884766, 140.001007, 12563.268555> ... Lifespan: Set to 60 minutes.
[AirdropContainerFall] Loot Spawned [7] Pumpkin @ <12142.608398, 140.001007, 12567.561523> ... Lifespan: Set to 60 minutes.
[AirdropContainerFall] Loot Spawned [8] PeachesCan @ <12146.011719, 140.001007, 12563.565430> ... Lifespan: Set to 60 minutes.
[AirdropContainerFall] Loot Spawned [9] Tomato @ <12146.161133, 140.001007, 12563.556641> ... Lifespan: Set to 60 minutes.
[AirdropContainerFall] Loot Spawned [10] WaterBottle @ <12142.155273, 140.001007, 12566.164063> ... Lifespan: Set to 60 minutes.
[AirdropContainerFall] Loot Spawned [11] SodaCan_Pipsi @ <12141.389648, 140.001007, 12566.174805> ... Lifespan: Set to 60 minutes.
[AirdropContainerFall] Loot Spawned [12] Tomato @ <12143.222656, 140.001007, 12563.785156> ... Lifespan: Set to 60 minutes.
[AirdropContainerFall] Loot Spawned [13] Tomato @ <12141.726563, 140.001007, 12565.798828> ... Lifespan: Set to 60 minutes.
[AirdropContainerFall] Loot Spawned [14] SodaCan_Kvass @ <12141.570313, 140.001007, 12567.870117> ... Lifespan: Set to 60 minutes.
[AirdropContainerFall] Loot Spawned [15] Canteen @ <12145.547852, 140.001007, 12566.215820> ... Lifespan: Set to 60 minutes.
[AirdropContainerFall] Loot Spawned [16] WaterBottle @ <12142.751953, 140.001007, 12568.477539> ... Lifespan: Set to 60 minutes.
[AirdropContainerFall] Loot Spawned [17] Canteen @ <12142.174805, 140.001007, 12563.095703> ... Lifespan: Set to 60 minutes.
[AirdropContainerFall] Loot Spawned [18] Canteen @ <12142.742188, 140.001007, 12564.208008> ... Lifespan: Set to 60 minutes.
[AirdropContainerFall] Loot Spawned [19] SodaCan_Spite @ <12145.325195, 140.001007, 12566.219727> ... Lifespan: Set to 60 minutes.
[AirdropContainerFall] Loot Spawned [20] SodaCan_Cola @ <12142.172852, 140.001007, 12562.808594> ... Lifespan: Set to 60 minutes.
[AirdropContainerUnstuck] Container was unstuck.
[~AirdropContainerBase] Container Destroyed on 2021-03-11 @ 15-20-02
