[InitializeContainer] Container created on 2021-03-20 @ 22-31-45
[InitializeContainer] Winds: Vector <7.403246, 0.000000, -5.437056>, Speed 9.1853mps, Strength 0.1
[AirdropContainerFall] Drop Type 'Misc. Tools', Container: 'RANDOM', Mode/Quantity/Iems: Random/30/54, Flare:  10%
[AirdropContainerFall] Loot Spawned [1] SteakKnife @ <12143.373047, 140.001007, 12727.239258> ... Lifespan: Set to 30 minutes.
[AirdropContainerFall] Loot Spawned [2] Hatchet @ <12139.666992, 140.001007, 12729.855469> ... Lifespan: Set to 30 minutes.
[AirdropContainerFall] Loot Spawned [3] PortableGasLamp @ <12140.070313, 140.001007, 12728.211914> ... Lifespan: Set to 30 minutes.
[AirdropContainerFall] Loot Spawned [4] KitchenKnife @ <12143.441406, 140.001007, 12731.041016> ... Lifespan: Set to 30 minutes.
[AirdropContainerFall] Loot Spawned [5] LeatherSewingKit @ <12142.181641, 140.001007, 12733.072266> ... Lifespan: Set to 30 minutes.
[AirdropContainerFall] Loot Spawned [6] Chemlight_White @ <12141.547852, 140.001007, 12727.609375> ... Lifespan: Set to 30 minutes.
[AirdropContainerFall] Loot Spawned [7] AKM @ <12138.867188, 140.001007, 12730.343750> ... Lifespan: Set to 30 minutes.
[AirdropContainerFall] Loot Spawned [8] Compass @ <12140.739258, 140.001007, 12731.240234> ... Lifespan: Set to 30 minutes.
[AirdropContainerFall] Loot Spawned [9] WoodAxe @ <12139.440430, 140.001007, 12731.061523> ... Lifespan: Set to 30 minutes.
[AirdropContainerFall] Loot Spawned [10] SteakKnife @ <12143.918945, 140.001007, 12732.799805> ... Lifespan: Set to 30 minutes.
[AirdropContainerFall] Loot Spawned [11] HuntingKnife @ <12140.381836, 140.001007, 12731.578125> ... Lifespan: Set to 30 minutes.
[AirdropContainerFall] Loot Spawned [12] Whetstone @ <12138.813477, 140.001007, 12731.229492> ... Lifespan: Set to 30 minutes.
[AirdropContainerFall] Loot Spawned [13] OrienteeringCompass @ <12144.565430, 140.001007, 12730.192383> ... Lifespan: Set to 30 minutes.
[AirdropContainerFall] Loot Spawned [14] Chemlight_Red @ <12143.341797, 140.001007, 12728.462891> ... Lifespan: Set to 30 minutes.
[AirdropContainerFall] Loot Spawned [15] Machete @ <12142.952148, 140.001007, 12732.482422> ... Lifespan: Set to 30 minutes.
[AirdropContainerFall] Loot Spawned [16] AKM @ <12141.746094, 140.001007, 12732.679688> ... Lifespan: Set to 30 minutes.
[AirdropContainerFall] Loot Spawned [17] Pliers @ <12139.149414, 140.001007, 12728.279297> ... Lifespan: Set to 30 minutes.
[AirdropContainerFall] Loot Spawned [18] SteakKnife @ <12139.368164, 140.001007, 12730.420898> ... Lifespan: Set to 30 minutes.
[AirdropContainerFall] Loot Spawned [19] Binoculars @ <12142.142578, 140.001007, 12728.176758> ... Lifespan: Set to 30 minutes.
[AirdropContainerFall] Loot Spawned [20] OrienteeringCompass @ <12143.762695, 140.001007, 12732.321289> ... Lifespan: Set to 30 minutes.
[AirdropContainerFall] Loot Spawned [21] OrienteeringCompass @ <12141.404297, 140.001007, 12731.830078> ... Lifespan: Set to 30 minutes.
[AirdropContainerFall] Loot Spawned [22] Machete @ <12139.887695, 140.001007, 12729.370117> ... Lifespan: Set to 30 minutes.
[AirdropContainerFall] Loot Spawned [23] Binoculars @ <12144.782227, 140.001007, 12731.119141> ... Lifespan: Set to 30 minutes.
[AirdropContainerFall] Loot Spawned [24] Pliers @ <12141.037109, 140.001007, 12732.331055> ... Lifespan: Set to 30 minutes.
[AirdropContainerFall] Loot Spawned [25] HuntingKnife @ <12141.912109, 140.001007, 12731.705078> ... Lifespan: Set to 30 minutes.
[AirdropContainerFall] Loot Spawned [26] Crowbar @ <12144.293945, 140.001007, 12729.787109> ... Lifespan: Set to 30 minutes.
[AirdropContainerFall] Loot Spawned [27] CombatKnife @ <12142.291992, 140.001007, 12728.293945> ... Lifespan: Set to 30 minutes.
[AirdropContainerFall] Loot Spawned [28] Pickaxe @ <12140.246094, 140.001007, 12729.981445> ... Lifespan: Set to 30 minutes.
[AirdropContainerFall] Loot Spawned [29] BaseRadio @ <12142.706055, 140.001007, 12732.499023> ... Lifespan: Set to 30 minutes.
[AirdropContainerFall] Loot Spawned [30] CanOpener @ <12139.200195, 140.001007, 12729.501953> ... Lifespan: Set to 30 minutes.
[AirdropContainerUnstuck] Container was unstuck.
[~AirdropContainerBase] Container Destroyed on 2021-03-20 @ 22-56-45
