[InitializeContainer] Container created on 2021-04-17 @ 13-53-45
[InitializeContainer] Winds: Vector <5.581110, 0.000000, -6.464369>, Speed 8.54031mps, Strength 0.1
[AirdropContainerFall] Drop Type 'Military East', Container: 'AirdropContainer_Military', Mode/Quantity/Iems: Random/20/33, Flare:  10%
[AirdropContainerFall] Loot Spawned [1] GorkaEJacket_Flat @ <7312.988281, 12.052061, 3482.497070> ... Lifespan: Set to 30 minutes.
[AirdropContainerFall] Loot Spawned [2] AK101 @ <7314.000977, 12.028875, 3483.296387> ... Lifespan: Set to 30 minutes.
[AirdropContainerFall] Loot Spawned [3] AK_RailHndgrd @ <7315.360352, 12.036185, 3487.114502> ... Lifespan: Set to 30 minutes.
[AirdropContainerFall] Loot Spawned [4] Battery9V @ <7316.538086, 11.968804, 3486.065674> ... Lifespan: Set to 30 minutes.
[AirdropContainerFall] Loot Spawned [5] AmmoBox_762x39_20Rnd @ <7317.367676, 11.914011, 3484.776367> ... Lifespan: Set to 30 minutes.
[AirdropContainerFall] Loot Spawned [6] GorkaEJacket_Autumn @ <7312.833984, 12.146173, 3486.904541> ... Lifespan: Set to 30 minutes.
[AirdropContainerFall] Loot Spawned [7] Binoculars @ <7317.814941, 11.897796, 3485.082275> ... Lifespan: Set to 30 minutes.
[AirdropContainerFall] Loot Spawned [8] TacticalBaconCan @ <7313.683105, 12.062646, 3484.369873> ... Lifespan: Set to 30 minutes.
[AirdropContainerFall] Loot Spawned [9] GorkaEJacket_PautRev @ <7317.139160, 11.941382, 3486.052490> ... Lifespan: Set to 30 minutes.
[AirdropContainerFall] Loot Spawned [10] AK_Suppressor @ <7317.101563, 11.933475, 3485.331787> ... Lifespan: Set to 30 minutes.
[AirdropContainerFall] Loot Spawned [11] AmmoBox_762x39_20Rnd @ <7312.480469, 12.133973, 3485.609863> ... Lifespan: Set to 30 minutes.
[AirdropContainerFall] Loot Spawned [12] AKM @ <7316.686035, 11.908598, 3482.473145> ... Lifespan: Set to 30 minutes.
[AirdropContainerFall] Loot Spawned [13] UniversalLight @ <7318.329102, 11.880973, 3485.568604> ... Lifespan: Set to 30 minutes.
[AirdropContainerFall] Loot Spawned [14] GorkaEJacket_Autumn @ <7318.246582, 11.871842, 3484.602051> ... Lifespan: Set to 30 minutes.
[AirdropContainerFall] Loot Spawned [15] WeaponCleaningKit @ <7314.516113, 12.087383, 3487.889648> ... Lifespan: Set to 30 minutes.
[AirdropContainerFall] Loot Spawned [16] TacticalGloves_Beige @ <7318.431152, 11.871359, 3485.194580> ... Lifespan: Set to 30 minutes.
[AirdropContainerFall] Loot Spawned [17] KOD_M110_Tan @ <7313.451172, 12.127540, 3487.476074> ... Lifespan: Set to 30 minutes.
[AirdropContainerFall] Loot Spawned [18] AK101 @ <7311.752930, 12.166017, 3485.757324> ... Lifespan: Set to 30 minutes.
[AirdropContainerFall] Loot Spawned [19] GorkaEJacket_PautRev @ <7314.655762, 12.000538, 3483.145020> ... Lifespan: Set to 30 minutes.
[AirdropContainerFall] Loot Spawned [20] KOD_M110_Tan @ <7318.183594, 11.863934, 3483.795654> ... Lifespan: Set to 30 minutes.
[AirdropContainerUnstuck] Container was unstuck.
[~AirdropContainerBase] Container Destroyed on 2021-04-17 @ 14-18-45
