[AirdropBase] Base class created & settings loaded.
[2021-04-19 @ 21-27-08] ----------------------------------------------------------------------------------------------------
[EOnCallAirdrop] Drop zone asigned: Zelenogorks <1875.000000, 0.000000, 5210.000000>
[EOnCallAirdrop] Drop zone offset to: <1943.942627, 2438.000000, 5187.294922>
[EOnCallAirdrop] Aircraft spawn point: <9972.714844, 2438.000000, -1000.000000>
[EOnCallAirdrop] Aircraft bearing ... Angle/Bearing: -0.654219° / 127.484°, Text: 'South/East (127°)'
[EOnCallAirdrop] Aircraft has been dispatched to 'Zelenogorks' from the South/East (127°).
[2021-04-19 @ 21-52-24] ----------------------------------------------------------------------------------------------------
[EOnCallAirdrop] Drop zone asigned: Myshkino <1900.000000, 0.000000, 7600.000000>
[EOnCallAirdrop] Drop zone offset to: <1934.102295, 2438.000000, 7537.975098>
[EOnCallAirdrop] Aircraft spawn point: <2623.311279, 2438.000000, 16360.000000>
[EOnCallAirdrop] Aircraft bearing ... Angle/Bearing: 1.48841° / 4.72019°, Text: 'North (5°)'
[EOnCallAirdrop] Aircraft has been dispatched to 'Myshkino' from the North (5°).
[2021-04-19 @ 22-17-41] ----------------------------------------------------------------------------------------------------
[EOnCallAirdrop] Drop zone asigned: Novaya Petrovka <3100.000000, 0.000000, 12840.000000>
[EOnCallAirdrop] Drop zone offset to: <3076.153564, 2438.000000, 12792.634766>
[EOnCallAirdrop] Aircraft spawn point: <-1000.000000, 2438.000000, 10846.357422>
[EOnCallAirdrop] Aircraft bearing ... Angle/Bearing: -2.689° / 244.068°, Text: 'South/West (244°)'
[EOnCallAirdrop] Aircraft has been dispatched to 'Novaya Petrovka' from the South/West (244°).
[2021-04-19 @ 22-42-58] ----------------------------------------------------------------------------------------------------
[EOnCallAirdrop] Drop zone asigned: Northwest Airfield <4500.000000, 0.000000, 10350.000000>
[EOnCallAirdrop] Drop zone offset to: <4527.234863, 2438.000000, 10354.736328>
[EOnCallAirdrop] Aircraft spawn point: <16360.000000, 2438.000000, 7547.284668>
[EOnCallAirdrop] Aircraft bearing ... Angle/Bearing: -0.232059° / 103.296°, Text: 'East (103°)'
[EOnCallAirdrop] Aircraft has been dispatched to 'Northwest Airfield' from the East (103°).
[2021-04-19 @ 23-08-16] ----------------------------------------------------------------------------------------------------
[EOnCallAirdrop] Drop zone asigned: Zelenogorks <1875.000000, 0.000000, 5210.000000>
[EOnCallAirdrop] Drop zone offset to: <1885.430908, 2438.000000, 5300.446289>
[EOnCallAirdrop] Aircraft spawn point: <16360.000000, 2438.000000, 7564.768066>
[EOnCallAirdrop] Aircraft bearing ... Angle/Bearing: 0.161156° / 80.7664°, Text: 'East (81°)'
[EOnCallAirdrop] Aircraft has been dispatched to 'Zelenogorks' from the East (81°).
[2021-04-19 @ 23-33-33] ----------------------------------------------------------------------------------------------------
[EOnCallAirdrop] Drop zone asigned: Myshkino <1900.000000, 0.000000, 7600.000000>
[EOnCallAirdrop] Drop zone offset to: <1942.267822, 2438.000000, 7681.510742>
[EOnCallAirdrop] Aircraft spawn point: <14079.205078, 2438.000000, 16360.000000>
[EOnCallAirdrop] Aircraft bearing ... Angle/Bearing: 0.623535° / 54.2741°, Text: 'North/East (54°)'
[EOnCallAirdrop] Aircraft has been dispatched to 'Myshkino' from the North/East (54°).
[2021-04-19 @ 23-58-50] ----------------------------------------------------------------------------------------------------
[EOnCallAirdrop] Drop zone asigned: Veresnik <4000.000000, 0.000000, 7850.000000>
[EOnCallAirdrop] Drop zone offset to: <4010.862793, 2438.000000, 7800.411133>
[EOnCallAirdrop] Aircraft spawn point: <-1000.000000, 2438.000000, 13201.324219>
[EOnCallAirdrop] Aircraft bearing ... Angle/Bearing: 2.32227° / 316.944°, Text: 'North/West (317°)'
[EOnCallAirdrop] Aircraft has been dispatched to 'Veresnik' from the North/West (317°).
[2021-04-20 @ 00-24-08] ----------------------------------------------------------------------------------------------------
[EOnCallAirdrop] Drop zone asigned: Gorka <8775.000000, 0.000000, 9200.000000>
[EOnCallAirdrop] Drop zone offset to: <8742.610352, 2438.000000, 9200.444336>
[EOnCallAirdrop] Aircraft spawn point: <6832.583008, 2438.000000, 16360.000000>
[EOnCallAirdrop] Aircraft bearing ... Angle/Bearing: 1.83571° / 344.822°, Text: 'North (345°)'
[EOnCallAirdrop] Aircraft has been dispatched to 'Gorka' from the North (345°).
[2021-04-20 @ 00-49-25] ----------------------------------------------------------------------------------------------------
[EOnCallAirdrop] Drop zone asigned: Berezino <12450.000000, 0.000000, 9250.000000>
[EOnCallAirdrop] Drop zone offset to: <12464.829102, 2438.000000, 9286.175781>
[EOnCallAirdrop] Aircraft spawn point: <788.079468, 2438.000000, -1000.000000>
[EOnCallAirdrop] Aircraft bearing ... Angle/Bearing: -2.42054° / 228.687°, Text: 'South/West (229°)'
[EOnCallAirdrop] Aircraft has been dispatched to 'Berezino' from the South/West (229°).
