[InitializeContainer] Container created on 2021-03-20 @ 01-55-13
[InitializeContainer] Winds: Vector <7.199683, 0.000000, -5.582630>, Speed 9.1105mps, Strength 0.1
[AirdropContainerFall] Drop Type 'Military West', Container: 'AirdropContainer_Military', Mode/Quantity/Iems: Random/20/46, Flare:  10%
[AirdropContainerFall] Loot Spawned [1] M4_Suppressor @ <3054.258545, 208.736786, 12922.282227> ... Lifespan: Set to 30 minutes.
[AirdropContainerFall] Loot Spawned [2] UKAssVest_Camo @ <3058.729004, 208.583405, 12920.253906> ... Lifespan: Set to 30 minutes.
[AirdropContainerFall] Loot Spawned [3] USMCJacket_Woodland @ <3057.648926, 208.579025, 12925.287109> ... Lifespan: Set to 30 minutes.
[AirdropContainerFall] Loot Spawned [4] KOD_M110_Tan @ <3058.815186, 208.551849, 12923.754883> ... Lifespan: Set to 30 minutes.
[AirdropContainerFall] Loot Spawned [5] Binoculars @ <3055.041748, 208.675827, 12925.338867> ... Lifespan: Set to 30 minutes.
[AirdropContainerFall] Loot Spawned [6] USMCJacket_Woodland @ <3056.098633, 208.637772, 12925.207031> ... Lifespan: Set to 30 minutes.
[AirdropContainerFall] Loot Spawned [7] M9A1_Bayonet @ <3056.203857, 208.648193, 12923.862305> ... Lifespan: Set to 30 minutes.
[AirdropContainerFall] Loot Spawned [8] UKAssVest_Camo @ <3055.434326, 208.683090, 12923.284180> ... Lifespan: Set to 30 minutes.
[AirdropContainerFall] Loot Spawned [9] AK101 @ <3059.353271, 208.544800, 12922.532227> ... Lifespan: Set to 30 minutes.
[AirdropContainerFall] Loot Spawned [10] KOD_RSASS_Black @ <3057.261963, 208.640686, 12919.877930> ... Lifespan: Set to 30 minutes.
[AirdropContainerFall] Loot Spawned [11] USMCJacket_Desert @ <3057.252686, 208.637329, 12920.434570> ... Lifespan: Set to 30 minutes.
[AirdropContainerFall] Loot Spawned [12] AssaultBag_Black @ <3059.180420, 208.561111, 12921.072266> ... Lifespan: Set to 30 minutes.
[AirdropContainerFall] Loot Spawned [13] TacticalBaconCan @ <3055.842041, 208.687805, 12920.761719> ... Lifespan: Set to 30 minutes.
[AirdropContainerFall] Loot Spawned [14] AK101 @ <3060.034912, 208.509033, 12923.494141> ... Lifespan: Set to 30 minutes.
[AirdropContainerFall] Loot Spawned [15] AK101 @ <3058.777100, 208.541107, 12924.893555> ... Lifespan: Set to 30 minutes.
[AirdropContainerFall] Loot Spawned [16] KOD_RSASS_Black @ <3059.791992, 208.542572, 12920.424805> ... Lifespan: Set to 30 minutes.
[AirdropContainerFall] Loot Spawned [17] AssaultBag_Green @ <3059.589111, 208.505386, 12925.399414> ... Lifespan: Set to 30 minutes.
[AirdropContainerFall] Loot Spawned [18] UKAssVest_Khaki @ <3054.966553, 208.706818, 12922.697266> ... Lifespan: Set to 30 minutes.
[AirdropContainerFall] Loot Spawned [19] AssaultBag_Green @ <3055.376953, 208.694931, 12922.298828> ... Lifespan: Set to 30 minutes.
[AirdropContainerFall] Loot Spawned [20] UKAssVest_Camo @ <3058.044434, 208.567917, 12924.943359> ... Lifespan: Set to 30 minutes.
[AirdropContainerUnstuck] Container was unstuck.
