[InitializeContainer] Container created on 2021-03-28 @ 20-25-48
[InitializeContainer] Winds: Vector <11.030423, 0.000000, 0.119655>, Speed 11.0311mps, Strength 0.1
[AirdropContainerFall] Drop Type 'Misc. Tools', Container: 'RANDOM', Mode/Quantity/Iems: Random/30/54, Flare:  10%
[AirdropContainerFall] Loot Spawned [1] Lockpick @ <4449.507324, 339.001007, 10279.653320> ... Lifespan: Set to 30 minutes.
[AirdropContainerFall] Loot Spawned [2] Matchbox @ <4452.029785, 339.001007, 10281.436523> ... Lifespan: Set to 30 minutes.
[AirdropContainerFall] Loot Spawned [3] Compass @ <4450.340332, 339.001007, 10284.841797> ... Lifespan: Set to 30 minutes.
[AirdropContainerFall] Loot Spawned [4] Binoculars @ <4447.375977, 339.001007, 10282.205078> ... Lifespan: Set to 30 minutes.
[AirdropContainerFall] Loot Spawned [5] Roadflare @ <4450.308105, 339.001007, 10284.835938> ... Lifespan: Set to 30 minutes.
[AirdropContainerFall] Loot Spawned [6] Megaphone @ <4447.235352, 339.001007, 10283.194336> ... Lifespan: Set to 30 minutes.
[AirdropContainerFall] Loot Spawned [7] OrienteeringCompass @ <4450.092285, 339.001007, 10285.076172> ... Lifespan: Set to 30 minutes.
[AirdropContainerFall] Loot Spawned [8] CombatKnife @ <4446.956055, 339.001007, 10280.342773> ... Lifespan: Set to 30 minutes.
[AirdropContainerFall] Loot Spawned [9] LeatherSewingKit @ <4447.680176, 339.001007, 10281.214844> ... Lifespan: Set to 30 minutes.
[AirdropContainerFall] Loot Spawned [10] PortableGasStove @ <4449.406250, 339.001007, 10285.406250> ... Lifespan: Set to 30 minutes.
[AirdropContainerFall] Loot Spawned [11] CombatKnife @ <4450.170898, 339.001007, 10285.124023> ... Lifespan: Set to 30 minutes.
[AirdropContainerFall] Loot Spawned [12] Crowbar @ <4451.804688, 339.001007, 10280.807617> ... Lifespan: Set to 30 minutes.
[AirdropContainerFall] Loot Spawned [13] Hatchet @ <4445.599121, 339.001007, 10281.982422> ... Lifespan: Set to 30 minutes.
[AirdropContainerFall] Loot Spawned [14] Chemlight_Green @ <4451.333008, 339.001007, 10280.637695> ... Lifespan: Set to 30 minutes.
[AirdropContainerFall] Loot Spawned [15] Spotlight @ <4450.675293, 339.001007, 10282.300781> ... Lifespan: Set to 30 minutes.
[AirdropContainerFall] Loot Spawned [16] WoodAxe @ <4449.200195, 339.001007, 10285.984375> ... Lifespan: Set to 30 minutes.
[AirdropContainerFall] Loot Spawned [17] Pliers @ <4445.922852, 339.001007, 10282.485352> ... Lifespan: Set to 30 minutes.
[AirdropContainerFall] Loot Spawned [18] Heatpack @ <4452.115723, 339.001007, 10283.502930> ... Lifespan: Set to 30 minutes.
[AirdropContainerFall] Loot Spawned [19] KOD_M16A4 @ <4448.087891, 339.001007, 10283.920898> ... Lifespan: Set to 30 minutes.
[AirdropContainerFall] Loot Spawned [20] CanOpener @ <4449.070313, 339.001007, 10284.269531> ... Lifespan: Set to 30 minutes.
[AirdropContainerFall] Loot Spawned [21] Shovel @ <4449.143555, 339.001007, 10280.712891> ... Lifespan: Set to 30 minutes.
[AirdropContainerFall] Loot Spawned [22] BaseRadio @ <4447.408203, 339.001007, 10280.133789> ... Lifespan: Set to 30 minutes.
[AirdropContainerFall] Loot Spawned [23] SledgeHammer @ <4447.450195, 339.001007, 10282.705078> ... Lifespan: Set to 30 minutes.
[AirdropContainerFall] Loot Spawned [24] WeaponCleaningKit @ <4448.806152, 339.001007, 10280.712891> ... Lifespan: Set to 30 minutes.
[AirdropContainerFall] Loot Spawned [25] CombatKnife @ <4450.631836, 339.001007, 10283.382813> ... Lifespan: Set to 30 minutes.
[AirdropContainerFall] Loot Spawned [26] Matchbox @ <4447.964355, 339.001007, 10285.784180> ... Lifespan: Set to 30 minutes.
[AirdropContainerFall] Loot Spawned [27] Flashlight @ <4447.279297, 339.001007, 10284.209961> ... Lifespan: Set to 30 minutes.
[AirdropContainerFall] Loot Spawned [28] KitchenKnife @ <4450.283691, 339.001007, 10283.485352> ... Lifespan: Set to 30 minutes.
[AirdropContainerFall] Loot Spawned [29] CombatKnife @ <4449.176270, 339.001007, 10285.470703> ... Lifespan: Set to 30 minutes.
[AirdropContainerFall] Loot Spawned [30] Hacksaw @ <4452.129883, 339.001007, 10282.993164> ... Lifespan: Set to 30 minutes.
[AirdropContainerUnstuck] Container was unstuck.
[~AirdropContainerBase] Container Destroyed on 2021-03-28 @ 20-50-48
