[AirdropPlane] Aircraft created on 2021-03-29 @ 19-08-00
[InitializeAircraft] Aircraft Initialized: Zelenogorks @ 1875/5210 (true)
[EOnBeforeDrop] The Aircraft is 1 Km from Zelenogorks. @ <777.037231, 361.459442, 6229.657715>
[EOnDrop] Zombie Spawned [1] ZmbM_HikerSkinny_Yellow @ <1830.456421, 177.587189, 5272.663086> ... Lifespan:  Set to 30 minutes.
[EOnDrop] Zombie Spawned [2] ZmbM_FarmerFat_Green @ <1855.457764, 177.561066, 5290.503906> ... Lifespan:  Set to 30 minutes.
[EOnDrop] Zombie Spawned [3] ZmbM_HermitSkinny_Black @ <1838.807373, 178.201187, 5287.734863> ... Lifespan:  Set to 30 minutes.
[EOnDrop] Zombie Spawned [4] ZmbM_HikerSkinny_Green @ <1828.996704, 179.162323, 5302.081055> ... Lifespan:  Set to 30 minutes.
[EOnDrop] Zombie Spawned [5] ZmbM_MotobikerFat_Blue @ <1834.110352, 178.321793, 5287.682129> ... Lifespan:  Set to 30 minutes.
[EOnDrop] Zombie Spawned [6] ZmbM_HunterOld_Spring @ <1809.115967, 176.408066, 5251.293945> ... Lifespan:  Set to 30 minutes.
[EOnDrop] Zombie Spawned [7] ZmbM_MotobikerFat_Blue @ <1777.478882, 174.524857, 5235.822266> ... Lifespan:  Set to 30 minutes.
[EOnDrop] Zombie Spawned [8] ZmbM_VillagerOld_Blue @ <1800.151733, 176.680557, 5260.147949> ... Lifespan:  Set to 30 minutes.
[EOnDrop] Zombie Spawned [9] ZmbM_HermitSkinny_Black @ <1833.050659, 177.819992, 5277.930176> ... Lifespan:  Set to 30 minutes.
[EOnDrop] Zombie Spawned [10] ZmbF_SurvivorNormal_Blue @ <1848.216797, 175.705002, 5255.785645> ... Lifespan:  Set to 30 minutes.
[EOnDrop] Zombie Spawned [11] ZmbM_HermitSkinny_Green @ <1840.751221, 174.757477, 5230.628906> ... Lifespan:  Set to 30 minutes.
[EOnDrop] Zombie Spawned [12] ZmbM_HermitSkinny_Black @ <1830.346802, 176.963165, 5262.566406> ... Lifespan:  Set to 30 minutes.
[EOnDrop] Zombie Spawned [13] ZmbF_MilkMaidOld_Green @ <1824.789673, 177.063354, 5262.981445> ... Lifespan:  Set to 30 minutes.
[EOnDrop] Zombie Spawned [14] ZmbF_SurvivorNormal_Red @ <1830.906128, 179.117935, 5301.420410> ... Lifespan:  Set to 30 minutes.
[EOnDrop] Zombie Spawned [15] ZmbM_VillagerOld_Blue @ <1824.790283, 178.146973, 5281.728516> ... Lifespan:  Set to 30 minutes.
[EOnDrop] Zombie Spawned [16] ZmbM_VillagerOld_Green @ <1831.106201, 176.894501, 5261.873047> ... Lifespan:  Set to 30 minutes.
[EOnDrop] Zombie Spawned [17] ZmbF_HikerSkinny_Grey @ <1809.635010, 177.153641, 5265.299316> ... Lifespan:  Set to 30 minutes.
[EOnDrop] Zombie Spawned [18] ZmbM_FarmerFat_Brown @ <1834.689087, 178.284912, 5287.230957> ... Lifespan:  Set to 30 minutes.
[EOnDrop] Zombie Spawned [19] ZmbM_VillagerOld_White @ <1827.845947, 176.239258, 5250.275879> ... Lifespan:  Set to 30 minutes.
[EOnDrop] Zombie Spawned [20] ZmbF_VillagerOld_Red @ <1806.052490, 175.107742, 5225.539063> ... Lifespan:  Set to 30 minutes.
[EOnDrop] Drop spawned with 20 infected at <1818.931396, 323.363190, 5262.345215>.
[EOnDrop] Supplies have been dropped near Zelenogorks.
[EOnBeforeDelete] Aircraft despawned @ <8563.595703, 152.000610, -1000.328186>
[~AirdropPlane] Aircraft destroyed.
