[AirdropPlane] Aircraft created on 2021-04-05 @ 05-26-52
[InitializeAircraft] Aircraft Initialized: Myshkino @ 1900/7600 (true)
[EOnBeforeDrop] The Aircraft is 1 Km from Myshkino. @ <3097.716797, 435.296722, 8501.453125>
[EOnDrop] Zombie Spawned [1] ZmbM_FarmerFat_Beige @ <1949.948975, 284.633972, 7623.979980> ... Lifespan:  Set to 30 minutes.
[EOnDrop] Zombie Spawned [2] ZmbM_FarmerFat_Beige @ <1967.509521, 288.617249, 7629.694824> ... Lifespan:  Set to 30 minutes.
[EOnDrop] Zombie Spawned [3] ZmbM_HunterOld_Spring @ <1974.219727, 290.318695, 7635.113770> ... Lifespan:  Set to 30 minutes.
[EOnDrop] Zombie Spawned [4] ZmbF_SurvivorNormal_Blue @ <1973.572876, 294.860870, 7675.965820> ... Lifespan:  Set to 30 minutes.
[EOnDrop] Zombie Spawned [5] ZmbM_HermitSkinny_Red @ <1948.582031, 287.801331, 7662.511719> ... Lifespan:  Set to 30 minutes.
[EOnDrop] Zombie Spawned [6] ZmbM_FarmerFat_Green @ <1954.993286, 288.214661, 7658.595703> ... Lifespan:  Set to 30 minutes.
[EOnDrop] Zombie Spawned [7] ZmbF_SurvivorNormal_Orange @ <1989.344604, 294.794098, 7632.959961> ... Lifespan:  Set to 30 minutes.
[EOnDrop] Zombie Spawned [8] ZmbM_MotobikerFat_Black @ <1969.624146, 289.403809, 7616.250000> ... Lifespan:  Set to 30 minutes.
[EOnDrop] Zombie Spawned [9] ZmbF_HikerSkinny_Green @ <1987.061768, 293.317688, 7662.308594> ... Lifespan:  Set to 30 minutes.
[EOnDrop] Zombie Spawned [10] ZmbM_VillagerOld_Blue @ <1987.352783, 293.771088, 7643.510742> ... Lifespan:  Set to 30 minutes.
[EOnDrop] Zombie Spawned [11] ZmbF_HikerSkinny_Green @ <1951.949341, 290.172241, 7671.534668> ... Lifespan:  Set to 30 minutes.
[EOnDrop] Zombie Spawned [12] ZmbM_HikerSkinny_Yellow @ <1945.493164, 289.096497, 7673.382324> ... Lifespan:  Set to 30 minutes.
[EOnDrop] Zombie Spawned [13] ZmbF_VillagerOld_White @ <1966.275757, 288.234772, 7637.524414> ... Lifespan:  Set to 30 minutes.
[EOnDrop] Zombie Spawned [14] ZmbF_HikerSkinny_Blue @ <1960.797729, 292.146027, 7672.558105> ... Lifespan:  Set to 30 minutes.
[EOnDrop] Zombie Spawned [15] ZmbM_HermitSkinny_Red @ <1988.387451, 294.575134, 7632.133301> ... Lifespan:  Set to 30 minutes.
[EOnDrop] Drop spawned with 15 infected at <1971.412842, 457.348145, 7652.892090>.
[EOnDrop] Supplies have been dropped near Myshkino.
[EOnBeforeDelete] Aircraft despawned @ <-1000.796326, 371.306244, 5414.008789>
[~AirdropPlane] Aircraft destroyed.
