[AirdropPlane] Aircraft created on 2021-04-16 @ 08-24-23
[InitializeAircraft] Aircraft Initialized: Chernogorsk @ 7400/3500 (true)
[EOnBeforeDrop] The Aircraft is 1 Km from Chernogorsk. @ <5961.381836, 249.916916, 3924.590820>
[EOnDrop] Zombie Spawned [1] ZmbF_BlueCollarFat_White @ <7296.609863, 14.189725, 3518.628418> ... Lifespan:  Set to 30 minutes.
[EOnDrop] Zombie Spawned [2] ZmbM_ConstrWorkerNormal_Green @ <7348.572266, 11.227933, 3516.236328> ... Lifespan:  Set to 30 minutes.
[EOnDrop] Zombie Spawned [3] ZmbF_BlueCollarFat_Green @ <7286.467773, 14.049514, 3495.371094> ... Lifespan:  Set to 30 minutes.
[EOnDrop] Zombie Spawned [4] ZmbM_ConstrWorkerNormal_Green @ <7336.812500, 12.335398, 3569.477295> ... Lifespan:  Set to 30 minutes.
[EOnDrop] Zombie Spawned [5] ZmbM_MechanicSkinny_Grey @ <7340.267578, 11.297788, 3491.891113> ... Lifespan:  Set to 30 minutes.
[EOnDrop] Zombie Spawned [6] ZmbM_MechanicSkinny_Blue @ <7290.211914, 16.678164, 3557.280273> ... Lifespan:  Set to 30 minutes.
[EOnDrop] Zombie Spawned [7] ZmbM_ConstrWorkerNormal_Green @ <7288.492188, 14.730021, 3520.608643> ... Lifespan:  Set to 30 minutes.
[EOnDrop] Zombie Spawned [8] ZmbM_HandymanNormal_Blue @ <7293.674316, 16.158688, 3542.065430> ... Lifespan:  Set to 30 minutes.
[EOnDrop] Zombie Spawned [9] ZmbF_BlueCollarFat_Green @ <7339.914063, 11.908878, 3517.974609> ... Lifespan:  Set to 30 minutes.
[EOnDrop] Zombie Spawned [10] ZmbM_ConstrWorkerNormal_Black @ <7317.305176, 14.479626, 3538.223389> ... Lifespan:  Set to 30 minutes.
[EOnDrop] Zombie Spawned [11] ZmbM_MechanicSkinny_Blue @ <7334.406738, 13.171947, 3547.877197> ... Lifespan:  Set to 30 minutes.
[EOnDrop] Zombie Spawned [12] ZmbM_ConstrWorkerNormal_Black @ <7287.608398, 16.448551, 3541.409180> ... Lifespan:  Set to 30 minutes.
[EOnDrop] Zombie Spawned [13] ZmbM_OffshoreWorker_Yellow @ <7313.991211, 14.891663, 3556.059082> ... Lifespan:  Set to 30 minutes.
[EOnDrop] Zombie Spawned [14] ZmbM_ConstrWorkerNormal_Grey @ <7323.136719, 13.347388, 3525.802734> ... Lifespan:  Set to 30 minutes.
[EOnDrop] Zombie Spawned [15] ZmbM_OffshoreWorker_Red @ <7316.522461, 14.465791, 3536.920410> ... Lifespan:  Set to 30 minutes.
[EOnDrop] Zombie Spawned [16] ZmbM_ConstrWorkerNormal_Green @ <7302.622559, 15.456990, 3539.326904> ... Lifespan:  Set to 30 minutes.
[EOnDrop] Zombie Spawned [17] ZmbM_ConstrWorkerNormal_Black @ <7296.613770, 15.284889, 3533.708496> ... Lifespan:  Set to 30 minutes.
[EOnDrop] Zombie Spawned [18] ZmbM_MechanicSkinny_Green @ <7316.896973, 14.759186, 3547.613525> ... Lifespan:  Set to 30 minutes.
[EOnDrop] Zombie Spawned [19] ZmbF_BlueCollarFat_Red @ <7312.311035, 14.405109, 3532.581299> ... Lifespan:  Set to 30 minutes.
[EOnDrop] Zombie Spawned [20] ZmbF_MechanicNormal_Grey @ <7320.318848, 14.297063, 3557.625000> ... Lifespan:  Set to 30 minutes.
[EOnDrop] Zombie Spawned [21] ZmbF_MechanicNormal_Beige @ <7328.392578, 13.724536, 3550.231201> ... Lifespan:  Set to 30 minutes.
[EOnDrop] Zombie Spawned [22] ZmbM_MechanicSkinny_Grey @ <7340.840820, 12.406017, 3550.767822> ... Lifespan:  Set to 30 minutes.
[EOnDrop] Zombie Spawned [23] ZmbM_HandymanNormal_Blue @ <7326.049316, 13.250801, 3526.697510> ... Lifespan:  Set to 30 minutes.
[EOnDrop] Zombie Spawned [24] ZmbM_ConstrWorkerNormal_Grey @ <7273.717773, 17.119204, 3537.410889> ... Lifespan:  Set to 30 minutes.
[EOnDrop] Zombie Spawned [25] ZmbM_ConstrWorkerNormal_Green @ <7335.648438, 12.652127, 3562.541504> ... Lifespan:  Set to 30 minutes.
[EOnDrop] Zombie Spawned [26] ZmbF_BlueCollarFat_Red @ <7304.297363, 13.537005, 3506.145752> ... Lifespan:  Set to 30 minutes.
[EOnDrop] Zombie Spawned [27] ZmbF_BlueCollarFat_Blue @ <7283.680664, 14.389299, 3502.655029> ... Lifespan:  Set to 30 minutes.
[EOnDrop] Zombie Spawned [28] ZmbM_HandymanNormal_White @ <7295.066406, 13.679883, 3494.807861> ... Lifespan:  Set to 30 minutes.
[EOnDrop] Zombie Spawned [29] ZmbF_BlueCollarFat_Blue @ <7358.322266, 10.691284, 3541.307373> ... Lifespan:  Set to 30 minutes.
[EOnDrop] Zombie Spawned [30] ZmbF_BlueCollarFat_White @ <7345.622070, 11.785398, 3528.471680> ... Lifespan:  Set to 30 minutes.
[EOnDrop] Drop spawned with 30 infected at <7314.160156, 170.305466, 3525.895996>.
[EOnDrop] Supplies have been dropped near Chernogorsk.
[EOnBeforeDelete] Aircraft despawned @ <16361.674805, 152.000610, 859.119629>
[~AirdropPlane] Aircraft destroyed.
