[InitializeContainer] Container created on 2021-04-22 @ 08-43-18
[InitializeContainer] Winds: Vector <11.230691, 0.000000, 4.453880>, Speed 12.0816mps, Strength 0.1
[AirdropContainerFall] Drop Type 'Military East', Container: 'AirdropContainer_Military', Mode/Quantity/Iems: Random/20/33, Flare:  10%
[AirdropContainerFall] Loot Spawned [1] GorkaEJacket_Autumn @ <6520.423828, 305.530823, 7821.564453> ... Lifespan: Set to 30 minutes.
[AirdropContainerFall] Loot Spawned [2] CanOpener @ <6516.642578, 305.804382, 7822.111328> ... Lifespan: Set to 30 minutes.
[AirdropContainerFall] Loot Spawned [3] GorkaEJacket_Flat @ <6521.511230, 306.117310, 7825.973633> ... Lifespan: Set to 30 minutes.
[AirdropContainerFall] Loot Spawned [4] TTSKOPants @ <6522.145508, 306.052002, 7825.759277> ... Lifespan: Set to 30 minutes.
[AirdropContainerFall] Loot Spawned [5] TacticalGloves_Green @ <6522.400391, 305.987640, 7825.405762> ... Lifespan: Set to 30 minutes.
[AirdropContainerFall] Loot Spawned [6] TacticalGoggles @ <6518.710938, 306.395172, 7826.917480> ... Lifespan: Set to 30 minutes.
[AirdropContainerFall] Loot Spawned [7] GorkaEJacket_Autumn @ <6520.544922, 306.353302, 7827.257324> ... Lifespan: Set to 30 minutes.
[AirdropContainerFall] Loot Spawned [8] GorkaPants_Autumn @ <6521.318359, 305.608032, 7822.465332> ... Lifespan: Set to 30 minutes.
[AirdropContainerFall] Loot Spawned [9] TacticalGoggles @ <6521.339355, 305.670380, 7822.896484> ... Lifespan: Set to 30 minutes.
[AirdropContainerFall] Loot Spawned [10] UniversalLight @ <6518.078125, 306.149689, 7825.048340> ... Lifespan: Set to 30 minutes.
[AirdropContainerFall] Loot Spawned [11] TacticalGloves_Beige @ <6516.987305, 306.277863, 7825.462891> ... Lifespan: Set to 30 minutes.
[AirdropContainerFall] Loot Spawned [12] TacticalGoggles @ <6518.049316, 305.700592, 7821.955566> ... Lifespan: Set to 30 minutes.
[AirdropContainerFall] Loot Spawned [13] KOD_M110_Tan @ <6517.965820, 306.262573, 7825.773438> ... Lifespan: Set to 30 minutes.
[AirdropContainerFall] Loot Spawned [14] GorkaEJacket_PautRev @ <6518.265137, 305.551361, 7820.963867> ... Lifespan: Set to 30 minutes.
[AirdropContainerFall] Loot Spawned [15] AKM @ <6521.988281, 305.987671, 7825.256836> ... Lifespan: Set to 30 minutes.
[AirdropContainerFall] Loot Spawned [16] Mag_AKM_30Rnd @ <6521.643555, 305.726807, 7823.379395> ... Lifespan: Set to 30 minutes.
[AirdropContainerFall] Loot Spawned [17] WeaponCleaningKit @ <6521.628418, 305.848663, 7824.198242> ... Lifespan: Set to 30 minutes.
[AirdropContainerFall] Loot Spawned [18] WeaponCleaningKit @ <6518.984375, 306.280853, 7826.236328> ... Lifespan: Set to 30 minutes.
[AirdropContainerFall] Loot Spawned [19] AKM @ <6520.758789, 306.322174, 7827.121094> ... Lifespan: Set to 30 minutes.
[AirdropContainerFall] Loot Spawned [20] AK_Bayonet @ <6516.503418, 305.935425, 7822.931152> ... Lifespan: Set to 30 minutes.
[AirdropContainerUnstuck] Container was unstuck.
[~AirdropContainerBase] Container Destroyed on 2021-04-22 @ 09-00-59
