[AirdropPlane] Aircraft created on 2021-03-29 @ 21-53-28
[InitializeAircraft] Aircraft Initialized: Player Called @ 3873.72/7225.76 (false)
[EOnDrop] Zombie Spawned [1] ZmbM_PatrolNormal_Autumn @ <293.617035, 490.550659, 13584.350586> ... Lifespan:  Set to 30 minutes.
[EOnDrop] Zombie Spawned [2] ZmbF_MilkMaidOld_Black @ <309.888184, 489.701050, 13574.265625> ... Lifespan:  Set to 30 minutes.
[EOnDrop] Zombie Spawned [3] Animal_CanisLupus_White @ <269.089661, 491.177673, 13598.700195> ... Lifespan:  Set to 30 minutes.
[EOnDrop] Zombie Spawned [4] ZmbM_PatrolNormal_Summer @ <283.644165, 492.337158, 13628.750977> ... Lifespan:  Set to 30 minutes.
[EOnDrop] Zombie Spawned [5] Animal_CanisLupus_Grey @ <320.787323, 489.904572, 13583.268555> ... Lifespan:  Set to 30 minutes.
[EOnDrop] Zombie Spawned [6] ZmbF_BlueCollarFat_Red @ <279.406311, 490.984039, 13594.048828> ... Lifespan:  Set to 30 minutes.
[EOnDrop] Zombie Spawned [7] ZmbF_MechanicNormal_Beige @ <335.058746, 491.646393, 13629.716797> ... Lifespan:  Set to 30 minutes.
[EOnDrop] Zombie Spawned [8] ZmbM_PatrolNormal_Flat @ <343.186859, 491.156982, 13622.248047> ... Lifespan:  Set to 30 minutes.
[EOnDrop] Zombie Spawned [9] Animal_CanisLupus_Grey @ <314.642883, 489.587402, 13574.605469> ... Lifespan:  Set to 30 minutes.
[EOnDrop] Zombie Spawned [10] ZmbF_CitizenANormal_Beige @ <309.953491, 489.406158, 13569.153320> ... Lifespan:  Set to 30 minutes.
[EOnDrop] Zombie Spawned [11] ZmbM_MechanicSkinny_Grey @ <296.166748, 491.873779, 13618.660156> ... Lifespan:  Set to 30 minutes.
[EOnDrop] Zombie Spawned [12] ZmbM_VillagerOld_Green @ <279.363831, 491.148956, 13598.313477> ... Lifespan:  Set to 30 minutes.
[EOnDrop] Zombie Spawned [13] Animal_CanisLupus_White @ <344.588837, 490.416901, 13607.122070> ... Lifespan:  Set to 30 minutes.
[EOnDrop] Zombie Spawned [14] ZmbM_PatrolNormal_Flat @ <282.582458, 492.188629, 13625.143555> ... Lifespan:  Set to 30 minutes.
[EOnDrop] Zombie Spawned [15] Animal_CanisLupus_White @ <288.411163, 492.070618, 13622.695313> ... Lifespan:  Set to 30 minutes.
[EOnDrop] Zombie Spawned [16] ZmbM_PatientSkinny @ <320.431427, 490.753876, 13599.925781> ... Lifespan:  Set to 30 minutes.
[EOnDrop] Zombie Spawned [17] ZmbM_PatrolNormal_Autumn @ <305.220154, 491.659363, 13615.722656> ... Lifespan:  Set to 30 minutes.
[EOnDrop] Zombie Spawned [18] ZmbM_VillagerOld_White @ <302.772858, 491.492554, 13610.514648> ... Lifespan:  Set to 30 minutes.
[EOnDrop] Zombie Spawned [19] ZmbM_MechanicSkinny_Grey @ <309.783295, 490.094177, 13581.169922> ... Lifespan:  Set to 30 minutes.
[EOnDrop] Zombie Spawned [20] ZmbM_VillagerOld_Green @ <295.127625, 491.095398, 13598.410156> ... Lifespan:  Set to 30 minutes.
[EOnDrop] Zombie Spawned [21] ZmbM_ParamedicNormal_Green @ <316.363373, 491.675507, 13620.863281> ... Lifespan:  Set to 30 minutes.
[EOnDrop] Zombie Spawned [22] ZmbM_PatrolNormal_Autumn @ <292.095917, 492.254028, 13627.557617> ... Lifespan:  Set to 30 minutes.
[EOnDrop] Zombie Spawned [23] ZmbM_MechanicSkinny_Grey @ <266.093933, 491.739868, 13613.327148> ... Lifespan:  Set to 30 minutes.
[EOnDrop] Zombie Spawned [24] ZmbF_VillagerOld_Red @ <270.188812, 491.125153, 13597.380859> ... Lifespan:  Set to 30 minutes.
[EOnDrop] Zombie Spawned [25] Animal_CanisLupus_Grey @ <338.267059, 491.193298, 13621.049805> ... Lifespan:  Set to 30 minutes.
[EOnDrop] Zombie Spawned [26] Animal_CanisLupus_Grey @ <295.795929, 488.846588, 13554.530273> ... Lifespan:  Set to 30 minutes.
[EOnDrop] Zombie Spawned [27] Animal_CanisLupus_Grey @ <265.755127, 490.810516, 13589.349609> ... Lifespan:  Set to 30 minutes.
[EOnDrop] Zombie Spawned [28] ZmbF_BlueCollarFat_Green @ <312.383667, 491.591980, 13616.808594> ... Lifespan:  Set to 30 minutes.
[EOnDrop] Zombie Spawned [29] ZmbM_PatrolNormal_Autumn @ <282.948853, 491.110565, 13597.443359> ... Lifespan:  Set to 30 minutes.
[EOnDrop] Zombie Spawned [30] Animal_CanisLupus_Grey @ <348.076477, 489.498627, 13592.881836> ... Lifespan:  Set to 30 minutes.
[EOnDrop] Drop spawned with 30 infected at <302.795227, 633.431641, 13600.955078>.
[EOnDrop] Supplies have been dropped near the player's location.
[EOnBeforeDelete] Aircraft despawned @ <8481.249023, 152.000610, -1001.622925>
[~AirdropPlane] Aircraft destroyed.
