[InitializeContainer] Container created on 2021-03-16 @ 09-26-55
[InitializeContainer] Winds: Vector <7.487751, 0.000000, -5.374010>, Speed 9.21664mps, Strength 0.1
[AirdropContainerFall] Drop Type 'Military West', Container: 'AirdropContainer_Military', Mode/Quantity/Iems: Random/20/46, Flare:  10%
[AirdropContainerFall] Loot Spawned [1] M4_RISHndgrd @ <8620.623047, 104.000999, 12692.449219> ... Lifespan: Set to 30 minutes.
[AirdropContainerFall] Loot Spawned [2] Binoculars @ <8618.082031, 104.000999, 12692.296875> ... Lifespan: Set to 30 minutes.
[AirdropContainerFall] Loot Spawned [3] M4_T3NrdSOptic @ <8619.410156, 104.000999, 12693.568359> ... Lifespan: Set to 30 minutes.
[AirdropContainerFall] Loot Spawned [4] M9A1_Bayonet @ <8619.681641, 104.000999, 12687.123047> ... Lifespan: Set to 30 minutes.
[AirdropContainerFall] Loot Spawned [5] KOD_M110_Tan @ <8617.736328, 104.000999, 12693.706055> ... Lifespan: Set to 30 minutes.
[AirdropContainerFall] Loot Spawned [6] FNX45 @ <8616.685547, 104.000999, 12692.635742> ... Lifespan: Set to 30 minutes.
[AirdropContainerFall] Loot Spawned [7] M4A1 @ <8621.787109, 104.000999, 12689.944336> ... Lifespan: Set to 30 minutes.
[AirdropContainerFall] Loot Spawned [8] AssaultBag_Black @ <8617.154297, 104.000999, 12688.974609> ... Lifespan: Set to 30 minutes.
[AirdropContainerFall] Loot Spawned [9] MilitaryBoots_Brown @ <8615.743164, 104.000999, 12689.651367> ... Lifespan: Set to 30 minutes.
[AirdropContainerFall] Loot Spawned [10] MilitaryBoots_Bluerock @ <8617.140625, 104.000999, 12692.665039> ... Lifespan: Set to 30 minutes.
[AirdropContainerFall] Loot Spawned [11] Rangefinder @ <8618.399414, 104.000999, 12693.261719> ... Lifespan: Set to 30 minutes.
[AirdropContainerFall] Loot Spawned [12] TacticalGloves_Beige @ <8620.413086, 104.000999, 12689.669922> ... Lifespan: Set to 30 minutes.
[AirdropContainerFall] Loot Spawned [13] Rangefinder @ <8619.932617, 104.000999, 12689.131836> ... Lifespan: Set to 30 minutes.
[AirdropContainerFall] Loot Spawned [14] CombatKnife @ <8619.861328, 104.000999, 12688.630859> ... Lifespan: Set to 30 minutes.
[AirdropContainerFall] Loot Spawned [15] FNX45 @ <8619.872070, 104.000999, 12688.262695> ... Lifespan: Set to 30 minutes.
[AirdropContainerFall] Loot Spawned [16] WeaponCleaningKit @ <8620.356445, 104.000999, 12689.573242> ... Lifespan: Set to 30 minutes.
[AirdropContainerFall] Loot Spawned [17] M4_Suppressor @ <8616.820313, 104.000999, 12688.540039> ... Lifespan: Set to 30 minutes.
[AirdropContainerFall] Loot Spawned [18] MilitaryBoots_Black @ <8619.514648, 104.000999, 12693.706055> ... Lifespan: Set to 30 minutes.
[AirdropContainerFall] Loot Spawned [19] Rangefinder @ <8617.663086, 104.000999, 12693.011719> ... Lifespan: Set to 30 minutes.
[AirdropContainerFall] Loot Spawned [20] TacticalGoggles @ <8620.772461, 104.000999, 12689.340820> ... Lifespan: Set to 30 minutes.
[AirdropContainerUnstuck] Container was unstuck.
[~AirdropContainerBase] Container Destroyed on 2021-03-16 @ 09-51-55
