[AirdropPlane] Aircraft created on 2021-03-25 @ 21-45-50
[InitializeAircraft] Aircraft Initialized: Balota Airstrip @ 5025/2455 (true)
[EOnBeforeDrop] The Aircraft is 1 Km from Balota Airstrip. @ <5469.115234, 312.333862, 3887.407715>
[EOnDrop] Zombie Spawned [1] ZmbM_PatrolNormal_Summer @ <5010.244141, 10.365208, 2534.876953> ... Lifespan:  Set to 30 minutes.
[EOnDrop] Zombie Spawned [2] ZmbM_SoldierNormal @ <5075.790527, 8.947758, 2520.622559> ... Lifespan:  Set to 30 minutes.
[EOnDrop] Zombie Spawned [3] ZmbM_PatrolNormal_Flat @ <5045.980957, 9.635641, 2524.561523> ... Lifespan:  Set to 30 minutes.
[EOnDrop] Zombie Spawned [4] ZmbM_SoldierNormal @ <5024.714355, 10.408379, 2532.160889> ... Lifespan:  Set to 30 minutes.
[EOnDrop] Zombie Spawned [5] ZmbM_PatrolNormal_PautRev @ <5044.043945, 9.808000, 2532.255127> ... Lifespan:  Set to 30 minutes.
[EOnDrop] Zombie Spawned [6] ZmbM_PatrolNormal_Summer @ <5063.800781, 10.113718, 2562.676514> ... Lifespan:  Set to 30 minutes.
[EOnDrop] Zombie Spawned [7] ZmbM_PatrolNormal_Autumn @ <5020.293945, 10.076758, 2567.274170> ... Lifespan:  Set to 30 minutes.
[EOnDrop] Zombie Spawned [8] ZmbM_PatrolNormal_PautRev @ <5059.294434, 8.919725, 2528.147217> ... Lifespan:  Set to 30 minutes.
[EOnDrop] Zombie Spawned [9] ZmbM_PatrolNormal_Flat @ <5023.320313, 10.802450, 2503.671143> ... Lifespan:  Set to 30 minutes.
[EOnDrop] Zombie Spawned [10] ZmbM_PatrolNormal_Summer @ <5033.756836, 10.158718, 2535.351074> ... Lifespan:  Set to 30 minutes.
[EOnDrop] Zombie Spawned [11] ZmbM_PatrolNormal_Summer @ <5012.571289, 10.278833, 2514.603027> ... Lifespan:  Set to 30 minutes.
[EOnDrop] Zombie Spawned [12] ZmbM_PatrolNormal_Autumn @ <5035.415527, 10.241953, 2497.566162> ... Lifespan:  Set to 30 minutes.
[EOnDrop] Zombie Spawned [13] ZmbM_PatrolNormal_Summer @ <5003.343750, 10.099828, 2531.144775> ... Lifespan:  Set to 30 minutes.
[EOnDrop] Zombie Spawned [14] ZmbM_PatrolNormal_Summer @ <5056.283691, 9.381308, 2542.517090> ... Lifespan:  Set to 30 minutes.
[EOnDrop] Zombie Spawned [15] ZmbM_PatrolNormal_Autumn @ <5079.830078, 8.985213, 2509.322754> ... Lifespan:  Set to 30 minutes.
[EOnDrop] Zombie Spawned [16] ZmbM_PatrolNormal_Summer @ <5060.690918, 10.198117, 2561.590332> ... Lifespan:  Set to 30 minutes.
[EOnDrop] Zombie Spawned [17] ZmbM_PatrolNormal_Summer @ <5056.522949, 9.089495, 2526.661377> ... Lifespan:  Set to 30 minutes.
[EOnDrop] Zombie Spawned [18] ZmbM_PatrolNormal_Flat @ <5085.566895, 9.136756, 2545.086914> ... Lifespan:  Set to 30 minutes.
[EOnDrop] Zombie Spawned [19] ZmbM_PatrolNormal_Autumn @ <5055.102539, 9.242492, 2532.788086> ... Lifespan:  Set to 30 minutes.
[EOnDrop] Zombie Spawned [20] ZmbM_PatrolNormal_PautRev @ <5023.036133, 10.352669, 2554.053467> ... Lifespan:  Set to 30 minutes.
[EOnDrop] Zombie Spawned [21] ZmbM_PatrolNormal_Autumn @ <5073.031738, 9.755437, 2549.973145> ... Lifespan:  Set to 30 minutes.
[EOnDrop] Zombie Spawned [22] ZmbM_PatrolNormal_Autumn @ <5075.572754, 9.861074, 2562.714355> ... Lifespan:  Set to 30 minutes.
[EOnDrop] Zombie Spawned [23] ZmbM_PatrolNormal_Autumn @ <5036.679688, 9.867207, 2542.905029> ... Lifespan:  Set to 30 minutes.
[EOnDrop] Zombie Spawned [24] ZmbM_SoldierNormal @ <5045.096680, 9.778605, 2533.465576> ... Lifespan:  Set to 30 minutes.
[EOnDrop] Zombie Spawned [25] ZmbM_PatrolNormal_PautRev @ <5044.399902, 9.699118, 2525.103027> ... Lifespan:  Set to 30 minutes.
[EOnDrop] Drop spawned with 25 infected at <5049.644531, 159.735916, 2537.012695>.
[EOnDrop] Supplies have been dropped near Balota Airstrip.
[EOnBeforeDelete] Aircraft despawned @ <3950.956543, 152.000610, -1000.363037>
[~AirdropPlane] Aircraft destroyed.
