[AirdropPlane] Aircraft created on 2021-04-01 @ 07-33-29
[InitializeAircraft] Aircraft Initialized: Veresnik @ 4000/7850 (true)
[EOnBeforeDrop] The Aircraft is 1 Km from Veresnik. @ <5099.018555, 498.335175, 8868.578125>
[EOnDrop] Zombie Spawned [1] ZmbM_FarmerFat_Green @ <4067.811768, 301.322815, 7875.676270> ... Lifespan:  Set to 30 minutes.
[EOnDrop] Zombie Spawned [2] ZmbM_HunterOld_Spring @ <4032.375488, 301.049255, 7904.839355> ... Lifespan:  Set to 30 minutes.
[EOnDrop] Zombie Spawned [3] ZmbM_priestPopSkinny @ <4022.478027, 302.013092, 7928.081543> ... Lifespan:  Set to 30 minutes.
[EOnDrop] Zombie Spawned [4] ZmbF_SurvivorNormal_Blue @ <4072.306885, 303.036377, 7910.426758> ... Lifespan:  Set to 30 minutes.
[EOnDrop] Zombie Spawned [5] ZmbF_HikerSkinny_Green @ <4031.187744, 302.771027, 7935.403809> ... Lifespan:  Set to 30 minutes.
[EOnDrop] Zombie Spawned [6] ZmbM_HermitSkinny_Black @ <4086.097412, 304.372223, 7938.917480> ... Lifespan:  Set to 30 minutes.
[EOnDrop] Zombie Spawned [7] ZmbM_FarmerFat_Brown @ <4057.591309, 304.429840, 7961.184570> ... Lifespan:  Set to 30 minutes.
[EOnDrop] Zombie Spawned [8] ZmbM_HermitSkinny_Beige @ <4106.521484, 303.992065, 7895.346680> ... Lifespan:  Set to 30 minutes.
[EOnDrop] Zombie Spawned [9] ZmbM_HikerSkinny_Blue @ <4108.738770, 304.262665, 7904.791504> ... Lifespan:  Set to 30 minutes.
[EOnDrop] Zombie Spawned [10] ZmbF_MilkMaidOld_Black @ <4081.460693, 303.179169, 7904.467773> ... Lifespan:  Set to 30 minutes.
[EOnDrop] Zombie Spawned [11] ZmbM_HunterOld_Spring @ <4084.084473, 302.793030, 7890.125000> ... Lifespan:  Set to 30 minutes.
[EOnDrop] Zombie Spawned [12] ZmbF_VillagerOld_Green @ <4101.674805, 304.989990, 7952.012207> ... Lifespan:  Set to 30 minutes.
[EOnDrop] Zombie Spawned [13] ZmbM_MotobikerFat_Blue @ <4073.793213, 304.344727, 7948.392578> ... Lifespan:  Set to 30 minutes.
[EOnDrop] Zombie Spawned [14] ZmbM_HermitSkinny_Red @ <4039.669922, 301.722504, 7911.416504> ... Lifespan:  Set to 30 minutes.
[EOnDrop] Zombie Spawned [15] ZmbM_VillagerOld_Green @ <4084.487061, 304.592499, 7951.003906> ... Lifespan:  Set to 30 minutes.
[EOnDrop] Zombie Spawned [16] ZmbF_HikerSkinny_Blue @ <4057.128662, 302.379303, 7909.932129> ... Lifespan:  Set to 30 minutes.
[EOnDrop] Zombie Spawned [17] ZmbM_HikerSkinny_Yellow @ <4049.177734, 301.863220, 7906.448242> ... Lifespan:  Set to 30 minutes.
[EOnDrop] Zombie Spawned [18] ZmbM_HunterOld_Spring @ <4073.157227, 303.862457, 7932.173340> ... Lifespan:  Set to 30 minutes.
[EOnDrop] Zombie Spawned [19] ZmbM_FarmerFat_Brown @ <4028.949463, 301.678528, 7918.346191> ... Lifespan:  Set to 30 minutes.
[EOnDrop] Spawn failed for zombie [20] 'ZmbM_SurvivorDean_Grey', it does not exist in DayZ!
[EOnDrop] Zombie Spawned [21] ZmbM_MotobikerFat_Beige @ <4061.205566, 302.140808, 7900.788086> ... Lifespan:  Set to 30 minutes.
[EOnDrop] Zombie Spawned [22] ZmbF_VillagerOld_Green @ <4104.186035, 304.854095, 7942.669922> ... Lifespan:  Set to 30 minutes.
[EOnDrop] Zombie Spawned [23] ZmbF_MilkMaidOld_Black @ <4075.505859, 303.482361, 7918.864746> ... Lifespan:  Set to 30 minutes.
[EOnDrop] Zombie Spawned [24] ZmbM_HikerSkinny_Blue @ <4062.293701, 302.298004, 7903.170410> ... Lifespan:  Set to 30 minutes.
[EOnDrop] Zombie Spawned [25] ZmbM_FarmerFat_Beige @ <4055.007568, 302.155090, 7906.899902> ... Lifespan:  Set to 30 minutes.
[EOnDrop] Drop spawned with 25 infected at <4070.289795, 449.005310, 7915.100586>.
[EOnDrop] Supplies have been dropped near Veresnik.
[EOnBeforeDelete] Aircraft despawned @ <-1000.581421, 241.245193, 3214.764893>
[~AirdropPlane] Aircraft destroyed.
