[InitializeContainer] Container created on 2021-03-16 @ 13-27-32
[InitializeContainer] Winds: Vector <4.110314, 0.000000, -6.907320>, Speed 8.03777mps, Strength 0.1
[AirdropContainerFall] Drop Type 'Military East', Container: 'AirdropContainer_Military', Mode/Quantity/Iems: Random/20/33, Flare:  10%
[AirdropContainerFall] Loot Spawned [1] AK_PlasticBttstck @ <4993.357422, 9.501000, 2522.726807> ... Lifespan: Set to 30 minutes.
[AirdropContainerFall] Loot Spawned [2] GorkaEJacket_Autumn @ <4991.606934, 9.501000, 2525.383057> ... Lifespan: Set to 30 minutes.
[AirdropContainerFall] Loot Spawned [3] TacticalGloves_Beige @ <4993.604492, 9.501000, 2522.106445> ... Lifespan: Set to 30 minutes.
[AirdropContainerFall] Loot Spawned [4] Binoculars @ <4995.098633, 9.501552, 2527.479736> ... Lifespan: Set to 30 minutes.
[AirdropContainerFall] Loot Spawned [5] AK_PlasticBttstck @ <4993.550293, 9.501000, 2522.464600> ... Lifespan: Set to 30 minutes.
[AirdropContainerFall] Loot Spawned [6] GorkaEJacket_Flat @ <4992.475098, 9.501000, 2525.152588> ... Lifespan: Set to 30 minutes.
[AirdropContainerFall] Loot Spawned [7] KOD_M16A4 @ <4992.408203, 9.501000, 2524.489502> ... Lifespan: Set to 30 minutes.
[AirdropContainerFall] Loot Spawned [8] AK_Bayonet @ <4992.816406, 9.501000, 2526.798096> ... Lifespan: Set to 30 minutes.
[AirdropContainerFall] Loot Spawned [9] KOD_M110_Tan @ <4997.290527, 9.504055, 2525.017578> ... Lifespan: Set to 30 minutes.
[AirdropContainerFall] Loot Spawned [10] TacticalGloves_Black @ <4992.645996, 9.501000, 2523.215820> ... Lifespan: Set to 30 minutes.
[AirdropContainerFall] Loot Spawned [11] AK_Bayonet @ <4991.992188, 9.501000, 2524.324951> ... Lifespan: Set to 30 minutes.
[AirdropContainerFall] Loot Spawned [12] KOD_M110_Tan @ <4994.165039, 9.501000, 2521.519287> ... Lifespan: Set to 30 minutes.
[AirdropContainerFall] Loot Spawned [13] UniversalLight @ <4992.476074, 9.501000, 2522.519531> ... Lifespan: Set to 30 minutes.
[AirdropContainerFall] Loot Spawned [14] AK101 @ <4991.805664, 9.501000, 2524.411865> ... Lifespan: Set to 30 minutes.
[AirdropContainerFall] Loot Spawned [15] TTsKOJacket_Camo @ <4995.955566, 9.503370, 2526.749268> ... Lifespan: Set to 30 minutes.
[AirdropContainerFall] Loot Spawned [16] GorkaPants_Flat @ <4992.676270, 9.501000, 2527.259521> ... Lifespan: Set to 30 minutes.
[AirdropContainerFall] Loot Spawned [17] AmmoBox_762x39_20Rnd @ <4992.864746, 9.501000, 2526.819092> ... Lifespan: Set to 30 minutes.
[AirdropContainerFall] Loot Spawned [18] Binoculars @ <4993.944336, 9.501000, 2521.577148> ... Lifespan: Set to 30 minutes.
[AirdropContainerFall] Loot Spawned [19] AK_RailHndgrd @ <4993.459473, 9.501000, 2525.747070> ... Lifespan: Set to 30 minutes.
[AirdropContainerFall] Loot Spawned [20] TTsKOJacket_Camo @ <4993.005859, 9.501000, 2525.229248> ... Lifespan: Set to 30 minutes.
[AirdropContainerUnstuck] Container was unstuck.
[~AirdropContainerBase] Container Destroyed on 2021-03-16 @ 13-52-32
