[InitializeContainer] Container created on 2021-04-29 @ 08-37-58
[InitializeContainer] Winds: Vector <10.334610, 0.000000, -1.835728>, Speed 10.4964mps, Strength 0.1
[AirdropContainerFall] Drop Type 'Military East', Container: 'RANDOM', Mode/Quantity/Iems: Random/20/28, Flare:  10%
[AirdropContainerFall] Loot Spawned [1] GorkaEJacket_PautRev @ <11482.565430, 34.608196, 14278.131836> ... Lifespan: Set to 60 minutes.
[AirdropContainerFall] Loot Spawned [2] TTsKOJacket_Camo @ <11484.102539, 35.654011, 14279.599609> ... Lifespan: Set to 60 minutes.
[AirdropContainerFall] Loot Spawned [3] TacticalGloves_Black @ <11484.209961, 31.336845, 14273.564453> ... Lifespan: Set to 60 minutes.
[AirdropContainerFall] Loot Spawned [4] GorkaEJacket_PautRev @ <11487.058594, 32.912224, 14275.799805> ... Lifespan: Set to 60 minutes.
[AirdropContainerFall] Loot Spawned [5] TTsKOJacket_Camo @ <11486.416016, 33.569019, 14276.709961> ... Lifespan: Set to 60 minutes.
[AirdropContainerFall] Loot Spawned [6] TacticalGloves_Black @ <11486.993164, 35.157681, 14278.907227> ... Lifespan: Set to 60 minutes.
[AirdropContainerFall] Loot Spawned [7] UniversalLight @ <11485.756836, 34.495071, 14277.992188> ... Lifespan: Set to 60 minutes.
[AirdropContainerFall] Loot Spawned [8] Canteen @ <11486.736328, 33.318031, 14276.362305> ... Lifespan: Set to 60 minutes.
[AirdropContainerFall] Loot Spawned [9] TacticalGoggles @ <11488.247070, 33.153976, 14276.131836> ... Lifespan: Set to 60 minutes.
[AirdropContainerFall] Loot Spawned [10] Mag_AKM_30Rnd @ <11485.330078, 31.075140, 14273.209961> ... Lifespan: Set to 60 minutes.
[AirdropContainerFall] Loot Spawned [11] WeaponCleaningKit @ <11486.837891, 33.465046, 14276.565430> ... Lifespan: Set to 60 minutes.
[AirdropContainerFall] Loot Spawned [12] AmmoBox_762x39_20Rnd @ <11483.398438, 33.974579, 14277.252930> ... Lifespan: Set to 60 minutes.
[AirdropContainerFall] Loot Spawned [13] GorkaEJacket_Autumn @ <11484.356445, 30.942522, 14273.012695> ... Lifespan: Set to 60 minutes.
[AirdropContainerFall] Loot Spawned [14] AmmoBox_762x39_20Rnd @ <11485.744141, 34.475868, 14277.965820> ... Lifespan: Set to 60 minutes.
[AirdropContainerFall] Loot Spawned [15] UniversalLight @ <11481.959961, 33.659271, 14276.808594> ... Lifespan: Set to 60 minutes.
[AirdropContainerFall] Loot Spawned [16] Mag_AKM_30Rnd @ <11485.584961, 31.727486, 14274.126953> ... Lifespan: Set to 60 minutes.
[AirdropContainerFall] Loot Spawned [17] CanOpener @ <11481.951172, 33.216389, 14276.187500> ... Lifespan: Set to 60 minutes.
[AirdropContainerFall] Loot Spawned [18] TacticalGloves_Beige @ <11482.279297, 32.890743, 14275.726563> ... Lifespan: Set to 60 minutes.
[AirdropContainerFall] Loot Spawned [19] AK_RailHndgrd @ <11487.432617, 33.286537, 14276.317383> ... Lifespan: Set to 60 minutes.
[AirdropContainerFall] Loot Spawned [20] CanOpener @ <11487.047852, 32.938675, 14275.835938> ... Lifespan: Set to 60 minutes.
[AirdropContainerUnstuck] Container was unstuck.
[~AirdropContainerBase] Container Destroyed on 2021-04-29 @ 09-00-29
