[AirdropPlane] Aircraft created on 2021-04-04 @ 19-33-37
[InitializeAircraft] Aircraft Initialized: Soverograd @ 8566/12755 (true)
[EOnBeforeDrop] The Aircraft is 1 Km from Soverograd. @ <8199.385742, 421.380737, 14208.242188>
[EOnDrop] Zombie Spawned [1] ZmbM_CitizenBFat_Green @ <8569.026367, 105.733482, 12831.932617> ... Lifespan:  Set to 30 minutes.
[EOnDrop] Zombie Spawned [2] ZmbF_JoggerSkinny_Blue @ <8526.833008, 106.313446, 12826.041992> ... Lifespan:  Set to 30 minutes.
[EOnDrop] Zombie Spawned [3] ZmbF_ShortSkirt_beige @ <8544.775391, 105.338478, 12803.519531> ... Lifespan:  Set to 30 minutes.
[EOnDrop] Zombie Spawned [4] ZmbM_CitizenASkinny_Blue @ <8578.664063, 108.671417, 12861.130859> ... Lifespan:  Set to 30 minutes.
[EOnDrop] Zombie Spawned [5] ZmbM_ParamedicNormal_Green @ <8538.435547, 104.910675, 12790.941406> ... Lifespan:  Set to 30 minutes.
[EOnDrop] Zombie Spawned [6] ZmbF_ShortSkirt_black @ <8540.433594, 105.485947, 12813.682617> ... Lifespan:  Set to 30 minutes.
[EOnDrop] Zombie Spawned [7] ZmbM_ParamedicNormal_Blue @ <8568.456055, 110.081345, 12870.522461> ... Lifespan:  Set to 30 minutes.
[EOnDrop] Zombie Spawned [8] ZmbM_JoggerSkinny_Blue @ <8523.878906, 105.307335, 12792.999023> ... Lifespan:  Set to 30 minutes.
[EOnDrop] Zombie Spawned [9] ZmbM_PolicemanFat @ <8511.322266, 107.223991, 12828.984375> ... Lifespan:  Set to 30 minutes.
[EOnDrop] Zombie Spawned [10] ZmbM_JoggerSkinny_Blue @ <8510.400391, 108.080605, 12839.222656> ... Lifespan:  Set to 30 minutes.
[EOnDrop] Zombie Spawned [11] ZmbM_CitizenBFat_Blue @ <8556.572266, 109.168434, 12861.365234> ... Lifespan:  Set to 30 minutes.
[EOnDrop] Zombie Spawned [12] ZmbM_JoggerSkinny_Green @ <8552.324219, 105.686264, 12825.630859> ... Lifespan:  Set to 30 minutes.
[EOnDrop] Zombie Spawned [13] ZmbF_ShortSkirt_beige @ <8535.288086, 106.581924, 12831.446289> ... Lifespan:  Set to 30 minutes.
[EOnDrop] Zombie Spawned [14] ZmbM_JoggerSkinny_Blue @ <8556.623047, 105.422775, 12815.567383> ... Lifespan:  Set to 30 minutes.
[EOnDrop] Zombie Spawned [15] ZmbM_Jacket_black @ <8563.674805, 105.466576, 12818.687500> ... Lifespan:  Set to 30 minutes.
[EOnDrop] Zombie Spawned [16] ZmbF_SkaterYoung_Brown @ <8548.430664, 104.500000, 12786.706055> ... Lifespan:  Set to 30 minutes.
[EOnDrop] Zombie Spawned [17] ZmbF_ShortSkirt_brown @ <8534.999023, 106.470245, 12830.344727> ... Lifespan:  Set to 30 minutes.
[EOnDrop] Zombie Spawned [18] ZmbF_JournalistNormal_White @ <8530.815430, 109.191521, 12857.148438> ... Lifespan:  Set to 30 minutes.
[EOnDrop] Zombie Spawned [19] ZmbM_ClerkFat_White @ <8509.583984, 107.307983, 12829.383789> ... Lifespan:  Set to 30 minutes.
[EOnDrop] Zombie Spawned [20] ZmbF_ShortSkirt_red @ <8545.759766, 104.919342, 12792.039063> ... Lifespan:  Set to 30 minutes.
[EOnDrop] Zombie Spawned [21] ZmbF_DoctorSkinny @ <8550.041992, 107.718285, 12847.669922> ... Lifespan:  Set to 30 minutes.
[EOnDrop] Zombie Spawned [22] ZmbM_PolicemanSpecForce @ <8509.625000, 106.767380, 12823.209961> ... Lifespan:  Set to 30 minutes.
[EOnDrop] Spawn failed for zombie [23] 'ZmbM_JacketNormal_greenchecks', it does not exist in DayZ!
[EOnDrop] Zombie Spawned [24] ZmbF_ShortSkirt_white @ <8540.915039, 107.676735, 12844.538086> ... Lifespan:  Set to 30 minutes.
[EOnDrop] Zombie Spawned [25] ZmbF_SkaterYoung_Striped @ <8538.727539, 108.578316, 12852.693359> ... Lifespan:  Set to 30 minutes.
[EOnDrop] Drop spawned with 25 infected at <8546.541992, 264.819580, 12831.117188>.
[EOnDrop] Supplies have been dropped near Soverograd.
[EOnBeforeDelete] Aircraft despawned @ <12034.141602, 152.000610, -1001.350403>
[~AirdropPlane] Aircraft destroyed.
