[InitializeContainer] Container created on 2021-05-05 @ 00-07-39
[InitializeContainer] Winds: Vector <11.071245, 0.000000, 5.320702>, Speed 12.2834mps, Strength 0.1
[AirdropContainerFall] Drop Type 'Medical', Container: 'RANDOM', Mode/Quantity/Iems: Random/20/33, Flare:  10%
[AirdropContainerFall] Spawn failed for item [1] 'MedicalScrubShirt_White', does not exist in DayZ!
[AirdropContainerFall] Loot Spawned [2] Heatpack @ <12135.358398, 140.001007, 12570.901367> ... Lifespan: Set to 60 minutes.
[AirdropContainerFall] Loot Spawned [3] Morphine @ <12130.991211, 140.001007, 12566.279297> ... Lifespan: Set to 60 minutes.
[AirdropContainerFall] Loot Spawned [4] BloodBagIV @ <12130.300781, 140.001007, 12566.897461> ... Lifespan: Set to 60 minutes.
[AirdropContainerFall] Loot Spawned [5] PainkillerTablets @ <12135.909180, 140.001007, 12566.663086> ... Lifespan: Set to 60 minutes.
[AirdropContainerFall] Spawn failed for item [6] 'MedicalScrubShirt_White', does not exist in DayZ!
[AirdropContainerFall] Loot Spawned [7] DisinfectantSpray @ <12134.140625, 140.001007, 12571.500977> ... Lifespan: Set to 60 minutes.
[AirdropContainerFall] Loot Spawned [8] BandageDressing @ <12132.837891, 140.001007, 12571.867188> ... Lifespan: Set to 60 minutes.
[AirdropContainerFall] Spawn failed for item [9] 'CharcolaTablets', does not exist in DayZ!
[AirdropContainerFall] Loot Spawned [10] SurgicalGloves_Blue @ <12131.843750, 140.001007, 12571.280273> ... Lifespan: Set to 60 minutes.
[AirdropContainerFall] Loot Spawned [11] MedicalScrubsHat_White @ <12133.108398, 140.001007, 12570.646484> ... Lifespan: Set to 60 minutes.
[AirdropContainerFall] Loot Spawned [12] DisinfectantSpray @ <12134.888672, 140.001007, 12565.659180> ... Lifespan: Set to 60 minutes.
[AirdropContainerFall] Loot Spawned [13] SurgicalGloves_LightBlue @ <12132.870117, 140.001007, 12571.738281> ... Lifespan: Set to 60 minutes.
[AirdropContainerFall] Loot Spawned [14] SurgicalMask @ <12130.182617, 140.001007, 12569.103516> ... Lifespan: Set to 60 minutes.
[AirdropContainerFall] Loot Spawned [15] SurgicalMask @ <12135.219727, 140.001007, 12569.951172> ... Lifespan: Set to 60 minutes.
[AirdropContainerFall] Loot Spawned [16] MedicalScrubsPants_White @ <12129.981445, 140.001007, 12568.270508> ... Lifespan: Set to 60 minutes.
[AirdropContainerFall] Loot Spawned [17] MedicalScrubsPants_White @ <12133.592773, 140.001007, 12571.048828> ... Lifespan: Set to 60 minutes.
[AirdropContainerFall] Spawn failed for item [18] 'MedicalScrubShirt_White', does not exist in DayZ!
[AirdropContainerFall] Loot Spawned [19] SurgicalGloves_Blue @ <12135.811523, 140.001007, 12569.948242> ... Lifespan: Set to 60 minutes.
[AirdropContainerFall] Loot Spawned [20] MedicalScrubsShirt_Blue @ <12130.854492, 140.001007, 12570.346680> ... Lifespan: Set to 60 minutes.
[AirdropContainerUnstuck] Container was unstuck.
[~AirdropContainerBase] Container Destroyed on 2021-05-05 @ 00-37-39
