[AirdropPlane] Aircraft created on 2021-04-22 @ 07-25-33
[InitializeAircraft] Aircraft Initialized: Krasnostav Airstrip @ 12160/12645 (true)
[EOnBeforeDrop] The Aircraft is 1 Km from Krasnostav Airstrip. @ <12645.929688, 229.360245, 11226.558594>
[EOnDrop] Zombie Spawned [1] ZmbM_SoldierNormal @ <12207.283203, 140.500000, 12547.424805> ... Lifespan:  Set to 30 minutes.
[EOnDrop] Zombie Spawned [2] ZmbM_PatrolNormal_PautRev @ <12185.246094, 140.500000, 12519.841797> ... Lifespan:  Set to 30 minutes.
[EOnDrop] Zombie Spawned [3] ZmbM_PatrolNormal_PautRev @ <12172.458984, 140.500000, 12553.005859> ... Lifespan:  Set to 30 minutes.
[EOnDrop] Zombie Spawned [4] ZmbM_SoldierNormal @ <12235.980469, 140.500000, 12559.610352> ... Lifespan:  Set to 30 minutes.
[EOnDrop] Zombie Spawned [5] ZmbM_PatrolNormal_Summer @ <12193.450195, 140.500000, 12520.568359> ... Lifespan:  Set to 30 minutes.
[EOnDrop] Zombie Spawned [6] ZmbM_PatrolNormal_Flat @ <12216.148438, 140.500000, 12561.578125> ... Lifespan:  Set to 30 minutes.
[EOnDrop] Zombie Spawned [7] ZmbM_PatrolNormal_Flat @ <12180.818359, 140.500000, 12579.555664> ... Lifespan:  Set to 30 minutes.
[EOnDrop] Zombie Spawned [8] ZmbM_PatrolNormal_Summer @ <12218.277344, 140.500000, 12596.491211> ... Lifespan:  Set to 30 minutes.
[EOnDrop] Zombie Spawned [9] ZmbM_PatrolNormal_Summer @ <12173.421875, 140.500000, 12582.940430> ... Lifespan:  Set to 30 minutes.
[EOnDrop] Zombie Spawned [10] ZmbM_PatrolNormal_Summer @ <12198.597656, 140.500000, 12539.319336> ... Lifespan:  Set to 30 minutes.
[EOnDrop] Zombie Spawned [11] ZmbM_PatrolNormal_Summer @ <12162.426758, 140.500000, 12562.299805> ... Lifespan:  Set to 30 minutes.
[EOnDrop] Zombie Spawned [12] ZmbM_PatrolNormal_Autumn @ <12198.914063, 140.500000, 12591.482422> ... Lifespan:  Set to 30 minutes.
[EOnDrop] Zombie Spawned [13] ZmbM_PatrolNormal_PautRev @ <12200.168945, 140.500000, 12605.725586> ... Lifespan:  Set to 30 minutes.
[EOnDrop] Zombie Spawned [14] ZmbM_SoldierNormal @ <12156.581055, 140.500000, 12523.464844> ... Lifespan:  Set to 30 minutes.
[EOnDrop] Zombie Spawned [15] ZmbM_PatrolNormal_Autumn @ <12158.109375, 140.500000, 12553.264648> ... Lifespan:  Set to 30 minutes.
[EOnDrop] Zombie Spawned [16] ZmbM_PatrolNormal_Summer @ <12170.760742, 140.500000, 12559.288086> ... Lifespan:  Set to 30 minutes.
[EOnDrop] Zombie Spawned [17] ZmbM_SoldierNormal @ <12192.606445, 140.500000, 12566.358398> ... Lifespan:  Set to 30 minutes.
[EOnDrop] Zombie Spawned [18] ZmbM_PatrolNormal_Flat @ <12177.009766, 140.500000, 12545.856445> ... Lifespan:  Set to 30 minutes.
[EOnDrop] Zombie Spawned [19] ZmbM_PatrolNormal_PautRev @ <12187.410156, 140.500000, 12570.914063> ... Lifespan:  Set to 30 minutes.
[EOnDrop] Zombie Spawned [20] ZmbM_PatrolNormal_Autumn @ <12192.434570, 140.500000, 12548.047852> ... Lifespan:  Set to 30 minutes.
[EOnDrop] Drop spawned with 20 infected at <12187.000000, 277.076508, 12561.886719>.
[EOnDrop] Supplies have been dropped near Krasnostav Airstrip.
[EOnBeforeDelete] Aircraft despawned @ <10881.056641, 305.671143, 16361.734375>
[~AirdropPlane] Aircraft destroyed.
