[InitializeContainer] Container created on 2021-04-18 @ 04-54-32
[InitializeContainer] Winds: Vector <10.981717, 0.000000, -0.069246>, Speed 10.9819mps, Strength 0.1
[AirdropContainerFall] Drop Type 'Misc. Tools', Container: 'RANDOM', Mode/Quantity/Iems: Random/30/54, Flare:  10%
[AirdropContainerFall] Loot Spawned [1] Machete @ <9961.109375, 58.671799, 2459.750977> ... Lifespan: Set to 30 minutes.
[AirdropContainerFall] Loot Spawned [2] CanOpener @ <9963.384766, 57.788296, 2456.329590> ... Lifespan: Set to 30 minutes.
[AirdropContainerFall] Loot Spawned [3] KOD_DVL10 @ <9960.008789, 58.659119, 2457.583740> ... Lifespan: Set to 30 minutes.
[AirdropContainerFall] Loot Spawned [4] Chemlight_Green @ <9960.960938, 58.635292, 2459.083496> ... Lifespan: Set to 30 minutes.
[AirdropContainerFall] Loot Spawned [5] Chemlight_Green @ <9963.675781, 58.063156, 2459.529541> ... Lifespan: Set to 30 minutes.
[AirdropContainerFall] Loot Spawned [6] Whetstone @ <9964.007813, 57.707134, 2456.866943> ... Lifespan: Set to 30 minutes.
[AirdropContainerFall] Loot Spawned [7] Pliers @ <9960.989258, 58.181736, 2455.348877> ... Lifespan: Set to 30 minutes.
[AirdropContainerFall] Loot Spawned [8] Lockpick @ <9962.406250, 58.565437, 2461.457275> ... Lifespan: Set to 30 minutes.
[AirdropContainerFall] Loot Spawned [9] SledgeHammer @ <9960.662109, 58.283047, 2455.612061> ... Lifespan: Set to 30 minutes.
[AirdropContainerFall] Loot Spawned [10] Heatpack @ <9959.965820, 58.633770, 2457.293701> ... Lifespan: Set to 30 minutes.
[AirdropContainerFall] Loot Spawned [11] Headtorch_Grey @ <9962.208984, 57.955528, 2455.631592> ... Lifespan: Set to 30 minutes.
[AirdropContainerFall] Loot Spawned [12] Chemlight_White @ <9962.249023, 58.451584, 2460.120117> ... Lifespan: Set to 30 minutes.
[AirdropContainerFall] Loot Spawned [13] Machete @ <9960.623047, 58.416031, 2456.650146> ... Lifespan: Set to 30 minutes.
[AirdropContainerFall] Loot Spawned [14] SledgeHammer @ <9962.558594, 58.358219, 2459.911133> ... Lifespan: Set to 30 minutes.
[AirdropContainerFall] Loot Spawned [15] BaseRadio @ <9965.547852, 57.498734, 2458.221680> ... Lifespan: Set to 30 minutes.
[AirdropContainerFall] Loot Spawned [16] Binoculars @ <9964.000977, 57.534981, 2455.313965> ... Lifespan: Set to 30 minutes.
[AirdropContainerFall] Loot Spawned [17] Spotlight @ <9964.774414, 57.580357, 2457.323975> ... Lifespan: Set to 30 minutes.
[AirdropContainerFall] Loot Spawned [18] Lockpick @ <9960.394531, 58.934372, 2460.656494> ... Lifespan: Set to 30 minutes.
[AirdropContainerFall] Loot Spawned [19] CombatKnife @ <9964.045898, 57.736122, 2457.225342> ... Lifespan: Set to 30 minutes.
[AirdropContainerFall] Loot Spawned [20] SteakKnife @ <9964.254883, 57.960381, 2459.806152> ... Lifespan: Set to 30 minutes.
[AirdropContainerFall] Loot Spawned [21] BatteryCharger @ <9963.197266, 58.164444, 2459.454590> ... Lifespan: Set to 30 minutes.
[AirdropContainerFall] Loot Spawned [22] KOD_M16A4 @ <9962.980469, 57.771046, 2455.466309> ... Lifespan: Set to 30 minutes.
[AirdropContainerFall] Loot Spawned [23] Matchbox @ <9960.815430, 58.366749, 2456.581299> ... Lifespan: Set to 30 minutes.
[AirdropContainerFall] Loot Spawned [24] Crowbar @ <9964.026367, 57.813595, 2457.917236> ... Lifespan: Set to 30 minutes.
[AirdropContainerFall] Loot Spawned [25] Megaphone @ <9963.275391, 58.170979, 2459.685059> ... Lifespan: Set to 30 minutes.
[AirdropContainerFall] Loot Spawned [26] CableReel @ <9961.373047, 58.236843, 2456.489990> ... Lifespan: Set to 30 minutes.
[AirdropContainerFall] Loot Spawned [27] Flashlight @ <9961.540039, 58.645241, 2460.406494> ... Lifespan: Set to 30 minutes.
[AirdropContainerFall] Loot Spawned [28] Headtorch_Black @ <9961.723633, 58.565762, 2460.069580> ... Lifespan: Set to 30 minutes.
[AirdropContainerFall] Loot Spawned [29] Pickaxe @ <9960.935547, 58.727566, 2459.904053> ... Lifespan: Set to 30 minutes.
[AirdropContainerFall] Loot Spawned [30] Screwdriver @ <9961.598633, 58.080990, 2455.593262> ... Lifespan: Set to 30 minutes.
[AirdropContainerUnstuck] Container was unstuck.
