[InitializeContainer] Container created on 2021-03-19 @ 17-50-25
[InitializeContainer] Winds: Vector <2.083011, 0.000000, -7.023575>, Speed 7.32595mps, Strength 0.1
[AirdropContainerFall] Drop Type 'Military East', Container: 'AirdropContainer_Military', Mode/Quantity/Iems: Random/20/33, Flare:  10%
[AirdropContainerFall] Loot Spawned [1] AK_Bayonet @ <3117.254883, 206.341080, 12927.313477> ... Lifespan: Set to 30 minutes.
[AirdropContainerFall] Loot Spawned [2] GorkaEJacket_Summer @ <3118.346924, 206.305939, 12927.604492> ... Lifespan: Set to 30 minutes.
[AirdropContainerFall] Loot Spawned [3] GorkaPants_Summer @ <3118.597412, 206.308960, 12928.857422> ... Lifespan: Set to 30 minutes.
[AirdropContainerFall] Loot Spawned [4] GorkaPants_Autumn @ <3118.902344, 206.314728, 12931.063477> ... Lifespan: Set to 30 minutes.
[AirdropContainerFall] Loot Spawned [5] AK101 @ <3117.310547, 206.371826, 12931.420898> ... Lifespan: Set to 30 minutes.
[AirdropContainerFall] Loot Spawned [6] GorkaEJacket_Summer @ <3117.866699, 206.344177, 12929.917969> ... Lifespan: Set to 30 minutes.
[AirdropContainerFall] Loot Spawned [7] AK_RailHndgrd @ <3118.837158, 206.307831, 12929.626953> ... Lifespan: Set to 30 minutes.
[AirdropContainerFall] Loot Spawned [8] WeaponCleaningKit @ <3117.859131, 206.352432, 12931.352539> ... Lifespan: Set to 30 minutes.
[AirdropContainerFall] Loot Spawned [9] AK_RailHndgrd @ <3114.613281, 206.445663, 12928.708008> ... Lifespan: Set to 30 minutes.
[AirdropContainerFall] Loot Spawned [10] AmmoBox_762x39_20Rnd @ <3113.225586, 206.507355, 12930.281250> ... Lifespan: Set to 30 minutes.
[AirdropContainerFall] Loot Spawned [11] Battery9V @ <3115.941406, 206.392197, 12927.912109> ... Lifespan: Set to 30 minutes.
[AirdropContainerFall] Loot Spawned [12] GorkaPants_Autumn @ <3117.200684, 206.374802, 12931.265625> ... Lifespan: Set to 30 minutes.
[AirdropContainerFall] Loot Spawned [13] KOD_M16A4 @ <3118.544434, 206.309204, 12928.686523> ... Lifespan: Set to 30 minutes.
[AirdropContainerFall] Loot Spawned [14] GorkaPants_Autumn @ <3117.550781, 206.366577, 12931.998047> ... Lifespan: Set to 30 minutes.
[AirdropContainerFall] Loot Spawned [15] AK_Bayonet @ <3116.323975, 206.363876, 12926.297852> ... Lifespan: Set to 30 minutes.
[AirdropContainerFall] Loot Spawned [16] AK101 @ <3117.500000, 206.369644, 12932.245117> ... Lifespan: Set to 30 minutes.
[AirdropContainerFall] Loot Spawned [17] GorkaEJacket_Summer @ <3118.530762, 206.316376, 12929.406250> ... Lifespan: Set to 30 minutes.
[AirdropContainerFall] Loot Spawned [18] GorkaPants_Flat @ <3118.448730, 206.308304, 12928.235352> ... Lifespan: Set to 30 minutes.
[AirdropContainerFall] Loot Spawned [19] GorkaEJacket_PautRev @ <3114.611816, 206.460785, 12930.558594> ... Lifespan: Set to 30 minutes.
[AirdropContainerFall] Loot Spawned [20] UniversalLight @ <3118.442383, 206.333328, 12932.262695> ... Lifespan: Set to 30 minutes.
[AirdropContainerUnstuck] Container was unstuck.
