[InitializeContainer] Container created on 2021-04-21 @ 09-28-23
[InitializeContainer] Winds: Vector <6.580252, 0.000000, -5.974761>, Speed 8.88805mps, Strength 0.1
[AirdropContainerFall] Drop Type 'Misc. Food', Container: 'RANDOM', Mode/Quantity/Iems: Random/29/30, Flare:  10%
[AirdropContainerFall] Loot Spawned [1] SodaCan_Pipsi @ <3929.735840, 295.993500, 7786.730469> ... Lifespan: Set to 30 minutes.
[AirdropContainerFall] Loot Spawned [2] SambucusBerry @ <3929.297607, 295.844360, 7782.310059> ... Lifespan: Set to 30 minutes.
[AirdropContainerFall] Loot Spawned [3] CaninaBerry @ <3929.416504, 295.916870, 7784.434570> ... Lifespan: Set to 30 minutes.
[AirdropContainerFall] Loot Spawned [4] Pumpkin @ <3930.946777, 296.016724, 7787.654785> ... Lifespan: Set to 30 minutes.
[AirdropContainerFall] Loot Spawned [5] BakedBeansCan @ <3928.887695, 295.950867, 7785.273438> ... Lifespan: Set to 30 minutes.
[AirdropContainerFall] Loot Spawned [6] WaterBottle @ <3932.876465, 295.919678, 7785.226074> ... Lifespan: Set to 30 minutes.
[AirdropContainerFall] Loot Spawned [7] PeachesCan @ <3928.617920, 295.932343, 7784.665527> ... Lifespan: Set to 30 minutes.
[AirdropContainerFall] Loot Spawned [8] SodaCan_Pipsi @ <3933.984131, 295.858215, 7783.665527> ... Lifespan: Set to 30 minutes.
[AirdropContainerFall] Loot Spawned [9] KOD_M16A4 @ <3928.532715, 295.966248, 7785.621582> ... Lifespan: Set to 30 minutes.
[AirdropContainerFall] Loot Spawned [10] Pumpkin @ <3930.273682, 295.815948, 7781.732910> ... Lifespan: Set to 30 minutes.
[AirdropContainerFall] Loot Spawned [11] SodaCan_Pipsi @ <3928.683105, 295.928467, 7784.571289> ... Lifespan: Set to 30 minutes.
[AirdropContainerFall] Loot Spawned [12] Pumpkin @ <3933.886475, 295.962616, 7786.658691> ... Lifespan: Set to 30 minutes.
[AirdropContainerFall] Loot Spawned [13] CaninaBerry @ <3932.964844, 295.982117, 7787.044434> ... Lifespan: Set to 30 minutes.
[AirdropContainerFall] Loot Spawned [14] KOD_DVL10 @ <3930.182373, 295.877899, 7783.502441> ... Lifespan: Set to 30 minutes.
[AirdropContainerFall] Loot Spawned [15] SambucusBerry @ <3931.712158, 295.970062, 7786.455078> ... Lifespan: Set to 30 minutes.
[AirdropContainerFall] Loot Spawned [16] SodaCan_Spite @ <3931.106445, 295.837128, 7782.504395> ... Lifespan: Set to 30 minutes.
[AirdropContainerFall] Loot Spawned [17] Potato @ <3934.394775, 295.907623, 7785.170410> ... Lifespan: Set to 30 minutes.
[AirdropContainerFall] Loot Spawned [18] PowderedMilk @ <3929.421631, 295.971008, 7785.997070> ... Lifespan: Set to 30 minutes.
[AirdropContainerFall] Loot Spawned [19] BakedBeansCan @ <3931.964600, 295.866333, 7783.511719> ... Lifespan: Set to 30 minutes.
[AirdropContainerFall] Loot Spawned [20] SodaCan_Spite @ <3933.804688, 295.973389, 7786.954102> ... Lifespan: Set to 30 minutes.
[AirdropContainerFall] Loot Spawned [21] Pumpkin @ <3931.546631, 295.982361, 7786.778320> ... Lifespan: Set to 30 minutes.
[AirdropContainerFall] Loot Spawned [22] SardinesCan @ <3933.289551, 295.904175, 7784.858398> ... Lifespan: Set to 30 minutes.
[AirdropContainerFall] Loot Spawned [23] Apple @ <3932.429932, 295.869049, 7783.680664> ... Lifespan: Set to 30 minutes.
[AirdropContainerFall] Loot Spawned [24] PowderedMilk @ <3929.456787, 295.849335, 7782.496094> ... Lifespan: Set to 30 minutes.
[AirdropContainerFall] Loot Spawned [25] SambucusBerry @ <3929.309082, 295.893555, 7783.732422> ... Lifespan: Set to 30 minutes.
[AirdropContainerFall] Loot Spawned [26] Pear @ <3929.862793, 295.873657, 7783.308105> ... Lifespan: Set to 30 minutes.
[AirdropContainerFall] Loot Spawned [27] Rice @ <3929.667969, 295.826569, 7781.895996> ... Lifespan: Set to 30 minutes.
[AirdropContainerFall] Loot Spawned [28] TacticalBaconCan @ <3929.756104, 295.973999, 7786.174805> ... Lifespan: Set to 30 minutes.
[AirdropContainerFall] Loot Spawned [29] TacticalBaconCan @ <3934.017334, 295.942383, 7786.100098> ... Lifespan: Set to 30 minutes.
[AirdropContainerUnstuck] Container was unstuck.
[~AirdropContainerBase] Container Destroyed on 2021-04-21 @ 09-53-22
