[AirdropPlane] Aircraft created on 2021-03-16 @ 22-27-23
[InitializeAircraft] Aircraft Initialized: Krasnostav Airstrip @ 12160/12645 (true)
[EOnBeforeDrop] The Aircraft is 1 Km from Krasnostav Airstrip. @ <11023.927734, 338.855225, 13623.000000>
[EOnDrop] Zombie Spawned [1] ZmbM_PatrolNormal_Flat @ <12116.942383, 140.500000, 12716.970703> ... Lifespan:  Set to 30 minutes.
[EOnDrop] Zombie Spawned [2] ZmbM_SoldierNormal @ <12114.496094, 140.500000, 12659.662109> ... Lifespan:  Set to 30 minutes.
[EOnDrop] Zombie Spawned [3] ZmbM_SoldierNormal @ <12138.030273, 140.500000, 12693.366211> ... Lifespan:  Set to 30 minutes.
[EOnDrop] Zombie Spawned [4] ZmbM_SoldierNormal @ <12112.818359, 140.500000, 12700.720703> ... Lifespan:  Set to 30 minutes.
[EOnDrop] Zombie Spawned [5] ZmbM_PatrolNormal_Summer @ <12136.402344, 140.500000, 12728.698242> ... Lifespan:  Set to 30 minutes.
[EOnDrop] Zombie Spawned [6] ZmbM_PatrolNormal_Flat @ <12096.267578, 140.500000, 12691.009766> ... Lifespan:  Set to 30 minutes.
[EOnDrop] Zombie Spawned [7] ZmbM_SoldierNormal @ <12146.166016, 140.500000, 12699.023438> ... Lifespan:  Set to 30 minutes.
[EOnDrop] Zombie Spawned [8] ZmbM_PatrolNormal_Autumn @ <12140.313477, 140.500000, 12686.139648> ... Lifespan:  Set to 30 minutes.
[EOnDrop] Zombie Spawned [9] ZmbM_PatrolNormal_Autumn @ <12112.250977, 140.500000, 12695.857422> ... Lifespan:  Set to 30 minutes.
[EOnDrop] Zombie Spawned [10] ZmbM_PatrolNormal_Autumn @ <12069.859375, 140.500000, 12732.466797> ... Lifespan:  Set to 30 minutes.
[EOnDrop] Zombie Spawned [11] ZmbM_PatrolNormal_Autumn @ <12123.492188, 140.500000, 12686.013672> ... Lifespan:  Set to 30 minutes.
[EOnDrop] Zombie Spawned [12] ZmbM_PatrolNormal_Autumn @ <12107.746094, 140.500000, 12648.664063> ... Lifespan:  Set to 30 minutes.
[EOnDrop] Zombie Spawned [13] ZmbM_PatrolNormal_Autumn @ <12064.372070, 140.500000, 12716.722656> ... Lifespan:  Set to 30 minutes.
[EOnDrop] Zombie Spawned [14] ZmbM_PatrolNormal_PautRev @ <12074.328125, 140.500000, 12729.500000> ... Lifespan:  Set to 30 minutes.
[EOnDrop] Zombie Spawned [15] ZmbM_PatrolNormal_Summer @ <12099.420898, 140.500000, 12682.836914> ... Lifespan:  Set to 30 minutes.
[EOnDrop] Zombie Spawned [16] ZmbM_SoldierNormal @ <12103.389648, 140.500000, 12684.141602> ... Lifespan:  Set to 30 minutes.
[EOnDrop] Zombie Spawned [17] ZmbM_SoldierNormal @ <12106.060547, 140.500000, 12719.027344> ... Lifespan:  Set to 30 minutes.
[EOnDrop] Zombie Spawned [18] ZmbM_PatrolNormal_Autumn @ <12110.762695, 140.500000, 12687.488281> ... Lifespan:  Set to 30 minutes.
[EOnDrop] Zombie Spawned [19] ZmbM_SoldierNormal @ <12088.166016, 140.500000, 12685.231445> ... Lifespan:  Set to 30 minutes.
[EOnDrop] Zombie Spawned [20] ZmbM_PatrolNormal_Flat @ <12097.212891, 140.500000, 12733.029297> ... Lifespan:  Set to 30 minutes.
[EOnDrop] Drop spawned with 20 infected at <12102.078125, 283.836670, 12695.992188>.
[EOnDrop] Supplies have been dropped near Krasnostav Airstrip.
[EOnBeforeDelete] Aircraft despawned @ <16360.552734, 152.000610, 9034.500000>
[~AirdropPlane] Aircraft destroyed.
