[InitializeContainer] Container created on 2021-04-09 @ 11-09-55
[InitializeContainer] Winds: Vector <7.356462, 0.000000, -5.471291>, Speed 9.16802mps, Strength 0.1
[AirdropContainerFall] Drop Type 'Military East', Container: 'AirdropContainer_Military', Mode/Quantity/Iems: Random/20/33, Flare:  10%
[AirdropContainerFall] Loot Spawned [1] AK_Suppressor @ <6565.788574, 312.198486, 7881.330566> ... Lifespan: Set to 30 minutes.
[AirdropContainerFall] Loot Spawned [2] GorkaPants_Summer @ <6560.766113, 312.379669, 7883.114258> ... Lifespan: Set to 30 minutes.
[AirdropContainerFall] Loot Spawned [3] Canteen @ <6564.258789, 312.244690, 7881.812500> ... Lifespan: Set to 30 minutes.
[AirdropContainerFall] Loot Spawned [4] AK101 @ <6563.714355, 312.247345, 7881.846680> ... Lifespan: Set to 30 minutes.
[AirdropContainerFall] Loot Spawned [5] CanOpener @ <6560.782715, 312.418213, 7883.470703> ... Lifespan: Set to 30 minutes.
[AirdropContainerFall] Loot Spawned [6] Binoculars @ <6563.417480, 312.062225, 7880.098145> ... Lifespan: Set to 30 minutes.
[AirdropContainerFall] Loot Spawned [7] UniversalLight @ <6560.132813, 312.302155, 7882.386719> ... Lifespan: Set to 30 minutes.
[AirdropContainerFall] Loot Spawned [8] Binoculars @ <6561.831055, 312.512390, 7884.341309> ... Lifespan: Set to 30 minutes.
[AirdropContainerFall] Loot Spawned [9] Mag_AKM_30Rnd @ <6565.938477, 312.514374, 7884.317871> ... Lifespan: Set to 30 minutes.
[AirdropContainerFall] Loot Spawned [10] UniversalLight @ <6561.523438, 312.184204, 7881.298828> ... Lifespan: Set to 30 minutes.
[AirdropContainerFall] Loot Spawned [11] GorkaPants_Summer @ <6560.529297, 312.243317, 7881.840332> ... Lifespan: Set to 30 minutes.
[AirdropContainerFall] Loot Spawned [12] WeaponCleaningKit @ <6561.509766, 312.272095, 7882.122559> ... Lifespan: Set to 30 minutes.
[AirdropContainerFall] Loot Spawned [13] AK_Bayonet @ <6561.052734, 312.130707, 7880.791504> ... Lifespan: Set to 30 minutes.
[AirdropContainerFall] Loot Spawned [14] GorkaPants_PautRev @ <6564.325195, 312.250641, 7881.871582> ... Lifespan: Set to 30 minutes.
[AirdropContainerFall] Loot Spawned [15] GorkaPants_Flat @ <6563.127441, 312.586487, 7885.012207> ... Lifespan: Set to 30 minutes.
[AirdropContainerFall] Loot Spawned [16] GorkaPants_Summer @ <6563.507813, 312.249359, 7881.869629> ... Lifespan: Set to 30 minutes.
[AirdropContainerFall] Loot Spawned [17] GorkaPants_Flat @ <6565.407715, 312.587860, 7884.996094> ... Lifespan: Set to 30 minutes.
[AirdropContainerFall] Loot Spawned [18] GorkaPants_Autumn @ <6561.009766, 312.246490, 7881.876465> ... Lifespan: Set to 30 minutes.
[AirdropContainerFall] Loot Spawned [19] TacticalGloves_Beige @ <6564.606445, 312.527924, 7884.458008> ... Lifespan: Set to 30 minutes.
[AirdropContainerFall] Loot Spawned [20] AK101 @ <6560.838867, 312.663361, 7885.722168> ... Lifespan: Set to 30 minutes.
[AirdropContainerUnstuck] Container was unstuck.
[~AirdropContainerBase] Container Destroyed on 2021-04-09 @ 11-34-55
