[InitializeContainer] Container created on 2021-03-14 @ 20-35-06
[InitializeContainer] Winds: Vector <9.534640, 0.000000, -3.225566>, Speed 10.0655mps, Strength 0.1
[AirdropContainerFall] Drop Type 'Military West', Container: 'AirdropContainer_Military', Mode/Quantity/Iems: Random/20/46, Flare:  10%
[AirdropContainerFall] Loot Spawned [1] Binoculars @ <8768.770508, 382.731293, 9127.250000> ... Lifespan: Set to 60 minutes.
[AirdropContainerFall] Loot Spawned [2] AK101 @ <8769.611328, 382.710999, 9126.960938> ... Lifespan: Set to 60 minutes.
[AirdropContainerFall] Loot Spawned [3] KOD_M16A4 @ <8766.913086, 382.594116, 9123.598633> ... Lifespan: Set to 60 minutes.
[AirdropContainerFall] Loot Spawned [4] Battery9V @ <8765.422852, 382.873932, 9125.253906> ... Lifespan: Set to 60 minutes.
[AirdropContainerFall] Loot Spawned [5] TacticalBaconCan @ <8764.374023, 383.099548, 9126.905273> ... Lifespan: Set to 60 minutes.
[AirdropContainerFall] Loot Spawned [6] UKAssVest_Black @ <8767.389648, 382.801178, 9128.192383> ... Lifespan: Set to 60 minutes.
[AirdropContainerFall] Loot Spawned [7] Binoculars @ <8767.337891, 382.475159, 9122.459961> ... Lifespan: Set to 60 minutes.
[AirdropContainerFall] Loot Spawned [8] TacticalGloves_Green @ <8766.602539, 382.624207, 9123.462891> ... Lifespan: Set to 60 minutes.
[AirdropContainerFall] Loot Spawned [9] AssaultBag_Ttsko @ <8764.225586, 382.902985, 9123.235352> ... Lifespan: Set to 60 minutes.
[AirdropContainerFall] Loot Spawned [10] TacticalGoggles @ <8767.940430, 382.514954, 9123.505859> ... Lifespan: Set to 60 minutes.
[AirdropContainerFall] Loot Spawned [11] AmmoBox_45ACP_25Rnd @ <8766.452148, 382.841583, 9126.854492> ... Lifespan: Set to 60 minutes.
[AirdropContainerFall] Loot Spawned [12] Mag_FNX45_15Rnd @ <8765.256836, 383.008789, 9127.204102> ... Lifespan: Set to 60 minutes.
[AirdropContainerFall] Loot Spawned [13] Mag_FNX45_15Rnd @ <8766.142578, 382.866058, 9126.624023> ... Lifespan: Set to 60 minutes.
[AirdropContainerFall] Loot Spawned [14] Mag_STANAG_30Rnd @ <8768.562500, 382.586273, 9124.763672> ... Lifespan: Set to 60 minutes.
[AirdropContainerFall] Loot Spawned [15] M4_Suppressor @ <8767.222656, 382.766296, 9127.182617> ... Lifespan: Set to 60 minutes.
[AirdropContainerFall] Loot Spawned [16] M4_RISHndgrd @ <8770.051758, 382.617828, 9125.403320> ... Lifespan: Set to 60 minutes.
[AirdropContainerFall] Loot Spawned [17] CanOpener @ <8766.748047, 382.562408, 9122.713867> ... Lifespan: Set to 60 minutes.
[AirdropContainerFall] Loot Spawned [18] AK101 @ <8768.753906, 382.655884, 9125.962891> ... Lifespan: Set to 60 minutes.
[AirdropContainerFall] Loot Spawned [19] TacticalGloves_Beige @ <8767.446289, 382.497559, 9123.069336> ... Lifespan: Set to 60 minutes.
[AirdropContainerFall] Loot Spawned [20] AssaultBag_Green @ <8766.735352, 382.822266, 9127.116211> ... Lifespan: Set to 60 minutes.
[AirdropContainerUnstuck] Container was unstuck.
[~AirdropContainerBase] Container Destroyed on 2021-03-14 @ 21-00-06
