[InitializeContainer] Container created on 2021-04-14 @ 19-35-58
[InitializeContainer] Winds: Vector <1.957381, 0.000000, -7.011786>, Speed 7.27987mps, Strength 0.1
[AirdropContainerFall] Drop Type 'Misc. Tools', Container: 'RANDOM', Mode/Quantity/Iems: Random/30/54, Flare:  10%
[AirdropContainerFall] Loot Spawned [1] Flashlight @ <13480.888672, 10.752397, 3049.853027> ... Lifespan: Set to 30 minutes.
[AirdropContainerFall] Loot Spawned [2] PersonalRadio @ <13481.481445, 10.990914, 3050.249756> ... Lifespan: Set to 30 minutes.
[AirdropContainerFall] Loot Spawned [3] OrienteeringCompass @ <13482.101563, 10.545465, 3045.654785> ... Lifespan: Set to 30 minutes.
[AirdropContainerFall] Loot Spawned [4] KitchenKnife @ <13480.341797, 10.280415, 3047.668701> ... Lifespan: Set to 30 minutes.
[AirdropContainerFall] Loot Spawned [5] PortableGasLamp @ <13480.631836, 10.175062, 3046.261475> ... Lifespan: Set to 30 minutes.
[AirdropContainerFall] Loot Spawned [6] SewingKit @ <13485.356445, 11.860559, 3047.689209> ... Lifespan: Set to 30 minutes.
[AirdropContainerFall] Loot Spawned [7] Chemlight_Yellow @ <13480.131836, 9.988190, 3046.031006> ... Lifespan: Set to 30 minutes.
[AirdropContainerFall] Loot Spawned [8] Matchbox @ <13484.455078, 11.342708, 3046.153076> ... Lifespan: Set to 30 minutes.
[AirdropContainerFall] Loot Spawned [9] KitchenKnife @ <13484.000977, 11.691104, 3049.678711> ... Lifespan: Set to 30 minutes.
[AirdropContainerFall] Loot Spawned [10] Pliers @ <13480.197266, 10.320504, 3048.280518> ... Lifespan: Set to 30 minutes.
[AirdropContainerFall] Loot Spawned [11] Shovel @ <13484.557617, 11.689555, 3048.425781> ... Lifespan: Set to 30 minutes.
[AirdropContainerFall] Loot Spawned [12] KOD_M16A4 @ <13484.706055, 11.358669, 3045.708740> ... Lifespan: Set to 30 minutes.
[AirdropContainerFall] Loot Spawned [13] HuntingKnife @ <13484.941406, 11.665111, 3047.393799> ... Lifespan: Set to 30 minutes.
[AirdropContainerFall] Loot Spawned [14] Battery9V @ <13481.424805, 10.730876, 3048.500977> ... Lifespan: Set to 30 minutes.
[AirdropContainerFall] Loot Spawned [15] Spotlight @ <13484.406250, 11.246450, 3045.569336> ... Lifespan: Set to 30 minutes.
[AirdropContainerFall] Loot Spawned [16] KOD_DVL10 @ <13481.116211, 10.251181, 3045.729980> ... Lifespan: Set to 30 minutes.
[AirdropContainerFall] Loot Spawned [17] SewingKit @ <13483.342773, 10.872709, 3045.245117> ... Lifespan: Set to 30 minutes.
[AirdropContainerFall] Loot Spawned [18] CableReel @ <13485.396484, 11.833445, 3047.382568> ... Lifespan: Set to 30 minutes.
[AirdropContainerFall] Loot Spawned [19] Screwdriver @ <13485.430664, 11.992594, 3048.436768> ... Lifespan: Set to 30 minutes.
[AirdropContainerFall] Loot Spawned [20] Chemlight_White @ <13485.561523, 11.691381, 3045.903320> ... Lifespan: Set to 30 minutes.
[AirdropContainerFall] Loot Spawned [21] SteakKnife @ <13483.214844, 10.683387, 3044.258545> ... Lifespan: Set to 30 minutes.
[AirdropContainerFall] Loot Spawned [22] Lockpick @ <13481.157227, 10.851752, 3049.971191> ... Lifespan: Set to 30 minutes.
[AirdropContainerFall] Loot Spawned [23] CableReel @ <13481.039063, 10.138115, 3045.088135> ... Lifespan: Set to 30 minutes.
[AirdropContainerFall] Loot Spawned [24] ElectronicRepairKit @ <13486.353516, 12.269503, 3047.886963> ... Lifespan: Set to 30 minutes.
[AirdropContainerFall] Loot Spawned [25] CanOpener @ <13484.881836, 11.603411, 3047.081543> ... Lifespan: Set to 30 minutes.
[AirdropContainerFall] Loot Spawned [26] Whetstone @ <13484.007813, 10.999444, 3044.712402> ... Lifespan: Set to 30 minutes.
[AirdropContainerFall] Loot Spawned [27] LeatherSewingKit @ <13481.834961, 10.539226, 3046.204102> ... Lifespan: Set to 30 minutes.
[AirdropContainerFall] Loot Spawned [28] FirefighterAxe @ <13485.788086, 11.714726, 3045.445068> ... Lifespan: Set to 30 minutes.
[AirdropContainerFall] Loot Spawned [29] Chemlight_Red @ <13485.434570, 11.796901, 3047.015381> ... Lifespan: Set to 30 minutes.
[AirdropContainerFall] Loot Spawned [30] Hatchet @ <13483.081055, 10.838687, 3045.583984> ... Lifespan: Set to 30 minutes.
[AirdropContainerFall] Airdrop Flare Spawned @ <13482.585938, 11.278757, 3049.862549> ... Lifespan: Set to 30 minutes.
[AirdropContainerUnstuck] Container was unstuck.
[~AirdropContainerBase] Container Destroyed on 2021-04-14 @ 20-00-58
