[InitializeContainer] Container created on 2021-04-28 @ 03-06-46
[InitializeContainer] Winds: Vector <9.667525, 0.000000, -3.027645>, Speed 10.1305mps, Strength 0.1
[AirdropContainerFall] Drop Type 'Misc. Tools', Container: 'RANDOM', Mode/Quantity/Iems: Random/20/50, Flare:  10%
[AirdropContainerFall] Loot Spawned [1] KitchenKnife @ <5056.505371, 8.224916, 2513.416260> ... Lifespan: Set to 60 minutes.
[AirdropContainerFall] Loot Spawned [2] Headtorch_Grey @ <5054.833008, 8.467935, 2517.852783> ... Lifespan: Set to 60 minutes.
[AirdropContainerFall] Loot Spawned [3] Pliers @ <5062.917480, 8.300282, 2509.168945> ... Lifespan: Set to 60 minutes.
[AirdropContainerFall] Loot Spawned [4] CombatKnife @ <5058.069824, 8.481873, 2526.145508> ... Lifespan: Set to 60 minutes.
[AirdropContainerFall] Loot Spawned [5] Roadflare @ <5072.601074, 8.307749, 2523.503174> ... Lifespan: Set to 60 minutes.
[AirdropContainerFall] Loot Spawned [6] Shovel @ <5066.568848, 8.325961, 2509.641846> ... Lifespan: Set to 60 minutes.
[AirdropContainerFall] Loot Spawned [7] Headtorch_Black @ <5057.466797, 8.518763, 2525.833252> ... Lifespan: Set to 60 minutes.
[AirdropContainerFall] Loot Spawned [8] Flashlight @ <5059.752930, 8.267025, 2510.390137> ... Lifespan: Set to 60 minutes.
[AirdropContainerFall] Loot Spawned [9] LeatherSewingKit @ <5056.496582, 8.548699, 2524.045410> ... Lifespan: Set to 60 minutes.
[AirdropContainerFall] Loot Spawned [10] CanOpener @ <5068.484375, 8.178486, 2526.813721> ... Lifespan: Set to 60 minutes.
[AirdropContainerFall] Loot Spawned [11] Whetstone @ <5070.731445, 8.233635, 2524.854004> ... Lifespan: Set to 60 minutes.
[AirdropContainerFall] Loot Spawned [12] CableReel @ <5067.315430, 8.173801, 2527.908691> ... Lifespan: Set to 60 minutes.
[AirdropContainerFall] Loot Spawned [13] ChernarusMap @ <5056.027832, 8.586073, 2524.574219> ... Lifespan: Set to 60 minutes.
[AirdropContainerFall] Loot Spawned [14] CableReel @ <5064.917969, 8.187662, 2527.731934> ... Lifespan: Set to 60 minutes.
[AirdropContainerFall] Loot Spawned [15] WoodAxe @ <5057.231445, 8.518798, 2524.752686> ... Lifespan: Set to 60 minutes.
[AirdropContainerFall] Loot Spawned [16] Hammer @ <5064.671387, 8.266238, 2509.380859> ... Lifespan: Set to 60 minutes.
[AirdropContainerFall] Loot Spawned [17] WoodAxe @ <5057.894043, 8.207302, 2511.767822> ... Lifespan: Set to 60 minutes.
[AirdropContainerFall] Loot Spawned [18] Binoculars @ <5055.228027, 8.607730, 2523.221191> ... Lifespan: Set to 60 minutes.
[AirdropContainerFall] Loot Spawned [19] Machete @ <5072.277832, 8.331208, 2522.304932> ... Lifespan: Set to 60 minutes.
[AirdropContainerFall] Loot Spawned [20] Megaphone @ <5054.644531, 8.444633, 2517.131592> ... Lifespan: Set to 60 minutes.
[AirdropContainerUnstuck] Container was unstuck.
[~AirdropContainerBase] Container Destroyed on 2021-04-28 @ 03-36-46
