[InitializeContainer] Container created on 2021-05-03 @ 00-37-44
[InitializeContainer] Winds: Vector <-19.925081, 0.000000, 0.480824>, Speed 19.9309mps, Strength 0.1
[AirdropContainerFall] Drop Type 'Medical', Container: 'RANDOM', Mode/Quantity/Iems: Random/20/33, Flare:  10%
[AirdropContainerFall] Loot Spawned [1] MedicalScrubsPants_White @ <8473.407227, 106.238029, 12745.371094> ... Lifespan: Set to 60 minutes.
[AirdropContainerFall] Loot Spawned [2] SurgicalGloves_White @ <8469.543945, 106.366829, 12743.453125> ... Lifespan: Set to 60 minutes.
[AirdropContainerFall] Loot Spawned [3] MedicalScrubsShirt_Green @ <8471.572266, 106.365326, 12743.512695> ... Lifespan: Set to 60 minutes.
[AirdropContainerFall] Loot Spawned [4] PurificationTablets @ <8469.189453, 106.301445, 12746.034180> ... Lifespan: Set to 60 minutes.
[AirdropContainerFall] Loot Spawned [5] BloodBagEmpty @ <8473.809570, 106.157417, 12746.000977> ... Lifespan: Set to 60 minutes.
[AirdropContainerFall] Loot Spawned [6] DisinfectantSpray @ <8470.198242, 106.244553, 12747.582031> ... Lifespan: Set to 60 minutes.
[AirdropContainerFall] Loot Spawned [7] SalineBag @ <8469.756836, 106.320076, 12745.298828> ... Lifespan: Set to 60 minutes.
[AirdropContainerFall] Loot Spawned [8] MedicalScrubsPants_Blue @ <8471.884766, 106.119301, 12747.804688> ... Lifespan: Set to 60 minutes.
[AirdropContainerFall] Loot Spawned [9] SalineBagIV @ <8469.042969, 106.350388, 12744.102539> ... Lifespan: Set to 60 minutes.
[AirdropContainerFall] Loot Spawned [10] SurgicalMask @ <8468.912109, 106.298088, 12746.166992> ... Lifespan: Set to 60 minutes.
[AirdropContainerFall] Loot Spawned [11] MedicalScrubsPants_Blue @ <8472.320313, 106.117126, 12747.519531> ... Lifespan: Set to 60 minutes.
[AirdropContainerFall] Loot Spawned [12] MedicalScrubsHat_Blue @ <8471.527344, 106.369362, 12743.353516> ... Lifespan: Set to 60 minutes.
[AirdropContainerFall] Loot Spawned [13] MedicalScrubsPants_Blue @ <8473.599609, 106.088783, 12746.930664> ... Lifespan: Set to 60 minutes.
[AirdropContainerFall] Loot Spawned [14] Heatpack @ <8472.370117, 106.004059, 12748.768555> ... Lifespan: Set to 60 minutes.
[AirdropContainerFall] Loot Spawned [15] PurificationTablets @ <8470.396484, 106.323578, 12745.161133> ... Lifespan: Set to 60 minutes.
[AirdropContainerFall] Loot Spawned [16] VitaminBottle @ <8468.953125, 106.315292, 12745.487305> ... Lifespan: Set to 60 minutes.
[AirdropContainerFall] Loot Spawned [17] SurgicalGloves_LightBlue @ <8470.038086, 106.191109, 12748.303711> ... Lifespan: Set to 60 minutes.
[AirdropContainerFall] Loot Spawned [18] MedicalScrubsShirt_Green @ <8470.476563, 106.273438, 12747.055664> ... Lifespan: Set to 60 minutes.
[AirdropContainerFall] Loot Spawned [19] MedicalScrubsPants_Blue @ <8469.587891, 106.272873, 12747.162109> ... Lifespan: Set to 60 minutes.
[AirdropContainerFall] Loot Spawned [20] SalineBag @ <8468.950195, 106.272041, 12747.195313> ... Lifespan: Set to 60 minutes.
[AirdropContainerUnstuck] Container was unstuck.
[~AirdropContainerBase] Container Destroyed on 2021-05-03 @ 01-00-03
