[AirdropPlane] Aircraft created on 2021-03-13 @ 08-33-18
[InitializeAircraft] Aircraft Initialized: Novaya Petrovka @ 3100/12840 (true)
[EOnBeforeDrop] The Aircraft is 1 Km from Novaya Petrovka. @ <4586.601563, 340.515320, 12651.105469>
[EOnDrop] Zombie Spawned [1] ZmbF_Clerk_Normal_Blue @ <3164.431885, 204.652130, 12819.392578> ... Lifespan:  Set to 60 minutes.
[EOnDrop] Zombie Spawned [2] ZmbM_SkaterYoung_Brown @ <3174.945313, 204.358063, 12814.463867> ... Lifespan:  Set to 60 minutes.
[EOnDrop] Zombie Spawned [3] ZmbM_JoggerSkinny_Blue @ <3171.552246, 204.360992, 12833.890625> ... Lifespan:  Set to 60 minutes.
[EOnDrop] Zombie Spawned [4] ZmbM_Jacket_stripes @ <3195.472412, 203.731201, 12827.541992> ... Lifespan:  Set to 60 minutes.
[EOnDrop] Zombie Spawned [5] ZmbF_Clerk_Normal_Red @ <3213.326416, 203.275635, 12827.980469> ... Lifespan:  Set to 60 minutes.
[EOnDrop] Zombie Spawned [6] ZmbM_Jacket_khaki @ <3173.786621, 204.276611, 12838.902344> ... Lifespan:  Set to 60 minutes.
[EOnDrop] Zombie Spawned [7] ZmbF_Clerk_Normal_Green @ <3170.999512, 204.353928, 12867.735352> ... Lifespan:  Set to 60 minutes.
[EOnDrop] Zombie Spawned [8] ZmbM_ParamedicNormal_Red @ <3186.526123, 204.369705, 12796.081055> ... Lifespan:  Set to 60 minutes.
[EOnDrop] Zombie Spawned [9] ZmbF_SkaterYoung_Violet @ <3189.188477, 203.885330, 12827.147461> ... Lifespan:  Set to 60 minutes.
[EOnDrop] Zombie Spawned [10] ZmbF_ShortSkirt_brown @ <3155.968994, 204.907547, 12831.581055> ... Lifespan:  Set to 60 minutes.
[EOnDrop] Zombie Spawned [11] ZmbM_Jacket_stripes @ <3164.954346, 204.567093, 12850.862305> ... Lifespan:  Set to 60 minutes.
[EOnDrop] Zombie Spawned [12] ZmbM_CitizenBFat_Green @ <3167.397217, 204.801041, 12787.893555> ... Lifespan:  Set to 60 minutes.
[EOnDrop] Zombie Spawned [13] ZmbM_DoctorFat @ <3193.146973, 203.938004, 12818.557617> ... Lifespan:  Set to 60 minutes.
[EOnDrop] Zombie Spawned [14] ZmbF_JournalistNormal_White @ <3172.740479, 204.367599, 12821.496094> ... Lifespan:  Set to 60 minutes.
[EOnDrop] Zombie Spawned [15] ZmbF_JoggerSkinny_Red @ <3163.875977, 204.622192, 12837.577148> ... Lifespan:  Set to 60 minutes.
[EOnDrop] Zombie Spawned [16] ZmbM_Jacket_bluechecks @ <3173.370850, 204.243881, 12857.699219> ... Lifespan:  Set to 60 minutes.
[EOnDrop] Zombie Spawned [17] ZmbF_ShortSkirt_green @ <3174.154785, 204.357956, 12816.490234> ... Lifespan:  Set to 60 minutes.
[EOnDrop] Zombie Spawned [18] ZmbF_JournalistNormal_Blue @ <3157.350586, 204.927032, 12811.983398> ... Lifespan:  Set to 60 minutes.
[EOnDrop] Zombie Spawned [19] ZmbF_Clerk_Normal_Blue @ <3197.250977, 203.637100, 12830.293945> ... Lifespan:  Set to 60 minutes.
[EOnDrop] Zombie Spawned [20] ZmbF_JournalistNormal_White @ <3163.890625, 204.617920, 12840.399414> ... Lifespan:  Set to 60 minutes.
[EOnDrop] Zombie Spawned [21] ZmbM_CitizenASkinny_Blue @ <3206.360352, 203.274857, 12837.366211> ... Lifespan:  Set to 60 minutes.
[EOnDrop] Zombie Spawned [22] ZmbF_ParamedicNormal_Red @ <3163.230713, 204.654327, 12831.376953> ... Lifespan:  Set to 60 minutes.
[EOnDrop] Zombie Spawned [23] ZmbF_ParamedicNormal_Green @ <3137.999023, 205.558029, 12848.632813> ... Lifespan:  Set to 60 minutes.
[EOnDrop] Zombie Spawned [24] ZmbM_CommercialPilotOld_Grey @ <3134.250732, 205.696945, 12818.253906> ... Lifespan:  Set to 60 minutes.
[EOnDrop] Zombie Spawned [25] ZmbF_ShortSkirt_green @ <3173.359375, 204.296143, 12835.541992> ... Lifespan:  Set to 60 minutes.
[EOnDrop] Drop spawned with 25 infected at <3175.937500, 342.923157, 12828.877930>.
[EOnDrop] Supplies have been dropped near Novaya Petrovka.
[EOnBeforeDelete] Aircraft despawned @ <-1000.416748, 499.618347, 13355.200195>
[~AirdropPlane] Aircraft destroyed.
