[InitializeContainer] Container created on 2021-03-09 @ 03-04-33
[InitializeContainer] Winds: Vector <7.560257, 0.000000, -5.318655>, Speed 9.24368mps, Strength 0.1
[AirdropContainerFall] Drop Type 'Misc. Food', Container: 'RANDOM', Mode/Quantity/Iems: Random/20/26, Flare:  10%
[AirdropContainerFall] Loot Spawned [1] BoxCerealCrunchin @ <8751.236328, 383.802216, 9119.630859> ... Lifespan: Set to 60 minutes.
[AirdropContainerFall] Loot Spawned [2] SodaCan_Cola @ <8754.301758, 383.497437, 9117.521484> ... Lifespan: Set to 60 minutes.
[AirdropContainerFall] Loot Spawned [3] Tomato @ <8750.593750, 383.853394, 9119.897461> ... Lifespan: Set to 60 minutes.
[AirdropContainerFall] Loot Spawned [4] SodaCan_Spite @ <8752.705078, 383.754333, 9120.585938> ... Lifespan: Set to 60 minutes.
[AirdropContainerFall] Loot Spawned [5] TacticalBaconCan @ <8753.150391, 383.509949, 9115.853516> ... Lifespan: Set to 60 minutes.
[AirdropContainerFall] Loot Spawned [6] PeachesCan @ <8751.159180, 383.699707, 9117.193359> ... Lifespan: Set to 60 minutes.
[AirdropContainerFall] Loot Spawned [7] BakedBeansCan @ <8754.655273, 383.542664, 9118.724609> ... Lifespan: Set to 60 minutes.
[AirdropContainerFall] Loot Spawned [8] PowderedMilk @ <8751.065430, 383.855896, 9120.696289> ... Lifespan: Set to 60 minutes.
[AirdropContainerFall] Loot Spawned [9] Pear @ <8750.620117, 383.786743, 9118.418945> ... Lifespan: Set to 60 minutes.
[AirdropContainerFall] Loot Spawned [10] SodaCan_Spite @ <8752.860352, 383.769257, 9121.148438> ... Lifespan: Set to 60 minutes.
[AirdropContainerFall] Loot Spawned [11] SpaghettiCan @ <8750.302734, 383.814667, 9118.611328> ... Lifespan: Set to 60 minutes.
[AirdropContainerFall] Loot Spawned [12] SodaCan_Spite @ <8750.383789, 383.705811, 9116.250977> ... Lifespan: Set to 60 minutes.
[AirdropContainerFall] Loot Spawned [13] CaninaBerry @ <8752.175781, 383.836456, 9121.848633> ... Lifespan: Set to 60 minutes.
[AirdropContainerFall] Loot Spawned [14] Rice @ <8750.891602, 383.882965, 9121.121094> ... Lifespan: Set to 60 minutes.
[AirdropContainerFall] Loot Spawned [15] TacticalBaconCan @ <8753.642578, 383.725739, 9121.104492> ... Lifespan: Set to 60 minutes.
[AirdropContainerFall] Loot Spawned [16] WaterBottle @ <8753.975586, 383.683228, 9120.505859> ... Lifespan: Set to 60 minutes.
[AirdropContainerFall] Loot Spawned [17] Apple @ <8754.818359, 383.663818, 9121.125000> ... Lifespan: Set to 60 minutes.
[AirdropContainerFall] Loot Spawned [18] SodaCan_Cola @ <8753.898438, 383.511536, 9117.158203> ... Lifespan: Set to 60 minutes.
[AirdropContainerFall] Loot Spawned [19] CaninaBerry @ <8754.808594, 383.389069, 9115.918945> ... Lifespan: Set to 60 minutes.
[AirdropContainerFall] Loot Spawned [20] BakedBeansCan @ <8752.127930, 383.851318, 9122.140625> ... Lifespan: Set to 60 minutes.
[AirdropContainerUnstuck] Container was unstuck.
[~AirdropContainerBase] Container Destroyed on 2021-03-09 @ 03-19-33
