[InitializeContainer] Container created on 2021-03-16 @ 09-51-59
[InitializeContainer] Winds: Vector <11.338231, 0.000000, 2.212451>, Speed 11.5521mps, Strength 0.1
[AirdropContainerFall] Drop Type 'Military East', Container: 'AirdropContainer_Military', Mode/Quantity/Iems: Random/20/33, Flare:  10%
[AirdropContainerFall] Loot Spawned [1] WeaponCleaningKit @ <6654.565430, 296.844360, 7727.708008> ... Lifespan: Set to 30 minutes.
[AirdropContainerFall] Loot Spawned [2] AK_Suppressor @ <6654.095703, 297.141907, 7730.853027> ... Lifespan: Set to 30 minutes.
[AirdropContainerFall] Loot Spawned [3] AK101 @ <6654.081055, 297.246338, 7732.034180> ... Lifespan: Set to 30 minutes.
[AirdropContainerFall] Loot Spawned [4] TTSKOPants @ <6653.480469, 296.955322, 7728.708984> ... Lifespan: Set to 30 minutes.
[AirdropContainerFall] Loot Spawned [5] GorkaPants_Summer @ <6657.261230, 297.016235, 7730.190918> ... Lifespan: Set to 30 minutes.
[AirdropContainerFall] Loot Spawned [6] TacticalGloves_Black @ <6654.785156, 297.244141, 7732.180176> ... Lifespan: Set to 30 minutes.
[AirdropContainerFall] Loot Spawned [7] GorkaPants_Autumn @ <6655.694336, 297.155701, 7731.395508> ... Lifespan: Set to 30 minutes.
[AirdropContainerFall] Loot Spawned [8] AK101 @ <6654.249023, 297.256287, 7732.188477> ... Lifespan: Set to 30 minutes.
[AirdropContainerFall] Loot Spawned [9] Mag_AKM_30Rnd @ <6658.341309, 297.003510, 7730.308105> ... Lifespan: Set to 30 minutes.
[AirdropContainerFall] Loot Spawned [10] Battery9V @ <6652.369141, 297.053894, 7729.571289> ... Lifespan: Set to 30 minutes.
[AirdropContainerFall] Loot Spawned [11] AK101 @ <6653.214355, 297.252106, 7731.889648> ... Lifespan: Set to 30 minutes.
[AirdropContainerFall] Loot Spawned [12] TacticalGoggles @ <6658.067871, 297.020447, 7730.434570> ... Lifespan: Set to 30 minutes.
[AirdropContainerFall] Loot Spawned [13] TTSKOPants @ <6654.874512, 296.854919, 7727.880859> ... Lifespan: Set to 30 minutes.
[AirdropContainerFall] Loot Spawned [14] TacticalGloves_Green @ <6653.977051, 296.782288, 7726.922363> ... Lifespan: Set to 30 minutes.
[AirdropContainerFall] Loot Spawned [15] KOD_M16A4 @ <6654.479980, 297.216888, 7731.796387> ... Lifespan: Set to 30 minutes.
[AirdropContainerFall] Loot Spawned [16] TTsKOJacket_Camo @ <6655.391602, 296.851410, 7727.939941> ... Lifespan: Set to 30 minutes.
[AirdropContainerFall] Loot Spawned [17] TacticalGloves_Green @ <6656.377930, 297.156738, 7731.572754> ... Lifespan: Set to 30 minutes.
[AirdropContainerFall] Loot Spawned [18] CanOpener @ <6657.934082, 297.021637, 7730.415039> ... Lifespan: Set to 30 minutes.
[AirdropContainerFall] Loot Spawned [19] AmmoBox_762x39_20Rnd @ <6654.773926, 296.927979, 7728.656250> ... Lifespan: Set to 30 minutes.
[AirdropContainerFall] Loot Spawned [20] AK_PlasticBttstck @ <6654.160645, 297.074921, 7730.137207> ... Lifespan: Set to 30 minutes.
[AirdropContainerUnstuck] Container was unstuck.
