[AirdropPlane] Aircraft created on 2021-03-28 @ 12-23-53
[InitializeAircraft] Aircraft Initialized: Balota Airstrip @ 5025/2455 (true)
[EOnBeforeDrop] The Aircraft is 1 Km from Balota Airstrip. @ <4640.564941, 152.003006, 1006.352173>
[EOnDrop] Zombie Spawned [1] ZmbM_PatrolNormal_Autumn @ <5010.512695, 9.915304, 2372.577637> ... Lifespan:  Set to 30 minutes.
[EOnDrop] Zombie Spawned [2] ZmbM_PatrolNormal_Summer @ <4976.085449, 11.868963, 2352.137695> ... Lifespan:  Set to 30 minutes.
[EOnDrop] Zombie Spawned [3] ZmbM_PatrolNormal_Autumn @ <5008.852051, 9.798299, 2377.750244> ... Lifespan:  Set to 30 minutes.
[EOnDrop] Zombie Spawned [4] ZmbM_PatrolNormal_Autumn @ <5004.481445, 9.587296, 2390.668457> ... Lifespan:  Set to 30 minutes.
[EOnDrop] Zombie Spawned [5] ZmbM_SoldierNormal @ <4999.991699, 9.616436, 2394.399658> ... Lifespan:  Set to 30 minutes.
[EOnDrop] Zombie Spawned [6] ZmbM_PatrolNormal_Summer @ <4981.211914, 8.731004, 2392.856934> ... Lifespan:  Set to 30 minutes.
[EOnDrop] Zombie Spawned [7] ZmbM_SoldierNormal @ <4992.241699, 9.235994, 2393.910889> ... Lifespan:  Set to 30 minutes.
[EOnDrop] Zombie Spawned [8] ZmbM_SoldierNormal @ <4997.061035, 9.667314, 2368.467529> ... Lifespan:  Set to 30 minutes.
[EOnDrop] Zombie Spawned [9] ZmbM_PatrolNormal_Summer @ <5031.072754, 9.811904, 2391.048828> ... Lifespan:  Set to 30 minutes.
[EOnDrop] Zombie Spawned [10] ZmbM_SoldierNormal @ <4992.749023, 9.557891, 2367.613281> ... Lifespan:  Set to 30 minutes.
[EOnDrop] Zombie Spawned [11] ZmbM_PatrolNormal_Autumn @ <4994.780273, 10.607065, 2353.537109> ... Lifespan:  Set to 30 minutes.
[EOnDrop] Zombie Spawned [12] ZmbM_PatrolNormal_Flat @ <5038.564453, 10.030000, 2345.557617> ... Lifespan:  Set to 30 minutes.
[EOnDrop] Zombie Spawned [13] ZmbM_PatrolNormal_Summer @ <5009.395020, 9.928553, 2371.166260> ... Lifespan:  Set to 30 minutes.
[EOnDrop] Zombie Spawned [14] ZmbM_PatrolNormal_Autumn @ <5034.821777, 9.912568, 2379.007568> ... Lifespan:  Set to 30 minutes.
[EOnDrop] Zombie Spawned [15] ZmbM_PatrolNormal_Summer @ <5008.048828, 9.757948, 2380.355225> ... Lifespan:  Set to 30 minutes.
[EOnDrop] Zombie Spawned [16] ZmbM_PatrolNormal_Summer @ <5023.850586, 10.030000, 2338.778564> ... Lifespan:  Set to 30 minutes.
[EOnDrop] Zombie Spawned [17] ZmbM_PatrolNormal_Autumn @ <5032.708008, 9.998944, 2414.750000> ... Lifespan:  Set to 30 minutes.
[EOnDrop] Zombie Spawned [18] ZmbM_PatrolNormal_Flat @ <5010.617676, 9.993277, 2407.023926> ... Lifespan:  Set to 30 minutes.
[EOnDrop] Zombie Spawned [19] ZmbM_SoldierNormal @ <5015.955566, 9.942236, 2373.334473> ... Lifespan:  Set to 30 minutes.
[EOnDrop] Zombie Spawned [20] ZmbM_PatrolNormal_Summer @ <5009.763672, 10.021789, 2359.741455> ... Lifespan:  Set to 30 minutes.
[EOnDrop] Zombie Spawned [21] ZmbM_PatrolNormal_Summer @ <5010.021484, 9.978794, 2367.654297> ... Lifespan:  Set to 30 minutes.
[EOnDrop] Zombie Spawned [22] ZmbM_PatrolNormal_Summer @ <4996.581055, 9.473116, 2374.006592> ... Lifespan:  Set to 30 minutes.
[EOnDrop] Zombie Spawned [23] ZmbM_SoldierNormal @ <5035.091309, 10.023587, 2367.309570> ... Lifespan:  Set to 30 minutes.
[EOnDrop] Zombie Spawned [24] ZmbM_PatrolNormal_Summer @ <5004.774902, 9.997807, 2407.170654> ... Lifespan:  Set to 30 minutes.
[EOnDrop] Zombie Spawned [25] ZmbM_PatrolNormal_Flat @ <4987.479980, 10.427893, 2356.319092> ... Lifespan:  Set to 30 minutes.
[EOnDrop] Drop spawned with 25 infected at <5003.622559, 149.300598, 2375.007568>.
[EOnDrop] Supplies have been dropped near Balota Airstrip.
[EOnBeforeDelete] Aircraft despawned @ <8714.349609, 447.002655, 16360.328125>
[~AirdropPlane] Aircraft destroyed.
