[InitializeContainer] Container created on 2021-04-10 @ 18-19-47
[InitializeContainer] Winds: Vector <2.595510, 0.000000, -7.048110>, Speed 7.51083mps, Strength 0.1
[AirdropContainerFall] Drop Type 'Military East', Container: 'AirdropContainer_Military', Mode/Quantity/Iems: Random/20/33, Flare:  10%
[AirdropContainerFall] Loot Spawned [1] Binoculars @ <8485.310547, 105.640434, 12777.400391> ... Lifespan: Set to 30 minutes.
[AirdropContainerFall] Loot Spawned [2] GorkaPants_Flat @ <8485.980469, 105.642357, 12778.871094> ... Lifespan: Set to 30 minutes.
[AirdropContainerFall] Loot Spawned [3] AK101 @ <8481.990234, 105.774055, 12779.823242> ... Lifespan: Set to 30 minutes.
[AirdropContainerFall] Loot Spawned [4] AK_Suppressor @ <8485.559570, 105.677956, 12780.627930> ... Lifespan: Set to 30 minutes.
[AirdropContainerFall] Loot Spawned [5] Canteen @ <8485.375977, 105.651474, 12778.284180> ... Lifespan: Set to 30 minutes.
[AirdropContainerFall] Loot Spawned [6] AK101 @ <8480.542969, 105.786995, 12777.055664> ... Lifespan: Set to 30 minutes.
[AirdropContainerFall] Loot Spawned [7] GorkaEJacket_Flat @ <8482.001953, 105.799278, 12781.347656> ... Lifespan: Set to 30 minutes.
[AirdropContainerFall] Loot Spawned [8] AK_Suppressor @ <8480.061523, 105.821663, 12778.981445> ... Lifespan: Set to 30 minutes.
[AirdropContainerFall] Loot Spawned [9] GorkaPants_Flat @ <8481.287109, 105.786652, 12779.070313> ... Lifespan: Set to 30 minutes.
[AirdropContainerFall] Loot Spawned [10] GorkaPants_Flat @ <8482.104492, 105.735649, 12776.535156> ... Lifespan: Set to 30 minutes.
[AirdropContainerFall] Loot Spawned [11] AKM @ <8481.114258, 105.774391, 12777.445313> ... Lifespan: Set to 30 minutes.
[AirdropContainerFall] Loot Spawned [12] AKM @ <8484.680664, 105.694786, 12779.846680> ... Lifespan: Set to 30 minutes.
[AirdropContainerFall] Loot Spawned [13] AK_PlasticBttstck @ <8484.578125, 105.653931, 12776.456055> ... Lifespan: Set to 30 minutes.
[AirdropContainerFall] Loot Spawned [14] GorkaEJacket_PautRev @ <8484.916992, 105.663597, 12778.192383> ... Lifespan: Set to 30 minutes.
[AirdropContainerFall] Loot Spawned [15] TacticalGloves_Beige @ <8480.596680, 105.782906, 12776.820313> ... Lifespan: Set to 30 minutes.
[AirdropContainerFall] Loot Spawned [16] UniversalLight @ <8482.556641, 105.719330, 12776.270508> ... Lifespan: Set to 30 minutes.
[AirdropContainerFall] Loot Spawned [17] Binoculars @ <8486.205078, 105.641342, 12779.250977> ... Lifespan: Set to 30 minutes.
[AirdropContainerFall] Loot Spawned [18] GorkaEJacket_Autumn @ <8484.957031, 105.655968, 12777.752930> ... Lifespan: Set to 30 minutes.
[AirdropContainerFall] Loot Spawned [19] AK_Bayonet @ <8484.134766, 105.716148, 12780.291016> ... Lifespan: Set to 30 minutes.
[AirdropContainerFall] Loot Spawned [20] CanOpener @ <8485.263672, 105.641815, 12777.401367> ... Lifespan: Set to 30 minutes.
[AirdropContainerUnstuck] Container was unstuck.
[~AirdropContainerBase] Container Destroyed on 2021-04-10 @ 18-44-47
