[InitializeContainer] Container created on 2021-03-09 @ 06-19-47
[InitializeContainer] Winds: Vector <5.785033, 0.000000, -6.377656>, Speed 8.61052mps, Strength 0.1
[AirdropContainerFall] Drop Type 'Military West', Container: 'AirdropContainer_Military', Mode/Quantity/Iems: Random/20/40, Flare:  10%
[AirdropContainerFall] Loot Spawned [1] M4_Suppressor @ <12372.512695, 27.321245, 9213.206055> ... Lifespan: Set to 60 minutes.
[AirdropContainerFall] Loot Spawned [2] Mag_FNX45_15Rnd @ <12372.829102, 27.316416, 9216.472656> ... Lifespan: Set to 60 minutes.
[AirdropContainerFall] Loot Spawned [3] USMCJacket_Desert @ <12372.340820, 27.360678, 9216.952148> ... Lifespan: Set to 60 minutes.
[AirdropContainerFall] Loot Spawned [4] MilitaryBoots_Brown @ <12375.358398, 27.084803, 9213.807617> ... Lifespan: Set to 60 minutes.
[AirdropContainerFall] Loot Spawned [5] AssaultBag_Black @ <12374.500977, 27.159636, 9214.019531> ... Lifespan: Set to 60 minutes.
[AirdropContainerFall] Loot Spawned [6] FNX45 @ <12373.190430, 27.291485, 9217.278320> ... Lifespan: Set to 60 minutes.
[AirdropContainerFall] Loot Spawned [7] Battery9V @ <12377.310547, 26.922245, 9217.318359> ... Lifespan: Set to 60 minutes.
[AirdropContainerFall] Loot Spawned [8] M4_Suppressor @ <12371.963867, 27.382183, 9215.424805> ... Lifespan: Set to 60 minutes.
[AirdropContainerFall] Loot Spawned [9] UniversalLight @ <12375.136719, 27.033804, 9218.657227> ... Lifespan: Set to 60 minutes.
[AirdropContainerFall] Loot Spawned [10] FNX45 @ <12374.505859, 27.160431, 9214.196289> ... Lifespan: Set to 60 minutes.
[AirdropContainerFall] Loot Spawned [11] UKAssVest_Black @ <12373.212891, 27.144306, 9219.049805> ... Lifespan: Set to 60 minutes.
[AirdropContainerFall] Loot Spawned [12] USMCJacket_Desert @ <12375.518555, 27.074060, 9214.310547> ... Lifespan: Set to 60 minutes.
[AirdropContainerFall] Loot Spawned [13] M4_RISHndgrd @ <12375.617188, 27.058773, 9213.323242> ... Lifespan: Set to 60 minutes.
[AirdropContainerFall] Loot Spawned [14] M4A1 @ <12377.264648, 26.926579, 9215.939453> ... Lifespan: Set to 60 minutes.
[AirdropContainerFall] Loot Spawned [15] M4A1 @ <12375.993164, 27.046875, 9217.399414> ... Lifespan: Set to 60 minutes.
[AirdropContainerFall] Loot Spawned [16] WeaponCleaningKit @ <12373.918945, 27.201778, 9213.003906> ... Lifespan: Set to 60 minutes.
[AirdropContainerFall] Loot Spawned [17] USMCJacket_Woodland @ <12373.325195, 27.260349, 9214.303711> ... Lifespan: Set to 60 minutes.
[AirdropContainerFall] Loot Spawned [18] USMCPants_Woodland @ <12373.978516, 27.204372, 9214.143555> ... Lifespan: Set to 60 minutes.
[AirdropContainerFall] Loot Spawned [19] Rangefinder @ <12372.752930, 27.181950, 9219.060547> ... Lifespan: Set to 60 minutes.
[AirdropContainerFall] Loot Spawned [20] M4_Suppressor @ <12377.339844, 26.919472, 9216.945313> ... Lifespan: Set to 60 minutes.
[AirdropContainerUnstuck] Container was unstuck.
[~AirdropContainerBase] Container Destroyed on 2021-03-09 @ 06-34-47
