[AirdropBase] Base class created & settings loaded.
[2021-04-17 @ 09-27-12] ----------------------------------------------------------------------------------------------------
[EOnCallAirdrop] Drop zone asigned: Balota Airstrip <5025.000000, 0.000000, 2455.000000>
[EOnCallAirdrop] Drop zone offset to: <5007.885742, 2438.000000, 2455.925049>
[EOnCallAirdrop] Aircraft spawn point: <-1000.000000, 2438.000000, 1590.728516>
[EOnCallAirdrop] Aircraft bearing ... Angle/Bearing: -2.99912° / 261.837°, Text: 'West (262°)'
[EOnCallAirdrop] Aircraft has been dispatched to 'Balota Airstrip' from the West (262°).
[2021-04-17 @ 09-52-29] ----------------------------------------------------------------------------------------------------
[EOnCallAirdrop] Drop zone asigned: Zelenogorks <1875.000000, 0.000000, 5210.000000>
[EOnCallAirdrop] Drop zone offset to: <1953.109619, 2438.000000, 5204.611816>
[EOnCallAirdrop] Aircraft spawn point: <-1000.000000, 2438.000000, 9978.542969>
[EOnCallAirdrop] Aircraft bearing ... Angle/Bearing: 2.11335° / 328.914°, Text: 'North/West (329°)'
[EOnCallAirdrop] Aircraft has been dispatched to 'Zelenogorks' from the North/West (329°).
[2021-04-17 @ 10-17-47] ----------------------------------------------------------------------------------------------------
[EOnCallAirdrop] Drop zone asigned: Balota Airstrip <5025.000000, 0.000000, 2455.000000>
[EOnCallAirdrop] Drop zone offset to: <5005.478027, 2438.000000, 2402.462646>
[EOnCallAirdrop] Aircraft spawn point: <16360.000000, 2438.000000, 5262.251465>
[EOnCallAirdrop] Aircraft bearing ... Angle/Bearing: 0.242777° / 76.0899°, Text: 'East (76°)'
[EOnCallAirdrop] Aircraft has been dispatched to 'Balota Airstrip' from the East (76°).
[2021-04-17 @ 10-43-04] ----------------------------------------------------------------------------------------------------
[EOnCallAirdrop] Drop zone asigned: Skalisty Island <13575.000000, 0.000000, 3055.000000>
[EOnCallAirdrop] Drop zone offset to: <13563.120117, 2438.000000, 2996.241455>
[EOnCallAirdrop] Aircraft spawn point: <-1000.000000, 2438.000000, -830.993347>
[EOnCallAirdrop] Aircraft bearing ... Angle/Bearing: -2.88103° / 255.071°, Text: 'West (255°)'
[EOnCallAirdrop] Aircraft has been dispatched to 'Skalisty Island' from the West (255°).
[2021-04-17 @ 11-08-22] ----------------------------------------------------------------------------------------------------
[EOnCallAirdrop] Drop zone asigned: Veresnik <4000.000000, 0.000000, 7850.000000>
[EOnCallAirdrop] Drop zone offset to: <4013.171387, 2438.000000, 7830.608887>
[EOnCallAirdrop] Aircraft spawn point: <16360.000000, 2438.000000, 14887.152344>
[EOnCallAirdrop] Aircraft bearing ... Angle/Bearing: 0.517577° / 60.345°, Text: 'North/East (60°)'
[EOnCallAirdrop] Aircraft has been dispatched to 'Veresnik' from the North/East (60°).
[2021-04-17 @ 11-33-39] ----------------------------------------------------------------------------------------------------
[EOnCallAirdrop] Drop zone asigned: Balota Airstrip <5025.000000, 0.000000, 2455.000000>
[EOnCallAirdrop] Drop zone offset to: <5027.876953, 2438.000000, 2461.765625>
[EOnCallAirdrop] Aircraft spawn point: <-1000.000000, 2438.000000, 14491.390625>
[EOnCallAirdrop] Aircraft bearing ... Angle/Bearing: 2.0349° / 333.409°, Text: 'North/West (333°)'
[EOnCallAirdrop] Aircraft has been dispatched to 'Balota Airstrip' from the North/West (333°).
[2021-04-17 @ 11-58-57] ----------------------------------------------------------------------------------------------------
[EOnCallAirdrop] Drop zone asigned: Gorka <8775.000000, 0.000000, 9200.000000>
[EOnCallAirdrop] Drop zone offset to: <8806.520508, 2438.000000, 9155.656250>
[EOnCallAirdrop] Aircraft spawn point: <16360.000000, 2438.000000, 2310.728516>
[EOnCallAirdrop] Aircraft bearing ... Angle/Bearing: -0.737369° / 132.248°, Text: 'South/East (132°)'
[EOnCallAirdrop] Aircraft has been dispatched to 'Gorka' from the South/East (132°).
[2021-04-17 @ 12-24-14] ----------------------------------------------------------------------------------------------------
[EOnCallAirdrop] Drop zone asigned: Balota Airstrip <5025.000000, 0.000000, 2455.000000>
[EOnCallAirdrop] Drop zone offset to: <4961.343262, 2438.000000, 2433.462158>
[EOnCallAirdrop] Aircraft spawn point: <16360.000000, 2438.000000, 14989.933594>
[EOnCallAirdrop] Aircraft bearing ... Angle/Bearing: 0.835626° / 42.1222°, Text: 'North/East (42°)'
[EOnCallAirdrop] Aircraft has been dispatched to 'Balota Airstrip' from the North/East (42°).
[2021-04-17 @ 12-49-32] ----------------------------------------------------------------------------------------------------
[EOnCallAirdrop] Drop zone asigned: Myshkino <1900.000000, 0.000000, 7600.000000>
[EOnCallAirdrop] Drop zone offset to: <1942.940430, 2438.000000, 7613.477051>
[EOnCallAirdrop] Aircraft spawn point: <16360.000000, 2438.000000, -391.258270>
[EOnCallAirdrop] Aircraft bearing ... Angle/Bearing: -0.504872° / 118.927°, Text: 'South/East (119°)'
[EOnCallAirdrop] Aircraft has been dispatched to 'Myshkino' from the South/East (119°).
