[InitializeContainer] Container created on 2021-03-19 @ 01-51-36
[InitializeContainer] Winds: Vector <10.549201, 0.000000, -1.350350>, Speed 10.6353mps, Strength 0.1
[AirdropContainerFall] Drop Type 'Misc. Food', Container: 'RANDOM', Mode/Quantity/Iems: Random/29/30, Flare:  10%
[AirdropContainerFall] Loot Spawned [1] SambucusBerry @ <8844.934570, 381.550720, 9148.011719> ... Lifespan: Set to 30 minutes.
[AirdropContainerFall] Loot Spawned [2] GreenBellPepper @ <8846.310547, 381.504364, 9147.594727> ... Lifespan: Set to 30 minutes.
[AirdropContainerFall] Loot Spawned [3] TacticalBaconCan @ <8847.325195, 381.305328, 9144.655273> ... Lifespan: Set to 30 minutes.
[AirdropContainerFall] Loot Spawned [4] BakedBeansCan @ <8848.323242, 381.334167, 9145.349609> ... Lifespan: Set to 30 minutes.
[AirdropContainerFall] Loot Spawned [5] SodaCan_Pipsi @ <8847.598633, 381.429993, 9146.708984> ... Lifespan: Set to 30 minutes.
[AirdropContainerFall] Loot Spawned [6] Tomato @ <8847.354492, 381.525146, 9148.169922> ... Lifespan: Set to 30 minutes.
[AirdropContainerFall] Loot Spawned [7] SodaCan_Cola @ <8846.166992, 381.294983, 9144.218750> ... Lifespan: Set to 30 minutes.
[AirdropContainerFall] Loot Spawned [8] KOD_M16A4 @ <8846.647461, 381.291992, 9144.284180> ... Lifespan: Set to 30 minutes.
[AirdropContainerFall] Loot Spawned [9] PeachesCan @ <8845.952148, 381.264496, 9143.682617> ... Lifespan: Set to 30 minutes.
[AirdropContainerFall] Loot Spawned [10] Zucchini @ <8842.923828, 381.471893, 9146.283203> ... Lifespan: Set to 30 minutes.
[AirdropContainerFall] Loot Spawned [11] TunaCan @ <8848.504883, 381.330750, 9145.337891> ... Lifespan: Set to 30 minutes.
[AirdropContainerFall] Loot Spawned [12] SambucusBerry @ <8843.378906, 381.468475, 9146.335938> ... Lifespan: Set to 30 minutes.
[AirdropContainerFall] Loot Spawned [13] CaninaBerry @ <8842.969727, 381.506409, 9146.844727> ... Lifespan: Set to 30 minutes.
[AirdropContainerFall] Loot Spawned [14] Plum @ <8848.166016, 381.213318, 9143.383789> ... Lifespan: Set to 30 minutes.
[AirdropContainerFall] Loot Spawned [15] BakedBeansCan @ <8844.902344, 381.297424, 9143.962891> ... Lifespan: Set to 30 minutes.
[AirdropContainerFall] Loot Spawned [16] Potato @ <8847.577148, 381.540649, 9148.469727> ... Lifespan: Set to 30 minutes.
[AirdropContainerFall] Loot Spawned [17] SodaCan_Kvass @ <8844.535156, 381.432770, 9146.036133> ... Lifespan: Set to 30 minutes.
[AirdropContainerFall] Loot Spawned [18] TacticalBaconCan @ <8847.759766, 381.304840, 9144.750000> ... Lifespan: Set to 30 minutes.
[AirdropContainerFall] Loot Spawned [19] SardinesCan @ <8847.427734, 381.525635, 9148.195313> ... Lifespan: Set to 30 minutes.
[AirdropContainerFall] Loot Spawned [20] AKM @ <8845.613281, 381.262482, 9143.570313> ... Lifespan: Set to 30 minutes.
[AirdropContainerFall] Loot Spawned [21] AKM @ <8848.309570, 381.348206, 9145.570313> ... Lifespan: Set to 30 minutes.
[AirdropContainerFall] Loot Spawned [22] CaninaBerry @ <8848.498047, 381.481262, 9147.737305> ... Lifespan: Set to 30 minutes.
[AirdropContainerFall] Loot Spawned [23] Pear @ <8844.124023, 381.418732, 9145.715820> ... Lifespan: Set to 30 minutes.
[AirdropContainerFall] Loot Spawned [24] Canteen @ <8846.517578, 381.523010, 9147.940430> ... Lifespan: Set to 30 minutes.
[AirdropContainerFall] Loot Spawned [25] Tomato @ <8844.956055, 381.271942, 9143.568359> ... Lifespan: Set to 30 minutes.
[AirdropContainerFall] Loot Spawned [26] BoxCerealCrunchin @ <8845.260742, 381.494202, 9147.186523> ... Lifespan: Set to 30 minutes.
[AirdropContainerFall] Loot Spawned [27] PeachesCan @ <8844.314453, 381.280365, 9143.552734> ... Lifespan: Set to 30 minutes.
[AirdropContainerFall] Loot Spawned [28] BakedBeansCan @ <8845.114258, 381.483917, 9146.987305> ... Lifespan: Set to 30 minutes.
[AirdropContainerFall] Loot Spawned [29] SodaCan_Cola @ <8845.790039, 381.207794, 9142.739258> ... Lifespan: Set to 30 minutes.
[AirdropContainerUnstuck] Container was unstuck.
