[InitializeContainer] Container created on 2021-04-14 @ 10-55-46
[InitializeContainer] Winds: Vector <-16.151306, 0.000000, 9.086632>, Speed 18.5319mps, Strength 0.1
[AirdropContainerFall] Drop Type 'Military West', Container: 'AirdropContainer_Military', Mode/Quantity/Iems: Random/20/46, Flare:  10%
[AirdropContainerFall] Loot Spawned [1] USMCPants_Woodland @ <11411.511719, 37.517029, 14292.416016> ... Lifespan: Set to 30 minutes.
[AirdropContainerFall] Loot Spawned [2] UKAssVest_Khaki @ <11411.388672, 37.579082, 14293.009766> ... Lifespan: Set to 30 minutes.
[AirdropContainerFall] Loot Spawned [3] M4_CQBBttstck @ <11409.388672, 37.580761, 14292.719727> ... Lifespan: Set to 30 minutes.
[AirdropContainerFall] Loot Spawned [4] USMCPants_Desert @ <11408.382813, 37.227318, 14290.086914> ... Lifespan: Set to 30 minutes.
[AirdropContainerFall] Loot Spawned [5] M4_RISHndgrd @ <11408.979492, 37.210041, 14289.912109> ... Lifespan: Set to 30 minutes.
[AirdropContainerFall] Loot Spawned [6] USMCJacket_Desert @ <11411.709961, 37.422722, 14291.514648> ... Lifespan: Set to 30 minutes.
[AirdropContainerFall] Loot Spawned [7] FNX45 @ <11412.138672, 37.040936, 14288.391602> ... Lifespan: Set to 30 minutes.
[AirdropContainerFall] Loot Spawned [8] USMCJacket_Woodland @ <11409.666016, 37.474487, 14291.886719> ... Lifespan: Set to 30 minutes.
[AirdropContainerFall] Loot Spawned [9] AK101 @ <11411.765625, 36.923450, 14287.519531> ... Lifespan: Set to 30 minutes.
[AirdropContainerFall] Loot Spawned [10] M9A1_Bayonet @ <11408.887695, 37.574524, 14292.708008> ... Lifespan: Set to 30 minutes.
[AirdropContainerFall] Loot Spawned [11] TacticalGoggles @ <11410.350586, 37.457901, 14291.710938> ... Lifespan: Set to 30 minutes.
[AirdropContainerFall] Loot Spawned [12] MilitaryBoots_Brown @ <11410.232422, 37.443279, 14291.607422> ... Lifespan: Set to 30 minutes.
[AirdropContainerFall] Loot Spawned [13] Mag_FNX45_15Rnd @ <11412.097656, 36.911964, 14287.422852> ... Lifespan: Set to 30 minutes.
[AirdropContainerFall] Loot Spawned [14] AmmoBox_45ACP_25Rnd @ <11409.500000, 37.393738, 14291.280273> ... Lifespan: Set to 30 minutes.
[AirdropContainerFall] Loot Spawned [15] Binoculars @ <11411.903320, 37.151188, 14289.252930> ... Lifespan: Set to 30 minutes.
[AirdropContainerFall] Loot Spawned [16] AssaultBag_Green @ <11411.177734, 37.601429, 14293.188477> ... Lifespan: Set to 30 minutes.
[AirdropContainerFall] Loot Spawned [17] AssaultBag_Black @ <11412.741211, 37.176117, 14289.383789> ... Lifespan: Set to 30 minutes.
[AirdropContainerFall] Loot Spawned [18] PistolSuppressor @ <11408.223633, 37.550144, 14292.568359> ... Lifespan: Set to 30 minutes.
[AirdropContainerFall] Loot Spawned [19] USMCPants_Desert @ <11412.801758, 37.297432, 14290.495117> ... Lifespan: Set to 30 minutes.
[AirdropContainerFall] Loot Spawned [20] Canteen @ <11412.037109, 37.161049, 14289.318359> ... Lifespan: Set to 30 minutes.
[AirdropContainerUnstuck] Container was unstuck.
[~AirdropContainerBase] Container Destroyed on 2021-04-14 @ 11-20-53
