[AirdropPlane] Aircraft created on 2021-04-12 @ 10-17-15
[InitializeAircraft] Aircraft Initialized: Skalisty Island @ 13575/3055 (true)
[EOnBeforeDrop] The Aircraft is 1 Km from Skalisty Island. @ <12176.525391, 152.000610, 2513.679199>
[EOnDrop] Zombie Spawned [1] ZmbM_HunterOld_Summer @ <13483.324219, 11.364651, 3045.237305> ... Lifespan:  Set to 30 minutes.
[EOnDrop] Zombie Spawned [2] ZmbM_HunterOld_Autumn @ <13481.432617, 7.074349, 3023.082764> ... Lifespan:  Set to 30 minutes.
[EOnDrop] Zombie Spawned [3] ZmbM_FarmerFat_Green @ <13495.285156, 9.367039, 2981.834717> ... Lifespan:  Set to 30 minutes.
[EOnDrop] Zombie Spawned [4] ZmbM_HermitSkinny_Black @ <13534.256836, 26.888391, 3028.238281> ... Lifespan:  Set to 30 minutes.
[EOnDrop] Zombie Spawned [5] ZmbF_HikerSkinny_Grey @ <13516.806641, 27.363224, 3058.200928> ... Lifespan:  Set to 30 minutes.
[EOnDrop] Zombie Spawned [6] ZmbM_HermitSkinny_Beige @ <13535.137695, 23.727703, 3005.892334> ... Lifespan:  Set to 30 minutes.
[EOnDrop] Zombie Spawned [7] ZmbF_MilkMaidOld_Green @ <13511.577148, 20.365887, 3030.837158> ... Lifespan:  Set to 30 minutes.
[EOnDrop] Zombie Spawned [8] ZmbF_VillagerOld_Blue @ <13506.669922, 15.489898, 2996.054199> ... Lifespan:  Set to 30 minutes.
[EOnDrop] Zombie Spawned [9] ZmbM_FarmerFat_Blue @ <13479.030273, 7.325643, 3029.543457> ... Lifespan:  Set to 30 minutes.
[EOnDrop] Zombie Spawned [10] ZmbM_HermitSkinny_Beige @ <13487.017578, 7.999479, 3005.716797> ... Lifespan:  Set to 30 minutes.
[EOnDrop] Zombie Spawned [11] ZmbF_VillagerOld_Blue @ <13530.465820, 26.179998, 3029.172363> ... Lifespan:  Set to 30 minutes.
[EOnDrop] Zombie Spawned [12] ZmbF_VillagerOld_Green @ <13445.447266, 3.386752, 3030.505859> ... Lifespan:  Set to 30 minutes.
[EOnDrop] Zombie Spawned [13] ZmbM_HunterOld_Summer @ <13514.468750, 17.014078, 2994.461914> ... Lifespan:  Set to 30 minutes.
[EOnDrop] Zombie Spawned [14] ZmbM_MotobikerFat_Black @ <13489.099609, 11.034622, 3030.548828> ... Lifespan:  Set to 30 minutes.
[EOnDrop] Zombie Spawned [15] ZmbF_MilkMaidOld_Black @ <13475.683594, 9.785749, 3049.951416> ... Lifespan:  Set to 30 minutes.
[EOnDrop] Zombie Spawned [16] ZmbM_HikerSkinny_Blue @ <13528.518555, 22.600002, 3010.362793> ... Lifespan:  Set to 30 minutes.
[EOnDrop] Zombie Spawned [17] ZmbF_SurvivorNormal_White @ <13512.305664, 14.856144, 2986.316650> ... Lifespan:  Set to 30 minutes.
[EOnDrop] Zombie Spawned [18] ZmbM_FarmerFat_Brown @ <13471.082031, 8.076481, 3045.719727> ... Lifespan:  Set to 30 minutes.
[EOnDrop] Zombie Spawned [19] ZmbF_HikerSkinny_Grey @ <13456.834961, 8.083375, 3060.130371> ... Lifespan:  Set to 30 minutes.
[EOnDrop] Zombie Spawned [20] ZmbM_HikerSkinny_Blue @ <13476.262695, 4.065799, 2997.463623> ... Lifespan:  Set to 30 minutes.
[EOnDrop] Zombie Spawned [21] ZmbF_HikerSkinny_Green @ <13446.445313, 2.789355, 3007.143066> ... Lifespan:  Set to 30 minutes.
[EOnDrop] Zombie Spawned [22] ZmbF_VillagerOld_Blue @ <13509.775391, 17.346209, 3004.607910> ... Lifespan:  Set to 30 minutes.
[EOnDrop] Zombie Spawned [23] ZmbM_MotobikerFat_Blue @ <13484.056641, 9.652411, 3033.402100> ... Lifespan:  Set to 30 minutes.
[EOnDrop] Zombie Spawned [24] ZmbM_FarmerFat_Green @ <13485.312500, 14.147311, 3061.500488> ... Lifespan:  Set to 30 minutes.
[EOnDrop] Zombie Spawned [25] ZmbF_SurvivorNormal_Red @ <13497.103516, 12.761335, 3011.890625> ... Lifespan:  Set to 30 minutes.
[EOnDrop] Drop spawned with 25 infected at <13487.871094, 143.068161, 3021.629883>.
[EOnDrop] Supplies have been dropped near Skalisty Island.
[EOnBeforeDelete] Aircraft despawned @ <16360.599609, 152.000610, 4134.383301>
[~AirdropPlane] Aircraft destroyed.
