[InitializeContainer] Container created on 2021-03-23 @ 05-27-26
[InitializeContainer] Winds: Vector <2.956735, 0.000000, -7.043186>, Speed 7.63863mps, Strength 0.1
[AirdropContainerFall] Drop Type 'Misc. Food', Container: 'RANDOM', Mode/Quantity/Iems: Random/29/30, Flare:  10%
[AirdropContainerFall] Loot Spawned [1] PeachesCan @ <1994.736450, 290.828461, 7574.576172> ... Lifespan: Set to 30 minutes.
[AirdropContainerFall] Loot Spawned [2] Tomato @ <1990.796875, 288.934235, 7571.229492> ... Lifespan: Set to 30 minutes.
[AirdropContainerFall] Loot Spawned [3] SodaCan_Pipsi @ <1994.645386, 290.995087, 7575.502930> ... Lifespan: Set to 30 minutes.
[AirdropContainerFall] Loot Spawned [4] Potato @ <1995.442871, 290.677551, 7572.981445> ... Lifespan: Set to 30 minutes.
[AirdropContainerFall] Loot Spawned [5] SardinesCan @ <1994.668579, 290.065643, 7571.298340> ... Lifespan: Set to 30 minutes.
[AirdropContainerFall] Loot Spawned [6] Plum @ <1995.538086, 290.362946, 7571.466309> ... Lifespan: Set to 30 minutes.
[AirdropContainerFall] Loot Spawned [7] SodaCan_Kvass @ <1992.465332, 289.249908, 7570.524414> ... Lifespan: Set to 30 minutes.
[AirdropContainerFall] Loot Spawned [8] AKM @ <1990.480347, 288.799469, 7570.991699> ... Lifespan: Set to 30 minutes.
[AirdropContainerFall] Loot Spawned [9] SambucusBerry @ <1991.683228, 289.981140, 7574.753418> ... Lifespan: Set to 30 minutes.
[AirdropContainerFall] Loot Spawned [10] SpaghettiCan @ <1995.213257, 290.825287, 7573.939453> ... Lifespan: Set to 30 minutes.
[AirdropContainerFall] Loot Spawned [11] Pumpkin @ <1992.487061, 290.104370, 7574.266113> ... Lifespan: Set to 30 minutes.
[AirdropContainerFall] Loot Spawned [12] PeachesCan @ <1994.677979, 290.614349, 7573.706543> ... Lifespan: Set to 30 minutes.
[AirdropContainerFall] Loot Spawned [13] Potato @ <1992.420288, 289.040375, 7569.616699> ... Lifespan: Set to 30 minutes.
[AirdropContainerFall] Loot Spawned [14] Zucchini @ <1991.179932, 289.531860, 7573.416504> ... Lifespan: Set to 30 minutes.
[AirdropContainerFall] Loot Spawned [15] SodaCan_Cola @ <1991.501709, 289.088959, 7571.049805> ... Lifespan: Set to 30 minutes.
[AirdropContainerFall] Loot Spawned [16] CaninaBerry @ <1990.901489, 289.563751, 7573.914063> ... Lifespan: Set to 30 minutes.
[AirdropContainerFall] Loot Spawned [17] Potato @ <1991.458008, 289.900726, 7574.687500> ... Lifespan: Set to 30 minutes.
[AirdropContainerFall] Loot Spawned [18] Potato @ <1994.669312, 289.824799, 7570.234375> ... Lifespan: Set to 30 minutes.
[AirdropContainerFall] Loot Spawned [19] TunaCan @ <1991.355469, 288.902618, 7570.345215> ... Lifespan: Set to 30 minutes.
[AirdropContainerFall] Loot Spawned [20] SpaghettiCan @ <1993.369629, 289.362732, 7569.862793> ... Lifespan: Set to 30 minutes.
[AirdropContainerFall] Loot Spawned [21] BoxCerealCrunchin @ <1994.938721, 290.828857, 7574.318359> ... Lifespan: Set to 30 minutes.
[AirdropContainerFall] Loot Spawned [22] Rice @ <1991.647095, 289.071533, 7570.780273> ... Lifespan: Set to 30 minutes.
[AirdropContainerFall] Loot Spawned [23] Rice @ <1991.651611, 289.719177, 7573.638184> ... Lifespan: Set to 30 minutes.
[AirdropContainerFall] Loot Spawned [24] Lard @ <1995.168091, 290.383057, 7572.048828> ... Lifespan: Set to 30 minutes.
[AirdropContainerFall] Loot Spawned [25] Rice @ <1991.794922, 289.690918, 7573.329590> ... Lifespan: Set to 30 minutes.
[AirdropContainerFall] Loot Spawned [26] SpaghettiCan @ <1996.770996, 290.954529, 7572.429688> ... Lifespan: Set to 30 minutes.
[AirdropContainerFall] Loot Spawned [27] PowderedMilk @ <1992.479126, 290.094971, 7574.234863> ... Lifespan: Set to 30 minutes.
[AirdropContainerFall] Loot Spawned [28] Lard @ <1991.638794, 289.403778, 7572.263184> ... Lifespan: Set to 30 minutes.
[AirdropContainerFall] Loot Spawned [29] Pumpkin @ <1994.068359, 289.660858, 7570.281738> ... Lifespan: Set to 30 minutes.
[AirdropContainerUnstuck] Container was unstuck.
[~AirdropContainerBase] Container Destroyed on 2021-03-23 @ 05-52-26
