[InitializeContainer] Container created on 2021-03-08 @ 08-49-39
[InitializeContainer] Winds: Vector <-7.189826, 0.000000, 15.149890>, Speed 16.7694mps, Strength 0.1
[AirdropContainerFall] Drop Type 'Misc. Tools', Container: 'RANDOM', Mode/Quantity/Iems: Random/20/50, Flare:  10%
[AirdropContainerFall] Loot Spawned [1] WoodAxe @ <8824.041016, 381.985199, 9264.897461> ... Lifespan: Set to 60 minutes.
[AirdropContainerFall] Loot Spawned [2] CableReel @ <8827.273438, 381.466400, 9267.214844> ... Lifespan: Set to 60 minutes.
[AirdropContainerFall] Loot Spawned [3] Wrench @ <8823.576172, 381.512878, 9267.560547> ... Lifespan: Set to 60 minutes.
[AirdropContainerFall] Loot Spawned [4] Megaphone @ <8823.635742, 382.036255, 9264.600586> ... Lifespan: Set to 60 minutes.
[AirdropContainerFall] Loot Spawned [5] Battery9V @ <8822.124023, 381.731781, 9266.463867> ... Lifespan: Set to 60 minutes.
[AirdropContainerFall] Loot Spawned [6] Screwdriver @ <8828.230469, 381.768463, 9265.424805> ... Lifespan: Set to 60 minutes.
[AirdropContainerFall] Loot Spawned [7] Machete @ <8823.374023, 381.554993, 9267.375000> ... Lifespan: Set to 60 minutes.
[AirdropContainerFall] Loot Spawned [8] Lockpick @ <8824.223633, 381.940369, 9265.162109> ... Lifespan: Set to 60 minutes.
[AirdropContainerFall] Loot Spawned [9] ChernarusMap @ <8824.173828, 381.970947, 9264.979492> ... Lifespan: Set to 60 minutes.
[AirdropContainerFall] Loot Spawned [10] PortableGasLamp @ <8823.820313, 381.397797, 9268.117188> ... Lifespan: Set to 60 minutes.
[AirdropContainerFall] Loot Spawned [11] BaseRadio @ <8824.489258, 382.080780, 9264.313477> ... Lifespan: Set to 60 minutes.
[AirdropContainerFall] Loot Spawned [12] Pickaxe @ <8823.370117, 381.775024, 9266.174805> ... Lifespan: Set to 60 minutes.
[AirdropContainerFall] Loot Spawned [13] Compass @ <8823.885742, 381.207092, 9269.092773> ... Lifespan: Set to 60 minutes.
[AirdropContainerFall] Loot Spawned [14] HuntingKnife @ <8823.640625, 381.277954, 9268.765625> ... Lifespan: Set to 60 minutes.
[AirdropContainerFall] Loot Spawned [15] SewingKit @ <8823.126953, 381.852142, 9265.717773> ... Lifespan: Set to 60 minutes.
[AirdropContainerFall] Loot Spawned [16] Lockpick @ <8827.640625, 381.523285, 9266.847656> ... Lifespan: Set to 60 minutes.
[AirdropContainerFall] Loot Spawned [17] Pliers @ <8822.678711, 381.724854, 9266.492188> ... Lifespan: Set to 60 minutes.
[AirdropContainerFall] Loot Spawned [18] CanOpener @ <8823.777344, 381.557343, 9267.298828> ... Lifespan: Set to 60 minutes.
[AirdropContainerFall] Loot Spawned [19] PersonalRadio @ <8826.930664, 381.513184, 9267.026367> ... Lifespan: Set to 60 minutes.
[AirdropContainerFall] Loot Spawned [20] WeaponCleaningKit @ <8828.269531, 381.636566, 9266.096680> ... Lifespan: Set to 60 minutes.
[AirdropContainerUnstuck] Container was unstuck.
[~AirdropContainerBase] Container Destroyed on 2021-03-08 @ 09-04-39
