[InitializeContainer] Container created on 2021-04-24 @ 14-48-11
[InitializeContainer] Winds: Vector <9.424294, 0.000000, -3.382323>, Speed 10.0129mps, Strength 0.1
[AirdropContainerFall] Drop Type 'Military East', Container: 'RANDOM', Mode/Quantity/Iems: Random/20/28, Flare:  10%
[AirdropContainerFall] Loot Spawned [1] AK_RailHndgrd @ <6535.273438, 299.396729, 7765.595703> ... Lifespan: Set to 60 minutes.
[AirdropContainerFall] Loot Spawned [2] TacticalGloves_Green @ <6534.347656, 299.170746, 7762.729004> ... Lifespan: Set to 60 minutes.
[AirdropContainerFall] Loot Spawned [3] TacticalGoggles @ <6534.810547, 299.298615, 7764.339355> ... Lifespan: Set to 60 minutes.
[AirdropContainerFall] Loot Spawned [4] CanOpener @ <6536.323730, 299.321777, 7764.903809> ... Lifespan: Set to 60 minutes.
[AirdropContainerFall] Loot Spawned [5] UniversalLight @ <6536.961914, 299.311737, 7764.905273> ... Lifespan: Set to 60 minutes.
[AirdropContainerFall] Loot Spawned [6] GorkaEJacket_Autumn @ <6539.354004, 299.051697, 7762.241699> ... Lifespan: Set to 60 minutes.
[AirdropContainerFall] Loot Spawned [7] AKM @ <6535.751465, 298.957306, 7760.240723> ... Lifespan: Set to 60 minutes.
[AirdropContainerFall] Loot Spawned [8] AKM @ <6536.782715, 299.324829, 7765.027344> ... Lifespan: Set to 60 minutes.
[AirdropContainerFall] Loot Spawned [9] AK_RailHndgrd @ <6536.128906, 299.067200, 7761.766113> ... Lifespan: Set to 60 minutes.
[AirdropContainerFall] Loot Spawned [10] GorkaEJacket_Flat @ <6535.042969, 299.021393, 7760.935059> ... Lifespan: Set to 60 minutes.
[AirdropContainerFall] Loot Spawned [11] Mag_AKM_30Rnd @ <6535.537109, 299.277313, 7764.224121> ... Lifespan: Set to 60 minutes.
[AirdropContainerFall] Loot Spawned [12] TacticalGloves_Beige @ <6535.010742, 299.186096, 7763.038574> ... Lifespan: Set to 60 minutes.
[AirdropContainerFall] Loot Spawned [13] GorkaPants_PautRev @ <6538.657715, 299.136719, 7763.145020> ... Lifespan: Set to 60 minutes.
[AirdropContainerFall] Loot Spawned [14] TacticalGoggles @ <6538.235352, 298.948944, 7760.653809> ... Lifespan: Set to 60 minutes.
[AirdropContainerFall] Loot Spawned [15] GorkaPants_Flat @ <6538.833496, 298.985657, 7761.262695> ... Lifespan: Set to 60 minutes.
[AirdropContainerFall] Loot Spawned [16] UniversalLight @ <6534.573242, 299.364014, 7765.073242> ... Lifespan: Set to 60 minutes.
[AirdropContainerFall] Loot Spawned [17] Canteen @ <6537.058105, 299.307404, 7764.872559> ... Lifespan: Set to 60 minutes.
[AirdropContainerFall] Loot Spawned [18] AK_PlasticBttstck @ <6539.080078, 299.318085, 7765.354004> ... Lifespan: Set to 60 minutes.
[AirdropContainerFall] Loot Spawned [19] AK_Suppressor @ <6538.799316, 298.985504, 7761.253418> ... Lifespan: Set to 60 minutes.
[AirdropContainerFall] Loot Spawned [20] TacticalGoggles @ <6533.901367, 299.332306, 7764.567871> ... Lifespan: Set to 60 minutes.
[AirdropContainerFall] Airdrop Flare Spawned @ <6537.583008, 299.293701, 7764.809082> ... Lifespan: Set to 60 minutes.
[AirdropContainerUnstuck] Container was unstuck.
[~AirdropContainerBase] Container Destroyed on 2021-04-24 @ 14-53-11
