[InitializeContainer] Container created on 2021-04-24 @ 14-59-24
[InitializeContainer] Winds: Vector <9.834273, 0.000000, 8.588413>, Speed 13.0566mps, Strength 0.1
[AirdropContainerFall] Drop Type 'Misc. Food', Container: 'RANDOM', Mode/Quantity/Iems: Random/20/26, Flare:  10%
[AirdropContainerFall] Loot Spawned [1] Rice @ <13498.776367, 19.386312, 3061.870117> ... Lifespan: Set to 60 minutes.
[AirdropContainerFall] Loot Spawned [2] SardinesCan @ <13499.737305, 19.410873, 3058.307861> ... Lifespan: Set to 60 minutes.
[AirdropContainerFall] Loot Spawned [3] BakedBeansCan @ <13496.722656, 18.017641, 3058.135742> ... Lifespan: Set to 60 minutes.
[AirdropContainerFall] Loot Spawned [4] PeachesCan @ <13497.763672, 18.321922, 3056.842529> ... Lifespan: Set to 60 minutes.
[AirdropContainerFall] Loot Spawned [5] PeachesCan @ <13498.940430, 19.167044, 3059.216553> ... Lifespan: Set to 60 minutes.
[AirdropContainerFall] Loot Spawned [6] Canteen @ <13495.414063, 17.847984, 3061.640869> ... Lifespan: Set to 60 minutes.
[AirdropContainerFall] Loot Spawned [7] WaterBottle @ <13495.759766, 17.918211, 3060.857422> ... Lifespan: Set to 60 minutes.
[AirdropContainerFall] Loot Spawned [8] PeachesCan @ <13497.034180, 18.668341, 3062.399902> ... Lifespan: Set to 60 minutes.
[AirdropContainerFall] Loot Spawned [9] SodaCan_Cola @ <13494.548828, 17.161272, 3059.144775> ... Lifespan: Set to 60 minutes.
[AirdropContainerFall] Loot Spawned [10] Potato @ <13495.422852, 17.741217, 3060.642334> ... Lifespan: Set to 60 minutes.
[AirdropContainerFall] Loot Spawned [11] Apple @ <13498.932617, 19.279758, 3060.123779> ... Lifespan: Set to 60 minutes.
[AirdropContainerFall] Loot Spawned [12] Apple @ <13494.513672, 16.907814, 3057.335938> ... Lifespan: Set to 60 minutes.
[AirdropContainerFall] Loot Spawned [13] BakedBeansCan @ <13498.710938, 18.996765, 3058.709961> ... Lifespan: Set to 60 minutes.
[AirdropContainerFall] Loot Spawned [14] PowderedMilk @ <13499.109375, 19.239178, 3059.179199> ... Lifespan: Set to 60 minutes.
[AirdropContainerFall] Loot Spawned [15] Rice @ <13499.755859, 19.461279, 3058.629883> ... Lifespan: Set to 60 minutes.
[AirdropContainerFall] Loot Spawned [16] WaterBottle @ <13500.018555, 19.674393, 3059.341553> ... Lifespan: Set to 60 minutes.
[AirdropContainerFall] Loot Spawned [17] BoxCerealCrunchin @ <13494.105469, 17.206684, 3061.224854> ... Lifespan: Set to 60 minutes.
[AirdropContainerFall] Loot Spawned [18] GreenBellPepper @ <13493.541016, 16.800138, 3059.888428> ... Lifespan: Set to 60 minutes.
[AirdropContainerFall] Loot Spawned [19] SodaCan_Kvass @ <13498.539063, 19.077017, 3059.922852> ... Lifespan: Set to 60 minutes.
[AirdropContainerFall] Loot Spawned [20] Tomato @ <13499.944336, 19.816525, 3061.028809> ... Lifespan: Set to 60 minutes.
[AirdropContainerUnstuck] Container was unstuck.
[~AirdropContainerBase] Container Destroyed on 2021-04-24 @ 15-04-24
