[AirdropBase] Base class created & settings loaded.
[2021-05-02 @ 21-33-04] ----------------------------------------------------------------------------------------------------
[EOnCallAirdrop] Drop zone asigned: Gorka <8775.000000, 0.000000, 9200.000000>
[EOnCallAirdrop] Drop zone offset to: <8757.956055, 2438.000000, 9288.867188>
[EOnCallAirdrop] Aircraft spawn point: <2285.827881, 2438.000000, 16360.000000>
[EOnCallAirdrop] Aircraft bearing ... Angle/Bearing: 2.30709° / 317.814°, Text: 'North/West (318°)'
[EOnCallAirdrop] Aircraft has been dispatched to 'Gorka' from the North/West (318°).
[2021-05-02 @ 22-03-29] ----------------------------------------------------------------------------------------------------
[EOnCallAirdrop] Drop zone asigned: Berezino <12450.000000, 0.000000, 9250.000000>
[EOnCallAirdrop] Drop zone offset to: <12399.574219, 2438.000000, 9292.391602>
[EOnCallAirdrop] Aircraft spawn point: <5996.556152, 2438.000000, 16360.000000>
[EOnCallAirdrop] Aircraft bearing ... Angle/Bearing: 2.30783° / 317.771°, Text: 'North/West (318°)'
[EOnCallAirdrop] Aircraft has been dispatched to 'Berezino' from the North/West (318°).
[2021-05-02 @ 22-33-56] ----------------------------------------------------------------------------------------------------
[EOnCallAirdrop] Drop zone asigned: Novodmitrovsk <11475.000000, 0.000000, 14356.000000>
[EOnCallAirdrop] Drop zone offset to: <11493.343750, 2438.000000, 14301.098633>
[EOnCallAirdrop] Aircraft spawn point: <13896.954102, 2438.000000, -1000.000000>
[EOnCallAirdrop] Aircraft bearing ... Angle/Bearing: -1.41436° / 171.037°, Text: 'South (171°)'
[EOnCallAirdrop] Aircraft has been dispatched to 'Novodmitrovsk' from the South (171°).
[2021-05-02 @ 23-04-22] ----------------------------------------------------------------------------------------------------
[EOnCallAirdrop] Drop zone asigned: Krasnostav Airstrip <12160.000000, 0.000000, 12645.000000>
[EOnCallAirdrop] Drop zone offset to: <12196.020508, 2438.000000, 12635.770508>
[EOnCallAirdrop] Aircraft spawn point: <6011.390625, 2438.000000, 16360.000000>
[EOnCallAirdrop] Aircraft bearing ... Angle/Bearing: 2.59809° / 301.14°, Text: 'North/West (301°)'
[EOnCallAirdrop] Aircraft has been dispatched to 'Krasnostav Airstrip' from the North/West (301°).
[2021-05-02 @ 23-34-48] ----------------------------------------------------------------------------------------------------
[EOnCallAirdrop] Drop zone asigned: Balota Airstrip <5025.000000, 0.000000, 2455.000000>
[EOnCallAirdrop] Drop zone offset to: <4982.425293, 2438.000000, 2452.929443>
[EOnCallAirdrop] Aircraft spawn point: <-1000.000000, 2438.000000, 3257.483398>
[EOnCallAirdrop] Aircraft bearing ... Angle/Bearing: 3.00918° / 277.587°, Text: 'West (278°)'
[EOnCallAirdrop] Aircraft has been dispatched to 'Balota Airstrip' from the West (278°).
[2021-05-03 @ 00-05-14] ----------------------------------------------------------------------------------------------------
[EOnCallAirdrop] Drop zone asigned: Myshkino <1900.000000, 0.000000, 7600.000000>
[EOnCallAirdrop] Drop zone offset to: <1905.485107, 2438.000000, 7585.521973>
[EOnCallAirdrop] Aircraft spawn point: <10425.695313, 2438.000000, 16360.000000>
[EOnCallAirdrop] Aircraft bearing ... Angle/Bearing: 0.798952° / 44.2234°, Text: 'North/East (44°)'
[EOnCallAirdrop] Aircraft has been dispatched to 'Myshkino' from the North/East (44°).
[2021-05-03 @ 00-35-40] ----------------------------------------------------------------------------------------------------
[EOnCallAirdrop] Drop zone asigned: Soverograd <8566.000000, 0.000000, 12755.000000>
[EOnCallAirdrop] Drop zone offset to: <8608.797852, 2438.000000, 12822.189453>
[EOnCallAirdrop] Aircraft spawn point: <-1000.000000, 2438.000000, 11591.257813>
[EOnCallAirdrop] Aircraft bearing ... Angle/Bearing: -3.02053° / 263.064°, Text: 'West (263°)'
[EOnCallAirdrop] Aircraft has been dispatched to 'Soverograd' from the West (263°).
