[AirdropPlane] Aircraft created on 2021-04-18 @ 01-29-49
[InitializeAircraft] Aircraft Initialized: Myshkino @ 1900/7600 (true)
[EOnBeforeDrop] The Aircraft is 1 Km from Myshkino. @ <1845.921753, 432.483459, 6102.286133>
[EOnDrop] Zombie Spawned [1] ZmbM_FarmerFat_Blue @ <1862.921143, 272.633545, 7490.338379> ... Lifespan:  Set to 30 minutes.
[EOnDrop] Zombie Spawned [2] ZmbM_FarmerFat_Green @ <1876.387573, 269.376068, 7551.949707> ... Lifespan:  Set to 30 minutes.
[EOnDrop] Zombie Spawned [3] ZmbM_HermitSkinny_Beige @ <1913.321899, 268.485504, 7535.018066> ... Lifespan:  Set to 30 minutes.
[EOnDrop] Zombie Spawned [4] ZmbM_VillagerOld_Green @ <1881.572266, 268.037506, 7514.389160> ... Lifespan:  Set to 30 minutes.
[EOnDrop] Zombie Spawned [5] ZmbF_HikerSkinny_Blue @ <1886.738525, 267.597595, 7516.764160> ... Lifespan:  Set to 30 minutes.
[EOnDrop] Zombie Spawned [6] ZmbM_FarmerFat_Green @ <1919.383911, 271.159760, 7546.556152> ... Lifespan:  Set to 30 minutes.
[EOnDrop] Zombie Spawned [7] ZmbM_HunterOld_Summer @ <1938.099243, 272.114044, 7526.558594> ... Lifespan:  Set to 30 minutes.
[EOnDrop] Zombie Spawned [8] ZmbF_MilkMaidOld_Black @ <1890.092651, 269.082794, 7545.320313> ... Lifespan:  Set to 30 minutes.
[EOnDrop] Zombie Spawned [9] ZmbF_HikerSkinny_Green @ <1919.531616, 267.134277, 7510.987793> ... Lifespan:  Set to 30 minutes.
[EOnDrop] Zombie Spawned [10] ZmbM_MotobikerFat_Black @ <1892.894897, 266.024292, 7472.435547> ... Lifespan:  Set to 30 minutes.
[EOnDrop] Zombie Spawned [11] ZmbF_MilkMaidOld_Beige @ <1931.574585, 268.402344, 7511.152344> ... Lifespan:  Set to 30 minutes.
[EOnDrop] Zombie Spawned [12] ZmbM_priestPopSkinny @ <1923.785400, 269.429626, 7527.971680> ... Lifespan:  Set to 30 minutes.
[EOnDrop] Zombie Spawned [13] ZmbF_HikerSkinny_Blue @ <1914.868530, 267.375885, 7514.900391> ... Lifespan:  Set to 30 minutes.
[EOnDrop] Zombie Spawned [14] ZmbM_VillagerOld_Green @ <1913.307007, 267.377319, 7515.574707> ... Lifespan:  Set to 30 minutes.
[EOnDrop] Zombie Spawned [15] ZmbF_HikerSkinny_Green @ <1890.903198, 269.925201, 7556.010742> ... Lifespan:  Set to 30 minutes.
[EOnDrop] Drop spawned with 15 infected at <1897.013428, 400.378967, 7515.315430>.
[EOnDrop] Supplies have been dropped near Myshkino.
[EOnBeforeDelete] Aircraft despawned @ <2216.580811, 520.303711, 16361.688477>
[~AirdropPlane] Aircraft destroyed.
