[InitializeContainer] Container created on 2021-03-28 @ 22-59-05
[InitializeContainer] Winds: Vector <8.243465, 0.000000, 10.868434>, Speed 13.641mps, Strength 0.1
[AirdropContainerFall] Drop Type 'Misc. Tools', Container: 'RANDOM', Mode/Quantity/Iems: Random/30/54, Flare:  10%
[AirdropContainerFall] Loot Spawned [1] OrienteeringCompass @ <8700.445313, 104.570999, 12838.372070> ... Lifespan: Set to 30 minutes.
[AirdropContainerFall] Loot Spawned [2] Megaphone @ <8694.884766, 104.605057, 12840.850586> ... Lifespan: Set to 30 minutes.
[AirdropContainerFall] Loot Spawned [3] BaseRadio @ <8698.536133, 104.677704, 12842.852539> ... Lifespan: Set to 30 minutes.
[AirdropContainerFall] Loot Spawned [4] ChernarusMap @ <8697.964844, 104.652260, 12842.031250> ... Lifespan: Set to 30 minutes.
[AirdropContainerFall] Loot Spawned [5] Lockpick @ <8696.242188, 104.617950, 12841.172852> ... Lifespan: Set to 30 minutes.
[AirdropContainerFall] Loot Spawned [6] Binoculars @ <8695.557617, 104.570999, 12837.393555> ... Lifespan: Set to 30 minutes.
[AirdropContainerFall] Loot Spawned [7] LeatherSewingKit @ <8697.569336, 104.570999, 12836.283203> ... Lifespan: Set to 30 minutes.
[AirdropContainerFall] Loot Spawned [8] WoodAxe @ <8700.819336, 104.570999, 12838.433594> ... Lifespan: Set to 30 minutes.
[AirdropContainerFall] Loot Spawned [9] Chemlight_Blue @ <8697.796875, 104.570999, 12836.751953> ... Lifespan: Set to 30 minutes.
[AirdropContainerFall] Loot Spawned [10] Heatpack @ <8697.611328, 104.570999, 12837.521484> ... Lifespan: Set to 30 minutes.
[AirdropContainerFall] Loot Spawned [11] Rangefinder @ <8698.133789, 104.570999, 12836.397461> ... Lifespan: Set to 30 minutes.
[AirdropContainerFall] Loot Spawned [12] CanOpener @ <8695.784180, 104.598831, 12840.695313> ... Lifespan: Set to 30 minutes.
[AirdropContainerFall] Loot Spawned [13] KOD_DVL10 @ <8699.358398, 104.570999, 12838.572266> ... Lifespan: Set to 30 minutes.
[AirdropContainerFall] Loot Spawned [14] AK101 @ <8699.264648, 104.570999, 12837.732422> ... Lifespan: Set to 30 minutes.
[AirdropContainerFall] Loot Spawned [15] Headtorch_Black @ <8697.090820, 104.685074, 12842.851563> ... Lifespan: Set to 30 minutes.
[AirdropContainerFall] Loot Spawned [16] Chemlight_Green @ <8700.261719, 104.570999, 12839.519531> ... Lifespan: Set to 30 minutes.
[AirdropContainerFall] Loot Spawned [17] CableReel @ <8696.289063, 104.570999, 12837.401367> ... Lifespan: Set to 30 minutes.
[AirdropContainerFall] Loot Spawned [18] Heatpack @ <8694.876953, 104.570999, 12838.641602> ... Lifespan: Set to 30 minutes.
[AirdropContainerFall] Loot Spawned [19] ElectronicRepairKit @ <8700.269531, 104.603310, 12840.931641> ... Lifespan: Set to 30 minutes.
[AirdropContainerFall] Loot Spawned [20] Rangefinder @ <8700.097656, 104.570999, 12837.726563> ... Lifespan: Set to 30 minutes.
[AirdropContainerFall] Loot Spawned [21] Headtorch_Black @ <8699.656250, 104.570999, 12838.083008> ... Lifespan: Set to 30 minutes.
[AirdropContainerFall] Loot Spawned [22] Hatchet @ <8700.176758, 104.570999, 12839.072266> ... Lifespan: Set to 30 minutes.
[AirdropContainerFall] Loot Spawned [23] WeaponCleaningKit @ <8698.776367, 104.570999, 12837.573242> ... Lifespan: Set to 30 minutes.
[AirdropContainerFall] Loot Spawned [24] Pliers @ <8697.354492, 104.620255, 12841.230469> ... Lifespan: Set to 30 minutes.
[AirdropContainerFall] Loot Spawned [25] PortableGasStove @ <8696.989258, 104.659882, 12842.221680> ... Lifespan: Set to 30 minutes.
[AirdropContainerFall] Loot Spawned [26] Battery9V @ <8695.785156, 104.570999, 12839.155273> ... Lifespan: Set to 30 minutes.
[AirdropContainerFall] Loot Spawned [27] Matchbox @ <8698.877930, 104.570999, 12836.215820> ... Lifespan: Set to 30 minutes.
[AirdropContainerFall] Loot Spawned [28] OrienteeringCompass @ <8699.030273, 104.665703, 12842.582031> ... Lifespan: Set to 30 minutes.
[AirdropContainerFall] Loot Spawned [29] Heatpack @ <8696.791016, 104.601501, 12840.761719> ... Lifespan: Set to 30 minutes.
[AirdropContainerFall] Loot Spawned [30] KitchenKnife @ <8695.952148, 104.570999, 12838.549805> ... Lifespan: Set to 30 minutes.
[AirdropContainerUnstuck] Container was unstuck.
[~AirdropContainerBase] Container Destroyed on 2021-03-28 @ 23-24-05
