[InitializeContainer] Container created on 2021-04-19 @ 12-50-57
[InitializeContainer] Winds: Vector <-2.748147, 0.000000, -3.836604>, Speed 4.7193mps, Strength 0.1
[AirdropContainerFall] Drop Type 'Misc. Tools', Container: 'RANDOM', Mode/Quantity/Iems: Random/30/54, Flare:  10%
[AirdropContainerFall] Loot Spawned [1] FirefighterAxe @ <1951.397339, 287.578766, 7661.210449> ... Lifespan: Set to 30 minutes.
[AirdropContainerFall] Loot Spawned [2] LugWrench @ <1949.486328, 286.924866, 7659.420410> ... Lifespan: Set to 30 minutes.
[AirdropContainerFall] Loot Spawned [3] AKM @ <1947.890381, 287.411957, 7663.873535> ... Lifespan: Set to 30 minutes.
[AirdropContainerFall] Loot Spawned [4] WoodAxe @ <1950.219360, 287.663147, 7662.790527> ... Lifespan: Set to 30 minutes.
[AirdropContainerFall] Loot Spawned [5] ChernarusMap @ <1949.957397, 287.630005, 7662.857422> ... Lifespan: Set to 30 minutes.
[AirdropContainerFall] Loot Spawned [6] KOD_M16A4 @ <1951.939819, 287.554413, 7660.563965> ... Lifespan: Set to 30 minutes.
[AirdropContainerFall] Loot Spawned [7] ChernarusMap @ <1947.686279, 286.896606, 7661.209961> ... Lifespan: Set to 30 minutes.
[AirdropContainerFall] Loot Spawned [8] Hatchet @ <1952.017822, 287.888153, 7662.358887> ... Lifespan: Set to 30 minutes.
[AirdropContainerFall] Loot Spawned [9] PortableGasStove @ <1948.416626, 286.886566, 7660.363281> ... Lifespan: Set to 30 minutes.
[AirdropContainerFall] Loot Spawned [10] PortableGasLamp @ <1949.475952, 286.663605, 7657.916016> ... Lifespan: Set to 30 minutes.
[AirdropContainerFall] Loot Spawned [11] BaseRadio @ <1947.240845, 287.096497, 7662.810547> ... Lifespan: Set to 30 minutes.
[AirdropContainerFall] Loot Spawned [12] AKM @ <1947.113770, 286.795715, 7661.264648> ... Lifespan: Set to 30 minutes.
[AirdropContainerFall] Loot Spawned [13] Pickaxe @ <1947.633789, 287.340088, 7663.749023> ... Lifespan: Set to 30 minutes.
[AirdropContainerFall] Loot Spawned [14] BaseRadio @ <1951.871948, 287.544067, 7660.569824> ... Lifespan: Set to 30 minutes.
[AirdropContainerFall] Loot Spawned [15] Hatchet @ <1949.409058, 287.792786, 7664.361328> ... Lifespan: Set to 30 minutes.
[AirdropContainerFall] Loot Spawned [16] SteakKnife @ <1951.848633, 287.503723, 7660.366211> ... Lifespan: Set to 30 minutes.
[AirdropContainerFall] Loot Spawned [17] AK101 @ <1947.721924, 286.795258, 7660.604004> ... Lifespan: Set to 30 minutes.
[AirdropContainerFall] Loot Spawned [18] OrienteeringCompass @ <1946.936890, 286.576050, 7659.899902> ... Lifespan: Set to 30 minutes.
[AirdropContainerFall] Loot Spawned [19] Compass @ <1950.998535, 287.711456, 7662.328125> ... Lifespan: Set to 30 minutes.
[AirdropContainerFall] Loot Spawned [20] ChernarusMap @ <1949.126465, 286.784332, 7659.022949> ... Lifespan: Set to 30 minutes.
[AirdropContainerFall] Loot Spawned [21] KOD_M16A4 @ <1947.796997, 287.395203, 7663.880859> ... Lifespan: Set to 30 minutes.
[AirdropContainerFall] Loot Spawned [22] KitchenKnife @ <1953.042969, 288.038177, 7662.205078> ... Lifespan: Set to 30 minutes.
[AirdropContainerFall] Loot Spawned [23] Whetstone @ <1949.575928, 287.544922, 7662.793457> ... Lifespan: Set to 30 minutes.
[AirdropContainerFall] Loot Spawned [24] BatteryCharger @ <1948.257080, 286.618530, 7658.835449> ... Lifespan: Set to 30 minutes.
[AirdropContainerFall] Loot Spawned [25] PortableGasLamp @ <1948.541016, 286.600342, 7658.304688> ... Lifespan: Set to 30 minutes.
[AirdropContainerFall] Loot Spawned [26] Hammer @ <1949.578125, 287.772369, 7664.064453> ... Lifespan: Set to 30 minutes.
[AirdropContainerFall] Loot Spawned [27] Lockpick @ <1951.715942, 287.865967, 7662.518066> ... Lifespan: Set to 30 minutes.
[AirdropContainerFall] Loot Spawned [28] Spotlight @ <1949.729858, 286.755951, 7658.211426> ... Lifespan: Set to 30 minutes.
[AirdropContainerFall] Loot Spawned [29] Machete @ <1951.333618, 287.508728, 7660.878418> ... Lifespan: Set to 30 minutes.
[AirdropContainerFall] Loot Spawned [30] SledgeHammer @ <1950.463379, 287.019043, 7658.955566> ... Lifespan: Set to 30 minutes.
[AirdropContainerUnstuck] Container was unstuck.
