[InitializeContainer] Container created on 2021-04-17 @ 02-04-30
[InitializeContainer] Winds: Vector <8.056404, 0.000000, -4.906503>, Speed 9.43289mps, Strength 0.1
[AirdropContainerFall] Drop Type 'Military West', Container: 'AirdropContainer_Military', Mode/Quantity/Iems: Random/20/46, Flare:  10%
[AirdropContainerFall] Loot Spawned [1] UKAssVest_Black @ <1903.479248, 294.545990, 8975.583984> ... Lifespan: Set to 30 minutes.
[AirdropContainerFall] Loot Spawned [2] AssaultBag_Green @ <1902.154663, 294.393066, 8979.112305> ... Lifespan: Set to 30 minutes.
[AirdropContainerFall] Loot Spawned [3] UniversalLight @ <1902.528320, 294.312378, 8980.698242> ... Lifespan: Set to 30 minutes.
[AirdropContainerFall] Loot Spawned [4] Battery9V @ <1905.710083, 294.533264, 8975.810547> ... Lifespan: Set to 30 minutes.
[AirdropContainerFall] Loot Spawned [5] M4_Suppressor @ <1900.980103, 294.444733, 8978.111328> ... Lifespan: Set to 30 minutes.
[AirdropContainerFall] Loot Spawned [6] UniversalLight @ <1904.058472, 294.547852, 8975.474609> ... Lifespan: Set to 30 minutes.
[AirdropContainerFall] Loot Spawned [7] AK101 @ <1902.780884, 294.372711, 8979.488281> ... Lifespan: Set to 30 minutes.
[AirdropContainerFall] Loot Spawned [8] TacticalGloves_Green @ <1906.152710, 294.448212, 8977.634766> ... Lifespan: Set to 30 minutes.
[AirdropContainerFall] Loot Spawned [9] Binoculars @ <1901.010742, 294.420441, 8978.642578> ... Lifespan: Set to 30 minutes.
[AirdropContainerFall] Loot Spawned [10] AssaultBag_Ttsko @ <1903.600708, 294.596771, 8974.449219> ... Lifespan: Set to 30 minutes.
[AirdropContainerFall] Loot Spawned [11] AssaultBag_Ttsko @ <1900.405029, 294.384521, 8979.506836> ... Lifespan: Set to 30 minutes.
[AirdropContainerFall] Loot Spawned [12] M9A1_Bayonet @ <1903.188599, 294.311523, 8980.536133> ... Lifespan: Set to 30 minutes.
[AirdropContainerFall] Loot Spawned [13] M4A1 @ <1901.524658, 294.507233, 8976.668945> ... Lifespan: Set to 30 minutes.
[AirdropContainerFall] Loot Spawned [14] TacticalGoggles @ <1900.952759, 294.488159, 8977.157227> ... Lifespan: Set to 30 minutes.
[AirdropContainerFall] Loot Spawned [15] TacticalBaconCan @ <1903.515625, 294.539764, 8975.716797> ... Lifespan: Set to 30 minutes.
[AirdropContainerFall] Loot Spawned [16] AssaultBag_Black @ <1906.877441, 294.423492, 8978.140625> ... Lifespan: Set to 30 minutes.
[AirdropContainerFall] Loot Spawned [17] USMCJacket_Desert @ <1904.606201, 294.501190, 8976.440430> ... Lifespan: Set to 30 minutes.
[AirdropContainerFall] Loot Spawned [18] TacticalGloves_Beige @ <1900.770264, 294.406799, 8978.972656> ... Lifespan: Set to 30 minutes.
[AirdropContainerFall] Loot Spawned [19] AmmoBox_45ACP_25Rnd @ <1905.420166, 294.485382, 8976.815430> ... Lifespan: Set to 30 minutes.
[AirdropContainerFall] Loot Spawned [20] M4_Suppressor @ <1900.712036, 294.462952, 8977.740234> ... Lifespan: Set to 30 minutes.
[AirdropContainerUnstuck] Container was unstuck.
[~AirdropContainerBase] Container Destroyed on 2021-04-17 @ 02-29-30
