[InitializeContainer] Container created on 2021-04-12 @ 14-20-09
[InitializeContainer] Winds: Vector <-2.641859, 0.000000, -4.066830>, Speed 4.84959mps, Strength 0.1
[AirdropContainerFall] Drop Type 'Military East', Container: 'AirdropContainer_Military', Mode/Quantity/Iems: Random/20/33, Flare:  10%
[AirdropContainerFall] Loot Spawned [1] AK101 @ <10049.642578, 45.201267, 2546.325684> ... Lifespan: Set to 30 minutes.
[AirdropContainerFall] Loot Spawned [2] TTsKOJacket_Camo @ <10048.126953, 45.544277, 2541.702393> ... Lifespan: Set to 30 minutes.
[AirdropContainerFall] Loot Spawned [3] CanOpener @ <10049.691406, 45.217918, 2544.290039> ... Lifespan: Set to 30 minutes.
[AirdropContainerFall] Loot Spawned [4] GorkaPants_Flat @ <10046.402344, 45.807850, 2543.157227> ... Lifespan: Set to 30 minutes.
[AirdropContainerFall] Loot Spawned [5] AKM @ <10046.995117, 45.608322, 2547.118652> ... Lifespan: Set to 30 minutes.
[AirdropContainerFall] Loot Spawned [6] AK_Suppressor @ <10045.507813, 45.854614, 2546.652588> ... Lifespan: Set to 30 minutes.
[AirdropContainerFall] Loot Spawned [7] Canteen @ <10046.879883, 45.636707, 2546.253906> ... Lifespan: Set to 30 minutes.
[AirdropContainerFall] Loot Spawned [8] Battery9V @ <10047.817383, 45.587170, 2542.151855> ... Lifespan: Set to 30 minutes.
[AirdropContainerFall] Loot Spawned [9] AK_PlasticBttstck @ <10050.449219, 45.073132, 2545.629150> ... Lifespan: Set to 30 minutes.
[AirdropContainerFall] Loot Spawned [10] GorkaEJacket_PautRev @ <10044.734375, 46.051247, 2544.795166> ... Lifespan: Set to 30 minutes.
[AirdropContainerFall] Loot Spawned [11] AK_RailHndgrd @ <10048.490234, 45.357792, 2548.382324> ... Lifespan: Set to 30 minutes.
[AirdropContainerFall] Loot Spawned [12] GorkaEJacket_Flat @ <10049.994141, 45.131638, 2547.519043> ... Lifespan: Set to 30 minutes.
[AirdropContainerFall] Loot Spawned [13] AmmoBox_762x39_20Rnd @ <10049.102539, 45.319889, 2543.522949> ... Lifespan: Set to 30 minutes.
[AirdropContainerFall] Loot Spawned [14] AKM @ <10049.634766, 45.203606, 2546.227051> ... Lifespan: Set to 30 minutes.
[AirdropContainerFall] Loot Spawned [15] WeaponCleaningKit @ <10045.540039, 45.943935, 2543.683838> ... Lifespan: Set to 30 minutes.
[AirdropContainerFall] Loot Spawned [16] GorkaPants_Flat @ <10047.240234, 45.635799, 2543.891357> ... Lifespan: Set to 30 minutes.
[AirdropContainerFall] Loot Spawned [17] KOD_M16A4 @ <10050.553711, 45.080647, 2543.448975> ... Lifespan: Set to 30 minutes.
[AirdropContainerFall] Loot Spawned [18] KOD_M110_Tan @ <10045.098633, 45.985954, 2544.816162> ... Lifespan: Set to 30 minutes.
[AirdropContainerFall] Loot Spawned [19] CanOpener @ <10049.495117, 45.250828, 2544.128418> ... Lifespan: Set to 30 minutes.
[AirdropContainerFall] Loot Spawned [20] Mag_AKM_30Rnd @ <10049.716797, 45.176022, 2547.457275> ... Lifespan: Set to 30 minutes.
[AirdropContainerUnstuck] Container was unstuck.
[~AirdropContainerBase] Container Destroyed on 2021-04-12 @ 14-45-09
