[InitializeContainer] Container created on 2021-03-12 @ 05-26-34
[InitializeContainer] Winds: Vector <9.545115, 0.000000, -3.210337>, Speed 10.0705mps, Strength 0.1
[AirdropContainerFall] Drop Type 'Military West', Container: 'AirdropContainer_Military', Mode/Quantity/Iems: Random/20/40, Flare:  10%
[AirdropContainerFall] Loot Spawned [1] FNX45 @ <8797.616211, 382.291321, 9135.756836> ... Lifespan: Set to 60 minutes.
[AirdropContainerFall] Loot Spawned [2] UniversalLight @ <8800.111328, 382.379974, 9139.064453> ... Lifespan: Set to 60 minutes.
[AirdropContainerFall] Loot Spawned [3] TacticalGloves_Beige @ <8802.182617, 382.151031, 9136.767578> ... Lifespan: Set to 60 minutes.
[AirdropContainerFall] Loot Spawned [4] Canteen @ <8799.287109, 382.147766, 9134.637695> ... Lifespan: Set to 60 minutes.
[AirdropContainerFall] Loot Spawned [5] TacticalGloves_Green @ <8796.789063, 382.416534, 9136.542969> ... Lifespan: Set to 60 minutes.
[AirdropContainerFall] Loot Spawned [6] TacticalGloves_Green @ <8800.970703, 382.273468, 9137.918945> ... Lifespan: Set to 60 minutes.
[AirdropContainerFall] Loot Spawned [7] UKAssVest_Khaki @ <8800.484375, 382.081696, 9134.440430> ... Lifespan: Set to 60 minutes.
[AirdropContainerFall] Loot Spawned [8] CombatKnife @ <8797.822266, 382.293304, 9135.941406> ... Lifespan: Set to 60 minutes.
[AirdropContainerFall] Loot Spawned [9] WeaponCleaningKit @ <8797.469727, 382.491730, 9138.959961> ... Lifespan: Set to 60 minutes.
[AirdropContainerFall] Loot Spawned [10] M4_T3NrdSOptic @ <8795.895508, 382.478668, 9135.963867> ... Lifespan: Set to 60 minutes.
[AirdropContainerFall] Loot Spawned [11] WeaponCleaningKit @ <8800.286133, 382.342896, 9138.574219> ... Lifespan: Set to 60 minutes.
[AirdropContainerFall] Loot Spawned [12] AmmoBox_556x45_20Rnd @ <8797.100586, 382.469574, 9137.958984> ... Lifespan: Set to 60 minutes.
[AirdropContainerFall] Loot Spawned [13] TacticalGloves_Black @ <8797.265625, 382.437592, 9137.709961> ... Lifespan: Set to 60 minutes.
[AirdropContainerFall] Loot Spawned [14] M9A1_Bayonet @ <8800.807617, 382.150391, 9135.748047> ... Lifespan: Set to 60 minutes.
[AirdropContainerFall] Loot Spawned [15] USMCJacket_Desert @ <8797.625977, 382.200165, 9134.299805> ... Lifespan: Set to 60 minutes.
[AirdropContainerFall] Loot Spawned [16] TacticalBaconCan @ <8800.028320, 382.126770, 9134.808594> ... Lifespan: Set to 60 minutes.
[AirdropContainerFall] Loot Spawned [17] M4_T3NrdSOptic @ <8796.572266, 382.475128, 9137.148438> ... Lifespan: Set to 60 minutes.
[AirdropContainerFall] Loot Spawned [18] MilitaryBoots_Black @ <8798.818359, 382.463959, 9139.515625> ... Lifespan: Set to 60 minutes.
[AirdropContainerFall] Loot Spawned [19] TacticalGloves_Beige @ <8798.390625, 382.244110, 9135.538086> ... Lifespan: Set to 60 minutes.
[AirdropContainerFall] Loot Spawned [20] M4A1 @ <8800.671875, 382.407532, 9139.896484> ... Lifespan: Set to 60 minutes.
[AirdropContainerUnstuck] Container was unstuck.
[~AirdropContainerBase] Container Destroyed on 2021-03-12 @ 05-51-34
