[InitializeContainer] Container created on 2021-03-10 @ 16-12-03
[InitializeContainer] Winds: Vector <-0.395715, 0.000000, -6.308125>, Speed 6.32052mps, Strength 0.1
[AirdropContainerFall] Drop Type 'Military East', Container: 'AirdropContainer_Military', Mode/Quantity/Iems: Random/20/28, Flare:  10%
[AirdropContainerFall] Loot Spawned [1] Mag_AKM_30Rnd @ <7423.821777, 7.438982, 3586.001953> ... Lifespan: Set to 60 minutes.
[AirdropContainerFall] Loot Spawned [2] TacticalGoggles @ <7428.292969, 7.220344, 3586.447998> ... Lifespan: Set to 60 minutes.
[AirdropContainerFall] Loot Spawned [3] Battery9V @ <7423.447754, 7.518738, 3586.689941> ... Lifespan: Set to 60 minutes.
[AirdropContainerFall] Loot Spawned [4] TTsKOJacket_Camo @ <7423.055176, 7.660635, 3588.232178> ... Lifespan: Set to 60 minutes.
[AirdropContainerFall] Loot Spawned [5] GorkaPants_PautRev @ <7425.888184, 7.185458, 3583.815674> ... Lifespan: Set to 60 minutes.
[AirdropContainerFall] Loot Spawned [6] GorkaPants_Summer @ <7425.226074, 7.650968, 3590.201416> ... Lifespan: Set to 60 minutes.
[AirdropContainerFall] Loot Spawned [7] Binoculars @ <7424.030273, 7.547842, 3587.668945> ... Lifespan: Set to 60 minutes.
[AirdropContainerFall] Loot Spawned [8] Battery9V @ <7428.818359, 7.174298, 3586.183105> ... Lifespan: Set to 60 minutes.
[AirdropContainerFall] Loot Spawned [9] TacticalGloves_Black @ <7428.177246, 7.409124, 3588.942627> ... Lifespan: Set to 60 minutes.
[AirdropContainerFall] Loot Spawned [10] GorkaEJacket_Summer @ <7427.590820, 7.535531, 3590.370361> ... Lifespan: Set to 60 minutes.
[AirdropContainerFall] Loot Spawned [11] Mag_AKM_30Rnd @ <7427.868164, 7.265819, 3586.774658> ... Lifespan: Set to 60 minutes.
[AirdropContainerFall] Loot Spawned [12] TTSKOPants @ <7429.070313, 7.349306, 3588.841309> ... Lifespan: Set to 60 minutes.
[AirdropContainerFall] Loot Spawned [13] TacticalGoggles @ <7429.454590, 7.258494, 3587.770996> ... Lifespan: Set to 60 minutes.
[AirdropContainerFall] Loot Spawned [14] Mag_AKM_30Rnd @ <7423.906738, 7.549084, 3587.562744> ... Lifespan: Set to 60 minutes.
[AirdropContainerFall] Loot Spawned [15] GorkaEJacket_Summer @ <7427.536621, 7.519791, 3590.023193> ... Lifespan: Set to 60 minutes.
[AirdropContainerFall] Loot Spawned [16] AK_Bayonet @ <7427.405273, 7.252039, 3586.266846> ... Lifespan: Set to 60 minutes.
[AirdropContainerFall] Loot Spawned [17] AK_RailHndgrd @ <7424.530273, 7.493410, 3587.427002> ... Lifespan: Set to 60 minutes.
[AirdropContainerFall] Loot Spawned [18] AKM @ <7428.295410, 7.369521, 3588.484131> ... Lifespan: Set to 60 minutes.
[AirdropContainerFall] Loot Spawned [19] TacticalBaconCan @ <7423.633301, 7.554959, 3587.369141> ... Lifespan: Set to 60 minutes.
[AirdropContainerFall] Loot Spawned [20] GorkaEJacket_Autumn @ <7426.286133, 7.224051, 3585.112061> ... Lifespan: Set to 60 minutes.
[AirdropContainerUnstuck] Container was unstuck.
