[InitializeContainer] Container created on 2021-05-04 @ 08-04-46
[InitializeContainer] Winds: Vector <10.548899, 0.000000, 7.049770>, Speed 12.6877mps, Strength 0.1
[AirdropContainerFall] Drop Type 'Misc. Tools', Container: 'RANDOM', Mode/Quantity/Iems: Random/20/50, Flare:  10%
[AirdropContainerFall] Loot Spawned [1] Hammer @ <3041.329346, 208.548080, 12772.516602> ... Lifespan: Set to 60 minutes.
[AirdropContainerFall] Loot Spawned [2] Shovel @ <3041.823975, 208.603043, 12791.247070> ... Lifespan: Set to 60 minutes.
[AirdropContainerFall] Loot Spawned [3] Pliers @ <3033.006348, 208.864746, 12776.038086> ... Lifespan: Set to 60 minutes.
[AirdropContainerFall] Loot Spawned [4] Pliers @ <3032.400391, 208.920532, 12787.284180> ... Lifespan: Set to 60 minutes.
[AirdropContainerFall] Loot Spawned [5] Heatpack @ <3033.706787, 208.837677, 12776.261719> ... Lifespan: Set to 60 minutes.
[AirdropContainerFall] Loot Spawned [6] Hacksaw @ <3050.280273, 208.236816, 12781.109375> ... Lifespan: Set to 60 minutes.
[AirdropContainerFall] Loot Spawned [7] WoodAxe @ <3040.779053, 208.568909, 12772.743164> ... Lifespan: Set to 60 minutes.
[AirdropContainerFall] Loot Spawned [8] Binoculars @ <3050.019775, 208.246384, 12781.047852> ... Lifespan: Set to 60 minutes.
[AirdropContainerFall] Loot Spawned [9] CombatKnife @ <3032.276611, 208.922821, 12786.701172> ... Lifespan: Set to 60 minutes.
[AirdropContainerFall] Loot Spawned [10] OrienteeringCompass @ <3049.403076, 208.287476, 12786.250977> ... Lifespan: Set to 60 minutes.
[AirdropContainerFall] Loot Spawned [11] CombatKnife @ <3040.946533, 208.641129, 12791.696289> ... Lifespan: Set to 60 minutes.
[AirdropContainerFall] Loot Spawned [12] Headtorch_Black @ <3047.362793, 208.332367, 12774.910156> ... Lifespan: Set to 60 minutes.
[AirdropContainerFall] Loot Spawned [13] Chemlight_Yellow @ <3043.083984, 208.482544, 12772.471680> ... Lifespan: Set to 60 minutes.
[AirdropContainerFall] Loot Spawned [14] Hacksaw @ <3040.079834, 208.676941, 12792.025391> ... Lifespan: Set to 60 minutes.
[AirdropContainerFall] Loot Spawned [15] Whetstone @ <3034.318359, 208.814026, 12774.741211> ... Lifespan: Set to 60 minutes.
[AirdropContainerFall] Loot Spawned [16] Chemlight_Yellow @ <3045.344238, 208.400726, 12773.297852> ... Lifespan: Set to 60 minutes.
[AirdropContainerFall] Loot Spawned [17] Battery9V @ <3031.741943, 208.940674, 12786.175781> ... Lifespan: Set to 60 minutes.
[AirdropContainerFall] Loot Spawned [18] Hacksaw @ <3040.994629, 208.638565, 12791.600586> ... Lifespan: Set to 60 minutes.
[AirdropContainerFall] Loot Spawned [19] LeatherSewingKit @ <3040.210693, 208.590042, 12772.677734> ... Lifespan: Set to 60 minutes.
[AirdropContainerFall] Loot Spawned [20] Compass @ <3046.351318, 208.418060, 12789.856445> ... Lifespan: Set to 60 minutes.
[AirdropContainerUnstuck] Container was unstuck.
[~AirdropContainerBase] Container Destroyed on 2021-05-04 @ 08-34-46
