[AirdropPlane] Aircraft created on 2021-04-01 @ 02-17-19
[InitializeAircraft] Aircraft Initialized: Novaya Petrovka @ 3100/12840 (true)
[EOnBeforeDrop] The Aircraft is 1 Km from Novaya Petrovka. @ <4141.332031, 372.763977, 13917.988281>
[EOnDrop] Zombie Spawned [1] ZmbM_CitizenASkinny_Brown @ <3159.358398, 205.164734, 12914.208008> ... Lifespan:  Set to 30 minutes.
[EOnDrop] Zombie Spawned [2] ZmbF_JoggerSkinny_Brown @ <3160.724609, 204.880890, 12956.980469> ... Lifespan:  Set to 30 minutes.
[EOnDrop] Zombie Spawned [3] ZmbF_ShortSkirt_grey @ <3192.671875, 203.731918, 12903.284180> ... Lifespan:  Set to 30 minutes.
[EOnDrop] Zombie Spawned [4] ZmbM_CommercialPilotOld_Brown @ <3137.289551, 205.698746, 12876.991211> ... Lifespan:  Set to 30 minutes.
[EOnDrop] Zombie Spawned [5] ZmbF_PatientOld @ <3158.376465, 205.227310, 12942.622070> ... Lifespan:  Set to 30 minutes.
[EOnDrop] Zombie Spawned [6] ZmbM_SkaterYoung_Green @ <3128.993408, 206.094742, 12887.173828> ... Lifespan:  Set to 30 minutes.
[EOnDrop] Zombie Spawned [7] ZmbF_SkaterYoung_Violet @ <3179.250000, 204.156052, 12887.708984> ... Lifespan:  Set to 30 minutes.
[EOnDrop] Zombie Spawned [8] ZmbF_Clerk_Normal_Blue @ <3191.983398, 203.920151, 12924.937500> ... Lifespan:  Set to 30 minutes.
[EOnDrop] Zombie Spawned [9] ZmbM_PolicemanFat @ <3147.791504, 205.341995, 12884.492188> ... Lifespan:  Set to 30 minutes.
[EOnDrop] Zombie Spawned [10] ZmbM_JoggerSkinny_Green @ <3207.681641, 203.308121, 12923.771484> ... Lifespan:  Set to 30 minutes.
[EOnDrop] Zombie Spawned [11] ZmbM_CommercialPilotOld_Olive @ <3127.350342, 206.391830, 12916.781250> ... Lifespan:  Set to 30 minutes.
[EOnDrop] Zombie Spawned [12] ZmbM_JoggerSkinny_Red @ <3144.635986, 205.359985, 12867.386719> ... Lifespan:  Set to 30 minutes.
[EOnDrop] Zombie Spawned [13] ZmbF_SkaterYoung_Violet @ <3175.654053, 204.470352, 12911.339844> ... Lifespan:  Set to 30 minutes.
[EOnDrop] Zombie Spawned [14] ZmbF_ShortSkirt_beige @ <3169.091797, 204.411377, 12865.150391> ... Lifespan:  Set to 30 minutes.
[EOnDrop] Zombie Spawned [15] ZmbM_CitizenASkinny_Red @ <3180.423584, 204.164459, 12896.407227> ... Lifespan:  Set to 30 minutes.
[EOnDrop] Zombie Spawned [16] ZmbM_DoctorFat @ <3189.685059, 203.938812, 12915.411133> ... Lifespan:  Set to 30 minutes.
[EOnDrop] Zombie Spawned [17] ZmbF_ShortSkirt_black @ <3207.495117, 203.297272, 12921.300781> ... Lifespan:  Set to 30 minutes.
[EOnDrop] Zombie Spawned [18] ZmbF_PatientOld @ <3160.325928, 204.847473, 12882.514648> ... Lifespan:  Set to 30 minutes.
[EOnDrop] Zombie Spawned [19] ZmbM_CommercialPilotOld_Blue @ <3156.731445, 205.381714, 12928.254883> ... Lifespan:  Set to 30 minutes.
[EOnDrop] Zombie Spawned [20] ZmbF_ShortSkirt_black @ <3148.014160, 205.697083, 12921.588867> ... Lifespan:  Set to 30 minutes.
[EOnDrop] Zombie Spawned [21] ZmbM_SkaterYoung_Brown @ <3168.426758, 204.834045, 12918.824219> ... Lifespan:  Set to 30 minutes.
[EOnDrop] Zombie Spawned [22] ZmbF_JoggerSkinny_Brown @ <3170.193115, 204.698303, 12911.620117> ... Lifespan:  Set to 30 minutes.
[EOnDrop] Zombie Spawned [23] ZmbF_ShortSkirt_grey @ <3186.457520, 203.907867, 12892.046875> ... Lifespan:  Set to 30 minutes.
[EOnDrop] Zombie Spawned [24] ZmbM_CommercialPilotOld_Grey @ <3138.345703, 205.994293, 12940.925781> ... Lifespan:  Set to 30 minutes.
[EOnDrop] Zombie Spawned [25] ZmbF_CitizenANormal_Brown @ <3166.864990, 204.582504, 12880.239258> ... Lifespan:  Set to 30 minutes.
[EOnDrop] Drop spawned with 25 infected at <3165.214844, 344.194305, 12908.457031>.
[EOnDrop] Supplies have been dropped near Novaya Petrovka.
[EOnBeforeDelete] Aircraft despawned @ <-1000.640564, 357.040375, 8599.921875>
[~AirdropPlane] Aircraft destroyed.
