[InitializeContainer] Container created on 2021-04-08 @ 13-54-12
[InitializeContainer] Winds: Vector <5.352257, 0.000000, -6.554050>, Speed 8.46181mps, Strength 0.1
[AirdropContainerFall] Drop Type 'Military East', Container: 'AirdropContainer_Military', Mode/Quantity/Iems: Random/20/33, Flare:  10%
[AirdropContainerFall] Loot Spawned [1] CanOpener @ <6625.573242, 312.462402, 7883.481445> ... Lifespan: Set to 30 minutes.
[AirdropContainerFall] Loot Spawned [2] GorkaPants_Autumn @ <6628.628906, 312.266479, 7881.853516> ... Lifespan: Set to 30 minutes.
[AirdropContainerFall] Loot Spawned [3] Canteen @ <6630.228516, 312.777802, 7886.876465> ... Lifespan: Set to 30 minutes.
[AirdropContainerFall] Loot Spawned [4] GorkaPants_Summer @ <6630.312500, 312.174164, 7881.107910> ... Lifespan: Set to 30 minutes.
[AirdropContainerFall] Loot Spawned [5] GorkaEJacket_PautRev @ <6626.885742, 312.669647, 7885.497070> ... Lifespan: Set to 30 minutes.
[AirdropContainerFall] Loot Spawned [6] AKM @ <6631.255371, 312.350616, 7883.003418> ... Lifespan: Set to 30 minutes.
[AirdropContainerFall] Loot Spawned [7] GorkaPants_Summer @ <6627.519043, 312.834930, 7887.127441> ... Lifespan: Set to 30 minutes.
[AirdropContainerFall] Loot Spawned [8] Canteen @ <6628.216797, 312.312622, 7882.276367> ... Lifespan: Set to 30 minutes.
[AirdropContainerFall] Loot Spawned [9] KOD_M16A4 @ <6628.608398, 312.178253, 7880.980957> ... Lifespan: Set to 30 minutes.
[AirdropContainerFall] Loot Spawned [10] GorkaPants_Autumn @ <6631.578613, 312.557678, 7885.026367> ... Lifespan: Set to 30 minutes.
[AirdropContainerFall] Loot Spawned [11] AK_RailHndgrd @ <6629.980469, 312.715546, 7886.243164> ... Lifespan: Set to 30 minutes.
[AirdropContainerFall] Loot Spawned [12] TTSKOPants @ <6625.675781, 312.349182, 7882.436035> ... Lifespan: Set to 30 minutes.
[AirdropContainerFall] Loot Spawned [13] TTsKOJacket_Camo @ <6626.096680, 312.503906, 7883.903809> ... Lifespan: Set to 30 minutes.
[AirdropContainerFall] Loot Spawned [14] GorkaEJacket_Autumn @ <6626.854492, 312.252380, 7881.573730> ... Lifespan: Set to 30 minutes.
[AirdropContainerFall] Loot Spawned [15] Battery9V @ <6628.093262, 312.702026, 7885.923340> ... Lifespan: Set to 30 minutes.
[AirdropContainerFall] Loot Spawned [16] AK_RailHndgrd @ <6631.277344, 312.518463, 7884.601074> ... Lifespan: Set to 30 minutes.
[AirdropContainerFall] Loot Spawned [17] TacticalGloves_Beige @ <6631.201660, 312.359436, 7883.077637> ... Lifespan: Set to 30 minutes.
[AirdropContainerFall] Loot Spawned [18] AK101 @ <6625.260254, 312.560028, 7884.361328> ... Lifespan: Set to 30 minutes.
[AirdropContainerFall] Loot Spawned [19] AKM @ <6629.935547, 312.699127, 7886.083008> ... Lifespan: Set to 30 minutes.
[AirdropContainerFall] Loot Spawned [20] AmmoBox_762x39_20Rnd @ <6628.992676, 312.321747, 7882.427246> ... Lifespan: Set to 30 minutes.
[AirdropContainerUnstuck] Container was unstuck.
[~AirdropContainerBase] Container Destroyed on 2021-04-08 @ 14-19-12
