[InitializeContainer] Container created on 2021-03-16 @ 22-28-36
[InitializeContainer] Winds: Vector <4.353979, 0.000000, -6.855236>, Speed 8.12105mps, Strength 0.1
[AirdropContainerFall] Drop Type 'Misc. Food', Container: 'RANDOM', Mode/Quantity/Iems: Random/29/30, Flare:  10%
[AirdropContainerFall] Loot Spawned [1] TacticalBaconCan @ <12102.542969, 140.001007, 12698.072266> ... Lifespan: Set to 30 minutes.
[AirdropContainerFall] Loot Spawned [2] SpaghettiCan @ <12103.280273, 140.001007, 12694.932617> ... Lifespan: Set to 30 minutes.
[AirdropContainerFall] Loot Spawned [3] SodaCan_Spite @ <12103.260742, 140.001007, 12694.943359> ... Lifespan: Set to 30 minutes.
[AirdropContainerFall] Loot Spawned [4] PeachesCan @ <12103.799805, 140.001007, 12696.952148> ... Lifespan: Set to 30 minutes.
[AirdropContainerFall] Loot Spawned [5] CaninaBerry @ <12099.136719, 140.001007, 12694.823242> ... Lifespan: Set to 30 minutes.
[AirdropContainerFall] Loot Spawned [6] SardinesCan @ <12104.747070, 140.001007, 12697.393555> ... Lifespan: Set to 30 minutes.
[AirdropContainerFall] Loot Spawned [7] Plum @ <12105.374023, 140.001007, 12696.384766> ... Lifespan: Set to 30 minutes.
[AirdropContainerFall] Loot Spawned [8] SpaghettiCan @ <12102.377930, 140.001007, 12692.603516> ... Lifespan: Set to 30 minutes.
[AirdropContainerFall] Loot Spawned [9] TacticalBaconCan @ <12102.138672, 140.001007, 12693.267578> ... Lifespan: Set to 30 minutes.
[AirdropContainerFall] Loot Spawned [10] Apple @ <12099.106445, 140.001007, 12695.210938> ... Lifespan: Set to 30 minutes.
[AirdropContainerFall] Loot Spawned [11] Zucchini @ <12101.524414, 140.001007, 12698.355469> ... Lifespan: Set to 30 minutes.
[AirdropContainerFall] Loot Spawned [12] Lard @ <12102.068359, 140.001007, 12693.159180> ... Lifespan: Set to 30 minutes.
[AirdropContainerFall] Loot Spawned [13] Pumpkin @ <12102.042969, 140.001007, 12697.622070> ... Lifespan: Set to 30 minutes.
[AirdropContainerFall] Loot Spawned [14] TunaCan @ <12099.183594, 140.001007, 12695.352539> ... Lifespan: Set to 30 minutes.
[AirdropContainerFall] Loot Spawned [15] CaninaBerry @ <12104.468750, 140.001007, 12698.494141> ... Lifespan: Set to 30 minutes.
[AirdropContainerFall] Loot Spawned [16] Plum @ <12102.943359, 140.001007, 12693.904297> ... Lifespan: Set to 30 minutes.
[AirdropContainerFall] Loot Spawned [17] KOD_DVL10 @ <12101.031250, 140.001007, 12697.125977> ... Lifespan: Set to 30 minutes.
[AirdropContainerFall] Loot Spawned [18] PeachesCan @ <12101.589844, 140.001007, 12693.326172> ... Lifespan: Set to 30 minutes.
[AirdropContainerFall] Loot Spawned [19] Tomato @ <12103.415039, 140.001007, 12697.396484> ... Lifespan: Set to 30 minutes.
[AirdropContainerFall] Loot Spawned [20] AK101 @ <12098.710938, 140.001007, 12695.176758> ... Lifespan: Set to 30 minutes.
[AirdropContainerFall] Loot Spawned [21] CaninaBerry @ <12102.634766, 140.001007, 12697.960938> ... Lifespan: Set to 30 minutes.
[AirdropContainerFall] Loot Spawned [22] Pumpkin @ <12101.637695, 140.001007, 12694.370117> ... Lifespan: Set to 30 minutes.
[AirdropContainerFall] Loot Spawned [23] SpaghettiCan @ <12104.337891, 140.001007, 12697.399414> ... Lifespan: Set to 30 minutes.
[AirdropContainerFall] Loot Spawned [24] Lard @ <12099.249023, 140.001007, 12696.782227> ... Lifespan: Set to 30 minutes.
[AirdropContainerFall] Loot Spawned [25] Tomato @ <12100.403320, 140.001007, 12695.053711> ... Lifespan: Set to 30 minutes.
[AirdropContainerFall] Loot Spawned [26] GreenBellPepper @ <12099.427734, 140.001007, 12694.379883> ... Lifespan: Set to 30 minutes.
[AirdropContainerFall] Loot Spawned [27] KOD_M16A4 @ <12104.306641, 140.001007, 12696.665039> ... Lifespan: Set to 30 minutes.
[AirdropContainerFall] Loot Spawned [28] SpaghettiCan @ <12100.325195, 140.001007, 12694.566406> ... Lifespan: Set to 30 minutes.
[AirdropContainerFall] Loot Spawned [29] SodaCan_Spite @ <12098.995117, 140.001007, 12696.278320> ... Lifespan: Set to 30 minutes.
[AirdropContainerUnstuck] Container was unstuck.
[~AirdropContainerBase] Container Destroyed on 2021-03-16 @ 22-53-36
