[InitializeContainer] Container created on 2021-04-21 @ 05-29-19
[InitializeContainer] Winds: Vector <6.284799, 0.000000, -6.136920>, Speed 8.7841mps, Strength 0.1
[AirdropContainerFall] Drop Type 'Military West', Container: 'AirdropContainer_Military', Mode/Quantity/Iems: Random/20/46, Flare:  10%
[AirdropContainerFall] Loot Spawned [1] Canteen @ <6542.236816, 308.670990, 7849.331543> ... Lifespan: Set to 30 minutes.
[AirdropContainerFall] Loot Spawned [2] UKAssVest_Camo @ <6538.526855, 308.631653, 7848.696777> ... Lifespan: Set to 30 minutes.
[AirdropContainerFall] Loot Spawned [3] AssaultBag_Green @ <6540.293457, 309.154266, 7853.189941> ... Lifespan: Set to 30 minutes.
[AirdropContainerFall] Loot Spawned [4] TacticalBaconCan @ <6539.894531, 309.232178, 7853.772949> ... Lifespan: Set to 30 minutes.
[AirdropContainerFall] Loot Spawned [5] M4_CQBBttstck @ <6537.636230, 308.746033, 7849.429199> ... Lifespan: Set to 30 minutes.
[AirdropContainerFall] Loot Spawned [6] USMCPants_Desert @ <6539.641602, 308.594696, 7848.626465> ... Lifespan: Set to 30 minutes.
[AirdropContainerFall] Loot Spawned [7] MilitaryBoots_Brown @ <6542.338379, 308.771271, 7850.133301> ... Lifespan: Set to 30 minutes.
[AirdropContainerFall] Loot Spawned [8] M4A1 @ <6542.111328, 309.103027, 7852.894531> ... Lifespan: Set to 30 minutes.
[AirdropContainerFall] Loot Spawned [9] KOD_M110_Tan @ <6540.160156, 309.026520, 7852.145996> ... Lifespan: Set to 30 minutes.
[AirdropContainerFall] Loot Spawned [10] Battery9V @ <6538.480469, 308.656464, 7848.885254> ... Lifespan: Set to 30 minutes.
[AirdropContainerFall] Loot Spawned [11] WeaponCleaningKit @ <6540.924805, 308.509491, 7848.028809> ... Lifespan: Set to 30 minutes.
[AirdropContainerFall] Loot Spawned [12] M4_T3NrdSOptic @ <6543.234375, 308.857178, 7850.915527> ... Lifespan: Set to 30 minutes.
[AirdropContainerFall] Loot Spawned [13] M4_RISHndgrd @ <6539.448242, 309.137909, 7852.908691> ... Lifespan: Set to 30 minutes.
[AirdropContainerFall] Loot Spawned [14] Mag_STANAG_30Rnd @ <6538.814453, 308.564819, 7848.221680> ... Lifespan: Set to 30 minutes.
[AirdropContainerFall] Loot Spawned [15] Mag_FNX45_15Rnd @ <6542.927734, 308.876068, 7851.054199> ... Lifespan: Set to 30 minutes.
[AirdropContainerFall] Loot Spawned [16] Rangefinder @ <6541.486328, 308.657898, 7849.219238> ... Lifespan: Set to 30 minutes.
[AirdropContainerFall] Loot Spawned [17] MilitaryBoots_Bluerock @ <6541.542969, 308.560638, 7848.443359> ... Lifespan: Set to 30 minutes.
[AirdropContainerFall] Loot Spawned [18] PistolSuppressor @ <6539.062500, 309.175629, 7853.125000> ... Lifespan: Set to 30 minutes.
[AirdropContainerFall] Loot Spawned [19] KOD_RSASS_Black @ <6542.056152, 308.699707, 7849.558594> ... Lifespan: Set to 30 minutes.
[AirdropContainerFall] Loot Spawned [20] Canteen @ <6543.313477, 308.748657, 7850.006836> ... Lifespan: Set to 30 minutes.
[AirdropContainerUnstuck] Container was unstuck.
[~AirdropContainerBase] Container Destroyed on 2021-04-21 @ 05-54-19
