[InitializeContainer] Container created on 2021-04-24 @ 15-01-52
[InitializeContainer] Winds: Vector <-2.038056, 0.000000, -0.027204>, Speed 2.03824mps, Strength 0.1
[AirdropContainerFall] Drop Type 'Military East', Container: 'RANDOM', Mode/Quantity/Iems: Random/20/28, Flare:  10%
[AirdropContainerFall] Loot Spawned [1] GorkaEJacket_Flat @ <11412.862305, 39.621609, 14413.065430> ... Lifespan: Set to 60 minutes.
[AirdropContainerFall] Loot Spawned [2] AK_RailHndgrd @ <11415.554688, 39.443569, 14412.200195> ... Lifespan: Set to 60 minutes.
[AirdropContainerFall] Loot Spawned [3] Canteen @ <11414.431641, 39.522087, 14413.898438> ... Lifespan: Set to 60 minutes.
[AirdropContainerFall] Loot Spawned [4] GorkaPants_PautRev @ <11412.488281, 39.618439, 14409.277344> ... Lifespan: Set to 60 minutes.
[AirdropContainerFall] Loot Spawned [5] UniversalLight @ <11413.530273, 39.588528, 14413.915039> ... Lifespan: Set to 60 minutes.
[AirdropContainerFall] Loot Spawned [6] WeaponCleaningKit @ <11416.451172, 39.423138, 14411.553711> ... Lifespan: Set to 60 minutes.
[AirdropContainerFall] Loot Spawned [7] TacticalGloves_Beige @ <11415.052734, 39.475910, 14413.681641> ... Lifespan: Set to 60 minutes.
[AirdropContainerFall] Loot Spawned [8] GorkaPants_Autumn @ <11413.549805, 39.590179, 14414.083008> ... Lifespan: Set to 60 minutes.
[AirdropContainerFall] Loot Spawned [9] AKM @ <11412.242188, 39.656841, 14412.514648> ... Lifespan: Set to 60 minutes.
[AirdropContainerFall] Loot Spawned [10] Mag_AKM_30Rnd @ <11411.440430, 39.740593, 14413.853516> ... Lifespan: Set to 60 minutes.
[AirdropContainerFall] Loot Spawned [11] AmmoBox_762x39_20Rnd @ <11412.205078, 39.643311, 14411.645508> ... Lifespan: Set to 60 minutes.
[AirdropContainerFall] Loot Spawned [12] GorkaPants_Summer @ <11413.997070, 39.486507, 14410.284180> ... Lifespan: Set to 60 minutes.
[AirdropContainerFall] Loot Spawned [13] AK_Suppressor @ <11415.177734, 39.417027, 14410.589844> ... Lifespan: Set to 60 minutes.
[AirdropContainerFall] Loot Spawned [14] AKM @ <11412.707031, 39.656693, 14414.333984> ... Lifespan: Set to 60 minutes.
[AirdropContainerFall] Loot Spawned [15] TacticalGloves_Green @ <11414.821289, 39.517937, 14415.044922> ... Lifespan: Set to 60 minutes.
[AirdropContainerFall] Loot Spawned [16] GorkaPants_Flat @ <11416.489258, 39.457756, 14413.427734> ... Lifespan: Set to 60 minutes.
[AirdropContainerFall] Loot Spawned [17] AK_Bayonet @ <11415.305664, 39.427628, 14411.221680> ... Lifespan: Set to 60 minutes.
[AirdropContainerFall] Loot Spawned [18] GorkaEJacket_Summer @ <11414.919922, 39.493137, 14414.264648> ... Lifespan: Set to 60 minutes.
[AirdropContainerFall] Loot Spawned [19] GorkaPants_Flat @ <11414.398438, 39.540073, 14414.732422> ... Lifespan: Set to 60 minutes.
[AirdropContainerFall] Loot Spawned [20] GorkaEJacket_Autumn @ <11412.567383, 39.665703, 14414.269531> ... Lifespan: Set to 60 minutes.
[AirdropContainerUnstuck] Container was unstuck.
[~AirdropContainerBase] Container Destroyed on 2021-04-24 @ 15-06-52
