[AirdropPlane] Aircraft created on 2021-03-26 @ 22-27-09
[InitializeAircraft] Aircraft Initialized: Berezino @ 12450/9250 (true)
[EOnBeforeDrop] The Aircraft is 1 Km from Berezino. @ <13277.343750, 152.086380, 10500.839844>
[EOnDrop] Zombie Spawned [1] ZmbF_BlueCollarFat_Red @ <12535.737305, 12.266802, 9329.328125> ... Lifespan:  Set to 30 minutes.
[EOnDrop] Zombie Spawned [2] ZmbF_BlueCollarFat_Blue @ <12450.792969, 19.136343, 9318.635742> ... Lifespan:  Set to 30 minutes.
[EOnDrop] Zombie Spawned [3] ZmbF_BlueCollarFat_Blue @ <12494.004883, 15.028149, 9326.448242> ... Lifespan:  Set to 30 minutes.
[EOnDrop] Zombie Spawned [4] ZmbM_MechanicSkinny_Red @ <12492.923828, 15.546526, 9269.681641> ... Lifespan:  Set to 30 minutes.
[EOnDrop] Zombie Spawned [5] ZmbM_HandymanNormal_Beige @ <12498.250977, 15.236544, 9307.235352> ... Lifespan:  Set to 30 minutes.
[EOnDrop] Zombie Spawned [6] ZmbM_HandymanNormal_Grey @ <12519.968750, 13.729044, 9321.455078> ... Lifespan:  Set to 30 minutes.
[EOnDrop] Zombie Spawned [7] ZmbM_OffshoreWorker_Green @ <12458.684570, 17.733446, 9330.887695> ... Lifespan:  Set to 30 minutes.
[EOnDrop] Zombie Spawned [8] ZmbF_MechanicNormal_Grey @ <12501.790039, 15.005660, 9319.996094> ... Lifespan:  Set to 30 minutes.
[EOnDrop] Zombie Spawned [9] ZmbF_BlueCollarFat_White @ <12518.201172, 14.030598, 9319.789063> ... Lifespan:  Set to 30 minutes.
[EOnDrop] Zombie Spawned [10] ZmbF_BlueCollarFat_Blue @ <12484.994141, 15.978582, 9320.820313> ... Lifespan:  Set to 30 minutes.
[EOnDrop] Zombie Spawned [11] ZmbM_OffshoreWorker_Yellow @ <12456.155273, 16.751934, 9340.242188> ... Lifespan:  Set to 30 minutes.
[EOnDrop] Zombie Spawned [12] ZmbM_ConstrWorkerNormal_Green @ <12496.532227, 15.423254, 9286.700195> ... Lifespan:  Set to 30 minutes.
[EOnDrop] Zombie Spawned [13] ZmbM_MechanicSkinny_Grey @ <12531.047852, 12.918419, 9295.837891> ... Lifespan:  Set to 30 minutes.
[EOnDrop] Zombie Spawned [14] ZmbF_BlueCollarFat_Blue @ <12492.917969, 14.063596, 9345.469727> ... Lifespan:  Set to 30 minutes.
[EOnDrop] Zombie Spawned [15] ZmbM_OffshoreWorker_Red @ <12506.406250, 14.827098, 9321.268555> ... Lifespan:  Set to 30 minutes.
[EOnDrop] Zombie Spawned [16] ZmbF_MechanicNormal_Green @ <12490.181641, 15.582567, 9318.957031> ... Lifespan:  Set to 30 minutes.
[EOnDrop] Zombie Spawned [17] ZmbM_HandymanNormal_Green @ <12476.441406, 17.133120, 9309.206055> ... Lifespan:  Set to 30 minutes.
[EOnDrop] Zombie Spawned [18] ZmbM_ConstrWorkerNormal_Beige @ <12513.154297, 13.519899, 9270.502930> ... Lifespan:  Set to 30 minutes.
[EOnDrop] Zombie Spawned [19] ZmbM_ConstrWorkerNormal_Beige @ <12502.177734, 13.024934, 9350.208984> ... Lifespan:  Set to 30 minutes.
[EOnDrop] Zombie Spawned [20] ZmbF_BlueCollarFat_Blue @ <12524.789063, 13.930570, 9302.647461> ... Lifespan:  Set to 30 minutes.
[EOnDrop] Drop spawned with 20 infected at <12491.777344, 150.959641, 9313.121094>.
[EOnDrop] Supplies have been dropped near Berezino.
[EOnBeforeDelete] Aircraft despawned @ <5668.632813, 152.000610, -1000.786987>
[~AirdropPlane] Aircraft destroyed.
