[AirdropPlane] Aircraft created on 2021-03-27 @ 18-52-28
[InitializeAircraft] Aircraft Initialized: Soverograd @ 8566/12755 (true)
[EOnBeforeDrop] The Aircraft is 1 Km from Soverograd. @ <7388.044922, 398.358826, 13680.908203>
[EOnDrop] Zombie Spawned [1] ZmbF_Clerk_Normal_Blue @ <8527.923828, 105.092300, 12786.437500> ... Lifespan:  Set to 30 minutes.
[EOnDrop] Spawn failed for zombie [2] 'ZmbM_JacketNormal_greenchecks', it does not exist in DayZ!
[EOnDrop] Zombie Spawned [3] ZmbF_ShortSkirt_stripes @ <8484.924805, 106.896103, 12807.725586> ... Lifespan:  Set to 30 minutes.
[EOnDrop] Zombie Spawned [4] ZmbM_CitizenBFat_Red @ <8517.314453, 105.690559, 12811.888672> ... Lifespan:  Set to 30 minutes.
[EOnDrop] Zombie Spawned [5] ZmbM_ClerkFat_Grey @ <8515.315430, 105.822052, 12813.763672> ... Lifespan:  Set to 30 minutes.
[EOnDrop] Zombie Spawned [6] ZmbF_Clerk_Normal_Green @ <8489.467773, 106.216400, 12800.092773> ... Lifespan:  Set to 30 minutes.
[EOnDrop] Zombie Spawned [7] ZmbF_JournalistNormal_Red @ <8508.332031, 107.158440, 12827.027344> ... Lifespan:  Set to 30 minutes.
[EOnDrop] Zombie Spawned [8] ZmbF_SkaterYoung_Brown @ <8498.763672, 105.645714, 12778.878906> ... Lifespan:  Set to 30 minutes.
[EOnDrop] Zombie Spawned [9] ZmbM_ParamedicNormal_Red @ <8474.592773, 107.210541, 12802.833984> ... Lifespan:  Set to 30 minutes.
[EOnDrop] Zombie Spawned [10] ZmbF_Clerk_Normal_Red @ <8519.801758, 105.343651, 12792.519531> ... Lifespan:  Set to 30 minutes.
[EOnDrop] Zombie Spawned [11] ZmbF_ShortSkirt_red @ <8487.809570, 108.399132, 12838.651367> ... Lifespan:  Set to 30 minutes.
[EOnDrop] Zombie Spawned [12] ZmbF_NurseFat @ <8502.643555, 105.494835, 12779.684570> ... Lifespan:  Set to 30 minutes.
[EOnDrop] Zombie Spawned [13] ZmbF_JournalistNormal_White @ <8456.307617, 107.061775, 12785.417969> ... Lifespan:  Set to 30 minutes.
[EOnDrop] Zombie Spawned [14] ZmbM_PatientSkinny @ <8465.289063, 107.222954, 12805.701172> ... Lifespan:  Set to 30 minutes.
[EOnDrop] Zombie Spawned [15] ZmbM_Jacket_greenchecks @ <8501.217773, 106.185982, 12812.896484> ... Lifespan:  Set to 30 minutes.
[EOnDrop] Zombie Spawned [16] ZmbM_CitizenASkinny_Red @ <8476.902344, 108.374680, 12832.131836> ... Lifespan:  Set to 30 minutes.
[EOnDrop] Zombie Spawned [17] ZmbF_SkaterYoung_Violet @ <8477.464844, 106.718056, 12789.504883> ... Lifespan:  Set to 30 minutes.
[EOnDrop] Zombie Spawned [18] ZmbF_PatientOld @ <8463.800781, 107.113464, 12792.825195> ... Lifespan:  Set to 30 minutes.
[EOnDrop] Zombie Spawned [19] ZmbM_JoggerSkinny_Green @ <8486.623047, 108.007965, 12831.269531> ... Lifespan:  Set to 30 minutes.
[EOnDrop] Zombie Spawned [20] ZmbM_ClerkFat_Khaki @ <8518.638672, 106.260742, 12821.266602> ... Lifespan:  Set to 30 minutes.
[EOnDrop] Zombie Spawned [21] ZmbM_ClerkFat_Grey @ <8480.121094, 107.162239, 12802.051758> ... Lifespan:  Set to 30 minutes.
[EOnDrop] Zombie Spawned [22] ZmbM_JoggerSkinny_Green @ <8521.847656, 108.398987, 12846.346680> ... Lifespan:  Set to 30 minutes.
[EOnDrop] Zombie Spawned [23] ZmbF_JournalistNormal_Blue @ <8534.044922, 106.319832, 12828.600586> ... Lifespan:  Set to 30 minutes.
[EOnDrop] Zombie Spawned [24] ZmbF_ShortSkirt_red @ <8447.214844, 108.651352, 12817.622070> ... Lifespan:  Set to 30 minutes.
[EOnDrop] Zombie Spawned [25] ZmbF_SkaterYoung_Brown @ <8505.605469, 105.618080, 12805.335938> ... Lifespan:  Set to 30 minutes.
[EOnDrop] Drop spawned with 25 infected at <8493.194336, 262.645966, 12810.949219>.
[EOnDrop] Supplies have been dropped near Soverograd.
[EOnBeforeDelete] Aircraft despawned @ <16360.803711, 152.000610, 6616.865723>
[~AirdropPlane] Aircraft destroyed.
