[InitializeContainer] Container created on 2021-03-22 @ 21-24-44
[InitializeContainer] Winds: Vector <10.202012, 0.000000, 7.864391>, Speed 12.8814mps, Strength 0.1
[AirdropContainerFall] Drop Type 'Misc. Food', Container: 'RANDOM', Mode/Quantity/Iems: Random/29/30, Flare:  10%
[AirdropContainerFall] Loot Spawned [1] Canteen @ <1845.059692, 274.930695, 7529.619141> ... Lifespan: Set to 30 minutes.
[AirdropContainerFall] Loot Spawned [2] Canteen @ <1844.892578, 274.899963, 7531.696289> ... Lifespan: Set to 30 minutes.
[AirdropContainerFall] Loot Spawned [3] CaninaBerry @ <1845.646973, 274.655304, 7533.000000> ... Lifespan: Set to 30 minutes.
[AirdropContainerFall] Loot Spawned [4] Rice @ <1843.386963, 275.365265, 7529.535156> ... Lifespan: Set to 30 minutes.
[AirdropContainerFall] Loot Spawned [5] BoxCerealCrunchin @ <1845.773926, 274.597504, 7533.695801> ... Lifespan: Set to 30 minutes.
[AirdropContainerFall] Loot Spawned [6] PowderedMilk @ <1844.881958, 275.012573, 7528.760254> ... Lifespan: Set to 30 minutes.
[AirdropContainerFall] Loot Spawned [7] BakedBeansCan @ <1846.361572, 274.635742, 7528.314941> ... Lifespan: Set to 30 minutes.
[AirdropContainerFall] Loot Spawned [8] PowderedMilk @ <1846.949097, 274.314087, 7532.876953> ... Lifespan: Set to 30 minutes.
[AirdropContainerFall] Loot Spawned [9] SambucusBerry @ <1845.763794, 274.788422, 7528.496094> ... Lifespan: Set to 30 minutes.
[AirdropContainerFall] Loot Spawned [10] BakedBeansCan @ <1847.886108, 274.148376, 7530.484863> ... Lifespan: Set to 30 minutes.
[AirdropContainerFall] Loot Spawned [11] Potato @ <1844.127197, 275.039185, 7533.390625> ... Lifespan: Set to 30 minutes.
[AirdropContainerFall] Loot Spawned [12] WaterBottle @ <1848.218628, 273.965515, 7533.214844> ... Lifespan: Set to 30 minutes.
[AirdropContainerFall] Loot Spawned [13] Plum @ <1849.549072, 273.731110, 7529.815918> ... Lifespan: Set to 30 minutes.
[AirdropContainerFall] Loot Spawned [14] BakedBeansCan @ <1848.910278, 273.848358, 7531.300781> ... Lifespan: Set to 30 minutes.
[AirdropContainerFall] Loot Spawned [15] SambucusBerry @ <1844.419922, 275.114441, 7529.172363> ... Lifespan: Set to 30 minutes.
[AirdropContainerFall] Loot Spawned [16] AKM @ <1844.942871, 274.816315, 7533.732910> ... Lifespan: Set to 30 minutes.
[AirdropContainerFall] Loot Spawned [17] PeachesCan @ <1844.599121, 275.021179, 7530.388184> ... Lifespan: Set to 30 minutes.
[AirdropContainerFall] Loot Spawned [18] Plum @ <1843.132690, 275.361023, 7531.513672> ... Lifespan: Set to 30 minutes.
[AirdropContainerFall] Loot Spawned [19] SodaCan_Cola @ <1848.441284, 274.003448, 7530.416992> ... Lifespan: Set to 30 minutes.
[AirdropContainerFall] Loot Spawned [20] SardinesCan @ <1844.369385, 275.142731, 7528.803223> ... Lifespan: Set to 30 minutes.
[AirdropContainerFall] Loot Spawned [21] SodaCan_Pipsi @ <1847.489502, 274.151276, 7533.437988> ... Lifespan: Set to 30 minutes.
[AirdropContainerFall] Loot Spawned [22] Tomato @ <1849.293457, 273.782104, 7530.278809> ... Lifespan: Set to 30 minutes.
[AirdropContainerFall] Loot Spawned [23] AKM @ <1845.731934, 274.800018, 7528.422363> ... Lifespan: Set to 30 minutes.
[AirdropContainerFall] Loot Spawned [24] SodaCan_Kvass @ <1849.209473, 273.765747, 7531.393555> ... Lifespan: Set to 30 minutes.
[AirdropContainerFall] Loot Spawned [25] KOD_M16A4 @ <1844.944946, 275.017639, 7528.245605> ... Lifespan: Set to 30 minutes.
[AirdropContainerFall] Loot Spawned [26] Tomato @ <1844.563110, 275.107788, 7528.441406> ... Lifespan: Set to 30 minutes.
[AirdropContainerFall] Loot Spawned [27] WaterBottle @ <1843.292114, 275.334595, 7531.076660> ... Lifespan: Set to 30 minutes.
[AirdropContainerFall] Loot Spawned [28] KOD_M16A4 @ <1844.682373, 274.961487, 7531.490234> ... Lifespan: Set to 30 minutes.
[AirdropContainerFall] Loot Spawned [29] Lard @ <1849.205566, 273.792633, 7530.647949> ... Lifespan: Set to 30 minutes.
[AirdropContainerUnstuck] Container was unstuck.
[~AirdropContainerBase] Container Destroyed on 2021-03-22 @ 21-49-44
