[AirdropPlane] Aircraft created on 2021-04-04 @ 12-24-08
[InitializeAircraft] Aircraft Initialized: Zelenogorks @ 1875/5210 (true)
[EOnBeforeDrop] The Aircraft is 1 Km from Zelenogorks. @ <3344.101563, 394.997498, 4907.715820>
[EOnDrop] Zombie Spawned [1] ZmbF_SurvivorNormal_Orange @ <1915.639771, 174.382523, 5203.296387> ... Lifespan:  Set to 30 minutes.
[EOnDrop] Zombie Spawned [2] ZmbM_HunterOld_Spring @ <1933.861450, 175.283249, 5220.787109> ... Lifespan:  Set to 30 minutes.
[EOnDrop] Zombie Spawned [3] ZmbM_HikerSkinny_Blue @ <1955.742188, 176.104996, 5213.947754> ... Lifespan:  Set to 30 minutes.
[EOnDrop] Zombie Spawned [4] ZmbF_VillagerOld_White @ <1957.835327, 175.798462, 5198.362305> ... Lifespan:  Set to 30 minutes.
[EOnDrop] Zombie Spawned [5] ZmbF_MilkMaidOld_Grey @ <1909.225830, 173.474564, 5171.284668> ... Lifespan:  Set to 30 minutes.
[EOnDrop] Zombie Spawned [6] ZmbM_FarmerFat_Brown @ <1961.429077, 174.632309, 5150.550781> ... Lifespan:  Set to 30 minutes.
[EOnDrop] Zombie Spawned [7] ZmbM_HunterOld_Autumn @ <1956.718384, 175.901276, 5203.736816> ... Lifespan:  Set to 30 minutes.
[EOnDrop] Zombie Spawned [8] ZmbM_VillagerOld_Green @ <1971.582031, 176.849731, 5209.821777> ... Lifespan:  Set to 30 minutes.
[EOnDrop] Zombie Spawned [9] ZmbM_MotobikerFat_Black @ <1959.798340, 175.880310, 5198.294434> ... Lifespan:  Set to 30 minutes.
[EOnDrop] Zombie Spawned [10] ZmbF_HikerSkinny_Green @ <1936.248169, 175.193130, 5208.636719> ... Lifespan:  Set to 30 minutes.
[EOnDrop] Zombie Spawned [11] ZmbM_FarmerFat_Beige @ <1911.501709, 173.736542, 5180.985352> ... Lifespan:  Set to 30 minutes.
[EOnDrop] Zombie Spawned [12] ZmbF_SurvivorNormal_Blue @ <1961.091064, 175.355927, 5181.098633> ... Lifespan:  Set to 30 minutes.
[EOnDrop] Zombie Spawned [13] ZmbM_HunterOld_Winter @ <1958.671753, 175.045700, 5173.962891> ... Lifespan:  Set to 30 minutes.
[EOnDrop] Zombie Spawned [14] ZmbF_SurvivorNormal_Red @ <1944.773438, 175.315750, 5199.088867> ... Lifespan:  Set to 30 minutes.
[EOnDrop] Zombie Spawned [15] ZmbF_SurvivorNormal_Blue @ <1914.601929, 174.290695, 5200.442383> ... Lifespan:  Set to 30 minutes.
[EOnDrop] Zombie Spawned [16] ZmbM_MotobikerFat_Beige @ <1916.469849, 174.498901, 5211.376953> ... Lifespan:  Set to 30 minutes.
[EOnDrop] Zombie Spawned [17] ZmbF_MilkMaidOld_Black @ <1984.235474, 175.540222, 5158.394531> ... Lifespan:  Set to 30 minutes.
[EOnDrop] Zombie Spawned [18] ZmbM_HermitSkinny_Green @ <1945.483887, 175.379456, 5200.876465> ... Lifespan:  Set to 30 minutes.
[EOnDrop] Zombie Spawned [19] ZmbM_HunterOld_Spring @ <1961.361816, 174.629425, 5150.463379> ... Lifespan:  Set to 30 minutes.
[EOnDrop] Zombie Spawned [20] ZmbM_HermitSkinny_Beige @ <1956.178223, 175.465591, 5189.731934> ... Lifespan:  Set to 30 minutes.
[EOnDrop] Drop spawned with 20 infected at <1951.430664, 322.866699, 5193.807129>.
[EOnDrop] Supplies have been dropped near Zelenogorks.
[EOnBeforeDelete] Aircraft despawned @ <-1000.252991, 400.768036, 5800.149902>
[~AirdropPlane] Aircraft destroyed.
