[AirdropPlane] Aircraft created on 2021-04-09 @ 17-27-08
[InitializeAircraft] Aircraft Initialized: Novaya Petrovka @ 3100/12840 (true)
[EOnBeforeDrop] The Aircraft is 1 Km from Novaya Petrovka. @ <1640.201660, 474.960938, 12496.692383>
[EOnDrop] Zombie Spawned [1] ZmbM_CitizenBFat_Green @ <3024.693604, 210.221024, 12872.191406> ... Lifespan:  Set to 30 minutes.
[EOnDrop] Zombie Spawned [2] ZmbF_ShortSkirt_grey @ <3007.406250, 210.715759, 12826.785156> ... Lifespan:  Set to 30 minutes.
[EOnDrop] Zombie Spawned [3] ZmbM_ClerkFat_Khaki @ <2998.258789, 211.055756, 12830.361328> ... Lifespan:  Set to 30 minutes.
[EOnDrop] Zombie Spawned [4] ZmbM_Jacket_bluechecks @ <3044.628906, 208.962387, 12786.954102> ... Lifespan:  Set to 30 minutes.
[EOnDrop] Zombie Spawned [5] ZmbM_CitizenASkinny_Blue @ <3050.790039, 209.188965, 12838.452148> ... Lifespan:  Set to 30 minutes.
[EOnDrop] Zombie Spawned [6] ZmbM_ClerkFat_Grey @ <3047.509766, 209.399384, 12847.578125> ... Lifespan:  Set to 30 minutes.
[EOnDrop] Zombie Spawned [7] ZmbF_JournalistNormal_White @ <2998.489014, 210.973587, 12818.901367> ... Lifespan:  Set to 30 minutes.
[EOnDrop] Zombie Spawned [8] ZmbM_CitizenBFat_Green @ <3035.515381, 209.788406, 12830.541016> ... Lifespan:  Set to 30 minutes.
[EOnDrop] Zombie Spawned [9] ZmbF_ShortSkirt_green @ <3049.498047, 209.037949, 12815.985352> ... Lifespan:  Set to 30 minutes.
[EOnDrop] Zombie Spawned [10] ZmbM_Jacket_beige @ <3003.306641, 210.733002, 12811.652344> ... Lifespan:  Set to 30 minutes.
[EOnDrop] Zombie Spawned [11] ZmbM_SkaterYoung_Grey @ <2987.091309, 211.314865, 12812.158203> ... Lifespan:  Set to 30 minutes.
[EOnDrop] Zombie Spawned [12] ZmbF_ParamedicNormal_Blue @ <2992.944092, 211.253998, 12828.749023> ... Lifespan:  Set to 30 minutes.
[EOnDrop] Zombie Spawned [13] ZmbF_PatientOld @ <3015.280029, 210.447876, 12824.701172> ... Lifespan:  Set to 30 minutes.
[EOnDrop] Zombie Spawned [14] ZmbM_CitizenBFat_Blue @ <3027.829102, 209.780441, 12803.283203> ... Lifespan:  Set to 30 minutes.
[EOnDrop] Zombie Spawned [15] ZmbF_Clerk_Normal_Blue @ <2994.425293, 211.022522, 12788.975586> ... Lifespan:  Set to 30 minutes.
[EOnDrop] Zombie Spawned [16] ZmbF_CitizenANormal_Beige @ <2977.991699, 211.856186, 12828.762695> ... Lifespan:  Set to 30 minutes.
[EOnDrop] Zombie Spawned [17] ZmbF_JournalistNormal_White @ <3031.254883, 209.842560, 12819.255859> ... Lifespan:  Set to 30 minutes.
[EOnDrop] Zombie Spawned [18] ZmbM_Jacket_black @ <3029.624023, 210.019516, 12833.996094> ... Lifespan:  Set to 30 minutes.
[EOnDrop] Zombie Spawned [19] ZmbF_ParamedicNormal_Red @ <3055.184082, 208.575851, 12787.237305> ... Lifespan:  Set to 30 minutes.
[EOnDrop] Zombie Spawned [20] ZmbM_PrisonerSkinny @ <3042.706055, 209.399887, 12821.346680> ... Lifespan:  Set to 30 minutes.
[EOnDrop] Zombie Spawned [21] ZmbM_CommercialPilotOld_Grey @ <3068.861572, 208.460236, 12848.798828> ... Lifespan:  Set to 30 minutes.
[EOnDrop] Zombie Spawned [22] ZmbM_ClerkFat_White @ <3042.105469, 209.234940, 12804.685547> ... Lifespan:  Set to 30 minutes.
[EOnDrop] Zombie Spawned [23] ZmbM_Jacket_brown @ <3024.249023, 209.879562, 12800.579102> ... Lifespan:  Set to 30 minutes.
[EOnDrop] Zombie Spawned [24] ZmbF_PoliceWomanNormal @ <3013.079102, 210.247940, 12797.938477> ... Lifespan:  Set to 30 minutes.
[EOnDrop] Zombie Spawned [25] ZmbM_PolicemanSpecForce @ <2987.833496, 211.472778, 12799.503906> ... Lifespan:  Set to 30 minutes.
[EOnDrop] Drop spawned with 25 infected at <3026.087158, 358.064331, 12823.170898>.
[EOnDrop] Supplies have been dropped near Novaya Petrovka.
[EOnBeforeDelete] Aircraft despawned @ <16361.265625, 257.771912, 15964.531250>
[~AirdropPlane] Aircraft destroyed.
