[InitializeContainer] Container created on 2021-04-24 @ 20-38-05
[InitializeContainer] Winds: Vector <8.867508, 0.000000, -4.085144>, Speed 9.76325mps, Strength 0.1
[AirdropContainerFall] Drop Type 'Misc. Food', Container: 'RANDOM', Mode/Quantity/Iems: Random/20/26, Flare:  10%
[AirdropContainerFall] Loot Spawned [1] SodaCan_Cola @ <12109.180664, 139.940948, 12563.625000> ... Lifespan: Set to 60 minutes.
[AirdropContainerFall] Loot Spawned [2] TunaCan @ <12108.081055, 139.886551, 12564.645508> ... Lifespan: Set to 60 minutes.
[AirdropContainerFall] Loot Spawned [3] Potato @ <12112.562500, 140.001007, 12563.864258> ... Lifespan: Set to 60 minutes.
[AirdropContainerFall] Loot Spawned [4] TacticalBaconCan @ <12111.773438, 140.001007, 12560.235352> ... Lifespan: Set to 60 minutes.
[AirdropContainerFall] Loot Spawned [5] Pumpkin @ <12109.392578, 140.001007, 12560.932617> ... Lifespan: Set to 60 minutes.
[AirdropContainerFall] Loot Spawned [6] Apple @ <12111.062500, 140.001007, 12559.397461> ... Lifespan: Set to 60 minutes.
[AirdropContainerFall] Loot Spawned [7] Zucchini @ <12108.736328, 139.977570, 12562.938477> ... Lifespan: Set to 60 minutes.
[AirdropContainerFall] Loot Spawned [8] BoxCerealCrunchin @ <12109.014648, 140.001007, 12559.864258> ... Lifespan: Set to 60 minutes.
[AirdropContainerFall] Loot Spawned [9] Canteen @ <12108.825195, 139.850616, 12565.319336> ... Lifespan: Set to 60 minutes.
[AirdropContainerFall] Loot Spawned [10] Rice @ <12108.451172, 139.978790, 12562.916016> ... Lifespan: Set to 60 minutes.
[AirdropContainerFall] Loot Spawned [11] Potato @ <12109.361328, 139.834213, 12565.626953> ... Lifespan: Set to 60 minutes.
[AirdropContainerFall] Loot Spawned [12] WaterBottle @ <12112.914063, 140.001007, 12561.444336> ... Lifespan: Set to 60 minutes.
[AirdropContainerFall] Loot Spawned [13] Plum @ <12110.794922, 139.910095, 12564.277344> ... Lifespan: Set to 60 minutes.
[AirdropContainerFall] Loot Spawned [14] SodaCan_Spite @ <12112.616211, 140.001007, 12561.641602> ... Lifespan: Set to 60 minutes.
[AirdropContainerFall] Loot Spawned [15] WaterBottle @ <12108.194336, 140.001007, 12561.739258> ... Lifespan: Set to 60 minutes.
[AirdropContainerFall] Loot Spawned [16] SpaghettiCan @ <12109.984375, 140.001007, 12559.708008> ... Lifespan: Set to 60 minutes.
[AirdropContainerFall] Loot Spawned [17] BoxCerealCrunchin @ <12110.311523, 140.001007, 12560.700195> ... Lifespan: Set to 60 minutes.
[AirdropContainerFall] Loot Spawned [18] Potato @ <12109.304688, 139.850128, 12565.328125> ... Lifespan: Set to 60 minutes.
[AirdropContainerFall] Loot Spawned [19] Rice @ <12111.601563, 140.001007, 12560.280273> ... Lifespan: Set to 60 minutes.
[AirdropContainerFall] Loot Spawned [20] Pumpkin @ <12112.337891, 139.992416, 12563.453125> ... Lifespan: Set to 60 minutes.
[AirdropContainerUnstuck] Container was unstuck.
[~AirdropContainerBase] Container Destroyed on 2021-04-24 @ 21-01-02
