[InitializeContainer] Container created on 2021-03-09 @ 04-03-48
[InitializeContainer] Winds: Vector <5.992850, 0.000000, -6.282517>, Speed 8.68241mps, Strength 0.1
[AirdropContainerFall] Drop Type 'Military West', Container: 'AirdropContainer_Military', Mode/Quantity/Iems: Random/20/40, Flare:  10%
[AirdropContainerFall] Loot Spawned [1] M4_RISHndgrd @ <11549.778320, 38.402477, 14376.717773> ... Lifespan: Set to 60 minutes.
[AirdropContainerFall] Loot Spawned [2] Battery9V @ <11551.938477, 38.603638, 14381.395508> ... Lifespan: Set to 60 minutes.
[AirdropContainerFall] Loot Spawned [3] AssaultBag_Black @ <11552.289063, 38.319546, 14376.438477> ... Lifespan: Set to 60 minutes.
[AirdropContainerFall] Loot Spawned [4] M4_T3NrdSOptic @ <11547.654297, 38.230282, 14378.756836> ... Lifespan: Set to 60 minutes.
[AirdropContainerFall] Loot Spawned [5] TacticalGloves_Black @ <11551.775391, 38.564278, 14380.407227> ... Lifespan: Set to 60 minutes.
[AirdropContainerFall] Loot Spawned [6] TacticalGoggles @ <11552.656250, 38.529675, 14379.954102> ... Lifespan: Set to 60 minutes.
[AirdropContainerFall] Loot Spawned [7] Mag_FNX45_15Rnd @ <11550.902344, 38.399712, 14376.970703> ... Lifespan: Set to 60 minutes.
[AirdropContainerFall] Loot Spawned [8] USMCPants_Woodland @ <11549.160156, 38.493320, 14380.881836> ... Lifespan: Set to 60 minutes.
[AirdropContainerFall] Loot Spawned [9] USMCPants_Desert @ <11552.959961, 38.516277, 14379.763672> ... Lifespan: Set to 60 minutes.
[AirdropContainerFall] Loot Spawned [10] UKAssVest_Black @ <11552.718750, 38.566643, 14380.845703> ... Lifespan: Set to 60 minutes.
[AirdropContainerFall] Loot Spawned [11] Rangefinder @ <11548.819336, 38.441010, 14380.816406> ... Lifespan: Set to 60 minutes.
[AirdropContainerFall] Loot Spawned [12] MilitaryBoots_Bluerock @ <11551.714844, 38.372604, 14376.847656> ... Lifespan: Set to 60 minutes.
[AirdropContainerFall] Loot Spawned [13] FNX45 @ <11550.460938, 38.319546, 14375.420898> ... Lifespan: Set to 60 minutes.
[AirdropContainerFall] Loot Spawned [14] AmmoBox_556x45_20Rnd @ <11551.972656, 38.256470, 14375.787109> ... Lifespan: Set to 60 minutes.
[AirdropContainerFall] Loot Spawned [15] M9A1_Bayonet @ <11551.182617, 38.337769, 14376.428711> ... Lifespan: Set to 60 minutes.
[AirdropContainerFall] Loot Spawned [16] TacticalGloves_Green @ <11548.935547, 38.361778, 14378.425781> ... Lifespan: Set to 60 minutes.
[AirdropContainerFall] Loot Spawned [17] USMCJacket_Desert @ <11552.535156, 38.462631, 14378.333008> ... Lifespan: Set to 60 minutes.
[AirdropContainerFall] Loot Spawned [18] TacticalGloves_Beige @ <11554.226563, 38.407421, 14377.726563> ... Lifespan: Set to 60 minutes.
[AirdropContainerFall] Loot Spawned [19] TacticalGloves_Beige @ <11549.647461, 38.323074, 14375.592773> ... Lifespan: Set to 60 minutes.
[AirdropContainerFall] Loot Spawned [20] AssaultBag_Green @ <11550.000000, 38.600166, 14380.527344> ... Lifespan: Set to 60 minutes.
[AirdropContainerUnstuck] Container was unstuck.
[~AirdropContainerBase] Container Destroyed on 2021-03-09 @ 04-18-48
