[InitializeContainer] Container created on 2021-04-22 @ 03-24-08
[InitializeContainer] Winds: Vector <8.247528, 0.000000, -4.730879>, Speed 9.50805mps, Strength 0.1
[AirdropContainerFall] Drop Type 'Misc. Tools', Container: 'RANDOM', Mode/Quantity/Iems: Random/30/54, Flare:  10%
[AirdropContainerFall] Loot Spawned [1] OrienteeringCompass @ <11387.551758, 39.571026, 14370.573242> ... Lifespan: Set to 30 minutes.
[AirdropContainerFall] Loot Spawned [2] Flashlight @ <11391.904297, 39.350922, 14370.238281> ... Lifespan: Set to 30 minutes.
[AirdropContainerFall] Loot Spawned [3] Headtorch_Black @ <11389.119141, 39.465485, 14368.310547> ... Lifespan: Set to 30 minutes.
[AirdropContainerFall] Loot Spawned [4] Chemlight_Green @ <11389.925781, 39.424580, 14368.851563> ... Lifespan: Set to 30 minutes.
[AirdropContainerFall] Loot Spawned [5] LugWrench @ <11389.499023, 39.447567, 14368.452148> ... Lifespan: Set to 30 minutes.
[AirdropContainerFall] Loot Spawned [6] HuntingKnife @ <11392.664063, 39.436836, 14371.374023> ... Lifespan: Set to 30 minutes.
[AirdropContainerFall] Loot Spawned [7] HuntingKnife @ <11387.775391, 39.656712, 14371.500977> ... Lifespan: Set to 30 minutes.
[AirdropContainerFall] Loot Spawned [8] ElectronicRepairKit @ <11387.992188, 39.537102, 14370.425781> ... Lifespan: Set to 30 minutes.
[AirdropContainerFall] Loot Spawned [9] Crowbar @ <11391.938477, 39.528187, 14371.943359> ... Lifespan: Set to 30 minutes.
[AirdropContainerFall] Loot Spawned [10] AK101 @ <11389.206055, 39.448128, 14369.447266> ... Lifespan: Set to 30 minutes.
[AirdropContainerFall] Loot Spawned [11] Machete @ <11393.055664, 39.493046, 14372.111328> ... Lifespan: Set to 30 minutes.
[AirdropContainerFall] Loot Spawned [12] Crowbar @ <11389.987305, 39.416389, 14369.315430> ... Lifespan: Set to 30 minutes.
[AirdropContainerFall] Loot Spawned [13] HuntingKnife @ <11387.335938, 39.527813, 14369.457031> ... Lifespan: Set to 30 minutes.
[AirdropContainerFall] Loot Spawned [14] Hatchet @ <11386.673828, 39.549561, 14369.998047> ... Lifespan: Set to 30 minutes.
[AirdropContainerFall] Loot Spawned [15] PersonalRadio @ <11387.593750, 39.603725, 14370.909180> ... Lifespan: Set to 30 minutes.
[AirdropContainerFall] Loot Spawned [16] AK101 @ <11387.656250, 39.884369, 14373.668945> ... Lifespan: Set to 30 minutes.
[AirdropContainerFall] Loot Spawned [17] Pickaxe @ <11389.686523, 39.715633, 14372.867188> ... Lifespan: Set to 30 minutes.
[AirdropContainerFall] Loot Spawned [18] Heatpack @ <11392.043945, 39.321373, 14369.918945> ... Lifespan: Set to 30 minutes.
[AirdropContainerFall] Loot Spawned [19] WeaponCleaningKit @ <11390.359375, 39.411674, 14368.383789> ... Lifespan: Set to 30 minutes.
[AirdropContainerFall] Loot Spawned [20] LeatherSewingKit @ <11391.841797, 39.567806, 14372.282227> ... Lifespan: Set to 30 minutes.
[AirdropContainerFall] Loot Spawned [21] AKM @ <11387.308594, 39.761887, 14372.331055> ... Lifespan: Set to 30 minutes.
[AirdropContainerFall] Loot Spawned [22] Flashlight @ <11392.124023, 39.633389, 14373.012695> ... Lifespan: Set to 30 minutes.
[AirdropContainerFall] Loot Spawned [23] Binoculars @ <11389.712891, 39.811142, 14373.784180> ... Lifespan: Set to 30 minutes.
[AirdropContainerFall] Loot Spawned [24] SteakKnife @ <11391.023438, 39.366459, 14369.791016> ... Lifespan: Set to 30 minutes.
[AirdropContainerFall] Loot Spawned [25] ElectronicRepairKit @ <11392.745117, 39.460590, 14371.641602> ... Lifespan: Set to 30 minutes.
[AirdropContainerFall] Loot Spawned [26] FirefighterAxe @ <11389.200195, 39.885750, 14374.297852> ... Lifespan: Set to 30 minutes.
[AirdropContainerFall] Loot Spawned [27] LeatherSewingKit @ <11392.455078, 39.402088, 14370.942383> ... Lifespan: Set to 30 minutes.
[AirdropContainerFall] Loot Spawned [28] CombatKnife @ <11387.257813, 39.587795, 14370.614258> ... Lifespan: Set to 30 minutes.
[AirdropContainerFall] Loot Spawned [29] HuntingKnife @ <11392.464844, 39.559395, 14372.439453> ... Lifespan: Set to 30 minutes.
[AirdropContainerFall] Loot Spawned [30] KitchenKnife @ <11389.350586, 39.722580, 14372.796875> ... Lifespan: Set to 30 minutes.
[AirdropContainerUnstuck] Container was unstuck.
[~AirdropContainerBase] Container Destroyed on 2021-04-22 @ 03-49-08
