[InitializeContainer] Container created on 2021-03-19 @ 23-20-43
[InitializeContainer] Winds: Vector <-2.832365, 0.000000, -3.623970>, Speed 4.59951mps, Strength 0.1
[AirdropContainerFall] Drop Type 'Misc. Food', Container: 'RANDOM', Mode/Quantity/Iems: Random/29/30, Flare:  10%
[AirdropContainerFall] Loot Spawned [1] TacticalBaconCan @ <12368.903320, 26.951180, 9225.111328> ... Lifespan: Set to 30 minutes.
[AirdropContainerFall] Loot Spawned [2] KOD_M16A4 @ <12374.217773, 26.635843, 9224.389648> ... Lifespan: Set to 30 minutes.
[AirdropContainerFall] Loot Spawned [3] Pumpkin @ <12368.287109, 27.099213, 9223.897461> ... Lifespan: Set to 30 minutes.
[AirdropContainerFall] Loot Spawned [4] Potato @ <12373.507813, 26.712269, 9224.066406> ... Lifespan: Set to 30 minutes.
[AirdropContainerFall] Loot Spawned [5] SodaCan_Kvass @ <12369.813477, 26.755651, 9226.497070> ... Lifespan: Set to 30 minutes.
[AirdropContainerFall] Loot Spawned [6] WaterBottle @ <12372.672852, 26.858541, 9222.993164> ... Lifespan: Set to 30 minutes.
[AirdropContainerFall] Loot Spawned [7] SodaCan_Cola @ <12368.862305, 27.063475, 9223.784180> ... Lifespan: Set to 30 minutes.
[AirdropContainerFall] Loot Spawned [8] SardinesCan @ <12369.647461, 26.769421, 9226.476563> ... Lifespan: Set to 30 minutes.
[AirdropContainerFall] Loot Spawned [9] SodaCan_Pipsi @ <12370.099609, 26.640564, 9227.500000> ... Lifespan: Set to 30 minutes.
[AirdropContainerFall] Loot Spawned [10] SodaCan_Spite @ <12369.150391, 27.101748, 9223.104492> ... Lifespan: Set to 30 minutes.
[AirdropContainerFall] Loot Spawned [11] SodaCan_Cola @ <12370.995117, 26.672888, 9226.490234> ... Lifespan: Set to 30 minutes.
[AirdropContainerFall] Loot Spawned [12] Rice @ <12368.938477, 26.820711, 9226.463867> ... Lifespan: Set to 30 minutes.
[AirdropContainerFall] Loot Spawned [13] Potato @ <12373.691406, 26.783546, 9223.031250> ... Lifespan: Set to 30 minutes.
[AirdropContainerFall] Loot Spawned [14] CaninaBerry @ <12370.552734, 26.573872, 9227.866211> ... Lifespan: Set to 30 minutes.
[AirdropContainerFall] Loot Spawned [15] AKM @ <12369.495117, 26.848717, 9225.751953> ... Lifespan: Set to 30 minutes.
[AirdropContainerFall] Loot Spawned [16] AKM @ <12373.557617, 26.883837, 9221.914063> ... Lifespan: Set to 30 minutes.
[AirdropContainerFall] Loot Spawned [17] TunaCan @ <12372.769531, 26.811613, 9223.487305> ... Lifespan: Set to 30 minutes.
[AirdropContainerFall] Loot Spawned [18] Canteen @ <12370.579102, 26.698444, 9226.530273> ... Lifespan: Set to 30 minutes.
[AirdropContainerFall] Loot Spawned [19] KOD_DVL10 @ <12370.292969, 26.948418, 9223.957031> ... Lifespan: Set to 30 minutes.
[AirdropContainerFall] Loot Spawned [20] Pear @ <12370.615234, 26.968016, 9223.435547> ... Lifespan: Set to 30 minutes.
[AirdropContainerFall] Loot Spawned [21] BoxCerealCrunchin @ <12371.885742, 26.486607, 9227.792969> ... Lifespan: Set to 30 minutes.
[AirdropContainerFall] Loot Spawned [22] AK101 @ <12371.750000, 26.585798, 9226.845703> ... Lifespan: Set to 30 minutes.
[AirdropContainerFall] Loot Spawned [23] Plum @ <12371.822266, 26.631474, 9226.309570> ... Lifespan: Set to 30 minutes.
[AirdropContainerFall] Loot Spawned [24] Lard @ <12370.666992, 26.650633, 9226.969727> ... Lifespan: Set to 30 minutes.
[AirdropContainerFall] Loot Spawned [25] PowderedMilk @ <12372.529297, 26.931248, 9222.224609> ... Lifespan: Set to 30 minutes.
[AirdropContainerFall] Loot Spawned [26] SardinesCan @ <12373.769531, 26.440653, 9227.461914> ... Lifespan: Set to 30 minutes.
[AirdropContainerFall] Loot Spawned [27] SodaCan_Pipsi @ <12370.784180, 26.613403, 9227.275391> ... Lifespan: Set to 30 minutes.
[AirdropContainerFall] Loot Spawned [28] Lard @ <12373.412109, 26.733879, 9223.884766> ... Lifespan: Set to 30 minutes.
[AirdropContainerFall] Loot Spawned [29] Tomato @ <12369.632813, 26.853140, 9225.602539> ... Lifespan: Set to 30 minutes.
[AirdropContainerUnstuck] Container was unstuck.
[~AirdropContainerBase] Container Destroyed on 2021-03-19 @ 23-45-43
