[AirdropPlane] Aircraft created on 2021-03-28 @ 18-42-35
[InitializeAircraft] Aircraft Initialized: Krasnostav Airstrip @ 12160/12645 (true)
[EOnBeforeDrop] The Aircraft is 1 Km from Krasnostav Airstrip. @ <13010.937500, 200.398010, 11411.072266>
[EOnDrop] Zombie Spawned [1] ZmbM_PatrolNormal_Summer @ <12205.957031, 140.500000, 12555.541016> ... Lifespan:  Set to 30 minutes.
[EOnDrop] Zombie Spawned [2] ZmbM_PatrolNormal_Flat @ <12182.590820, 140.500000, 12595.858398> ... Lifespan:  Set to 30 minutes.
[EOnDrop] Zombie Spawned [3] ZmbM_PatrolNormal_PautRev @ <12211.294922, 140.500000, 12587.551758> ... Lifespan:  Set to 30 minutes.
[EOnDrop] Zombie Spawned [4] ZmbM_PatrolNormal_PautRev @ <12179.408203, 140.500000, 12590.366211> ... Lifespan:  Set to 30 minutes.
[EOnDrop] Zombie Spawned [5] ZmbM_SoldierNormal @ <12170.375977, 140.500000, 12621.132813> ... Lifespan:  Set to 30 minutes.
[EOnDrop] Zombie Spawned [6] ZmbM_PatrolNormal_Summer @ <12154.005859, 140.500000, 12585.991211> ... Lifespan:  Set to 30 minutes.
[EOnDrop] Zombie Spawned [7] ZmbM_PatrolNormal_PautRev @ <12161.363281, 140.500000, 12561.653320> ... Lifespan:  Set to 30 minutes.
[EOnDrop] Zombie Spawned [8] ZmbM_PatrolNormal_PautRev @ <12175.931641, 140.500000, 12608.372070> ... Lifespan:  Set to 30 minutes.
[EOnDrop] Zombie Spawned [9] ZmbM_SoldierNormal @ <12183.744141, 140.500000, 12590.530273> ... Lifespan:  Set to 30 minutes.
[EOnDrop] Zombie Spawned [10] ZmbM_PatrolNormal_Summer @ <12182.117188, 140.500000, 12582.957031> ... Lifespan:  Set to 30 minutes.
[EOnDrop] Zombie Spawned [11] ZmbM_SoldierNormal @ <12182.056641, 140.500000, 12582.510742> ... Lifespan:  Set to 30 minutes.
[EOnDrop] Zombie Spawned [12] ZmbM_SoldierNormal @ <12203.048828, 140.500000, 12551.564453> ... Lifespan:  Set to 30 minutes.
[EOnDrop] Zombie Spawned [13] ZmbM_PatrolNormal_PautRev @ <12227.864258, 140.500000, 12552.178711> ... Lifespan:  Set to 30 minutes.
[EOnDrop] Zombie Spawned [14] ZmbM_PatrolNormal_Autumn @ <12175.867188, 140.500000, 12585.391602> ... Lifespan:  Set to 30 minutes.
[EOnDrop] Zombie Spawned [15] ZmbM_PatrolNormal_PautRev @ <12196.625000, 140.500000, 12571.716797> ... Lifespan:  Set to 30 minutes.
[EOnDrop] Zombie Spawned [16] ZmbM_PatrolNormal_Flat @ <12223.701172, 140.500000, 12567.096680> ... Lifespan:  Set to 30 minutes.
[EOnDrop] Zombie Spawned [17] ZmbM_PatrolNormal_Summer @ <12212.091797, 140.500000, 12542.255859> ... Lifespan:  Set to 30 minutes.
[EOnDrop] Zombie Spawned [18] ZmbM_PatrolNormal_Autumn @ <12217.789063, 140.500000, 12568.859375> ... Lifespan:  Set to 30 minutes.
[EOnDrop] Zombie Spawned [19] ZmbM_PatrolNormal_PautRev @ <12190.962891, 140.500000, 12604.906250> ... Lifespan:  Set to 30 minutes.
[EOnDrop] Zombie Spawned [20] ZmbM_SoldierNormal @ <12215.070313, 140.500000, 12581.548828> ... Lifespan:  Set to 30 minutes.
[EOnDrop] Drop spawned with 20 infected at <12201.562500, 279.134430, 12586.833984>.
[EOnDrop] Supplies have been dropped near Krasnostav Airstrip.
[EOnBeforeDelete] Aircraft despawned @ <9603.906250, 456.327118, 16360.393555>
[~AirdropPlane] Aircraft destroyed.
