[AirdropPlane] Aircraft created on 2021-04-22 @ 03-46-52
[InitializeAircraft] Aircraft Initialized: Elektrozavodsk @ 10050/2450 (true)
[EOnBeforeDrop] The Aircraft is 1 Km from Elektrozavodsk. @ <11200.475586, 152.000610, 1489.449341>
[EOnDrop] Zombie Spawned [1] ZmbF_JoggerSkinny_Brown @ <10159.447266, 31.225422, 2391.682861> ... Lifespan:  Set to 30 minutes.
[EOnDrop] Zombie Spawned [2] ZmbM_Jacket_stripes @ <10130.485352, 36.575153, 2441.540527> ... Lifespan:  Set to 30 minutes.
[EOnDrop] Zombie Spawned [3] ZmbF_JournalistNormal_Red @ <10105.928711, 37.769215, 2399.262695> ... Lifespan:  Set to 30 minutes.
[EOnDrop] Zombie Spawned [4] ZmbM_CitizenASkinny_Blue @ <10121.833008, 34.270889, 2380.475342> ... Lifespan:  Set to 30 minutes.
[EOnDrop] Zombie Spawned [5] ZmbM_CitizenBFat_Red @ <10148.163086, 33.873966, 2422.526123> ... Lifespan:  Set to 30 minutes.
[EOnDrop] Zombie Spawned [6] ZmbF_ShortSkirt_green @ <10069.131836, 40.580135, 2388.746338> ... Lifespan:  Set to 30 minutes.
[EOnDrop] Zombie Spawned [7] ZmbM_ParamedicNormal_Red @ <10123.936523, 35.033489, 2391.506592> ... Lifespan:  Set to 30 minutes.
[EOnDrop] Zombie Spawned [8] ZmbF_ShortSkirt_white @ <10154.548828, 33.046925, 2418.031982> ... Lifespan:  Set to 30 minutes.
[EOnDrop] Zombie Spawned [9] ZmbM_ClerkFat_Khaki @ <10089.615234, 39.327480, 2399.004639> ... Lifespan:  Set to 30 minutes.
[EOnDrop] Zombie Spawned [10] ZmbM_SkaterYoung_Grey @ <10136.482422, 35.420975, 2430.589111> ... Lifespan:  Set to 30 minutes.
[EOnDrop] Zombie Spawned [11] ZmbM_CitizenBFat_Red @ <10137.562500, 33.059261, 2388.966797> ... Lifespan:  Set to 30 minutes.
[EOnDrop] Zombie Spawned [12] ZmbM_JournalistSkinny @ <10097.958984, 39.574535, 2412.642822> ... Lifespan:  Set to 30 minutes.
[EOnDrop] Zombie Spawned [13] ZmbF_ShortSkirt_white @ <10102.877930, 39.169254, 2415.447998> ... Lifespan:  Set to 30 minutes.
[EOnDrop] Zombie Spawned [14] ZmbM_DoctorFat @ <10094.684570, 35.770954, 2370.375000> ... Lifespan:  Set to 30 minutes.
[EOnDrop] Zombie Spawned [15] ZmbM_PolicemanFat @ <10107.792969, 37.004757, 2390.662842> ... Lifespan:  Set to 30 minutes.
[EOnDrop] Zombie Spawned [16] ZmbM_DoctorFat @ <10104.371094, 33.980316, 2365.594727> ... Lifespan:  Set to 30 minutes.
[EOnDrop] Zombie Spawned [17] ZmbM_DoctorFat @ <10067.333008, 42.480694, 2403.250488> ... Lifespan:  Set to 30 minutes.
[EOnDrop] Zombie Spawned [18] ZmbF_CitizenBSkinny @ <10119.422852, 36.950321, 2422.106934> ... Lifespan:  Set to 30 minutes.
[EOnDrop] Zombie Spawned [19] ZmbM_Jacket_black @ <10133.894531, 30.577438, 2358.592773> ... Lifespan:  Set to 30 minutes.
[EOnDrop] Zombie Spawned [20] ZmbF_ParamedicNormal_Red @ <10125.882813, 36.382935, 2427.948242> ... Lifespan:  Set to 30 minutes.
[EOnDrop] Drop spawned with 20 infected at <10113.094727, 163.530029, 2396.734863>.
[EOnDrop] Supplies have been dropped near Elektrozavodsk.
[EOnBeforeDelete] Aircraft despawned @ <-1001.413330, 559.499451, 11672.186523>
[~AirdropPlane] Aircraft destroyed.
