[AirdropBase] Base class created & settings loaded.
[2021-03-12 @ 14-27-15] ----------------------------------------------------------------------------------------------------
[EOnCallAirdrop] Drop zone asigned: Berezino <12450.000000, 0.000000, 9250.000000>
[EOnCallAirdrop] Drop zone offset to: <12399.580078, 2438.000000, 9183.611328>
[EOnCallAirdrop] Aircraft spawn point: <-1000.000000, 2438.000000, 9052.980469>
[EOnCallAirdrop] Aircraft bearing ... Angle/Bearing: -3.12695° / 269.161°, Text: 'West (269°)'
[EOnCallAirdrop] Aircraft has been dispatched to 'Berezino' from the West (269°).
[2021-03-12 @ 14-52-35] ----------------------------------------------------------------------------------------------------
[EOnCallAirdrop] Drop zone asigned: Stary/Novy  <6600.000000, 0.000000, 7800.000000>
[EOnCallAirdrop] Drop zone offset to: <6622.320801, 2438.000000, 7807.540527>
[EOnCallAirdrop] Aircraft spawn point: <11779.337891, 2438.000000, -1000.000000>
[EOnCallAirdrop] Aircraft bearing ... Angle/Bearing: -1.03883° / 149.521°, Text: 'South/East (150°)'
[EOnCallAirdrop] Aircraft has been dispatched to 'Stary/Novy ' from the South/East (150°).
[2021-03-12 @ 15-17-54] ----------------------------------------------------------------------------------------------------
[EOnCallAirdrop] Drop zone asigned: Novodmitrovsk <11475.000000, 0.000000, 14356.000000>
[EOnCallAirdrop] Drop zone offset to: <11427.478516, 2438.000000, 14347.100586>
[EOnCallAirdrop] Aircraft spawn point: <2917.351074, 2438.000000, 16360.000000>
[EOnCallAirdrop] Aircraft bearing ... Angle/Bearing: 2.91156° / 283.18°, Text: 'West (283°)'
[EOnCallAirdrop] Aircraft has been dispatched to 'Novodmitrovsk' from the West (283°).
[2021-03-12 @ 15-43-13] ----------------------------------------------------------------------------------------------------
[EOnCallAirdrop] Drop zone asigned: Berezino <12450.000000, 0.000000, 9250.000000>
[EOnCallAirdrop] Drop zone offset to: <12481.053711, 2438.000000, 9335.349609>
[EOnCallAirdrop] Aircraft spawn point: <6883.973633, 2438.000000, -1000.000000>
[EOnCallAirdrop] Aircraft bearing ... Angle/Bearing: -2.06827° / 208.503°, Text: 'South/West (209°)'
[EOnCallAirdrop] Aircraft has been dispatched to 'Berezino' from the South/West (209°).
[2021-03-12 @ 16-08-33] ----------------------------------------------------------------------------------------------------
[EOnCallAirdrop] Drop zone asigned: Skalisty Island <13575.000000, 0.000000, 3055.000000>
[EOnCallAirdrop] Drop zone offset to: <13637.332031, 2438.000000, 3005.790771>
[EOnCallAirdrop] Aircraft spawn point: <-1000.000000, 2438.000000, 5912.317871>
[EOnCallAirdrop] Aircraft bearing ... Angle/Bearing: 2.94801° / 281.092°, Text: 'West (281°)'
[EOnCallAirdrop] Aircraft has been dispatched to 'Skalisty Island' from the West (281°).
[2021-03-12 @ 16-33-52] ----------------------------------------------------------------------------------------------------
[EOnCallAirdrop] Drop zone asigned: Novaya Petrovka <3100.000000, 0.000000, 12840.000000>
[EOnCallAirdrop] Drop zone offset to: <3118.115479, 2438.000000, 12831.797852>
[EOnCallAirdrop] Aircraft spawn point: <8480.264648, 2438.000000, -1000.000000>
[EOnCallAirdrop] Aircraft bearing ... Angle/Bearing: -1.20003° / 158.757°, Text: 'South (159°)'
[EOnCallAirdrop] Aircraft has been dispatched to 'Novaya Petrovka' from the South (159°).
[2021-03-12 @ 16-59-11] ----------------------------------------------------------------------------------------------------
[EOnCallAirdrop] Drop zone asigned: Berezino <12450.000000, 0.000000, 9250.000000>
[EOnCallAirdrop] Drop zone offset to: <12395.148438, 2438.000000, 9291.678711>
[EOnCallAirdrop] Aircraft spawn point: <16360.000000, 2438.000000, 3975.894043>
[EOnCallAirdrop] Aircraft bearing ... Angle/Bearing: -0.932849° / 143.448°, Text: 'South/East (143°)'
[EOnCallAirdrop] Aircraft has been dispatched to 'Berezino' from the South/East (143°).
[2021-03-12 @ 17-24-29] ----------------------------------------------------------------------------------------------------
[EOnCallAirdrop] Drop zone asigned: Northwest Airfield <4500.000000, 0.000000, 10350.000000>
[EOnCallAirdrop] Drop zone offset to: <4507.603027, 2438.000000, 10371.938477>
[EOnCallAirdrop] Aircraft spawn point: <16360.000000, 2438.000000, 10431.523438>
[EOnCallAirdrop] Aircraft bearing ... Angle/Bearing: 0.00687371° / 89.6062°, Text: 'East (90°)'
[EOnCallAirdrop] Aircraft has been dispatched to 'Northwest Airfield' from the East (90°).
[2021-03-12 @ 17-49-47] ----------------------------------------------------------------------------------------------------
[EOnCallAirdrop] Drop zone asigned: Novodmitrovsk <11475.000000, 0.000000, 14356.000000>
[EOnCallAirdrop] Drop zone offset to: <11559.095703, 2438.000000, 14377.065430>
[EOnCallAirdrop] Aircraft spawn point: <-1000.000000, 2438.000000, 1994.437134>
[EOnCallAirdrop] Aircraft bearing ... Angle/Bearing: -2.36076° / 225.262°, Text: 'South/West (225°)'
[EOnCallAirdrop] Aircraft has been dispatched to 'Novodmitrovsk' from the South/West (225°).
