[AirdropPlane] Aircraft created on 2021-04-13 @ 19-58-42
[InitializeAircraft] Aircraft Initialized: Novaya Petrovka @ 3100/12840 (true)
[EOnBeforeDrop] The Aircraft is 1 Km from Novaya Petrovka. @ <4385.220215, 412.031677, 12068.133789>
[EOnDrop] Zombie Spawned [1] ZmbM_Jacket_khaki @ <3212.088623, 202.372665, 12773.593750> ... Lifespan:  Set to 30 minutes.
[EOnDrop] Zombie Spawned [2] ZmbF_ShortSkirt_green @ <3150.063477, 205.234726, 12798.288086> ... Lifespan:  Set to 30 minutes.
[EOnDrop] Zombie Spawned [3] ZmbM_Jacket_beige @ <3134.003906, 205.713074, 12814.288086> ... Lifespan:  Set to 30 minutes.
[EOnDrop] Zombie Spawned [4] ZmbF_ShortSkirt_yellow @ <3149.537354, 205.180435, 12813.899414> ... Lifespan:  Set to 30 minutes.
[EOnDrop] Zombie Spawned [5] ZmbF_ShortSkirt_checks @ <3197.546631, 203.439072, 12787.451172> ... Lifespan:  Set to 30 minutes.
[EOnDrop] Zombie Spawned [6] ZmbM_DoctorFat @ <3180.406006, 204.542999, 12789.281250> ... Lifespan:  Set to 30 minutes.
[EOnDrop] Zombie Spawned [7] ZmbM_ClerkFat_White @ <3154.291748, 205.160721, 12784.492188> ... Lifespan:  Set to 30 minutes.
[EOnDrop] Zombie Spawned [8] ZmbM_SkaterYoung_Blue @ <3150.086670, 205.257751, 12791.051758> ... Lifespan:  Set to 30 minutes.
[EOnDrop] Zombie Spawned [9] ZmbM_ParamedicNormal_Red @ <3171.013916, 204.703705, 12790.348633> ... Lifespan:  Set to 30 minutes.
[EOnDrop] Zombie Spawned [10] ZmbM_ClerkFat_White @ <3205.936768, 203.531326, 12824.579102> ... Lifespan:  Set to 30 minutes.
[EOnDrop] Zombie Spawned [11] ZmbF_PatientOld @ <3169.218018, 204.592056, 12804.577148> ... Lifespan:  Set to 30 minutes.
[EOnDrop] Zombie Spawned [12] ZmbF_CitizenANormal_Beige @ <3152.349365, 205.230957, 12781.598633> ... Lifespan:  Set to 30 minutes.
[EOnDrop] Zombie Spawned [13] ZmbM_ParamedicNormal_Red @ <3140.170166, 205.475479, 12833.711914> ... Lifespan:  Set to 30 minutes.
[EOnDrop] Zombie Spawned [14] ZmbF_SkaterYoung_Brown @ <3167.391602, 204.645798, 12803.175781> ... Lifespan:  Set to 30 minutes.
[EOnDrop] Zombie Spawned [15] ZmbF_Clerk_Normal_White @ <3161.653076, 204.690369, 12844.236328> ... Lifespan:  Set to 30 minutes.
[EOnDrop] Zombie Spawned [16] ZmbF_SkaterYoung_Violet @ <3124.994629, 205.996841, 12791.256836> ... Lifespan:  Set to 30 minutes.
[EOnDrop] Zombie Spawned [17] ZmbF_CitizenANormal_Brown @ <3172.331543, 204.866943, 12778.598633> ... Lifespan:  Set to 30 minutes.
[EOnDrop] Zombie Spawned [18] ZmbF_ShortSkirt_brown @ <3164.260498, 204.758347, 12799.659180> ... Lifespan:  Set to 30 minutes.
[EOnDrop] Zombie Spawned [19] ZmbM_ParamedicNormal_Green @ <3178.067139, 204.611679, 12788.750000> ... Lifespan:  Set to 30 minutes.
[EOnDrop] Zombie Spawned [20] ZmbF_ParamedicNormal_Green @ <3213.417236, 202.842026, 12802.288086> ... Lifespan:  Set to 30 minutes.
[EOnDrop] Zombie Spawned [21] ZmbM_PrisonerSkinny @ <3150.912842, 205.616043, 12756.690430> ... Lifespan:  Set to 30 minutes.
[EOnDrop] Zombie Spawned [22] ZmbF_CitizenBSkinny @ <3156.692871, 204.868057, 12840.738281> ... Lifespan:  Set to 30 minutes.
[EOnDrop] Zombie Spawned [23] ZmbF_SkaterYoung_Striped @ <3171.140625, 204.979996, 12750.075195> ... Lifespan:  Set to 30 minutes.
[EOnDrop] Zombie Spawned [24] ZmbM_CitizenBFat_Green @ <3200.531250, 203.799088, 12804.122070> ... Lifespan:  Set to 30 minutes.
[EOnDrop] Zombie Spawned [25] ZmbM_CitizenASkinny_Red @ <3147.553955, 205.748306, 12752.538086> ... Lifespan:  Set to 30 minutes.
[EOnDrop] Drop spawned with 25 infected at <3168.953125, 346.423828, 12796.673828>.
[EOnDrop] Supplies have been dropped near Novaya Petrovka.
[EOnBeforeDelete] Aircraft despawned @ <-1001.259521, 617.183105, 15294.525391>
[~AirdropPlane] Aircraft destroyed.
