[InitializeContainer] Container created on 2021-03-06 @ 16-06-49
[InitializeContainer] Winds: Vector <8.682403, 0.000000, 10.335490>, Speed 13.4984mps, Strength 0.1
[AirdropContainerFall] Drop Type 'Food/Medical', Container: 'AirdropContainer_Medical', Mode/Quantity/Iems: Random/20/11, Flare:  10%
[AirdropContainerFall] Loot Spawned [1] TunaCan @ <4864.576172, 341.296265, 9737.646484> ... Lifespan: Set to 60 minutes.
[AirdropContainerFall] Loot Spawned [2] BakedBeansCan @ <4861.195801, 341.441254, 9737.087891> ... Lifespan: Set to 60 minutes.
[AirdropContainerFall] Loot Spawned [3] Canteen @ <4863.560547, 341.347137, 9738.575195> ... Lifespan: Set to 60 minutes.
[AirdropContainerFall] Loot Spawned [4] BoxCerealCrunchin @ <4860.765137, 341.452118, 9735.868164> ... Lifespan: Set to 60 minutes.
[AirdropContainerFall] Loot Spawned [5] Marmalade @ <4860.675293, 341.460938, 9736.601563> ... Lifespan: Set to 60 minutes.
[AirdropContainerFall] Loot Spawned [6] VitaminBottle @ <4860.125000, 341.489044, 9737.184570> ... Lifespan: Set to 60 minutes.
[AirdropContainerFall] Loot Spawned [7] Marmalade @ <4863.092773, 341.360321, 9737.461914> ... Lifespan: Set to 60 minutes.
[AirdropContainerFall] Loot Spawned [8] BoxCerealCrunchin @ <4863.390137, 341.357361, 9738.979492> ... Lifespan: Set to 60 minutes.
[AirdropContainerFall] Loot Spawned [9] PeachesCan @ <4863.044434, 341.378418, 9739.742188> ... Lifespan: Set to 60 minutes.
[AirdropContainerFall] Loot Spawned [10] PeachesCan @ <4862.855957, 341.364716, 9736.561523> ... Lifespan: Set to 60 minutes.
[AirdropContainerFall] Loot Spawned [11] Marmalade @ <4862.143555, 341.398102, 9736.868164> ... Lifespan: Set to 60 minutes.
[AirdropContainerFall] Loot Spawned [12] TacticalBaconCan @ <4860.000000, 341.507690, 9739.160156> ... Lifespan: Set to 60 minutes.
[AirdropContainerFall] Loot Spawned [13] Marmalade @ <4861.755371, 341.433197, 9739.564453> ... Lifespan: Set to 60 minutes.
[AirdropContainerFall] Loot Spawned [14] TacticalBaconCan @ <4859.752441, 341.499695, 9737.266602> ... Lifespan: Set to 60 minutes.
[AirdropContainerFall] Loot Spawned [15] BoxCerealCrunchin @ <4860.950684, 341.463531, 9738.804688> ... Lifespan: Set to 60 minutes.
[AirdropContainerFall] Loot Spawned [16] PeachesCan @ <4860.023438, 341.496033, 9737.561523> ... Lifespan: Set to 60 minutes.
[AirdropContainerFall] Loot Spawned [17] TacticalBaconCan @ <4861.625488, 341.442474, 9740.100586> ... Lifespan: Set to 60 minutes.
[AirdropContainerFall] Loot Spawned [18] TunaCan @ <4864.829102, 341.290924, 9738.272461> ... Lifespan: Set to 60 minutes.
[AirdropContainerFall] Loot Spawned [19] Pot @ <4860.038574, 341.491119, 9736.925781> ... Lifespan: Set to 60 minutes.
[AirdropContainerFall] Loot Spawned [20] Marmalade @ <4860.373047, 341.489716, 9738.920898> ... Lifespan: Set to 60 minutes.
[AirdropContainerUnstuck] Container was unstuck.
[~AirdropContainerBase] Container Destroyed on 2021-03-06 @ 17-06-49
