[InitializeContainer] Container created on 2021-04-06 @ 01-54-03
[InitializeContainer] Winds: Vector <5.531981, 0.000000, -6.484296>, Speed 8.52343mps, Strength 0.1
[AirdropContainerFall] Drop Type 'Military West', Container: 'AirdropContainer_Military', Mode/Quantity/Iems: Random/20/46, Flare:  10%
[AirdropContainerFall] Loot Spawned [1] UKAssVest_Olive @ <6610.301270, 311.654236, 7874.531738> ... Lifespan: Set to 30 minutes.
[AirdropContainerFall] Loot Spawned [2] AK101 @ <6614.000488, 311.894348, 7877.032715> ... Lifespan: Set to 30 minutes.
[AirdropContainerFall] Loot Spawned [3] Rangefinder @ <6612.779785, 311.951019, 7877.599609> ... Lifespan: Set to 30 minutes.
[AirdropContainerFall] Loot Spawned [4] TacticalBaconCan @ <6613.835449, 311.771881, 7875.803223> ... Lifespan: Set to 30 minutes.
[AirdropContainerFall] Loot Spawned [5] TacticalGloves_Green @ <6610.637207, 312.135040, 7879.439453> ... Lifespan: Set to 30 minutes.
[AirdropContainerFall] Loot Spawned [6] USMCJacket_Woodland @ <6612.585938, 311.755768, 7875.623047> ... Lifespan: Set to 30 minutes.
[AirdropContainerFall] Loot Spawned [7] CanOpener @ <6611.880859, 311.661285, 7874.631348> ... Lifespan: Set to 30 minutes.
[AirdropContainerFall] Loot Spawned [8] AK101 @ <6611.276367, 312.020355, 7878.287598> ... Lifespan: Set to 30 minutes.
[AirdropContainerFall] Loot Spawned [9] TacticalGoggles @ <6610.619629, 311.641693, 7874.399902> ... Lifespan: Set to 30 minutes.
[AirdropContainerFall] Loot Spawned [10] AKM @ <6608.529785, 311.830444, 7876.325195> ... Lifespan: Set to 30 minutes.
[AirdropContainerFall] Loot Spawned [11] UKAssVest_Olive @ <6610.995605, 311.648499, 7874.479492> ... Lifespan: Set to 30 minutes.
[AirdropContainerFall] Loot Spawned [12] TacticalGoggles @ <6610.641602, 312.026642, 7878.341797> ... Lifespan: Set to 30 minutes.
[AirdropContainerFall] Loot Spawned [13] UniversalLight @ <6609.708496, 311.679108, 7874.793457> ... Lifespan: Set to 30 minutes.
[AirdropContainerFall] Loot Spawned [14] WeaponCleaningKit @ <6613.151855, 311.937744, 7877.466797> ... Lifespan: Set to 30 minutes.
[AirdropContainerFall] Loot Spawned [15] CombatKnife @ <6613.652832, 311.678253, 7874.840820> ... Lifespan: Set to 30 minutes.
[AirdropContainerFall] Loot Spawned [16] KOD_M110_Tan @ <6608.323242, 311.789246, 7875.904785> ... Lifespan: Set to 30 minutes.
[AirdropContainerFall] Loot Spawned [17] FNX45 @ <6612.394043, 311.529388, 7873.205566> ... Lifespan: Set to 30 minutes.
[AirdropContainerFall] Loot Spawned [18] MilitaryBoots_Beige @ <6609.001953, 311.809937, 7876.124023> ... Lifespan: Set to 30 minutes.
[AirdropContainerFall] Loot Spawned [19] Canteen @ <6610.424805, 312.051575, 7878.591797> ... Lifespan: Set to 30 minutes.
[AirdropContainerFall] Loot Spawned [20] USMCJacket_Woodland @ <6612.483887, 311.918762, 7877.273926> ... Lifespan: Set to 30 minutes.
[AirdropContainerUnstuck] Container was unstuck.
[~AirdropContainerBase] Container Destroyed on 2021-04-06 @ 02-19-03
