[InitializeContainer] Container created on 2021-03-08 @ 23-48-36
[InitializeContainer] Winds: Vector <-19.966318, 0.000000, 0.225829>, Speed 19.9676mps, Strength 0.1
[AirdropContainerFall] Drop Type 'Military East', Container: 'AirdropContainer_Military', Mode/Quantity/Iems: Random/20/28, Flare:  10%
[AirdropContainerFall] Loot Spawned [1] Battery9V @ <13575.782227, 39.145878, 2973.077881> ... Lifespan: Set to 60 minutes.
[AirdropContainerFall] Loot Spawned [2] AmmoBox_762x39_20Rnd @ <13572.306641, 38.910519, 2968.080566> ... Lifespan: Set to 60 minutes.
[AirdropContainerFall] Loot Spawned [3] GorkaEJacket_PautRev @ <13572.146484, 37.654701, 2971.693359> ... Lifespan: Set to 60 minutes.
[AirdropContainerFall] Loot Spawned [4] AmmoBox_762x39_20Rnd @ <13577.666992, 40.602840, 2968.141357> ... Lifespan: Set to 60 minutes.
[AirdropContainerFall] Loot Spawned [5] GorkaPants_Summer @ <13572.867188, 39.209949, 2967.961914> ... Lifespan: Set to 60 minutes.
[AirdropContainerFall] Loot Spawned [6] Binoculars @ <13578.042969, 40.326820, 2970.733398> ... Lifespan: Set to 60 minutes.
[AirdropContainerFall] Loot Spawned [7] TacticalBaconCan @ <13576.446289, 40.534645, 2967.287598> ... Lifespan: Set to 60 minutes.
[AirdropContainerFall] Loot Spawned [8] TacticalBaconCan @ <13572.853516, 39.285294, 2967.434814> ... Lifespan: Set to 60 minutes.
[AirdropContainerFall] Loot Spawned [9] GorkaPants_Autumn @ <13576.504883, 40.323784, 2968.943604> ... Lifespan: Set to 60 minutes.
[AirdropContainerFall] Loot Spawned [10] GorkaPants_Flat @ <13575.756836, 39.726604, 2971.216309> ... Lifespan: Set to 60 minutes.
[AirdropContainerFall] Loot Spawned [11] TacticalGloves_Green @ <13572.957031, 38.337860, 2971.157959> ... Lifespan: Set to 60 minutes.
[AirdropContainerFall] Loot Spawned [12] Canteen @ <13576.817383, 40.351677, 2969.463867> ... Lifespan: Set to 60 minutes.
[AirdropContainerFall] Loot Spawned [13] WeaponCleaningKit @ <13572.278320, 38.663059, 2969.575684> ... Lifespan: Set to 60 minutes.
[AirdropContainerFall] Loot Spawned [14] GorkaEJacket_Flat @ <13575.710938, 40.323875, 2968.147949> ... Lifespan: Set to 60 minutes.
[AirdropContainerFall] Loot Spawned [15] GorkaPants_Autumn @ <13575.962891, 40.473194, 2967.359131> ... Lifespan: Set to 60 minutes.
[AirdropContainerFall] Loot Spawned [16] GorkaPants_Autumn @ <13576.729492, 40.400455, 2968.432373> ... Lifespan: Set to 60 minutes.
[AirdropContainerFall] Loot Spawned [17] TacticalGloves_Green @ <13575.626953, 40.564972, 2966.546875> ... Lifespan: Set to 60 minutes.
[AirdropContainerFall] Loot Spawned [18] TacticalGoggles @ <13574.280273, 38.913296, 2971.721436> ... Lifespan: Set to 60 minutes.
[AirdropContainerFall] Loot Spawned [19] TacticalGloves_Green @ <13575.211914, 39.292065, 2972.258057> ... Lifespan: Set to 60 minutes.
[AirdropContainerFall] Loot Spawned [20] TTSKOPants @ <13574.537109, 39.988861, 2968.335449> ... Lifespan: Set to 60 minutes.
[AirdropContainerUnstuck] Container was unstuck.
[~AirdropContainerBase] Container Destroyed on 2021-03-09 @ 00-03-37
