[InitializeContainer] Container created on 2021-04-04 @ 07-38-11
[InitializeContainer] Winds: Vector <5.192619, 0.000000, -6.611935>, Speed 8.4072mps, Strength 0.1
[AirdropContainerFall] Drop Type 'Military West', Container: 'AirdropContainer_Military', Mode/Quantity/Iems: Random/20/46, Flare:  10%
[AirdropContainerFall] Loot Spawned [1] AmmoBox_556x45_20Rnd @ <4520.156250, 341.571289, 10275.750000> ... Lifespan: Set to 30 minutes.
[AirdropContainerFall] Loot Spawned [2] CombatKnife @ <4518.495117, 341.623169, 10277.435547> ... Lifespan: Set to 30 minutes.
[AirdropContainerFall] Loot Spawned [3] TacticalGloves_Beige @ <4520.212891, 341.655762, 10279.339844> ... Lifespan: Set to 30 minutes.
[AirdropContainerFall] Loot Spawned [4] USMCJacket_Desert @ <4519.898926, 341.542664, 10274.064453> ... Lifespan: Set to 30 minutes.
[AirdropContainerFall] Loot Spawned [5] KOD_M110_Tan @ <4521.790527, 341.557220, 10274.273438> ... Lifespan: Set to 30 minutes.
[AirdropContainerFall] Loot Spawned [6] UniversalLight @ <4522.118652, 341.591064, 10276.914063> ... Lifespan: Set to 30 minutes.
[AirdropContainerFall] Loot Spawned [7] Mag_FNX45_15Rnd @ <4517.750488, 341.708008, 10279.865234> ... Lifespan: Set to 30 minutes.
[AirdropContainerFall] Loot Spawned [8] AmmoBox_45ACP_25Rnd @ <4522.245605, 341.559357, 10274.833984> ... Lifespan: Set to 30 minutes.
[AirdropContainerFall] Loot Spawned [9] UKAssVest_Black @ <4520.458008, 341.562897, 10275.470703> ... Lifespan: Set to 30 minutes.
[AirdropContainerFall] Loot Spawned [10] MilitaryBoots_Bluerock @ <4520.980469, 341.656952, 10280.636719> ... Lifespan: Set to 30 minutes.
[AirdropContainerFall] Loot Spawned [11] TacticalGloves_Green @ <4517.991211, 341.652435, 10278.296875> ... Lifespan: Set to 30 minutes.
[AirdropContainerFall] Loot Spawned [12] CombatKnife @ <4521.749023, 341.602875, 10277.323242> ... Lifespan: Set to 30 minutes.
[AirdropContainerFall] Loot Spawned [13] M9A1_Bayonet @ <4523.284180, 341.596954, 10276.600586> ... Lifespan: Set to 30 minutes.
[AirdropContainerFall] Loot Spawned [14] MilitaryBoots_Brown @ <4519.319336, 341.684784, 10280.368164> ... Lifespan: Set to 30 minutes.
[AirdropContainerFall] Loot Spawned [15] USMCPants_Desert @ <4520.589355, 341.659760, 10280.259766> ... Lifespan: Set to 30 minutes.
[AirdropContainerFall] Loot Spawned [16] TacticalBaconCan @ <4519.017578, 341.668884, 10278.574219> ... Lifespan: Set to 30 minutes.
[AirdropContainerFall] Loot Spawned [17] USMCJacket_Desert @ <4520.336914, 341.662354, 10280.083008> ... Lifespan: Set to 30 minutes.
[AirdropContainerFall] Loot Spawned [18] Canteen @ <4522.803711, 341.606628, 10278.262695> ... Lifespan: Set to 30 minutes.
[AirdropContainerFall] Loot Spawned [19] KOD_RSASS_Black @ <4518.364746, 341.692352, 10279.513672> ... Lifespan: Set to 30 minutes.
[AirdropContainerFall] Loot Spawned [20] PistolSuppressor @ <4519.779785, 341.540100, 10274.665039> ... Lifespan: Set to 30 minutes.
[AirdropContainerUnstuck] Container was unstuck.
[~AirdropContainerBase] Container Destroyed on 2021-04-04 @ 08-03-11
