[InitializeContainer] Container created on 2021-03-29 @ 01-54-30
[InitializeContainer] Winds: Vector <5.084001, 0.000000, -6.649162>, Speed 8.37009mps, Strength 0.1
[AirdropContainerFall] Drop Type 'Military East', Container: 'AirdropContainer_Military', Mode/Quantity/Iems: Random/20/33, Flare:  10%
[AirdropContainerFall] Loot Spawned [1] AmmoBox_762x39_20Rnd @ <6546.879395, 297.937225, 7748.327148> ... Lifespan: Set to 30 minutes.
[AirdropContainerFall] Loot Spawned [2] KOD_M16A4 @ <6544.309082, 297.966675, 7748.355469> ... Lifespan: Set to 30 minutes.
[AirdropContainerFall] Loot Spawned [3] WeaponCleaningKit @ <6545.772949, 298.091919, 7750.312500> ... Lifespan: Set to 30 minutes.
[AirdropContainerFall] Loot Spawned [4] WeaponCleaningKit @ <6543.579590, 298.211609, 7751.649902> ... Lifespan: Set to 30 minutes.
[AirdropContainerFall] Loot Spawned [5] Mag_AKM_30Rnd @ <6546.461426, 298.126709, 7750.896973> ... Lifespan: Set to 30 minutes.
[AirdropContainerFall] Loot Spawned [6] KOD_M16A4 @ <6540.956543, 298.096924, 7749.667969> ... Lifespan: Set to 30 minutes.
[AirdropContainerFall] Loot Spawned [7] AK_PlasticBttstck @ <6545.063477, 298.203430, 7751.755859> ... Lifespan: Set to 30 minutes.
[AirdropContainerFall] Loot Spawned [8] AK_RailHndgrd @ <6543.221680, 298.254395, 7752.190430> ... Lifespan: Set to 30 minutes.
[AirdropContainerFall] Loot Spawned [9] AK_Suppressor @ <6543.636230, 297.905853, 7747.407227> ... Lifespan: Set to 30 minutes.
[AirdropContainerFall] Loot Spawned [10] GorkaPants_Summer @ <6544.103516, 297.885406, 7747.184570> ... Lifespan: Set to 30 minutes.
[AirdropContainerFall] Loot Spawned [11] AK_RailHndgrd @ <6544.312012, 297.949615, 7748.119141> ... Lifespan: Set to 30 minutes.
[AirdropContainerFall] Loot Spawned [12] TacticalGloves_Green @ <6543.121582, 298.288879, 7752.654785> ... Lifespan: Set to 30 minutes.
[AirdropContainerFall] Loot Spawned [13] CanOpener @ <6542.056152, 298.226868, 7751.636230> ... Lifespan: Set to 30 minutes.
[AirdropContainerFall] Loot Spawned [14] AK_Bayonet @ <6545.771484, 298.108612, 7750.543945> ... Lifespan: Set to 30 minutes.
[AirdropContainerFall] Loot Spawned [15] AKM @ <6543.907227, 298.201111, 7751.552246> ... Lifespan: Set to 30 minutes.
[AirdropContainerFall] Loot Spawned [16] AK_Bayonet @ <6546.038574, 297.894501, 7747.609863> ... Lifespan: Set to 30 minutes.
[AirdropContainerFall] Loot Spawned [17] GorkaEJacket_Flat @ <6544.916016, 298.200470, 7751.692871> ... Lifespan: Set to 30 minutes.
[AirdropContainerFall] Loot Spawned [18] TacticalGloves_Beige @ <6546.972168, 298.120392, 7750.885254> ... Lifespan: Set to 30 minutes.
[AirdropContainerFall] Loot Spawned [19] TacticalGoggles @ <6542.518066, 298.036194, 7749.056152> ... Lifespan: Set to 30 minutes.
[AirdropContainerFall] Loot Spawned [20] TacticalGloves_Beige @ <6547.589844, 298.094208, 7750.601074> ... Lifespan: Set to 30 minutes.
[AirdropContainerUnstuck] Container was unstuck.
[~AirdropContainerBase] Container Destroyed on 2021-03-29 @ 02-19-30
