[AirdropPlane] Aircraft created on 2021-04-22 @ 16-41-10
[InitializeAircraft] Aircraft Initialized: Berezino @ 12450/9250 (true)
[EOnBeforeDrop] The Aircraft is 1 Km from Berezino. @ <11473.371094, 285.663055, 10386.226563>
[EOnDrop] Zombie Spawned [1] ZmbM_MechanicSkinny_Red @ <12410.579102, 21.383957, 9324.780273> ... Lifespan:  Set to 30 minutes.
[EOnDrop] Zombie Spawned [2] ZmbM_OffshoreWorker_Green @ <12421.649414, 20.359709, 9330.698242> ... Lifespan:  Set to 30 minutes.
[EOnDrop] Zombie Spawned [3] ZmbM_OffshoreWorker_Yellow @ <12387.958008, 25.335941, 9267.022461> ... Lifespan:  Set to 30 minutes.
[EOnDrop] Zombie Spawned [4] ZmbF_MechanicNormal_Grey @ <12388.974609, 21.854315, 9336.627930> ... Lifespan:  Set to 30 minutes.
[EOnDrop] Zombie Spawned [5] ZmbM_ConstrWorkerNormal_Grey @ <12384.599609, 24.586176, 9290.934570> ... Lifespan:  Set to 30 minutes.
[EOnDrop] Zombie Spawned [6] ZmbF_BlueCollarFat_Red @ <12400.620117, 23.775644, 9289.105469> ... Lifespan:  Set to 30 minutes.
[EOnDrop] Zombie Spawned [7] ZmbM_OffshoreWorker_Yellow @ <12402.177734, 23.639076, 9290.113281> ... Lifespan:  Set to 30 minutes.
[EOnDrop] Zombie Spawned [8] ZmbF_MechanicNormal_Beige @ <12367.008789, 25.704767, 9281.027344> ... Lifespan:  Set to 30 minutes.
[EOnDrop] Zombie Spawned [9] ZmbF_BlueCollarFat_Red @ <12437.265625, 20.962406, 9295.481445> ... Lifespan:  Set to 30 minutes.
[EOnDrop] Zombie Spawned [10] ZmbM_HandymanNormal_Grey @ <12377.125000, 24.532650, 9298.915039> ... Lifespan:  Set to 30 minutes.
[EOnDrop] Zombie Spawned [11] ZmbF_MechanicNormal_Grey @ <12393.986328, 22.349773, 9324.695313> ... Lifespan:  Set to 30 minutes.
[EOnDrop] Zombie Spawned [12] ZmbF_BlueCollarFat_Green @ <12401.270508, 21.942965, 9324.795898> ... Lifespan:  Set to 30 minutes.
[EOnDrop] Zombie Spawned [13] ZmbM_HandymanNormal_White @ <12367.297852, 24.723133, 9299.612305> ... Lifespan:  Set to 30 minutes.
[EOnDrop] Zombie Spawned [14] ZmbM_MechanicSkinny_Green @ <12415.110352, 21.264086, 9322.033203> ... Lifespan:  Set to 30 minutes.
[EOnDrop] Zombie Spawned [15] ZmbM_ConstrWorkerNormal_Grey @ <12398.077148, 23.604437, 9297.030273> ... Lifespan:  Set to 30 minutes.
[EOnDrop] Zombie Spawned [16] ZmbM_MechanicSkinny_Grey @ <12393.486328, 21.803783, 9333.748047> ... Lifespan:  Set to 30 minutes.
[EOnDrop] Zombie Spawned [17] ZmbM_HandymanNormal_White @ <12396.261719, 23.487904, 9301.834961> ... Lifespan:  Set to 30 minutes.
[EOnDrop] Zombie Spawned [18] ZmbM_MechanicSkinny_Green @ <12391.193359, 24.129589, 9293.752930> ... Lifespan:  Set to 30 minutes.
[EOnDrop] Zombie Spawned [19] ZmbM_HeavyIndustryWorker @ <12372.720703, 23.999258, 9312.941406> ... Lifespan:  Set to 30 minutes.
[EOnDrop] Zombie Spawned [20] ZmbM_OffshoreWorker_Green @ <12374.684570, 24.514812, 9301.102539> ... Lifespan:  Set to 30 minutes.
[EOnDrop] Drop spawned with 20 infected at <12396.779297, 161.531128, 9315.359375>.
[EOnDrop] Supplies have been dropped near Berezino.
[EOnBeforeDelete] Aircraft despawned @ <16360.001953, 152.000610, 4718.088867>
[~AirdropPlane] Aircraft destroyed.
