[InitializeContainer] Container created on 2021-03-14 @ 13-27-10
[InitializeContainer] Winds: Vector <3.347609, 0.000000, -7.017566>, Speed 7.77513mps, Strength 0.1
[AirdropContainerFall] Drop Type 'Military East', Container: 'AirdropContainer_Military', Mode/Quantity/Iems: Random/20/33, Flare:  10%
[AirdropContainerFall] Loot Spawned [1] GorkaPants_Flat @ <5066.382324, 8.210445, 2526.105225> ... Lifespan: Set to 60 minutes.
[AirdropContainerFall] Loot Spawned [2] AK_RailHndgrd @ <5062.261719, 8.234967, 2529.060791> ... Lifespan: Set to 60 minutes.
[AirdropContainerFall] Loot Spawned [3] TacticalGoggles @ <5067.684570, 8.169669, 2527.769287> ... Lifespan: Set to 60 minutes.
[AirdropContainerFall] Loot Spawned [4] GorkaPants_Flat @ <5062.305176, 8.214809, 2527.589844> ... Lifespan: Set to 60 minutes.
[AirdropContainerFall] Loot Spawned [5] TacticalGloves_Green @ <5062.614258, 8.204363, 2527.843750> ... Lifespan: Set to 60 minutes.
[AirdropContainerFall] Loot Spawned [6] TTsKOJacket_Camo @ <5065.664063, 8.195405, 2528.791748> ... Lifespan: Set to 60 minutes.
[AirdropContainerFall] Loot Spawned [7] TTSKOPants @ <5063.032715, 8.209086, 2527.040527> ... Lifespan: Set to 60 minutes.
[AirdropContainerFall] Loot Spawned [8] TacticalGloves_Green @ <5064.906250, 8.207746, 2529.398926> ... Lifespan: Set to 60 minutes.
[AirdropContainerFall] Loot Spawned [9] TacticalGloves_Beige @ <5061.625977, 8.246655, 2526.318359> ... Lifespan: Set to 60 minutes.
[AirdropContainerFall] Loot Spawned [10] AK_PlasticBttstck @ <5061.988281, 8.249618, 2528.824219> ... Lifespan: Set to 60 minutes.
[AirdropContainerFall] Loot Spawned [11] TTSKOPants @ <5061.993164, 8.217322, 2525.862793> ... Lifespan: Set to 60 minutes.
[AirdropContainerFall] Loot Spawned [12] AK_RailHndgrd @ <5061.969238, 8.215499, 2525.543213> ... Lifespan: Set to 60 minutes.
[AirdropContainerFall] Loot Spawned [13] GorkaPants_Summer @ <5064.780762, 8.218282, 2526.217529> ... Lifespan: Set to 60 minutes.
[AirdropContainerFall] Loot Spawned [14] GorkaEJacket_PautRev @ <5063.997559, 8.225760, 2530.395264> ... Lifespan: Set to 60 minutes.
[AirdropContainerFall] Loot Spawned [15] GorkaPants_Summer @ <5066.450195, 8.209356, 2526.130371> ... Lifespan: Set to 60 minutes.
[AirdropContainerFall] Loot Spawned [16] KOD_M110_Tan @ <5063.575684, 8.224269, 2530.036621> ... Lifespan: Set to 60 minutes.
[AirdropContainerFall] Loot Spawned [17] TacticalGoggles @ <5061.135254, 8.305223, 2528.907227> ... Lifespan: Set to 60 minutes.
[AirdropContainerFall] Loot Spawned [18] Binoculars @ <5066.186035, 8.210027, 2526.173584> ... Lifespan: Set to 60 minutes.
[AirdropContainerFall] Loot Spawned [19] TacticalGloves_Green @ <5066.499512, 8.178379, 2527.836914> ... Lifespan: Set to 60 minutes.
[AirdropContainerFall] Loot Spawned [20] TacticalBaconCan @ <5064.724609, 8.234521, 2524.524414> ... Lifespan: Set to 60 minutes.
[AirdropContainerUnstuck] Container was unstuck.
[~AirdropContainerBase] Container Destroyed on 2021-03-14 @ 13-52-10
