[InitializeContainer] Container created on 2021-03-11 @ 01-51-27
[InitializeContainer] Winds: Vector <8.250581, 0.000000, -4.727991>, Speed 9.50926mps, Strength 0.1
[AirdropContainerFall] Drop Type 'Misc. Tools', Container: 'RANDOM', Mode/Quantity/Iems: Random/20/50, Flare:  10%
[AirdropContainerFall] Loot Spawned [1] SewingKit @ <10140.669922, 34.229103, 2478.108154> ... Lifespan: Set to 60 minutes.
[AirdropContainerFall] Loot Spawned [2] ElectronicRepairKit @ <10138.823242, 34.441002, 2480.723389> ... Lifespan: Set to 60 minutes.
[AirdropContainerFall] Loot Spawned [3] Chemlight_Red @ <10142.898438, 33.854496, 2479.541260> ... Lifespan: Set to 60 minutes.
[AirdropContainerFall] Loot Spawned [4] Compass @ <10139.906250, 34.281578, 2479.960693> ... Lifespan: Set to 60 minutes.
[AirdropContainerFall] Loot Spawned [5] Heatpack @ <10140.529297, 34.087440, 2482.787354> ... Lifespan: Set to 60 minutes.
[AirdropContainerFall] Loot Spawned [6] ElectronicRepairKit @ <10143.683594, 33.732059, 2480.201660> ... Lifespan: Set to 60 minutes.
[AirdropContainerFall] Loot Spawned [7] CanOpener @ <10141.535156, 34.058128, 2479.430664> ... Lifespan: Set to 60 minutes.
[AirdropContainerFall] Loot Spawned [8] PortableGasLamp @ <10143.385742, 33.729107, 2482.117188> ... Lifespan: Set to 60 minutes.
[AirdropContainerFall] Loot Spawned [9] CableReel @ <10143.815430, 33.709484, 2480.406494> ... Lifespan: Set to 60 minutes.
[AirdropContainerFall] Loot Spawned [10] Battery9V @ <10142.704102, 33.708942, 2483.895996> ... Lifespan: Set to 60 minutes.
[AirdropContainerFall] Loot Spawned [11] Crowbar @ <10143.562500, 33.668217, 2482.877197> ... Lifespan: Set to 60 minutes.
[AirdropContainerFall] Loot Spawned [12] PersonalRadio @ <10143.992188, 33.712105, 2479.230713> ... Lifespan: Set to 60 minutes.
[AirdropContainerFall] Loot Spawned [13] OrienteeringCompass @ <10140.697266, 34.174179, 2479.635010> ... Lifespan: Set to 60 minutes.
[AirdropContainerFall] Loot Spawned [14] HuntingKnife @ <10140.288086, 34.188148, 2481.016602> ... Lifespan: Set to 60 minutes.
[AirdropContainerFall] Loot Spawned [15] PersonalRadio @ <10141.327148, 34.082649, 2479.609375> ... Lifespan: Set to 60 minutes.
[AirdropContainerFall] Loot Spawned [16] FirefighterAxe @ <10143.450195, 33.715237, 2482.344482> ... Lifespan: Set to 60 minutes.
[AirdropContainerFall] Loot Spawned [17] Hacksaw @ <10142.385742, 33.943295, 2479.133301> ... Lifespan: Set to 60 minutes.
[AirdropContainerFall] Loot Spawned [18] BatteryCharger @ <10140.136719, 34.239120, 2480.152100> ... Lifespan: Set to 60 minutes.
[AirdropContainerFall] Loot Spawned [19] PortableGasStove @ <10139.917969, 34.240025, 2481.146240> ... Lifespan: Set to 60 minutes.
[AirdropContainerFall] Loot Spawned [20] SewingKit @ <10143.650391, 33.665752, 2482.750244> ... Lifespan: Set to 60 minutes.
[AirdropContainerUnstuck] Container was unstuck.
