[AirdropPlane] Aircraft created on 2021-04-16 @ 03-27-10
[InitializeAircraft] Aircraft Initialized: Northwest Airfield @ 4500/10350 (true)
[EOnBeforeDrop] The Aircraft is 1 Km from Northwest Airfield. @ <5788.005371, 463.138428, 9582.868164>
[EOnDrop] Zombie Spawned [1] ZmbM_PatrolNormal_Flat @ <4555.369629, 341.769379, 10283.573242> ... Lifespan:  Set to 30 minutes.
[EOnDrop] Zombie Spawned [2] ZmbM_PatrolNormal_Autumn @ <4552.576172, 341.944916, 10297.295898> ... Lifespan:  Set to 30 minutes.
[EOnDrop] Zombie Spawned [3] ZmbM_PatrolNormal_PautRev @ <4563.198730, 340.712372, 10322.179688> ... Lifespan:  Set to 30 minutes.
[EOnDrop] Zombie Spawned [4] ZmbM_PatrolNormal_PautRev @ <4596.567383, 340.367523, 10289.244141> ... Lifespan:  Set to 30 minutes.
[EOnDrop] Zombie Spawned [5] ZmbM_SoldierNormal @ <4562.600586, 341.508484, 10309.545898> ... Lifespan:  Set to 30 minutes.
[EOnDrop] Zombie Spawned [6] ZmbM_PatrolNormal_PautRev @ <4573.170410, 340.780365, 10318.652344> ... Lifespan:  Set to 30 minutes.
[EOnDrop] Zombie Spawned [7] ZmbM_PatrolNormal_Flat @ <4558.320801, 340.548584, 10329.125000> ... Lifespan:  Set to 30 minutes.
[EOnDrop] Zombie Spawned [8] ZmbM_PatrolNormal_Flat @ <4527.250977, 342.259857, 10286.229492> ... Lifespan:  Set to 30 minutes.
[EOnDrop] Zombie Spawned [9] ZmbM_SoldierNormal @ <4585.246582, 339.500000, 10348.657227> ... Lifespan:  Set to 30 minutes.
[EOnDrop] Zombie Spawned [10] ZmbM_PatrolNormal_PautRev @ <4552.140137, 342.206543, 10277.667969> ... Lifespan:  Set to 30 minutes.
[EOnDrop] Zombie Spawned [11] ZmbM_SoldierNormal @ <4607.186035, 340.142822, 10279.173828> ... Lifespan:  Set to 30 minutes.
[EOnDrop] Zombie Spawned [12] ZmbM_SoldierNormal @ <4529.000000, 342.888794, 10311.743164> ... Lifespan:  Set to 30 minutes.
[EOnDrop] Zombie Spawned [13] ZmbM_PatrolNormal_PautRev @ <4578.395508, 340.675385, 10319.100586> ... Lifespan:  Set to 30 minutes.
[EOnDrop] Zombie Spawned [14] ZmbM_PatrolNormal_Autumn @ <4566.676758, 341.467407, 10296.874023> ... Lifespan:  Set to 30 minutes.
[EOnDrop] Zombie Spawned [15] ZmbM_PatrolNormal_PautRev @ <4571.457520, 340.715179, 10320.497070> ... Lifespan:  Set to 30 minutes.
[EOnDrop] Zombie Spawned [16] ZmbM_PatrolNormal_Summer @ <4583.084473, 341.032410, 10297.506836> ... Lifespan:  Set to 30 minutes.
[EOnDrop] Zombie Spawned [17] ZmbM_PatrolNormal_Flat @ <4575.733398, 341.059418, 10263.105469> ... Lifespan:  Set to 30 minutes.
[EOnDrop] Zombie Spawned [18] ZmbM_SoldierNormal @ <4613.223145, 339.500000, 10323.594727> ... Lifespan:  Set to 30 minutes.
[EOnDrop] Zombie Spawned [19] ZmbM_PatrolNormal_Flat @ <4573.221191, 341.399231, 10274.542969> ... Lifespan:  Set to 30 minutes.
[EOnDrop] Zombie Spawned [20] ZmbM_SoldierNormal @ <4558.304199, 341.266541, 10318.480469> ... Lifespan:  Set to 30 minutes.
[EOnDrop] Zombie Spawned [21] ZmbM_PatrolNormal_Autumn @ <4583.591797, 340.583405, 10314.886719> ... Lifespan:  Set to 30 minutes.
[EOnDrop] Zombie Spawned [22] ZmbM_SoldierNormal @ <4591.505371, 340.342102, 10266.479492> ... Lifespan:  Set to 30 minutes.
[EOnDrop] Zombie Spawned [23] ZmbM_SoldierNormal @ <4530.333984, 342.094055, 10282.524414> ... Lifespan:  Set to 30 minutes.
[EOnDrop] Zombie Spawned [24] ZmbM_SoldierNormal @ <4569.062988, 341.357574, 10294.944336> ... Lifespan:  Set to 30 minutes.
[EOnDrop] Zombie Spawned [25] ZmbM_PatrolNormal_Summer @ <4564.637207, 342.191498, 10266.151367> ... Lifespan:  Set to 30 minutes.
[EOnDrop] Drop spawned with 25 infected at <4569.584961, 481.254852, 10307.819336>.
[EOnDrop] Supplies have been dropped near Northwest Airfield.
[EOnBeforeDelete] Aircraft despawned @ <-1001.072327, 506.040344, 13621.881836>
[~AirdropPlane] Aircraft destroyed.
