[InitializeContainer] Container created on 2021-04-11 @ 01-54-29
[InitializeContainer] Winds: Vector <5.210543, 0.000000, -6.605624>, Speed 8.41332mps, Strength 0.1
[AirdropContainerFall] Drop Type 'Military West', Container: 'AirdropContainer_Military', Mode/Quantity/Iems: Random/20/46, Flare:  10%
[AirdropContainerFall] Loot Spawned [1] TacticalBaconCan @ <12395.845703, 22.320456, 9315.181641> ... Lifespan: Set to 30 minutes.
[AirdropContainerFall] Loot Spawned [2] M9A1_Bayonet @ <12390.644531, 22.636887, 9314.612305> ... Lifespan: Set to 30 minutes.
[AirdropContainerFall] Loot Spawned [3] AssaultBag_Ttsko @ <12394.705078, 22.527878, 9312.545898> ... Lifespan: Set to 30 minutes.
[AirdropContainerFall] Loot Spawned [4] MilitaryBoots_Brown @ <12394.102539, 22.320057, 9316.776367> ... Lifespan: Set to 30 minutes.
[AirdropContainerFall] Loot Spawned [5] AK101 @ <12392.527344, 22.588238, 9313.620117> ... Lifespan: Set to 30 minutes.
[AirdropContainerFall] Loot Spawned [6] AKM @ <12392.107422, 22.461248, 9316.241211> ... Lifespan: Set to 30 minutes.
[AirdropContainerFall] Loot Spawned [7] AmmoBox_556x45_20Rnd @ <12395.099609, 22.337570, 9315.576172> ... Lifespan: Set to 30 minutes.
[AirdropContainerFall] Loot Spawned [8] AK101 @ <12391.878906, 22.456678, 9316.525391> ... Lifespan: Set to 30 minutes.
[AirdropContainerFall] Loot Spawned [9] KOD_M16A4 @ <12391.892578, 22.598898, 9314.059570> ... Lifespan: Set to 30 minutes.
[AirdropContainerFall] Loot Spawned [10] UniversalLight @ <12392.026367, 22.468781, 9316.189453> ... Lifespan: Set to 30 minutes.
[AirdropContainerFall] Loot Spawned [11] Canteen @ <12395.183594, 22.382738, 9314.721680> ... Lifespan: Set to 30 minutes.
[AirdropContainerFall] Loot Spawned [12] M4A1 @ <12395.660156, 22.445047, 9313.106445> ... Lifespan: Set to 30 minutes.
[AirdropContainerFall] Loot Spawned [13] AssaultBag_Black @ <12394.888672, 22.270304, 9316.889648> ... Lifespan: Set to 30 minutes.
[AirdropContainerFall] Loot Spawned [14] Mag_FNX45_15Rnd @ <12397.041992, 22.257454, 9315.142578> ... Lifespan: Set to 30 minutes.
[AirdropContainerFall] Loot Spawned [15] USMCJacket_Desert @ <12392.582031, 22.620569, 9312.973633> ... Lifespan: Set to 30 minutes.
[AirdropContainerFall] Loot Spawned [16] MilitaryBoots_Bluerock @ <12395.443359, 22.488291, 9312.532227> ... Lifespan: Set to 30 minutes.
[AirdropContainerFall] Loot Spawned [17] AssaultBag_Black @ <12392.632813, 22.334024, 9317.883789> ... Lifespan: Set to 30 minutes.
[AirdropContainerFall] Loot Spawned [18] Mag_STANAG_30Rnd @ <12395.723633, 22.297831, 9315.670898> ... Lifespan: Set to 30 minutes.
[AirdropContainerFall] Loot Spawned [19] Canteen @ <12392.313477, 22.565065, 9314.256836> ... Lifespan: Set to 30 minutes.
[AirdropContainerFall] Loot Spawned [20] AssaultBag_Black @ <12394.703125, 22.483185, 9313.365234> ... Lifespan: Set to 30 minutes.
[AirdropContainerUnstuck] Container was unstuck.
[~AirdropContainerBase] Container Destroyed on 2021-04-11 @ 02-19-29
