[InitializeContainer] Container created on 2021-03-29 @ 00-27-11
[InitializeContainer] Winds: Vector <7.624901, 0.000000, -5.268295>, Speed 9.2679mps, Strength 0.1
[AirdropContainerFall] Drop Type 'Misc. Tools', Container: 'RANDOM', Mode/Quantity/Iems: Random/30/54, Flare:  10%
[AirdropContainerFall] Loot Spawned [1] Chemlight_Red @ <12360.369141, 26.521095, 9259.790039> ... Lifespan: Set to 30 minutes.
[AirdropContainerFall] Loot Spawned [2] SledgeHammer @ <12359.534180, 26.365784, 9264.885742> ... Lifespan: Set to 30 minutes.
[AirdropContainerFall] Loot Spawned [3] Matchbox @ <12360.056641, 26.316751, 9265.421875> ... Lifespan: Set to 30 minutes.
[AirdropContainerFall] Loot Spawned [4] AK101 @ <12361.832031, 26.483765, 9259.799805> ... Lifespan: Set to 30 minutes.
[AirdropContainerFall] Loot Spawned [5] Battery9V @ <12363.041992, 26.344587, 9262.789063> ... Lifespan: Set to 30 minutes.
[AirdropContainerFall] Loot Spawned [6] HuntingKnife @ <12362.260742, 26.350191, 9263.193359> ... Lifespan: Set to 30 minutes.
[AirdropContainerFall] Loot Spawned [7] CableReel @ <12362.424805, 26.357285, 9262.925781> ... Lifespan: Set to 30 minutes.
[AirdropContainerFall] Loot Spawned [8] Crowbar @ <12362.001953, 26.464998, 9260.292969> ... Lifespan: Set to 30 minutes.
[AirdropContainerFall] Loot Spawned [9] PortableGasStove @ <12359.198242, 26.561613, 9259.893555> ... Lifespan: Set to 30 minutes.
[AirdropContainerFall] Loot Spawned [10] PersonalRadio @ <12358.811523, 26.520655, 9261.852539> ... Lifespan: Set to 30 minutes.
[AirdropContainerFall] Loot Spawned [11] KitchenKnife @ <12357.926758, 26.560818, 9261.770508> ... Lifespan: Set to 30 minutes.
[AirdropContainerFall] Loot Spawned [12] Hatchet @ <12362.609375, 26.431543, 9260.751953> ... Lifespan: Set to 30 minutes.
[AirdropContainerFall] Loot Spawned [13] Headtorch_Grey @ <12358.130859, 26.461023, 9264.301758> ... Lifespan: Set to 30 minutes.
[AirdropContainerFall] Loot Spawned [14] SewingKit @ <12361.162109, 26.513954, 9259.349609> ... Lifespan: Set to 30 minutes.
[AirdropContainerFall] Loot Spawned [15] Megaphone @ <12358.838867, 26.550243, 9260.804688> ... Lifespan: Set to 30 minutes.
[AirdropContainerFall] Loot Spawned [16] Whetstone @ <12364.011719, 26.262283, 9263.948242> ... Lifespan: Set to 30 minutes.
[AirdropContainerFall] Loot Spawned [17] SledgeHammer @ <12358.226563, 26.511473, 9262.891602> ... Lifespan: Set to 30 minutes.
[AirdropContainerFall] Loot Spawned [18] Crowbar @ <12359.129883, 26.520231, 9261.404297> ... Lifespan: Set to 30 minutes.
[AirdropContainerFall] Loot Spawned [19] PersonalRadio @ <12362.586914, 26.427771, 9260.880859> ... Lifespan: Set to 30 minutes.
[AirdropContainerFall] Loot Spawned [20] Lockpick @ <12363.556641, 26.309938, 9263.204102> ... Lifespan: Set to 30 minutes.
[AirdropContainerFall] Loot Spawned [21] AK101 @ <12361.318359, 26.463770, 9260.924805> ... Lifespan: Set to 30 minutes.
[AirdropContainerFall] Loot Spawned [22] Pickaxe @ <12359.501953, 26.401274, 9264.137695> ... Lifespan: Set to 30 minutes.
[AirdropContainerFall] Loot Spawned [23] Chemlight_Red @ <12363.743164, 26.330967, 9262.615234> ... Lifespan: Set to 30 minutes.
[AirdropContainerFall] Loot Spawned [24] Roadflare @ <12363.541016, 26.317749, 9263.042969> ... Lifespan: Set to 30 minutes.
[AirdropContainerFall] Loot Spawned [25] Matchbox @ <12360.284180, 26.513020, 9260.139648> ... Lifespan: Set to 30 minutes.
[AirdropContainerFall] Loot Spawned [26] Spotlight @ <12361.612305, 26.337614, 9263.909180> ... Lifespan: Set to 30 minutes.
[AirdropContainerFall] Loot Spawned [27] Roadflare @ <12359.558594, 26.561153, 9259.384766> ... Lifespan: Set to 30 minutes.
[AirdropContainerFall] Loot Spawned [28] Megaphone @ <12359.692383, 26.530716, 9260.228516> ... Lifespan: Set to 30 minutes.
[AirdropContainerFall] Loot Spawned [29] WoodAxe @ <12363.623047, 26.411413, 9260.435547> ... Lifespan: Set to 30 minutes.
[AirdropContainerFall] Loot Spawned [30] LeatherSewingKit @ <12358.194336, 26.519749, 9262.713867> ... Lifespan: Set to 30 minutes.
[AirdropContainerUnstuck] Container was unstuck.
[~AirdropContainerBase] Container Destroyed on 2021-03-29 @ 00-52-11
