[InitializeContainer] Container created on 2021-04-21 @ 18-44-43
[InitializeContainer] Winds: Vector <0.042414, 0.000000, -6.518501>, Speed 6.51864mps, Strength 0.1
[AirdropContainerFall] Drop Type 'Misc. Food', Container: 'RANDOM', Mode/Quantity/Iems: Random/29/30, Flare:  10%
[AirdropContainerFall] Loot Spawned [1] Canteen @ <5108.799805, 9.670094, 2425.062012> ... Lifespan: Set to 30 minutes.
[AirdropContainerFall] Loot Spawned [2] Tomato @ <5109.894043, 9.676678, 2422.965820> ... Lifespan: Set to 30 minutes.
[AirdropContainerFall] Loot Spawned [3] WaterBottle @ <5106.414063, 9.482844, 2420.317871> ... Lifespan: Set to 30 minutes.
[AirdropContainerFall] Loot Spawned [4] GreenBellPepper @ <5105.882324, 9.478351, 2420.248779> ... Lifespan: Set to 30 minutes.
[AirdropContainerFall] Loot Spawned [5] PowderedMilk @ <5108.062500, 9.602297, 2423.834961> ... Lifespan: Set to 30 minutes.
[AirdropContainerFall] Loot Spawned [6] Pumpkin @ <5105.298828, 9.547042, 2425.197021> ... Lifespan: Set to 30 minutes.
[AirdropContainerFall] Loot Spawned [7] WaterBottle @ <5108.412598, 9.607290, 2423.284180> ... Lifespan: Set to 30 minutes.
[AirdropContainerFall] Loot Spawned [8] Tomato @ <5108.278809, 9.518653, 2420.486572> ... Lifespan: Set to 30 minutes.
[AirdropContainerFall] Loot Spawned [9] PowderedMilk @ <5108.928223, 9.658034, 2424.280762> ... Lifespan: Set to 30 minutes.
[AirdropContainerFall] Loot Spawned [10] KOD_DVL10 @ <5108.706055, 9.635200, 2423.811279> ... Lifespan: Set to 30 minutes.
[AirdropContainerFall] Loot Spawned [11] SambucusBerry @ <5108.859375, 9.640361, 2423.694092> ... Lifespan: Set to 30 minutes.
[AirdropContainerFall] Loot Spawned [12] KOD_DVL10 @ <5106.287109, 9.493479, 2420.789307> ... Lifespan: Set to 30 minutes.
[AirdropContainerFall] Loot Spawned [13] Pumpkin @ <5108.664551, 9.574882, 2421.874023> ... Lifespan: Set to 30 minutes.
[AirdropContainerFall] Loot Spawned [14] SodaCan_Kvass @ <5109.439453, 9.663368, 2423.396240> ... Lifespan: Set to 30 minutes.
[AirdropContainerFall] Loot Spawned [15] SodaCan_Kvass @ <5105.322266, 9.547252, 2425.179932> ... Lifespan: Set to 30 minutes.
[AirdropContainerFall] Loot Spawned [16] Lard @ <5104.436523, 9.501729, 2421.544189> ... Lifespan: Set to 30 minutes.
[AirdropContainerFall] Loot Spawned [17] KOD_DVL10 @ <5108.395996, 9.495917, 2419.376465> ... Lifespan: Set to 30 minutes.
[AirdropContainerFall] Loot Spawned [18] GreenBellPepper @ <5107.233398, 9.479452, 2419.994629> ... Lifespan: Set to 30 minutes.
[AirdropContainerFall] Loot Spawned [19] KOD_DVL10 @ <5107.688965, 9.508614, 2420.887939> ... Lifespan: Set to 30 minutes.
[AirdropContainerFall] Loot Spawned [20] Plum @ <5104.969238, 9.531413, 2423.965820> ... Lifespan: Set to 30 minutes.
[AirdropContainerFall] Loot Spawned [21] Potato @ <5106.488281, 9.549125, 2423.962402> ... Lifespan: Set to 30 minutes.
[AirdropContainerFall] Loot Spawned [22] SodaCan_Pipsi @ <5105.170898, 9.532303, 2423.895508> ... Lifespan: Set to 30 minutes.
[AirdropContainerFall] Loot Spawned [23] Pear @ <5104.774414, 9.528194, 2423.148682> ... Lifespan: Set to 30 minutes.
[AirdropContainerFall] Loot Spawned [24] BoxCerealCrunchin @ <5105.787109, 9.497541, 2421.069580> ... Lifespan: Set to 30 minutes.
[AirdropContainerFall] Loot Spawned [25] SodaCan_Spite @ <5104.682617, 9.529689, 2423.891846> ... Lifespan: Set to 30 minutes.
[AirdropContainerFall] Loot Spawned [26] Lard @ <5109.308594, 9.580258, 2421.215088> ... Lifespan: Set to 30 minutes.
[AirdropContainerFall] Loot Spawned [27] CaninaBerry @ <5105.370117, 9.515499, 2421.910400> ... Lifespan: Set to 30 minutes.
[AirdropContainerFall] Loot Spawned [28] TunaCan @ <5108.119629, 9.524516, 2420.952148> ... Lifespan: Set to 30 minutes.
[AirdropContainerFall] Loot Spawned [29] KOD_M16A4 @ <5110.148438, 9.637089, 2421.523926> ... Lifespan: Set to 30 minutes.
[AirdropContainerUnstuck] Container was unstuck.
[~AirdropContainerBase] Container Destroyed on 2021-04-21 @ 19-09-43
