[InitializeContainer] Container created on 2021-04-06 @ 15-08-51
[InitializeContainer] Winds: Vector <11.205297, 0.000000, 4.619812>, Speed 12.1203mps, Strength 0.1
[AirdropContainerFall] Drop Type 'Misc. Tools', Container: 'RANDOM', Mode/Quantity/Iems: Random/30/54, Flare:  10%
[AirdropContainerFall] Loot Spawned [1] Chemlight_White @ <12532.371094, 11.826779, 9283.697266> ... Lifespan: Set to 30 minutes.
[AirdropContainerFall] Loot Spawned [2] Hatchet @ <12535.869141, 11.629481, 9287.211914> ... Lifespan: Set to 30 minutes.
[AirdropContainerFall] Loot Spawned [3] PortableGasStove @ <12533.043945, 11.826066, 9285.455078> ... Lifespan: Set to 30 minutes.
[AirdropContainerFall] Loot Spawned [4] Wrench @ <12533.690430, 11.810547, 9287.020508> ... Lifespan: Set to 30 minutes.
[AirdropContainerFall] Loot Spawned [5] Compass @ <12532.657227, 11.838420, 9284.705078> ... Lifespan: Set to 30 minutes.
[AirdropContainerFall] Loot Spawned [6] Pickaxe @ <12532.412109, 11.834381, 9284.021484> ... Lifespan: Set to 30 minutes.
[AirdropContainerFall] Loot Spawned [7] AK101 @ <12536.358398, 11.566309, 9286.365234> ... Lifespan: Set to 30 minutes.
[AirdropContainerFall] Loot Spawned [8] Rangefinder @ <12534.613281, 11.725234, 9286.760742> ... Lifespan: Set to 30 minutes.
[AirdropContainerFall] Loot Spawned [9] Wrench @ <12537.352539, 11.402989, 9283.354492> ... Lifespan: Set to 30 minutes.
[AirdropContainerFall] Loot Spawned [10] Flashlight @ <12536.385742, 11.461734, 9282.463867> ... Lifespan: Set to 30 minutes.
[AirdropContainerFall] Loot Spawned [11] Chemlight_Red @ <12533.520508, 11.665624, 9281.727539> ... Lifespan: Set to 30 minutes.
[AirdropContainerFall] Loot Spawned [12] BaseRadio @ <12534.700195, 11.692136, 9285.747070> ... Lifespan: Set to 30 minutes.
[AirdropContainerFall] Loot Spawned [13] BatteryCharger @ <12534.285156, 11.661045, 9283.216797> ... Lifespan: Set to 30 minutes.
[AirdropContainerFall] Loot Spawned [14] Chemlight_Blue @ <12534.729492, 11.584124, 9282.016602> ... Lifespan: Set to 30 minutes.
[AirdropContainerFall] Loot Spawned [15] SewingKit @ <12538.318359, 11.368589, 9285.163086> ... Lifespan: Set to 30 minutes.
[AirdropContainerFall] Loot Spawned [16] Hacksaw @ <12538.072266, 11.342461, 9283.387695> ... Lifespan: Set to 30 minutes.
[AirdropContainerFall] Loot Spawned [17] PortableGasStove @ <12533.931641, 11.793804, 9287.169922> ... Lifespan: Set to 30 minutes.
[AirdropContainerFall] Loot Spawned [18] CanOpener @ <12533.517578, 11.712469, 9283.022461> ... Lifespan: Set to 30 minutes.
[AirdropContainerFall] Loot Spawned [19] Whetstone @ <12535.532227, 11.651017, 9286.927734> ... Lifespan: Set to 30 minutes.
[AirdropContainerFall] Loot Spawned [20] SewingKit @ <12534.510742, 11.649957, 9283.521484> ... Lifespan: Set to 30 minutes.
[AirdropContainerFall] Loot Spawned [21] Chemlight_Green @ <12537.926758, 11.326588, 9282.326172> ... Lifespan: Set to 30 minutes.
[AirdropContainerFall] Loot Spawned [22] Headtorch_Grey @ <12535.180664, 11.518674, 9281.151367> ... Lifespan: Set to 30 minutes.
[AirdropContainerFall] Loot Spawned [23] CombatKnife @ <12536.180664, 11.490586, 9282.889648> ... Lifespan: Set to 30 minutes.
[AirdropContainerFall] Loot Spawned [24] Hacksaw @ <12534.115234, 11.683046, 9283.497070> ... Lifespan: Set to 30 minutes.
[AirdropContainerFall] Loot Spawned [25] CanOpener @ <12533.779297, 11.747559, 9284.840820> ... Lifespan: Set to 30 minutes.
[AirdropContainerFall] Loot Spawned [26] Chemlight_White @ <12537.386719, 11.429810, 9284.468750> ... Lifespan: Set to 30 minutes.
[AirdropContainerFall] Loot Spawned [27] Matchbox @ <12538.972656, 11.281358, 9283.978516> ... Lifespan: Set to 30 minutes.
[AirdropContainerFall] Loot Spawned [28] Shovel @ <12537.864258, 11.357705, 9283.293945> ... Lifespan: Set to 30 minutes.
[AirdropContainerFall] Loot Spawned [29] Lockpick @ <12534.264648, 11.651605, 9282.909180> ... Lifespan: Set to 30 minutes.
[AirdropContainerFall] Loot Spawned [30] Lockpick @ <12537.264648, 11.473866, 9285.769531> ... Lifespan: Set to 30 minutes.
[AirdropContainerUnstuck] Container was unstuck.
[~AirdropContainerBase] Container Destroyed on 2021-04-06 @ 15-33-51
