[InitializeContainer] Container created on 2021-03-26 @ 23-20-28
[InitializeContainer] Winds: Vector <-1.890115, 0.000000, -5.158453>, Speed 5.49383mps, Strength 0.1
[AirdropContainerFall] Drop Type 'Military West', Container: 'AirdropContainer_Military', Mode/Quantity/Iems: Random/20/46, Flare:  10%
[AirdropContainerFall] Loot Spawned [1] KOD_RSASS_Black @ <12093.729492, 140.001007, 12667.286133> ... Lifespan: Set to 30 minutes.
[AirdropContainerFall] Loot Spawned [2] UKAssVest_Olive @ <12093.303711, 140.001007, 12668.265625> ... Lifespan: Set to 30 minutes.
[AirdropContainerFall] Loot Spawned [3] Canteen @ <12088.375977, 140.001007, 12666.431641> ... Lifespan: Set to 30 minutes.
[AirdropContainerFall] Loot Spawned [4] UniversalLight @ <12090.355469, 140.001007, 12670.149414> ... Lifespan: Set to 30 minutes.
[AirdropContainerFall] Loot Spawned [5] UniversalLight @ <12088.985352, 140.001007, 12665.950195> ... Lifespan: Set to 30 minutes.
[AirdropContainerFall] Loot Spawned [6] AmmoBox_45ACP_25Rnd @ <12088.873047, 140.001007, 12667.678711> ... Lifespan: Set to 30 minutes.
[AirdropContainerFall] Loot Spawned [7] M4A1 @ <12092.750000, 140.001007, 12667.645508> ... Lifespan: Set to 30 minutes.
[AirdropContainerFall] Loot Spawned [8] TacticalGloves_Green @ <12090.698242, 140.001007, 12664.371094> ... Lifespan: Set to 30 minutes.
[AirdropContainerFall] Loot Spawned [9] M4_CQBBttstck @ <12093.474609, 140.001007, 12667.292969> ... Lifespan: Set to 30 minutes.
[AirdropContainerFall] Loot Spawned [10] TacticalBaconCan @ <12092.802734, 140.001007, 12665.413086> ... Lifespan: Set to 30 minutes.
[AirdropContainerFall] Loot Spawned [11] UKAssVest_Black @ <12091.846680, 140.001007, 12669.350586> ... Lifespan: Set to 30 minutes.
[AirdropContainerFall] Loot Spawned [12] M4_CQBBttstck @ <12092.848633, 140.001007, 12667.537109> ... Lifespan: Set to 30 minutes.
[AirdropContainerFall] Loot Spawned [13] AK101 @ <12089.986328, 140.001007, 12665.633789> ... Lifespan: Set to 30 minutes.
[AirdropContainerFall] Loot Spawned [14] UKAssVest_Black @ <12092.811523, 140.001007, 12664.799805> ... Lifespan: Set to 30 minutes.
[AirdropContainerFall] Loot Spawned [15] USMCPants_Desert @ <12089.826172, 140.001007, 12668.377930> ... Lifespan: Set to 30 minutes.
[AirdropContainerFall] Loot Spawned [16] PistolSuppressor @ <12090.961914, 140.001007, 12664.657227> ... Lifespan: Set to 30 minutes.
[AirdropContainerFall] Loot Spawned [17] M9A1_Bayonet @ <12093.420898, 140.001007, 12669.160156> ... Lifespan: Set to 30 minutes.
[AirdropContainerFall] Loot Spawned [18] AmmoBox_45ACP_25Rnd @ <12089.353516, 140.001007, 12669.628906> ... Lifespan: Set to 30 minutes.
[AirdropContainerFall] Loot Spawned [19] TacticalBaconCan @ <12092.891602, 140.001007, 12669.260742> ... Lifespan: Set to 30 minutes.
[AirdropContainerFall] Loot Spawned [20] M4A1 @ <12092.457031, 140.001007, 12668.888672> ... Lifespan: Set to 30 minutes.
[AirdropContainerUnstuck] Container was unstuck.
[~AirdropContainerBase] Container Destroyed on 2021-03-26 @ 23-45-28
