[InitializeContainer] Container created on 2021-03-28 @ 04-39-14
[InitializeContainer] Winds: Vector <5.075579, 0.000000, -6.651974>, Speed 8.36721mps, Strength 0.1
[AirdropContainerFall] Drop Type 'Military West', Container: 'AirdropContainer_Military', Mode/Quantity/Iems: Random/20/46, Flare:  10%
[AirdropContainerFall] Loot Spawned [1] Mag_FNX45_15Rnd @ <12451.760742, 20.248009, 9179.026367> ... Lifespan: Set to 30 minutes.
[AirdropContainerFall] Loot Spawned [2] AssaultBag_Black @ <12448.836914, 20.508560, 9175.676758> ... Lifespan: Set to 30 minutes.
[AirdropContainerFall] Loot Spawned [3] M4A1 @ <12450.948242, 20.337061, 9178.867188> ... Lifespan: Set to 30 minutes.
[AirdropContainerFall] Loot Spawned [4] M9A1_Bayonet @ <12449.478516, 20.523508, 9179.846680> ... Lifespan: Set to 30 minutes.
[AirdropContainerFall] Loot Spawned [5] TacticalGoggles @ <12452.461914, 20.111832, 9176.489258> ... Lifespan: Set to 30 minutes.
[AirdropContainerFall] Loot Spawned [6] AK101 @ <12448.807617, 20.576321, 9178.908203> ... Lifespan: Set to 30 minutes.
[AirdropContainerFall] Loot Spawned [7] TacticalBaconCan @ <12451.679688, 20.259243, 9179.109375> ... Lifespan: Set to 30 minutes.
[AirdropContainerFall] Loot Spawned [8] AssaultBag_Ttsko @ <12449.037109, 20.455515, 9174.093750> ... Lifespan: Set to 30 minutes.
[AirdropContainerFall] Loot Spawned [9] KOD_M110_Tan @ <12453.611328, 20.018600, 9178.205078> ... Lifespan: Set to 30 minutes.
[AirdropContainerFall] Loot Spawned [10] AK101 @ <12451.988281, 20.151857, 9175.708008> ... Lifespan: Set to 30 minutes.
[AirdropContainerFall] Loot Spawned [11] AKM @ <12451.133789, 20.332554, 9179.587891> ... Lifespan: Set to 30 minutes.
[AirdropContainerFall] Loot Spawned [12] KOD_M16A4 @ <12453.571289, 20.001530, 9177.307617> ... Lifespan: Set to 30 minutes.
[AirdropContainerFall] Loot Spawned [13] M4_CQBBttstck @ <12447.892578, 20.675966, 9179.012695> ... Lifespan: Set to 30 minutes.
[AirdropContainerFall] Loot Spawned [14] USMCPants_Desert @ <12452.595703, 20.155226, 9179.103516> ... Lifespan: Set to 30 minutes.
[AirdropContainerFall] Loot Spawned [15] UKAssVest_Black @ <12453.420898, 19.993538, 9176.198242> ... Lifespan: Set to 30 minutes.
[AirdropContainerFall] Loot Spawned [16] KOD_M110_Tan @ <12449.069336, 20.494101, 9176.193359> ... Lifespan: Set to 30 minutes.
[AirdropContainerFall] Loot Spawned [17] Battery9V @ <12451.347656, 20.212517, 9174.987305> ... Lifespan: Set to 30 minutes.
[AirdropContainerFall] Loot Spawned [18] AmmoBox_556x45_20Rnd @ <12449.513672, 20.405441, 9174.133789> ... Lifespan: Set to 30 minutes.
[AirdropContainerFall] Loot Spawned [19] USMCPants_Woodland @ <12447.477539, 20.660898, 9176.046875> ... Lifespan: Set to 30 minutes.
[AirdropContainerFall] Loot Spawned [20] M4_Suppressor @ <12448.039063, 20.580435, 9175.017578> ... Lifespan: Set to 30 minutes.
[AirdropContainerUnstuck] Container was unstuck.
