[InitializeContainer] Container created on 2021-04-12 @ 01-30-27
[InitializeContainer] Winds: Vector <1.522700, 0.000000, -6.952861>, Speed 7.11765mps, Strength 0.1
[AirdropContainerFall] Drop Type 'Medical', Container: 'AirdropContainer_Medical', Mode/Quantity/Iems: Random/20/37, Flare:  10%
[AirdropContainerFall] Spawn failed for item [1] 'CharcolaTablets', does not exist in DayZ!
[AirdropContainerFall] Spawn failed for item [2] 'MedicalScrubShirt_Blue', does not exist in DayZ!
[AirdropContainerFall] Loot Spawned [3] AKM @ <12498.332031, 14.790236, 9175.796875> ... Lifespan: Set to 30 minutes.
[AirdropContainerFall] Loot Spawned [4] MedicalScrubsHat_White @ <12496.596680, 15.049221, 9172.305664> ... Lifespan: Set to 30 minutes.
[AirdropContainerFall] Loot Spawned [5] MedicalScrubsHat_Blue @ <12497.391602, 14.939268, 9172.474609> ... Lifespan: Set to 30 minutes.
[AirdropContainerFall] Loot Spawned [6] PainkillerTablets @ <12498.776367, 14.717581, 9176.531250> ... Lifespan: Set to 30 minutes.
[AirdropContainerFall] Loot Spawned [7] Epinephrine @ <12496.423828, 15.037427, 9177.259766> ... Lifespan: Set to 30 minutes.
[AirdropContainerFall] Loot Spawned [8] BloodBagIV @ <12499.126953, 14.688158, 9175.056641> ... Lifespan: Set to 30 minutes.
[AirdropContainerFall] Loot Spawned [9] SalineBagIV @ <12496.534180, 14.995696, 9179.055664> ... Lifespan: Set to 30 minutes.
[AirdropContainerFall] Loot Spawned [10] SurgicalGloves_Blue @ <12497.251953, 14.949117, 9173.788086> ... Lifespan: Set to 30 minutes.
[AirdropContainerFall] Loot Spawned [11] MedicalScrubsHat_Green @ <12497.984375, 14.775062, 9178.699219> ... Lifespan: Set to 30 minutes.
[AirdropContainerFall] Loot Spawned [12] SurgicalGloves_Green @ <12496.692383, 15.026834, 9173.429688> ... Lifespan: Set to 30 minutes.
[AirdropContainerFall] Loot Spawned [13] AK101 @ <12497.474609, 14.889671, 9177.663086> ... Lifespan: Set to 30 minutes.
[AirdropContainerFall] Loot Spawned [14] AKM @ <12493.940430, 15.438030, 9174.333008> ... Lifespan: Set to 30 minutes.
[AirdropContainerFall] Loot Spawned [15] AKM @ <12493.672852, 15.479256, 9175.313477> ... Lifespan: Set to 30 minutes.
[AirdropContainerFall] Loot Spawned [16] SurgicalGloves_Blue @ <12498.114258, 14.767884, 9178.273438> ... Lifespan: Set to 30 minutes.
[AirdropContainerFall] Loot Spawned [17] TetracyclineAntibiotics @ <12493.402344, 15.518154, 9176.717773> ... Lifespan: Set to 30 minutes.
[AirdropContainerFall] Spawn failed for item [18] 'CharcolaTablets', does not exist in DayZ!
[AirdropContainerFall] Loot Spawned [19] SalineBag @ <12495.221680, 15.198174, 9177.429688> ... Lifespan: Set to 30 minutes.
[AirdropContainerFall] Loot Spawned [20] DisinfectantSpray @ <12496.902344, 14.970553, 9177.618164> ... Lifespan: Set to 30 minutes.
[AirdropContainerUnstuck] Container was unstuck.
[~AirdropContainerBase] Container Destroyed on 2021-04-12 @ 01-55-27
