[AirdropPlane] Aircraft created on 2021-03-31 @ 17-26-49
[InitializeAircraft] Aircraft Initialized: Soverograd @ 8566/12755 (true)
[EOnBeforeDrop] The Aircraft is 1 Km from Soverograd. @ <8315.984375, 399.722595, 11277.266602>
[EOnDrop] Zombie Spawned [1] ZmbF_ShortSkirt_grey @ <8512.982422, 104.384460, 12671.718750> ... Lifespan:  Set to 30 minutes.
[EOnDrop] Zombie Spawned [2] ZmbM_Jacket_stripes @ <8596.681641, 104.482224, 12679.571289> ... Lifespan:  Set to 30 minutes.
[EOnDrop] Zombie Spawned [3] ZmbF_PatientOld @ <8572.791016, 104.500000, 12694.992188> ... Lifespan:  Set to 30 minutes.
[EOnDrop] Zombie Spawned [4] ZmbF_NurseFat @ <8517.555664, 104.620003, 12684.031250> ... Lifespan:  Set to 30 minutes.
[EOnDrop] Zombie Spawned [5] ZmbF_JoggerSkinny_Red @ <8531.491211, 104.504684, 12696.399414> ... Lifespan:  Set to 30 minutes.
[EOnDrop] Zombie Spawned [6] ZmbF_ParamedicNormal_Blue @ <8537.071289, 104.500000, 12742.341797> ... Lifespan:  Set to 30 minutes.
[EOnDrop] Zombie Spawned [7] ZmbM_Jacket_grey @ <8574.270508, 103.922195, 12663.553711> ... Lifespan:  Set to 30 minutes.
[EOnDrop] Zombie Spawned [8] ZmbM_ParamedicNormal_Blue @ <8506.848633, 104.620003, 12690.940430> ... Lifespan:  Set to 30 minutes.
[EOnDrop] Zombie Spawned [9] ZmbM_JoggerSkinny_Blue @ <8555.227539, 104.500000, 12718.127930> ... Lifespan:  Set to 30 minutes.
[EOnDrop] Zombie Spawned [10] ZmbM_CitizenASkinny_Blue @ <8539.854492, 104.500000, 12713.966797> ... Lifespan:  Set to 30 minutes.
[EOnDrop] Zombie Spawned [11] ZmbM_ParamedicNormal_Black @ <8562.560547, 104.500000, 12732.793945> ... Lifespan:  Set to 30 minutes.
[EOnDrop] Zombie Spawned [12] ZmbM_SkaterYoung_Grey @ <8561.892578, 104.500000, 12699.944336> ... Lifespan:  Set to 30 minutes.
[EOnDrop] Zombie Spawned [13] ZmbM_JoggerSkinny_Green @ <8542.908203, 104.500000, 12696.788086> ... Lifespan:  Set to 30 minutes.
[EOnDrop] Zombie Spawned [14] ZmbM_SkaterYoung_Grey @ <8562.054688, 104.500000, 12729.533203> ... Lifespan:  Set to 30 minutes.
[EOnDrop] Zombie Spawned [15] ZmbM_CitizenASkinny_Grey @ <8583.099609, 104.097282, 12670.859375> ... Lifespan:  Set to 30 minutes.
[EOnDrop] Zombie Spawned [16] ZmbM_ParamedicNormal_Blue @ <8565.493164, 104.500000, 12740.461914> ... Lifespan:  Set to 30 minutes.
[EOnDrop] Zombie Spawned [17] ZmbM_SkaterYoung_Green @ <8528.637695, 104.500000, 12722.462891> ... Lifespan:  Set to 30 minutes.
[EOnDrop] Zombie Spawned [18] ZmbF_ShortSkirt_black @ <8576.371094, 104.500000, 12691.181641> ... Lifespan:  Set to 30 minutes.
[EOnDrop] Zombie Spawned [19] ZmbM_CitizenBFat_Green @ <8595.117188, 104.500000, 12694.058594> ... Lifespan:  Set to 30 minutes.
[EOnDrop] Zombie Spawned [20] ZmbF_ShortSkirt_stripes @ <8540.109375, 104.500000, 12737.273438> ... Lifespan:  Set to 30 minutes.
[EOnDrop] Zombie Spawned [21] ZmbM_ClerkFat_Khaki @ <8591.561523, 104.500000, 12725.382813> ... Lifespan:  Set to 30 minutes.
[EOnDrop] Zombie Spawned [22] ZmbF_SkaterYoung_Brown @ <8561.831055, 104.500000, 12697.186523> ... Lifespan:  Set to 30 minutes.
[EOnDrop] Zombie Spawned [23] ZmbF_ShortSkirt_brown @ <8585.679688, 104.500000, 12718.179688> ... Lifespan:  Set to 30 minutes.
[EOnDrop] Zombie Spawned [24] ZmbF_ShortSkirt_yellow @ <8603.877930, 104.500000, 12684.836914> ... Lifespan:  Set to 30 minutes.
[EOnDrop] Zombie Spawned [25] ZmbF_JoggerSkinny_Blue @ <8587.896484, 104.500000, 12696.315430> ... Lifespan:  Set to 30 minutes.
[EOnDrop] Drop spawned with 25 infected at <8555.666016, 261.607666, 12696.415039>.
[EOnDrop] Supplies have been dropped near Soverograd.
[EOnBeforeDelete] Aircraft despawned @ <9174.468750, 493.232788, 16360.329102>
[~AirdropPlane] Aircraft destroyed.
