[InitializeContainer] Container created on 2021-04-11 @ 19-34-34
[InitializeContainer] Winds: Vector <7.919837, 0.000000, -5.026020>, Speed 9.38002mps, Strength 0.1
[AirdropContainerFall] Drop Type 'Military East', Container: 'AirdropContainer_Military', Mode/Quantity/Iems: Random/20/33, Flare:  10%
[AirdropContainerFall] Loot Spawned [1] GorkaEJacket_Autumn @ <1946.583008, 286.851990, 7662.154297> ... Lifespan: Set to 30 minutes.
[AirdropContainerFall] Loot Spawned [2] GorkaEJacket_Flat @ <1948.658447, 287.799194, 7665.238281> ... Lifespan: Set to 30 minutes.
[AirdropContainerFall] Loot Spawned [3] Canteen @ <1948.393921, 286.977844, 7660.898926> ... Lifespan: Set to 30 minutes.
[AirdropContainerFall] Loot Spawned [4] GorkaEJacket_Summer @ <1950.082397, 287.237427, 7660.536621> ... Lifespan: Set to 30 minutes.
[AirdropContainerFall] Loot Spawned [5] WeaponCleaningKit @ <1951.975830, 288.364044, 7664.844238> ... Lifespan: Set to 30 minutes.
[AirdropContainerFall] Loot Spawned [6] AK_PlasticBttstck @ <1946.033569, 287.038757, 7663.793945> ... Lifespan: Set to 30 minutes.
[AirdropContainerFall] Loot Spawned [7] AmmoBox_762x39_20Rnd @ <1948.745850, 286.994385, 7660.610352> ... Lifespan: Set to 30 minutes.
[AirdropContainerFall] Loot Spawned [8] TacticalGoggles @ <1951.582397, 287.808014, 7662.319336> ... Lifespan: Set to 30 minutes.
[AirdropContainerFall] Loot Spawned [9] TacticalBaconCan @ <1950.266602, 287.336334, 7660.916992> ... Lifespan: Set to 30 minutes.
[AirdropContainerFall] Loot Spawned [10] GorkaPants_Autumn @ <1952.389526, 288.392273, 7664.594238> ... Lifespan: Set to 30 minutes.
[AirdropContainerFall] Loot Spawned [11] TTsKOJacket_Camo @ <1951.034058, 287.493256, 7661.073242> ... Lifespan: Set to 30 minutes.
[AirdropContainerFall] Loot Spawned [12] GorkaPants_Autumn @ <1951.414917, 287.637360, 7661.521973> ... Lifespan: Set to 30 minutes.
[AirdropContainerFall] Loot Spawned [13] GorkaPants_PautRev @ <1947.458862, 287.660156, 7665.828613> ... Lifespan: Set to 30 minutes.
[AirdropContainerFall] Loot Spawned [14] UniversalLight @ <1948.929199, 288.014801, 7666.237305> ... Lifespan: Set to 30 minutes.
[AirdropContainerFall] Loot Spawned [15] AK_Suppressor @ <1950.219116, 287.419983, 7661.429688> ... Lifespan: Set to 30 minutes.
[AirdropContainerFall] Loot Spawned [16] TacticalBaconCan @ <1951.217529, 287.798859, 7662.611328> ... Lifespan: Set to 30 minutes.
[AirdropContainerFall] Loot Spawned [17] Battery9V @ <1951.493042, 287.959106, 7663.249023> ... Lifespan: Set to 30 minutes.
[AirdropContainerFall] Loot Spawned [18] GorkaPants_PautRev @ <1949.271118, 288.202087, 7666.800293> ... Lifespan: Set to 30 minutes.
[AirdropContainerFall] Loot Spawned [19] Battery9V @ <1947.853882, 287.512054, 7664.473145> ... Lifespan: Set to 30 minutes.
[AirdropContainerFall] Loot Spawned [20] AKM @ <1949.760864, 287.252136, 7660.954590> ... Lifespan: Set to 30 minutes.
[AirdropContainerUnstuck] Container was unstuck.
[~AirdropContainerBase] Container Destroyed on 2021-04-11 @ 19-59-34
