[AirdropPlane] Aircraft created on 2021-04-07 @ 10-43-00
[InitializeAircraft] Aircraft Initialized: Elektrozavodsk @ 10050/2450 (true)
[EOnBeforeDrop] The Aircraft is 1 Km from Elektrozavodsk. @ <10642.746094, 152.000977, 1073.206909>
[EOnDrop] Zombie Spawned [1] ZmbF_DoctorSkinny @ <10061.723633, 34.197872, 2352.546631> ... Lifespan:  Set to 30 minutes.
[EOnDrop] Zombie Spawned [2] ZmbF_ShortSkirt_checks @ <10079.458008, 39.036613, 2385.446045> ... Lifespan:  Set to 30 minutes.
[EOnDrop] Zombie Spawned [3] ZmbF_PatientOld @ <10112.160156, 36.408363, 2388.621826> ... Lifespan:  Set to 30 minutes.
[EOnDrop] Zombie Spawned [4] ZmbM_Jacket_grey @ <10064.046875, 39.360386, 2375.049316> ... Lifespan:  Set to 30 minutes.
[EOnDrop] Zombie Spawned [5] ZmbM_DoctorFat @ <10071.513672, 41.751972, 2401.699463> ... Lifespan:  Set to 30 minutes.
[EOnDrop] Zombie Spawned [6] ZmbF_ShortSkirt_black @ <10070.676758, 40.992340, 2394.280762> ... Lifespan:  Set to 30 minutes.
[EOnDrop] Zombie Spawned [7] ZmbM_ParamedicNormal_Blue @ <10100.348633, 35.161011, 2369.479004> ... Lifespan:  Set to 30 minutes.
[EOnDrop] Zombie Spawned [8] ZmbM_JournalistSkinny @ <10112.498047, 34.624054, 2373.321289> ... Lifespan:  Set to 30 minutes.
[EOnDrop] Zombie Spawned [9] ZmbM_SkaterYoung_Green @ <10083.683594, 36.169468, 2368.062012> ... Lifespan:  Set to 30 minutes.
[EOnDrop] Zombie Spawned [10] ZmbM_CitizenASkinny_Red @ <10042.362305, 45.244411, 2403.578369> ... Lifespan:  Set to 30 minutes.
[EOnDrop] Zombie Spawned [11] ZmbM_ClerkFat_Khaki @ <10086.235352, 38.856586, 2390.417969> ... Lifespan:  Set to 30 minutes.
[EOnDrop] Zombie Spawned [12] ZmbM_ClerkFat_Khaki @ <10047.150391, 42.585255, 2385.322754> ... Lifespan:  Set to 30 minutes.
[EOnDrop] Zombie Spawned [13] ZmbF_Clerk_Normal_Green @ <10076.488281, 39.807194, 2389.698975> ... Lifespan:  Set to 30 minutes.
[EOnDrop] Zombie Spawned [14] ZmbM_ParamedicNormal_Green @ <10079.786133, 33.928780, 2357.608154> ... Lifespan:  Set to 30 minutes.
[EOnDrop] Zombie Spawned [15] ZmbM_Jacket_bluechecks @ <10102.708008, 35.533493, 2372.976074> ... Lifespan:  Set to 30 minutes.
[EOnDrop] Zombie Spawned [16] ZmbF_ShortSkirt_grey @ <10104.136719, 36.083752, 2377.553955> ... Lifespan:  Set to 30 minutes.
[EOnDrop] Zombie Spawned [17] ZmbM_SkaterYoung_Blue @ <10114.848633, 34.539803, 2374.797119> ... Lifespan:  Set to 30 minutes.
[EOnDrop] Zombie Spawned [18] ZmbF_JournalistNormal_White @ <10071.425781, 33.685764, 2353.945557> ... Lifespan:  Set to 30 minutes.
[EOnDrop] Zombie Spawned [19] ZmbM_Jacket_blue @ <10122.386719, 35.194168, 2389.981201> ... Lifespan:  Set to 30 minutes.
[EOnDrop] Zombie Spawned [20] ZmbM_PolicemanFat @ <10051.440430, 36.660152, 2357.146973> ... Lifespan:  Set to 30 minutes.
[EOnDrop] Drop spawned with 20 infected at <10082.165039, 161.831421, 2375.606689>.
[EOnDrop] Supplies have been dropped near Elektrozavodsk.
[EOnBeforeDelete] Aircraft despawned @ <4061.448242, 499.019562, 16361.306641>
[~AirdropPlane] Aircraft destroyed.
