[InitializeContainer] Container created on 2021-04-09 @ 01-53-08
[InitializeContainer] Winds: Vector <8.092064, 0.000000, -4.874490>, Speed 9.44681mps, Strength 0.1
[AirdropContainerFall] Drop Type 'Military East', Container: 'AirdropContainer_Military', Mode/Quantity/Iems: Random/20/33, Flare:  10%
[AirdropContainerFall] Loot Spawned [1] TacticalGoggles @ <13528.499023, 19.495691, 2989.953125> ... Lifespan: Set to 30 minutes.
[AirdropContainerFall] Loot Spawned [2] AK101 @ <13528.415039, 19.496792, 2992.076660> ... Lifespan: Set to 30 minutes.
[AirdropContainerFall] Loot Spawned [3] GorkaEJacket_Autumn @ <13533.089844, 20.955687, 2991.940430> ... Lifespan: Set to 30 minutes.
[AirdropContainerFall] Loot Spawned [4] Binoculars @ <13528.646484, 19.892717, 2995.146729> ... Lifespan: Set to 30 minutes.
[AirdropContainerFall] Loot Spawned [5] GorkaEJacket_Autumn @ <13531.954102, 20.693892, 2990.397461> ... Lifespan: Set to 30 minutes.
[AirdropContainerFall] Loot Spawned [6] AK_RailHndgrd @ <13527.589844, 19.286781, 2992.413818> ... Lifespan: Set to 30 minutes.
[AirdropContainerFall] Loot Spawned [7] AK_Bayonet @ <13529.000977, 19.916471, 2994.603027> ... Lifespan: Set to 30 minutes.
[AirdropContainerFall] Loot Spawned [8] TTsKOJacket_Camo @ <13531.016602, 20.306601, 2990.300049> ... Lifespan: Set to 30 minutes.
[AirdropContainerFall] Loot Spawned [9] GorkaPants_Autumn @ <13533.392578, 21.028387, 2992.266113> ... Lifespan: Set to 30 minutes.
[AirdropContainerFall] Loot Spawned [10] GorkaEJacket_Autumn @ <13532.079102, 20.916962, 2995.148926> ... Lifespan: Set to 30 minutes.
[AirdropContainerFall] Loot Spawned [11] WeaponCleaningKit @ <13532.797852, 20.862318, 2991.924316> ... Lifespan: Set to 30 minutes.
[AirdropContainerFall] Loot Spawned [12] KOD_M16A4 @ <13528.048828, 19.642872, 2994.385254> ... Lifespan: Set to 30 minutes.
[AirdropContainerFall] Loot Spawned [13] AK_PlasticBttstck @ <13531.642578, 20.486767, 2992.845459> ... Lifespan: Set to 30 minutes.
[AirdropContainerFall] Loot Spawned [14] WeaponCleaningKit @ <13528.314453, 19.457777, 2990.861084> ... Lifespan: Set to 30 minutes.
[AirdropContainerFall] Loot Spawned [15] Binoculars @ <13530.621094, 20.150692, 2990.960205> ... Lifespan: Set to 30 minutes.
[AirdropContainerFall] Loot Spawned [16] GorkaPants_Summer @ <13527.872070, 19.360754, 2992.488525> ... Lifespan: Set to 30 minutes.
[AirdropContainerFall] Loot Spawned [17] CanOpener @ <13527.590820, 19.402050, 2993.410400> ... Lifespan: Set to 30 minutes.
[AirdropContainerFall] Loot Spawned [18] GorkaPants_Flat @ <13531.750977, 20.613880, 2990.748779> ... Lifespan: Set to 30 minutes.
[AirdropContainerFall] Loot Spawned [19] AKM @ <13531.638672, 20.693071, 2994.500977> ... Lifespan: Set to 30 minutes.
[AirdropContainerFall] Loot Spawned [20] AK101 @ <13528.781250, 19.572924, 2990.333252> ... Lifespan: Set to 30 minutes.
[AirdropContainerUnstuck] Container was unstuck.
[~AirdropContainerBase] Container Destroyed on 2021-04-09 @ 02-18-08
