[AirdropBase] Base class created & settings loaded.
[2021-03-15 @ 07-43-00] ----------------------------------------------------------------------------------------------------
[EOnCallAirdrop] Drop zone asigned: Northwest Airfield <4500.000000, 0.000000, 10350.000000>
[EOnCallAirdrop] Drop zone offset to: <4468.187500, 2438.000000, 10298.690430>
[EOnCallAirdrop] Aircraft spawn point: <4409.271484, 2438.000000, -1000.000000>
[EOnCallAirdrop] Aircraft bearing ... Angle/Bearing: -1.57879° / 180.458°, Text: 'South (180°)'
[EOnCallAirdrop] Aircraft has been dispatched to 'Northwest Airfield' from the South (180°).
[2021-03-15 @ 08-08-19] ----------------------------------------------------------------------------------------------------
[EOnCallAirdrop] Drop zone asigned: Stary/Novy  <6600.000000, 0.000000, 7800.000000>
[EOnCallAirdrop] Drop zone offset to: <6599.436035, 2438.000000, 7802.079590>
[EOnCallAirdrop] Aircraft spawn point: <13104.371094, 2438.000000, 16360.000000>
[EOnCallAirdrop] Aircraft bearing ... Angle/Bearing: 0.921017° / 37.2296°, Text: 'North/East (37°)'
[EOnCallAirdrop] Aircraft has been dispatched to 'Stary/Novy ' from the North/East (37°).
[2021-03-15 @ 09-24-19] ----------------------------------------------------------------------------------------------------
[EOnCallAirdrop] Drop zone asigned: Myshkino <1900.000000, 0.000000, 7600.000000>
[EOnCallAirdrop] Drop zone offset to: <1993.950562, 2438.000000, 7596.951660>
[EOnCallAirdrop] Aircraft spawn point: <16360.000000, 2438.000000, 5847.682129>
[EOnCallAirdrop] Aircraft bearing ... Angle/Bearing: -0.120596° / 96.9096°, Text: 'East (97°)'
[EOnCallAirdrop] Aircraft has been dispatched to 'Myshkino' from the East (97°).
[2021-03-15 @ 09-49-38] ----------------------------------------------------------------------------------------------------
[EOnCallAirdrop] Drop zone asigned: Chernogorsk <7400.000000, 0.000000, 3500.000000>
[EOnCallAirdrop] Drop zone offset to: <7397.938477, 2438.000000, 3458.420898>
[EOnCallAirdrop] Aircraft spawn point: <-1000.000000, 2438.000000, 14508.344727>
[EOnCallAirdrop] Aircraft bearing ... Angle/Bearing: 2.2226° / 322.654°, Text: 'North/West (323°)'
[EOnCallAirdrop] Aircraft has been dispatched to 'Chernogorsk' from the North/West (323°).
