[InitializeContainer] Container created on 2021-04-24 @ 23-36-15
[InitializeContainer] Winds: Vector <8.079936, 0.000000, -4.885416>, Speed 9.44207mps, Strength 0.1
[AirdropContainerFall] Drop Type 'Misc. Tools', Container: 'RANDOM', Mode/Quantity/Iems: Random/20/50, Flare:  10%
[AirdropContainerFall] Loot Spawned [1] WoodAxe @ <8767.348633, 381.596466, 9107.029297> ... Lifespan: Set to 60 minutes.
[AirdropContainerFall] Loot Spawned [2] Heatpack @ <8772.788086, 381.359436, 9105.023438> ... Lifespan: Set to 60 minutes.
[AirdropContainerFall] Loot Spawned [3] PortableGasLamp @ <8773.957031, 381.268127, 9104.094727> ... Lifespan: Set to 60 minutes.
[AirdropContainerFall] Loot Spawned [4] Screwdriver @ <8766.653320, 382.430176, 9120.067383> ... Lifespan: Set to 60 minutes.
[AirdropContainerFall] Loot Spawned [5] BaseRadio @ <8781.216797, 381.498138, 9108.427734> ... Lifespan: Set to 60 minutes.
[AirdropContainerFall] Loot Spawned [6] Headtorch_Black @ <8765.195313, 381.998718, 9109.297852> ... Lifespan: Set to 60 minutes.
[AirdropContainerFall] Loot Spawned [7] Wrench @ <8783.273438, 381.855103, 9114.034180> ... Lifespan: Set to 60 minutes.
[AirdropContainerFall] Loot Spawned [8] Rangefinder @ <8777.958008, 382.411591, 9122.494141> ... Lifespan: Set to 60 minutes.
[AirdropContainerFall] Loot Spawned [9] Shovel @ <8768.386719, 381.520447, 9106.314453> ... Lifespan: Set to 60 minutes.
[AirdropContainerFall] Loot Spawned [10] Megaphone @ <8764.565430, 382.551697, 9117.294922> ... Lifespan: Set to 60 minutes.
[AirdropContainerFall] Loot Spawned [11] Rangefinder @ <8781.212891, 381.490845, 9108.318359> ... Lifespan: Set to 60 minutes.
[AirdropContainerFall] Loot Spawned [12] Matchbox @ <8783.125977, 382.011963, 9116.472656> ... Lifespan: Set to 60 minutes.
[AirdropContainerFall] Loot Spawned [13] LeatherSewingKit @ <8772.338867, 381.323395, 9104.383789> ... Lifespan: Set to 60 minutes.
[AirdropContainerFall] Loot Spawned [14] LugWrench @ <8780.343750, 381.403381, 9106.918945> ... Lifespan: Set to 60 minutes.
[AirdropContainerFall] Loot Spawned [15] HuntingKnife @ <8765.223633, 382.385406, 9116.030273> ... Lifespan: Set to 60 minutes.
[AirdropContainerFall] Loot Spawned [16] CanOpener @ <8781.047852, 381.477966, 9108.108398> ... Lifespan: Set to 60 minutes.
[AirdropContainerFall] Loot Spawned [17] Pickaxe @ <8764.607422, 382.517761, 9116.826172> ... Lifespan: Set to 60 minutes.
[AirdropContainerFall] Loot Spawned [18] KitchenKnife @ <8768.727539, 381.523712, 9106.516602> ... Lifespan: Set to 60 minutes.
[AirdropContainerFall] Loot Spawned [19] LugWrench @ <8776.896484, 381.294830, 9104.951172> ... Lifespan: Set to 60 minutes.
[AirdropContainerFall] Loot Spawned [20] Matchbox @ <8773.817383, 382.512909, 9123.871094> ... Lifespan: Set to 60 minutes.
[AirdropContainerUnstuck] Container was unstuck.
[~AirdropContainerBase] Container Destroyed on 2021-04-25 @ 00-06-15
