[InitializeContainer] Container created on 2021-05-01 @ 11-38-31
[InitializeContainer] Winds: Vector <5.988127, 0.000000, -6.284755>, Speed 8.68077mps, Strength 0.1
[AirdropContainerFall] Drop Type 'Medical', Container: 'RANDOM', Mode/Quantity/Iems: Random/20/33, Flare:  10%
[AirdropContainerFall] Loot Spawned [1] MedicalScrubsShirt_Green @ <1869.603027, 269.274536, 7526.066406> ... Lifespan: Set to 60 minutes.
[AirdropContainerFall] Loot Spawned [2] SalineBagIV @ <1872.183716, 268.855133, 7524.486816> ... Lifespan: Set to 60 minutes.
[AirdropContainerFall] Loot Spawned [3] MedicalScrubsHat_Green @ <1867.143311, 269.782898, 7521.217285> ... Lifespan: Set to 60 minutes.
[AirdropContainerFall] Loot Spawned [4] SurgicalGloves_White @ <1868.878174, 269.443634, 7521.703125> ... Lifespan: Set to 60 minutes.
[AirdropContainerFall] Loot Spawned [5] BloodSyringe @ <1868.067627, 269.564697, 7523.955078> ... Lifespan: Set to 60 minutes.
[AirdropContainerFall] Loot Spawned [6] MedicalScrubsShirt_Green @ <1869.603882, 269.295105, 7524.512207> ... Lifespan: Set to 60 minutes.
[AirdropContainerFall] Loot Spawned [7] WaterBottle @ <1869.161621, 269.367584, 7524.735840> ... Lifespan: Set to 60 minutes.
[AirdropContainerFall] Loot Spawned [8] SurgicalGloves_Green @ <1868.774536, 269.464844, 7520.970215> ... Lifespan: Set to 60 minutes.
[AirdropContainerFall] Loot Spawned [9] MedicalScrubsPants_Green @ <1872.378906, 268.823547, 7524.358887> ... Lifespan: Set to 60 minutes.
[AirdropContainerFall] Loot Spawned [10] SalineBag @ <1868.754395, 269.430634, 7525.217773> ... Lifespan: Set to 60 minutes.
[AirdropContainerFall] Loot Spawned [11] SalineBag @ <1869.496582, 269.308777, 7524.859375> ... Lifespan: Set to 60 minutes.
[AirdropContainerFall] Loot Spawned [12] MedicalScrubsShirt_Green @ <1867.072998, 269.788116, 7521.762695> ... Lifespan: Set to 60 minutes.
[AirdropContainerFall] Loot Spawned [13] VitaminBottle @ <1870.574707, 269.152313, 7521.034180> ... Lifespan: Set to 60 minutes.
[AirdropContainerFall] Loot Spawned [14] BloodBagEmpty @ <1870.596680, 269.113098, 7525.453613> ... Lifespan: Set to 60 minutes.
[AirdropContainerFall] Loot Spawned [15] Rag @ <1870.922852, 269.062317, 7525.087891> ... Lifespan: Set to 60 minutes.
[AirdropContainerFall] Loot Spawned [16] SurgicalGloves_White @ <1867.448364, 269.728149, 7520.577637> ... Lifespan: Set to 60 minutes.
[AirdropContainerFall] Loot Spawned [17] SurgicalGloves_LightBlue @ <1871.522827, 268.955933, 7525.385254> ... Lifespan: Set to 60 minutes.
[AirdropContainerFall] Loot Spawned [18] DisinfectantAlcohol @ <1871.344482, 269.022949, 7521.775391> ... Lifespan: Set to 60 minutes.
[AirdropContainerFall] Loot Spawned [19] MedicalScrubsHat_Green @ <1871.860962, 268.936401, 7522.523438> ... Lifespan: Set to 60 minutes.
[AirdropContainerFall] Loot Spawned [20] SurgicalGloves_LightBlue @ <1868.095825, 269.537476, 7525.638184> ... Lifespan: Set to 60 minutes.
[AirdropContainerUnstuck] Container was unstuck.
[~AirdropContainerBase] Container Destroyed on 2021-05-01 @ 12-08-31
