[InitializeContainer] Container created on 2021-03-17 @ 16-19-14
[InitializeContainer] Winds: Vector <-1.981124, 0.000000, 15.734585>, Speed 15.8588mps, Strength 0.1
[AirdropContainerFall] Drop Type 'Military East', Container: 'AirdropContainer_Military', Mode/Quantity/Iems: Random/20/33, Flare:  10%
[AirdropContainerFall] Loot Spawned [1] TTsKOJacket_Camo @ <4983.844238, 9.501000, 2531.217773> ... Lifespan: Set to 30 minutes.
[AirdropContainerFall] Loot Spawned [2] Canteen @ <4985.060059, 9.501000, 2535.689453> ... Lifespan: Set to 30 minutes.
[AirdropContainerFall] Loot Spawned [3] AK_PlasticBttstck @ <4983.076172, 9.501000, 2531.761230> ... Lifespan: Set to 30 minutes.
[AirdropContainerFall] Loot Spawned [4] GorkaEJacket_PautRev @ <4986.865723, 9.501000, 2533.720459> ... Lifespan: Set to 30 minutes.
[AirdropContainerFall] Loot Spawned [5] AKM @ <4982.651367, 9.501000, 2530.820801> ... Lifespan: Set to 30 minutes.
[AirdropContainerFall] Loot Spawned [6] UniversalLight @ <4983.681152, 9.501000, 2535.601563> ... Lifespan: Set to 30 minutes.
[AirdropContainerFall] Loot Spawned [7] AK101 @ <4982.762695, 9.501000, 2536.728516> ... Lifespan: Set to 30 minutes.
[AirdropContainerFall] Loot Spawned [8] Battery9V @ <4982.124512, 9.501000, 2532.291504> ... Lifespan: Set to 30 minutes.
[AirdropContainerFall] Loot Spawned [9] Canteen @ <4981.682617, 9.501000, 2535.250977> ... Lifespan: Set to 30 minutes.
[AirdropContainerFall] Loot Spawned [10] AK_PlasticBttstck @ <4985.805176, 9.501000, 2534.792480> ... Lifespan: Set to 30 minutes.
[AirdropContainerFall] Loot Spawned [11] AKM @ <4980.876953, 9.501000, 2533.475586> ... Lifespan: Set to 30 minutes.
[AirdropContainerFall] Loot Spawned [12] Battery9V @ <4983.698242, 9.501000, 2535.345947> ... Lifespan: Set to 30 minutes.
[AirdropContainerFall] Loot Spawned [13] AK101 @ <4984.071777, 9.501000, 2535.475586> ... Lifespan: Set to 30 minutes.
[AirdropContainerFall] Loot Spawned [14] TTsKOJacket_Camo @ <4985.209473, 9.501000, 2532.790527> ... Lifespan: Set to 30 minutes.
[AirdropContainerFall] Loot Spawned [15] GorkaEJacket_PautRev @ <4984.607910, 9.501000, 2531.271973> ... Lifespan: Set to 30 minutes.
[AirdropContainerFall] Loot Spawned [16] TacticalGoggles @ <4982.794922, 9.501000, 2535.775391> ... Lifespan: Set to 30 minutes.
[AirdropContainerFall] Loot Spawned [17] Binoculars @ <4986.000000, 9.501000, 2535.133789> ... Lifespan: Set to 30 minutes.
[AirdropContainerFall] Loot Spawned [18] Binoculars @ <4983.500488, 9.501000, 2531.295410> ... Lifespan: Set to 30 minutes.
[AirdropContainerFall] Loot Spawned [19] AKM @ <4980.424316, 9.501000, 2533.985107> ... Lifespan: Set to 30 minutes.
[AirdropContainerFall] Loot Spawned [20] Mag_AKM_30Rnd @ <4984.836914, 9.501000, 2534.154297> ... Lifespan: Set to 30 minutes.
[AirdropContainerUnstuck] Container was unstuck.
[~AirdropContainerBase] Container Destroyed on 2021-03-17 @ 16-44-14
