[InitializeContainer] Container created on 2021-04-16 @ 10-43-45
[InitializeContainer] Winds: Vector <11.319557, 0.000000, 1.918715>, Speed 11.481mps, Strength 0.1
[AirdropContainerFall] Drop Type 'Military West', Container: 'AirdropContainer_Military', Mode/Quantity/Iems: Random/20/46, Flare:  10%
[AirdropContainerFall] Loot Spawned [1] AssaultBag_Green @ <11568.477539, 37.471001, 14347.930664> ... Lifespan: Set to 30 minutes.
[AirdropContainerFall] Loot Spawned [2] KOD_M16A4 @ <11566.250977, 37.471001, 14350.329102> ... Lifespan: Set to 30 minutes.
[AirdropContainerFall] Loot Spawned [3] M4_CQBBttstck @ <11571.079102, 37.471001, 14351.814453> ... Lifespan: Set to 30 minutes.
[AirdropContainerFall] Loot Spawned [4] Rangefinder @ <11567.534180, 37.471001, 14351.233398> ... Lifespan: Set to 30 minutes.
[AirdropContainerFall] Loot Spawned [5] UKAssVest_Black @ <11568.388672, 37.471001, 14348.860352> ... Lifespan: Set to 30 minutes.
[AirdropContainerFall] Loot Spawned [6] AssaultBag_Ttsko @ <11570.915039, 37.471001, 14351.656250> ... Lifespan: Set to 30 minutes.
[AirdropContainerFall] Loot Spawned [7] UKAssVest_Khaki @ <11568.786133, 37.471001, 14351.752930> ... Lifespan: Set to 30 minutes.
[AirdropContainerFall] Loot Spawned [8] FNX45 @ <11568.924805, 37.471001, 14353.083984> ... Lifespan: Set to 30 minutes.
[AirdropContainerFall] Loot Spawned [9] MilitaryBoots_Beige @ <11566.925781, 37.471001, 14351.370117> ... Lifespan: Set to 30 minutes.
[AirdropContainerFall] Loot Spawned [10] MilitaryBoots_Bluerock @ <11570.733398, 37.471001, 14347.717773> ... Lifespan: Set to 30 minutes.
[AirdropContainerFall] Loot Spawned [11] UniversalLight @ <11568.708008, 37.471001, 14353.052734> ... Lifespan: Set to 30 minutes.
[AirdropContainerFall] Loot Spawned [12] Mag_STANAG_30Rnd @ <11566.906250, 37.471001, 14349.317383> ... Lifespan: Set to 30 minutes.
[AirdropContainerFall] Loot Spawned [13] AKM @ <11571.915039, 37.471001, 14351.409180> ... Lifespan: Set to 30 minutes.
[AirdropContainerFall] Loot Spawned [14] USMCJacket_Desert @ <11572.215820, 37.471001, 14351.563477> ... Lifespan: Set to 30 minutes.
[AirdropContainerFall] Loot Spawned [15] MilitaryBoots_Brown @ <11567.767578, 37.471001, 14348.075195> ... Lifespan: Set to 30 minutes.
[AirdropContainerFall] Loot Spawned [16] Battery9V @ <11572.335938, 37.471001, 14351.025391> ... Lifespan: Set to 30 minutes.
[AirdropContainerFall] Loot Spawned [17] UKAssVest_Black @ <11567.465820, 37.471001, 14349.915039> ... Lifespan: Set to 30 minutes.
[AirdropContainerFall] Loot Spawned [18] Battery9V @ <11571.312500, 37.471001, 14352.024414> ... Lifespan: Set to 30 minutes.
[AirdropContainerFall] Loot Spawned [19] M4_RISHndgrd @ <11569.163086, 37.471001, 14351.316406> ... Lifespan: Set to 30 minutes.
[AirdropContainerFall] Loot Spawned [20] Rangefinder @ <11569.607422, 37.471001, 14347.765625> ... Lifespan: Set to 30 minutes.
[AirdropContainerUnstuck] Container was unstuck.
[~AirdropContainerBase] Container Destroyed on 2021-04-16 @ 11-08-45
