[AirdropPlane] Aircraft created on 2021-03-27 @ 18-27-08
[InitializeAircraft] Aircraft Initialized: Zelenogorks @ 1875/5210 (true)
[EOnBeforeDrop] The Aircraft is 1 Km from Zelenogorks. @ <1171.267944, 260.555756, 3885.896729>
[EOnDrop] Zombie Spawned [1] ZmbF_SurvivorNormal_Orange @ <1871.106812, 173.755966, 5127.711914> ... Lifespan:  Set to 30 minutes.
[EOnDrop] Zombie Spawned [2] ZmbM_HikerSkinny_Green @ <1825.691162, 174.076263, 5133.746094> ... Lifespan:  Set to 30 minutes.
[EOnDrop] Zombie Spawned [3] ZmbM_FarmerFat_Blue @ <1853.180664, 173.899841, 5121.369141> ... Lifespan:  Set to 30 minutes.
[EOnDrop] Zombie Spawned [4] ZmbM_HikerSkinny_Blue @ <1830.060303, 174.359329, 5144.915039> ... Lifespan:  Set to 30 minutes.
[EOnDrop] Zombie Spawned [5] ZmbF_HikerSkinny_Blue @ <1843.166382, 174.436584, 5147.458984> ... Lifespan:  Set to 30 minutes.
[EOnDrop] Zombie Spawned [6] ZmbM_FarmerFat_Green @ <1811.421997, 173.964539, 5167.072754> ... Lifespan:  Set to 30 minutes.
[EOnDrop] Spawn failed for zombie [7] 'ZmbM_SurvivorDean_Black', it does not exist in DayZ!
[EOnDrop] Zombie Spawned [8] ZmbF_VillagerOld_Green @ <1804.913086, 173.725677, 5142.221680> ... Lifespan:  Set to 30 minutes.
[EOnDrop] Zombie Spawned [9] ZmbM_HermitSkinny_Green @ <1789.593750, 173.368469, 5153.346680> ... Lifespan:  Set to 30 minutes.
[EOnDrop] Zombie Spawned [10] ZmbF_VillagerOld_Green @ <1835.724243, 174.051270, 5126.706055> ... Lifespan:  Set to 30 minutes.
[EOnDrop] Zombie Spawned [11] ZmbF_SurvivorNormal_Red @ <1812.019287, 173.698608, 5127.352539> ... Lifespan:  Set to 30 minutes.
[EOnDrop] Zombie Spawned [12] ZmbF_SurvivorNormal_Blue @ <1821.200195, 173.852600, 5131.218750> ... Lifespan:  Set to 30 minutes.
[EOnDrop] Spawn failed for zombie [13] 'ZmbM_SurvivorDean_Black', it does not exist in DayZ!
[EOnDrop] Zombie Spawned [14] ZmbM_VillagerOld_White @ <1861.094727, 173.929138, 5127.192871> ... Lifespan:  Set to 30 minutes.
[EOnDrop] Zombie Spawned [15] ZmbF_MilkMaidOld_Black @ <1796.216064, 172.931320, 5129.604004> ... Lifespan:  Set to 30 minutes.
[EOnDrop] Zombie Spawned [16] ZmbM_HikerSkinny_Blue @ <1834.669434, 173.852264, 5121.707520> ... Lifespan:  Set to 30 minutes.
[EOnDrop] Zombie Spawned [17] ZmbM_MotobikerFat_Beige @ <1849.792236, 174.667603, 5150.457520> ... Lifespan:  Set to 30 minutes.
[EOnDrop] Spawn failed for zombie [18] 'ZmbM_SurvivorDean_Black', it does not exist in DayZ!
[EOnDrop] Zombie Spawned [19] ZmbF_SurvivorNormal_Red @ <1833.564941, 173.753815, 5118.573242> ... Lifespan:  Set to 30 minutes.
[EOnDrop] Zombie Spawned [20] ZmbM_MotobikerFat_Black @ <1832.757324, 174.015564, 5126.728027> ... Lifespan:  Set to 30 minutes.
[EOnDrop] Drop spawned with 20 infected at <1834.922852, 313.199646, 5134.615234>.
[EOnDrop] Supplies have been dropped near Zelenogorks.
[EOnBeforeDelete] Aircraft despawned @ <7802.161133, 485.077515, 16360.788086>
[~AirdropPlane] Aircraft destroyed.
