[InitializeContainer] Container created on 2021-03-28 @ 16-52-28
[InitializeContainer] Winds: Vector <10.410193, 0.000000, 7.395004>, Speed 12.7694mps, Strength 0.1
[AirdropContainerFall] Drop Type 'Misc. Tools', Container: 'RANDOM', Mode/Quantity/Iems: Random/30/54, Flare:  10%
[AirdropContainerFall] Loot Spawned [1] KitchenKnife @ <4068.241455, 298.355316, 7794.192383> ... Lifespan: Set to 30 minutes.
[AirdropContainerFall] Loot Spawned [2] LeatherSewingKit @ <4072.541016, 298.562469, 7795.797363> ... Lifespan: Set to 30 minutes.
[AirdropContainerFall] Loot Spawned [3] Hacksaw @ <4070.906982, 298.450531, 7794.270508> ... Lifespan: Set to 30 minutes.
[AirdropContainerFall] Loot Spawned [4] Chemlight_White @ <4072.516113, 298.488556, 7793.606934> ... Lifespan: Set to 30 minutes.
[AirdropContainerFall] Loot Spawned [5] Shovel @ <4072.414063, 298.652557, 7798.642578> ... Lifespan: Set to 30 minutes.
[AirdropContainerFall] Loot Spawned [6] PortableGasLamp @ <4070.612305, 298.590820, 7798.808105> ... Lifespan: Set to 30 minutes.
[AirdropContainerFall] Loot Spawned [7] Flashlight @ <4069.944580, 298.409729, 7794.042480> ... Lifespan: Set to 30 minutes.
[AirdropContainerFall] Loot Spawned [8] Pickaxe @ <4068.929443, 298.402466, 7794.952148> ... Lifespan: Set to 30 minutes.
[AirdropContainerFall] Loot Spawned [9] AKM @ <4071.593994, 298.472229, 7794.150879> ... Lifespan: Set to 30 minutes.
[AirdropContainerFall] Loot Spawned [10] Lockpick @ <4072.151367, 298.520264, 7794.968262> ... Lifespan: Set to 30 minutes.
[AirdropContainerFall] Loot Spawned [11] Lockpick @ <4069.537842, 298.546906, 7798.693848> ... Lifespan: Set to 30 minutes.
[AirdropContainerFall] Loot Spawned [12] Machete @ <4073.236572, 298.636292, 7797.231934> ... Lifespan: Set to 30 minutes.
[AirdropContainerFall] Loot Spawned [13] Battery9V @ <4072.084717, 298.617767, 7797.968262> ... Lifespan: Set to 30 minutes.
[AirdropContainerFall] Loot Spawned [14] WeaponCleaningKit @ <4069.452637, 298.549530, 7798.868652> ... Lifespan: Set to 30 minutes.
[AirdropContainerFall] Loot Spawned [15] Rangefinder @ <4071.893555, 298.482941, 7794.136230> ... Lifespan: Set to 30 minutes.
[AirdropContainerFall] Loot Spawned [16] Binoculars @ <4068.183350, 298.348389, 7794.031738> ... Lifespan: Set to 30 minutes.
[AirdropContainerFall] Loot Spawned [17] Headtorch_Black @ <4070.500732, 298.565460, 7798.173340> ... Lifespan: Set to 30 minutes.
[AirdropContainerFall] Loot Spawned [18] AK101 @ <4067.564453, 298.372162, 7795.507324> ... Lifespan: Set to 30 minutes.
[AirdropContainerFall] Loot Spawned [19] PersonalRadio @ <4073.290283, 298.613068, 7796.475586> ... Lifespan: Set to 30 minutes.
[AirdropContainerFall] Loot Spawned [20] Battery9V @ <4071.947021, 298.591187, 7797.324219> ... Lifespan: Set to 30 minutes.
[AirdropContainerFall] Loot Spawned [21] ChernarusMap @ <4069.689453, 298.432404, 7795.068848> ... Lifespan: Set to 30 minutes.
[AirdropContainerFall] Loot Spawned [22] WoodAxe @ <4072.982178, 298.548859, 7794.895020> ... Lifespan: Set to 30 minutes.
[AirdropContainerFall] Loot Spawned [23] Battery9V @ <4073.301758, 298.643433, 7797.373535> ... Lifespan: Set to 30 minutes.
[AirdropContainerFall] Loot Spawned [24] Spotlight @ <4068.968506, 298.437500, 7796.049805> ... Lifespan: Set to 30 minutes.
[AirdropContainerFall] Loot Spawned [25] FirefighterAxe @ <4071.291016, 298.587677, 7797.954590> ... Lifespan: Set to 30 minutes.
[AirdropContainerFall] Loot Spawned [26] Megaphone @ <4072.773682, 298.663696, 7798.572754> ... Lifespan: Set to 30 minutes.
[AirdropContainerFall] Loot Spawned [27] Chemlight_Yellow @ <4068.123535, 298.452209, 7797.437500> ... Lifespan: Set to 30 minutes.
[AirdropContainerFall] Loot Spawned [28] Megaphone @ <4069.290527, 298.523743, 7798.276367> ... Lifespan: Set to 30 minutes.
[AirdropContainerFall] Loot Spawned [29] OrienteeringCompass @ <4071.385742, 298.613922, 7798.635742> ... Lifespan: Set to 30 minutes.
[AirdropContainerFall] Loot Spawned [30] CanOpener @ <4072.761230, 298.643433, 7797.979004> ... Lifespan: Set to 30 minutes.
[AirdropContainerUnstuck] Container was unstuck.
