[InitializeContainer] Container created on 2021-03-29 @ 05-54-04
[InitializeContainer] Winds: Vector <6.572303, 0.000000, -5.979326>, Speed 8.88524mps, Strength 0.1
[AirdropContainerFall] Drop Type 'Military East', Container: 'AirdropContainer_Military', Mode/Quantity/Iems: Random/20/33, Flare:  10%
[AirdropContainerFall] Loot Spawned [1] CanOpener @ <3934.425293, 296.096252, 7790.719238> ... Lifespan: Set to 30 minutes.
[AirdropContainerFall] Loot Spawned [2] TacticalGloves_Green @ <3933.057373, 296.163239, 7792.399902> ... Lifespan: Set to 30 minutes.
[AirdropContainerFall] Loot Spawned [3] AKM @ <3935.972168, 296.017120, 7788.716797> ... Lifespan: Set to 30 minutes.
[AirdropContainerFall] Loot Spawned [4] TTsKOJacket_Camo @ <3937.339111, 296.155579, 7793.191895> ... Lifespan: Set to 30 minutes.
[AirdropContainerFall] Loot Spawned [5] AK_PlasticBttstck @ <3937.241211, 296.190186, 7794.202148> ... Lifespan: Set to 30 minutes.
[AirdropContainerFall] Loot Spawned [6] AmmoBox_762x39_20Rnd @ <3934.308105, 296.083954, 7790.321777> ... Lifespan: Set to 30 minutes.
[AirdropContainerFall] Loot Spawned [7] AKM @ <3938.305664, 296.125977, 7792.417480> ... Lifespan: Set to 30 minutes.
[AirdropContainerFall] Loot Spawned [8] TacticalBaconCan @ <3932.960205, 296.089142, 7790.153809> ... Lifespan: Set to 30 minutes.
[AirdropContainerFall] Loot Spawned [9] AK_PlasticBttstck @ <3937.150879, 296.148621, 7792.929688> ... Lifespan: Set to 30 minutes.
[AirdropContainerFall] Loot Spawned [10] AKM @ <3938.447021, 296.131287, 7792.583984> ... Lifespan: Set to 30 minutes.
[AirdropContainerFall] Loot Spawned [11] GorkaEJacket_Summer @ <3938.038818, 296.149261, 7793.090332> ... Lifespan: Set to 30 minutes.
[AirdropContainerFall] Loot Spawned [12] AKM @ <3937.176025, 296.032013, 7789.452148> ... Lifespan: Set to 30 minutes.
[AirdropContainerFall] Loot Spawned [13] GorkaPants_PautRev @ <3934.347168, 296.072083, 7789.975586> ... Lifespan: Set to 30 minutes.
[AirdropContainerFall] Loot Spawned [14] GorkaPants_Summer @ <3936.460205, 296.182373, 7793.749512> ... Lifespan: Set to 30 minutes.
[AirdropContainerFall] Loot Spawned [15] TTsKOJacket_Camo @ <3938.005371, 296.053314, 7790.229004> ... Lifespan: Set to 30 minutes.
[AirdropContainerFall] Loot Spawned [16] AK101 @ <3939.174805, 296.125854, 7792.480957> ... Lifespan: Set to 30 minutes.
[AirdropContainerFall] Loot Spawned [17] GorkaEJacket_PautRev @ <3933.238037, 296.193787, 7793.327637> ... Lifespan: Set to 30 minutes.
[AirdropContainerFall] Loot Spawned [18] AKM @ <3934.458008, 296.143982, 7792.158691> ... Lifespan: Set to 30 minutes.
[AirdropContainerFall] Loot Spawned [19] GorkaPants_Autumn @ <3938.000000, 296.092957, 7791.418457> ... Lifespan: Set to 30 minutes.
[AirdropContainerFall] Loot Spawned [20] AK_PlasticBttstck @ <3934.298340, 296.083252, 7790.298828> ... Lifespan: Set to 30 minutes.
[AirdropContainerUnstuck] Container was unstuck.
[~AirdropContainerBase] Container Destroyed on 2021-03-29 @ 06-19-04
