[AirdropPlane] Aircraft created on 2021-03-15 @ 09-24-19
[InitializeAircraft] Aircraft Initialized: Myshkino @ 1900/7600 (true)
[EOnBeforeDrop] The Aircraft is 1 Km from Myshkino. @ <3387.525391, 472.881592, 7418.800293>
[EOnDrop] Zombie Spawned [1] ZmbM_HunterOld_Winter @ <1997.164307, 296.145142, 7609.293945> ... Lifespan:  Set to 60 minutes.
[EOnDrop] Zombie Spawned [2] ZmbM_HermitSkinny_Black @ <1973.655640, 289.842621, 7636.961914> ... Lifespan:  Set to 60 minutes.
[EOnDrop] Zombie Spawned [3] ZmbF_HikerSkinny_Grey @ <1952.905640, 284.514252, 7607.268555> ... Lifespan:  Set to 60 minutes.
[EOnDrop] Zombie Spawned [4] ZmbM_FarmerFat_Beige @ <1988.809082, 290.359406, 7578.479492> ... Lifespan:  Set to 60 minutes.
[EOnDrop] Zombie Spawned [5] ZmbM_FarmerFat_Brown @ <1954.765015, 282.743042, 7583.314453> ... Lifespan:  Set to 60 minutes.
[EOnDrop] Zombie Spawned [6] ZmbF_VillagerOld_White @ <1931.296387, 277.243927, 7580.234375> ... Lifespan:  Set to 60 minutes.
[EOnDrop] Zombie Spawned [7] ZmbM_HermitSkinny_Beige @ <1976.919189, 291.304901, 7608.072266> ... Lifespan:  Set to 60 minutes.
[EOnDrop] Zombie Spawned [8] ZmbM_VillagerOld_Blue @ <1978.280029, 287.858185, 7580.309082> ... Lifespan:  Set to 60 minutes.
[EOnDrop] Zombie Spawned [9] ZmbF_HikerSkinny_Green @ <1959.929077, 286.725952, 7613.372559> ... Lifespan:  Set to 60 minutes.
[EOnDrop] Zombie Spawned [10] ZmbF_MilkMaidOld_Grey @ <1966.730469, 285.129791, 7580.748047> ... Lifespan:  Set to 60 minutes.
[EOnDrop] Zombie Spawned [11] ZmbM_HikerSkinny_Blue @ <1978.262939, 291.793518, 7623.665527> ... Lifespan:  Set to 60 minutes.
[EOnDrop] Zombie Spawned [12] ZmbF_VillagerOld_Blue @ <1995.890991, 287.221588, 7555.004883> ... Lifespan:  Set to 60 minutes.
[EOnDrop] Zombie Spawned [13] ZmbF_VillagerOld_Red @ <1995.439087, 294.409912, 7591.870605> ... Lifespan:  Set to 60 minutes.
[EOnDrop] Zombie Spawned [14] ZmbM_HikerSkinny_Green @ <1946.360596, 280.841919, 7583.217773> ... Lifespan:  Set to 60 minutes.
[EOnDrop] Zombie Spawned [15] ZmbM_VillagerOld_Green @ <1971.595337, 289.923431, 7612.581543> ... Lifespan:  Set to 60 minutes.
[EOnDrop] Drop spawned with 15 infected at <1979.967285, 453.632843, 7589.271484>.
[EOnDrop] Supplies have been dropped near Myshkino.
[EOnBeforeDelete] Aircraft despawned @ <-1000.022400, 396.341644, 7950.160156>
[~AirdropPlane] Aircraft destroyed.
