[InitializeContainer] Container created on 2021-04-17 @ 06-20-42
[InitializeContainer] Winds: Vector <-2.687209, 0.000000, -3.972804>, Speed 4.79628mps, Strength 0.1
[AirdropContainerFall] Drop Type 'Military East', Container: 'AirdropContainer_Military', Mode/Quantity/Iems: Random/20/33, Flare:  10%
[AirdropContainerFall] Loot Spawned [1] GorkaEJacket_Flat @ <4065.683105, 298.345917, 7796.778809> ... Lifespan: Set to 30 minutes.
[AirdropContainerFall] Loot Spawned [2] CanOpener @ <4068.376953, 298.329041, 7793.182129> ... Lifespan: Set to 30 minutes.
[AirdropContainerFall] Loot Spawned [3] AK_PlasticBttstck @ <4064.972900, 298.153412, 7791.443848> ... Lifespan: Set to 30 minutes.
[AirdropContainerFall] Loot Spawned [4] AKM @ <4062.854736, 298.157166, 7794.048340> ... Lifespan: Set to 30 minutes.
[AirdropContainerFall] Loot Spawned [5] AK101 @ <4064.394043, 298.255646, 7795.371094> ... Lifespan: Set to 30 minutes.
[AirdropContainerFall] Loot Spawned [6] GorkaEJacket_Summer @ <4068.664795, 298.328583, 7792.843262> ... Lifespan: Set to 30 minutes.
[AirdropContainerFall] Loot Spawned [7] GorkaPants_PautRev @ <4066.868164, 298.250549, 7792.348145> ... Lifespan: Set to 30 minutes.
[AirdropContainerFall] Loot Spawned [8] TTsKOJacket_Camo @ <4066.602295, 298.177582, 7790.509277> ... Lifespan: Set to 30 minutes.
[AirdropContainerFall] Loot Spawned [9] Battery9V @ <4067.190918, 298.224762, 7791.281738> ... Lifespan: Set to 30 minutes.
[AirdropContainerFall] Loot Spawned [10] TacticalGloves_Green @ <4062.871094, 298.109772, 7792.367676> ... Lifespan: Set to 30 minutes.
[AirdropContainerFall] Loot Spawned [11] Canteen @ <4067.910889, 298.382324, 7795.446777> ... Lifespan: Set to 30 minutes.
[AirdropContainerFall] Loot Spawned [12] WeaponCleaningKit @ <4063.000977, 298.159485, 7793.943359> ... Lifespan: Set to 30 minutes.
[AirdropContainerFall] Loot Spawned [13] CanOpener @ <4068.739258, 298.369019, 7794.076660> ... Lifespan: Set to 30 minutes.
[AirdropContainerFall] Loot Spawned [14] AKM @ <4066.590332, 298.386627, 7797.079590> ... Lifespan: Set to 30 minutes.
[AirdropContainerFall] Loot Spawned [15] GorkaEJacket_PautRev @ <4067.419434, 298.348724, 7794.906738> ... Lifespan: Set to 30 minutes.
[AirdropContainerFall] Loot Spawned [16] WeaponCleaningKit @ <4063.724609, 298.163696, 7793.163086> ... Lifespan: Set to 30 minutes.
[AirdropContainerFall] Loot Spawned [17] Battery9V @ <4064.826172, 298.154541, 7791.628906> ... Lifespan: Set to 30 minutes.
[AirdropContainerFall] Loot Spawned [18] GorkaEJacket_Autumn @ <4067.953125, 298.416992, 7796.529297> ... Lifespan: Set to 30 minutes.
[AirdropContainerFall] Loot Spawned [19] GorkaPants_Summer @ <4067.484375, 298.381439, 7795.899902> ... Lifespan: Set to 30 minutes.
[AirdropContainerFall] Loot Spawned [20] AK101 @ <4064.665771, 298.237823, 7794.446777> ... Lifespan: Set to 30 minutes.
[AirdropContainerUnstuck] Container was unstuck.
[~AirdropContainerBase] Container Destroyed on 2021-04-17 @ 06-45-42
