[InitializeContainer] Container created on 2021-04-17 @ 03-35-37
[InitializeContainer] Winds: Vector <8.598950, 0.000000, -4.380229>, Speed 9.6503mps, Strength 0.1
[AirdropContainerFall] Drop Type 'Military West', Container: 'AirdropContainer_Military', Mode/Quantity/Iems: Random/20/46, Flare:  10%
[AirdropContainerFall] Loot Spawned [1] PistolSuppressor @ <8685.929688, 390.447174, 9188.189453> ... Lifespan: Set to 30 minutes.
[AirdropContainerFall] Loot Spawned [2] UKAssVest_Camo @ <8686.489258, 390.379120, 9189.450195> ... Lifespan: Set to 30 minutes.
[AirdropContainerFall] Loot Spawned [3] KOD_RSASS_Black @ <8685.436523, 390.505341, 9187.147461> ... Lifespan: Set to 30 minutes.
[AirdropContainerFall] Loot Spawned [4] KOD_M16A4 @ <8684.369141, 390.593079, 9191.663086> ... Lifespan: Set to 30 minutes.
[AirdropContainerFall] Loot Spawned [5] UKAssVest_Olive @ <8680.534180, 391.033936, 9189.179688> ... Lifespan: Set to 30 minutes.
[AirdropContainerFall] Loot Spawned [6] AK101 @ <8682.262695, 390.844208, 9188.947266> ... Lifespan: Set to 30 minutes.
[AirdropContainerFall] Loot Spawned [7] TacticalGloves_Green @ <8682.898438, 390.786224, 9186.488281> ... Lifespan: Set to 30 minutes.
[AirdropContainerFall] Loot Spawned [8] MilitaryBoots_Black @ <8681.319336, 390.936890, 9190.713867> ... Lifespan: Set to 30 minutes.
[AirdropContainerFall] Loot Spawned [9] M4A1 @ <8684.056641, 390.624481, 9192.135742> ... Lifespan: Set to 30 minutes.
[AirdropContainerFall] Loot Spawned [10] USMCJacket_Woodland @ <8684.255859, 390.630402, 9187.931641> ... Lifespan: Set to 30 minutes.
[AirdropContainerFall] Loot Spawned [11] Mag_STANAG_30Rnd @ <8681.229492, 390.945313, 9190.937500> ... Lifespan: Set to 30 minutes.
[AirdropContainerFall] Loot Spawned [12] KOD_M16A4 @ <8684.045898, 390.627869, 9191.806641> ... Lifespan: Set to 30 minutes.
[AirdropContainerFall] Loot Spawned [13] UKAssVest_Khaki @ <8681.492188, 390.907349, 9192.276367> ... Lifespan: Set to 30 minutes.
[AirdropContainerFall] Loot Spawned [14] M4_RISHndgrd @ <8682.098633, 390.867706, 9188.153320> ... Lifespan: Set to 30 minutes.
[AirdropContainerFall] Loot Spawned [15] AmmoBox_556x45_20Rnd @ <8686.239258, 390.393097, 9191.348633> ... Lifespan: Set to 30 minutes.
[AirdropContainerFall] Loot Spawned [16] M4_RISHndgrd @ <8680.846680, 390.999817, 9189.114258> ... Lifespan: Set to 30 minutes.
[AirdropContainerFall] Loot Spawned [17] M4_Suppressor @ <8684.016602, 390.661255, 9186.961914> ... Lifespan: Set to 30 minutes.
[AirdropContainerFall] Loot Spawned [18] KOD_M16A4 @ <8684.030273, 390.621185, 9193.073242> ... Lifespan: Set to 30 minutes.
[AirdropContainerFall] Loot Spawned [19] USMCPants_Woodland @ <8685.571289, 390.457031, 9192.452148> ... Lifespan: Set to 30 minutes.
[AirdropContainerFall] Loot Spawned [20] MilitaryBoots_Beige @ <8682.688477, 390.801086, 9188.345703> ... Lifespan: Set to 30 minutes.
[AirdropContainerUnstuck] Container was unstuck.
[~AirdropContainerBase] Container Destroyed on 2021-04-17 @ 04-00-37
