[AirdropBase] Base class created & settings loaded.
[2021-03-11 @ 10-27-07] ----------------------------------------------------------------------------------------------------
[EOnCallAirdrop] Drop zone asigned: Berezino <12450.000000, 0.000000, 9250.000000>
[EOnCallAirdrop] Drop zone offset to: <12443.814453, 2438.000000, 9212.173828>
[EOnCallAirdrop] Aircraft spawn point: <16360.000000, 2438.000000, 11511.788086>
[EOnCallAirdrop] Aircraft bearing ... Angle/Bearing: 0.524432° / 59.9522°, Text: 'North/East (60°)'
[EOnCallAirdrop] Aircraft has been dispatched to 'Berezino' from the North/East (60°).
[2021-03-11 @ 10-52-28] ----------------------------------------------------------------------------------------------------
[EOnCallAirdrop] Drop zone asigned: Zelenogorks <1875.000000, 0.000000, 5210.000000>
[EOnCallAirdrop] Drop zone offset to: <1894.830322, 2438.000000, 5201.131348>
[EOnCallAirdrop] Aircraft spawn point: <-1000.000000, 2438.000000, 15666.490234>
[EOnCallAirdrop] Aircraft bearing ... Angle/Bearing: 1.83912° / 344.626°, Text: 'North (345°)'
[EOnCallAirdrop] Aircraft has been dispatched to 'Zelenogorks' from the North (345°).
[2021-03-11 @ 11-17-48] ----------------------------------------------------------------------------------------------------
[EOnCallAirdrop] Drop zone asigned: Gorka <8775.000000, 0.000000, 9200.000000>
[EOnCallAirdrop] Drop zone offset to: <8795.463867, 2438.000000, 9260.353516>
[EOnCallAirdrop] Aircraft spawn point: <-1000.000000, 2438.000000, 7102.781250>
[EOnCallAirdrop] Aircraft bearing ... Angle/Bearing: -2.93025° / 257.891°, Text: 'West (258°)'
[EOnCallAirdrop] Aircraft has been dispatched to 'Gorka' from the West (258°).
[2021-03-11 @ 11-43-08] ----------------------------------------------------------------------------------------------------
[EOnCallAirdrop] Drop zone asigned: Skalisty Island <13575.000000, 0.000000, 3055.000000>
[EOnCallAirdrop] Drop zone offset to: <13564.053711, 2438.000000, 3053.599854>
[EOnCallAirdrop] Aircraft spawn point: <362.649017, 2438.000000, 16360.000000>
[EOnCallAirdrop] Aircraft bearing ... Angle/Bearing: 2.3527° / 315.2°, Text: 'North/West (315°)'
[EOnCallAirdrop] Aircraft has been dispatched to 'Skalisty Island' from the North/West (315°).
[2021-03-11 @ 12-08-28] ----------------------------------------------------------------------------------------------------
[EOnCallAirdrop] Drop zone asigned: Gorka <8775.000000, 0.000000, 9200.000000>
[EOnCallAirdrop] Drop zone offset to: <8765.274414, 2438.000000, 9219.683594>
[EOnCallAirdrop] Aircraft spawn point: <16360.000000, 2438.000000, 5212.450195>
[EOnCallAirdrop] Aircraft bearing ... Angle/Bearing: -0.484008° / 117.732°, Text: 'South/East (118°)'
[EOnCallAirdrop] Aircraft has been dispatched to 'Gorka' from the South/East (118°).
[2021-03-11 @ 12-33-50] ----------------------------------------------------------------------------------------------------
[EOnCallAirdrop] Drop zone asigned: Krasnostav Airstrip <12160.000000, 0.000000, 12645.000000>
[EOnCallAirdrop] Drop zone offset to: <12104.585938, 2438.000000, 12643.220703>
[EOnCallAirdrop] Aircraft spawn point: <-1000.000000, 2438.000000, 15404.238281>
[EOnCallAirdrop] Aircraft bearing ... Angle/Bearing: 2.93492° / 281.842°, Text: 'West (282°)'
[EOnCallAirdrop] Aircraft has been dispatched to 'Krasnostav Airstrip' from the West (282°).
[2021-03-11 @ 12-59-10] ----------------------------------------------------------------------------------------------------
[EOnCallAirdrop] Drop zone asigned: Zelenogorks <1875.000000, 0.000000, 5210.000000>
[EOnCallAirdrop] Drop zone offset to: <1851.752930, 2438.000000, 5293.243164>
[EOnCallAirdrop] Aircraft spawn point: <-1000.000000, 2438.000000, 13012.714844>
[EOnCallAirdrop] Aircraft bearing ... Angle/Bearing: 1.92382° / 339.773°, Text: 'North (340°)'
[EOnCallAirdrop] Aircraft has been dispatched to 'Zelenogorks' from the North (340°).
[2021-03-11 @ 13-24-31] ----------------------------------------------------------------------------------------------------
[EOnCallAirdrop] Drop zone asigned: Stary/Novy  <6600.000000, 0.000000, 7800.000000>
[EOnCallAirdrop] Drop zone offset to: <6594.188965, 2438.000000, 7828.189453>
[EOnCallAirdrop] Aircraft spawn point: <1803.178833, 2438.000000, -1000.000000>
[EOnCallAirdrop] Aircraft bearing ... Angle/Bearing: -2.06986° / 208.595°, Text: 'South/West (209°)'
[EOnCallAirdrop] Aircraft has been dispatched to 'Stary/Novy ' from the South/West (209°).
[2021-03-11 @ 13-49-49] ----------------------------------------------------------------------------------------------------
[EOnCallAirdrop] Drop zone asigned: Gorka <8775.000000, 0.000000, 9200.000000>
[EOnCallAirdrop] Drop zone offset to: <8735.825195, 2438.000000, 9273.382813>
[EOnCallAirdrop] Aircraft spawn point: <16360.000000, 2438.000000, 14608.476563>
[EOnCallAirdrop] Aircraft bearing ... Angle/Bearing: 0.61943° / 54.5093°, Text: 'North/East (55°)'
[EOnCallAirdrop] Aircraft has been dispatched to 'Gorka' from the North/East (55°).
