[InitializeContainer] Container created on 2021-04-06 @ 20-16-10
[InitializeContainer] Winds: Vector <9.778551, 0.000000, -2.853894>, Speed 10.1865mps, Strength 0.1
[AirdropContainerFall] Drop Type 'Misc. Food', Container: 'RANDOM', Mode/Quantity/Iems: Random/29/30, Flare:  10%
[AirdropContainerFall] Loot Spawned [1] TunaCan @ <11515.497070, 34.021111, 14291.419922> ... Lifespan: Set to 30 minutes.
[AirdropContainerFall] Loot Spawned [2] Rice @ <11517.318359, 33.913689, 14295.111328> ... Lifespan: Set to 30 minutes.
[AirdropContainerFall] Loot Spawned [3] AK101 @ <11515.349609, 34.053280, 14294.076172> ... Lifespan: Set to 30 minutes.
[AirdropContainerFall] Loot Spawned [4] GreenBellPepper @ <11518.964844, 33.785236, 14294.434570> ... Lifespan: Set to 30 minutes.
[AirdropContainerFall] Loot Spawned [5] Zucchini @ <11519.556641, 33.733944, 14293.097656> ... Lifespan: Set to 30 minutes.
[AirdropContainerFall] Loot Spawned [6] WaterBottle @ <11515.766602, 34.025391, 14294.692383> ... Lifespan: Set to 30 minutes.
[AirdropContainerFall] Loot Spawned [7] BakedBeansCan @ <11519.866211, 33.704937, 14292.003906> ... Lifespan: Set to 30 minutes.
[AirdropContainerFall] Loot Spawned [8] Tomato @ <11517.253906, 33.870705, 14289.093750> ... Lifespan: Set to 30 minutes.
[AirdropContainerFall] Loot Spawned [9] AK101 @ <11517.942383, 33.838665, 14290.135742> ... Lifespan: Set to 30 minutes.
[AirdropContainerFall] Loot Spawned [10] Pumpkin @ <11515.403320, 34.044369, 14293.162109> ... Lifespan: Set to 30 minutes.
[AirdropContainerFall] Loot Spawned [11] BoxCerealCrunchin @ <11518.194336, 33.845165, 14294.878906> ... Lifespan: Set to 30 minutes.
[AirdropContainerFall] Loot Spawned [12] TunaCan @ <11515.899414, 33.979443, 14290.471680> ... Lifespan: Set to 30 minutes.
[AirdropContainerFall] Loot Spawned [13] KOD_M16A4 @ <11518.553711, 33.794525, 14290.420898> ... Lifespan: Set to 30 minutes.
[AirdropContainerFall] Loot Spawned [14] Pumpkin @ <11515.950195, 34.000492, 14292.587891> ... Lifespan: Set to 30 minutes.
[AirdropContainerFall] Loot Spawned [15] CaninaBerry @ <11516.484375, 33.963955, 14293.222656> ... Lifespan: Set to 30 minutes.
[AirdropContainerFall] Loot Spawned [16] Zucchini @ <11515.250977, 34.034309, 14291.290039> ... Lifespan: Set to 30 minutes.
[AirdropContainerFall] Loot Spawned [17] Plum @ <11515.917969, 34.000317, 14292.105469> ... Lifespan: Set to 30 minutes.
[AirdropContainerFall] Loot Spawned [18] Tomato @ <11515.304688, 34.050739, 14292.972656> ... Lifespan: Set to 30 minutes.
[AirdropContainerFall] Loot Spawned [19] SodaCan_Pipsi @ <11518.379883, 33.798691, 14289.010742> ... Lifespan: Set to 30 minutes.
[AirdropContainerFall] Loot Spawned [20] Pear @ <11515.401367, 34.039330, 14292.192383> ... Lifespan: Set to 30 minutes.
[AirdropContainerFall] Loot Spawned [21] SambucusBerry @ <11517.583984, 33.887417, 14294.264648> ... Lifespan: Set to 30 minutes.
[AirdropContainerFall] Loot Spawned [22] Pumpkin @ <11516.031250, 33.994957, 14292.690430> ... Lifespan: Set to 30 minutes.
[AirdropContainerFall] Loot Spawned [23] Canteen @ <11520.306641, 33.695316, 14293.827148> ... Lifespan: Set to 30 minutes.
[AirdropContainerFall] Loot Spawned [24] Apple @ <11516.036133, 33.995609, 14292.875977> ... Lifespan: Set to 30 minutes.
[AirdropContainerFall] Loot Spawned [25] SodaCan_Spite @ <11517.623047, 33.887280, 14294.777344> ... Lifespan: Set to 30 minutes.
[AirdropContainerFall] Loot Spawned [26] SardinesCan @ <11516.966797, 33.932041, 14293.993164> ... Lifespan: Set to 30 minutes.
[AirdropContainerFall] Loot Spawned [27] PeachesCan @ <11519.510742, 33.733875, 14292.444336> ... Lifespan: Set to 30 minutes.
[AirdropContainerFall] Loot Spawned [28] Rice @ <11519.891602, 33.700375, 14291.494141> ... Lifespan: Set to 30 minutes.
[AirdropContainerFall] Loot Spawned [29] SodaCan_Kvass @ <11516.583008, 33.955402, 14292.989258> ... Lifespan: Set to 30 minutes.
[AirdropContainerUnstuck] Container was unstuck.
[~AirdropContainerBase] Container Destroyed on 2021-04-06 @ 20-41-10
