[InitializeContainer] Container created on 2021-04-16 @ 18-45-56
[InitializeContainer] Winds: Vector <-6.833496, 0.000000, 15.245731>, Speed 16.7072mps, Strength 0.1
[AirdropContainerFall] Drop Type 'Military East', Container: 'AirdropContainer_Military', Mode/Quantity/Iems: Random/20/33, Flare:  10%
[AirdropContainerFall] Loot Spawned [1] TacticalGloves_Beige @ <1996.592529, 293.225128, 7584.522949> ... Lifespan: Set to 30 minutes.
[AirdropContainerFall] Loot Spawned [2] AK_Suppressor @ <1994.637817, 292.699127, 7584.422363> ... Lifespan: Set to 30 minutes.
[AirdropContainerFall] Loot Spawned [3] AKM @ <1995.582397, 293.019623, 7584.896484> ... Lifespan: Set to 30 minutes.
[AirdropContainerFall] Loot Spawned [4] GorkaEJacket_Flat @ <1993.536377, 292.742950, 7586.731445> ... Lifespan: Set to 30 minutes.
[AirdropContainerFall] Loot Spawned [5] Battery9V @ <1994.545776, 293.280243, 7588.481934> ... Lifespan: Set to 30 minutes.
[AirdropContainerFall] Loot Spawned [6] GorkaPants_Autumn @ <1996.816406, 293.771698, 7587.795410> ... Lifespan: Set to 30 minutes.
[AirdropContainerFall] Loot Spawned [7] AKM @ <1995.117432, 292.892731, 7584.852051> ... Lifespan: Set to 30 minutes.
[AirdropContainerFall] Loot Spawned [8] TacticalGloves_Black @ <1995.216064, 292.856476, 7584.438477> ... Lifespan: Set to 30 minutes.
[AirdropContainerFall] Loot Spawned [9] GorkaEJacket_PautRev @ <1996.634399, 293.204926, 7584.314941> ... Lifespan: Set to 30 minutes.
[AirdropContainerFall] Loot Spawned [10] TacticalGloves_Beige @ <1992.044922, 292.495331, 7587.803223> ... Lifespan: Set to 30 minutes.
[AirdropContainerFall] Loot Spawned [11] WeaponCleaningKit @ <1997.544067, 293.742523, 7586.339355> ... Lifespan: Set to 30 minutes.
[AirdropContainerFall] Loot Spawned [12] GorkaEJacket_Flat @ <1994.242920, 292.576660, 7584.324707> ... Lifespan: Set to 30 minutes.
[AirdropContainerFall] Loot Spawned [13] TacticalGoggles @ <1996.347656, 293.179810, 7584.643555> ... Lifespan: Set to 30 minutes.
[AirdropContainerFall] Loot Spawned [14] AK101 @ <1993.655396, 293.042480, 7588.519531> ... Lifespan: Set to 30 minutes.
[AirdropContainerFall] Loot Spawned [15] AK_PlasticBttstck @ <1994.848999, 292.850800, 7585.051270> ... Lifespan: Set to 30 minutes.
[AirdropContainerFall] Loot Spawned [16] GorkaPants_Summer @ <1993.169067, 292.868042, 7588.241699> ... Lifespan: Set to 30 minutes.
[AirdropContainerFall] Loot Spawned [17] WeaponCleaningKit @ <1993.190796, 292.908875, 7588.475098> ... Lifespan: Set to 30 minutes.
[AirdropContainerFall] Loot Spawned [18] Canteen @ <1991.795288, 292.362885, 7587.373535> ... Lifespan: Set to 30 minutes.
[AirdropContainerFall] Loot Spawned [19] AKM @ <1995.962158, 293.053314, 7584.464355> ... Lifespan: Set to 30 minutes.
[AirdropContainerFall] Loot Spawned [20] AK101 @ <1992.943848, 292.176849, 7584.112305> ... Lifespan: Set to 30 minutes.
[AirdropContainerUnstuck] Container was unstuck.
[~AirdropContainerBase] Container Destroyed on 2021-04-16 @ 19-10-56
