[InitializeContainer] Container created on 2021-03-09 @ 01-36-27
[InitializeContainer] Winds: Vector <5.926036, 0.000000, 12.985149>, Speed 14.2735mps, Strength 0.1
[AirdropContainerFall] Drop Type 'Military East', Container: 'AirdropContainer_Military', Mode/Quantity/Iems: Random/20/28, Flare:  10%
[AirdropContainerFall] Loot Spawned [1] GorkaPants_Summer @ <3084.116943, 207.075577, 12752.249023> ... Lifespan: Set to 60 minutes.
[AirdropContainerFall] Loot Spawned [2] AKM @ <3079.809326, 207.216492, 12750.876953> ... Lifespan: Set to 60 minutes.
[AirdropContainerFall] Loot Spawned [3] TacticalGoggles @ <3084.219971, 207.073196, 12752.167969> ... Lifespan: Set to 60 minutes.
[AirdropContainerFall] Loot Spawned [4] Battery9V @ <3079.708740, 207.214325, 12751.534180> ... Lifespan: Set to 60 minutes.
[AirdropContainerFall] Loot Spawned [5] Canteen @ <3083.858643, 207.060547, 12755.074219> ... Lifespan: Set to 60 minutes.
[AirdropContainerFall] Loot Spawned [6] AK_RailHndgrd @ <3082.323975, 207.148590, 12749.668945> ... Lifespan: Set to 60 minutes.
[AirdropContainerFall] Loot Spawned [7] Battery9V @ <3081.086914, 207.183578, 12750.094727> ... Lifespan: Set to 60 minutes.
[AirdropContainerFall] Loot Spawned [8] TacticalGloves_Beige @ <3080.463623, 207.180466, 12752.873047> ... Lifespan: Set to 60 minutes.
[AirdropContainerFall] Loot Spawned [9] TacticalBaconCan @ <3085.698975, 207.036758, 12751.299805> ... Lifespan: Set to 60 minutes.
[AirdropContainerFall] Loot Spawned [10] WeaponCleaningKit @ <3080.802979, 207.176743, 12752.039063> ... Lifespan: Set to 60 minutes.
[AirdropContainerFall] Loot Spawned [11] GorkaPants_Flat @ <3079.188232, 207.231476, 12751.386719> ... Lifespan: Set to 60 minutes.
[AirdropContainerFall] Loot Spawned [12] TacticalGloves_Black @ <3081.295654, 207.171707, 12750.776367> ... Lifespan: Set to 60 minutes.
[AirdropContainerFall] Loot Spawned [13] CanOpener @ <3080.349854, 207.205536, 12750.174805> ... Lifespan: Set to 60 minutes.
[AirdropContainerFall] Loot Spawned [14] Mag_AKM_30Rnd @ <3083.914551, 207.086655, 12751.605469> ... Lifespan: Set to 60 minutes.
[AirdropContainerFall] Loot Spawned [15] TacticalBaconCan @ <3084.143555, 207.093475, 12749.894531> ... Lifespan: Set to 60 minutes.
[AirdropContainerFall] Loot Spawned [16] AK_Suppressor @ <3079.517578, 207.211060, 12752.675781> ... Lifespan: Set to 60 minutes.
[AirdropContainerFall] Loot Spawned [17] Binoculars @ <3083.366455, 207.081345, 12754.279297> ... Lifespan: Set to 60 minutes.
[AirdropContainerFall] Loot Spawned [18] GorkaPants_PautRev @ <3083.423584, 207.117889, 12749.398438> ... Lifespan: Set to 60 minutes.
[AirdropContainerFall] Loot Spawned [19] Battery9V @ <3082.701172, 207.097946, 12754.644531> ... Lifespan: Set to 60 minutes.
[AirdropContainerFall] Loot Spawned [20] GorkaEJacket_Autumn @ <3084.382324, 207.067566, 12752.276367> ... Lifespan: Set to 60 minutes.
[AirdropContainerUnstuck] Container was unstuck.
[~AirdropContainerBase] Container Destroyed on 2021-03-09 @ 01-51-27
