[AirdropPlane] Aircraft created on 2021-03-31 @ 04-49-42
[InitializeAircraft] Aircraft Initialized: Soverograd @ 8566/12755 (true)
[EOnBeforeDrop] The Aircraft is 1 Km from Soverograd. @ <7100.951172, 324.683533, 12436.862305>
[EOnDrop] Zombie Spawned [1] ZmbF_ShortSkirt_stripes @ <8479.401367, 106.153374, 12764.479492> ... Lifespan:  Set to 30 minutes.
[EOnDrop] Zombie Spawned [2] ZmbM_Jacket_greenchecks @ <8470.103516, 106.684784, 12756.527344> ... Lifespan:  Set to 30 minutes.
[EOnDrop] Zombie Spawned [3] ZmbM_CommercialPilotOld_Brown @ <8494.331055, 105.157249, 12736.546875> ... Lifespan:  Set to 30 minutes.
[EOnDrop] Zombie Spawned [4] ZmbM_CitizenASkinny_Blue @ <8472.643555, 106.889999, 12714.234375> ... Lifespan:  Set to 30 minutes.
[EOnDrop] Zombie Spawned [5] ZmbF_ShortSkirt_grey @ <8471.870117, 106.565781, 12755.228516> ... Lifespan:  Set to 30 minutes.
[EOnDrop] Zombie Spawned [6] ZmbF_ParamedicNormal_Green @ <8470.392578, 106.889999, 12735.729492> ... Lifespan:  Set to 30 minutes.
[EOnDrop] Zombie Spawned [7] ZmbF_CitizenANormal_Brown @ <8446.716797, 106.889999, 12746.859375> ... Lifespan:  Set to 30 minutes.
[EOnDrop] Zombie Spawned [8] ZmbF_SkaterYoung_Violet @ <8506.315430, 104.620003, 12691.827148> ... Lifespan:  Set to 30 minutes.
[EOnDrop] Zombie Spawned [9] ZmbM_JoggerSkinny_Green @ <8501.142578, 105.464409, 12778.204102> ... Lifespan:  Set to 30 minutes.
[EOnDrop] Zombie Spawned [10] ZmbM_CitizenBFat_Red @ <8484.274414, 106.004295, 12723.737305> ... Lifespan:  Set to 30 minutes.
[EOnDrop] Zombie Spawned [11] ZmbM_CommercialPilotOld_Olive @ <8507.511719, 104.657227, 12714.201172> ... Lifespan:  Set to 30 minutes.
[EOnDrop] Zombie Spawned [12] ZmbM_ClerkFat_White @ <8513.760742, 104.666351, 12760.547852> ... Lifespan:  Set to 30 minutes.
[EOnDrop] Zombie Spawned [13] ZmbF_ShortSkirt_white @ <8513.314453, 104.678268, 12757.966797> ... Lifespan:  Set to 30 minutes.
[EOnDrop] Zombie Spawned [14] ZmbM_ClerkFat_White @ <8486.542969, 105.574265, 12742.832031> ... Lifespan:  Set to 30 minutes.
[EOnDrop] Zombie Spawned [15] ZmbM_SkaterYoung_Grey @ <8441.599609, 106.889999, 12739.416992> ... Lifespan:  Set to 30 minutes.
[EOnDrop] Zombie Spawned [16] ZmbF_CitizenANormal_Beige @ <8439.718750, 106.889999, 12738.689453> ... Lifespan:  Set to 30 minutes.
[EOnDrop] Zombie Spawned [17] ZmbM_CommercialPilotOld_Grey @ <8511.778320, 104.699997, 12762.674805> ... Lifespan:  Set to 30 minutes.
[EOnDrop] Zombie Spawned [18] ZmbF_CitizenANormal_Brown @ <8449.773438, 106.889999, 12740.132813> ... Lifespan:  Set to 30 minutes.
[EOnDrop] Zombie Spawned [19] ZmbF_Clerk_Normal_Red @ <8455.816406, 106.770424, 12752.837891> ... Lifespan:  Set to 30 minutes.
[EOnDrop] Zombie Spawned [20] ZmbM_CitizenBFat_Blue @ <8471.798828, 106.489723, 12772.715820> ... Lifespan:  Set to 30 minutes.
[EOnDrop] Zombie Spawned [21] ZmbF_SkaterYoung_Striped @ <8505.221680, 104.793205, 12770.825195> ... Lifespan:  Set to 30 minutes.
[EOnDrop] Zombie Spawned [22] ZmbM_CommercialPilotOld_Brown @ <8476.126953, 106.386238, 12746.448242> ... Lifespan:  Set to 30 minutes.
[EOnDrop] Zombie Spawned [23] ZmbF_ParamedicNormal_Green @ <8498.607422, 104.974937, 12732.727539> ... Lifespan:  Set to 30 minutes.
[EOnDrop] Zombie Spawned [24] ZmbM_ClerkFat_Grey @ <8478.866211, 106.399727, 12740.207031> ... Lifespan:  Set to 30 minutes.
[EOnDrop] Zombie Spawned [25] ZmbM_CommercialPilotOld_Brown @ <8485.680664, 105.988190, 12714.476563> ... Lifespan:  Set to 30 minutes.
[EOnDrop] Drop spawned with 25 infected at <8488.857422, 250.720947, 12736.581055>.
[EOnDrop] Supplies have been dropped near Soverograd.
[EOnBeforeDelete] Aircraft despawned @ <16361.831055, 152.167801, 14436.751953>
[~AirdropPlane] Aircraft destroyed.
