[InitializeContainer] Container created on 2021-04-24 @ 22-05-13
[InitializeContainer] Winds: Vector <-5.308362, 0.000000, 15.561291>, Speed 16.4418mps, Strength 0.1
[AirdropContainerFall] Drop Type 'Military West', Container: 'RANDOM', Mode/Quantity/Iems: Random/20/40, Flare:  10%
[AirdropContainerFall] Loot Spawned [1] AmmoBox_556x45_20Rnd @ <7472.477051, 5.993898, 3557.173584> ... Lifespan: Set to 60 minutes.
[AirdropContainerFall] Loot Spawned [2] UniversalLight @ <7471.471191, 5.998295, 3560.470947> ... Lifespan: Set to 60 minutes.
[AirdropContainerFall] Loot Spawned [3] USMCPants_Woodland @ <7467.248047, 5.995345, 3558.258789> ... Lifespan: Set to 60 minutes.
[AirdropContainerFall] Loot Spawned [4] M4_Suppressor @ <7470.022949, 5.996802, 3559.351318> ... Lifespan: Set to 60 minutes.
[AirdropContainerFall] Loot Spawned [5] TacticalGloves_Black @ <7468.715820, 5.997792, 3560.093750> ... Lifespan: Set to 60 minutes.
[AirdropContainerFall] Loot Spawned [6] MilitaryBoots_Bluerock @ <7470.419922, 5.997015, 3559.511230> ... Lifespan: Set to 60 minutes.
[AirdropContainerFall] Loot Spawned [7] UniversalLight @ <7469.608887, 5.990372, 3554.529053> ... Lifespan: Set to 60 minutes.
[AirdropContainerFall] Loot Spawned [8] M9A1_Bayonet @ <7471.200684, 5.992099, 3555.824463> ... Lifespan: Set to 60 minutes.
[AirdropContainerFall] Loot Spawned [9] USMCJacket_Woodland @ <7467.691406, 5.993276, 3556.706543> ... Lifespan: Set to 60 minutes.
[AirdropContainerFall] Loot Spawned [10] AssaultBag_Ttsko @ <7471.312012, 5.992916, 3556.437012> ... Lifespan: Set to 60 minutes.
[AirdropContainerFall] Loot Spawned [11] Mag_FNX45_15Rnd @ <7470.253418, 5.998599, 3560.698730> ... Lifespan: Set to 60 minutes.
[AirdropContainerFall] Loot Spawned [12] UKAssVest_Khaki @ <7467.597168, 5.994074, 3557.305420> ... Lifespan: Set to 60 minutes.
[AirdropContainerFall] Loot Spawned [13] M4_T3NrdSOptic @ <7470.796387, 5.998763, 3560.821777> ... Lifespan: Set to 60 minutes.
[AirdropContainerFall] Loot Spawned [14] USMCPants_Woodland @ <7471.748047, 5.995507, 3558.379883> ... Lifespan: Set to 60 minutes.
[AirdropContainerFall] Loot Spawned [15] M4_RISHndgrd @ <7468.062988, 5.996104, 3558.827881> ... Lifespan: Set to 60 minutes.
[AirdropContainerFall] Loot Spawned [16] TacticalGloves_Green @ <7468.417969, 5.990831, 3554.873535> ... Lifespan: Set to 60 minutes.
[AirdropContainerFall] Loot Spawned [17] AmmoBox_556x45_20Rnd @ <7469.495117, 5.998937, 3560.952637> ... Lifespan: Set to 60 minutes.
[AirdropContainerFall] Loot Spawned [18] TacticalBaconCan @ <7467.108398, 5.997232, 3559.674316> ... Lifespan: Set to 60 minutes.
[AirdropContainerFall] Loot Spawned [19] PistolSuppressor @ <7468.046875, 5.993792, 3557.093750> ... Lifespan: Set to 60 minutes.
[AirdropContainerFall] Loot Spawned [20] PistolSuppressor @ <7472.133789, 5.993619, 3556.964600> ... Lifespan: Set to 60 minutes.
[AirdropContainerUnstuck] Container was unstuck.
[~AirdropContainerBase] Container Destroyed on 2021-04-24 @ 22-35-13
