[AirdropPlane] Aircraft created on 2021-03-20 @ 00-58-01
[InitializeAircraft] Aircraft Initialized: Balota Airstrip @ 5025/2455 (true)
[EOnBeforeDrop] The Aircraft is 1 Km from Balota Airstrip. @ <4379.588379, 348.106232, 3807.569824>
[EOnDrop] Zombie Spawned [1] ZmbM_PatrolNormal_Autumn @ <4989.486816, 10.000000, 2509.675537> ... Lifespan:  Set to 30 minutes.
[EOnDrop] Zombie Spawned [2] ZmbM_PatrolNormal_PautRev @ <4986.941895, 10.000000, 2518.972656> ... Lifespan:  Set to 30 minutes.
[EOnDrop] Zombie Spawned [3] ZmbM_PatrolNormal_PautRev @ <4981.413574, 10.000000, 2527.480225> ... Lifespan:  Set to 30 minutes.
[EOnDrop] Zombie Spawned [4] ZmbM_SoldierNormal @ <5001.117676, 10.000000, 2504.589355> ... Lifespan:  Set to 30 minutes.
[EOnDrop] Zombie Spawned [5] ZmbM_SoldierNormal @ <5007.550293, 10.168522, 2520.682373> ... Lifespan:  Set to 30 minutes.
[EOnDrop] Zombie Spawned [6] ZmbM_PatrolNormal_Summer @ <5029.028320, 10.101543, 2551.102783> ... Lifespan:  Set to 30 minutes.
[EOnDrop] Zombie Spawned [7] ZmbM_PatrolNormal_Summer @ <4983.569336, 10.000000, 2482.268555> ... Lifespan:  Set to 30 minutes.
[EOnDrop] Zombie Spawned [8] ZmbM_SoldierNormal @ <4985.909180, 9.970193, 2565.896973> ... Lifespan:  Set to 30 minutes.
[EOnDrop] Zombie Spawned [9] ZmbM_PatrolNormal_Autumn @ <4987.156738, 10.000000, 2508.287842> ... Lifespan:  Set to 30 minutes.
[EOnDrop] Zombie Spawned [10] ZmbM_PatrolNormal_Summer @ <4947.251953, 10.000000, 2531.106445> ... Lifespan:  Set to 30 minutes.
[EOnDrop] Zombie Spawned [11] ZmbM_PatrolNormal_Summer @ <4989.012207, 10.000000, 2527.148193> ... Lifespan:  Set to 30 minutes.
[EOnDrop] Zombie Spawned [12] ZmbM_PatrolNormal_Autumn @ <4990.788086, 10.000000, 2530.867920> ... Lifespan:  Set to 30 minutes.
[EOnDrop] Zombie Spawned [13] ZmbM_SoldierNormal @ <5015.602051, 11.006869, 2550.090332> ... Lifespan:  Set to 30 minutes.
[EOnDrop] Zombie Spawned [14] ZmbM_SoldierNormal @ <4979.296875, 10.000000, 2515.492188> ... Lifespan:  Set to 30 minutes.
[EOnDrop] Zombie Spawned [15] ZmbM_PatrolNormal_Flat @ <4985.770020, 10.000000, 2547.764404> ... Lifespan:  Set to 30 minutes.
[EOnDrop] Zombie Spawned [16] ZmbM_PatrolNormal_Summer @ <4991.229980, 10.000000, 2508.526367> ... Lifespan:  Set to 30 minutes.
[EOnDrop] Zombie Spawned [17] ZmbM_PatrolNormal_PautRev @ <5000.315430, 10.000000, 2501.848145> ... Lifespan:  Set to 30 minutes.
[EOnDrop] Zombie Spawned [18] ZmbM_PatrolNormal_PautRev @ <4995.833008, 10.000000, 2490.864258> ... Lifespan:  Set to 30 minutes.
[EOnDrop] Zombie Spawned [19] ZmbM_SoldierNormal @ <4982.996094, 10.000000, 2517.936279> ... Lifespan:  Set to 30 minutes.
[EOnDrop] Zombie Spawned [20] ZmbM_PatrolNormal_Autumn @ <5036.791504, 10.514108, 2500.796143> ... Lifespan:  Set to 30 minutes.
[EOnDrop] Zombie Spawned [21] ZmbM_PatrolNormal_Flat @ <4973.149414, 10.000000, 2532.978271> ... Lifespan:  Set to 30 minutes.
[EOnDrop] Zombie Spawned [22] ZmbM_PatrolNormal_Flat @ <5000.538574, 10.007313, 2519.945068> ... Lifespan:  Set to 30 minutes.
[EOnDrop] Zombie Spawned [23] ZmbM_SoldierNormal @ <4964.220215, 10.000000, 2482.931396> ... Lifespan:  Set to 30 minutes.
[EOnDrop] Zombie Spawned [24] ZmbM_PatrolNormal_Summer @ <5002.354980, 10.003038, 2514.923340> ... Lifespan:  Set to 30 minutes.
[EOnDrop] Zombie Spawned [25] ZmbM_SoldierNormal @ <5002.951172, 10.990994, 2546.348389> ... Lifespan:  Set to 30 minutes.
[EOnDrop] Drop spawned with 25 infected at <4993.267090, 159.058289, 2522.916504>.
[EOnDrop] Supplies have been dropped near Balota Airstrip.
[EOnBeforeDelete] Aircraft despawned @ <6676.310059, 152.000610, -1000.238770>
[~AirdropPlane] Aircraft destroyed.
