[InitializeContainer] Container created on 2021-03-31 @ 15-09-17
[InitializeContainer] Winds: Vector <8.088474, 0.000000, 11.043859>, Speed 13.6891mps, Strength 0.1
[AirdropContainerFall] Drop Type 'Misc. Tools', Container: 'RANDOM', Mode/Quantity/Iems: Random/30/54, Flare:  10%
[AirdropContainerFall] Loot Spawned [1] HuntingKnife @ <12081.618164, 140.001007, 12679.232422> ... Lifespan: Set to 30 minutes.
[AirdropContainerFall] Loot Spawned [2] LeatherSewingKit @ <12082.023438, 140.001007, 12676.657227> ... Lifespan: Set to 30 minutes.
[AirdropContainerFall] Loot Spawned [3] BatteryCharger @ <12081.462891, 140.001007, 12680.206055> ... Lifespan: Set to 30 minutes.
[AirdropContainerFall] Loot Spawned [4] Roadflare @ <12082.447266, 140.001007, 12676.803711> ... Lifespan: Set to 30 minutes.
[AirdropContainerFall] Loot Spawned [5] Matchbox @ <12085.750000, 140.001007, 12678.052734> ... Lifespan: Set to 30 minutes.
[AirdropContainerFall] Loot Spawned [6] CableReel @ <12083.939453, 140.001007, 12681.081055> ... Lifespan: Set to 30 minutes.
[AirdropContainerFall] Loot Spawned [7] Screwdriver @ <12080.944336, 140.001007, 12679.797852> ... Lifespan: Set to 30 minutes.
[AirdropContainerFall] Loot Spawned [8] Machete @ <12085.610352, 140.001007, 12680.646484> ... Lifespan: Set to 30 minutes.
[AirdropContainerFall] Loot Spawned [9] OrienteeringCompass @ <12082.667969, 140.001007, 12681.754883> ... Lifespan: Set to 30 minutes.
[AirdropContainerFall] Loot Spawned [10] Headtorch_Grey @ <12081.738281, 140.001007, 12680.753906> ... Lifespan: Set to 30 minutes.
[AirdropContainerFall] Loot Spawned [11] Headtorch_Grey @ <12081.352539, 140.001007, 12680.256836> ... Lifespan: Set to 30 minutes.
[AirdropContainerFall] Loot Spawned [12] WeaponCleaningKit @ <12081.516602, 140.001007, 12676.317383> ... Lifespan: Set to 30 minutes.
[AirdropContainerFall] Loot Spawned [13] Spotlight @ <12085.516602, 140.001007, 12680.655273> ... Lifespan: Set to 30 minutes.
[AirdropContainerFall] Loot Spawned [14] CombatKnife @ <12084.792969, 140.001007, 12675.742188> ... Lifespan: Set to 30 minutes.
[AirdropContainerFall] Loot Spawned [15] SewingKit @ <12083.018555, 140.001007, 12675.826172> ... Lifespan: Set to 30 minutes.
[AirdropContainerFall] Loot Spawned [16] Headtorch_Grey @ <12082.364258, 140.001007, 12676.236328> ... Lifespan: Set to 30 minutes.
[AirdropContainerFall] Loot Spawned [17] Hatchet @ <12082.736328, 140.001007, 12680.923828> ... Lifespan: Set to 30 minutes.
[AirdropContainerFall] Loot Spawned [18] PersonalRadio @ <12085.907227, 140.001007, 12678.100586> ... Lifespan: Set to 30 minutes.
[AirdropContainerFall] Loot Spawned [19] Pliers @ <12086.354492, 140.001007, 12680.103516> ... Lifespan: Set to 30 minutes.
[AirdropContainerFall] Loot Spawned [20] KitchenKnife @ <12084.671875, 140.001007, 12677.054688> ... Lifespan: Set to 30 minutes.
[AirdropContainerFall] Loot Spawned [21] KOD_DVL10 @ <12085.156250, 140.001007, 12680.437500> ... Lifespan: Set to 30 minutes.
[AirdropContainerFall] Loot Spawned [22] ChernarusMap @ <12082.836914, 140.001007, 12676.260742> ... Lifespan: Set to 30 minutes.
[AirdropContainerFall] Loot Spawned [23] Hacksaw @ <12081.496094, 140.001007, 12678.534180> ... Lifespan: Set to 30 minutes.
[AirdropContainerFall] Loot Spawned [24] SteakKnife @ <12086.366211, 140.001007, 12679.029297> ... Lifespan: Set to 30 minutes.
[AirdropContainerFall] Loot Spawned [25] Crowbar @ <12084.700195, 140.001007, 12680.855469> ... Lifespan: Set to 30 minutes.
[AirdropContainerFall] Loot Spawned [26] Battery9V @ <12086.910156, 140.001007, 12679.958008> ... Lifespan: Set to 30 minutes.
[AirdropContainerFall] Loot Spawned [27] SteakKnife @ <12082.790039, 140.001007, 12675.188477> ... Lifespan: Set to 30 minutes.
[AirdropContainerFall] Loot Spawned [28] Rangefinder @ <12086.663086, 140.001007, 12677.938477> ... Lifespan: Set to 30 minutes.
[AirdropContainerFall] Loot Spawned [29] Chemlight_Red @ <12084.430664, 140.001007, 12676.615234> ... Lifespan: Set to 30 minutes.
[AirdropContainerFall] Loot Spawned [30] Heatpack @ <12080.409180, 140.001007, 12677.582031> ... Lifespan: Set to 30 minutes.
[AirdropContainerFall] Airdrop Flare Spawned @ <12085.184570, 140.001007, 12679.400391> ... Lifespan: Set to 30 minutes.
[AirdropContainerUnstuck] Container was unstuck.
[~AirdropContainerBase] Container Destroyed on 2021-03-31 @ 15-34-17
