[InitializeContainer] Container created on 2021-04-06 @ 00-50-24
[InitializeContainer] Winds: Vector <-0.698608, 0.000000, -6.135563>, Speed 6.17521mps, Strength 0.1
[AirdropContainerFall] Drop Type 'Misc. Tools', Container: 'RANDOM', Mode/Quantity/Iems: Random/30/54, Flare:  10%
[AirdropContainerFall] Loot Spawned [1] Lockpick @ <12091.613281, 140.001007, 12706.542969> ... Lifespan: Set to 30 minutes.
[AirdropContainerFall] Loot Spawned [2] Crowbar @ <12089.073242, 140.001007, 12710.037109> ... Lifespan: Set to 30 minutes.
[AirdropContainerFall] Loot Spawned [3] WoodAxe @ <12092.682617, 140.001007, 12709.700195> ... Lifespan: Set to 30 minutes.
[AirdropContainerFall] Loot Spawned [4] Battery9V @ <12088.327148, 140.001007, 12706.653320> ... Lifespan: Set to 30 minutes.
[AirdropContainerFall] Loot Spawned [5] LugWrench @ <12092.475586, 140.001007, 12708.914063> ... Lifespan: Set to 30 minutes.
[AirdropContainerFall] Loot Spawned [6] BaseRadio @ <12090.235352, 140.001007, 12711.784180> ... Lifespan: Set to 30 minutes.
[AirdropContainerFall] Loot Spawned [7] Spotlight @ <12093.067383, 140.001007, 12708.399414> ... Lifespan: Set to 30 minutes.
[AirdropContainerFall] Loot Spawned [8] SledgeHammer @ <12086.831055, 140.001007, 12708.374023> ... Lifespan: Set to 30 minutes.
[AirdropContainerFall] Loot Spawned [9] Spotlight @ <12088.988281, 140.001007, 12706.893555> ... Lifespan: Set to 30 minutes.
[AirdropContainerFall] Loot Spawned [10] AKM @ <12090.756836, 140.001007, 12705.100586> ... Lifespan: Set to 30 minutes.
[AirdropContainerFall] Loot Spawned [11] WoodAxe @ <12091.474609, 140.001007, 12709.013672> ... Lifespan: Set to 30 minutes.
[AirdropContainerFall] Loot Spawned [12] Hatchet @ <12087.487305, 140.001007, 12709.124023> ... Lifespan: Set to 30 minutes.
[AirdropContainerFall] Loot Spawned [13] Binoculars @ <12091.902344, 140.001007, 12707.804688> ... Lifespan: Set to 30 minutes.
[AirdropContainerFall] Loot Spawned [14] Hacksaw @ <12087.711914, 140.001007, 12708.274414> ... Lifespan: Set to 30 minutes.
[AirdropContainerFall] Loot Spawned [15] Heatpack @ <12087.762695, 140.001007, 12707.595703> ... Lifespan: Set to 30 minutes.
[AirdropContainerFall] Loot Spawned [16] CableReel @ <12091.918945, 140.001007, 12709.965820> ... Lifespan: Set to 30 minutes.
[AirdropContainerFall] Loot Spawned [17] Chemlight_Red @ <12093.145508, 140.001007, 12708.347656> ... Lifespan: Set to 30 minutes.
[AirdropContainerFall] Loot Spawned [18] OrienteeringCompass @ <12087.408203, 140.001007, 12707.943359> ... Lifespan: Set to 30 minutes.
[AirdropContainerFall] Loot Spawned [19] Hacksaw @ <12089.191406, 140.001007, 12710.470703> ... Lifespan: Set to 30 minutes.
[AirdropContainerFall] Loot Spawned [20] PersonalRadio @ <12090.101563, 140.001007, 12705.815430> ... Lifespan: Set to 30 minutes.
[AirdropContainerFall] Loot Spawned [21] WeaponCleaningKit @ <12090.946289, 140.001007, 12706.538086> ... Lifespan: Set to 30 minutes.
[AirdropContainerFall] Loot Spawned [22] WeaponCleaningKit @ <12087.471680, 140.001007, 12708.527344> ... Lifespan: Set to 30 minutes.
[AirdropContainerFall] Loot Spawned [23] Machete @ <12092.167969, 140.001007, 12707.678711> ... Lifespan: Set to 30 minutes.
[AirdropContainerFall] Loot Spawned [24] CableReel @ <12088.034180, 140.001007, 12710.483398> ... Lifespan: Set to 30 minutes.
[AirdropContainerFall] Loot Spawned [25] ElectronicRepairKit @ <12089.421875, 140.001007, 12706.504883> ... Lifespan: Set to 30 minutes.
[AirdropContainerFall] Loot Spawned [26] Compass @ <12091.579102, 140.001007, 12709.911133> ... Lifespan: Set to 30 minutes.
[AirdropContainerFall] Loot Spawned [27] Lockpick @ <12090.922852, 140.001007, 12711.387695> ... Lifespan: Set to 30 minutes.
[AirdropContainerFall] Loot Spawned [28] Headtorch_Grey @ <12087.976563, 140.001007, 12709.113281> ... Lifespan: Set to 30 minutes.
[AirdropContainerFall] Loot Spawned [29] Chemlight_White @ <12091.898438, 140.001007, 12710.718750> ... Lifespan: Set to 30 minutes.
[AirdropContainerFall] Loot Spawned [30] Machete @ <12091.153320, 140.001007, 12705.920898> ... Lifespan: Set to 30 minutes.
[AirdropContainerUnstuck] Container was unstuck.
