[AirdropPlane] Aircraft created on 2021-04-19 @ 21-27-08
[InitializeAircraft] Aircraft Initialized: Zelenogorks @ 1875/5210 (true)
[EOnBeforeDrop] The Aircraft is 1 Km from Zelenogorks. @ <3063.819824, 392.823944, 4298.253906>
[EOnDrop] Zombie Spawned [1] ZmbM_HikerSkinny_Blue @ <1941.052490, 174.530075, 5173.368164> ... Lifespan:  Set to 30 minutes.
[EOnDrop] Zombie Spawned [2] ZmbM_MotobikerFat_Beige @ <1899.562744, 173.246780, 5190.821289> ... Lifespan:  Set to 30 minutes.
[EOnDrop] Zombie Spawned [3] ZmbF_HikerSkinny_Red @ <1922.768188, 172.331009, 5127.006348> ... Lifespan:  Set to 30 minutes.
[EOnDrop] Zombie Spawned [4] ZmbF_MilkMaidOld_Beige @ <1943.310791, 175.083206, 5191.551758> ... Lifespan:  Set to 30 minutes.
[EOnDrop] Zombie Spawned [5] ZmbM_VillagerOld_Green @ <1934.792358, 174.709625, 5187.078125> ... Lifespan:  Set to 30 minutes.
[EOnDrop] Zombie Spawned [6] ZmbM_HermitSkinny_Red @ <1921.099976, 173.557953, 5153.692383> ... Lifespan:  Set to 30 minutes.
[EOnDrop] Zombie Spawned [7] ZmbF_HikerSkinny_Green @ <1934.069214, 174.322647, 5172.240234> ... Lifespan:  Set to 30 minutes.
[EOnDrop] Zombie Spawned [8] ZmbM_FarmerFat_Blue @ <1939.011597, 174.650589, 5180.103027> ... Lifespan:  Set to 30 minutes.
[EOnDrop] Zombie Spawned [9] ZmbF_VillagerOld_Blue @ <1954.798462, 175.893951, 5206.837891> ... Lifespan:  Set to 30 minutes.
[EOnDrop] Zombie Spawned [10] ZmbM_MotobikerFat_Beige @ <1922.290771, 174.693878, 5207.946289> ... Lifespan:  Set to 30 minutes.
[EOnDrop] Zombie Spawned [11] ZmbF_SurvivorNormal_Red @ <1898.658691, 173.483231, 5151.215332> ... Lifespan:  Set to 30 minutes.
[EOnDrop] Zombie Spawned [12] ZmbF_SurvivorNormal_Red @ <1967.269897, 175.363129, 5175.040039> ... Lifespan:  Set to 30 minutes.
[EOnDrop] Zombie Spawned [13] ZmbF_MilkMaidOld_Black @ <1969.853760, 175.627396, 5179.813477> ... Lifespan:  Set to 30 minutes.
[EOnDrop] Zombie Spawned [14] ZmbM_MotobikerFat_Black @ <1937.329956, 174.009262, 5154.094727> ... Lifespan:  Set to 30 minutes.
[EOnDrop] Zombie Spawned [15] ZmbM_MotobikerFat_Black @ <1945.992432, 173.621628, 5127.294434> ... Lifespan:  Set to 30 minutes.
[EOnDrop] Zombie Spawned [16] ZmbM_MotobikerFat_Blue @ <1919.746094, 174.332901, 5191.581055> ... Lifespan:  Set to 30 minutes.
[EOnDrop] Zombie Spawned [17] ZmbF_HikerSkinny_Grey @ <1972.823853, 175.492599, 5172.915039> ... Lifespan:  Set to 30 minutes.
[EOnDrop] Zombie Spawned [18] ZmbF_SurvivorNormal_Red @ <1923.553345, 173.380890, 5145.657715> ... Lifespan:  Set to 30 minutes.
[EOnDrop] Zombie Spawned [19] ZmbM_HikerSkinny_Yellow @ <1955.264404, 174.455826, 5151.534668> ... Lifespan:  Set to 30 minutes.
[EOnDrop] Zombie Spawned [20] ZmbM_FarmerFat_Green @ <1968.690674, 174.827026, 5145.443848> ... Lifespan:  Set to 30 minutes.
[EOnDrop] Drop spawned with 20 infected at <1935.639404, 323.450928, 5163.365234>.
[EOnDrop] Supplies have been dropped near Zelenogorks.
[EOnBeforeDelete] Aircraft despawned @ <-1000.520081, 406.475769, 7414.767578>
[~AirdropPlane] Aircraft destroyed.
