[InitializeContainer] Container created on 2021-03-27 @ 23-18-54
[InitializeContainer] Winds: Vector <6.610601, 0.000000, -5.957230>, Speed 8.8988mps, Strength 0.1
[AirdropContainerFall] Drop Type 'Military West', Container: 'AirdropContainer_Military', Mode/Quantity/Iems: Random/20/46, Flare:  10%
[AirdropContainerFall] Loot Spawned [1] M4_Suppressor @ <12444.228516, 17.809837, 9337.319336> ... Lifespan: Set to 30 minutes.
[AirdropContainerFall] Loot Spawned [2] UniversalLight @ <12444.827148, 17.009598, 9341.972656> ... Lifespan: Set to 30 minutes.
[AirdropContainerFall] Loot Spawned [3] MilitaryBoots_Black @ <12441.031250, 17.633083, 9340.854492> ... Lifespan: Set to 30 minutes.
[AirdropContainerFall] Loot Spawned [4] M4_T3NrdSOptic @ <12446.185547, 16.898203, 9341.824219> ... Lifespan: Set to 30 minutes.
[AirdropContainerFall] Loot Spawned [5] UKAssVest_Khaki @ <12443.033203, 16.968044, 9343.328125> ... Lifespan: Set to 30 minutes.
[AirdropContainerFall] Loot Spawned [6] UKAssVest_Khaki @ <12444.039063, 17.091953, 9341.944336> ... Lifespan: Set to 30 minutes.
[AirdropContainerFall] Loot Spawned [7] AssaultBag_Ttsko @ <12443.919922, 17.833853, 9337.378906> ... Lifespan: Set to 30 minutes.
[AirdropContainerFall] Loot Spawned [8] USMCJacket_Desert @ <12447.542969, 16.829838, 9341.402344> ... Lifespan: Set to 30 minutes.
[AirdropContainerFall] Loot Spawned [9] M4_Suppressor @ <12446.910156, 17.454586, 9337.940430> ... Lifespan: Set to 30 minutes.
[AirdropContainerFall] Loot Spawned [10] AmmoBox_45ACP_25Rnd @ <12442.563477, 17.849953, 9338.148438> ... Lifespan: Set to 30 minutes.
[AirdropContainerFall] Loot Spawned [11] TacticalGloves_Black @ <12441.883789, 17.605968, 9340.253906> ... Lifespan: Set to 30 minutes.
[AirdropContainerFall] Loot Spawned [12] WeaponCleaningKit @ <12445.291992, 16.808273, 9342.924805> ... Lifespan: Set to 30 minutes.
[AirdropContainerFall] Loot Spawned [13] TacticalGoggles @ <12443.335938, 17.926685, 9337.052734> ... Lifespan: Set to 30 minutes.
[AirdropContainerFall] Loot Spawned [14] PistolSuppressor @ <12444.684570, 17.803120, 9336.964844> ... Lifespan: Set to 30 minutes.
[AirdropContainerFall] Loot Spawned [15] USMCJacket_Desert @ <12441.913086, 17.371290, 9341.682617> ... Lifespan: Set to 30 minutes.
[AirdropContainerFall] Loot Spawned [16] WeaponCleaningKit @ <12445.870117, 17.201824, 9340.143555> ... Lifespan: Set to 30 minutes.
[AirdropContainerFall] Loot Spawned [17] M4_T3NrdSOptic @ <12443.668945, 17.019588, 9342.619141> ... Lifespan: Set to 30 minutes.
[AirdropContainerFall] Loot Spawned [18] KOD_M110_Tan @ <12446.123047, 17.099642, 9340.622070> ... Lifespan: Set to 30 minutes.
[AirdropContainerFall] Loot Spawned [19] MilitaryBoots_Black @ <12444.289063, 17.041885, 9342.101563> ... Lifespan: Set to 30 minutes.
[AirdropContainerFall] Loot Spawned [20] AmmoBox_45ACP_25Rnd @ <12441.769531, 17.630135, 9340.208008> ... Lifespan: Set to 30 minutes.
[AirdropContainerUnstuck] Container was unstuck.
[~AirdropContainerBase] Container Destroyed on 2021-03-27 @ 23-43-54
