[InitializeContainer] Container created on 2021-04-02 @ 23-34-44
[InitializeContainer] Winds: Vector <10.879128, 0.000000, -0.427370>, Speed 10.8875mps, Strength 0.1
[AirdropContainerFall] Drop Type 'Military West', Container: 'AirdropContainer_Military', Mode/Quantity/Iems: Random/20/46, Flare:  10%
[AirdropContainerFall] Loot Spawned [1] TacticalGoggles @ <10104.613281, 39.840965, 2487.347656> ... Lifespan: Set to 30 minutes.
[AirdropContainerFall] Loot Spawned [2] TacticalGoggles @ <10106.452148, 39.596424, 2486.751953> ... Lifespan: Set to 30 minutes.
[AirdropContainerFall] Loot Spawned [3] TacticalGoggles @ <10105.877930, 39.709190, 2484.280762> ... Lifespan: Set to 30 minutes.
[AirdropContainerFall] Loot Spawned [4] USMCJacket_Desert @ <10101.002930, 40.351475, 2485.258301> ... Lifespan: Set to 30 minutes.
[AirdropContainerFall] Loot Spawned [5] Binoculars @ <10103.866211, 39.943340, 2487.117188> ... Lifespan: Set to 30 minutes.
[AirdropContainerFall] Loot Spawned [6] KOD_RSASS_Black @ <10104.792969, 39.876385, 2482.401855> ... Lifespan: Set to 30 minutes.
[AirdropContainerFall] Loot Spawned [7] MilitaryBoots_Black @ <10103.071289, 40.057785, 2486.409912> ... Lifespan: Set to 30 minutes.
[AirdropContainerFall] Loot Spawned [8] AmmoBox_556x45_20Rnd @ <10105.477539, 39.695808, 2488.607910> ... Lifespan: Set to 30 minutes.
[AirdropContainerFall] Loot Spawned [9] M4A1 @ <10103.243164, 40.059124, 2484.396240> ... Lifespan: Set to 30 minutes.
[AirdropContainerFall] Loot Spawned [10] CanOpener @ <10102.157227, 40.165909, 2487.637695> ... Lifespan: Set to 30 minutes.
[AirdropContainerFall] Loot Spawned [11] M4A1 @ <10106.104492, 39.672707, 2484.798096> ... Lifespan: Set to 30 minutes.
[AirdropContainerFall] Loot Spawned [12] Binoculars @ <10105.831055, 39.713165, 2484.468262> ... Lifespan: Set to 30 minutes.
[AirdropContainerFall] Loot Spawned [13] CombatKnife @ <10104.200195, 39.898205, 2487.165283> ... Lifespan: Set to 30 minutes.
[AirdropContainerFall] Loot Spawned [14] AssaultBag_Ttsko @ <10102.557617, 40.134289, 2485.741211> ... Lifespan: Set to 30 minutes.
[AirdropContainerFall] Loot Spawned [15] M4_Suppressor @ <10106.632813, 39.555054, 2487.479004> ... Lifespan: Set to 30 minutes.
[AirdropContainerFall] Loot Spawned [16] Mag_FNX45_15Rnd @ <10105.173828, 39.817524, 2483.075439> ... Lifespan: Set to 30 minutes.
[AirdropContainerFall] Loot Spawned [17] TacticalBaconCan @ <10105.972656, 39.678822, 2485.753418> ... Lifespan: Set to 30 minutes.
[AirdropContainerFall] Loot Spawned [18] USMCPants_Desert @ <10102.571289, 40.131184, 2485.857910> ... Lifespan: Set to 30 minutes.
[AirdropContainerFall] Loot Spawned [19] Rangefinder @ <10105.940430, 39.696526, 2484.644287> ... Lifespan: Set to 30 minutes.
[AirdropContainerFall] Loot Spawned [20] AssaultBag_Ttsko @ <10104.358398, 39.926273, 2483.076904> ... Lifespan: Set to 30 minutes.
[AirdropContainerUnstuck] Container was unstuck.
[~AirdropContainerBase] Container Destroyed on 2021-04-02 @ 23-59-44
