[InitializeContainer] Container created on 2021-03-09 @ 13-21-34
[InitializeContainer] Winds: Vector <10.155767, 0.000000, -2.194873>, Speed 10.3902mps, Strength 0.1
[AirdropContainerFall] Drop Type 'Military West', Container: 'AirdropContainer_Military', Mode/Quantity/Iems: Random/20/40, Flare:  10%
[AirdropContainerFall] Loot Spawned [1] MilitaryBoots_Brown @ <12400.951172, 25.200811, 9211.875977> ... Lifespan: Set to 60 minutes.
[AirdropContainerFall] Loot Spawned [2] UKAssVest_Black @ <12400.062500, 25.288445, 9213.330078> ... Lifespan: Set to 60 minutes.
[AirdropContainerFall] Loot Spawned [3] UKAssVest_Olive @ <12403.104492, 25.035322, 9215.628906> ... Lifespan: Set to 60 minutes.
[AirdropContainerFall] Loot Spawned [4] UKAssVest_Khaki @ <12401.368164, 25.174831, 9217.794922> ... Lifespan: Set to 60 minutes.
[AirdropContainerFall] Loot Spawned [5] AssaultBag_Green @ <12400.794922, 25.230171, 9213.085938> ... Lifespan: Set to 60 minutes.
[AirdropContainerFall] Loot Spawned [6] UKAssVest_Khaki @ <12398.443359, 25.413816, 9213.632813> ... Lifespan: Set to 60 minutes.
[AirdropContainerFall] Loot Spawned [7] UKAssVest_Khaki @ <12398.609375, 25.440739, 9217.243164> ... Lifespan: Set to 60 minutes.
[AirdropContainerFall] Loot Spawned [8] UKAssVest_Black @ <12400.886719, 25.227875, 9213.395508> ... Lifespan: Set to 60 minutes.
[AirdropContainerFall] Loot Spawned [9] AssaultBag_Green @ <12398.170898, 25.430063, 9213.356445> ... Lifespan: Set to 60 minutes.
[AirdropContainerFall] Loot Spawned [10] USMCJacket_Desert @ <12402.276367, 25.109205, 9216.496094> ... Lifespan: Set to 60 minutes.
[AirdropContainerFall] Loot Spawned [11] USMCPants_Woodland @ <12398.155273, 25.459883, 9215.305664> ... Lifespan: Set to 60 minutes.
[AirdropContainerFall] Loot Spawned [12] M9A1_Bayonet @ <12402.258789, 25.115122, 9213.240234> ... Lifespan: Set to 60 minutes.
[AirdropContainerFall] Loot Spawned [13] M4_T3NrdSOptic @ <12401.473633, 25.176281, 9212.865234> ... Lifespan: Set to 60 minutes.
[AirdropContainerFall] Loot Spawned [14] USMCJacket_Desert @ <12400.453125, 25.254597, 9213.007813> ... Lifespan: Set to 60 minutes.
[AirdropContainerFall] Loot Spawned [15] UKAssVest_Black @ <12401.462891, 25.181696, 9217.473633> ... Lifespan: Set to 60 minutes.
[AirdropContainerFall] Loot Spawned [16] M4A1 @ <12399.889648, 25.325024, 9216.933594> ... Lifespan: Set to 60 minutes.
[AirdropContainerFall] Loot Spawned [17] TacticalGloves_Black @ <12397.090820, 25.553015, 9216.017578> ... Lifespan: Set to 60 minutes.
[AirdropContainerFall] Loot Spawned [18] UKAssVest_Black @ <12396.876953, 25.549629, 9214.579102> ... Lifespan: Set to 60 minutes.
[AirdropContainerFall] Loot Spawned [19] Battery9V @ <12400.205078, 25.256727, 9211.889648> ... Lifespan: Set to 60 minutes.
[AirdropContainerFall] Loot Spawned [20] AmmoBox_45ACP_25Rnd @ <12397.465820, 25.481455, 9213.249023> ... Lifespan: Set to 60 minutes.
[AirdropContainerUnstuck] Container was unstuck.
[~AirdropContainerBase] Container Destroyed on 2021-03-09 @ 13-36-34
