[InitializeContainer] Container created on 2021-04-16 @ 19-59-25
[InitializeContainer] Winds: Vector <5.408845, 0.000000, -6.532614>, Speed 8.48119mps, Strength 0.1
[AirdropContainerFall] Drop Type 'Military West', Container: 'AirdropContainer_Military', Mode/Quantity/Iems: Random/20/46, Flare:  10%
[AirdropContainerFall] Loot Spawned [1] TacticalBaconCan @ <3122.519531, 206.174255, 12935.648438> ... Lifespan: Set to 30 minutes.
[AirdropContainerFall] Loot Spawned [2] M4_CQBBttstck @ <3126.017822, 206.042755, 12932.374023> ... Lifespan: Set to 30 minutes.
[AirdropContainerFall] Loot Spawned [3] AmmoBox_556x45_20Rnd @ <3120.753418, 206.242874, 12930.654297> ... Lifespan: Set to 30 minutes.
[AirdropContainerFall] Loot Spawned [4] UKAssVest_Khaki @ <3122.007813, 206.196045, 12930.954102> ... Lifespan: Set to 30 minutes.
[AirdropContainerFall] Loot Spawned [5] PistolSuppressor @ <3121.232422, 206.224991, 12934.889648> ... Lifespan: Set to 30 minutes.
[AirdropContainerFall] Loot Spawned [6] AssaultBag_Black @ <3122.517578, 206.177017, 12930.632813> ... Lifespan: Set to 30 minutes.
[AirdropContainerFall] Loot Spawned [7] TacticalGloves_Green @ <3121.184326, 206.226791, 12931.832031> ... Lifespan: Set to 30 minutes.
[AirdropContainerFall] Loot Spawned [8] MilitaryBoots_Black @ <3121.645508, 206.207642, 12929.707031> ... Lifespan: Set to 30 minutes.
[AirdropContainerFall] Loot Spawned [9] WeaponCleaningKit @ <3125.738037, 206.053955, 12932.465820> ... Lifespan: Set to 30 minutes.
[AirdropContainerFall] Loot Spawned [10] MilitaryBoots_Brown @ <3121.289307, 206.222870, 12932.273438> ... Lifespan: Set to 30 minutes.
[AirdropContainerFall] Loot Spawned [11] UKAssVest_Khaki @ <3124.519775, 206.102264, 12930.054688> ... Lifespan: Set to 30 minutes.
[AirdropContainerFall] Loot Spawned [12] TacticalGloves_Beige @ <3121.422852, 206.217880, 12933.326172> ... Lifespan: Set to 30 minutes.
[AirdropContainerFall] Loot Spawned [13] AssaultBag_Ttsko @ <3121.247559, 206.224426, 12934.579102> ... Lifespan: Set to 30 minutes.
[AirdropContainerFall] Loot Spawned [14] MilitaryBoots_Black @ <3121.136719, 206.228561, 12930.686523> ... Lifespan: Set to 30 minutes.
[AirdropContainerFall] Loot Spawned [15] M4_RISHndgrd @ <3123.282471, 206.146851, 12934.621094> ... Lifespan: Set to 30 minutes.
[AirdropContainerFall] Loot Spawned [16] UKAssVest_Olive @ <3122.182129, 206.184860, 12929.295898> ... Lifespan: Set to 30 minutes.
[AirdropContainerFall] Loot Spawned [17] M4A1 @ <3126.137451, 206.038940, 12932.094727> ... Lifespan: Set to 30 minutes.
[AirdropContainerFall] Loot Spawned [18] MilitaryBoots_Black @ <3124.888916, 206.088486, 12931.009766> ... Lifespan: Set to 30 minutes.
[AirdropContainerFall] Loot Spawned [19] MilitaryBoots_Bluerock @ <3123.221436, 206.148560, 12929.668945> ... Lifespan: Set to 30 minutes.
[AirdropContainerFall] Loot Spawned [20] TacticalGoggles @ <3120.309570, 206.259445, 12932.336914> ... Lifespan: Set to 30 minutes.
[AirdropContainerUnstuck] Container was unstuck.
[~AirdropContainerBase] Container Destroyed on 2021-04-16 @ 20-24-25
