[AirdropPlane] Aircraft created on 2021-04-12 @ 18-17-29
[InitializeAircraft] Aircraft Initialized: Krasnostav Airstrip @ 12160/12645 (true)
[EOnBeforeDrop] The Aircraft is 1 Km from Krasnostav Airstrip. @ <12404.550781, 257.193298, 11166.461914>
[EOnDrop] Zombie Spawned [1] ZmbM_PatrolNormal_Autumn @ <12189.148438, 140.500000, 12563.571289> ... Lifespan:  Set to 30 minutes.
[EOnDrop] Zombie Spawned [2] ZmbM_PatrolNormal_PautRev @ <12221.868164, 140.500000, 12580.968750> ... Lifespan:  Set to 30 minutes.
[EOnDrop] Zombie Spawned [3] ZmbM_PatrolNormal_Summer @ <12132.413086, 140.500000, 12552.492188> ... Lifespan:  Set to 30 minutes.
[EOnDrop] Zombie Spawned [4] ZmbM_PatrolNormal_Autumn @ <12155.439453, 140.500000, 12583.247070> ... Lifespan:  Set to 30 minutes.
[EOnDrop] Zombie Spawned [5] ZmbM_PatrolNormal_Summer @ <12180.684570, 140.500000, 12584.340820> ... Lifespan:  Set to 30 minutes.
[EOnDrop] Zombie Spawned [6] ZmbM_SoldierNormal @ <12131.356445, 140.500000, 12548.284180> ... Lifespan:  Set to 30 minutes.
[EOnDrop] Zombie Spawned [7] ZmbM_PatrolNormal_Flat @ <12192.850586, 140.500000, 12589.492188> ... Lifespan:  Set to 30 minutes.
[EOnDrop] Zombie Spawned [8] ZmbM_PatrolNormal_PautRev @ <12163.560547, 140.500000, 12566.177734> ... Lifespan:  Set to 30 minutes.
[EOnDrop] Zombie Spawned [9] ZmbM_SoldierNormal @ <12154.553711, 140.500000, 12603.710938> ... Lifespan:  Set to 30 minutes.
[EOnDrop] Zombie Spawned [10] ZmbM_PatrolNormal_PautRev @ <12157.926758, 140.500000, 12556.549805> ... Lifespan:  Set to 30 minutes.
[EOnDrop] Zombie Spawned [11] ZmbM_PatrolNormal_Summer @ <12147.073242, 140.500000, 12595.937500> ... Lifespan:  Set to 30 minutes.
[EOnDrop] Zombie Spawned [12] ZmbM_PatrolNormal_Flat @ <12148.925781, 140.500000, 12575.595703> ... Lifespan:  Set to 30 minutes.
[EOnDrop] Zombie Spawned [13] ZmbM_SoldierNormal @ <12181.480469, 140.500000, 12540.840820> ... Lifespan:  Set to 30 minutes.
[EOnDrop] Zombie Spawned [14] ZmbM_PatrolNormal_Summer @ <12160.580078, 140.500000, 12594.226563> ... Lifespan:  Set to 30 minutes.
[EOnDrop] Zombie Spawned [15] ZmbM_PatrolNormal_Summer @ <12178.466797, 140.500000, 12573.371094> ... Lifespan:  Set to 30 minutes.
[EOnDrop] Zombie Spawned [16] ZmbM_SoldierNormal @ <12198.986328, 140.500000, 12603.875977> ... Lifespan:  Set to 30 minutes.
[EOnDrop] Zombie Spawned [17] ZmbM_SoldierNormal @ <12139.448242, 140.500000, 12552.376953> ... Lifespan:  Set to 30 minutes.
[EOnDrop] Zombie Spawned [18] ZmbM_PatrolNormal_Autumn @ <12146.508789, 140.500000, 12602.122070> ... Lifespan:  Set to 30 minutes.
[EOnDrop] Zombie Spawned [19] ZmbM_SoldierNormal @ <12148.829102, 140.500000, 12564.336914> ... Lifespan:  Set to 30 minutes.
[EOnDrop] Zombie Spawned [20] ZmbM_PatrolNormal_Autumn @ <12154.078125, 140.500000, 12584.736328> ... Lifespan:  Set to 30 minutes.
[EOnDrop] Drop spawned with 20 infected at <12174.958008, 277.020447, 12569.208984>.
[EOnDrop] Supplies have been dropped near Krasnostav Airstrip.
[EOnBeforeDelete] Aircraft despawned @ <11554.403320, 228.175812, 16360.623047>
[~AirdropPlane] Aircraft destroyed.
