[AirdropBase] Base class created & settings loaded.
[2021-04-25 @ 21-33-24] ----------------------------------------------------------------------------------------------------
[EOnCallAirdrop] Drop zone asigned: Skalisty Island <13575.000000, 0.000000, 3055.000000>
[EOnCallAirdrop] Drop zone offset to: <13665.047852, 2438.000000, 3067.001709>
[EOnCallAirdrop] Aircraft spawn point: <3773.510010, 2438.000000, 16360.000000>
[EOnCallAirdrop] Aircraft bearing ... Angle/Bearing: 2.20572° / 323.622°, Text: 'North/West (324°)'
[EOnCallAirdrop] Aircraft has been dispatched to 'Skalisty Island' from the North/West (324°).
[2021-04-25 @ 22-03-51] ----------------------------------------------------------------------------------------------------
[EOnCallAirdrop] Drop zone asigned: Gorka <8775.000000, 0.000000, 9200.000000>
[EOnCallAirdrop] Drop zone offset to: <8679.472656, 2438.000000, 9212.724609>
[EOnCallAirdrop] Aircraft spawn point: <6612.715332, 2438.000000, 16360.000000>
[EOnCallAirdrop] Aircraft bearing ... Angle/Bearing: 1.86408° / 343.196°, Text: 'North (343°)'
[EOnCallAirdrop] Aircraft has been dispatched to 'Gorka' from the North (343°).
[2021-04-25 @ 22-34-17] ----------------------------------------------------------------------------------------------------
[EOnCallAirdrop] Drop zone asigned: Zelenogorks <1875.000000, 0.000000, 5210.000000>
[EOnCallAirdrop] Drop zone offset to: <1894.652710, 2438.000000, 5155.492188>
[EOnCallAirdrop] Aircraft spawn point: <-1000.000000, 2438.000000, 7027.020020>
[EOnCallAirdrop] Aircraft bearing ... Angle/Bearing: 2.57797° / 302.293°, Text: 'North/West (302°)'
[EOnCallAirdrop] Aircraft has been dispatched to 'Zelenogorks' from the North/West (302°).
[2021-04-25 @ 23-04-44] ----------------------------------------------------------------------------------------------------
[EOnCallAirdrop] Drop zone asigned: Northwest Airfield <4500.000000, 0.000000, 10350.000000>
[EOnCallAirdrop] Drop zone offset to: <4531.935547, 2438.000000, 10401.082031>
[EOnCallAirdrop] Aircraft spawn point: <16144.900391, 2438.000000, 16360.000000>
[EOnCallAirdrop] Aircraft bearing ... Angle/Bearing: 0.476449° / 62.7015°, Text: 'North/East (63°)'
[EOnCallAirdrop] Aircraft has been dispatched to 'Northwest Airfield' from the North/East (63°).
[ReplaceAirdropFlare] 'Road Flare' activted in player's hand ([SKS]Cpt.Kebab).
[2021-04-25 @ 23-14-14] ----------------------------------------------------------------------------------------------------
[EOnCallAirdrop] Drop zone asigned: Player Called <4567.676758, 339.012360, 10393.984375>
[EOnCallAirdrop] Drop zone offset to: <4635.584961, 2438.000000, 10422.404297>
[EOnCallAirdrop] Aircraft spawn point: <16360.000000, 2438.000000, 6336.688965>
[EOnCallAirdrop] Aircraft bearing ... Angle/Bearing: -0.331375° / 108.986°, Text: 'East (109°)'
[EOnCallAirdrop] Aircraft was dispatched to the player's location (16360/6336.69) from the East (109°).
[2021-04-25 @ 23-35-11] ----------------------------------------------------------------------------------------------------
[EOnCallAirdrop] Drop zone asigned: Berezino <12450.000000, 0.000000, 9250.000000>
[EOnCallAirdrop] Drop zone offset to: <12417.900391, 2438.000000, 9291.061523>
[EOnCallAirdrop] Aircraft spawn point: <16257.218750, 2438.000000, 16360.000000>
[EOnCallAirdrop] Aircraft bearing ... Angle/Bearing: 1.07917° / 28.1679°, Text: 'North/East (28°)'
[EOnCallAirdrop] Aircraft has been dispatched to 'Berezino' from the North/East (28°).
[2021-04-26 @ 00-05-39] ----------------------------------------------------------------------------------------------------
[EOnCallAirdrop] Drop zone asigned: Stary/Novy  <6600.000000, 0.000000, 7800.000000>
[EOnCallAirdrop] Drop zone offset to: <6569.477539, 2438.000000, 7830.931152>
[EOnCallAirdrop] Aircraft spawn point: <-160.794708, 2438.000000, 16360.000000>
[EOnCallAirdrop] Aircraft bearing ... Angle/Bearing: 2.23929° / 321.698°, Text: 'North/West (322°)'
[EOnCallAirdrop] Aircraft has been dispatched to 'Stary/Novy ' from the North/West (322°).
[2021-04-26 @ 00-36-07] ----------------------------------------------------------------------------------------------------
[EOnCallAirdrop] Drop zone asigned: Veresnik <4000.000000, 0.000000, 7850.000000>
[EOnCallAirdrop] Drop zone offset to: <3999.258057, 2438.000000, 7850.843262>
[EOnCallAirdrop] Aircraft spawn point: <16360.000000, 2438.000000, 4461.191895>
[EOnCallAirdrop] Aircraft bearing ... Angle/Bearing: -0.267599° / 105.332°, Text: 'East (105°)'
[EOnCallAirdrop] Aircraft has been dispatched to 'Veresnik' from the East (105°).
