[InitializeContainer] Container created on 2021-03-28 @ 05-52-57
[InitializeContainer] Winds: Vector <9.419146, 0.000000, -3.389477>, Speed 10.0104mps, Strength 0.1
[AirdropContainerFall] Drop Type 'Misc. Food', Container: 'RANDOM', Mode/Quantity/Iems: Random/29/30, Flare:  10%
[AirdropContainerFall] Loot Spawned [1] Rice @ <5010.705566, 9.315637, 2379.740967> ... Lifespan: Set to 30 minutes.
[AirdropContainerFall] Loot Spawned [2] Plum @ <5010.142578, 9.380843, 2374.344971> ... Lifespan: Set to 30 minutes.
[AirdropContainerFall] Loot Spawned [3] CaninaBerry @ <5007.187500, 9.262229, 2378.533203> ... Lifespan: Set to 30 minutes.
[AirdropContainerFall] Loot Spawned [4] KOD_M16A4 @ <5008.161133, 9.262283, 2380.236572> ... Lifespan: Set to 30 minutes.
[AirdropContainerFall] Loot Spawned [5] Pumpkin @ <5010.656250, 9.314308, 2379.903320> ... Lifespan: Set to 30 minutes.
[AirdropContainerFall] Loot Spawned [6] Canteen @ <5008.684082, 9.271329, 2380.893066> ... Lifespan: Set to 30 minutes.
[AirdropContainerFall] Loot Spawned [7] Rice @ <5010.604492, 9.311668, 2380.307861> ... Lifespan: Set to 30 minutes.
[AirdropContainerFall] Loot Spawned [8] Lard @ <5008.267090, 9.328389, 2375.618896> ... Lifespan: Set to 30 minutes.
[AirdropContainerFall] Loot Spawned [9] KOD_DVL10 @ <5008.636719, 9.273890, 2380.198730> ... Lifespan: Set to 30 minutes.
[AirdropContainerFall] Loot Spawned [10] SodaCan_Pipsi @ <5007.722656, 9.282485, 2377.656250> ... Lifespan: Set to 30 minutes.
[AirdropContainerFall] Loot Spawned [11] Plum @ <5006.787598, 9.286734, 2376.582275> ... Lifespan: Set to 30 minutes.
[AirdropContainerFall] Loot Spawned [12] SardinesCan @ <5007.644531, 9.295822, 2376.829834> ... Lifespan: Set to 30 minutes.
[AirdropContainerFall] Loot Spawned [13] SodaCan_Spite @ <5012.555664, 9.350202, 2377.166016> ... Lifespan: Set to 30 minutes.
[AirdropContainerFall] Loot Spawned [14] SardinesCan @ <5007.276855, 9.314857, 2375.495117> ... Lifespan: Set to 30 minutes.
[AirdropContainerFall] Loot Spawned [15] SodaCan_Spite @ <5009.180664, 9.290456, 2379.541748> ... Lifespan: Set to 30 minutes.
[AirdropContainerFall] Loot Spawned [16] Canteen @ <5008.192383, 9.283072, 2378.175781> ... Lifespan: Set to 30 minutes.
[AirdropContainerFall] Loot Spawned [17] AKM @ <5011.474609, 9.360440, 2375.913818> ... Lifespan: Set to 30 minutes.
[AirdropContainerFall] Loot Spawned [18] WaterBottle @ <5010.503418, 9.379861, 2374.526367> ... Lifespan: Set to 30 minutes.
[AirdropContainerFall] Loot Spawned [19] SodaCan_Cola @ <5009.152832, 9.283597, 2380.702148> ... Lifespan: Set to 30 minutes.
[AirdropContainerFall] Loot Spawned [20] KOD_DVL10 @ <5011.381836, 9.351188, 2376.419434> ... Lifespan: Set to 30 minutes.
[AirdropContainerFall] Loot Spawned [21] Pear @ <5011.300781, 9.325494, 2378.934082> ... Lifespan: Set to 30 minutes.
[AirdropContainerFall] Loot Spawned [22] TacticalBaconCan @ <5011.291016, 9.329469, 2378.171875> ... Lifespan: Set to 30 minutes.
[AirdropContainerFall] Loot Spawned [23] KOD_DVL10 @ <5012.747559, 9.344213, 2377.956543> ... Lifespan: Set to 30 minutes.
[AirdropContainerFall] Loot Spawned [24] SodaCan_Cola @ <5011.282227, 9.344782, 2376.761719> ... Lifespan: Set to 30 minutes.
[AirdropContainerFall] Loot Spawned [25] Pear @ <5007.152832, 9.255996, 2378.958984> ... Lifespan: Set to 30 minutes.
[AirdropContainerFall] Loot Spawned [26] AKM @ <5010.412598, 9.310802, 2380.134521> ... Lifespan: Set to 30 minutes.
[AirdropContainerFall] Loot Spawned [27] AKM @ <5010.261230, 9.366587, 2375.151123> ... Lifespan: Set to 30 minutes.
[AirdropContainerFall] Loot Spawned [28] CaninaBerry @ <5010.603516, 9.352630, 2376.020996> ... Lifespan: Set to 30 minutes.
[AirdropContainerFall] Loot Spawned [29] SardinesCan @ <5007.984863, 9.291156, 2377.371582> ... Lifespan: Set to 30 minutes.
[AirdropContainerUnstuck] Container was unstuck.
[~AirdropContainerBase] Container Destroyed on 2021-03-28 @ 06-17-57
