[AirdropPlane] Aircraft created on 2021-04-14 @ 22-43-02
[InitializeAircraft] Aircraft Initialized: Chernogorsk @ 7400/3500 (true)
[EOnBeforeDrop] The Aircraft is 1 Km from Chernogorsk. @ <8667.252930, 213.199356, 2699.363281>
[EOnDrop] Zombie Spawned [1] ZmbM_HandymanNormal_Blue @ <7480.493164, 6.500000, 3470.679443> ... Lifespan:  Set to 30 minutes.
[EOnDrop] Zombie Spawned [2] ZmbF_MechanicNormal_Orange @ <7452.891602, 6.523767, 3455.606689> ... Lifespan:  Set to 30 minutes.
[EOnDrop] Zombie Spawned [3] ZmbM_MechanicSkinny_Red @ <7454.629883, 6.500000, 3468.840820> ... Lifespan:  Set to 30 minutes.
[EOnDrop] Zombie Spawned [4] ZmbM_ConstrWorkerNormal_Grey @ <7462.439453, 6.490240, 3448.311768> ... Lifespan:  Set to 30 minutes.
[EOnDrop] Zombie Spawned [5] ZmbM_OffshoreWorker_Orange @ <7445.193359, 6.510207, 3470.978516> ... Lifespan:  Set to 30 minutes.
[EOnDrop] Zombie Spawned [6] ZmbM_HandymanNormal_Beige @ <7475.529297, 6.511189, 3418.569092> ... Lifespan:  Set to 30 minutes.
[EOnDrop] Zombie Spawned [7] ZmbF_MechanicNormal_Beige @ <7459.170410, 6.500000, 3483.122314> ... Lifespan:  Set to 30 minutes.
[EOnDrop] Zombie Spawned [8] ZmbF_BlueCollarFat_Green @ <7461.692871, 6.493227, 3446.037598> ... Lifespan:  Set to 30 minutes.
[EOnDrop] Zombie Spawned [9] ZmbM_ConstrWorkerNormal_Grey @ <7476.953613, 6.500000, 3502.273438> ... Lifespan:  Set to 30 minutes.
[EOnDrop] Zombie Spawned [10] ZmbF_MechanicNormal_Green @ <7463.897949, 6.490000, 3456.118896> ... Lifespan:  Set to 30 minutes.
[EOnDrop] Zombie Spawned [11] ZmbM_ConstrWorkerNormal_Grey @ <7429.854980, 6.503526, 3498.990234> ... Lifespan:  Set to 30 minutes.
[EOnDrop] Zombie Spawned [12] ZmbF_MechanicNormal_Orange @ <7444.530273, 6.662877, 3444.595215> ... Lifespan:  Set to 30 minutes.
[EOnDrop] Zombie Spawned [13] ZmbF_BlueCollarFat_White @ <7469.650391, 6.490000, 3449.388672> ... Lifespan:  Set to 30 minutes.
[EOnDrop] Zombie Spawned [14] ZmbM_MechanicSkinny_Green @ <7453.130859, 6.522869, 3455.322754> ... Lifespan:  Set to 30 minutes.
[EOnDrop] Zombie Spawned [15] ZmbM_MechanicSkinny_Blue @ <7442.808105, 6.757266, 3425.350342> ... Lifespan:  Set to 30 minutes.
[EOnDrop] Zombie Spawned [16] ZmbM_MechanicSkinny_Grey @ <7448.702148, 6.605569, 3434.021729> ... Lifespan:  Set to 30 minutes.
[EOnDrop] Zombie Spawned [17] ZmbM_OffshoreWorker_Orange @ <7457.000977, 6.513196, 3447.097168> ... Lifespan:  Set to 30 minutes.
[EOnDrop] Zombie Spawned [18] ZmbM_ConstrWorkerNormal_Grey @ <7490.115723, 6.500000, 3490.748291> ... Lifespan:  Set to 30 minutes.
[EOnDrop] Zombie Spawned [19] ZmbM_MechanicSkinny_Green @ <7451.343750, 6.530054, 3457.081543> ... Lifespan:  Set to 30 minutes.
[EOnDrop] Zombie Spawned [20] ZmbM_OffshoreWorker_Red @ <7480.970215, 6.490000, 3455.525146> ... Lifespan:  Set to 30 minutes.
[EOnDrop] Zombie Spawned [21] ZmbM_MechanicSkinny_Green @ <7441.853516, 6.687625, 3449.441895> ... Lifespan:  Set to 30 minutes.
[EOnDrop] Zombie Spawned [22] ZmbM_HandymanNormal_White @ <7436.270996, 6.695880, 3458.228516> ... Lifespan:  Set to 30 minutes.
[EOnDrop] Zombie Spawned [23] ZmbM_ConstrWorkerNormal_Black @ <7428.849121, 6.694904, 3467.601807> ... Lifespan:  Set to 30 minutes.
[EOnDrop] Zombie Spawned [24] ZmbM_HandymanNormal_Grey @ <7486.307129, 6.500000, 3501.726074> ... Lifespan:  Set to 30 minutes.
[EOnDrop] Zombie Spawned [25] ZmbF_MechanicNormal_Green @ <7481.852051, 6.500000, 3469.657959> ... Lifespan:  Set to 30 minutes.
[EOnDrop] Zombie Spawned [26] ZmbM_MechanicSkinny_Grey @ <7444.571777, 6.546670, 3462.236084> ... Lifespan:  Set to 30 minutes.
[EOnDrop] Zombie Spawned [27] ZmbF_MechanicNormal_Grey @ <7449.188477, 6.499246, 3510.565186> ... Lifespan:  Set to 30 minutes.
[EOnDrop] Zombie Spawned [28] ZmbM_HandymanNormal_Grey @ <7447.510254, 6.549840, 3457.525635> ... Lifespan:  Set to 30 minutes.
[EOnDrop] Zombie Spawned [29] ZmbF_BlueCollarFat_Green @ <7454.056152, 6.500000, 3478.381104> ... Lifespan:  Set to 30 minutes.
[EOnDrop] Zombie Spawned [30] ZmbM_OffshoreWorker_Orange @ <7470.261719, 6.500000, 3499.011719> ... Lifespan:  Set to 30 minutes.
[EOnDrop] Drop spawned with 30 infected at <7460.920410, 148.018768, 3462.488281>.
[EOnDrop] Supplies have been dropped near Chernogorsk.
[EOnBeforeDelete] Aircraft despawned @ <-1000.687317, 361.832672, 8814.675781>
[~AirdropPlane] Aircraft destroyed.
