[InitializeContainer] Container created on 2021-04-22 @ 16-43-10
[InitializeContainer] Winds: Vector <5.788590, 0.000000, -6.376087>, Speed 8.61175mps, Strength 0.1
[AirdropContainerFall] Drop Type 'Military East', Container: 'AirdropContainer_Military', Mode/Quantity/Iems: Random/20/33, Flare:  10%
[AirdropContainerFall] Loot Spawned [1] TTSKOPants @ <12397.870117, 22.295340, 9313.580078> ... Lifespan: Set to 30 minutes.
[AirdropContainerFall] Loot Spawned [2] Battery9V @ <12396.839844, 22.121147, 9317.641602> ... Lifespan: Set to 30 minutes.
[AirdropContainerFall] Loot Spawned [3] Binoculars @ <12398.080078, 22.313129, 9313.014648> ... Lifespan: Set to 30 minutes.
[AirdropContainerFall] Loot Spawned [4] TacticalBaconCan @ <12399.763672, 21.933117, 9317.931641> ... Lifespan: Set to 30 minutes.
[AirdropContainerFall] Loot Spawned [5] Canteen @ <12398.663086, 22.306112, 9312.474609> ... Lifespan: Set to 30 minutes.
[AirdropContainerFall] Loot Spawned [6] TacticalGloves_Beige @ <12396.762695, 22.402956, 9312.773438> ... Lifespan: Set to 30 minutes.
[AirdropContainerFall] Loot Spawned [7] GorkaPants_Flat @ <12399.317383, 22.168179, 9314.301758> ... Lifespan: Set to 30 minutes.
[AirdropContainerFall] Loot Spawned [8] AK101 @ <12399.962891, 22.089525, 9315.061523> ... Lifespan: Set to 30 minutes.
[AirdropContainerFall] Loot Spawned [9] TacticalGloves_Black @ <12396.984375, 22.103817, 9317.805664> ... Lifespan: Set to 30 minutes.
[AirdropContainerFall] Loot Spawned [10] AmmoBox_762x39_20Rnd @ <12398.875977, 22.240694, 9313.426758> ... Lifespan: Set to 30 minutes.
[AirdropContainerFall] Loot Spawned [11] AK_Bayonet @ <12396.285156, 22.152565, 9317.610352> ... Lifespan: Set to 30 minutes.
[AirdropContainerFall] Loot Spawned [12] AKM @ <12400.468750, 22.076376, 9314.739258> ... Lifespan: Set to 30 minutes.
[AirdropContainerFall] Loot Spawned [13] TTSKOPants @ <12395.895508, 22.244913, 9316.395508> ... Lifespan: Set to 30 minutes.
[AirdropContainerFall] Loot Spawned [14] AK_RailHndgrd @ <12396.025391, 22.430233, 9313.011719> ... Lifespan: Set to 30 minutes.
[AirdropContainerFall] Loot Spawned [15] GorkaPants_Summer @ <12398.689453, 22.020325, 9317.543945> ... Lifespan: Set to 30 minutes.
[AirdropContainerFall] Loot Spawned [16] AK_RailHndgrd @ <12396.457031, 22.065771, 9318.933594> ... Lifespan: Set to 30 minutes.
[AirdropContainerFall] Loot Spawned [17] AK_Bayonet @ <12394.667969, 22.377892, 9315.297852> ... Lifespan: Set to 30 minutes.
[AirdropContainerFall] Loot Spawned [18] AK_Bayonet @ <12396.371094, 22.152269, 9317.537109> ... Lifespan: Set to 30 minutes.
[AirdropContainerFall] Loot Spawned [19] TacticalGloves_Green @ <12400.182617, 22.073441, 9315.111328> ... Lifespan: Set to 30 minutes.
[AirdropContainerFall] Loot Spawned [20] AK_RailHndgrd @ <12396.607422, 22.327534, 9314.308594> ... Lifespan: Set to 30 minutes.
[AirdropContainerUnstuck] Container was unstuck.
[~AirdropContainerBase] Container Destroyed on 2021-04-22 @ 17-00-31
