[AirdropPlane] Aircraft created on 2021-04-09 @ 02-17-19
[InitializeAircraft] Aircraft Initialized: Myshkino @ 1900/7600 (true)
[EOnBeforeDrop] The Aircraft is 1 Km from Myshkino. @ <3300.653809, 492.992767, 7066.561523>
[EOnDrop] Zombie Spawned [1] ZmbM_HunterOld_Winter @ <1968.751465, 285.979004, 7583.366211> ... Lifespan:  Set to 30 minutes.
[EOnDrop] Zombie Spawned [2] ZmbF_HikerSkinny_Blue @ <2005.700562, 295.057800, 7577.937500> ... Lifespan:  Set to 30 minutes.
[EOnDrop] Zombie Spawned [3] ZmbF_MilkMaidOld_Green @ <1972.174072, 287.823517, 7590.680664> ... Lifespan:  Set to 30 minutes.
[EOnDrop] Zombie Spawned [4] ZmbM_FarmerFat_Beige @ <2008.914307, 288.977783, 7545.678223> ... Lifespan:  Set to 30 minutes.
[EOnDrop] Zombie Spawned [5] ZmbM_HunterOld_Spring @ <1961.929932, 283.395294, 7574.753418> ... Lifespan:  Set to 30 minutes.
[EOnDrop] Zombie Spawned [6] ZmbM_HunterOld_Summer @ <2003.197632, 293.107605, 7571.257813> ... Lifespan:  Set to 30 minutes.
[EOnDrop] Zombie Spawned [7] ZmbF_MilkMaidOld_Beige @ <2007.475098, 288.851410, 7547.227051> ... Lifespan:  Set to 30 minutes.
[EOnDrop] Zombie Spawned [8] ZmbM_MotobikerFat_Black @ <1990.810791, 290.506348, 7576.182617> ... Lifespan:  Set to 30 minutes.
[EOnDrop] Zombie Spawned [9] ZmbM_priestPopSkinny @ <1974.526489, 280.788269, 7531.111816> ... Lifespan:  Set to 30 minutes.
[EOnDrop] Zombie Spawned [10] ZmbM_MotobikerFat_Beige @ <1989.688232, 294.862305, 7615.773438> ... Lifespan:  Set to 30 minutes.
[EOnDrop] Zombie Spawned [11] ZmbM_MotobikerFat_Beige @ <1971.220337, 282.192139, 7548.967285> ... Lifespan:  Set to 30 minutes.
[EOnDrop] Zombie Spawned [12] ZmbM_HermitSkinny_Beige @ <2014.963989, 296.557281, 7572.792969> ... Lifespan:  Set to 30 minutes.
[EOnDrop] Zombie Spawned [13] ZmbF_SurvivorNormal_Blue @ <2008.544312, 287.880066, 7539.442383> ... Lifespan:  Set to 30 minutes.
[EOnDrop] Zombie Spawned [14] ZmbF_HikerSkinny_Green @ <1987.478760, 282.050262, 7523.089844> ... Lifespan:  Set to 30 minutes.
[EOnDrop] Zombie Spawned [15] ZmbM_HermitSkinny_Red @ <1970.371826, 283.614746, 7562.693359> ... Lifespan:  Set to 30 minutes.
[EOnDrop] Drop spawned with 15 infected at <1984.301270, 444.141724, 7567.010742>.
[EOnDrop] Supplies have been dropped near Myshkino.
[EOnBeforeDelete] Aircraft despawned @ <-1000.045471, 355.910583, 8701.590820>
[~AirdropPlane] Aircraft destroyed.
