[AirdropPlane] Aircraft created on 2021-04-06 @ 22-42-20
[InitializeAircraft] Aircraft Initialized: Zelenogorks @ 1875/5210 (true)
[EOnBeforeDrop] The Aircraft is 1 Km from Zelenogorks. @ <3162.869141, 420.782501, 4441.545410>
[EOnDrop] Zombie Spawned [1] ZmbM_HikerSkinny_Yellow @ <1945.723389, 174.405426, 5162.988281> ... Lifespan:  Set to 30 minutes.
[EOnDrop] Zombie Spawned [2] ZmbF_VillagerOld_Blue @ <1938.108643, 174.823639, 5187.687012> ... Lifespan:  Set to 30 minutes.
[EOnDrop] Zombie Spawned [3] ZmbM_VillagerOld_Green @ <1947.833374, 174.420334, 5161.181641> ... Lifespan:  Set to 30 minutes.
[EOnDrop] Zombie Spawned [4] ZmbF_MilkMaidOld_Black @ <1957.273926, 174.747894, 5164.597168> ... Lifespan:  Set to 30 minutes.
[EOnDrop] Zombie Spawned [5] ZmbF_MilkMaidOld_Black @ <1932.838379, 173.967789, 5157.774902> ... Lifespan:  Set to 30 minutes.
[EOnDrop] Zombie Spawned [6] ZmbM_MotobikerFat_Black @ <1937.756104, 174.484695, 5175.046387> ... Lifespan:  Set to 30 minutes.
[EOnDrop] Zombie Spawned [7] ZmbF_HikerSkinny_Blue @ <1907.951538, 173.414688, 5167.912598> ... Lifespan:  Set to 30 minutes.
[EOnDrop] Zombie Spawned [8] ZmbF_VillagerOld_Blue @ <1941.261108, 174.639832, 5177.361816> ... Lifespan:  Set to 30 minutes.
[EOnDrop] Zombie Spawned [9] ZmbM_VillagerOld_Green @ <1923.242554, 174.739716, 5209.415039> ... Lifespan:  Set to 30 minutes.
[EOnDrop] Zombie Spawned [10] ZmbM_VillagerOld_Green @ <1945.754395, 174.265762, 5155.658691> ... Lifespan:  Set to 30 minutes.
[EOnDrop] Zombie Spawned [11] ZmbM_FarmerFat_Brown @ <1896.324951, 173.008896, 5180.639648> ... Lifespan:  Set to 30 minutes.
[EOnDrop] Zombie Spawned [12] ZmbF_MilkMaidOld_Grey @ <1926.676270, 174.282791, 5179.176270> ... Lifespan:  Set to 30 minutes.
[EOnDrop] Zombie Spawned [13] ZmbM_HermitSkinny_Black @ <1918.776611, 174.121857, 5184.073730> ... Lifespan:  Set to 30 minutes.
[EOnDrop] Zombie Spawned [14] ZmbM_VillagerOld_White @ <1952.035767, 174.903305, 5175.803711> ... Lifespan:  Set to 30 minutes.
[EOnDrop] Zombie Spawned [15] ZmbF_MilkMaidOld_Grey @ <1927.551636, 174.340775, 5180.391113> ... Lifespan:  Set to 30 minutes.
[EOnDrop] Zombie Spawned [16] ZmbM_HunterOld_Spring @ <1955.501343, 175.236862, 5183.209473> ... Lifespan:  Set to 30 minutes.
[EOnDrop] Zombie Spawned [17] ZmbF_MilkMaidOld_Green @ <1915.672241, 173.894394, 5179.643066> ... Lifespan:  Set to 30 minutes.
[EOnDrop] Zombie Spawned [18] ZmbM_MotobikerFat_Beige @ <1926.669922, 172.802460, 5130.753418> ... Lifespan:  Set to 30 minutes.
[EOnDrop] Zombie Spawned [19] ZmbM_FarmerFat_Beige @ <1922.631470, 174.417282, 5190.916504> ... Lifespan:  Set to 30 minutes.
[EOnDrop] Zombie Spawned [20] ZmbM_HermitSkinny_Beige @ <1905.741333, 173.649612, 5192.378906> ... Lifespan:  Set to 30 minutes.
[EOnDrop] Drop spawned with 20 infected at <1943.689453, 323.012695, 5169.279785>.
[EOnDrop] Supplies have been dropped near Zelenogorks.
[EOnBeforeDelete] Aircraft despawned @ <-1001.487183, 379.132660, 6927.312012>
[~AirdropPlane] Aircraft destroyed.
