[AirdropBase] Base class created & settings loaded.
[2021-04-22 @ 09-27-07] ----------------------------------------------------------------------------------------------------
[EOnCallAirdrop] Drop zone asigned: Elektrozavodsk <10050.000000, 0.000000, 2450.000000>
[EOnCallAirdrop] Drop zone offset to: <9963.609375, 2438.000000, 2440.965332>
[EOnCallAirdrop] Aircraft spawn point: <-999.470215, 2438.000000, 16360.000000>
[EOnCallAirdrop] Aircraft bearing ... Angle/Bearing: 2.24209° / 321.538°, Text: 'North/West (322°)'
[EOnCallAirdrop] Aircraft has been dispatched to 'Elektrozavodsk' from the North/West (322°).
[2021-04-22 @ 09-52-28] ----------------------------------------------------------------------------------------------------
[EOnCallAirdrop] Drop zone asigned: Soverograd <8566.000000, 0.000000, 12755.000000>
[EOnCallAirdrop] Drop zone offset to: <8540.442383, 2438.000000, 12731.116211>
[EOnCallAirdrop] Aircraft spawn point: <12200.530273, 2438.000000, -1000.000000>
[EOnCallAirdrop] Aircraft bearing ... Angle/Bearing: -1.31247° / 165.199°, Text: 'South (165°)'
[EOnCallAirdrop] Aircraft has been dispatched to 'Soverograd' from the South (165°).
[2021-04-22 @ 10-17-49] ----------------------------------------------------------------------------------------------------
[EOnCallAirdrop] Drop zone asigned: Veresnik <4000.000000, 0.000000, 7850.000000>
[EOnCallAirdrop] Drop zone offset to: <4000.413086, 2438.000000, 7816.670410>
[EOnCallAirdrop] Aircraft spawn point: <16360.000000, 2438.000000, 10861.192383>
[EOnCallAirdrop] Aircraft bearing ... Angle/Bearing: 0.238969° / 76.3081°, Text: 'East (76°)'
[EOnCallAirdrop] Aircraft has been dispatched to 'Veresnik' from the East (76°).
[2021-04-22 @ 10-43-10] ----------------------------------------------------------------------------------------------------
[EOnCallAirdrop] Drop zone asigned: Novaya Petrovka <3100.000000, 0.000000, 12840.000000>
[EOnCallAirdrop] Drop zone offset to: <3102.900391, 2438.000000, 12800.744141>
[EOnCallAirdrop] Aircraft spawn point: <11895.893555, 2438.000000, 16360.000000>
[EOnCallAirdrop] Aircraft bearing ... Angle/Bearing: 0.380667° / 68.1894°, Text: 'East (68°)'
[EOnCallAirdrop] Aircraft has been dispatched to 'Novaya Petrovka' from the East (68°).
