[InitializeContainer] Container created on 2021-04-23 @ 01-58-56
[InitializeContainer] Winds: Vector <2.140201, 0.000000, -7.028179>, Speed 7.34682mps, Strength 0.1
[AirdropContainerFall] Drop Type 'Military West', Container: 'AirdropContainer_Military', Mode/Quantity/Iems: Random/20/46, Flare:  10%
[AirdropContainerFall] Loot Spawned [1] Binoculars @ <13572.952148, 40.163788, 3149.890137> ... Lifespan: Set to 30 minutes.
[AirdropContainerFall] Loot Spawned [2] UKAssVest_Olive @ <13573.281250, 40.190948, 3148.500488> ... Lifespan: Set to 30 minutes.
[AirdropContainerFall] Loot Spawned [3] MilitaryBoots_Beige @ <13573.435547, 40.251862, 3145.069580> ... Lifespan: Set to 30 minutes.
[AirdropContainerFall] Loot Spawned [4] Rangefinder @ <13575.179688, 40.187595, 3149.327881> ... Lifespan: Set to 30 minutes.
[AirdropContainerFall] Loot Spawned [5] USMCJacket_Desert @ <13573.093750, 40.194782, 3148.178711> ... Lifespan: Set to 30 minutes.
[AirdropContainerFall] Loot Spawned [6] CombatKnife @ <13573.451172, 40.187481, 3148.791992> ... Lifespan: Set to 30 minutes.
[AirdropContainerFall] Loot Spawned [7] MilitaryBoots_Brown @ <13576.421875, 40.223728, 3145.236572> ... Lifespan: Set to 30 minutes.
[AirdropContainerFall] Loot Spawned [8] M9A1_Bayonet @ <13576.697266, 40.194546, 3146.474854> ... Lifespan: Set to 30 minutes.
[AirdropContainerFall] Loot Spawned [9] TacticalBaconCan @ <13572.487305, 40.232048, 3145.701660> ... Lifespan: Set to 30 minutes.
[AirdropContainerFall] Loot Spawned [10] M4_T3NrdSOptic @ <13577.088867, 40.131428, 3148.143066> ... Lifespan: Set to 30 minutes.
[AirdropContainerFall] Loot Spawned [11] AssaultBag_Green @ <13575.142578, 40.270428, 3144.608398> ... Lifespan: Set to 30 minutes.
[AirdropContainerFall] Loot Spawned [12] USMCPants_Desert @ <13575.599609, 40.265549, 3144.151855> ... Lifespan: Set to 30 minutes.
[AirdropContainerFall] Loot Spawned [13] KOD_M110_Tan @ <13574.529297, 40.268570, 3144.694580> ... Lifespan: Set to 30 minutes.
[AirdropContainerFall] Loot Spawned [14] TacticalBaconCan @ <13572.450195, 40.233585, 3145.593506> ... Lifespan: Set to 30 minutes.
[AirdropContainerFall] Loot Spawned [15] KOD_RSASS_Black @ <13576.129883, 40.178387, 3148.324219> ... Lifespan: Set to 30 minutes.
[AirdropContainerFall] Loot Spawned [16] UKAssVest_Camo @ <13576.215820, 40.210838, 3146.312744> ... Lifespan: Set to 30 minutes.
[AirdropContainerFall] Loot Spawned [17] USMCJacket_Desert @ <13575.758789, 40.174213, 3149.163818> ... Lifespan: Set to 30 minutes.
[AirdropContainerFall] Loot Spawned [18] MilitaryBoots_Bluerock @ <13576.997070, 40.097630, 3148.531006> ... Lifespan: Set to 30 minutes.
[AirdropContainerFall] Loot Spawned [19] TacticalGloves_Black @ <13576.469727, 40.132820, 3148.806396> ... Lifespan: Set to 30 minutes.
[AirdropContainerFall] Loot Spawned [20] M4_T3NrdSOptic @ <13573.117188, 40.141651, 3150.441406> ... Lifespan: Set to 30 minutes.
[AirdropContainerUnstuck] Container was unstuck.
[~AirdropContainerBase] Container Destroyed on 2021-04-23 @ 02-23-56
