[AirdropBase] Base class created & settings loaded.
[2021-03-13 @ 02-26-47] ----------------------------------------------------------------------------------------------------
[EOnCallAirdrop] Drop zone asigned: Novodmitrovsk <11475.000000, 0.000000, 14356.000000>
[EOnCallAirdrop] Drop zone offset to: <11476.770508, 2438.000000, 14385.678711>
[EOnCallAirdrop] Aircraft spawn point: <6571.390625, 2438.000000, -1000.000000>
[EOnCallAirdrop] Aircraft bearing ... Angle/Bearing: -1.87989° / 197.71°, Text: 'South (198°)'
[EOnCallAirdrop] Aircraft has been dispatched to 'Novodmitrovsk' from the South (198°).
[2021-03-13 @ 02-52-07] ----------------------------------------------------------------------------------------------------
[EOnCallAirdrop] Drop zone asigned: Stary/Novy  <6600.000000, 0.000000, 7800.000000>
[EOnCallAirdrop] Drop zone offset to: <6586.690430, 2438.000000, 7810.529785>
[EOnCallAirdrop] Aircraft spawn point: <737.218567, 2438.000000, 16360.000000>
[EOnCallAirdrop] Aircraft bearing ... Angle/Bearing: 2.17132° / 325.593°, Text: 'North/West (326°)'
[EOnCallAirdrop] Aircraft has been dispatched to 'Stary/Novy ' from the North/West (326°).
[2021-03-13 @ 03-17-24] ----------------------------------------------------------------------------------------------------
[EOnCallAirdrop] Drop zone asigned: Novodmitrovsk <11475.000000, 0.000000, 14356.000000>
[EOnCallAirdrop] Drop zone offset to: <11470.159180, 2438.000000, 14352.786133>
[EOnCallAirdrop] Aircraft spawn point: <8614.304688, 2438.000000, 16360.000000>
[EOnCallAirdrop] Aircraft bearing ... Angle/Bearing: 2.53051° / 305.012°, Text: 'North/West (305°)'
[EOnCallAirdrop] Aircraft has been dispatched to 'Novodmitrovsk' from the North/West (305°).
[2021-03-13 @ 03-42-40] ----------------------------------------------------------------------------------------------------
[EOnCallAirdrop] Drop zone asigned: Veresnik <4000.000000, 0.000000, 7850.000000>
[EOnCallAirdrop] Drop zone offset to: <3945.568359, 2438.000000, 7915.750000>
[EOnCallAirdrop] Aircraft spawn point: <4447.416992, 2438.000000, 16360.000000>
[EOnCallAirdrop] Aircraft bearing ... Angle/Bearing: 1.51827° / 3.00957°, Text: 'North (3°)'
[EOnCallAirdrop] Aircraft has been dispatched to 'Veresnik' from the North (3°).
[2021-03-13 @ 04-07-56] ----------------------------------------------------------------------------------------------------
[EOnCallAirdrop] Drop zone asigned: Skalisty Island <13575.000000, 0.000000, 3055.000000>
[EOnCallAirdrop] Drop zone offset to: <13508.110352, 2438.000000, 3052.196777>
[EOnCallAirdrop] Aircraft spawn point: <16360.000000, 2438.000000, 5617.218750>
[EOnCallAirdrop] Aircraft bearing ... Angle/Bearing: 0.743759° / 47.3857°, Text: 'North/East (47°)'
[EOnCallAirdrop] Aircraft has been dispatched to 'Skalisty Island' from the North/East (47°).
[2021-03-13 @ 04-33-13] ----------------------------------------------------------------------------------------------------
[EOnCallAirdrop] Drop zone asigned: Novaya Petrovka <3100.000000, 0.000000, 12840.000000>
[EOnCallAirdrop] Drop zone offset to: <3107.085938, 2438.000000, 12917.946289>
[EOnCallAirdrop] Aircraft spawn point: <-1000.000000, 2438.000000, 11811.655273>
[EOnCallAirdrop] Aircraft bearing ... Angle/Bearing: -2.89585° / 255.92°, Text: 'West (256°)'
[EOnCallAirdrop] Aircraft has been dispatched to 'Novaya Petrovka' from the West (256°).
[2021-03-13 @ 04-58-29] ----------------------------------------------------------------------------------------------------
[EOnCallAirdrop] Drop zone asigned: Chernogorsk <7400.000000, 0.000000, 3500.000000>
[EOnCallAirdrop] Drop zone offset to: <7402.180176, 2438.000000, 3503.924316>
[EOnCallAirdrop] Aircraft spawn point: <-1000.000000, 2438.000000, 3975.364258>
[EOnCallAirdrop] Aircraft bearing ... Angle/Bearing: 3.08506° / 273.239°, Text: 'West (273°)'
[EOnCallAirdrop] Aircraft has been dispatched to 'Chernogorsk' from the West (273°).
[2021-03-13 @ 05-23-48] ----------------------------------------------------------------------------------------------------
[EOnCallAirdrop] Drop zone asigned: Northwest Airfield <4500.000000, 0.000000, 10350.000000>
[EOnCallAirdrop] Drop zone offset to: <4444.943848, 2438.000000, 10287.289063>
[EOnCallAirdrop] Aircraft spawn point: <-1000.000000, 2438.000000, -347.814575>
[EOnCallAirdrop] Aircraft bearing ... Angle/Bearing: -2.04568° / 207.209°, Text: 'South/West (207°)'
[EOnCallAirdrop] Aircraft has been dispatched to 'Northwest Airfield' from the South/West (207°).
