[InitializeContainer] Container created on 2021-03-23 @ 18-28-26
[InitializeContainer] Winds: Vector <1.014006, 0.000000, -6.846545>, Speed 6.92123mps, Strength 0.1
[AirdropContainerFall] Drop Type 'Misc. Food', Container: 'RANDOM', Mode/Quantity/Iems: Random/29/30, Flare:  10%
[AirdropContainerFall] Loot Spawned [1] Rice @ <13509.572266, 17.520849, 3013.522949> ... Lifespan: Set to 30 minutes.
[AirdropContainerFall] Loot Spawned [2] PeachesCan @ <13509.841797, 17.406210, 3011.434082> ... Lifespan: Set to 30 minutes.
[AirdropContainerFall] Loot Spawned [3] CaninaBerry @ <13506.024414, 16.499943, 3014.676025> ... Lifespan: Set to 30 minutes.
[AirdropContainerFall] Loot Spawned [4] Zucchini @ <13505.396484, 16.251986, 3014.913330> ... Lifespan: Set to 30 minutes.
[AirdropContainerFall] Loot Spawned [5] Potato @ <13510.392578, 17.762363, 3013.681641> ... Lifespan: Set to 30 minutes.
[AirdropContainerFall] Loot Spawned [6] BakedBeansCan @ <13504.562500, 15.790175, 3013.240723> ... Lifespan: Set to 30 minutes.
[AirdropContainerFall] Loot Spawned [7] Zucchini @ <13509.758789, 17.743507, 3014.926025> ... Lifespan: Set to 30 minutes.
[AirdropContainerFall] Loot Spawned [8] SodaCan_Pipsi @ <13506.932617, 16.921644, 3016.633057> ... Lifespan: Set to 30 minutes.
[AirdropContainerFall] Loot Spawned [9] SodaCan_Kvass @ <13508.947266, 17.537056, 3015.274658> ... Lifespan: Set to 30 minutes.
[AirdropContainerFall] Loot Spawned [10] Canteen @ <13509.925781, 17.492409, 3012.458740> ... Lifespan: Set to 30 minutes.
[AirdropContainerFall] Loot Spawned [11] Zucchini @ <13510.349609, 17.610422, 3012.538086> ... Lifespan: Set to 30 minutes.
[AirdropContainerFall] Loot Spawned [12] SodaCan_Pipsi @ <13506.208008, 16.600163, 3015.250732> ... Lifespan: Set to 30 minutes.
[AirdropContainerFall] Loot Spawned [13] BoxCerealCrunchin @ <13507.318359, 17.087072, 3016.629395> ... Lifespan: Set to 30 minutes.
[AirdropContainerFall] Loot Spawned [14] KOD_DVL10 @ <13509.018555, 17.557589, 3015.373779> ... Lifespan: Set to 30 minutes.
[AirdropContainerFall] Loot Spawned [15] Rice @ <13506.496094, 16.721111, 3015.290283> ... Lifespan: Set to 30 minutes.
[AirdropContainerFall] Loot Spawned [16] Tomato @ <13508.764648, 17.241236, 3012.429199> ... Lifespan: Set to 30 minutes.
[AirdropContainerFall] Loot Spawned [17] BakedBeansCan @ <13506.415039, 16.468822, 3011.746338> ... Lifespan: Set to 30 minutes.
[AirdropContainerFall] Loot Spawned [18] AKM @ <13508.720703, 17.498856, 3016.860352> ... Lifespan: Set to 30 minutes.
[AirdropContainerFall] Loot Spawned [19] Apple @ <13508.747070, 17.481392, 3015.179688> ... Lifespan: Set to 30 minutes.
[AirdropContainerFall] Loot Spawned [20] Tomato @ <13506.065430, 16.432590, 3013.406250> ... Lifespan: Set to 30 minutes.
[AirdropContainerFall] Loot Spawned [21] Zucchini @ <13508.099609, 17.035931, 3011.489990> ... Lifespan: Set to 30 minutes.
[AirdropContainerFall] Loot Spawned [22] Pear @ <13510.708008, 17.942726, 3014.455078> ... Lifespan: Set to 30 minutes.
[AirdropContainerFall] Loot Spawned [23] SodaCan_Cola @ <13507.914063, 17.264194, 3015.745850> ... Lifespan: Set to 30 minutes.
[AirdropContainerFall] Loot Spawned [24] Canteen @ <13509.107422, 17.540985, 3014.711182> ... Lifespan: Set to 30 minutes.
[AirdropContainerFall] Loot Spawned [25] Tomato @ <13510.261719, 17.655729, 3013.101318> ... Lifespan: Set to 30 minutes.
[AirdropContainerFall] Loot Spawned [26] Lard @ <13506.709961, 16.808413, 3014.982910> ... Lifespan: Set to 30 minutes.
[AirdropContainerFall] Loot Spawned [27] BoxCerealCrunchin @ <13504.903320, 16.037209, 3014.794678> ... Lifespan: Set to 30 minutes.
[AirdropContainerFall] Loot Spawned [28] BoxCerealCrunchin @ <13506.351563, 16.482174, 3012.350342> ... Lifespan: Set to 30 minutes.
[AirdropContainerFall] Loot Spawned [29] Lard @ <13509.640625, 17.739519, 3016.289063> ... Lifespan: Set to 30 minutes.
[AirdropContainerUnstuck] Container was unstuck.
[~AirdropContainerBase] Container Destroyed on 2021-03-23 @ 18-53-26
