[AirdropPlane] Aircraft created on 2021-04-12 @ 14-17-10
[InitializeAircraft] Aircraft Initialized: Elektrozavodsk @ 10050/2450 (true)
[EOnBeforeDrop] The Aircraft is 1 Km from Elektrozavodsk. @ <9986.268555, 245.753525, 3948.393555>
[EOnDrop] Zombie Spawned [1] ZmbM_CommercialPilotOld_Blue @ <10018.770508, 48.580948, 2555.415283> ... Lifespan:  Set to 30 minutes.
[EOnDrop] Zombie Spawned [2] ZmbM_PolicemanSpecForce @ <10042.873047, 46.516762, 2554.946777> ... Lifespan:  Set to 30 minutes.
[EOnDrop] Zombie Spawned [3] ZmbF_NurseFat @ <10082.216797, 40.551102, 2557.899170> ... Lifespan:  Set to 30 minutes.
[EOnDrop] Zombie Spawned [4] ZmbF_CitizenBSkinny @ <10049.876953, 45.924107, 2534.736084> ... Lifespan:  Set to 30 minutes.
[EOnDrop] Zombie Spawned [5] ZmbM_CitizenBFat_Red @ <10012.825195, 49.739784, 2548.736328> ... Lifespan:  Set to 30 minutes.
[EOnDrop] Zombie Spawned [6] ZmbF_ShortSkirt_white @ <10059.925781, 45.446812, 2514.712158> ... Lifespan:  Set to 30 minutes.
[EOnDrop] Zombie Spawned [7] ZmbM_CitizenBFat_Green @ <10059.337891, 43.618847, 2568.187988> ... Lifespan:  Set to 30 minutes.
[EOnDrop] Zombie Spawned [8] ZmbM_Jacket_brown @ <10032.987305, 48.663044, 2535.687988> ... Lifespan:  Set to 30 minutes.
[EOnDrop] Zombie Spawned [9] ZmbF_ShortSkirt_checks @ <10034.408203, 49.368286, 2519.591309> ... Lifespan:  Set to 30 minutes.
[EOnDrop] Zombie Spawned [10] ZmbF_ShortSkirt_white @ <10040.418945, 45.141045, 2577.641602> ... Lifespan:  Set to 30 minutes.
[EOnDrop] Zombie Spawned [11] ZmbM_CitizenASkinny_Blue @ <10059.183594, 44.366341, 2532.530762> ... Lifespan:  Set to 30 minutes.
[EOnDrop] Zombie Spawned [12] ZmbF_DoctorSkinny @ <10069.575195, 41.137924, 2574.781494> ... Lifespan:  Set to 30 minutes.
[EOnDrop] Zombie Spawned [13] ZmbM_ParamedicNormal_Green @ <10060.425781, 43.799000, 2550.422607> ... Lifespan:  Set to 30 minutes.
[EOnDrop] Zombie Spawned [14] ZmbM_CommercialPilotOld_Grey @ <10055.518555, 46.879055, 2506.398438> ... Lifespan:  Set to 30 minutes.
[EOnDrop] Zombie Spawned [15] ZmbM_ClerkFat_Brown @ <10041.608398, 45.501057, 2573.663330> ... Lifespan:  Set to 30 minutes.
[EOnDrop] Zombie Spawned [16] ZmbM_CitizenBFat_Green @ <10056.113281, 45.127991, 2526.378418> ... Lifespan:  Set to 30 minutes.
[EOnDrop] Zombie Spawned [17] ZmbM_SkaterYoung_Grey @ <10049.673828, 45.827133, 2539.524902> ... Lifespan:  Set to 30 minutes.
[EOnDrop] Zombie Spawned [18] ZmbF_NurseFat @ <10089.439453, 39.962173, 2553.445801> ... Lifespan:  Set to 30 minutes.
[EOnDrop] Zombie Spawned [19] ZmbF_ShortSkirt_checks @ <10055.119141, 44.897003, 2536.911621> ... Lifespan:  Set to 30 minutes.
[EOnDrop] Zombie Spawned [20] ZmbM_SkaterYoung_Blue @ <10083.585938, 41.229652, 2547.619141> ... Lifespan:  Set to 30 minutes.
[EOnDrop] Drop spawned with 20 infected at <10048.120117, 189.433273, 2545.358398>.
[EOnDrop] Supplies have been dropped near Elektrozavodsk.
[EOnBeforeDelete] Aircraft despawned @ <10204.448242, 152.000610, -1000.903442>
[~AirdropPlane] Aircraft destroyed.
