[InitializeContainer] Container created on 2021-03-25 @ 05-28-06
[InitializeContainer] Winds: Vector <5.935803, 0.000000, -6.309326>, Speed 8.66264mps, Strength 0.1
[AirdropContainerFall] Drop Type 'Misc. Food', Container: 'RANDOM', Mode/Quantity/Iems: Random/29/30, Flare:  10%
[AirdropContainerFall] Loot Spawned [1] SodaCan_Spite @ <3181.338867, 203.527191, 12834.202148> ... Lifespan: Set to 30 minutes.
[AirdropContainerFall] Loot Spawned [2] SodaCan_Spite @ <3178.580078, 203.619965, 12832.696289> ... Lifespan: Set to 30 minutes.
[AirdropContainerFall] Loot Spawned [3] SpaghettiCan @ <3180.665771, 203.571640, 12830.140625> ... Lifespan: Set to 30 minutes.
[AirdropContainerFall] Loot Spawned [4] AKM @ <3182.274414, 203.537949, 12829.725586> ... Lifespan: Set to 30 minutes.
[AirdropContainerFall] Loot Spawned [5] PeachesCan @ <3179.846191, 203.589188, 12830.575195> ... Lifespan: Set to 30 minutes.
[AirdropContainerFall] Loot Spawned [6] SodaCan_Spite @ <3183.547119, 203.477814, 12831.686523> ... Lifespan: Set to 30 minutes.
[AirdropContainerFall] Loot Spawned [7] AK101 @ <3179.587646, 203.584381, 12833.053711> ... Lifespan: Set to 30 minutes.
[AirdropContainerFall] Loot Spawned [8] CaninaBerry @ <3179.955811, 203.570023, 12833.465820> ... Lifespan: Set to 30 minutes.
[AirdropContainerFall] Loot Spawned [9] AKM @ <3179.796387, 203.591003, 12830.561523> ... Lifespan: Set to 30 minutes.
[AirdropContainerFall] Loot Spawned [10] KOD_M16A4 @ <3180.115723, 203.563431, 12834.068359> ... Lifespan: Set to 30 minutes.
[AirdropContainerFall] Loot Spawned [11] AK101 @ <3182.768311, 203.504517, 12831.397461> ... Lifespan: Set to 30 minutes.
[AirdropContainerFall] Loot Spawned [12] SodaCan_Pipsi @ <3178.600586, 203.632614, 12830.538086> ... Lifespan: Set to 30 minutes.
[AirdropContainerFall] Loot Spawned [13] Rice @ <3180.808838, 203.568939, 12830.058594> ... Lifespan: Set to 30 minutes.
[AirdropContainerFall] Loot Spawned [14] TunaCan @ <3183.979736, 203.475601, 12830.900391> ... Lifespan: Set to 30 minutes.
[AirdropContainerFall] Loot Spawned [15] SodaCan_Cola @ <3181.374512, 203.566666, 12828.476563> ... Lifespan: Set to 30 minutes.
[AirdropContainerFall] Loot Spawned [16] SodaCan_Cola @ <3179.000488, 203.602478, 12834.190430> ... Lifespan: Set to 30 minutes.
[AirdropContainerFall] Loot Spawned [17] Rice @ <3179.666748, 203.582489, 12832.559570> ... Lifespan: Set to 30 minutes.
[AirdropContainerFall] Loot Spawned [18] KOD_M16A4 @ <3184.526855, 203.438828, 12832.454102> ... Lifespan: Set to 30 minutes.
[AirdropContainerFall] Loot Spawned [19] TunaCan @ <3180.530762, 203.551331, 12834.039063> ... Lifespan: Set to 30 minutes.
[AirdropContainerFall] Loot Spawned [20] Potato @ <3178.590332, 203.627426, 12831.368164> ... Lifespan: Set to 30 minutes.
[AirdropContainerFall] Loot Spawned [21] Canteen @ <3179.673340, 203.580246, 12833.444336> ... Lifespan: Set to 30 minutes.
[AirdropContainerFall] Loot Spawned [22] WaterBottle @ <3182.872314, 203.481827, 12834.347656> ... Lifespan: Set to 30 minutes.
[AirdropContainerFall] Loot Spawned [23] Lard @ <3184.460449, 203.438553, 12833.107422> ... Lifespan: Set to 30 minutes.
[AirdropContainerFall] Loot Spawned [24] Apple @ <3184.098389, 203.484116, 12830.000977> ... Lifespan: Set to 30 minutes.
[AirdropContainerFall] Loot Spawned [25] SodaCan_Pipsi @ <3182.991211, 203.479691, 12833.835938> ... Lifespan: Set to 30 minutes.
[AirdropContainerFall] Loot Spawned [26] BakedBeansCan @ <3178.909912, 203.607071, 12833.695313> ... Lifespan: Set to 30 minutes.
[AirdropContainerFall] Loot Spawned [27] BakedBeansCan @ <3183.312500, 203.487747, 12831.457031> ... Lifespan: Set to 30 minutes.
[AirdropContainerFall] Loot Spawned [28] CaninaBerry @ <3182.595215, 203.517700, 12830.789063> ... Lifespan: Set to 30 minutes.
[AirdropContainerFall] Loot Spawned [29] PeachesCan @ <3178.501709, 203.631226, 12831.257813> ... Lifespan: Set to 30 minutes.
[AirdropContainerUnstuck] Container was unstuck.
[~AirdropContainerBase] Container Destroyed on 2021-03-25 @ 05-53-06
