[AirdropPlane] Aircraft created on 2021-04-16 @ 09-26-46
[InitializeAircraft] Aircraft Initialized: Veresnik @ 4000/7850 (true)
[EOnBeforeDrop] The Aircraft is 1 Km from Veresnik. @ <3242.498047, 438.096924, 9142.960938>
[EOnDrop] Zombie Spawned [1] ZmbF_SurvivorNormal_Red @ <3990.766113, 300.164551, 7912.824707> ... Lifespan:  Set to 30 minutes.
[EOnDrop] Zombie Spawned [2] ZmbF_MilkMaidOld_Grey @ <3981.032715, 301.334839, 7936.214844> ... Lifespan:  Set to 30 minutes.
[EOnDrop] Zombie Spawned [3] ZmbF_SurvivorNormal_White @ <3979.505859, 299.289948, 7893.973145> ... Lifespan:  Set to 30 minutes.
[EOnDrop] Zombie Spawned [4] ZmbM_HermitSkinny_Beige @ <3976.161377, 299.731018, 7908.483398> ... Lifespan:  Set to 30 minutes.
[EOnDrop] Zombie Spawned [5] ZmbM_FarmerFat_Green @ <3984.187012, 299.770660, 7906.651367> ... Lifespan:  Set to 30 minutes.
[EOnDrop] Zombie Spawned [6] ZmbM_HunterOld_Winter @ <3972.708984, 300.347290, 7921.550293> ... Lifespan:  Set to 30 minutes.
[EOnDrop] Zombie Spawned [7] ZmbM_MotobikerFat_Black @ <3996.566895, 299.007202, 7878.737305> ... Lifespan:  Set to 30 minutes.
[EOnDrop] Zombie Spawned [8] ZmbM_VillagerOld_Blue @ <3944.963135, 300.640900, 7931.468750> ... Lifespan:  Set to 30 minutes.
[EOnDrop] Zombie Spawned [9] ZmbF_VillagerOld_Green @ <3977.214111, 298.788574, 7874.187988> ... Lifespan:  Set to 30 minutes.
[EOnDrop] Zombie Spawned [10] ZmbF_HikerSkinny_Grey @ <3990.034180, 300.813171, 7924.473633> ... Lifespan:  Set to 30 minutes.
[EOnDrop] Zombie Spawned [11] ZmbF_MilkMaidOld_Black @ <3933.187256, 299.809509, 7912.888184> ... Lifespan:  Set to 30 minutes.
[EOnDrop] Zombie Spawned [12] ZmbM_MotobikerFat_Black @ <3961.477051, 300.132019, 7919.766602> ... Lifespan:  Set to 30 minutes.
[EOnDrop] Zombie Spawned [13] ZmbF_HikerSkinny_Green @ <3950.787354, 299.259766, 7896.951660> ... Lifespan:  Set to 30 minutes.
[EOnDrop] Zombie Spawned [14] ZmbF_SurvivorNormal_Orange @ <3976.107178, 300.035278, 7914.989258> ... Lifespan:  Set to 30 minutes.
[EOnDrop] Zombie Spawned [15] ZmbM_FarmerFat_Brown @ <4002.799072, 299.019623, 7876.700684> ... Lifespan:  Set to 30 minutes.
[EOnDrop] Zombie Spawned [16] ZmbM_HikerSkinny_Blue @ <3935.920166, 299.374756, 7896.893555> ... Lifespan:  Set to 30 minutes.
[EOnDrop] Zombie Spawned [17] ZmbM_HunterOld_Winter @ <3965.672119, 301.765564, 7947.990234> ... Lifespan:  Set to 30 minutes.
[EOnDrop] Zombie Spawned [18] ZmbM_priestPopSkinny @ <3961.052490, 302.082581, 7955.042969> ... Lifespan:  Set to 30 minutes.
[EOnDrop] Zombie Spawned [19] ZmbM_HermitSkinny_Green @ <3974.887695, 299.946686, 7913.743652> ... Lifespan:  Set to 30 minutes.
[EOnDrop] Zombie Spawned [20] ZmbF_VillagerOld_Green @ <3960.118896, 299.274933, 7897.970215> ... Lifespan:  Set to 30 minutes.
[EOnDrop] Zombie Spawned [21] ZmbF_VillagerOld_Blue @ <3961.545166, 298.836945, 7878.393555> ... Lifespan:  Set to 30 minutes.
[EOnDrop] Zombie Spawned [22] ZmbF_HikerSkinny_Green @ <3978.893066, 301.905670, 7946.295898> ... Lifespan:  Set to 30 minutes.
[EOnDrop] Zombie Spawned [23] ZmbF_VillagerOld_Red @ <3994.761475, 301.769592, 7938.252930> ... Lifespan:  Set to 30 minutes.
[EOnDrop] Zombie Spawned [24] ZmbM_HikerSkinny_Yellow @ <3962.588379, 299.246429, 7896.502930> ... Lifespan:  Set to 30 minutes.
[EOnDrop] Zombie Spawned [25] ZmbM_priestPopSkinny @ <3990.660400, 298.648285, 7865.249512> ... Lifespan:  Set to 30 minutes.
[EOnDrop] Drop spawned with 25 infected at <3966.382813, 444.723175, 7908.226563>.
[EOnDrop] Supplies have been dropped near Veresnik.
[EOnBeforeDelete] Aircraft despawned @ <9188.694336, 152.000610, -1000.188477>
[~AirdropPlane] Aircraft destroyed.
