[InitializeContainer] Container created on 2021-03-20 @ 20-09-48
[InitializeContainer] Winds: Vector <10.780473, 0.000000, -0.733456>, Speed 10.8054mps, Strength 0.1
[AirdropContainerFall] Drop Type 'Military West', Container: 'AirdropContainer_Military', Mode/Quantity/Iems: Random/20/46, Flare:  10%
[AirdropContainerFall] Loot Spawned [1] AK101 @ <1835.566650, 173.758789, 5134.862305> ... Lifespan: Set to 30 minutes.
[AirdropContainerFall] Loot Spawned [2] AmmoBox_556x45_20Rnd @ <1839.061890, 173.798645, 5137.724121> ... Lifespan: Set to 30 minutes.
[AirdropContainerFall] Loot Spawned [3] USMCPants_Woodland @ <1836.171875, 173.754547, 5134.597168> ... Lifespan: Set to 30 minutes.
[AirdropContainerFall] Loot Spawned [4] Rangefinder @ <1839.521973, 173.742157, 5133.990723> ... Lifespan: Set to 30 minutes.
[AirdropContainerFall] Loot Spawned [5] Binoculars @ <1839.037109, 173.800415, 5137.937988> ... Lifespan: Set to 30 minutes.
[AirdropContainerFall] Loot Spawned [6] Canteen @ <1839.379761, 173.781250, 5136.494629> ... Lifespan: Set to 30 minutes.
[AirdropContainerFall] Loot Spawned [7] M9A1_Bayonet @ <1838.042969, 173.731201, 5133.181641> ... Lifespan: Set to 30 minutes.
[AirdropContainerFall] Loot Spawned [8] TacticalGloves_Black @ <1840.128296, 173.768387, 5135.753418> ... Lifespan: Set to 30 minutes.
[AirdropContainerFall] Loot Spawned [9] CanOpener @ <1840.134521, 173.747375, 5134.366699> ... Lifespan: Set to 30 minutes.
[AirdropContainerFall] Loot Spawned [10] TacticalGoggles @ <1834.230225, 173.796219, 5137.201660> ... Lifespan: Set to 30 minutes.
[AirdropContainerFall] Loot Spawned [11] AmmoBox_45ACP_25Rnd @ <1834.543945, 173.744583, 5133.974609> ... Lifespan: Set to 30 minutes.
[AirdropContainerFall] Loot Spawned [12] TacticalGoggles @ <1836.447754, 173.750336, 5134.333496> ... Lifespan: Set to 30 minutes.
[AirdropContainerFall] Loot Spawned [13] Mag_STANAG_30Rnd @ <1837.165039, 173.803955, 5137.868164> ... Lifespan: Set to 30 minutes.
[AirdropContainerFall] Loot Spawned [14] AK101 @ <1835.617188, 173.807007, 5138.248535> ... Lifespan: Set to 30 minutes.
[AirdropContainerFall] Loot Spawned [15] UKAssVest_Black @ <1837.193726, 173.812424, 5138.927246> ... Lifespan: Set to 30 minutes.
[AirdropContainerFall] Loot Spawned [16] TacticalGoggles @ <1838.869629, 173.729630, 5133.153320> ... Lifespan: Set to 30 minutes.
[AirdropContainerFall] Loot Spawned [17] M4_RISHndgrd @ <1837.442383, 173.808548, 5138.442383> ... Lifespan: Set to 30 minutes.
[AirdropContainerFall] Loot Spawned [18] USMCPants_Desert @ <1839.729736, 173.778732, 5136.386719> ... Lifespan: Set to 30 minutes.
[AirdropContainerFall] Loot Spawned [19] AKM @ <1840.092896, 173.792099, 5137.363281> ... Lifespan: Set to 30 minutes.
[AirdropContainerFall] Loot Spawned [20] Rangefinder @ <1837.318359, 173.723953, 5132.685059> ... Lifespan: Set to 30 minutes.
[AirdropContainerUnstuck] Container was unstuck.
[~AirdropContainerBase] Container Destroyed on 2021-03-20 @ 20-34-48
