[InitializeContainer] Container created on 2021-04-10 @ 15-35-24
[InitializeContainer] Winds: Vector <8.712742, 0.000000, -4.258274>, Speed 9.69767mps, Strength 0.1
[AirdropContainerFall] Drop Type 'Military West', Container: 'AirdropContainer_Military', Mode/Quantity/Iems: Random/20/46, Flare:  10%
[AirdropContainerFall] Loot Spawned [1] KOD_M16A4 @ <1956.057739, 289.851624, 7668.339355> ... Lifespan: Set to 30 minutes.
[AirdropContainerFall] Loot Spawned [2] UKAssVest_Camo @ <1958.096069, 290.692841, 7670.397949> ... Lifespan: Set to 30 minutes.
[AirdropContainerFall] Loot Spawned [3] USMCJacket_Desert @ <1959.122681, 290.515381, 7668.757813> ... Lifespan: Set to 30 minutes.
[AirdropContainerFall] Loot Spawned [4] CanOpener @ <1958.005371, 290.663818, 7670.333496> ... Lifespan: Set to 30 minutes.
[AirdropContainerFall] Loot Spawned [5] M4A1 @ <1955.191772, 289.649963, 7668.243652> ... Lifespan: Set to 30 minutes.
[AirdropContainerFall] Loot Spawned [6] FNX45 @ <1953.910278, 290.337341, 7672.739746> ... Lifespan: Set to 30 minutes.
[AirdropContainerFall] Loot Spawned [7] MilitaryBoots_Beige @ <1958.440552, 291.170410, 7672.322266> ... Lifespan: Set to 30 minutes.
[AirdropContainerFall] Loot Spawned [8] AmmoBox_45ACP_25Rnd @ <1954.843384, 290.248932, 7671.393066> ... Lifespan: Set to 30 minutes.
[AirdropContainerFall] Loot Spawned [9] MilitaryBoots_Black @ <1957.050903, 290.919128, 7672.368652> ... Lifespan: Set to 30 minutes.
[AirdropContainerFall] Loot Spawned [10] AKM @ <1954.626221, 289.927216, 7670.098145> ... Lifespan: Set to 30 minutes.
[AirdropContainerFall] Loot Spawned [11] Binoculars @ <1958.700073, 290.718414, 7670.042480> ... Lifespan: Set to 30 minutes.
[AirdropContainerFall] Loot Spawned [12] MilitaryBoots_Bluerock @ <1957.658081, 291.348206, 7673.814453> ... Lifespan: Set to 30 minutes.
[AirdropContainerFall] Loot Spawned [13] AKM @ <1957.860718, 290.585907, 7670.082031> ... Lifespan: Set to 30 minutes.
[AirdropContainerFall] Loot Spawned [14] Battery9V @ <1956.048096, 290.723633, 7672.436523> ... Lifespan: Set to 30 minutes.
[AirdropContainerFall] Loot Spawned [15] UKAssVest_Olive @ <1955.015625, 290.602081, 7672.907715> ... Lifespan: Set to 30 minutes.
[AirdropContainerFall] Loot Spawned [16] M4_CQBBttstck @ <1956.707764, 289.807343, 7667.494141> ... Lifespan: Set to 30 minutes.
[AirdropContainerFall] Loot Spawned [17] Binoculars @ <1957.906494, 290.418304, 7669.260254> ... Lifespan: Set to 30 minutes.
[AirdropContainerFall] Loot Spawned [18] AK101 @ <1959.275635, 290.686676, 7669.440430> ... Lifespan: Set to 30 minutes.
[AirdropContainerFall] Loot Spawned [19] AssaultBag_Green @ <1957.317261, 290.063538, 7668.096680> ... Lifespan: Set to 30 minutes.
[AirdropContainerFall] Loot Spawned [20] FNX45 @ <1958.367188, 290.575867, 7669.636230> ... Lifespan: Set to 30 minutes.
[AirdropContainerUnstuck] Container was unstuck.
[~AirdropContainerBase] Container Destroyed on 2021-04-10 @ 16-00-24
