[InitializeContainer] Container created on 2021-03-30 @ 01-30-12
[InitializeContainer] Winds: Vector <-2.848082, 0.000000, -1.094644>, Speed 3.0512mps, Strength 0.1
[AirdropContainerFall] Drop Type 'Military East', Container: 'AirdropContainer_Military', Mode/Quantity/Iems: Random/20/33, Flare:  10%
[AirdropContainerFall] Loot Spawned [1] AKM @ <1948.131836, 174.877335, 5196.556152> ... Lifespan: Set to 30 minutes.
[AirdropContainerFall] Loot Spawned [2] GorkaEJacket_Autumn @ <1951.925171, 175.030640, 5197.037598> ... Lifespan: Set to 30 minutes.
[AirdropContainerFall] Loot Spawned [3] CanOpener @ <1951.947144, 174.935150, 5193.808105> ... Lifespan: Set to 30 minutes.
[AirdropContainerFall] Loot Spawned [4] GorkaEJacket_Autumn @ <1950.818604, 174.841278, 5191.853027> ... Lifespan: Set to 30 minutes.
[AirdropContainerFall] Loot Spawned [5] AmmoBox_762x39_20Rnd @ <1950.883423, 174.845230, 5191.914063> ... Lifespan: Set to 30 minutes.
[AirdropContainerFall] Loot Spawned [6] AK101 @ <1949.662476, 174.930008, 5196.469238> ... Lifespan: Set to 30 minutes.
[AirdropContainerFall] Loot Spawned [7] AK_PlasticBttstck @ <1952.054077, 175.003372, 5196.029297> ... Lifespan: Set to 30 minutes.
[AirdropContainerFall] Loot Spawned [8] GorkaPants_PautRev @ <1952.275757, 174.931244, 5193.261719> ... Lifespan: Set to 30 minutes.
[AirdropContainerFall] Loot Spawned [9] GorkaEJacket_Autumn @ <1948.813965, 174.764328, 5191.643066> ... Lifespan: Set to 30 minutes.
[AirdropContainerFall] Loot Spawned [10] AK_Suppressor @ <1947.208984, 174.799652, 5194.968262> ... Lifespan: Set to 30 minutes.
[AirdropContainerFall] Loot Spawned [11] CanOpener @ <1948.513916, 174.803223, 5193.418457> ... Lifespan: Set to 30 minutes.
[AirdropContainerFall] Loot Spawned [12] AK101 @ <1950.656616, 174.821838, 5191.359375> ... Lifespan: Set to 30 minutes.
[AirdropContainerFall] Loot Spawned [13] WeaponCleaningKit @ <1949.231812, 174.908997, 5196.272461> ... Lifespan: Set to 30 minutes.
[AirdropContainerFall] Loot Spawned [14] AKM @ <1952.740723, 174.950424, 5193.371094> ... Lifespan: Set to 30 minutes.
[AirdropContainerFall] Loot Spawned [15] AK_Bayonet @ <1947.868164, 174.813477, 5194.614746> ... Lifespan: Set to 30 minutes.
[AirdropContainerFall] Loot Spawned [16] AKM @ <1948.221069, 174.790329, 5193.333984> ... Lifespan: Set to 30 minutes.
[AirdropContainerFall] Loot Spawned [17] TacticalGloves_Green @ <1950.956177, 174.844406, 5191.793945> ... Lifespan: Set to 30 minutes.
[AirdropContainerFall] Loot Spawned [18] CanOpener @ <1947.761597, 174.789566, 5193.897461> ... Lifespan: Set to 30 minutes.
[AirdropContainerFall] Loot Spawned [19] CanOpener @ <1951.430908, 174.967804, 5195.613770> ... Lifespan: Set to 30 minutes.
[AirdropContainerFall] Loot Spawned [20] KOD_M16A4 @ <1948.259277, 174.909271, 5197.543457> ... Lifespan: Set to 30 minutes.
[AirdropContainerUnstuck] Container was unstuck.
[~AirdropContainerBase] Container Destroyed on 2021-03-30 @ 01-55-12
