[AirdropPlane] Aircraft created on 2021-04-13 @ 23-21-41
[InitializeAircraft] Aircraft Initialized: Chernogorsk @ 7400/3500 (true)
[EOnBeforeDrop] The Aircraft is 1 Km from Chernogorsk. @ <8307.787109, 152.000610, 2306.378174>
[EOnDrop] Zombie Spawned [1] ZmbM_OffshoreWorker_Red @ <7484.886719, 6.490000, 3430.543213> ... Lifespan:  Set to 30 minutes.
[EOnDrop] Zombie Spawned [2] ZmbM_HandymanNormal_Green @ <7459.097168, 6.510290, 3419.695557> ... Lifespan:  Set to 30 minutes.
[EOnDrop] Zombie Spawned [3] ZmbF_BlueCollarFat_Green @ <7456.724609, 6.530000, 3406.707031> ... Lifespan:  Set to 30 minutes.
[EOnDrop] Zombie Spawned [4] ZmbF_BlueCollarFat_Green @ <7409.403320, 7.974720, 3457.504150> ... Lifespan:  Set to 30 minutes.
[EOnDrop] Zombie Spawned [5] ZmbM_MechanicSkinny_Green @ <7457.489746, 6.500000, 3474.287109> ... Lifespan:  Set to 30 minutes.
[EOnDrop] Zombie Spawned [6] ZmbF_MechanicNormal_Beige @ <7414.095215, 8.117583, 3448.619141> ... Lifespan:  Set to 30 minutes.
[EOnDrop] Zombie Spawned [7] ZmbM_HandymanNormal_Beige @ <7442.213867, 6.500688, 3477.527588> ... Lifespan:  Set to 30 minutes.
[EOnDrop] Zombie Spawned [8] ZmbF_MechanicNormal_Orange @ <7430.373535, 7.356843, 3422.354736> ... Lifespan:  Set to 30 minutes.
[EOnDrop] Zombie Spawned [9] ZmbM_MechanicSkinny_Green @ <7469.427734, 6.490000, 3428.641357> ... Lifespan:  Set to 30 minutes.
[EOnDrop] Zombie Spawned [10] ZmbM_ConstrWorkerNormal_Grey @ <7427.507324, 7.455918, 3442.509033> ... Lifespan:  Set to 30 minutes.
[EOnDrop] Zombie Spawned [11] ZmbF_BlueCollarFat_Red @ <7470.666992, 6.530286, 3404.785156> ... Lifespan:  Set to 30 minutes.
[EOnDrop] Zombie Spawned [12] ZmbM_OffshoreWorker_Green @ <7447.590820, 6.558290, 3389.201416> ... Lifespan:  Set to 30 minutes.
[EOnDrop] Zombie Spawned [13] ZmbM_MechanicSkinny_Blue @ <7438.543945, 6.829962, 3444.421875> ... Lifespan:  Set to 30 minutes.
[EOnDrop] Zombie Spawned [14] ZmbM_OffshoreWorker_Yellow @ <7409.454590, 8.670382, 3440.236328> ... Lifespan:  Set to 30 minutes.
[EOnDrop] Zombie Spawned [15] ZmbF_BlueCollarFat_Blue @ <7423.225586, 7.442972, 3408.413330> ... Lifespan:  Set to 30 minutes.
[EOnDrop] Zombie Spawned [16] ZmbM_ConstrWorkerNormal_Grey @ <7435.161133, 6.740127, 3457.199707> ... Lifespan:  Set to 30 minutes.
[EOnDrop] Zombie Spawned [17] ZmbM_MechanicSkinny_Blue @ <7431.511230, 6.788195, 3403.392334> ... Lifespan:  Set to 30 minutes.
[EOnDrop] Zombie Spawned [18] ZmbM_OffshoreWorker_Orange @ <7437.264160, 6.999788, 3433.152588> ... Lifespan:  Set to 30 minutes.
[EOnDrop] Zombie Spawned [19] ZmbM_OffshoreWorker_Orange @ <7461.091797, 6.493753, 3454.157959> ... Lifespan:  Set to 30 minutes.
[EOnDrop] Zombie Spawned [20] ZmbF_MechanicNormal_Orange @ <7445.424316, 6.679441, 3435.871582> ... Lifespan:  Set to 30 minutes.
[EOnDrop] Zombie Spawned [21] ZmbF_BlueCollarFat_White @ <7459.420410, 6.530000, 3400.476563> ... Lifespan:  Set to 30 minutes.
[EOnDrop] Zombie Spawned [22] ZmbF_MechanicNormal_Beige @ <7437.421387, 6.992813, 3434.062012> ... Lifespan:  Set to 30 minutes.
[EOnDrop] Zombie Spawned [23] ZmbM_OffshoreWorker_Red @ <7461.603516, 6.493586, 3446.160156> ... Lifespan:  Set to 30 minutes.
[EOnDrop] Zombie Spawned [24] ZmbM_HandymanNormal_Green @ <7463.826660, 6.515332, 3415.724609> ... Lifespan:  Set to 30 minutes.
[EOnDrop] Zombie Spawned [25] ZmbM_HandymanNormal_Beige @ <7448.921387, 6.594834, 3442.397217> ... Lifespan:  Set to 30 minutes.
[EOnDrop] Zombie Spawned [26] ZmbF_BlueCollarFat_Green @ <7431.833008, 6.733443, 3462.017578> ... Lifespan:  Set to 30 minutes.
[EOnDrop] Zombie Spawned [27] ZmbM_ConstrWorkerNormal_Black @ <7462.792480, 6.490000, 3436.668457> ... Lifespan:  Set to 30 minutes.
[EOnDrop] Zombie Spawned [28] ZmbM_HeavyIndustryWorker @ <7418.949707, 7.683799, 3451.569092> ... Lifespan:  Set to 30 minutes.
[EOnDrop] Zombie Spawned [29] ZmbF_MechanicNormal_Beige @ <7473.370605, 6.500000, 3465.992432> ... Lifespan:  Set to 30 minutes.
[EOnDrop] Zombie Spawned [30] ZmbF_MechanicNormal_Beige @ <7457.462891, 6.504916, 3453.923340> ... Lifespan:  Set to 30 minutes.
[EOnDrop] Drop spawned with 30 infected at <7450.091309, 147.506958, 3433.003662>.
[EOnDrop] Supplies have been dropped near Chernogorsk.
[EOnBeforeDelete] Aircraft despawned @ <-1000.423157, 640.598389, 14535.148438>
[~AirdropPlane] Aircraft destroyed.
