[InitializeContainer] Container created on 2021-03-19 @ 07-20-36
[InitializeContainer] Winds: Vector <-2.719452, 0.000000, -3.902293>, Speed 4.7564mps, Strength 0.1
[AirdropContainerFall] Drop Type 'Military West', Container: 'AirdropContainer_Military', Mode/Quantity/Iems: Random/20/46, Flare:  10%
[AirdropContainerFall] Loot Spawned [1] M4A1 @ <8713.649414, 387.285553, 9134.886719> ... Lifespan: Set to 30 minutes.
[AirdropContainerFall] Loot Spawned [2] KOD_M16A4 @ <8714.304688, 387.213470, 9134.544922> ... Lifespan: Set to 30 minutes.
[AirdropContainerFall] Loot Spawned [3] M9A1_Bayonet @ <8713.675781, 387.264771, 9134.264648> ... Lifespan: Set to 30 minutes.
[AirdropContainerFall] Loot Spawned [4] KOD_RSASS_Black @ <8716.403320, 387.079346, 9136.627930> ... Lifespan: Set to 30 minutes.
[AirdropContainerFall] Loot Spawned [5] Rangefinder @ <8718.566406, 386.879333, 9136.489258> ... Lifespan: Set to 30 minutes.
[AirdropContainerFall] Loot Spawned [6] Canteen @ <8716.241211, 386.935059, 9131.303711> ... Lifespan: Set to 30 minutes.
[AirdropContainerFall] Loot Spawned [7] TacticalGloves_Black @ <8714.664063, 387.149231, 9133.517578> ... Lifespan: Set to 30 minutes.
[AirdropContainerFall] Loot Spawned [8] Mag_FNX45_15Rnd @ <8718.541992, 386.808258, 9134.051758> ... Lifespan: Set to 30 minutes.
[AirdropContainerFall] Loot Spawned [9] UKAssVest_Camo @ <8719.330078, 386.711700, 9133.298828> ... Lifespan: Set to 30 minutes.
[AirdropContainerFall] Loot Spawned [10] AssaultBag_Green @ <8714.648438, 387.188934, 9134.816406> ... Lifespan: Set to 30 minutes.
[AirdropContainerFall] Loot Spawned [11] Canteen @ <8717.844727, 386.864868, 9133.855469> ... Lifespan: Set to 30 minutes.
[AirdropContainerFall] Loot Spawned [12] AssaultBag_Ttsko @ <8715.122070, 387.080353, 9132.646484> ... Lifespan: Set to 30 minutes.
[AirdropContainerFall] Loot Spawned [13] TacticalGloves_Green @ <8717.202148, 386.897034, 9133.071289> ... Lifespan: Set to 30 minutes.
[AirdropContainerFall] Loot Spawned [14] Mag_STANAG_30Rnd @ <8716.601563, 386.942505, 9132.720703> ... Lifespan: Set to 30 minutes.
[AirdropContainerFall] Loot Spawned [15] Battery9V @ <8717.568359, 386.981049, 9136.890625> ... Lifespan: Set to 30 minutes.
[AirdropContainerFall] Loot Spawned [16] TacticalBaconCan @ <8715.859375, 387.168304, 9138.043945> ... Lifespan: Set to 30 minutes.
[AirdropContainerFall] Loot Spawned [17] MilitaryBoots_Black @ <8713.706055, 387.258301, 9134.141602> ... Lifespan: Set to 30 minutes.
[AirdropContainerFall] Loot Spawned [18] USMCPants_Desert @ <8714.037109, 387.293030, 9136.553711> ... Lifespan: Set to 30 minutes.
[AirdropContainerFall] Loot Spawned [19] PistolSuppressor @ <8714.922852, 387.106995, 9132.909180> ... Lifespan: Set to 30 minutes.
[AirdropContainerFall] Loot Spawned [20] PistolSuppressor @ <8714.798828, 387.192841, 9135.479492> ... Lifespan: Set to 30 minutes.
[AirdropContainerUnstuck] Container was unstuck.
[~AirdropContainerBase] Container Destroyed on 2021-03-19 @ 07-45-36
