[AirdropPlane] Aircraft created on 2021-04-05 @ 00-15-52
[InitializeAircraft] Aircraft Initialized: Myshkino @ 1900/7600 (true)
[EOnBeforeDrop] The Aircraft is 1 Km from Myshkino. @ <3070.989258, 510.078644, 6665.311035>
[EOnDrop] Zombie Spawned [1] ZmbM_HunterOld_Summer @ <1934.181396, 274.830231, 7549.629883> ... Lifespan:  Set to 30 minutes.
[EOnDrop] Zombie Spawned [2] ZmbF_VillagerOld_Green @ <1963.642944, 282.038513, 7559.068359> ... Lifespan:  Set to 30 minutes.
[EOnDrop] Zombie Spawned [3] ZmbF_SurvivorNormal_Orange @ <1978.226196, 277.423523, 7503.759277> ... Lifespan:  Set to 30 minutes.
[EOnDrop] Zombie Spawned [4] ZmbM_HunterOld_Spring @ <1935.282593, 275.504669, 7553.134766> ... Lifespan:  Set to 30 minutes.
[EOnDrop] Zombie Spawned [5] ZmbM_HermitSkinny_Red @ <1928.337402, 274.013794, 7553.997559> ... Lifespan:  Set to 30 minutes.
[EOnDrop] Zombie Spawned [6] ZmbF_SurvivorNormal_White @ <1971.985840, 284.026459, 7563.539551> ... Lifespan:  Set to 30 minutes.
[EOnDrop] Zombie Spawned [7] ZmbM_HunterOld_Summer @ <1963.990356, 273.460938, 7502.974609> ... Lifespan:  Set to 30 minutes.
[EOnDrop] Zombie Spawned [8] ZmbM_VillagerOld_Green @ <1969.033936, 283.309753, 7562.089355> ... Lifespan:  Set to 30 minutes.
[EOnDrop] Zombie Spawned [9] ZmbM_MotobikerFat_Blue @ <1978.771484, 281.328003, 7529.685547> ... Lifespan:  Set to 30 minutes.
[EOnDrop] Zombie Spawned [10] ZmbM_HermitSkinny_Green @ <1976.459351, 278.469147, 7511.715332> ... Lifespan:  Set to 30 minutes.
[EOnDrop] Zombie Spawned [11] ZmbM_HermitSkinny_Beige @ <1973.968506, 280.839966, 7532.345215> ... Lifespan:  Set to 30 minutes.
[EOnDrop] Zombie Spawned [12] ZmbF_MilkMaidOld_Black @ <1971.660400, 283.016510, 7555.699707> ... Lifespan:  Set to 30 minutes.
[EOnDrop] Zombie Spawned [13] ZmbF_VillagerOld_Green @ <1969.503052, 278.072540, 7518.156738> ... Lifespan:  Set to 30 minutes.
[EOnDrop] Zombie Spawned [14] ZmbM_MotobikerFat_Black @ <1955.458130, 275.104309, 7519.424805> ... Lifespan:  Set to 30 minutes.
[EOnDrop] Zombie Spawned [15] ZmbM_FarmerFat_Blue @ <1954.552368, 282.625336, 7582.597656> ... Lifespan:  Set to 30 minutes.
[EOnDrop] Drop spawned with 15 infected at <1963.112915, 427.742859, 7550.325684>.
[EOnDrop] Supplies have been dropped near Myshkino.
[EOnBeforeDelete] Aircraft despawned @ <-1000.124329, 447.603851, 9917.589844>
[~AirdropPlane] Aircraft destroyed.
