[AirdropPlane] Aircraft created on 2021-04-19 @ 04-49-04
[InitializeAircraft] Aircraft Initialized: Balota Airstrip @ 5025/2455 (true)
[EOnBeforeDrop] The Aircraft is 1 Km from Balota Airstrip. @ <3560.639893, 194.636765, 2778.521484>
[EOnDrop] Zombie Spawned [1] ZmbM_PatrolNormal_Autumn @ <4927.387207, 10.000000, 2431.981934> ... Lifespan:  Set to 30 minutes.
[EOnDrop] Zombie Spawned [2] ZmbM_SoldierNormal @ <4930.001953, 10.000000, 2507.622070> ... Lifespan:  Set to 30 minutes.
[EOnDrop] Zombie Spawned [3] ZmbM_SoldierNormal @ <4958.365723, 10.000000, 2471.458496> ... Lifespan:  Set to 30 minutes.
[EOnDrop] Zombie Spawned [4] ZmbM_PatrolNormal_Flat @ <4959.813477, 10.000000, 2466.148682> ... Lifespan:  Set to 30 minutes.
[EOnDrop] Zombie Spawned [5] ZmbM_PatrolNormal_Flat @ <4943.725098, 10.000000, 2462.770508> ... Lifespan:  Set to 30 minutes.
[EOnDrop] Zombie Spawned [6] ZmbM_PatrolNormal_PautRev @ <4937.814941, 10.000000, 2471.283447> ... Lifespan:  Set to 30 minutes.
[EOnDrop] Zombie Spawned [7] ZmbM_PatrolNormal_Autumn @ <4946.189941, 10.000000, 2443.696045> ... Lifespan:  Set to 30 minutes.
[EOnDrop] Zombie Spawned [8] ZmbM_PatrolNormal_PautRev @ <4933.687500, 10.000000, 2482.271484> ... Lifespan:  Set to 30 minutes.
[EOnDrop] Zombie Spawned [9] ZmbM_SoldierNormal @ <4956.835449, 10.000000, 2504.367920> ... Lifespan:  Set to 30 minutes.
[EOnDrop] Zombie Spawned [10] ZmbM_PatrolNormal_Flat @ <4921.266602, 10.000000, 2434.639404> ... Lifespan:  Set to 30 minutes.
[EOnDrop] Zombie Spawned [11] ZmbM_SoldierNormal @ <4943.294434, 10.000000, 2512.246582> ... Lifespan:  Set to 30 minutes.
[EOnDrop] Zombie Spawned [12] ZmbM_PatrolNormal_Autumn @ <4926.617676, 10.000000, 2456.643799> ... Lifespan:  Set to 30 minutes.
[EOnDrop] Zombie Spawned [13] ZmbM_PatrolNormal_Flat @ <4947.006836, 10.000000, 2426.818359> ... Lifespan:  Set to 30 minutes.
[EOnDrop] Zombie Spawned [14] ZmbM_SoldierNormal @ <4898.442871, 9.921316, 2451.947021> ... Lifespan:  Set to 30 minutes.
[EOnDrop] Zombie Spawned [15] ZmbM_PatrolNormal_PautRev @ <4898.171387, 9.980000, 2470.500244> ... Lifespan:  Set to 30 minutes.
[EOnDrop] Zombie Spawned [16] ZmbM_PatrolNormal_PautRev @ <4933.303223, 10.000000, 2469.664551> ... Lifespan:  Set to 30 minutes.
[EOnDrop] Zombie Spawned [17] ZmbM_PatrolNormal_Flat @ <4986.690430, 10.000000, 2460.511963> ... Lifespan:  Set to 30 minutes.
[EOnDrop] Zombie Spawned [18] ZmbM_PatrolNormal_Flat @ <4936.010742, 10.000000, 2497.375732> ... Lifespan:  Set to 30 minutes.
[EOnDrop] Zombie Spawned [19] ZmbM_PatrolNormal_Flat @ <4986.653320, 10.000000, 2478.213379> ... Lifespan:  Set to 30 minutes.
[EOnDrop] Zombie Spawned [20] ZmbM_SoldierNormal @ <4971.854492, 10.000000, 2481.139404> ... Lifespan:  Set to 30 minutes.
[EOnDrop] Zombie Spawned [21] ZmbM_SoldierNormal @ <4899.133789, 9.980000, 2479.676758> ... Lifespan:  Set to 30 minutes.
[EOnDrop] Zombie Spawned [22] ZmbM_PatrolNormal_Flat @ <4942.889648, 10.000000, 2480.482666> ... Lifespan:  Set to 30 minutes.
[EOnDrop] Zombie Spawned [23] ZmbM_PatrolNormal_Flat @ <4936.875977, 10.000000, 2466.012451> ... Lifespan:  Set to 30 minutes.
[EOnDrop] Zombie Spawned [24] ZmbM_PatrolNormal_Autumn @ <4957.533691, 10.000000, 2461.778809> ... Lifespan:  Set to 30 minutes.
[EOnDrop] Zombie Spawned [25] ZmbM_PatrolNormal_Flat @ <4915.970703, 9.984628, 2467.648438> ... Lifespan:  Set to 30 minutes.
[EOnDrop] Drop spawned with 25 infected at <4943.340820, 151.942444, 2473.166016>.
[EOnDrop] Supplies have been dropped near Balota Airstrip.
[EOnBeforeDelete] Aircraft despawned @ <16360.986328, 152.000610, -48.424072>
[~AirdropPlane] Aircraft destroyed.
