[AirdropPlane] Aircraft created on 2021-04-18 @ 03-10-58
[InitializeAircraft] Aircraft Initialized: Elektrozavodsk @ 10050/2450 (true)
[EOnBeforeDrop] The Aircraft is 1 Km from Elektrozavodsk. @ <8759.306641, 220.127014, 3211.644775>
[EOnDrop] Zombie Spawned [1] ZmbM_PatientSkinny @ <9935.915039, 64.437485, 2512.960938> ... Lifespan:  Set to 30 minutes.
[EOnDrop] Zombie Spawned [2] ZmbM_JournalistSkinny @ <9970.221680, 59.529602, 2490.406738> ... Lifespan:  Set to 30 minutes.
[EOnDrop] Zombie Spawned [3] ZmbM_CommercialPilotOld_Grey @ <9999.593750, 54.482365, 2490.422852> ... Lifespan:  Set to 30 minutes.
[EOnDrop] Zombie Spawned [4] ZmbF_ShortSkirt_red @ <9958.717773, 61.612431, 2484.316650> ... Lifespan:  Set to 30 minutes.
[EOnDrop] Zombie Spawned [5] ZmbM_Jacket_bluechecks @ <9962.759766, 60.919502, 2494.058350> ... Lifespan:  Set to 30 minutes.
[EOnDrop] Zombie Spawned [6] ZmbF_JournalistNormal_Red @ <9999.985352, 54.418789, 2494.914551> ... Lifespan:  Set to 30 minutes.
[EOnDrop] Zombie Spawned [7] ZmbF_ParamedicNormal_Green @ <10003.207031, 53.122299, 2519.203369> ... Lifespan:  Set to 30 minutes.
[EOnDrop] Zombie Spawned [8] ZmbM_ClerkFat_Grey @ <10022.319336, 51.809471, 2496.083252> ... Lifespan:  Set to 30 minutes.
[EOnDrop] Zombie Spawned [9] ZmbF_NurseFat @ <9996.916016, 54.750641, 2501.284180> ... Lifespan:  Set to 30 minutes.
[EOnDrop] Zombie Spawned [10] ZmbM_PatientSkinny @ <9968.421875, 57.818668, 2532.378174> ... Lifespan:  Set to 30 minutes.
[EOnDrop] Zombie Spawned [11] ZmbM_Jacket_brown @ <9939.933594, 65.024490, 2478.664551> ... Lifespan:  Set to 30 minutes.
[EOnDrop] Zombie Spawned [12] ZmbM_Jacket_greenchecks @ <10019.013672, 52.263756, 2484.811523> ... Lifespan:  Set to 30 minutes.
[EOnDrop] Zombie Spawned [13] ZmbF_JournalistNormal_Green @ <9953.562500, 62.629398, 2494.991211> ... Lifespan:  Set to 30 minutes.
[EOnDrop] Zombie Spawned [14] ZmbM_ParamedicNormal_Black @ <9967.429688, 58.997532, 2519.458008> ... Lifespan:  Set to 30 minutes.
[EOnDrop] Zombie Spawned [15] ZmbM_ClerkFat_White @ <9958.916992, 61.204411, 2507.171387> ... Lifespan:  Set to 30 minutes.
[EOnDrop] Zombie Spawned [16] ZmbM_Jacket_greenchecks @ <9958.789063, 61.243343, 2506.862061> ... Lifespan:  Set to 30 minutes.
[EOnDrop] Zombie Spawned [17] ZmbM_Jacket_black @ <9986.223633, 56.553154, 2489.826172> ... Lifespan:  Set to 30 minutes.
[EOnDrop] Zombie Spawned [18] ZmbM_Jacket_grey @ <10004.939453, 52.572521, 2524.805664> ... Lifespan:  Set to 30 minutes.
[EOnDrop] Zombie Spawned [19] ZmbF_Clerk_Normal_White @ <9970.978516, 58.440575, 2518.749023> ... Lifespan:  Set to 30 minutes.
[EOnDrop] Zombie Spawned [20] ZmbM_SkaterYoung_Brown @ <9982.502930, 56.238663, 2521.588135> ... Lifespan:  Set to 30 minutes.
[EOnDrop] Drop spawned with 20 infected at <9972.646484, 220.447769, 2496.437256>.
[EOnDrop] Supplies have been dropped near Elektrozavodsk.
[EOnBeforeDelete] Aircraft despawned @ <15906.376953, 152.000610, -1000.849060>
[~AirdropPlane] Aircraft destroyed.
