[AirdropPlane] Aircraft created on 2021-04-05 @ 17-52-15
[InitializeAircraft] Aircraft Initialized: Elektrozavodsk @ 10050/2450 (true)
[EOnBeforeDrop] The Aircraft is 1 Km from Elektrozavodsk. @ <9531.959961, 395.141327, 3856.395752>
[EOnDrop] Zombie Spawned [1] ZmbF_JoggerSkinny_Blue @ <10052.727539, 45.769287, 2526.246582> ... Lifespan:  Set to 30 minutes.
[EOnDrop] Zombie Spawned [2] ZmbF_JoggerSkinny_Green @ <10046.891602, 48.922897, 2493.541016> ... Lifespan:  Set to 30 minutes.
[EOnDrop] Zombie Spawned [3] ZmbM_ParamedicNormal_Blue @ <9997.486328, 54.748131, 2495.235107> ... Lifespan:  Set to 30 minutes.
[EOnDrop] Zombie Spawned [4] ZmbM_CitizenASkinny_Brown @ <10028.135742, 49.881645, 2524.929443> ... Lifespan:  Set to 30 minutes.
[EOnDrop] Zombie Spawned [5] ZmbF_ShortSkirt_yellow @ <10000.300781, 54.347809, 2485.249512> ... Lifespan:  Set to 30 minutes.
[EOnDrop] Zombie Spawned [6] ZmbM_ParamedicNormal_Green @ <10067.155273, 42.961258, 2543.261475> ... Lifespan:  Set to 30 minutes.
[EOnDrop] Zombie Spawned [7] ZmbF_ShortSkirt_green @ <10024.199219, 47.569035, 2563.084961> ... Lifespan:  Set to 30 minutes.
[EOnDrop] Zombie Spawned [8] ZmbF_ShortSkirt_checks @ <10048.260742, 46.216297, 2535.181641> ... Lifespan:  Set to 30 minutes.
[EOnDrop] Zombie Spawned [9] ZmbF_DoctorSkinny @ <10007.456055, 51.073421, 2540.973877> ... Lifespan:  Set to 30 minutes.
[EOnDrop] Zombie Spawned [10] ZmbF_SkaterYoung_Striped @ <10022.112305, 49.242020, 2543.632324> ... Lifespan:  Set to 30 minutes.
[EOnDrop] Zombie Spawned [11] ZmbM_CommercialPilotOld_Grey @ <10060.063477, 44.280334, 2531.535156> ... Lifespan:  Set to 30 minutes.
[EOnDrop] Zombie Spawned [12] ZmbM_Jacket_beige @ <10056.280273, 46.993610, 2503.220459> ... Lifespan:  Set to 30 minutes.
[EOnDrop] Zombie Spawned [13] ZmbF_ParamedicNormal_Red @ <10017.767578, 49.932117, 2540.606201> ... Lifespan:  Set to 30 minutes.
[EOnDrop] Zombie Spawned [14] ZmbF_ShortSkirt_checks @ <10018.428711, 52.118153, 2499.502686> ... Lifespan:  Set to 30 minutes.
[EOnDrop] Zombie Spawned [15] ZmbF_JournalistNormal_Blue @ <10000.646484, 52.557816, 2533.539795> ... Lifespan:  Set to 30 minutes.
[EOnDrop] Zombie Spawned [16] ZmbM_CommercialPilotOld_Brown @ <10022.420898, 51.653095, 2501.005127> ... Lifespan:  Set to 30 minutes.
[EOnDrop] Zombie Spawned [17] ZmbM_PatientSkinny @ <10024.422852, 49.346802, 2539.161133> ... Lifespan:  Set to 30 minutes.
[EOnDrop] Zombie Spawned [18] ZmbM_Jacket_bluechecks @ <10019.590820, 49.997761, 2537.407227> ... Lifespan:  Set to 30 minutes.
[EOnDrop] Zombie Spawned [19] ZmbM_Jacket_magenta @ <10030.312500, 48.451012, 2543.487793> ... Lifespan:  Set to 30 minutes.
[EOnDrop] Zombie Spawned [20] ZmbF_DoctorSkinny @ <10017.388672, 47.688686, 2568.055176> ... Lifespan:  Set to 30 minutes.
[EOnDrop] Drop spawned with 20 infected at <10020.149414, 198.037567, 2529.443848>.
[EOnDrop] Supplies have been dropped near Elektrozavodsk.
[EOnBeforeDelete] Aircraft despawned @ <11318.879883, 152.000610, -1000.851868>
[~AirdropPlane] Aircraft destroyed.
