[AirdropPlane] Aircraft created on 2021-04-06 @ 12-49-19
[InitializeAircraft] Aircraft Initialized: Skalisty Island @ 13575/3055 (true)
[EOnBeforeDrop] The Aircraft is 1 Km from Skalisty Island. @ <12281.965820, 259.129211, 3813.819824>
[EOnDrop] Zombie Spawned [1] ZmbM_MotobikerFat_Black @ <13504.904297, 23.064178, 3098.422607> ... Lifespan:  Set to 30 minutes.
[EOnDrop] Zombie Spawned [2] ZmbM_MotobikerFat_Beige @ <13474.135742, 13.628184, 3081.538086> ... Lifespan:  Set to 30 minutes.
[EOnDrop] Zombie Spawned [3] ZmbM_MotobikerFat_Blue @ <13528.430664, 28.840622, 3080.093262> ... Lifespan:  Set to 30 minutes.
[EOnDrop] Spawn failed for zombie [4] 'ZmbM_SurvivorDean_Grey', it does not exist in DayZ!
[EOnDrop] Zombie Spawned [5] ZmbM_FarmerFat_Brown @ <13485.108398, 17.001444, 3105.618408> ... Lifespan:  Set to 30 minutes.
[EOnDrop] Zombie Spawned [6] ZmbF_VillagerOld_Blue @ <13502.902344, 21.563858, 3105.154541> ... Lifespan:  Set to 30 minutes.
[EOnDrop] Zombie Spawned [7] ZmbF_VillagerOld_Blue @ <13521.901367, 27.868235, 3086.641846> ... Lifespan:  Set to 30 minutes.
[EOnDrop] Zombie Spawned [8] ZmbM_MotobikerFat_Black @ <13504.532227, 22.517326, 3102.147217> ... Lifespan:  Set to 30 minutes.
[EOnDrop] Zombie Spawned [9] ZmbM_HermitSkinny_Red @ <13496.009766, 17.675369, 3054.202393> ... Lifespan:  Set to 30 minutes.
[EOnDrop] Zombie Spawned [10] ZmbM_HunterOld_Autumn @ <13518.167969, 26.814095, 3100.307617> ... Lifespan:  Set to 30 minutes.
[EOnDrop] Zombie Spawned [11] ZmbF_HikerSkinny_Grey @ <13476.733398, 13.842055, 3080.094482> ... Lifespan:  Set to 30 minutes.
[EOnDrop] Zombie Spawned [12] ZmbF_SurvivorNormal_White @ <13503.639648, 22.571737, 3068.099854> ... Lifespan:  Set to 30 minutes.
[EOnDrop] Zombie Spawned [13] ZmbM_MotobikerFat_Black @ <13473.366211, 19.264593, 3125.859375> ... Lifespan:  Set to 30 minutes.
[EOnDrop] Zombie Spawned [14] ZmbM_HermitSkinny_Red @ <13483.868164, 17.407928, 3109.572021> ... Lifespan:  Set to 30 minutes.
[EOnDrop] Zombie Spawned [15] ZmbF_VillagerOld_Green @ <13527.351563, 31.045759, 3126.066650> ... Lifespan:  Set to 30 minutes.
[EOnDrop] Zombie Spawned [16] ZmbF_HikerSkinny_Blue @ <13493.071289, 20.957022, 3120.898193> ... Lifespan:  Set to 30 minutes.
[EOnDrop] Zombie Spawned [17] ZmbM_FarmerFat_Beige @ <13490.848633, 17.838507, 3076.861572> ... Lifespan:  Set to 30 minutes.
[EOnDrop] Zombie Spawned [18] ZmbM_HermitSkinny_Green @ <13496.331055, 20.228157, 3086.228271> ... Lifespan:  Set to 30 minutes.
[EOnDrop] Zombie Spawned [19] ZmbM_MotobikerFat_Black @ <13535.779297, 29.735409, 3085.737305> ... Lifespan:  Set to 30 minutes.
[EOnDrop] Zombie Spawned [20] ZmbM_HikerSkinny_Yellow @ <13488.562500, 17.608803, 3096.952148> ... Lifespan:  Set to 30 minutes.
[EOnDrop] Zombie Spawned [21] ZmbF_VillagerOld_Green @ <13488.518555, 17.421879, 3106.295654> ... Lifespan:  Set to 30 minutes.
[EOnDrop] Zombie Spawned [22] ZmbF_HikerSkinny_Grey @ <13491.351563, 21.825567, 3125.750000> ... Lifespan:  Set to 30 minutes.
[EOnDrop] Zombie Spawned [23] ZmbM_FarmerFat_Beige @ <13505.908203, 23.645458, 3119.861084> ... Lifespan:  Set to 30 minutes.
[EOnDrop] Zombie Spawned [24] ZmbF_MilkMaidOld_Green @ <13532.398438, 29.160376, 3075.250244> ... Lifespan:  Set to 30 minutes.
[EOnDrop] Zombie Spawned [25] ZmbF_SurvivorNormal_White @ <13503.942383, 22.030693, 3105.276611> ... Lifespan:  Set to 30 minutes.
[EOnDrop] Drop spawned with 25 infected at <13495.067383, 173.026764, 3102.083740>.
[EOnDrop] Supplies have been dropped near Skalisty Island.
[EOnBeforeDelete] Aircraft despawned @ <16360.583008, 152.000610, 1420.863525>
[~AirdropPlane] Aircraft destroyed.
