[AirdropPlane] Aircraft created on 2021-03-20 @ 22-30-57
[InitializeAircraft] Aircraft Initialized: Krasnostav Airstrip @ 12160/12645 (true)
[EOnBeforeDrop] The Aircraft is 1 Km from Krasnostav Airstrip. @ <11838.223633, 190.975586, 14108.872070>
[EOnDrop] Zombie Spawned [1] ZmbM_PatrolNormal_Summer @ <12117.795898, 140.500000, 12708.824219> ... Lifespan:  Set to 30 minutes.
[EOnDrop] Zombie Spawned [2] ZmbM_PatrolNormal_Flat @ <12135.462891, 140.500000, 12724.186523> ... Lifespan:  Set to 30 minutes.
[EOnDrop] Zombie Spawned [3] ZmbM_SoldierNormal @ <12113.457031, 140.500000, 12720.955078> ... Lifespan:  Set to 30 minutes.
[EOnDrop] Zombie Spawned [4] ZmbM_SoldierNormal @ <12134.081055, 140.500000, 12714.062500> ... Lifespan:  Set to 30 minutes.
[EOnDrop] Zombie Spawned [5] ZmbM_PatrolNormal_Autumn @ <12157.528320, 140.500000, 12751.799805> ... Lifespan:  Set to 30 minutes.
[EOnDrop] Zombie Spawned [6] ZmbM_PatrolNormal_Autumn @ <12142.689453, 140.500000, 12747.887695> ... Lifespan:  Set to 30 minutes.
[EOnDrop] Zombie Spawned [7] ZmbM_PatrolNormal_Autumn @ <12117.944336, 140.500000, 12711.592773> ... Lifespan:  Set to 30 minutes.
[EOnDrop] Zombie Spawned [8] ZmbM_PatrolNormal_Autumn @ <12098.295898, 140.500000, 12733.819336> ... Lifespan:  Set to 30 minutes.
[EOnDrop] Zombie Spawned [9] ZmbM_PatrolNormal_PautRev @ <12131.982422, 140.500000, 12746.458008> ... Lifespan:  Set to 30 minutes.
[EOnDrop] Zombie Spawned [10] ZmbM_PatrolNormal_Flat @ <12120.247070, 140.500000, 12701.939453> ... Lifespan:  Set to 30 minutes.
[EOnDrop] Zombie Spawned [11] ZmbM_SoldierNormal @ <12120.790039, 140.500000, 12734.646484> ... Lifespan:  Set to 30 minutes.
[EOnDrop] Zombie Spawned [12] ZmbM_PatrolNormal_Flat @ <12100.760742, 140.500000, 12722.389648> ... Lifespan:  Set to 30 minutes.
[EOnDrop] Zombie Spawned [13] ZmbM_PatrolNormal_PautRev @ <12122.367188, 140.500000, 12764.569336> ... Lifespan:  Set to 30 minutes.
[EOnDrop] Zombie Spawned [14] ZmbM_SoldierNormal @ <12177.093750, 140.500000, 12764.533203> ... Lifespan:  Set to 30 minutes.
[EOnDrop] Zombie Spawned [15] ZmbM_PatrolNormal_PautRev @ <12160.702148, 140.500000, 12775.334961> ... Lifespan:  Set to 30 minutes.
[EOnDrop] Zombie Spawned [16] ZmbM_PatrolNormal_Summer @ <12134.510742, 140.500000, 12743.171875> ... Lifespan:  Set to 30 minutes.
[EOnDrop] Zombie Spawned [17] ZmbM_PatrolNormal_Summer @ <12167.223633, 140.500000, 12728.302734> ... Lifespan:  Set to 30 minutes.
[EOnDrop] Zombie Spawned [18] ZmbM_PatrolNormal_Flat @ <12153.822266, 140.500000, 12710.058594> ... Lifespan:  Set to 30 minutes.
[EOnDrop] Zombie Spawned [19] ZmbM_PatrolNormal_Flat @ <12121.296875, 140.500000, 12768.960938> ... Lifespan:  Set to 30 minutes.
[EOnDrop] Zombie Spawned [20] ZmbM_PatrolNormal_Summer @ <12153.492188, 140.500000, 12736.421875> ... Lifespan:  Set to 30 minutes.
[EOnDrop] Drop spawned with 20 infected at <12142.032227, 281.022644, 12729.938477>.
[EOnDrop] Supplies have been dropped near Krasnostav Airstrip.
[EOnBeforeDelete] Aircraft despawned @ <15166.836914, 152.000610, -1000.854736>
[~AirdropPlane] Aircraft destroyed.
