[AirdropPlane] Aircraft created on 2021-04-17 @ 09-52-29
[InitializeAircraft] Aircraft Initialized: Zelenogorks @ 1875/5210 (true)
[EOnBeforeDrop] The Aircraft is 1 Km from Zelenogorks. @ <1100.753906, 316.343964, 6493.750000>
[EOnDrop] Zombie Spawned [1] ZmbM_FarmerFat_Brown @ <1823.246948, 179.250931, 5304.317383> ... Lifespan:  Set to 30 minutes.
[EOnDrop] Zombie Spawned [2] ZmbM_HunterOld_Summer @ <1868.112793, 175.067444, 5247.564453> ... Lifespan:  Set to 30 minutes.
[EOnDrop] Zombie Spawned [3] ZmbF_SurvivorNormal_Blue @ <1808.298950, 177.510208, 5272.609863> ... Lifespan:  Set to 30 minutes.
[EOnDrop] Zombie Spawned [4] ZmbM_HermitSkinny_Red @ <1808.533081, 176.130081, 5246.049316> ... Lifespan:  Set to 30 minutes.
[EOnDrop] Zombie Spawned [5] ZmbF_HikerSkinny_Blue @ <1829.876221, 177.814240, 5276.394043> ... Lifespan:  Set to 30 minutes.
[EOnDrop] Zombie Spawned [6] ZmbM_HunterOld_Spring @ <1836.880249, 180.542694, 5317.973145> ... Lifespan:  Set to 30 minutes.
[EOnDrop] Zombie Spawned [7] ZmbM_FarmerFat_Green @ <1821.941650, 175.556534, 5235.774902> ... Lifespan:  Set to 30 minutes.
[EOnDrop] Zombie Spawned [8] ZmbM_VillagerOld_Blue @ <1790.904541, 177.514816, 5297.148438> ... Lifespan:  Set to 30 minutes.
[EOnDrop] Zombie Spawned [9] ZmbM_priestPopSkinny @ <1824.018921, 179.060059, 5300.625977> ... Lifespan:  Set to 30 minutes.
[EOnDrop] Zombie Spawned [10] ZmbM_HikerSkinny_Blue @ <1818.927002, 177.688705, 5273.348633> ... Lifespan:  Set to 30 minutes.
[EOnDrop] Zombie Spawned [11] ZmbF_VillagerOld_Blue @ <1867.352051, 176.685410, 5286.522461> ... Lifespan:  Set to 30 minutes.
[EOnDrop] Zombie Spawned [12] ZmbF_HikerSkinny_Red @ <1853.700195, 177.678802, 5290.542969> ... Lifespan:  Set to 30 minutes.
[EOnDrop] Zombie Spawned [13] ZmbM_HermitSkinny_Green @ <1837.303589, 175.077728, 5234.579102> ... Lifespan:  Set to 30 minutes.
[EOnDrop] Zombie Spawned [14] ZmbM_HikerSkinny_Green @ <1826.633911, 178.654282, 5292.389648> ... Lifespan:  Set to 30 minutes.
[EOnDrop] Zombie Spawned [15] ZmbF_HikerSkinny_Green @ <1877.179199, 175.531799, 5258.027832> ... Lifespan:  Set to 30 minutes.
[EOnDrop] Zombie Spawned [16] ZmbF_HikerSkinny_Blue @ <1876.768677, 176.347748, 5283.184082> ... Lifespan:  Set to 30 minutes.
[EOnDrop] Zombie Spawned [17] ZmbF_HikerSkinny_Grey @ <1839.261597, 177.780594, 5280.722168> ... Lifespan:  Set to 30 minutes.
[EOnDrop] Zombie Spawned [18] ZmbF_SurvivorNormal_Blue @ <1822.134888, 177.384888, 5267.834961> ... Lifespan:  Set to 30 minutes.
[EOnDrop] Zombie Spawned [19] ZmbF_VillagerOld_Red @ <1824.126831, 178.158813, 5281.860840> ... Lifespan:  Set to 30 minutes.
[EOnDrop] Zombie Spawned [20] ZmbF_SurvivorNormal_Red @ <1874.505859, 176.304214, 5283.784668> ... Lifespan:  Set to 30 minutes.
[EOnDrop] Drop spawned with 20 infected at <1834.875000, 329.849487, 5275.972656>.
[EOnDrop] Supplies have been dropped near Zelenogorks.
[EOnBeforeDelete] Aircraft despawned @ <5619.035156, 152.000610, -1000.543396>
[~AirdropPlane] Aircraft destroyed.
