[InitializeContainer] Container created on 2021-04-21 @ 15-50-35
[InitializeContainer] Winds: Vector <8.121543, 0.000000, -4.847765>, Speed 9.45834mps, Strength 0.1
[AirdropContainerFall] Drop Type 'Military East', Container: 'AirdropContainer_Military', Mode/Quantity/Iems: Random/20/33, Flare:  10%
[AirdropContainerFall] Loot Spawned [1] AK101 @ <12068.524414, 140.001007, 12680.432617> ... Lifespan: Set to 30 minutes.
[AirdropContainerFall] Loot Spawned [2] GorkaEJacket_PautRev @ <12073.234375, 140.001007, 12679.093750> ... Lifespan: Set to 30 minutes.
[AirdropContainerFall] Loot Spawned [3] AK101 @ <12070.351563, 140.001007, 12677.107422> ... Lifespan: Set to 30 minutes.
[AirdropContainerFall] Loot Spawned [4] AK_Suppressor @ <12069.673828, 140.001007, 12681.504883> ... Lifespan: Set to 30 minutes.
[AirdropContainerFall] Loot Spawned [5] Mag_AKM_30Rnd @ <12069.858398, 140.001007, 12676.716797> ... Lifespan: Set to 30 minutes.
[AirdropContainerFall] Loot Spawned [6] Battery9V @ <12068.278320, 140.001007, 12676.573242> ... Lifespan: Set to 30 minutes.
[AirdropContainerFall] Loot Spawned [7] GorkaPants_Flat @ <12069.939453, 140.001007, 12676.992188> ... Lifespan: Set to 30 minutes.
[AirdropContainerFall] Loot Spawned [8] TTsKOJacket_Camo @ <12071.224609, 140.001007, 12676.002930> ... Lifespan: Set to 30 minutes.
[AirdropContainerFall] Loot Spawned [9] AK_Bayonet @ <12072.055664, 140.001007, 12680.270508> ... Lifespan: Set to 30 minutes.
[AirdropContainerFall] Loot Spawned [10] GorkaPants_Summer @ <12068.045898, 140.001007, 12677.979492> ... Lifespan: Set to 30 minutes.
[AirdropContainerFall] Loot Spawned [11] AK_PlasticBttstck @ <12070.568359, 140.001007, 12676.895508> ... Lifespan: Set to 30 minutes.
[AirdropContainerFall] Loot Spawned [12] GorkaPants_PautRev @ <12071.285156, 140.001007, 12675.898438> ... Lifespan: Set to 30 minutes.
[AirdropContainerFall] Loot Spawned [13] TacticalGloves_Black @ <12069.413086, 140.001007, 12676.528320> ... Lifespan: Set to 30 minutes.
[AirdropContainerFall] Loot Spawned [14] TTsKOJacket_Camo @ <12066.617188, 140.001007, 12678.203125> ... Lifespan: Set to 30 minutes.
[AirdropContainerFall] Loot Spawned [15] AK101 @ <12067.409180, 140.001007, 12679.208984> ... Lifespan: Set to 30 minutes.
[AirdropContainerFall] Loot Spawned [16] AK_PlasticBttstck @ <12071.810547, 140.001007, 12679.964844> ... Lifespan: Set to 30 minutes.
[AirdropContainerFall] Loot Spawned [17] TacticalGloves_Black @ <12072.523438, 140.001007, 12678.940430> ... Lifespan: Set to 30 minutes.
[AirdropContainerFall] Loot Spawned [18] AK101 @ <12068.608398, 140.001007, 12675.450195> ... Lifespan: Set to 30 minutes.
[AirdropContainerFall] Loot Spawned [19] AK101 @ <12066.555664, 140.001007, 12677.684570> ... Lifespan: Set to 30 minutes.
[AirdropContainerFall] Loot Spawned [20] TacticalGloves_Beige @ <12072.038086, 140.001007, 12678.545898> ... Lifespan: Set to 30 minutes.
[AirdropContainerFall] Airdrop Flare Spawned @ <12070.746094, 140.001007, 12675.208984> ... Lifespan: Set to 30 minutes.
[AirdropContainerUnstuck] Container was unstuck.
[~AirdropContainerBase] Container Destroyed on 2021-04-21 @ 16-07-18
