[InitializeContainer] Container created on 2021-03-25 @ 04-36-50
[InitializeContainer] Winds: Vector <6.449242, 0.000000, -6.048553>, Speed 8.84182mps, Strength 0.1
[AirdropContainerFall] Drop Type 'Military East', Container: 'AirdropContainer_Military', Mode/Quantity/Iems: Random/20/33, Flare:  10%
[AirdropContainerFall] Loot Spawned [1] AKM @ <4471.232910, 340.036346, 10297.208984> ... Lifespan: Set to 30 minutes.
[AirdropContainerFall] Loot Spawned [2] KOD_M16A4 @ <4466.914063, 339.808258, 10298.631836> ... Lifespan: Set to 30 minutes.
[AirdropContainerFall] Loot Spawned [3] KOD_M110_Tan @ <4470.882813, 340.063721, 10299.307617> ... Lifespan: Set to 30 minutes.
[AirdropContainerFall] Loot Spawned [4] Mag_AKM_30Rnd @ <4466.645508, 339.715363, 10297.140625> ... Lifespan: Set to 30 minutes.
[AirdropContainerFall] Loot Spawned [5] TacticalGoggles @ <4466.708496, 339.854492, 10299.891602> ... Lifespan: Set to 30 minutes.
[AirdropContainerFall] Loot Spawned [6] GorkaEJacket_Summer @ <4470.916504, 340.016479, 10296.524414> ... Lifespan: Set to 30 minutes.
[AirdropContainerFall] Loot Spawned [7] GorkaPants_Autumn @ <4468.919434, 340.000000, 10300.416992> ... Lifespan: Set to 30 minutes.
[AirdropContainerFall] Loot Spawned [8] Binoculars @ <4467.270996, 339.810638, 10298.121094> ... Lifespan: Set to 30 minutes.
[AirdropContainerFall] Loot Spawned [9] Mag_AKM_30Rnd @ <4465.962402, 339.721222, 10298.360352> ... Lifespan: Set to 30 minutes.
[AirdropContainerFall] Loot Spawned [10] GorkaPants_Flat @ <4471.056152, 340.066559, 10299.125977> ... Lifespan: Set to 30 minutes.
[AirdropContainerFall] Loot Spawned [11] AKM @ <4467.632324, 339.776886, 10296.814453> ... Lifespan: Set to 30 minutes.
[AirdropContainerFall] Loot Spawned [12] AKM @ <4468.584961, 339.809631, 10295.912109> ... Lifespan: Set to 30 minutes.
[AirdropContainerFall] Loot Spawned [13] TacticalGloves_Green @ <4466.821777, 339.872009, 10300.069336> ... Lifespan: Set to 30 minutes.
[AirdropContainerFall] Loot Spawned [14] AK_RailHndgrd @ <4469.555176, 340.026733, 10300.201172> ... Lifespan: Set to 30 minutes.
[AirdropContainerFall] Loot Spawned [15] TacticalGoggles @ <4469.277832, 339.848236, 10295.581055> ... Lifespan: Set to 30 minutes.
[AirdropContainerFall] Loot Spawned [16] GorkaEJacket_Flat @ <4471.610840, 340.065643, 10298.079102> ... Lifespan: Set to 30 minutes.
[AirdropContainerFall] Loot Spawned [17] TTsKOJacket_Camo @ <4469.797363, 339.957275, 10297.101563> ... Lifespan: Set to 30 minutes.
[AirdropContainerFall] Loot Spawned [18] GorkaEJacket_Summer @ <4466.551758, 339.850861, 10300.063477> ... Lifespan: Set to 30 minutes.
[AirdropContainerFall] Loot Spawned [19] UniversalLight @ <4470.331543, 340.080505, 10301.092773> ... Lifespan: Set to 30 minutes.
[AirdropContainerFall] Loot Spawned [20] TacticalGloves_Green @ <4466.570801, 339.843811, 10299.890625> ... Lifespan: Set to 30 minutes.
[AirdropContainerFall] Airdrop Flare Spawned @ <4472.219727, 340.075287, 10297.308594> ... Lifespan: Set to 30 minutes.
[AirdropContainerUnstuck] Container was unstuck.
[~AirdropContainerBase] Container Destroyed on 2021-03-25 @ 05-01-50
