[InitializeContainer] Container created on 2021-03-27 @ 13-53-58
[InitializeContainer] Winds: Vector <6.281812, 0.000000, -6.138481>, Speed 8.78306mps, Strength 0.1
[AirdropContainerFall] Drop Type 'Military West', Container: 'AirdropContainer_Military', Mode/Quantity/Iems: Random/20/46, Flare:  10%
[AirdropContainerFall] Loot Spawned [1] USMCJacket_Woodland @ <1939.379517, 174.675797, 5201.584961> ... Lifespan: Set to 30 minutes.
[AirdropContainerFall] Loot Spawned [2] M9A1_Bayonet @ <1941.613037, 174.826965, 5204.901855> ... Lifespan: Set to 30 minutes.
[AirdropContainerFall] Loot Spawned [3] MilitaryBoots_Brown @ <1939.665894, 174.683456, 5201.459961> ... Lifespan: Set to 30 minutes.
[AirdropContainerFall] Loot Spawned [4] UniversalLight @ <1939.978516, 174.664185, 5200.029785> ... Lifespan: Set to 30 minutes.
[AirdropContainerFall] Loot Spawned [5] UKAssVest_Camo @ <1943.427490, 174.911774, 5205.797363> ... Lifespan: Set to 30 minutes.
[AirdropContainerFall] Loot Spawned [6] Binoculars @ <1942.837524, 174.860992, 5204.428711> ... Lifespan: Set to 30 minutes.
[AirdropContainerFall] Loot Spawned [7] MilitaryBoots_Black @ <1939.674072, 174.712021, 5202.785645> ... Lifespan: Set to 30 minutes.
[AirdropContainerFall] Loot Spawned [8] USMCJacket_Desert @ <1942.442993, 174.880203, 5206.145996> ... Lifespan: Set to 30 minutes.
[AirdropContainerFall] Loot Spawned [9] CanOpener @ <1942.260864, 174.858643, 5205.368652> ... Lifespan: Set to 30 minutes.
[AirdropContainerFall] Loot Spawned [10] M4_RISHndgrd @ <1943.432739, 174.876999, 5204.162598> ... Lifespan: Set to 30 minutes.
[AirdropContainerFall] Loot Spawned [11] Binoculars @ <1942.432983, 174.875992, 5205.940430> ... Lifespan: Set to 30 minutes.
[AirdropContainerFall] Loot Spawned [12] M9A1_Bayonet @ <1944.026855, 174.901855, 5204.241211> ... Lifespan: Set to 30 minutes.
[AirdropContainerFall] Loot Spawned [13] UKAssVest_Khaki @ <1938.119385, 174.649628, 5202.484375> ... Lifespan: Set to 30 minutes.
[AirdropContainerFall] Loot Spawned [14] AssaultBag_Green @ <1941.135986, 174.823700, 5205.736816> ... Lifespan: Set to 30 minutes.
[AirdropContainerFall] Loot Spawned [15] KOD_M110_Tan @ <1944.421265, 174.875122, 5202.419434> ... Lifespan: Set to 30 minutes.
[AirdropContainerFall] Loot Spawned [16] AssaultBag_Black @ <1941.801514, 174.824570, 5204.471680> ... Lifespan: Set to 30 minutes.
[AirdropContainerFall] Loot Spawned [17] USMCJacket_Woodland @ <1940.104248, 174.765244, 5204.554199> ... Lifespan: Set to 30 minutes.
[AirdropContainerFall] Loot Spawned [18] Binoculars @ <1939.439575, 174.657425, 5200.621582> ... Lifespan: Set to 30 minutes.
[AirdropContainerFall] Loot Spawned [19] USMCPants_Desert @ <1938.721191, 174.699249, 5203.794922> ... Lifespan: Set to 30 minutes.
[AirdropContainerFall] Loot Spawned [20] KOD_M16A4 @ <1938.727051, 174.709457, 5204.264160> ... Lifespan: Set to 30 minutes.
[AirdropContainerUnstuck] Container was unstuck.
