[InitializeContainer] Container created on 2021-04-04 @ 04-25-52
[InitializeContainer] Winds: Vector <10.724146, 0.000000, -0.895106>, Speed 10.7614mps, Strength 0.1
[AirdropContainerFall] Drop Type 'Misc. Food', Container: 'RANDOM', Mode/Quantity/Iems: Random/29/30, Flare:  10%
[AirdropContainerFall] Loot Spawned [1] GreenBellPepper @ <13496.051758, 12.533995, 3024.459717> ... Lifespan: Set to 30 minutes.
[AirdropContainerFall] Loot Spawned [2] TacticalBaconCan @ <13493.817383, 11.355991, 3023.391846> ... Lifespan: Set to 30 minutes.
[AirdropContainerFall] Loot Spawned [3] KOD_DVL10 @ <13493.970703, 11.522501, 3024.030029> ... Lifespan: Set to 30 minutes.
[AirdropContainerFall] Loot Spawned [4] SodaCan_Pipsi @ <13492.299805, 10.550348, 3022.567139> ... Lifespan: Set to 30 minutes.
[AirdropContainerFall] Loot Spawned [5] Apple @ <13495.582031, 11.986624, 3019.069336> ... Lifespan: Set to 30 minutes.
[AirdropContainerFall] Loot Spawned [6] BakedBeansCan @ <13493.066406, 11.087475, 3023.873535> ... Lifespan: Set to 30 minutes.
[AirdropContainerFall] Loot Spawned [7] Zucchini @ <13493.573242, 11.317840, 3023.872070> ... Lifespan: Set to 30 minutes.
[AirdropContainerFall] Loot Spawned [8] SodaCan_Cola @ <13494.427734, 11.741800, 3024.106201> ... Lifespan: Set to 30 minutes.
[AirdropContainerFall] Loot Spawned [9] SambucusBerry @ <13495.133789, 11.730077, 3018.528076> ... Lifespan: Set to 30 minutes.
[AirdropContainerFall] Loot Spawned [10] Pear @ <13495.481445, 12.042302, 3022.931152> ... Lifespan: Set to 30 minutes.
[AirdropContainerFall] Loot Spawned [11] AKM @ <13496.834961, 12.650923, 3022.884766> ... Lifespan: Set to 30 minutes.
[AirdropContainerFall] Loot Spawned [12] SodaCan_Kvass @ <13494.169922, 11.310893, 3019.741943> ... Lifespan: Set to 30 minutes.
[AirdropContainerFall] Loot Spawned [13] PowderedMilk @ <13491.440430, 10.124851, 3021.458496> ... Lifespan: Set to 30 minutes.
[AirdropContainerFall] Loot Spawned [14] GreenBellPepper @ <13492.926758, 10.692258, 3019.914063> ... Lifespan: Set to 30 minutes.
[AirdropContainerFall] Loot Spawned [15] Zucchini @ <13493.103516, 11.061854, 3023.592773> ... Lifespan: Set to 30 minutes.
[AirdropContainerFall] Loot Spawned [16] BoxCerealCrunchin @ <13493.276367, 10.887690, 3020.248047> ... Lifespan: Set to 30 minutes.
[AirdropContainerFall] Loot Spawned [17] BoxCerealCrunchin @ <13492.243164, 10.318859, 3018.996582> ... Lifespan: Set to 30 minutes.
[AirdropContainerFall] Loot Spawned [18] Zucchini @ <13492.772461, 10.760944, 3022.604492> ... Lifespan: Set to 30 minutes.
[AirdropContainerFall] Loot Spawned [19] Apple @ <13492.291992, 10.396537, 3020.018799> ... Lifespan: Set to 30 minutes.
[AirdropContainerFall] Loot Spawned [20] Pumpkin @ <13497.662109, 12.958904, 3020.739990> ... Lifespan: Set to 30 minutes.
[AirdropContainerFall] Loot Spawned [21] SodaCan_Cola @ <13495.719727, 12.074347, 3020.426758> ... Lifespan: Set to 30 minutes.
[AirdropContainerFall] Loot Spawned [22] SambucusBerry @ <13492.925781, 10.622171, 3018.670898> ... Lifespan: Set to 30 minutes.
[AirdropContainerFall] Loot Spawned [23] BakedBeansCan @ <13494.583984, 11.529200, 3019.906250> ... Lifespan: Set to 30 minutes.
[AirdropContainerFall] Loot Spawned [24] KOD_M16A4 @ <13496.004883, 12.549435, 3024.700928> ... Lifespan: Set to 30 minutes.
[AirdropContainerFall] Loot Spawned [25] Lard @ <13494.536133, 11.495606, 3019.735840> ... Lifespan: Set to 30 minutes.
[AirdropContainerFall] Loot Spawned [26] KOD_DVL10 @ <13492.889648, 10.760268, 3021.467285> ... Lifespan: Set to 30 minutes.
[AirdropContainerFall] Loot Spawned [27] TacticalBaconCan @ <13492.902344, 10.897391, 3023.113281> ... Lifespan: Set to 30 minutes.
[AirdropContainerFall] Loot Spawned [28] SpaghettiCan @ <13491.460938, 10.108855, 3021.017334> ... Lifespan: Set to 30 minutes.
[AirdropContainerFall] Loot Spawned [29] SodaCan_Kvass @ <13496.181641, 12.596200, 3024.480225> ... Lifespan: Set to 30 minutes.
[AirdropContainerUnstuck] Container was unstuck.
[~AirdropContainerBase] Container Destroyed on 2021-04-04 @ 04-50-52
