[InitializeContainer] Container created on 2021-04-03 @ 05-28-47
[InitializeContainer] Winds: Vector <-1.451408, 0.000000, -5.586315>, Speed 5.77178mps, Strength 0.1
[AirdropContainerFall] Drop Type 'Misc. Tools', Container: 'RANDOM', Mode/Quantity/Iems: Random/30/54, Flare:  10%
[AirdropContainerFall] Loot Spawned [1] Heatpack @ <8482.016602, 105.393044, 12761.324219> ... Lifespan: Set to 30 minutes.
[AirdropContainerFall] Loot Spawned [2] Binoculars @ <8477.439453, 105.726692, 12761.644531> ... Lifespan: Set to 30 minutes.
[AirdropContainerFall] Loot Spawned [3] AKM @ <8481.119141, 105.456337, 12761.583008> ... Lifespan: Set to 30 minutes.
[AirdropContainerFall] Loot Spawned [4] Heatpack @ <8478.328125, 105.660423, 12759.617188> ... Lifespan: Set to 30 minutes.
[AirdropContainerFall] Loot Spawned [5] Machete @ <8479.048828, 105.567123, 12761.077148> ... Lifespan: Set to 30 minutes.
[AirdropContainerFall] Loot Spawned [6] SewingKit @ <8480.453125, 105.540634, 12762.941406> ... Lifespan: Set to 30 minutes.
[AirdropContainerFall] Loot Spawned [7] OrienteeringCompass @ <8479.301758, 105.586243, 12757.462891> ... Lifespan: Set to 30 minutes.
[AirdropContainerFall] Loot Spawned [8] Hammer @ <8478.435547, 105.623306, 12761.359375> ... Lifespan: Set to 30 minutes.
[AirdropContainerFall] Loot Spawned [9] Pickaxe @ <8479.644531, 105.546425, 12757.695313> ... Lifespan: Set to 30 minutes.
[AirdropContainerFall] Loot Spawned [10] Headtorch_Black @ <8481.465820, 105.348076, 12757.809570> ... Lifespan: Set to 30 minutes.
[AirdropContainerFall] Loot Spawned [11] Headtorch_Grey @ <8477.661133, 105.738441, 12759.211914> ... Lifespan: Set to 30 minutes.
[AirdropContainerFall] Loot Spawned [12] BatteryCharger @ <8482.098633, 105.308510, 12758.840820> ... Lifespan: Set to 30 minutes.
[AirdropContainerFall] Loot Spawned [13] Heatpack @ <8480.838867, 105.495461, 12762.268555> ... Lifespan: Set to 30 minutes.
[AirdropContainerFall] Loot Spawned [14] CableReel @ <8482.247070, 105.324043, 12759.610352> ... Lifespan: Set to 30 minutes.
[AirdropContainerFall] Loot Spawned [15] Whetstone @ <8480.080078, 105.501564, 12757.304688> ... Lifespan: Set to 30 minutes.
[AirdropContainerFall] Loot Spawned [16] Chemlight_Green @ <8481.819336, 105.418533, 12761.744141> ... Lifespan: Set to 30 minutes.
[AirdropContainerFall] Loot Spawned [17] Heatpack @ <8477.567383, 105.716606, 12761.388672> ... Lifespan: Set to 30 minutes.
[AirdropContainerFall] Loot Spawned [18] CombatKnife @ <8479.396484, 105.572624, 12756.630859> ... Lifespan: Set to 30 minutes.
[AirdropContainerFall] Loot Spawned [19] Wrench @ <8480.737305, 105.457779, 12760.895508> ... Lifespan: Set to 30 minutes.
[AirdropContainerFall] Loot Spawned [20] Screwdriver @ <8479.349609, 105.571678, 12761.794922> ... Lifespan: Set to 30 minutes.
[AirdropContainerFall] Loot Spawned [21] Chemlight_Blue @ <8481.250977, 105.417953, 12760.635742> ... Lifespan: Set to 30 minutes.
[AirdropContainerFall] Loot Spawned [22] Chemlight_Blue @ <8482.548828, 105.324265, 12760.132813> ... Lifespan: Set to 30 minutes.
[AirdropContainerFall] Loot Spawned [23] FirefighterAxe @ <8478.505859, 105.628136, 12760.510742> ... Lifespan: Set to 30 minutes.
[AirdropContainerFall] Loot Spawned [24] FirefighterAxe @ <8478.028320, 105.722046, 12757.029297> ... Lifespan: Set to 30 minutes.
[AirdropContainerFall] Loot Spawned [25] AK101 @ <8481.599609, 105.329132, 12758.117188> ... Lifespan: Set to 30 minutes.
[AirdropContainerFall] Loot Spawned [26] Hammer @ <8478.874023, 105.631638, 12762.757813> ... Lifespan: Set to 30 minutes.
[AirdropContainerFall] Loot Spawned [27] Chemlight_White @ <8481.828125, 105.348335, 12759.567383> ... Lifespan: Set to 30 minutes.
[AirdropContainerFall] Loot Spawned [28] Machete @ <8482.780273, 105.350159, 12761.085938> ... Lifespan: Set to 30 minutes.
[AirdropContainerFall] Loot Spawned [29] Pliers @ <8477.903320, 105.692574, 12760.553711> ... Lifespan: Set to 30 minutes.
[AirdropContainerFall] Loot Spawned [30] ElectronicRepairKit @ <8478.747070, 105.641914, 12756.401367> ... Lifespan: Set to 30 minutes.
[AirdropContainerUnstuck] Container was unstuck.
[~AirdropContainerBase] Container Destroyed on 2021-04-03 @ 05-53-47
