[InitializeContainer] Container created on 2021-04-25 @ 06-03-55
[InitializeContainer] Winds: Vector <8.777070, 0.000000, 10.212790>, Speed 13.4662mps, Strength 0.1
[AirdropContainerFall] Drop Type 'Military West', Container: 'RANDOM', Mode/Quantity/Iems: Random/20/40, Flare:  10%
[AirdropContainerFall] Loot Spawned [1] AssaultBag_Black @ <7317.512207, 12.466731, 3510.249756> ... Lifespan: Set to 60 minutes.
[AirdropContainerFall] Loot Spawned [2] MilitaryBoots_Black @ <7320.684570, 12.337511, 3511.212158> ... Lifespan: Set to 60 minutes.
[AirdropContainerFall] Loot Spawned [3] M4_Suppressor @ <7319.690918, 12.499047, 3515.144775> ... Lifespan: Set to 60 minutes.
[AirdropContainerFall] Loot Spawned [4] M4_RISHndgrd @ <7317.118652, 12.479181, 3509.995605> ... Lifespan: Set to 60 minutes.
[AirdropContainerFall] Loot Spawned [5] TacticalGoggles @ <7317.564941, 12.482980, 3510.990967> ... Lifespan: Set to 60 minutes.
[AirdropContainerFall] Loot Spawned [6] MilitaryBoots_Bluerock @ <7317.254883, 12.502552, 3511.176270> ... Lifespan: Set to 60 minutes.
[AirdropContainerFall] Loot Spawned [7] Battery9V @ <7320.228516, 12.340210, 3510.418457> ... Lifespan: Set to 60 minutes.
[AirdropContainerFall] Loot Spawned [8] M4_Suppressor @ <7316.892578, 12.596001, 3514.076904> ... Lifespan: Set to 60 minutes.
[AirdropContainerFall] Loot Spawned [9] USMCPants_Desert @ <7316.936523, 12.547893, 3512.363281> ... Lifespan: Set to 60 minutes.
[AirdropContainerFall] Loot Spawned [10] Binoculars @ <7317.487793, 12.564397, 3513.911621> ... Lifespan: Set to 60 minutes.
[AirdropContainerFall] Loot Spawned [11] FNX45 @ <7316.882813, 12.578373, 3513.430908> ... Lifespan: Set to 60 minutes.
[AirdropContainerFall] Loot Spawned [12] USMCPants_Woodland @ <7317.964355, 12.425912, 3509.543457> ... Lifespan: Set to 60 minutes.
[AirdropContainerFall] Loot Spawned [13] M4_RISHndgrd @ <7319.111328, 12.404421, 3510.820557> ... Lifespan: Set to 60 minutes.
[AirdropContainerFall] Loot Spawned [14] AmmoBox_45ACP_25Rnd @ <7317.963867, 12.543296, 3513.928711> ... Lifespan: Set to 60 minutes.
[AirdropContainerFall] Loot Spawned [15] MilitaryBoots_Beige @ <7319.349121, 12.505737, 3514.830078> ... Lifespan: Set to 60 minutes.
[AirdropContainerFall] Loot Spawned [16] USMCPants_Desert @ <7320.588867, 12.364742, 3511.998047> ... Lifespan: Set to 60 minutes.
[AirdropContainerFall] Loot Spawned [17] UKAssVest_Olive @ <7317.229004, 12.611197, 3515.164307> ... Lifespan: Set to 60 minutes.
[AirdropContainerFall] Loot Spawned [18] TacticalBaconCan @ <7319.719238, 12.373573, 3510.709473> ... Lifespan: Set to 60 minutes.
[AirdropContainerFall] Loot Spawned [19] AssaultBag_Ttsko @ <7318.473633, 12.518071, 3513.852783> ... Lifespan: Set to 60 minutes.
[AirdropContainerFall] Loot Spawned [20] Rangefinder @ <7319.928223, 12.446795, 3513.662598> ... Lifespan: Set to 60 minutes.
[AirdropContainerUnstuck] Container was unstuck.
[~AirdropContainerBase] Container Destroyed on 2021-04-25 @ 06-33-55
