[InitializeContainer] Container created on 2021-04-18 @ 12-24-52
[InitializeContainer] Winds: Vector <9.991132, 0.000000, 8.293465>, Speed 12.9848mps, Strength 0.1
[AirdropContainerFall] Drop Type 'Military East', Container: 'AirdropContainer_Military', Mode/Quantity/Iems: Random/20/33, Flare:  10%
[AirdropContainerFall] Loot Spawned [1] KOD_M110_Tan @ <12518.261719, 12.105408, 9200.784180> ... Lifespan: Set to 30 minutes.
[AirdropContainerFall] Loot Spawned [2] GorkaEJacket_PautRev @ <12520.646484, 11.887287, 9202.682617> ... Lifespan: Set to 30 minutes.
[AirdropContainerFall] Loot Spawned [3] GorkaPants_Autumn @ <12523.833008, 11.661016, 9200.977539> ... Lifespan: Set to 30 minutes.
[AirdropContainerFall] Loot Spawned [4] AmmoBox_762x39_20Rnd @ <12518.106445, 12.103859, 9201.684570> ... Lifespan: Set to 30 minutes.
[AirdropContainerFall] Loot Spawned [5] Mag_AKM_30Rnd @ <12519.030273, 11.969983, 9204.017578> ... Lifespan: Set to 30 minutes.
[AirdropContainerFall] Loot Spawned [6] UniversalLight @ <12522.239258, 11.791953, 9200.515625> ... Lifespan: Set to 30 minutes.
[AirdropContainerFall] Loot Spawned [7] AmmoBox_762x39_20Rnd @ <12518.962891, 12.070211, 9199.360352> ... Lifespan: Set to 30 minutes.
[AirdropContainerFall] Loot Spawned [8] TTsKOJacket_Camo @ <12521.628906, 11.872131, 9197.965820> ... Lifespan: Set to 30 minutes.
[AirdropContainerFall] Loot Spawned [9] TacticalGloves_Green @ <12517.004883, 12.215838, 9200.500000> ... Lifespan: Set to 30 minutes.
[AirdropContainerFall] Loot Spawned [10] AmmoBox_762x39_20Rnd @ <12523.147461, 11.709554, 9201.428711> ... Lifespan: Set to 30 minutes.
[AirdropContainerFall] Loot Spawned [11] Binoculars @ <12523.266602, 11.730261, 9198.922852> ... Lifespan: Set to 30 minutes.
[AirdropContainerFall] Loot Spawned [12] CanOpener @ <12519.339844, 12.045874, 9198.937500> ... Lifespan: Set to 30 minutes.
[AirdropContainerFall] Loot Spawned [13] WeaponCleaningKit @ <12520.518555, 11.966309, 9197.817383> ... Lifespan: Set to 30 minutes.
[AirdropContainerFall] Loot Spawned [14] AK101 @ <12519.063477, 12.013350, 9202.638672> ... Lifespan: Set to 30 minutes.
[AirdropContainerFall] Loot Spawned [15] GorkaEJacket_Flat @ <12522.242188, 11.792758, 9200.430664> ... Lifespan: Set to 30 minutes.
[AirdropContainerFall] Loot Spawned [16] TacticalGloves_Beige @ <12521.285156, 11.846818, 9202.197266> ... Lifespan: Set to 30 minutes.
[AirdropContainerFall] Loot Spawned [17] TacticalGloves_Green @ <12520.004883, 12.005720, 9198.007813> ... Lifespan: Set to 30 minutes.
[AirdropContainerFall] Loot Spawned [18] GorkaEJacket_PautRev @ <12518.687500, 12.107539, 9198.451172> ... Lifespan: Set to 30 minutes.
[AirdropContainerFall] Loot Spawned [19] Canteen @ <12523.121094, 11.741108, 9198.972656> ... Lifespan: Set to 30 minutes.
[AirdropContainerFall] Loot Spawned [20] Canteen @ <12517.902344, 12.099698, 9202.788086> ... Lifespan: Set to 30 minutes.
[AirdropContainerUnstuck] Container was unstuck.
[~AirdropContainerBase] Container Destroyed on 2021-04-18 @ 12-49-52
