[InitializeContainer] Container created on 2021-04-21 @ 01-30-22
[InitializeContainer] Winds: Vector <6.481999, 0.000000, -6.030387>, Speed 8.85335mps, Strength 0.1
[AirdropContainerFall] Drop Type 'Misc. Food', Container: 'RANDOM', Mode/Quantity/Iems: Random/29/30, Flare:  10%
[AirdropContainerFall] Loot Spawned [1] SodaCan_Pipsi @ <11441.343750, 37.231060, 14297.619141> ... Lifespan: Set to 30 minutes.
[AirdropContainerFall] Loot Spawned [2] KOD_M16A4 @ <11441.880859, 37.272247, 14302.079102> ... Lifespan: Set to 30 minutes.
[AirdropContainerFall] Loot Spawned [3] GreenBellPepper @ <11438.075195, 37.173458, 14297.702148> ... Lifespan: Set to 30 minutes.
[AirdropContainerFall] Loot Spawned [4] KOD_M16A4 @ <11440.012695, 37.186840, 14297.150391> ... Lifespan: Set to 30 minutes.
[AirdropContainerFall] Loot Spawned [5] Apple @ <11442.541016, 37.258442, 14301.851563> ... Lifespan: Set to 30 minutes.
[AirdropContainerFall] Loot Spawned [6] Lard @ <11438.668945, 37.274067, 14299.868164> ... Lifespan: Set to 30 minutes.
[AirdropContainerFall] Loot Spawned [7] AKM @ <11439.138672, 37.324837, 14301.235352> ... Lifespan: Set to 30 minutes.
[AirdropContainerFall] Loot Spawned [8] SambucusBerry @ <11441.363281, 37.217045, 14297.271484> ... Lifespan: Set to 30 minutes.
[AirdropContainerFall] Loot Spawned [9] KOD_M16A4 @ <11442.695313, 37.232067, 14297.033203> ... Lifespan: Set to 30 minutes.
[AirdropContainerFall] Loot Spawned [10] Lard @ <11441.630859, 37.253193, 14298.025391> ... Lifespan: Set to 30 minutes.
[AirdropContainerFall] Loot Spawned [11] AK101 @ <11439.600586, 37.315788, 14301.301758> ... Lifespan: Set to 30 minutes.
[AirdropContainerFall] Loot Spawned [12] AKM @ <11438.614258, 37.236843, 14298.992188> ... Lifespan: Set to 30 minutes.
[AirdropContainerFall] Loot Spawned [13] Apple @ <11441.114258, 37.287315, 14301.975586> ... Lifespan: Set to 30 minutes.
[AirdropContainerFall] Loot Spawned [14] GreenBellPepper @ <11439.710938, 37.221558, 14298.126953> ... Lifespan: Set to 30 minutes.
[AirdropContainerFall] Loot Spawned [15] BoxCerealCrunchin @ <11437.324219, 37.227825, 14299.141602> ... Lifespan: Set to 30 minutes.
[AirdropContainerFall] Loot Spawned [16] Potato @ <11442.161133, 37.192814, 14296.325195> ... Lifespan: Set to 30 minutes.
[AirdropContainerFall] Loot Spawned [17] AKM @ <11437.690430, 37.236095, 14299.390625> ... Lifespan: Set to 30 minutes.
[AirdropContainerFall] Loot Spawned [18] Canteen @ <11442.117188, 37.216705, 14296.922852> ... Lifespan: Set to 30 minutes.
[AirdropContainerFall] Loot Spawned [19] Plum @ <11443.250977, 37.240864, 14300.582031> ... Lifespan: Set to 30 minutes.
[AirdropContainerFall] Loot Spawned [20] SodaCan_Spite @ <11437.754883, 37.285580, 14300.559570> ... Lifespan: Set to 30 minutes.
[AirdropContainerFall] Loot Spawned [21] BoxCerealCrunchin @ <11438.987305, 37.221775, 14298.458984> ... Lifespan: Set to 30 minutes.
[AirdropContainerFall] Loot Spawned [22] SambucusBerry @ <11441.565430, 37.258625, 14298.186523> ... Lifespan: Set to 30 minutes.
[AirdropContainerFall] Loot Spawned [23] PowderedMilk @ <11442.525391, 37.251511, 14299.136719> ... Lifespan: Set to 30 minutes.
[AirdropContainerFall] Loot Spawned [24] Plum @ <11442.344727, 37.254978, 14299.078125> ... Lifespan: Set to 30 minutes.
[AirdropContainerFall] Loot Spawned [25] WaterBottle @ <11438.712891, 37.294640, 14300.345703> ... Lifespan: Set to 30 minutes.
[AirdropContainerFall] Loot Spawned [26] SpaghettiCan @ <11441.820313, 37.193989, 14296.506836> ... Lifespan: Set to 30 minutes.
[AirdropContainerFall] Loot Spawned [27] Plum @ <11441.692383, 37.218613, 14297.161133> ... Lifespan: Set to 30 minutes.
[AirdropContainerFall] Loot Spawned [28] Pumpkin @ <11441.732422, 37.274746, 14301.903320> ... Lifespan: Set to 30 minutes.
[AirdropContainerFall] Loot Spawned [29] PowderedMilk @ <11438.539063, 37.158695, 14297.134766> ... Lifespan: Set to 30 minutes.
[AirdropContainerUnstuck] Container was unstuck.
[~AirdropContainerBase] Container Destroyed on 2021-04-21 @ 01-55-22
