[InitializeContainer] Container created on 2021-03-25 @ 01-02-20
[InitializeContainer] Winds: Vector <9.002649, 0.000000, 9.907807>, Speed 13.387mps, Strength 0.1
[AirdropContainerFall] Drop Type 'Military West', Container: 'AirdropContainer_Military', Mode/Quantity/Iems: Random/20/46, Flare:  10%
[AirdropContainerFall] Loot Spawned [1] USMCJacket_Desert @ <1961.787476, 175.511551, 5199.914551> ... Lifespan: Set to 30 minutes.
[AirdropContainerFall] Loot Spawned [2] TacticalGloves_Black @ <1961.671265, 175.502975, 5199.785156> ... Lifespan: Set to 30 minutes.
[AirdropContainerFall] Loot Spawned [3] M4_CQBBttstck @ <1963.368896, 175.699402, 5203.400879> ... Lifespan: Set to 30 minutes.
[AirdropContainerFall] Loot Spawned [4] AmmoBox_556x45_20Rnd @ <1962.137451, 175.645416, 5203.554199> ... Lifespan: Set to 30 minutes.
[AirdropContainerFall] Loot Spawned [5] USMCJacket_Woodland @ <1962.574341, 175.495010, 5198.124023> ... Lifespan: Set to 30 minutes.
[AirdropContainerFall] Loot Spawned [6] MilitaryBoots_Bluerock @ <1962.447021, 175.648392, 5203.197754> ... Lifespan: Set to 30 minutes.
[AirdropContainerFall] Loot Spawned [7] TacticalGloves_Black @ <1964.127319, 175.717163, 5202.841309> ... Lifespan: Set to 30 minutes.
[AirdropContainerFall] Loot Spawned [8] USMCJacket_Desert @ <1962.001587, 175.516739, 5199.772949> ... Lifespan: Set to 30 minutes.
[AirdropContainerFall] Loot Spawned [9] Canteen @ <1962.737671, 175.696823, 5204.231934> ... Lifespan: Set to 30 minutes.
[AirdropContainerFall] Loot Spawned [10] TacticalGloves_Green @ <1961.611206, 175.581207, 5202.385742> ... Lifespan: Set to 30 minutes.
[AirdropContainerFall] Loot Spawned [11] CanOpener @ <1961.866943, 175.590881, 5202.307617> ... Lifespan: Set to 30 minutes.
[AirdropContainerFall] Loot Spawned [12] FNX45 @ <1961.210083, 175.537888, 5201.664063> ... Lifespan: Set to 30 minutes.
[AirdropContainerFall] Loot Spawned [13] Rangefinder @ <1964.024414, 175.719360, 5203.055664> ... Lifespan: Set to 30 minutes.
[AirdropContainerFall] Loot Spawned [14] AK101 @ <1965.695313, 175.670547, 5199.212402> ... Lifespan: Set to 30 minutes.
[AirdropContainerFall] Loot Spawned [15] UKAssVest_Khaki @ <1960.262451, 175.498383, 5201.767578> ... Lifespan: Set to 30 minutes.
[AirdropContainerFall] Loot Spawned [16] Mag_STANAG_30Rnd @ <1960.216919, 175.533478, 5202.961914> ... Lifespan: Set to 30 minutes.
[AirdropContainerFall] Loot Spawned [17] Battery9V @ <1963.667480, 175.585999, 5199.568359> ... Lifespan: Set to 30 minutes.
[AirdropContainerFall] Loot Spawned [18] TacticalGloves_Beige @ <1962.660034, 175.538818, 5199.558594> ... Lifespan: Set to 30 minutes.
[AirdropContainerFall] Loot Spawned [19] UKAssVest_Khaki @ <1964.764404, 175.768860, 5203.475098> ... Lifespan: Set to 30 minutes.
[AirdropContainerFall] Loot Spawned [20] KOD_M110_Tan @ <1964.299072, 175.740295, 5203.288086> ... Lifespan: Set to 30 minutes.
[AirdropContainerUnstuck] Container was unstuck.
