[AirdropPlane] Aircraft created on 2021-04-07 @ 00-48-26
[InitializeAircraft] Aircraft Initialized: Myshkino @ 1900/7600 (true)
[EOnBeforeDrop] The Aircraft is 1 Km from Myshkino. @ <2190.016846, 419.925507, 9069.789063>
[EOnDrop] Zombie Spawned [1] ZmbM_FarmerFat_Beige @ <1920.267944, 283.255859, 7681.485840> ... Lifespan:  Set to 30 minutes.
[EOnDrop] Zombie Spawned [2] ZmbM_HunterOld_Spring @ <1889.934570, 287.556610, 7704.125000> ... Lifespan:  Set to 30 minutes.
[EOnDrop] Zombie Spawned [3] ZmbM_VillagerOld_White @ <1948.055542, 286.511444, 7650.432129> ... Lifespan:  Set to 30 minutes.
[EOnDrop] Zombie Spawned [4] ZmbF_VillagerOld_Blue @ <1960.030518, 291.766479, 7671.483398> ... Lifespan:  Set to 30 minutes.
[EOnDrop] Zombie Spawned [5] ZmbM_HikerSkinny_Green @ <1935.523315, 292.828613, 7710.099121> ... Lifespan:  Set to 30 minutes.
[EOnDrop] Zombie Spawned [6] ZmbM_HunterOld_Winter @ <1914.595459, 285.523865, 7695.041992> ... Lifespan:  Set to 30 minutes.
[EOnDrop] Zombie Spawned [7] ZmbF_SurvivorNormal_Red @ <1906.752930, 285.087372, 7690.634766> ... Lifespan:  Set to 30 minutes.
[EOnDrop] Zombie Spawned [8] ZmbF_MilkMaidOld_Green @ <1893.839966, 284.242981, 7680.263672> ... Lifespan:  Set to 30 minutes.
[EOnDrop] Zombie Spawned [9] ZmbF_VillagerOld_White @ <1935.430054, 290.890076, 7693.727051> ... Lifespan:  Set to 30 minutes.
[EOnDrop] Zombie Spawned [10] ZmbM_HermitSkinny_Beige @ <1890.399170, 286.521484, 7697.379883> ... Lifespan:  Set to 30 minutes.
[EOnDrop] Zombie Spawned [11] ZmbM_MotobikerFat_Black @ <1918.234985, 286.202423, 7699.640625> ... Lifespan:  Set to 30 minutes.
[EOnDrop] Zombie Spawned [12] ZmbF_MilkMaidOld_Green @ <1945.605347, 290.961761, 7682.928711> ... Lifespan:  Set to 30 minutes.
[EOnDrop] Zombie Spawned [13] ZmbM_MotobikerFat_Black @ <1913.878906, 292.120850, 7735.687012> ... Lifespan:  Set to 30 minutes.
[EOnDrop] Zombie Spawned [14] ZmbM_HermitSkinny_Red @ <1899.701416, 288.897766, 7712.290527> ... Lifespan:  Set to 30 minutes.
[EOnDrop] Zombie Spawned [15] ZmbM_HunterOld_Summer @ <1934.377930, 284.900146, 7656.354492> ... Lifespan:  Set to 30 minutes.
[EOnDrop] Drop spawned with 15 infected at <1917.709717, 447.590088, 7690.099609>.
[EOnDrop] Supplies have been dropped near Myshkino.
[EOnBeforeDelete] Aircraft despawned @ <202.436279, 152.000610, -1000.763062>
[~AirdropPlane] Aircraft destroyed.
