[AirdropPlane] Aircraft created on 2021-03-20 @ 21-49-33
[InitializeAircraft] Aircraft Initialized: Zelenogorks @ 1875/5210 (true)
[EOnBeforeDrop] The Aircraft is 1 Km from Zelenogorks. @ <3218.602051, 442.633911, 4546.003906>
[EOnDrop] Zombie Spawned [1] ZmbM_HermitSkinny_Beige @ <1962.791870, 174.576630, 5140.740234> ... Lifespan:  Set to 30 minutes.
[EOnDrop] Zombie Spawned [2] ZmbM_MotobikerFat_Beige @ <1959.213867, 174.578888, 5152.107910> ... Lifespan:  Set to 30 minutes.
[EOnDrop] Zombie Spawned [3] ZmbF_MilkMaidOld_Grey @ <1964.689819, 176.168137, 5200.590820> ... Lifespan:  Set to 30 minutes.
[EOnDrop] Zombie Spawned [4] ZmbM_VillagerOld_White @ <1943.918701, 175.022308, 5188.525879> ... Lifespan:  Set to 30 minutes.
[EOnDrop] Zombie Spawned [5] ZmbM_FarmerFat_Green @ <1944.251709, 174.700638, 5176.484863> ... Lifespan:  Set to 30 minutes.
[EOnDrop] Zombie Spawned [6] ZmbM_VillagerOld_Blue @ <1944.342896, 174.398804, 5164.317871> ... Lifespan:  Set to 30 minutes.
[EOnDrop] Zombie Spawned [7] ZmbM_HermitSkinny_Red @ <1967.968872, 176.280579, 5199.360352> ... Lifespan:  Set to 30 minutes.
[EOnDrop] Zombie Spawned [8] ZmbF_HikerSkinny_Green @ <1985.390869, 175.919525, 5171.360840> ... Lifespan:  Set to 30 minutes.
[EOnDrop] Zombie Spawned [9] ZmbF_MilkMaidOld_Green @ <1905.640625, 173.325623, 5168.129395> ... Lifespan:  Set to 30 minutes.
[EOnDrop] Zombie Spawned [10] ZmbF_MilkMaidOld_Beige @ <1910.142700, 173.757050, 5185.884766> ... Lifespan:  Set to 30 minutes.
[EOnDrop] Zombie Spawned [11] ZmbM_MotobikerFat_Beige @ <1916.786987, 174.284607, 5195.235840> ... Lifespan:  Set to 30 minutes.
[EOnDrop] Zombie Spawned [12] ZmbM_FarmerFat_Brown @ <1950.224121, 174.525330, 5163.250977> ... Lifespan:  Set to 30 minutes.
[EOnDrop] Zombie Spawned [13] ZmbF_MilkMaidOld_Grey @ <1950.124023, 174.543869, 5164.244629> ... Lifespan:  Set to 30 minutes.
[EOnDrop] Zombie Spawned [14] ZmbM_HermitSkinny_Red @ <1986.372803, 175.770477, 5165.168457> ... Lifespan:  Set to 30 minutes.
[EOnDrop] Zombie Spawned [15] ZmbM_VillagerOld_Green @ <1955.341187, 174.322281, 5141.137207> ... Lifespan:  Set to 30 minutes.
[EOnDrop] Zombie Spawned [16] ZmbM_HunterOld_Summer @ <1930.077637, 173.422470, 5140.812012> ... Lifespan:  Set to 30 minutes.
[EOnDrop] Zombie Spawned [17] ZmbF_HikerSkinny_Green @ <1947.887695, 174.130493, 5144.361816> ... Lifespan:  Set to 30 minutes.
[EOnDrop] Zombie Spawned [18] ZmbM_HikerSkinny_Blue @ <1956.182251, 174.619400, 5160.212891> ... Lifespan:  Set to 30 minutes.
[EOnDrop] Zombie Spawned [19] ZmbM_MotobikerFat_Blue @ <1931.027832, 174.736679, 5193.210449> ... Lifespan:  Set to 30 minutes.
[EOnDrop] Zombie Spawned [20] ZmbF_SurvivorNormal_Orange @ <1957.095215, 175.069839, 5176.337402> ... Lifespan:  Set to 30 minutes.
[EOnDrop] Drop spawned with 20 infected at <1951.242188, 322.906006, 5173.420410>.
[EOnDrop] Supplies have been dropped near Zelenogorks.
[EOnBeforeDelete] Aircraft despawned @ <-1000.166382, 373.096497, 6634.539063>
[~AirdropPlane] Aircraft destroyed.
