[InitializeContainer] Container created on 2021-04-27 @ 16-07-34
[InitializeContainer] Winds: Vector <10.991107, 0.000000, 5.657960>, Speed 12.3619mps, Strength 0.1
[AirdropContainerFall] Drop Type 'Military East', Container: 'RANDOM', Mode/Quantity/Iems: Random/20/28, Flare:  10%
[AirdropContainerFall] Loot Spawned [1] TTSKOPants @ <8533.161133, 104.000999, 12701.866211> ... Lifespan: Set to 60 minutes.
[AirdropContainerFall] Loot Spawned [2] GorkaPants_Summer @ <8534.408203, 104.000999, 12703.680664> ... Lifespan: Set to 60 minutes.
[AirdropContainerFall] Loot Spawned [3] AK_Suppressor @ <8536.864258, 104.000999, 12700.925781> ... Lifespan: Set to 60 minutes.
[AirdropContainerFall] Loot Spawned [4] GorkaPants_Summer @ <8532.602539, 104.000999, 12700.919922> ... Lifespan: Set to 60 minutes.
[AirdropContainerFall] Loot Spawned [5] AK_Bayonet @ <8535.714844, 104.000999, 12698.380859> ... Lifespan: Set to 60 minutes.
[AirdropContainerFall] Loot Spawned [6] Mag_AKM_30Rnd @ <8532.867188, 104.001183, 12699.495117> ... Lifespan: Set to 60 minutes.
[AirdropContainerFall] Loot Spawned [7] AKM @ <8532.331055, 104.000999, 12701.516602> ... Lifespan: Set to 60 minutes.
[AirdropContainerFall] Loot Spawned [8] AKM @ <8533.866211, 104.002197, 12697.732422> ... Lifespan: Set to 60 minutes.
[AirdropContainerFall] Loot Spawned [9] TTSKOPants @ <8533.194336, 104.000999, 12699.564453> ... Lifespan: Set to 60 minutes.
[AirdropContainerFall] Loot Spawned [10] TTsKOJacket_Camo @ <8535.711914, 104.000999, 12702.262695> ... Lifespan: Set to 60 minutes.
[AirdropContainerFall] Loot Spawned [11] GorkaEJacket_PautRev @ <8537.112305, 104.000999, 12699.832031> ... Lifespan: Set to 60 minutes.
[AirdropContainerFall] Loot Spawned [12] CanOpener @ <8534.982422, 104.000999, 12703.448242> ... Lifespan: Set to 60 minutes.
[AirdropContainerFall] Loot Spawned [13] GorkaPants_PautRev @ <8532.426758, 104.000999, 12701.934570> ... Lifespan: Set to 60 minutes.
[AirdropContainerFall] Loot Spawned [14] GorkaEJacket_Autumn @ <8536.856445, 104.000999, 12701.352539> ... Lifespan: Set to 60 minutes.
[AirdropContainerFall] Loot Spawned [15] Battery9V @ <8533.395508, 104.000999, 12704.109375> ... Lifespan: Set to 60 minutes.
[AirdropContainerFall] Loot Spawned [16] AK_PlasticBttstck @ <8536.162109, 104.000999, 12703.326172> ... Lifespan: Set to 60 minutes.
[AirdropContainerFall] Loot Spawned [17] GorkaPants_Autumn @ <8533.944336, 104.000999, 12703.176758> ... Lifespan: Set to 60 minutes.
[AirdropContainerFall] Loot Spawned [18] TacticalBaconCan @ <8537.766602, 104.000999, 12701.050781> ... Lifespan: Set to 60 minutes.
[AirdropContainerFall] Loot Spawned [19] AmmoBox_762x39_20Rnd @ <8537.152344, 104.000999, 12698.925781> ... Lifespan: Set to 60 minutes.
[AirdropContainerFall] Loot Spawned [20] AK_Bayonet @ <8531.071289, 104.001541, 12701.021484> ... Lifespan: Set to 60 minutes.
[AirdropContainerUnstuck] Container was unstuck.
[~AirdropContainerBase] Container Destroyed on 2021-04-27 @ 16-37-34
