[InitializeContainer] Container created on 2021-04-08 @ 23-11-02
[InitializeContainer] Winds: Vector <1.294813, 0.000000, -6.910369>, Speed 7.03063mps, Strength 0.1
[AirdropContainerFall] Drop Type 'Misc. Food', Container: 'RANDOM', Mode/Quantity/Iems: Random/29/30, Flare:  10%
[AirdropContainerFall] Loot Spawned [1] KOD_DVL10 @ <8616.043945, 103.485123, 12676.207031> ... Lifespan: Set to 30 minutes.
[AirdropContainerFall] Loot Spawned [2] TunaCan @ <8619.889648, 102.811783, 12674.114258> ... Lifespan: Set to 30 minutes.
[AirdropContainerFall] Loot Spawned [3] TunaCan @ <8618.220703, 102.654739, 12672.652344> ... Lifespan: Set to 30 minutes.
[AirdropContainerFall] Loot Spawned [4] Plum @ <8615.961914, 103.463165, 12675.848633> ... Lifespan: Set to 30 minutes.
[AirdropContainerFall] Loot Spawned [5] SambucusBerry @ <8616.561523, 103.194839, 12674.244141> ... Lifespan: Set to 30 minutes.
[AirdropContainerFall] Loot Spawned [6] SodaCan_Cola @ <8615.191406, 103.135406, 12673.933594> ... Lifespan: Set to 30 minutes.
[AirdropContainerFall] Loot Spawned [7] AK101 @ <8616.091797, 103.479988, 12676.140625> ... Lifespan: Set to 30 minutes.
[AirdropContainerFall] Loot Spawned [8] BoxCerealCrunchin @ <8617.357422, 103.513222, 12676.598633> ... Lifespan: Set to 30 minutes.
[AirdropContainerFall] Loot Spawned [9] Potato @ <8619.220703, 102.448212, 12672.383789> ... Lifespan: Set to 30 minutes.
[AirdropContainerFall] Loot Spawned [10] KOD_M16A4 @ <8619.022461, 102.606483, 12672.874023> ... Lifespan: Set to 30 minutes.
[AirdropContainerFall] Loot Spawned [11] KOD_DVL10 @ <8618.498047, 102.588425, 12672.543945> ... Lifespan: Set to 30 minutes.
[AirdropContainerFall] Loot Spawned [12] SpaghettiCan @ <8617.438477, 102.499001, 12671.704102> ... Lifespan: Set to 30 minutes.
[AirdropContainerFall] Loot Spawned [13] Pumpkin @ <8616.583984, 103.448967, 12675.796875> ... Lifespan: Set to 30 minutes.
[AirdropContainerFall] Loot Spawned [14] Tomato @ <8615.485352, 103.473991, 12675.888672> ... Lifespan: Set to 30 minutes.
[AirdropContainerFall] Loot Spawned [15] PowderedMilk @ <8619.627930, 103.280190, 12677.418945> ... Lifespan: Set to 30 minutes.
[AirdropContainerFall] Loot Spawned [16] SodaCan_Spite @ <8615.934570, 103.503166, 12676.454102> ... Lifespan: Set to 30 minutes.
[AirdropContainerFall] Loot Spawned [17] KOD_DVL10 @ <8618.090820, 103.532631, 12677.844727> ... Lifespan: Set to 30 minutes.
[AirdropContainerFall] Loot Spawned [18] Lard @ <8614.743164, 103.408173, 12674.922852> ... Lifespan: Set to 30 minutes.
[AirdropContainerFall] Loot Spawned [19] PowderedMilk @ <8615.248047, 103.526787, 12676.633789> ... Lifespan: Set to 30 minutes.
[AirdropContainerFall] Loot Spawned [20] PowderedMilk @ <8617.207031, 102.887505, 12673.138672> ... Lifespan: Set to 30 minutes.
[AirdropContainerFall] Loot Spawned [21] Pear @ <8621.143555, 102.939117, 12675.883789> ... Lifespan: Set to 30 minutes.
[AirdropContainerFall] Loot Spawned [22] Canteen @ <8620.010742, 102.734886, 12673.884766> ... Lifespan: Set to 30 minutes.
[AirdropContainerFall] Loot Spawned [23] SambucusBerry @ <8620.020508, 102.458076, 12672.831055> ... Lifespan: Set to 30 minutes.
[AirdropContainerFall] Loot Spawned [24] KOD_DVL10 @ <8615.359375, 103.090546, 12673.777344> ... Lifespan: Set to 30 minutes.
[AirdropContainerFall] Loot Spawned [25] TacticalBaconCan @ <8618.849609, 102.650764, 12672.953125> ... Lifespan: Set to 30 minutes.
[AirdropContainerFall] Loot Spawned [26] PowderedMilk @ <8619.609375, 102.865616, 12674.167969> ... Lifespan: Set to 30 minutes.
[AirdropContainerFall] Loot Spawned [27] Rice @ <8620.799805, 103.000885, 12676.043945> ... Lifespan: Set to 30 minutes.
[AirdropContainerFall] Loot Spawned [28] GreenBellPepper @ <8616.611328, 103.202316, 12674.275391> ... Lifespan: Set to 30 minutes.
[AirdropContainerFall] Loot Spawned [29] BakedBeansCan @ <8616.034180, 103.281761, 12674.534180> ... Lifespan: Set to 30 minutes.
[AirdropContainerUnstuck] Container was unstuck.
[~AirdropContainerBase] Container Destroyed on 2021-04-08 @ 23-36-02
