[InitializeContainer] Container created on 2021-04-03 @ 14-45-44
[InitializeContainer] Winds: Vector <-5.132386, 0.000000, 15.588023>, Speed 16.4112mps, Strength 0.1
[AirdropContainerFall] Drop Type 'Misc. Food', Container: 'RANDOM', Mode/Quantity/Iems: Random/29/30, Flare:  10%
[AirdropContainerFall] Loot Spawned [1] TunaCan @ <10039.630859, 47.293949, 2534.517822> ... Lifespan: Set to 30 minutes.
[AirdropContainerFall] Loot Spawned [2] AKM @ <10038.802734, 47.450329, 2533.906738> ... Lifespan: Set to 30 minutes.
[AirdropContainerFall] Loot Spawned [3] PeachesCan @ <10042.437500, 46.833870, 2535.135254> ... Lifespan: Set to 30 minutes.
[AirdropContainerFall] Loot Spawned [4] Zucchini @ <10039.566406, 47.389359, 2532.737793> ... Lifespan: Set to 30 minutes.
[AirdropContainerFall] Loot Spawned [5] Plum @ <10038.346680, 47.650505, 2531.228027> ... Lifespan: Set to 30 minutes.
[AirdropContainerFall] Loot Spawned [6] Lard @ <10039.736328, 47.287594, 2534.313965> ... Lifespan: Set to 30 minutes.
[AirdropContainerFall] Loot Spawned [7] SodaCan_Spite @ <10043.708008, 46.791241, 2530.792725> ... Lifespan: Set to 30 minutes.
[AirdropContainerFall] Loot Spawned [8] TacticalBaconCan @ <10041.398438, 47.001846, 2534.958984> ... Lifespan: Set to 30 minutes.
[AirdropContainerFall] Loot Spawned [9] TunaCan @ <10038.223633, 47.642696, 2531.749512> ... Lifespan: Set to 30 minutes.
[AirdropContainerFall] Loot Spawned [10] Pumpkin @ <10040.967773, 47.285713, 2530.419434> ... Lifespan: Set to 30 minutes.
[AirdropContainerFall] Loot Spawned [11] Rice @ <10040.468750, 47.358452, 2530.498047> ... Lifespan: Set to 30 minutes.
[AirdropContainerFall] Loot Spawned [12] SodaCan_Pipsi @ <10038.227539, 47.653320, 2531.534180> ... Lifespan: Set to 30 minutes.
[AirdropContainerFall] Loot Spawned [13] AK101 @ <10040.299805, 47.442535, 2529.319092> ... Lifespan: Set to 30 minutes.
[AirdropContainerFall] Loot Spawned [14] AKM @ <10038.725586, 47.561092, 2531.844727> ... Lifespan: Set to 30 minutes.
[AirdropContainerFall] Loot Spawned [15] Canteen @ <10039.759766, 47.448551, 2530.884521> ... Lifespan: Set to 30 minutes.
[AirdropContainerFall] Loot Spawned [16] PeachesCan @ <10039.923828, 47.387676, 2531.629395> ... Lifespan: Set to 30 minutes.
[AirdropContainerFall] Loot Spawned [17] KOD_M16A4 @ <10042.270508, 47.104828, 2530.026367> ... Lifespan: Set to 30 minutes.
[AirdropContainerFall] Loot Spawned [18] AK101 @ <10037.660156, 47.699219, 2532.371338> ... Lifespan: Set to 30 minutes.
[AirdropContainerFall] Loot Spawned [19] BakedBeansCan @ <10042.761719, 46.986843, 2530.662109> ... Lifespan: Set to 30 minutes.
[AirdropContainerFall] Loot Spawned [20] Pear @ <10039.916016, 47.242172, 2534.687012> ... Lifespan: Set to 30 minutes.
[AirdropContainerFall] Loot Spawned [21] Rice @ <10041.870117, 46.905022, 2535.382080> ... Lifespan: Set to 30 minutes.
[AirdropContainerFall] Loot Spawned [22] SodaCan_Spite @ <10040.011719, 47.194771, 2535.300537> ... Lifespan: Set to 30 minutes.
[AirdropContainerFall] Loot Spawned [23] SpaghettiCan @ <10040.252930, 47.371666, 2530.912842> ... Lifespan: Set to 30 minutes.
[AirdropContainerFall] Loot Spawned [24] AKM @ <10043.041016, 46.718067, 2535.214600> ... Lifespan: Set to 30 minutes.
[AirdropContainerFall] Loot Spawned [25] KOD_DVL10 @ <10038.345703, 47.637287, 2531.485107> ... Lifespan: Set to 30 minutes.
[AirdropContainerFall] Loot Spawned [26] SodaCan_Cola @ <10042.127930, 46.947685, 2533.756348> ... Lifespan: Set to 30 minutes.
[AirdropContainerFall] Loot Spawned [27] SodaCan_Spite @ <10041.293945, 47.005127, 2535.183105> ... Lifespan: Set to 30 minutes.
[AirdropContainerFall] Loot Spawned [28] Zucchini @ <10038.438477, 47.662239, 2530.725586> ... Lifespan: Set to 30 minutes.
[AirdropContainerFall] Loot Spawned [29] SardinesCan @ <10042.997070, 46.793243, 2533.711182> ... Lifespan: Set to 30 minutes.
[AirdropContainerFall] Airdrop Flare Spawned @ <10043.542969, 46.630669, 2534.998535> ... Lifespan: Set to 30 minutes.
[AirdropContainerUnstuck] Container was unstuck.
[~AirdropContainerBase] Container Destroyed on 2021-04-03 @ 15-10-44
