[InitializeContainer] Container created on 2021-05-01 @ 05-33-41
[InitializeContainer] Winds: Vector <-4.563053, 0.000000, 15.660996>, Speed 16.3122mps, Strength 0.1
[AirdropContainerFall] Drop Type 'Military West', Container: 'RANDOM', Mode/Quantity/Iems: Random/20/40, Flare:  10%
[AirdropContainerFall] Loot Spawned [1] Canteen @ <1903.770996, 284.147491, 7685.981445> ... Lifespan: Set to 60 minutes.
[AirdropContainerFall] Loot Spawned [2] TacticalGloves_Green @ <1902.706299, 283.807526, 7680.758789> ... Lifespan: Set to 60 minutes.
[AirdropContainerFall] Loot Spawned [3] FNX45 @ <1905.065796, 283.865814, 7682.672852> ... Lifespan: Set to 60 minutes.
[AirdropContainerFall] Loot Spawned [4] UniversalLight @ <1902.125122, 284.127258, 7684.529785> ... Lifespan: Set to 60 minutes.
[AirdropContainerFall] Loot Spawned [5] UKAssVest_Khaki @ <1900.434326, 284.074982, 7683.197754> ... Lifespan: Set to 60 minutes.
[AirdropContainerFall] Loot Spawned [6] Binoculars @ <1902.122559, 283.903534, 7681.669434> ... Lifespan: Set to 60 minutes.
[AirdropContainerFall] Loot Spawned [7] TacticalGloves_Green @ <1905.574463, 283.680328, 7680.996582> ... Lifespan: Set to 60 minutes.
[AirdropContainerFall] Loot Spawned [8] M4_CQBBttstck @ <1906.127075, 283.765350, 7683.560547> ... Lifespan: Set to 60 minutes.
[AirdropContainerFall] Loot Spawned [9] AssaultBag_Black @ <1902.273193, 283.848572, 7681.120117> ... Lifespan: Set to 60 minutes.
[AirdropContainerFall] Loot Spawned [10] M4_CQBBttstck @ <1903.757202, 283.883362, 7681.928711> ... Lifespan: Set to 60 minutes.
[AirdropContainerFall] Loot Spawned [11] Mag_FNX45_15Rnd @ <1902.715210, 284.139526, 7685.126953> ... Lifespan: Set to 60 minutes.
[AirdropContainerFall] Loot Spawned [12] M4_T3NrdSOptic @ <1903.895630, 283.728638, 7680.118652> ... Lifespan: Set to 60 minutes.
[AirdropContainerFall] Loot Spawned [13] TacticalGloves_Beige @ <1905.265259, 284.061523, 7686.124512> ... Lifespan: Set to 60 minutes.
[AirdropContainerFall] Loot Spawned [14] MilitaryBoots_Beige @ <1902.147339, 283.967682, 7682.341797> ... Lifespan: Set to 60 minutes.
[AirdropContainerFall] Loot Spawned [15] TacticalGloves_Beige @ <1902.606445, 284.170746, 7685.529297> ... Lifespan: Set to 60 minutes.
[AirdropContainerFall] Loot Spawned [16] PistolSuppressor @ <1902.291382, 284.108002, 7684.350098> ... Lifespan: Set to 60 minutes.
[AirdropContainerFall] Loot Spawned [17] M4_Suppressor @ <1905.472168, 283.861267, 7683.531738> ... Lifespan: Set to 60 minutes.
[AirdropContainerFall] Loot Spawned [18] M4_CQBBttstck @ <1902.004028, 283.971191, 7682.355957> ... Lifespan: Set to 60 minutes.
[AirdropContainerFall] Loot Spawned [19] M4A1 @ <1902.371948, 283.963409, 7682.331055> ... Lifespan: Set to 60 minutes.
[AirdropContainerFall] Loot Spawned [20] MilitaryBoots_Brown @ <1901.723755, 283.996216, 7682.573730> ... Lifespan: Set to 60 minutes.
[AirdropContainerFall] Airdrop Flare Spawned @ <1902.879028, 284.210663, 7686.329102> ... Lifespan: Set to 60 minutes.
[AirdropContainerUnstuck] Container was unstuck.
[~AirdropContainerBase] Container Destroyed on 2021-05-01 @ 06-03-40
