[InitializeContainer] Container created on 2021-04-07 @ 22-20-43
[InitializeContainer] Winds: Vector <-2.964930, 0.000000, -3.188628>, Speed 4.3541mps, Strength 0.1
[AirdropContainerFall] Drop Type 'Military East', Container: 'AirdropContainer_Military', Mode/Quantity/Iems: Random/20/33, Flare:  10%
[AirdropContainerFall] Loot Spawned [1] AK101 @ <7437.888184, 6.040245, 3556.716064> ... Lifespan: Set to 30 minutes.
[AirdropContainerFall] Loot Spawned [2] TacticalGloves_Black @ <7431.861816, 6.108982, 3557.793701> ... Lifespan: Set to 30 minutes.
[AirdropContainerFall] Loot Spawned [3] Canteen @ <7435.511719, 6.050199, 3556.314209> ... Lifespan: Set to 30 minutes.
[AirdropContainerFall] Loot Spawned [4] GorkaPants_PautRev @ <7436.669434, 6.061997, 3557.645020> ... Lifespan: Set to 30 minutes.
[AirdropContainerFall] Loot Spawned [5] GorkaPants_Flat @ <7435.025879, 6.050207, 3556.093994> ... Lifespan: Set to 30 minutes.
[AirdropContainerFall] Loot Spawned [6] KOD_M16A4 @ <7432.037598, 6.131361, 3559.639160> ... Lifespan: Set to 30 minutes.
[AirdropContainerFall] Loot Spawned [7] Mag_AKM_30Rnd @ <7434.853027, 6.044462, 3555.623779> ... Lifespan: Set to 30 minutes.
[AirdropContainerFall] Loot Spawned [8] AK_PlasticBttstck @ <7434.425293, 6.062727, 3556.674805> ... Lifespan: Set to 30 minutes.
[AirdropContainerFall] Loot Spawned [9] TacticalBaconCan @ <7436.208008, 6.044029, 3556.210205> ... Lifespan: Set to 30 minutes.
[AirdropContainerFall] Loot Spawned [10] UniversalLight @ <7436.768066, 6.050103, 3556.878906> ... Lifespan: Set to 30 minutes.
[AirdropContainerFall] Loot Spawned [11] AK_Bayonet @ <7434.759277, 6.106750, 3559.828125> ... Lifespan: Set to 30 minutes.
[AirdropContainerFall] Loot Spawned [12] Canteen @ <7433.778320, 6.057059, 3555.994141> ... Lifespan: Set to 30 minutes.
[AirdropContainerFall] Loot Spawned [13] GorkaPants_Flat @ <7432.928711, 6.091059, 3557.926025> ... Lifespan: Set to 30 minutes.
[AirdropContainerFall] Loot Spawned [14] TacticalGloves_Green @ <7433.587402, 6.069581, 3556.760986> ... Lifespan: Set to 30 minutes.
[AirdropContainerFall] Loot Spawned [15] TacticalGloves_Black @ <7435.942871, 6.099298, 3561.260742> ... Lifespan: Set to 30 minutes.
[AirdropContainerFall] Loot Spawned [16] GorkaPants_Autumn @ <7436.260254, 6.052990, 3556.844727> ... Lifespan: Set to 30 minutes.
[AirdropContainerFall] Loot Spawned [17] GorkaPants_Autumn @ <7435.050293, 6.107620, 3560.143066> ... Lifespan: Set to 30 minutes.
[AirdropContainerFall] Loot Spawned [18] TacticalGloves_Beige @ <7435.012695, 6.058097, 3556.625977> ... Lifespan: Set to 30 minutes.
[AirdropContainerFall] Loot Spawned [19] GorkaEJacket_Autumn @ <7437.287598, 6.046877, 3556.895264> ... Lifespan: Set to 30 minutes.
[AirdropContainerFall] Loot Spawned [20] GorkaEJacket_Autumn @ <7436.791504, 6.054227, 3557.170654> ... Lifespan: Set to 30 minutes.
[AirdropContainerFall] Airdrop Flare Spawned @ <7431.840820, 6.127278, 3559.002930> ... Lifespan: Set to 30 minutes.
[AirdropContainerUnstuck] Container was unstuck.
[~AirdropContainerBase] Container Destroyed on 2021-04-07 @ 22-45-43
