[AirdropPlane] Aircraft created on 2021-04-05 @ 19-34-07
[InitializeAircraft] Aircraft Initialized: Zelenogorks @ 1875/5210 (true)
[EOnBeforeDrop] The Aircraft is 1 Km from Zelenogorks. @ <1430.266357, 334.167938, 6642.001953>
[EOnDrop] Zombie Spawned [1] ZmbM_VillagerOld_Green @ <1851.031860, 178.276169, 5296.663086> ... Lifespan:  Set to 30 minutes.
[EOnDrop] Zombie Spawned [2] ZmbM_MotobikerFat_Black @ <1839.225830, 178.274612, 5289.307617> ... Lifespan:  Set to 30 minutes.
[EOnDrop] Zombie Spawned [3] ZmbM_HikerSkinny_Green @ <1862.917969, 179.070145, 5303.419434> ... Lifespan:  Set to 30 minutes.
[EOnDrop] Zombie Spawned [4] ZmbF_HikerSkinny_Blue @ <1852.771118, 179.919037, 5310.264160> ... Lifespan:  Set to 30 minutes.
[EOnDrop] Zombie Spawned [5] ZmbM_HermitSkinny_Red @ <1870.561523, 176.578049, 5286.069336> ... Lifespan:  Set to 30 minutes.
[EOnDrop] Zombie Spawned [6] ZmbF_HikerSkinny_Blue @ <1852.283569, 180.116058, 5312.942383> ... Lifespan:  Set to 30 minutes.
[EOnDrop] Zombie Spawned [7] ZmbF_VillagerOld_Blue @ <1843.829590, 181.123459, 5329.026855> ... Lifespan:  Set to 30 minutes.
[EOnDrop] Zombie Spawned [8] ZmbM_priestPopSkinny @ <1832.129639, 181.214066, 5324.287109> ... Lifespan:  Set to 30 minutes.
[EOnDrop] Zombie Spawned [9] ZmbF_HikerSkinny_Blue @ <1835.671997, 179.805054, 5312.187500> ... Lifespan:  Set to 30 minutes.
[EOnDrop] Zombie Spawned [10] ZmbM_MotobikerFat_Beige @ <1863.141602, 176.239319, 5279.204102> ... Lifespan:  Set to 30 minutes.
[EOnDrop] Zombie Spawned [11] ZmbF_SurvivorNormal_White @ <1832.057373, 180.262497, 5317.612305> ... Lifespan:  Set to 30 minutes.
[EOnDrop] Zombie Spawned [12] ZmbM_HunterOld_Spring @ <1877.641113, 178.885132, 5313.761230> ... Lifespan:  Set to 30 minutes.
[EOnDrop] Zombie Spawned [13] ZmbM_HermitSkinny_Black @ <1839.942871, 178.079712, 5286.479492> ... Lifespan:  Set to 30 minutes.
[EOnDrop] Zombie Spawned [14] ZmbM_FarmerFat_Brown @ <1861.034668, 177.868805, 5296.291992> ... Lifespan:  Set to 30 minutes.
[EOnDrop] Zombie Spawned [15] ZmbM_FarmerFat_Beige @ <1865.233032, 175.588699, 5271.197754> ... Lifespan:  Set to 30 minutes.
[EOnDrop] Zombie Spawned [16] ZmbM_HikerSkinny_Blue @ <1870.406372, 175.602417, 5271.167969> ... Lifespan:  Set to 30 minutes.
[EOnDrop] Zombie Spawned [17] ZmbM_VillagerOld_Blue @ <1864.596802, 176.293182, 5280.854492> ... Lifespan:  Set to 30 minutes.
[EOnDrop] Spawn failed for zombie [18] 'ZmbM_SurvivorDean_Black', it does not exist in DayZ!
[EOnDrop] Zombie Spawned [19] ZmbM_HikerSkinny_Yellow @ <1840.896240, 176.979813, 5268.708496> ... Lifespan:  Set to 30 minutes.
[EOnDrop] Zombie Spawned [20] ZmbM_FarmerFat_Brown @ <1836.338257, 178.984131, 5299.970215> ... Lifespan:  Set to 30 minutes.
[EOnDrop] Drop spawned with 20 infected at <1845.948486, 338.446594, 5302.660645>.
[EOnDrop] Supplies have been dropped near Zelenogorks.
[EOnBeforeDelete] Aircraft despawned @ <3801.998779, 152.000610, -1000.337402>
[~AirdropPlane] Aircraft destroyed.
