[InitializeContainer] Container created on 2021-05-02 @ 12-06-33
[InitializeContainer] Winds: Vector <11.030484, 0.000000, 5.497643>, Speed 12.3246mps, Strength 0.1
[AirdropContainerFall] Drop Type 'Misc. Food', Container: 'RANDOM', Mode/Quantity/Iems: Random/20/26, Flare:  10%
[AirdropContainerFall] Loot Spawned [1] CaninaBerry @ <1838.786743, 173.798248, 5137.583984> ... Lifespan: Set to 60 minutes.
[AirdropContainerFall] Loot Spawned [2] SambucusBerry @ <1838.828125, 173.792328, 5137.149414> ... Lifespan: Set to 60 minutes.
[AirdropContainerFall] Loot Spawned [3] Zucchini @ <1836.120605, 173.822998, 5140.248535> ... Lifespan: Set to 60 minutes.
[AirdropContainerFall] Loot Spawned [4] SodaCan_Pipsi @ <1838.511597, 173.793015, 5137.138672> ... Lifespan: Set to 60 minutes.
[AirdropContainerFall] Loot Spawned [5] Zucchini @ <1841.086670, 173.825516, 5141.571777> ... Lifespan: Set to 60 minutes.
[AirdropContainerFall] Loot Spawned [6] CaninaBerry @ <1840.064575, 173.783997, 5136.805176> ... Lifespan: Set to 60 minutes.
[AirdropContainerFall] Loot Spawned [7] Plum @ <1837.551147, 173.815308, 5139.303711> ... Lifespan: Set to 60 minutes.
[AirdropContainerFall] Loot Spawned [8] Potato @ <1840.495972, 173.832184, 5142.184082> ... Lifespan: Set to 60 minutes.
[AirdropContainerFall] Loot Spawned [9] Plum @ <1840.778320, 173.800507, 5138.529785> ... Lifespan: Set to 60 minutes.
[AirdropContainerFall] Loot Spawned [10] BakedBeansCan @ <1841.439331, 173.786667, 5137.238281> ... Lifespan: Set to 60 minutes.
[AirdropContainerFall] Loot Spawned [11] SodaCan_Pipsi @ <1840.853394, 173.793503, 5137.678223> ... Lifespan: Set to 60 minutes.
[AirdropContainerFall] Loot Spawned [12] SodaCan_Pipsi @ <1837.780884, 173.824387, 5140.515625> ... Lifespan: Set to 60 minutes.
[AirdropContainerFall] Loot Spawned [13] SodaCan_Cola @ <1840.651001, 173.794159, 5137.693359> ... Lifespan: Set to 60 minutes.
[AirdropContainerFall] Loot Spawned [14] Lard @ <1837.602661, 173.790863, 5136.874512> ... Lifespan: Set to 60 minutes.
[AirdropContainerFall] Loot Spawned [15] Canteen @ <1841.258911, 173.814362, 5140.422363> ... Lifespan: Set to 60 minutes.
[AirdropContainerFall] Loot Spawned [16] Pumpkin @ <1842.220581, 173.803101, 5139.334473> ... Lifespan: Set to 60 minutes.
[AirdropContainerFall] Loot Spawned [17] PowderedMilk @ <1838.926270, 173.789886, 5137.000977> ... Lifespan: Set to 60 minutes.
[AirdropContainerFall] Loot Spawned [18] PeachesCan @ <1841.463745, 173.828995, 5141.627441> ... Lifespan: Set to 60 minutes.
[AirdropContainerFall] Loot Spawned [19] TunaCan @ <1840.217285, 173.823441, 5141.210449> ... Lifespan: Set to 60 minutes.
[AirdropContainerFall] Loot Spawned [20] Rice @ <1838.234741, 173.775818, 5135.986816> ... Lifespan: Set to 60 minutes.
[AirdropContainerUnstuck] Container was unstuck.
[~AirdropContainerBase] Container Destroyed on 2021-05-02 @ 12-36-41
