[InitializeContainer] Container created on 2021-04-13 @ 08-25-15
[InitializeContainer] Winds: Vector <9.724754, 0.000000, 8.783912>, Speed 13.1045mps, Strength 0.1
[AirdropContainerFall] Drop Type 'Military East', Container: 'AirdropContainer_Military', Mode/Quantity/Iems: Random/20/33, Flare:  10%
[AirdropContainerFall] Loot Spawned [1] GorkaEJacket_Summer @ <3049.484375, 208.949570, 12908.709961> ... Lifespan: Set to 30 minutes.
[AirdropContainerFall] Loot Spawned [2] Binoculars @ <3049.075439, 208.964279, 12910.239258> ... Lifespan: Set to 30 minutes.
[AirdropContainerFall] Loot Spawned [3] Mag_AKM_30Rnd @ <3049.524658, 208.948135, 12913.432617> ... Lifespan: Set to 30 minutes.
[AirdropContainerFall] Loot Spawned [4] Mag_AKM_30Rnd @ <3052.452393, 208.842728, 12908.456055> ... Lifespan: Set to 30 minutes.
[AirdropContainerFall] Loot Spawned [5] KOD_M16A4 @ <3051.232910, 208.886612, 12908.242188> ... Lifespan: Set to 30 minutes.
[AirdropContainerFall] Loot Spawned [6] Canteen @ <3049.490234, 208.949371, 12910.566406> ... Lifespan: Set to 30 minutes.
[AirdropContainerFall] Loot Spawned [7] Canteen @ <3052.397705, 208.844696, 12912.764648> ... Lifespan: Set to 30 minutes.
[AirdropContainerFall] Loot Spawned [8] TacticalGloves_Green @ <3054.738037, 208.760437, 12909.501953> ... Lifespan: Set to 30 minutes.
[AirdropContainerFall] Loot Spawned [9] GorkaPants_PautRev @ <3048.687256, 208.978256, 12910.714844> ... Lifespan: Set to 30 minutes.
[AirdropContainerFall] Loot Spawned [10] AKM @ <3053.485352, 208.805527, 12912.769531> ... Lifespan: Set to 30 minutes.
[AirdropContainerFall] Loot Spawned [11] AK_Suppressor @ <3052.013428, 208.858536, 12908.012695> ... Lifespan: Set to 30 minutes.
[AirdropContainerFall] Loot Spawned [12] GorkaPants_PautRev @ <3048.868896, 208.971725, 12908.602539> ... Lifespan: Set to 30 minutes.
[AirdropContainerFall] Loot Spawned [13] Binoculars @ <3052.480225, 208.841721, 12912.153320> ... Lifespan: Set to 30 minutes.
[AirdropContainerFall] Loot Spawned [14] GorkaPants_Summer @ <3050.929443, 208.897552, 12913.350586> ... Lifespan: Set to 30 minutes.
[AirdropContainerFall] Loot Spawned [15] GorkaPants_Flat @ <3048.783447, 208.974792, 12908.608398> ... Lifespan: Set to 30 minutes.
[AirdropContainerFall] Loot Spawned [16] AKM @ <3050.028809, 208.929977, 12912.832031> ... Lifespan: Set to 30 minutes.
[AirdropContainerFall] Loot Spawned [17] TacticalGoggles @ <3053.369629, 208.809692, 12907.881836> ... Lifespan: Set to 30 minutes.
[AirdropContainerFall] Loot Spawned [18] GorkaEJacket_PautRev @ <3049.683105, 208.942413, 12910.042969> ... Lifespan: Set to 30 minutes.
[AirdropContainerFall] Loot Spawned [19] AmmoBox_762x39_20Rnd @ <3051.550537, 208.875183, 12907.921875> ... Lifespan: Set to 30 minutes.
[AirdropContainerFall] Loot Spawned [20] AK_Suppressor @ <3051.996582, 208.859131, 12913.243164> ... Lifespan: Set to 30 minutes.
[AirdropContainerFall] Airdrop Flare Spawned @ <3051.211182, 208.887222, 12907.374023> ... Lifespan: Set to 30 minutes.
[AirdropContainerUnstuck] Container was unstuck.
[~AirdropContainerBase] Container Destroyed on 2021-04-13 @ 08-50-15
