[InitializeContainer] Container created on 2021-04-11 @ 03-36-34
[InitializeContainer] Winds: Vector <2.364976, 0.000000, -7.041705>, Speed 7.42824mps, Strength 0.1
[AirdropContainerFall] Drop Type 'Military West', Container: 'AirdropContainer_Military', Mode/Quantity/Iems: Random/20/46, Flare:  10%
[AirdropContainerFall] Loot Spawned [1] UKAssVest_Khaki @ <8508.083008, 104.121002, 12690.144531> ... Lifespan: Set to 30 minutes.
[AirdropContainerFall] Loot Spawned [2] MilitaryBoots_Black @ <8507.208008, 104.121002, 12687.941406> ... Lifespan: Set to 30 minutes.
[AirdropContainerFall] Loot Spawned [3] M4_T3NrdSOptic @ <8503.958984, 104.197350, 12692.635742> ... Lifespan: Set to 30 minutes.
[AirdropContainerFall] Loot Spawned [4] AKM @ <8506.781250, 104.121002, 12692.036133> ... Lifespan: Set to 30 minutes.
[AirdropContainerFall] Loot Spawned [5] Canteen @ <8504.820313, 104.134171, 12691.087891> ... Lifespan: Set to 30 minutes.
[AirdropContainerFall] Loot Spawned [6] M4_RISHndgrd @ <8506.775391, 104.121002, 12692.628906> ... Lifespan: Set to 30 minutes.
[AirdropContainerFall] Loot Spawned [7] MilitaryBoots_Beige @ <8508.072266, 104.121002, 12690.752930> ... Lifespan: Set to 30 minutes.
[AirdropContainerFall] Loot Spawned [8] TacticalGloves_Beige @ <8509.294922, 104.121002, 12692.057617> ... Lifespan: Set to 30 minutes.
[AirdropContainerFall] Loot Spawned [9] TacticalGloves_Green @ <8507.408203, 104.121002, 12691.779297> ... Lifespan: Set to 30 minutes.
[AirdropContainerFall] Loot Spawned [10] WeaponCleaningKit @ <8506.573242, 104.121002, 12686.993164> ... Lifespan: Set to 30 minutes.
[AirdropContainerFall] Loot Spawned [11] M4_RISHndgrd @ <8505.318359, 104.121002, 12687.271484> ... Lifespan: Set to 30 minutes.
[AirdropContainerFall] Loot Spawned [12] AmmoBox_556x45_20Rnd @ <8505.141602, 104.121002, 12692.250977> ... Lifespan: Set to 30 minutes.
[AirdropContainerFall] Loot Spawned [13] Binoculars @ <8508.798828, 104.121002, 12691.783203> ... Lifespan: Set to 30 minutes.
[AirdropContainerFall] Loot Spawned [14] MilitaryBoots_Brown @ <8506.480469, 104.121002, 12692.309570> ... Lifespan: Set to 30 minutes.
[AirdropContainerFall] Loot Spawned [15] TacticalGloves_Black @ <8503.720703, 104.215828, 12691.020508> ... Lifespan: Set to 30 minutes.
[AirdropContainerFall] Loot Spawned [16] MilitaryBoots_Bluerock @ <8505.216797, 104.121002, 12689.133789> ... Lifespan: Set to 30 minutes.
[AirdropContainerFall] Loot Spawned [17] UniversalLight @ <8504.284180, 104.176308, 12688.816406> ... Lifespan: Set to 30 minutes.
[AirdropContainerFall] Loot Spawned [18] M4A1 @ <8507.525391, 104.121002, 12692.011719> ... Lifespan: Set to 30 minutes.
[AirdropContainerFall] Loot Spawned [19] UKAssVest_Black @ <8508.430664, 104.121002, 12691.444336> ... Lifespan: Set to 30 minutes.
[AirdropContainerFall] Loot Spawned [20] M4_T3NrdSOptic @ <8504.737305, 104.140213, 12693.373047> ... Lifespan: Set to 30 minutes.
[AirdropContainerUnstuck] Container was unstuck.
[~AirdropContainerBase] Container Destroyed on 2021-04-11 @ 04-01-34
