[AirdropPlane] Aircraft created on 2021-03-27 @ 03-17-27
[InitializeAircraft] Aircraft Initialized: Novaya Petrovka @ 3100/12840 (true)
[EOnBeforeDrop] The Aircraft is 1 Km from Novaya Petrovka. @ <3241.865234, 461.439331, 14331.531250>
[EOnDrop] Zombie Spawned [1] ZmbM_JoggerSkinny_Red @ <3130.808838, 206.350098, 12925.559570> ... Lifespan:  Set to 30 minutes.
[EOnDrop] Zombie Spawned [2] ZmbM_ParamedicNormal_Black @ <3112.299316, 206.965103, 12921.698242> ... Lifespan:  Set to 30 minutes.
[EOnDrop] Zombie Spawned [3] ZmbF_ShortSkirt_green @ <3109.862305, 207.109665, 12946.001953> ... Lifespan:  Set to 30 minutes.
[EOnDrop] Zombie Spawned [4] ZmbM_CommercialPilotOld_Olive @ <3127.751465, 206.424713, 12940.653320> ... Lifespan:  Set to 30 minutes.
[EOnDrop] Zombie Spawned [5] ZmbF_SkaterYoung_Violet @ <3119.950928, 206.766510, 12929.445313> ... Lifespan:  Set to 30 minutes.
[EOnDrop] Zombie Spawned [6] ZmbF_ShortSkirt_red @ <3113.100098, 206.866592, 12897.976563> ... Lifespan:  Set to 30 minutes.
[EOnDrop] Zombie Spawned [7] ZmbM_CitizenASkinny_Brown @ <3097.865479, 207.577408, 12910.494141> ... Lifespan:  Set to 30 minutes.
[EOnDrop] Zombie Spawned [8] ZmbF_SkaterYoung_Brown @ <3123.765381, 206.464355, 12911.239258> ... Lifespan:  Set to 30 minutes.
[EOnDrop] Zombie Spawned [9] ZmbF_SkaterYoung_Striped @ <3116.902832, 206.707077, 12904.050781> ... Lifespan:  Set to 30 minutes.
[EOnDrop] Zombie Spawned [10] ZmbM_JoggerSkinny_Green @ <3116.849854, 206.785156, 12919.920898> ... Lifespan:  Set to 30 minutes.
[EOnDrop] Zombie Spawned [11] ZmbF_ShortSkirt_checks @ <3084.941162, 208.133759, 12905.919922> ... Lifespan:  Set to 30 minutes.
[EOnDrop] Zombie Spawned [12] ZmbF_JoggerSkinny_Blue @ <3086.666260, 208.058701, 12911.515625> ... Lifespan:  Set to 30 minutes.
[EOnDrop] Zombie Spawned [13] ZmbM_JoggerSkinny_Blue @ <3091.850098, 207.850327, 12923.038086> ... Lifespan:  Set to 30 minutes.
[EOnDrop] Zombie Spawned [14] ZmbF_ShortSkirt_grey @ <3087.124023, 208.036209, 12902.629883> ... Lifespan:  Set to 30 minutes.
[EOnDrop] Zombie Spawned [15] ZmbF_SkaterYoung_Brown @ <3069.860596, 208.696442, 12893.575195> ... Lifespan:  Set to 30 minutes.
[EOnDrop] Zombie Spawned [16] ZmbM_Jacket_beige @ <3109.956787, 207.023239, 12905.972656> ... Lifespan:  Set to 30 minutes.
[EOnDrop] Zombie Spawned [17] ZmbF_Clerk_Normal_Blue @ <3138.088379, 205.978073, 12944.281250> ... Lifespan:  Set to 30 minutes.
[EOnDrop] Zombie Spawned [18] ZmbF_ShortSkirt_red @ <3069.304932, 208.724899, 12913.277344> ... Lifespan:  Set to 30 minutes.
[EOnDrop] Zombie Spawned [19] ZmbM_JournalistSkinny @ <3100.143066, 207.454071, 12901.457031> ... Lifespan:  Set to 30 minutes.
[EOnDrop] Zombie Spawned [20] ZmbF_ShortSkirt_black @ <3114.881592, 206.800797, 12905.843750> ... Lifespan:  Set to 30 minutes.
[EOnDrop] Zombie Spawned [21] ZmbM_ClerkFat_White @ <3073.170898, 208.585052, 12906.910156> ... Lifespan:  Set to 30 minutes.
[EOnDrop] Zombie Spawned [22] ZmbM_Jacket_greenchecks @ <3092.453369, 207.804947, 12937.484375> ... Lifespan:  Set to 30 minutes.
[EOnDrop] Zombie Spawned [23] ZmbF_ShortSkirt_stripes @ <3085.516846, 208.077988, 12923.612305> ... Lifespan:  Set to 30 minutes.
[EOnDrop] Zombie Spawned [24] ZmbM_Jacket_black @ <3124.646484, 206.528122, 12921.341797> ... Lifespan:  Set to 30 minutes.
[EOnDrop] Zombie Spawned [25] ZmbF_CitizenANormal_Brown @ <3083.645020, 208.047760, 12872.471680> ... Lifespan:  Set to 30 minutes.
[EOnDrop] Drop spawned with 25 infected at <3106.913574, 348.190887, 12913.908203>.
[EOnDrop] Supplies have been dropped near Novaya Petrovka.
[EOnBeforeDelete] Aircraft despawned @ <1782.260864, 152.000610, -1000.805420>
[~AirdropPlane] Aircraft destroyed.
