[InitializeContainer] Container created on 2021-03-21 @ 01-04-31
[InitializeContainer] Winds: Vector <11.055904, 0.000000, 0.224589>, Speed 11.0582mps, Strength 0.1
[AirdropContainerFall] Drop Type 'Misc. Tools', Container: 'RANDOM', Mode/Quantity/Iems: Random/30/54, Flare:  10%
[AirdropContainerFall] Loot Spawned [1] BaseRadio @ <11505.026367, 37.701000, 14311.760742> ... Lifespan: Set to 30 minutes.
[AirdropContainerFall] Loot Spawned [2] Spotlight @ <11504.620117, 37.701000, 14310.679688> ... Lifespan: Set to 30 minutes.
[AirdropContainerFall] Loot Spawned [3] Hatchet @ <11502.956055, 37.701000, 14311.896484> ... Lifespan: Set to 30 minutes.
[AirdropContainerFall] Loot Spawned [4] PersonalRadio @ <11498.878906, 37.701000, 14311.109375> ... Lifespan: Set to 30 minutes.
[AirdropContainerFall] Loot Spawned [5] LeatherSewingKit @ <11503.768555, 37.701000, 14310.769531> ... Lifespan: Set to 30 minutes.
[AirdropContainerFall] Loot Spawned [6] Chemlight_Red @ <11500.676758, 37.701000, 14311.310547> ... Lifespan: Set to 30 minutes.
[AirdropContainerFall] Loot Spawned [7] SewingKit @ <11500.649414, 37.701000, 14311.372070> ... Lifespan: Set to 30 minutes.
[AirdropContainerFall] Loot Spawned [8] BaseRadio @ <11499.413086, 37.385525, 14309.145508> ... Lifespan: Set to 30 minutes.
[AirdropContainerFall] Loot Spawned [9] ChernarusMap @ <11503.232422, 37.701000, 14311.325195> ... Lifespan: Set to 30 minutes.
[AirdropContainerFall] Loot Spawned [10] Matchbox @ <11504.054688, 37.701000, 14311.838867> ... Lifespan: Set to 30 minutes.
[AirdropContainerFall] Loot Spawned [11] AK101 @ <11501.735352, 37.701000, 14311.857422> ... Lifespan: Set to 30 minutes.
[AirdropContainerFall] Loot Spawned [12] SledgeHammer @ <11500.202148, 37.701000, 14312.184570> ... Lifespan: Set to 30 minutes.
[AirdropContainerFall] Loot Spawned [13] Pickaxe @ <11501.217773, 37.701000, 14312.159180> ... Lifespan: Set to 30 minutes.
[AirdropContainerFall] Loot Spawned [14] Matchbox @ <11503.809570, 37.611397, 14309.756836> ... Lifespan: Set to 30 minutes.
[AirdropContainerFall] Loot Spawned [15] Pickaxe @ <11504.375977, 37.701000, 14310.569336> ... Lifespan: Set to 30 minutes.
[AirdropContainerFall] Loot Spawned [16] PortableGasLamp @ <11504.453125, 37.701000, 14311.227539> ... Lifespan: Set to 30 minutes.
[AirdropContainerFall] Loot Spawned [17] CableReel @ <11503.675781, 37.701000, 14310.560547> ... Lifespan: Set to 30 minutes.
[AirdropContainerFall] Loot Spawned [18] WoodAxe @ <11500.882813, 36.658195, 14307.175781> ... Lifespan: Set to 30 minutes.
[AirdropContainerFall] Loot Spawned [19] Battery9V @ <11500.333008, 37.701000, 14311.926758> ... Lifespan: Set to 30 minutes.
[AirdropContainerFall] Loot Spawned [20] Roadflare @ <11499.830078, 37.701000, 14310.499023> ... Lifespan: Set to 30 minutes.
[AirdropContainerFall] Loot Spawned [21] AK101 @ <11504.759766, 37.228630, 14308.720703> ... Lifespan: Set to 30 minutes.
[AirdropContainerFall] Loot Spawned [22] Wrench @ <11500.426758, 37.701000, 14311.449219> ... Lifespan: Set to 30 minutes.
[AirdropContainerFall] Loot Spawned [23] CanOpener @ <11500.336914, 37.527203, 14309.528320> ... Lifespan: Set to 30 minutes.
[AirdropContainerFall] Loot Spawned [24] Headtorch_Black @ <11499.297852, 37.701000, 14310.677734> ... Lifespan: Set to 30 minutes.
[AirdropContainerFall] Loot Spawned [25] PortableGasStove @ <11500.645508, 37.280365, 14308.860352> ... Lifespan: Set to 30 minutes.
[AirdropContainerFall] Loot Spawned [26] AKM @ <11505.057617, 37.701000, 14311.153320> ... Lifespan: Set to 30 minutes.
[AirdropContainerFall] Loot Spawned [27] Chemlight_Yellow @ <11503.741211, 37.701000, 14310.041016> ... Lifespan: Set to 30 minutes.
[AirdropContainerFall] Loot Spawned [28] Compass @ <11499.820313, 37.701000, 14311.391602> ... Lifespan: Set to 30 minutes.
[AirdropContainerFall] Loot Spawned [29] Heatpack @ <11499.690430, 37.701000, 14310.517578> ... Lifespan: Set to 30 minutes.
[AirdropContainerFall] Loot Spawned [30] Hatchet @ <11502.666016, 37.701000, 14312.916992> ... Lifespan: Set to 30 minutes.
[AirdropContainerUnstuck] Container was unstuck.
