[InitializeContainer] Container created on 2021-03-24 @ 17-29-03
[InitializeContainer] Winds: Vector <1.957909, 0.000000, -7.011841>, Speed 7.28006mps, Strength 0.1
[AirdropContainerFall] Drop Type 'Military West', Container: 'AirdropContainer_Military', Mode/Quantity/Iems: Random/20/46, Flare:  10%
[AirdropContainerFall] Loot Spawned [1] UKAssVest_Black @ <12447.816406, 18.744833, 9320.776367> ... Lifespan: Set to 30 minutes.
[AirdropContainerFall] Loot Spawned [2] MilitaryBoots_Brown @ <12444.020508, 18.885120, 9323.125000> ... Lifespan: Set to 30 minutes.
[AirdropContainerFall] Loot Spawned [3] CanOpener @ <12442.609375, 18.948330, 9323.720703> ... Lifespan: Set to 30 minutes.
[AirdropContainerFall] Loot Spawned [4] M4_T3NrdSOptic @ <12443.600586, 18.756523, 9325.706055> ... Lifespan: Set to 30 minutes.
[AirdropContainerFall] Loot Spawned [5] MilitaryBoots_Beige @ <12447.958008, 18.726444, 9320.938477> ... Lifespan: Set to 30 minutes.
[AirdropContainerFall] Loot Spawned [6] CombatKnife @ <12448.754883, 18.478991, 9324.280273> ... Lifespan: Set to 30 minutes.
[AirdropContainerFall] Loot Spawned [7] UniversalLight @ <12448.169922, 18.715242, 9320.865234> ... Lifespan: Set to 30 minutes.
[AirdropContainerFall] Loot Spawned [8] AmmoBox_556x45_20Rnd @ <12444.643555, 18.759762, 9324.451172> ... Lifespan: Set to 30 minutes.
[AirdropContainerFall] Loot Spawned [9] M4_CQBBttstck @ <12446.350586, 18.860600, 9320.541992> ... Lifespan: Set to 30 minutes.
[AirdropContainerFall] Loot Spawned [10] M4_T3NrdSOptic @ <12447.392578, 18.714041, 9321.944336> ... Lifespan: Set to 30 minutes.
[AirdropContainerFall] Loot Spawned [11] Mag_FNX45_15Rnd @ <12445.490234, 18.599291, 9326.091797> ... Lifespan: Set to 30 minutes.
[AirdropContainerFall] Loot Spawned [12] MilitaryBoots_Bluerock @ <12447.901367, 18.493217, 9325.034180> ... Lifespan: Set to 30 minutes.
[AirdropContainerFall] Loot Spawned [13] USMCPants_Desert @ <12443.558594, 18.850075, 9324.228516> ... Lifespan: Set to 30 minutes.
[AirdropContainerFall] Loot Spawned [14] Mag_FNX45_15Rnd @ <12447.297852, 18.689281, 9322.542969> ... Lifespan: Set to 30 minutes.
[AirdropContainerFall] Loot Spawned [15] CombatKnife @ <12443.596680, 18.773403, 9325.434570> ... Lifespan: Set to 30 minutes.
[AirdropContainerFall] Loot Spawned [16] Binoculars @ <12444.426758, 18.924374, 9321.930664> ... Lifespan: Set to 30 minutes.
[AirdropContainerFall] Loot Spawned [17] M4_RISHndgrd @ <12443.622070, 18.938148, 9322.719727> ... Lifespan: Set to 30 minutes.
[AirdropContainerFall] Loot Spawned [18] Binoculars @ <12445.497070, 18.884115, 9321.250977> ... Lifespan: Set to 30 minutes.
[AirdropContainerFall] Loot Spawned [19] Binoculars @ <12449.494141, 18.468998, 9323.590820> ... Lifespan: Set to 30 minutes.
[AirdropContainerFall] Loot Spawned [20] AK101 @ <12443.669922, 19.031612, 9320.896484> ... Lifespan: Set to 30 minutes.
[AirdropContainerUnstuck] Container was unstuck.
[~AirdropContainerBase] Container Destroyed on 2021-03-24 @ 17-54-03
