[InitializeContainer] Container created on 2021-05-03 @ 20-05-21
[InitializeContainer] Winds: Vector <11.232889, 0.000000, 4.438721>, Speed 12.0781mps, Strength 0.1
[AirdropContainerFall] Drop Type 'Misc. Food', Container: 'RANDOM', Mode/Quantity/Iems: Random/20/26, Flare:  10%
[AirdropContainerFall] Loot Spawned [1] SodaCan_Kvass @ <7489.440918, 6.001000, 3503.417480> ... Lifespan: Set to 60 minutes.
[AirdropContainerFall] Loot Spawned [2] SardinesCan @ <7482.928711, 6.001000, 3504.374512> ... Lifespan: Set to 60 minutes.
[AirdropContainerFall] Loot Spawned [3] SodaCan_Cola @ <7485.929688, 6.001000, 3507.285889> ... Lifespan: Set to 60 minutes.
[AirdropContainerFall] Loot Spawned [4] BakedBeansCan @ <7484.239258, 6.001000, 3505.769531> ... Lifespan: Set to 60 minutes.
[AirdropContainerFall] Loot Spawned [5] SodaCan_Pipsi @ <7485.781738, 6.001000, 3508.041504> ... Lifespan: Set to 60 minutes.
[AirdropContainerFall] Loot Spawned [6] BakedBeansCan @ <7484.493652, 6.001000, 3506.836426> ... Lifespan: Set to 60 minutes.
[AirdropContainerFall] Loot Spawned [7] SodaCan_Kvass @ <7488.246094, 6.001000, 3502.206543> ... Lifespan: Set to 60 minutes.
[AirdropContainerFall] Loot Spawned [8] Tomato @ <7486.589355, 6.001000, 3502.475586> ... Lifespan: Set to 60 minutes.
[AirdropContainerFall] Loot Spawned [9] BoxCerealCrunchin @ <7489.153320, 6.001000, 3504.583252> ... Lifespan: Set to 60 minutes.
[AirdropContainerFall] Loot Spawned [10] SodaCan_Kvass @ <7486.170898, 6.001000, 3501.924561> ... Lifespan: Set to 60 minutes.
[AirdropContainerFall] Loot Spawned [11] Pear @ <7488.208008, 6.001000, 3505.252197> ... Lifespan: Set to 60 minutes.
[AirdropContainerFall] Loot Spawned [12] Plum @ <7485.479004, 6.001000, 3501.695313> ... Lifespan: Set to 60 minutes.
[AirdropContainerFall] Loot Spawned [13] BakedBeansCan @ <7488.779785, 6.001000, 3503.196777> ... Lifespan: Set to 60 minutes.
[AirdropContainerFall] Loot Spawned [14] SodaCan_Cola @ <7488.366699, 6.001000, 3505.507568> ... Lifespan: Set to 60 minutes.
[AirdropContainerFall] Loot Spawned [15] PowderedMilk @ <7488.688477, 6.001000, 3506.755615> ... Lifespan: Set to 60 minutes.
[AirdropContainerFall] Loot Spawned [16] TacticalBaconCan @ <7483.741699, 6.001000, 3506.178955> ... Lifespan: Set to 60 minutes.
[AirdropContainerFall] Loot Spawned [17] SpaghettiCan @ <7485.172363, 6.001000, 3507.159424> ... Lifespan: Set to 60 minutes.
[AirdropContainerFall] Loot Spawned [18] TunaCan @ <7489.471191, 6.001000, 3503.729736> ... Lifespan: Set to 60 minutes.
[AirdropContainerFall] Loot Spawned [19] Rice @ <7487.999023, 6.001000, 3505.897461> ... Lifespan: Set to 60 minutes.
[AirdropContainerFall] Loot Spawned [20] SpaghettiCan @ <7488.537598, 6.001000, 3502.622314> ... Lifespan: Set to 60 minutes.
[AirdropContainerUnstuck] Container was unstuck.
[~AirdropContainerBase] Container Destroyed on 2021-05-03 @ 20-35-21
