[InitializeContainer] Container created on 2021-04-08 @ 07-59-59
[InitializeContainer] Winds: Vector <9.810321, 0.000000, -2.802657>, Speed 10.2028mps, Strength 0.1
[AirdropContainerFall] Drop Type 'Misc. Food', Container: 'RANDOM', Mode/Quantity/Iems: Random/29/30, Flare:  10%
[AirdropContainerFall] Loot Spawned [1] SodaCan_Spite @ <1904.427612, 172.807159, 5141.733398> ... Lifespan: Set to 30 minutes.
[AirdropContainerFall] Loot Spawned [2] Lard @ <1907.436890, 172.621674, 5138.856934> ... Lifespan: Set to 30 minutes.
[AirdropContainerFall] Loot Spawned [3] Canteen @ <1909.013306, 172.513229, 5139.322754> ... Lifespan: Set to 30 minutes.
[AirdropContainerFall] Loot Spawned [4] KOD_M16A4 @ <1903.247681, 172.871262, 5139.127930> ... Lifespan: Set to 30 minutes.
[AirdropContainerFall] Loot Spawned [5] CaninaBerry @ <1906.222046, 172.693970, 5142.728516> ... Lifespan: Set to 30 minutes.
[AirdropContainerFall] Loot Spawned [6] SodaCan_Cola @ <1908.059814, 172.580902, 5138.263184> ... Lifespan: Set to 30 minutes.
[AirdropContainerFall] Loot Spawned [7] SardinesCan @ <1906.548340, 172.670944, 5143.043457> ... Lifespan: Set to 30 minutes.
[AirdropContainerFall] Loot Spawned [8] CaninaBerry @ <1905.172852, 172.775604, 5138.863281> ... Lifespan: Set to 30 minutes.
[AirdropContainerFall] Loot Spawned [9] Zucchini @ <1907.519897, 172.608627, 5141.632813> ... Lifespan: Set to 30 minutes.
[AirdropContainerFall] Loot Spawned [10] KOD_M16A4 @ <1904.722412, 172.804565, 5137.630371> ... Lifespan: Set to 30 minutes.
[AirdropContainerFall] Loot Spawned [11] Apple @ <1905.746216, 172.738190, 5138.272949> ... Lifespan: Set to 30 minutes.
[AirdropContainerFall] Loot Spawned [12] TacticalBaconCan @ <1907.265259, 172.639389, 5143.106934> ... Lifespan: Set to 30 minutes.
[AirdropContainerFall] Loot Spawned [13] Pumpkin @ <1908.109741, 172.571533, 5140.499023> ... Lifespan: Set to 30 minutes.
[AirdropContainerFall] Loot Spawned [14] Pumpkin @ <1903.861084, 172.841614, 5139.013184> ... Lifespan: Set to 30 minutes.
[AirdropContainerFall] Loot Spawned [15] AKM @ <1907.198364, 172.628601, 5142.343262> ... Lifespan: Set to 30 minutes.
[AirdropContainerFall] Loot Spawned [16] SodaCan_Kvass @ <1908.406494, 172.557037, 5138.372070> ... Lifespan: Set to 30 minutes.
[AirdropContainerFall] Loot Spawned [17] KOD_M16A4 @ <1906.211670, 172.707123, 5138.052246> ... Lifespan: Set to 30 minutes.
[AirdropContainerFall] Loot Spawned [18] Lard @ <1908.103760, 172.579468, 5137.675293> ... Lifespan: Set to 30 minutes.
[AirdropContainerFall] Loot Spawned [19] GreenBellPepper @ <1905.541748, 172.752823, 5137.999512> ... Lifespan: Set to 30 minutes.
[AirdropContainerFall] Loot Spawned [20] GreenBellPepper @ <1903.184082, 172.870193, 5140.479980> ... Lifespan: Set to 30 minutes.
[AirdropContainerFall] Loot Spawned [21] SodaCan_Pipsi @ <1904.511841, 172.809158, 5139.466797> ... Lifespan: Set to 30 minutes.
[AirdropContainerFall] Loot Spawned [22] Potato @ <1908.002563, 172.584183, 5138.488770> ... Lifespan: Set to 30 minutes.
[AirdropContainerFall] Loot Spawned [23] Canteen @ <1909.153076, 172.501312, 5140.230469> ... Lifespan: Set to 30 minutes.
[AirdropContainerFall] Loot Spawned [24] PowderedMilk @ <1907.950562, 172.650925, 5143.701660> ... Lifespan: Set to 30 minutes.
[AirdropContainerFall] Loot Spawned [25] BakedBeansCan @ <1903.578735, 172.854645, 5139.208496> ... Lifespan: Set to 30 minutes.
[AirdropContainerFall] Loot Spawned [26] SodaCan_Pipsi @ <1904.236816, 172.818130, 5141.054688> ... Lifespan: Set to 30 minutes.
[AirdropContainerFall] Loot Spawned [27] Zucchini @ <1907.173462, 172.629272, 5142.728027> ... Lifespan: Set to 30 minutes.
[AirdropContainerFall] Loot Spawned [28] Apple @ <1905.406860, 172.760178, 5138.678223> ... Lifespan: Set to 30 minutes.
[AirdropContainerFall] Loot Spawned [29] TacticalBaconCan @ <1908.545288, 172.541138, 5140.793945> ... Lifespan: Set to 30 minutes.
[AirdropContainerUnstuck] Container was unstuck.
[~AirdropContainerBase] Container Destroyed on 2021-04-08 @ 08-24-59
