[InitializeContainer] Container created on 2021-03-24 @ 13-02-32
[InitializeContainer] Winds: Vector <8.432830, 0.000000, 10.645397>, Speed 13.5808mps, Strength 0.1
[AirdropContainerFall] Drop Type 'Misc. Food', Container: 'RANDOM', Mode/Quantity/Iems: Random/29/30, Flare:  10%
[AirdropContainerFall] Loot Spawned [1] Plum @ <4561.464355, 341.141998, 10294.264648> ... Lifespan: Set to 30 minutes.
[AirdropContainerFall] Loot Spawned [2] SodaCan_Cola @ <4564.640625, 341.046478, 10297.979492> ... Lifespan: Set to 30 minutes.
[AirdropContainerFall] Loot Spawned [3] Canteen @ <4563.186523, 341.095154, 10300.078125> ... Lifespan: Set to 30 minutes.
[AirdropContainerFall] Loot Spawned [4] SodaCan_Kvass @ <4562.672852, 341.111267, 10295.635742> ... Lifespan: Set to 30 minutes.
[AirdropContainerFall] Loot Spawned [5] BakedBeansCan @ <4562.651367, 341.112122, 10295.645508> ... Lifespan: Set to 30 minutes.
[AirdropContainerFall] Loot Spawned [6] KOD_DVL10 @ <4565.493652, 341.009033, 10296.211914> ... Lifespan: Set to 30 minutes.
[AirdropContainerFall] Loot Spawned [7] CaninaBerry @ <4564.703613, 341.029816, 10294.581055> ... Lifespan: Set to 30 minutes.
[AirdropContainerFall] Loot Spawned [8] SodaCan_Kvass @ <4565.016113, 341.019012, 10294.736328> ... Lifespan: Set to 30 minutes.
[AirdropContainerFall] Loot Spawned [9] PeachesCan @ <4561.198730, 341.173615, 10298.479492> ... Lifespan: Set to 30 minutes.
[AirdropContainerFall] Loot Spawned [10] Pear @ <4564.819336, 341.033936, 10296.160156> ... Lifespan: Set to 30 minutes.
[AirdropContainerFall] Loot Spawned [11] BoxCerealCrunchin @ <4561.584961, 341.160858, 10297.319336> ... Lifespan: Set to 30 minutes.
[AirdropContainerFall] Loot Spawned [12] Plum @ <4561.483887, 341.162018, 10296.828125> ... Lifespan: Set to 30 minutes.
[AirdropContainerFall] Loot Spawned [13] Apple @ <4565.745605, 340.998962, 10296.083984> ... Lifespan: Set to 30 minutes.
[AirdropContainerFall] Loot Spawned [14] BakedBeansCan @ <4565.552734, 341.010284, 10296.860352> ... Lifespan: Set to 30 minutes.
[AirdropContainerFall] Loot Spawned [15] Apple @ <4561.877930, 341.142303, 10295.891602> ... Lifespan: Set to 30 minutes.
[AirdropContainerFall] Loot Spawned [16] SambucusBerry @ <4562.585449, 341.119873, 10299.227539> ... Lifespan: Set to 30 minutes.
[AirdropContainerFall] Loot Spawned [17] Plum @ <4561.372559, 341.145477, 10294.311523> ... Lifespan: Set to 30 minutes.
[AirdropContainerFall] Loot Spawned [18] AK101 @ <4566.270996, 340.982269, 10299.064453> ... Lifespan: Set to 30 minutes.
[AirdropContainerFall] Loot Spawned [19] PeachesCan @ <4565.910156, 340.986023, 10294.809570> ... Lifespan: Set to 30 minutes.
[AirdropContainerFall] Loot Spawned [20] Canteen @ <4564.341309, 341.048035, 10295.456055> ... Lifespan: Set to 30 minutes.
[AirdropContainerFall] Loot Spawned [21] SodaCan_Pipsi @ <4561.564941, 341.154694, 10296.023438> ... Lifespan: Set to 30 minutes.
[AirdropContainerFall] Loot Spawned [22] Tomato @ <4564.241211, 341.055359, 10300.234375> ... Lifespan: Set to 30 minutes.
[AirdropContainerFall] Loot Spawned [23] AK101 @ <4562.555664, 341.104340, 10294.128906> ... Lifespan: Set to 30 minutes.
[AirdropContainerFall] Loot Spawned [24] Potato @ <4565.225586, 341.016724, 10295.776367> ... Lifespan: Set to 30 minutes.
[AirdropContainerFall] Loot Spawned [25] TacticalBaconCan @ <4562.101074, 341.137054, 10299.572266> ... Lifespan: Set to 30 minutes.
[AirdropContainerFall] Loot Spawned [26] Potato @ <4560.906738, 341.186737, 10297.421875> ... Lifespan: Set to 30 minutes.
[AirdropContainerFall] Loot Spawned [27] SodaCan_Kvass @ <4560.250000, 341.210449, 10297.962891> ... Lifespan: Set to 30 minutes.
[AirdropContainerFall] Loot Spawned [28] BoxCerealCrunchin @ <4561.512695, 341.161285, 10298.714844> ... Lifespan: Set to 30 minutes.
[AirdropContainerFall] Loot Spawned [29] WaterBottle @ <4566.005859, 340.991180, 10296.452148> ... Lifespan: Set to 30 minutes.
[AirdropContainerUnstuck] Container was unstuck.
[~AirdropContainerBase] Container Destroyed on 2021-03-24 @ 13-27-32
