[InitializeContainer] Container created on 2021-03-09 @ 17-21-35
[InitializeContainer] Winds: Vector <5.670327, 0.000000, -6.427231>, Speed 8.57099mps, Strength 0.1
[AirdropContainerFall] Drop Type 'Military East', Container: 'AirdropContainer_Military', Mode/Quantity/Iems: Random/20/28, Flare:  10%
[AirdropContainerFall] Loot Spawned [1] AK_RailHndgrd @ <12514.480469, 14.289264, 9304.822266> ... Lifespan: Set to 60 minutes.
[AirdropContainerFall] Loot Spawned [2] AmmoBox_762x39_20Rnd @ <12511.801758, 14.372531, 9303.244141> ... Lifespan: Set to 60 minutes.
[AirdropContainerFall] Loot Spawned [3] TacticalGloves_Green @ <12508.583008, 14.526055, 9305.578125> ... Lifespan: Set to 60 minutes.
[AirdropContainerFall] Loot Spawned [4] Binoculars @ <12513.953125, 14.380606, 9308.806641> ... Lifespan: Set to 60 minutes.
[AirdropContainerFall] Loot Spawned [5] TacticalBaconCan @ <12511.515625, 14.515325, 9308.390625> ... Lifespan: Set to 60 minutes.
[AirdropContainerFall] Loot Spawned [6] WeaponCleaningKit @ <12512.316406, 14.392150, 9304.641602> ... Lifespan: Set to 60 minutes.
[AirdropContainerFall] Loot Spawned [7] Mag_AKM_30Rnd @ <12511.271484, 14.515691, 9308.726563> ... Lifespan: Set to 60 minutes.
[AirdropContainerFall] Loot Spawned [8] CanOpener @ <12513.061523, 14.437074, 9306.705078> ... Lifespan: Set to 60 minutes.
[AirdropContainerFall] Loot Spawned [9] GorkaPants_Summer @ <12510.283203, 14.577069, 9308.363281> ... Lifespan: Set to 60 minutes.
[AirdropContainerFall] Loot Spawned [10] WeaponCleaningKit @ <12513.521484, 14.308291, 9304.137695> ... Lifespan: Set to 60 minutes.
[AirdropContainerFall] Loot Spawned [11] GorkaPants_PautRev @ <12512.773438, 14.389808, 9305.216797> ... Lifespan: Set to 60 minutes.
[AirdropContainerFall] Loot Spawned [12] AK_Bayonet @ <12510.236328, 14.537574, 9309.568359> ... Lifespan: Set to 60 minutes.
[AirdropContainerFall] Loot Spawned [13] UniversalLight @ <12512.842773, 14.404312, 9305.651367> ... Lifespan: Set to 60 minutes.
[AirdropContainerFall] Loot Spawned [14] GorkaEJacket_Flat @ <12509.734375, 14.585144, 9306.618164> ... Lifespan: Set to 60 minutes.
[AirdropContainerFall] Loot Spawned [15] GorkaPants_Flat @ <12508.418945, 14.572448, 9307.010742> ... Lifespan: Set to 60 minutes.
[AirdropContainerFall] Loot Spawned [16] GorkaEJacket_Summer @ <12512.911133, 14.348148, 9304.332031> ... Lifespan: Set to 60 minutes.
[AirdropContainerFall] Loot Spawned [17] CanOpener @ <12513.263672, 14.395418, 9305.938477> ... Lifespan: Set to 60 minutes.
[AirdropContainerFall] Loot Spawned [18] AK_PlasticBttstck @ <12512.297852, 14.405236, 9304.989258> ... Lifespan: Set to 60 minutes.
[AirdropContainerFall] Loot Spawned [19] TacticalGloves_Beige @ <12509.469727, 14.612535, 9307.726563> ... Lifespan: Set to 60 minutes.
[AirdropContainerFall] Loot Spawned [20] TacticalGloves_Green @ <12508.329102, 14.570590, 9307.008789> ... Lifespan: Set to 60 minutes.
[AirdropContainerUnstuck] Container was unstuck.
[~AirdropContainerBase] Container Destroyed on 2021-03-09 @ 17-36-35
