[AirdropPlane] Aircraft created on 2021-04-15 @ 08-23-59
[InitializeAircraft] Aircraft Initialized: Novodmitrovsk @ 11475/14356 (true)
[EOnBeforeDrop] The Aircraft is 1 Km from Novodmitrovsk. @ <10415.916992, 337.850739, 13296.178711>
[EOnDrop] Zombie Spawned [1] ZmbF_NurseFat @ <11413.388672, 33.155277, 14265.928711> ... Lifespan:  Set to 30 minutes.
[EOnDrop] Zombie Spawned [2] ZmbM_ClerkFat_Grey @ <11404.484375, 38.500969, 14298.083984> ... Lifespan:  Set to 30 minutes.
[EOnDrop] Zombie Spawned [3] ZmbM_CitizenASkinny_Brown @ <11365.300781, 38.760754, 14291.487305> ... Lifespan:  Set to 30 minutes.
[EOnDrop] Zombie Spawned [4] ZmbF_ParamedicNormal_Red @ <11428.992188, 38.212799, 14342.863281> ... Lifespan:  Set to 30 minutes.
[EOnDrop] Zombie Spawned [5] ZmbF_CitizenBSkinny @ <11392.530273, 31.445026, 14263.406250> ... Lifespan:  Set to 30 minutes.
[EOnDrop] Zombie Spawned [6] ZmbM_CitizenBFat_Green @ <11423.290039, 37.789822, 14289.240234> ... Lifespan:  Set to 30 minutes.
[EOnDrop] Zombie Spawned [7] ZmbM_ParamedicNormal_Black @ <11408.721680, 38.883835, 14317.893555> ... Lifespan:  Set to 30 minutes.
[EOnDrop] Zombie Spawned [8] ZmbF_JournalistNormal_Red @ <11439.221680, 37.496681, 14287.062500> ... Lifespan:  Set to 30 minutes.
[EOnDrop] Zombie Spawned [9] ZmbF_DoctorSkinny @ <11373.756836, 39.909672, 14324.814453> ... Lifespan:  Set to 30 minutes.
[EOnDrop] Zombie Spawned [10] ZmbM_SkaterYoung_Blue @ <11427.456055, 37.042854, 14284.301758> ... Lifespan:  Set to 30 minutes.
[EOnDrop] Zombie Spawned [11] ZmbF_ShortSkirt_stripes @ <11412.816406, 38.255291, 14301.276367> ... Lifespan:  Set to 30 minutes.
[EOnDrop] Zombie Spawned [12] ZmbM_JoggerSkinny_Blue @ <11383.690430, 32.752087, 14274.551758> ... Lifespan:  Set to 30 minutes.
[EOnDrop] Zombie Spawned [13] ZmbF_ShortSkirt_white @ <11416.539063, 38.448689, 14344.250000> ... Lifespan:  Set to 30 minutes.
[EOnDrop] Zombie Spawned [14] ZmbF_CitizenBSkinny @ <11429.659180, 37.712875, 14291.373047> ... Lifespan:  Set to 30 minutes.
[EOnDrop] Zombie Spawned [15] ZmbM_Jacket_brown @ <11422.364258, 38.201630, 14324.682617> ... Lifespan:  Set to 30 minutes.
[EOnDrop] Zombie Spawned [16] ZmbM_CitizenASkinny_Red @ <11457.541016, 37.696434, 14299.944336> ... Lifespan:  Set to 30 minutes.
[EOnDrop] Zombie Spawned [17] ZmbM_SkaterYoung_Green @ <11399.414063, 33.308788, 14255.779297> ... Lifespan:  Set to 30 minutes.
[EOnDrop] Zombie Spawned [18] ZmbM_CommercialPilotOld_Grey @ <11392.154297, 33.884594, 14274.130859> ... Lifespan:  Set to 30 minutes.
[EOnDrop] Zombie Spawned [19] ZmbM_CommercialPilotOld_Brown @ <11412.633789, 36.752937, 14283.208984> ... Lifespan:  Set to 30 minutes.
[EOnDrop] Zombie Spawned [20] ZmbF_ParamedicNormal_Red @ <11433.423828, 38.200001, 14315.146484> ... Lifespan:  Set to 30 minutes.
[EOnDrop] Drop spawned with 20 infected at <11413.838867, 198.717880, 14295.530273>.
[EOnDrop] Supplies have been dropped near Novodmitrovsk.
[EOnBeforeDelete] Aircraft despawned @ <13476.483398, 285.386597, 16361.129883>
[~AirdropPlane] Aircraft destroyed.
