[AirdropPlane] Aircraft created on 2021-04-02 @ 09-26-48
[InitializeAircraft] Aircraft Initialized: Novaya Petrovka @ 3100/12840 (true)
[EOnBeforeDrop] The Aircraft is 1 Km from Novaya Petrovka. @ <1602.378174, 566.348511, 12898.227539>
[EOnDrop] Zombie Spawned [1] ZmbM_Jacket_magenta @ <2985.234131, 211.692993, 12838.581055> ... Lifespan:  Set to 30 minutes.
[EOnDrop] Zombie Spawned [2] ZmbM_DoctorFat @ <3003.226074, 210.931244, 12839.722656> ... Lifespan:  Set to 30 minutes.
[EOnDrop] Zombie Spawned [3] ZmbM_JoggerSkinny_Green @ <3031.646729, 209.929474, 12859.565430> ... Lifespan:  Set to 30 minutes.
[EOnDrop] Zombie Spawned [4] ZmbM_PolicemanSpecForce @ <3033.895996, 209.863770, 12842.384766> ... Lifespan:  Set to 30 minutes.
[EOnDrop] Zombie Spawned [5] ZmbM_CitizenBFat_Green @ <3030.830322, 209.948090, 12851.505859> ... Lifespan:  Set to 30 minutes.
[EOnDrop] Zombie Spawned [6] ZmbM_JournalistSkinny @ <3043.384033, 209.517258, 12838.772461> ... Lifespan:  Set to 30 minutes.
[EOnDrop] Zombie Spawned [7] ZmbF_PatientOld @ <3028.520996, 209.757584, 12803.531250> ... Lifespan:  Set to 30 minutes.
[EOnDrop] Zombie Spawned [8] ZmbM_Jacket_magenta @ <2979.372803, 211.810562, 12829.292969> ... Lifespan:  Set to 30 minutes.
[EOnDrop] Zombie Spawned [9] ZmbF_PatientOld @ <3022.688232, 210.229630, 12835.939453> ... Lifespan:  Set to 30 minutes.
[EOnDrop] Zombie Spawned [10] ZmbF_SkaterYoung_Violet @ <3020.901611, 210.420578, 12883.991211> ... Lifespan:  Set to 30 minutes.
[EOnDrop] Zombie Spawned [11] ZmbF_JoggerSkinny_Blue @ <3011.072510, 210.601425, 12830.905273> ... Lifespan:  Set to 30 minutes.
[EOnDrop] Zombie Spawned [12] ZmbM_CommercialPilotOld_Blue @ <3023.319824, 210.235901, 12861.355469> ... Lifespan:  Set to 30 minutes.
[EOnDrop] Zombie Spawned [13] ZmbM_CitizenASkinny_Red @ <3046.121094, 209.046310, 12802.596680> ... Lifespan:  Set to 30 minutes.
[EOnDrop] Zombie Spawned [14] ZmbM_CitizenASkinny_Grey @ <3014.394287, 210.431503, 12819.783203> ... Lifespan:  Set to 30 minutes.
[EOnDrop] Zombie Spawned [15] ZmbM_SkaterYoung_Green @ <3019.762451, 210.325912, 12832.074219> ... Lifespan:  Set to 30 minutes.
[EOnDrop] Zombie Spawned [16] ZmbM_CitizenBFat_Green @ <3069.470947, 208.125137, 12821.217773> ... Lifespan:  Set to 30 minutes.
[EOnDrop] Zombie Spawned [17] ZmbF_Clerk_Normal_Green @ <3073.947021, 208.142807, 12842.687500> ... Lifespan:  Set to 30 minutes.
[EOnDrop] Zombie Spawned [18] ZmbM_ClerkFat_Khaki @ <3054.729248, 208.791214, 12815.732422> ... Lifespan:  Set to 30 minutes.
[EOnDrop] Zombie Spawned [19] ZmbM_ClerkFat_White @ <3053.797363, 209.099991, 12843.458008> ... Lifespan:  Set to 30 minutes.
[EOnDrop] Zombie Spawned [20] ZmbF_DoctorSkinny @ <3023.225830, 210.213333, 12853.145508> ... Lifespan:  Set to 30 minutes.
[EOnDrop] Zombie Spawned [21] ZmbF_ShortSkirt_beige @ <3061.288574, 208.669739, 12836.798828> ... Lifespan:  Set to 30 minutes.
[EOnDrop] Zombie Spawned [22] ZmbM_PatientSkinny @ <3042.253906, 209.506516, 12831.503906> ... Lifespan:  Set to 30 minutes.
[EOnDrop] Zombie Spawned [23] ZmbF_ShortSkirt_white @ <3021.432373, 210.268417, 12847.001953> ... Lifespan:  Set to 30 minutes.
[EOnDrop] Zombie Spawned [24] ZmbF_Clerk_Normal_Green @ <2987.458008, 211.961380, 12872.091797> ... Lifespan:  Set to 30 minutes.
[EOnDrop] Zombie Spawned [25] ZmbM_ClerkFat_Brown @ <3017.316650, 210.472916, 12853.455078> ... Lifespan:  Set to 30 minutes.
[EOnDrop] Drop spawned with 25 infected at <3025.046143, 359.271912, 12842.012695>.
[EOnDrop] Supplies have been dropped near Novaya Petrovka.
[EOnBeforeDelete] Aircraft despawned @ <16361.112305, 152.000610, 12315.055664>
[~AirdropPlane] Aircraft destroyed.
