[AirdropPlane] Aircraft created on 2021-03-13 @ 18-26-47
[InitializeAircraft] Aircraft Initialized: Elektrozavodsk @ 10050/2450 (true)
[EOnBeforeDrop] The Aircraft is 1 Km from Elektrozavodsk. @ <8941.058594, 331.346039, 3457.702148>
[EOnDrop] Zombie Spawned [1] ZmbM_Jacket_khaki @ <9978.028320, 57.729641, 2509.793945> ... Lifespan:  Set to 60 minutes.
[EOnDrop] Zombie Spawned [2] ZmbF_SkaterYoung_Striped @ <10001.700195, 52.622738, 2530.655518> ... Lifespan:  Set to 60 minutes.
[EOnDrop] Zombie Spawned [3] ZmbF_JoggerSkinny_Blue @ <9994.125000, 55.283005, 2490.833984> ... Lifespan:  Set to 60 minutes.
[EOnDrop] Zombie Spawned [4] ZmbF_JournalistNormal_White @ <10029.536133, 49.649960, 2525.850098> ... Lifespan:  Set to 60 minutes.
[EOnDrop] Zombie Spawned [5] ZmbM_PrisonerSkinny @ <9997.508789, 54.328476, 2472.563477> ... Lifespan:  Set to 60 minutes.
[EOnDrop] Zombie Spawned [6] ZmbF_JoggerSkinny_Blue @ <9950.152344, 62.940895, 2502.748779> ... Lifespan:  Set to 60 minutes.
[EOnDrop] Zombie Spawned [7] ZmbF_JoggerSkinny_Brown @ <9981.903320, 55.950554, 2526.788574> ... Lifespan:  Set to 60 minutes.
[EOnDrop] Zombie Spawned [8] ZmbM_ClerkFat_Brown @ <10029.248047, 49.622864, 2527.042969> ... Lifespan:  Set to 60 minutes.
[EOnDrop] Zombie Spawned [9] ZmbF_ShortSkirt_white @ <9966.543945, 59.325226, 2473.903564> ... Lifespan:  Set to 60 minutes.
[EOnDrop] Zombie Spawned [10] ZmbF_JournalistNormal_Green @ <9990.079102, 55.918583, 2493.119385> ... Lifespan:  Set to 60 minutes.
[EOnDrop] Zombie Spawned [11] ZmbF_CitizenBSkinny @ <9966.199219, 59.807018, 2509.725342> ... Lifespan:  Set to 60 minutes.
[EOnDrop] Zombie Spawned [12] ZmbM_ParamedicNormal_Green @ <9941.806641, 64.843819, 2489.287354> ... Lifespan:  Set to 60 minutes.
[EOnDrop] Zombie Spawned [13] ZmbM_PolicemanSpecForce @ <9996.851563, 52.254696, 2543.054199> ... Lifespan:  Set to 60 minutes.
[EOnDrop] Zombie Spawned [14] ZmbM_Jacket_black @ <9974.333984, 57.512032, 2523.881104> ... Lifespan:  Set to 60 minutes.
[EOnDrop] Zombie Spawned [15] ZmbM_CitizenBFat_Blue @ <9998.231445, 53.953117, 2516.445557> ... Lifespan:  Set to 60 minutes.
[EOnDrop] Zombie Spawned [16] ZmbM_PolicemanSpecForce @ <9984.135742, 56.901516, 2503.209961> ... Lifespan:  Set to 60 minutes.
[EOnDrop] Zombie Spawned [17] ZmbM_SkaterYoung_Grey @ <9977.096680, 54.874504, 2549.283203> ... Lifespan:  Set to 60 minutes.
[EOnDrop] Zombie Spawned [18] ZmbM_CitizenASkinny_Grey @ <9988.105469, 54.877571, 2527.084717> ... Lifespan:  Set to 60 minutes.
[EOnDrop] Zombie Spawned [19] ZmbM_DoctorFat @ <10008.041016, 53.376877, 2478.988281> ... Lifespan:  Set to 60 minutes.
[EOnDrop] Zombie Spawned [20] ZmbF_Clerk_Normal_Red @ <9971.711914, 59.011536, 2506.132080> ... Lifespan:  Set to 60 minutes.
[EOnDrop] Drop spawned with 20 infected at <9986.160156, 212.400818, 2507.853516>.
[EOnDrop] Supplies have been dropped near Elektrozavodsk.
[EOnBeforeDelete] Aircraft despawned @ <13846.753906, 152.000610, -1000.662720>
[~AirdropPlane] Aircraft destroyed.
