[AirdropPlane] Aircraft created on 2021-03-20 @ 01-23-19
[InitializeAircraft] Aircraft Initialized: Chernogorsk @ 7400/3500 (true)
[EOnBeforeDrop] The Aircraft is 1 Km from Chernogorsk. @ <8099.822754, 319.410614, 4825.078125>
[EOnDrop] Zombie Spawned [1] ZmbM_ConstrWorkerNormal_Grey @ <7452.029297, 6.499107, 3561.830078> ... Lifespan:  Set to 30 minutes.
[EOnDrop] Zombie Spawned [2] ZmbM_ConstrWorkerNormal_Black @ <7425.393555, 6.506618, 3531.231689> ... Lifespan:  Set to 30 minutes.
[EOnDrop] Zombie Spawned [3] ZmbM_MechanicSkinny_Grey @ <7398.094727, 9.286374, 3583.473389> ... Lifespan:  Set to 30 minutes.
[EOnDrop] Zombie Spawned [4] ZmbM_MechanicSkinny_Grey @ <7443.472168, 7.685833, 3597.735596> ... Lifespan:  Set to 30 minutes.
[EOnDrop] Zombie Spawned [5] ZmbF_MechanicNormal_Green @ <7431.202148, 6.689925, 3562.181396> ... Lifespan:  Set to 30 minutes.
[EOnDrop] Zombie Spawned [6] ZmbM_MechanicSkinny_Grey @ <7400.242676, 7.662343, 3555.618408> ... Lifespan:  Set to 30 minutes.
[EOnDrop] Zombie Spawned [7] ZmbF_MechanicNormal_Orange @ <7454.320313, 6.516562, 3566.332764> ... Lifespan:  Set to 30 minutes.
[EOnDrop] Zombie Spawned [8] ZmbM_MechanicSkinny_Green @ <7474.684570, 6.502540, 3564.404541> ... Lifespan:  Set to 30 minutes.
[EOnDrop] Zombie Spawned [9] ZmbM_HandymanNormal_Grey @ <7401.010254, 8.731156, 3578.785645> ... Lifespan:  Set to 30 minutes.
[EOnDrop] Zombie Spawned [10] ZmbF_BlueCollarFat_Blue @ <7440.104492, 6.490000, 3521.989502> ... Lifespan:  Set to 30 minutes.
[EOnDrop] Zombie Spawned [11] ZmbM_MechanicSkinny_Green @ <7442.863281, 6.573313, 3564.524170> ... Lifespan:  Set to 30 minutes.
[EOnDrop] Zombie Spawned [12] ZmbF_BlueCollarFat_White @ <7431.234863, 6.515748, 3543.963379> ... Lifespan:  Set to 30 minutes.
[EOnDrop] Zombie Spawned [13] ZmbM_HeavyIndustryWorker @ <7444.578125, 8.037237, 3602.515625> ... Lifespan:  Set to 30 minutes.
[EOnDrop] Zombie Spawned [14] ZmbM_HandymanNormal_Grey @ <7439.225586, 6.490000, 3523.682861> ... Lifespan:  Set to 30 minutes.
[EOnDrop] Zombie Spawned [15] ZmbM_HandymanNormal_Green @ <7447.371094, 6.661517, 3572.350098> ... Lifespan:  Set to 30 minutes.
[EOnDrop] Zombie Spawned [16] ZmbM_OffshoreWorker_Red @ <7443.692383, 6.563998, 3564.320313> ... Lifespan:  Set to 30 minutes.
[EOnDrop] Zombie Spawned [17] ZmbM_HandymanNormal_Grey @ <7455.725098, 7.101391, 3596.568848> ... Lifespan:  Set to 30 minutes.
[EOnDrop] Zombie Spawned [18] ZmbM_OffshoreWorker_Red @ <7449.241699, 6.574189, 3570.015137> ... Lifespan:  Set to 30 minutes.
[EOnDrop] Zombie Spawned [19] ZmbF_MechanicNormal_Beige @ <7422.683594, 7.444638, 3575.815674> ... Lifespan:  Set to 30 minutes.
[EOnDrop] Zombie Spawned [20] ZmbM_OffshoreWorker_Yellow @ <7477.407227, 6.480000, 3544.992920> ... Lifespan:  Set to 30 minutes.
[EOnDrop] Zombie Spawned [21] ZmbM_HandymanNormal_White @ <7441.913086, 7.236446, 3587.211182> ... Lifespan:  Set to 30 minutes.
[EOnDrop] Zombie Spawned [22] ZmbM_ConstrWorkerNormal_Green @ <7416.413086, 9.116755, 3593.753906> ... Lifespan:  Set to 30 minutes.
[EOnDrop] Zombie Spawned [23] ZmbF_BlueCollarFat_White @ <7454.876465, 6.737327, 3581.854736> ... Lifespan:  Set to 30 minutes.
[EOnDrop] Zombie Spawned [24] ZmbF_BlueCollarFat_White @ <7434.338867, 6.625281, 3561.507813> ... Lifespan:  Set to 30 minutes.
[EOnDrop] Zombie Spawned [25] ZmbM_ConstrWorkerNormal_Beige @ <7443.493164, 6.745598, 3572.692139> ... Lifespan:  Set to 30 minutes.
[EOnDrop] Zombie Spawned [26] ZmbM_ConstrWorkerNormal_Beige @ <7437.750000, 6.510437, 3551.580566> ... Lifespan:  Set to 30 minutes.
[EOnDrop] Zombie Spawned [27] ZmbM_HandymanNormal_Beige @ <7439.856445, 6.493709, 3549.565430> ... Lifespan:  Set to 30 minutes.
[EOnDrop] Zombie Spawned [28] ZmbF_MechanicNormal_Orange @ <7477.178223, 6.522232, 3574.586670> ... Lifespan:  Set to 30 minutes.
[EOnDrop] Zombie Spawned [29] ZmbM_HandymanNormal_Green @ <7421.628906, 6.856153, 3557.402832> ... Lifespan:  Set to 30 minutes.
[EOnDrop] Zombie Spawned [30] ZmbF_MechanicNormal_Grey @ <7436.897949, 6.501809, 3548.163086> ... Lifespan:  Set to 30 minutes.
[EOnDrop] Drop spawned with 30 infected at <7438.034180, 163.946335, 3566.636230>.
[EOnDrop] Supplies have been dropped near Chernogorsk.
[EOnBeforeDelete] Aircraft despawned @ <5036.020020, 152.000610, -1000.993408>
[~AirdropPlane] Aircraft destroyed.
