[AirdropPlane] Aircraft created on 2021-04-14 @ 15-07-46
[InitializeAircraft] Aircraft Initialized: Berezino @ 12450/9250 (true)
[EOnBeforeDrop] The Aircraft is 1 Km from Berezino. @ <13012.726563, 156.966736, 7859.927734>
[EOnDrop] Zombie Spawned [1] ZmbM_ConstrWorkerNormal_Green @ <12497.776367, 15.214869, 9159.852539> ... Lifespan:  Set to 30 minutes.
[EOnDrop] Zombie Spawned [2] ZmbF_MechanicNormal_Grey @ <12501.276367, 14.800558, 9154.634766> ... Lifespan:  Set to 30 minutes.
[EOnDrop] Zombie Spawned [3] ZmbM_HandymanNormal_Green @ <12461.631836, 19.061768, 9119.232422> ... Lifespan:  Set to 30 minutes.
[EOnDrop] Zombie Spawned [4] ZmbM_ConstrWorkerNormal_Black @ <12485.293945, 17.157558, 9174.756836> ... Lifespan:  Set to 30 minutes.
[EOnDrop] Zombie Spawned [5] ZmbM_ConstrWorkerNormal_Beige @ <12456.499023, 19.999016, 9169.371094> ... Lifespan:  Set to 30 minutes.
[EOnDrop] Zombie Spawned [6] ZmbM_OffshoreWorker_Yellow @ <12505.698242, 13.838707, 9203.878906> ... Lifespan:  Set to 30 minutes.
[EOnDrop] Zombie Spawned [7] ZmbM_MechanicSkinny_Blue @ <12517.668945, 12.925384, 9174.185547> ... Lifespan:  Set to 30 minutes.
[EOnDrop] Zombie Spawned [8] ZmbM_MechanicSkinny_Grey @ <12453.369141, 20.219803, 9162.119141> ... Lifespan:  Set to 30 minutes.
[EOnDrop] Zombie Spawned [9] ZmbM_ConstrWorkerNormal_Beige @ <12463.492188, 19.311722, 9173.623047> ... Lifespan:  Set to 30 minutes.
[EOnDrop] Zombie Spawned [10] ZmbF_BlueCollarFat_White @ <12482.419922, 16.649603, 9156.853516> ... Lifespan:  Set to 30 minutes.
[EOnDrop] Zombie Spawned [11] ZmbM_ConstrWorkerNormal_Green @ <12439.560547, 20.870039, 9140.493164> ... Lifespan:  Set to 30 minutes.
[EOnDrop] Zombie Spawned [12] ZmbF_BlueCollarFat_Red @ <12487.279297, 16.536821, 9167.229492> ... Lifespan:  Set to 30 minutes.
[EOnDrop] Zombie Spawned [13] ZmbM_HandymanNormal_White @ <12525.218750, 11.997787, 9166.980469> ... Lifespan:  Set to 30 minutes.
[EOnDrop] Zombie Spawned [14] ZmbM_HandymanNormal_Beige @ <12458.536133, 18.315708, 9135.517578> ... Lifespan:  Set to 30 minutes.
[EOnDrop] Zombie Spawned [15] ZmbM_HeavyIndustryWorker @ <12478.877930, 17.708565, 9171.471680> ... Lifespan:  Set to 30 minutes.
[EOnDrop] Zombie Spawned [16] ZmbF_BlueCollarFat_Red @ <12458.536133, 19.607168, 9161.183594> ... Lifespan:  Set to 30 minutes.
[EOnDrop] Zombie Spawned [17] ZmbM_ConstrWorkerNormal_Grey @ <12491.563477, 15.188683, 9133.239258> ... Lifespan:  Set to 30 minutes.
[EOnDrop] Zombie Spawned [18] ZmbF_MechanicNormal_Orange @ <12499.717773, 14.727678, 9196.106445> ... Lifespan:  Set to 30 minutes.
[EOnDrop] Zombie Spawned [19] ZmbF_MechanicNormal_Green @ <12504.533203, 14.451997, 9152.357422> ... Lifespan:  Set to 30 minutes.
[EOnDrop] Zombie Spawned [20] ZmbM_OffshoreWorker_Red @ <12482.574219, 17.254726, 9170.606445> ... Lifespan:  Set to 30 minutes.
[EOnDrop] Drop spawned with 20 infected at <12483.062500, 155.049576, 9162.730469>.
[EOnDrop] Supplies have been dropped near Berezino.
[EOnBeforeDelete] Aircraft despawned @ <9556.468750, 457.580444, 16361.207031>
[~AirdropPlane] Aircraft destroyed.
