[InitializeContainer] Container created on 2021-04-19 @ 01-55-08
[InitializeContainer] Winds: Vector <6.383597, 0.000000, -6.084390>, Speed 8.81874mps, Strength 0.1
[AirdropContainerFall] Drop Type 'Military East', Container: 'AirdropContainer_Military', Mode/Quantity/Iems: Random/20/33, Flare:  10%
[AirdropContainerFall] Loot Spawned [1] AK101 @ <10074.152344, 42.431606, 2528.456543> ... Lifespan: Set to 30 minutes.
[AirdropContainerFall] Loot Spawned [2] AK_RailHndgrd @ <10071.759766, 42.606880, 2528.252686> ... Lifespan: Set to 30 minutes.
[AirdropContainerFall] Loot Spawned [3] TacticalGloves_Beige @ <10073.406250, 42.524151, 2527.339844> ... Lifespan: Set to 30 minutes.
[AirdropContainerFall] Loot Spawned [4] AK101 @ <10071.600586, 42.487453, 2531.139648> ... Lifespan: Set to 30 minutes.
[AirdropContainerFall] Loot Spawned [5] Mag_AKM_30Rnd @ <10075.580078, 42.207066, 2531.513428> ... Lifespan: Set to 30 minutes.
[AirdropContainerFall] Loot Spawned [6] Canteen @ <10071.518555, 42.532661, 2530.338379> ... Lifespan: Set to 30 minutes.
[AirdropContainerFall] Loot Spawned [7] AmmoBox_762x39_20Rnd @ <10072.404297, 42.588509, 2527.356201> ... Lifespan: Set to 30 minutes.
[AirdropContainerFall] Loot Spawned [8] CanOpener @ <10069.941406, 42.731453, 2529.201416> ... Lifespan: Set to 30 minutes.
[AirdropContainerFall] Loot Spawned [9] CanOpener @ <10069.902344, 42.731461, 2529.289063> ... Lifespan: Set to 30 minutes.
[AirdropContainerFall] Loot Spawned [10] AK_Bayonet @ <10075.235352, 42.207886, 2531.919922> ... Lifespan: Set to 30 minutes.
[AirdropContainerFall] Loot Spawned [11] Battery9V @ <10076.312500, 42.220917, 2530.316895> ... Lifespan: Set to 30 minutes.
[AirdropContainerFall] Loot Spawned [12] TacticalGloves_Green @ <10071.545898, 42.457191, 2531.901123> ... Lifespan: Set to 30 minutes.
[AirdropContainerFall] Loot Spawned [13] AK101 @ <10074.892578, 42.295448, 2530.464355> ... Lifespan: Set to 30 minutes.
[AirdropContainerFall] Loot Spawned [14] TacticalGloves_Green @ <10072.066406, 42.404980, 2531.948242> ... Lifespan: Set to 30 minutes.
[AirdropContainerFall] Loot Spawned [15] Canteen @ <10072.100586, 42.568863, 2528.366699> ... Lifespan: Set to 30 minutes.
[AirdropContainerFall] Loot Spawned [16] AKM @ <10070.532227, 42.560764, 2531.766357> ... Lifespan: Set to 30 minutes.
[AirdropContainerFall] Loot Spawned [17] GorkaPants_Autumn @ <10074.962891, 42.189125, 2532.686035> ... Lifespan: Set to 30 minutes.
[AirdropContainerFall] Loot Spawned [18] CanOpener @ <10073.063477, 42.287319, 2532.885986> ... Lifespan: Set to 30 minutes.
[AirdropContainerFall] Loot Spawned [19] GorkaPants_PautRev @ <10071.831055, 42.630455, 2527.506104> ... Lifespan: Set to 30 minutes.
[AirdropContainerFall] Loot Spawned [20] TTsKOJacket_Camo @ <10072.856445, 42.324089, 2532.352051> ... Lifespan: Set to 30 minutes.
[AirdropContainerUnstuck] Container was unstuck.
[~AirdropContainerBase] Container Destroyed on 2021-04-19 @ 02-20-08
