[AirdropPlane] Aircraft created on 2021-04-10 @ 20-34-27
[InitializeAircraft] Aircraft Initialized: Player Called @ 4521.91/10157.5 (false)
[EOnBeforeDrop] The Aircraft is 1 Km from called location. @ <3031.258789, 433.996582, 10008.045898>
[EOnDrop] Zombie Spawned [1] ZmbM_HandymanNormal_Grey @ <4425.833008, 339.626373, 10106.061523> ... Lifespan:  Set to 30 minutes.
[EOnDrop] Zombie Spawned [2] Animal_CanisLupus_Grey @ <4387.406738, 339.769928, 10133.778320> ... Lifespan:  Set to 30 minutes.
[EOnDrop] Zombie Spawned [3] ZmbM_PatrolNormal_PautRev @ <4452.876465, 339.410004, 10154.290039> ... Lifespan:  Set to 30 minutes.
[EOnDrop] Zombie Spawned [4] ZmbM_CommercialPilotOld_Blue @ <4439.585938, 339.483154, 10187.359375> ... Lifespan:  Set to 30 minutes.
[EOnDrop] Zombie Spawned [5] Animal_CanisLupus_Grey @ <4427.624512, 339.410004, 10134.445313> ... Lifespan:  Set to 30 minutes.
[EOnDrop] Zombie Spawned [6] ZmbM_PatrolNormal_PautRev @ <4398.659668, 338.588379, 10156.854492> ... Lifespan:  Set to 30 minutes.
[EOnDrop] Zombie Spawned [7] ZmbM_PatrolNormal_Autumn @ <4417.678223, 339.143799, 10151.129883> ... Lifespan:  Set to 30 minutes.
[EOnDrop] Zombie Spawned [8] ZmbF_MilkMaidOld_Green @ <4405.283691, 340.230804, 10173.802734> ... Lifespan:  Set to 30 minutes.
[EOnDrop] Zombie Spawned [9] ZmbF_MechanicNormal_Beige @ <4442.179199, 339.410217, 10167.988281> ... Lifespan:  Set to 30 minutes.
[EOnDrop] Zombie Spawned [10] ZmbM_ConstrWorkerNormal_Beige @ <4439.148438, 339.420074, 10178.757813> ... Lifespan:  Set to 30 minutes.
[EOnDrop] Zombie Spawned [11] ZmbF_MechanicNormal_Beige @ <4436.044922, 339.053802, 10108.778320> ... Lifespan:  Set to 30 minutes.
[EOnDrop] Zombie Spawned [12] Animal_CanisLupus_White @ <4397.572266, 339.401947, 10108.868164> ... Lifespan:  Set to 30 minutes.
[EOnDrop] Zombie Spawned [13] ZmbM_MechanicSkinny_Grey @ <4421.903320, 339.410004, 10119.918945> ... Lifespan:  Set to 30 minutes.
[EOnDrop] Zombie Spawned [14] ZmbM_PatrolNormal_Autumn @ <4446.377441, 339.411377, 10164.651367> ... Lifespan:  Set to 30 minutes.
[EOnDrop] Zombie Spawned [15] ZmbM_MotobikerFat_Black @ <4399.343750, 339.410004, 10131.752930> ... Lifespan:  Set to 30 minutes.
[EOnDrop] Zombie Spawned [16] Animal_CanisLupus_Grey @ <4463.337891, 339.411133, 10151.269531> ... Lifespan:  Set to 30 minutes.
[EOnDrop] Zombie Spawned [17] ZmbM_OffshoreWorker_Green @ <4423.364258, 339.413452, 10114.906250> ... Lifespan:  Set to 30 minutes.
[EOnDrop] Zombie Spawned [18] ZmbF_SurvivorNormal_White @ <4425.529297, 339.569916, 10172.501953> ... Lifespan:  Set to 30 minutes.
[EOnDrop] Zombie Spawned [19] ZmbM_VillagerOld_White @ <4412.233887, 339.410004, 10127.944336> ... Lifespan:  Set to 30 minutes.
[EOnDrop] Zombie Spawned [20] ZmbM_PatrolNormal_Summer @ <4438.476563, 339.410004, 10150.684570> ... Lifespan:  Set to 30 minutes.
[EOnDrop] Zombie Spawned [21] ZmbF_Clerk_Normal_White @ <4403.807129, 339.265717, 10137.418945> ... Lifespan:  Set to 30 minutes.
[EOnDrop] Zombie Spawned [22] ZmbF_JournalistNormal_Green @ <4417.975586, 339.135651, 10150.713867> ... Lifespan:  Set to 30 minutes.
[EOnDrop] Zombie Spawned [23] Animal_CanisLupus_White @ <4416.821289, 339.175446, 10135.411133> ... Lifespan:  Set to 30 minutes.
[EOnDrop] Zombie Spawned [24] ZmbF_ShortSkirt_brown @ <4426.079590, 339.958435, 10155.109375> ... Lifespan:  Set to 30 minutes.
[EOnDrop] Zombie Spawned [25] Animal_CanisLupus_White @ <4435.129395, 339.410004, 10133.142578> ... Lifespan:  Set to 30 minutes.
[EOnDrop] Zombie Spawned [26] Animal_CanisLupus_White @ <4389.705078, 339.395935, 10119.742188> ... Lifespan:  Set to 30 minutes.
[EOnDrop] Zombie Spawned [27] Animal_CanisLupus_White @ <4415.203613, 339.734741, 10157.057617> ... Lifespan:  Set to 30 minutes.
[EOnDrop] Zombie Spawned [28] ZmbM_JoggerSkinny_Green @ <4459.158691, 339.410004, 10154.316406> ... Lifespan:  Set to 30 minutes.
[EOnDrop] Zombie Spawned [29] ZmbF_VillagerOld_Green @ <4396.188477, 339.417572, 10151.517578> ... Lifespan:  Set to 30 minutes.
[EOnDrop] Zombie Spawned [30] ZmbF_HikerSkinny_Green @ <4424.227539, 340.071259, 10156.280273> ... Lifespan:  Set to 30 minutes.
[EOnDrop] Drop spawned with 30 infected at <4426.822266, 482.895416, 10147.198242>.
[EOnDrop] Supplies have been dropped near the player's location.
[EOnBeforeDelete] Aircraft despawned @ <16360.098633, 152.000610, 11336.979492>
[~AirdropPlane] Aircraft destroyed.
