[InitializeContainer] Container created on 2021-04-21 @ 08-26-50
[InitializeContainer] Winds: Vector <8.524591, 0.000000, 10.533656>, Speed 13.5509mps, Strength 0.1
[AirdropContainerFall] Drop Type 'Misc. Food', Container: 'RANDOM', Mode/Quantity/Iems: Random/29/30, Flare:  10%
[AirdropContainerFall] Loot Spawned [1] AK101 @ <12434.940430, 21.942518, 9182.983398> ... Lifespan: Set to 30 minutes.
[AirdropContainerFall] Loot Spawned [2] SodaCan_Spite @ <12436.709961, 21.753222, 9179.365234> ... Lifespan: Set to 30 minutes.
[AirdropContainerFall] Loot Spawned [3] Pumpkin @ <12434.805664, 21.928349, 9180.555664> ... Lifespan: Set to 30 minutes.
[AirdropContainerFall] Loot Spawned [4] KOD_DVL10 @ <12437.178711, 21.763128, 9184.078125> ... Lifespan: Set to 30 minutes.
[AirdropContainerFall] Loot Spawned [5] Pear @ <12437.302734, 21.745293, 9183.305664> ... Lifespan: Set to 30 minutes.
[AirdropContainerFall] Loot Spawned [6] TunaCan @ <12437.145508, 21.752663, 9182.655273> ... Lifespan: Set to 30 minutes.
[AirdropContainerFall] Loot Spawned [7] SodaCan_Kvass @ <12440.875000, 21.429663, 9182.033203> ... Lifespan: Set to 30 minutes.
[AirdropContainerFall] Loot Spawned [8] Tomato @ <12434.636719, 21.952082, 9181.966797> ... Lifespan: Set to 30 minutes.
[AirdropContainerFall] Loot Spawned [9] GreenBellPepper @ <12439.339844, 21.545660, 9180.541016> ... Lifespan: Set to 30 minutes.
[AirdropContainerFall] Loot Spawned [10] PowderedMilk @ <12435.981445, 21.829445, 9180.243164> ... Lifespan: Set to 30 minutes.
[AirdropContainerFall] Loot Spawned [11] Potato @ <12436.298828, 21.800457, 9180.033203> ... Lifespan: Set to 30 minutes.
[AirdropContainerFall] Loot Spawned [12] SambucusBerry @ <12438.699219, 21.628956, 9183.605469> ... Lifespan: Set to 30 minutes.
[AirdropContainerFall] Loot Spawned [13] AKM @ <12439.736328, 21.509909, 9180.334961> ... Lifespan: Set to 30 minutes.
[AirdropContainerFall] Loot Spawned [14] TacticalBaconCan @ <12438.527344, 21.635788, 9182.772461> ... Lifespan: Set to 30 minutes.
[AirdropContainerFall] Loot Spawned [15] Pear @ <12434.906250, 21.922585, 9180.614258> ... Lifespan: Set to 30 minutes.
[AirdropContainerFall] Loot Spawned [16] WaterBottle @ <12438.804688, 21.562935, 9178.747070> ... Lifespan: Set to 30 minutes.
[AirdropContainerFall] Loot Spawned [17] Pumpkin @ <12436.165039, 21.806046, 9179.705078> ... Lifespan: Set to 30 minutes.
[AirdropContainerFall] Loot Spawned [18] WaterBottle @ <12440.392578, 21.428602, 9178.812500> ... Lifespan: Set to 30 minutes.
[AirdropContainerFall] Loot Spawned [19] Lard @ <12438.234375, 21.664623, 9183.183594> ... Lifespan: Set to 30 minutes.
[AirdropContainerFall] Loot Spawned [20] TacticalBaconCan @ <12438.155273, 21.624256, 9179.064453> ... Lifespan: Set to 30 minutes.
[AirdropContainerFall] Loot Spawned [21] BakedBeansCan @ <12438.746094, 21.581608, 9179.479492> ... Lifespan: Set to 30 minutes.
[AirdropContainerFall] Loot Spawned [22] SodaCan_Kvass @ <12439.593750, 21.549397, 9183.180664> ... Lifespan: Set to 30 minutes.
[AirdropContainerFall] Loot Spawned [23] SodaCan_Cola @ <12436.624023, 21.794579, 9182.383789> ... Lifespan: Set to 30 minutes.
[AirdropContainerFall] Loot Spawned [24] BoxCerealCrunchin @ <12437.686523, 21.663881, 9179.044922> ... Lifespan: Set to 30 minutes.
[AirdropContainerFall] Loot Spawned [25] Potato @ <12436.052734, 21.847242, 9182.802734> ... Lifespan: Set to 30 minutes.
[AirdropContainerFall] Loot Spawned [26] SambucusBerry @ <12436.794922, 21.709673, 9177.519531> ... Lifespan: Set to 30 minutes.
[AirdropContainerFall] Loot Spawned [27] Pear @ <12438.056641, 21.617142, 9178.231445> ... Lifespan: Set to 30 minutes.
[AirdropContainerFall] Loot Spawned [28] SodaCan_Pipsi @ <12440.568359, 21.454985, 9182.030273> ... Lifespan: Set to 30 minutes.
[AirdropContainerFall] Loot Spawned [29] Zucchini @ <12435.333984, 21.897984, 9181.668945> ... Lifespan: Set to 30 minutes.
[AirdropContainerUnstuck] Container was unstuck.
[~AirdropContainerBase] Container Destroyed on 2021-04-21 @ 08-51-50
