[AirdropBase] Base class created & settings loaded.
[2021-03-29 @ 21-26-43] ----------------------------------------------------------------------------------------------------
[EOnCallAirdrop] Drop zone asigned: Chernogorsk <7400.000000, 0.000000, 3500.000000>
[EOnCallAirdrop] Drop zone offset to: <7352.739746, 2438.000000, 3554.781494>
[EOnCallAirdrop] Aircraft spawn point: <3054.039795, 2438.000000, 16360.000000>
[EOnCallAirdrop] Aircraft bearing ... Angle/Bearing: 1.89669° / 341.328°, Text: 'North (341°)'
[EOnCallAirdrop] Aircraft has been dispatched to 'Chernogorsk' from the North (341°).
[2021-03-29 @ 21-52-00] ----------------------------------------------------------------------------------------------------
[EOnCallAirdrop] Drop zone asigned: Novaya Petrovka <3100.000000, 0.000000, 12840.000000>
[EOnCallAirdrop] Drop zone offset to: <3127.226318, 2438.000000, 12814.500000>
[EOnCallAirdrop] Aircraft spawn point: <5772.450195, 2438.000000, 16360.000000>
[EOnCallAirdrop] Aircraft bearing ... Angle/Bearing: 0.921421° / 37.2065°, Text: 'North/East (37°)'
[EOnCallAirdrop] Aircraft has been dispatched to 'Novaya Petrovka' from the North/East (37°).
[ReplaceAirdropFlare] 'Road Flare' activted in player's hand (JevBurns).
[2021-03-29 @ 21-53-10] ----------------------------------------------------------------------------------------------------
[EOnCallAirdrop] Drop zone asigned: Player Called <3869.425293, 312.441071, 7229.474609>
[EOnCallAirdrop] Drop zone offset to: <3878.757080, 2438.000000, 7225.403809>
[EOnCallAirdrop] Aircraft spawn point: <2126.357666, 2438.000000, 16360.000000>
[EOnCallAirdrop] Aircraft bearing ... Angle/Bearing: 1.75943° / 349.192°, Text: 'North (349°)'
[EOnCallAirdrop] Aircraft was dispatched to the player's location (2126.36/16360) from the North (349°).
[ReplaceAirdropFlare] 'Road Flare' activted in player's hand (JevBurns).
[2021-03-29 @ 21-53-20] ----------------------------------------------------------------------------------------------------
[EOnCallAirdrop] Drop zone asigned: Player Called <3872.720703, 312.441071, 7228.532227>
[EOnCallAirdrop] Drop zone offset to: <3874.364990, 2438.000000, 7223.495605>
[EOnCallAirdrop] Aircraft spawn point: <16360.000000, 2438.000000, 12524.768555>
[EOnCallAirdrop] Aircraft bearing ... Angle/Bearing: 0.401134° / 67.0167°, Text: 'North/East (67°)'
[EOnCallAirdrop] Aircraft was dispatched to the player's location (16360/12524.8) from the North/East (67°).
[ReplaceAirdropFlare] 'Road Flare' activted in player's hand (JevBurns).
[2021-03-29 @ 21-53-28] ----------------------------------------------------------------------------------------------------
[EOnCallAirdrop] Drop zone asigned: Player Called <3873.715332, 312.440430, 7225.757324>
[EOnCallAirdrop] Drop zone offset to: <3910.554199, 2438.000000, 7260.257813>
[EOnCallAirdrop] Aircraft spawn point: <-1000.000000, 2438.000000, 15927.681641>
[EOnCallAirdrop] Aircraft bearing ... Angle/Bearing: 2.08134° / 330.748°, Text: 'North/West (331°)'
[EOnCallAirdrop] Aircraft was dispatched to the player's location (-1000/15927.7) from the North/West (331°).
[ReplaceAirdropFlare] 'Road Flare' activted in player's hand (JevBurns).
[2021-03-29 @ 21-53-37] ----------------------------------------------------------------------------------------------------
[EOnCallAirdrop] Drop zone asigned: Player Called <3870.859375, 312.441071, 7229.315918>
[EOnCallAirdrop] Drop zone offset to: <3871.846191, 2438.000000, 7228.975586>
[EOnCallAirdrop] Aircraft spawn point: <-820.397339, 2438.000000, -1000.000000>
[EOnCallAirdrop] Aircraft bearing ... Angle/Bearing: -2.08891° / 209.686°, Text: 'South/West (210°)'
[EOnCallAirdrop] Aircraft was dispatched to the player's location (-820.397/-1000) from the South/West (210°).
[ReplaceAirdropFlare] 'Road Flare' activted in player's hand (JevBurns).
[2021-03-29 @ 21-53-51] ----------------------------------------------------------------------------------------------------
[EOnCallAirdrop] Drop zone asigned: Player Called <3871.573975, 312.441071, 7229.022461>
[EOnCallAirdrop] Drop zone offset to: <3870.819580, 2438.000000, 7200.183105>
[EOnCallAirdrop] Aircraft spawn point: <16360.000000, 2438.000000, 8906.225586>
[EOnCallAirdrop] Aircraft bearing ... Angle/Bearing: 0.133502° / 82.3509°, Text: 'East (82°)'
[EOnCallAirdrop] Aircraft was dispatched to the player's location (16360/8906.23) from the East (82°).
[ReplaceAirdropFlare] 'Road Flare' activted in player's hand (JevBurns).
[2021-03-29 @ 21-54-03] ----------------------------------------------------------------------------------------------------
[EOnCallAirdrop] Drop zone asigned: Player Called <3872.956543, 312.440430, 7227.290527>
[EOnCallAirdrop] Drop zone offset to: <3887.790283, 2438.000000, 7279.495117>
[EOnCallAirdrop] Aircraft spawn point: <-1000.000000, 2438.000000, 5575.364258>
[EOnCallAirdrop] Aircraft bearing ... Angle/Bearing: -2.81475° / 251.273°, Text: 'West (251°)'
[EOnCallAirdrop] Aircraft was dispatched to the player's location (-1000/5575.36) from the West (251°).
[ReplaceAirdropFlare] 'Road Flare' activted in player's hand (quadlock).
[2021-03-29 @ 22-03-14] ----------------------------------------------------------------------------------------------------
[EOnCallAirdrop] Drop zone asigned: Player Called <3783.904541, 314.961639, 7187.144043>
[EOnCallAirdrop] Drop zone offset to: <3823.561035, 2438.000000, 7158.175293>
[EOnCallAirdrop] Aircraft spawn point: <-1000.000000, 2438.000000, 3232.582764>
[EOnCallAirdrop] Aircraft bearing ... Angle/Bearing: -2.45082° / 230.422°, Text: 'South/West (230°)'
[EOnCallAirdrop] Aircraft was dispatched to the player's location (-1000/3232.58) from the South/West (230°).
[ReplaceAirdropFlare] 'Road Flare' activted in player's hand (frenchy).
[2021-03-29 @ 22-04-00] ----------------------------------------------------------------------------------------------------
[EOnCallAirdrop] Drop zone asigned: Player Called <3898.900879, 304.621552, 7227.585938>
[EOnCallAirdrop] Drop zone offset to: <3971.722900, 2438.000000, 7244.203125>
[EOnCallAirdrop] Aircraft spawn point: <16360.000000, 2438.000000, 9986.490234>
[EOnCallAirdrop] Aircraft bearing ... Angle/Bearing: 0.217887° / 77.516°, Text: 'East (78°)'
[EOnCallAirdrop] Aircraft was dispatched to the player's location (16360/9986.49) from the East (78°).
[ReplaceAirdropFlare] 'Road Flare' activted in player's hand (frenchy).
[2021-03-29 @ 22-04-24] ----------------------------------------------------------------------------------------------------
[EOnCallAirdrop] Drop zone asigned: Player Called <3860.314941, 309.307465, 7185.776367>
[EOnCallAirdrop] Drop zone offset to: <3856.593750, 2438.000000, 7096.962891>
[EOnCallAirdrop] Aircraft spawn point: <6642.384277, 2438.000000, -1000.000000>
[EOnCallAirdrop] Aircraft bearing ... Angle/Bearing: -1.24318° / 161.229°, Text: 'South (161°)'
[EOnCallAirdrop] Aircraft was dispatched to the player's location (6642.38/-1000) from the South (161°).
[ReplaceAirdropFlare] 'Road Flare' activted in player's hand (JevBurns).
[2021-03-29 @ 22-11-28] ----------------------------------------------------------------------------------------------------
[EOnCallAirdrop] Drop zone asigned: Player Called <3871.121582, 312.441071, 7231.162109>
[EOnCallAirdrop] Drop zone offset to: <3926.122803, 2438.000000, 7274.649902>
[EOnCallAirdrop] Aircraft spawn point: <6076.026367, 2438.000000, -1000.000000>
[EOnCallAirdrop] Aircraft bearing ... Angle/Bearing: -1.30907° / 165.004°, Text: 'South (165°)'
[EOnCallAirdrop] Aircraft was dispatched to the player's location (6076.03/-1000) from the South (165°).
[ReplaceAirdropFlare] 'Road Flare' activted in player's hand (JevBurns).
[2021-03-29 @ 22-11-37] ----------------------------------------------------------------------------------------------------
[EOnCallAirdrop] Drop zone asigned: Player Called <3871.127197, 312.441071, 7231.080566>
[EOnCallAirdrop] Drop zone offset to: <3939.876709, 2438.000000, 7220.772461>
[EOnCallAirdrop] Aircraft spawn point: <16360.000000, 2438.000000, 13838.675781>
[EOnCallAirdrop] Aircraft bearing ... Angle/Bearing: 0.486639° / 62.1176°, Text: 'North/East (62°)'
[EOnCallAirdrop] Aircraft was dispatched to the player's location (16360/13838.7) from the North/East (62°).
[ReplaceAirdropFlare] 'Road Flare' activted in player's hand (JevBurns).
[2021-03-29 @ 22-11-45] ----------------------------------------------------------------------------------------------------
[EOnCallAirdrop] Drop zone asigned: Player Called <3871.121094, 312.441071, 7231.031250>
[EOnCallAirdrop] Drop zone offset to: <3838.154053, 2438.000000, 7232.749512>
[EOnCallAirdrop] Aircraft spawn point: <-1000.000000, 2438.000000, 15259.602539>
[EOnCallAirdrop] Aircraft bearing ... Angle/Bearing: 2.11614° / 328.754°, Text: 'North/West (329°)'
[EOnCallAirdrop] Aircraft was dispatched to the player's location (-1000/15259.6) from the North/West (329°).
[ReplaceAirdropFlare] 'Road Flare' activted in player's hand (quadlock).
[2021-03-29 @ 22-17-10] ----------------------------------------------------------------------------------------------------
[EOnCallAirdrop] Drop zone asigned: Player Called <3898.175781, 307.410492, 7146.392090>
[EOnCallAirdrop] Drop zone offset to: <3832.614990, 2438.000000, 7147.430176>
[EOnCallAirdrop] Aircraft spawn point: <16360.000000, 2438.000000, 15652.714844>
[EOnCallAirdrop] Aircraft bearing ... Angle/Bearing: 0.598946° / 55.6829°, Text: 'North/East (56°)'
[EOnCallAirdrop] Aircraft was dispatched to the player's location (16360/15652.7) from the North/East (56°).
[2021-03-29 @ 22-17-12] ----------------------------------------------------------------------------------------------------
[EOnCallAirdrop] Drop zone asigned: Gorka <8775.000000, 0.000000, 9200.000000>
[EOnCallAirdrop] Drop zone offset to: <8799.781250, 2438.000000, 9289.224609>
[EOnCallAirdrop] Aircraft spawn point: <-1000.000000, 2438.000000, -320.264893>
[EOnCallAirdrop] Aircraft bearing ... Angle/Bearing: -2.3694° / 225.756°, Text: 'South/West (226°)'
[EOnCallAirdrop] Aircraft has been dispatched to 'Gorka' from the South/West (226°).
[2021-03-29 @ 22-42-24] ----------------------------------------------------------------------------------------------------
[EOnCallAirdrop] Drop zone asigned: Myshkino <1900.000000, 0.000000, 7600.000000>
[EOnCallAirdrop] Drop zone offset to: <1887.610352, 2438.000000, 7615.213867>
[EOnCallAirdrop] Aircraft spawn point: <16360.000000, 2438.000000, 6198.940430>
[EOnCallAirdrop] Aircraft bearing ... Angle/Bearing: -0.0965906° / 95.5342°, Text: 'East (96°)'
[EOnCallAirdrop] Aircraft has been dispatched to 'Myshkino' from the East (96°).
[2021-03-29 @ 23-07-38] ----------------------------------------------------------------------------------------------------
[EOnCallAirdrop] Drop zone asigned: Zelenogorks <1875.000000, 0.000000, 5210.000000>
[EOnCallAirdrop] Drop zone offset to: <1908.505371, 2438.000000, 5161.735352>
[EOnCallAirdrop] Aircraft spawn point: <-1000.000000, 2438.000000, 16072.318359>
[EOnCallAirdrop] Aircraft bearing ... Angle/Bearing: 1.82954° / 345.175°, Text: 'North (345°)'
[EOnCallAirdrop] Aircraft has been dispatched to 'Zelenogorks' from the North (345°).
[2021-03-29 @ 23-32-55] ----------------------------------------------------------------------------------------------------
[EOnCallAirdrop] Drop zone asigned: Chernogorsk <7400.000000, 0.000000, 3500.000000>
[EOnCallAirdrop] Drop zone offset to: <7422.451660, 2438.000000, 3439.051270>
[EOnCallAirdrop] Aircraft spawn point: <-1000.000000, 2438.000000, 1558.410645>
[EOnCallAirdrop] Aircraft bearing ... Angle/Bearing: -2.91444° / 256.985°, Text: 'West (257°)'
[EOnCallAirdrop] Aircraft has been dispatched to 'Chernogorsk' from the West (257°).
[2021-03-29 @ 23-58-13] ----------------------------------------------------------------------------------------------------
[EOnCallAirdrop] Drop zone asigned: Novodmitrovsk <11475.000000, 0.000000, 14356.000000>
[EOnCallAirdrop] Drop zone offset to: <11474.051758, 2438.000000, 14356.951172>
[EOnCallAirdrop] Aircraft spawn point: <-350.993378, 2438.000000, 16360.000000>
[EOnCallAirdrop] Aircraft bearing ... Angle/Bearing: 2.97373° / 279.618°, Text: 'West (280°)'
[EOnCallAirdrop] Aircraft has been dispatched to 'Novodmitrovsk' from the West (280°).
[2021-03-30 @ 00-23-32] ----------------------------------------------------------------------------------------------------
[EOnCallAirdrop] Drop zone asigned: Northwest Airfield <4500.000000, 0.000000, 10350.000000>
[EOnCallAirdrop] Drop zone offset to: <4441.413086, 2438.000000, 10422.393555>
[EOnCallAirdrop] Aircraft spawn point: <16360.000000, 2438.000000, 11374.569336>
[EOnCallAirdrop] Aircraft bearing ... Angle/Bearing: 0.0861747° / 85.0626°, Text: 'East (85°)'
[EOnCallAirdrop] Aircraft has been dispatched to 'Northwest Airfield' from the East (85°).
[2021-03-30 @ 00-48-52] ----------------------------------------------------------------------------------------------------
[EOnCallAirdrop] Drop zone asigned: Novaya Petrovka <3100.000000, 0.000000, 12840.000000>
[EOnCallAirdrop] Drop zone offset to: <3130.437256, 2438.000000, 12892.158203>
[EOnCallAirdrop] Aircraft spawn point: <13610.861328, 2438.000000, 16360.000000>
[EOnCallAirdrop] Aircraft bearing ... Angle/Bearing: 0.323152° / 71.4847°, Text: 'East (71°)'
[EOnCallAirdrop] Aircraft has been dispatched to 'Novaya Petrovka' from the East (71°).
