[InitializeContainer] Container created on 2021-03-24 @ 10-29-26
[InitializeContainer] Winds: Vector <-2.139163, 0.000000, -4.863142>, Speed 5.31283mps, Strength 0.1
[AirdropContainerFall] Drop Type 'Military East', Container: 'AirdropContainer_Military', Mode/Quantity/Iems: Random/20/33, Flare:  10%
[AirdropContainerFall] Loot Spawned [1] GorkaPants_Summer @ <12435.403320, 21.727858, 9172.979492> ... Lifespan: Set to 30 minutes.
[AirdropContainerFall] Loot Spawned [2] AK_RailHndgrd @ <12437.942383, 21.443230, 9170.198242> ... Lifespan: Set to 30 minutes.
[AirdropContainerFall] Loot Spawned [3] AK_Suppressor @ <12438.732422, 21.369045, 9169.880859> ... Lifespan: Set to 30 minutes.
[AirdropContainerFall] Loot Spawned [4] GorkaEJacket_Autumn @ <12435.600586, 21.716822, 9173.228516> ... Lifespan: Set to 30 minutes.
[AirdropContainerFall] Loot Spawned [5] GorkaPants_Autumn @ <12435.273438, 21.749464, 9173.488281> ... Lifespan: Set to 30 minutes.
[AirdropContainerFall] Loot Spawned [6] TacticalGloves_Black @ <12437.372070, 21.600042, 9174.619141> ... Lifespan: Set to 30 minutes.
[AirdropContainerFall] Loot Spawned [7] AK_Suppressor @ <12435.130859, 21.713587, 9171.466797> ... Lifespan: Set to 30 minutes.
[AirdropContainerFall] Loot Spawned [8] GorkaPants_Flat @ <12435.342773, 21.754747, 9174.005859> ... Lifespan: Set to 30 minutes.
[AirdropContainerFall] Loot Spawned [9] AK101 @ <12436.338867, 21.689669, 9174.814453> ... Lifespan: Set to 30 minutes.
[AirdropContainerFall] Loot Spawned [10] Binoculars @ <12437.929688, 21.545942, 9174.243164> ... Lifespan: Set to 30 minutes.
[AirdropContainerFall] Loot Spawned [11] AKM @ <12436.769531, 21.518867, 9169.300781> ... Lifespan: Set to 30 minutes.
[AirdropContainerFall] Loot Spawned [12] Mag_AKM_30Rnd @ <12436.866211, 21.628574, 9173.994141> ... Lifespan: Set to 30 minutes.
[AirdropContainerFall] Loot Spawned [13] AK_PlasticBttstck @ <12436.265625, 21.595058, 9170.609375> ... Lifespan: Set to 30 minutes.
[AirdropContainerFall] Loot Spawned [14] TacticalGoggles @ <12435.830078, 21.664049, 9171.845703> ... Lifespan: Set to 30 minutes.
[AirdropContainerFall] Loot Spawned [15] AK_PlasticBttstck @ <12435.309570, 21.747940, 9173.558594> ... Lifespan: Set to 30 minutes.
[AirdropContainerFall] Loot Spawned [16] AKM @ <12435.600586, 21.692608, 9172.190430> ... Lifespan: Set to 30 minutes.
[AirdropContainerFall] Loot Spawned [17] KOD_M16A4 @ <12437.171875, 21.603355, 9173.997070> ... Lifespan: Set to 30 minutes.
[AirdropContainerFall] Loot Spawned [18] GorkaPants_PautRev @ <12435.574219, 21.629642, 9169.645508> ... Lifespan: Set to 30 minutes.
[AirdropContainerFall] Loot Spawned [19] UniversalLight @ <12438.320313, 21.509756, 9174.058594> ... Lifespan: Set to 30 minutes.
[AirdropContainerFall] Loot Spawned [20] AmmoBox_762x39_20Rnd @ <12433.955078, 21.808603, 9171.969727> ... Lifespan: Set to 30 minutes.
[AirdropContainerUnstuck] Container was unstuck.
[~AirdropContainerBase] Container Destroyed on 2021-03-24 @ 10-54-26
