[InitializeContainer] Container created on 2021-03-30 @ 20-52-49
[InitializeContainer] Winds: Vector <6.712705, 0.000000, 12.372124>, Speed 14.0759mps, Strength 0.1
[AirdropContainerFall] Drop Type 'Medical', Container: 'AirdropContainer_Medical', Mode/Quantity/Iems: Random/20/37, Flare:  10%
[AirdropContainerFall] Loot Spawned [1] Epinephrine @ <1957.955444, 176.486481, 5255.374512> ... Lifespan: Set to 30 minutes.
[AirdropContainerFall] Loot Spawned [2] MedicalScrubsHat_Green @ <1959.450317, 176.586929, 5255.274902> ... Lifespan: Set to 30 minutes.
[AirdropContainerFall] Loot Spawned [3] AKM @ <1957.231079, 176.490280, 5260.627441> ... Lifespan: Set to 30 minutes.
[AirdropContainerFall] Loot Spawned [4] MedicalScrubsHat_Green @ <1957.797485, 176.469742, 5254.875000> ... Lifespan: Set to 30 minutes.
[AirdropContainerFall] Loot Spawned [5] PurificationTablets @ <1958.588867, 176.572220, 5259.463867> ... Lifespan: Set to 30 minutes.
[AirdropContainerFall] Loot Spawned [6] MedicalScrubsHat_White @ <1954.606689, 176.326965, 5259.461426> ... Lifespan: Set to 30 minutes.
[AirdropContainerFall] Loot Spawned [7] SurgicalMask @ <1958.645142, 176.536026, 5255.595215> ... Lifespan: Set to 30 minutes.
[AirdropContainerFall] Loot Spawned [8] Epinephrine @ <1956.003052, 176.388580, 5257.115234> ... Lifespan: Set to 30 minutes.
[AirdropContainerFall] Loot Spawned [9] SalineBagIV @ <1955.549072, 176.376221, 5258.707031> ... Lifespan: Set to 30 minutes.
[AirdropContainerFall] Loot Spawned [10] AKM @ <1959.057617, 176.590317, 5257.663574> ... Lifespan: Set to 30 minutes.
[AirdropContainerFall] Loot Spawned [11] SurgicalGloves_Green @ <1958.631836, 176.586517, 5260.876953> ... Lifespan: Set to 30 minutes.
[AirdropContainerFall] Loot Spawned [12] SalineBag @ <1960.593872, 176.693405, 5257.339355> ... Lifespan: Set to 30 minutes.
[AirdropContainerFall] Spawn failed for item [13] 'CharcolaTablets', does not exist in DayZ!
[AirdropContainerFall] Loot Spawned [14] Epinephrine @ <1955.281616, 176.353577, 5257.838867> ... Lifespan: Set to 30 minutes.
[AirdropContainerFall] Loot Spawned [15] PainkillerTablets @ <1958.901733, 176.592850, 5259.331055> ... Lifespan: Set to 30 minutes.
[AirdropContainerFall] Loot Spawned [16] PainkillerTablets @ <1958.296021, 176.547440, 5258.905762> ... Lifespan: Set to 30 minutes.
[AirdropContainerFall] Loot Spawned [17] MedicalScrubsHat_White @ <1959.283569, 176.595718, 5256.826660> ... Lifespan: Set to 30 minutes.
[AirdropContainerFall] Spawn failed for item [18] 'MedicalScrubPants_Green', does not exist in DayZ!
[AirdropContainerFall] Loot Spawned [19] Rag @ <1959.550293, 176.592331, 5255.158691> ... Lifespan: Set to 30 minutes.
[AirdropContainerFall] Loot Spawned [20] SurgicalGloves_White @ <1956.026611, 176.372726, 5255.680664> ... Lifespan: Set to 30 minutes.
[AirdropContainerUnstuck] Container was unstuck.
