[InitializeContainer] Container created on 2021-04-07 @ 00-26-16
[InitializeContainer] Winds: Vector <9.195942, 0.000000, -3.687119>, Speed 9.90758mps, Strength 0.1
[AirdropContainerFall] Drop Type 'Military West', Container: 'AirdropContainer_Military', Mode/Quantity/Iems: Random/20/46, Flare:  10%
[AirdropContainerFall] Loot Spawned [1] M4_CQBBttstck @ <12083.140625, 140.001007, 12613.281250> ... Lifespan: Set to 30 minutes.
[AirdropContainerFall] Loot Spawned [2] USMCJacket_Desert @ <12079.542969, 140.001007, 12611.887695> ... Lifespan: Set to 30 minutes.
[AirdropContainerFall] Loot Spawned [3] Binoculars @ <12083.214844, 140.001007, 12611.856445> ... Lifespan: Set to 30 minutes.
[AirdropContainerFall] Loot Spawned [4] MilitaryBoots_Beige @ <12083.226563, 140.001007, 12612.368164> ... Lifespan: Set to 30 minutes.
[AirdropContainerFall] Loot Spawned [5] M4_Suppressor @ <12081.897461, 140.001007, 12609.818359> ... Lifespan: Set to 30 minutes.
[AirdropContainerFall] Loot Spawned [6] UKAssVest_Black @ <12077.757813, 140.001007, 12610.810547> ... Lifespan: Set to 30 minutes.
[AirdropContainerFall] Loot Spawned [7] AssaultBag_Black @ <12082.053711, 140.001007, 12613.451172> ... Lifespan: Set to 30 minutes.
[AirdropContainerFall] Loot Spawned [8] WeaponCleaningKit @ <12083.799805, 140.001007, 12609.835938> ... Lifespan: Set to 30 minutes.
[AirdropContainerFall] Loot Spawned [9] AKM @ <12080.017578, 140.001007, 12613.138672> ... Lifespan: Set to 30 minutes.
[AirdropContainerFall] Loot Spawned [10] M4_RISHndgrd @ <12079.134766, 140.001007, 12611.877930> ... Lifespan: Set to 30 minutes.
[AirdropContainerFall] Loot Spawned [11] USMCJacket_Woodland @ <12083.164063, 140.001007, 12609.631836> ... Lifespan: Set to 30 minutes.
[AirdropContainerFall] Loot Spawned [12] M4_Suppressor @ <12078.938477, 140.001007, 12610.196289> ... Lifespan: Set to 30 minutes.
[AirdropContainerFall] Loot Spawned [13] Canteen @ <12081.611328, 140.001007, 12612.901367> ... Lifespan: Set to 30 minutes.
[AirdropContainerFall] Loot Spawned [14] TacticalGoggles @ <12079.111328, 140.001007, 12609.748047> ... Lifespan: Set to 30 minutes.
[AirdropContainerFall] Loot Spawned [15] CanOpener @ <12082.799805, 140.001007, 12610.618164> ... Lifespan: Set to 30 minutes.
[AirdropContainerFall] Loot Spawned [16] AmmoBox_556x45_20Rnd @ <12079.375000, 140.001007, 12611.902344> ... Lifespan: Set to 30 minutes.
[AirdropContainerFall] Loot Spawned [17] MilitaryBoots_Black @ <12079.960938, 140.001007, 12612.749023> ... Lifespan: Set to 30 minutes.
[AirdropContainerFall] Loot Spawned [18] M4A1 @ <12082.849609, 140.001007, 12612.894531> ... Lifespan: Set to 30 minutes.
[AirdropContainerFall] Loot Spawned [19] M4A1 @ <12081.446289, 140.001007, 12608.252930> ... Lifespan: Set to 30 minutes.
[AirdropContainerFall] Loot Spawned [20] AK101 @ <12083.122070, 140.001007, 12611.914063> ... Lifespan: Set to 30 minutes.
[AirdropContainerUnstuck] Container was unstuck.
[~AirdropContainerBase] Container Destroyed on 2021-04-07 @ 00-51-17
