[AirdropPlane] Aircraft created on 2021-03-27 @ 16-33-15
[InitializeAircraft] Aircraft Initialized: Novaya Petrovka @ 3100/12840 (true)
[EOnBeforeDrop] The Aircraft is 1 Km from Novaya Petrovka. @ <3624.214355, 491.294983, 11435.784180>
[EOnDrop] Zombie Spawned [1] ZmbM_Jacket_black @ <3148.190430, 205.657074, 12757.444336> ... Lifespan:  Set to 30 minutes.
[EOnDrop] Zombie Spawned [2] ZmbM_PrisonerSkinny @ <3151.293945, 205.222763, 12789.685547> ... Lifespan:  Set to 30 minutes.
[EOnDrop] Zombie Spawned [3] ZmbF_JoggerSkinny_Blue @ <3103.687012, 206.794632, 12767.427734> ... Lifespan:  Set to 30 minutes.
[EOnDrop] Zombie Spawned [4] ZmbF_ShortSkirt_red @ <3107.781006, 206.744858, 12760.959961> ... Lifespan:  Set to 30 minutes.
[EOnDrop] Zombie Spawned [5] ZmbM_ParamedicNormal_Green @ <3094.335693, 207.138885, 12762.925781> ... Lifespan:  Set to 30 minutes.
[EOnDrop] Zombie Spawned [6] ZmbF_NurseFat @ <3100.644775, 207.114456, 12747.910156> ... Lifespan:  Set to 30 minutes.
[EOnDrop] Zombie Spawned [7] ZmbF_JournalistNormal_Red @ <3099.385498, 207.190414, 12743.034180> ... Lifespan:  Set to 30 minutes.
[EOnDrop] Zombie Spawned [8] ZmbF_ShortSkirt_black @ <3117.079590, 206.469986, 12759.716797> ... Lifespan:  Set to 30 minutes.
[EOnDrop] Zombie Spawned [9] ZmbM_CommercialPilotOld_Blue @ <3118.164063, 206.479355, 12756.520508> ... Lifespan:  Set to 30 minutes.
[EOnDrop] Zombie Spawned [10] ZmbF_ShortSkirt_white @ <3105.195557, 207.109818, 12722.939453> ... Lifespan:  Set to 30 minutes.
[EOnDrop] Zombie Spawned [11] ZmbM_CitizenASkinny_Grey @ <3090.544189, 207.218491, 12770.286133> ... Lifespan:  Set to 30 minutes.
[EOnDrop] Zombie Spawned [12] ZmbM_DoctorFat @ <3133.924561, 206.256378, 12711.991211> ... Lifespan:  Set to 30 minutes.
[EOnDrop] Zombie Spawned [13] ZmbM_Jacket_bluechecks @ <3151.855469, 205.870590, 12712.510742> ... Lifespan:  Set to 30 minutes.
[EOnDrop] Zombie Spawned [14] ZmbM_Jacket_brown @ <3159.451416, 205.357285, 12756.234375> ... Lifespan:  Set to 30 minutes.
[EOnDrop] Zombie Spawned [15] ZmbF_CitizenANormal_Blue @ <3164.886475, 205.205704, 12766.398438> ... Lifespan:  Set to 30 minutes.
[EOnDrop] Zombie Spawned [16] ZmbM_ClerkFat_Grey @ <3179.361328, 204.977844, 12748.368164> ... Lifespan:  Set to 30 minutes.
[EOnDrop] Zombie Spawned [17] ZmbM_Jacket_bluechecks @ <3148.625000, 205.769226, 12749.567383> ... Lifespan:  Set to 30 minutes.
[EOnDrop] Zombie Spawned [18] ZmbM_JournalistSkinny @ <3153.883545, 205.667801, 12746.044922> ... Lifespan:  Set to 30 minutes.
[EOnDrop] Zombie Spawned [19] ZmbM_ClerkFat_White @ <3128.543457, 206.005005, 12769.647461> ... Lifespan:  Set to 30 minutes.
[EOnDrop] Zombie Spawned [20] ZmbM_CitizenBFat_Blue @ <3153.206787, 205.760910, 12717.529297> ... Lifespan:  Set to 30 minutes.
[EOnDrop] Zombie Spawned [21] ZmbF_JournalistNormal_White @ <3126.370850, 205.957642, 12804.250977> ... Lifespan:  Set to 30 minutes.
[EOnDrop] Spawn failed for zombie [22] 'ZmbM_JacketNormal_greenchecks', it does not exist in DayZ!
[EOnDrop] Zombie Spawned [23] ZmbM_ClerkFat_White @ <3152.542480, 205.222656, 12782.384766> ... Lifespan:  Set to 30 minutes.
[EOnDrop] Zombie Spawned [24] ZmbF_ShortSkirt_red @ <3119.017578, 206.580322, 12745.691406> ... Lifespan:  Set to 30 minutes.
[EOnDrop] Zombie Spawned [25] ZmbM_ParamedicNormal_Red @ <3118.411133, 206.586349, 12747.038086> ... Lifespan:  Set to 30 minutes.
[EOnDrop] Drop spawned with 25 infected at <3131.250488, 351.419769, 12754.631836>.
[EOnDrop] Supplies have been dropped near Novaya Petrovka.
[EOnBeforeDelete] Aircraft despawned @ <1783.365723, 517.727539, 16360.686523>
[~AirdropPlane] Aircraft destroyed.
