[AirdropPlane] Aircraft created on 2021-03-15 @ 01-24-09
[InitializeAircraft] Aircraft Initialized: Soverograd @ 8566/12755 (true)
[EOnBeforeDrop] The Aircraft is 1 Km from Soverograd. @ <8796.708008, 410.908447, 11273.763672>
[EOnDrop] Zombie Spawned [1] ZmbM_Jacket_bluechecks @ <8576.086914, 101.371742, 12647.654297> ... Lifespan:  Set to 60 minutes.
[EOnDrop] Zombie Spawned [2] ZmbM_CitizenBFat_Blue @ <8541.811523, 104.500000, 12721.816406> ... Lifespan:  Set to 60 minutes.
[EOnDrop] Zombie Spawned [3] ZmbF_JoggerSkinny_Blue @ <8576.861328, 104.500000, 12690.990234> ... Lifespan:  Set to 60 minutes.
[EOnDrop] Zombie Spawned [4] ZmbF_SkaterYoung_Striped @ <8566.476563, 104.500000, 12702.046875> ... Lifespan:  Set to 60 minutes.
[EOnDrop] Zombie Spawned [5] ZmbF_ShortSkirt_black @ <8542.536133, 104.500000, 12733.249023> ... Lifespan:  Set to 60 minutes.
[EOnDrop] Zombie Spawned [6] ZmbM_CitizenASkinny_Grey @ <8529.334961, 104.500000, 12703.817383> ... Lifespan:  Set to 60 minutes.
[EOnDrop] Zombie Spawned [7] ZmbF_JournalistNormal_Green @ <8567.575195, 102.603951, 12654.894531> ... Lifespan:  Set to 60 minutes.
[EOnDrop] Zombie Spawned [8] ZmbM_SkaterYoung_Blue @ <8546.182617, 104.500000, 12734.168945> ... Lifespan:  Set to 60 minutes.
[EOnDrop] Zombie Spawned [9] ZmbF_ShortSkirt_green @ <8598.045898, 104.500000, 12685.485352> ... Lifespan:  Set to 60 minutes.
[EOnDrop] Zombie Spawned [10] ZmbF_ShortSkirt_grey @ <8615.516602, 104.500000, 12713.750000> ... Lifespan:  Set to 60 minutes.
[EOnDrop] Zombie Spawned [11] ZmbM_ParamedicNormal_Green @ <8583.248047, 104.500000, 12691.567383> ... Lifespan:  Set to 60 minutes.
[EOnDrop] Zombie Spawned [12] ZmbF_ParamedicNormal_Red @ <8550.580078, 104.500000, 12723.742188> ... Lifespan:  Set to 60 minutes.
[EOnDrop] Zombie Spawned [13] ZmbF_ParamedicNormal_Green @ <8544.503906, 104.500000, 12693.674805> ... Lifespan:  Set to 60 minutes.
[EOnDrop] Zombie Spawned [14] ZmbF_PatientOld @ <8584.426758, 104.500000, 12687.312500> ... Lifespan:  Set to 60 minutes.
[EOnDrop] Zombie Spawned [15] ZmbF_SkaterYoung_Striped @ <8594.774414, 104.500000, 12704.416992> ... Lifespan:  Set to 60 minutes.
[EOnDrop] Zombie Spawned [16] ZmbF_JournalistNormal_Red @ <8585.608398, 104.334366, 12680.281250> ... Lifespan:  Set to 60 minutes.
[EOnDrop] Zombie Spawned [17] ZmbF_CitizenBSkinny @ <8577.076172, 102.608360, 12657.094727> ... Lifespan:  Set to 60 minutes.
[EOnDrop] Zombie Spawned [18] ZmbF_JournalistNormal_Red @ <8537.776367, 104.500000, 12729.038086> ... Lifespan:  Set to 60 minutes.
[EOnDrop] Zombie Spawned [19] ZmbM_CommercialPilotOld_Blue @ <8545.223633, 104.055962, 12662.273438> ... Lifespan:  Set to 60 minutes.
[EOnDrop] Zombie Spawned [20] ZmbF_NurseFat @ <8553.130859, 104.500000, 12740.010742> ... Lifespan:  Set to 60 minutes.
[EOnDrop] Zombie Spawned [21] ZmbF_CitizenANormal_Blue @ <8588.041016, 101.118401, 12654.324219> ... Lifespan:  Set to 60 minutes.
[EOnDrop] Zombie Spawned [22] ZmbM_CitizenASkinny_Blue @ <8599.658203, 104.500000, 12717.882813> ... Lifespan:  Set to 60 minutes.
[EOnDrop] Zombie Spawned [23] ZmbF_JoggerSkinny_Blue @ <8598.339844, 104.500000, 12682.522461> ... Lifespan:  Set to 60 minutes.
[EOnDrop] Zombie Spawned [24] ZmbM_SkaterYoung_Grey @ <8559.686523, 101.556999, 12647.235352> ... Lifespan:  Set to 60 minutes.
[EOnDrop] Zombie Spawned [25] ZmbF_ShortSkirt_brown @ <8561.192383, 104.336830, 12666.360352> ... Lifespan:  Set to 60 minutes.
[EOnDrop] Drop spawned with 25 infected at <8572.325195, 263.584045, 12695.097656>.
[EOnDrop] Supplies have been dropped near Soverograd.
[EOnBeforeDelete] Aircraft despawned @ <7993.944336, 432.290466, 16360.843750>
[~AirdropPlane] Aircraft destroyed.
