[InitializeContainer] Container created on 2021-04-10 @ 11-10-51
[InitializeContainer] Winds: Vector <3.953233, 0.000000, -6.936549>, Speed 7.98397mps, Strength 0.1
[AirdropContainerFall] Drop Type 'Misc. Food', Container: 'RANDOM', Mode/Quantity/Iems: Random/29/30, Flare:  10%
[AirdropContainerFall] Loot Spawned [1] SodaCan_Spite @ <1897.694214, 176.707565, 5287.718262> ... Lifespan: Set to 30 minutes.
[AirdropContainerFall] Loot Spawned [2] Potato @ <1900.878052, 176.708878, 5287.678711> ... Lifespan: Set to 30 minutes.
[AirdropContainerFall] Loot Spawned [3] Plum @ <1900.435669, 176.427887, 5283.113281> ... Lifespan: Set to 30 minutes.
[AirdropContainerFall] Loot Spawned [4] TunaCan @ <1898.000610, 176.723709, 5287.928711> ... Lifespan: Set to 30 minutes.
[AirdropContainerFall] Loot Spawned [5] Rice @ <1900.641479, 176.831802, 5289.329590> ... Lifespan: Set to 30 minutes.
[AirdropContainerFall] Loot Spawned [6] Canteen @ <1901.473999, 176.805161, 5288.957520> ... Lifespan: Set to 30 minutes.
[AirdropContainerFall] Loot Spawned [7] AKM @ <1900.978882, 176.782425, 5288.662109> ... Lifespan: Set to 30 minutes.
[AirdropContainerFall] Loot Spawned [8] BakedBeansCan @ <1900.933228, 176.491592, 5284.100098> ... Lifespan: Set to 30 minutes.
[AirdropContainerFall] Loot Spawned [9] BoxCerealCrunchin @ <1898.813232, 176.667664, 5287.081543> ... Lifespan: Set to 30 minutes.
[AirdropContainerFall] Loot Spawned [10] SambucusBerry @ <1898.670532, 176.544800, 5285.091797> ... Lifespan: Set to 30 minutes.
[AirdropContainerFall] Loot Spawned [11] Canteen @ <1901.152466, 176.731155, 5287.972168> ... Lifespan: Set to 30 minutes.
[AirdropContainerFall] Loot Spawned [12] Potato @ <1902.713623, 176.567520, 5285.325684> ... Lifespan: Set to 30 minutes.
[AirdropContainerFall] Loot Spawned [13] PeachesCan @ <1901.393921, 176.521301, 5284.584473> ... Lifespan: Set to 30 minutes.
[AirdropContainerFall] Loot Spawned [14] TunaCan @ <1902.338013, 176.646484, 5286.649902> ... Lifespan: Set to 30 minutes.
[AirdropContainerFall] Loot Spawned [15] TunaCan @ <1897.464722, 176.591843, 5285.938477> ... Lifespan: Set to 30 minutes.
[AirdropContainerFall] Loot Spawned [16] PowderedMilk @ <1899.249268, 176.828491, 5289.309570> ... Lifespan: Set to 30 minutes.
[AirdropContainerFall] Loot Spawned [17] AK101 @ <1902.064941, 176.696899, 5287.496582> ... Lifespan: Set to 30 minutes.
[AirdropContainerFall] Loot Spawned [18] PeachesCan @ <1902.557495, 176.677048, 5287.154785> ... Lifespan: Set to 30 minutes.
[AirdropContainerFall] Loot Spawned [19] PowderedMilk @ <1897.450195, 176.571701, 5285.625488> ... Lifespan: Set to 30 minutes.
[AirdropContainerFall] Loot Spawned [20] Rice @ <1899.677490, 176.403214, 5282.768066> ... Lifespan: Set to 30 minutes.
[AirdropContainerFall] Loot Spawned [21] AKM @ <1900.899780, 176.411682, 5282.825684> ... Lifespan: Set to 30 minutes.
[AirdropContainerFall] Loot Spawned [22] SpaghettiCan @ <1897.635986, 176.681229, 5287.334961> ... Lifespan: Set to 30 minutes.
[AirdropContainerFall] Loot Spawned [23] SardinesCan @ <1902.063599, 176.590866, 5285.729004> ... Lifespan: Set to 30 minutes.
[AirdropContainerFall] Loot Spawned [24] Lard @ <1901.822754, 176.466751, 5283.666016> ... Lifespan: Set to 30 minutes.
[AirdropContainerFall] Loot Spawned [25] SambucusBerry @ <1898.019531, 176.609543, 5286.166504> ... Lifespan: Set to 30 minutes.
[AirdropContainerFall] Loot Spawned [26] Pumpkin @ <1899.362183, 176.487640, 5284.135742> ... Lifespan: Set to 30 minutes.
[AirdropContainerFall] Loot Spawned [27] SodaCan_Cola @ <1897.343018, 176.543732, 5285.243164> ... Lifespan: Set to 30 minutes.
[AirdropContainerFall] Loot Spawned [28] PeachesCan @ <1899.521484, 176.740570, 5288.127441> ... Lifespan: Set to 30 minutes.
[AirdropContainerFall] Loot Spawned [29] WaterBottle @ <1897.350098, 176.500290, 5284.545898> ... Lifespan: Set to 30 minutes.
[AirdropContainerUnstuck] Container was unstuck.
[~AirdropContainerBase] Container Destroyed on 2021-04-10 @ 11-35-51
