[InitializeContainer] Container created on 2021-04-27 @ 08-37-52
[InitializeContainer] Winds: Vector <9.517837, 0.000000, 9.132922>, Speed 13.1909mps, Strength 0.1
[AirdropContainerFall] Drop Type 'Misc. Food', Container: 'RANDOM', Mode/Quantity/Iems: Random/20/26, Flare:  10%
[AirdropContainerFall] Loot Spawned [1] SodaCan_Spite @ <5106.239258, 8.139800, 2512.737305> ... Lifespan: Set to 60 minutes.
[AirdropContainerFall] Loot Spawned [2] SpaghettiCan @ <5101.648438, 7.804927, 2511.504883> ... Lifespan: Set to 60 minutes.
[AirdropContainerFall] Loot Spawned [3] TacticalBaconCan @ <5103.857422, 8.195662, 2514.235596> ... Lifespan: Set to 60 minutes.
[AirdropContainerFall] Loot Spawned [4] Tomato @ <5101.373047, 8.039248, 2513.835205> ... Lifespan: Set to 60 minutes.
[AirdropContainerFall] Loot Spawned [5] Apple @ <5103.174316, 7.792754, 2510.702148> ... Lifespan: Set to 60 minutes.
[AirdropContainerFall] Loot Spawned [6] GreenBellPepper @ <5106.002441, 8.439083, 2515.448730> ... Lifespan: Set to 60 minutes.
[AirdropContainerFall] Loot Spawned [7] TacticalBaconCan @ <5104.812500, 8.285067, 2514.657227> ... Lifespan: Set to 60 minutes.
[AirdropContainerFall] Loot Spawned [8] SodaCan_Pipsi @ <5101.912109, 7.785059, 2511.190918> ... Lifespan: Set to 60 minutes.
[AirdropContainerFall] Loot Spawned [9] SodaCan_Pipsi @ <5102.008789, 7.749011, 2510.791992> ... Lifespan: Set to 60 minutes.
[AirdropContainerFall] Loot Spawned [10] Lard @ <5103.610840, 8.307042, 2515.356445> ... Lifespan: Set to 60 minutes.
[AirdropContainerFall] Loot Spawned [11] SodaCan_Spite @ <5103.508789, 7.830885, 2510.928711> ... Lifespan: Set to 60 minutes.
[AirdropContainerFall] Loot Spawned [12] Lard @ <5107.381836, 8.142013, 2512.266602> ... Lifespan: Set to 60 minutes.
[AirdropContainerFall] Loot Spawned [13] Tomato @ <5101.323242, 8.113461, 2514.534668> ... Lifespan: Set to 60 minutes.
[AirdropContainerFall] Loot Spawned [14] PeachesCan @ <5107.068848, 8.269240, 2513.526123> ... Lifespan: Set to 60 minutes.
[AirdropContainerFall] Loot Spawned [15] Apple @ <5105.392090, 8.284987, 2514.416260> ... Lifespan: Set to 60 minutes.
[AirdropContainerFall] Loot Spawned [16] PeachesCan @ <5104.504883, 7.837610, 2510.549561> ... Lifespan: Set to 60 minutes.
[AirdropContainerFall] Loot Spawned [17] Apple @ <5107.164063, 8.323145, 2513.936523> ... Lifespan: Set to 60 minutes.
[AirdropContainerFall] Loot Spawned [18] BoxCerealCrunchin @ <5101.018066, 7.855394, 2512.284912> ... Lifespan: Set to 60 minutes.
[AirdropContainerFall] Loot Spawned [19] SpaghettiCan @ <5102.344727, 8.146267, 2514.411133> ... Lifespan: Set to 60 minutes.
[AirdropContainerFall] Loot Spawned [20] Apple @ <5103.834961, 8.203954, 2514.320801> ... Lifespan: Set to 60 minutes.
[AirdropContainerFall] Airdrop Flare Spawned @ <5103.885742, 7.819970, 2510.652588> ... Lifespan: Set to 60 minutes.
[AirdropContainerUnstuck] Container was unstuck.
[~AirdropContainerBase] Container Destroyed on 2021-04-27 @ 09-00-46
