[InitializeContainer] Container created on 2021-04-11 @ 15-02-19
[InitializeContainer] Winds: Vector <-0.890859, 0.000000, -6.012995>, Speed 6.07863mps, Strength 0.1
[AirdropContainerFall] Drop Type 'Misc. Food', Container: 'RANDOM', Mode/Quantity/Iems: Random/29/30, Flare:  10%
[AirdropContainerFall] Loot Spawned [1] PeachesCan @ <3984.764404, 295.284180, 7762.874512> ... Lifespan: Set to 30 minutes.
[AirdropContainerFall] Loot Spawned [2] AKM @ <3984.204102, 295.370941, 7765.750488> ... Lifespan: Set to 30 minutes.
[AirdropContainerFall] Loot Spawned [3] Apple @ <3984.531494, 295.226227, 7761.187988> ... Lifespan: Set to 30 minutes.
[AirdropContainerFall] Loot Spawned [4] Lard @ <3980.198730, 295.190186, 7761.319336> ... Lifespan: Set to 30 minutes.
[AirdropContainerFall] Loot Spawned [5] GreenBellPepper @ <3980.434326, 295.200226, 7761.555176> ... Lifespan: Set to 30 minutes.
[AirdropContainerFall] Loot Spawned [6] AK101 @ <3982.039795, 295.195862, 7760.974609> ... Lifespan: Set to 30 minutes.
[AirdropContainerFall] Loot Spawned [7] WaterBottle @ <3981.949951, 295.327759, 7765.035156> ... Lifespan: Set to 30 minutes.
[AirdropContainerFall] Loot Spawned [8] Plum @ <3986.310791, 295.261292, 7761.740723> ... Lifespan: Set to 30 minutes.
[AirdropContainerFall] Loot Spawned [9] SodaCan_Spite @ <3981.273438, 295.200653, 7761.332031> ... Lifespan: Set to 30 minutes.
[AirdropContainerFall] Loot Spawned [10] Pear @ <3983.842529, 295.178711, 7759.954102> ... Lifespan: Set to 30 minutes.
[AirdropContainerFall] Loot Spawned [11] BakedBeansCan @ <3981.796387, 295.275696, 7763.445801> ... Lifespan: Set to 30 minutes.
[AirdropContainerFall] Loot Spawned [12] SodaCan_Cola @ <3982.716553, 295.312225, 7764.349609> ... Lifespan: Set to 30 minutes.
[AirdropContainerFall] Loot Spawned [13] SodaCan_Kvass @ <3981.777100, 295.277710, 7763.514160> ... Lifespan: Set to 30 minutes.
[AirdropContainerFall] Loot Spawned [14] Rice @ <3984.988525, 295.222839, 7760.958008> ... Lifespan: Set to 30 minutes.
[AirdropContainerFall] Loot Spawned [15] TunaCan @ <3980.618896, 295.313202, 7764.913574> ... Lifespan: Set to 30 minutes.
[AirdropContainerFall] Loot Spawned [16] Tomato @ <3982.656006, 295.338226, 7765.179199> ... Lifespan: Set to 30 minutes.
[AirdropContainerFall] Loot Spawned [17] SodaCan_Pipsi @ <3984.666748, 295.257477, 7762.086426> ... Lifespan: Set to 30 minutes.
[AirdropContainerFall] Loot Spawned [18] SodaCan_Pipsi @ <3983.473633, 295.339874, 7764.992676> ... Lifespan: Set to 30 minutes.
[AirdropContainerFall] Loot Spawned [19] SodaCan_Pipsi @ <3986.165283, 295.298187, 7762.904785> ... Lifespan: Set to 30 minutes.
[AirdropContainerFall] Loot Spawned [20] SardinesCan @ <3986.170166, 295.352295, 7764.594238> ... Lifespan: Set to 30 minutes.
[AirdropContainerFall] Loot Spawned [21] BakedBeansCan @ <3986.267090, 295.330902, 7763.897949> ... Lifespan: Set to 30 minutes.
[AirdropContainerFall] Loot Spawned [22] Tomato @ <3981.112061, 295.165649, 7760.327637> ... Lifespan: Set to 30 minutes.
[AirdropContainerFall] Loot Spawned [23] SpaghettiCan @ <3982.168457, 295.157898, 7759.798828> ... Lifespan: Set to 30 minutes.
[AirdropContainerFall] Loot Spawned [24] TacticalBaconCan @ <3983.161377, 295.324951, 7764.617676> ... Lifespan: Set to 30 minutes.
[AirdropContainerFall] Loot Spawned [25] GreenBellPepper @ <3981.880127, 295.198486, 7761.097656> ... Lifespan: Set to 30 minutes.
[AirdropContainerFall] Loot Spawned [26] BakedBeansCan @ <3983.224609, 295.170013, 7759.866211> ... Lifespan: Set to 30 minutes.
[AirdropContainerFall] Loot Spawned [27] PowderedMilk @ <3984.976074, 295.345886, 7764.742676> ... Lifespan: Set to 30 minutes.
[AirdropContainerFall] Loot Spawned [28] KOD_M16A4 @ <3984.824951, 295.248413, 7761.770996> ... Lifespan: Set to 30 minutes.
[AirdropContainerFall] Loot Spawned [29] TacticalBaconCan @ <3984.166260, 295.322845, 7764.258301> ... Lifespan: Set to 30 minutes.
[AirdropContainerUnstuck] Container was unstuck.
[~AirdropContainerBase] Container Destroyed on 2021-04-11 @ 15-27-18
