[InitializeContainer] Container created on 2021-04-12 @ 12-07-43
[InitializeContainer] Winds: Vector <9.307876, 0.000000, -3.540851>, Speed 9.95862mps, Strength 0.1
[AirdropContainerFall] Drop Type 'Medical', Container: 'AirdropContainer_Medical', Mode/Quantity/Iems: Random/20/37, Flare:  10%
[AirdropContainerFall] Loot Spawned [1] KOD_M110_Tan @ <12515.991211, 12.345891, 9197.861328> ... Lifespan: Set to 30 minutes.
[AirdropContainerFall] Loot Spawned [2] MedicalScrubsHat_Blue @ <12517.942383, 12.148228, 9199.758789> ... Lifespan: Set to 30 minutes.
[AirdropContainerFall] Loot Spawned [3] SalineBag @ <12514.112305, 12.481659, 9199.556641> ... Lifespan: Set to 30 minutes.
[AirdropContainerFall] Spawn failed for item [4] 'MedicalScrubPants_Blue', does not exist in DayZ!
[AirdropContainerFall] Spawn failed for item [5] 'MedicalScrubPants_Green', does not exist in DayZ!
[AirdropContainerFall] Spawn failed for item [6] 'MedicalScrubShirt_White', does not exist in DayZ!
[AirdropContainerFall] Loot Spawned [7] WaterBottle @ <12517.184570, 12.242870, 9197.838867> ... Lifespan: Set to 30 minutes.
[AirdropContainerFall] Loot Spawned [8] PainkillerTablets @ <12517.214844, 12.160367, 9202.764648> ... Lifespan: Set to 30 minutes.
[AirdropContainerFall] Loot Spawned [9] VitaminBottle @ <12516.225586, 12.333445, 9197.370117> ... Lifespan: Set to 30 minutes.
[AirdropContainerFall] Loot Spawned [10] Epinephrine @ <12514.545898, 12.445279, 9199.480469> ... Lifespan: Set to 30 minutes.
[AirdropContainerFall] Loot Spawned [11] SurgicalGloves_Blue @ <12517.422852, 12.222489, 9197.823242> ... Lifespan: Set to 30 minutes.
[AirdropContainerFall] Loot Spawned [12] SurgicalMask @ <12519.857422, 12.002217, 9198.988281> ... Lifespan: Set to 30 minutes.
[AirdropContainerFall] Loot Spawned [13] SalineBagIV @ <12515.911133, 12.348479, 9198.135742> ... Lifespan: Set to 30 minutes.
[AirdropContainerFall] Loot Spawned [14] KOD_M110_Tan @ <12514.899414, 12.423206, 9198.945313> ... Lifespan: Set to 30 minutes.
[AirdropContainerFall] Loot Spawned [15] SalineBagIV @ <12518.384766, 12.115129, 9199.541992> ... Lifespan: Set to 30 minutes.
[AirdropContainerFall] Spawn failed for item [16] 'MedicalScrubShirt_White', does not exist in DayZ!
[AirdropContainerFall] Loot Spawned [17] AKM @ <12519.323242, 12.037568, 9199.541016> ... Lifespan: Set to 30 minutes.
[AirdropContainerFall] Loot Spawned [18] TetracyclineAntibiotics @ <12517.269531, 12.174113, 9201.674805> ... Lifespan: Set to 30 minutes.
[AirdropContainerFall] Loot Spawned [19] Rag @ <12517.567383, 12.209960, 9197.839844> ... Lifespan: Set to 30 minutes.
[AirdropContainerFall] Loot Spawned [20] MedicalScrubsHat_Green @ <12513.708984, 12.497704, 9200.736328> ... Lifespan: Set to 30 minutes.
[AirdropContainerUnstuck] Container was unstuck.
[~AirdropContainerBase] Container Destroyed on 2021-04-12 @ 12-32-43
