[InitializeContainer] Container created on 2021-05-01 @ 23-05-11
[InitializeContainer] Winds: Vector <9.044134, 0.000000, 9.849664>, Speed 13.3721mps, Strength 0.1
[AirdropContainerFall] Drop Type 'Military West', Container: 'RANDOM', Mode/Quantity/Iems: Random/20/40, Flare:  10%
[AirdropContainerFall] Loot Spawned [1] TacticalGloves_Green @ <8734.097656, 385.216919, 9126.138672> ... Lifespan: Set to 60 minutes.
[AirdropContainerFall] Loot Spawned [2] CanOpener @ <8734.571289, 385.199646, 9126.699219> ... Lifespan: Set to 60 minutes.
[AirdropContainerFall] Loot Spawned [3] AssaultBag_Ttsko @ <8730.517578, 385.452667, 9124.469727> ... Lifespan: Set to 60 minutes.
[AirdropContainerFall] Loot Spawned [4] UKAssVest_Khaki @ <8735.417969, 385.162781, 9127.520508> ... Lifespan: Set to 60 minutes.
[AirdropContainerFall] Loot Spawned [5] Mag_FNX45_15Rnd @ <8729.135742, 385.674164, 9128.047852> ... Lifespan: Set to 60 minutes.
[AirdropContainerFall] Loot Spawned [6] M4_RISHndgrd @ <8734.054688, 385.211182, 9125.877930> ... Lifespan: Set to 60 minutes.
[AirdropContainerFall] Loot Spawned [7] AssaultBag_Green @ <8730.727539, 385.617096, 9130.065430> ... Lifespan: Set to 60 minutes.
[AirdropContainerFall] Loot Spawned [8] TacticalGloves_Beige @ <8733.412109, 385.356110, 9128.582031> ... Lifespan: Set to 60 minutes.
[AirdropContainerFall] Loot Spawned [9] UKAssVest_Olive @ <8729.213867, 385.629639, 9126.806641> ... Lifespan: Set to 60 minutes.
[AirdropContainerFall] Loot Spawned [10] USMCPants_Desert @ <8733.169922, 385.388153, 9128.953125> ... Lifespan: Set to 60 minutes.
[AirdropContainerFall] Loot Spawned [11] AssaultBag_Green @ <8731.525391, 385.525665, 9129.241211> ... Lifespan: Set to 60 minutes.
[AirdropContainerFall] Loot Spawned [12] AssaultBag_Black @ <8732.581055, 385.507813, 9131.012695> ... Lifespan: Set to 60 minutes.
[AirdropContainerFall] Loot Spawned [13] USMCPants_Woodland @ <8730.343750, 385.653992, 9130.266602> ... Lifespan: Set to 60 minutes.
[AirdropContainerFall] Loot Spawned [14] PistolSuppressor @ <8735.120117, 385.141632, 9126.249023> ... Lifespan: Set to 60 minutes.
[AirdropContainerFall] Loot Spawned [15] MilitaryBoots_Black @ <8731.727539, 385.571411, 9130.944336> ... Lifespan: Set to 60 minutes.
[AirdropContainerFall] Loot Spawned [16] UKAssVest_Khaki @ <8732.878906, 385.419342, 9129.194336> ... Lifespan: Set to 60 minutes.
[AirdropContainerFall] Loot Spawned [17] CanOpener @ <8733.587891, 385.322113, 9128.015625> ... Lifespan: Set to 60 minutes.
[AirdropContainerFall] Loot Spawned [18] TacticalGloves_Black @ <8730.316406, 385.489410, 9125.178711> ... Lifespan: Set to 60 minutes.
[AirdropContainerFall] Loot Spawned [19] Binoculars @ <8733.912109, 385.222565, 9125.888672> ... Lifespan: Set to 60 minutes.
[AirdropContainerFall] Loot Spawned [20] USMCPants_Desert @ <8732.702148, 385.427460, 9129.039063> ... Lifespan: Set to 60 minutes.
[AirdropContainerUnstuck] Container was unstuck.
[~AirdropContainerBase] Container Destroyed on 2021-05-01 @ 23-35-11
