[InitializeContainer] Container created on 2021-03-28 @ 02-53-32
[InitializeContainer] Winds: Vector <6.708906, 0.000000, -5.899292>, Speed 8.9337mps, Strength 0.1
[AirdropContainerFall] Drop Type 'Military East', Container: 'AirdropContainer_Military', Mode/Quantity/Iems: Random/20/33, Flare:  10%
[AirdropContainerFall] Loot Spawned [1] TacticalGloves_Black @ <10139.935547, 34.355457, 2425.121582> ... Lifespan: Set to 30 minutes.
[AirdropContainerFall] Loot Spawned [2] Binoculars @ <10139.340820, 34.141197, 2418.877686> ... Lifespan: Set to 30 minutes.
[AirdropContainerFall] Loot Spawned [3] AK101 @ <10141.493164, 34.058346, 2421.766846> ... Lifespan: Set to 30 minutes.
[AirdropContainerFall] Loot Spawned [4] KOD_M110_Tan @ <10143.014648, 33.917912, 2422.324463> ... Lifespan: Set to 30 minutes.
[AirdropContainerFall] Loot Spawned [5] KOD_M110_Tan @ <10140.651367, 34.241013, 2424.118164> ... Lifespan: Set to 30 minutes.
[AirdropContainerFall] Loot Spawned [6] TacticalGloves_Black @ <10142.597656, 33.924210, 2421.417725> ... Lifespan: Set to 30 minutes.
[AirdropContainerFall] Loot Spawned [7] UniversalLight @ <10141.461914, 34.120190, 2423.225586> ... Lifespan: Set to 30 minutes.
[AirdropContainerFall] Loot Spawned [8] AK_Suppressor @ <10139.332031, 34.186909, 2419.811523> ... Lifespan: Set to 30 minutes.
[AirdropContainerFall] Loot Spawned [9] GorkaPants_Summer @ <10137.419922, 34.480873, 2422.057373> ... Lifespan: Set to 30 minutes.
[AirdropContainerFall] Loot Spawned [10] AmmoBox_762x39_20Rnd @ <10141.287109, 34.139065, 2423.225342> ... Lifespan: Set to 30 minutes.
[AirdropContainerFall] Loot Spawned [11] AK_Bayonet @ <10137.967773, 34.469322, 2422.982422> ... Lifespan: Set to 30 minutes.
[AirdropContainerFall] Loot Spawned [12] GorkaPants_Summer @ <10137.420898, 34.536919, 2423.319824> ... Lifespan: Set to 30 minutes.
[AirdropContainerFall] Loot Spawned [13] AKM @ <10139.636719, 34.169380, 2420.064453> ... Lifespan: Set to 30 minutes.
[AirdropContainerFall] Loot Spawned [14] TacticalGloves_Black @ <10138.821289, 34.211620, 2419.290283> ... Lifespan: Set to 30 minutes.
[AirdropContainerFall] Loot Spawned [15] AK_RailHndgrd @ <10136.869141, 34.579792, 2423.065186> ... Lifespan: Set to 30 minutes.
[AirdropContainerFall] Loot Spawned [16] GorkaPants_Summer @ <10136.892578, 34.536995, 2422.157227> ... Lifespan: Set to 30 minutes.
[AirdropContainerFall] Loot Spawned [17] AK101 @ <10140.657227, 34.280815, 2425.200195> ... Lifespan: Set to 30 minutes.
[AirdropContainerFall] Loot Spawned [18] TacticalGoggles @ <10142.335938, 34.008465, 2422.762451> ... Lifespan: Set to 30 minutes.
[AirdropContainerFall] Loot Spawned [19] AK_PlasticBttstck @ <10141.566406, 33.986084, 2420.333252> ... Lifespan: Set to 30 minutes.
[AirdropContainerFall] Loot Spawned [20] AK_Suppressor @ <10140.041016, 34.305527, 2424.079590> ... Lifespan: Set to 30 minutes.
[AirdropContainerUnstuck] Container was unstuck.
[~AirdropContainerBase] Container Destroyed on 2021-03-28 @ 03-18-32
