[InitializeContainer] Container created on 2021-04-23 @ 00-27-32
[InitializeContainer] Winds: Vector <11.349146, 0.000000, 3.061605>, Speed 11.7549mps, Strength 0.1
[AirdropContainerFall] Drop Type 'Misc. Tools', Container: 'RANDOM', Mode/Quantity/Iems: Random/30/54, Flare:  10%
[AirdropContainerFall] Loot Spawned [1] Spotlight @ <4553.133789, 341.569336, 10279.750000> ... Lifespan: Set to 30 minutes.
[AirdropContainerFall] Loot Spawned [2] Chemlight_Blue @ <4553.430176, 341.366974, 10283.279297> ... Lifespan: Set to 30 minutes.
[AirdropContainerFall] Loot Spawned [3] Lockpick @ <4555.834961, 341.225861, 10285.419922> ... Lifespan: Set to 30 minutes.
[AirdropContainerFall] Loot Spawned [4] Chemlight_Green @ <4557.112305, 341.350800, 10280.832031> ... Lifespan: Set to 30 minutes.
[AirdropContainerFall] Loot Spawned [5] PortableGasLamp @ <4554.024902, 341.331757, 10283.837891> ... Lifespan: Set to 30 minutes.
[AirdropContainerFall] Loot Spawned [6] Hatchet @ <4556.153809, 341.335052, 10281.513672> ... Lifespan: Set to 30 minutes.
[AirdropContainerFall] Loot Spawned [7] Roadflare @ <4553.511719, 341.336365, 10285.502930> ... Lifespan: Set to 30 minutes.
[AirdropContainerFall] Loot Spawned [8] WeaponCleaningKit @ <4552.565918, 341.385803, 10285.167969> ... Lifespan: Set to 30 minutes.
[AirdropContainerFall] Loot Spawned [9] Crowbar @ <4554.762695, 341.452148, 10280.958984> ... Lifespan: Set to 30 minutes.
[AirdropContainerFall] Loot Spawned [10] HuntingKnife @ <4556.646973, 341.342194, 10281.173828> ... Lifespan: Set to 30 minutes.
[AirdropContainerFall] Loot Spawned [11] ChernarusMap @ <4552.171387, 341.409546, 10284.041016> ... Lifespan: Set to 30 minutes.
[AirdropContainerFall] Loot Spawned [12] Headtorch_Grey @ <4553.698242, 341.345764, 10283.977539> ... Lifespan: Set to 30 minutes.
[AirdropContainerFall] Loot Spawned [13] Wrench @ <4557.097656, 341.215790, 10282.329102> ... Lifespan: Set to 30 minutes.
[AirdropContainerFall] Loot Spawned [14] Crowbar @ <4552.426758, 341.418152, 10282.871094> ... Lifespan: Set to 30 minutes.
[AirdropContainerFall] Loot Spawned [15] Chemlight_Red @ <4553.460938, 341.369293, 10282.964844> ... Lifespan: Set to 30 minutes.
[AirdropContainerFall] Loot Spawned [16] Headtorch_Grey @ <4556.634277, 341.203888, 10284.054688> ... Lifespan: Set to 30 minutes.
[AirdropContainerFall] Loot Spawned [17] Headtorch_Grey @ <4551.504883, 341.454224, 10282.381836> ... Lifespan: Set to 30 minutes.
[AirdropContainerFall] Loot Spawned [18] Hammer @ <4553.129883, 341.379456, 10283.441406> ... Lifespan: Set to 30 minutes.
[AirdropContainerFall] Loot Spawned [19] BatteryCharger @ <4553.267578, 341.375580, 10283.216797> ... Lifespan: Set to 30 minutes.
[AirdropContainerFall] Loot Spawned [20] Hacksaw @ <4555.096680, 341.256165, 10285.847656> ... Lifespan: Set to 30 minutes.
[AirdropContainerFall] Loot Spawned [21] Headtorch_Black @ <4556.039063, 341.448639, 10280.321289> ... Lifespan: Set to 30 minutes.
[AirdropContainerFall] Loot Spawned [22] Spotlight @ <4553.558105, 341.562103, 10279.767578> ... Lifespan: Set to 30 minutes.
[AirdropContainerFall] Loot Spawned [23] Shovel @ <4552.897949, 341.394135, 10283.148438> ... Lifespan: Set to 30 minutes.
[AirdropContainerFall] Loot Spawned [24] AK101 @ <4552.257324, 341.529877, 10280.712891> ... Lifespan: Set to 30 minutes.
[AirdropContainerFall] Loot Spawned [25] WeaponCleaningKit @ <4556.947266, 341.231201, 10282.238281> ... Lifespan: Set to 30 minutes.
[AirdropContainerFall] Loot Spawned [26] SledgeHammer @ <4556.942383, 341.207733, 10282.500977> ... Lifespan: Set to 30 minutes.
[AirdropContainerFall] Loot Spawned [27] Screwdriver @ <4557.191895, 341.185669, 10283.342773> ... Lifespan: Set to 30 minutes.
[AirdropContainerFall] Loot Spawned [28] Chemlight_Red @ <4553.937500, 341.460602, 10281.301758> ... Lifespan: Set to 30 minutes.
[AirdropContainerFall] Loot Spawned [29] OrienteeringCompass @ <4554.306641, 341.522766, 10280.262695> ... Lifespan: Set to 30 minutes.
[AirdropContainerFall] Loot Spawned [30] Machete @ <4557.749023, 341.165894, 10282.761719> ... Lifespan: Set to 30 minutes.
[AirdropContainerUnstuck] Container was unstuck.
[~AirdropContainerBase] Container Destroyed on 2021-04-23 @ 00-52-32
