[InitializeContainer] Container created on 2021-03-12 @ 11-44-38
[InitializeContainer] Winds: Vector <10.796760, 0.000000, 6.341596>, Speed 12.5214mps, Strength 0.1
[AirdropContainerFall] Drop Type 'Misc. Food', Container: 'RANDOM', Mode/Quantity/Iems: Random/20/26, Flare:  10%
[AirdropContainerFall] Loot Spawned [1] SpaghettiCan @ <4455.082520, 342.312073, 10427.926758> ... Lifespan: Set to 60 minutes.
[AirdropContainerFall] Loot Spawned [2] GreenBellPepper @ <4457.364746, 342.368744, 10428.156250> ... Lifespan: Set to 60 minutes.
[AirdropContainerFall] Loot Spawned [3] SodaCan_Pipsi @ <4453.490723, 342.152466, 10426.087891> ... Lifespan: Set to 60 minutes.
[AirdropContainerFall] Loot Spawned [4] TunaCan @ <4456.626465, 342.105957, 10423.401367> ... Lifespan: Set to 60 minutes.
[AirdropContainerFall] Loot Spawned [5] Lard @ <4459.323730, 342.158112, 10423.452148> ... Lifespan: Set to 60 minutes.
[AirdropContainerFall] Loot Spawned [6] BakedBeansCan @ <4458.618652, 342.296600, 10426.597656> ... Lifespan: Set to 60 minutes.
[AirdropContainerFall] Loot Spawned [7] Tomato @ <4457.456543, 342.368073, 10428.117188> ... Lifespan: Set to 60 minutes.
[AirdropContainerFall] Loot Spawned [8] SodaCan_Spite @ <4455.456543, 342.118286, 10424.135742> ... Lifespan: Set to 60 minutes.
[AirdropContainerFall] Loot Spawned [9] Zucchini @ <4455.478027, 342.246918, 10426.743164> ... Lifespan: Set to 60 minutes.
[AirdropContainerFall] Loot Spawned [10] PeachesCan @ <4455.271973, 342.091705, 10422.107422> ... Lifespan: Set to 60 minutes.
[AirdropContainerFall] Loot Spawned [11] SpaghettiCan @ <4455.052246, 342.102936, 10422.905273> ... Lifespan: Set to 60 minutes.
[AirdropContainerFall] Loot Spawned [12] SpaghettiCan @ <4457.136719, 342.095032, 10422.729492> ... Lifespan: Set to 60 minutes.
[AirdropContainerFall] Loot Spawned [13] Pear @ <4456.441406, 342.105347, 10423.363281> ... Lifespan: Set to 60 minutes.
[AirdropContainerFall] Loot Spawned [14] CaninaBerry @ <4458.843750, 342.278687, 10426.237305> ... Lifespan: Set to 60 minutes.
[AirdropContainerFall] Loot Spawned [15] SodaCan_Cola @ <4455.743164, 342.276184, 10427.139648> ... Lifespan: Set to 60 minutes.
[AirdropContainerFall] Loot Spawned [16] BoxCerealCrunchin @ <4454.888184, 342.194794, 10426.116211> ... Lifespan: Set to 60 minutes.
[AirdropContainerFall] Loot Spawned [17] SodaCan_Cola @ <4458.977539, 342.284760, 10426.295898> ... Lifespan: Set to 60 minutes.
[AirdropContainerFall] Loot Spawned [18] BoxCerealCrunchin @ <4454.268066, 342.204163, 10426.700195> ... Lifespan: Set to 60 minutes.
[AirdropContainerFall] Loot Spawned [19] Tomato @ <4454.765625, 342.236633, 10426.883789> ... Lifespan: Set to 60 minutes.
[AirdropContainerFall] Loot Spawned [20] TunaCan @ <4457.957520, 342.085419, 10422.091797> ... Lifespan: Set to 60 minutes.
[AirdropContainerUnstuck] Container was unstuck.
[~AirdropContainerBase] Container Destroyed on 2021-03-12 @ 12-09-38
