[InitializeContainer] Container created on 2021-03-16 @ 07-20-25
[InitializeContainer] Winds: Vector <-2.349090, 0.000000, -4.572190>, Speed 5.14035mps, Strength 0.1
[AirdropContainerFall] Drop Type 'Military West', Container: 'AirdropContainer_Military', Mode/Quantity/Iems: Random/20/46, Flare:  10%
[AirdropContainerFall] Loot Spawned [1] TacticalGloves_Black @ <4065.595703, 298.144806, 7790.570313> ... Lifespan: Set to 30 minutes.
[AirdropContainerFall] Loot Spawned [2] AssaultBag_Green @ <4064.262207, 298.028656, 7788.582520> ... Lifespan: Set to 30 minutes.
[AirdropContainerFall] Loot Spawned [3] MilitaryBoots_Black @ <4063.211182, 298.017609, 7789.355957> ... Lifespan: Set to 30 minutes.
[AirdropContainerFall] Loot Spawned [4] MilitaryBoots_Brown @ <4067.566406, 298.229950, 7791.055664> ... Lifespan: Set to 30 minutes.
[AirdropContainerFall] Loot Spawned [5] Canteen @ <4064.652832, 298.069061, 7789.343262> ... Lifespan: Set to 30 minutes.
[AirdropContainerFall] Loot Spawned [6] AK101 @ <4065.367432, 297.997437, 7786.547852> ... Lifespan: Set to 30 minutes.
[AirdropContainerFall] Loot Spawned [7] M4A1 @ <4064.880615, 298.016479, 7787.589844> ... Lifespan: Set to 30 minutes.
[AirdropContainerFall] Loot Spawned [8] M4_RISHndgrd @ <4066.466797, 297.986145, 7785.123535> ... Lifespan: Set to 30 minutes.
[AirdropContainerFall] Loot Spawned [9] MilitaryBoots_Black @ <4066.081543, 298.151062, 7790.265625> ... Lifespan: Set to 30 minutes.
[AirdropContainerFall] Loot Spawned [10] UKAssVest_Khaki @ <4063.764648, 297.981323, 7787.733887> ... Lifespan: Set to 30 minutes.
[AirdropContainerFall] Loot Spawned [11] CanOpener @ <4067.999023, 298.177155, 7789.101563> ... Lifespan: Set to 30 minutes.
[AirdropContainerFall] Loot Spawned [12] KOD_M16A4 @ <4065.332764, 298.119568, 7790.105957> ... Lifespan: Set to 30 minutes.
[AirdropContainerFall] Loot Spawned [13] M4_CQBBttstck @ <4064.439453, 298.077515, 7789.808594> ... Lifespan: Set to 30 minutes.
[AirdropContainerFall] Loot Spawned [14] MilitaryBoots_Black @ <4066.787598, 298.177246, 7790.315430> ... Lifespan: Set to 30 minutes.
[AirdropContainerFall] Loot Spawned [15] M9A1_Bayonet @ <4064.088623, 298.012115, 7788.286621> ... Lifespan: Set to 30 minutes.
[AirdropContainerFall] Loot Spawned [16] WeaponCleaningKit @ <4065.270264, 298.126556, 7790.370117> ... Lifespan: Set to 30 minutes.
[AirdropContainerFall] Loot Spawned [17] AK101 @ <4069.126465, 298.238068, 7789.730469> ... Lifespan: Set to 30 minutes.
[AirdropContainerFall] Loot Spawned [18] USMCPants_Woodland @ <4069.011963, 298.220795, 7789.346680> ... Lifespan: Set to 30 minutes.
[AirdropContainerFall] Loot Spawned [19] USMCPants_Woodland @ <4069.447021, 298.218201, 7788.836426> ... Lifespan: Set to 30 minutes.
[AirdropContainerFall] Loot Spawned [20] Canteen @ <4068.665283, 298.120605, 7786.803223> ... Lifespan: Set to 30 minutes.
[AirdropContainerUnstuck] Container was unstuck.
[~AirdropContainerBase] Container Destroyed on 2021-03-16 @ 07-45-25
