[InitializeContainer] Container created on 2021-03-23 @ 02-28-37
[InitializeContainer] Winds: Vector <0.288217, 0.000000, -6.618406>, Speed 6.62468mps, Strength 0.1
[AirdropContainerFall] Drop Type 'Military West', Container: 'AirdropContainer_Military', Mode/Quantity/Iems: Random/20/46, Flare:  10%
[AirdropContainerFall] Loot Spawned [1] Binoculars @ <8641.125977, 104.960999, 12791.554688> ... Lifespan: Set to 30 minutes.
[AirdropContainerFall] Loot Spawned [2] UKAssVest_Khaki @ <8641.189453, 104.960999, 12792.435547> ... Lifespan: Set to 30 minutes.
[AirdropContainerFall] Loot Spawned [3] Mag_FNX45_15Rnd @ <8646.285156, 104.960999, 12792.132813> ... Lifespan: Set to 30 minutes.
[AirdropContainerFall] Loot Spawned [4] AmmoBox_556x45_20Rnd @ <8641.899414, 104.960999, 12791.496094> ... Lifespan: Set to 30 minutes.
[AirdropContainerFall] Loot Spawned [5] Mag_FNX45_15Rnd @ <8645.628906, 104.960999, 12790.921875> ... Lifespan: Set to 30 minutes.
[AirdropContainerFall] Loot Spawned [6] M4A1 @ <8641.883789, 104.960999, 12792.787109> ... Lifespan: Set to 30 minutes.
[AirdropContainerFall] Loot Spawned [7] M4_CQBBttstck @ <8643.508789, 104.960999, 12790.994141> ... Lifespan: Set to 30 minutes.
[AirdropContainerFall] Loot Spawned [8] AKM @ <8644.269531, 104.960999, 12791.038086> ... Lifespan: Set to 30 minutes.
[AirdropContainerFall] Loot Spawned [9] AKM @ <8640.950195, 104.960999, 12790.797852> ... Lifespan: Set to 30 minutes.
[AirdropContainerFall] Loot Spawned [10] UKAssVest_Khaki @ <8643.390625, 104.960999, 12790.573242> ... Lifespan: Set to 30 minutes.
[AirdropContainerFall] Loot Spawned [11] AmmoBox_556x45_20Rnd @ <8645.528320, 104.960999, 12792.020508> ... Lifespan: Set to 30 minutes.
[AirdropContainerFall] Loot Spawned [12] AssaultBag_Ttsko @ <8643.072266, 104.960999, 12796.113281> ... Lifespan: Set to 30 minutes.
[AirdropContainerFall] Loot Spawned [13] UKAssVest_Black @ <8642.821289, 104.960999, 12795.995117> ... Lifespan: Set to 30 minutes.
[AirdropContainerFall] Loot Spawned [14] Mag_FNX45_15Rnd @ <8641.974609, 104.960999, 12793.919922> ... Lifespan: Set to 30 minutes.
[AirdropContainerFall] Loot Spawned [15] UKAssVest_Khaki @ <8646.564453, 104.960999, 12793.531250> ... Lifespan: Set to 30 minutes.
[AirdropContainerFall] Loot Spawned [16] UKAssVest_Camo @ <8640.278320, 104.960999, 12794.349609> ... Lifespan: Set to 30 minutes.
[AirdropContainerFall] Loot Spawned [17] UKAssVest_Khaki @ <8641.657227, 104.960999, 12793.194336> ... Lifespan: Set to 30 minutes.
[AirdropContainerFall] Loot Spawned [18] KOD_M110_Tan @ <8643.050781, 104.960999, 12795.782227> ... Lifespan: Set to 30 minutes.
[AirdropContainerFall] Loot Spawned [19] TacticalGoggles @ <8645.268555, 104.960999, 12792.756836> ... Lifespan: Set to 30 minutes.
[AirdropContainerFall] Loot Spawned [20] TacticalGloves_Green @ <8645.107422, 104.960999, 12793.368164> ... Lifespan: Set to 30 minutes.
[AirdropContainerUnstuck] Container was unstuck.
[~AirdropContainerBase] Container Destroyed on 2021-03-23 @ 02-53-37
