[InitializeContainer] Container created on 2021-04-25 @ 07-05-29
[InitializeContainer] Winds: Vector <11.083563, 0.000000, 0.344072>, Speed 11.0889mps, Strength 0.1
[AirdropContainerFall] Drop Type 'Misc. Tools', Container: 'RANDOM', Mode/Quantity/Iems: Random/20/50, Flare:  10%
[AirdropContainerFall] Loot Spawned [1] Crowbar @ <5111.338867, 9.948681, 2459.160889> ... Lifespan: Set to 60 minutes.
[AirdropContainerFall] Loot Spawned [2] PortableGasStove @ <5095.765625, 9.219247, 2469.585938> ... Lifespan: Set to 60 minutes.
[AirdropContainerFall] Loot Spawned [3] WoodAxe @ <5095.413574, 9.371370, 2463.387451> ... Lifespan: Set to 60 minutes.
[AirdropContainerFall] Loot Spawned [4] PortableGasStove @ <5095.078613, 9.331851, 2465.569336> ... Lifespan: Set to 60 minutes.
[AirdropContainerFall] Loot Spawned [5] PersonalRadio @ <5113.502441, 9.443950, 2469.898438> ... Lifespan: Set to 60 minutes.
[AirdropContainerFall] Loot Spawned [6] LeatherSewingKit @ <5106.809570, 9.767192, 2455.947754> ... Lifespan: Set to 60 minutes.
[AirdropContainerFall] Loot Spawned [7] Shovel @ <5110.431641, 9.172185, 2473.521484> ... Lifespan: Set to 60 minutes.
[AirdropContainerFall] Loot Spawned [8] SteakKnife @ <5095.416016, 9.274239, 2467.628418> ... Lifespan: Set to 60 minutes.
[AirdropContainerFall] Loot Spawned [9] Binoculars @ <5106.775391, 9.753763, 2456.558105> ... Lifespan: Set to 60 minutes.
[AirdropContainerFall] Loot Spawned [10] Chemlight_Yellow @ <5112.419922, 9.335500, 2471.406982> ... Lifespan: Set to 60 minutes.
[AirdropContainerFall] Loot Spawned [11] SledgeHammer @ <5095.851563, 9.400522, 2461.376465> ... Lifespan: Set to 60 minutes.
[AirdropContainerFall] Loot Spawned [12] Lockpick @ <5103.791992, 9.017570, 2474.693359> ... Lifespan: Set to 60 minutes.
[AirdropContainerFall] Loot Spawned [13] ChernarusMap @ <5096.298828, 9.401073, 2461.513916> ... Lifespan: Set to 60 minutes.
[AirdropContainerFall] Loot Spawned [14] Flashlight @ <5094.751465, 9.291965, 2467.163086> ... Lifespan: Set to 60 minutes.
[AirdropContainerFall] Loot Spawned [15] Whetstone @ <5102.539063, 8.986109, 2475.134521> ... Lifespan: Set to 60 minutes.
[AirdropContainerFall] Loot Spawned [16] CombatKnife @ <5113.415039, 9.939160, 2461.862549> ... Lifespan: Set to 60 minutes.
[AirdropContainerFall] Loot Spawned [17] CableReel @ <5113.959961, 9.831564, 2463.720703> ... Lifespan: Set to 60 minutes.
[AirdropContainerFall] Loot Spawned [18] Binoculars @ <5106.635254, 9.755377, 2456.225342> ... Lifespan: Set to 60 minutes.
[AirdropContainerFall] Loot Spawned [19] FirefighterAxe @ <5106.916992, 9.754878, 2456.757080> ... Lifespan: Set to 60 minutes.
[AirdropContainerFall] Loot Spawned [20] OrienteeringCompass @ <5113.681641, 9.786889, 2464.296631> ... Lifespan: Set to 60 minutes.
[AirdropContainerUnstuck] Container was unstuck.
[~AirdropContainerBase] Container Destroyed on 2021-04-25 @ 07-35-29
