[AirdropPlane] Aircraft created on 2021-04-11 @ 19-32-13
[InitializeAircraft] Aircraft Initialized: Myshkino @ 1900/7600 (true)
[EOnBeforeDrop] The Aircraft is 1 Km from Myshkino. @ <2804.350098, 432.450165, 8795.507813>
[EOnDrop] Zombie Spawned [1] ZmbF_VillagerOld_White @ <1901.357910, 283.805756, 7675.891113> ... Lifespan:  Set to 30 minutes.
[EOnDrop] Zombie Spawned [2] ZmbM_HermitSkinny_Beige @ <1913.320190, 279.909607, 7654.854492> ... Lifespan:  Set to 30 minutes.
[EOnDrop] Zombie Spawned [3] ZmbM_HermitSkinny_Red @ <1942.990967, 288.738983, 7674.575195> ... Lifespan:  Set to 30 minutes.
[EOnDrop] Zombie Spawned [4] ZmbM_FarmerFat_Beige @ <1951.182495, 295.280884, 7700.263672> ... Lifespan:  Set to 30 minutes.
[EOnDrop] Zombie Spawned [5] ZmbF_MilkMaidOld_Beige @ <1957.295776, 292.779236, 7678.559570> ... Lifespan:  Set to 30 minutes.
[EOnDrop] Zombie Spawned [6] ZmbM_HikerSkinny_Blue @ <1983.044800, 296.813141, 7680.503418> ... Lifespan:  Set to 30 minutes.
[EOnDrop] Zombie Spawned [7] ZmbM_HermitSkinny_Red @ <1948.985352, 296.026459, 7711.930176> ... Lifespan:  Set to 30 minutes.
[EOnDrop] Zombie Spawned [8] ZmbF_MilkMaidOld_Grey @ <1948.903320, 290.402374, 7676.037598> ... Lifespan:  Set to 30 minutes.
[EOnDrop] Zombie Spawned [9] ZmbF_HikerSkinny_Grey @ <1973.617432, 290.204376, 7631.712891> ... Lifespan:  Set to 30 minutes.
[EOnDrop] Zombie Spawned [10] ZmbF_VillagerOld_Red @ <1960.738892, 287.170258, 7622.936523> ... Lifespan:  Set to 30 minutes.
[EOnDrop] Zombie Spawned [11] ZmbF_HikerSkinny_Green @ <1993.717529, 294.822327, 7666.787109> ... Lifespan:  Set to 30 minutes.
[EOnDrop] Zombie Spawned [12] ZmbF_VillagerOld_Blue @ <1969.609009, 298.548615, 7697.343750> ... Lifespan:  Set to 30 minutes.
[EOnDrop] Zombie Spawned [13] ZmbF_VillagerOld_Blue @ <1934.171753, 281.272156, 7628.437500> ... Lifespan:  Set to 30 minutes.
[EOnDrop] Zombie Spawned [14] ZmbF_HikerSkinny_Red @ <1939.311646, 285.632904, 7653.348633> ... Lifespan:  Set to 30 minutes.
[EOnDrop] Zombie Spawned [15] ZmbF_HikerSkinny_Green @ <1982.987793, 295.914246, 7676.608398> ... Lifespan:  Set to 30 minutes.
[EOnDrop] Drop spawned with 15 infected at <1949.133423, 456.200714, 7664.296875>.
[EOnDrop] Supplies have been dropped near Myshkino.
[EOnBeforeDelete] Aircraft despawned @ <-1000.238037, 291.358551, 3762.826416>
[~AirdropPlane] Aircraft destroyed.
