[InitializeContainer] Container created on 2021-03-14 @ 15-45-35
[InitializeContainer] Winds: Vector <-2.195228, 0.000000, 15.744575>, Speed 15.8969mps, Strength 0.1
[AirdropContainerFall] Drop Type 'Misc. Tools', Container: 'RANDOM', Mode/Quantity/Iems: Random/30/54, Flare:  10%
[AirdropContainerFall] Loot Spawned [1] AKM @ <8502.667969, 104.301338, 12687.551758> ... Lifespan: Set to 60 minutes.
[AirdropContainerFall] Loot Spawned [2] Crowbar @ <8501.819336, 104.358063, 12692.223633> ... Lifespan: Set to 60 minutes.
[AirdropContainerFall] Loot Spawned [3] Hammer @ <8503.000000, 104.267639, 12692.630859> ... Lifespan: Set to 60 minutes.
[AirdropContainerFall] Loot Spawned [4] Roadflare @ <8498.242188, 104.636314, 12691.814453> ... Lifespan: Set to 60 minutes.
[AirdropContainerFall] Loot Spawned [5] OrienteeringCompass @ <8499.148438, 104.573494, 12689.687500> ... Lifespan: Set to 60 minutes.
[AirdropContainerFall] Loot Spawned [6] Battery9V @ <8498.739258, 104.605141, 12689.309570> ... Lifespan: Set to 60 minutes.
[AirdropContainerFall] Loot Spawned [7] Hatchet @ <8501.504883, 104.378830, 12693.102539> ... Lifespan: Set to 60 minutes.
[AirdropContainerFall] Loot Spawned [8] FirefighterAxe @ <8503.969727, 104.199249, 12690.349609> ... Lifespan: Set to 60 minutes.
[AirdropContainerFall] Loot Spawned [9] SteakKnife @ <8499.323242, 104.538933, 12687.883789> ... Lifespan: Set to 60 minutes.
[AirdropContainerFall] Loot Spawned [10] Headtorch_Grey @ <8499.591797, 104.530304, 12692.227539> ... Lifespan: Set to 60 minutes.
[AirdropContainerFall] Loot Spawned [11] PersonalRadio @ <8498.449219, 104.580574, 12688.397461> ... Lifespan: Set to 60 minutes.
[AirdropContainerFall] Loot Spawned [12] Heatpack @ <8502.320313, 104.328171, 12688.341797> ... Lifespan: Set to 60 minutes.
[AirdropContainerFall] Loot Spawned [13] ChernarusMap @ <8498.414063, 104.628601, 12690.416016> ... Lifespan: Set to 60 minutes.
[AirdropContainerFall] Loot Spawned [14] OrienteeringCompass @ <8503.249023, 104.256203, 12690.041016> ... Lifespan: Set to 60 minutes.
[AirdropContainerFall] Loot Spawned [15] Chemlight_Green @ <8499.118164, 104.566444, 12692.343750> ... Lifespan: Set to 60 minutes.
[AirdropContainerFall] Loot Spawned [16] Lockpick @ <8504.456055, 104.162491, 12690.141602> ... Lifespan: Set to 60 minutes.
[AirdropContainerFall] Loot Spawned [17] CableReel @ <8502.996094, 104.275917, 12687.506836> ... Lifespan: Set to 60 minutes.
[AirdropContainerFall] Loot Spawned [18] Chemlight_Red @ <8498.998047, 104.585106, 12689.163086> ... Lifespan: Set to 60 minutes.
[AirdropContainerFall] Loot Spawned [19] Matchbox @ <8499.355469, 104.547249, 12692.559570> ... Lifespan: Set to 60 minutes.
[AirdropContainerFall] Loot Spawned [20] KitchenKnife @ <8500.915039, 104.425140, 12692.924805> ... Lifespan: Set to 60 minutes.
[AirdropContainerFall] Loot Spawned [21] Spotlight @ <8500.011719, 104.501434, 12691.321289> ... Lifespan: Set to 60 minutes.
[AirdropContainerFall] Loot Spawned [22] SteakKnife @ <8502.710938, 104.291298, 12691.676758> ... Lifespan: Set to 60 minutes.
[AirdropContainerFall] Loot Spawned [23] CanOpener @ <8500.779297, 104.447395, 12687.897461> ... Lifespan: Set to 60 minutes.
[AirdropContainerFall] Loot Spawned [24] LugWrench @ <8503.209961, 104.259422, 12689.823242> ... Lifespan: Set to 60 minutes.
[AirdropContainerFall] Loot Spawned [25] ElectronicRepairKit @ <8503.673828, 104.222313, 12690.301758> ... Lifespan: Set to 60 minutes.
[AirdropContainerFall] Loot Spawned [26] WoodAxe @ <8500.809570, 104.433784, 12692.817383> ... Lifespan: Set to 60 minutes.
[AirdropContainerFall] Loot Spawned [27] Pickaxe @ <8500.395508, 104.477066, 12688.291992> ... Lifespan: Set to 60 minutes.
[AirdropContainerFall] Loot Spawned [28] LugWrench @ <8499.151367, 104.573280, 12688.576172> ... Lifespan: Set to 60 minutes.
[AirdropContainerFall] Loot Spawned [29] Machete @ <8501.046875, 104.419792, 12691.710938> ... Lifespan: Set to 60 minutes.
[AirdropContainerFall] Loot Spawned [30] Hacksaw @ <8502.032227, 104.350471, 12688.170898> ... Lifespan: Set to 60 minutes.
[AirdropContainerFall] Airdrop Flare Spawned @ <8502.873047, 104.285477, 12689.648438> ... Lifespan: Set to 60 minutes.
[AirdropContainerUnstuck] Container was unstuck.
[~AirdropContainerBase] Container Destroyed on 2021-03-14 @ 16-10-35
