[InitializeContainer] Container created on 2021-04-07 @ 16-51-32
[InitializeContainer] Winds: Vector <10.407104, 0.000000, -1.679217>, Speed 10.5417mps, Strength 0.1
[AirdropContainerFall] Drop Type 'Misc. Tools', Container: 'RANDOM', Mode/Quantity/Iems: Random/30/54, Flare:  10%
[AirdropContainerFall] Loot Spawned [1] KitchenKnife @ <13604.171875, 34.882099, 3148.602051> ... Lifespan: Set to 30 minutes.
[AirdropContainerFall] Loot Spawned [2] ChernarusMap @ <13600.347656, 37.309246, 3144.609131> ... Lifespan: Set to 30 minutes.
[AirdropContainerFall] Loot Spawned [3] CombatKnife @ <13603.781250, 35.586372, 3146.843994> ... Lifespan: Set to 30 minutes.
[AirdropContainerFall] Loot Spawned [4] Whetstone @ <13601.667969, 35.646507, 3149.105469> ... Lifespan: Set to 30 minutes.
[AirdropContainerFall] Loot Spawned [5] PortableGasLamp @ <13599.504883, 36.540657, 3148.805664> ... Lifespan: Set to 30 minutes.
[AirdropContainerFall] Loot Spawned [6] LeatherSewingKit @ <13602.432617, 36.542343, 3145.406982> ... Lifespan: Set to 30 minutes.
[AirdropContainerFall] Loot Spawned [7] Battery9V @ <13597.823242, 37.382015, 3147.386963> ... Lifespan: Set to 30 minutes.
[AirdropContainerFall] Loot Spawned [8] BaseRadio @ <13603.622070, 36.255470, 3144.928955> ... Lifespan: Set to 30 minutes.
[AirdropContainerFall] Loot Spawned [9] Machete @ <13604.238281, 34.960255, 3148.279297> ... Lifespan: Set to 30 minutes.
[AirdropContainerFall] Loot Spawned [10] Crowbar @ <13599.250000, 37.460716, 3145.265869> ... Lifespan: Set to 30 minutes.
[AirdropContainerFall] Loot Spawned [11] SewingKit @ <13599.578125, 37.613640, 3144.156982> ... Lifespan: Set to 30 minutes.
[AirdropContainerFall] Loot Spawned [12] Crowbar @ <13599.030273, 36.916859, 3148.039307> ... Lifespan: Set to 30 minutes.
[AirdropContainerFall] Loot Spawned [13] AKM @ <13600.875977, 37.069973, 3145.058838> ... Lifespan: Set to 30 minutes.
[AirdropContainerFall] Loot Spawned [14] Hammer @ <13598.541016, 37.758171, 3144.770996> ... Lifespan: Set to 30 minutes.
[AirdropContainerFall] Loot Spawned [15] Hacksaw @ <13599.461914, 36.535980, 3148.870361> ... Lifespan: Set to 30 minutes.
[AirdropContainerFall] Loot Spawned [16] Flashlight @ <13602.480469, 36.531761, 3145.385010> ... Lifespan: Set to 30 minutes.
[AirdropContainerFall] Loot Spawned [17] KOD_M16A4 @ <13598.573242, 36.901207, 3148.674561> ... Lifespan: Set to 30 minutes.
[AirdropContainerFall] Loot Spawned [18] PersonalRadio @ <13599.680664, 37.125935, 3146.274658> ... Lifespan: Set to 30 minutes.
[AirdropContainerFall] Loot Spawned [19] Roadflare @ <13601.777344, 35.238804, 3150.259521> ... Lifespan: Set to 30 minutes.
[AirdropContainerFall] Loot Spawned [20] KOD_M16A4 @ <13598.304688, 36.973644, 3148.672119> ... Lifespan: Set to 30 minutes.
[AirdropContainerFall] Loot Spawned [21] AK101 @ <13601.971680, 36.747078, 3145.193115> ... Lifespan: Set to 30 minutes.
[AirdropContainerFall] Loot Spawned [22] WoodAxe @ <13602.876953, 35.581219, 3147.908447> ... Lifespan: Set to 30 minutes.
[AirdropContainerFall] Loot Spawned [23] Chemlight_Yellow @ <13602.923828, 35.363178, 3148.538574> ... Lifespan: Set to 30 minutes.
[AirdropContainerFall] Loot Spawned [24] Hammer @ <13598.939453, 37.473557, 3145.589600> ... Lifespan: Set to 30 minutes.
[AirdropContainerFall] Loot Spawned [25] Machete @ <13602.142578, 36.691990, 3145.235352> ... Lifespan: Set to 30 minutes.
[AirdropContainerFall] Loot Spawned [26] FirefighterAxe @ <13599.631836, 37.638855, 3143.975342> ... Lifespan: Set to 30 minutes.
[AirdropContainerFall] Loot Spawned [27] Chemlight_White @ <13603.299805, 35.879543, 3146.482178> ... Lifespan: Set to 30 minutes.
[AirdropContainerFall] Loot Spawned [28] Headtorch_Grey @ <13600.168945, 35.908924, 3150.019043> ... Lifespan: Set to 30 minutes.
[AirdropContainerFall] Loot Spawned [29] Matchbox @ <13598.509766, 37.508892, 3145.956299> ... Lifespan: Set to 30 minutes.
[AirdropContainerFall] Loot Spawned [30] Hammer @ <13602.612305, 35.065102, 3149.834717> ... Lifespan: Set to 30 minutes.
[AirdropContainerUnstuck] Container was unstuck.
