[InitializeContainer] Container created on 2021-04-01 @ 06-45-31
[InitializeContainer] Winds: Vector <-1.236028, 0.000000, 15.676754>, Speed 15.7254mps, Strength 0.1
[AirdropContainerFall] Drop Type 'Misc. Food', Container: 'RANDOM', Mode/Quantity/Iems: Random/29/30, Flare:  10%
[AirdropContainerFall] Loot Spawned [1] GreenBellPepper @ <4086.632080, 301.668884, 7870.192383> ... Lifespan: Set to 30 minutes.
[AirdropContainerFall] Loot Spawned [2] TacticalBaconCan @ <4081.846191, 301.388123, 7870.130371> ... Lifespan: Set to 30 minutes.
[AirdropContainerFall] Loot Spawned [3] Pumpkin @ <4085.082031, 301.565002, 7869.818848> ... Lifespan: Set to 30 minutes.
[AirdropContainerFall] Loot Spawned [4] BoxCerealCrunchin @ <4082.739502, 301.332703, 7867.522949> ... Lifespan: Set to 30 minutes.
[AirdropContainerFall] Loot Spawned [5] Lard @ <4082.727051, 301.380951, 7868.707031> ... Lifespan: Set to 30 minutes.
[AirdropContainerFall] Loot Spawned [6] SodaCan_Pipsi @ <4084.700928, 301.412292, 7866.637207> ... Lifespan: Set to 30 minutes.
[AirdropContainerFall] Loot Spawned [7] Pear @ <4086.165527, 301.642487, 7870.200195> ... Lifespan: Set to 30 minutes.
[AirdropContainerFall] Loot Spawned [8] TunaCan @ <4084.839844, 301.402771, 7866.195801> ... Lifespan: Set to 30 minutes.
[AirdropContainerFall] Loot Spawned [9] BakedBeansCan @ <4082.697998, 301.494873, 7871.505859> ... Lifespan: Set to 30 minutes.
[AirdropContainerFall] Loot Spawned [10] TacticalBaconCan @ <4085.076660, 301.440369, 7866.788574> ... Lifespan: Set to 30 minutes.
[AirdropContainerFall] Loot Spawned [11] TacticalBaconCan @ <4083.428467, 301.279572, 7865.185059> ... Lifespan: Set to 30 minutes.
[AirdropContainerFall] Loot Spawned [12] TunaCan @ <4086.130127, 301.506287, 7866.892090> ... Lifespan: Set to 30 minutes.
[AirdropContainerFall] Loot Spawned [13] BoxCerealCrunchin @ <4085.428467, 301.406342, 7865.421875> ... Lifespan: Set to 30 minutes.
[AirdropContainerFall] Loot Spawned [14] Plum @ <4085.094482, 301.570160, 7869.926270> ... Lifespan: Set to 30 minutes.
[AirdropContainerFall] Loot Spawned [15] WaterBottle @ <4084.049316, 301.515778, 7870.093262> ... Lifespan: Set to 30 minutes.
[AirdropContainerFall] Loot Spawned [16] Pear @ <4081.708740, 301.350769, 7869.422852> ... Lifespan: Set to 30 minutes.
[AirdropContainerFall] Loot Spawned [17] AKM @ <4084.272705, 301.374695, 7866.325684> ... Lifespan: Set to 30 minutes.
[AirdropContainerFall] Loot Spawned [18] Rice @ <4086.163574, 301.613403, 7869.475098> ... Lifespan: Set to 30 minutes.
[AirdropContainerFall] Loot Spawned [19] Zucchini @ <4081.510742, 301.248077, 7867.210449> ... Lifespan: Set to 30 minutes.
[AirdropContainerFall] Loot Spawned [20] Pumpkin @ <4086.214111, 301.517029, 7867.037109> ... Lifespan: Set to 30 minutes.
[AirdropContainerFall] Loot Spawned [21] SambucusBerry @ <4083.786865, 301.492981, 7869.914063> ... Lifespan: Set to 30 minutes.
[AirdropContainerFall] Loot Spawned [22] SodaCan_Pipsi @ <4086.009277, 301.617188, 7869.791016> ... Lifespan: Set to 30 minutes.
[AirdropContainerFall] Loot Spawned [23] SpaghettiCan @ <4084.791748, 301.357605, 7865.137695> ... Lifespan: Set to 30 minutes.
[AirdropContainerFall] Loot Spawned [24] SambucusBerry @ <4085.773926, 301.657867, 7871.145020> ... Lifespan: Set to 30 minutes.
[AirdropContainerFall] Loot Spawned [25] Pear @ <4084.695801, 301.615997, 7871.643555> ... Lifespan: Set to 30 minutes.
[AirdropContainerFall] Loot Spawned [26] Pumpkin @ <4081.835938, 301.248108, 7866.735352> ... Lifespan: Set to 30 minutes.
[AirdropContainerFall] Loot Spawned [27] GreenBellPepper @ <4086.632324, 301.639221, 7869.449219> ... Lifespan: Set to 30 minutes.
[AirdropContainerFall] Loot Spawned [28] SpaghettiCan @ <4082.395752, 301.372498, 7868.973145> ... Lifespan: Set to 30 minutes.
[AirdropContainerFall] Loot Spawned [29] AK101 @ <4081.154785, 301.304413, 7869.087891> ... Lifespan: Set to 30 minutes.
[AirdropContainerUnstuck] Container was unstuck.
[~AirdropContainerBase] Container Destroyed on 2021-04-01 @ 07-10-31
