[InitializeContainer] Container created on 2021-03-09 @ 12-05-12
[InitializeContainer] Winds: Vector <11.162931, 0.000000, 0.728416>, Speed 11.1867mps, Strength 0.1
[AirdropContainerFall] Drop Type 'Military West', Container: 'AirdropContainer_Military', Mode/Quantity/Iems: Random/20/40, Flare:  10%
[AirdropContainerFall] Loot Spawned [1] M4_CQBBttstck @ <11392.218750, 39.362869, 14350.373047> ... Lifespan: Set to 60 minutes.
[AirdropContainerFall] Loot Spawned [2] Mag_FNX45_15Rnd @ <11387.427734, 39.376335, 14352.250000> ... Lifespan: Set to 60 minutes.
[AirdropContainerFall] Loot Spawned [3] Rangefinder @ <11389.694336, 39.353298, 14347.930664> ... Lifespan: Set to 60 minutes.
[AirdropContainerFall] Loot Spawned [4] M9A1_Bayonet @ <11390.926758, 39.377628, 14353.631836> ... Lifespan: Set to 60 minutes.
[AirdropContainerFall] Loot Spawned [5] Rangefinder @ <11391.214844, 39.364834, 14350.529297> ... Lifespan: Set to 60 minutes.
[AirdropContainerFall] Loot Spawned [6] Mag_FNX45_15Rnd @ <11387.753906, 39.361366, 14349.443359> ... Lifespan: Set to 60 minutes.
[AirdropContainerFall] Loot Spawned [7] M4_CQBBttstck @ <11386.670898, 39.375725, 14352.135742> ... Lifespan: Set to 60 minutes.
[AirdropContainerFall] Loot Spawned [8] CombatKnife @ <11390.725586, 39.374683, 14352.828125> ... Lifespan: Set to 60 minutes.
[AirdropContainerFall] Loot Spawned [9] MilitaryBoots_Black @ <11386.874023, 39.373463, 14351.711914> ... Lifespan: Set to 60 minutes.
[AirdropContainerFall] Loot Spawned [10] MilitaryBoots_Bluerock @ <11387.529297, 39.379864, 14353.058594> ... Lifespan: Set to 60 minutes.
[AirdropContainerFall] Loot Spawned [11] CombatKnife @ <11391.966797, 39.368587, 14351.718750> ... Lifespan: Set to 60 minutes.
[AirdropContainerFall] Loot Spawned [12] M4_T3NrdSOptic @ <11391.072266, 39.359875, 14349.242188> ... Lifespan: Set to 60 minutes.
[AirdropContainerFall] Loot Spawned [13] AssaultBag_Ttsko @ <11391.132813, 39.364891, 14350.516602> ... Lifespan: Set to 60 minutes.
[AirdropContainerFall] Loot Spawned [14] TacticalGoggles @ <11389.973633, 39.378136, 14353.441406> ... Lifespan: Set to 60 minutes.
[AirdropContainerFall] Loot Spawned [15] Mag_STANAG_30Rnd @ <11387.244141, 39.364685, 14350.065430> ... Lifespan: Set to 60 minutes.
[AirdropContainerFall] Loot Spawned [16] TacticalBaconCan @ <11391.082031, 39.363216, 14350.082031> ... Lifespan: Set to 60 minutes.
[AirdropContainerFall] Loot Spawned [17] UniversalLight @ <11387.338867, 39.379700, 14352.954102> ... Lifespan: Set to 60 minutes.
[AirdropContainerFall] Loot Spawned [18] Binoculars @ <11388.270508, 39.378323, 14352.919922> ... Lifespan: Set to 60 minutes.
[AirdropContainerFall] Loot Spawned [19] PistolSuppressor @ <11389.523438, 39.355186, 14348.285156> ... Lifespan: Set to 60 minutes.
[AirdropContainerFall] Loot Spawned [20] MilitaryBoots_Black @ <11386.636719, 39.361622, 14349.491211> ... Lifespan: Set to 60 minutes.
[AirdropContainerUnstuck] Container was unstuck.
[~AirdropContainerBase] Container Destroyed on 2021-03-09 @ 12-20-12
