[InitializeContainer] Container created on 2021-04-05 @ 21-29-56
[InitializeContainer] Winds: Vector <-2.250777, 0.000000, -4.714124>, Speed 5.22388mps, Strength 0.1
[AirdropContainerFall] Drop Type 'Military West', Container: 'AirdropContainer_Military', Mode/Quantity/Iems: Random/20/46, Flare:  10%
[AirdropContainerFall] Loot Spawned [1] AmmoBox_556x45_20Rnd @ <8798.952148, 380.223785, 9107.206055> ... Lifespan: Set to 30 minutes.
[AirdropContainerFall] Loot Spawned [2] AK101 @ <8794.358398, 380.642303, 9105.696289> ... Lifespan: Set to 30 minutes.
[AirdropContainerFall] Loot Spawned [3] TacticalGloves_Beige @ <8795.488281, 380.398285, 9104.529297> ... Lifespan: Set to 30 minutes.
[AirdropContainerFall] Loot Spawned [4] TacticalGloves_Beige @ <8798.511719, 380.366302, 9108.703125> ... Lifespan: Set to 30 minutes.
[AirdropContainerFall] Loot Spawned [5] UKAssVest_Camo @ <8794.708008, 380.587982, 9105.624023> ... Lifespan: Set to 30 minutes.
[AirdropContainerFall] Loot Spawned [6] FNX45 @ <8797.788086, 380.431030, 9108.931641> ... Lifespan: Set to 30 minutes.
[AirdropContainerFall] Loot Spawned [7] TacticalGloves_Green @ <8798.326172, 380.396729, 9108.943359> ... Lifespan: Set to 30 minutes.
[AirdropContainerFall] Loot Spawned [8] M9A1_Bayonet @ <8797.356445, 380.512177, 9109.500977> ... Lifespan: Set to 30 minutes.
[AirdropContainerFall] Loot Spawned [9] MilitaryBoots_Beige @ <8797.143555, 380.225494, 9105.354492> ... Lifespan: Set to 30 minutes.
[AirdropContainerFall] Loot Spawned [10] CanOpener @ <8800.069336, 380.239777, 9108.376953> ... Lifespan: Set to 30 minutes.
[AirdropContainerFall] Loot Spawned [11] M9A1_Bayonet @ <8800.507813, 380.170807, 9107.845703> ... Lifespan: Set to 30 minutes.
[AirdropContainerFall] Loot Spawned [12] USMCJacket_Woodland @ <8797.383789, 380.549011, 9110.034180> ... Lifespan: Set to 30 minutes.
[AirdropContainerFall] Loot Spawned [13] FNX45 @ <8794.504883, 380.621124, 9105.688477> ... Lifespan: Set to 30 minutes.
[AirdropContainerFall] Loot Spawned [14] AK101 @ <8795.745117, 380.463562, 9105.950195> ... Lifespan: Set to 30 minutes.
[AirdropContainerFall] Loot Spawned [15] M4_RISHndgrd @ <8795.442383, 380.551178, 9106.609375> ... Lifespan: Set to 30 minutes.
[AirdropContainerFall] Loot Spawned [16] M9A1_Bayonet @ <8798.592773, 380.015747, 9104.262695> ... Lifespan: Set to 30 minutes.
[AirdropContainerFall] Loot Spawned [17] M4_T3NrdSOptic @ <8799.951172, 380.264282, 9108.597656> ... Lifespan: Set to 30 minutes.
[AirdropContainerFall] Loot Spawned [18] UKAssVest_Black @ <8799.744141, 380.089783, 9106.124023> ... Lifespan: Set to 30 minutes.
[AirdropContainerFall] Loot Spawned [19] AssaultBag_Green @ <8794.573242, 380.699341, 9106.981445> ... Lifespan: Set to 30 minutes.
[AirdropContainerFall] Loot Spawned [20] UKAssVest_Camo @ <8797.381836, 380.553772, 9110.091797> ... Lifespan: Set to 30 minutes.
[AirdropContainerUnstuck] Container was unstuck.
[~AirdropContainerBase] Container Destroyed on 2021-04-05 @ 21-54-56
