[InitializeContainer] Container created on 2021-03-27 @ 17-02-04
[InitializeContainer] Winds: Vector <8.413881, 0.000000, 10.668167>, Speed 13.5869mps, Strength 0.1
[AirdropContainerFall] Drop Type 'Misc. Tools', Container: 'RANDOM', Mode/Quantity/Iems: Random/30/54, Flare:  10%
[AirdropContainerFall] Loot Spawned [1] Chemlight_Yellow @ <13505.435547, 22.947958, 3090.171875> ... Lifespan: Set to 30 minutes.
[AirdropContainerFall] Loot Spawned [2] KOD_DVL10 @ <13503.644531, 22.305143, 3089.245117> ... Lifespan: Set to 30 minutes.
[AirdropContainerFall] Loot Spawned [3] Heatpack @ <13504.112305, 22.359850, 3093.850342> ... Lifespan: Set to 30 minutes.
[AirdropContainerFall] Loot Spawned [4] Heatpack @ <13505.510742, 22.978683, 3089.906982> ... Lifespan: Set to 30 minutes.
[AirdropContainerFall] Loot Spawned [5] Chemlight_Blue @ <13504.195313, 22.392355, 3093.847412> ... Lifespan: Set to 30 minutes.
[AirdropContainerFall] Loot Spawned [6] Screwdriver @ <13506.305664, 23.244755, 3090.413818> ... Lifespan: Set to 30 minutes.
[AirdropContainerFall] Loot Spawned [7] Hacksaw @ <13501.116211, 21.357735, 3091.976563> ... Lifespan: Set to 30 minutes.
[AirdropContainerFall] Loot Spawned [8] WoodAxe @ <13507.430664, 23.657740, 3090.959717> ... Lifespan: Set to 30 minutes.
[AirdropContainerFall] Loot Spawned [9] Screwdriver @ <13504.101563, 22.445353, 3088.431885> ... Lifespan: Set to 30 minutes.
[AirdropContainerFall] Loot Spawned [10] Whetstone @ <13501.119141, 21.351702, 3092.157471> ... Lifespan: Set to 30 minutes.
[AirdropContainerFall] Loot Spawned [11] Chemlight_Green @ <13503.165039, 22.039618, 3092.994141> ... Lifespan: Set to 30 minutes.
[AirdropContainerFall] Loot Spawned [12] Matchbox @ <13505.051758, 22.806274, 3089.474609> ... Lifespan: Set to 30 minutes.
[AirdropContainerFall] Loot Spawned [13] Chemlight_Red @ <13501.952148, 21.583765, 3093.740234> ... Lifespan: Set to 30 minutes.
[AirdropContainerFall] Loot Spawned [14] LeatherSewingKit @ <13505.512695, 22.956169, 3090.659668> ... Lifespan: Set to 30 minutes.
[AirdropContainerFall] Loot Spawned [15] Compass @ <13506.276367, 23.213221, 3093.738770> ... Lifespan: Set to 30 minutes.
[AirdropContainerFall] Loot Spawned [16] FirefighterAxe @ <13501.843750, 21.681452, 3089.647949> ... Lifespan: Set to 30 minutes.
[AirdropContainerFall] Loot Spawned [17] PortableGasLamp @ <13504.026367, 22.342594, 3093.001221> ... Lifespan: Set to 30 minutes.
[AirdropContainerFall] Loot Spawned [18] Machete @ <13506.838867, 23.430677, 3092.548584> ... Lifespan: Set to 30 minutes.
[AirdropContainerFall] Loot Spawned [19] SewingKit @ <13502.628906, 21.937368, 3090.754395> ... Lifespan: Set to 30 minutes.
[AirdropContainerFall] Loot Spawned [20] Crowbar @ <13501.532227, 21.549410, 3090.803223> ... Lifespan: Set to 30 minutes.
[AirdropContainerFall] Loot Spawned [21] Matchbox @ <13503.962891, 22.326790, 3092.826416> ... Lifespan: Set to 30 minutes.
[AirdropContainerFall] Loot Spawned [22] CombatKnife @ <13504.642578, 22.571079, 3094.355957> ... Lifespan: Set to 30 minutes.
[AirdropContainerFall] Loot Spawned [23] Compass @ <13501.631836, 21.557102, 3091.512695> ... Lifespan: Set to 30 minutes.
[AirdropContainerFall] Loot Spawned [24] Chemlight_Red @ <13506.624023, 23.345051, 3092.370117> ... Lifespan: Set to 30 minutes.
[AirdropContainerFall] Loot Spawned [25] Hacksaw @ <13505.728516, 23.028593, 3088.849365> ... Lifespan: Set to 30 minutes.
[AirdropContainerFall] Loot Spawned [26] BatteryCharger @ <13501.604492, 21.527546, 3092.027100> ... Lifespan: Set to 30 minutes.
[AirdropContainerFall] Loot Spawned [27] BaseRadio @ <13503.261719, 22.167242, 3089.131836> ... Lifespan: Set to 30 minutes.
[AirdropContainerFall] Loot Spawned [28] Flashlight @ <13505.570313, 22.929733, 3092.512695> ... Lifespan: Set to 30 minutes.
[AirdropContainerFall] Loot Spawned [29] FirefighterAxe @ <13501.359375, 21.463058, 3091.469482> ... Lifespan: Set to 30 minutes.
[AirdropContainerFall] Loot Spawned [30] Rangefinder @ <13505.618164, 23.017303, 3089.943115> ... Lifespan: Set to 30 minutes.
[AirdropContainerUnstuck] Container was unstuck.
[~AirdropContainerBase] Container Destroyed on 2021-03-27 @ 17-27-04
