[InitializeContainer] Container created on 2021-03-20 @ 15-06-10
[InitializeContainer] Winds: Vector <5.553184, 0.000000, -6.475740>, Speed 8.53071mps, Strength 0.1
[AirdropContainerFall] Drop Type 'Misc. Food', Container: 'RANDOM', Mode/Quantity/Iems: Random/29/30, Flare:  10%
[AirdropContainerFall] Loot Spawned [1] Plum @ <3186.268311, 203.259018, 12864.756836> ... Lifespan: Set to 30 minutes.
[AirdropContainerFall] Loot Spawned [2] TacticalBaconCan @ <3189.443359, 203.130585, 12861.704102> ... Lifespan: Set to 30 minutes.
[AirdropContainerFall] Loot Spawned [3] SodaCan_Spite @ <3188.761230, 203.157623, 12861.109375> ... Lifespan: Set to 30 minutes.
[AirdropContainerFall] Loot Spawned [4] SodaCan_Cola @ <3191.776123, 203.049835, 12864.085938> ... Lifespan: Set to 30 minutes.
[AirdropContainerFall] Loot Spawned [5] Rice @ <3190.544922, 203.102676, 12865.377930> ... Lifespan: Set to 30 minutes.
[AirdropContainerFall] Loot Spawned [6] AKM @ <3191.358154, 203.057922, 12862.144531> ... Lifespan: Set to 30 minutes.
[AirdropContainerFall] Loot Spawned [7] TunaCan @ <3191.976807, 203.034317, 12862.333984> ... Lifespan: Set to 30 minutes.
[AirdropContainerFall] Loot Spawned [8] SodaCan_Spite @ <3187.806396, 203.192093, 12861.548828> ... Lifespan: Set to 30 minutes.
[AirdropContainerFall] Loot Spawned [9] Zucchini @ <3191.041260, 203.072479, 12863.191406> ... Lifespan: Set to 30 minutes.
[AirdropContainerFall] Loot Spawned [10] TunaCan @ <3186.762451, 203.237335, 12864.151367> ... Lifespan: Set to 30 minutes.
[AirdropContainerFall] Loot Spawned [11] KOD_DVL10 @ <3190.660889, 203.084747, 12861.844727> ... Lifespan: Set to 30 minutes.
[AirdropContainerFall] Loot Spawned [12] KOD_M16A4 @ <3190.107910, 203.113083, 12864.269531> ... Lifespan: Set to 30 minutes.
[AirdropContainerFall] Loot Spawned [13] Potato @ <3189.369873, 203.142319, 12864.583984> ... Lifespan: Set to 30 minutes.
[AirdropContainerFall] Loot Spawned [14] CaninaBerry @ <3186.346436, 203.249008, 12863.426758> ... Lifespan: Set to 30 minutes.
[AirdropContainerFall] Loot Spawned [15] TunaCan @ <3186.326416, 203.251740, 12863.799805> ... Lifespan: Set to 30 minutes.
[AirdropContainerFall] Loot Spawned [16] TunaCan @ <3190.195557, 203.105484, 12863.460938> ... Lifespan: Set to 30 minutes.
[AirdropContainerFall] Loot Spawned [17] SambucusBerry @ <3187.645752, 203.207306, 12864.702148> ... Lifespan: Set to 30 minutes.
[AirdropContainerFall] Loot Spawned [18] Zucchini @ <3187.560547, 203.213745, 12865.310547> ... Lifespan: Set to 30 minutes.
[AirdropContainerFall] Loot Spawned [19] TunaCan @ <3190.703369, 203.084702, 12861.266602> ... Lifespan: Set to 30 minutes.
[AirdropContainerFall] Loot Spawned [20] Apple @ <3186.185059, 203.252808, 12863.007813> ... Lifespan: Set to 30 minutes.
[AirdropContainerFall] Loot Spawned [21] CaninaBerry @ <3191.624268, 203.050262, 12863.105469> ... Lifespan: Set to 30 minutes.
[AirdropContainerFall] Loot Spawned [22] GreenBellPepper @ <3186.754639, 203.241989, 12864.967773> ... Lifespan: Set to 30 minutes.
[AirdropContainerFall] Loot Spawned [23] CaninaBerry @ <3190.438232, 203.099472, 12864.029297> ... Lifespan: Set to 30 minutes.
[AirdropContainerFall] Loot Spawned [24] SambucusBerry @ <3189.242920, 203.141556, 12860.386719> ... Lifespan: Set to 30 minutes.
[AirdropContainerFall] Loot Spawned [25] Lard @ <3189.424805, 203.136246, 12859.833008> ... Lifespan: Set to 30 minutes.
[AirdropContainerFall] Loot Spawned [26] KOD_M16A4 @ <3187.191162, 203.217072, 12860.802734> ... Lifespan: Set to 30 minutes.
[AirdropContainerFall] Loot Spawned [27] Potato @ <3187.157715, 203.225006, 12864.604492> ... Lifespan: Set to 30 minutes.
[AirdropContainerFall] Loot Spawned [28] KOD_DVL10 @ <3186.171875, 203.251892, 12862.011719> ... Lifespan: Set to 30 minutes.
[AirdropContainerFall] Loot Spawned [29] KOD_M16A4 @ <3188.196045, 203.192230, 12865.728516> ... Lifespan: Set to 30 minutes.
[AirdropContainerUnstuck] Container was unstuck.
[~AirdropContainerBase] Container Destroyed on 2021-03-20 @ 15-31-10
