[AirdropPlane] Aircraft created on 2021-04-20 @ 10-57-28
[InitializeAircraft] Aircraft Initialized: Chernogorsk @ 7400/3500 (true)
[EOnBeforeDrop] The Aircraft is 1 Km from Chernogorsk. @ <6333.394043, 399.762817, 4553.770508>
[EOnDrop] Zombie Spawned [1] ZmbM_ConstrWorkerNormal_Green @ <7354.561523, 11.651380, 3586.374268> ... Lifespan:  Set to 30 minutes.
[EOnDrop] Zombie Spawned [2] ZmbM_MechanicSkinny_Blue @ <7367.955078, 11.155421, 3586.160156> ... Lifespan:  Set to 30 minutes.
[EOnDrop] Zombie Spawned [3] ZmbM_MechanicSkinny_Green @ <7328.090332, 14.809582, 3603.103271> ... Lifespan:  Set to 30 minutes.
[EOnDrop] Zombie Spawned [4] ZmbM_OffshoreWorker_Orange @ <7369.359863, 9.742877, 3556.078369> ... Lifespan:  Set to 30 minutes.
[EOnDrop] Zombie Spawned [5] ZmbF_MechanicNormal_Beige @ <7369.058105, 9.743232, 3546.553711> ... Lifespan:  Set to 30 minutes.
[EOnDrop] Zombie Spawned [6] ZmbM_MechanicSkinny_Grey @ <7321.578613, 14.322330, 3551.504395> ... Lifespan:  Set to 30 minutes.
[EOnDrop] Zombie Spawned [7] ZmbF_BlueCollarFat_Red @ <7302.645020, 15.838960, 3551.954590> ... Lifespan:  Set to 30 minutes.
[EOnDrop] Zombie Spawned [8] ZmbM_MechanicSkinny_Green @ <7331.659180, 13.308420, 3554.742676> ... Lifespan:  Set to 30 minutes.
[EOnDrop] Zombie Spawned [9] ZmbM_MechanicSkinny_Red @ <7303.527344, 15.771885, 3553.274414> ... Lifespan:  Set to 30 minutes.
[EOnDrop] Zombie Spawned [10] ZmbM_MechanicSkinny_Red @ <7346.319824, 11.893431, 3543.411865> ... Lifespan:  Set to 30 minutes.
[EOnDrop] Zombie Spawned [11] ZmbM_MechanicSkinny_Red @ <7318.791992, 14.135152, 3566.419678> ... Lifespan:  Set to 30 minutes.
[EOnDrop] Zombie Spawned [12] ZmbM_HandymanNormal_Blue @ <7302.520996, 15.230064, 3579.450195> ... Lifespan:  Set to 30 minutes.
[EOnDrop] Zombie Spawned [13] ZmbF_BlueCollarFat_White @ <7319.995117, 14.188413, 3561.937012> ... Lifespan:  Set to 30 minutes.
[EOnDrop] Zombie Spawned [14] ZmbF_MechanicNormal_Beige @ <7333.954590, 12.444754, 3577.570557> ... Lifespan:  Set to 30 minutes.
[EOnDrop] Zombie Spawned [15] ZmbM_HandymanNormal_Beige @ <7335.229980, 12.542601, 3567.513672> ... Lifespan:  Set to 30 minutes.
[EOnDrop] Zombie Spawned [16] ZmbM_OffshoreWorker_Red @ <7342.591797, 11.862466, 3566.729004> ... Lifespan:  Set to 30 minutes.
[EOnDrop] Zombie Spawned [17] ZmbM_ConstrWorkerNormal_Green @ <7324.585449, 13.904784, 3557.794434> ... Lifespan:  Set to 30 minutes.
[EOnDrop] Zombie Spawned [18] ZmbF_MechanicNormal_Grey @ <7375.718262, 10.786785, 3586.108398> ... Lifespan:  Set to 30 minutes.
[EOnDrop] Zombie Spawned [19] ZmbF_MechanicNormal_Grey @ <7359.622070, 10.502560, 3553.221191> ... Lifespan:  Set to 30 minutes.
[EOnDrop] Zombie Spawned [20] ZmbM_MechanicSkinny_Green @ <7332.520020, 12.628893, 3586.480225> ... Lifespan:  Set to 30 minutes.
[EOnDrop] Zombie Spawned [21] ZmbM_OffshoreWorker_Red @ <7313.747070, 14.336423, 3574.064209> ... Lifespan:  Set to 30 minutes.
[EOnDrop] Zombie Spawned [22] ZmbF_BlueCollarFat_Blue @ <7363.991699, 10.176897, 3535.068115> ... Lifespan:  Set to 30 minutes.
[EOnDrop] Zombie Spawned [23] ZmbM_MechanicSkinny_Green @ <7380.047852, 8.999953, 3558.232910> ... Lifespan:  Set to 30 minutes.
[EOnDrop] Zombie Spawned [24] ZmbM_MechanicSkinny_Red @ <7346.962402, 11.829662, 3541.617188> ... Lifespan:  Set to 30 minutes.
[EOnDrop] Zombie Spawned [25] ZmbF_MechanicNormal_Grey @ <7327.260742, 13.718781, 3555.995850> ... Lifespan:  Set to 30 minutes.
[EOnDrop] Zombie Spawned [26] ZmbM_OffshoreWorker_Red @ <7327.648438, 13.313633, 3593.074951> ... Lifespan:  Set to 30 minutes.
[EOnDrop] Zombie Spawned [27] ZmbM_OffshoreWorker_Yellow @ <7356.749512, 14.086635, 3603.109863> ... Lifespan:  Set to 30 minutes.
[EOnDrop] Zombie Spawned [28] ZmbM_ConstrWorkerNormal_Green @ <7319.907227, 13.283961, 3521.711914> ... Lifespan:  Set to 30 minutes.
[EOnDrop] Zombie Spawned [29] ZmbM_HeavyIndustryWorker @ <7365.604004, 9.994660, 3528.277588> ... Lifespan:  Set to 30 minutes.
[EOnDrop] Zombie Spawned [30] ZmbM_ConstrWorkerNormal_Beige @ <7305.540527, 15.582664, 3556.470215> ... Lifespan:  Set to 30 minutes.
[EOnDrop] Drop spawned with 30 infected at <7340.852051, 169.888412, 3558.594971>.
[EOnDrop] Supplies have been dropped near Chernogorsk.
[EOnBeforeDelete] Aircraft despawned @ <11955.427734, 152.000610, -1000.667542>
[~AirdropPlane] Aircraft destroyed.
