[InitializeContainer] Container created on 2021-04-22 @ 00-01-30
[InitializeContainer] Winds: Vector <11.161557, 0.000000, 4.874837>, Speed 12.1797mps, Strength 0.1
[AirdropContainerFall] Drop Type 'Military West', Container: 'AirdropContainer_Military', Mode/Quantity/Iems: Random/20/46, Flare:  10%
[AirdropContainerFall] Loot Spawned [1] Battery9V @ <6546.187012, 309.408295, 7855.743652> ... Lifespan: Set to 30 minutes.
[AirdropContainerFall] Loot Spawned [2] UKAssVest_Olive @ <6545.162109, 309.487427, 7856.284668> ... Lifespan: Set to 30 minutes.
[AirdropContainerFall] Loot Spawned [3] TacticalGoggles @ <6544.659668, 309.574921, 7856.969238> ... Lifespan: Set to 30 minutes.
[AirdropContainerFall] Loot Spawned [4] WeaponCleaningKit @ <6543.479980, 309.045013, 7852.514160> ... Lifespan: Set to 30 minutes.
[AirdropContainerFall] Loot Spawned [5] TacticalGloves_Green @ <6544.229004, 309.021973, 7852.371582> ... Lifespan: Set to 30 minutes.
[AirdropContainerFall] Loot Spawned [6] Mag_STANAG_30Rnd @ <6541.458496, 309.374847, 7855.043457> ... Lifespan: Set to 30 minutes.
[AirdropContainerFall] Loot Spawned [7] PistolSuppressor @ <6543.075195, 309.663147, 7857.511230> ... Lifespan: Set to 30 minutes.
[AirdropContainerFall] Loot Spawned [8] Canteen @ <6541.026855, 309.683777, 7857.507324> ... Lifespan: Set to 30 minutes.
[AirdropContainerFall] Loot Spawned [9] CombatKnife @ <6541.617676, 309.570526, 7856.631836> ... Lifespan: Set to 30 minutes.
[AirdropContainerFall] Loot Spawned [10] KOD_RSASS_Black @ <6541.361328, 309.715149, 7857.782227> ... Lifespan: Set to 30 minutes.
[AirdropContainerFall] Loot Spawned [11] M4_Suppressor @ <6542.208008, 309.336487, 7854.783203> ... Lifespan: Set to 30 minutes.
[AirdropContainerFall] Loot Spawned [12] CanOpener @ <6542.633789, 309.073792, 7852.691895> ... Lifespan: Set to 30 minutes.
[AirdropContainerFall] Loot Spawned [13] AKM @ <6545.320313, 309.231995, 7854.141113> ... Lifespan: Set to 30 minutes.
[AirdropContainerFall] Loot Spawned [14] USMCJacket_Desert @ <6543.136230, 309.148773, 7853.329102> ... Lifespan: Set to 30 minutes.
[AirdropContainerFall] Loot Spawned [15] CanOpener @ <6544.817383, 309.256683, 7854.308105> ... Lifespan: Set to 30 minutes.
[AirdropContainerFall] Loot Spawned [16] M4_CQBBttstck @ <6541.006836, 309.276733, 7854.223633> ... Lifespan: Set to 30 minutes.
[AirdropContainerFall] Loot Spawned [17] KOD_M110_Tan @ <6546.196289, 309.240540, 7854.298828> ... Lifespan: Set to 30 minutes.
[AirdropContainerFall] Loot Spawned [18] USMCPants_Woodland @ <6543.011719, 309.607239, 7857.020020> ... Lifespan: Set to 30 minutes.
[AirdropContainerFall] Loot Spawned [19] WeaponCleaningKit @ <6541.307617, 309.221283, 7853.795898> ... Lifespan: Set to 30 minutes.
[AirdropContainerFall] Loot Spawned [20] KOD_RSASS_Black @ <6542.358398, 309.059418, 7852.558105> ... Lifespan: Set to 30 minutes.
[AirdropContainerUnstuck] Container was unstuck.
[~AirdropContainerBase] Container Destroyed on 2021-04-22 @ 00-26-30
