[InitializeContainer] Container created on 2021-05-01 @ 10-39-09
[InitializeContainer] Winds: Vector <6.805037, 0.000000, -5.840915>, Speed 8.96799mps, Strength 0.1
[AirdropContainerFall] Drop Type 'Medical', Container: 'RANDOM', Mode/Quantity/Iems: Random/20/33, Flare:  10%
[AirdropContainerFall] Loot Spawned [1] MedicalScrubsHat_Green @ <13497.264648, 19.526373, 3071.819824> ... Lifespan: Set to 60 minutes.
[AirdropContainerFall] Loot Spawned [2] BloodTestKit @ <13494.126953, 17.893175, 3067.747559> ... Lifespan: Set to 60 minutes.
[AirdropContainerFall] Loot Spawned [3] MedicalScrubsShirt_Green @ <13496.897461, 19.319393, 3070.479248> ... Lifespan: Set to 60 minutes.
[AirdropContainerFall] Loot Spawned [4] BloodTestKit @ <13492.569336, 17.204855, 3067.540771> ... Lifespan: Set to 60 minutes.
[AirdropContainerFall] Loot Spawned [5] MedicalScrubsHat_Green @ <13492.895508, 17.524168, 3069.637939> ... Lifespan: Set to 60 minutes.
[AirdropContainerFall] Loot Spawned [6] SurgicalGloves_Green @ <13492.306641, 17.119164, 3067.733643> ... Lifespan: Set to 60 minutes.
[AirdropContainerFall] Loot Spawned [7] SalineBag @ <13493.302734, 17.725172, 3069.937256> ... Lifespan: Set to 60 minutes.
[AirdropContainerFall] Loot Spawned [8] Morphine @ <13496.416016, 18.958462, 3068.679932> ... Lifespan: Set to 60 minutes.
[AirdropContainerFall] Loot Spawned [9] Morphine @ <13496.671875, 18.981344, 3067.654297> ... Lifespan: Set to 60 minutes.
[AirdropContainerFall] Loot Spawned [10] MedicalScrubsHat_Green @ <13494.090820, 17.937052, 3068.446533> ... Lifespan: Set to 60 minutes.
[AirdropContainerFall] Loot Spawned [11] BloodTestKit @ <13492.785156, 17.377163, 3068.474121> ... Lifespan: Set to 60 minutes.
[AirdropContainerFall] Loot Spawned [12] SurgicalGloves_Blue @ <13498.232422, 19.859369, 3070.824951> ... Lifespan: Set to 60 minutes.
[AirdropContainerFall] Loot Spawned [13] Epinephrine @ <13494.321289, 18.414772, 3072.880371> ... Lifespan: Set to 60 minutes.
[AirdropContainerFall] Loot Spawned [14] MedicalScrubsHat_Green @ <13493.440430, 17.585876, 3067.611816> ... Lifespan: Set to 60 minutes.
[AirdropContainerFall] Loot Spawned [15] PainkillerTablets @ <13496.106445, 19.107233, 3072.541748> ... Lifespan: Set to 60 minutes.
[AirdropContainerFall] Loot Spawned [16] VitaminBottle @ <13494.615234, 18.123154, 3067.979736> ... Lifespan: Set to 60 minutes.
[AirdropContainerFall] Loot Spawned [17] MedicalScrubsHat_Green @ <13494.887695, 18.164343, 3067.092041> ... Lifespan: Set to 60 minutes.
[AirdropContainerFall] Loot Spawned [18] PurificationTablets @ <13493.526367, 17.576412, 3067.073242> ... Lifespan: Set to 60 minutes.
[AirdropContainerFall] Loot Spawned [19] Heatpack @ <13495.792969, 18.619467, 3067.849365> ... Lifespan: Set to 60 minutes.
[AirdropContainerFall] Loot Spawned [20] DisinfectantSpray @ <13497.584961, 19.602476, 3070.714111> ... Lifespan: Set to 60 minutes.
[AirdropContainerUnstuck] Container was unstuck.
[~AirdropContainerBase] Container Destroyed on 2021-05-01 @ 11-09-09
