[InitializeContainer] Container created on 2021-04-12 @ 02-47-29
[InitializeContainer] Winds: Vector <-1.524650, 0.000000, 15.703432>, Speed 15.7773mps, Strength 0.1
[AirdropContainerFall] Drop Type 'Military East', Container: 'AirdropContainer_Military', Mode/Quantity/Iems: Random/20/33, Flare:  10%
[AirdropContainerFall] Loot Spawned [1] KOD_M110_Tan @ <4539.826660, 341.758759, 10279.695313> ... Lifespan: Set to 30 minutes.
[AirdropContainerFall] Loot Spawned [2] KOD_M110_Tan @ <4540.697754, 341.824066, 10277.124023> ... Lifespan: Set to 30 minutes.
[AirdropContainerFall] Loot Spawned [3] GorkaEJacket_Summer @ <4545.062012, 341.781555, 10278.470703> ... Lifespan: Set to 30 minutes.
[AirdropContainerFall] Loot Spawned [4] GorkaEJacket_PautRev @ <4541.463379, 341.865570, 10275.608398> ... Lifespan: Set to 30 minutes.
[AirdropContainerFall] Loot Spawned [5] AKM @ <4539.666016, 341.794342, 10277.937500> ... Lifespan: Set to 30 minutes.
[AirdropContainerFall] Loot Spawned [6] CanOpener @ <4543.060547, 341.868256, 10276.381836> ... Lifespan: Set to 30 minutes.
[AirdropContainerFall] Loot Spawned [7] GorkaEJacket_Autumn @ <4544.278809, 341.760315, 10279.137695> ... Lifespan: Set to 30 minutes.
[AirdropContainerFall] Loot Spawned [8] TTSKOPants @ <4544.952637, 341.782867, 10278.460938> ... Lifespan: Set to 30 minutes.
[AirdropContainerFall] Loot Spawned [9] KOD_M110_Tan @ <4540.055664, 341.776276, 10279.001953> ... Lifespan: Set to 30 minutes.
[AirdropContainerFall] Loot Spawned [10] GorkaEJacket_PautRev @ <4539.607422, 341.767761, 10279.149414> ... Lifespan: Set to 30 minutes.
[AirdropContainerFall] Loot Spawned [11] GorkaPants_PautRev @ <4541.993164, 341.666504, 10281.863281> ... Lifespan: Set to 30 minutes.
[AirdropContainerFall] Loot Spawned [12] TTSKOPants @ <4539.119141, 341.747986, 10279.802734> ... Lifespan: Set to 30 minutes.
[AirdropContainerFall] Loot Spawned [13] GorkaPants_Summer @ <4544.108398, 341.735168, 10279.793945> ... Lifespan: Set to 30 minutes.
[AirdropContainerFall] Loot Spawned [14] UniversalLight @ <4544.147461, 341.695557, 10280.777344> ... Lifespan: Set to 30 minutes.
[AirdropContainerFall] Loot Spawned [15] GorkaEJacket_Autumn @ <4543.801758, 341.840179, 10277.220703> ... Lifespan: Set to 30 minutes.
[AirdropContainerFall] Loot Spawned [16] KOD_M16A4 @ <4544.101074, 341.759125, 10279.196289> ... Lifespan: Set to 30 minutes.
[AirdropContainerFall] Loot Spawned [17] TTsKOJacket_Camo @ <4539.398926, 341.773682, 10278.754883> ... Lifespan: Set to 30 minutes.
[AirdropContainerFall] Loot Spawned [18] WeaponCleaningKit @ <4542.575195, 341.646820, 10282.258789> ... Lifespan: Set to 30 minutes.
[AirdropContainerFall] Loot Spawned [19] GorkaEJacket_Autumn @ <4544.018066, 341.736847, 10279.767578> ... Lifespan: Set to 30 minutes.
[AirdropContainerFall] Loot Spawned [20] AKM @ <4540.237793, 341.773438, 10279.238281> ... Lifespan: Set to 30 minutes.
[AirdropContainerUnstuck] Container was unstuck.
[~AirdropContainerBase] Container Destroyed on 2021-04-12 @ 03-12-29
