[InitializeContainer] Container created on 2021-04-26 @ 23-05-07
[InitializeContainer] Winds: Vector <8.257183, 0.000000, 10.852603>, Speed 13.6367mps, Strength 0.1
[AirdropContainerFall] Drop Type 'Misc. Food', Container: 'RANDOM', Mode/Quantity/Iems: Random/20/26, Flare:  10%
[AirdropContainerFall] Loot Spawned [1] BakedBeansCan @ <6539.393555, 304.519836, 7816.688477> ... Lifespan: Set to 60 minutes.
[AirdropContainerFall] Loot Spawned [2] PeachesCan @ <6536.431152, 304.060150, 7812.948242> ... Lifespan: Set to 60 minutes.
[AirdropContainerFall] Loot Spawned [3] SodaCan_Spite @ <6540.012695, 304.586975, 7817.247559> ... Lifespan: Set to 60 minutes.
[AirdropContainerFall] Loot Spawned [4] SpaghettiCan @ <6537.916504, 304.549683, 7816.913086> ... Lifespan: Set to 60 minutes.
[AirdropContainerFall] Loot Spawned [5] Canteen @ <6541.480957, 304.560333, 7816.806641> ... Lifespan: Set to 60 minutes.
[AirdropContainerFall] Loot Spawned [6] Potato @ <6540.269043, 304.130371, 7813.318359> ... Lifespan: Set to 60 minutes.
[AirdropContainerFall] Loot Spawned [7] BoxCerealCrunchin @ <6542.387695, 304.288025, 7814.381836> ... Lifespan: Set to 60 minutes.
[AirdropContainerFall] Loot Spawned [8] BakedBeansCan @ <6538.894531, 304.570374, 7817.089355> ... Lifespan: Set to 60 minutes.
[AirdropContainerFall] Loot Spawned [9] TunaCan @ <6536.679688, 304.204437, 7814.236816> ... Lifespan: Set to 60 minutes.
[AirdropContainerFall] Loot Spawned [10] PowderedMilk @ <6540.198730, 304.015686, 7812.294922> ... Lifespan: Set to 60 minutes.
[AirdropContainerFall] Loot Spawned [11] SodaCan_Spite @ <6540.192871, 304.516083, 7816.642090> ... Lifespan: Set to 60 minutes.
[AirdropContainerFall] Loot Spawned [12] PeachesCan @ <6535.476563, 304.285919, 7815.037598> ... Lifespan: Set to 60 minutes.
[AirdropContainerFall] Loot Spawned [13] SodaCan_Kvass @ <6539.251465, 304.533661, 7816.798340> ... Lifespan: Set to 60 minutes.
[AirdropContainerFall] Loot Spawned [14] PowderedMilk @ <6537.456055, 304.177887, 7813.950195> ... Lifespan: Set to 60 minutes.
[AirdropContainerFall] Loot Spawned [15] Plum @ <6540.198730, 304.078491, 7812.862305> ... Lifespan: Set to 60 minutes.
[AirdropContainerFall] Loot Spawned [16] PowderedMilk @ <6538.906250, 304.511932, 7816.613281> ... Lifespan: Set to 60 minutes.
[AirdropContainerFall] Loot Spawned [17] Plum @ <6537.437988, 304.429779, 7816.028809> ... Lifespan: Set to 60 minutes.
[AirdropContainerFall] Loot Spawned [18] BakedBeansCan @ <6535.899414, 304.177277, 7814.038086> ... Lifespan: Set to 60 minutes.
[AirdropContainerFall] Loot Spawned [19] SardinesCan @ <6541.658203, 304.528961, 7816.523926> ... Lifespan: Set to 60 minutes.
[AirdropContainerFall] Loot Spawned [20] Potato @ <6536.762695, 304.467804, 7816.351074> ... Lifespan: Set to 60 minutes.
[AirdropContainerUnstuck] Container was unstuck.
[~AirdropContainerBase] Container Destroyed on 2021-04-26 @ 23-35-07
