[AirdropPlane] Aircraft created on 2021-04-14 @ 11-42-35
[InitializeAircraft] Aircraft Initialized: Novodmitrovsk @ 11475/14356 (true)
[EOnBeforeDrop] The Aircraft is 1 Km from Novodmitrovsk. @ <10392.773438, 333.044800, 13318.706055>
[EOnDrop] Zombie Spawned [1] ZmbF_JoggerSkinny_Red @ <11419.215820, 38.200001, 14306.725586> ... Lifespan:  Set to 30 minutes.
[EOnDrop] Zombie Spawned [2] ZmbF_ShortSkirt_red @ <11426.911133, 37.325809, 14285.698242> ... Lifespan:  Set to 30 minutes.
[EOnDrop] Zombie Spawned [3] ZmbM_CitizenASkinny_Red @ <11419.998047, 34.691841, 14273.542969> ... Lifespan:  Set to 30 minutes.
[EOnDrop] Zombie Spawned [4] ZmbM_CitizenASkinny_Grey @ <11424.737305, 38.036968, 14299.070313> ... Lifespan:  Set to 30 minutes.
[EOnDrop] Zombie Spawned [5] ZmbM_CommercialPilotOld_Olive @ <11432.197266, 38.200001, 14316.602539> ... Lifespan:  Set to 30 minutes.
[EOnDrop] Zombie Spawned [6] ZmbM_JournalistSkinny @ <11433.490234, 38.122757, 14308.295898> ... Lifespan:  Set to 30 minutes.
[EOnDrop] Zombie Spawned [7] ZmbF_Clerk_Normal_White @ <11403.656250, 38.971088, 14311.916992> ... Lifespan:  Set to 30 minutes.
[EOnDrop] Zombie Spawned [8] ZmbM_Jacket_beige @ <11410.638672, 36.522964, 14281.502930> ... Lifespan:  Set to 30 minutes.
[EOnDrop] Spawn failed for zombie [9] 'ZmbM_JacketNormal_greenchecks', it does not exist in DayZ!
[EOnDrop] Zombie Spawned [10] ZmbM_Jacket_stripes @ <11418.250000, 38.040501, 14292.899414> ... Lifespan:  Set to 30 minutes.
[EOnDrop] Zombie Spawned [11] ZmbM_JournalistSkinny @ <11418.811523, 36.563251, 14281.992188> ... Lifespan:  Set to 30 minutes.
[EOnDrop] Zombie Spawned [12] ZmbM_CommercialPilotOld_Grey @ <11413.626953, 38.346382, 14316.601563> ... Lifespan:  Set to 30 minutes.
[EOnDrop] Zombie Spawned [13] ZmbM_JoggerSkinny_Blue @ <11366.674805, 39.671120, 14306.424805> ... Lifespan:  Set to 30 minutes.
[EOnDrop] Zombie Spawned [14] ZmbM_CitizenBFat_Green @ <11403.281250, 33.494957, 14251.955078> ... Lifespan:  Set to 30 minutes.
[EOnDrop] Zombie Spawned [15] ZmbM_JoggerSkinny_Red @ <11436.141602, 37.880054, 14301.933594> ... Lifespan:  Set to 30 minutes.
[EOnDrop] Zombie Spawned [16] ZmbF_SkaterYoung_Violet @ <11432.156250, 38.200001, 14317.537109> ... Lifespan:  Set to 30 minutes.
[EOnDrop] Zombie Spawned [17] ZmbF_ShortSkirt_brown @ <11379.117188, 32.176121, 14273.965820> ... Lifespan:  Set to 30 minutes.
[EOnDrop] Zombie Spawned [18] ZmbF_JournalistNormal_Green @ <11414.183594, 38.244591, 14307.493164> ... Lifespan:  Set to 30 minutes.
[EOnDrop] Zombie Spawned [19] ZmbF_ShortSkirt_white @ <11420.336914, 38.007393, 14293.548828> ... Lifespan:  Set to 30 minutes.
[EOnDrop] Zombie Spawned [20] ZmbF_JoggerSkinny_Brown @ <11443.179688, 38.200001, 14322.553711> ... Lifespan:  Set to 30 minutes.
[EOnDrop] Drop spawned with 20 infected at <11414.208984, 197.817612, 14299.284180>.
[EOnDrop] Supplies have been dropped near Novodmitrovsk.
[EOnBeforeDelete] Aircraft despawned @ <13561.450195, 289.024200, 16360.635742>
[~AirdropPlane] Aircraft destroyed.
