[AirdropBase] Base class created & settings loaded.
[2021-04-09 @ 13-26-38] ----------------------------------------------------------------------------------------------------
[EOnCallAirdrop] Drop zone asigned: Soverograd <8566.000000, 0.000000, 12755.000000>
[EOnCallAirdrop] Drop zone offset to: <8590.107422, 2438.000000, 12808.637695>
[EOnCallAirdrop] Aircraft spawn point: <13152.052734, 2438.000000, -1000.000000>
[EOnCallAirdrop] Aircraft bearing ... Angle/Bearing: -1.24898° / 161.561°, Text: 'South (162°)'
[EOnCallAirdrop] Aircraft has been dispatched to 'Soverograd' from the South (162°).
[2021-04-09 @ 13-51-54] ----------------------------------------------------------------------------------------------------
[EOnCallAirdrop] Drop zone asigned: Myshkino <1900.000000, 0.000000, 7600.000000>
[EOnCallAirdrop] Drop zone offset to: <1903.885132, 2438.000000, 7588.746582>
[EOnCallAirdrop] Aircraft spawn point: <16360.000000, 2438.000000, 9544.106445>
[EOnCallAirdrop] Aircraft bearing ... Angle/Bearing: 0.133646° / 82.3427°, Text: 'East (82°)'
[EOnCallAirdrop] Aircraft has been dispatched to 'Myshkino' from the East (82°).
[2021-04-09 @ 14-17-08] ----------------------------------------------------------------------------------------------------
[EOnCallAirdrop] Drop zone asigned: Northwest Airfield <4500.000000, 0.000000, 10350.000000>
[EOnCallAirdrop] Drop zone offset to: <4437.049805, 2438.000000, 10376.452148>
[EOnCallAirdrop] Aircraft spawn point: <14126.887695, 2438.000000, -1000.000000>
[EOnCallAirdrop] Aircraft bearing ... Angle/Bearing: -0.867358° / 139.696°, Text: 'South/East (140°)'
[EOnCallAirdrop] Aircraft has been dispatched to 'Northwest Airfield' from the South/East (140°).
[2021-04-09 @ 14-42-24] ----------------------------------------------------------------------------------------------------
[EOnCallAirdrop] Drop zone asigned: Soverograd <8566.000000, 0.000000, 12755.000000>
[EOnCallAirdrop] Drop zone offset to: <8528.890625, 2438.000000, 12779.301758>
[EOnCallAirdrop] Aircraft spawn point: <11344.371094, 2438.000000, -1000.000000>
[EOnCallAirdrop] Aircraft bearing ... Angle/Bearing: -1.37149° / 168.58°, Text: 'South (169°)'
[EOnCallAirdrop] Aircraft has been dispatched to 'Soverograd' from the South (169°).
[2021-04-09 @ 15-07-38] ----------------------------------------------------------------------------------------------------
[EOnCallAirdrop] Drop zone asigned: Stary/Novy  <6600.000000, 0.000000, 7800.000000>
[EOnCallAirdrop] Drop zone offset to: <6602.108398, 2438.000000, 7797.676758>
[EOnCallAirdrop] Aircraft spawn point: <15326.887695, 2438.000000, -1000.000000>
[EOnCallAirdrop] Aircraft bearing ... Angle/Bearing: -0.78957° / 135.239°, Text: 'South/East (135°)'
[EOnCallAirdrop] Aircraft has been dispatched to 'Stary/Novy ' from the South/East (135°).
[2021-04-09 @ 15-32-54] ----------------------------------------------------------------------------------------------------
[EOnCallAirdrop] Drop zone asigned: Northwest Airfield <4500.000000, 0.000000, 10350.000000>
[EOnCallAirdrop] Drop zone offset to: <4513.727051, 2438.000000, 10377.311523>
[EOnCallAirdrop] Aircraft spawn point: <3696.688721, 2438.000000, 16360.000000>
[EOnCallAirdrop] Aircraft bearing ... Angle/Bearing: 1.70367° / 352.387°, Text: 'North (352°)'
[EOnCallAirdrop] Aircraft has been dispatched to 'Northwest Airfield' from the North (352°).
[2021-04-09 @ 15-58-10] ----------------------------------------------------------------------------------------------------
[EOnCallAirdrop] Drop zone asigned: Gorka <8775.000000, 0.000000, 9200.000000>
[EOnCallAirdrop] Drop zone offset to: <8864.953125, 2438.000000, 9235.853516>
[EOnCallAirdrop] Aircraft spawn point: <-1000.000000, 2438.000000, 3386.225098>
[EOnCallAirdrop] Aircraft bearing ... Angle/Bearing: -2.60504° / 239.258°, Text: 'South/West (239°)'
[EOnCallAirdrop] Aircraft has been dispatched to 'Gorka' from the South/West (239°).
[2021-04-09 @ 16-23-25] ----------------------------------------------------------------------------------------------------
[EOnCallAirdrop] Drop zone asigned: Zelenogorks <1875.000000, 0.000000, 5210.000000>
[EOnCallAirdrop] Drop zone offset to: <1876.838379, 2438.000000, 5156.349609>
[EOnCallAirdrop] Aircraft spawn point: <11738.542969, 2438.000000, 16360.000000>
[EOnCallAirdrop] Aircraft bearing ... Angle/Bearing: 0.846542° / 41.4967°, Text: 'North/East (41°)'
[EOnCallAirdrop] Aircraft has been dispatched to 'Zelenogorks' from the North/East (41°).
[2021-04-09 @ 16-48-40] ----------------------------------------------------------------------------------------------------
[EOnCallAirdrop] Drop zone asigned: Veresnik <4000.000000, 0.000000, 7850.000000>
[EOnCallAirdrop] Drop zone offset to: <3974.705566, 2438.000000, 7842.499023>
[EOnCallAirdrop] Aircraft spawn point: <1733.244995, 2438.000000, -1000.000000>
[EOnCallAirdrop] Aircraft bearing ... Angle/Bearing: -1.82154° / 194.366°, Text: 'South (194°)'
[EOnCallAirdrop] Aircraft has been dispatched to 'Veresnik' from the South (194°).
