[InitializeContainer] Container created on 2021-03-16 @ 22-56-19
[InitializeContainer] Winds: Vector <8.083222, 0.000000, -4.882459>, Speed 9.44335mps, Strength 0.1
[AirdropContainerFall] Drop Type 'Military East', Container: 'AirdropContainer_Military', Mode/Quantity/Iems: Random/20/33, Flare:  10%
[AirdropContainerFall] Loot Spawned [1] Battery9V @ <1957.199829, 176.447128, 5256.144531> ... Lifespan: Set to 30 minutes.
[AirdropContainerFall] Loot Spawned [2] WeaponCleaningKit @ <1953.603638, 176.267120, 5259.336914> ... Lifespan: Set to 30 minutes.
[AirdropContainerFall] Loot Spawned [3] GorkaPants_Autumn @ <1955.510132, 176.358658, 5257.031250> ... Lifespan: Set to 30 minutes.
[AirdropContainerFall] Loot Spawned [4] AK101 @ <1956.386841, 176.393188, 5255.623047> ... Lifespan: Set to 30 minutes.
[AirdropContainerFall] Loot Spawned [5] GorkaPants_Autumn @ <1952.382568, 176.170486, 5256.641602> ... Lifespan: Set to 30 minutes.
[AirdropContainerFall] Loot Spawned [6] CanOpener @ <1954.364014, 176.325562, 5261.063965> ... Lifespan: Set to 30 minutes.
[AirdropContainerFall] Loot Spawned [7] GorkaPants_Flat @ <1955.771606, 176.400055, 5260.054688> ... Lifespan: Set to 30 minutes.
[AirdropContainerFall] Loot Spawned [8] GorkaPants_PautRev @ <1953.385010, 176.269592, 5261.248535> ... Lifespan: Set to 30 minutes.
[AirdropContainerFall] Loot Spawned [9] KOD_M110_Tan @ <1954.428955, 176.295334, 5257.040527> ... Lifespan: Set to 30 minutes.
[AirdropContainerFall] Loot Spawned [10] TacticalBaconCan @ <1953.147583, 176.225861, 5257.525391> ... Lifespan: Set to 30 minutes.
[AirdropContainerFall] Loot Spawned [11] GorkaPants_Summer @ <1956.468140, 176.443420, 5260.366699> ... Lifespan: Set to 30 minutes.
[AirdropContainerFall] Loot Spawned [12] AKM @ <1956.761475, 176.441330, 5257.955078> ... Lifespan: Set to 30 minutes.
[AirdropContainerFall] Loot Spawned [13] CanOpener @ <1954.311768, 176.265182, 5255.101074> ... Lifespan: Set to 30 minutes.
[AirdropContainerFall] Loot Spawned [14] KOD_M110_Tan @ <1952.966797, 176.222183, 5258.389160> ... Lifespan: Set to 30 minutes.
[AirdropContainerFall] Loot Spawned [15] GorkaEJacket_PautRev @ <1955.257202, 176.343079, 5256.970215> ... Lifespan: Set to 30 minutes.
[AirdropContainerFall] Loot Spawned [16] GorkaPants_Summer @ <1956.322388, 176.434830, 5260.361816> ... Lifespan: Set to 30 minutes.
[AirdropContainerFall] Loot Spawned [17] AKM @ <1953.206665, 176.239136, 5258.749512> ... Lifespan: Set to 30 minutes.
[AirdropContainerFall] Loot Spawned [18] Binoculars @ <1951.738647, 176.146317, 5257.914063> ... Lifespan: Set to 30 minutes.
[AirdropContainerFall] Loot Spawned [19] KOD_M110_Tan @ <1953.279419, 176.244659, 5258.907227> ... Lifespan: Set to 30 minutes.
[AirdropContainerFall] Loot Spawned [20] GorkaPants_PautRev @ <1956.666748, 176.459610, 5260.934082> ... Lifespan: Set to 30 minutes.
[AirdropContainerUnstuck] Container was unstuck.
[~AirdropContainerBase] Container Destroyed on 2021-03-16 @ 23-21-19
