[InitializeContainer] Container created on 2021-05-03 @ 19-35-27
[InitializeContainer] Winds: Vector <5.056202, 0.000000, -6.658410>, Speed 8.3606mps, Strength 0.1
[AirdropContainerFall] Drop Type 'Military West', Container: 'RANDOM', Mode/Quantity/Iems: Random/20/40, Flare:  10%
[AirdropContainerFall] Loot Spawned [1] USMCPants_Desert @ <5122.086426, 11.238187, 2446.837402> ... Lifespan: Set to 60 minutes.
[AirdropContainerFall] Loot Spawned [2] AssaultBag_Black @ <5120.068848, 10.967370, 2449.446533> ... Lifespan: Set to 60 minutes.
[AirdropContainerFall] Loot Spawned [3] USMCJacket_Desert @ <5117.544922, 10.835366, 2446.746582> ... Lifespan: Set to 60 minutes.
[AirdropContainerFall] Loot Spawned [4] MilitaryBoots_Bluerock @ <5120.716797, 11.054784, 2448.598389> ... Lifespan: Set to 60 minutes.
[AirdropContainerFall] Loot Spawned [5] TacticalBaconCan @ <5117.453613, 10.874733, 2444.911621> ... Lifespan: Set to 60 minutes.
[AirdropContainerFall] Loot Spawned [6] M4_RISHndgrd @ <5118.846191, 11.011077, 2444.629150> ... Lifespan: Set to 60 minutes.
[AirdropContainerFall] Loot Spawned [7] UKAssVest_Olive @ <5118.668457, 10.933440, 2447.056641> ... Lifespan: Set to 60 minutes.
[AirdropContainerFall] Loot Spawned [8] M9A1_Bayonet @ <5120.529297, 11.038079, 2448.648926> ... Lifespan: Set to 60 minutes.
[AirdropContainerFall] Loot Spawned [9] CombatKnife @ <5122.543945, 11.272203, 2446.883545> ... Lifespan: Set to 60 minutes.
[AirdropContainerFall] Loot Spawned [10] USMCJacket_Desert @ <5118.586914, 10.896791, 2448.141846> ... Lifespan: Set to 60 minutes.
[AirdropContainerFall] Loot Spawned [11] CanOpener @ <5123.417480, 11.322083, 2447.576172> ... Lifespan: Set to 60 minutes.
[AirdropContainerFall] Loot Spawned [12] CanOpener @ <5118.397949, 10.978254, 2444.029053> ... Lifespan: Set to 60 minutes.
[AirdropContainerFall] Loot Spawned [13] M4_RISHndgrd @ <5120.898438, 11.205286, 2444.633057> ... Lifespan: Set to 60 minutes.
[AirdropContainerFall] Loot Spawned [14] UniversalLight @ <5122.386230, 11.290438, 2446.176758> ... Lifespan: Set to 60 minutes.
[AirdropContainerFall] Loot Spawned [15] CombatKnife @ <5122.350586, 11.289309, 2446.139648> ... Lifespan: Set to 60 minutes.
[AirdropContainerFall] Loot Spawned [16] M4_Suppressor @ <5118.065430, 10.831459, 2448.740723> ... Lifespan: Set to 60 minutes.
[AirdropContainerFall] Loot Spawned [17] AssaultBag_Black @ <5118.884766, 10.947724, 2447.289551> ... Lifespan: Set to 60 minutes.
[AirdropContainerFall] Loot Spawned [18] UKAssVest_Black @ <5121.309082, 11.252236, 2444.128174> ... Lifespan: Set to 60 minutes.
[AirdropContainerFall] Loot Spawned [19] M4_CQBBttstck @ <5121.982910, 11.290344, 2445.439697> ... Lifespan: Set to 60 minutes.
[AirdropContainerFall] Loot Spawned [20] AmmoBox_556x45_20Rnd @ <5117.816895, 10.892309, 2445.576416> ... Lifespan: Set to 60 minutes.
[AirdropContainerUnstuck] Container was unstuck.
[~AirdropContainerBase] Container Destroyed on 2021-05-03 @ 20-05-27
