[InitializeContainer] Container created on 2021-03-28 @ 12-51-57
[InitializeContainer] Winds: Vector <11.329503, 0.000000, 3.508662>, Speed 11.8604mps, Strength 0.1
[AirdropContainerFall] Drop Type 'Military West', Container: 'AirdropContainer_Military', Mode/Quantity/Iems: Random/20/46, Flare:  10%
[AirdropContainerFall] Loot Spawned [1] UKAssVest_Olive @ <1908.492065, 175.859253, 5270.693848> ... Lifespan: Set to 30 minutes.
[AirdropContainerFall] Loot Spawned [2] TacticalGloves_Beige @ <1912.392456, 175.910751, 5271.154297> ... Lifespan: Set to 30 minutes.
[AirdropContainerFall] Loot Spawned [3] AmmoBox_556x45_20Rnd @ <1911.718994, 175.583191, 5266.294922> ... Lifespan: Set to 30 minutes.
[AirdropContainerFall] Loot Spawned [4] Canteen @ <1909.655029, 175.867081, 5270.718262> ... Lifespan: Set to 30 minutes.
[AirdropContainerFall] Loot Spawned [5] Mag_STANAG_30Rnd @ <1909.709595, 175.706696, 5268.308105> ... Lifespan: Set to 30 minutes.
[AirdropContainerFall] Loot Spawned [6] TacticalGoggles @ <1909.673584, 175.951614, 5271.984863> ... Lifespan: Set to 30 minutes.
[AirdropContainerFall] Loot Spawned [7] UKAssVest_Khaki @ <1911.686035, 175.973007, 5272.144531> ... Lifespan: Set to 30 minutes.
[AirdropContainerFall] Loot Spawned [8] MilitaryBoots_Black @ <1910.849121, 175.910583, 5271.275391> ... Lifespan: Set to 30 minutes.
[AirdropContainerFall] Loot Spawned [9] AmmoBox_45ACP_25Rnd @ <1912.280518, 175.607635, 5266.616699> ... Lifespan: Set to 30 minutes.
[AirdropContainerFall] Loot Spawned [10] Mag_FNX45_15Rnd @ <1912.703369, 175.822464, 5269.996582> ... Lifespan: Set to 30 minutes.
[AirdropContainerFall] Loot Spawned [11] USMCPants_Desert @ <1908.453125, 175.781357, 5269.528320> ... Lifespan: Set to 30 minutes.
[AirdropContainerFall] Loot Spawned [12] WeaponCleaningKit @ <1908.956909, 175.869034, 5270.803223> ... Lifespan: Set to 30 minutes.
[AirdropContainerFall] Loot Spawned [13] Mag_FNX45_15Rnd @ <1910.113525, 175.881607, 5270.899414> ... Lifespan: Set to 30 minutes.
[AirdropContainerFall] Loot Spawned [14] AmmoBox_45ACP_25Rnd @ <1910.827881, 175.628952, 5267.052246> ... Lifespan: Set to 30 minutes.
[AirdropContainerFall] Loot Spawned [15] MilitaryBoots_Brown @ <1912.434204, 175.798126, 5269.461426> ... Lifespan: Set to 30 minutes.
[AirdropContainerFall] Loot Spawned [16] CanOpener @ <1911.059937, 175.640198, 5267.202637> ... Lifespan: Set to 30 minutes.
[AirdropContainerFall] Loot Spawned [17] AmmoBox_556x45_20Rnd @ <1909.654053, 175.930389, 5271.667969> ... Lifespan: Set to 30 minutes.
[AirdropContainerFall] Loot Spawned [18] TacticalGloves_Beige @ <1910.258667, 175.660065, 5267.564453> ... Lifespan: Set to 30 minutes.
[AirdropContainerFall] Loot Spawned [19] KOD_M16A4 @ <1908.317505, 175.670197, 5267.197266> ... Lifespan: Set to 30 minutes.
[AirdropContainerFall] Loot Spawned [20] AmmoBox_45ACP_25Rnd @ <1912.835449, 175.862259, 5270.707031> ... Lifespan: Set to 30 minutes.
[AirdropContainerUnstuck] Container was unstuck.
