[AirdropPlane] Aircraft created on 2021-04-14 @ 18-17-03
[InitializeAircraft] Aircraft Initialized: Balota Airstrip @ 5025/2455 (true)
[EOnBeforeDrop] The Aircraft is 1 Km from Balota Airstrip. @ <4827.005859, 152.005386, 969.594299>
[EOnDrop] Zombie Spawned [1] ZmbM_PatrolNormal_PautRev @ <5018.172852, 10.030000, 2346.858643> ... Lifespan:  Set to 30 minutes.
[EOnDrop] Zombie Spawned [2] ZmbM_PatrolNormal_Flat @ <5027.205566, 10.030000, 2352.986572> ... Lifespan:  Set to 30 minutes.
[EOnDrop] Zombie Spawned [3] ZmbM_PatrolNormal_Summer @ <5002.661133, 10.579800, 2346.350586> ... Lifespan:  Set to 30 minutes.
[EOnDrop] Zombie Spawned [4] ZmbM_PatrolNormal_Autumn @ <5027.084961, 10.030000, 2346.403076> ... Lifespan:  Set to 30 minutes.
[EOnDrop] Zombie Spawned [5] ZmbM_PatrolNormal_PautRev @ <5040.748535, 10.009604, 2369.599609> ... Lifespan:  Set to 30 minutes.
[EOnDrop] Zombie Spawned [6] ZmbM_PatrolNormal_Autumn @ <4998.404297, 9.355681, 2386.483154> ... Lifespan:  Set to 30 minutes.
[EOnDrop] Zombie Spawned [7] ZmbM_PatrolNormal_Flat @ <4995.697266, 11.645684, 2345.791748> ... Lifespan:  Set to 30 minutes.
[EOnDrop] Zombie Spawned [8] ZmbM_PatrolNormal_Summer @ <4997.992676, 9.347337, 2387.982666> ... Lifespan:  Set to 30 minutes.
[EOnDrop] Zombie Spawned [9] ZmbM_PatrolNormal_Autumn @ <5005.719727, 9.765276, 2376.762939> ... Lifespan:  Set to 30 minutes.
[EOnDrop] Zombie Spawned [10] ZmbM_PatrolNormal_PautRev @ <5026.364258, 9.939554, 2377.630615> ... Lifespan:  Set to 30 minutes.
[EOnDrop] Zombie Spawned [11] ZmbM_PatrolNormal_PautRev @ <5059.894531, 9.962277, 2361.305664> ... Lifespan:  Set to 30 minutes.
[EOnDrop] Zombie Spawned [12] ZmbM_PatrolNormal_Autumn @ <5017.426758, 9.883877, 2398.220459> ... Lifespan:  Set to 30 minutes.
[EOnDrop] Zombie Spawned [13] ZmbM_PatrolNormal_Flat @ <5022.113281, 9.946736, 2375.064209> ... Lifespan:  Set to 30 minutes.
[EOnDrop] Zombie Spawned [14] ZmbM_PatrolNormal_Summer @ <5035.465820, 9.996189, 2414.046875> ... Lifespan:  Set to 30 minutes.
[EOnDrop] Zombie Spawned [15] ZmbM_PatrolNormal_Flat @ <5025.487305, 10.030000, 2350.030029> ... Lifespan:  Set to 30 minutes.
[EOnDrop] Zombie Spawned [16] ZmbM_SoldierNormal @ <5007.658203, 9.747373, 2380.580811> ... Lifespan:  Set to 30 minutes.
[EOnDrop] Zombie Spawned [17] ZmbM_PatrolNormal_Flat @ <5018.553711, 9.812073, 2385.777100> ... Lifespan:  Set to 30 minutes.
[EOnDrop] Zombie Spawned [18] ZmbM_SoldierNormal @ <5019.950684, 10.007263, 2326.864746> ... Lifespan:  Set to 30 minutes.
[EOnDrop] Zombie Spawned [19] ZmbM_PatrolNormal_Autumn @ <5038.228027, 10.030000, 2341.800537> ... Lifespan:  Set to 30 minutes.
[EOnDrop] Zombie Spawned [20] ZmbM_PatrolNormal_Summer @ <4995.355469, 9.449982, 2373.532227> ... Lifespan:  Set to 30 minutes.
[EOnDrop] Zombie Spawned [21] ZmbM_PatrolNormal_Flat @ <5008.336426, 9.744798, 2384.114258> ... Lifespan:  Set to 30 minutes.
[EOnDrop] Zombie Spawned [22] ZmbM_SoldierNormal @ <5010.529785, 10.018940, 2362.720703> ... Lifespan:  Set to 30 minutes.
[EOnDrop] Zombie Spawned [23] ZmbM_PatrolNormal_Autumn @ <5029.143066, 9.869515, 2381.811523> ... Lifespan:  Set to 30 minutes.
[EOnDrop] Zombie Spawned [24] ZmbM_PatrolNormal_Flat @ <5052.177246, 10.023763, 2352.331055> ... Lifespan:  Set to 30 minutes.
[EOnDrop] Zombie Spawned [25] ZmbM_PatrolNormal_Summer @ <5053.820801, 10.022274, 2346.973145> ... Lifespan:  Set to 30 minutes.
[EOnDrop] Drop spawned with 25 infected at <5013.937500, 149.006180, 2369.327148>.
[EOnDrop] Supplies have been dropped near Balota Airstrip.
[EOnBeforeDelete] Aircraft despawned @ <6882.487793, 540.783691, 16360.231445>
[~AirdropPlane] Aircraft destroyed.
