[AirdropPlane] Aircraft created on 2021-04-12 @ 04-00-29
[InitializeAircraft] Aircraft Initialized: Novodmitrovsk @ 11475/14356 (true)
[EOnBeforeDrop] The Aircraft is 1 Km from Novodmitrovsk. @ <10070.967773, 222.240921, 13833.045898>
[EOnDrop] Zombie Spawned [1] ZmbM_JoggerSkinny_Red @ <11409.559570, 38.972927, 14359.957031> ... Lifespan:  Set to 30 minutes.
[EOnDrop] Zombie Spawned [2] ZmbM_PolicemanFat @ <11379.547852, 40.065899, 14355.214844> ... Lifespan:  Set to 30 minutes.
[EOnDrop] Zombie Spawned [3] ZmbF_ParamedicNormal_Green @ <11418.996094, 38.330807, 14331.457031> ... Lifespan:  Set to 30 minutes.
[EOnDrop] Zombie Spawned [4] ZmbM_CitizenASkinny_Grey @ <11370.387695, 40.164719, 14347.495117> ... Lifespan:  Set to 30 minutes.
[EOnDrop] Zombie Spawned [5] ZmbM_Jacket_magenta @ <11419.597656, 38.102512, 14298.843750> ... Lifespan:  Set to 30 minutes.
[EOnDrop] Zombie Spawned [6] ZmbF_ShortSkirt_beige @ <11377.394531, 39.750019, 14310.598633> ... Lifespan:  Set to 30 minutes.
[EOnDrop] Zombie Spawned [7] ZmbM_CitizenASkinny_Brown @ <11386.584961, 39.885490, 14354.400391> ... Lifespan:  Set to 30 minutes.
[EOnDrop] Zombie Spawned [8] ZmbF_JoggerSkinny_Green @ <11386.510742, 39.992218, 14362.935547> ... Lifespan:  Set to 30 minutes.
[EOnDrop] Zombie Spawned [9] ZmbF_SkaterYoung_Violet @ <11412.442383, 38.651020, 14326.833008> ... Lifespan:  Set to 30 minutes.
[EOnDrop] Zombie Spawned [10] ZmbM_ParamedicNormal_Blue @ <11406.880859, 39.483593, 14345.267578> ... Lifespan:  Set to 30 minutes.
[EOnDrop] Zombie Spawned [11] ZmbM_JournalistSkinny @ <11396.646484, 39.660942, 14321.339844> ... Lifespan:  Set to 30 minutes.
[EOnDrop] Zombie Spawned [12] ZmbF_JoggerSkinny_Red @ <11420.866211, 38.260979, 14330.146484> ... Lifespan:  Set to 30 minutes.
[EOnDrop] Zombie Spawned [13] ZmbF_ParamedicNormal_Green @ <11425.217773, 38.163757, 14306.089844> ... Lifespan:  Set to 30 minutes.
[EOnDrop] Zombie Spawned [14] ZmbF_CitizenBSkinny @ <11410.615234, 38.560181, 14376.181641> ... Lifespan:  Set to 30 minutes.
[EOnDrop] Zombie Spawned [15] ZmbM_CommercialPilotOld_Brown @ <11376.258789, 39.594376, 14302.915039> ... Lifespan:  Set to 30 minutes.
[EOnDrop] Zombie Spawned [16] ZmbF_ShortSkirt_yellow @ <11408.569336, 38.897243, 14317.816406> ... Lifespan:  Set to 30 minutes.
[EOnDrop] Zombie Spawned [17] ZmbM_CitizenASkinny_Brown @ <11422.986328, 38.200001, 14326.047852> ... Lifespan:  Set to 30 minutes.
[EOnDrop] Zombie Spawned [18] ZmbF_ShortSkirt_red @ <11413.235352, 38.494457, 14322.827148> ... Lifespan:  Set to 30 minutes.
[EOnDrop] Zombie Spawned [19] ZmbF_ShortSkirt_brown @ <11394.956055, 39.829388, 14348.896484> ... Lifespan:  Set to 30 minutes.
[EOnDrop] Zombie Spawned [20] ZmbF_Clerk_Normal_Red @ <11370.650391, 39.987846, 14333.919922> ... Lifespan:  Set to 30 minutes.
[EOnDrop] Drop spawned with 20 infected at <11404.989258, 184.016846, 14331.051758>.
[EOnDrop] Supplies have been dropped near Novodmitrovsk.
[EOnBeforeDelete] Aircraft despawned @ <16361.475586, 290.047638, 16181.366211>
[~AirdropPlane] Aircraft destroyed.
