[AirdropPlane] Aircraft created on 2021-03-14 @ 16-58-29
[InitializeAircraft] Aircraft Initialized: Soverograd @ 8566/12755 (true)
[EOnBeforeDrop] The Aircraft is 1 Km from Soverograd. @ <9371.440430, 308.874115, 14018.814453>
[EOnDrop] Zombie Spawned [1] ZmbM_ClerkFat_Khaki @ <8609.737305, 107.768547, 12858.949219> ... Lifespan:  Set to 60 minutes.
[EOnDrop] Zombie Spawned [2] ZmbF_JournalistNormal_Blue @ <8634.813477, 105.543442, 12824.530273> ... Lifespan:  Set to 60 minutes.
[EOnDrop] Zombie Spawned [3] ZmbF_ShortSkirt_yellow @ <8607.368164, 105.940933, 12821.969727> ... Lifespan:  Set to 60 minutes.
[EOnDrop] Zombie Spawned [4] ZmbF_SkaterYoung_Striped @ <8617.579102, 105.822540, 12823.777344> ... Lifespan:  Set to 60 minutes.
[EOnDrop] Zombie Spawned [5] ZmbF_ShortSkirt_stripes @ <8592.615234, 108.202385, 12859.398438> ... Lifespan:  Set to 60 minutes.
[EOnDrop] Zombie Spawned [6] ZmbM_CitizenBFat_Red @ <8592.720703, 105.999229, 12834.813477> ... Lifespan:  Set to 60 minutes.
[EOnDrop] Zombie Spawned [7] ZmbF_ShortSkirt_white @ <8603.149414, 104.818520, 12803.835938> ... Lifespan:  Set to 60 minutes.
[EOnDrop] Zombie Spawned [8] ZmbM_Jacket_greenchecks @ <8575.455078, 106.272186, 12841.499023> ... Lifespan:  Set to 60 minutes.
[EOnDrop] Zombie Spawned [9] ZmbM_Jacket_greenchecks @ <8606.795898, 106.313103, 12830.644531> ... Lifespan:  Set to 60 minutes.
[EOnDrop] Zombie Spawned [10] ZmbF_Clerk_Normal_Blue @ <8604.236328, 106.439194, 12842.063477> ... Lifespan:  Set to 60 minutes.
[EOnDrop] Zombie Spawned [11] ZmbF_Clerk_Normal_Blue @ <8640.996094, 106.464752, 12862.525391> ... Lifespan:  Set to 60 minutes.
[EOnDrop] Zombie Spawned [12] ZmbF_Clerk_Normal_Blue @ <8639.625977, 106.271385, 12840.024414> ... Lifespan:  Set to 60 minutes.
[EOnDrop] Zombie Spawned [13] ZmbM_JournalistSkinny @ <8620.256836, 105.747620, 12822.468750> ... Lifespan:  Set to 60 minutes.
[EOnDrop] Zombie Spawned [14] ZmbF_JournalistNormal_Blue @ <8577.294922, 106.926727, 12848.022461> ... Lifespan:  Set to 60 minutes.
[EOnDrop] Zombie Spawned [15] ZmbM_DoctorFat @ <8651.464844, 105.523674, 12829.428711> ... Lifespan:  Set to 60 minutes.
[EOnDrop] Zombie Spawned [16] ZmbM_Jacket_black @ <8637.716797, 105.496559, 12820.553711> ... Lifespan:  Set to 60 minutes.
[EOnDrop] Zombie Spawned [17] ZmbM_JoggerSkinny_Red @ <8618.807617, 105.602699, 12809.141602> ... Lifespan:  Set to 60 minutes.
[EOnDrop] Zombie Spawned [18] ZmbF_ShortSkirt_beige @ <8581.088867, 105.471497, 12817.818359> ... Lifespan:  Set to 60 minutes.
[EOnDrop] Zombie Spawned [19] ZmbM_PrisonerSkinny @ <8583.432617, 104.549660, 12796.861328> ... Lifespan:  Set to 60 minutes.
[EOnDrop] Zombie Spawned [20] ZmbF_ShortSkirt_yellow @ <8591.288086, 105.449501, 12816.320313> ... Lifespan:  Set to 60 minutes.
[EOnDrop] Zombie Spawned [21] ZmbM_JournalistSkinny @ <8616.565430, 106.516396, 12836.806641> ... Lifespan:  Set to 60 minutes.
[EOnDrop] Zombie Spawned [22] ZmbM_ParamedicNormal_Red @ <8644.358398, 105.459999, 12803.547852> ... Lifespan:  Set to 60 minutes.
[EOnDrop] Zombie Spawned [23] ZmbF_ParamedicNormal_Red @ <8641.080078, 105.480164, 12822.540039> ... Lifespan:  Set to 60 minutes.
[EOnDrop] Zombie Spawned [24] ZmbM_CommercialPilotOld_Grey @ <8626.017578, 105.472359, 12805.283203> ... Lifespan:  Set to 60 minutes.
[EOnDrop] Zombie Spawned [25] ZmbF_JournalistNormal_Blue @ <8587.652344, 105.736557, 12828.693359> ... Lifespan:  Set to 60 minutes.
[EOnDrop] Drop spawned with 25 infected at <8614.350586, 254.808868, 12831.138672>.
[EOnDrop] Supplies have been dropped near Soverograd.
[EOnBeforeDelete] Aircraft despawned @ <-202.213287, 152.000610, -1000.622925>
[~AirdropPlane] Aircraft destroyed.
