[AirdropPlane] Aircraft created on 2021-03-16 @ 10-27-06
[InitializeAircraft] Aircraft Initialized: Skalisty Island @ 13575/3055 (true)
[EOnBeforeDrop] The Aircraft is 1 Km from Skalisty Island. @ <15073.549805, 152.519226, 3044.820068>
[EOnDrop] Zombie Spawned [1] ZmbM_HermitSkinny_Green @ <13635.345703, 40.954857, 3075.451172> ... Lifespan:  Set to 30 minutes.
[EOnDrop] Zombie Spawned [2] ZmbM_VillagerOld_White @ <13668.998047, 44.736790, 3039.034180> ... Lifespan:  Set to 30 minutes.
[EOnDrop] Zombie Spawned [3] ZmbF_HikerSkinny_Red @ <13640.994141, 41.719959, 3046.322998> ... Lifespan:  Set to 30 minutes.
[EOnDrop] Zombie Spawned [4] ZmbF_VillagerOld_Green @ <13644.810547, 42.732185, 3013.713623> ... Lifespan:  Set to 30 minutes.
[EOnDrop] Zombie Spawned [5] ZmbM_FarmerFat_Green @ <13666.651367, 44.804710, 3038.693848> ... Lifespan:  Set to 30 minutes.
[EOnDrop] Zombie Spawned [6] ZmbF_MilkMaidOld_Black @ <13639.576172, 42.136177, 3053.915283> ... Lifespan:  Set to 30 minutes.
[EOnDrop] Zombie Spawned [7] ZmbF_SurvivorNormal_Orange @ <13615.426758, 42.061401, 3051.576660> ... Lifespan:  Set to 30 minutes.
[EOnDrop] Zombie Spawned [8] ZmbM_MotobikerFat_Beige @ <13638.011719, 40.278591, 3076.182129> ... Lifespan:  Set to 30 minutes.
[EOnDrop] Zombie Spawned [9] ZmbF_MilkMaidOld_Grey @ <13637.059570, 42.403862, 3057.437744> ... Lifespan:  Set to 30 minutes.
[EOnDrop] Zombie Spawned [10] ZmbF_MilkMaidOld_Grey @ <13613.091797, 42.213345, 3056.640625> ... Lifespan:  Set to 30 minutes.
[EOnDrop] Zombie Spawned [11] ZmbF_MilkMaidOld_Grey @ <13615.180664, 41.949764, 3049.805420> ... Lifespan:  Set to 30 minutes.
[EOnDrop] Zombie Spawned [12] ZmbM_HikerSkinny_Green @ <13641.961914, 42.328686, 3062.254150> ... Lifespan:  Set to 30 minutes.
[EOnDrop] Zombie Spawned [13] ZmbF_VillagerOld_Green @ <13660.515625, 39.115322, 3075.365723> ... Lifespan:  Set to 30 minutes.
[EOnDrop] Zombie Spawned [14] ZmbF_VillagerOld_Red @ <13627.029297, 41.681499, 3046.604004> ... Lifespan:  Set to 30 minutes.
[EOnDrop] Zombie Spawned [15] ZmbM_HikerSkinny_Yellow @ <13618.379883, 42.228859, 3088.868896> ... Lifespan:  Set to 30 minutes.
[EOnDrop] Zombie Spawned [16] ZmbM_HermitSkinny_Green @ <13645.177734, 41.728531, 3042.309326> ... Lifespan:  Set to 30 minutes.
[EOnDrop] Zombie Spawned [17] ZmbM_HunterOld_Autumn @ <13628.934570, 41.720253, 3080.937744> ... Lifespan:  Set to 30 minutes.
[EOnDrop] Zombie Spawned [18] ZmbF_SurvivorNormal_Red @ <13654.973633, 42.944393, 3021.472900> ... Lifespan:  Set to 30 minutes.
[EOnDrop] Zombie Spawned [19] ZmbM_FarmerFat_Blue @ <13654.962891, 42.556629, 3028.432129> ... Lifespan:  Set to 30 minutes.
[EOnDrop] Zombie Spawned [20] ZmbM_HikerSkinny_Blue @ <13659.527344, 44.196323, 3005.334717> ... Lifespan:  Set to 30 minutes.
[EOnDrop] Zombie Spawned [21] ZmbF_MilkMaidOld_Green @ <13659.596680, 44.036041, 3009.058350> ... Lifespan:  Set to 30 minutes.
[EOnDrop] Zombie Spawned [22] ZmbM_VillagerOld_Green @ <13639.810547, 42.775543, 3010.510010> ... Lifespan:  Set to 30 minutes.
[EOnDrop] Zombie Spawned [23] ZmbM_HikerSkinny_Blue @ <13647.334961, 42.009102, 3064.283691> ... Lifespan:  Set to 30 minutes.
[EOnDrop] Zombie Spawned [24] ZmbF_VillagerOld_Red @ <13613.898438, 42.071037, 3051.568115> ... Lifespan:  Set to 30 minutes.
[EOnDrop] Zombie Spawned [25] ZmbM_priestPopSkinny @ <13661.118164, 44.124962, 3009.665771> ... Lifespan:  Set to 30 minutes.
[EOnDrop] Drop spawned with 25 infected at <13654.018555, 163.682297, 3054.523193>.
[EOnDrop] Supplies have been dropped near Skalisty Island.
[EOnBeforeDelete] Aircraft despawned @ <-1000.584290, 235.656693, 3154.678955>
[~AirdropPlane] Aircraft destroyed.
