[InitializeContainer] Container created on 2021-04-01 @ 07-09-47
[InitializeContainer] Winds: Vector <9.018064, 0.000000, -3.908140>, Speed 9.82848mps, Strength 0.1
[AirdropContainerFall] Drop Type 'Misc. Tools', Container: 'RANDOM', Mode/Quantity/Iems: Random/30/54, Flare:  10%
[AirdropContainerFall] Loot Spawned [1] Chemlight_Red @ <6499.983398, 303.386017, 7796.166504> ... Lifespan: Set to 30 minutes.
[AirdropContainerFall] Loot Spawned [2] CanOpener @ <6505.303711, 302.945465, 7794.779297> ... Lifespan: Set to 30 minutes.
[AirdropContainerFall] Loot Spawned [3] Spotlight @ <6501.246582, 303.082336, 7794.146484> ... Lifespan: Set to 30 minutes.
[AirdropContainerFall] Loot Spawned [4] Whetstone @ <6501.227051, 303.081177, 7794.125488> ... Lifespan: Set to 30 minutes.
[AirdropContainerFall] Loot Spawned [5] Hammer @ <6505.395508, 303.125580, 7796.425781> ... Lifespan: Set to 30 minutes.
[AirdropContainerFall] Loot Spawned [6] Megaphone @ <6505.062500, 302.819122, 7793.550293> ... Lifespan: Set to 30 minutes.
[AirdropContainerFall] Loot Spawned [7] SewingKit @ <6499.882324, 303.216919, 7794.630371> ... Lifespan: Set to 30 minutes.
[AirdropContainerFall] Loot Spawned [8] SledgeHammer @ <6503.002930, 303.306946, 7797.047852> ... Lifespan: Set to 30 minutes.
[AirdropContainerFall] Loot Spawned [9] SewingKit @ <6500.442871, 303.183502, 7794.609863> ... Lifespan: Set to 30 minutes.
[AirdropContainerFall] Loot Spawned [10] OrienteeringCompass @ <6503.143555, 302.775208, 7792.335938> ... Lifespan: Set to 30 minutes.
[AirdropContainerFall] Loot Spawned [11] Chemlight_Blue @ <6504.900879, 302.979858, 7794.918457> ... Lifespan: Set to 30 minutes.
[AirdropContainerFall] Loot Spawned [12] FirefighterAxe @ <6505.764648, 302.968597, 7795.177734> ... Lifespan: Set to 30 minutes.
[AirdropContainerFall] Loot Spawned [13] Pickaxe @ <6501.139648, 303.069000, 7793.969238> ... Lifespan: Set to 30 minutes.
[AirdropContainerFall] Loot Spawned [14] Roadflare @ <6502.366211, 302.808929, 7792.305176> ... Lifespan: Set to 30 minutes.
[AirdropContainerFall] Loot Spawned [15] Headtorch_Black @ <6502.422363, 302.905945, 7793.215332> ... Lifespan: Set to 30 minutes.
[AirdropContainerFall] Loot Spawned [16] Flashlight @ <6500.843750, 303.043976, 7793.615723> ... Lifespan: Set to 30 minutes.
[AirdropContainerFall] Loot Spawned [17] SewingKit @ <6505.137207, 303.129944, 7796.356934> ... Lifespan: Set to 30 minutes.
[AirdropContainerFall] Loot Spawned [18] Whetstone @ <6501.414063, 303.349121, 7796.620605> ... Lifespan: Set to 30 minutes.
[AirdropContainerFall] Loot Spawned [19] AK101 @ <6503.159668, 302.772919, 7792.318848> ... Lifespan: Set to 30 minutes.
[AirdropContainerFall] Loot Spawned [20] Shovel @ <6504.426758, 303.116821, 7795.943848> ... Lifespan: Set to 30 minutes.
[AirdropContainerFall] Loot Spawned [21] Rangefinder @ <6500.207031, 303.403351, 7796.443359> ... Lifespan: Set to 30 minutes.
[AirdropContainerFall] Loot Spawned [22] Spotlight @ <6500.562988, 303.466827, 7797.205078> ... Lifespan: Set to 30 minutes.
[AirdropContainerFall] Loot Spawned [23] Hatchet @ <6501.991211, 303.279083, 7796.311035> ... Lifespan: Set to 30 minutes.
[AirdropContainerFall] Loot Spawned [24] Hatchet @ <6503.315918, 303.201691, 7796.238281> ... Lifespan: Set to 30 minutes.
[AirdropContainerFall] Loot Spawned [25] ChernarusMap @ <6504.937988, 302.703522, 7792.460938> ... Lifespan: Set to 30 minutes.
[AirdropContainerFall] Loot Spawned [26] KOD_DVL10 @ <6500.965332, 303.219269, 7795.215332> ... Lifespan: Set to 30 minutes.
[AirdropContainerFall] Loot Spawned [27] Hammer @ <6505.441406, 302.970642, 7795.061035> ... Lifespan: Set to 30 minutes.
[AirdropContainerFall] Loot Spawned [28] Spotlight @ <6503.863770, 303.193970, 7796.397949> ... Lifespan: Set to 30 minutes.
[AirdropContainerFall] Loot Spawned [29] LugWrench @ <6500.586914, 303.188019, 7794.729004> ... Lifespan: Set to 30 minutes.
[AirdropContainerFall] Loot Spawned [30] Hatchet @ <6505.416992, 302.931183, 7794.698730> ... Lifespan: Set to 30 minutes.
[AirdropContainerUnstuck] Container was unstuck.
[~AirdropContainerBase] Container Destroyed on 2021-04-01 @ 07-34-47
