[AirdropPlane] Aircraft created on 2021-03-23 @ 20-33-22
[InitializeAircraft] Aircraft Initialized: Elektrozavodsk @ 10050/2450 (true)
[EOnBeforeDrop] The Aircraft is 1 Km from Elektrozavodsk. @ <11464.166992, 152.050339, 2948.406738>
[EOnDrop] Zombie Spawned [1] ZmbM_CitizenBFat_Blue @ <10130.259766, 35.281460, 2496.301514> ... Lifespan:  Set to 30 minutes.
[EOnDrop] Spawn failed for zombie [2] 'ZmbM_JacketNormal_greenchecks', it does not exist in DayZ!
[EOnDrop] Zombie Spawned [3] ZmbF_DoctorSkinny @ <10110.416016, 39.630802, 2481.924805> ... Lifespan:  Set to 30 minutes.
[EOnDrop] Zombie Spawned [4] ZmbM_SkaterYoung_Grey @ <10125.388672, 37.202328, 2483.366211> ... Lifespan:  Set to 30 minutes.
[EOnDrop] Zombie Spawned [5] ZmbF_DoctorSkinny @ <10132.062500, 36.548908, 2455.320557> ... Lifespan:  Set to 30 minutes.
[EOnDrop] Zombie Spawned [6] ZmbM_Jacket_beige @ <10128.919922, 37.024494, 2449.807617> ... Lifespan:  Set to 30 minutes.
[EOnDrop] Zombie Spawned [7] ZmbF_PoliceWomanNormal @ <10108.013672, 39.806995, 2489.827148> ... Lifespan:  Set to 30 minutes.
[EOnDrop] Zombie Spawned [8] ZmbF_JournalistNormal_Red @ <10106.112305, 40.036530, 2454.054199> ... Lifespan:  Set to 30 minutes.
[EOnDrop] Zombie Spawned [9] ZmbM_Jacket_brown @ <10109.619141, 38.874886, 2521.944580> ... Lifespan:  Set to 30 minutes.
[EOnDrop] Zombie Spawned [10] ZmbF_PatientOld @ <10137.046875, 35.594715, 2435.848633> ... Lifespan:  Set to 30 minutes.
[EOnDrop] Zombie Spawned [11] ZmbF_ParamedicNormal_Green @ <10114.919922, 39.112701, 2459.764404> ... Lifespan:  Set to 30 minutes.
[EOnDrop] Zombie Spawned [12] ZmbM_CitizenASkinny_Blue @ <10134.479492, 35.688778, 2480.501709> ... Lifespan:  Set to 30 minutes.
[EOnDrop] Zombie Spawned [13] ZmbF_JournalistNormal_Green @ <10094.886719, 41.249783, 2442.806396> ... Lifespan:  Set to 30 minutes.
[EOnDrop] Zombie Spawned [14] ZmbM_CitizenBFat_Red @ <10138.392578, 33.475460, 2506.112061> ... Lifespan:  Set to 30 minutes.
[EOnDrop] Zombie Spawned [15] ZmbF_ShortSkirt_beige @ <10118.989258, 38.414440, 2479.993408> ... Lifespan:  Set to 30 minutes.
[EOnDrop] Zombie Spawned [16] ZmbM_PatientSkinny @ <10146.858398, 34.414021, 2432.718018> ... Lifespan:  Set to 30 minutes.
[EOnDrop] Zombie Spawned [17] ZmbM_Jacket_brown @ <10084.032227, 43.166187, 2494.675537> ... Lifespan:  Set to 30 minutes.
[EOnDrop] Zombie Spawned [18] ZmbF_ParamedicNormal_Blue @ <10119.024414, 38.117840, 2443.662598> ... Lifespan:  Set to 30 minutes.
[EOnDrop] Zombie Spawned [19] ZmbF_ParamedicNormal_Red @ <10114.148438, 38.255180, 2506.919189> ... Lifespan:  Set to 30 minutes.
[EOnDrop] Zombie Spawned [20] ZmbF_DoctorSkinny @ <10171.113281, 32.346317, 2492.998535> ... Lifespan:  Set to 30 minutes.
[EOnDrop] Drop spawned with 20 infected at <10126.955078, 165.170395, 2477.188477>.
[EOnDrop] Supplies have been dropped near Elektrozavodsk.
[EOnBeforeDelete] Aircraft despawned @ <258.460510, 152.000610, -1000.609802>
[~AirdropPlane] Aircraft destroyed.
