[InitializeContainer] Container created on 2021-04-14 @ 12-10-09
[InitializeContainer] Winds: Vector <11.314096, 0.000000, 3.720781>, Speed 11.9102mps, Strength 0.1
[AirdropContainerFall] Drop Type 'Misc. Food', Container: 'RANDOM', Mode/Quantity/Iems: Random/29/30, Flare:  10%
[AirdropContainerFall] Loot Spawned [1] TunaCan @ <8703.212891, 388.766907, 9233.398438> ... Lifespan: Set to 30 minutes.
[AirdropContainerFall] Loot Spawned [2] SambucusBerry @ <8702.327148, 388.773438, 9236.976563> ... Lifespan: Set to 30 minutes.
[AirdropContainerFall] Loot Spawned [3] GreenBellPepper @ <8698.642578, 389.106934, 9234.068359> ... Lifespan: Set to 30 minutes.
[AirdropContainerFall] Loot Spawned [4] PowderedMilk @ <8701.843750, 388.879486, 9233.014648> ... Lifespan: Set to 30 minutes.
[AirdropContainerFall] Loot Spawned [5] PeachesCan @ <8698.687500, 389.094604, 9234.581055> ... Lifespan: Set to 30 minutes.
[AirdropContainerFall] Loot Spawned [6] SodaCan_Kvass @ <8697.772461, 389.152374, 9235.263672> ... Lifespan: Set to 30 minutes.
[AirdropContainerFall] Loot Spawned [7] GreenBellPepper @ <8700.361328, 388.905609, 9238.121094> ... Lifespan: Set to 30 minutes.
[AirdropContainerFall] Loot Spawned [8] SardinesCan @ <8698.440430, 389.059509, 9237.691406> ... Lifespan: Set to 30 minutes.
[AirdropContainerFall] Loot Spawned [9] BoxCerealCrunchin @ <8700.431641, 388.988098, 9233.046875> ... Lifespan: Set to 30 minutes.
[AirdropContainerFall] Loot Spawned [10] Apple @ <8702.702148, 388.764740, 9235.804688> ... Lifespan: Set to 30 minutes.
[AirdropContainerFall] Loot Spawned [11] AK101 @ <8702.283203, 388.841095, 9233.269531> ... Lifespan: Set to 30 minutes.
[AirdropContainerFall] Loot Spawned [12] Potato @ <8699.426758, 389.075775, 9232.279297> ... Lifespan: Set to 30 minutes.
[AirdropContainerFall] Loot Spawned [13] SodaCan_Cola @ <8698.033203, 389.138336, 9234.930664> ... Lifespan: Set to 30 minutes.
[AirdropContainerFall] Loot Spawned [14] PeachesCan @ <8697.544922, 389.163788, 9235.601563> ... Lifespan: Set to 30 minutes.
[AirdropContainerFall] Loot Spawned [15] Pear @ <8698.364258, 389.077271, 9236.999023> ... Lifespan: Set to 30 minutes.
[AirdropContainerFall] Loot Spawned [16] WaterBottle @ <8699.381836, 389.054657, 9233.844727> ... Lifespan: Set to 30 minutes.
[AirdropContainerFall] Loot Spawned [17] Pumpkin @ <8699.525391, 388.992218, 9236.817383> ... Lifespan: Set to 30 minutes.
[AirdropContainerFall] Loot Spawned [18] Zucchini @ <8703.195313, 388.693329, 9237.597656> ... Lifespan: Set to 30 minutes.
[AirdropContainerFall] Loot Spawned [19] Potato @ <8701.985352, 388.781647, 9238.022461> ... Lifespan: Set to 30 minutes.
[AirdropContainerFall] Loot Spawned [20] Pumpkin @ <8698.870117, 389.087616, 9234.187500> ... Lifespan: Set to 30 minutes.
[AirdropContainerFall] Loot Spawned [21] CaninaBerry @ <8700.678711, 388.960999, 9233.508789> ... Lifespan: Set to 30 minutes.
[AirdropContainerFall] Loot Spawned [22] Lard @ <8703.541016, 388.717316, 9234.796875> ... Lifespan: Set to 30 minutes.
[AirdropContainerFall] Loot Spawned [23] Pumpkin @ <8700.896484, 388.853668, 9238.725586> ... Lifespan: Set to 30 minutes.
[AirdropContainerFall] Loot Spawned [24] SardinesCan @ <8699.856445, 388.969513, 9236.673828> ... Lifespan: Set to 30 minutes.
[AirdropContainerFall] Loot Spawned [25] SpaghettiCan @ <8697.748047, 389.145813, 9235.748047> ... Lifespan: Set to 30 minutes.
[AirdropContainerFall] Loot Spawned [26] SambucusBerry @ <8701.497070, 388.911072, 9232.737305> ... Lifespan: Set to 30 minutes.
[AirdropContainerFall] Loot Spawned [27] Canteen @ <8701.273438, 388.842712, 9237.680664> ... Lifespan: Set to 30 minutes.
[AirdropContainerFall] Loot Spawned [28] AK101 @ <8702.911133, 388.784424, 9233.737305> ... Lifespan: Set to 30 minutes.
[AirdropContainerFall] Loot Spawned [29] SodaCan_Spite @ <8699.590820, 389.044678, 9233.500977> ... Lifespan: Set to 30 minutes.
[AirdropContainerUnstuck] Container was unstuck.
[~AirdropContainerBase] Container Destroyed on 2021-04-14 @ 12-35-09
