[InitializeContainer] Container created on 2021-03-16 @ 00-19-17
[InitializeContainer] Winds: Vector <8.965468, 0.000000, 9.959358>, Speed 13.4003mps, Strength 0.1
[AirdropContainerFall] Drop Type 'Misc. Tools', Container: 'RANDOM', Mode/Quantity/Iems: Random/30/54, Flare:  10%
[AirdropContainerFall] Loot Spawned [1] Crowbar @ <8823.224609, 381.411438, 9268.140625> ... Lifespan: Set to 60 minutes.
[AirdropContainerFall] Loot Spawned [2] SledgeHammer @ <8824.683594, 381.716492, 9266.332031> ... Lifespan: Set to 60 minutes.
[AirdropContainerFall] Loot Spawned [3] AKM @ <8826.363281, 381.309723, 9268.168945> ... Lifespan: Set to 60 minutes.
[AirdropContainerFall] Loot Spawned [4] AKM @ <8825.822266, 381.379211, 9267.895508> ... Lifespan: Set to 60 minutes.
[AirdropContainerFall] Loot Spawned [5] Screwdriver @ <8822.828125, 381.663361, 9266.857422> ... Lifespan: Set to 60 minutes.
[AirdropContainerFall] Loot Spawned [6] Roadflare @ <8822.456055, 381.070953, 9270.045898> ... Lifespan: Set to 60 minutes.
[AirdropContainerFall] Loot Spawned [7] SteakKnife @ <8822.972656, 381.369080, 9268.400391> ... Lifespan: Set to 60 minutes.
[AirdropContainerFall] Loot Spawned [8] Binoculars @ <8823.177734, 381.312714, 9268.659180> ... Lifespan: Set to 60 minutes.
[AirdropContainerFall] Loot Spawned [9] Hammer @ <8823.081055, 381.268768, 9268.901367> ... Lifespan: Set to 60 minutes.
[AirdropContainerFall] Loot Spawned [10] Headtorch_Grey @ <8826.658203, 381.351471, 9267.906250> ... Lifespan: Set to 60 minutes.
[AirdropContainerFall] Loot Spawned [11] FirefighterAxe @ <8826.712891, 381.125519, 9269.066406> ... Lifespan: Set to 60 minutes.
[AirdropContainerFall] Loot Spawned [12] Matchbox @ <8824.381836, 381.573822, 9267.117188> ... Lifespan: Set to 60 minutes.
[AirdropContainerFall] Loot Spawned [13] WoodAxe @ <8827.498047, 380.810577, 9271.062500> ... Lifespan: Set to 60 minutes.
[AirdropContainerFall] Loot Spawned [14] ChernarusMap @ <8824.006836, 381.505890, 9267.528320> ... Lifespan: Set to 60 minutes.
[AirdropContainerFall] Loot Spawned [15] ChernarusMap @ <8825.683594, 381.311432, 9268.268555> ... Lifespan: Set to 60 minutes.
[AirdropContainerFall] Loot Spawned [16] LugWrench @ <8825.196289, 381.511383, 9267.311523> ... Lifespan: Set to 60 minutes.
[AirdropContainerFall] Loot Spawned [17] SewingKit @ <8822.905273, 380.982025, 9270.788086> ... Lifespan: Set to 60 minutes.
[AirdropContainerFall] Loot Spawned [18] BatteryCharger @ <8826.279297, 381.221130, 9268.640625> ... Lifespan: Set to 60 minutes.
[AirdropContainerFall] Loot Spawned [19] Spotlight @ <8823.914063, 381.592407, 9267.095703> ... Lifespan: Set to 60 minutes.
[AirdropContainerFall] Loot Spawned [20] Rangefinder @ <8825.564453, 381.382385, 9267.919922> ... Lifespan: Set to 60 minutes.
[AirdropContainerFall] Loot Spawned [21] Chemlight_Blue @ <8823.187500, 380.960754, 9270.912109> ... Lifespan: Set to 60 minutes.
[AirdropContainerFall] Loot Spawned [22] KitchenKnife @ <8822.301758, 381.274597, 9268.995117> ... Lifespan: Set to 60 minutes.
[AirdropContainerFall] Loot Spawned [23] ElectronicRepairKit @ <8821.827148, 380.918518, 9271.741211> ... Lifespan: Set to 60 minutes.
[AirdropContainerFall] Loot Spawned [24] Spotlight @ <8823.896484, 380.750854, 9272.768555> ... Lifespan: Set to 60 minutes.
[AirdropContainerFall] Loot Spawned [25] Megaphone @ <8824.866211, 381.369781, 9268.095703> ... Lifespan: Set to 60 minutes.
[AirdropContainerFall] Loot Spawned [26] Crowbar @ <8827.137695, 380.819336, 9271.093750> ... Lifespan: Set to 60 minutes.
[AirdropContainerFall] Loot Spawned [27] KOD_M16A4 @ <8826.647461, 381.324005, 9268.050781> ... Lifespan: Set to 60 minutes.
[AirdropContainerFall] Loot Spawned [28] OrienteeringCompass @ <8821.371094, 381.193237, 9269.563477> ... Lifespan: Set to 60 minutes.
[AirdropContainerFall] Loot Spawned [29] Pickaxe @ <8821.675781, 381.076691, 9270.225586> ... Lifespan: Set to 60 minutes.
[AirdropContainerFall] Loot Spawned [30] SteakKnife @ <8823.701172, 380.862640, 9271.725586> ... Lifespan: Set to 60 minutes.
[AirdropContainerUnstuck] Container was unstuck.
[~AirdropContainerBase] Container Destroyed on 2021-03-16 @ 00-44-17
