[InitializeContainer] Container created on 2021-04-11 @ 09-29-57
[InitializeContainer] Winds: Vector <-2.791600, 0.000000, -0.965377>, Speed 2.95381mps, Strength 0.1
[AirdropContainerFall] Drop Type 'Military West', Container: 'AirdropContainer_Military', Mode/Quantity/Iems: Random/20/46, Flare:  10%
[AirdropContainerFall] Loot Spawned [1] CombatKnife @ <1969.700806, 288.196564, 7650.625977> ... Lifespan: Set to 30 minutes.
[AirdropContainerFall] Loot Spawned [2] Rangefinder @ <1966.449707, 287.522614, 7646.191895> ... Lifespan: Set to 30 minutes.
[AirdropContainerFall] Loot Spawned [3] AmmoBox_556x45_20Rnd @ <1965.602661, 287.445618, 7646.269043> ... Lifespan: Set to 30 minutes.
[AirdropContainerFall] Loot Spawned [4] AssaultBag_Ttsko @ <1970.117065, 288.212494, 7650.427246> ... Lifespan: Set to 30 minutes.
[AirdropContainerFall] Loot Spawned [5] PistolSuppressor @ <1971.425171, 288.189026, 7647.687500> ... Lifespan: Set to 30 minutes.
[AirdropContainerFall] Loot Spawned [6] USMCPants_Desert @ <1967.919189, 287.834625, 7650.149902> ... Lifespan: Set to 30 minutes.
[AirdropContainerFall] Loot Spawned [7] Mag_FNX45_15Rnd @ <1966.909668, 287.599976, 7648.894043> ... Lifespan: Set to 30 minutes.
[AirdropContainerFall] Loot Spawned [8] KOD_RSASS_Black @ <1969.449585, 287.838226, 7646.377930> ... Lifespan: Set to 30 minutes.
[AirdropContainerFall] Loot Spawned [9] UniversalLight @ <1967.065308, 287.685425, 7650.031250> ... Lifespan: Set to 30 minutes.
[AirdropContainerFall] Loot Spawned [10] AssaultBag_Green @ <1967.614380, 287.626556, 7646.812988> ... Lifespan: Set to 30 minutes.
[AirdropContainerFall] Loot Spawned [11] TacticalGloves_Green @ <1970.243896, 288.258026, 7650.550293> ... Lifespan: Set to 30 minutes.
[AirdropContainerFall] Loot Spawned [12] AmmoBox_45ACP_25Rnd @ <1966.138794, 287.488251, 7648.515137> ... Lifespan: Set to 30 minutes.
[AirdropContainerFall] Loot Spawned [13] KOD_M110_Tan @ <1968.550049, 287.917358, 7650.113281> ... Lifespan: Set to 30 minutes.
[AirdropContainerFall] Loot Spawned [14] AK101 @ <1967.515137, 287.847046, 7650.468750> ... Lifespan: Set to 30 minutes.
[AirdropContainerFall] Loot Spawned [15] AssaultBag_Green @ <1966.936646, 287.774811, 7650.518555> ... Lifespan: Set to 30 minutes.
[AirdropContainerFall] Loot Spawned [16] CanOpener @ <1965.558838, 287.439789, 7646.960938> ... Lifespan: Set to 30 minutes.
[AirdropContainerFall] Loot Spawned [17] USMCPants_Woodland @ <1969.734131, 288.100922, 7650.172363> ... Lifespan: Set to 30 minutes.
[AirdropContainerFall] Loot Spawned [18] Canteen @ <1966.328369, 287.549377, 7649.547852> ... Lifespan: Set to 30 minutes.
[AirdropContainerFall] Loot Spawned [19] PistolSuppressor @ <1967.470337, 287.851044, 7650.516113> ... Lifespan: Set to 30 minutes.
[AirdropContainerFall] Loot Spawned [20] TacticalGoggles @ <1966.460938, 287.524017, 7646.038086> ... Lifespan: Set to 30 minutes.
[AirdropContainerUnstuck] Container was unstuck.
[~AirdropContainerBase] Container Destroyed on 2021-04-11 @ 09-54-57
