[InitializeContainer] Container created on 2021-04-18 @ 03-13-43
[InitializeContainer] Winds: Vector <1.692657, 0.000000, -6.979300>, Speed 7.18162mps, Strength 0.1
[AirdropContainerFall] Drop Type 'Misc. Tools', Container: 'RANDOM', Mode/Quantity/Iems: Random/30/54, Flare:  10%
[AirdropContainerFall] Loot Spawned [1] Chemlight_Red @ <9974.413086, 58.252670, 2494.185059> ... Lifespan: Set to 30 minutes.
[AirdropContainerFall] Loot Spawned [2] FirefighterAxe @ <9971.237305, 58.862976, 2497.012939> ... Lifespan: Set to 30 minutes.
[AirdropContainerFall] Loot Spawned [3] Heatpack @ <9975.382813, 58.095921, 2496.236816> ... Lifespan: Set to 30 minutes.
[AirdropContainerFall] Loot Spawned [4] Roadflare @ <9973.088867, 58.510761, 2498.127930> ... Lifespan: Set to 30 minutes.
[AirdropContainerFall] Loot Spawned [5] PersonalRadio @ <9971.081055, 58.889793, 2497.727295> ... Lifespan: Set to 30 minutes.
[AirdropContainerFall] Loot Spawned [6] PersonalRadio @ <9969.667969, 59.131847, 2495.207031> ... Lifespan: Set to 30 minutes.
[AirdropContainerFall] Loot Spawned [7] KOD_M16A4 @ <9972.246094, 58.630676, 2499.234863> ... Lifespan: Set to 30 minutes.
[AirdropContainerFall] Loot Spawned [8] CableReel @ <9970.270508, 59.038567, 2496.918457> ... Lifespan: Set to 30 minutes.
[AirdropContainerFall] Loot Spawned [9] AKM @ <9976.109375, 57.955143, 2495.744385> ... Lifespan: Set to 30 minutes.
[AirdropContainerFall] Loot Spawned [10] Hammer @ <9970.154297, 59.062656, 2497.185303> ... Lifespan: Set to 30 minutes.
[AirdropContainerFall] Loot Spawned [11] Chemlight_Blue @ <9974.294922, 58.280933, 2494.796875> ... Lifespan: Set to 30 minutes.
[AirdropContainerFall] Loot Spawned [12] Matchbox @ <9970.776367, 58.932228, 2495.603271> ... Lifespan: Set to 30 minutes.
[AirdropContainerFall] Loot Spawned [13] Shovel @ <9972.033203, 58.689838, 2494.406006> ... Lifespan: Set to 30 minutes.
[AirdropContainerFall] Loot Spawned [14] Machete @ <9973.043945, 58.485256, 2492.535400> ... Lifespan: Set to 30 minutes.
[AirdropContainerFall] Loot Spawned [15] KOD_DVL10 @ <9973.236328, 58.470234, 2498.571533> ... Lifespan: Set to 30 minutes.
[AirdropContainerFall] Loot Spawned [16] Pickaxe @ <9970.990234, 58.900928, 2496.338135> ... Lifespan: Set to 30 minutes.
[AirdropContainerFall] Loot Spawned [17] Chemlight_Green @ <9973.089844, 58.493763, 2494.116699> ... Lifespan: Set to 30 minutes.
[AirdropContainerFall] Loot Spawned [18] SewingKit @ <9973.791992, 58.362743, 2493.859131> ... Lifespan: Set to 30 minutes.
[AirdropContainerFall] Loot Spawned [19] KOD_M16A4 @ <9974.969727, 58.149891, 2494.082275> ... Lifespan: Set to 30 minutes.
[AirdropContainerFall] Loot Spawned [20] Megaphone @ <9976.026367, 57.970787, 2495.768799> ... Lifespan: Set to 30 minutes.
[AirdropContainerFall] Loot Spawned [21] Pliers @ <9971.965820, 58.734936, 2497.509277> ... Lifespan: Set to 30 minutes.
[AirdropContainerFall] Loot Spawned [22] Pickaxe @ <9972.502930, 58.598160, 2493.853760> ... Lifespan: Set to 30 minutes.
[AirdropContainerFall] Loot Spawned [23] SteakKnife @ <9973.237305, 58.491432, 2497.874756> ... Lifespan: Set to 30 minutes.
[AirdropContainerFall] Loot Spawned [24] Pickaxe @ <9975.720703, 58.027767, 2495.759277> ... Lifespan: Set to 30 minutes.
[AirdropContainerFall] Loot Spawned [25] Chemlight_Yellow @ <9975.872070, 57.990570, 2494.915527> ... Lifespan: Set to 30 minutes.
[AirdropContainerFall] Loot Spawned [26] Chemlight_White @ <9972.995117, 58.502636, 2498.949219> ... Lifespan: Set to 30 minutes.
[AirdropContainerFall] Loot Spawned [27] OrienteeringCompass @ <9973.514648, 58.446541, 2497.686279> ... Lifespan: Set to 30 minutes.
[AirdropContainerFall] Loot Spawned [28] Rangefinder @ <9974.085938, 58.325729, 2495.421631> ... Lifespan: Set to 30 minutes.
[AirdropContainerFall] Loot Spawned [29] Whetstone @ <9971.651367, 58.771519, 2498.186768> ... Lifespan: Set to 30 minutes.
[AirdropContainerFall] Loot Spawned [30] SledgeHammer @ <9970.832031, 58.908222, 2493.035889> ... Lifespan: Set to 30 minutes.
[AirdropContainerUnstuck] Container was unstuck.
[~AirdropContainerBase] Container Destroyed on 2021-04-18 @ 03-38-43
