[InitializeContainer] Container created on 2021-03-23 @ 00-10-29
[InitializeContainer] Winds: Vector <5.417939, 0.000000, -6.529125>, Speed 8.48431mps, Strength 0.1
[AirdropContainerFall] Drop Type 'Misc. Food', Container: 'RANDOM', Mode/Quantity/Iems: Random/29/30, Flare:  10%
[AirdropContainerFall] Loot Spawned [1] SambucusBerry @ <11391.956055, 39.997864, 14376.409180> ... Lifespan: Set to 30 minutes.
[AirdropContainerFall] Loot Spawned [2] SambucusBerry @ <11392.658203, 39.480679, 14371.787109> ... Lifespan: Set to 30 minutes.
[AirdropContainerFall] Loot Spawned [3] Rice @ <11393.919922, 39.826721, 14375.727539> ... Lifespan: Set to 30 minutes.
[AirdropContainerFall] Loot Spawned [4] Potato @ <11392.883789, 39.548939, 14372.552734> ... Lifespan: Set to 30 minutes.
[AirdropContainerFall] Loot Spawned [5] Lard @ <11394.368164, 39.825310, 14376.305664> ... Lifespan: Set to 30 minutes.
[AirdropContainerFall] Loot Spawned [6] PeachesCan @ <11395.618164, 39.603848, 14374.622070> ... Lifespan: Set to 30 minutes.
[AirdropContainerFall] Loot Spawned [7] KOD_DVL10 @ <11393.717773, 39.483475, 14372.364258> ... Lifespan: Set to 30 minutes.
[AirdropContainerFall] Loot Spawned [8] TacticalBaconCan @ <11395.335938, 39.692921, 14375.792969> ... Lifespan: Set to 30 minutes.
[AirdropContainerFall] Loot Spawned [9] Canteen @ <11395.269531, 39.513596, 14373.455078> ... Lifespan: Set to 30 minutes.
[AirdropContainerFall] Loot Spawned [10] KOD_M16A4 @ <11391.639648, 39.941006, 14375.749023> ... Lifespan: Set to 30 minutes.
[AirdropContainerFall] Loot Spawned [11] PeachesCan @ <11395.141602, 39.477978, 14373.050781> ... Lifespan: Set to 30 minutes.
[AirdropContainerFall] Loot Spawned [12] Apple @ <11395.547852, 39.708576, 14376.586914> ... Lifespan: Set to 30 minutes.
[AirdropContainerFall] Loot Spawned [13] Canteen @ <11395.696289, 39.477448, 14373.333984> ... Lifespan: Set to 30 minutes.
[AirdropContainerFall] Loot Spawned [14] PowderedMilk @ <11391.889648, 39.992245, 14376.330078> ... Lifespan: Set to 30 minutes.
[AirdropContainerFall] Loot Spawned [15] Apple @ <11392.585938, 39.914013, 14375.864258> ... Lifespan: Set to 30 minutes.
[AirdropContainerFall] Loot Spawned [16] GreenBellPepper @ <11393.992188, 39.427765, 14371.977539> ... Lifespan: Set to 30 minutes.
[AirdropContainerFall] Loot Spawned [17] Potato @ <11392.904297, 40.015163, 14376.989258> ... Lifespan: Set to 30 minutes.
[AirdropContainerFall] Loot Spawned [18] KOD_DVL10 @ <11391.246094, 39.976040, 14375.931641> ... Lifespan: Set to 30 minutes.
[AirdropContainerFall] Loot Spawned [19] CaninaBerry @ <11392.797852, 39.488258, 14371.931641> ... Lifespan: Set to 30 minutes.
[AirdropContainerFall] Loot Spawned [20] KOD_M16A4 @ <11394.476563, 39.767265, 14375.452148> ... Lifespan: Set to 30 minutes.
[AirdropContainerFall] Loot Spawned [21] Canteen @ <11394.008789, 39.490032, 14372.577148> ... Lifespan: Set to 30 minutes.
[AirdropContainerFall] Loot Spawned [22] CaninaBerry @ <11395.410156, 39.317310, 14371.665039> ... Lifespan: Set to 30 minutes.
[AirdropContainerFall] Loot Spawned [23] BakedBeansCan @ <11393.680664, 39.315800, 14370.752930> ... Lifespan: Set to 30 minutes.
[AirdropContainerFall] Loot Spawned [24] SodaCan_Pipsi @ <11393.575195, 39.900749, 14376.250977> ... Lifespan: Set to 30 minutes.
[AirdropContainerFall] Loot Spawned [25] PowderedMilk @ <11395.694336, 39.310135, 14371.744141> ... Lifespan: Set to 30 minutes.
[AirdropContainerFall] Loot Spawned [26] TunaCan @ <11391.259766, 39.589169, 14372.264648> ... Lifespan: Set to 30 minutes.
[AirdropContainerFall] Loot Spawned [27] Apple @ <11392.254883, 39.939056, 14375.963867> ... Lifespan: Set to 30 minutes.
[AirdropContainerFall] Loot Spawned [28] SodaCan_Kvass @ <11393.517578, 39.929642, 14376.512695> ... Lifespan: Set to 30 minutes.
[AirdropContainerFall] Loot Spawned [29] KOD_DVL10 @ <11390.959961, 39.571346, 14371.981445> ... Lifespan: Set to 30 minutes.
[AirdropContainerUnstuck] Container was unstuck.
[~AirdropContainerBase] Container Destroyed on 2021-03-23 @ 00-35-29
