[AirdropPlane] Aircraft created on 2021-04-10 @ 20-22-54
[InitializeAircraft] Aircraft Initialized: Chernogorsk @ 7400/3500 (true)
[EOnBeforeDrop] The Aircraft is 1 Km from Chernogorsk. @ <7246.658691, 393.063385, 4990.249023>
[EOnDrop] Zombie Spawned [1] ZmbM_MechanicSkinny_Blue @ <7386.749512, 8.422153, 3552.010010> ... Lifespan:  Set to 30 minutes.
[EOnDrop] Zombie Spawned [2] ZmbF_MechanicNormal_Beige @ <7401.618164, 7.765926, 3561.215576> ... Lifespan:  Set to 30 minutes.
[EOnDrop] Zombie Spawned [3] ZmbF_BlueCollarFat_White @ <7394.831055, 10.138665, 3589.986572> ... Lifespan:  Set to 30 minutes.
[EOnDrop] Zombie Spawned [4] ZmbM_ConstrWorkerNormal_Green @ <7393.604980, 7.796448, 3534.005127> ... Lifespan:  Set to 30 minutes.
[EOnDrop] Zombie Spawned [5] ZmbM_ConstrWorkerNormal_Grey @ <7387.113770, 9.515568, 3578.930176> ... Lifespan:  Set to 30 minutes.
[EOnDrop] Zombie Spawned [6] ZmbF_BlueCollarFat_Green @ <7379.670898, 9.667588, 3574.791016> ... Lifespan:  Set to 30 minutes.
[EOnDrop] Zombie Spawned [7] ZmbF_MechanicNormal_Grey @ <7434.808594, 6.690269, 3565.020264> ... Lifespan:  Set to 30 minutes.
[EOnDrop] Zombie Spawned [8] ZmbM_ConstrWorkerNormal_Beige @ <7417.958984, 7.080954, 3561.586914> ... Lifespan:  Set to 30 minutes.
[EOnDrop] Zombie Spawned [9] ZmbM_HandymanNormal_White @ <7396.155762, 7.909836, 3556.403564> ... Lifespan:  Set to 30 minutes.
[EOnDrop] Zombie Spawned [10] ZmbM_OffshoreWorker_Red @ <7405.924805, 9.674627, 3592.214111> ... Lifespan:  Set to 30 minutes.
[EOnDrop] Zombie Spawned [11] ZmbF_MechanicNormal_Green @ <7381.275391, 10.519086, 3586.328125> ... Lifespan:  Set to 30 minutes.
[EOnDrop] Zombie Spawned [12] ZmbM_MechanicSkinny_Red @ <7433.125977, 6.519901, 3549.669434> ... Lifespan:  Set to 30 minutes.
[EOnDrop] Zombie Spawned [13] ZmbF_BlueCollarFat_Red @ <7428.788086, 7.299267, 3578.502441> ... Lifespan:  Set to 30 minutes.
[EOnDrop] Zombie Spawned [14] ZmbF_BlueCollarFat_Blue @ <7389.035156, 8.175722, 3543.939697> ... Lifespan:  Set to 30 minutes.
[EOnDrop] Zombie Spawned [15] ZmbM_OffshoreWorker_Green @ <7384.707520, 10.464021, 3587.538086> ... Lifespan:  Set to 30 minutes.
[EOnDrop] Zombie Spawned [16] ZmbF_BlueCollarFat_White @ <7371.897949, 9.631331, 3560.379883> ... Lifespan:  Set to 30 minutes.
[EOnDrop] Zombie Spawned [17] ZmbM_OffshoreWorker_Green @ <7379.023438, 9.480067, 3570.748047> ... Lifespan:  Set to 30 minutes.
[EOnDrop] Zombie Spawned [18] ZmbF_BlueCollarFat_Red @ <7420.160156, 10.255851, 3604.888428> ... Lifespan:  Set to 30 minutes.
[EOnDrop] Zombie Spawned [19] ZmbM_HandymanNormal_Grey @ <7439.673340, 6.813448, 3572.729736> ... Lifespan:  Set to 30 minutes.
[EOnDrop] Zombie Spawned [20] ZmbM_HandymanNormal_Green @ <7379.816895, 8.842999, 3535.553467> ... Lifespan:  Set to 30 minutes.
[EOnDrop] Zombie Spawned [21] ZmbF_MechanicNormal_Grey @ <7379.699219, 10.229894, 3582.354736> ... Lifespan:  Set to 30 minutes.
[EOnDrop] Zombie Spawned [22] ZmbM_MechanicSkinny_Grey @ <7361.447266, 10.967237, 3580.218262> ... Lifespan:  Set to 30 minutes.
[EOnDrop] Zombie Spawned [23] ZmbF_BlueCollarFat_Red @ <7387.036621, 8.654506, 3562.882080> ... Lifespan:  Set to 30 minutes.
[EOnDrop] Zombie Spawned [24] ZmbM_OffshoreWorker_Orange @ <7379.017090, 9.095347, 3559.231934> ... Lifespan:  Set to 30 minutes.
[EOnDrop] Zombie Spawned [25] ZmbM_ConstrWorkerNormal_Black @ <7398.330566, 8.457063, 3572.287109> ... Lifespan:  Set to 30 minutes.
[EOnDrop] Zombie Spawned [26] ZmbM_HandymanNormal_Blue @ <7381.205078, 8.784341, 3548.041748> ... Lifespan:  Set to 30 minutes.
[EOnDrop] Zombie Spawned [27] ZmbM_ConstrWorkerNormal_Beige @ <7389.322754, 8.062269, 3525.208496> ... Lifespan:  Set to 30 minutes.
[EOnDrop] Zombie Spawned [28] ZmbM_HandymanNormal_Green @ <7359.410645, 11.922902, 3590.350586> ... Lifespan:  Set to 30 minutes.
[EOnDrop] Zombie Spawned [29] ZmbF_BlueCollarFat_White @ <7362.285156, 11.362657, 3586.013428> ... Lifespan:  Set to 30 minutes.
[EOnDrop] Zombie Spawned [30] ZmbM_HandymanNormal_White @ <7397.496094, 15.224732, 3620.324951> ... Lifespan:  Set to 30 minutes.
[EOnDrop] Drop spawned with 30 infected at <7392.601074, 174.110062, 3574.067383>.
[EOnDrop] Supplies have been dropped near Chernogorsk.
[EOnBeforeDelete] Aircraft despawned @ <7864.046387, 152.000610, -1000.762634>
[~AirdropPlane] Aircraft destroyed.
