[InitializeContainer] Container created on 2021-03-24 @ 21-49-52
[InitializeContainer] Winds: Vector <1.464567, 0.000000, -6.942797>, Speed 7.09559mps, Strength 0.1
[AirdropContainerFall] Drop Type 'Military East', Container: 'AirdropContainer_Military', Mode/Quantity/Iems: Random/20/33, Flare:  10%
[AirdropContainerFall] Loot Spawned [1] GorkaPants_Autumn @ <11417.439453, 39.221008, 14401.800781> ... Lifespan: Set to 30 minutes.
[AirdropContainerFall] Loot Spawned [2] AK_Suppressor @ <11413.541016, 39.454296, 14402.830078> ... Lifespan: Set to 30 minutes.
[AirdropContainerFall] Loot Spawned [3] GorkaPants_Summer @ <11417.700195, 38.924892, 14398.649414> ... Lifespan: Set to 30 minutes.
[AirdropContainerFall] Loot Spawned [4] AK101 @ <11413.145508, 39.024578, 14397.649414> ... Lifespan: Set to 30 minutes.
[AirdropContainerFall] Loot Spawned [5] AK_RailHndgrd @ <11417.006836, 39.155724, 14399.821289> ... Lifespan: Set to 30 minutes.
[AirdropContainerFall] Loot Spawned [6] KOD_M16A4 @ <11414.049805, 39.383793, 14402.562500> ... Lifespan: Set to 30 minutes.
[AirdropContainerFall] Loot Spawned [7] Canteen @ <11412.528320, 39.479637, 14399.435547> ... Lifespan: Set to 30 minutes.
[AirdropContainerFall] Loot Spawned [8] TTsKOJacket_Camo @ <11412.231445, 39.637253, 14400.270508> ... Lifespan: Set to 30 minutes.
[AirdropContainerFall] Loot Spawned [9] TTsKOJacket_Camo @ <11411.960938, 39.554340, 14399.370117> ... Lifespan: Set to 30 minutes.
[AirdropContainerFall] Loot Spawned [10] AK101 @ <11414.033203, 38.759117, 14397.012695> ... Lifespan: Set to 30 minutes.
[AirdropContainerFall] Loot Spawned [11] UniversalLight @ <11416.929688, 39.048676, 14399.255859> ... Lifespan: Set to 30 minutes.
[AirdropContainerFall] Loot Spawned [12] TacticalGloves_Black @ <11413.869141, 38.770412, 14396.942383> ... Lifespan: Set to 30 minutes.
[AirdropContainerFall] Loot Spawned [13] UniversalLight @ <11413.188477, 39.480663, 14401.892578> ... Lifespan: Set to 30 minutes.
[AirdropContainerFall] Loot Spawned [14] TTSKOPants @ <11417.312500, 39.209923, 14401.179688> ... Lifespan: Set to 30 minutes.
[AirdropContainerFall] Loot Spawned [15] GorkaPants_Flat @ <11416.026367, 38.708527, 14397.503906> ... Lifespan: Set to 30 minutes.
[AirdropContainerFall] Loot Spawned [16] AK_Bayonet @ <11416.239258, 38.578392, 14396.857422> ... Lifespan: Set to 30 minutes.
[AirdropContainerFall] Loot Spawned [17] Mag_AKM_30Rnd @ <11415.008789, 39.271580, 14403.033203> ... Lifespan: Set to 30 minutes.
[AirdropContainerFall] Loot Spawned [18] AK101 @ <11412.858398, 39.478798, 14399.684570> ... Lifespan: Set to 30 minutes.
[AirdropContainerFall] Loot Spawned [19] GorkaPants_PautRev @ <11416.532227, 38.672398, 14397.324219> ... Lifespan: Set to 30 minutes.
[AirdropContainerFall] Loot Spawned [20] TacticalGloves_Black @ <11413.104492, 39.495743, 14401.254883> ... Lifespan: Set to 30 minutes.
[AirdropContainerUnstuck] Container was unstuck.
