[InitializeContainer] Container created on 2021-04-02 @ 16-00-44
[InitializeContainer] Winds: Vector <11.327085, 0.000000, 2.023177>, Speed 11.5063mps, Strength 0.1
[AirdropContainerFall] Drop Type 'Military West', Container: 'AirdropContainer_Military', Mode/Quantity/Iems: Random/20/46, Flare:  10%
[AirdropContainerFall] Loot Spawned [1] M4_T3NrdSOptic @ <8689.287109, 390.058899, 9194.056641> ... Lifespan: Set to 30 minutes.
[AirdropContainerFall] Loot Spawned [2] MilitaryBoots_Bluerock @ <8690.345703, 389.931549, 9197.021484> ... Lifespan: Set to 30 minutes.
[AirdropContainerFall] Loot Spawned [3] M4_T3NrdSOptic @ <8689.827148, 390.004700, 9193.559570> ... Lifespan: Set to 30 minutes.
[AirdropContainerFall] Loot Spawned [4] TacticalGloves_Black @ <8686.333008, 390.353638, 9196.309570> ... Lifespan: Set to 30 minutes.
[AirdropContainerFall] Loot Spawned [5] MilitaryBoots_Beige @ <8687.947266, 390.172211, 9198.334961> ... Lifespan: Set to 30 minutes.
[AirdropContainerFall] Loot Spawned [6] M9A1_Bayonet @ <8686.840820, 390.314331, 9193.800781> ... Lifespan: Set to 30 minutes.
[AirdropContainerFall] Loot Spawned [7] UniversalLight @ <8687.253906, 390.267609, 9194.744141> ... Lifespan: Set to 30 minutes.
[AirdropContainerFall] Loot Spawned [8] M4_RISHndgrd @ <8690.583984, 389.921387, 9194.705078> ... Lifespan: Set to 30 minutes.
[AirdropContainerFall] Loot Spawned [9] MilitaryBoots_Bluerock @ <8690.156250, 389.966949, 9194.453125> ... Lifespan: Set to 30 minutes.
[AirdropContainerFall] Loot Spawned [10] MilitaryBoots_Brown @ <8690.091797, 389.973938, 9194.375000> ... Lifespan: Set to 30 minutes.
[AirdropContainerFall] Loot Spawned [11] CanOpener @ <8686.907227, 390.282990, 9197.939453> ... Lifespan: Set to 30 minutes.
[AirdropContainerFall] Loot Spawned [12] UniversalLight @ <8691.870117, 389.780212, 9196.169922> ... Lifespan: Set to 30 minutes.
[AirdropContainerFall] Loot Spawned [13] USMCPants_Desert @ <8689.997070, 389.970367, 9196.628906> ... Lifespan: Set to 30 minutes.
[AirdropContainerFall] Loot Spawned [14] AssaultBag_Ttsko @ <8686.828125, 390.301422, 9196.416016> ... Lifespan: Set to 30 minutes.
[AirdropContainerFall] Loot Spawned [15] AssaultBag_Black @ <8691.110352, 389.853455, 9197.081055> ... Lifespan: Set to 30 minutes.
[AirdropContainerFall] Loot Spawned [16] KOD_M110_Tan @ <8686.891602, 390.309418, 9193.698242> ... Lifespan: Set to 30 minutes.
[AirdropContainerFall] Loot Spawned [17] UKAssVest_Khaki @ <8686.392578, 390.359924, 9194.035156> ... Lifespan: Set to 30 minutes.
[AirdropContainerFall] Loot Spawned [18] KOD_M16A4 @ <8690.303711, 389.932220, 9197.819336> ... Lifespan: Set to 30 minutes.
[AirdropContainerFall] Loot Spawned [19] M4_T3NrdSOptic @ <8689.810547, 390.003998, 9194.157227> ... Lifespan: Set to 30 minutes.
[AirdropContainerFall] Loot Spawned [20] CombatKnife @ <8686.313477, 390.360352, 9195.601563> ... Lifespan: Set to 30 minutes.
[AirdropContainerUnstuck] Container was unstuck.
[~AirdropContainerBase] Container Destroyed on 2021-04-02 @ 16-25-44
