[InitializeContainer] Container created on 2021-03-30 @ 06-19-52
[InitializeContainer] Winds: Vector <0.304187, 0.000000, -6.624473>, Speed 6.63145mps, Strength 0.1
[AirdropContainerFall] Drop Type 'Military East', Container: 'AirdropContainer_Military', Mode/Quantity/Iems: Random/20/33, Flare:  10%
[AirdropContainerFall] Loot Spawned [1] CanOpener @ <4047.698486, 297.304260, 7784.194336> ... Lifespan: Set to 30 minutes.
[AirdropContainerFall] Loot Spawned [2] KOD_M110_Tan @ <4047.426270, 297.355255, 7786.022949> ... Lifespan: Set to 30 minutes.
[AirdropContainerFall] Loot Spawned [3] UniversalLight @ <4043.681396, 297.221527, 7785.720703> ... Lifespan: Set to 30 minutes.
[AirdropContainerFall] Loot Spawned [4] GorkaEJacket_Summer @ <4045.360596, 297.282928, 7785.904785> ... Lifespan: Set to 30 minutes.
[AirdropContainerFall] Loot Spawned [5] AK_PlasticBttstck @ <4048.255615, 297.361481, 7785.292480> ... Lifespan: Set to 30 minutes.
[AirdropContainerFall] Loot Spawned [6] TacticalGloves_Beige @ <4047.516357, 297.270538, 7783.454102> ... Lifespan: Set to 30 minutes.
[AirdropContainerFall] Loot Spawned [7] GorkaPants_Flat @ <4044.021484, 297.152008, 7783.389648> ... Lifespan: Set to 30 minutes.
[AirdropContainerFall] Loot Spawned [8] GorkaEJacket_Autumn @ <4047.125977, 297.171997, 7781.162598> ... Lifespan: Set to 30 minutes.
[AirdropContainerFall] Loot Spawned [9] AKM @ <4042.733887, 297.054932, 7781.610840> ... Lifespan: Set to 30 minutes.
[AirdropContainerFall] Loot Spawned [10] AK_RailHndgrd @ <4045.188477, 297.254578, 7785.134277> ... Lifespan: Set to 30 minutes.
[AirdropContainerFall] Loot Spawned [11] CanOpener @ <4044.075195, 297.085632, 7781.352539> ... Lifespan: Set to 30 minutes.
[AirdropContainerFall] Loot Spawned [12] AK_PlasticBttstck @ <4044.518066, 297.120117, 7781.996582> ... Lifespan: Set to 30 minutes.
[AirdropContainerFall] Loot Spawned [13] Binoculars @ <4044.875244, 297.214966, 7784.323242> ... Lifespan: Set to 30 minutes.
[AirdropContainerFall] Loot Spawned [14] TacticalGoggles @ <4045.491699, 297.303192, 7786.446777> ... Lifespan: Set to 30 minutes.
[AirdropContainerFall] Loot Spawned [15] GorkaPants_Summer @ <4043.838623, 297.052887, 7780.577148> ... Lifespan: Set to 30 minutes.
[AirdropContainerFall] Loot Spawned [16] TTSKOPants @ <4043.208984, 297.159882, 7784.334473> ... Lifespan: Set to 30 minutes.
[AirdropContainerFall] Loot Spawned [17] KOD_M16A4 @ <4044.133057, 297.140167, 7782.937012> ... Lifespan: Set to 30 minutes.
[AirdropContainerFall] Loot Spawned [18] KOD_M16A4 @ <4043.494629, 297.051392, 7780.835449> ... Lifespan: Set to 30 minutes.
[AirdropContainerFall] Loot Spawned [19] TacticalGloves_Black @ <4048.880859, 297.269623, 7782.210938> ... Lifespan: Set to 30 minutes.
[AirdropContainerFall] Loot Spawned [20] TacticalGloves_Green @ <4047.035889, 297.141479, 7780.422363> ... Lifespan: Set to 30 minutes.
[AirdropContainerUnstuck] Container was unstuck.
[~AirdropContainerBase] Container Destroyed on 2021-03-30 @ 06-44-52
