[InitializeContainer] Container created on 2021-03-23 @ 13-25-40
[InitializeContainer] Winds: Vector <11.266256, 0.000000, 1.390074>, Speed 11.3517mps, Strength 0.1
[AirdropContainerFall] Drop Type 'Medical', Container: 'AirdropContainer_Medical', Mode/Quantity/Iems: Random/20/37, Flare:  10%
[AirdropContainerFall] Spawn failed for item [1] 'MedicalScrubPants_Green', does not exist in DayZ!
[AirdropContainerFall] Loot Spawned [2] Rag @ <8859.026367, 382.726013, 9226.189453> ... Lifespan: Set to 30 minutes.
[AirdropContainerFall] Loot Spawned [3] Morphine @ <8859.917969, 382.645935, 9228.257813> ... Lifespan: Set to 30 minutes.
[AirdropContainerFall] Loot Spawned [4] PurificationTablets @ <8860.908203, 382.746460, 9224.104492> ... Lifespan: Set to 30 minutes.
[AirdropContainerFall] Loot Spawned [5] WaterBottle @ <8862.960938, 382.730835, 9223.039063> ... Lifespan: Set to 30 minutes.
[AirdropContainerFall] Loot Spawned [6] MedicalScrubsHat_Green @ <8859.311523, 382.724365, 9226.069336> ... Lifespan: Set to 30 minutes.
[AirdropContainerFall] Loot Spawned [7] PainkillerTablets @ <8864.147461, 382.639496, 9225.893555> ... Lifespan: Set to 30 minutes.
[AirdropContainerFall] Loot Spawned [8] BandageDressing @ <8862.019531, 382.604919, 9228.331055> ... Lifespan: Set to 30 minutes.
[AirdropContainerFall] Loot Spawned [9] KOD_M16A4 @ <8859.623047, 382.773926, 9223.940430> ... Lifespan: Set to 30 minutes.
[AirdropContainerFall] Loot Spawned [10] DisinfectantAlcohol @ <8864.502930, 382.671082, 9224.492188> ... Lifespan: Set to 30 minutes.
[AirdropContainerFall] Loot Spawned [11] SurgicalGloves_Blue @ <8862.745117, 382.628113, 9227.118164> ... Lifespan: Set to 30 minutes.
[AirdropContainerFall] Loot Spawned [12] TetracyclineAntibiotics @ <8860.053711, 382.726379, 9225.551758> ... Lifespan: Set to 30 minutes.
[AirdropContainerFall] Loot Spawned [13] SurgicalGloves_LightBlue @ <8864.349609, 382.616760, 9226.549805> ... Lifespan: Set to 30 minutes.
[AirdropContainerFall] Loot Spawned [14] SurgicalGloves_Blue @ <8860.677734, 382.641602, 9227.937500> ... Lifespan: Set to 30 minutes.
[AirdropContainerFall] Loot Spawned [15] AKM @ <8864.540039, 382.663147, 9224.830078> ... Lifespan: Set to 30 minutes.
[AirdropContainerFall] Loot Spawned [16] BandageDressing @ <8860.802734, 382.759125, 9223.601563> ... Lifespan: Set to 30 minutes.
[AirdropContainerFall] Loot Spawned [17] AK101 @ <8863.564453, 382.704834, 9223.730469> ... Lifespan: Set to 30 minutes.
[AirdropContainerFall] Loot Spawned [18] SalineBagIV @ <8863.524414, 382.563599, 9228.850586> ... Lifespan: Set to 30 minutes.
[AirdropContainerFall] Loot Spawned [19] SalineBagIV @ <8859.165039, 382.716095, 9226.428711> ... Lifespan: Set to 30 minutes.
[AirdropContainerFall] Loot Spawned [20] BandageDressing @ <8863.718750, 382.648987, 9225.845703> ... Lifespan: Set to 30 minutes.
[AirdropContainerUnstuck] Container was unstuck.
[~AirdropContainerBase] Container Destroyed on 2021-03-23 @ 13-50-40
