[InitializeContainer] Container created on 2021-04-08 @ 20-31-59
[InitializeContainer] Winds: Vector <8.401387, 0.000000, -4.581982>, Speed 9.56963mps, Strength 0.1
[AirdropContainerFall] Drop Type 'Military East', Container: 'AirdropContainer_Military', Mode/Quantity/Iems: Random/20/33, Flare:  10%
[AirdropContainerFall] Loot Spawned [1] GorkaEJacket_Flat @ <11401.048828, 39.417473, 14379.679688> ... Lifespan: Set to 30 minutes.
[AirdropContainerFall] Loot Spawned [2] CanOpener @ <11404.542969, 39.075787, 14380.872070> ... Lifespan: Set to 30 minutes.
[AirdropContainerFall] Loot Spawned [3] Battery9V @ <11400.919922, 39.340611, 14378.979492> ... Lifespan: Set to 30 minutes.
[AirdropContainerFall] Loot Spawned [4] Binoculars @ <11400.907227, 39.188450, 14377.827148> ... Lifespan: Set to 30 minutes.
[AirdropContainerFall] Loot Spawned [5] TacticalGloves_Black @ <11400.951172, 39.145702, 14377.275391> ... Lifespan: Set to 30 minutes.
[AirdropContainerFall] Loot Spawned [6] WeaponCleaningKit @ <11400.127930, 39.183357, 14376.053711> ... Lifespan: Set to 30 minutes.
[AirdropContainerFall] Loot Spawned [7] GorkaEJacket_Autumn @ <11401.342773, 39.105896, 14376.925781> ... Lifespan: Set to 30 minutes.
[AirdropContainerFall] Loot Spawned [8] AK_RailHndgrd @ <11403.849609, 38.981239, 14379.096680> ... Lifespan: Set to 30 minutes.
[AirdropContainerFall] Loot Spawned [9] AK_Suppressor @ <11401.882813, 39.066055, 14375.927734> ... Lifespan: Set to 30 minutes.
[AirdropContainerFall] Loot Spawned [10] TTSKOPants @ <11402.661133, 38.949848, 14376.493164> ... Lifespan: Set to 30 minutes.
[AirdropContainerFall] Loot Spawned [11] TacticalGloves_Black @ <11404.765625, 38.936321, 14379.639648> ... Lifespan: Set to 30 minutes.
[AirdropContainerFall] Loot Spawned [12] AK_RailHndgrd @ <11404.962891, 38.671246, 14375.947266> ... Lifespan: Set to 30 minutes.
[AirdropContainerFall] Loot Spawned [13] Mag_AKM_30Rnd @ <11400.887695, 39.318104, 14378.780273> ... Lifespan: Set to 30 minutes.
[AirdropContainerFall] Loot Spawned [14] GorkaEJacket_Autumn @ <11399.828125, 39.496231, 14379.198242> ... Lifespan: Set to 30 minutes.
[AirdropContainerFall] Loot Spawned [15] GorkaPants_PautRev @ <11404.540039, 38.727684, 14375.865234> ... Lifespan: Set to 30 minutes.
[AirdropContainerFall] Loot Spawned [16] GorkaPants_PautRev @ <11405.162109, 38.717731, 14378.380859> ... Lifespan: Set to 30 minutes.
[AirdropContainerFall] Loot Spawned [17] AK_RailHndgrd @ <11405.532227, 38.626320, 14378.050781> ... Lifespan: Set to 30 minutes.
[AirdropContainerFall] Loot Spawned [18] GorkaEJacket_Autumn @ <11401.043945, 39.155674, 14376.531250> ... Lifespan: Set to 30 minutes.
[AirdropContainerFall] Loot Spawned [19] TacticalGloves_Black @ <11405.335938, 38.817902, 14379.298828> ... Lifespan: Set to 30 minutes.
[AirdropContainerFall] Loot Spawned [20] TTsKOJacket_Camo @ <11403.930664, 38.788166, 14376.463867> ... Lifespan: Set to 30 minutes.
[AirdropContainerFall] Airdrop Flare Spawned @ <11401.200195, 39.341011, 14379.252930> ... Lifespan: Set to 30 minutes.
[AirdropContainerUnstuck] Container was unstuck.
[~AirdropContainerBase] Container Destroyed on 2021-04-08 @ 20-56-59
