[AirdropBase] Base class created & settings loaded.
[2021-03-11 @ 02-27-19] ----------------------------------------------------------------------------------------------------
[EOnCallAirdrop] Drop zone asigned: Novaya Petrovka <3100.000000, 0.000000, 12840.000000>
[EOnCallAirdrop] Drop zone offset to: <3087.021729, 2438.000000, 12870.001953>
[EOnCallAirdrop] Aircraft spawn point: <16360.000000, 2438.000000, 10299.602539>
[EOnCallAirdrop] Aircraft bearing ... Angle/Bearing: -0.18929° / 100.846°, Text: 'East (101°)'
[EOnCallAirdrop] Aircraft has been dispatched to 'Novaya Petrovka' from the East (101°).
[2021-03-11 @ 02-52-39] ----------------------------------------------------------------------------------------------------
[EOnCallAirdrop] Drop zone asigned: Veresnik <4000.000000, 0.000000, 7850.000000>
[EOnCallAirdrop] Drop zone offset to: <3958.832764, 2438.000000, 7834.351074>
[EOnCallAirdrop] Aircraft spawn point: <16360.000000, 2438.000000, -537.483459>
[EOnCallAirdrop] Aircraft bearing ... Angle/Bearing: -0.596218° / 124.161°, Text: 'South/East (124°)'
[EOnCallAirdrop] Aircraft has been dispatched to 'Veresnik' from the South/East (124°).
[2021-03-11 @ 03-18-00] ----------------------------------------------------------------------------------------------------
[EOnCallAirdrop] Drop zone asigned: Stary/Novy  <6600.000000, 0.000000, 7800.000000>
[EOnCallAirdrop] Drop zone offset to: <6541.479492, 2438.000000, 7734.339355>
[EOnCallAirdrop] Aircraft spawn point: <-1000.000000, 2438.000000, 11331.125977>
[EOnCallAirdrop] Aircraft bearing ... Angle/Bearing: 2.70665° / 294.921°, Text: 'North/West (295°)'
[EOnCallAirdrop] Aircraft has been dispatched to 'Stary/Novy ' from the North/West (295°).
[2021-03-11 @ 03-43-20] ----------------------------------------------------------------------------------------------------
[EOnCallAirdrop] Drop zone asigned: Zelenogorks <1875.000000, 0.000000, 5210.000000>
[EOnCallAirdrop] Drop zone offset to: <1788.986694, 2438.000000, 5257.183105>
[EOnCallAirdrop] Aircraft spawn point: <16360.000000, 2438.000000, 9681.854492>
[EOnCallAirdrop] Aircraft bearing ... Angle/Bearing: 0.29944° / 72.8433°, Text: 'East (73°)'
[EOnCallAirdrop] Aircraft has been dispatched to 'Zelenogorks' from the East (73°).
[2021-03-11 @ 04-08-40] ----------------------------------------------------------------------------------------------------
[EOnCallAirdrop] Drop zone asigned: Balota Airstrip <5025.000000, 0.000000, 2455.000000>
[EOnCallAirdrop] Drop zone offset to: <5103.982422, 2438.000000, 2489.830566>
[EOnCallAirdrop] Aircraft spawn point: <-1000.000000, 2438.000000, 6097.218750>
[EOnCallAirdrop] Aircraft bearing ... Angle/Bearing: 2.59786° / 301.154°, Text: 'North/West (301°)'
[EOnCallAirdrop] Aircraft has been dispatched to 'Balota Airstrip' from the North/West (301°).
[2021-03-11 @ 04-34-00] ----------------------------------------------------------------------------------------------------
[EOnCallAirdrop] Drop zone asigned: Veresnik <4000.000000, 0.000000, 7850.000000>
[EOnCallAirdrop] Drop zone offset to: <4010.732422, 2438.000000, 7895.314453>
[EOnCallAirdrop] Aircraft spawn point: <11640.000000, 2438.000000, -1000.000000>
