[InitializeContainer] Container created on 2021-04-01 @ 10-55-31
[InitializeContainer] Winds: Vector <6.019041, 0.000000, -6.270031>, Speed 8.6915mps, Strength 0.1
[AirdropContainerFall] Drop Type 'Military West', Container: 'AirdropContainer_Military', Mode/Quantity/Iems: Random/20/46, Flare:  10%
[AirdropContainerFall] Loot Spawned [1] KOD_M110_Tan @ <8752.184570, 384.579254, 9272.408203> ... Lifespan: Set to 30 minutes.
[AirdropContainerFall] Loot Spawned [2] AssaultBag_Green @ <8750.959961, 384.608368, 9271.118164> ... Lifespan: Set to 30 minutes.
[AirdropContainerFall] Loot Spawned [3] KOD_M110_Tan @ <8752.785156, 384.652893, 9270.587891> ... Lifespan: Set to 30 minutes.
[AirdropContainerFall] Loot Spawned [4] AmmoBox_45ACP_25Rnd @ <8749.436523, 384.577026, 9271.482422> ... Lifespan: Set to 30 minutes.
[AirdropContainerFall] Loot Spawned [5] TacticalGoggles @ <8751.725586, 384.634216, 9270.690430> ... Lifespan: Set to 30 minutes.
[AirdropContainerFall] Loot Spawned [6] Battery9V @ <8750.532227, 384.579865, 9271.697266> ... Lifespan: Set to 30 minutes.
[AirdropContainerFall] Loot Spawned [7] TacticalGoggles @ <8747.602539, 384.653076, 9268.773438> ... Lifespan: Set to 30 minutes.
[AirdropContainerFall] Loot Spawned [8] UKAssVest_Black @ <8749.416992, 384.716461, 9267.201172> ... Lifespan: Set to 30 minutes.
[AirdropContainerFall] Loot Spawned [9] AK101 @ <8750.324219, 384.576263, 9271.730469> ... Lifespan: Set to 30 minutes.
[AirdropContainerFall] Loot Spawned [10] M4_Suppressor @ <8749.148438, 384.729126, 9266.646484> ... Lifespan: Set to 30 minutes.
[AirdropContainerFall] Loot Spawned [11] UKAssVest_Camo @ <8748.840820, 384.579163, 9271.277344> ... Lifespan: Set to 30 minutes.
[AirdropContainerFall] Loot Spawned [12] AK101 @ <8750.252930, 384.569214, 9271.882813> ... Lifespan: Set to 30 minutes.
[AirdropContainerFall] Loot Spawned [13] AKM @ <8752.976563, 384.686646, 9269.559570> ... Lifespan: Set to 30 minutes.
[AirdropContainerFall] Loot Spawned [14] KOD_M110_Tan @ <8747.196289, 384.593475, 9270.506836> ... Lifespan: Set to 30 minutes.
[AirdropContainerFall] Loot Spawned [15] UniversalLight @ <8753.101563, 384.661957, 9270.429688> ... Lifespan: Set to 30 minutes.
[AirdropContainerFall] Loot Spawned [16] Battery9V @ <8747.040039, 384.660400, 9268.296875> ... Lifespan: Set to 30 minutes.
[AirdropContainerFall] Loot Spawned [17] KOD_M110_Tan @ <8751.974609, 384.685577, 9269.279297> ... Lifespan: Set to 30 minutes.
[AirdropContainerFall] Loot Spawned [18] CanOpener @ <8746.818359, 384.624115, 9269.508789> ... Lifespan: Set to 30 minutes.
[AirdropContainerFall] Loot Spawned [19] AmmoBox_556x45_20Rnd @ <8750.775391, 384.593018, 9271.441406> ... Lifespan: Set to 30 minutes.
[AirdropContainerFall] Loot Spawned [20] CombatKnife @ <8750.041016, 384.744385, 9266.441406> ... Lifespan: Set to 30 minutes.
[AirdropContainerUnstuck] Container was unstuck.
[~AirdropContainerBase] Container Destroyed on 2021-04-01 @ 11-20-31
