[InitializeContainer] Container created on 2021-03-24 @ 09-02-11
[InitializeContainer] Winds: Vector <9.008229, 0.000000, 9.900025>, Speed 13.385mps, Strength 0.1
[AirdropContainerFall] Drop Type 'Misc. Tools', Container: 'RANDOM', Mode/Quantity/Iems: Random/30/54, Flare:  10%
[AirdropContainerFall] Loot Spawned [1] WoodAxe @ <3089.657959, 206.763992, 12764.904297> ... Lifespan: Set to 30 minutes.
[AirdropContainerFall] Loot Spawned [2] CanOpener @ <3092.966797, 206.654419, 12765.615234> ... Lifespan: Set to 30 minutes.
[AirdropContainerFall] Loot Spawned [3] Pliers @ <3089.397705, 206.778351, 12764.458984> ... Lifespan: Set to 30 minutes.
[AirdropContainerFall] Loot Spawned [4] CanOpener @ <3090.340576, 206.733276, 12767.559570> ... Lifespan: Set to 30 minutes.
[AirdropContainerFall] Loot Spawned [5] HuntingKnife @ <3090.168457, 206.741714, 12766.456055> ... Lifespan: Set to 30 minutes.
[AirdropContainerFall] Loot Spawned [6] Compass @ <3092.501953, 206.666397, 12766.704102> ... Lifespan: Set to 30 minutes.
[AirdropContainerFall] Loot Spawned [7] OrienteeringCompass @ <3090.076172, 206.771347, 12763.108398> ... Lifespan: Set to 30 minutes.
[AirdropContainerFall] Loot Spawned [8] SewingKit @ <3090.232666, 206.740051, 12766.317383> ... Lifespan: Set to 30 minutes.
[AirdropContainerFall] Loot Spawned [9] Compass @ <3092.859619, 206.705063, 12761.519531> ... Lifespan: Set to 30 minutes.
[AirdropContainerFall] Loot Spawned [10] SewingKit @ <3090.916992, 206.717941, 12766.394531> ... Lifespan: Set to 30 minutes.
[AirdropContainerFall] Loot Spawned [11] LugWrench @ <3093.997314, 206.663223, 12761.989258> ... Lifespan: Set to 30 minutes.
[AirdropContainerFall] Loot Spawned [12] Spotlight @ <3089.641357, 206.769897, 12764.458984> ... Lifespan: Set to 30 minutes.
[AirdropContainerFall] Loot Spawned [13] CombatKnife @ <3089.563965, 206.771179, 12764.576172> ... Lifespan: Set to 30 minutes.
[AirdropContainerFall] Loot Spawned [14] CanOpener @ <3089.484375, 206.779816, 12764.086914> ... Lifespan: Set to 30 minutes.
[AirdropContainerFall] Loot Spawned [15] OrienteeringCompass @ <3090.285889, 206.763275, 12763.246094> ... Lifespan: Set to 30 minutes.
[AirdropContainerFall] Loot Spawned [16] Battery9V @ <3090.712158, 206.772583, 12761.381836> ... Lifespan: Set to 30 minutes.
[AirdropContainerFall] Loot Spawned [17] Chemlight_Yellow @ <3093.499756, 206.651962, 12764.027344> ... Lifespan: Set to 30 minutes.
[AirdropContainerFall] Loot Spawned [18] Chemlight_Green @ <3091.990723, 206.684570, 12766.023438> ... Lifespan: Set to 30 minutes.
[AirdropContainerFall] Loot Spawned [19] PersonalRadio @ <3091.993408, 206.731155, 12761.557617> ... Lifespan: Set to 30 minutes.
[AirdropContainerFall] Loot Spawned [20] Pickaxe @ <3089.722656, 206.761047, 12764.962891> ... Lifespan: Set to 30 minutes.
[AirdropContainerFall] Loot Spawned [21] Screwdriver @ <3093.141602, 206.696396, 12761.521484> ... Lifespan: Set to 30 minutes.
[AirdropContainerFall] Loot Spawned [22] Roadflare @ <3093.792480, 206.641495, 12764.109375> ... Lifespan: Set to 30 minutes.
[AirdropContainerFall] Loot Spawned [23] Hacksaw @ <3094.007324, 206.629959, 12764.458008> ... Lifespan: Set to 30 minutes.
[AirdropContainerFall] Loot Spawned [24] WoodAxe @ <3093.794678, 206.626892, 12766.000000> ... Lifespan: Set to 30 minutes.
[AirdropContainerFall] Loot Spawned [25] Headtorch_Grey @ <3092.157959, 206.727417, 12761.451172> ... Lifespan: Set to 30 minutes.
[AirdropContainerFall] Loot Spawned [26] ElectronicRepairKit @ <3089.305420, 206.774414, 12765.947266> ... Lifespan: Set to 30 minutes.
[AirdropContainerFall] Loot Spawned [27] Machete @ <3091.256836, 206.706314, 12766.677734> ... Lifespan: Set to 30 minutes.
[AirdropContainerFall] Loot Spawned [28] SteakKnife @ <3092.921143, 206.677414, 12763.506836> ... Lifespan: Set to 30 minutes.
[AirdropContainerFall] Loot Spawned [29] PersonalRadio @ <3090.293213, 206.736694, 12766.849609> ... Lifespan: Set to 30 minutes.
[AirdropContainerFall] Loot Spawned [30] Heatpack @ <3093.408447, 206.672775, 12762.685547> ... Lifespan: Set to 30 minutes.
[AirdropContainerFall] Airdrop Flare Spawned @ <3090.555664, 206.727768, 12767.049805> ... Lifespan: Set to 30 minutes.
[AirdropContainerUnstuck] Container was unstuck.
[~AirdropContainerBase] Container Destroyed on 2021-03-24 @ 09-27-11
