[AirdropBase] Base class created & settings loaded.
[2021-04-29 @ 13-32-07] ----------------------------------------------------------------------------------------------------
[EOnCallAirdrop] Drop zone asigned: Berezino <12450.000000, 0.000000, 9250.000000>
[EOnCallAirdrop] Drop zone offset to: <12418.716797, 2438.000000, 9176.455078>
[EOnCallAirdrop] Aircraft spawn point: <16360.000000, 2438.000000, 2491.390625>
[EOnCallAirdrop] Aircraft bearing ... Angle/Bearing: -1.04632° / 149.95°, Text: 'South/East (150°)'
[EOnCallAirdrop] Aircraft has been dispatched to 'Berezino' from the South/East (150°).
[2021-04-29 @ 14-02-34] ----------------------------------------------------------------------------------------------------
[EOnCallAirdrop] Drop zone asigned: Gorka <8775.000000, 0.000000, 9200.000000>
[EOnCallAirdrop] Drop zone offset to: <8824.905273, 2438.000000, 9233.625000>
[EOnCallAirdrop] Aircraft spawn point: <7476.291504, 2438.000000, 16360.000000>
[EOnCallAirdrop] Aircraft bearing ... Angle/Bearing: 1.75023° / 349.719°, Text: 'North (350°)'
[EOnCallAirdrop] Aircraft has been dispatched to 'Gorka' from the North (350°).
[2021-04-29 @ 14-33-00] ----------------------------------------------------------------------------------------------------
[EOnCallAirdrop] Drop zone asigned: Northwest Airfield <4500.000000, 0.000000, 10350.000000>
[EOnCallAirdrop] Drop zone offset to: <4550.940918, 2438.000000, 10352.571289>
[EOnCallAirdrop] Aircraft spawn point: <-1000.000000, 2438.000000, 12404.502930>
[EOnCallAirdrop] Aircraft bearing ... Angle/Bearing: 2.7841° / 290.483°, Text: 'West (290°)'
[EOnCallAirdrop] Aircraft has been dispatched to 'Northwest Airfield' from the West (290°).
[2021-04-29 @ 15-03-27] ----------------------------------------------------------------------------------------------------
[EOnCallAirdrop] Drop zone asigned: Novodmitrovsk <11475.000000, 0.000000, 14356.000000>
[EOnCallAirdrop] Drop zone offset to: <11418.739258, 2438.000000, 14402.473633>
[EOnCallAirdrop] Aircraft spawn point: <16360.000000, 2438.000000, 12647.152344>
[EOnCallAirdrop] Aircraft bearing ... Angle/Bearing: -0.33651° / 109.281°, Text: 'East (109°)'
[EOnCallAirdrop] Aircraft has been dispatched to 'Novodmitrovsk' from the East (109°).
[2021-04-29 @ 15-33-53] ----------------------------------------------------------------------------------------------------
[EOnCallAirdrop] Drop zone asigned: Northwest Airfield <4500.000000, 0.000000, 10350.000000>
[EOnCallAirdrop] Drop zone offset to: <4502.684082, 2438.000000, 10347.521484>
[EOnCallAirdrop] Aircraft spawn point: <385.430450, 2438.000000, 16360.000000>
[EOnCallAirdrop] Aircraft bearing ... Angle/Bearing: 2.17113° / 325.604°, Text: 'North/West (326°)'
[EOnCallAirdrop] Aircraft has been dispatched to 'Northwest Airfield' from the North/West (326°).
[2021-04-29 @ 16-04-21] ----------------------------------------------------------------------------------------------------
[EOnCallAirdrop] Drop zone asigned: Myshkino <1900.000000, 0.000000, 7600.000000>
[EOnCallAirdrop] Drop zone offset to: <1950.789551, 2438.000000, 7530.344727>
[EOnCallAirdrop] Aircraft spawn point: <11541.457031, 2438.000000, 16360.000000>
[EOnCallAirdrop] Aircraft bearing ... Angle/Bearing: 0.737533° / 47.7425°, Text: 'North/East (48°)'
[EOnCallAirdrop] Aircraft has been dispatched to 'Myshkino' from the North/East (48°).
[2021-04-29 @ 16-34-47] ----------------------------------------------------------------------------------------------------
[EOnCallAirdrop] Drop zone asigned: Stary/Novy  <6600.000000, 0.000000, 7800.000000>
[EOnCallAirdrop] Drop zone offset to: <6614.904297, 2438.000000, 7866.742188>
[EOnCallAirdrop] Aircraft spawn point: <-954.437073, 2438.000000, -1000.000000>
[EOnCallAirdrop] Aircraft bearing ... Angle/Bearing: -2.28018° / 220.645°, Text: 'South/West (221°)'
[EOnCallAirdrop] Aircraft has been dispatched to 'Stary/Novy ' from the South/West (221°).
