[InitializeContainer] Container created on 2021-03-19 @ 17-01-21
[InitializeContainer] Winds: Vector <11.125811, 0.000000, 5.061945>, Speed 12.2232mps, Strength 0.1
[AirdropContainerFall] Drop Type 'Misc. Food', Container: 'RANDOM', Mode/Quantity/Iems: Random/29/30, Flare:  10%
[AirdropContainerFall] Loot Spawned [1] Rice @ <3067.906738, 207.555573, 12768.659180> ... Lifespan: Set to 30 minutes.
[AirdropContainerFall] Loot Spawned [2] KOD_M16A4 @ <3070.941406, 207.440231, 12767.886719> ... Lifespan: Set to 30 minutes.
[AirdropContainerFall] Loot Spawned [3] CaninaBerry @ <3072.889648, 207.370773, 12771.136719> ... Lifespan: Set to 30 minutes.
[AirdropContainerFall] Loot Spawned [4] CaninaBerry @ <3071.306396, 207.426147, 12767.714844> ... Lifespan: Set to 30 minutes.
[AirdropContainerFall] Loot Spawned [5] SpaghettiCan @ <3072.190674, 207.389709, 12766.436523> ... Lifespan: Set to 30 minutes.
[AirdropContainerFall] Loot Spawned [6] GreenBellPepper @ <3069.572754, 207.498825, 12770.987305> ... Lifespan: Set to 30 minutes.
[AirdropContainerFall] Loot Spawned [7] Tomato @ <3073.213379, 207.353836, 12767.826172> ... Lifespan: Set to 30 minutes.
[AirdropContainerFall] Loot Spawned [8] Pumpkin @ <3068.219971, 207.547867, 12770.153320> ... Lifespan: Set to 30 minutes.
[AirdropContainerFall] Loot Spawned [9] SodaCan_Spite @ <3070.395752, 207.467392, 12771.269531> ... Lifespan: Set to 30 minutes.
[AirdropContainerFall] Loot Spawned [10] TunaCan @ <3073.900635, 207.328400, 12768.685547> ... Lifespan: Set to 30 minutes.
[AirdropContainerFall] Loot Spawned [11] Potato @ <3069.946777, 207.476944, 12767.732422> ... Lifespan: Set to 30 minutes.
[AirdropContainerFall] Loot Spawned [12] SpaghettiCan @ <3072.409180, 207.390945, 12772.342773> ... Lifespan: Set to 30 minutes.
[AirdropContainerFall] Loot Spawned [13] PowderedMilk @ <3069.672119, 207.486771, 12767.571289> ... Lifespan: Set to 30 minutes.
[AirdropContainerFall] Loot Spawned [14] SambucusBerry @ <3069.251221, 207.505814, 12768.821289> ... Lifespan: Set to 30 minutes.
[AirdropContainerFall] Loot Spawned [15] TunaCan @ <3070.302002, 207.471451, 12771.610352> ... Lifespan: Set to 30 minutes.
[AirdropContainerFall] Loot Spawned [16] SardinesCan @ <3073.499023, 207.346573, 12770.671875> ... Lifespan: Set to 30 minutes.
[AirdropContainerFall] Loot Spawned [17] Plum @ <3071.002930, 207.444305, 12771.577148> ... Lifespan: Set to 30 minutes.
[AirdropContainerFall] Loot Spawned [18] WaterBottle @ <3072.683838, 207.376328, 12769.343750> ... Lifespan: Set to 30 minutes.
[AirdropContainerFall] Loot Spawned [19] PeachesCan @ <3071.528320, 207.425568, 12772.749023> ... Lifespan: Set to 30 minutes.
[AirdropContainerFall] Loot Spawned [20] BakedBeansCan @ <3069.239746, 207.505997, 12768.731445> ... Lifespan: Set to 30 minutes.
[AirdropContainerFall] Loot Spawned [21] Apple @ <3067.902588, 207.556610, 12768.995117> ... Lifespan: Set to 30 minutes.
[AirdropContainerFall] Loot Spawned [22] Canteen @ <3072.091797, 207.396683, 12767.666016> ... Lifespan: Set to 30 minutes.
[AirdropContainerFall] Loot Spawned [23] Pumpkin @ <3070.167969, 207.476868, 12771.783203> ... Lifespan: Set to 30 minutes.
[AirdropContainerFall] Loot Spawned [24] BoxCerealCrunchin @ <3069.080566, 207.514404, 12769.650391> ... Lifespan: Set to 30 minutes.
[AirdropContainerFall] Loot Spawned [25] KOD_M16A4 @ <3069.536133, 207.499023, 12770.261719> ... Lifespan: Set to 30 minutes.
[AirdropContainerFall] Loot Spawned [26] Lard @ <3071.310059, 207.423279, 12766.690430> ... Lifespan: Set to 30 minutes.
[AirdropContainerFall] Loot Spawned [27] GreenBellPepper @ <3069.296631, 207.498322, 12766.649414> ... Lifespan: Set to 30 minutes.
[AirdropContainerFall] Loot Spawned [28] PowderedMilk @ <3071.262451, 207.428375, 12767.938477> ... Lifespan: Set to 30 minutes.
[AirdropContainerFall] Loot Spawned [29] Pumpkin @ <3068.779785, 207.522980, 12768.661133> ... Lifespan: Set to 30 minutes.
[AirdropContainerUnstuck] Container was unstuck.
[~AirdropContainerBase] Container Destroyed on 2021-03-19 @ 17-26-21
