[AirdropPlane] Aircraft created on 2021-03-20 @ 08-33-46
[InitializeAircraft] Aircraft Initialized: Chernogorsk @ 7400/3500 (true)
[EOnBeforeDrop] The Aircraft is 1 Km from Chernogorsk. @ <6215.783203, 176.874542, 2579.691162>
[EOnDrop] Zombie Spawned [1] ZmbM_HandymanNormal_Grey @ <7341.825195, 8.092466, 3413.710693> ... Lifespan:  Set to 30 minutes.
[EOnDrop] Zombie Spawned [2] ZmbM_HeavyIndustryWorker @ <7318.044922, 10.723728, 3443.030762> ... Lifespan:  Set to 30 minutes.
[EOnDrop] Zombie Spawned [3] ZmbM_HandymanNormal_Blue @ <7299.097168, 13.073367, 3483.058838> ... Lifespan:  Set to 30 minutes.
[EOnDrop] Zombie Spawned [4] ZmbF_BlueCollarFat_Green @ <7325.103027, 10.418298, 3440.285889> ... Lifespan:  Set to 30 minutes.
[EOnDrop] Zombie Spawned [5] ZmbM_ConstrWorkerNormal_Black @ <7328.792480, 6.869623, 3403.037109> ... Lifespan:  Set to 30 minutes.
[EOnDrop] Zombie Spawned [6] ZmbM_MechanicSkinny_Blue @ <7374.224121, 9.904680, 3450.891357> ... Lifespan:  Set to 30 minutes.
[EOnDrop] Zombie Spawned [7] ZmbM_ConstrWorkerNormal_Green @ <7365.477539, 9.644979, 3466.946289> ... Lifespan:  Set to 30 minutes.
[EOnDrop] Zombie Spawned [8] ZmbM_OffshoreWorker_Yellow @ <7311.192383, 10.559334, 3436.326904> ... Lifespan:  Set to 30 minutes.
[EOnDrop] Zombie Spawned [9] ZmbM_OffshoreWorker_Green @ <7311.422852, 12.446679, 3474.539307> ... Lifespan:  Set to 30 minutes.
[EOnDrop] Zombie Spawned [10] ZmbM_OffshoreWorker_Green @ <7365.735840, 9.625875, 3467.562744> ... Lifespan:  Set to 30 minutes.
[EOnDrop] Zombie Spawned [11] ZmbM_HandymanNormal_White @ <7318.664551, 10.423127, 3436.842773> ... Lifespan:  Set to 30 minutes.
[EOnDrop] Zombie Spawned [12] ZmbM_MechanicSkinny_Blue @ <7310.281738, 11.974282, 3460.214844> ... Lifespan:  Set to 30 minutes.
[EOnDrop] Zombie Spawned [13] ZmbF_BlueCollarFat_White @ <7367.644531, 9.800776, 3455.972412> ... Lifespan:  Set to 30 minutes.
[EOnDrop] Zombie Spawned [14] ZmbM_OffshoreWorker_Green @ <7357.854004, 9.969055, 3454.465576> ... Lifespan:  Set to 30 minutes.
[EOnDrop] Zombie Spawned [15] ZmbM_HandymanNormal_Beige @ <7302.840820, 12.228296, 3463.722168> ... Lifespan:  Set to 30 minutes.
[EOnDrop] Zombie Spawned [16] ZmbM_HandymanNormal_White @ <7328.252441, 10.335573, 3440.110840> ... Lifespan:  Set to 30 minutes.
[EOnDrop] Zombie Spawned [17] ZmbM_HeavyIndustryWorker @ <7338.010254, 11.086336, 3461.112305> ... Lifespan:  Set to 30 minutes.
[EOnDrop] Zombie Spawned [18] ZmbF_MechanicNormal_Beige @ <7333.794434, 10.546856, 3448.117920> ... Lifespan:  Set to 30 minutes.
[EOnDrop] Zombie Spawned [19] ZmbM_MechanicSkinny_Red @ <7311.803711, 12.037402, 3462.312500> ... Lifespan:  Set to 30 minutes.
[EOnDrop] Zombie Spawned [20] ZmbM_OffshoreWorker_Green @ <7307.053223, 10.484660, 3433.536621> ... Lifespan:  Set to 30 minutes.
[EOnDrop] Zombie Spawned [21] ZmbM_MechanicSkinny_Blue @ <7354.649414, 10.028956, 3442.844238> ... Lifespan:  Set to 30 minutes.
[EOnDrop] Zombie Spawned [22] ZmbF_MechanicNormal_Orange @ <7318.405273, 11.348346, 3452.208984> ... Lifespan:  Set to 30 minutes.
[EOnDrop] Zombie Spawned [23] ZmbF_MechanicNormal_Grey @ <7352.844727, 9.993062, 3436.768555> ... Lifespan:  Set to 30 minutes.
[EOnDrop] Zombie Spawned [24] ZmbM_MechanicSkinny_Blue @ <7305.722656, 10.408315, 3431.561523> ... Lifespan:  Set to 30 minutes.
[EOnDrop] Zombie Spawned [25] ZmbF_MechanicNormal_Grey @ <7337.402832, 9.891525, 3432.647705> ... Lifespan:  Set to 30 minutes.
[EOnDrop] Zombie Spawned [26] ZmbM_HeavyIndustryWorker @ <7320.742188, 12.204059, 3480.504395> ... Lifespan:  Set to 30 minutes.
[EOnDrop] Zombie Spawned [27] ZmbF_MechanicNormal_Beige @ <7340.163086, 11.167654, 3467.744385> ... Lifespan:  Set to 30 minutes.
[EOnDrop] Zombie Spawned [28] ZmbM_HandymanNormal_Blue @ <7371.299316, 9.975154, 3449.453369> ... Lifespan:  Set to 30 minutes.
[EOnDrop] Zombie Spawned [29] ZmbF_MechanicNormal_Green @ <7314.103027, 12.624717, 3488.870361> ... Lifespan:  Set to 30 minutes.
[EOnDrop] Zombie Spawned [30] ZmbF_BlueCollarFat_White @ <7324.367188, 11.926084, 3470.175293> ... Lifespan:  Set to 30 minutes.
[EOnDrop] Drop spawned with 30 infected at <7329.416016, 148.851929, 3445.076660>.
[EOnDrop] Supplies have been dropped near Chernogorsk.
[EOnBeforeDelete] Aircraft despawned @ <16360.353516, 152.000610, 10461.554688>
[~AirdropPlane] Aircraft destroyed.
