[InitializeContainer] Container created on 2021-04-08 @ 16-51-32
[InitializeContainer] Winds: Vector <10.576076, 0.000000, -1.284414>, Speed 10.6538mps, Strength 0.1
[AirdropContainerFall] Drop Type 'Military East', Container: 'AirdropContainer_Military', Mode/Quantity/Iems: Random/20/33, Flare:  10%
[AirdropContainerFall] Loot Spawned [1] TTsKOJacket_Camo @ <10099.567383, 39.719845, 2529.076172> ... Lifespan: Set to 30 minutes.
[AirdropContainerFall] Loot Spawned [2] AK_RailHndgrd @ <10096.926758, 40.184631, 2527.234131> ... Lifespan: Set to 30 minutes.
[AirdropContainerFall] Loot Spawned [3] UniversalLight @ <10101.640625, 39.574722, 2524.601074> ... Lifespan: Set to 30 minutes.
[AirdropContainerFall] Loot Spawned [4] Canteen @ <10100.962891, 39.652287, 2525.282227> ... Lifespan: Set to 30 minutes.
[AirdropContainerFall] Loot Spawned [5] AmmoBox_762x39_20Rnd @ <10099.954102, 39.676891, 2528.728760> ... Lifespan: Set to 30 minutes.
[AirdropContainerFall] Loot Spawned [6] Mag_AKM_30Rnd @ <10101.647461, 39.487873, 2527.177979> ... Lifespan: Set to 30 minutes.
[AirdropContainerFall] Loot Spawned [7] Battery9V @ <10097.584961, 40.097385, 2526.928711> ... Lifespan: Set to 30 minutes.
[AirdropContainerFall] Loot Spawned [8] AK_Bayonet @ <10096.477539, 40.285984, 2526.189453> ... Lifespan: Set to 30 minutes.
[AirdropContainerFall] Loot Spawned [9] TacticalGloves_Green @ <10099.883789, 39.690334, 2528.656006> ... Lifespan: Set to 30 minutes.
[AirdropContainerFall] Loot Spawned [10] GorkaPants_Summer @ <10098.627930, 40.055477, 2523.477295> ... Lifespan: Set to 30 minutes.
[AirdropContainerFall] Loot Spawned [11] AK101 @ <10099.225586, 39.974350, 2523.335693> ... Lifespan: Set to 30 minutes.
[AirdropContainerFall] Loot Spawned [12] AK101 @ <10097.958008, 40.177402, 2522.452148> ... Lifespan: Set to 30 minutes.
[AirdropContainerFall] Loot Spawned [13] Canteen @ <10098.303711, 40.109501, 2523.169189> ... Lifespan: Set to 30 minutes.
[AirdropContainerFall] Loot Spawned [14] AKM @ <10096.706055, 40.229977, 2526.853516> ... Lifespan: Set to 30 minutes.
[AirdropContainerFall] Loot Spawned [15] GorkaEJacket_Autumn @ <10101.132813, 39.604595, 2525.960938> ... Lifespan: Set to 30 minutes.
[AirdropContainerFall] Loot Spawned [16] TacticalGloves_Green @ <10096.725586, 40.323975, 2523.491699> ... Lifespan: Set to 30 minutes.
[AirdropContainerFall] Loot Spawned [17] GorkaEJacket_PautRev @ <10096.013672, 40.350853, 2526.254150> ... Lifespan: Set to 30 minutes.
[AirdropContainerFall] Loot Spawned [18] GorkaPants_Flat @ <10097.316406, 40.146488, 2526.646729> ... Lifespan: Set to 30 minutes.
[AirdropContainerFall] Loot Spawned [19] TacticalGoggles @ <10099.342773, 39.981880, 2522.447510> ... Lifespan: Set to 30 minutes.
[AirdropContainerFall] Loot Spawned [20] AKM @ <10097.765625, 40.051727, 2527.497803> ... Lifespan: Set to 30 minutes.
[AirdropContainerUnstuck] Container was unstuck.
