[InitializeContainer] Container created on 2021-03-18 @ 21-01-49
[InitializeContainer] Winds: Vector <9.648835, 0.000000, 8.914895>, Speed 13.1368mps, Strength 0.1
[AirdropContainerFall] Drop Type 'Military East', Container: 'AirdropContainer_Military', Mode/Quantity/Iems: Random/20/33, Flare:  10%
[AirdropContainerFall] Loot Spawned [1] AK_RailHndgrd @ <10030.252930, 48.112007, 2541.180420> ... Lifespan: Set to 30 minutes.
[AirdropContainerFall] Loot Spawned [2] GorkaEJacket_Flat @ <10026.119141, 48.459446, 2542.414795> ... Lifespan: Set to 30 minutes.
[AirdropContainerFall] Loot Spawned [3] TacticalGloves_Beige @ <10029.250000, 48.160694, 2542.129395> ... Lifespan: Set to 30 minutes.
[AirdropContainerFall] Loot Spawned [4] AKM @ <10026.976563, 48.744843, 2537.110596> ... Lifespan: Set to 30 minutes.
[AirdropContainerFall] Loot Spawned [5] TTSKOPants @ <10030.503906, 48.084656, 2541.201904> ... Lifespan: Set to 30 minutes.
[AirdropContainerFall] Loot Spawned [6] AK_PlasticBttstck @ <10026.319336, 48.650166, 2539.386475> ... Lifespan: Set to 30 minutes.
[AirdropContainerFall] Loot Spawned [7] AK_RailHndgrd @ <10027.288086, 48.435867, 2541.135986> ... Lifespan: Set to 30 minutes.
[AirdropContainerFall] Loot Spawned [8] AK_RailHndgrd @ <10026.585938, 48.430443, 2542.186523> ... Lifespan: Set to 30 minutes.
[AirdropContainerFall] Loot Spawned [9] GorkaPants_Summer @ <10026.849609, 48.369713, 2542.662842> ... Lifespan: Set to 30 minutes.
[AirdropContainerFall] Loot Spawned [10] AK_PlasticBttstck @ <10025.627930, 48.568604, 2541.519775> ... Lifespan: Set to 30 minutes.
[AirdropContainerFall] Loot Spawned [11] TacticalGloves_Black @ <10030.307617, 48.255280, 2538.803955> ... Lifespan: Set to 30 minutes.
[AirdropContainerFall] Loot Spawned [12] TacticalGloves_Green @ <10026.375977, 48.476818, 2541.807861> ... Lifespan: Set to 30 minutes.
[AirdropContainerFall] Loot Spawned [13] AmmoBox_762x39_20Rnd @ <10029.328125, 48.192009, 2541.457520> ... Lifespan: Set to 30 minutes.
[AirdropContainerFall] Loot Spawned [14] GorkaEJacket_Autumn @ <10027.543945, 48.342438, 2542.116455> ... Lifespan: Set to 30 minutes.
[AirdropContainerFall] Loot Spawned [15] TacticalGoggles @ <10030.463867, 48.203018, 2539.298828> ... Lifespan: Set to 30 minutes.
[AirdropContainerFall] Loot Spawned [16] WeaponCleaningKit @ <10026.934570, 48.580200, 2539.543701> ... Lifespan: Set to 30 minutes.
[AirdropContainerFall] Loot Spawned [17] TTSKOPants @ <10030.350586, 48.173901, 2539.953369> ... Lifespan: Set to 30 minutes.
[AirdropContainerFall] Loot Spawned [18] TacticalGoggles @ <10026.593750, 48.614021, 2539.527344> ... Lifespan: Set to 30 minutes.
[AirdropContainerFall] Loot Spawned [19] TacticalBaconCan @ <10028.193359, 48.561188, 2537.887939> ... Lifespan: Set to 30 minutes.
[AirdropContainerFall] Loot Spawned [20] AmmoBox_762x39_20Rnd @ <10030.308594, 48.377590, 2537.038330> ... Lifespan: Set to 30 minutes.
[AirdropContainerUnstuck] Container was unstuck.
[~AirdropContainerBase] Container Destroyed on 2021-03-18 @ 21-26-47
