[AirdropPlane] Aircraft created on 2021-03-20 @ 00-08-19
[InitializeAircraft] Aircraft Initialized: Balota Airstrip @ 5025/2455 (true)
[EOnBeforeDrop] The Aircraft is 1 Km from Balota Airstrip. @ <6144.803223, 152.000610, 1458.573975>
[EOnDrop] Zombie Spawned [1] ZmbM_PatrolNormal_PautRev @ <5097.692383, 10.000000, 2378.079346> ... Lifespan:  Set to 30 minutes.
[EOnDrop] Zombie Spawned [2] ZmbM_PatrolNormal_Flat @ <5117.629395, 9.681389, 2396.652588> ... Lifespan:  Set to 30 minutes.
[EOnDrop] Zombie Spawned [3] ZmbM_PatrolNormal_Flat @ <5113.917480, 10.100700, 2416.100830> ... Lifespan:  Set to 30 minutes.
[EOnDrop] Zombie Spawned [4] ZmbM_PatrolNormal_PautRev @ <5076.189941, 10.000000, 2395.719238> ... Lifespan:  Set to 30 minutes.
[EOnDrop] Zombie Spawned [5] ZmbM_PatrolNormal_Flat @ <5055.047363, 9.993023, 2406.711670> ... Lifespan:  Set to 30 minutes.
[EOnDrop] Zombie Spawned [6] ZmbM_PatrolNormal_Flat @ <5110.316406, 9.872405, 2412.555420> ... Lifespan:  Set to 30 minutes.
[EOnDrop] Zombie Spawned [7] ZmbM_PatrolNormal_PautRev @ <5107.995605, 10.137899, 2425.504883> ... Lifespan:  Set to 30 minutes.
[EOnDrop] Zombie Spawned [8] ZmbM_PatrolNormal_Summer @ <5103.965820, 10.096462, 2428.779053> ... Lifespan:  Set to 30 minutes.
[EOnDrop] Zombie Spawned [9] ZmbM_PatrolNormal_Autumn @ <5054.534180, 9.870942, 2395.803223> ... Lifespan:  Set to 30 minutes.
[EOnDrop] Zombie Spawned [10] ZmbM_SoldierNormal @ <5045.935547, 9.856979, 2379.127441> ... Lifespan:  Set to 30 minutes.
[EOnDrop] Zombie Spawned [11] ZmbM_PatrolNormal_Summer @ <5084.569824, 10.000000, 2388.303711> ... Lifespan:  Set to 30 minutes.
[EOnDrop] Zombie Spawned [12] ZmbM_PatrolNormal_Summer @ <5038.416504, 9.928428, 2404.809326> ... Lifespan:  Set to 30 minutes.
[EOnDrop] Zombie Spawned [13] ZmbM_PatrolNormal_PautRev @ <5055.445313, 9.999022, 2361.975830> ... Lifespan:  Set to 30 minutes.
[EOnDrop] Zombie Spawned [14] ZmbM_PatrolNormal_Summer @ <5079.373047, 10.000000, 2404.919434> ... Lifespan:  Set to 30 minutes.
[EOnDrop] Zombie Spawned [15] ZmbM_PatrolNormal_Summer @ <5080.751953, 9.845765, 2352.818848> ... Lifespan:  Set to 30 minutes.
[EOnDrop] Zombie Spawned [16] ZmbM_PatrolNormal_PautRev @ <5083.738770, 9.952881, 2369.885742> ... Lifespan:  Set to 30 minutes.
[EOnDrop] Zombie Spawned [17] ZmbM_PatrolNormal_PautRev @ <5076.479492, 10.000000, 2442.232178> ... Lifespan:  Set to 30 minutes.
[EOnDrop] Zombie Spawned [18] ZmbM_PatrolNormal_Summer @ <5096.540039, 10.000000, 2389.114502> ... Lifespan:  Set to 30 minutes.
[EOnDrop] Zombie Spawned [19] ZmbM_PatrolNormal_Autumn @ <5053.064453, 9.980759, 2405.991211> ... Lifespan:  Set to 30 minutes.
[EOnDrop] Zombie Spawned [20] ZmbM_PatrolNormal_Autumn @ <5094.216797, 10.000000, 2401.264404> ... Lifespan:  Set to 30 minutes.
[EOnDrop] Zombie Spawned [21] ZmbM_PatrolNormal_Summer @ <5107.894043, 10.000000, 2377.012451> ... Lifespan:  Set to 30 minutes.
[EOnDrop] Zombie Spawned [22] ZmbM_PatrolNormal_Summer @ <5084.069336, 10.000000, 2393.198242> ... Lifespan:  Set to 30 minutes.
[EOnDrop] Zombie Spawned [23] ZmbM_SoldierNormal @ <5083.799805, 9.972551, 2373.837646> ... Lifespan:  Set to 30 minutes.
[EOnDrop] Zombie Spawned [24] ZmbM_PatrolNormal_Flat @ <5080.681152, 10.000000, 2398.866699> ... Lifespan:  Set to 30 minutes.
[EOnDrop] Zombie Spawned [25] ZmbM_SoldierNormal @ <5095.776367, 10.000000, 2383.120117> ... Lifespan:  Set to 30 minutes.
[EOnDrop] Drop spawned with 25 infected at <5087.169434, 151.064926, 2399.907471>.
[EOnDrop] Supplies have been dropped near Balota Airstrip.
[EOnBeforeDelete] Aircraft despawned @ <-1000.063477, 428.605011, 7817.771973>
[~AirdropPlane] Aircraft destroyed.
