[InitializeContainer] Container created on 2021-04-25 @ 01-34-03
[InitializeContainer] Winds: Vector <11.292169, 0.000000, 3.958620>, Speed 11.9659mps, Strength 0.1
[AirdropContainerFall] Drop Type 'Medical', Container: 'RANDOM', Mode/Quantity/Iems: Random/20/33, Flare:  10%
[AirdropContainerFall] Loot Spawned [1] BloodBagIV @ <1792.911133, 174.878387, 5238.529785> ... Lifespan: Set to 60 minutes.
[AirdropContainerFall] Loot Spawned [2] MedicalScrubsHat_Blue @ <1793.842285, 174.862473, 5237.547363> ... Lifespan: Set to 60 minutes.
[AirdropContainerFall] Loot Spawned [3] BloodBagIV @ <1797.414917, 174.940491, 5236.938965> ... Lifespan: Set to 60 minutes.
[AirdropContainerFall] Loot Spawned [4] SurgicalGloves_White @ <1798.055054, 174.967194, 5237.100586> ... Lifespan: Set to 60 minutes.
[AirdropContainerFall] Loot Spawned [5] MedicalScrubsHat_Green @ <1792.813354, 174.916183, 5239.453613> ... Lifespan: Set to 60 minutes.
[AirdropContainerFall] Loot Spawned [6] MedicalScrubsHat_Green @ <1796.271973, 174.815262, 5234.854492> ... Lifespan: Set to 60 minutes.
[AirdropContainerFall] Loot Spawned [7] MedicalScrubsShirt_Blue @ <1794.512085, 174.745865, 5234.450684> ... Lifespan: Set to 60 minutes.
[AirdropContainerFall] Loot Spawned [8] BloodSyringe @ <1797.960815, 175.021759, 5238.272949> ... Lifespan: Set to 60 minutes.
[AirdropContainerFall] Loot Spawned [9] SurgicalMask @ <1798.035400, 175.015167, 5238.086426> ... Lifespan: Set to 60 minutes.
[AirdropContainerFall] Loot Spawned [10] SurgicalGloves_White @ <1796.811768, 175.016602, 5238.975586> ... Lifespan: Set to 60 minutes.
[AirdropContainerFall] Loot Spawned [11] BandageDressing @ <1796.996582, 174.873337, 5235.691406> ... Lifespan: Set to 60 minutes.
[AirdropContainerFall] Loot Spawned [12] TetracyclineAntibiotics @ <1793.320801, 174.806870, 5236.631348> ... Lifespan: Set to 60 minutes.
[AirdropContainerFall] Loot Spawned [13] PurificationTablets @ <1795.881470, 175.038712, 5240.077148> ... Lifespan: Set to 60 minutes.
[AirdropContainerFall] Loot Spawned [14] SurgicalMask @ <1797.117188, 174.932449, 5236.954590> ... Lifespan: Set to 60 minutes.
[AirdropContainerFall] Loot Spawned [15] Rag @ <1796.721191, 175.114166, 5241.016602> ... Lifespan: Set to 60 minutes.
[AirdropContainerFall] Loot Spawned [16] Epinephrine @ <1796.933838, 175.026459, 5239.089355> ... Lifespan: Set to 60 minutes.
[AirdropContainerFall] Loot Spawned [17] SurgicalGloves_White @ <1796.409668, 174.884415, 5236.333984> ... Lifespan: Set to 60 minutes.
[AirdropContainerFall] Loot Spawned [18] BloodSyringe @ <1795.819214, 174.840103, 5235.720703> ... Lifespan: Set to 60 minutes.
[AirdropContainerFall] Loot Spawned [19] Epinephrine @ <1797.236694, 174.993958, 5238.217773> ... Lifespan: Set to 60 minutes.
[AirdropContainerFall] Loot Spawned [20] MedicalScrubsPants_Blue @ <1793.729370, 174.889130, 5238.228516> ... Lifespan: Set to 60 minutes.
[AirdropContainerUnstuck] Container was unstuck.
[~AirdropContainerBase] Container Destroyed on 2021-04-25 @ 02-04-03
