[InitializeContainer] Container created on 2021-04-26 @ 00-38-52
[InitializeContainer] Winds: Vector <-2.635613, 0.000000, -4.079350>, Speed 4.8567mps, Strength 0.1
[AirdropContainerFall] Drop Type 'Misc. Tools', Container: 'RANDOM', Mode/Quantity/Iems: Random/20/50, Flare:  10%
[AirdropContainerFall] Loot Spawned [1] Matchbox @ <4090.715576, 300.412506, 7831.756836> ... Lifespan: Set to 60 minutes.
[AirdropContainerFall] Loot Spawned [2] CableReel @ <4084.093750, 299.698181, 7819.291992> ... Lifespan: Set to 60 minutes.
[AirdropContainerFall] Loot Spawned [3] Wrench @ <4079.887695, 299.516693, 7819.580078> ... Lifespan: Set to 60 minutes.
[AirdropContainerFall] Loot Spawned [4] WoodAxe @ <4084.675049, 300.311890, 7837.919922> ... Lifespan: Set to 60 minutes.
[AirdropContainerFall] Loot Spawned [5] Chemlight_Green @ <4074.223145, 299.375183, 7822.879395> ... Lifespan: Set to 60 minutes.
[AirdropContainerFall] Loot Spawned [6] Lockpick @ <4087.566406, 299.923645, 7821.514648> ... Lifespan: Set to 60 minutes.
[AirdropContainerFall] Loot Spawned [7] BaseRadio @ <4082.778809, 300.231079, 7838.377930> ... Lifespan: Set to 60 minutes.
[AirdropContainerFall] Loot Spawned [8] BatteryCharger @ <4090.305664, 300.136444, 7824.201660> ... Lifespan: Set to 60 minutes.
[AirdropContainerFall] Loot Spawned [9] ElectronicRepairKit @ <4073.761719, 299.379852, 7823.750000> ... Lifespan: Set to 60 minutes.
[AirdropContainerFall] Loot Spawned [10] Machete @ <4089.884521, 300.090973, 7823.394531> ... Lifespan: Set to 60 minutes.
[AirdropContainerFall] Loot Spawned [11] Crowbar @ <4077.850586, 299.962860, 7837.662109> ... Lifespan: Set to 60 minutes.
[AirdropContainerFall] Loot Spawned [12] Roadflare @ <4091.985352, 300.385895, 7829.100098> ... Lifespan: Set to 60 minutes.
[AirdropContainerFall] Loot Spawned [13] Chemlight_Blue @ <4072.861084, 299.378052, 7825.057129> ... Lifespan: Set to 60 minutes.
[AirdropContainerFall] Loot Spawned [14] WoodAxe @ <4074.067871, 299.697083, 7834.842773> ... Lifespan: Set to 60 minutes.
[AirdropContainerFall] Loot Spawned [15] Roadflare @ <4085.506592, 299.793121, 7820.298340> ... Lifespan: Set to 60 minutes.
[AirdropContainerFall] Loot Spawned [16] OrienteeringCompass @ <4088.865967, 300.015015, 7822.506836> ... Lifespan: Set to 60 minutes.
[AirdropContainerFall] Loot Spawned [17] Heatpack @ <4085.821533, 299.786255, 7819.608398> ... Lifespan: Set to 60 minutes.
[AirdropContainerFall] Loot Spawned [18] BaseRadio @ <4082.850830, 300.219696, 7837.927246> ... Lifespan: Set to 60 minutes.
[AirdropContainerFall] Loot Spawned [19] Chemlight_White @ <4079.062744, 300.013611, 7837.424316> ... Lifespan: Set to 60 minutes.
[AirdropContainerFall] Loot Spawned [20] Screwdriver @ <4074.985840, 299.403717, 7822.735840> ... Lifespan: Set to 60 minutes.
[AirdropContainerUnstuck] Container was unstuck.
[~AirdropContainerBase] Container Destroyed on 2021-04-26 @ 01-00-59
