[AirdropPlane] Aircraft created on 2021-04-18 @ 21-52-14
[InitializeAircraft] Aircraft Initialized: Krasnostav Airstrip @ 12160/12645 (true)
[EOnBeforeDrop] The Aircraft is 1 Km from Krasnostav Airstrip. @ <11696.444336, 198.312820, 14069.968750>
[EOnDrop] Zombie Spawned [1] ZmbM_PatrolNormal_Summer @ <12155.982422, 140.500000, 12730.474609> ... Lifespan:  Set to 30 minutes.
[EOnDrop] Zombie Spawned [2] ZmbM_SoldierNormal @ <12109.698242, 140.500000, 12751.654297> ... Lifespan:  Set to 30 minutes.
[EOnDrop] Zombie Spawned [3] ZmbM_PatrolNormal_Autumn @ <12121.073242, 140.500000, 12721.337891> ... Lifespan:  Set to 30 minutes.
[EOnDrop] Zombie Spawned [4] ZmbM_PatrolNormal_Summer @ <12103.088867, 140.500000, 12729.165039> ... Lifespan:  Set to 30 minutes.
[EOnDrop] Zombie Spawned [5] ZmbM_PatrolNormal_Flat @ <12142.582031, 140.500000, 12691.889648> ... Lifespan:  Set to 30 minutes.
[EOnDrop] Zombie Spawned [6] ZmbM_PatrolNormal_Autumn @ <12124.704102, 140.500000, 12743.938477> ... Lifespan:  Set to 30 minutes.
[EOnDrop] Zombie Spawned [7] ZmbM_PatrolNormal_PautRev @ <12095.815430, 140.500000, 12700.225586> ... Lifespan:  Set to 30 minutes.
[EOnDrop] Zombie Spawned [8] ZmbM_PatrolNormal_Summer @ <12152.710938, 140.500000, 12761.182617> ... Lifespan:  Set to 30 minutes.
[EOnDrop] Zombie Spawned [9] ZmbM_SoldierNormal @ <12134.380859, 140.500000, 12717.442383> ... Lifespan:  Set to 30 minutes.
[EOnDrop] Zombie Spawned [10] ZmbM_SoldierNormal @ <12087.250977, 140.500000, 12729.045898> ... Lifespan:  Set to 30 minutes.
[EOnDrop] Zombie Spawned [11] ZmbM_PatrolNormal_Flat @ <12160.463867, 140.500000, 12745.348633> ... Lifespan:  Set to 30 minutes.
[EOnDrop] Zombie Spawned [12] ZmbM_PatrolNormal_Summer @ <12103.803711, 140.500000, 12708.377930> ... Lifespan:  Set to 30 minutes.
[EOnDrop] Zombie Spawned [13] ZmbM_PatrolNormal_Summer @ <12151.695313, 140.500000, 12713.120117> ... Lifespan:  Set to 30 minutes.
[EOnDrop] Zombie Spawned [14] ZmbM_PatrolNormal_Flat @ <12092.012695, 140.500000, 12752.287109> ... Lifespan:  Set to 30 minutes.
[EOnDrop] Zombie Spawned [15] ZmbM_SoldierNormal @ <12127.402344, 140.500000, 12746.197266> ... Lifespan:  Set to 30 minutes.
[EOnDrop] Zombie Spawned [16] ZmbM_PatrolNormal_Flat @ <12106.281250, 140.500000, 12704.093750> ... Lifespan:  Set to 30 minutes.
[EOnDrop] Zombie Spawned [17] ZmbM_PatrolNormal_Autumn @ <12117.898438, 140.500000, 12751.038086> ... Lifespan:  Set to 30 minutes.
[EOnDrop] Zombie Spawned [18] ZmbM_PatrolNormal_Summer @ <12121.924805, 140.500000, 12728.391602> ... Lifespan:  Set to 30 minutes.
[EOnDrop] Zombie Spawned [19] ZmbM_PatrolNormal_Flat @ <12125.819336, 140.500000, 12742.760742> ... Lifespan:  Set to 30 minutes.
[EOnDrop] Zombie Spawned [20] ZmbM_PatrolNormal_Summer @ <12138.997070, 140.500000, 12743.286133> ... Lifespan:  Set to 30 minutes.
[EOnDrop] Drop spawned with 20 infected at <12131.423828, 281.444519, 12732.282227>.
[EOnDrop] Supplies have been dropped near Krasnostav Airstrip.
[EOnBeforeDelete] Aircraft despawned @ <16360.092773, 152.000610, -269.983551>
[~AirdropPlane] Aircraft destroyed.
