[AirdropPlane] Aircraft created on 2021-03-27 @ 10-27-17
[InitializeAircraft] Aircraft Initialized: Elektrozavodsk @ 10050/2450 (true)
[EOnBeforeDrop] The Aircraft is 1 Km from Elektrozavodsk. @ <10785.284180, 352.538147, 3755.367676>
[EOnDrop] Zombie Spawned [1] ZmbM_ClerkFat_Grey @ <10090.887695, 41.693054, 2519.576660> ... Lifespan:  Set to 30 minutes.
[EOnDrop] Zombie Spawned [2] ZmbF_ParamedicNormal_Blue @ <10045.506836, 49.242550, 2489.150146> ... Lifespan:  Set to 30 minutes.
[EOnDrop] Zombie Spawned [3] ZmbM_Jacket_grey @ <10090.504883, 41.955708, 2505.939697> ... Lifespan:  Set to 30 minutes.
[EOnDrop] Zombie Spawned [4] ZmbM_SkaterYoung_Green @ <10131.323242, 34.239296, 2515.237061> ... Lifespan:  Set to 30 minutes.
[EOnDrop] Zombie Spawned [5] ZmbF_Clerk_Normal_White @ <10088.486328, 41.017303, 2542.957764> ... Lifespan:  Set to 30 minutes.
[EOnDrop] Zombie Spawned [6] ZmbF_ShortSkirt_red @ <10091.544922, 42.191620, 2485.844727> ... Lifespan:  Set to 30 minutes.
[EOnDrop] Zombie Spawned [7] ZmbF_JournalistNormal_Red @ <10102.458008, 40.245098, 2511.863281> ... Lifespan:  Set to 30 minutes.
[EOnDrop] Zombie Spawned [8] ZmbF_PatientOld @ <10101.043945, 39.453163, 2538.987793> ... Lifespan:  Set to 30 minutes.
[EOnDrop] Zombie Spawned [9] ZmbM_CommercialPilotOld_Olive @ <10093.775391, 38.521786, 2560.875732> ... Lifespan:  Set to 30 minutes.
[EOnDrop] Zombie Spawned [10] ZmbM_JournalistSkinny @ <10084.946289, 42.405304, 2518.189209> ... Lifespan:  Set to 30 minutes.
[EOnDrop] Zombie Spawned [11] ZmbM_JoggerSkinny_Blue @ <10061.295898, 43.945007, 2536.093506> ... Lifespan:  Set to 30 minutes.
[EOnDrop] Zombie Spawned [12] ZmbF_ParamedicNormal_Blue @ <10056.897461, 44.612183, 2535.324707> ... Lifespan:  Set to 30 minutes.
[EOnDrop] Zombie Spawned [13] ZmbF_ShortSkirt_brown @ <10081.480469, 41.912766, 2540.552490> ... Lifespan:  Set to 30 minutes.
[EOnDrop] Zombie Spawned [14] ZmbF_Clerk_Normal_Blue @ <10091.371094, 42.106091, 2492.077393> ... Lifespan:  Set to 30 minutes.
[EOnDrop] Zombie Spawned [15] ZmbF_JournalistNormal_Red @ <10050.951172, 46.364201, 2521.464600> ... Lifespan:  Set to 30 minutes.
[EOnDrop] Zombie Spawned [16] ZmbM_ClerkFat_Khaki @ <10065.392578, 43.683510, 2528.034912> ... Lifespan:  Set to 30 minutes.
[EOnDrop] Zombie Spawned [17] ZmbM_Jacket_greenchecks @ <10065.989258, 44.759853, 2512.863525> ... Lifespan:  Set to 30 minutes.
[EOnDrop] Zombie Spawned [18] ZmbM_ParamedicNormal_Red @ <10098.845703, 40.504936, 2524.074951> ... Lifespan:  Set to 30 minutes.
[EOnDrop] Spawn failed for zombie [19] 'ZmbM_JacketNormal_greenchecks', it does not exist in DayZ!
[EOnDrop] Zombie Spawned [20] ZmbF_PoliceWomanNormal @ <10078.675781, 43.942226, 2497.151367> ... Lifespan:  Set to 30 minutes.
[EOnDrop] Drop spawned with 20 infected at <10083.584961, 173.236115, 2512.037598>.
[EOnDrop] Supplies have been dropped near Elektrozavodsk.
[EOnBeforeDelete] Aircraft despawned @ <8100.857910, 152.000610, -1001.268738>
[~AirdropPlane] Aircraft destroyed.
