[InitializeContainer] Container created on 2021-04-24 @ 16-59-00
[InitializeContainer] Winds: Vector <8.347081, 0.000000, -4.635334>, Speed 9.54778mps, Strength 0.1
[AirdropContainerFall] Drop Type 'Military West', Container: 'RANDOM', Mode/Quantity/Iems: Random/20/40, Flare:  10%
[AirdropContainerFall] Loot Spawned [1] TacticalBaconCan @ <10030.086914, 48.618805, 2533.567627> ... Lifespan: Set to 60 minutes.
[AirdropContainerFall] Loot Spawned [2] Rangefinder @ <10027.455078, 48.620167, 2538.245850> ... Lifespan: Set to 60 minutes.
[AirdropContainerFall] Loot Spawned [3] AssaultBag_Black @ <10027.365234, 48.758709, 2536.373047> ... Lifespan: Set to 60 minutes.
[AirdropContainerFall] Loot Spawned [4] MilitaryBoots_Beige @ <10030.945313, 48.558483, 2532.833984> ... Lifespan: Set to 60 minutes.
[AirdropContainerFall] Loot Spawned [5] M4A1 @ <10029.431641, 48.689034, 2533.662598> ... Lifespan: Set to 60 minutes.
[AirdropContainerFall] Loot Spawned [6] Binoculars @ <10031.370117, 48.502613, 2532.971436> ... Lifespan: Set to 60 minutes.
[AirdropContainerFall] Loot Spawned [7] UKAssVest_Black @ <10027.680664, 48.650253, 2537.451172> ... Lifespan: Set to 60 minutes.
[AirdropContainerFall] Loot Spawned [8] UKAssVest_Camo @ <10026.886719, 48.719864, 2537.595215> ... Lifespan: Set to 60 minutes.
[AirdropContainerFall] Loot Spawned [9] Canteen @ <10027.199219, 48.880875, 2534.883545> ... Lifespan: Set to 60 minutes.
[AirdropContainerFall] Loot Spawned [10] UKAssVest_Black @ <10028.307617, 48.599575, 2537.145020> ... Lifespan: Set to 60 minutes.
[AirdropContainerFall] Loot Spawned [11] AssaultBag_Green @ <10031.632813, 48.218319, 2537.144531> ... Lifespan: Set to 60 minutes.
[AirdropContainerFall] Loot Spawned [12] Canteen @ <10029.016602, 48.481297, 2537.678955> ... Lifespan: Set to 60 minutes.
[AirdropContainerFall] Loot Spawned [13] WeaponCleaningKit @ <10029.263672, 48.682644, 2534.154785> ... Lifespan: Set to 60 minutes.
[AirdropContainerFall] Loot Spawned [14] M4A1 @ <10029.233398, 48.694214, 2533.999023> ... Lifespan: Set to 60 minutes.
[AirdropContainerFall] Loot Spawned [15] MilitaryBoots_Bluerock @ <10027.841797, 48.700081, 2536.466064> ... Lifespan: Set to 60 minutes.
[AirdropContainerFall] Loot Spawned [16] M4_RISHndgrd @ <10028.189453, 48.799438, 2534.282959> ... Lifespan: Set to 60 minutes.
[AirdropContainerFall] Loot Spawned [17] CanOpener @ <10028.629883, 48.502846, 2538.007080> ... Lifespan: Set to 60 minutes.
[AirdropContainerFall] Loot Spawned [18] TacticalGloves_Beige @ <10028.344727, 48.556847, 2537.700684> ... Lifespan: Set to 60 minutes.
[AirdropContainerFall] Loot Spawned [19] MilitaryBoots_Brown @ <10027.924805, 48.661499, 2536.884766> ... Lifespan: Set to 60 minutes.
[AirdropContainerFall] Loot Spawned [20] CombatKnife @ <10028.050781, 48.625568, 2537.195557> ... Lifespan: Set to 60 minutes.
[AirdropContainerUnstuck] Container was unstuck.
[~AirdropContainerBase] Container Destroyed on 2021-04-24 @ 17-00-35
