[AirdropBase] Base class created & settings loaded.
[2021-04-04 @ 21-44-23] ----------------------------------------------------------------------------------------------------
[EOnCallAirdrop] Drop zone asigned: Skalisty Island <13575.000000, 0.000000, 3055.000000>
[EOnCallAirdrop] Drop zone offset to: <13558.451172, 2438.000000, 3055.665527>
[EOnCallAirdrop] Aircraft spawn point: <5147.284668, 2438.000000, -1000.000000>
[EOnCallAirdrop] Aircraft bearing ... Angle/Bearing: -2.69314° / 244.305°, Text: 'South/West (244°)'
[EOnCallAirdrop] Aircraft has been dispatched to 'Skalisty Island' from the South/West (244°).
[2021-04-04 @ 22-09-39] ----------------------------------------------------------------------------------------------------
[EOnCallAirdrop] Drop zone asigned: Novodmitrovsk <11475.000000, 0.000000, 14356.000000>
[EOnCallAirdrop] Drop zone offset to: <11474.010742, 2438.000000, 14446.165039>
[EOnCallAirdrop] Aircraft spawn point: <-1000.000000, 2438.000000, 4232.847656>
[EOnCallAirdrop] Aircraft bearing ... Angle/Bearing: -2.45989° / 230.942°, Text: 'South/West (231°)'
[EOnCallAirdrop] Aircraft has been dispatched to 'Novodmitrovsk' from the South/West (231°).
[2021-04-04 @ 22-34-52] ----------------------------------------------------------------------------------------------------
[EOnCallAirdrop] Drop zone asigned: Myshkino <1900.000000, 0.000000, 7600.000000>
[EOnCallAirdrop] Drop zone offset to: <1958.246460, 2438.000000, 7532.101074>
[EOnCallAirdrop] Aircraft spawn point: <16360.000000, 2438.000000, 13681.854492>
[EOnCallAirdrop] Aircraft bearing ... Angle/Bearing: 0.398137° / 67.1884°, Text: 'North/East (67°)'
[EOnCallAirdrop] Aircraft has been dispatched to 'Myshkino' from the North/East (67°).
[2021-04-04 @ 23-00-07] ----------------------------------------------------------------------------------------------------
[EOnCallAirdrop] Drop zone asigned: Northwest Airfield <4500.000000, 0.000000, 10350.000000>
[EOnCallAirdrop] Drop zone offset to: <4488.463867, 2438.000000, 10393.489258>
[EOnCallAirdrop] Aircraft spawn point: <16342.516602, 2438.000000, -1000.000000>
[EOnCallAirdrop] Aircraft bearing ... Angle/Bearing: -0.764165° / 133.783°, Text: 'South/East (134°)'
[EOnCallAirdrop] Aircraft has been dispatched to 'Northwest Airfield' from the South/East (134°).
[2021-04-04 @ 23-25-22] ----------------------------------------------------------------------------------------------------
[EOnCallAirdrop] Drop zone asigned: Zelenogorks <1875.000000, 0.000000, 5210.000000>
[EOnCallAirdrop] Drop zone offset to: <1873.859497, 2438.000000, 5301.203613>
[EOnCallAirdrop] Aircraft spawn point: <-1000.000000, 2438.000000, 13341.192383>
[EOnCallAirdrop] Aircraft bearing ... Angle/Bearing: 1.91065° / 340.528°, Text: 'North (341°)'
[EOnCallAirdrop] Aircraft has been dispatched to 'Zelenogorks' from the North (341°).
[2021-04-04 @ 23-50-37] ----------------------------------------------------------------------------------------------------
[EOnCallAirdrop] Drop zone asigned: Novaya Petrovka <3100.000000, 0.000000, 12840.000000>
[EOnCallAirdrop] Drop zone offset to: <3132.785645, 2438.000000, 12907.871094>
[EOnCallAirdrop] Aircraft spawn point: <1285.033081, 2438.000000, -1000.000000>
[EOnCallAirdrop] Aircraft bearing ... Angle/Bearing: -1.70119° / 187.471°, Text: 'South (187°)'
[EOnCallAirdrop] Aircraft has been dispatched to 'Novaya Petrovka' from the South (187°).
[2021-04-05 @ 00-15-52] ----------------------------------------------------------------------------------------------------
[EOnCallAirdrop] Drop zone asigned: Myshkino <1900.000000, 0.000000, 7600.000000>
[EOnCallAirdrop] Drop zone offset to: <1937.766235, 2438.000000, 7608.139160>
[EOnCallAirdrop] Aircraft spawn point: <12665.166016, 2438.000000, -1000.000000>
[EOnCallAirdrop] Aircraft bearing ... Angle/Bearing: -0.674053° / 128.62°, Text: 'South/East (129°)'
[EOnCallAirdrop] Aircraft has been dispatched to 'Myshkino' from the South/East (129°).
[2021-04-05 @ 00-41-07] ----------------------------------------------------------------------------------------------------
[EOnCallAirdrop] Drop zone asigned: Chernogorsk <7400.000000, 0.000000, 3500.000000>
[EOnCallAirdrop] Drop zone offset to: <7401.938965, 2438.000000, 3522.475830>
[EOnCallAirdrop] Aircraft spawn point: <12211.655273, 2438.000000, 16360.000000>
[EOnCallAirdrop] Aircraft bearing ... Angle/Bearing: 1.21277° / 20.5137°, Text: 'North (21°)'
[EOnCallAirdrop] Aircraft has been dispatched to 'Chernogorsk' from the North (21°).
