[AirdropBase] Base class created & settings loaded.
[2021-04-09 @ 21-27-09] ----------------------------------------------------------------------------------------------------
[EOnCallAirdrop] Drop zone asigned: Northwest Airfield <4500.000000, 0.000000, 10350.000000>
[EOnCallAirdrop] Drop zone offset to: <4509.618164, 2438.000000, 10358.931641>
[EOnCallAirdrop] Aircraft spawn point: <-1000.000000, 2438.000000, 2004.503296>
[EOnCallAirdrop] Aircraft bearing ... Angle/Bearing: -2.1535° / 213.386°, Text: 'South/West (213°)'
[EOnCallAirdrop] Aircraft has been dispatched to 'Northwest Airfield' from the South/West (213°).
[2021-04-09 @ 21-52-22] ----------------------------------------------------------------------------------------------------
[EOnCallAirdrop] Drop zone asigned: Balota Airstrip <5025.000000, 0.000000, 2455.000000>
[EOnCallAirdrop] Drop zone offset to: <5024.338867, 2438.000000, 2473.415283>
[EOnCallAirdrop] Aircraft spawn point: <16360.000000, 2438.000000, 11311.523438>
[EOnCallAirdrop] Aircraft bearing ... Angle/Bearing: 0.663261° / 51.998°, Text: 'North/East (52°)'
[EOnCallAirdrop] Aircraft has been dispatched to 'Balota Airstrip' from the North/East (52°).
[2021-04-09 @ 22-17-33] ----------------------------------------------------------------------------------------------------
[EOnCallAirdrop] Drop zone asigned: Skalisty Island <13575.000000, 0.000000, 3055.000000>
[EOnCallAirdrop] Drop zone offset to: <13557.236328, 2438.000000, 2971.989014>
[EOnCallAirdrop] Aircraft spawn point: <9309.404297, 2438.000000, -1000.000000>
[EOnCallAirdrop] Aircraft bearing ... Angle/Bearing: -2.3815° / 226.45°, Text: 'South/West (226°)'
[EOnCallAirdrop] Aircraft has been dispatched to 'Skalisty Island' from the South/West (226°).
[2021-04-09 @ 22-42-44] ----------------------------------------------------------------------------------------------------
[EOnCallAirdrop] Drop zone asigned: Myshkino <1900.000000, 0.000000, 7600.000000>
[EOnCallAirdrop] Drop zone offset to: <1877.195435, 2438.000000, 7678.231445>
[EOnCallAirdrop] Aircraft spawn point: <16360.000000, 2438.000000, 2610.066162>
[EOnCallAirdrop] Aircraft bearing ... Angle/Bearing: -0.33229° / 109.039°, Text: 'East (109°)'
[EOnCallAirdrop] Aircraft has been dispatched to 'Myshkino' from the East (109°).
[ReplaceAirdropFlare] 'Road Flare' activted in player's hand (frenchy).
[2021-04-09 @ 22-53-52] ----------------------------------------------------------------------------------------------------
[EOnCallAirdrop] Drop zone asigned: Player Called <6568.332031, 339.830414, 9409.448242>
[EOnCallAirdrop] Drop zone offset to: <6529.768555, 2438.000000, 9460.349609>
[EOnCallAirdrop] Aircraft spawn point: <10779.602539, 2438.000000, -1000.000000>
[EOnCallAirdrop] Aircraft bearing ... Angle/Bearing: -1.18636° / 157.974°, Text: 'South (158°)'
[EOnCallAirdrop] Aircraft was dispatched to the player's location (10779.6/-1000) from the South (158°).
[2021-04-09 @ 23-07-53] ----------------------------------------------------------------------------------------------------
[EOnCallAirdrop] Drop zone asigned: Balota Airstrip <5025.000000, 0.000000, 2455.000000>
[EOnCallAirdrop] Drop zone offset to: <5021.338867, 2438.000000, 2478.286377>
[EOnCallAirdrop] Aircraft spawn point: <16360.000000, 2438.000000, 11715.231445>
[EOnCallAirdrop] Aircraft bearing ... Angle/Bearing: 0.684997° / 50.7526°, Text: 'North/East (51°)'
[EOnCallAirdrop] Aircraft has been dispatched to 'Balota Airstrip' from the North/East (51°).
[2021-04-09 @ 23-33-01] ----------------------------------------------------------------------------------------------------
[EOnCallAirdrop] Drop zone asigned: Novaya Petrovka <3100.000000, 0.000000, 12840.000000>
[EOnCallAirdrop] Drop zone offset to: <3130.384277, 2438.000000, 12860.932617>
[EOnCallAirdrop] Aircraft spawn point: <16360.000000, 2438.000000, 2661.986816>
[EOnCallAirdrop] Aircraft bearing ... Angle/Bearing: -0.654653° / 127.509°, Text: 'South/East (128°)'
[EOnCallAirdrop] Aircraft has been dispatched to 'Novaya Petrovka' from the South/East (128°).
[ReplaceAirdropFlare] 'Road Flare' activted in player's hand (frenchy).
[2021-04-09 @ 23-57-43] ----------------------------------------------------------------------------------------------------
[EOnCallAirdrop] Drop zone asigned: Player Called <7777.037109, 316.853668, 6914.841797>
[EOnCallAirdrop] Drop zone offset to: <7772.008301, 2438.000000, 6942.827637>
[EOnCallAirdrop] Aircraft spawn point: <-1000.000000, 2438.000000, 25.695364>
[EOnCallAirdrop] Aircraft bearing ... Angle/Bearing: -2.47612° / 231.871°, Text: 'South/West (232°)'
[EOnCallAirdrop] Aircraft was dispatched to the player's location (-1000/25.6954) from the South/West (232°).
[2021-04-09 @ 23-58-09] ----------------------------------------------------------------------------------------------------
[EOnCallAirdrop] Drop zone asigned: Novaya Petrovka <3100.000000, 0.000000, 12840.000000>
[EOnCallAirdrop] Drop zone offset to: <3113.278564, 2438.000000, 12935.729492>
[EOnCallAirdrop] Aircraft spawn point: <-1000.000000, 2438.000000, 5428.079590>
[EOnCallAirdrop] Aircraft bearing ... Angle/Bearing: -2.07606° / 208.95°, Text: 'South/West (209°)'
[EOnCallAirdrop] Aircraft has been dispatched to 'Novaya Petrovka' from the South/West (209°).
[2021-04-10 @ 00-23-13] ----------------------------------------------------------------------------------------------------
[EOnCallAirdrop] Drop zone asigned: Veresnik <4000.000000, 0.000000, 7850.000000>
[EOnCallAirdrop] Drop zone offset to: <3964.955078, 2438.000000, 7764.720703>
[EOnCallAirdrop] Aircraft spawn point: <6206.887207, 2438.000000, 16360.000000>
[EOnCallAirdrop] Aircraft bearing ... Angle/Bearing: 1.31706° / 14.5382°, Text: 'North (15°)'
[EOnCallAirdrop] Aircraft has been dispatched to 'Veresnik' from the North (15°).
[2021-04-10 @ 00-48-23] ----------------------------------------------------------------------------------------------------
[EOnCallAirdrop] Drop zone asigned: Stary/Novy  <6600.000000, 0.000000, 7800.000000>
[EOnCallAirdrop] Drop zone offset to: <6602.665527, 2438.000000, 7820.639160>
[EOnCallAirdrop] Aircraft spawn point: <4341.986816, 2438.000000, -1000.000000>
[EOnCallAirdrop] Aircraft bearing ... Angle/Bearing: -1.82197° / 194.391°, Text: 'South (194°)'
[EOnCallAirdrop] Aircraft has been dispatched to 'Stary/Novy ' from the South (194°).
