[AirdropPlane] Aircraft created on 2021-04-03 @ 16-48-56
[InitializeAircraft] Aircraft Initialized: Novaya Petrovka @ 3100/12840 (true)
[EOnBeforeDrop] The Aircraft is 1 Km from Novaya Petrovka. @ <4243.626465, 458.967987, 11869.515625>
[EOnDrop] Zombie Spawned [1] ZmbF_JoggerSkinny_Blue @ <3141.101318, 205.671158, 12768.166016> ... Lifespan:  Set to 30 minutes.
[EOnDrop] Zombie Spawned [2] ZmbF_JournalistNormal_White @ <3118.734863, 206.210098, 12808.437500> ... Lifespan:  Set to 30 minutes.
[EOnDrop] Zombie Spawned [3] ZmbM_Jacket_black @ <3133.554199, 205.727158, 12814.857422> ... Lifespan:  Set to 30 minutes.
[EOnDrop] Zombie Spawned [4] ZmbF_CitizenANormal_Brown @ <3119.889648, 206.319427, 12764.545898> ... Lifespan:  Set to 30 minutes.
[EOnDrop] Zombie Spawned [5] ZmbM_ClerkFat_Brown @ <3123.011719, 206.331284, 12756.697266> ... Lifespan:  Set to 30 minutes.
[EOnDrop] Zombie Spawned [6] ZmbF_ShortSkirt_checks @ <3161.560547, 204.783859, 12811.338867> ... Lifespan:  Set to 30 minutes.
[EOnDrop] Zombie Spawned [7] ZmbF_DoctorSkinny @ <3139.206787, 205.826767, 12760.087891> ... Lifespan:  Set to 30 minutes.
[EOnDrop] Zombie Spawned [8] ZmbM_Jacket_brown @ <3181.080566, 204.973114, 12750.833984> ... Lifespan:  Set to 30 minutes.
[EOnDrop] Zombie Spawned [9] ZmbM_CommercialPilotOld_Brown @ <3177.596436, 204.547699, 12793.688477> ... Lifespan:  Set to 30 minutes.
[EOnDrop] Zombie Spawned [10] ZmbM_CitizenBFat_Blue @ <3135.751465, 205.643936, 12817.994141> ... Lifespan:  Set to 30 minutes.
[EOnDrop] Zombie Spawned [11] ZmbM_ParamedicNormal_Black @ <3150.397461, 205.266678, 12785.680664> ... Lifespan:  Set to 30 minutes.
[EOnDrop] Zombie Spawned [12] ZmbF_JournalistNormal_Green @ <3120.731689, 206.194946, 12772.883789> ... Lifespan:  Set to 30 minutes.
[EOnDrop] Zombie Spawned [13] ZmbM_ParamedicNormal_Black @ <3147.465576, 205.301208, 12802.476563> ... Lifespan:  Set to 30 minutes.
[EOnDrop] Zombie Spawned [14] ZmbF_CitizenANormal_Beige @ <3148.476563, 205.209824, 12815.745117> ... Lifespan:  Set to 30 minutes.
[EOnDrop] Zombie Spawned [15] ZmbM_Jacket_brown @ <3157.605713, 204.992432, 12796.080078> ... Lifespan:  Set to 30 minutes.
[EOnDrop] Zombie Spawned [16] ZmbF_Clerk_Normal_Blue @ <3191.990723, 204.145187, 12755.900391> ... Lifespan:  Set to 30 minutes.
[EOnDrop] Zombie Spawned [17] ZmbM_DoctorFat @ <3142.287598, 205.952179, 12739.954102> ... Lifespan:  Set to 30 minutes.
[EOnDrop] Zombie Spawned [18] ZmbM_Jacket_bluechecks @ <3163.654541, 204.823074, 12793.891602> ... Lifespan:  Set to 30 minutes.
[EOnDrop] Zombie Spawned [19] ZmbM_Jacket_brown @ <3118.146729, 206.230179, 12808.795898> ... Lifespan:  Set to 30 minutes.
[EOnDrop] Zombie Spawned [20] ZmbM_Jacket_brown @ <3175.577637, 204.979996, 12751.330078> ... Lifespan:  Set to 30 minutes.
[EOnDrop] Zombie Spawned [21] ZmbF_CitizenBSkinny @ <3179.819092, 204.681046, 12782.599609> ... Lifespan:  Set to 30 minutes.
[EOnDrop] Zombie Spawned [22] ZmbF_ParamedicNormal_Red @ <3159.047852, 205.108353, 12777.741211> ... Lifespan:  Set to 30 minutes.
[EOnDrop] Zombie Spawned [23] ZmbF_ShortSkirt_stripes @ <3165.871338, 204.797913, 12790.857422> ... Lifespan:  Set to 30 minutes.
[EOnDrop] Zombie Spawned [24] ZmbM_CommercialPilotOld_Blue @ <3170.879639, 204.837616, 12781.881836> ... Lifespan:  Set to 30 minutes.
[EOnDrop] Zombie Spawned [25] ZmbM_SkaterYoung_Blue @ <3161.819092, 204.847092, 12799.143555> ... Lifespan:  Set to 30 minutes.
[EOnDrop] Drop spawned with 25 infected at <3157.918945, 348.320831, 12787.166992>.
[EOnDrop] Supplies have been dropped near Novaya Petrovka.
[EOnBeforeDelete] Aircraft despawned @ <-1000.772400, 600.632263, 16302.132813>
[~AirdropPlane] Aircraft destroyed.
