[InitializeContainer] Container created on 2021-03-14 @ 19-56-39
[InitializeContainer] Winds: Vector <11.352521, 0.000000, 2.751888>, Speed 11.6813mps, Strength 0.1
[AirdropContainerFall] Drop Type 'Military East', Container: 'AirdropContainer_Military', Mode/Quantity/Iems: Random/20/33, Flare:  10%
[AirdropContainerFall] Loot Spawned [1] Battery9V @ <4498.482910, 293.187439, 6424.459473> ... Lifespan: Set to 60 minutes.
[AirdropContainerFall] Loot Spawned [2] AKM @ <4497.745117, 293.293488, 6429.100586> ... Lifespan: Set to 60 minutes.
[AirdropContainerFall] Loot Spawned [3] TTsKOJacket_Camo @ <4495.541504, 293.465790, 6424.659180> ... Lifespan: Set to 60 minutes.
[AirdropContainerFall] Loot Spawned [4] AK101 @ <4498.271484, 293.225281, 6423.580078> ... Lifespan: Set to 60 minutes.
[AirdropContainerFall] Loot Spawned [5] TacticalGloves_Beige @ <4497.296387, 293.331879, 6422.934082> ... Lifespan: Set to 60 minutes.
[AirdropContainerFall] Loot Spawned [6] GorkaEJacket_Autumn @ <4497.476563, 293.270050, 6428.280273> ... Lifespan: Set to 60 minutes.
[AirdropContainerFall] Loot Spawned [7] TTSKOPants @ <4500.302734, 292.957062, 6427.775879> ... Lifespan: Set to 60 minutes.
[AirdropContainerFall] Loot Spawned [8] AKM @ <4496.241699, 293.381653, 6428.164063> ... Lifespan: Set to 60 minutes.
[AirdropContainerFall] Loot Spawned [9] AK_RailHndgrd @ <4499.553711, 293.029114, 6427.235840> ... Lifespan: Set to 60 minutes.
[AirdropContainerFall] Loot Spawned [10] Binoculars @ <4498.483887, 293.211945, 6423.228027> ... Lifespan: Set to 60 minutes.
[AirdropContainerFall] Loot Spawned [11] AK_RailHndgrd @ <4498.583008, 293.195892, 6423.557129> ... Lifespan: Set to 60 minutes.
[AirdropContainerFall] Loot Spawned [12] TacticalGoggles @ <4496.620117, 293.377350, 6423.906250> ... Lifespan: Set to 60 minutes.
[AirdropContainerFall] Loot Spawned [13] GorkaPants_Summer @ <4499.179688, 293.067657, 6427.103027> ... Lifespan: Set to 60 minutes.
[AirdropContainerFall] Loot Spawned [14] TacticalGloves_Black @ <4499.307129, 293.106110, 6424.569824> ... Lifespan: Set to 60 minutes.
[AirdropContainerFall] Loot Spawned [15] TacticalGoggles @ <4499.257324, 293.096222, 6428.231445> ... Lifespan: Set to 60 minutes.
[AirdropContainerFall] Loot Spawned [16] GorkaEJacket_Autumn @ <4494.535156, 293.544739, 6425.545410> ... Lifespan: Set to 60 minutes.
[AirdropContainerFall] Loot Spawned [17] AK_PlasticBttstck @ <4496.308105, 293.434082, 6422.637207> ... Lifespan: Set to 60 minutes.
[AirdropContainerFall] Loot Spawned [18] TacticalGloves_Green @ <4495.647949, 293.450928, 6424.893066> ... Lifespan: Set to 60 minutes.
[AirdropContainerFall] Loot Spawned [19] AK_Suppressor @ <4500.800781, 292.945526, 6425.215332> ... Lifespan: Set to 60 minutes.
[AirdropContainerFall] Loot Spawned [20] GorkaPants_Summer @ <4499.467285, 293.032227, 6427.495605> ... Lifespan: Set to 60 minutes.
[AirdropContainerUnstuck] Container was unstuck.
[~AirdropContainerBase] Container Destroyed on 2021-03-14 @ 20-21-39
