[InitializeContainer] Container created on 2021-05-02 @ 23-36-06
[InitializeContainer] Winds: Vector <8.242442, 0.000000, 10.869612>, Speed 13.6413mps, Strength 0.1
[AirdropContainerFall] Drop Type 'Military East', Container: 'RANDOM', Mode/Quantity/Iems: Random/20/28, Flare:  10%
[AirdropContainerFall] Loot Spawned [1] GorkaEJacket_Summer @ <4932.463379, 9.501000, 2465.717041> ... Lifespan: Set to 60 minutes.
[AirdropContainerFall] Loot Spawned [2] Canteen @ <4933.768555, 9.501000, 2467.984863> ... Lifespan: Set to 60 minutes.
[AirdropContainerFall] Loot Spawned [3] AmmoBox_762x39_20Rnd @ <4933.502930, 9.501000, 2464.892090> ... Lifespan: Set to 60 minutes.
[AirdropContainerFall] Loot Spawned [4] Mag_AKM_30Rnd @ <4933.575195, 9.501000, 2466.515869> ... Lifespan: Set to 60 minutes.
[AirdropContainerFall] Loot Spawned [5] TacticalGloves_Black @ <4932.597168, 9.501000, 2465.609375> ... Lifespan: Set to 60 minutes.
[AirdropContainerFall] Loot Spawned [6] TacticalGloves_Beige @ <4930.815430, 9.501000, 2467.192139> ... Lifespan: Set to 60 minutes.
[AirdropContainerFall] Loot Spawned [7] GorkaEJacket_PautRev @ <4930.461426, 9.501000, 2467.618652> ... Lifespan: Set to 60 minutes.
[AirdropContainerFall] Loot Spawned [8] WeaponCleaningKit @ <4934.343750, 9.501000, 2470.149414> ... Lifespan: Set to 60 minutes.
[AirdropContainerFall] Loot Spawned [9] GorkaEJacket_Autumn @ <4930.454102, 9.501000, 2469.263672> ... Lifespan: Set to 60 minutes.
[AirdropContainerFall] Loot Spawned [10] Mag_AKM_30Rnd @ <4935.178223, 9.501000, 2468.426025> ... Lifespan: Set to 60 minutes.
[AirdropContainerFall] Loot Spawned [11] GorkaEJacket_Summer @ <4934.615234, 9.501000, 2465.598145> ... Lifespan: Set to 60 minutes.
[AirdropContainerFall] Loot Spawned [12] TacticalGloves_Green @ <4931.756836, 9.501000, 2470.690918> ... Lifespan: Set to 60 minutes.
[AirdropContainerFall] Loot Spawned [13] GorkaEJacket_Flat @ <4932.547852, 9.501000, 2466.009033> ... Lifespan: Set to 60 minutes.
[AirdropContainerFall] Loot Spawned [14] GorkaPants_Flat @ <4933.574219, 9.501000, 2470.029297> ... Lifespan: Set to 60 minutes.
[AirdropContainerFall] Loot Spawned [15] GorkaEJacket_Summer @ <4930.542969, 9.501000, 2465.413574> ... Lifespan: Set to 60 minutes.
[AirdropContainerFall] Loot Spawned [16] TacticalGloves_Black @ <4931.862305, 9.501000, 2465.503662> ... Lifespan: Set to 60 minutes.
[AirdropContainerFall] Loot Spawned [17] CanOpener @ <4933.770020, 9.501000, 2468.971191> ... Lifespan: Set to 60 minutes.
[AirdropContainerFall] Loot Spawned [18] Binoculars @ <4928.993164, 9.501000, 2467.044922> ... Lifespan: Set to 60 minutes.
[AirdropContainerFall] Loot Spawned [19] TacticalGloves_Green @ <4934.827637, 9.501000, 2468.731201> ... Lifespan: Set to 60 minutes.
[AirdropContainerFall] Loot Spawned [20] AK_PlasticBttstck @ <4930.221191, 9.501000, 2467.337891> ... Lifespan: Set to 60 minutes.
[AirdropContainerUnstuck] Container was unstuck.
[~AirdropContainerBase] Container Destroyed on 2021-05-03 @ 00-06-06
