[InitializeContainer] Container created on 2021-04-14 @ 03-11-05
[InitializeContainer] Winds: Vector <-0.029995, 0.000000, -6.486683>, Speed 6.48675mps, Strength 0.1
[AirdropContainerFall] Drop Type 'Misc. Food', Container: 'RANDOM', Mode/Quantity/Iems: Random/29/30, Flare:  10%
[AirdropContainerFall] Loot Spawned [1] Canteen @ <5031.662109, 9.636009, 2541.778076> ... Lifespan: Set to 30 minutes.
[AirdropContainerFall] Loot Spawned [2] AK101 @ <5032.009766, 9.612403, 2541.882080> ... Lifespan: Set to 30 minutes.
[AirdropContainerFall] Loot Spawned [3] PeachesCan @ <5030.325684, 9.605409, 2545.830811> ... Lifespan: Set to 30 minutes.
[AirdropContainerFall] Loot Spawned [4] KOD_M16A4 @ <5029.308105, 9.762815, 2542.686035> ... Lifespan: Set to 30 minutes.
[AirdropContainerFall] Loot Spawned [5] Potato @ <5030.062012, 9.612800, 2545.631348> ... Lifespan: Set to 30 minutes.
[AirdropContainerFall] Loot Spawned [6] KOD_DVL10 @ <5028.362305, 9.769058, 2543.891113> ... Lifespan: Set to 30 minutes.
[AirdropContainerFall] Loot Spawned [7] SodaCan_Pipsi @ <5030.079590, 9.641002, 2544.355957> ... Lifespan: Set to 30 minutes.
[AirdropContainerFall] Loot Spawned [8] WaterBottle @ <5029.120117, 9.799420, 2541.540527> ... Lifespan: Set to 30 minutes.
[AirdropContainerFall] Loot Spawned [9] Canteen @ <5031.541992, 9.647199, 2541.565918> ... Lifespan: Set to 30 minutes.
[AirdropContainerFall] Loot Spawned [10] WaterBottle @ <5029.920410, 9.618792, 2545.146484> ... Lifespan: Set to 30 minutes.
[AirdropContainerFall] Loot Spawned [11] BakedBeansCan @ <5030.142090, 9.742659, 2541.119629> ... Lifespan: Set to 30 minutes.
[AirdropContainerFall] Loot Spawned [12] TunaCan @ <5033.632324, 9.513745, 2543.042480> ... Lifespan: Set to 30 minutes.
[AirdropContainerFall] Loot Spawned [13] Plum @ <5031.564941, 9.650362, 2541.300781> ... Lifespan: Set to 30 minutes.
[AirdropContainerFall] Loot Spawned [14] Potato @ <5032.893066, 9.539438, 2544.878906> ... Lifespan: Set to 30 minutes.
[AirdropContainerFall] Loot Spawned [15] Lard @ <5033.655273, 9.511634, 2543.232422> ... Lifespan: Set to 30 minutes.
[AirdropContainerFall] Loot Spawned [16] SodaCan_Cola @ <5031.486328, 9.570620, 2547.131836> ... Lifespan: Set to 30 minutes.
[AirdropContainerFall] Loot Spawned [17] AK101 @ <5030.744629, 9.705868, 2541.064209> ... Lifespan: Set to 30 minutes.
[AirdropContainerFall] Loot Spawned [18] Plum @ <5030.549805, 9.725336, 2540.646240> ... Lifespan: Set to 30 minutes.
[AirdropContainerFall] Loot Spawned [19] Canteen @ <5029.270020, 9.679363, 2544.636719> ... Lifespan: Set to 30 minutes.
[AirdropContainerFall] Loot Spawned [20] BakedBeansCan @ <5031.814941, 9.565629, 2546.588379> ... Lifespan: Set to 30 minutes.
[AirdropContainerFall] Loot Spawned [21] Plum @ <5033.992676, 9.505150, 2542.344482> ... Lifespan: Set to 30 minutes.
[AirdropContainerFall] Loot Spawned [22] Pear @ <5034.007813, 9.483109, 2545.408447> ... Lifespan: Set to 30 minutes.
[AirdropContainerFall] Loot Spawned [23] Apple @ <5034.020508, 9.495849, 2542.904541> ... Lifespan: Set to 30 minutes.
[AirdropContainerFall] Loot Spawned [24] PowderedMilk @ <5029.521484, 9.666263, 2544.576416> ... Lifespan: Set to 30 minutes.
[AirdropContainerFall] Loot Spawned [25] TunaCan @ <5033.308105, 9.527841, 2543.316406> ... Lifespan: Set to 30 minutes.
[AirdropContainerFall] Loot Spawned [26] AK101 @ <5033.621582, 9.518453, 2542.464844> ... Lifespan: Set to 30 minutes.
[AirdropContainerFall] Loot Spawned [27] Apple @ <5031.723145, 9.626274, 2542.117920> ... Lifespan: Set to 30 minutes.
[AirdropContainerFall] Loot Spawned [28] Tomato @ <5034.120117, 9.484152, 2544.199463> ... Lifespan: Set to 30 minutes.
[AirdropContainerFall] Loot Spawned [29] Zucchini @ <5029.809082, 9.762340, 2541.188965> ... Lifespan: Set to 30 minutes.
[AirdropContainerUnstuck] Container was unstuck.
[~AirdropContainerBase] Container Destroyed on 2021-04-14 @ 03-36-05
