[InitializeContainer] Container created on 2021-04-17 @ 20-51-06
[InitializeContainer] Winds: Vector <9.491153, 0.000000, -3.288128>, Speed 10.0446mps, Strength 0.1
[AirdropContainerFall] Drop Type 'Misc. Food', Container: 'RANDOM', Mode/Quantity/Iems: Random/29/30, Flare:  10%
[AirdropContainerFall] Loot Spawned [1] Tomato @ <8727.687500, 386.598236, 9253.444336> ... Lifespan: Set to 30 minutes.
[AirdropContainerFall] Loot Spawned [2] Canteen @ <8725.893555, 386.703674, 9252.651367> ... Lifespan: Set to 30 minutes.
[AirdropContainerFall] Loot Spawned [3] SodaCan_Kvass @ <8726.203125, 386.765533, 9249.573242> ... Lifespan: Set to 30 minutes.
[AirdropContainerFall] Loot Spawned [4] SodaCan_Kvass @ <8726.845703, 386.682465, 9251.444336> ... Lifespan: Set to 30 minutes.
[AirdropContainerFall] Loot Spawned [5] WaterBottle @ <8726.429688, 386.710785, 9251.076172> ... Lifespan: Set to 30 minutes.
[AirdropContainerFall] Loot Spawned [6] GreenBellPepper @ <8730.642578, 386.531189, 9249.794922> ... Lifespan: Set to 30 minutes.
[AirdropContainerFall] Loot Spawned [7] SodaCan_Kvass @ <8730.819336, 386.546722, 9248.668945> ... Lifespan: Set to 30 minutes.
[AirdropContainerFall] Loot Spawned [8] Canteen @ <8726.348633, 386.804993, 9247.873047> ... Lifespan: Set to 30 minutes.
[AirdropContainerFall] Loot Spawned [9] Pumpkin @ <8729.201172, 386.574615, 9251.052734> ... Lifespan: Set to 30 minutes.
[AirdropContainerFall] Loot Spawned [10] Potato @ <8727.656250, 386.717712, 9248.375977> ... Lifespan: Set to 30 minutes.
[AirdropContainerFall] Loot Spawned [11] Rice @ <8729.163086, 386.581482, 9250.819336> ... Lifespan: Set to 30 minutes.
[AirdropContainerFall] Loot Spawned [12] AKM @ <8730.267578, 386.564209, 9249.089844> ... Lifespan: Set to 30 minutes.
[AirdropContainerFall] Loot Spawned [13] SambucusBerry @ <8730.255859, 386.520264, 9251.176758> ... Lifespan: Set to 30 minutes.
[AirdropContainerFall] Loot Spawned [14] AKM @ <8726.001953, 386.779388, 9249.479492> ... Lifespan: Set to 30 minutes.
[AirdropContainerFall] Loot Spawned [15] Apple @ <8730.177734, 386.591461, 9248.012695> ... Lifespan: Set to 30 minutes.
[AirdropContainerFall] Loot Spawned [16] Tomato @ <8725.273438, 386.771454, 9251.220703> ... Lifespan: Set to 30 minutes.
[AirdropContainerFall] Loot Spawned [17] BoxCerealCrunchin @ <8724.835938, 386.808441, 9250.776367> ... Lifespan: Set to 30 minutes.
[AirdropContainerFall] Loot Spawned [18] TacticalBaconCan @ <8724.855469, 386.820770, 9250.296875> ... Lifespan: Set to 30 minutes.
[AirdropContainerFall] Loot Spawned [19] Apple @ <8726.346680, 386.800293, 9248.043945> ... Lifespan: Set to 30 minutes.
[AirdropContainerFall] Loot Spawned [20] Apple @ <8728.839844, 386.634552, 9249.077148> ... Lifespan: Set to 30 minutes.
[AirdropContainerFall] Loot Spawned [21] PowderedMilk @ <8727.115234, 386.629974, 9253.280273> ... Lifespan: Set to 30 minutes.
[AirdropContainerFall] Loot Spawned [22] KOD_M16A4 @ <8725.280273, 386.789001, 9250.582031> ... Lifespan: Set to 30 minutes.
[AirdropContainerFall] Loot Spawned [23] Plum @ <8730.118164, 386.556732, 9249.775391> ... Lifespan: Set to 30 minutes.
[AirdropContainerFall] Loot Spawned [24] KOD_M16A4 @ <8724.478516, 386.869995, 9249.291016> ... Lifespan: Set to 30 minutes.
[AirdropContainerFall] Loot Spawned [25] Pear @ <8726.511719, 386.678650, 9252.394531> ... Lifespan: Set to 30 minutes.
[AirdropContainerFall] Loot Spawned [26] SardinesCan @ <8727.834961, 386.717804, 9248.013672> ... Lifespan: Set to 30 minutes.
[AirdropContainerFall] Loot Spawned [27] SodaCan_Pipsi @ <8728.716797, 386.573578, 9252.219727> ... Lifespan: Set to 30 minutes.
[AirdropContainerFall] Loot Spawned [28] Plum @ <8728.562500, 386.592773, 9251.678711> ... Lifespan: Set to 30 minutes.
[AirdropContainerFall] Loot Spawned [29] BoxCerealCrunchin @ <8728.817383, 386.675354, 9247.565430> ... Lifespan: Set to 30 minutes.
[AirdropContainerFall] Airdrop Flare Spawned @ <8731.035156, 386.513184, 9249.754883> ... Lifespan: Set to 30 minutes.
[AirdropContainerUnstuck] Container was unstuck.
