[InitializeContainer] Container created on 2021-03-22 @ 21-51-42
[InitializeContainer] Winds: Vector <11.345781, 0.000000, 3.175901>, Speed 11.7819mps, Strength 0.1
[AirdropContainerFall] Drop Type 'Misc. Tools', Container: 'RANDOM', Mode/Quantity/Iems: Random/30/54, Flare:  10%
[AirdropContainerFall] Loot Spawned [1] Wrench @ <10092.437500, 40.913345, 2523.601318> ... Lifespan: Set to 30 minutes.
[AirdropContainerFall] Loot Spawned [2] PortableGasLamp @ <10089.680664, 41.309158, 2521.751709> ... Lifespan: Set to 30 minutes.
[AirdropContainerFall] Loot Spawned [3] Spotlight @ <10093.691406, 40.834961, 2519.593262> ... Lifespan: Set to 30 minutes.
[AirdropContainerFall] Loot Spawned [4] BatteryCharger @ <10092.275391, 41.016220, 2519.587891> ... Lifespan: Set to 30 minutes.
[AirdropContainerFall] Loot Spawned [5] SewingKit @ <10093.180664, 40.853756, 2522.049316> ... Lifespan: Set to 30 minutes.
[AirdropContainerFall] Loot Spawned [6] Hammer @ <10093.308594, 40.855953, 2521.151123> ... Lifespan: Set to 30 minutes.
[AirdropContainerFall] Loot Spawned [7] Matchbox @ <10092.310547, 41.009937, 2519.702393> ... Lifespan: Set to 30 minutes.
[AirdropContainerFall] Loot Spawned [8] BatteryCharger @ <10093.448242, 40.752110, 2524.492920> ... Lifespan: Set to 30 minutes.
[AirdropContainerFall] Loot Spawned [9] KOD_M16A4 @ <10091.735352, 41.080544, 2519.889160> ... Lifespan: Set to 30 minutes.
[AirdropContainerFall] Loot Spawned [10] Compass @ <10093.172852, 40.815224, 2523.531494> ... Lifespan: Set to 30 minutes.
[AirdropContainerFall] Loot Spawned [11] Binoculars @ <10090.867188, 41.190060, 2519.994873> ... Lifespan: Set to 30 minutes.
[AirdropContainerFall] Loot Spawned [12] Chemlight_Yellow @ <10093.135742, 40.851688, 2522.355469> ... Lifespan: Set to 30 minutes.
[AirdropContainerFall] Loot Spawned [13] CombatKnife @ <10094.216797, 40.665470, 2523.824219> ... Lifespan: Set to 30 minutes.
[AirdropContainerFall] Loot Spawned [14] Wrench @ <10089.634766, 41.258289, 2524.790527> ... Lifespan: Set to 30 minutes.
[AirdropContainerFall] Loot Spawned [15] FirefighterAxe @ <10088.721680, 41.422371, 2522.259521> ... Lifespan: Set to 30 minutes.
[AirdropContainerFall] Loot Spawned [16] Pickaxe @ <10089.961914, 41.217495, 2524.728516> ... Lifespan: Set to 30 minutes.
[AirdropContainerFall] Loot Spawned [17] LeatherSewingKit @ <10090.411133, 41.180717, 2523.622559> ... Lifespan: Set to 30 minutes.
[AirdropContainerFall] Loot Spawned [18] OrienteeringCompass @ <10089.238281, 41.354183, 2522.371826> ... Lifespan: Set to 30 minutes.
[AirdropContainerFall] Loot Spawned [19] WeaponCleaningKit @ <10092.303711, 40.921898, 2523.962158> ... Lifespan: Set to 30 minutes.
[AirdropContainerFall] Loot Spawned [20] CableReel @ <10091.484375, 41.104507, 2520.341309> ... Lifespan: Set to 30 minutes.
[AirdropContainerFall] Loot Spawned [21] CableReel @ <10089.199219, 41.325306, 2524.182373> ... Lifespan: Set to 30 minutes.
[AirdropContainerFall] Loot Spawned [22] Headtorch_Grey @ <10088.708008, 41.418884, 2522.540771> ... Lifespan: Set to 30 minutes.
[AirdropContainerFall] Loot Spawned [23] Flashlight @ <10091.230469, 41.140926, 2520.135498> ... Lifespan: Set to 30 minutes.
[AirdropContainerFall] Loot Spawned [24] KitchenKnife @ <10094.376953, 40.668404, 2522.897217> ... Lifespan: Set to 30 minutes.
[AirdropContainerFall] Loot Spawned [25] ElectronicRepairKit @ <10091.972656, 40.950016, 2524.598145> ... Lifespan: Set to 30 minutes.
[AirdropContainerFall] Loot Spawned [26] Pickaxe @ <10093.258789, 40.860130, 2521.266602> ... Lifespan: Set to 30 minutes.
[AirdropContainerFall] Loot Spawned [27] Pliers @ <10089.468750, 41.320866, 2522.574463> ... Lifespan: Set to 30 minutes.
[AirdropContainerFall] Loot Spawned [28] BaseRadio @ <10091.436523, 41.044281, 2523.799316> ... Lifespan: Set to 30 minutes.
[AirdropContainerFall] Loot Spawned [29] Chemlight_White @ <10092.718750, 40.967400, 2519.094238> ... Lifespan: Set to 30 minutes.
[AirdropContainerFall] Loot Spawned [30] Pliers @ <10092.839844, 40.940456, 2519.811279> ... Lifespan: Set to 30 minutes.
[AirdropContainerUnstuck] Container was unstuck.
