[AirdropPlane] Aircraft created on 2021-03-25 @ 03-18-34
[InitializeAircraft] Aircraft Initialized: Berezino @ 12450/9250 (true)
[EOnBeforeDrop] The Aircraft is 1 Km from Berezino. @ <11653.329102, 397.042145, 7979.806152>
[EOnDrop] Zombie Spawned [1] ZmbM_OffshoreWorker_Yellow @ <12388.213867, 26.509258, 9181.077148> ... Lifespan:  Set to 30 minutes.
[EOnDrop] Zombie Spawned [2] ZmbM_HandymanNormal_Grey @ <12403.837891, 24.349648, 9178.926758> ... Lifespan:  Set to 30 minutes.
[EOnDrop] Zombie Spawned [3] ZmbF_MechanicNormal_Grey @ <12412.504883, 24.252459, 9131.712891> ... Lifespan:  Set to 30 minutes.
[EOnDrop] Zombie Spawned [4] ZmbM_HandymanNormal_Beige @ <12359.941406, 30.062704, 9159.349609> ... Lifespan:  Set to 30 minutes.
[EOnDrop] Zombie Spawned [5] ZmbM_HandymanNormal_White @ <12394.849609, 26.452353, 9144.320313> ... Lifespan:  Set to 30 minutes.
[EOnDrop] Zombie Spawned [6] ZmbF_BlueCollarFat_Green @ <12400.109375, 26.529249, 9141.498047> ... Lifespan:  Set to 30 minutes.
[EOnDrop] Zombie Spawned [7] ZmbM_OffshoreWorker_Green @ <12413.709961, 23.906719, 9151.792969> ... Lifespan:  Set to 30 minutes.
[EOnDrop] Zombie Spawned [8] ZmbM_HandymanNormal_White @ <12408.195313, 24.184238, 9178.346680> ... Lifespan:  Set to 30 minutes.
[EOnDrop] Zombie Spawned [9] ZmbF_BlueCollarFat_Red @ <12394.073242, 26.076906, 9169.623047> ... Lifespan:  Set to 30 minutes.
[EOnDrop] Zombie Spawned [10] ZmbM_MechanicSkinny_Blue @ <12448.202148, 21.166126, 9180.368164> ... Lifespan:  Set to 30 minutes.
[EOnDrop] Zombie Spawned [11] ZmbF_MechanicNormal_Beige @ <12416.760742, 23.637352, 9169.901367> ... Lifespan:  Set to 30 minutes.
[EOnDrop] Zombie Spawned [12] ZmbM_ConstrWorkerNormal_Green @ <12397.665039, 26.028252, 9156.454102> ... Lifespan:  Set to 30 minutes.
[EOnDrop] Zombie Spawned [13] ZmbM_ConstrWorkerNormal_Beige @ <12406.424805, 24.330858, 9159.310547> ... Lifespan:  Set to 30 minutes.
[EOnDrop] Zombie Spawned [14] ZmbM_HandymanNormal_Blue @ <12410.684570, 24.542007, 9199.416992> ... Lifespan:  Set to 30 minutes.
[EOnDrop] Zombie Spawned [15] ZmbF_BlueCollarFat_Blue @ <12405.731445, 24.377842, 9158.543945> ... Lifespan:  Set to 30 minutes.
[EOnDrop] Zombie Spawned [16] ZmbM_OffshoreWorker_Red @ <12390.993164, 26.897594, 9128.957031> ... Lifespan:  Set to 30 minutes.
[EOnDrop] Zombie Spawned [17] ZmbM_OffshoreWorker_Red @ <12399.686523, 25.554621, 9162.003906> ... Lifespan:  Set to 30 minutes.
[EOnDrop] Zombie Spawned [18] ZmbF_MechanicNormal_Orange @ <12405.053711, 24.321569, 9176.022461> ... Lifespan:  Set to 30 minutes.
[EOnDrop] Zombie Spawned [19] ZmbF_MechanicNormal_Green @ <12405.888672, 24.349228, 9183.168945> ... Lifespan:  Set to 30 minutes.
[EOnDrop] Zombie Spawned [20] ZmbM_ConstrWorkerNormal_Beige @ <12406.023438, 26.257277, 9129.636719> ... Lifespan:  Set to 30 minutes.
[EOnDrop] Drop spawned with 20 infected at <12399.813477, 176.862823, 9169.267578>.
[EOnDrop] Supplies have been dropped near Berezino.
[EOnBeforeDelete] Aircraft despawned @ <16360.897461, 218.996628, 15480.594727>
[~AirdropPlane] Aircraft destroyed.
