[InitializeContainer] Container created on 2021-03-23 @ 23-20-57
[InitializeContainer] Winds: Vector <-3.071571, 0.000000, -2.447328>, Speed 3.92733mps, Strength 0.1
[AirdropContainerFall] Drop Type 'Military West', Container: 'AirdropContainer_Military', Mode/Quantity/Iems: Random/20/46, Flare:  10%
[AirdropContainerFall] Loot Spawned [1] USMCPants_Desert @ <7356.212891, 10.291492, 3565.820801> ... Lifespan: Set to 30 minutes.
[AirdropContainerFall] Loot Spawned [2] MilitaryBoots_Brown @ <7354.453125, 10.417992, 3567.173340> ... Lifespan: Set to 30 minutes.
[AirdropContainerFall] Loot Spawned [3] AKM @ <7358.442871, 10.188664, 3569.305908> ... Lifespan: Set to 30 minutes.
[AirdropContainerFall] Loot Spawned [4] Rangefinder @ <7357.132324, 10.279981, 3569.664307> ... Lifespan: Set to 30 minutes.
[AirdropContainerFall] Loot Spawned [5] USMCJacket_Woodland @ <7353.678711, 10.472157, 3567.642334> ... Lifespan: Set to 30 minutes.
[AirdropContainerFall] Loot Spawned [6] AssaultBag_Green @ <7355.920898, 10.354442, 3569.541504> ... Lifespan: Set to 30 minutes.
[AirdropContainerFall] Loot Spawned [7] MilitaryBoots_Black @ <7354.248047, 10.413891, 3565.709229> ... Lifespan: Set to 30 minutes.
[AirdropContainerFall] Loot Spawned [8] TacticalGloves_Beige @ <7355.544922, 10.370580, 3568.923828> ... Lifespan: Set to 30 minutes.
[AirdropContainerFall] Loot Spawned [9] PistolSuppressor @ <7355.608398, 10.385097, 3570.381104> ... Lifespan: Set to 30 minutes.
[AirdropContainerFall] Loot Spawned [10] FNX45 @ <7355.743652, 10.370350, 3569.942139> ... Lifespan: Set to 30 minutes.
[AirdropContainerFall] Loot Spawned [11] TacticalGoggles @ <7355.584961, 10.370855, 3569.154785> ... Lifespan: Set to 30 minutes.
[AirdropContainerFall] Loot Spawned [12] M4_CQBBttstck @ <7358.648926, 10.122477, 3565.225098> ... Lifespan: Set to 30 minutes.
[AirdropContainerFall] Loot Spawned [13] Mag_FNX45_15Rnd @ <7355.005859, 10.407911, 3569.218750> ... Lifespan: Set to 30 minutes.
[AirdropContainerFall] Loot Spawned [14] USMCPants_Woodland @ <7357.837891, 10.245786, 3570.165527> ... Lifespan: Set to 30 minutes.
[AirdropContainerFall] Loot Spawned [15] CanOpener @ <7356.708984, 10.310951, 3570.027832> ... Lifespan: Set to 30 minutes.
[AirdropContainerFall] Loot Spawned [16] KOD_RSASS_Black @ <7359.628418, 10.118261, 3569.336914> ... Lifespan: Set to 30 minutes.
[AirdropContainerFall] Loot Spawned [17] FNX45 @ <7356.447754, 10.281573, 3566.220703> ... Lifespan: Set to 30 minutes.
[AirdropContainerFall] Loot Spawned [18] Rangefinder @ <7354.316895, 10.409701, 3565.289063> ... Lifespan: Set to 30 minutes.
[AirdropContainerFall] Loot Spawned [19] TacticalBaconCan @ <7354.493164, 10.434772, 3568.779541> ... Lifespan: Set to 30 minutes.
[AirdropContainerFall] Loot Spawned [20] M4_RISHndgrd @ <7355.923340, 10.303329, 3565.296631> ... Lifespan: Set to 30 minutes.
[AirdropContainerFall] Airdrop Flare Spawned @ <7357.633301, 10.249857, 3569.858398> ... Lifespan: Set to 30 minutes.
[AirdropContainerUnstuck] Container was unstuck.
[~AirdropContainerBase] Container Destroyed on 2021-03-23 @ 23-45-57
