[InitializeContainer] Container created on 2021-03-16 @ 21-25-00
[InitializeContainer] Winds: Vector <-11.277333, 0.000000, 13.388787>, Speed 17.5054mps, Strength 0.1
[AirdropContainerFall] Drop Type 'Military East', Container: 'AirdropContainer_Military', Mode/Quantity/Iems: Random/20/33, Flare:  10%
[AirdropContainerFall] Loot Spawned [1] TTSKOPants @ <8512.001953, 103.962128, 12672.291016> ... Lifespan: Set to 30 minutes.
[AirdropContainerFall] Loot Spawned [2] Canteen @ <8516.903320, 104.121002, 12675.564453> ... Lifespan: Set to 30 minutes.
[AirdropContainerFall] Loot Spawned [3] WeaponCleaningKit @ <8514.914063, 103.675064, 12671.074219> ... Lifespan: Set to 30 minutes.
[AirdropContainerFall] Loot Spawned [4] TacticalGloves_Green @ <8511.620117, 103.975067, 12672.511719> ... Lifespan: Set to 30 minutes.
[AirdropContainerFall] Loot Spawned [5] WeaponCleaningKit @ <8515.562500, 104.121002, 12676.089844> ... Lifespan: Set to 30 minutes.
[AirdropContainerFall] Loot Spawned [6] TTsKOJacket_Camo @ <8514.366211, 104.121002, 12675.968750> ... Lifespan: Set to 30 minutes.
[AirdropContainerFall] Loot Spawned [7] GorkaEJacket_Autumn @ <8513.645508, 104.121002, 12676.170898> ... Lifespan: Set to 30 minutes.
[AirdropContainerFall] Loot Spawned [8] GorkaEJacket_Flat @ <8515.738281, 103.614861, 12671.304688> ... Lifespan: Set to 30 minutes.
[AirdropContainerFall] Loot Spawned [9] TacticalGloves_Green @ <8516.117188, 103.777382, 12672.677734> ... Lifespan: Set to 30 minutes.
[AirdropContainerFall] Loot Spawned [10] GorkaPants_PautRev @ <8517.601563, 104.121002, 12675.423828> ... Lifespan: Set to 30 minutes.
[AirdropContainerFall] Loot Spawned [11] GorkaPants_PautRev @ <8515.985352, 104.121002, 12675.626953> ... Lifespan: Set to 30 minutes.
[AirdropContainerFall] Loot Spawned [12] GorkaEJacket_Autumn @ <8513.505859, 104.121002, 12677.033203> ... Lifespan: Set to 30 minutes.
[AirdropContainerFall] Loot Spawned [13] GorkaPants_Autumn @ <8515.001953, 103.694122, 12671.533203> ... Lifespan: Set to 30 minutes.
[AirdropContainerFall] Loot Spawned [14] WeaponCleaningKit @ <8511.873047, 103.959976, 12672.254883> ... Lifespan: Set to 30 minutes.
[AirdropContainerFall] Loot Spawned [15] GorkaPants_Flat @ <8513.107422, 104.092140, 12674.804688> ... Lifespan: Set to 30 minutes.
[AirdropContainerFall] Loot Spawned [16] TacticalGloves_Beige @ <8511.687500, 104.020348, 12673.283203> ... Lifespan: Set to 30 minutes.
[AirdropContainerFall] Loot Spawned [17] KOD_M110_Tan @ <8516.004883, 104.121002, 12676.044922> ... Lifespan: Set to 30 minutes.
[AirdropContainerFall] Loot Spawned [18] GorkaEJacket_Flat @ <8516.611328, 104.121002, 12675.312500> ... Lifespan: Set to 30 minutes.
[AirdropContainerFall] Loot Spawned [19] KOD_M110_Tan @ <8512.628906, 104.121002, 12675.922852> ... Lifespan: Set to 30 minutes.
[AirdropContainerFall] Loot Spawned [20] TacticalGoggles @ <8513.323242, 103.833839, 12671.359375> ... Lifespan: Set to 30 minutes.
[AirdropContainerUnstuck] Container was unstuck.
[~AirdropContainerBase] Container Destroyed on 2021-03-16 @ 21-50-00
