[AirdropPlane] Aircraft created on 2021-04-07 @ 23-07-59
[InitializeAircraft] Aircraft Initialized: Soverograd @ 8566/12755 (true)
[EOnBeforeDrop] The Aircraft is 1 Km from Soverograd. @ <9590.487305, 398.958069, 11660.192383>
[EOnDrop] Zombie Spawned [1] ZmbF_ShortSkirt_checks @ <8615.432617, 101.067276, 12657.119141> ... Lifespan:  Set to 30 minutes.
[EOnDrop] Zombie Spawned [2] ZmbM_Jacket_khaki @ <8644.800781, 110.234985, 12644.504883> ... Lifespan:  Set to 30 minutes.
[EOnDrop] Zombie Spawned [3] ZmbF_ParamedicNormal_Green @ <8608.286133, 104.500000, 12715.495117> ... Lifespan:  Set to 30 minutes.
[EOnDrop] Zombie Spawned [4] ZmbM_JoggerSkinny_Red @ <8618.097656, 104.500000, 12682.872070> ... Lifespan:  Set to 30 minutes.
[EOnDrop] Zombie Spawned [5] ZmbM_SkaterYoung_Blue @ <8632.443359, 101.318932, 12673.875000> ... Lifespan:  Set to 30 minutes.
[EOnDrop] Zombie Spawned [6] ZmbM_CitizenASkinny_Grey @ <8636.409180, 102.023445, 12681.896484> ... Lifespan:  Set to 30 minutes.
[EOnDrop] Zombie Spawned [7] ZmbM_SkaterYoung_Green @ <8636.523438, 105.390480, 12655.086914> ... Lifespan:  Set to 30 minutes.
[EOnDrop] Zombie Spawned [8] ZmbM_CitizenASkinny_Grey @ <8628.399414, 102.556297, 12676.635742> ... Lifespan:  Set to 30 minutes.
[EOnDrop] Zombie Spawned [9] ZmbM_Jacket_khaki @ <8622.706055, 104.500000, 12687.575195> ... Lifespan:  Set to 30 minutes.
[EOnDrop] Zombie Spawned [10] ZmbM_ClerkFat_White @ <8632.733398, 104.425293, 12690.417969> ... Lifespan:  Set to 30 minutes.
[EOnDrop] Zombie Spawned [11] ZmbM_SkaterYoung_Brown @ <8624.458984, 100.756470, 12663.092773> ... Lifespan:  Set to 30 minutes.
[EOnDrop] Zombie Spawned [12] ZmbM_Jacket_khaki @ <8619.794922, 103.333328, 12674.148438> ... Lifespan:  Set to 30 minutes.
[EOnDrop] Zombie Spawned [13] ZmbM_PrisonerSkinny @ <8630.291992, 104.500000, 12721.883789> ... Lifespan:  Set to 30 minutes.
[EOnDrop] Zombie Spawned [14] ZmbM_Jacket_brown @ <8659.653320, 108.722534, 12656.782227> ... Lifespan:  Set to 30 minutes.
[EOnDrop] Zombie Spawned [15] ZmbM_Jacket_grey @ <8650.490234, 102.995071, 12710.477539> ... Lifespan:  Set to 30 minutes.
[EOnDrop] Zombie Spawned [16] ZmbM_CitizenASkinny_Brown @ <8608.506836, 100.940933, 12656.754883> ... Lifespan:  Set to 30 minutes.
[EOnDrop] Zombie Spawned [17] ZmbF_ShortSkirt_yellow @ <8636.452148, 104.500000, 12726.459961> ... Lifespan:  Set to 30 minutes.
[EOnDrop] Zombie Spawned [18] ZmbF_JoggerSkinny_Brown @ <8629.519531, 104.500000, 12697.089844> ... Lifespan:  Set to 30 minutes.
[EOnDrop] Zombie Spawned [19] ZmbF_ShortSkirt_white @ <8658.473633, 101.605362, 12706.882813> ... Lifespan:  Set to 30 minutes.
[EOnDrop] Zombie Spawned [20] ZmbF_ParamedicNormal_Green @ <8643.448242, 103.507828, 12703.557617> ... Lifespan:  Set to 30 minutes.
[EOnDrop] Zombie Spawned [21] ZmbF_JournalistNormal_Red @ <8634.301758, 102.316345, 12680.330078> ... Lifespan:  Set to 30 minutes.
[EOnDrop] Zombie Spawned [22] ZmbM_JournalistSkinny @ <8604.586914, 104.500000, 12691.249023> ... Lifespan:  Set to 30 minutes.
[EOnDrop] Zombie Spawned [23] ZmbM_SkaterYoung_Grey @ <8642.944336, 100.912376, 12675.403320> ... Lifespan:  Set to 30 minutes.
[EOnDrop] Zombie Spawned [24] ZmbM_SkaterYoung_Blue @ <8621.241211, 101.202995, 12663.673828> ... Lifespan:  Set to 30 minutes.
[EOnDrop] Zombie Spawned [25] ZmbF_ShortSkirt_white @ <8644.281250, 101.201958, 12681.140625> ... Lifespan:  Set to 30 minutes.
[EOnDrop] Drop spawned with 25 infected at <8628.691406, 260.783020, 12686.060547>.
[EOnDrop] Supplies have been dropped near Soverograd.
[EOnBeforeDelete] Aircraft despawned @ <5183.905273, 614.903015, 16360.329102>
[~AirdropPlane] Aircraft destroyed.
