[InitializeContainer] Container created on 2021-04-17 @ 16-25-46
[InitializeContainer] Winds: Vector <11.055620, 0.000000, 0.223386>, Speed 11.0579mps, Strength 0.1
[AirdropContainerFall] Drop Type 'Misc. Tools', Container: 'RANDOM', Mode/Quantity/Iems: Random/30/54, Flare:  10%
[AirdropContainerFall] Loot Spawned [1] ChernarusMap @ <4032.537354, 296.805511, 7783.647461> ... Lifespan: Set to 30 minutes.
[AirdropContainerFall] Loot Spawned [2] FirefighterAxe @ <4035.865967, 296.807465, 7780.621582> ... Lifespan: Set to 30 minutes.
[AirdropContainerFall] Loot Spawned [3] ChernarusMap @ <4035.223145, 296.780090, 7780.382324> ... Lifespan: Set to 30 minutes.
[AirdropContainerFall] Loot Spawned [4] KOD_DVL10 @ <4034.266113, 296.667389, 7777.766113> ... Lifespan: Set to 30 minutes.
[AirdropContainerFall] Loot Spawned [5] FirefighterAxe @ <4034.649170, 296.702820, 7778.502930> ... Lifespan: Set to 30 minutes.
[AirdropContainerFall] Loot Spawned [6] Chemlight_Yellow @ <4035.440430, 296.710571, 7778.001465> ... Lifespan: Set to 30 minutes.
[AirdropContainerFall] Loot Spawned [7] LeatherSewingKit @ <4036.543457, 296.810181, 7780.057617> ... Lifespan: Set to 30 minutes.
[AirdropContainerFall] Loot Spawned [8] Chemlight_Red @ <4035.528076, 296.747559, 7779.073730> ... Lifespan: Set to 30 minutes.
[AirdropContainerFall] Loot Spawned [9] KOD_M16A4 @ <4030.861572, 296.720490, 7782.526855> ... Lifespan: Set to 30 minutes.
[AirdropContainerFall] Loot Spawned [10] Roadflare @ <4034.742676, 296.703613, 7778.441406> ... Lifespan: Set to 30 minutes.
[AirdropContainerFall] Loot Spawned [11] Megaphone @ <4033.956299, 296.821228, 7782.837891> ... Lifespan: Set to 30 minutes.
[AirdropContainerFall] Loot Spawned [12] CanOpener @ <4031.513428, 296.628296, 7779.125488> ... Lifespan: Set to 30 minutes.
[AirdropContainerFall] Loot Spawned [13] Battery9V @ <4033.889160, 296.703278, 7779.213867> ... Lifespan: Set to 30 minutes.
[AirdropContainerFall] Loot Spawned [14] CombatKnife @ <4035.628174, 296.859833, 7782.484863> ... Lifespan: Set to 30 minutes.
[AirdropContainerFall] Loot Spawned [15] Flashlight @ <4032.344482, 296.811432, 7784.009277> ... Lifespan: Set to 30 minutes.
[AirdropContainerFall] Loot Spawned [16] Chemlight_Green @ <4031.627930, 296.694489, 7781.011230> ... Lifespan: Set to 30 minutes.
[AirdropContainerFall] Loot Spawned [17] SledgeHammer @ <4036.153809, 296.807495, 7780.345703> ... Lifespan: Set to 30 minutes.
[AirdropContainerFall] Loot Spawned [18] OrienteeringCompass @ <4035.083496, 296.748260, 7779.520996> ... Lifespan: Set to 30 minutes.
[AirdropContainerFall] Loot Spawned [19] LugWrench @ <4034.949463, 296.756500, 7779.904297> ... Lifespan: Set to 30 minutes.
[AirdropContainerFall] Loot Spawned [20] CanOpener @ <4032.056641, 296.718811, 7781.378418> ... Lifespan: Set to 30 minutes.
[AirdropContainerFall] Loot Spawned [21] BatteryCharger @ <4034.629639, 296.848389, 7783.069336> ... Lifespan: Set to 30 minutes.
[AirdropContainerFall] Loot Spawned [22] Heatpack @ <4030.435791, 296.678497, 7781.623535> ... Lifespan: Set to 30 minutes.
[AirdropContainerFall] Loot Spawned [23] LugWrench @ <4036.171143, 296.822632, 7780.802734> ... Lifespan: Set to 30 minutes.
[AirdropContainerFall] Loot Spawned [24] Roadflare @ <4036.211914, 296.842743, 7781.392578> ... Lifespan: Set to 30 minutes.
[AirdropContainerFall] Loot Spawned [25] Binoculars @ <4031.218750, 296.721008, 7782.215820> ... Lifespan: Set to 30 minutes.
[AirdropContainerFall] Loot Spawned [26] Chemlight_Red @ <4034.541504, 296.835388, 7782.743652> ... Lifespan: Set to 30 minutes.
[AirdropContainerFall] Loot Spawned [27] Headtorch_Grey @ <4032.798340, 296.655457, 7778.758301> ... Lifespan: Set to 30 minutes.
[AirdropContainerFall] Loot Spawned [28] CanOpener @ <4032.214600, 296.698059, 7780.585449> ... Lifespan: Set to 30 minutes.
[AirdropContainerFall] Loot Spawned [29] WoodAxe @ <4034.894043, 296.744293, 7779.574219> ... Lifespan: Set to 30 minutes.
[AirdropContainerFall] Loot Spawned [30] Heatpack @ <4034.695801, 296.828156, 7782.376465> ... Lifespan: Set to 30 minutes.
[AirdropContainerUnstuck] Container was unstuck.
[~AirdropContainerBase] Container Destroyed on 2021-04-17 @ 16-50-46
