[InitializeContainer] Container created on 2021-03-14 @ 03-20-35
[InitializeContainer] Winds: Vector <-2.738939, 0.000000, -3.858005>, Speed 4.73138mps, Strength 0.1
[AirdropContainerFall] Drop Type 'Misc. Food', Container: 'RANDOM', Mode/Quantity/Iems: Random/29/30, Flare:  10%
[AirdropContainerFall] Loot Spawned [1] GreenBellPepper @ <3090.945557, 206.771729, 12760.854492> ... Lifespan: Set to 60 minutes.
[AirdropContainerFall] Loot Spawned [2] SodaCan_Cola @ <3086.916504, 206.916931, 12759.935547> ... Lifespan: Set to 60 minutes.
[AirdropContainerFall] Loot Spawned [3] Pear @ <3089.937988, 206.801178, 12760.995117> ... Lifespan: Set to 60 minutes.
[AirdropContainerFall] Loot Spawned [4] BakedBeansCan @ <3090.824707, 206.805344, 12758.362305> ... Lifespan: Set to 60 minutes.
[AirdropContainerFall] Loot Spawned [5] Pumpkin @ <3091.737549, 206.736359, 12761.779297> ... Lifespan: Set to 60 minutes.
[AirdropContainerFall] Loot Spawned [6] SardinesCan @ <3090.637207, 206.825317, 12757.136719> ... Lifespan: Set to 60 minutes.
[AirdropContainerFall] Loot Spawned [7] AK101 @ <3089.144531, 206.874588, 12756.916992> ... Lifespan: Set to 60 minutes.
[AirdropContainerFall] Loot Spawned [8] GreenBellPepper @ <3087.844482, 206.897186, 12758.869141> ... Lifespan: Set to 60 minutes.
[AirdropContainerFall] Loot Spawned [9] Pear @ <3089.500244, 206.864334, 12756.811523> ... Lifespan: Set to 60 minutes.
[AirdropContainerFall] Loot Spawned [10] Pear @ <3089.797852, 206.853958, 12756.889648> ... Lifespan: Set to 60 minutes.
[AirdropContainerFall] Loot Spawned [11] Canteen @ <3087.446533, 206.898895, 12760.051758> ... Lifespan: Set to 60 minutes.
[AirdropContainerFall] Loot Spawned [12] Apple @ <3087.893555, 206.873550, 12760.870117> ... Lifespan: Set to 60 minutes.
[AirdropContainerFall] Loot Spawned [13] SambucusBerry @ <3087.904053, 206.915268, 12756.824219> ... Lifespan: Set to 60 minutes.
[AirdropContainerFall] Loot Spawned [14] SodaCan_Kvass @ <3086.528809, 206.937164, 12759.096680> ... Lifespan: Set to 60 minutes.
[AirdropContainerFall] Loot Spawned [15] Plum @ <3090.182373, 206.796051, 12760.778320> ... Lifespan: Set to 60 minutes.
[AirdropContainerFall] Loot Spawned [16] SambucusBerry @ <3091.239746, 206.772949, 12760.001953> ... Lifespan: Set to 60 minutes.
[AirdropContainerFall] Loot Spawned [17] SodaCan_Cola @ <3087.049561, 206.904373, 12760.740234> ... Lifespan: Set to 60 minutes.
[AirdropContainerFall] Loot Spawned [18] WaterBottle @ <3091.409180, 206.764679, 12760.256836> ... Lifespan: Set to 60 minutes.
[AirdropContainerFall] Loot Spawned [19] WaterBottle @ <3092.209229, 206.770798, 12757.704102> ... Lifespan: Set to 60 minutes.
[AirdropContainerFall] Loot Spawned [20] KOD_M16A4 @ <3090.847168, 206.813110, 12757.658203> ... Lifespan: Set to 60 minutes.
[AirdropContainerFall] Loot Spawned [21] TacticalBaconCan @ <3090.189941, 206.827225, 12758.161133> ... Lifespan: Set to 60 minutes.
[AirdropContainerFall] Loot Spawned [22] BakedBeansCan @ <3091.527100, 206.775101, 12759.087891> ... Lifespan: Set to 60 minutes.
[AirdropContainerFall] Loot Spawned [23] Zucchini @ <3089.851563, 206.786255, 12762.489258> ... Lifespan: Set to 60 minutes.
[AirdropContainerFall] Loot Spawned [24] SodaCan_Kvass @ <3090.623291, 206.812729, 12758.261719> ... Lifespan: Set to 60 minutes.
[AirdropContainerFall] Loot Spawned [25] Pumpkin @ <3091.331787, 206.764984, 12760.429688> ... Lifespan: Set to 60 minutes.
[AirdropContainerFall] Loot Spawned [26] BakedBeansCan @ <3087.526855, 206.917389, 12757.794922> ... Lifespan: Set to 60 minutes.
[AirdropContainerFall] Loot Spawned [27] PowderedMilk @ <3087.304688, 206.881104, 12761.942383> ... Lifespan: Set to 60 minutes.
[AirdropContainerFall] Loot Spawned [28] Zucchini @ <3087.805664, 206.884445, 12760.216797> ... Lifespan: Set to 60 minutes.
[AirdropContainerFall] Loot Spawned [29] Apple @ <3090.770996, 206.779022, 12760.693359> ... Lifespan: Set to 60 minutes.
[AirdropContainerUnstuck] Container was unstuck.
[~AirdropContainerBase] Container Destroyed on 2021-03-14 @ 03-45-35
