[InitializeContainer] Container created on 2021-04-05 @ 14-44-36
[InitializeContainer] Winds: Vector <9.673419, 0.000000, 8.872866>, Speed 13.1264mps, Strength 0.1
[AirdropContainerFall] Drop Type 'Misc. Food', Container: 'RANDOM', Mode/Quantity/Iems: Random/29/30, Flare:  10%
[AirdropContainerFall] Loot Spawned [1] Pumpkin @ <3988.963379, 301.334534, 7941.494141> ... Lifespan: Set to 30 minutes.
[AirdropContainerFall] Loot Spawned [2] Apple @ <3992.697998, 301.391418, 7940.944824> ... Lifespan: Set to 30 minutes.
[AirdropContainerFall] Loot Spawned [3] PowderedMilk @ <3992.297363, 301.526794, 7943.225586> ... Lifespan: Set to 30 minutes.
[AirdropContainerFall] Loot Spawned [4] KOD_M16A4 @ <3989.618164, 301.414703, 7942.538574> ... Lifespan: Set to 30 minutes.
[AirdropContainerFall] Loot Spawned [5] WaterBottle @ <3989.582520, 301.451965, 7943.167969> ... Lifespan: Set to 30 minutes.
[AirdropContainerFall] Loot Spawned [6] Pear @ <3992.354736, 301.490479, 7942.608887> ... Lifespan: Set to 30 minutes.
[AirdropContainerFall] Loot Spawned [7] SardinesCan @ <3993.531982, 301.484497, 7942.029297> ... Lifespan: Set to 30 minutes.
[AirdropContainerFall] Loot Spawned [8] SpaghettiCan @ <3993.971436, 301.344025, 7939.700195> ... Lifespan: Set to 30 minutes.
[AirdropContainerFall] Loot Spawned [9] SambucusBerry @ <3993.450684, 301.432800, 7941.270996> ... Lifespan: Set to 30 minutes.
[AirdropContainerFall] Loot Spawned [10] Plum @ <3991.935059, 301.476715, 7942.566406> ... Lifespan: Set to 30 minutes.
[AirdropContainerFall] Loot Spawned [11] Plum @ <3991.064209, 301.126770, 7937.396484> ... Lifespan: Set to 30 minutes.
[AirdropContainerFall] Loot Spawned [12] Pumpkin @ <3992.671143, 301.550873, 7943.455566> ... Lifespan: Set to 30 minutes.
[AirdropContainerFall] Loot Spawned [13] PeachesCan @ <3991.168945, 301.189514, 7938.357910> ... Lifespan: Set to 30 minutes.
[AirdropContainerFall] Loot Spawned [14] SodaCan_Cola @ <3988.680908, 301.376770, 7942.270508> ... Lifespan: Set to 30 minutes.
[AirdropContainerFall] Loot Spawned [15] SpaghettiCan @ <3989.852539, 301.189575, 7938.859375> ... Lifespan: Set to 30 minutes.
[AirdropContainerFall] Loot Spawned [16] KOD_M16A4 @ <3992.834473, 301.364166, 7940.471680> ... Lifespan: Set to 30 minutes.
[AirdropContainerFall] Loot Spawned [17] PowderedMilk @ <3990.564941, 301.443512, 7942.620605> ... Lifespan: Set to 30 minutes.
[AirdropContainerFall] Loot Spawned [18] TunaCan @ <3989.493896, 301.126068, 7937.976074> ... Lifespan: Set to 30 minutes.
[AirdropContainerFall] Loot Spawned [19] Rice @ <3989.304199, 301.160889, 7938.600098> ... Lifespan: Set to 30 minutes.
[AirdropContainerFall] Loot Spawned [20] PowderedMilk @ <3990.933594, 301.476288, 7942.994629> ... Lifespan: Set to 30 minutes.
[AirdropContainerFall] Loot Spawned [21] CaninaBerry @ <3989.368408, 301.396484, 7942.336914> ... Lifespan: Set to 30 minutes.
[AirdropContainerFall] Loot Spawned [22] Rice @ <3993.465820, 301.304993, 7939.308105> ... Lifespan: Set to 30 minutes.
[AirdropContainerFall] Loot Spawned [23] SodaCan_Pipsi @ <3989.096680, 301.147003, 7938.454102> ... Lifespan: Set to 30 minutes.
[AirdropContainerFall] Loot Spawned [24] AKM @ <3988.178467, 301.162415, 7939.031738> ... Lifespan: Set to 30 minutes.
[AirdropContainerFall] Loot Spawned [25] Potato @ <3993.095215, 301.409027, 7941.051758> ... Lifespan: Set to 30 minutes.
[AirdropContainerFall] Loot Spawned [26] PowderedMilk @ <3993.216064, 301.458466, 7941.759766> ... Lifespan: Set to 30 minutes.
[AirdropContainerFall] Loot Spawned [27] TacticalBaconCan @ <3991.841553, 301.551147, 7943.820801> ... Lifespan: Set to 30 minutes.
[AirdropContainerFall] Loot Spawned [28] SodaCan_Spite @ <3989.758545, 301.477570, 7943.516602> ... Lifespan: Set to 30 minutes.
[AirdropContainerFall] Loot Spawned [29] Potato @ <3991.854248, 301.502136, 7943.015625> ... Lifespan: Set to 30 minutes.
[AirdropContainerUnstuck] Container was unstuck.
[~AirdropContainerBase] Container Destroyed on 2021-04-05 @ 15-09-36
