[InitializeContainer] Container created on 2021-04-29 @ 00-06-55
[InitializeContainer] Winds: Vector <-2.968547, 0.000000, -1.456140>, Speed 3.30645mps, Strength 0.1
[AirdropContainerFall] Drop Type 'Misc. Food', Container: 'RANDOM', Mode/Quantity/Iems: Random/20/26, Flare:  10%
[AirdropContainerFall] Loot Spawned [1] Plum @ <4595.286133, 339.001007, 10348.248047> ... Lifespan: Set to 60 minutes.
[AirdropContainerFall] Loot Spawned [2] Plum @ <4591.492676, 339.001007, 10343.954102> ... Lifespan: Set to 60 minutes.
[AirdropContainerFall] Loot Spawned [3] Lard @ <4595.624512, 339.001007, 10346.042969> ... Lifespan: Set to 60 minutes.
[AirdropContainerFall] Loot Spawned [4] TacticalBaconCan @ <4595.068848, 339.001007, 10347.269531> ... Lifespan: Set to 60 minutes.
[AirdropContainerFall] Loot Spawned [5] Apple @ <4591.686035, 339.001007, 10344.653320> ... Lifespan: Set to 60 minutes.
[AirdropContainerFall] Loot Spawned [6] BoxCerealCrunchin @ <4593.153320, 339.001007, 10343.926758> ... Lifespan: Set to 60 minutes.
[AirdropContainerFall] Loot Spawned [7] TunaCan @ <4596.578613, 339.001007, 10343.971680> ... Lifespan: Set to 60 minutes.
[AirdropContainerFall] Loot Spawned [8] Plum @ <4595.841309, 339.001007, 10346.901367> ... Lifespan: Set to 60 minutes.
[AirdropContainerFall] Loot Spawned [9] CaninaBerry @ <4593.747559, 339.001007, 10346.515625> ... Lifespan: Set to 60 minutes.
[AirdropContainerFall] Loot Spawned [10] Apple @ <4596.667969, 339.001007, 10344.034180> ... Lifespan: Set to 60 minutes.
[AirdropContainerFall] Loot Spawned [11] PowderedMilk @ <4592.808594, 339.001007, 10344.667969> ... Lifespan: Set to 60 minutes.
[AirdropContainerFall] Loot Spawned [12] SpaghettiCan @ <4593.608398, 339.001007, 10347.670898> ... Lifespan: Set to 60 minutes.
[AirdropContainerFall] Loot Spawned [13] Zucchini @ <4592.682617, 339.001007, 10342.294922> ... Lifespan: Set to 60 minutes.
[AirdropContainerFall] Loot Spawned [14] Plum @ <4594.613281, 339.001007, 10341.787109> ... Lifespan: Set to 60 minutes.
[AirdropContainerFall] Loot Spawned [15] CaninaBerry @ <4592.576660, 339.001007, 10343.470703> ... Lifespan: Set to 60 minutes.
[AirdropContainerFall] Loot Spawned [16] Zucchini @ <4594.672363, 339.001007, 10346.717773> ... Lifespan: Set to 60 minutes.
[AirdropContainerFall] Loot Spawned [17] BoxCerealCrunchin @ <4594.045898, 339.001007, 10346.877930> ... Lifespan: Set to 60 minutes.
[AirdropContainerFall] Loot Spawned [18] SodaCan_Cola @ <4592.767090, 339.001007, 10342.096680> ... Lifespan: Set to 60 minutes.
[AirdropContainerFall] Loot Spawned [19] TunaCan @ <4594.509277, 339.001007, 10347.289063> ... Lifespan: Set to 60 minutes.
[AirdropContainerFall] Loot Spawned [20] PowderedMilk @ <4592.869141, 339.001007, 10343.673828> ... Lifespan: Set to 60 minutes.
[AirdropContainerUnstuck] Container was unstuck.
[~AirdropContainerBase] Container Destroyed on 2021-04-29 @ 00-36-55
