[AirdropPlane] Aircraft created on 2021-03-18 @ 13-24-05
[InitializeAircraft] Aircraft Initialized: Krasnostav Airstrip @ 12160/12645 (true)
[EOnBeforeDrop] The Aircraft is 1 Km from Krasnostav Airstrip. @ <10757.599609, 425.510681, 12114.477539>
[EOnDrop] Zombie Spawned [1] ZmbM_SoldierNormal @ <12093.204102, 140.269974, 12571.108398> ... Lifespan:  Set to 30 minutes.
[EOnDrop] Zombie Spawned [2] ZmbM_PatrolNormal_Autumn @ <12085.457031, 140.500000, 12619.305664> ... Lifespan:  Set to 30 minutes.
[EOnDrop] Zombie Spawned [3] ZmbM_SoldierNormal @ <12078.136719, 140.500000, 12611.058594> ... Lifespan:  Set to 30 minutes.
[EOnDrop] Zombie Spawned [4] ZmbM_SoldierNormal @ <12044.803711, 140.500000, 12605.327148> ... Lifespan:  Set to 30 minutes.
[EOnDrop] Zombie Spawned [5] ZmbM_PatrolNormal_Flat @ <12079.384766, 140.500000, 12653.184570> ... Lifespan:  Set to 30 minutes.
[EOnDrop] Zombie Spawned [6] ZmbM_PatrolNormal_PautRev @ <12079.475586, 140.500000, 12628.866211> ... Lifespan:  Set to 30 minutes.
[EOnDrop] Zombie Spawned [7] ZmbM_PatrolNormal_Summer @ <12097.294922, 140.500000, 12602.316406> ... Lifespan:  Set to 30 minutes.
[EOnDrop] Zombie Spawned [8] ZmbM_PatrolNormal_Flat @ <12067.927734, 140.500000, 12606.429688> ... Lifespan:  Set to 30 minutes.
[EOnDrop] Zombie Spawned [9] ZmbM_PatrolNormal_Autumn @ <12110.389648, 140.500000, 12649.396484> ... Lifespan:  Set to 30 minutes.
[EOnDrop] Zombie Spawned [10] ZmbM_PatrolNormal_Autumn @ <12082.002930, 140.500000, 12634.315430> ... Lifespan:  Set to 30 minutes.
[EOnDrop] Zombie Spawned [11] ZmbM_PatrolNormal_Flat @ <12075.124023, 140.500000, 12636.174805> ... Lifespan:  Set to 30 minutes.
[EOnDrop] Zombie Spawned [12] ZmbM_PatrolNormal_Autumn @ <12090.581055, 140.500000, 12636.085938> ... Lifespan:  Set to 30 minutes.
[EOnDrop] Zombie Spawned [13] ZmbM_PatrolNormal_Autumn @ <12094.171875, 140.500000, 12618.800781> ... Lifespan:  Set to 30 minutes.
[EOnDrop] Zombie Spawned [14] ZmbM_PatrolNormal_PautRev @ <12053.275391, 140.500000, 12627.538086> ... Lifespan:  Set to 30 minutes.
[EOnDrop] Zombie Spawned [15] ZmbM_PatrolNormal_Summer @ <12115.717773, 140.500000, 12590.109375> ... Lifespan:  Set to 30 minutes.
[EOnDrop] Zombie Spawned [16] ZmbM_SoldierNormal @ <12088.077148, 140.500000, 12603.317383> ... Lifespan:  Set to 30 minutes.
[EOnDrop] Zombie Spawned [17] ZmbM_PatrolNormal_PautRev @ <12092.908203, 140.500000, 12620.496094> ... Lifespan:  Set to 30 minutes.
[EOnDrop] Zombie Spawned [18] ZmbM_PatrolNormal_Flat @ <12058.788086, 140.208054, 12632.025391> ... Lifespan:  Set to 30 minutes.
[EOnDrop] Zombie Spawned [19] ZmbM_PatrolNormal_Summer @ <12074.801758, 140.500000, 12641.059570> ... Lifespan:  Set to 30 minutes.
[EOnDrop] Zombie Spawned [20] ZmbM_PatrolNormal_Flat @ <12086.135742, 140.500000, 12643.843750> ... Lifespan:  Set to 30 minutes.
[EOnDrop] Drop spawned with 20 infected at <12082.240234, 283.177734, 12614.084961>.
[EOnDrop] Supplies have been dropped near Krasnostav Airstrip.
[EOnBeforeDelete] Aircraft despawned @ <16361.154297, 152.042480, 14227.939453>
[~AirdropPlane] Aircraft destroyed.
