[InitializeContainer] Container created on 2021-04-06 @ 15-35-17
[InitializeContainer] Winds: Vector <10.150168, 0.000000, -2.205559>, Speed 10.387mps, Strength 0.1
[AirdropContainerFall] Drop Type 'Misc. Tools', Container: 'RANDOM', Mode/Quantity/Iems: Random/30/54, Flare:  10%
[AirdropContainerFall] Loot Spawned [1] Hatchet @ <8701.780273, 388.876556, 9191.166992> ... Lifespan: Set to 30 minutes.
[AirdropContainerFall] Loot Spawned [2] KOD_M16A4 @ <8696.634766, 389.342682, 9190.328125> ... Lifespan: Set to 30 minutes.
[AirdropContainerFall] Loot Spawned [3] Lockpick @ <8702.739258, 388.798065, 9189.615234> ... Lifespan: Set to 30 minutes.
[AirdropContainerFall] Loot Spawned [4] ChernarusMap @ <8697.658203, 389.253998, 9187.930664> ... Lifespan: Set to 30 minutes.
[AirdropContainerFall] Loot Spawned [5] Crowbar @ <8700.497070, 388.989075, 9187.644531> ... Lifespan: Set to 30 minutes.
[AirdropContainerFall] Loot Spawned [6] Compass @ <8696.982422, 389.307861, 9191.084961> ... Lifespan: Set to 30 minutes.
[AirdropContainerFall] Loot Spawned [7] Whetstone @ <8701.047852, 388.942749, 9187.307617> ... Lifespan: Set to 30 minutes.
[AirdropContainerFall] Loot Spawned [8] Matchbox @ <8700.484375, 388.989685, 9187.064453> ... Lifespan: Set to 30 minutes.
[AirdropContainerFall] Loot Spawned [9] Chemlight_White @ <8698.168945, 389.196991, 9191.188477> ... Lifespan: Set to 30 minutes.
[AirdropContainerFall] Loot Spawned [10] Binoculars @ <8697.397461, 389.267609, 9192.197266> ... Lifespan: Set to 30 minutes.
[AirdropContainerFall] Loot Spawned [11] SteakKnife @ <8702.780273, 388.793304, 9190.602539> ... Lifespan: Set to 30 minutes.
[AirdropContainerFall] Loot Spawned [12] Chemlight_Blue @ <8698.098633, 389.207214, 9189.065430> ... Lifespan: Set to 30 minutes.
[AirdropContainerFall] Loot Spawned [13] Megaphone @ <8699.678711, 389.062073, 9187.286133> ... Lifespan: Set to 30 minutes.
[AirdropContainerFall] Loot Spawned [14] Battery9V @ <8697.232422, 389.282898, 9192.249023> ... Lifespan: Set to 30 minutes.
[AirdropContainerFall] Loot Spawned [15] AKM @ <8699.416992, 389.079620, 9191.795898> ... Lifespan: Set to 30 minutes.
[AirdropContainerFall] Loot Spawned [16] BatteryCharger @ <8696.867188, 389.318176, 9191.367188> ... Lifespan: Set to 30 minutes.
[AirdropContainerFall] Loot Spawned [17] Lockpick @ <8702.458008, 388.820160, 9190.779297> ... Lifespan: Set to 30 minutes.
[AirdropContainerFall] Loot Spawned [18] Screwdriver @ <8700.352539, 388.994049, 9192.945313> ... Lifespan: Set to 30 minutes.
[AirdropContainerFall] Loot Spawned [19] FirefighterAxe @ <8702.269531, 388.835632, 9191.054688> ... Lifespan: Set to 30 minutes.
[AirdropContainerFall] Loot Spawned [20] ElectronicRepairKit @ <8702.118164, 388.850983, 9189.047852> ... Lifespan: Set to 30 minutes.
[AirdropContainerFall] Loot Spawned [21] Headtorch_Black @ <8697.162109, 389.297180, 9189.047852> ... Lifespan: Set to 30 minutes.
[AirdropContainerFall] Loot Spawned [22] LugWrench @ <8699.903320, 389.039398, 9187.931641> ... Lifespan: Set to 30 minutes.
[AirdropContainerFall] Loot Spawned [23] AK101 @ <8700.698242, 388.971741, 9187.038086> ... Lifespan: Set to 30 minutes.
[AirdropContainerFall] Loot Spawned [24] LugWrench @ <8701.383789, 388.914093, 9187.982422> ... Lifespan: Set to 30 minutes.
[AirdropContainerFall] Loot Spawned [25] Chemlight_Red @ <8701.265625, 388.922729, 9188.943359> ... Lifespan: Set to 30 minutes.
[AirdropContainerFall] Loot Spawned [26] ChernarusMap @ <8699.661133, 389.061523, 9188.317383> ... Lifespan: Set to 30 minutes.
[AirdropContainerFall] Loot Spawned [27] Hatchet @ <8698.857422, 389.136261, 9188.603516> ... Lifespan: Set to 30 minutes.
[AirdropContainerFall] Loot Spawned [28] LeatherSewingKit @ <8701.902344, 388.865814, 9191.528320> ... Lifespan: Set to 30 minutes.
[AirdropContainerFall] Loot Spawned [29] Rangefinder @ <8701.663086, 388.890717, 9187.907227> ... Lifespan: Set to 30 minutes.
[AirdropContainerFall] Loot Spawned [30] Megaphone @ <8702.413086, 388.823181, 9191.308594> ... Lifespan: Set to 30 minutes.
[AirdropContainerUnstuck] Container was unstuck.
[~AirdropContainerBase] Container Destroyed on 2021-04-06 @ 16-00-17
