[InitializeContainer] Container created on 2021-04-08 @ 03-10-22
[InitializeContainer] Winds: Vector <7.519565, 0.000000, -5.349865>, Speed 9.22848mps, Strength 0.1
[AirdropContainerFall] Drop Type 'Military West', Container: 'AirdropContainer_Military', Mode/Quantity/Iems: Random/20/46, Flare:  10%
[AirdropContainerFall] Loot Spawned [1] M4A1 @ <1931.442505, 285.696747, 7678.863770> ... Lifespan: Set to 30 minutes.
[AirdropContainerFall] Loot Spawned [2] Battery9V @ <1931.197876, 285.578827, 7678.649902> ... Lifespan: Set to 30 minutes.
[AirdropContainerFall] Loot Spawned [3] FNX45 @ <1933.795044, 287.200714, 7682.299805> ... Lifespan: Set to 30 minutes.
[AirdropContainerFall] Loot Spawned [4] TacticalGloves_Black @ <1932.835449, 286.003967, 7677.322754> ... Lifespan: Set to 30 minutes.
[AirdropContainerFall] Loot Spawned [5] AssaultBag_Black @ <1933.605835, 286.843018, 7680.976563> ... Lifespan: Set to 30 minutes.
[AirdropContainerFall] Loot Spawned [6] UKAssVest_Olive @ <1936.830933, 287.544708, 7679.531738> ... Lifespan: Set to 30 minutes.
[AirdropContainerFall] Loot Spawned [7] M9A1_Bayonet @ <1936.023682, 287.671936, 7681.151367> ... Lifespan: Set to 30 minutes.
[AirdropContainerFall] Loot Spawned [8] M4_RISHndgrd @ <1936.804321, 287.803070, 7680.819824> ... Lifespan: Set to 30 minutes.
[AirdropContainerFall] Loot Spawned [9] USMCPants_Desert @ <1931.384399, 285.521545, 7677.697754> ... Lifespan: Set to 30 minutes.
[AirdropContainerFall] Loot Spawned [10] M4A1 @ <1931.816528, 285.686920, 7677.750488> ... Lifespan: Set to 30 minutes.
[AirdropContainerFall] Loot Spawned [11] UKAssVest_Khaki @ <1933.065796, 286.746552, 7681.464355> ... Lifespan: Set to 30 minutes.
[AirdropContainerFall] Loot Spawned [12] AKM @ <1931.907227, 285.657196, 7677.273438> ... Lifespan: Set to 30 minutes.
[AirdropContainerFall] Loot Spawned [13] AK101 @ <1931.351929, 285.529083, 7677.845215> ... Lifespan: Set to 30 minutes.
[AirdropContainerFall] Loot Spawned [14] AmmoBox_556x45_20Rnd @ <1937.005859, 287.461243, 7678.819336> ... Lifespan: Set to 30 minutes.
[AirdropContainerFall] Loot Spawned [15] TacticalGloves_Black @ <1932.758301, 286.063263, 7677.985840> ... Lifespan: Set to 30 minutes.
[AirdropContainerFall] Loot Spawned [16] UniversalLight @ <1935.890381, 287.019989, 7677.576660> ... Lifespan: Set to 30 minutes.
[AirdropContainerFall] Loot Spawned [17] TacticalBaconCan @ <1934.587158, 287.180634, 7680.844727> ... Lifespan: Set to 30 minutes.
[AirdropContainerFall] Loot Spawned [18] TacticalGoggles @ <1934.283203, 286.587769, 7677.723145> ... Lifespan: Set to 30 minutes.
[AirdropContainerFall] Loot Spawned [19] CanOpener @ <1937.509399, 287.844849, 7680.172363> ... Lifespan: Set to 30 minutes.
[AirdropContainerFall] Loot Spawned [20] AssaultBag_Ttsko @ <1932.212158, 285.799011, 7677.500977> ... Lifespan: Set to 30 minutes.
[AirdropContainerFall] Airdrop Flare Spawned @ <1936.565186, 287.280121, 7678.455566> ... Lifespan: Set to 30 minutes.
[AirdropContainerUnstuck] Container was unstuck.
[~AirdropContainerBase] Container Destroyed on 2021-04-08 @ 03-35-22
