[InitializeContainer] Container created on 2021-04-22 @ 13-55-25
[InitializeContainer] Winds: Vector <11.350095, 0.000000, 3.019706>, Speed 11.7449mps, Strength 0.1
[AirdropContainerFall] Drop Type 'Misc. Food', Container: 'RANDOM', Mode/Quantity/Iems: Random/29/30, Flare:  10%
[AirdropContainerFall] Loot Spawned [1] Rice @ <10038.246094, 46.986538, 2544.516846> ... Lifespan: Set to 30 minutes.
[AirdropContainerFall] Loot Spawned [2] TacticalBaconCan @ <10037.545898, 47.141693, 2543.447021> ... Lifespan: Set to 30 minutes.
[AirdropContainerFall] Loot Spawned [3] Pumpkin @ <10039.296875, 46.682205, 2548.670898> ... Lifespan: Set to 30 minutes.
[AirdropContainerFall] Loot Spawned [4] Plum @ <10035.291016, 47.239071, 2547.184326> ... Lifespan: Set to 30 minutes.
[AirdropContainerFall] Loot Spawned [5] SodaCan_Cola @ <10038.865234, 46.751984, 2548.002930> ... Lifespan: Set to 30 minutes.
[AirdropContainerFall] Loot Spawned [6] TunaCan @ <10040.736328, 46.594585, 2546.371826> ... Lifespan: Set to 30 minutes.
[AirdropContainerFall] Loot Spawned [7] Tomato @ <10037.872070, 46.856655, 2548.205322> ... Lifespan: Set to 30 minutes.
[AirdropContainerFall] Loot Spawned [8] PeachesCan @ <10036.359375, 47.086460, 2547.314941> ... Lifespan: Set to 30 minutes.
[AirdropContainerFall] Loot Spawned [9] BoxCerealCrunchin @ <10036.995117, 47.212040, 2543.527100> ... Lifespan: Set to 30 minutes.
[AirdropContainerFall] Loot Spawned [10] SambucusBerry @ <10037.021484, 47.166195, 2544.281250> ... Lifespan: Set to 30 minutes.
[AirdropContainerFall] Loot Spawned [11] SodaCan_Cola @ <10036.504883, 47.191353, 2545.088379> ... Lifespan: Set to 30 minutes.
[AirdropContainerFall] Loot Spawned [12] KOD_M16A4 @ <10037.079102, 46.945503, 2548.203857> ... Lifespan: Set to 30 minutes.
[AirdropContainerFall] Loot Spawned [13] Rice @ <10039.424805, 46.832558, 2544.402588> ... Lifespan: Set to 30 minutes.
[AirdropContainerFall] Loot Spawned [14] Canteen @ <10036.599609, 47.182117, 2545.021973> ... Lifespan: Set to 30 minutes.
[AirdropContainerFall] Loot Spawned [15] Plum @ <10038.080078, 46.827892, 2548.376953> ... Lifespan: Set to 30 minutes.
[AirdropContainerFall] Loot Spawned [16] WaterBottle @ <10038.223633, 46.820156, 2548.115479> ... Lifespan: Set to 30 minutes.
[AirdropContainerFall] Loot Spawned [17] SpaghettiCan @ <10039.535156, 46.786213, 2544.963379> ... Lifespan: Set to 30 minutes.
[AirdropContainerFall] Loot Spawned [18] Lard @ <10035.491211, 47.151741, 2548.256836> ... Lifespan: Set to 30 minutes.
[AirdropContainerFall] Loot Spawned [19] TacticalBaconCan @ <10040.742188, 46.616398, 2545.667725> ... Lifespan: Set to 30 minutes.
[AirdropContainerFall] Loot Spawned [20] Plum @ <10034.500000, 47.396545, 2545.817383> ... Lifespan: Set to 30 minutes.
[AirdropContainerFall] Loot Spawned [21] AKM @ <10036.380859, 47.071999, 2547.519775> ... Lifespan: Set to 30 minutes.
[AirdropContainerFall] Loot Spawned [22] SodaCan_Kvass @ <10035.754883, 47.107716, 2548.402832> ... Lifespan: Set to 30 minutes.
[AirdropContainerFall] Loot Spawned [23] SambucusBerry @ <10035.174805, 47.362080, 2545.268066> ... Lifespan: Set to 30 minutes.
[AirdropContainerFall] Loot Spawned [24] SodaCan_Kvass @ <10035.353516, 47.134590, 2548.896729> ... Lifespan: Set to 30 minutes.
[AirdropContainerFall] Loot Spawned [25] KOD_M16A4 @ <10036.270508, 47.006004, 2549.145996> ... Lifespan: Set to 30 minutes.
[AirdropContainerFall] Loot Spawned [26] KOD_DVL10 @ <10036.256836, 47.132038, 2546.750000> ... Lifespan: Set to 30 minutes.
[AirdropContainerFall] Loot Spawned [27] Lard @ <10036.354492, 47.278908, 2543.889404> ... Lifespan: Set to 30 minutes.
[AirdropContainerFall] Loot Spawned [28] Pumpkin @ <10039.740234, 46.808056, 2544.075195> ... Lifespan: Set to 30 minutes.
[AirdropContainerFall] Loot Spawned [29] SodaCan_Spite @ <10037.427734, 46.854160, 2549.840576> ... Lifespan: Set to 30 minutes.
[AirdropContainerUnstuck] Container was unstuck.
[~AirdropContainerBase] Container Destroyed on 2021-04-22 @ 14-08-28
