[InitializeContainer] Container created on 2021-04-20 @ 01-54-22
[InitializeContainer] Winds: Vector <5.422270, 0.000000, -6.527460>, Speed 8.4858mps, Strength 0.1
[AirdropContainerFall] Drop Type 'Military West', Container: 'AirdropContainer_Military', Mode/Quantity/Iems: Random/20/46, Flare:  10%
[AirdropContainerFall] Loot Spawned [1] AmmoBox_45ACP_25Rnd @ <3983.749512, 299.511322, 7912.100098> ... Lifespan: Set to 30 minutes.
[AirdropContainerFall] Loot Spawned [2] M4A1 @ <3985.381836, 299.320648, 7907.474121> ... Lifespan: Set to 30 minutes.
[AirdropContainerFall] Loot Spawned [3] UniversalLight @ <3981.385986, 299.458191, 7911.737793> ... Lifespan: Set to 30 minutes.
[AirdropContainerFall] Loot Spawned [4] UKAssVest_Khaki @ <3983.391113, 299.281647, 7907.070313> ... Lifespan: Set to 30 minutes.
[AirdropContainerFall] Loot Spawned [5] M4A1 @ <3981.384277, 299.366638, 7909.658203> ... Lifespan: Set to 30 minutes.
[AirdropContainerFall] Loot Spawned [6] Mag_STANAG_30Rnd @ <3986.275146, 299.509308, 7911.240723> ... Lifespan: Set to 30 minutes.
[AirdropContainerFall] Loot Spawned [7] AmmoBox_556x45_20Rnd @ <3983.977539, 299.517700, 7912.155762> ... Lifespan: Set to 30 minutes.
[AirdropContainerFall] Loot Spawned [8] M4A1 @ <3984.456787, 299.534882, 7912.348145> ... Lifespan: Set to 30 minutes.
[AirdropContainerFall] Loot Spawned [9] AmmoBox_45ACP_25Rnd @ <3985.517578, 299.415436, 7909.583496> ... Lifespan: Set to 30 minutes.
[AirdropContainerFall] Loot Spawned [10] M4_Suppressor @ <3981.188232, 299.355896, 7909.490723> ... Lifespan: Set to 30 minutes.
[AirdropContainerFall] Loot Spawned [11] Binoculars @ <3980.415771, 299.400909, 7910.818848> ... Lifespan: Set to 30 minutes.
[AirdropContainerFall] Loot Spawned [12] UKAssVest_Olive @ <3981.164795, 299.317230, 7908.621094> ... Lifespan: Set to 30 minutes.
[AirdropContainerFall] Loot Spawned [13] AssaultBag_Ttsko @ <3984.677490, 299.337494, 7908.028320> ... Lifespan: Set to 30 minutes.
[AirdropContainerFall] Loot Spawned [14] UKAssVest_Khaki @ <3980.810303, 299.395477, 7910.539551> ... Lifespan: Set to 30 minutes.
[AirdropContainerFall] Loot Spawned [15] Battery9V @ <3986.002441, 299.389191, 7908.881348> ... Lifespan: Set to 30 minutes.
[AirdropContainerFall] Loot Spawned [16] WeaponCleaningKit @ <3980.963379, 299.286133, 7907.994629> ... Lifespan: Set to 30 minutes.
[AirdropContainerFall] Loot Spawned [17] M9A1_Bayonet @ <3982.990723, 299.257965, 7906.629395> ... Lifespan: Set to 30 minutes.
[AirdropContainerFall] Loot Spawned [18] AmmoBox_556x45_20Rnd @ <3984.019043, 299.475952, 7911.295898> ... Lifespan: Set to 30 minutes.
[AirdropContainerFall] Loot Spawned [19] TacticalGloves_Green @ <3980.322754, 299.338074, 7909.427246> ... Lifespan: Set to 30 minutes.
[AirdropContainerFall] Loot Spawned [20] USMCPants_Desert @ <3984.964355, 299.350281, 7908.248535> ... Lifespan: Set to 30 minutes.
[AirdropContainerUnstuck] Container was unstuck.
[~AirdropContainerBase] Container Destroyed on 2021-04-20 @ 02-19-22
