[InitializeContainer] Container created on 2021-05-03 @ 05-32-15
[InitializeContainer] Winds: Vector <1.130708, 0.000000, -6.874641>, Speed 6.96701mps, Strength 0.1
[AirdropContainerFall] Drop Type 'Misc. Food', Container: 'RANDOM', Mode/Quantity/Iems: Random/20/26, Flare:  10%
[AirdropContainerFall] Loot Spawned [1] Zucchini @ <10084.333984, 37.601933, 2381.163574> ... Lifespan: Set to 60 minutes.
[AirdropContainerFall] Loot Spawned [2] CaninaBerry @ <10081.481445, 37.915451, 2381.636719> ... Lifespan: Set to 60 minutes.
[AirdropContainerFall] Loot Spawned [3] GreenBellPepper @ <10083.096680, 37.195251, 2376.815430> ... Lifespan: Set to 60 minutes.
[AirdropContainerFall] Loot Spawned [4] Rice @ <10083.044922, 37.893883, 2382.714600> ... Lifespan: Set to 60 minutes.
[AirdropContainerFall] Loot Spawned [5] Pear @ <10083.708984, 37.787895, 2382.317383> ... Lifespan: Set to 60 minutes.
[AirdropContainerFall] Loot Spawned [6] Pumpkin @ <10084.890625, 37.137833, 2377.502197> ... Lifespan: Set to 60 minutes.
[AirdropContainerFall] Loot Spawned [7] SodaCan_Kvass @ <10085.721680, 37.590302, 2382.229004> ... Lifespan: Set to 60 minutes.
[AirdropContainerFall] Loot Spawned [8] SodaCan_Pipsi @ <10083.017578, 37.960037, 2383.289795> ... Lifespan: Set to 60 minutes.
[AirdropContainerFall] Loot Spawned [9] SpaghettiCan @ <10080.258789, 38.048656, 2381.833496> ... Lifespan: Set to 60 minutes.
[AirdropContainerFall] Loot Spawned [10] Potato @ <10083.624023, 37.379116, 2378.618164> ... Lifespan: Set to 60 minutes.
[AirdropContainerFall] Loot Spawned [11] Lard @ <10080.024414, 38.043835, 2381.603516> ... Lifespan: Set to 60 minutes.
[AirdropContainerFall] Loot Spawned [12] Apple @ <10083.130859, 37.361057, 2378.063965> ... Lifespan: Set to 60 minutes.
[AirdropContainerFall] Loot Spawned [13] Zucchini @ <10084.562500, 37.487000, 2380.320801> ... Lifespan: Set to 60 minutes.
[AirdropContainerFall] Loot Spawned [14] Pear @ <10084.698242, 37.126335, 2377.312988> ... Lifespan: Set to 60 minutes.
[AirdropContainerFall] Loot Spawned [15] GreenBellPepper @ <10083.043945, 37.883022, 2382.615723> ... Lifespan: Set to 60 minutes.
[AirdropContainerFall] Loot Spawned [16] PeachesCan @ <10081.520508, 37.625668, 2379.110596> ... Lifespan: Set to 60 minutes.
[AirdropContainerFall] Loot Spawned [17] SpaghettiCan @ <10082.631836, 37.483025, 2378.741211> ... Lifespan: Set to 60 minutes.
[AirdropContainerFall] Loot Spawned [18] TunaCan @ <10083.876953, 37.311535, 2378.224121> ... Lifespan: Set to 60 minutes.
[AirdropContainerFall] Loot Spawned [19] SodaCan_Pipsi @ <10081.353516, 37.717865, 2379.790771> ... Lifespan: Set to 60 minutes.
[AirdropContainerFall] Loot Spawned [20] SpaghettiCan @ <10083.689453, 37.352703, 2378.437256> ... Lifespan: Set to 60 minutes.
[AirdropContainerUnstuck] Container was unstuck.
[~AirdropContainerBase] Container Destroyed on 2021-05-03 @ 06-02-15
