[InitializeContainer] Container created on 2021-03-13 @ 15-20-33
[InitializeContainer] Winds: Vector <-2.600701, 0.000000, -4.147611>, Speed 4.89554mps, Strength 0.1
[AirdropContainerFall] Drop Type 'Misc. Food', Container: 'RANDOM', Mode/Quantity/Iems: Random/29/30, Flare:  10%
[AirdropContainerFall] Loot Spawned [1] BoxCerealCrunchin @ <12359.164063, 26.806644, 9232.193359> ... Lifespan: Set to 60 minutes.
[AirdropContainerFall] Loot Spawned [2] SambucusBerry @ <12363.144531, 26.588097, 9235.280273> ... Lifespan: Set to 60 minutes.
[AirdropContainerFall] Loot Spawned [3] Lard @ <12359.000977, 26.774529, 9233.361328> ... Lifespan: Set to 60 minutes.
[AirdropContainerFall] Loot Spawned [4] SambucusBerry @ <12364.882813, 26.482727, 9232.830078> ... Lifespan: Set to 60 minutes.
[AirdropContainerFall] Loot Spawned [5] Rice @ <12363.608398, 26.601025, 9231.885742> ... Lifespan: Set to 60 minutes.
[AirdropContainerFall] Loot Spawned [6] SardinesCan @ <12359.068359, 26.773512, 9233.942383> ... Lifespan: Set to 60 minutes.
[AirdropContainerFall] Loot Spawned [7] Plum @ <12360.288086, 26.912382, 9230.518555> ... Lifespan: Set to 60 minutes.
[AirdropContainerFall] Loot Spawned [8] PeachesCan @ <12360.282227, 26.715319, 9233.534180> ... Lifespan: Set to 60 minutes.
[AirdropContainerFall] Loot Spawned [9] SodaCan_Pipsi @ <12359.482422, 26.750370, 9232.810547> ... Lifespan: Set to 60 minutes.
[AirdropContainerFall] Loot Spawned [10] SodaCan_Cola @ <12362.120117, 26.638016, 9235.202148> ... Lifespan: Set to 60 minutes.
[AirdropContainerFall] Loot Spawned [11] AKM @ <12362.006836, 26.648626, 9235.833984> ... Lifespan: Set to 60 minutes.
[AirdropContainerFall] Loot Spawned [12] Zucchini @ <12363.339844, 26.761942, 9230.326172> ... Lifespan: Set to 60 minutes.
[AirdropContainerFall] Loot Spawned [13] BakedBeansCan @ <12364.003906, 26.536121, 9234.083984> ... Lifespan: Set to 60 minutes.
[AirdropContainerFall] Loot Spawned [14] SambucusBerry @ <12360.748047, 26.686090, 9232.753906> ... Lifespan: Set to 60 minutes.
[AirdropContainerFall] Loot Spawned [15] BoxCerealCrunchin @ <12363.068359, 26.645180, 9231.701172> ... Lifespan: Set to 60 minutes.
[AirdropContainerFall] Loot Spawned [16] SambucusBerry @ <12361.502930, 26.742088, 9231.493164> ... Lifespan: Set to 60 minutes.
[AirdropContainerFall] Loot Spawned [17] GreenBellPepper @ <12359.003906, 26.773788, 9233.625000> ... Lifespan: Set to 60 minutes.
[AirdropContainerFall] Loot Spawned [18] SpaghettiCan @ <12362.805664, 26.605871, 9235.413086> ... Lifespan: Set to 60 minutes.
[AirdropContainerFall] Loot Spawned [19] Zucchini @ <12360.203125, 26.724308, 9234.171875> ... Lifespan: Set to 60 minutes.
[AirdropContainerFall] Loot Spawned [20] BoxCerealCrunchin @ <12360.415039, 26.862989, 9230.915039> ... Lifespan: Set to 60 minutes.
[AirdropContainerFall] Loot Spawned [21] SodaCan_Spite @ <12360.427734, 26.708790, 9233.615234> ... Lifespan: Set to 60 minutes.
[AirdropContainerFall] Loot Spawned [22] Pear @ <12360.824219, 26.694754, 9234.305664> ... Lifespan: Set to 60 minutes.
[AirdropContainerFall] Loot Spawned [23] Rice @ <12361.319336, 26.837261, 9230.643555> ... Lifespan: Set to 60 minutes.
[AirdropContainerFall] Loot Spawned [24] Tomato @ <12359.324219, 26.757185, 9233.311523> ... Lifespan: Set to 60 minutes.
[AirdropContainerFall] Loot Spawned [25] SpaghettiCan @ <12362.709961, 26.673586, 9231.587891> ... Lifespan: Set to 60 minutes.
[AirdropContainerFall] Loot Spawned [26] Rice @ <12362.998047, 26.598240, 9235.644531> ... Lifespan: Set to 60 minutes.
[AirdropContainerFall] Loot Spawned [27] Pear @ <12360.992188, 26.692921, 9235.109375> ... Lifespan: Set to 60 minutes.
[AirdropContainerFall] Loot Spawned [28] SodaCan_Kvass @ <12365.047852, 26.483021, 9233.882813> ... Lifespan: Set to 60 minutes.
[AirdropContainerFall] Loot Spawned [29] BoxCerealCrunchin @ <12360.315430, 26.829729, 9231.287109> ... Lifespan: Set to 60 minutes.
[AirdropContainerUnstuck] Container was unstuck.
[~AirdropContainerBase] Container Destroyed on 2021-03-13 @ 15-45-33
