[InitializeContainer] Container created on 2021-05-05 @ 12-35-45
[InitializeContainer] Winds: Vector <9.842454, 0.000000, 8.573479>, Speed 13.0529mps, Strength 0.1
[AirdropContainerFall] Drop Type 'Military East', Container: 'RANDOM', Mode/Quantity/Iems: Random/20/28, Flare:  10%
[AirdropContainerFall] Loot Spawned [1] TacticalGoggles @ <8645.790039, 103.886284, 12736.980469> ... Lifespan: Set to 60 minutes.
[AirdropContainerFall] Loot Spawned [2] Mag_AKM_30Rnd @ <8648.118164, 103.840263, 12737.885742> ... Lifespan: Set to 60 minutes.
[AirdropContainerFall] Loot Spawned [3] Canteen @ <8649.095703, 103.795448, 12735.474609> ... Lifespan: Set to 60 minutes.
[AirdropContainerFall] Loot Spawned [4] TTsKOJacket_Camo @ <8649.543945, 103.793106, 12738.923828> ... Lifespan: Set to 60 minutes.
[AirdropContainerFall] Loot Spawned [5] Canteen @ <8646.160156, 103.880608, 12733.937500> ... Lifespan: Set to 60 minutes.
[AirdropContainerFall] Loot Spawned [6] GorkaEJacket_Summer @ <8648.280273, 103.827583, 12732.843750> ... Lifespan: Set to 60 minutes.
[AirdropContainerFall] Loot Spawned [7] AK_Suppressor @ <8647.465820, 103.856049, 12733.357422> ... Lifespan: Set to 60 minutes.
[AirdropContainerFall] Loot Spawned [8] AK_Suppressor @ <8649.780273, 103.769020, 12734.912109> ... Lifespan: Set to 60 minutes.
[AirdropContainerFall] Loot Spawned [9] Binoculars @ <8650.467773, 103.745003, 12734.363281> ... Lifespan: Set to 60 minutes.
[AirdropContainerFall] Loot Spawned [10] GorkaPants_Autumn @ <8649.015625, 103.797714, 12734.032227> ... Lifespan: Set to 60 minutes.
[AirdropContainerFall] Loot Spawned [11] Binoculars @ <8646.296875, 103.877319, 12734.150391> ... Lifespan: Set to 60 minutes.
[AirdropContainerFall] Loot Spawned [12] UniversalLight @ <8648.753906, 103.809395, 12733.040039> ... Lifespan: Set to 60 minutes.
[AirdropContainerFall] Loot Spawned [13] TTsKOJacket_Camo @ <8650.099609, 103.766426, 12737.257813> ... Lifespan: Set to 60 minutes.
[AirdropContainerFall] Loot Spawned [14] GorkaEJacket_PautRev @ <8649.282227, 103.788277, 12733.915039> ... Lifespan: Set to 60 minutes.
[AirdropContainerFall] Loot Spawned [15] GorkaEJacket_Flat @ <8649.536133, 103.778389, 12734.484375> ... Lifespan: Set to 60 minutes.
[AirdropContainerFall] Loot Spawned [16] GorkaPants_Flat @ <8647.703125, 103.861824, 12739.536133> ... Lifespan: Set to 60 minutes.
[AirdropContainerFall] Loot Spawned [17] GorkaEJacket_Flat @ <8648.708008, 103.823349, 12738.963867> ... Lifespan: Set to 60 minutes.
[AirdropContainerFall] Loot Spawned [18] WeaponCleaningKit @ <8649.062500, 103.796150, 12733.945313> ... Lifespan: Set to 60 minutes.
[AirdropContainerFall] Loot Spawned [19] GorkaPants_Autumn @ <8647.681641, 103.859207, 12738.692383> ... Lifespan: Set to 60 minutes.
[AirdropContainerFall] Loot Spawned [20] Binoculars @ <8645.679688, 103.887398, 12736.158203> ... Lifespan: Set to 60 minutes.
[AirdropContainerUnstuck] Container was unstuck.
[~AirdropContainerBase] Container Destroyed on 2021-05-05 @ 12-59-36
