[InitializeContainer] Container created on 2021-05-02 @ 16-09-14
[InitializeContainer] Winds: Vector <6.203382, 0.000000, -6.178955>, Speed 8.75565mps, Strength 0.1
[AirdropContainerFall] Drop Type 'Military East', Container: 'RANDOM', Mode/Quantity/Iems: Random/20/28, Flare:  10%
[AirdropContainerFall] Loot Spawned [1] Mag_AKM_30Rnd @ <4073.450439, 298.497406, 7792.826172> ... Lifespan: Set to 60 minutes.
[AirdropContainerFall] Loot Spawned [2] Canteen @ <4077.026855, 298.781921, 7797.355957> ... Lifespan: Set to 60 minutes.
[AirdropContainerFall] Loot Spawned [3] Canteen @ <4076.061035, 298.738556, 7797.135742> ... Lifespan: Set to 60 minutes.
[AirdropContainerFall] Loot Spawned [4] GorkaEJacket_Flat @ <4072.500977, 298.545624, 7795.335449> ... Lifespan: Set to 60 minutes.
[AirdropContainerFall] Loot Spawned [5] AK_RailHndgrd @ <4076.403564, 298.816498, 7799.090820> ... Lifespan: Set to 60 minutes.
[AirdropContainerFall] Loot Spawned [6] AK_Bayonet @ <4075.232178, 298.781464, 7799.351074> ... Lifespan: Set to 60 minutes.
[AirdropContainerFall] Loot Spawned [7] GorkaEJacket_PautRev @ <4074.331543, 298.570038, 7794.018555> ... Lifespan: Set to 60 minutes.
[AirdropContainerFall] Loot Spawned [8] Battery9V @ <4071.955811, 298.513184, 7794.974609> ... Lifespan: Set to 60 minutes.
[AirdropContainerFall] Loot Spawned [9] AK_PlasticBttstck @ <4073.386719, 298.690765, 7798.698242> ... Lifespan: Set to 60 minutes.
[AirdropContainerFall] Loot Spawned [10] AK_Bayonet @ <4075.956299, 298.630066, 7793.999512> ... Lifespan: Set to 60 minutes.
[AirdropContainerFall] Loot Spawned [11] TacticalGoggles @ <4076.868408, 298.703918, 7795.194336> ... Lifespan: Set to 60 minutes.
[AirdropContainerFall] Loot Spawned [12] TacticalGoggles @ <4076.156982, 298.778687, 7798.232910> ... Lifespan: Set to 60 minutes.
[AirdropContainerFall] Loot Spawned [13] AKM @ <4072.799072, 298.634918, 7797.681641> ... Lifespan: Set to 60 minutes.
[AirdropContainerFall] Loot Spawned [14] Mag_AKM_30Rnd @ <4077.991455, 298.818207, 7797.363770> ... Lifespan: Set to 60 minutes.
[AirdropContainerFall] Loot Spawned [15] AKM @ <4073.276123, 298.657959, 7797.837891> ... Lifespan: Set to 60 minutes.
[AirdropContainerFall] Loot Spawned [16] GorkaEJacket_PautRev @ <4074.673340, 298.702942, 7797.622559> ... Lifespan: Set to 60 minutes.
[AirdropContainerFall] Loot Spawned [17] Binoculars @ <4072.648682, 298.591736, 7796.554199> ... Lifespan: Set to 60 minutes.
[AirdropContainerFall] Loot Spawned [18] TacticalGloves_Green @ <4073.750244, 298.691437, 7798.311035> ... Lifespan: Set to 60 minutes.
[AirdropContainerFall] Loot Spawned [19] GorkaEJacket_PautRev @ <4076.855957, 298.668518, 7794.145996> ... Lifespan: Set to 60 minutes.
[AirdropContainerFall] Loot Spawned [20] GorkaEJacket_Autumn @ <4072.876709, 298.487885, 7793.183105> ... Lifespan: Set to 60 minutes.
[AirdropContainerFall] Airdrop Flare Spawned @ <4076.827393, 298.640076, 7793.324219> ... Lifespan: Set to 60 minutes.
[AirdropContainerUnstuck] Container was unstuck.
[~AirdropContainerBase] Container Destroyed on 2021-05-02 @ 16-39-18
