[AirdropPlane] Aircraft created on 2021-04-05 @ 11-07-54
[InitializeAircraft] Aircraft Initialized: Elektrozavodsk @ 10050/2450 (true)
[EOnBeforeDrop] The Aircraft is 1 Km from Elektrozavodsk. @ <8893.959961, 314.815643, 3403.710449>
[EOnDrop] Zombie Spawned [1] ZmbF_ShortSkirt_checks @ <9964.542969, 60.486858, 2486.167480> ... Lifespan:  Set to 30 minutes.
[EOnDrop] Zombie Spawned [2] ZmbM_Jacket_greenchecks @ <9977.671875, 56.175518, 2533.659424> ... Lifespan:  Set to 30 minutes.
[EOnDrop] Zombie Spawned [3] ZmbF_ParamedicNormal_Red @ <9991.796875, 55.332123, 2509.372559> ... Lifespan:  Set to 30 minutes.
[EOnDrop] Zombie Spawned [4] ZmbF_JoggerSkinny_Red @ <9984.469727, 56.604309, 2509.434814> ... Lifespan:  Set to 30 minutes.
[EOnDrop] Zombie Spawned [5] ZmbF_DoctorSkinny @ <10015.655273, 52.565922, 2491.655762> ... Lifespan:  Set to 30 minutes.
[EOnDrop] Zombie Spawned [6] ZmbM_JoggerSkinny_Red @ <10019.349609, 52.127602, 2495.192139> ... Lifespan:  Set to 30 minutes.
[EOnDrop] Zombie Spawned [7] ZmbM_Jacket_khaki @ <9977.709961, 56.986454, 2522.984131> ... Lifespan:  Set to 30 minutes.
[EOnDrop] Zombie Spawned [8] ZmbF_JournalistNormal_White @ <9985.365234, 55.819859, 2473.353271> ... Lifespan:  Set to 30 minutes.
[EOnDrop] Zombie Spawned [9] ZmbM_CommercialPilotOld_Brown @ <9997.398438, 53.838425, 2520.759766> ... Lifespan:  Set to 30 minutes.
[EOnDrop] Zombie Spawned [10] ZmbM_Jacket_black @ <9993.395508, 55.368946, 2499.434326> ... Lifespan:  Set to 30 minutes.
[EOnDrop] Zombie Spawned [11] ZmbF_NurseFat @ <9993.991211, 52.804604, 2541.475586> ... Lifespan:  Set to 30 minutes.
[EOnDrop] Zombie Spawned [12] ZmbF_SkaterYoung_Violet @ <10012.681641, 52.736778, 2468.467285> ... Lifespan:  Set to 30 minutes.
[EOnDrop] Zombie Spawned [13] ZmbF_ShortSkirt_white @ <10004.381836, 53.472996, 2466.637207> ... Lifespan:  Set to 30 minutes.
[EOnDrop] Zombie Spawned [14] ZmbM_PolicemanSpecForce @ <9962.127930, 61.027660, 2495.284424> ... Lifespan:  Set to 30 minutes.
[EOnDrop] Zombie Spawned [15] ZmbM_Jacket_brown @ <9982.321289, 56.903244, 2511.356934> ... Lifespan:  Set to 30 minutes.
[EOnDrop] Zombie Spawned [16] ZmbF_SkaterYoung_Brown @ <9945.523438, 63.753090, 2502.002441> ... Lifespan:  Set to 30 minutes.
[EOnDrop] Zombie Spawned [17] ZmbM_PolicemanFat @ <10012.518555, 52.151138, 2515.074219> ... Lifespan:  Set to 30 minutes.
[EOnDrop] Zombie Spawned [18] ZmbM_CommercialPilotOld_Olive @ <9992.313477, 54.296661, 2461.970215> ... Lifespan:  Set to 30 minutes.
[EOnDrop] Zombie Spawned [19] ZmbF_Clerk_Normal_Blue @ <9953.664063, 62.612385, 2484.280518> ... Lifespan:  Set to 30 minutes.
[EOnDrop] Zombie Spawned [20] ZmbM_PrisonerSkinny @ <9980.603516, 57.492855, 2505.018555> ... Lifespan:  Set to 30 minutes.
[EOnDrop] Drop spawned with 20 infected at <9986.358398, 213.812729, 2503.055176>.
[EOnDrop] Supplies have been dropped near Elektrozavodsk.
[EOnBeforeDelete] Aircraft despawned @ <14236.889648, 152.000610, -1001.179993>
[~AirdropPlane] Aircraft destroyed.
