[InitializeContainer] Container created on 2021-03-22 @ 20-35-06
[InitializeContainer] Winds: Vector <9.011631, 0.000000, -3.915886>, Speed 9.82566mps, Strength 0.1
[AirdropContainerFall] Drop Type 'Misc. Food', Container: 'RANDOM', Mode/Quantity/Iems: Random/29/30, Flare:  10%
[AirdropContainerFall] Loot Spawned [1] WaterBottle @ <1929.678345, 288.264252, 7694.288574> ... Lifespan: Set to 30 minutes.
[AirdropContainerFall] Loot Spawned [2] BakedBeansCan @ <1927.302246, 286.246033, 7689.195801> ... Lifespan: Set to 30 minutes.
[AirdropContainerFall] Loot Spawned [3] SodaCan_Pipsi @ <1931.208374, 288.395172, 7692.238281> ... Lifespan: Set to 30 minutes.
[AirdropContainerFall] Loot Spawned [4] Pumpkin @ <1929.865967, 288.514862, 7695.023438> ... Lifespan: Set to 30 minutes.
[AirdropContainerFall] Loot Spawned [5] WaterBottle @ <1926.948730, 286.655945, 7691.758789> ... Lifespan: Set to 30 minutes.
[AirdropContainerFall] Loot Spawned [6] PeachesCan @ <1926.955078, 286.841797, 7692.624023> ... Lifespan: Set to 30 minutes.
[AirdropContainerFall] Loot Spawned [7] WaterBottle @ <1926.315674, 286.566711, 7692.464355> ... Lifespan: Set to 30 minutes.
[AirdropContainerFall] Loot Spawned [8] AK101 @ <1930.230347, 288.363892, 7693.768555> ... Lifespan: Set to 30 minutes.
[AirdropContainerFall] Loot Spawned [9] Zucchini @ <1928.371948, 287.744720, 7694.330078> ... Lifespan: Set to 30 minutes.
[AirdropContainerFall] Loot Spawned [10] BakedBeansCan @ <1930.744629, 288.561340, 7693.722656> ... Lifespan: Set to 30 minutes.
[AirdropContainerFall] Loot Spawned [11] AK101 @ <1927.147705, 287.221466, 7694.071777> ... Lifespan: Set to 30 minutes.
[AirdropContainerFall] Loot Spawned [12] Tomato @ <1931.649048, 288.570282, 7692.223633> ... Lifespan: Set to 30 minutes.
[AirdropContainerFall] Loot Spawned [13] SodaCan_Cola @ <1928.211060, 286.708527, 7689.755859> ... Lifespan: Set to 30 minutes.
[AirdropContainerFall] Loot Spawned [14] Plum @ <1929.025757, 287.858368, 7693.696289> ... Lifespan: Set to 30 minutes.
[AirdropContainerFall] Loot Spawned [15] KOD_M16A4 @ <1927.370483, 286.738251, 7691.396484> ... Lifespan: Set to 30 minutes.
[AirdropContainerFall] Loot Spawned [16] SodaCan_Pipsi @ <1931.047974, 288.070068, 7691.110840> ... Lifespan: Set to 30 minutes.
[AirdropContainerFall] Loot Spawned [17] PeachesCan @ <1930.935791, 288.325562, 7692.409180> ... Lifespan: Set to 30 minutes.
[AirdropContainerFall] Loot Spawned [18] KOD_M16A4 @ <1927.455078, 286.803680, 7691.554688> ... Lifespan: Set to 30 minutes.
[AirdropContainerFall] Loot Spawned [19] AK101 @ <1929.729248, 287.204803, 7689.384277> ... Lifespan: Set to 30 minutes.
[AirdropContainerFall] Loot Spawned [20] SodaCan_Cola @ <1930.075439, 287.671112, 7690.965332> ... Lifespan: Set to 30 minutes.
[AirdropContainerFall] Loot Spawned [21] PowderedMilk @ <1925.890137, 286.371613, 7692.301758> ... Lifespan: Set to 30 minutes.
[AirdropContainerFall] Loot Spawned [22] TunaCan @ <1926.854614, 286.868866, 7692.930176> ... Lifespan: Set to 30 minutes.
[AirdropContainerFall] Loot Spawned [23] GreenBellPepper @ <1927.281250, 286.567352, 7690.749023> ... Lifespan: Set to 30 minutes.
[AirdropContainerFall] Loot Spawned [24] PeachesCan @ <1928.582642, 286.704865, 7689.074219> ... Lifespan: Set to 30 minutes.
[AirdropContainerFall] Loot Spawned [25] BoxCerealCrunchin @ <1931.836426, 288.375977, 7691.090820> ... Lifespan: Set to 30 minutes.
[AirdropContainerFall] Loot Spawned [26] PowderedMilk @ <1930.571777, 287.854370, 7690.943848> ... Lifespan: Set to 30 minutes.
[AirdropContainerFall] Loot Spawned [27] Rice @ <1931.843628, 289.029999, 7693.819824> ... Lifespan: Set to 30 minutes.
[AirdropContainerFall] Loot Spawned [28] Apple @ <1930.136230, 287.499817, 7690.049316> ... Lifespan: Set to 30 minutes.
[AirdropContainerFall] Loot Spawned [29] SodaCan_Kvass @ <1928.396729, 286.594421, 7688.885742> ... Lifespan: Set to 30 minutes.
[AirdropContainerUnstuck] Container was unstuck.
[~AirdropContainerBase] Container Destroyed on 2021-03-22 @ 21-00-06
