[AirdropPlane] Aircraft created on 2021-04-16 @ 06-43-09
[InitializeAircraft] Aircraft Initialized: Soverograd @ 8566/12755 (true)
[EOnBeforeDrop] The Aircraft is 1 Km from Soverograd. @ <8761.362305, 411.497345, 11268.695313>
[EOnDrop] Zombie Spawned [1] ZmbM_CitizenASkinny_Blue @ <8574.820313, 101.030518, 12652.421875> ... Lifespan:  Set to 30 minutes.
[EOnDrop] Zombie Spawned [2] ZmbM_CommercialPilotOld_Brown @ <8529.824219, 104.500641, 12690.481445> ... Lifespan:  Set to 30 minutes.
[EOnDrop] Zombie Spawned [3] ZmbF_JoggerSkinny_Brown @ <8597.780273, 104.500000, 12703.930664> ... Lifespan:  Set to 30 minutes.
[EOnDrop] Zombie Spawned [4] ZmbF_ShortSkirt_green @ <8610.169922, 103.825203, 12674.249023> ... Lifespan:  Set to 30 minutes.
[EOnDrop] Zombie Spawned [5] ZmbM_Jacket_khaki @ <8578.754883, 105.343658, 12637.436523> ... Lifespan:  Set to 30 minutes.
[EOnDrop] Zombie Spawned [6] ZmbM_Jacket_blue @ <8541.404297, 104.460419, 12674.041992> ... Lifespan:  Set to 30 minutes.
[EOnDrop] Spawn failed for zombie [7] 'ZmbM_JacketNormal_greenchecks', it does not exist in DayZ!
[EOnDrop] Zombie Spawned [8] ZmbM_JournalistSkinny @ <8534.132813, 104.500000, 12681.834961> ... Lifespan:  Set to 30 minutes.
[EOnDrop] Zombie Spawned [9] ZmbF_ShortSkirt_beige @ <8572.135742, 104.500000, 12684.709961> ... Lifespan:  Set to 30 minutes.
[EOnDrop] Zombie Spawned [10] ZmbM_Jacket_magenta @ <8570.666992, 101.766884, 12653.778320> ... Lifespan:  Set to 30 minutes.
[EOnDrop] Zombie Spawned [11] ZmbF_SkaterYoung_Striped @ <8565.142578, 104.500000, 12694.392578> ... Lifespan:  Set to 30 minutes.
[EOnDrop] Zombie Spawned [12] ZmbF_JournalistNormal_Green @ <8579.459961, 104.500000, 12684.757813> ... Lifespan:  Set to 30 minutes.
[EOnDrop] Zombie Spawned [13] ZmbF_ShortSkirt_yellow @ <8564.404297, 104.839333, 12632.990234> ... Lifespan:  Set to 30 minutes.
[EOnDrop] Spawn failed for zombie [14] 'ZmbM_JacketNormal_greenchecks', it does not exist in DayZ!
[EOnDrop] Zombie Spawned [15] ZmbM_Jacket_magenta @ <8576.137695, 103.635124, 12663.450195> ... Lifespan:  Set to 30 minutes.
[EOnDrop] Zombie Spawned [16] ZmbM_Jacket_blue @ <8555.143555, 104.500000, 12698.505859> ... Lifespan:  Set to 30 minutes.
[EOnDrop] Zombie Spawned [17] ZmbM_Jacket_brown @ <8557.740234, 101.199707, 12638.876953> ... Lifespan:  Set to 30 minutes.
[EOnDrop] Zombie Spawned [18] ZmbM_Jacket_black @ <8567.721680, 104.500000, 12689.722656> ... Lifespan:  Set to 30 minutes.
[EOnDrop] Zombie Spawned [19] ZmbF_JournalistNormal_Blue @ <8584.219727, 104.059181, 12673.218750> ... Lifespan:  Set to 30 minutes.
[EOnDrop] Zombie Spawned [20] ZmbF_ShortSkirt_red @ <8560.084961, 104.500000, 12684.416992> ... Lifespan:  Set to 30 minutes.
[EOnDrop] Zombie Spawned [21] ZmbF_JoggerSkinny_Green @ <8570.680664, 104.425041, 12679.540039> ... Lifespan:  Set to 30 minutes.
[EOnDrop] Zombie Spawned [22] ZmbM_Jacket_greenchecks @ <8608.648438, 104.500000, 12687.606445> ... Lifespan:  Set to 30 minutes.
[EOnDrop] Zombie Spawned [23] ZmbF_Clerk_Normal_Green @ <8535.229492, 104.500000, 12701.975586> ... Lifespan:  Set to 30 minutes.
[EOnDrop] Zombie Spawned [24] ZmbF_ShortSkirt_brown @ <8531.366211, 103.677666, 12661.286133> ... Lifespan:  Set to 30 minutes.
[EOnDrop] Zombie Spawned [25] ZmbF_ShortSkirt_stripes @ <8537.152344, 103.656441, 12658.247070> ... Lifespan:  Set to 30 minutes.
[EOnDrop] Drop spawned with 25 infected at <8576.392578, 265.362030, 12678.639648>.
[EOnDrop] Supplies have been dropped near Soverograd.
[EOnBeforeDelete] Aircraft despawned @ <8093.262695, 408.026489, 16361.330078>
[~AirdropPlane] Aircraft destroyed.
