[InitializeContainer] Container created on 2021-04-06 @ 03-09-25
[InitializeContainer] Winds: Vector <10.627590, 0.000000, -1.154212>, Speed 10.6901mps, Strength 0.1
[AirdropContainerFall] Drop Type 'Misc. Food', Container: 'RANDOM', Mode/Quantity/Iems: Random/29/30, Flare:  10%
[AirdropContainerFall] Loot Spawned [1] SodaCan_Cola @ <3046.947021, 208.335724, 12768.107422> ... Lifespan: Set to 30 minutes.
[AirdropContainerFall] Loot Spawned [2] CaninaBerry @ <3046.813965, 208.341263, 12764.703125> ... Lifespan: Set to 30 minutes.
[AirdropContainerFall] Loot Spawned [3] PeachesCan @ <3044.209473, 208.440521, 12765.856445> ... Lifespan: Set to 30 minutes.
[AirdropContainerFall] Loot Spawned [4] Lard @ <3048.213867, 208.286728, 12768.451172> ... Lifespan: Set to 30 minutes.
[AirdropContainerFall] Loot Spawned [5] Zucchini @ <3044.328613, 208.436111, 12765.640625> ... Lifespan: Set to 30 minutes.
[AirdropContainerFall] Loot Spawned [6] SpaghettiCan @ <3041.964355, 208.524719, 12767.742188> ... Lifespan: Set to 30 minutes.
[AirdropContainerFall] Loot Spawned [7] Canteen @ <3045.305176, 208.399200, 12770.534180> ... Lifespan: Set to 30 minutes.
[AirdropContainerFall] Loot Spawned [8] AK101 @ <3044.343506, 208.436569, 12764.858398> ... Lifespan: Set to 30 minutes.
[AirdropContainerFall] Loot Spawned [9] Apple @ <3046.431641, 208.355637, 12770.544922> ... Lifespan: Set to 30 minutes.
[AirdropContainerFall] Loot Spawned [10] SambucusBerry @ <3042.402344, 208.507980, 12768.534180> ... Lifespan: Set to 30 minutes.
[AirdropContainerFall] Loot Spawned [11] Rice @ <3043.064453, 208.483261, 12769.345703> ... Lifespan: Set to 30 minutes.
[AirdropContainerFall] Loot Spawned [12] BoxCerealCrunchin @ <3046.388184, 208.357330, 12770.721680> ... Lifespan: Set to 30 minutes.
[AirdropContainerFall] Loot Spawned [13] SodaCan_Cola @ <3045.991943, 208.372650, 12770.446289> ... Lifespan: Set to 30 minutes.
[AirdropContainerFall] Loot Spawned [14] SodaCan_Kvass @ <3046.885498, 208.338089, 12768.920898> ... Lifespan: Set to 30 minutes.
[AirdropContainerFall] Loot Spawned [15] SodaCan_Pipsi @ <3045.026855, 208.409973, 12770.470703> ... Lifespan: Set to 30 minutes.
[AirdropContainerFall] Loot Spawned [16] Rice @ <3046.483643, 208.354340, 12764.475586> ... Lifespan: Set to 30 minutes.
[AirdropContainerFall] Loot Spawned [17] AK101 @ <3045.140625, 208.405563, 12769.753906> ... Lifespan: Set to 30 minutes.
[AirdropContainerFall] Loot Spawned [18] SodaCan_Spite @ <3043.438965, 208.469284, 12770.430664> ... Lifespan: Set to 30 minutes.
[AirdropContainerFall] Loot Spawned [19] PowderedMilk @ <3046.001221, 208.372284, 12769.060547> ... Lifespan: Set to 30 minutes.
[AirdropContainerFall] Loot Spawned [20] CaninaBerry @ <3046.196533, 208.364746, 12770.390625> ... Lifespan: Set to 30 minutes.
[AirdropContainerFall] Loot Spawned [21] AKM @ <3047.520752, 208.313538, 12766.633789> ... Lifespan: Set to 30 minutes.
[AirdropContainerFall] Loot Spawned [22] KOD_DVL10 @ <3047.075928, 208.330734, 12770.422852> ... Lifespan: Set to 30 minutes.
[AirdropContainerFall] Loot Spawned [23] Pumpkin @ <3043.993164, 208.448593, 12766.083008> ... Lifespan: Set to 30 minutes.
[AirdropContainerFall] Loot Spawned [24] AKM @ <3047.282715, 208.322739, 12767.838867> ... Lifespan: Set to 30 minutes.
[AirdropContainerFall] Loot Spawned [25] PeachesCan @ <3046.716553, 208.344635, 12766.879883> ... Lifespan: Set to 30 minutes.
[AirdropContainerFall] Loot Spawned [26] Zucchini @ <3043.376465, 208.471619, 12767.117188> ... Lifespan: Set to 30 minutes.
[AirdropContainerFall] Loot Spawned [27] TunaCan @ <3045.495605, 208.391846, 12771.190430> ... Lifespan: Set to 30 minutes.
[AirdropContainerFall] Loot Spawned [28] AK101 @ <3044.662598, 208.423599, 12769.941406> ... Lifespan: Set to 30 minutes.
[AirdropContainerFall] Loot Spawned [29] Lard @ <3042.521484, 208.503601, 12767.429688> ... Lifespan: Set to 30 minutes.
[AirdropContainerUnstuck] Container was unstuck.
[~AirdropContainerBase] Container Destroyed on 2021-04-06 @ 03-34-25
