[AirdropPlane] Aircraft created on 2021-03-24 @ 19-42-41
[InitializeAircraft] Aircraft Initialized: Berezino @ 12450/9250 (true)
[EOnBeforeDrop] The Aircraft is 1 Km from Berezino. @ <11139.894531, 423.250916, 8520.632813>
[EOnDrop] Zombie Spawned [1] ZmbF_MechanicNormal_Orange @ <12336.278320, 30.328140, 9208.110352> ... Lifespan:  Set to 30 minutes.
[EOnDrop] Zombie Spawned [2] ZmbM_HandymanNormal_Grey @ <12347.794922, 30.087183, 9209.015625> ... Lifespan:  Set to 30 minutes.
[EOnDrop] Zombie Spawned [3] ZmbF_BlueCollarFat_Red @ <12340.162109, 29.001482, 9233.868164> ... Lifespan:  Set to 30 minutes.
[EOnDrop] Zombie Spawned [4] ZmbM_HandymanNormal_Beige @ <12407.057617, 25.178909, 9216.122070> ... Lifespan:  Set to 30 minutes.
[EOnDrop] Zombie Spawned [5] ZmbM_HeavyIndustryWorker @ <12352.548828, 29.993349, 9210.625977> ... Lifespan:  Set to 30 minutes.
[EOnDrop] Zombie Spawned [6] ZmbM_HeavyIndustryWorker @ <12386.611328, 26.753462, 9179.512695> ... Lifespan:  Set to 30 minutes.
[EOnDrop] Zombie Spawned [7] ZmbM_OffshoreWorker_Green @ <12377.950195, 27.028339, 9202.432617> ... Lifespan:  Set to 30 minutes.
[EOnDrop] Zombie Spawned [8] ZmbM_ConstrWorkerNormal_Black @ <12374.073242, 27.670158, 9218.002930> ... Lifespan:  Set to 30 minutes.
[EOnDrop] Zombie Spawned [9] ZmbM_HandymanNormal_Green @ <12336.814453, 29.365685, 9236.136719> ... Lifespan:  Set to 30 minutes.
[EOnDrop] Zombie Spawned [10] ZmbM_HandymanNormal_Grey @ <12397.180664, 25.519060, 9230.060547> ... Lifespan:  Set to 30 minutes.
[EOnDrop] Zombie Spawned [11] ZmbM_ConstrWorkerNormal_Beige @ <12358.359375, 27.329195, 9237.129883> ... Lifespan:  Set to 30 minutes.
[EOnDrop] Zombie Spawned [12] ZmbM_HandymanNormal_Beige @ <12384.927734, 26.733257, 9215.156250> ... Lifespan:  Set to 30 minutes.
[EOnDrop] Zombie Spawned [13] ZmbF_MechanicNormal_Green @ <12399.471680, 25.758497, 9209.430664> ... Lifespan:  Set to 30 minutes.
[EOnDrop] Zombie Spawned [14] ZmbM_ConstrWorkerNormal_Grey @ <12343.155273, 30.086048, 9205.610352> ... Lifespan:  Set to 30 minutes.
[EOnDrop] Zombie Spawned [15] ZmbM_HandymanNormal_Blue @ <12337.900391, 32.880512, 9171.432617> ... Lifespan:  Set to 30 minutes.
[EOnDrop] Zombie Spawned [16] ZmbM_ConstrWorkerNormal_Beige @ <12412.209961, 23.934641, 9233.944336> ... Lifespan:  Set to 30 minutes.
[EOnDrop] Zombie Spawned [17] ZmbM_MechanicSkinny_Red @ <12334.233398, 30.171024, 9231.441406> ... Lifespan:  Set to 30 minutes.
[EOnDrop] Zombie Spawned [18] ZmbM_ConstrWorkerNormal_Grey @ <12381.731445, 27.278049, 9180.415039> ... Lifespan:  Set to 30 minutes.
[EOnDrop] Zombie Spawned [19] ZmbM_MechanicSkinny_Red @ <12344.896484, 30.187197, 9212.821289> ... Lifespan:  Set to 30 minutes.
[EOnDrop] Zombie Spawned [20] ZmbF_MechanicNormal_Orange @ <12416.618164, 24.174295, 9206.341797> ... Lifespan:  Set to 30 minutes.
[EOnDrop] Drop spawned with 20 infected at <12372.029297, 180.811661, 9206.659180>.
[EOnDrop] Supplies have been dropped near Berezino.
[EOnBeforeDelete] Aircraft despawned @ <16360.033203, 152.000610, 11427.094727>
[~AirdropPlane] Aircraft destroyed.
