[AirdropPlane] Aircraft created on 2021-03-17 @ 01-24-26
[InitializeAircraft] Aircraft Initialized: Chernogorsk @ 7400/3500 (true)
[EOnBeforeDrop] The Aircraft is 1 Km from Chernogorsk. @ <8774.668945, 326.054260, 2901.955811>
[EOnDrop] Zombie Spawned [1] ZmbM_OffshoreWorker_Orange @ <7465.173828, 6.498978, 3510.766602> ... Lifespan:  Set to 30 minutes.
[EOnDrop] Zombie Spawned [2] ZmbF_BlueCollarFat_Green @ <7464.330078, 6.500000, 3470.076172> ... Lifespan:  Set to 30 minutes.
[EOnDrop] Zombie Spawned [3] ZmbF_MechanicNormal_Orange @ <7432.870117, 6.773476, 3458.444580> ... Lifespan:  Set to 30 minutes.
[EOnDrop] Zombie Spawned [4] ZmbM_MechanicSkinny_Blue @ <7445.271973, 6.502000, 3473.977295> ... Lifespan:  Set to 30 minutes.
[EOnDrop] Zombie Spawned [5] ZmbM_OffshoreWorker_Orange @ <7472.467773, 6.500000, 3510.701660> ... Lifespan:  Set to 30 minutes.
[EOnDrop] Zombie Spawned [6] ZmbM_MechanicSkinny_Blue @ <7495.968750, 6.500000, 3492.660889> ... Lifespan:  Set to 30 minutes.
[EOnDrop] Zombie Spawned [7] ZmbF_MechanicNormal_Grey @ <7476.372070, 6.500000, 3475.505615> ... Lifespan:  Set to 30 minutes.
[EOnDrop] Zombie Spawned [8] ZmbM_OffshoreWorker_Yellow @ <7511.283691, 6.490000, 3436.377441> ... Lifespan:  Set to 30 minutes.
[EOnDrop] Zombie Spawned [9] ZmbM_MechanicSkinny_Blue @ <7507.201660, 6.490000, 3460.904785> ... Lifespan:  Set to 30 minutes.
[EOnDrop] Zombie Spawned [10] ZmbF_MechanicNormal_Green @ <7454.601563, 6.501691, 3464.528564> ... Lifespan:  Set to 30 minutes.
[EOnDrop] Zombie Spawned [11] ZmbF_BlueCollarFat_Green @ <7475.793457, 6.500000, 3479.600830> ... Lifespan:  Set to 30 minutes.
[EOnDrop] Zombie Spawned [12] ZmbM_MechanicSkinny_Green @ <7504.736816, 6.500000, 3508.655029> ... Lifespan:  Set to 30 minutes.
[EOnDrop] Zombie Spawned [13] ZmbM_OffshoreWorker_Red @ <7477.139160, 6.500000, 3486.485352> ... Lifespan:  Set to 30 minutes.
[EOnDrop] Zombie Spawned [14] ZmbF_MechanicNormal_Grey @ <7461.717773, 6.498751, 3464.062744> ... Lifespan:  Set to 30 minutes.
[EOnDrop] Zombie Spawned [15] ZmbM_HandymanNormal_Grey @ <7482.822266, 6.500000, 3479.171387> ... Lifespan:  Set to 30 minutes.
[EOnDrop] Zombie Spawned [16] ZmbM_OffshoreWorker_Orange @ <7505.854004, 6.490000, 3435.221924> ... Lifespan:  Set to 30 minutes.
[EOnDrop] Zombie Spawned [17] ZmbM_MechanicSkinny_Red @ <7456.143555, 6.500000, 3480.515869> ... Lifespan:  Set to 30 minutes.
[EOnDrop] Zombie Spawned [18] ZmbM_ConstrWorkerNormal_Grey @ <7460.471191, 6.495409, 3452.567627> ... Lifespan:  Set to 30 minutes.
[EOnDrop] Zombie Spawned [19] ZmbM_HandymanNormal_Blue @ <7471.423828, 6.490000, 3453.994629> ... Lifespan:  Set to 30 minutes.
[EOnDrop] Zombie Spawned [20] ZmbM_ConstrWorkerNormal_Beige @ <7464.696777, 6.495992, 3461.993896> ... Lifespan:  Set to 30 minutes.
[EOnDrop] Zombie Spawned [21] ZmbM_ConstrWorkerNormal_Beige @ <7484.916992, 6.500000, 3498.182617> ... Lifespan:  Set to 30 minutes.
[EOnDrop] Zombie Spawned [22] ZmbM_ConstrWorkerNormal_Beige @ <7476.301758, 6.490000, 3443.109863> ... Lifespan:  Set to 30 minutes.
[EOnDrop] Zombie Spawned [23] ZmbF_MechanicNormal_Beige @ <7470.008301, 6.500000, 3470.241943> ... Lifespan:  Set to 30 minutes.
[EOnDrop] Zombie Spawned [24] ZmbM_OffshoreWorker_Green @ <7506.503906, 6.490000, 3445.485107> ... Lifespan:  Set to 30 minutes.
[EOnDrop] Zombie Spawned [25] ZmbF_MechanicNormal_Grey @ <7495.812012, 6.500000, 3483.886230> ... Lifespan:  Set to 30 minutes.
[EOnDrop] Zombie Spawned [26] ZmbM_MechanicSkinny_Blue @ <7438.574219, 6.804195, 3446.739502> ... Lifespan:  Set to 30 minutes.
[EOnDrop] Zombie Spawned [27] ZmbM_MechanicSkinny_Red @ <7472.104004, 6.500000, 3469.587158> ... Lifespan:  Set to 30 minutes.
[EOnDrop] Zombie Spawned [28] ZmbM_HeavyIndustryWorker @ <7500.363281, 6.501386, 3423.048584> ... Lifespan:  Set to 30 minutes.
[EOnDrop] Zombie Spawned [29] ZmbM_ConstrWorkerNormal_Green @ <7466.483398, 6.500000, 3482.463867> ... Lifespan:  Set to 30 minutes.
[EOnDrop] Zombie Spawned [30] ZmbM_HandymanNormal_Green @ <7437.967773, 6.870968, 3443.552490> ... Lifespan:  Set to 30 minutes.
[EOnDrop] Drop spawned with 30 infected at <7478.318359, 148.092300, 3466.559082>.
[EOnDrop] Supplies have been dropped near Chernogorsk.
[EOnBeforeDelete] Aircraft despawned @ <-1000.818848, 385.483398, 7158.232422>
[~AirdropPlane] Aircraft destroyed.
