[AirdropPlane] Aircraft created on 2021-03-14 @ 08-08-51
[InitializeAircraft] Aircraft Initialized: Novaya Petrovka @ 3100/12840 (true)
[EOnBeforeDrop] The Aircraft is 1 Km from Novaya Petrovka. @ <2761.779541, 454.004883, 11380.465820>
[EOnDrop] Zombie Spawned [1] ZmbM_Jacket_grey @ <3084.534912, 207.586548, 12749.060547> ... Lifespan:  Set to 60 minutes.
[EOnDrop] Zombie Spawned [2] ZmbM_ParamedicNormal_Red @ <3067.614014, 208.115540, 12794.964844> ... Lifespan:  Set to 60 minutes.
[EOnDrop] Zombie Spawned [3] ZmbF_ParamedicNormal_Green @ <3089.590576, 207.341187, 12758.581055> ... Lifespan:  Set to 60 minutes.
[EOnDrop] Zombie Spawned [4] ZmbM_CitizenASkinny_Grey @ <3086.731934, 207.553162, 12744.402344> ... Lifespan:  Set to 60 minutes.
[EOnDrop] Zombie Spawned [5] ZmbF_CitizenANormal_Blue @ <3110.556885, 206.507874, 12774.109375> ... Lifespan:  Set to 60 minutes.
[EOnDrop] Zombie Spawned [6] ZmbM_ParamedicNormal_Black @ <3064.500000, 208.220230, 12786.842773> ... Lifespan:  Set to 60 minutes.
[EOnDrop] Zombie Spawned [7] ZmbF_Clerk_Normal_Green @ <3091.132568, 207.369507, 12751.476563> ... Lifespan:  Set to 60 minutes.
[EOnDrop] Zombie Spawned [8] ZmbM_ParamedicNormal_Green @ <3127.265381, 206.238113, 12754.063477> ... Lifespan:  Set to 60 minutes.
[EOnDrop] Zombie Spawned [9] ZmbF_Clerk_Normal_Blue @ <3030.984375, 209.467911, 12753.007813> ... Lifespan:  Set to 60 minutes.
[EOnDrop] Zombie Spawned [10] ZmbM_CitizenASkinny_Brown @ <3063.902832, 208.430542, 12725.308594> ... Lifespan:  Set to 60 minutes.
[EOnDrop] Zombie Spawned [11] ZmbM_CitizenASkinny_Blue @ <3073.616211, 207.871902, 12755.524414> ... Lifespan:  Set to 60 minutes.
[EOnDrop] Zombie Spawned [12] ZmbF_CitizenBSkinny @ <3050.907471, 208.738647, 12787.699219> ... Lifespan:  Set to 60 minutes.
[EOnDrop] Zombie Spawned [13] ZmbF_ShortSkirt_stripes @ <3050.698486, 208.705704, 12755.229492> ... Lifespan:  Set to 60 minutes.
[EOnDrop] Zombie Spawned [14] ZmbM_Jacket_black @ <3082.969727, 207.598419, 12753.475586> ... Lifespan:  Set to 60 minutes.
[EOnDrop] Zombie Spawned [15] ZmbM_SkaterYoung_Green @ <3087.242188, 207.671036, 12724.961914> ... Lifespan:  Set to 60 minutes.
[EOnDrop] Zombie Spawned [16] ZmbM_ParamedicNormal_Blue @ <3092.152832, 207.351425, 12750.238281> ... Lifespan:  Set to 60 minutes.
[EOnDrop] Zombie Spawned [17] ZmbM_ClerkFat_White @ <3078.670166, 207.739975, 12752.182617> ... Lifespan:  Set to 60 minutes.
[EOnDrop] Zombie Spawned [18] ZmbM_JoggerSkinny_Red @ <3029.224121, 209.536591, 12750.994141> ... Lifespan:  Set to 60 minutes.
[EOnDrop] Zombie Spawned [19] ZmbF_ShortSkirt_checks @ <3085.138672, 207.681274, 12733.476563> ... Lifespan:  Set to 60 minutes.
[EOnDrop] Zombie Spawned [20] ZmbM_DoctorFat @ <3071.885742, 208.179642, 12725.236328> ... Lifespan:  Set to 60 minutes.
[EOnDrop] Zombie Spawned [21] ZmbM_CitizenBFat_Blue @ <3115.366455, 206.579727, 12755.426758> ... Lifespan:  Set to 60 minutes.
[EOnDrop] Zombie Spawned [22] ZmbM_Jacket_khaki @ <3056.153320, 208.508743, 12751.822266> ... Lifespan:  Set to 60 minutes.
[EOnDrop] Zombie Spawned [23] ZmbM_CitizenASkinny_Red @ <3070.868652, 207.981598, 12788.901367> ... Lifespan:  Set to 60 minutes.
[EOnDrop] Zombie Spawned [24] ZmbF_ShortSkirt_black @ <3059.980713, 208.495483, 12735.558594> ... Lifespan:  Set to 60 minutes.
[EOnDrop] Zombie Spawned [25] ZmbF_ShortSkirt_brown @ <3080.188477, 207.610504, 12780.846680> ... Lifespan:  Set to 60 minutes.
[EOnDrop] Drop spawned with 25 infected at <3078.067139, 352.114990, 12747.140625>.
[EOnDrop] Supplies have been dropped near Novaya Petrovka.
[EOnBeforeDelete] Aircraft despawned @ <3914.249756, 493.843750, 16360.275391>
[~AirdropPlane] Aircraft destroyed.
