[AirdropBase] Base class created & settings loaded.
[2021-03-31 @ 17-26-49] ----------------------------------------------------------------------------------------------------
[EOnCallAirdrop] Drop zone asigned: Soverograd <8566.000000, 0.000000, 12755.000000>
[EOnCallAirdrop] Drop zone offset to: <8503.322266, 2438.000000, 12687.619141>
[EOnCallAirdrop] Aircraft spawn point: <6242.384277, 2438.000000, -1000.000000>
[EOnCallAirdrop] Aircraft bearing ... Angle/Bearing: -1.73815° / 189.588°, Text: 'South (190°)'
[EOnCallAirdrop] Aircraft has been dispatched to 'Soverograd' from the South (190°).
[2021-03-31 @ 17-52-07] ----------------------------------------------------------------------------------------------------
[EOnCallAirdrop] Drop zone asigned: Veresnik <4000.000000, 0.000000, 7850.000000>
[EOnCallAirdrop] Drop zone offset to: <3973.339600, 2438.000000, 7897.288574>
[EOnCallAirdrop] Aircraft spawn point: <-1000.000000, 2438.000000, 13621.457031>
[EOnCallAirdrop] Aircraft bearing ... Angle/Bearing: 2.2847° / 319.097°, Text: 'North/West (319°)'
[EOnCallAirdrop] Aircraft has been dispatched to 'Veresnik' from the North/West (319°).
[2021-03-31 @ 18-17-24] ----------------------------------------------------------------------------------------------------
[EOnCallAirdrop] Drop zone asigned: Elektrozavodsk <10050.000000, 0.000000, 2450.000000>
[EOnCallAirdrop] Drop zone offset to: <10067.663086, 2438.000000, 2416.094482>
[EOnCallAirdrop] Aircraft spawn point: <7803.708496, 2438.000000, -1000.000000>
[EOnCallAirdrop] Aircraft bearing ... Angle/Bearing: -2.14794° / 213.068°, Text: 'South/West (213°)'
[EOnCallAirdrop] Aircraft has been dispatched to 'Elektrozavodsk' from the South/West (213°).
[2021-03-31 @ 18-42-41] ----------------------------------------------------------------------------------------------------
[EOnCallAirdrop] Drop zone asigned: Skalisty Island <13575.000000, 0.000000, 3055.000000>
[EOnCallAirdrop] Drop zone offset to: <13578.166992, 2438.000000, 3051.140381>
[EOnCallAirdrop] Aircraft spawn point: <-414.039734, 2438.000000, -1000.000000>
[EOnCallAirdrop] Aircraft bearing ... Angle/Bearing: -2.85946° / 253.835°, Text: 'West (254°)'
[EOnCallAirdrop] Aircraft has been dispatched to 'Skalisty Island' from the West (254°).
[2021-03-31 @ 19-07-55] ----------------------------------------------------------------------------------------------------
[EOnCallAirdrop] Drop zone asigned: Gorka <8775.000000, 0.000000, 9200.000000>
[EOnCallAirdrop] Drop zone offset to: <8780.764648, 2438.000000, 9209.298828>
[EOnCallAirdrop] Aircraft spawn point: <-1000.000000, 2438.000000, 9350.198242>
[EOnCallAirdrop] Aircraft bearing ... Angle/Bearing: 3.12623° / 270.88°, Text: 'West (271°)'
[EOnCallAirdrop] Aircraft has been dispatched to 'Gorka' from the West (271°).
[2021-03-31 @ 19-33-09] ----------------------------------------------------------------------------------------------------
[EOnCallAirdrop] Drop zone asigned: Novaya Petrovka <3100.000000, 0.000000, 12840.000000>
[EOnCallAirdrop] Drop zone offset to: <3151.048584, 2438.000000, 12906.434570>
[EOnCallAirdrop] Aircraft spawn point: <15875.231445, 2438.000000, -1000.000000>
[EOnCallAirdrop] Aircraft bearing ... Angle/Bearing: -0.825383° / 137.291°, Text: 'South/East (137°)'
[EOnCallAirdrop] Aircraft has been dispatched to 'Novaya Petrovka' from the South/East (137°).
[2021-03-31 @ 19-58-22] ----------------------------------------------------------------------------------------------------
[EOnCallAirdrop] Drop zone asigned: Zelenogorks <1875.000000, 0.000000, 5210.000000>
[EOnCallAirdrop] Drop zone offset to: <1861.113403, 2438.000000, 5201.635254>
[EOnCallAirdrop] Aircraft spawn point: <1531.920532, 2438.000000, 16360.000000>
[EOnCallAirdrop] Aircraft bearing ... Angle/Bearing: 1.60156° / 358.238°, Text: 'North (358°)'
[EOnCallAirdrop] Aircraft has been dispatched to 'Zelenogorks' from the North (358°).
[2021-03-31 @ 20-23-38] ----------------------------------------------------------------------------------------------------
[EOnCallAirdrop] Drop zone asigned: Elektrozavodsk <10050.000000, 0.000000, 2450.000000>
[EOnCallAirdrop] Drop zone offset to: <10058.312500, 2438.000000, 2485.832275>
[EOnCallAirdrop] Aircraft spawn point: <11476.291016, 2438.000000, -1000.000000>
[EOnCallAirdrop] Aircraft bearing ... Angle/Bearing: -1.17878° / 157.539°, Text: 'South (158°)'
[EOnCallAirdrop] Aircraft has been dispatched to 'Elektrozavodsk' from the South (158°).
[2021-03-31 @ 20-48-53] ----------------------------------------------------------------------------------------------------
[EOnCallAirdrop] Drop zone asigned: Zelenogorks <1875.000000, 0.000000, 5210.000000>
[EOnCallAirdrop] Drop zone offset to: <1864.817383, 2438.000000, 5204.965820>
[EOnCallAirdrop] Aircraft spawn point: <4630.198730, 2438.000000, 16360.000000>
[EOnCallAirdrop] Aircraft bearing ... Angle/Bearing: 1.32855° / 13.8799°, Text: 'North (14°)'
[EOnCallAirdrop] Aircraft has been dispatched to 'Zelenogorks' from the North (14°).
