[AirdropPlane] Aircraft created on 2021-03-15 @ 02-52-03
[InitializeAircraft] Aircraft Initialized: Stary/Novy  @ 6600/7800 (true)
[EOnBeforeDrop] The Aircraft is 1 Km from Stary/Novy . @ <6082.288574, 486.469788, 9206.529297>
[EOnDrop] Zombie Spawned [1] ZmbM_PatrolNormal_Autumn @ <6536.557129, 307.783295, 7837.931641> ... Lifespan:  Set to 60 minutes.
[EOnDrop] Zombie Spawned [2] ZmbM_SoldierNormal @ <6570.983398, 310.989655, 7863.857422> ... Lifespan:  Set to 60 minutes.
[EOnDrop] Zombie Spawned [3] ZmbM_PatrolNormal_PautRev @ <6610.160156, 313.737701, 7890.010742> ... Lifespan:  Set to 60 minutes.
[EOnDrop] Zombie Spawned [4] ZmbM_PatrolNormal_Flat @ <6529.235840, 310.623260, 7857.895996> ... Lifespan:  Set to 60 minutes.
[EOnDrop] Zombie Spawned [5] ZmbM_SoldierNormal @ <6571.659180, 309.937744, 7852.796875> ... Lifespan:  Set to 60 minutes.
[EOnDrop] Zombie Spawned [6] ZmbM_SoldierNormal @ <6575.911621, 312.706635, 7881.030762> ... Lifespan:  Set to 60 minutes.
[EOnDrop] Zombie Spawned [7] ZmbM_PatrolNormal_Autumn @ <6538.967773, 308.442780, 7843.354004> ... Lifespan:  Set to 60 minutes.
[EOnDrop] Zombie Spawned [8] ZmbM_SoldierNormal @ <6553.775391, 312.268311, 7877.240234> ... Lifespan:  Set to 60 minutes.
[EOnDrop] Zombie Spawned [9] ZmbM_PatrolNormal_Autumn @ <6549.524902, 315.300568, 7904.361816> ... Lifespan:  Set to 60 minutes.
[EOnDrop] Zombie Spawned [10] ZmbM_PatrolNormal_Autumn @ <6618.799805, 310.462830, 7856.109375> ... Lifespan:  Set to 60 minutes.
[EOnDrop] Zombie Spawned [11] ZmbM_PatrolNormal_Flat @ <6590.870605, 313.554596, 7888.489746> ... Lifespan:  Set to 60 minutes.
[EOnDrop] Zombie Spawned [12] ZmbM_PatrolNormal_PautRev @ <6592.229980, 315.101074, 7901.419434> ... Lifespan:  Set to 60 minutes.
[EOnDrop] Zombie Spawned [13] ZmbM_PatrolNormal_Autumn @ <6586.860352, 314.298859, 7895.119629> ... Lifespan:  Set to 60 minutes.
[EOnDrop] Zombie Spawned [14] ZmbM_SoldierNormal @ <6533.991211, 309.197083, 7848.366211> ... Lifespan:  Set to 60 minutes.
[EOnDrop] Zombie Spawned [15] ZmbM_PatrolNormal_Autumn @ <6608.259766, 310.050171, 7850.870605> ... Lifespan:  Set to 60 minutes.
[EOnDrop] Zombie Spawned [16] ZmbM_SoldierNormal @ <6569.810059, 309.527374, 7849.019043> ... Lifespan:  Set to 60 minutes.
[EOnDrop] Zombie Spawned [17] ZmbM_PatrolNormal_Autumn @ <6584.880859, 309.009186, 7841.354004> ... Lifespan:  Set to 60 minutes.
[EOnDrop] Zombie Spawned [18] ZmbM_PatrolNormal_Summer @ <6571.023926, 308.138123, 7835.960449> ... Lifespan:  Set to 60 minutes.
[EOnDrop] Zombie Spawned [19] ZmbM_SoldierNormal @ <6561.855957, 307.868927, 7836.041016> ... Lifespan:  Set to 60 minutes.
[EOnDrop] Zombie Spawned [20] ZmbM_PatrolNormal_PautRev @ <6559.174316, 309.823700, 7854.178223> ... Lifespan:  Set to 60 minutes.
[EOnDrop] Zombie Spawned [21] ZmbM_PatrolNormal_PautRev @ <6582.943848, 310.978851, 7862.270020> ... Lifespan:  Set to 60 minutes.
[EOnDrop] Zombie Spawned [22] ZmbM_PatrolNormal_Flat @ <6601.122559, 314.055695, 7892.762695> ... Lifespan:  Set to 60 minutes.
[EOnDrop] Zombie Spawned [23] ZmbM_PatrolNormal_Flat @ <6577.425781, 309.926849, 7851.645996> ... Lifespan:  Set to 60 minutes.
[EOnDrop] Zombie Spawned [24] ZmbM_PatrolNormal_Summer @ <6614.277832, 312.755707, 7880.656738> ... Lifespan:  Set to 60 minutes.
[EOnDrop] Zombie Spawned [25] ZmbM_PatrolNormal_Autumn @ <6593.005371, 316.722687, 7913.770020> ... Lifespan:  Set to 60 minutes.
[EOnDrop] Drop spawned with 25 infected at <6573.808105, 465.142120, 7870.345703>.
[EOnDrop] Supplies have been dropped near Stary/Novy .
[EOnBeforeDelete] Aircraft despawned @ <9837.285156, 152.000610, -1001.320984>
[~AirdropPlane] Aircraft destroyed.
