[InitializeContainer] Container created on 2021-04-15 @ 08-50-37
[InitializeContainer] Winds: Vector <6.199093, 0.000000, -6.181137>, Speed 8.75415mps, Strength 0.1
[AirdropContainerFall] Drop Type 'Medical', Container: 'AirdropContainer_Medical', Mode/Quantity/Iems: Random/20/37, Flare:  10%
[AirdropContainerFall] Loot Spawned [1] AK101 @ <1882.210815, 173.231003, 5116.576660> ... Lifespan: Set to 30 minutes.
[AirdropContainerFall] Spawn failed for item [2] 'CharcolaTablets', does not exist in DayZ!
[AirdropContainerFall] Spawn failed for item [3] 'MedicalScrubPants_Blue', does not exist in DayZ!
[AirdropContainerFall] Loot Spawned [4] Morphine @ <1884.654419, 173.231003, 5117.860840> ... Lifespan: Set to 30 minutes.
[AirdropContainerFall] Loot Spawned [5] KOD_M110_Tan @ <1887.628296, 173.231537, 5114.596191> ... Lifespan: Set to 30 minutes.
[AirdropContainerFall] Spawn failed for item [6] 'CharcolaTablets', does not exist in DayZ!
[AirdropContainerFall] Loot Spawned [7] DisinfectantAlcohol @ <1885.698853, 173.231750, 5114.440430> ... Lifespan: Set to 30 minutes.
[AirdropContainerFall] Loot Spawned [8] SurgicalGloves_Blue @ <1882.283691, 173.231003, 5115.808105> ... Lifespan: Set to 30 minutes.
[AirdropContainerFall] Spawn failed for item [9] 'MedicalScrubShirt_White', does not exist in DayZ!
[AirdropContainerFall] Loot Spawned [10] Heatpack @ <1883.008057, 173.231339, 5114.748047> ... Lifespan: Set to 30 minutes.
[AirdropContainerFall] Loot Spawned [11] SurgicalGloves_White @ <1883.004761, 173.231003, 5115.438477> ... Lifespan: Set to 30 minutes.
[AirdropContainerFall] Loot Spawned [12] SurgicalGloves_Blue @ <1886.871826, 173.231003, 5115.143555> ... Lifespan: Set to 30 minutes.
[AirdropContainerFall] Loot Spawned [13] BandageDressing @ <1885.252808, 173.233215, 5113.338379> ... Lifespan: Set to 30 minutes.
[AirdropContainerFall] Loot Spawned [14] VitaminBottle @ <1883.663330, 173.232285, 5114.039551> ... Lifespan: Set to 30 minutes.
[AirdropContainerFall] Loot Spawned [15] BloodBagIV @ <1886.802490, 173.231003, 5117.484863> ... Lifespan: Set to 30 minutes.
[AirdropContainerFall] Loot Spawned [16] SurgicalGloves_LightBlue @ <1888.579590, 173.231003, 5116.507324> ... Lifespan: Set to 30 minutes.
[AirdropContainerFall] Loot Spawned [17] SurgicalMask @ <1883.349976, 173.231003, 5117.212402> ... Lifespan: Set to 30 minutes.
[AirdropContainerFall] Loot Spawned [18] SurgicalGloves_LightBlue @ <1883.847046, 173.231003, 5118.940918> ... Lifespan: Set to 30 minutes.
[AirdropContainerFall] Loot Spawned [19] KOD_M16A4 @ <1886.101685, 173.232071, 5114.199219> ... Lifespan: Set to 30 minutes.
[AirdropContainerFall] Loot Spawned [20] SurgicalGloves_White @ <1882.201538, 173.231003, 5116.015137> ... Lifespan: Set to 30 minutes.
[AirdropContainerUnstuck] Container was unstuck.
