[InitializeContainer] Container created on 2021-05-01 @ 22-34-56
[InitializeContainer] Winds: Vector <11.216856, 0.000000, 1.040671>, Speed 11.265mps, Strength 0.1
[AirdropContainerFall] Drop Type 'Misc. Tools', Container: 'RANDOM', Mode/Quantity/Iems: Random/20/50, Flare:  10%
[AirdropContainerFall] Loot Spawned [1] Chemlight_Blue @ <4089.495605, 300.240387, 7828.562012> ... Lifespan: Set to 60 minutes.
[AirdropContainerFall] Loot Spawned [2] Wrench @ <4090.125244, 300.305511, 7829.484863> ... Lifespan: Set to 60 minutes.
[AirdropContainerFall] Loot Spawned [3] Chemlight_Green @ <4089.233398, 300.433990, 7834.654297> ... Lifespan: Set to 60 minutes.
[AirdropContainerFall] Loot Spawned [4] Pliers @ <4071.883057, 299.634064, 7836.006348> ... Lifespan: Set to 60 minutes.
[AirdropContainerFall] Loot Spawned [5] Rangefinder @ <4073.231689, 299.727631, 7837.232910> ... Lifespan: Set to 60 minutes.
[AirdropContainerFall] Loot Spawned [6] CombatKnife @ <4088.442871, 300.492645, 7837.502441> ... Lifespan: Set to 60 minutes.
[AirdropContainerFall] Loot Spawned [7] Compass @ <4074.912354, 299.886932, 7839.786621> ... Lifespan: Set to 60 minutes.
[AirdropContainerFall] Loot Spawned [8] LeatherSewingKit @ <4086.086914, 299.939209, 7824.309082> ... Lifespan: Set to 60 minutes.
[AirdropContainerFall] Loot Spawned [9] Chemlight_Red @ <4083.951660, 300.360016, 7840.463379> ... Lifespan: Set to 60 minutes.
[AirdropContainerFall] Loot Spawned [10] ElectronicRepairKit @ <4071.675293, 299.438049, 7828.969727> ... Lifespan: Set to 60 minutes.
[AirdropContainerFall] Loot Spawned [11] Chemlight_White @ <4088.791016, 300.174530, 7827.600586> ... Lifespan: Set to 60 minutes.
[AirdropContainerFall] Loot Spawned [12] SewingKit @ <4078.653320, 300.124573, 7841.452637> ... Lifespan: Set to 60 minutes.
[AirdropContainerFall] Loot Spawned [13] Screwdriver @ <4082.429443, 300.295959, 7840.854980> ... Lifespan: Set to 60 minutes.
[AirdropContainerFall] Loot Spawned [14] Battery9V @ <4071.473145, 299.438416, 7829.280762> ... Lifespan: Set to 60 minutes.
[AirdropContainerFall] Loot Spawned [15] PortableGasStove @ <4087.635254, 300.039581, 7825.069336> ... Lifespan: Set to 60 minutes.
[AirdropContainerFall] Loot Spawned [16] Rangefinder @ <4070.884033, 299.521576, 7833.437500> ... Lifespan: Set to 60 minutes.
[AirdropContainerFall] Loot Spawned [17] Chemlight_White @ <4081.948242, 300.282196, 7841.173340> ... Lifespan: Set to 60 minutes.
[AirdropContainerFall] Loot Spawned [18] Machete @ <4082.586182, 299.740387, 7822.933105> ... Lifespan: Set to 60 minutes.
[AirdropContainerFall] Loot Spawned [19] Machete @ <4071.371338, 299.530701, 7832.975098> ... Lifespan: Set to 60 minutes.
[AirdropContainerFall] Loot Spawned [20] Pliers @ <4089.662842, 300.433868, 7833.998047> ... Lifespan: Set to 60 minutes.
[AirdropContainerUnstuck] Container was unstuck.
[~AirdropContainerBase] Container Destroyed on 2021-05-01 @ 23-04-56
