[InitializeContainer] Container created on 2021-03-23 @ 14-29-42
[InitializeContainer] Winds: Vector <-3.021045, 0.000000, -2.918634>, Speed 4.20061mps, Strength 0.1
[AirdropContainerFall] Drop Type 'Misc. Food', Container: 'RANDOM', Mode/Quantity/Iems: Random/29/30, Flare:  10%
[AirdropContainerFall] Loot Spawned [1] Pear @ <4531.891602, 341.700287, 10277.794922> ... Lifespan: Set to 30 minutes.
[AirdropContainerFall] Loot Spawned [2] KOD_DVL10 @ <4528.957520, 341.701111, 10275.196289> ... Lifespan: Set to 30 minutes.
[AirdropContainerFall] Loot Spawned [3] Canteen @ <4531.584961, 341.692810, 10277.968750> ... Lifespan: Set to 30 minutes.
[AirdropContainerFall] Loot Spawned [4] Tomato @ <4533.288574, 341.770966, 10274.892578> ... Lifespan: Set to 30 minutes.
[AirdropContainerFall] Loot Spawned [5] Plum @ <4533.021484, 341.784637, 10273.794922> ... Lifespan: Set to 30 minutes.
[AirdropContainerFall] Loot Spawned [6] Tomato @ <4530.715820, 341.703033, 10276.641602> ... Lifespan: Set to 30 minutes.
[AirdropContainerFall] Loot Spawned [7] Pear @ <4532.436523, 341.727692, 10276.675781> ... Lifespan: Set to 30 minutes.
[AirdropContainerFall] Loot Spawned [8] BakedBeansCan @ <4530.320801, 341.708923, 10275.967773> ... Lifespan: Set to 30 minutes.
[AirdropContainerFall] Loot Spawned [9] SambucusBerry @ <4529.149902, 341.708862, 10274.095703> ... Lifespan: Set to 30 minutes.
[AirdropContainerFall] Loot Spawned [10] BoxCerealCrunchin @ <4531.147949, 341.759338, 10273.384766> ... Lifespan: Set to 30 minutes.
[AirdropContainerFall] Loot Spawned [11] Zucchini @ <4529.813477, 341.713745, 10275.504883> ... Lifespan: Set to 30 minutes.
[AirdropContainerFall] Loot Spawned [12] KOD_M16A4 @ <4530.232910, 341.731171, 10274.311523> ... Lifespan: Set to 30 minutes.
[AirdropContainerFall] Loot Spawned [13] Apple @ <4529.488281, 341.713165, 10275.252930> ... Lifespan: Set to 30 minutes.
[AirdropContainerFall] Loot Spawned [14] Rice @ <4530.304688, 341.705048, 10276.178711> ... Lifespan: Set to 30 minutes.
[AirdropContainerFall] Loot Spawned [15] Canteen @ <4530.801270, 341.748016, 10273.833008> ... Lifespan: Set to 30 minutes.
[AirdropContainerFall] Loot Spawned [16] CaninaBerry @ <4533.420898, 341.753632, 10276.010742> ... Lifespan: Set to 30 minutes.
[AirdropContainerFall] Loot Spawned [17] Pear @ <4534.333984, 341.811432, 10273.323242> ... Lifespan: Set to 30 minutes.
[AirdropContainerFall] Loot Spawned [18] Zucchini @ <4531.310059, 341.704529, 10277.058594> ... Lifespan: Set to 30 minutes.
[AirdropContainerFall] Loot Spawned [19] Lard @ <4533.066895, 341.718170, 10277.758789> ... Lifespan: Set to 30 minutes.
[AirdropContainerFall] Loot Spawned [20] CaninaBerry @ <4531.494629, 341.704834, 10277.196289> ... Lifespan: Set to 30 minutes.
[AirdropContainerFall] Loot Spawned [21] KOD_DVL10 @ <4532.399902, 341.786652, 10273.097656> ... Lifespan: Set to 30 minutes.
[AirdropContainerFall] Loot Spawned [22] AKM @ <4529.685059, 341.694824, 10276.654297> ... Lifespan: Set to 30 minutes.
[AirdropContainerFall] Loot Spawned [23] Lard @ <4533.681152, 341.724884, 10277.889648> ... Lifespan: Set to 30 minutes.
[AirdropContainerFall] Loot Spawned [24] SodaCan_Pipsi @ <4533.424805, 341.781921, 10274.333984> ... Lifespan: Set to 30 minutes.
[AirdropContainerFall] Loot Spawned [25] SodaCan_Spite @ <4533.108887, 341.782745, 10273.993164> ... Lifespan: Set to 30 minutes.
[AirdropContainerFall] Loot Spawned [26] Tomato @ <4533.405273, 341.755707, 10275.877930> ... Lifespan: Set to 30 minutes.
[AirdropContainerFall] Loot Spawned [27] PowderedMilk @ <4530.166504, 341.699310, 10276.392578> ... Lifespan: Set to 30 minutes.
[AirdropContainerFall] Loot Spawned [28] KOD_DVL10 @ <4531.939453, 341.773956, 10273.469727> ... Lifespan: Set to 30 minutes.
[AirdropContainerFall] Loot Spawned [29] GreenBellPepper @ <4535.095703, 341.786041, 10275.559570> ... Lifespan: Set to 30 minutes.
[AirdropContainerUnstuck] Container was unstuck.
[~AirdropContainerBase] Container Destroyed on 2021-03-23 @ 14-54-42
