[AirdropPlane] Aircraft created on 2021-03-15 @ 19-17-19
[InitializeAircraft] Aircraft Initialized: Novaya Petrovka @ 3100/12840 (true)
[EOnBeforeDrop] The Aircraft is 1 Km from Novaya Petrovka. @ <3013.694580, 527.626709, 14336.003906>
[EOnDrop] Zombie Spawned [1] ZmbM_PolicemanSpecForce @ <3107.871826, 207.152954, 12950.270508> ... Lifespan:  Set to 60 minutes.
[EOnDrop] Zombie Spawned [2] ZmbM_Jacket_magenta @ <3050.210938, 209.284653, 12932.235352> ... Lifespan:  Set to 60 minutes.
[EOnDrop] Zombie Spawned [3] ZmbF_Clerk_Normal_Red @ <3140.066895, 205.846573, 12907.733398> ... Lifespan:  Set to 60 minutes.
[EOnDrop] Zombie Spawned [4] ZmbM_ClerkFat_Khaki @ <3080.963867, 208.035049, 12958.125977> ... Lifespan:  Set to 60 minutes.
[EOnDrop] Zombie Spawned [5] ZmbM_CitizenASkinny_Grey @ <3107.564941, 207.115601, 12955.480469> ... Lifespan:  Set to 60 minutes.
[EOnDrop] Zombie Spawned [6] ZmbF_CitizenANormal_Blue @ <3123.341064, 206.549118, 12918.743164> ... Lifespan:  Set to 60 minutes.
[EOnDrop] Zombie Spawned [7] ZmbF_ShortSkirt_black @ <3124.158203, 206.612701, 12929.688477> ... Lifespan:  Set to 60 minutes.
[EOnDrop] Zombie Spawned [8] ZmbM_ParamedicNormal_Black @ <3111.947998, 206.933578, 12906.425781> ... Lifespan:  Set to 60 minutes.
[EOnDrop] Zombie Spawned [9] ZmbM_ParamedicNormal_Black @ <3082.192871, 208.051208, 12948.181641> ... Lifespan:  Set to 60 minutes.
[EOnDrop] Zombie Spawned [10] ZmbF_NurseFat @ <3081.903809, 208.239319, 12917.125977> ... Lifespan:  Set to 60 minutes.
[EOnDrop] Zombie Spawned [11] ZmbM_PatientSkinny @ <3115.224121, 206.878250, 12923.859375> ... Lifespan:  Set to 60 minutes.
[EOnDrop] Zombie Spawned [12] ZmbF_JoggerSkinny_Red @ <3061.661377, 208.978073, 12890.878906> ... Lifespan:  Set to 60 minutes.
[EOnDrop] Zombie Spawned [13] ZmbF_ShortSkirt_grey @ <3072.070313, 208.293198, 12955.809570> ... Lifespan:  Set to 60 minutes.
[EOnDrop] Zombie Spawned [14] ZmbF_ParamedicNormal_Blue @ <3048.267822, 209.291840, 12939.709961> ... Lifespan:  Set to 60 minutes.
[EOnDrop] Zombie Spawned [15] ZmbM_JournalistSkinny @ <3076.125000, 208.462479, 12890.430664> ... Lifespan:  Set to 60 minutes.
[EOnDrop] Zombie Spawned [16] ZmbF_ShortSkirt_beige @ <3050.466064, 209.359528, 12924.291016> ... Lifespan:  Set to 60 minutes.
[EOnDrop] Zombie Spawned [17] ZmbM_ClerkFat_Brown @ <3107.472412, 207.097351, 12891.179688> ... Lifespan:  Set to 60 minutes.
[EOnDrop] Zombie Spawned [18] ZmbF_PoliceWomanNormal @ <3063.786133, 208.689911, 12939.255859> ... Lifespan:  Set to 60 minutes.
[EOnDrop] Zombie Spawned [19] ZmbF_JoggerSkinny_Blue @ <3141.028076, 205.939865, 12919.395508> ... Lifespan:  Set to 60 minutes.
[EOnDrop] Zombie Spawned [20] ZmbF_ParamedicNormal_Red @ <3055.771973, 208.967850, 12942.305664> ... Lifespan:  Set to 60 minutes.
[EOnDrop] Zombie Spawned [21] ZmbM_Jacket_khaki @ <3087.977051, 208.005768, 12911.143555> ... Lifespan:  Set to 60 minutes.
[EOnDrop] Zombie Spawned [22] ZmbM_CitizenBFat_Green @ <3092.000488, 207.841324, 12914.522461> ... Lifespan:  Set to 60 minutes.
[EOnDrop] Zombie Spawned [23] ZmbF_ShortSkirt_green @ <3067.765869, 208.780060, 12901.316406> ... Lifespan:  Set to 60 minutes.
[EOnDrop] Zombie Spawned [24] ZmbM_JournalistSkinny @ <3123.580078, 206.592865, 12924.318359> ... Lifespan:  Set to 60 minutes.
[EOnDrop] Zombie Spawned [25] ZmbM_Jacket_stripes @ <3110.754395, 207.027069, 12921.223633> ... Lifespan:  Set to 60 minutes.
[EOnDrop] Drop spawned with 25 infected at <3095.298096, 349.850494, 12924.406250>.
[EOnDrop] Supplies have been dropped near Novaya Petrovka.
[EOnBeforeDelete] Aircraft despawned @ <3900.311768, 152.000610, -1001.431946>
[~AirdropPlane] Aircraft destroyed.
