[InitializeContainer] Container created on 2021-03-14 @ 23-30-51
[InitializeContainer] Winds: Vector <-19.859188, 0.000000, 0.850471>, Speed 19.8774mps, Strength 0.1
[AirdropContainerFall] Drop Type 'Military East', Container: 'AirdropContainer_Military', Mode/Quantity/Iems: Random/20/33, Flare:  10%
[AirdropContainerFall] Loot Spawned [1] TacticalGoggles @ <9618.639648, -123.839104, 39.010311> ... Lifespan: Set to 60 minutes.
[AirdropContainerFall] Loot Spawned [2] UniversalLight @ <9616.807617, -123.909012, 37.721664> ... Lifespan: Set to 60 minutes.
[AirdropContainerFall] Loot Spawned [3] CanOpener @ <9619.933594, -124.002632, 35.417675> ... Lifespan: Set to 60 minutes.
[AirdropContainerFall] Loot Spawned [4] AK101 @ <9620.748047, -123.948845, 36.447590> ... Lifespan: Set to 60 minutes.
[AirdropContainerFall] Loot Spawned [5] AmmoBox_762x39_20Rnd @ <9620.689453, -123.864502, 38.231743> ... Lifespan: Set to 60 minutes.
[AirdropContainerFall] Loot Spawned [6] GorkaPants_PautRev @ <9619.257813, -123.826027, 39.219810> ... Lifespan: Set to 60 minutes.
[AirdropContainerFall] Loot Spawned [7] TacticalBaconCan @ <9615.911133, -123.926506, 37.450596> ... Lifespan: Set to 60 minutes.
[AirdropContainerFall] Loot Spawned [8] GorkaPants_Flat @ <9616.639648, -123.953743, 36.802254> ... Lifespan: Set to 60 minutes.
[AirdropContainerFall] Loot Spawned [9] GorkaEJacket_Autumn @ <9616.541016, -124.075836, 34.269535> ... Lifespan: Set to 60 minutes.
[AirdropContainerFall] Loot Spawned [10] Canteen @ <9616.483398, -123.857224, 38.868530> ... Lifespan: Set to 60 minutes.
[AirdropContainerFall] Loot Spawned [11] GorkaPants_Flat @ <9620.718750, -123.987617, 35.643124> ... Lifespan: Set to 60 minutes.
[AirdropContainerFall] Loot Spawned [12] GorkaEJacket_PautRev @ <9620.420898, -124.039490, 34.595554> ... Lifespan: Set to 60 minutes.
[AirdropContainerFall] Loot Spawned [13] Battery9V @ <9617.535156, -124.023438, 35.250549> ... Lifespan: Set to 60 minutes.
[AirdropContainerFall] Loot Spawned [14] TTSKOPants @ <9620.282227, -124.006966, 35.288589> ... Lifespan: Set to 60 minutes.
[AirdropContainerFall] Loot Spawned [15] TacticalGloves_Green @ <9620.254883, -123.791908, 39.836983> ... Lifespan: Set to 60 minutes.
[AirdropContainerFall] Loot Spawned [16] Mag_AKM_30Rnd @ <9618.130859, -124.019005, 35.276814> ... Lifespan: Set to 60 minutes.
[AirdropContainerFall] Loot Spawned [17] CanOpener @ <9618.724609, -123.834541, 39.098480> ... Lifespan: Set to 60 minutes.
[AirdropContainerFall] Loot Spawned [18] CanOpener @ <9616.645508, -123.983322, 36.185139> ... Lifespan: Set to 60 minutes.
[AirdropContainerFall] Loot Spawned [19] KOD_M110_Tan @ <9615.612305, -123.950104, 36.992111> ... Lifespan: Set to 60 minutes.
[AirdropContainerFall] Loot Spawned [20] AK101 @ <9617.910156, -123.826233, 39.369549> ... Lifespan: Set to 60 minutes.
[AirdropContainerUnstuck] Container was unstuck.
[~AirdropContainerBase] Container Destroyed on 2021-03-14 @ 23-55-51
