[AirdropPlane] Aircraft created on 2021-03-24 @ 20-08-00
[InitializeAircraft] Aircraft Initialized: Soverograd @ 8566/12755 (true)
[EOnBeforeDrop] The Aircraft is 1 Km from Soverograd. @ <8723.107422, 412.411499, 11263.329102>
[EOnDrop] Zombie Spawned [1] ZmbF_ShortSkirt_stripes @ <8579.631836, 104.311050, 12678.071289> ... Lifespan:  Set to 30 minutes.
[EOnDrop] Zombie Spawned [2] ZmbM_ClerkFat_Brown @ <8555.825195, 104.500000, 12698.181641> ... Lifespan:  Set to 30 minutes.
[EOnDrop] Zombie Spawned [3] ZmbM_CitizenASkinny_Red @ <8537.969727, 101.366203, 12635.078125> ... Lifespan:  Set to 30 minutes.
[EOnDrop] Zombie Spawned [4] ZmbM_CommercialPilotOld_Blue @ <8542.354492, 104.372887, 12671.923828> ... Lifespan:  Set to 30 minutes.
[EOnDrop] Zombie Spawned [5] ZmbM_Jacket_stripes @ <8579.157227, 101.178345, 12649.708008> ... Lifespan:  Set to 30 minutes.
[EOnDrop] Zombie Spawned [6] ZmbM_Jacket_blue @ <8533.978516, 103.940636, 12654.873047> ... Lifespan:  Set to 30 minutes.
[EOnDrop] Zombie Spawned [7] ZmbM_ClerkFat_White @ <8583.775391, 104.500000, 12692.232422> ... Lifespan:  Set to 30 minutes.
[EOnDrop] Zombie Spawned [8] ZmbF_PoliceWomanNormal @ <8540.512695, 103.907127, 12663.903320> ... Lifespan:  Set to 30 minutes.
[EOnDrop] Zombie Spawned [9] ZmbM_ClerkFat_White @ <8580.720703, 104.500000, 12693.583984> ... Lifespan:  Set to 30 minutes.
[EOnDrop] Zombie Spawned [10] ZmbM_PolicemanSpecForce @ <8560.159180, 102.192986, 12650.618164> ... Lifespan:  Set to 30 minutes.
[EOnDrop] Zombie Spawned [11] ZmbM_ClerkFat_Grey @ <8532.113281, 104.500000, 12686.511719> ... Lifespan:  Set to 30 minutes.
[EOnDrop] Zombie Spawned [12] ZmbM_CitizenASkinny_Red @ <8595.969727, 101.298103, 12654.014648> ... Lifespan:  Set to 30 minutes.
[EOnDrop] Zombie Spawned [13] ZmbM_JournalistSkinny @ <8578.875000, 104.366318, 12679.366211> ... Lifespan:  Set to 30 minutes.
[EOnDrop] Zombie Spawned [14] ZmbM_JoggerSkinny_Green @ <8583.901367, 104.500000, 12709.952148> ... Lifespan:  Set to 30 minutes.
[EOnDrop] Zombie Spawned [15] ZmbM_JoggerSkinny_Blue @ <8577.100586, 103.604477, 12663.720703> ... Lifespan:  Set to 30 minutes.
[EOnDrop] Zombie Spawned [16] ZmbF_JournalistNormal_Blue @ <8579.577148, 102.202347, 12657.018555> ... Lifespan:  Set to 30 minutes.
[EOnDrop] Zombie Spawned [17] ZmbM_CitizenASkinny_Brown @ <8592.940430, 104.500000, 12682.540039> ... Lifespan:  Set to 30 minutes.
[EOnDrop] Zombie Spawned [18] ZmbM_CitizenBFat_Red @ <8539.888672, 104.500000, 12683.023438> ... Lifespan:  Set to 30 minutes.
[EOnDrop] Zombie Spawned [19] ZmbF_ShortSkirt_white @ <8544.992188, 101.907631, 12641.305664> ... Lifespan:  Set to 30 minutes.
[EOnDrop] Zombie Spawned [20] ZmbM_ParamedicNormal_Blue @ <8593.348633, 104.500000, 12693.067383> ... Lifespan:  Set to 30 minutes.
[EOnDrop] Zombie Spawned [21] ZmbM_PolicemanSpecForce @ <8592.351563, 101.806419, 12657.378906> ... Lifespan:  Set to 30 minutes.
[EOnDrop] Zombie Spawned [22] ZmbF_ShortSkirt_black @ <8575.870117, 104.500000, 12703.652344> ... Lifespan:  Set to 30 minutes.
[EOnDrop] Zombie Spawned [23] ZmbF_CitizenANormal_Brown @ <8550.510742, 102.929413, 12650.628906> ... Lifespan:  Set to 30 minutes.
[EOnDrop] Zombie Spawned [24] ZmbF_ShortSkirt_white @ <8559.952148, 104.448410, 12673.240234> ... Lifespan:  Set to 30 minutes.
[EOnDrop] Zombie Spawned [25] ZmbM_Jacket_bluechecks @ <8579.126953, 104.500000, 12696.728516> ... Lifespan:  Set to 30 minutes.
[EOnDrop] Drop spawned with 25 infected at <8572.785156, 266.077606, 12669.200195>.
[EOnDrop] Supplies have been dropped near Soverograd.
[EOnBeforeDelete] Aircraft despawned @ <8178.043457, 396.164215, 16361.290039>
[~AirdropPlane] Aircraft destroyed.
