[AirdropPlane] Aircraft created on 2021-03-19 @ 07-42-59
[InitializeAircraft] Aircraft Initialized: Northwest Airfield @ 4500/10350 (true)
[EOnBeforeDrop] The Aircraft is 1 Km from Northwest Airfield. @ <5998.964844, 427.779297, 10379.715820>
[EOnDrop] Zombie Spawned [1] ZmbM_SoldierNormal @ <4601.727539, 339.500000, 10329.341797> ... Lifespan:  Set to 30 minutes.
[EOnDrop] Zombie Spawned [2] ZmbM_PatrolNormal_Flat @ <4611.630371, 339.500000, 10345.721680> ... Lifespan:  Set to 30 minutes.
[EOnDrop] Zombie Spawned [3] ZmbM_PatrolNormal_PautRev @ <4582.853027, 339.500000, 10382.406250> ... Lifespan:  Set to 30 minutes.
[EOnDrop] Zombie Spawned [4] ZmbM_PatrolNormal_Summer @ <4623.081543, 339.500000, 10363.604492> ... Lifespan:  Set to 30 minutes.
[EOnDrop] Zombie Spawned [5] ZmbM_PatrolNormal_Summer @ <4586.220703, 339.500000, 10391.125977> ... Lifespan:  Set to 30 minutes.
[EOnDrop] Zombie Spawned [6] ZmbM_PatrolNormal_Autumn @ <4578.949219, 339.686218, 10346.403320> ... Lifespan:  Set to 30 minutes.
[EOnDrop] Zombie Spawned [7] ZmbM_PatrolNormal_Autumn @ <4548.686035, 339.329529, 10357.340820> ... Lifespan:  Set to 30 minutes.
[EOnDrop] Zombie Spawned [8] ZmbM_PatrolNormal_Summer @ <4596.583984, 339.500000, 10352.750000> ... Lifespan:  Set to 30 minutes.
[EOnDrop] Zombie Spawned [9] ZmbM_PatrolNormal_PautRev @ <4589.333008, 339.516449, 10342.692383> ... Lifespan:  Set to 30 minutes.
[EOnDrop] Zombie Spawned [10] ZmbM_PatrolNormal_Summer @ <4608.533203, 339.500000, 10338.852539> ... Lifespan:  Set to 30 minutes.
[EOnDrop] Zombie Spawned [11] ZmbM_PatrolNormal_Autumn @ <4587.189453, 339.500000, 10363.496094> ... Lifespan:  Set to 30 minutes.
[EOnDrop] Zombie Spawned [12] ZmbM_PatrolNormal_Summer @ <4615.023438, 339.500000, 10371.918945> ... Lifespan:  Set to 30 minutes.
[EOnDrop] Zombie Spawned [13] ZmbM_PatrolNormal_PautRev @ <4575.014648, 340.802582, 10319.351563> ... Lifespan:  Set to 30 minutes.
[EOnDrop] Zombie Spawned [14] ZmbM_SoldierNormal @ <4587.449707, 340.056427, 10322.647461> ... Lifespan:  Set to 30 minutes.
[EOnDrop] Zombie Spawned [15] ZmbM_PatrolNormal_PautRev @ <4542.216797, 341.051605, 10336.664063> ... Lifespan:  Set to 30 minutes.
[EOnDrop] Zombie Spawned [16] ZmbM_PatrolNormal_PautRev @ <4584.163574, 339.500000, 10353.489258> ... Lifespan:  Set to 30 minutes.
[EOnDrop] Zombie Spawned [17] ZmbM_SoldierNormal @ <4601.200195, 339.986938, 10301.913086> ... Lifespan:  Set to 30 minutes.
[EOnDrop] Zombie Spawned [18] ZmbM_PatrolNormal_Summer @ <4574.805176, 340.814545, 10323.409180> ... Lifespan:  Set to 30 minutes.
[EOnDrop] Zombie Spawned [19] ZmbM_PatrolNormal_Summer @ <4572.648926, 339.466980, 10371.008789> ... Lifespan:  Set to 30 minutes.
[EOnDrop] Zombie Spawned [20] ZmbM_PatrolNormal_PautRev @ <4600.458008, 339.500000, 10344.978516> ... Lifespan:  Set to 30 minutes.
[EOnDrop] Zombie Spawned [21] ZmbM_PatrolNormal_Summer @ <4604.655273, 339.500000, 10334.608398> ... Lifespan:  Set to 30 minutes.
[EOnDrop] Zombie Spawned [22] ZmbM_PatrolNormal_Summer @ <4618.222656, 339.500000, 10364.534180> ... Lifespan:  Set to 30 minutes.
[EOnDrop] Zombie Spawned [23] ZmbM_PatrolNormal_Autumn @ <4562.597656, 340.672211, 10323.157227> ... Lifespan:  Set to 30 minutes.
[EOnDrop] Zombie Spawned [24] ZmbM_PatrolNormal_Autumn @ <4570.708496, 339.404083, 10367.037109> ... Lifespan:  Set to 30 minutes.
[EOnDrop] Zombie Spawned [25] ZmbM_PatrolNormal_Autumn @ <4581.518066, 339.484283, 10354.219727> ... Lifespan:  Set to 30 minutes.
[EOnDrop] Drop spawned with 25 infected at <4589.077148, 478.916077, 10349.019531>.
[EOnDrop] Supplies have been dropped near Northwest Airfield.
[EOnBeforeDelete] Aircraft despawned @ <-1000.328186, 508.746796, 10227.326172>
[~AirdropPlane] Aircraft destroyed.
