[InitializeContainer] Container created on 2021-04-27 @ 10-04-53
[InitializeContainer] Winds: Vector <8.311712, 0.000000, 10.789186>, Speed 13.6195mps, Strength 0.1
[AirdropContainerFall] Drop Type 'Misc. Tools', Container: 'RANDOM', Mode/Quantity/Iems: Random/20/50, Flare:  10%
[AirdropContainerFall] Loot Spawned [1] SewingKit @ <3171.998535, 203.833572, 12870.594727> ... Lifespan: Set to 60 minutes.
[AirdropContainerFall] Loot Spawned [2] Heatpack @ <3159.738037, 204.249817, 12859.797852> ... Lifespan: Set to 60 minutes.
[AirdropContainerFall] Loot Spawned [3] ElectronicRepairKit @ <3160.821045, 204.223999, 12865.045898> ... Lifespan: Set to 60 minutes.
[AirdropContainerFall] Loot Spawned [4] Headtorch_Black @ <3166.987793, 204.022583, 12870.870117> ... Lifespan: Set to 60 minutes.
[AirdropContainerFall] Loot Spawned [5] Flashlight @ <3159.458740, 204.258377, 12862.131836> ... Lifespan: Set to 60 minutes.
[AirdropContainerFall] Loot Spawned [6] Whetstone @ <3159.723389, 204.248077, 12862.458984> ... Lifespan: Set to 60 minutes.
[AirdropContainerFall] Loot Spawned [7] Wrench @ <3161.074219, 204.221130, 12866.034180> ... Lifespan: Set to 60 minutes.
[AirdropContainerFall] Loot Spawned [8] Compass @ <3164.866699, 204.067978, 12853.240234> ... Lifespan: Set to 60 minutes.
[AirdropContainerFall] Loot Spawned [9] Hatchet @ <3161.261719, 204.193527, 12857.203125> ... Lifespan: Set to 60 minutes.
[AirdropContainerFall] Loot Spawned [10] SteakKnife @ <3177.761963, 203.584213, 12865.627930> ... Lifespan: Set to 60 minutes.
[AirdropContainerFall] Loot Spawned [11] Screwdriver @ <3174.984131, 203.688950, 12854.826172> ... Lifespan: Set to 60 minutes.
[AirdropContainerFall] Loot Spawned [12] LeatherSewingKit @ <3160.110596, 204.235626, 12860.936523> ... Lifespan: Set to 60 minutes.
[AirdropContainerFall] Loot Spawned [13] Screwdriver @ <3169.426758, 203.908035, 12851.922852> ... Lifespan: Set to 60 minutes.
[AirdropContainerFall] Loot Spawned [14] Pickaxe @ <3163.658691, 204.108231, 12854.452148> ... Lifespan: Set to 60 minutes.
[AirdropContainerFall] Loot Spawned [15] PortableGasStove @ <3177.135498, 203.610962, 12866.103516> ... Lifespan: Set to 60 minutes.
[AirdropContainerFall] Loot Spawned [16] WoodAxe @ <3177.673584, 203.585846, 12856.508789> ... Lifespan: Set to 60 minutes.
[AirdropContainerFall] Loot Spawned [17] Battery9V @ <3167.201172, 203.987183, 12852.910156> ... Lifespan: Set to 60 minutes.
[AirdropContainerFall] Loot Spawned [18] Battery9V @ <3159.748047, 204.255829, 12863.814453> ... Lifespan: Set to 60 minutes.
[AirdropContainerFall] Loot Spawned [19] Chemlight_Yellow @ <3161.060547, 204.199402, 12856.378906> ... Lifespan: Set to 60 minutes.
[AirdropContainerFall] Loot Spawned [20] Spotlight @ <3168.842529, 203.956696, 12871.373047> ... Lifespan: Set to 60 minutes.
[AirdropContainerUnstuck] Container was unstuck.
[~AirdropContainerBase] Container Destroyed on 2021-04-27 @ 10-34-53
