[InitializeContainer] Container created on 2021-04-11 @ 04-50-42
[InitializeContainer] Winds: Vector <4.730319, 0.000000, -6.758485>, Speed 8.24943mps, Strength 0.1
[AirdropContainerFall] Drop Type 'Misc. Tools', Container: 'RANDOM', Mode/Quantity/Iems: Random/30/54, Flare:  10%
[AirdropContainerFall] Loot Spawned [1] HuntingKnife @ <10125.527344, 34.693066, 2402.002930> ... Lifespan: Set to 30 minutes.
[AirdropContainerFall] Loot Spawned [2] Heatpack @ <10123.620117, 35.001854, 2403.356689> ... Lifespan: Set to 30 minutes.
[AirdropContainerFall] Loot Spawned [3] Chemlight_Yellow @ <10120.763672, 35.310947, 2400.060791> ... Lifespan: Set to 30 minutes.
[AirdropContainerFall] Loot Spawned [4] PortableGasLamp @ <10123.368164, 35.076866, 2404.312256> ... Lifespan: Set to 30 minutes.
[AirdropContainerFall] Loot Spawned [5] Hacksaw @ <10125.191406, 34.617371, 2399.198486> ... Lifespan: Set to 30 minutes.
[AirdropContainerFall] Loot Spawned [6] Matchbox @ <10121.244141, 35.263306, 2400.945557> ... Lifespan: Set to 30 minutes.
[AirdropContainerFall] Loot Spawned [7] PersonalRadio @ <10125.341797, 34.762165, 2403.099609> ... Lifespan: Set to 30 minutes.
[AirdropContainerFall] Loot Spawned [8] AKM @ <10122.336914, 35.234375, 2404.717773> ... Lifespan: Set to 30 minutes.
[AirdropContainerFall] Loot Spawned [9] Matchbox @ <10124.802734, 34.868111, 2403.992188> ... Lifespan: Set to 30 minutes.
[AirdropContainerFall] Loot Spawned [10] LugWrench @ <10126.521484, 34.494793, 2400.149658> ... Lifespan: Set to 30 minutes.
[AirdropContainerFall] Loot Spawned [11] Chemlight_Blue @ <10123.819336, 34.794865, 2398.381592> ... Lifespan: Set to 30 minutes.
[AirdropContainerFall] Loot Spawned [12] BatteryCharger @ <10121.375000, 35.241013, 2400.853760> ... Lifespan: Set to 30 minutes.
[AirdropContainerFall] Loot Spawned [13] CombatKnife @ <10123.975586, 34.797928, 2399.181152> ... Lifespan: Set to 30 minutes.
[AirdropContainerFall] Loot Spawned [14] CableReel @ <10123.377930, 34.904999, 2399.691162> ... Lifespan: Set to 30 minutes.
[AirdropContainerFall] Loot Spawned [15] LugWrench @ <10120.941406, 35.277534, 2399.855469> ... Lifespan: Set to 30 minutes.
[AirdropContainerFall] Loot Spawned [16] Chemlight_White @ <10121.719727, 35.225254, 2402.148438> ... Lifespan: Set to 30 minutes.
[AirdropContainerFall] Loot Spawned [17] Chemlight_Red @ <10125.767578, 34.568649, 2399.809326> ... Lifespan: Set to 30 minutes.
[AirdropContainerFall] Loot Spawned [18] Flashlight @ <10121.876953, 35.278233, 2404.277832> ... Lifespan: Set to 30 minutes.
[AirdropContainerFall] Loot Spawned [19] Chemlight_Green @ <10126.043945, 34.719208, 2404.067871> ... Lifespan: Set to 30 minutes.
[AirdropContainerFall] Loot Spawned [20] SteakKnife @ <10122.139648, 35.184227, 2402.912109> ... Lifespan: Set to 30 minutes.
[AirdropContainerFall] Loot Spawned [21] LugWrench @ <10122.680664, 35.120338, 2403.139404> ... Lifespan: Set to 30 minutes.
[AirdropContainerFall] Loot Spawned [22] Chemlight_Red @ <10123.205078, 34.907711, 2398.990234> ... Lifespan: Set to 30 minutes.
[AirdropContainerFall] Loot Spawned [23] HuntingKnife @ <10122.856445, 35.160954, 2404.651611> ... Lifespan: Set to 30 minutes.
[AirdropContainerFall] Loot Spawned [24] CableReel @ <10126.211914, 34.573704, 2401.128662> ... Lifespan: Set to 30 minutes.
[AirdropContainerFall] Loot Spawned [25] Spotlight @ <10125.525391, 34.731491, 2402.895752> ... Lifespan: Set to 30 minutes.
[AirdropContainerFall] Loot Spawned [26] Megaphone @ <10122.731445, 35.026215, 2400.483398> ... Lifespan: Set to 30 minutes.
[AirdropContainerFall] Loot Spawned [27] Heatpack @ <10126.579102, 34.524590, 2401.010254> ... Lifespan: Set to 30 minutes.
[AirdropContainerFall] Loot Spawned [28] Megaphone @ <10122.773438, 35.108360, 2403.156494> ... Lifespan: Set to 30 minutes.
[AirdropContainerFall] Loot Spawned [29] LeatherSewingKit @ <10122.951172, 35.132572, 2404.290039> ... Lifespan: Set to 30 minutes.
[AirdropContainerFall] Loot Spawned [30] Headtorch_Grey @ <10121.866211, 35.138996, 2399.878906> ... Lifespan: Set to 30 minutes.
[AirdropContainerUnstuck] Container was unstuck.
