[InitializeContainer] Container created on 2021-04-13 @ 10-45-16
[InitializeContainer] Winds: Vector <3.489730, 0.000000, 14.402213>, Speed 14.819mps, Strength 0.1
[AirdropContainerFall] Drop Type 'Misc. Tools', Container: 'RANDOM', Mode/Quantity/Iems: Random/30/54, Flare:  10%
[AirdropContainerFall] Loot Spawned [1] PortableGasLamp @ <4490.124023, 340.070953, 10261.877930> ... Lifespan: Set to 30 minutes.
[AirdropContainerFall] Loot Spawned [2] Spotlight @ <4489.546387, 340.152924, 10263.708984> ... Lifespan: Set to 30 minutes.
[AirdropContainerFall] Loot Spawned [3] Headtorch_Grey @ <4489.969727, 339.789978, 10258.618164> ... Lifespan: Set to 30 minutes.
[AirdropContainerFall] Loot Spawned [4] Compass @ <4487.408203, 339.650360, 10260.644531> ... Lifespan: Set to 30 minutes.
[AirdropContainerFall] Loot Spawned [5] Chemlight_Green @ <4490.812500, 340.262238, 10264.133789> ... Lifespan: Set to 30 minutes.
[AirdropContainerFall] Loot Spawned [6] Spotlight @ <4490.164551, 339.875854, 10259.713867> ... Lifespan: Set to 30 minutes.
[AirdropContainerFall] Loot Spawned [7] Roadflare @ <4488.724121, 339.659363, 10258.740234> ... Lifespan: Set to 30 minutes.
[AirdropContainerFall] Loot Spawned [8] Hacksaw @ <4490.211914, 340.211456, 10263.952148> ... Lifespan: Set to 30 minutes.
[AirdropContainerFall] Loot Spawned [9] Spotlight @ <4489.296875, 340.174011, 10264.405273> ... Lifespan: Set to 30 minutes.
[AirdropContainerFall] Loot Spawned [10] CableReel @ <4489.898926, 339.860657, 10259.956055> ... Lifespan: Set to 30 minutes.
[AirdropContainerFall] Loot Spawned [11] CombatKnife @ <4488.716309, 340.055664, 10263.322266> ... Lifespan: Set to 30 minutes.
[AirdropContainerFall] Loot Spawned [12] PortableGasLamp @ <4486.920898, 339.759338, 10262.318359> ... Lifespan: Set to 30 minutes.
[AirdropContainerFall] Loot Spawned [13] Wrench @ <4486.799805, 339.897583, 10263.876953> ... Lifespan: Set to 30 minutes.
[AirdropContainerFall] Loot Spawned [14] SewingKit @ <4491.474609, 340.278259, 10263.602539> ... Lifespan: Set to 30 minutes.
[AirdropContainerFall] Loot Spawned [15] Spotlight @ <4487.588379, 339.993591, 10263.966797> ... Lifespan: Set to 30 minutes.
[AirdropContainerFall] Loot Spawned [16] Spotlight @ <4488.219238, 339.637970, 10259.328125> ... Lifespan: Set to 30 minutes.
[AirdropContainerFall] Loot Spawned [17] OrienteeringCompass @ <4487.192383, 339.801575, 10262.444336> ... Lifespan: Set to 30 minutes.
[AirdropContainerFall] Loot Spawned [18] Hatchet @ <4488.488281, 339.711456, 10260.043945> ... Lifespan: Set to 30 minutes.
[AirdropContainerFall] Loot Spawned [19] Screwdriver @ <4490.720215, 340.000336, 10260.474609> ... Lifespan: Set to 30 minutes.
[AirdropContainerFall] Loot Spawned [20] Roadflare @ <4486.687012, 339.919434, 10264.229492> ... Lifespan: Set to 30 minutes.
[AirdropContainerFall] Loot Spawned [21] Lockpick @ <4489.462891, 339.784241, 10259.475586> ... Lifespan: Set to 30 minutes.
[AirdropContainerFall] Loot Spawned [22] WoodAxe @ <4487.629883, 340.066559, 10264.668945> ... Lifespan: Set to 30 minutes.
[AirdropContainerFall] Loot Spawned [23] Hammer @ <4489.200684, 340.172180, 10264.491211> ... Lifespan: Set to 30 minutes.
[AirdropContainerFall] Loot Spawned [24] Chemlight_Red @ <4490.929199, 340.159576, 10262.110352> ... Lifespan: Set to 30 minutes.
[AirdropContainerFall] Loot Spawned [25] Chemlight_White @ <4489.586426, 339.763123, 10258.882813> ... Lifespan: Set to 30 minutes.
[AirdropContainerFall] Loot Spawned [26] FirefighterAxe @ <4486.427246, 339.666290, 10261.923828> ... Lifespan: Set to 30 minutes.
[AirdropContainerFall] Loot Spawned [27] Crowbar @ <4489.561523, 340.122650, 10263.136719> ... Lifespan: Set to 30 minutes.
[AirdropContainerFall] Loot Spawned [28] LugWrench @ <4486.943848, 339.736847, 10262.061523> ... Lifespan: Set to 30 minutes.
[AirdropContainerFall] Loot Spawned [29] CableReel @ <4489.587402, 340.143768, 10263.490234> ... Lifespan: Set to 30 minutes.
[AirdropContainerFall] Loot Spawned [30] CombatKnife @ <4485.678711, 339.701965, 10263.141602> ... Lifespan: Set to 30 minutes.
[AirdropContainerFall] Airdrop Flare Spawned @ <4486.880859, 339.988007, 10264.713867> ... Lifespan: Set to 30 minutes.
[AirdropContainerUnstuck] Container was unstuck.
[~AirdropContainerBase] Container Destroyed on 2021-04-13 @ 11-10-16
