[InitializeContainer] Container created on 2021-03-25 @ 21-48-58
[InitializeContainer] Winds: Vector <-2.893430, 0.000000, -1.213374>, Speed 3.13755mps, Strength 0.1
[AirdropContainerFall] Drop Type 'Military West', Container: 'AirdropContainer_Military', Mode/Quantity/Iems: Random/20/46, Flare:  10%
[AirdropContainerFall] Loot Spawned [1] Rangefinder @ <5050.385254, 8.930125, 2538.953369> ... Lifespan: Set to 30 minutes.
[AirdropContainerFall] Loot Spawned [2] MilitaryBoots_Beige @ <5051.436523, 8.927758, 2536.782471> ... Lifespan: Set to 30 minutes.
[AirdropContainerFall] Loot Spawned [3] M4_RISHndgrd @ <5050.903809, 9.003418, 2534.739990> ... Lifespan: Set to 30 minutes.
[AirdropContainerFall] Loot Spawned [4] AK101 @ <5051.500488, 8.969782, 2535.068848> ... Lifespan: Set to 30 minutes.
[AirdropContainerFall] Loot Spawned [5] WeaponCleaningKit @ <5049.314941, 9.093637, 2535.123779> ... Lifespan: Set to 30 minutes.
[AirdropContainerFall] Loot Spawned [6] UKAssVest_Camo @ <5051.161621, 8.954144, 2536.383545> ... Lifespan: Set to 30 minutes.
[AirdropContainerFall] Loot Spawned [7] KOD_RSASS_Black @ <5051.046875, 8.993109, 2534.515869> ... Lifespan: Set to 30 minutes.
[AirdropContainerFall] Loot Spawned [8] KOD_M16A4 @ <5051.745117, 8.921049, 2536.370605> ... Lifespan: Set to 30 minutes.
[AirdropContainerFall] Loot Spawned [9] M4_RISHndgrd @ <5047.678711, 9.105778, 2538.185791> ... Lifespan: Set to 30 minutes.
[AirdropContainerFall] Loot Spawned [10] Canteen @ <5047.839844, 9.079572, 2538.822266> ... Lifespan: Set to 30 minutes.
[AirdropContainerFall] Loot Spawned [11] FNX45 @ <5049.604980, 8.973574, 2539.002197> ... Lifespan: Set to 30 minutes.
[AirdropContainerFall] Loot Spawned [12] UKAssVest_Camo @ <5050.015625, 8.947766, 2539.086914> ... Lifespan: Set to 30 minutes.
[AirdropContainerFall] Loot Spawned [13] KOD_RSASS_Black @ <5052.167480, 8.929949, 2534.632324> ... Lifespan: Set to 30 minutes.
[AirdropContainerFall] Loot Spawned [14] UKAssVest_Khaki @ <5046.650391, 9.209455, 2535.652832> ... Lifespan: Set to 30 minutes.
[AirdropContainerFall] Loot Spawned [15] Mag_STANAG_30Rnd @ <5047.864746, 9.128313, 2536.941162> ... Lifespan: Set to 30 minutes.
[AirdropContainerFall] Loot Spawned [16] TacticalGloves_Green @ <5049.212402, 9.099924, 2535.108398> ... Lifespan: Set to 30 minutes.
[AirdropContainerFall] Loot Spawned [17] Mag_STANAG_30Rnd @ <5049.520020, 8.967834, 2539.400391> ... Lifespan: Set to 30 minutes.
[AirdropContainerFall] Loot Spawned [18] AK101 @ <5050.261230, 8.918963, 2539.638672> ... Lifespan: Set to 30 minutes.
[AirdropContainerFall] Loot Spawned [19] Mag_STANAG_30Rnd @ <5048.827148, 8.994470, 2539.890625> ... Lifespan: Set to 30 minutes.
[AirdropContainerFall] Loot Spawned [20] UKAssVest_Olive @ <5052.064453, 8.864738, 2538.134521> ... Lifespan: Set to 30 minutes.
[AirdropContainerUnstuck] Container was unstuck.
