[InitializeContainer] Container created on 2021-04-15 @ 02-18-10
[InitializeContainer] Winds: Vector <10.538612, 0.000000, -1.375977>, Speed 10.6281mps, Strength 0.1
[AirdropContainerFall] Drop Type 'Misc. Tools', Container: 'RANDOM', Mode/Quantity/Iems: Random/30/54, Flare:  10%
[AirdropContainerFall] Loot Spawned [1] Flashlight @ <5028.407227, 9.360497, 2382.348389> ... Lifespan: Set to 30 minutes.
[AirdropContainerFall] Loot Spawned [2] CanOpener @ <5029.420898, 9.383675, 2381.106689> ... Lifespan: Set to 30 minutes.
[AirdropContainerFall] Loot Spawned [3] Rangefinder @ <5030.901855, 9.365034, 2382.105225> ... Lifespan: Set to 30 minutes.
[AirdropContainerFall] Loot Spawned [4] PortableGasStove @ <5027.112793, 9.335525, 2383.686035> ... Lifespan: Set to 30 minutes.
[AirdropContainerFall] Loot Spawned [5] CombatKnife @ <5028.093750, 9.320567, 2384.487305> ... Lifespan: Set to 30 minutes.
[AirdropContainerFall] Loot Spawned [6] Crowbar @ <5031.730469, 9.385435, 2381.012207> ... Lifespan: Set to 30 minutes.
[AirdropContainerFall] Loot Spawned [7] Hatchet @ <5029.645996, 9.313791, 2387.093018> ... Lifespan: Set to 30 minutes.
[AirdropContainerFall] Loot Spawned [8] Whetstone @ <5027.573730, 9.312001, 2385.750244> ... Lifespan: Set to 30 minutes.
[AirdropContainerFall] Loot Spawned [9] KitchenKnife @ <5032.074707, 9.311568, 2385.786133> ... Lifespan: Set to 30 minutes.
[AirdropContainerFall] Loot Spawned [10] Hatchet @ <5028.821289, 9.315594, 2384.753906> ... Lifespan: Set to 30 minutes.
[AirdropContainerFall] Loot Spawned [11] KitchenKnife @ <5030.690918, 9.362347, 2382.249268> ... Lifespan: Set to 30 minutes.
[AirdropContainerFall] Loot Spawned [12] Pliers @ <5030.191895, 9.381757, 2381.209473> ... Lifespan: Set to 30 minutes.
[AirdropContainerFall] Loot Spawned [13] Binoculars @ <5031.236328, 9.312686, 2386.286621> ... Lifespan: Set to 30 minutes.
[AirdropContainerFall] Loot Spawned [14] Rangefinder @ <5028.166992, 9.380624, 2381.226807> ... Lifespan: Set to 30 minutes.
[AirdropContainerFall] Loot Spawned [15] Battery9V @ <5029.921387, 9.311591, 2385.442871> ... Lifespan: Set to 30 minutes.
[AirdropContainerFall] Loot Spawned [16] LugWrench @ <5028.678711, 9.313313, 2386.733643> ... Lifespan: Set to 30 minutes.
[AirdropContainerFall] Loot Spawned [17] ChernarusMap @ <5030.608398, 9.369930, 2381.843018> ... Lifespan: Set to 30 minutes.
[AirdropContainerFall] Loot Spawned [18] Machete @ <5028.393555, 9.350106, 2382.905029> ... Lifespan: Set to 30 minutes.
[AirdropContainerFall] Loot Spawned [19] PortableGasLamp @ <5027.895020, 9.338148, 2383.545654> ... Lifespan: Set to 30 minutes.
[AirdropContainerFall] Loot Spawned [20] Hammer @ <5031.721680, 9.353350, 2382.731201> ... Lifespan: Set to 30 minutes.
[AirdropContainerFall] Loot Spawned [21] SledgeHammer @ <5027.646973, 9.316295, 2384.716309> ... Lifespan: Set to 30 minutes.
[AirdropContainerFall] Loot Spawned [22] Pickaxe @ <5030.098145, 9.312238, 2385.927246> ... Lifespan: Set to 30 minutes.
[AirdropContainerFall] Loot Spawned [23] Matchbox @ <5029.388672, 9.311739, 2385.553467> ... Lifespan: Set to 30 minutes.
[AirdropContainerFall] Loot Spawned [24] Heatpack @ <5030.670898, 9.380915, 2381.254395> ... Lifespan: Set to 30 minutes.
[AirdropContainerFall] Loot Spawned [25] Pickaxe @ <5029.444336, 9.312787, 2386.339600> ... Lifespan: Set to 30 minutes.
[AirdropContainerFall] Loot Spawned [26] BatteryCharger @ <5032.210938, 9.352405, 2382.781738> ... Lifespan: Set to 30 minutes.
[AirdropContainerFall] Loot Spawned [27] SteakKnife @ <5027.370117, 9.323481, 2384.331299> ... Lifespan: Set to 30 minutes.
[AirdropContainerFall] Loot Spawned [28] BatteryCharger @ <5030.449219, 9.360967, 2382.322998> ... Lifespan: Set to 30 minutes.
[AirdropContainerFall] Loot Spawned [29] SteakKnife @ <5028.085449, 9.350261, 2382.896729> ... Lifespan: Set to 30 minutes.
[AirdropContainerFall] Loot Spawned [30] FirefighterAxe @ <5032.341309, 9.348184, 2383.007813> ... Lifespan: Set to 30 minutes.
[AirdropContainerUnstuck] Container was unstuck.
[~AirdropContainerBase] Container Destroyed on 2021-04-15 @ 02-43-10
