[InitializeContainer] Container created on 2021-04-12 @ 10-44-55
[InitializeContainer] Winds: Vector <4.150362, 0.000000, 14.079828>, Speed 14.6788mps, Strength 0.1
[AirdropContainerFall] Drop Type 'Misc. Food', Container: 'RANDOM', Mode/Quantity/Iems: Random/29/30, Flare:  10%
[AirdropContainerFall] Loot Spawned [1] SardinesCan @ <12199.402344, 140.001007, 12557.381836> ... Lifespan: Set to 30 minutes.
[AirdropContainerFall] Loot Spawned [2] TunaCan @ <12194.016602, 140.001007, 12555.570313> ... Lifespan: Set to 30 minutes.
[AirdropContainerFall] Loot Spawned [3] Zucchini @ <12198.282227, 140.001007, 12555.276367> ... Lifespan: Set to 30 minutes.
[AirdropContainerFall] Loot Spawned [4] TacticalBaconCan @ <12197.738281, 140.001007, 12556.967773> ... Lifespan: Set to 30 minutes.
[AirdropContainerFall] Loot Spawned [5] Apple @ <12195.773438, 140.001007, 12559.973633> ... Lifespan: Set to 30 minutes.
[AirdropContainerFall] Loot Spawned [6] BakedBeansCan @ <12199.615234, 140.001007, 12558.836914> ... Lifespan: Set to 30 minutes.
[AirdropContainerFall] Loot Spawned [7] WaterBottle @ <12196.708008, 140.001007, 12556.531250> ... Lifespan: Set to 30 minutes.
[AirdropContainerFall] Loot Spawned [8] AKM @ <12198.547852, 140.001007, 12559.036133> ... Lifespan: Set to 30 minutes.
[AirdropContainerFall] Loot Spawned [9] Potato @ <12195.688477, 140.001007, 12559.648438> ... Lifespan: Set to 30 minutes.
[AirdropContainerFall] Loot Spawned [10] TacticalBaconCan @ <12196.291992, 140.001007, 12560.663086> ... Lifespan: Set to 30 minutes.
[AirdropContainerFall] Loot Spawned [11] AK101 @ <12197.259766, 140.001007, 12560.948242> ... Lifespan: Set to 30 minutes.
[AirdropContainerFall] Loot Spawned [12] Potato @ <12197.201172, 140.001007, 12555.713867> ... Lifespan: Set to 30 minutes.
[AirdropContainerFall] Loot Spawned [13] CaninaBerry @ <12195.901367, 140.001007, 12556.632813> ... Lifespan: Set to 30 minutes.
[AirdropContainerFall] Loot Spawned [14] Rice @ <12198.349609, 140.001007, 12556.223633> ... Lifespan: Set to 30 minutes.
[AirdropContainerFall] Loot Spawned [15] PeachesCan @ <12196.463867, 140.001007, 12560.461914> ... Lifespan: Set to 30 minutes.
[AirdropContainerFall] Loot Spawned [16] SambucusBerry @ <12199.097656, 140.001007, 12558.193359> ... Lifespan: Set to 30 minutes.
[AirdropContainerFall] Loot Spawned [17] WaterBottle @ <12194.236328, 140.001007, 12556.119141> ... Lifespan: Set to 30 minutes.
[AirdropContainerFall] Loot Spawned [18] SodaCan_Pipsi @ <12195.784180, 140.001007, 12556.407227> ... Lifespan: Set to 30 minutes.
[AirdropContainerFall] Loot Spawned [19] Pumpkin @ <12193.614258, 140.001007, 12559.969727> ... Lifespan: Set to 30 minutes.
[AirdropContainerFall] Loot Spawned [20] PowderedMilk @ <12195.473633, 140.001007, 12561.212891> ... Lifespan: Set to 30 minutes.
[AirdropContainerFall] Loot Spawned [21] Plum @ <12199.310547, 140.001007, 12559.354492> ... Lifespan: Set to 30 minutes.
[AirdropContainerFall] Loot Spawned [22] PowderedMilk @ <12197.337891, 140.001007, 12559.953125> ... Lifespan: Set to 30 minutes.
[AirdropContainerFall] Loot Spawned [23] BoxCerealCrunchin @ <12195.270508, 140.001007, 12556.621094> ... Lifespan: Set to 30 minutes.
[AirdropContainerFall] Loot Spawned [24] KOD_M16A4 @ <12195.450195, 140.001007, 12556.331055> ... Lifespan: Set to 30 minutes.
[AirdropContainerFall] Loot Spawned [25] Plum @ <12198.064453, 140.001007, 12559.017578> ... Lifespan: Set to 30 minutes.
[AirdropContainerFall] Loot Spawned [26] Plum @ <12198.505859, 140.001007, 12559.277344> ... Lifespan: Set to 30 minutes.
[AirdropContainerFall] Loot Spawned [27] SambucusBerry @ <12194.241211, 140.001007, 12557.005859> ... Lifespan: Set to 30 minutes.
[AirdropContainerFall] Loot Spawned [28] PowderedMilk @ <12198.417969, 140.001007, 12558.488281> ... Lifespan: Set to 30 minutes.
[AirdropContainerFall] Loot Spawned [29] Apple @ <12198.029297, 140.001007, 12556.219727> ... Lifespan: Set to 30 minutes.
[AirdropContainerUnstuck] Container was unstuck.
