[AirdropBase] Base class created & settings loaded.
[2021-04-22 @ 05-44-09] ----------------------------------------------------------------------------------------------------
[EOnCallAirdrop] Drop zone asigned: Soverograd <8566.000000, 0.000000, 12755.000000>
[EOnCallAirdrop] Drop zone offset to: <8579.368164, 2438.000000, 12761.709961>
[EOnCallAirdrop] Aircraft spawn point: <-1000.000000, 2438.000000, 16036.821289>
[EOnCallAirdrop] Aircraft bearing ... Angle/Bearing: 2.8111° / 288.936°, Text: 'West (289°)'
[EOnCallAirdrop] Aircraft has been dispatched to 'Soverograd' from the West (289°).
[2021-04-22 @ 06-09-31] ----------------------------------------------------------------------------------------------------
[EOnCallAirdrop] Drop zone asigned: Myshkino <1900.000000, 0.000000, 7600.000000>
[EOnCallAirdrop] Drop zone offset to: <1887.465454, 2438.000000, 7558.547852>
[EOnCallAirdrop] Aircraft spawn point: <10193.112305, 2438.000000, -1000.000000>
[EOnCallAirdrop] Aircraft bearing ... Angle/Bearing: -0.803563° / 136.041°, Text: 'South/East (136°)'
[EOnCallAirdrop] Aircraft has been dispatched to 'Myshkino' from the South/East (136°).
[2021-04-22 @ 06-34-52] ----------------------------------------------------------------------------------------------------
[EOnCallAirdrop] Drop zone asigned: Veresnik <4000.000000, 0.000000, 7850.000000>
[EOnCallAirdrop] Drop zone offset to: <3989.416748, 2438.000000, 7824.538574>
[EOnCallAirdrop] Aircraft spawn point: <-1000.000000, 2438.000000, 11331.125977>
[EOnCallAirdrop] Aircraft bearing ... Angle/Bearing: 2.5334° / 304.847°, Text: 'North/West (305°)'
[EOnCallAirdrop] Aircraft has been dispatched to 'Veresnik' from the North/West (305°).
[2021-04-22 @ 07-00-12] ----------------------------------------------------------------------------------------------------
[EOnCallAirdrop] Drop zone asigned: Zelenogorks <1875.000000, 0.000000, 5210.000000>
[EOnCallAirdrop] Drop zone offset to: <1856.352417, 2438.000000, 5272.540039>
[EOnCallAirdrop] Aircraft spawn point: <-1000.000000, 2438.000000, -46.887417>
[EOnCallAirdrop] Aircraft bearing ... Angle/Bearing: -2.07126° / 208.674°, Text: 'South/West (209°)'
[EOnCallAirdrop] Aircraft has been dispatched to 'Zelenogorks' from the South/West (209°).
[2021-04-22 @ 07-25-33] ----------------------------------------------------------------------------------------------------
[EOnCallAirdrop] Drop zone asigned: Krasnostav Airstrip <12160.000000, 0.000000, 12645.000000>
[EOnCallAirdrop] Drop zone offset to: <12125.429688, 2438.000000, 12589.385742>
[EOnCallAirdrop] Aircraft spawn point: <16360.000000, 2438.000000, 418.278137>
[EOnCallAirdrop] Aircraft bearing ... Angle/Bearing: -1.23992° / 161.042°, Text: 'South (161°)'
[EOnCallAirdrop] Aircraft has been dispatched to 'Krasnostav Airstrip' from the South (161°).
[2021-04-22 @ 07-50-54] ----------------------------------------------------------------------------------------------------
[EOnCallAirdrop] Drop zone asigned: Soverograd <8566.000000, 0.000000, 12755.000000>
[EOnCallAirdrop] Drop zone offset to: <8588.009766, 2438.000000, 12797.604492>
[EOnCallAirdrop] Aircraft spawn point: <12133.245117, 2438.000000, -1000.000000>
[EOnCallAirdrop] Aircraft bearing ... Angle/Bearing: -1.31704° / 165.461°, Text: 'South (165°)'
[EOnCallAirdrop] Aircraft has been dispatched to 'Soverograd' from the South (165°).
[2021-04-22 @ 08-16-15] ----------------------------------------------------------------------------------------------------
[EOnCallAirdrop] Drop zone asigned: Krasnostav Airstrip <12160.000000, 0.000000, 12645.000000>
[EOnCallAirdrop] Drop zone offset to: <12175.830078, 2438.000000, 12585.110352>
[EOnCallAirdrop] Aircraft spawn point: <10889.801758, 2438.000000, 16360.000000>
[EOnCallAirdrop] Aircraft bearing ... Angle/Bearing: 1.90025° / 341.124°, Text: 'North (341°)'
[EOnCallAirdrop] Aircraft has been dispatched to 'Krasnostav Airstrip' from the North (341°).
[2021-04-22 @ 08-41-36] ----------------------------------------------------------------------------------------------------
[EOnCallAirdrop] Drop zone asigned: Stary/Novy  <6600.000000, 0.000000, 7800.000000>
[EOnCallAirdrop] Drop zone offset to: <6642.973145, 2438.000000, 7780.483887>
[EOnCallAirdrop] Aircraft spawn point: <-1000.000000, 2438.000000, 10216.423828>
[EOnCallAirdrop] Aircraft bearing ... Angle/Bearing: 2.83375° / 287.638°, Text: 'West (288°)'
[EOnCallAirdrop] Aircraft has been dispatched to 'Stary/Novy ' from the West (288°).
