[AirdropPlane] Aircraft created on 2021-04-04 @ 23-25-22
[InitializeAircraft] Aircraft Initialized: Zelenogorks @ 1875/5210 (true)
[EOnBeforeDrop] The Aircraft is 1 Km from Zelenogorks. @ <1375.533691, 329.965851, 6623.751465>
[EOnDrop] Zombie Spawned [1] ZmbM_FarmerFat_Beige @ <1852.019775, 176.157333, 5266.458984> ... Lifespan:  Set to 30 minutes.
[EOnDrop] Zombie Spawned [2] ZmbM_VillagerOld_Blue @ <1806.160034, 178.281403, 5291.526855> ... Lifespan:  Set to 30 minutes.
[EOnDrop] Zombie Spawned [3] ZmbF_SurvivorNormal_Red @ <1878.741333, 177.958527, 5297.113281> ... Lifespan:  Set to 30 minutes.
[EOnDrop] Zombie Spawned [4] ZmbM_HunterOld_Winter @ <1843.738037, 178.884079, 5301.020508> ... Lifespan:  Set to 30 minutes.
[EOnDrop] Zombie Spawned [5] ZmbM_HunterOld_Summer @ <1830.590820, 179.843765, 5312.996094> ... Lifespan:  Set to 30 minutes.
[EOnDrop] Zombie Spawned [6] ZmbM_HunterOld_Autumn @ <1856.654663, 180.142670, 5313.412598> ... Lifespan:  Set to 30 minutes.
[EOnDrop] Zombie Spawned [7] ZmbM_MotobikerFat_Beige @ <1873.002930, 179.113815, 5309.047363> ... Lifespan:  Set to 30 minutes.
[EOnDrop] Zombie Spawned [8] ZmbF_MilkMaidOld_Black @ <1828.033081, 179.741776, 5312.074707> ... Lifespan:  Set to 30 minutes.
[EOnDrop] Zombie Spawned [9] ZmbM_HermitSkinny_Black @ <1860.071289, 180.230988, 5326.222168> ... Lifespan:  Set to 30 minutes.
[EOnDrop] Zombie Spawned [10] ZmbM_MotobikerFat_Blue @ <1880.385132, 175.757233, 5263.632324> ... Lifespan:  Set to 30 minutes.
[EOnDrop] Zombie Spawned [11] ZmbF_SurvivorNormal_Red @ <1805.962646, 178.662369, 5302.820313> ... Lifespan:  Set to 30 minutes.
[EOnDrop] Zombie Spawned [12] ZmbM_HermitSkinny_Red @ <1803.147583, 178.271729, 5294.817871> ... Lifespan:  Set to 30 minutes.
[EOnDrop] Zombie Spawned [13] ZmbM_MotobikerFat_Black @ <1815.427856, 178.216599, 5284.220703> ... Lifespan:  Set to 30 minutes.
[EOnDrop] Zombie Spawned [14] ZmbF_HikerSkinny_Grey @ <1837.445557, 180.584366, 5319.986816> ... Lifespan:  Set to 30 minutes.
[EOnDrop] Zombie Spawned [15] ZmbM_HikerSkinny_Green @ <1852.755127, 180.279434, 5315.178223> ... Lifespan:  Set to 30 minutes.
[EOnDrop] Zombie Spawned [16] ZmbM_FarmerFat_Brown @ <1843.480103, 178.171143, 5290.293457> ... Lifespan:  Set to 30 minutes.
[EOnDrop] Zombie Spawned [17] ZmbF_MilkMaidOld_Green @ <1855.922241, 180.581543, 5330.770020> ... Lifespan:  Set to 30 minutes.
[EOnDrop] Zombie Spawned [18] ZmbM_HunterOld_Autumn @ <1841.042725, 180.493164, 5317.981445> ... Lifespan:  Set to 30 minutes.
[EOnDrop] Zombie Spawned [19] ZmbF_VillagerOld_Blue @ <1821.449585, 181.351593, 5329.771973> ... Lifespan:  Set to 30 minutes.
[EOnDrop] Zombie Spawned [20] ZmbF_MilkMaidOld_Green @ <1849.714233, 178.003403, 5292.148926> ... Lifespan:  Set to 30 minutes.
[EOnDrop] Drop spawned with 20 infected at <1844.972168, 336.872284, 5295.992676>.
[EOnDrop] Supplies have been dropped near Zelenogorks.
[EOnBeforeDelete] Aircraft despawned @ <4071.268066, 152.000610, -1000.841003>
[~AirdropPlane] Aircraft destroyed.
