[AirdropPlane] Aircraft created on 2021-03-14 @ 19-42-27
[InitializeAircraft] Aircraft Initialized: Zelenogorks @ 1875/5210 (true)
[EOnBeforeDrop] The Aircraft is 1 Km from Zelenogorks. @ <3317.897949, 450.476501, 5618.565430>
[EOnDrop] Zombie Spawned [1] ZmbM_FarmerFat_Brown @ <1982.174561, 178.687775, 5246.422852> ... Lifespan:  Set to 60 minutes.
[EOnDrop] Zombie Spawned [2] ZmbM_MotobikerFat_Blue @ <1958.513428, 176.924850, 5247.955078> ... Lifespan:  Set to 60 minutes.
[EOnDrop] Zombie Spawned [3] ZmbF_HikerSkinny_Grey @ <1955.487427, 176.809036, 5253.091797> ... Lifespan:  Set to 60 minutes.
[EOnDrop] Zombie Spawned [4] ZmbF_VillagerOld_Red @ <1981.770752, 176.819580, 5195.668945> ... Lifespan:  Set to 60 minutes.
[EOnDrop] Zombie Spawned [5] ZmbF_VillagerOld_Red @ <1913.662109, 175.151840, 5233.348633> ... Lifespan:  Set to 60 minutes.
[EOnDrop] Zombie Spawned [6] ZmbF_HikerSkinny_Blue @ <1993.197632, 178.471222, 5214.183594> ... Lifespan:  Set to 60 minutes.
[EOnDrop] Zombie Spawned [7] ZmbF_SurvivorNormal_Orange @ <1992.706543, 179.582199, 5248.805664> ... Lifespan:  Set to 60 minutes.
[EOnDrop] Zombie Spawned [8] ZmbM_MotobikerFat_Blue @ <1984.766235, 178.657974, 5235.165039> ... Lifespan:  Set to 60 minutes.
[EOnDrop] Zombie Spawned [9] ZmbF_MilkMaidOld_Beige @ <1976.600830, 178.020706, 5236.239746> ... Lifespan:  Set to 60 minutes.
[EOnDrop] Zombie Spawned [10] ZmbM_HermitSkinny_Beige @ <1919.006104, 174.670929, 5217.623047> ... Lifespan:  Set to 60 minutes.
[EOnDrop] Zombie Spawned [11] ZmbM_HunterOld_Winter @ <1988.846069, 177.253235, 5196.750977> ... Lifespan:  Set to 60 minutes.
[EOnDrop] Zombie Spawned [12] ZmbM_HunterOld_Winter @ <1957.018311, 175.683121, 5195.679688> ... Lifespan:  Set to 60 minutes.
[EOnDrop] Zombie Spawned [13] ZmbM_VillagerOld_White @ <1951.218506, 176.431381, 5243.320313> ... Lifespan:  Set to 60 minutes.
[EOnDrop] Zombie Spawned [14] ZmbF_VillagerOld_White @ <1955.136475, 176.522980, 5236.278809> ... Lifespan:  Set to 60 minutes.
[EOnDrop] Zombie Spawned [15] ZmbM_FarmerFat_Green @ <1931.513916, 174.992828, 5206.585449> ... Lifespan:  Set to 60 minutes.
[EOnDrop] Zombie Spawned [16] ZmbM_VillagerOld_Green @ <1984.581177, 178.965561, 5251.912598> ... Lifespan:  Set to 60 minutes.
[EOnDrop] Zombie Spawned [17] ZmbM_priestPopSkinny @ <1968.762329, 177.638748, 5247.277344> ... Lifespan:  Set to 60 minutes.
[EOnDrop] Zombie Spawned [18] ZmbF_SurvivorNormal_Red @ <1948.340332, 176.701050, 5274.058594> ... Lifespan:  Set to 60 minutes.
[EOnDrop] Zombie Spawned [19] ZmbF_SurvivorNormal_White @ <1980.612427, 178.652283, 5252.704590> ... Lifespan:  Set to 60 minutes.
[EOnDrop] Zombie Spawned [20] ZmbF_MilkMaidOld_Black @ <1934.249146, 175.159195, 5211.076172> ... Lifespan:  Set to 60 minutes.
[EOnDrop] Drop spawned with 20 infected at <1959.337402, 326.071014, 5233.264648>.
[EOnDrop] Supplies have been dropped near Zelenogorks.
[EOnBeforeDelete] Aircraft despawned @ <-1000.977478, 289.177216, 4393.708984>
[~AirdropPlane] Aircraft destroyed.
