[InitializeContainer] Container created on 2021-03-23 @ 22-28-56
[InitializeContainer] Winds: Vector <-0.668852, 0.000000, -6.153593>, Speed 6.18984mps, Strength 0.1
[AirdropContainerFall] Drop Type 'Misc. Tools', Container: 'RANDOM', Mode/Quantity/Iems: Random/30/54, Flare:  10%
[AirdropContainerFall] Loot Spawned [1] Hammer @ <4022.682129, 301.266327, 7923.859375> ... Lifespan: Set to 30 minutes.
[AirdropContainerFall] Loot Spawned [2] Megaphone @ <4025.034668, 301.567780, 7927.368164> ... Lifespan: Set to 30 minutes.
[AirdropContainerFall] Loot Spawned [3] Matchbox @ <4023.935303, 301.524963, 7927.363281> ... Lifespan: Set to 30 minutes.
[AirdropContainerFall] Loot Spawned [4] Rangefinder @ <4023.014160, 301.589264, 7928.932617> ... Lifespan: Set to 30 minutes.
[AirdropContainerFall] Loot Spawned [5] Chemlight_Yellow @ <4019.744385, 301.290314, 7926.130371> ... Lifespan: Set to 30 minutes.
[AirdropContainerFall] Loot Spawned [6] Headtorch_Black @ <4021.937012, 301.475983, 7927.812500> ... Lifespan: Set to 30 minutes.
[AirdropContainerFall] Loot Spawned [7] WeaponCleaningKit @ <4026.068359, 301.576080, 7926.840332> ... Lifespan: Set to 30 minutes.
[AirdropContainerFall] Loot Spawned [8] WoodAxe @ <4022.995605, 301.278839, 7923.865723> ... Lifespan: Set to 30 minutes.
[AirdropContainerFall] Loot Spawned [9] Hammer @ <4025.162109, 301.572693, 7927.368164> ... Lifespan: Set to 30 minutes.
[AirdropContainerFall] Loot Spawned [10] SledgeHammer @ <4024.385986, 301.529297, 7927.144043> ... Lifespan: Set to 30 minutes.
[AirdropContainerFall] Loot Spawned [11] Heatpack @ <4023.843018, 301.522675, 7927.384277> ... Lifespan: Set to 30 minutes.
[AirdropContainerFall] Loot Spawned [12] Binoculars @ <4025.006104, 301.401337, 7924.613281> ... Lifespan: Set to 30 minutes.
[AirdropContainerFall] Loot Spawned [13] SteakKnife @ <4019.333008, 301.306610, 7926.629883> ... Lifespan: Set to 30 minutes.
[AirdropContainerFall] Loot Spawned [14] Headtorch_Black @ <4020.881348, 301.312653, 7925.792480> ... Lifespan: Set to 30 minutes.
[AirdropContainerFall] Loot Spawned [15] Hammer @ <4019.376221, 301.296509, 7926.437500> ... Lifespan: Set to 30 minutes.
[AirdropContainerFall] Loot Spawned [16] Screwdriver @ <4021.709229, 301.564697, 7929.336914> ... Lifespan: Set to 30 minutes.
[AirdropContainerFall] Loot Spawned [17] Rangefinder @ <4023.602539, 301.610901, 7928.915039> ... Lifespan: Set to 30 minutes.
[AirdropContainerFall] Loot Spawned [18] Rangefinder @ <4020.124023, 301.383575, 7927.462891> ... Lifespan: Set to 30 minutes.
[AirdropContainerFall] Loot Spawned [19] ElectronicRepairKit @ <4024.635742, 301.491089, 7926.347168> ... Lifespan: Set to 30 minutes.
[AirdropContainerFall] Loot Spawned [20] Screwdriver @ <4019.637451, 301.356903, 7927.298828> ... Lifespan: Set to 30 minutes.
[AirdropContainerFall] Loot Spawned [21] Battery9V @ <4025.345215, 301.395966, 7924.304688> ... Lifespan: Set to 30 minutes.
[AirdropContainerFall] Loot Spawned [22] OrienteeringCompass @ <4024.453613, 301.558594, 7927.582520> ... Lifespan: Set to 30 minutes.
[AirdropContainerFall] Loot Spawned [23] CableReel @ <4021.078857, 301.445862, 7927.861328> ... Lifespan: Set to 30 minutes.
[AirdropContainerFall] Loot Spawned [24] Whetstone @ <4019.850830, 301.404602, 7927.948730> ... Lifespan: Set to 30 minutes.
[AirdropContainerFall] Loot Spawned [25] Binoculars @ <4019.961670, 301.185333, 7924.259277> ... Lifespan: Set to 30 minutes.
[AirdropContainerFall] Loot Spawned [26] BatteryCharger @ <4024.709961, 301.410400, 7924.954590> ... Lifespan: Set to 30 minutes.
[AirdropContainerFall] Loot Spawned [27] Battery9V @ <4022.720703, 301.515411, 7927.955078> ... Lifespan: Set to 30 minutes.
[AirdropContainerFall] Loot Spawned [28] HuntingKnife @ <4022.480469, 301.567108, 7928.908203> ... Lifespan: Set to 30 minutes.
[AirdropContainerFall] Loot Spawned [29] Chemlight_Blue @ <4021.091797, 301.321838, 7925.809570> ... Lifespan: Set to 30 minutes.
[AirdropContainerFall] Loot Spawned [30] Pliers @ <4021.852295, 301.572876, 7929.377930> ... Lifespan: Set to 30 minutes.
[AirdropContainerUnstuck] Container was unstuck.
[~AirdropContainerBase] Container Destroyed on 2021-03-23 @ 22-53-56
