[AirdropBase] Base class created & settings loaded.
[2021-04-04 @ 09-27-05] ----------------------------------------------------------------------------------------------------
[EOnCallAirdrop] Drop zone asigned: Balota Airstrip <5025.000000, 0.000000, 2455.000000>
[EOnCallAirdrop] Drop zone offset to: <4945.793945, 2438.000000, 2413.218750>
[EOnCallAirdrop] Aircraft spawn point: <4374.304688, 2438.000000, -1000.000000>
[EOnCallAirdrop] Aircraft bearing ... Angle/Bearing: -1.75695° / 190.666°, Text: 'South (191°)'
[EOnCallAirdrop] Aircraft has been dispatched to 'Balota Airstrip' from the South (191°).
[2021-04-04 @ 09-52-23] ----------------------------------------------------------------------------------------------------
[EOnCallAirdrop] Drop zone asigned: Soverograd <8566.000000, 0.000000, 12755.000000>
[EOnCallAirdrop] Drop zone offset to: <8515.746094, 2438.000000, 12760.774414>
[EOnCallAirdrop] Aircraft spawn point: <16360.000000, 2438.000000, 13006.357422>
[EOnCallAirdrop] Aircraft bearing ... Angle/Bearing: 0.0322389° / 88.1528°, Text: 'East (88°)'
[EOnCallAirdrop] Aircraft has been dispatched to 'Soverograd' from the East (88°).
[2021-04-04 @ 10-17-41] ----------------------------------------------------------------------------------------------------
[EOnCallAirdrop] Drop zone asigned: Stary/Novy  <6600.000000, 0.000000, 7800.000000>
[EOnCallAirdrop] Drop zone offset to: <6649.937012, 2438.000000, 7795.678711>
[EOnCallAirdrop] Aircraft spawn point: <-1000.000000, 2438.000000, 5063.576172>
[EOnCallAirdrop] Aircraft bearing ... Angle/Bearing: -2.79599° / 250.198°, Text: 'West (250°)'
[EOnCallAirdrop] Aircraft has been dispatched to 'Stary/Novy ' from the West (250°).
[2021-04-04 @ 10-42-59] ----------------------------------------------------------------------------------------------------
[EOnCallAirdrop] Drop zone asigned: Northwest Airfield <4500.000000, 0.000000, 10350.000000>
[EOnCallAirdrop] Drop zone offset to: <4498.960938, 2438.000000, 10349.873047>
[EOnCallAirdrop] Aircraft spawn point: <-1000.000000, 2438.000000, 6163.973633>
[EOnCallAirdrop] Aircraft bearing ... Angle/Bearing: -2.49103° / 232.725°, Text: 'South/West (233°)'
[EOnCallAirdrop] Aircraft has been dispatched to 'Northwest Airfield' from the South/West (233°).
[2021-04-04 @ 11-08-16] ----------------------------------------------------------------------------------------------------
[EOnCallAirdrop] Drop zone asigned: Veresnik <4000.000000, 0.000000, 7850.000000>
[EOnCallAirdrop] Drop zone offset to: <3953.425293, 2438.000000, 7810.833496>
[EOnCallAirdrop] Aircraft spawn point: <16360.000000, 2438.000000, 3908.609375>
[EOnCallAirdrop] Aircraft bearing ... Angle/Bearing: -0.308689° / 107.687°, Text: 'East (108°)'
[EOnCallAirdrop] Aircraft has been dispatched to 'Veresnik' from the East (108°).
[2021-04-04 @ 11-33-33] ----------------------------------------------------------------------------------------------------
[EOnCallAirdrop] Drop zone asigned: Elektrozavodsk <10050.000000, 0.000000, 2450.000000>
[EOnCallAirdrop] Drop zone offset to: <9974.152344, 2438.000000, 2507.724121>
[EOnCallAirdrop] Aircraft spawn point: <3357.086182, 2438.000000, 16360.000000>
[EOnCallAirdrop] Aircraft bearing ... Angle/Bearing: 2.01926° / 334.305°, Text: 'North/West (334°)'
[EOnCallAirdrop] Aircraft has been dispatched to 'Elektrozavodsk' from the North/West (334°).
[2021-04-04 @ 11-58-51] ----------------------------------------------------------------------------------------------------
[EOnCallAirdrop] Drop zone asigned: Balota Airstrip <5025.000000, 0.000000, 2455.000000>
[EOnCallAirdrop] Drop zone offset to: <5019.159668, 2438.000000, 2507.645020>
[EOnCallAirdrop] Aircraft spawn point: <16360.000000, 2438.000000, 3334.834473>
[EOnCallAirdrop] Aircraft bearing ... Angle/Bearing: 0.0774657° / 85.5615°, Text: 'East (86°)'
[EOnCallAirdrop] Aircraft has been dispatched to 'Balota Airstrip' from the East (86°).
[2021-04-04 @ 12-24-08] ----------------------------------------------------------------------------------------------------
[EOnCallAirdrop] Drop zone asigned: Zelenogorks <1875.000000, 0.000000, 5210.000000>
[EOnCallAirdrop] Drop zone offset to: <1848.231934, 2438.000000, 5195.668945>
[EOnCallAirdrop] Aircraft spawn point: <16360.000000, 2438.000000, 2233.907227>
[EOnCallAirdrop] Aircraft bearing ... Angle/Bearing: -0.20264° / 101.61°, Text: 'East (102°)'
[EOnCallAirdrop] Aircraft has been dispatched to 'Zelenogorks' from the East (102°).
[2021-04-04 @ 12-49-25] ----------------------------------------------------------------------------------------------------
[EOnCallAirdrop] Drop zone asigned: Balota Airstrip <5025.000000, 0.000000, 2455.000000>
[EOnCallAirdrop] Drop zone offset to: <4958.237305, 2438.000000, 2421.675049>
[EOnCallAirdrop] Aircraft spawn point: <14460.132813, 2438.000000, -1000.000000>
