[InitializeContainer] Container created on 2021-04-30 @ 07-48-07
[InitializeContainer] Winds: Vector <7.145233, 0.000000, -5.620106>, Speed 9.09065mps, Strength 0.1
[AirdropContainerFall] Drop Type 'Misc. Tools', Container: 'RANDOM', Mode/Quantity/Iems: Random/20/50, Flare:  10%
[AirdropContainerFall] Loot Spawned [1] ElectronicRepairKit @ <6524.383301, 309.223480, 7849.135254> ... Lifespan: Set to 60 minutes.
[AirdropContainerFall] Loot Spawned [2] CableReel @ <6513.994141, 310.558990, 7853.640137> ... Lifespan: Set to 60 minutes.
[AirdropContainerFall] Loot Spawned [3] LugWrench @ <6531.448730, 309.541962, 7854.260254> ... Lifespan: Set to 60 minutes.
[AirdropContainerFall] Loot Spawned [4] Binoculars @ <6520.246582, 309.432861, 7848.658691> ... Lifespan: Set to 60 minutes.
[AirdropContainerFall] Loot Spawned [5] Roadflare @ <6514.583984, 310.349792, 7852.393555> ... Lifespan: Set to 60 minutes.
[AirdropContainerFall] Loot Spawned [6] Wrench @ <6530.768066, 309.604279, 7854.475098> ... Lifespan: Set to 60 minutes.
[AirdropContainerFall] Loot Spawned [7] Hatchet @ <6516.570313, 309.914337, 7850.360352> ... Lifespan: Set to 60 minutes.
[AirdropContainerFall] Loot Spawned [8] Hatchet @ <6530.991699, 309.694061, 7855.256836> ... Lifespan: Set to 60 minutes.
[AirdropContainerFall] Loot Spawned [9] Battery9V @ <6513.558105, 311.536346, 7860.910156> ... Lifespan: Set to 60 minutes.
[AirdropContainerFall] Loot Spawned [10] ElectronicRepairKit @ <6529.772461, 310.848511, 7863.841797> ... Lifespan: Set to 60 minutes.
[AirdropContainerFall] Loot Spawned [11] Megaphone @ <6522.004395, 309.285767, 7848.412598> ... Lifespan: Set to 60 minutes.
[AirdropContainerFall] Loot Spawned [12] ChernarusMap @ <6513.609863, 310.606659, 7853.771484> ... Lifespan: Set to 60 minutes.
[AirdropContainerFall] Loot Spawned [13] Pickaxe @ <6518.654297, 311.852203, 7866.792480> ... Lifespan: Set to 60 minutes.
[AirdropContainerFall] Loot Spawned [14] ChernarusMap @ <6527.493164, 311.213409, 7865.793945> ... Lifespan: Set to 60 minutes.
[AirdropContainerFall] Loot Spawned [15] PortableGasStove @ <6531.076660, 310.629822, 7862.643066> ... Lifespan: Set to 60 minutes.
[AirdropContainerFall] Loot Spawned [16] SewingKit @ <6514.159180, 310.493652, 7853.237793> ... Lifespan: Set to 60 minutes.
[AirdropContainerFall] Loot Spawned [17] CombatKnife @ <6513.228516, 311.103485, 7857.364746> ... Lifespan: Set to 60 minutes.
[AirdropContainerFall] Loot Spawned [18] BatteryCharger @ <6527.145508, 311.323944, 7866.548828> ... Lifespan: Set to 60 minutes.
[AirdropContainerFall] Loot Spawned [19] Chemlight_Red @ <6525.548340, 311.503540, 7867.282227> ... Lifespan: Set to 60 minutes.
[AirdropContainerFall] Loot Spawned [20] Screwdriver @ <6528.460938, 309.174561, 7850.267578> ... Lifespan: Set to 60 minutes.
[AirdropContainerUnstuck] Container was unstuck.
[~AirdropContainerBase] Container Destroyed on 2021-04-30 @ 08-18-07
