[InitializeContainer] Container created on 2021-05-03 @ 18-35-20
[InitializeContainer] Winds: Vector <5.597085, 0.000000, -6.457810>, Speed 8.5458mps, Strength 0.1
[AirdropContainerFall] Drop Type 'Military East', Container: 'RANDOM', Mode/Quantity/Iems: Random/20/28, Flare:  10%
[AirdropContainerFall] Loot Spawned [1] Battery9V @ <13497.094727, 16.961401, 3049.635986> ... Lifespan: Set to 60 minutes.
[AirdropContainerFall] Loot Spawned [2] WeaponCleaningKit @ <13498.269531, 16.729567, 3044.917236> ... Lifespan: Set to 60 minutes.
[AirdropContainerFall] Loot Spawned [3] AK_PlasticBttstck @ <13496.796875, 16.347931, 3046.642578> ... Lifespan: Set to 60 minutes.
[AirdropContainerFall] Loot Spawned [4] WeaponCleaningKit @ <13499.803711, 17.676254, 3046.562500> ... Lifespan: Set to 60 minutes.
[AirdropContainerFall] Loot Spawned [5] GorkaEJacket_Flat @ <13495.297852, 15.895575, 3047.990479> ... Lifespan: Set to 60 minutes.
[AirdropContainerFall] Loot Spawned [6] AK_PlasticBttstck @ <13497.736328, 17.490553, 3051.032715> ... Lifespan: Set to 60 minutes.
[AirdropContainerFall] Loot Spawned [7] GorkaEJacket_Summer @ <13501.005859, 18.355595, 3047.210449> ... Lifespan: Set to 60 minutes.
[AirdropContainerFall] Loot Spawned [8] Canteen @ <13495.765625, 16.027996, 3047.511475> ... Lifespan: Set to 60 minutes.
[AirdropContainerFall] Loot Spawned [9] GorkaPants_PautRev @ <13500.354492, 18.457567, 3049.647461> ... Lifespan: Set to 60 minutes.
[AirdropContainerFall] Loot Spawned [10] WeaponCleaningKit @ <13501.051758, 18.487099, 3047.855469> ... Lifespan: Set to 60 minutes.
[AirdropContainerFall] Loot Spawned [11] TTSKOPants @ <13497.346680, 16.394175, 3045.352295> ... Lifespan: Set to 60 minutes.
[AirdropContainerFall] Loot Spawned [12] GorkaEJacket_Autumn @ <13497.597656, 16.727930, 3046.839355> ... Lifespan: Set to 60 minutes.
[AirdropContainerFall] Loot Spawned [13] TacticalBaconCan @ <13497.430664, 17.081169, 3049.438477> ... Lifespan: Set to 60 minutes.
[AirdropContainerFall] Loot Spawned [14] AmmoBox_762x39_20Rnd @ <13498.389648, 16.974089, 3046.174561> ... Lifespan: Set to 60 minutes.
[AirdropContainerFall] Loot Spawned [15] GorkaPants_Autumn @ <13501.168945, 18.419477, 3047.125732> ... Lifespan: Set to 60 minutes.
[AirdropContainerFall] Loot Spawned [16] GorkaEJacket_Flat @ <13500.062500, 17.852140, 3046.895508> ... Lifespan: Set to 60 minutes.
[AirdropContainerFall] Loot Spawned [17] AKM @ <13500.052734, 17.833809, 3046.815674> ... Lifespan: Set to 60 minutes.
[AirdropContainerFall] Loot Spawned [18] TacticalBaconCan @ <13496.959961, 16.405684, 3046.552734> ... Lifespan: Set to 60 minutes.
[AirdropContainerFall] Loot Spawned [19] TacticalGloves_Black @ <13495.786133, 16.063841, 3047.690918> ... Lifespan: Set to 60 minutes.
[AirdropContainerFall] Loot Spawned [20] AK_Suppressor @ <13498.975586, 17.846840, 3049.798584> ... Lifespan: Set to 60 minutes.
[AirdropContainerUnstuck] Container was unstuck.
[~AirdropContainerBase] Container Destroyed on 2021-05-03 @ 19-05-20
