[AirdropPlane] Aircraft created on 2021-03-27 @ 23-42-41
[InitializeAircraft] Aircraft Initialized: Stary/Novy  @ 6600/7800 (true)
[EOnBeforeDrop] The Aircraft is 1 Km from Stary/Novy . @ <7721.371582, 579.995300, 8794.234375>
[EOnDrop] Zombie Spawned [1] ZmbM_SoldierNormal @ <6707.367676, 306.856354, 7864.256836> ... Lifespan:  Set to 30 minutes.
[EOnDrop] Zombie Spawned [2] ZmbM_PatrolNormal_Summer @ <6678.319336, 307.952118, 7851.094238> ... Lifespan:  Set to 30 minutes.
[EOnDrop] Zombie Spawned [3] ZmbM_PatrolNormal_PautRev @ <6671.283691, 309.728943, 7867.512207> ... Lifespan:  Set to 30 minutes.
[EOnDrop] Zombie Spawned [4] ZmbM_PatrolNormal_Flat @ <6715.709961, 307.354279, 7880.473145> ... Lifespan:  Set to 30 minutes.
[EOnDrop] Zombie Spawned [5] ZmbM_PatrolNormal_PautRev @ <6645.180664, 311.221588, 7870.014648> ... Lifespan:  Set to 30 minutes.
[EOnDrop] Zombie Spawned [6] ZmbM_PatrolNormal_Summer @ <6687.089844, 309.021545, 7872.418457> ... Lifespan:  Set to 30 minutes.
[EOnDrop] Zombie Spawned [7] ZmbM_PatrolNormal_Flat @ <6678.323242, 305.732910, 7824.269043> ... Lifespan:  Set to 30 minutes.
[EOnDrop] Zombie Spawned [8] ZmbM_SoldierNormal @ <6651.686035, 307.779846, 7834.353027> ... Lifespan:  Set to 30 minutes.
[EOnDrop] Zombie Spawned [9] ZmbM_SoldierNormal @ <6700.291504, 305.965179, 7844.409668> ... Lifespan:  Set to 30 minutes.
[EOnDrop] Zombie Spawned [10] ZmbM_PatrolNormal_Autumn @ <6682.643066, 308.353119, 7859.771484> ... Lifespan:  Set to 30 minutes.
[EOnDrop] Zombie Spawned [11] ZmbM_PatrolNormal_PautRev @ <6650.378418, 310.446747, 7863.806152> ... Lifespan:  Set to 30 minutes.
[EOnDrop] Zombie Spawned [12] ZmbM_SoldierNormal @ <6683.188477, 308.822418, 7866.230469> ... Lifespan:  Set to 30 minutes.
[EOnDrop] Zombie Spawned [13] ZmbM_PatrolNormal_Autumn @ <6649.265137, 312.462738, 7883.960938> ... Lifespan:  Set to 30 minutes.
[EOnDrop] Zombie Spawned [14] ZmbM_PatrolNormal_Autumn @ <6680.624023, 305.171631, 7819.346680> ... Lifespan:  Set to 30 minutes.
[EOnDrop] Zombie Spawned [15] ZmbM_PatrolNormal_Flat @ <6667.018555, 307.354584, 7836.515137> ... Lifespan:  Set to 30 minutes.
[EOnDrop] Zombie Spawned [16] ZmbM_PatrolNormal_PautRev @ <6656.305176, 313.771088, 7899.560547> ... Lifespan:  Set to 30 minutes.
[EOnDrop] Zombie Spawned [17] ZmbM_PatrolNormal_Autumn @ <6687.899902, 308.764709, 7869.893555> ... Lifespan:  Set to 30 minutes.
[EOnDrop] Zombie Spawned [18] ZmbM_SoldierNormal @ <6651.588379, 310.751953, 7867.490723> ... Lifespan:  Set to 30 minutes.
[EOnDrop] Zombie Spawned [19] ZmbM_PatrolNormal_PautRev @ <6632.587402, 308.735626, 7838.501465> ... Lifespan:  Set to 30 minutes.
[EOnDrop] Zombie Spawned [20] ZmbM_PatrolNormal_Flat @ <6686.931641, 308.561493, 7866.381348> ... Lifespan:  Set to 30 minutes.
[EOnDrop] Zombie Spawned [21] ZmbM_SoldierNormal @ <6714.770996, 304.482819, 7839.844727> ... Lifespan:  Set to 30 minutes.
[EOnDrop] Zombie Spawned [22] ZmbM_PatrolNormal_Flat @ <6713.016113, 306.977844, 7872.309570> ... Lifespan:  Set to 30 minutes.
[EOnDrop] Zombie Spawned [23] ZmbM_PatrolNormal_Autumn @ <6680.010742, 309.484802, 7871.612305> ... Lifespan:  Set to 30 minutes.
[EOnDrop] Zombie Spawned [24] ZmbM_PatrolNormal_Summer @ <6679.006836, 306.531952, 7833.947754> ... Lifespan:  Set to 30 minutes.
[EOnDrop] Zombie Spawned [25] ZmbM_PatrolNormal_PautRev @ <6641.163086, 311.165955, 7868.213379> ... Lifespan:  Set to 30 minutes.
[EOnDrop] Drop spawned with 25 infected at <6673.824219, 449.720856, 7861.471680>.
[EOnDrop] Supplies have been dropped near Stary/Novy .
[EOnBeforeDelete] Aircraft despawned @ <-1000.315002, 196.963730, 1029.635498>
[~AirdropPlane] Aircraft destroyed.
