[AirdropBase] Base class created & settings loaded.
[2021-04-07 @ 02-04-27] ----------------------------------------------------------------------------------------------------
[EOnCallAirdrop] Drop zone asigned: Berezino <12450.000000, 0.000000, 9250.000000>
[EOnCallAirdrop] Drop zone offset to: <12474.915039, 2438.000000, 9186.881836>
[EOnCallAirdrop] Aircraft spawn point: <2569.801270, 2438.000000, -1000.000000>
[EOnCallAirdrop] Aircraft bearing ... Angle/Bearing: -2.33783° / 223.948°, Text: 'South/West (224°)'
[EOnCallAirdrop] Aircraft has been dispatched to 'Berezino' from the South/West (224°).
[2021-04-07 @ 02-29-41] ----------------------------------------------------------------------------------------------------
[EOnCallAirdrop] Drop zone asigned: Myshkino <1900.000000, 0.000000, 7600.000000>
[EOnCallAirdrop] Drop zone offset to: <1895.112671, 2438.000000, 7564.241211>
[EOnCallAirdrop] Aircraft spawn point: <15623.576172, 2438.000000, 16360.000000>
[EOnCallAirdrop] Aircraft bearing ... Angle/Bearing: 0.568119° / 57.4492°, Text: 'North/East (57°)'
[EOnCallAirdrop] Aircraft has been dispatched to 'Myshkino' from the North/East (57°).
[2021-04-07 @ 02-54-57] ----------------------------------------------------------------------------------------------------
[EOnCallAirdrop] Drop zone asigned: Balota Airstrip <5025.000000, 0.000000, 2455.000000>
[EOnCallAirdrop] Drop zone offset to: <5053.541992, 2438.000000, 2450.971924>
[EOnCallAirdrop] Aircraft spawn point: <16360.000000, 2438.000000, 9396.291016>
[EOnCallAirdrop] Aircraft bearing ... Angle/Bearing: 0.54947° / 58.5177°, Text: 'North/East (59°)'
[EOnCallAirdrop] Aircraft has been dispatched to 'Balota Airstrip' from the North/East (59°).
[2021-04-07 @ 03-20-14] ----------------------------------------------------------------------------------------------------
[EOnCallAirdrop] Drop zone asigned: Myshkino <1900.000000, 0.000000, 7600.000000>
[EOnCallAirdrop] Drop zone offset to: <1892.517090, 2438.000000, 7683.662109>
[EOnCallAirdrop] Aircraft spawn point: <9907.549805, 2438.000000, 16360.000000>
[EOnCallAirdrop] Aircraft bearing ... Angle/Bearing: 0.830243° / 42.4306°, Text: 'North/East (42°)'
[EOnCallAirdrop] Aircraft has been dispatched to 'Myshkino' from the North/East (42°).
[2021-04-07 @ 03-45-30] ----------------------------------------------------------------------------------------------------
[EOnCallAirdrop] Drop zone asigned: Krasnostav Airstrip <12160.000000, 0.000000, 12645.000000>
[EOnCallAirdrop] Drop zone offset to: <12219.744141, 2438.000000, 12622.462891>
[EOnCallAirdrop] Aircraft spawn point: <8778.542969, 2438.000000, 16360.000000>
[EOnCallAirdrop] Aircraft bearing ... Angle/Bearing: 2.30923° / 317.691°, Text: 'North/West (318°)'
[EOnCallAirdrop] Aircraft has been dispatched to 'Krasnostav Airstrip' from the North/West (318°).
[2021-04-07 @ 04-10-45] ----------------------------------------------------------------------------------------------------
[EOnCallAirdrop] Drop zone asigned: Northwest Airfield <4500.000000, 0.000000, 10350.000000>
[EOnCallAirdrop] Drop zone offset to: <4512.457520, 2438.000000, 10444.048828>
[EOnCallAirdrop] Aircraft spawn point: <-1000.000000, 2438.000000, 12578.807617>
[EOnCallAirdrop] Aircraft bearing ... Angle/Bearing: 2.75658° / 292.06°, Text: 'West (292°)'
[EOnCallAirdrop] Aircraft has been dispatched to 'Northwest Airfield' from the West (292°).
[2021-04-07 @ 04-36-01] ----------------------------------------------------------------------------------------------------
[EOnCallAirdrop] Drop zone asigned: Gorka <8775.000000, 0.000000, 9200.000000>
[EOnCallAirdrop] Drop zone offset to: <8769.626953, 2438.000000, 9188.114258>
[EOnCallAirdrop] Aircraft spawn point: <16360.000000, 2438.000000, 10949.138672>
[EOnCallAirdrop] Aircraft bearing ... Angle/Bearing: 0.226643° / 77.0143°, Text: 'East (77°)'
[EOnCallAirdrop] Aircraft has been dispatched to 'Gorka' from the East (77°).
