[AirdropPlane] Aircraft created on 2021-04-14 @ 19-32-49
[InitializeAircraft] Aircraft Initialized: Skalisty Island @ 13575/3055 (true)
[EOnBeforeDrop] The Aircraft is 1 Km from Skalisty Island. @ <12082.149414, 152.019745, 2928.476563>
[EOnDrop] Zombie Spawned [1] ZmbM_FarmerFat_Brown @ <13493.659180, 11.055824, 3009.361572> ... Lifespan:  Set to 30 minutes.
[EOnDrop] Zombie Spawned [2] ZmbM_MotobikerFat_Beige @ <13467.641602, 6.689689, 3041.263672> ... Lifespan:  Set to 30 minutes.
[EOnDrop] Zombie Spawned [3] ZmbM_HermitSkinny_Beige @ <13490.226563, 10.430483, 3023.918701> ... Lifespan:  Set to 30 minutes.
[EOnDrop] Zombie Spawned [4] ZmbM_priestPopSkinny @ <13437.934570, 4.978914, 3056.929443> ... Lifespan:  Set to 30 minutes.
[EOnDrop] Zombie Spawned [5] ZmbM_HunterOld_Spring @ <13509.980469, 24.017315, 3052.168945> ... Lifespan:  Set to 30 minutes.
[EOnDrop] Zombie Spawned [6] ZmbM_FarmerFat_Blue @ <13466.862305, 3.544730, 3007.952637> ... Lifespan:  Set to 30 minutes.
[EOnDrop] Zombie Spawned [7] ZmbM_HunterOld_Winter @ <13522.746094, 23.079350, 3021.903320> ... Lifespan:  Set to 30 minutes.
[EOnDrop] Zombie Spawned [8] ZmbM_FarmerFat_Beige @ <13455.239258, 7.007952, 3055.711182> ... Lifespan:  Set to 30 minutes.
[EOnDrop] Zombie Spawned [9] ZmbM_HermitSkinny_Black @ <13466.671875, 3.710705, 3003.794189> ... Lifespan:  Set to 30 minutes.
[EOnDrop] Zombie Spawned [10] ZmbM_HikerSkinny_Green @ <13489.517578, 18.094042, 3089.250977> ... Lifespan:  Set to 30 minutes.
[EOnDrop] Zombie Spawned [11] ZmbF_HikerSkinny_Grey @ <13473.598633, 11.045305, 3063.071533> ... Lifespan:  Set to 30 minutes.
[EOnDrop] Zombie Spawned [12] ZmbM_HunterOld_Spring @ <13488.071289, 14.441545, 3055.178467> ... Lifespan:  Set to 30 minutes.
[EOnDrop] Zombie Spawned [13] ZmbM_FarmerFat_Beige @ <13481.433594, 6.583574, 3019.940918> ... Lifespan:  Set to 30 minutes.
[EOnDrop] Zombie Spawned [14] ZmbM_HermitSkinny_Black @ <13463.308594, 8.710938, 3059.143555> ... Lifespan:  Set to 30 minutes.
[EOnDrop] Zombie Spawned [15] ZmbF_MilkMaidOld_Black @ <13473.866211, 9.742420, 3052.751953> ... Lifespan:  Set to 30 minutes.
[EOnDrop] Zombie Spawned [16] ZmbM_HunterOld_Winter @ <13471.829102, 4.012220, 3014.893555> ... Lifespan:  Set to 30 minutes.
[EOnDrop] Zombie Spawned [17] ZmbM_MotobikerFat_Black @ <13459.842773, 6.677773, 3049.902832> ... Lifespan:  Set to 30 minutes.
[EOnDrop] Zombie Spawned [18] ZmbM_HikerSkinny_Yellow @ <13489.657227, 13.696207, 3045.458984> ... Lifespan:  Set to 30 minutes.
[EOnDrop] Zombie Spawned [19] ZmbM_MotobikerFat_Blue @ <13505.248047, 23.368290, 3070.348633> ... Lifespan:  Set to 30 minutes.
[EOnDrop] Zombie Spawned [20] ZmbM_HermitSkinny_Black @ <13473.137695, 4.012643, 3011.385498> ... Lifespan:  Set to 30 minutes.
[EOnDrop] Zombie Spawned [21] ZmbM_HermitSkinny_Black @ <13471.956055, 7.003603, 3037.572021> ... Lifespan:  Set to 30 minutes.
[EOnDrop] Zombie Spawned [22] ZmbM_HikerSkinny_Yellow @ <13470.710938, 11.229636, 3069.198730> ... Lifespan:  Set to 30 minutes.
[EOnDrop] Zombie Spawned [23] ZmbM_MotobikerFat_Beige @ <13476.210938, 11.070451, 3058.755859> ... Lifespan:  Set to 30 minutes.
[EOnDrop] Zombie Spawned [24] ZmbF_SurvivorNormal_Orange @ <13475.434570, 11.658134, 3064.761230> ... Lifespan:  Set to 30 minutes.
[EOnDrop] Zombie Spawned [25] ZmbF_VillagerOld_Green @ <13445.383789, 5.774797, 3056.530762> ... Lifespan:  Set to 30 minutes.
[EOnDrop] Drop spawned with 25 infected at <13483.196289, 144.989227, 3047.722168>.
[EOnDrop] Supplies have been dropped near Skalisty Island.
[EOnBeforeDelete] Aircraft despawned @ <16360.243164, 152.000610, 3292.592773>
[~AirdropPlane] Aircraft destroyed.
