[InitializeContainer] Container created on 2021-03-15 @ 01-00-52
[InitializeContainer] Winds: Vector <11.138083, 0.000000, 0.600278>, Speed 11.1542mps, Strength 0.1
[AirdropContainerFall] Drop Type 'Military West', Container: 'AirdropContainer_Military', Mode/Quantity/Iems: Random/20/46, Flare:  10%
[AirdropContainerFall] Loot Spawned [1] TacticalGloves_Green @ <1940.839844, 270.091949, 7514.820313> ... Lifespan: Set to 60 minutes.
[AirdropContainerFall] Loot Spawned [2] PistolSuppressor @ <1940.392334, 270.395325, 7517.256836> ... Lifespan: Set to 60 minutes.
[AirdropContainerFall] Loot Spawned [3] MilitaryBoots_Beige @ <1937.569946, 269.740662, 7516.473145> ... Lifespan: Set to 60 minutes.
[AirdropContainerFall] Loot Spawned [4] PistolSuppressor @ <1937.217896, 269.765381, 7517.053223> ... Lifespan: Set to 60 minutes.
[AirdropContainerFall] Loot Spawned [5] KOD_M16A4 @ <1939.393921, 269.348602, 7511.909668> ... Lifespan: Set to 60 minutes.
[AirdropContainerFall] Loot Spawned [6] MilitaryBoots_Brown @ <1941.720093, 270.267029, 7514.886719> ... Lifespan: Set to 60 minutes.
[AirdropContainerFall] Loot Spawned [7] MilitaryBoots_Black @ <1940.039429, 269.740265, 7513.576660> ... Lifespan: Set to 60 minutes.
[AirdropContainerFall] Loot Spawned [8] Binoculars @ <1938.223267, 269.916260, 7516.817383> ... Lifespan: Set to 60 minutes.
[AirdropContainerFall] Loot Spawned [9] TacticalGloves_Beige @ <1936.671387, 269.139893, 7513.750977> ... Lifespan: Set to 60 minutes.
[AirdropContainerFall] Loot Spawned [10] AssaultBag_Black @ <1938.199463, 269.959839, 7517.125000> ... Lifespan: Set to 60 minutes.
[AirdropContainerFall] Loot Spawned [11] KOD_M16A4 @ <1939.588013, 270.187317, 7516.921875> ... Lifespan: Set to 60 minutes.
[AirdropContainerFall] Loot Spawned [12] AmmoBox_45ACP_25Rnd @ <1937.092773, 269.795898, 7517.398438> ... Lifespan: Set to 60 minutes.
[AirdropContainerFall] Loot Spawned [13] M4_RISHndgrd @ <1935.468262, 268.974915, 7514.084473> ... Lifespan: Set to 60 minutes.
[AirdropContainerFall] Loot Spawned [14] AK101 @ <1939.799316, 270.413544, 7518.038086> ... Lifespan: Set to 60 minutes.
[AirdropContainerFall] Loot Spawned [15] MilitaryBoots_Black @ <1937.140747, 269.620605, 7516.217285> ... Lifespan: Set to 60 minutes.
[AirdropContainerFall] Loot Spawned [16] UKAssVest_Black @ <1938.672119, 269.197174, 7511.807129> ... Lifespan: Set to 60 minutes.
[AirdropContainerFall] Loot Spawned [17] Binoculars @ <1937.101318, 269.215210, 7513.720703> ... Lifespan: Set to 60 minutes.
[AirdropContainerFall] Loot Spawned [18] MilitaryBoots_Brown @ <1934.981567, 269.100372, 7515.465820> ... Lifespan: Set to 60 minutes.
[AirdropContainerFall] Loot Spawned [19] M4_RISHndgrd @ <1937.980957, 269.958374, 7517.377441> ... Lifespan: Set to 60 minutes.
[AirdropContainerFall] Loot Spawned [20] M9A1_Bayonet @ <1936.347778, 269.586975, 7516.950684> ... Lifespan: Set to 60 minutes.
[AirdropContainerUnstuck] Container was unstuck.
[~AirdropContainerBase] Container Destroyed on 2021-03-15 @ 01-25-52
