[AirdropPlane] Aircraft created on 2021-05-01 @ 07-33-34
[InitializeAircraft] Aircraft Initialized: Northwest Airfield @ 4500/10350 (true)
[EOnBeforeDrop] The Aircraft is 1 Km from Northwest Airfield. @ <3451.024902, 454.088654, 9278.283203>
[EOnDrop] Zombie Spawned [1] ZmbM_PatrolNormal_PautRev @ <4426.971191, 339.500000, 10285.874023> ... Lifespan:  Set to 60 minutes.
[EOnDrop] Zombie Spawned [2] ZmbM_PatrolNormal_Autumn @ <4398.250000, 339.500000, 10282.924805> ... Lifespan:  Set to 60 minutes.
[EOnDrop] Zombie Spawned [3] ZmbM_PatrolNormal_Summer @ <4432.511230, 339.500000, 10325.294922> ... Lifespan:  Set to 60 minutes.
[EOnDrop] Zombie Spawned [4] ZmbM_SoldierNormal @ <4424.886230, 339.500000, 10266.141602> ... Lifespan:  Set to 60 minutes.
[EOnDrop] Zombie Spawned [5] ZmbM_PatrolNormal_Summer @ <4432.497559, 339.500000, 10310.938477> ... Lifespan:  Set to 60 minutes.
[EOnDrop] Zombie Spawned [6] ZmbM_PatrolNormal_Summer @ <4429.198730, 339.500000, 10278.599609> ... Lifespan:  Set to 60 minutes.
[EOnDrop] Zombie Spawned [7] ZmbM_PatrolNormal_Summer @ <4449.140137, 339.613922, 10321.935547> ... Lifespan:  Set to 60 minutes.
[EOnDrop] Zombie Spawned [8] ZmbM_PatrolNormal_PautRev @ <4446.176758, 339.538055, 10326.080078> ... Lifespan:  Set to 60 minutes.
[EOnDrop] Zombie Spawned [9] ZmbM_PatrolNormal_Flat @ <4442.016602, 339.500000, 10308.878906> ... Lifespan:  Set to 60 minutes.
[EOnDrop] Zombie Spawned [10] ZmbM_SoldierNormal @ <4420.427734, 339.500000, 10274.973633> ... Lifespan:  Set to 60 minutes.
[EOnDrop] Zombie Spawned [11] ZmbM_PatrolNormal_Autumn @ <4418.012207, 339.500000, 10300.445313> ... Lifespan:  Set to 60 minutes.
[EOnDrop] Zombie Spawned [12] ZmbM_PatrolNormal_Flat @ <4438.799805, 339.500000, 10281.829102> ... Lifespan:  Set to 60 minutes.
[EOnDrop] Zombie Spawned [13] ZmbM_PatrolNormal_Autumn @ <4423.921875, 339.500000, 10280.204102> ... Lifespan:  Set to 60 minutes.
[EOnDrop] Zombie Spawned [14] ZmbM_PatrolNormal_PautRev @ <4438.002930, 339.500000, 10302.660156> ... Lifespan:  Set to 60 minutes.
[EOnDrop] Zombie Spawned [15] ZmbM_PatrolNormal_Flat @ <4431.486328, 339.500000, 10321.662109> ... Lifespan:  Set to 60 minutes.
[EOnDrop] Zombie Spawned [16] ZmbM_PatrolNormal_Flat @ <4431.925293, 339.500000, 10298.355469> ... Lifespan:  Set to 60 minutes.
[EOnDrop] Zombie Spawned [17] ZmbM_SoldierNormal @ <4442.852051, 339.500000, 10278.701172> ... Lifespan:  Set to 60 minutes.
[EOnDrop] Zombie Spawned [18] ZmbM_SoldierNormal @ <4440.074219, 339.500000, 10297.096680> ... Lifespan:  Set to 60 minutes.
[EOnDrop] Zombie Spawned [19] ZmbM_PatrolNormal_Flat @ <4466.589355, 339.676849, 10285.420898> ... Lifespan:  Set to 60 minutes.
[EOnDrop] Zombie Spawned [20] ZmbM_PatrolNormal_PautRev @ <4411.800293, 339.500000, 10300.715820> ... Lifespan:  Set to 60 minutes.
[EOnDrop] Drop spawned with 20 infected at <4439.930664, 481.958160, 10289.021484>.
[EOnDrop] Supplies have been dropped near Northwest Airfield.
[EOnBeforeDelete] Aircraft despawned @ <10380.902344, 412.284760, 16360.345703>
[~AirdropPlane] Aircraft destroyed.
