[AirdropPlane] Aircraft created on 2021-04-13 @ 08-24-20
[InitializeAircraft] Aircraft Initialized: Novaya Petrovka @ 3100/12840 (true)
[EOnBeforeDrop] The Aircraft is 1 Km from Novaya Petrovka. @ <2237.860107, 551.987915, 14066.984375>
[EOnDrop] Zombie Spawned [1] ZmbF_Clerk_Normal_Green @ <3050.280762, 209.353287, 12883.639648> ... Lifespan:  Set to 30 minutes.
[EOnDrop] Zombie Spawned [2] ZmbF_ShortSkirt_beige @ <3059.675537, 209.081680, 12909.496094> ... Lifespan:  Set to 30 minutes.
[EOnDrop] Zombie Spawned [3] ZmbM_CommercialPilotOld_Olive @ <3054.041260, 209.031250, 12942.766602> ... Lifespan:  Set to 30 minutes.
[EOnDrop] Zombie Spawned [4] ZmbF_JoggerSkinny_Green @ <3044.640381, 209.605591, 12921.678711> ... Lifespan:  Set to 30 minutes.
[EOnDrop] Zombie Spawned [5] ZmbM_Jacket_blue @ <3046.992432, 209.307800, 12944.697266> ... Lifespan:  Set to 30 minutes.
[EOnDrop] Zombie Spawned [6] ZmbF_CitizenANormal_Beige @ <3062.891357, 208.953613, 12898.285156> ... Lifespan:  Set to 30 minutes.
[EOnDrop] Zombie Spawned [7] ZmbF_PatientOld @ <3083.000977, 208.159225, 12924.507813> ... Lifespan:  Set to 30 minutes.
[EOnDrop] Zombie Spawned [8] ZmbM_PolicemanFat @ <3006.995361, 211.173553, 12922.995117> ... Lifespan:  Set to 30 minutes.
[EOnDrop] Zombie Spawned [9] ZmbF_CitizenANormal_Blue @ <3057.616211, 209.154953, 12906.858398> ... Lifespan:  Set to 30 minutes.
[EOnDrop] Zombie Spawned [10] ZmbM_SkaterYoung_Green @ <3050.389893, 209.345627, 12882.177734> ... Lifespan:  Set to 30 minutes.
[EOnDrop] Zombie Spawned [11] ZmbM_ClerkFat_White @ <3044.156982, 209.523483, 12871.059570> ... Lifespan:  Set to 30 minutes.
[EOnDrop] Zombie Spawned [12] ZmbM_ParamedicNormal_Black @ <3067.016602, 208.436188, 12956.457031> ... Lifespan:  Set to 30 minutes.
[EOnDrop] Zombie Spawned [13] ZmbM_CitizenBFat_Red @ <3052.585693, 209.280746, 12886.395508> ... Lifespan:  Set to 30 minutes.
[EOnDrop] Zombie Spawned [14] ZmbF_JoggerSkinny_Blue @ <3087.458984, 208.013306, 12896.173828> ... Lifespan:  Set to 30 minutes.
[EOnDrop] Zombie Spawned [15] ZmbM_CommercialPilotOld_Olive @ <3054.746338, 209.144272, 12860.468750> ... Lifespan:  Set to 30 minutes.
[EOnDrop] Zombie Spawned [16] ZmbM_CommercialPilotOld_Olive @ <3048.501465, 209.217926, 12951.250000> ... Lifespan:  Set to 30 minutes.
[EOnDrop] Zombie Spawned [17] ZmbF_ParamedicNormal_Red @ <3051.858398, 209.042404, 12958.752930> ... Lifespan:  Set to 30 minutes.
[EOnDrop] Zombie Spawned [18] ZmbF_CitizenANormal_Brown @ <3039.061768, 209.810898, 12922.583984> ... Lifespan:  Set to 30 minutes.
[EOnDrop] Zombie Spawned [19] ZmbF_CitizenANormal_Blue @ <3091.766113, 207.823105, 12894.888672> ... Lifespan:  Set to 30 minutes.
[EOnDrop] Zombie Spawned [20] ZmbF_ShortSkirt_white @ <3063.086914, 208.912094, 12884.777344> ... Lifespan:  Set to 30 minutes.
[EOnDrop] Zombie Spawned [21] ZmbM_CommercialPilotOld_Blue @ <3066.983154, 208.809265, 12913.021484> ... Lifespan:  Set to 30 minutes.
[EOnDrop] Zombie Spawned [22] ZmbM_ClerkFat_Khaki @ <3036.225586, 209.915817, 12905.414063> ... Lifespan:  Set to 30 minutes.
[EOnDrop] Zombie Spawned [23] ZmbM_Jacket_greenchecks @ <3020.860840, 210.496201, 12908.211914> ... Lifespan:  Set to 30 minutes.
[EOnDrop] Zombie Spawned [24] ZmbM_SkaterYoung_Green @ <3062.331055, 208.739685, 12939.681641> ... Lifespan:  Set to 30 minutes.
[EOnDrop] Zombie Spawned [25] ZmbF_SkaterYoung_Striped @ <3017.396973, 210.680283, 12921.736328> ... Lifespan:  Set to 30 minutes.
[EOnDrop] Drop spawned with 25 infected at <3051.031982, 355.853668, 12910.218750>.
[EOnDrop] Supplies have been dropped near Novaya Petrovka.
[EOnBeforeDelete] Aircraft despawned @ <12829.062500, 152.000610, -1000.086304>
[~AirdropPlane] Aircraft destroyed.
