[InitializeContainer] Container created on 2021-03-12 @ 21-19-53
[InitializeContainer] Winds: Vector <5.096771, 0.000000, -6.644876>, Speed 8.37445mps, Strength 0.1
[AirdropContainerFall] Drop Type 'Medical', Container: 'AirdropContainer_Medical', Mode/Quantity/Iems: Random/20/37, Flare:  10%
[AirdropContainerFall] Loot Spawned [1] BloodSyringe @ <2620.020020, 196.785080, 5195.558594> ... Lifespan: Set to 60 minutes.
[AirdropContainerFall] Loot Spawned [2] Rag @ <2622.477539, 196.980499, 5194.931152> ... Lifespan: Set to 60 minutes.
[AirdropContainerFall] Loot Spawned [3] SurgicalMask @ <2620.144287, 197.194077, 5199.723145> ... Lifespan: Set to 60 minutes.
[AirdropContainerFall] Loot Spawned [4] SalineBagIV @ <2623.938965, 197.148819, 5196.419434> ... Lifespan: Set to 60 minutes.
[AirdropContainerFall] Loot Spawned [5] BloodBagEmpty @ <2622.314453, 197.147156, 5198.203613> ... Lifespan: Set to 60 minutes.
[AirdropContainerFall] Loot Spawned [6] KOD_M16A4 @ <2622.983154, 197.014374, 5194.576172> ... Lifespan: Set to 60 minutes.
[AirdropContainerFall] Loot Spawned [7] KOD_M16A4 @ <2620.077148, 196.783493, 5195.325684> ... Lifespan: Set to 60 minutes.
[AirdropContainerFall] Loot Spawned [8] BloodBagIV @ <2622.552979, 196.952255, 5193.689453> ... Lifespan: Set to 60 minutes.
[AirdropContainerFall] Loot Spawned [9] Morphine @ <2622.753174, 197.026428, 5195.719238> ... Lifespan: Set to 60 minutes.
[AirdropContainerFall] Loot Spawned [10] MedicalScrubsHat_White @ <2623.006836, 197.089340, 5197.181152> ... Lifespan: Set to 60 minutes.
[AirdropContainerFall] Loot Spawned [11] Morphine @ <2622.813232, 197.197403, 5198.249023> ... Lifespan: Set to 60 minutes.
[AirdropContainerFall] Loot Spawned [12] DisinfectantAlcohol @ <2623.357910, 197.069107, 5195.371094> ... Lifespan: Set to 60 minutes.
[AirdropContainerFall] Loot Spawned [13] KOD_M110_Tan @ <2619.041260, 196.733383, 5196.743164> ... Lifespan: Set to 60 minutes.
[AirdropContainerFall] Loot Spawned [14] BandageDressing @ <2620.122314, 196.747894, 5193.613281> ... Lifespan: Set to 60 minutes.
[AirdropContainerFall] Loot Spawned [15] MedicalScrubsHat_Blue @ <2619.459229, 196.809723, 5197.622070> ... Lifespan: Set to 60 minutes.
[AirdropContainerFall] Loot Spawned [16] SurgicalGloves_White @ <2619.393066, 196.771896, 5197.028320> ... Lifespan: Set to 60 minutes.
[AirdropContainerFall] Loot Spawned [17] TetracyclineAntibiotics @ <2619.242920, 196.714523, 5195.346680> ... Lifespan: Set to 60 minutes.
[AirdropContainerFall] Loot Spawned [18] Rag @ <2621.285645, 197.093811, 5198.435547> ... Lifespan: Set to 60 minutes.
[AirdropContainerFall] Loot Spawned [19] TetracyclineAntibiotics @ <2623.604736, 197.133453, 5196.905273> ... Lifespan: Set to 60 minutes.
[AirdropContainerFall] Loot Spawned [20] SurgicalGloves_LightBlue @ <2621.150146, 197.101410, 5198.560547> ... Lifespan: Set to 60 minutes.
[AirdropContainerUnstuck] Container was unstuck.
[~AirdropContainerBase] Container Destroyed on 2021-03-12 @ 21-44-53
