[AirdropPlane] Aircraft created on 2021-03-23 @ 22-27-01
[InitializeAircraft] Aircraft Initialized: Veresnik @ 4000/7850 (true)
[EOnBeforeDrop] The Aircraft is 1 Km from Veresnik. @ <4440.643066, 488.449799, 9283.687500>
[EOnDrop] Zombie Spawned [1] ZmbM_HikerSkinny_Blue @ <4013.364990, 299.832428, 7895.178223> ... Lifespan:  Set to 30 minutes.
[EOnDrop] Zombie Spawned [2] ZmbM_FarmerFat_Blue @ <4036.026611, 303.377258, 7944.238281> ... Lifespan:  Set to 30 minutes.
[EOnDrop] Zombie Spawned [3] ZmbM_HermitSkinny_Black @ <4007.275146, 299.667847, 7895.045898> ... Lifespan:  Set to 30 minutes.
[EOnDrop] Zombie Spawned [4] ZmbF_SurvivorNormal_Red @ <4021.106201, 302.271057, 7932.941895> ... Lifespan:  Set to 30 minutes.
[EOnDrop] Zombie Spawned [5] ZmbM_HikerSkinny_Green @ <4039.195801, 302.028778, 7917.169434> ... Lifespan:  Set to 30 minutes.
[EOnDrop] Zombie Spawned [6] ZmbM_HermitSkinny_Green @ <4037.213623, 304.488953, 7973.495605> ... Lifespan:  Set to 30 minutes.
[EOnDrop] Zombie Spawned [7] ZmbM_MotobikerFat_Beige @ <4019.328857, 301.133423, 7915.459473> ... Lifespan:  Set to 30 minutes.
[EOnDrop] Zombie Spawned [8] ZmbM_priestPopSkinny @ <3993.745117, 302.102264, 7943.842285> ... Lifespan:  Set to 30 minutes.
[EOnDrop] Zombie Spawned [9] ZmbM_FarmerFat_Beige @ <4061.584961, 303.681976, 7935.461914> ... Lifespan:  Set to 30 minutes.
[EOnDrop] Zombie Spawned [10] ZmbF_MilkMaidOld_Grey @ <4036.312744, 301.642151, 7912.714355> ... Lifespan:  Set to 30 minutes.
[EOnDrop] Zombie Spawned [11] ZmbF_SurvivorNormal_White @ <4027.537842, 301.246216, 7912.217285> ... Lifespan:  Set to 30 minutes.
[EOnDrop] Spawn failed for zombie [12] 'ZmbM_SurvivorDean_Grey', it does not exist in DayZ!
[EOnDrop] Zombie Spawned [13] ZmbF_MilkMaidOld_Beige @ <4023.366943, 301.443146, 7918.090332> ... Lifespan:  Set to 30 minutes.
[EOnDrop] Zombie Spawned [14] ZmbM_MotobikerFat_Beige @ <4043.848633, 304.429260, 7967.872559> ... Lifespan:  Set to 30 minutes.
[EOnDrop] Zombie Spawned [15] ZmbF_SurvivorNormal_Red @ <3999.101318, 302.388336, 7946.259766> ... Lifespan:  Set to 30 minutes.
[EOnDrop] Zombie Spawned [16] ZmbF_VillagerOld_Green @ <4012.950928, 302.313934, 7938.163574> ... Lifespan:  Set to 30 minutes.
[EOnDrop] Zombie Spawned [17] ZmbF_MilkMaidOld_Grey @ <4020.354004, 302.527100, 7937.580078> ... Lifespan:  Set to 30 minutes.
[EOnDrop] Zombie Spawned [18] ZmbF_MilkMaidOld_Beige @ <4006.956787, 302.086792, 7937.676270> ... Lifespan:  Set to 30 minutes.
[EOnDrop] Zombie Spawned [19] ZmbM_priestPopSkinny @ <4021.139404, 300.322845, 7899.784180> ... Lifespan:  Set to 30 minutes.
[EOnDrop] Zombie Spawned [20] ZmbM_HikerSkinny_Green @ <4021.705322, 300.870941, 7909.406738> ... Lifespan:  Set to 30 minutes.
[EOnDrop] Spawn failed for zombie [21] 'ZmbM_SurvivorDean_Grey', it does not exist in DayZ!
[EOnDrop] Spawn failed for zombie [22] 'ZmbM_SurvivorDean_Grey', it does not exist in DayZ!
[EOnDrop] Spawn failed for zombie [23] 'ZmbM_SurvivorDean_Black', it does not exist in DayZ!
[EOnDrop] Zombie Spawned [24] ZmbM_VillagerOld_Green @ <3990.547852, 300.581451, 7920.349121> ... Lifespan:  Set to 30 minutes.
[EOnDrop] Zombie Spawned [25] ZmbF_SurvivorNormal_White @ <4020.287598, 301.544128, 7921.715820> ... Lifespan:  Set to 30 minutes.
[EOnDrop] Drop spawned with 25 infected at <4022.721680, 447.273651, 7926.687500>.
[EOnDrop] Supplies have been dropped near Veresnik.
[EOnBeforeDelete] Aircraft despawned @ <1274.271973, 152.000610, -1000.750305>
[~AirdropPlane] Aircraft destroyed.
