[AirdropPlane] Aircraft created on 2021-04-08 @ 20-55-48
[InitializeAircraft] Aircraft Initialized: Elektrozavodsk @ 10050/2450 (true)
[EOnBeforeDrop] The Aircraft is 1 Km from Elektrozavodsk. @ <11330.301758, 154.715363, 3228.970459>
[EOnDrop] Zombie Spawned [1] ZmbM_ParamedicNormal_Blue @ <10101.994141, 40.158730, 2520.475830> ... Lifespan:  Set to 30 minutes.
[EOnDrop] Zombie Spawned [2] ZmbF_ShortSkirt_stripes @ <10084.506836, 43.511475, 2479.040283> ... Lifespan:  Set to 30 minutes.
[EOnDrop] Zombie Spawned [3] ZmbF_SkaterYoung_Violet @ <10148.831055, 32.932003, 2504.605957> ... Lifespan:  Set to 30 minutes.
[EOnDrop] Zombie Spawned [4] ZmbM_Jacket_bluechecks @ <10156.055664, 32.882076, 2489.251953> ... Lifespan:  Set to 30 minutes.
[EOnDrop] Zombie Spawned [5] ZmbM_SkaterYoung_Brown @ <10128.187500, 37.160370, 2451.742920> ... Lifespan:  Set to 30 minutes.
[EOnDrop] Zombie Spawned [6] ZmbM_PolicemanFat @ <10117.598633, 38.339741, 2488.152588> ... Lifespan:  Set to 30 minutes.
[EOnDrop] Zombie Spawned [7] ZmbM_CommercialPilotOld_Grey @ <10109.338867, 39.050594, 2515.699707> ... Lifespan:  Set to 30 minutes.
[EOnDrop] Zombie Spawned [8] ZmbM_CitizenBFat_Green @ <10119.038086, 37.896885, 2491.877686> ... Lifespan:  Set to 30 minutes.
[EOnDrop] Zombie Spawned [9] ZmbM_SkaterYoung_Green @ <10118.281250, 38.487961, 2481.620605> ... Lifespan:  Set to 30 minutes.
[EOnDrop] Zombie Spawned [10] ZmbF_ShortSkirt_stripes @ <10099.737305, 41.063896, 2481.644287> ... Lifespan:  Set to 30 minutes.
[EOnDrop] Zombie Spawned [11] ZmbF_CitizenBSkinny @ <10133.569336, 34.566055, 2497.140869> ... Lifespan:  Set to 30 minutes.
[EOnDrop] Zombie Spawned [12] ZmbF_Clerk_Normal_Red @ <10157.019531, 31.827871, 2529.047852> ... Lifespan:  Set to 30 minutes.
[EOnDrop] Zombie Spawned [13] ZmbF_CitizenBSkinny @ <10119.703125, 37.368515, 2499.159180> ... Lifespan:  Set to 30 minutes.
[EOnDrop] Zombie Spawned [14] ZmbF_CitizenANormal_Beige @ <10100.760742, 40.481369, 2511.956299> ... Lifespan:  Set to 30 minutes.
[EOnDrop] Zombie Spawned [15] ZmbF_ShortSkirt_yellow @ <10094.729492, 41.712196, 2485.414307> ... Lifespan:  Set to 30 minutes.
[EOnDrop] Zombie Spawned [16] ZmbM_ClerkFat_Brown @ <10113.720703, 38.171329, 2515.200684> ... Lifespan:  Set to 30 minutes.
[EOnDrop] Zombie Spawned [17] ZmbF_JournalistNormal_Green @ <10149.158203, 33.143295, 2492.038330> ... Lifespan:  Set to 30 minutes.
[EOnDrop] Zombie Spawned [18] ZmbM_CommercialPilotOld_Grey @ <10097.853516, 41.374596, 2473.438477> ... Lifespan:  Set to 30 minutes.
[EOnDrop] Zombie Spawned [19] ZmbM_ClerkFat_Khaki @ <10138.681641, 35.035030, 2478.594238> ... Lifespan:  Set to 30 minutes.
[EOnDrop] Zombie Spawned [20] ZmbM_CitizenBFat_Green @ <10145.360352, 34.434010, 2451.482666> ... Lifespan:  Set to 30 minutes.
[EOnDrop] Drop spawned with 20 infected at <10126.007813, 167.687317, 2495.650391>.
[EOnDrop] Supplies have been dropped near Elektrozavodsk.
[EOnBeforeDelete] Aircraft despawned @ <4383.477539, 152.000610, -1000.162537>
[~AirdropPlane] Aircraft destroyed.
