[InitializeContainer] Container created on 2021-04-10 @ 01-54-28
[InitializeContainer] Winds: Vector <5.177539, 0.000000, -6.617208>, Speed 8.40204mps, Strength 0.1
[AirdropContainerFall] Drop Type 'Misc. Tools', Container: 'RANDOM', Mode/Quantity/Iems: Random/30/54, Flare:  10%
[AirdropContainerFall] Loot Spawned [1] PersonalRadio @ <1962.859985, 278.832947, 7535.971680> ... Lifespan: Set to 30 minutes.
[AirdropContainerFall] Loot Spawned [2] Wrench @ <1965.597412, 279.160095, 7534.565918> ... Lifespan: Set to 30 minutes.
[AirdropContainerFall] Loot Spawned [3] Whetstone @ <1960.840698, 278.065552, 7532.938965> ... Lifespan: Set to 30 minutes.
[AirdropContainerFall] Loot Spawned [4] Chemlight_Blue @ <1964.380005, 279.039368, 7535.371094> ... Lifespan: Set to 30 minutes.
[AirdropContainerFall] Loot Spawned [5] BatteryCharger @ <1963.331299, 279.007660, 7536.668945> ... Lifespan: Set to 30 minutes.
[AirdropContainerFall] Loot Spawned [6] LugWrench @ <1964.864136, 278.676361, 7531.758789> ... Lifespan: Set to 30 minutes.
[AirdropContainerFall] Loot Spawned [7] Crowbar @ <1965.151489, 279.243958, 7535.871094> ... Lifespan: Set to 30 minutes.
[AirdropContainerFall] Loot Spawned [8] Headtorch_Black @ <1960.911743, 278.322632, 7534.780762> ... Lifespan: Set to 30 minutes.
[AirdropContainerFall] Loot Spawned [9] Battery9V @ <1965.307983, 279.299835, 7536.093262> ... Lifespan: Set to 30 minutes.
[AirdropContainerFall] Loot Spawned [10] WoodAxe @ <1963.795410, 278.522980, 7532.115234> ... Lifespan: Set to 30 minutes.
[AirdropContainerFall] Loot Spawned [11] Megaphone @ <1962.510376, 278.805817, 7536.272461> ... Lifespan: Set to 30 minutes.
[AirdropContainerFall] Loot Spawned [12] Binoculars @ <1961.521240, 278.560394, 7535.776367> ... Lifespan: Set to 30 minutes.
[AirdropContainerFall] Loot Spawned [13] Screwdriver @ <1965.294189, 279.034637, 7533.997070> ... Lifespan: Set to 30 minutes.
[AirdropContainerFall] Loot Spawned [14] Matchbox @ <1961.017578, 278.030121, 7532.423340> ... Lifespan: Set to 30 minutes.
[AirdropContainerFall] Loot Spawned [15] Chemlight_Blue @ <1959.911011, 278.019226, 7533.937988> ... Lifespan: Set to 30 minutes.
[AirdropContainerFall] Loot Spawned [16] Screwdriver @ <1959.397339, 277.924347, 7533.980957> ... Lifespan: Set to 30 minutes.
[AirdropContainerFall] Loot Spawned [17] ElectronicRepairKit @ <1961.191895, 278.386871, 7534.879395> ... Lifespan: Set to 30 minutes.
[AirdropContainerFall] Loot Spawned [18] Flashlight @ <1964.542236, 278.686493, 7532.315918> ... Lifespan: Set to 30 minutes.
[AirdropContainerFall] Loot Spawned [19] Megaphone @ <1965.885620, 278.927460, 7532.298828> ... Lifespan: Set to 30 minutes.
[AirdropContainerFall] Loot Spawned [20] LeatherSewingKit @ <1964.841309, 278.881409, 7533.428711> ... Lifespan: Set to 30 minutes.
[AirdropContainerFall] Loot Spawned [21] Hacksaw @ <1964.462646, 278.516052, 7531.073730> ... Lifespan: Set to 30 minutes.
[AirdropContainerFall] Loot Spawned [22] CombatKnife @ <1964.537109, 279.006989, 7534.880859> ... Lifespan: Set to 30 minutes.
[AirdropContainerFall] Loot Spawned [23] Screwdriver @ <1959.727539, 278.166473, 7535.286133> ... Lifespan: Set to 30 minutes.
[AirdropContainerFall] Loot Spawned [24] Screwdriver @ <1964.401001, 278.941833, 7534.562012> ... Lifespan: Set to 30 minutes.
[AirdropContainerFall] Loot Spawned [25] Flashlight @ <1964.812988, 278.749268, 7532.416504> ... Lifespan: Set to 30 minutes.
[AirdropContainerFall] Loot Spawned [26] ElectronicRepairKit @ <1964.684082, 279.032196, 7534.864258> ... Lifespan: Set to 30 minutes.
[AirdropContainerFall] Loot Spawned [27] Pickaxe @ <1960.862305, 278.180511, 7533.752930> ... Lifespan: Set to 30 minutes.
[AirdropContainerFall] Loot Spawned [28] Hammer @ <1964.764526, 279.011261, 7534.578125> ... Lifespan: Set to 30 minutes.
[AirdropContainerFall] Loot Spawned [29] KOD_DVL10 @ <1964.988037, 279.006653, 7534.210938> ... Lifespan: Set to 30 minutes.
[AirdropContainerFall] Loot Spawned [30] SledgeHammer @ <1964.401001, 278.705109, 7532.673340> ... Lifespan: Set to 30 minutes.
[AirdropContainerUnstuck] Container was unstuck.
[~AirdropContainerBase] Container Destroyed on 2021-04-10 @ 02-19-28
