[InitializeContainer] Container created on 2021-03-30 @ 03-09-47
[InitializeContainer] Winds: Vector <9.729241, 0.000000, -2.932053>, Speed 10.1614mps, Strength 0.1
[AirdropContainerFall] Drop Type 'Military East', Container: 'AirdropContainer_Military', Mode/Quantity/Iems: Random/20/33, Flare:  10%
[AirdropContainerFall] Loot Spawned [1] GorkaPants_Flat @ <1862.227539, 283.410767, 7688.601074> ... Lifespan: Set to 30 minutes.
[AirdropContainerFall] Loot Spawned [2] TTsKOJacket_Camo @ <1858.352417, 283.174347, 7688.070313> ... Lifespan: Set to 30 minutes.
[AirdropContainerFall] Loot Spawned [3] GorkaPants_Summer @ <1863.420044, 283.129974, 7685.279785> ... Lifespan: Set to 30 minutes.
[AirdropContainerFall] Loot Spawned [4] TacticalGloves_Beige @ <1862.524048, 283.391357, 7688.225586> ... Lifespan: Set to 30 minutes.
[AirdropContainerFall] Loot Spawned [5] TTSKOPants @ <1861.408203, 282.987305, 7684.831055> ... Lifespan: Set to 30 minutes.
[AirdropContainerFall] Loot Spawned [6] GorkaEJacket_Flat @ <1859.252563, 282.958862, 7685.506348> ... Lifespan: Set to 30 minutes.
[AirdropContainerFall] Loot Spawned [7] TTSKOPants @ <1860.429077, 283.016235, 7685.535645> ... Lifespan: Set to 30 minutes.
[AirdropContainerFall] Loot Spawned [8] WeaponCleaningKit @ <1862.096069, 283.051819, 7685.150879> ... Lifespan: Set to 30 minutes.
[AirdropContainerFall] Loot Spawned [9] GorkaEJacket_Autumn @ <1858.927002, 283.306396, 7689.245117> ... Lifespan: Set to 30 minutes.
[AirdropContainerFall] Loot Spawned [10] AKM @ <1861.983276, 283.058319, 7685.262695> ... Lifespan: Set to 30 minutes.
[AirdropContainerFall] Loot Spawned [11] AKM @ <1862.471191, 282.994354, 7684.435059> ... Lifespan: Set to 30 minutes.
[AirdropContainerFall] Loot Spawned [12] TacticalBaconCan @ <1859.148682, 283.241699, 7688.411133> ... Lifespan: Set to 30 minutes.
[AirdropContainerFall] Loot Spawned [13] AK101 @ <1861.863525, 283.028412, 7685.027832> ... Lifespan: Set to 30 minutes.
[AirdropContainerFall] Loot Spawned [14] TTsKOJacket_Camo @ <1860.253174, 282.877808, 7684.281738> ... Lifespan: Set to 30 minutes.
[AirdropContainerFall] Loot Spawned [15] Battery9V @ <1858.465332, 283.210052, 7688.416016> ... Lifespan: Set to 30 minutes.
[AirdropContainerFall] Loot Spawned [16] AK_Suppressor @ <1857.903076, 283.158112, 7688.123535> ... Lifespan: Set to 30 minutes.
[AirdropContainerFall] Loot Spawned [17] AK_RailHndgrd @ <1858.292358, 283.252991, 7688.995605> ... Lifespan: Set to 30 minutes.
[AirdropContainerFall] Loot Spawned [18] GorkaEJacket_Flat @ <1859.742310, 282.954681, 7685.246582> ... Lifespan: Set to 30 minutes.
[AirdropContainerFall] Loot Spawned [19] TacticalBaconCan @ <1862.514648, 282.959503, 7684.081055> ... Lifespan: Set to 30 minutes.
[AirdropContainerFall] Loot Spawned [20] AK101 @ <1860.610229, 282.991028, 7685.214844> ... Lifespan: Set to 30 minutes.
[AirdropContainerUnstuck] Container was unstuck.
[~AirdropContainerBase] Container Destroyed on 2021-03-30 @ 03-34-47
