[AirdropPlane] Aircraft created on 2021-03-29 @ 05-52-38
[InitializeAircraft] Aircraft Initialized: Veresnik @ 4000/7850 (true)
[EOnBeforeDrop] The Aircraft is 1 Km from Veresnik. @ <2884.186035, 513.453308, 6849.484375>
[EOnDrop] Zombie Spawned [1] ZmbF_MilkMaidOld_Grey @ <3944.949219, 296.057800, 7777.123535> ... Lifespan:  Set to 30 minutes.
[EOnDrop] Zombie Spawned [2] ZmbF_VillagerOld_Red @ <3925.982178, 296.343323, 7781.418457> ... Lifespan:  Set to 30 minutes.
[EOnDrop] Zombie Spawned [3] ZmbF_SurvivorNormal_Red @ <3930.570557, 296.919250, 7799.244141> ... Lifespan:  Set to 30 minutes.
[EOnDrop] Zombie Spawned [4] ZmbM_priestPopSkinny @ <3903.557129, 298.038788, 7823.302246> ... Lifespan:  Set to 30 minutes.
[EOnDrop] Zombie Spawned [5] ZmbM_HunterOld_Spring @ <3914.761719, 297.164734, 7801.487793> ... Lifespan:  Set to 30 minutes.
[EOnDrop] Zombie Spawned [6] ZmbF_MilkMaidOld_Beige @ <3950.564453, 295.845184, 7770.754883> ... Lifespan:  Set to 30 minutes.
[EOnDrop] Zombie Spawned [7] ZmbF_VillagerOld_Blue @ <3965.957520, 297.353973, 7818.547363> ... Lifespan:  Set to 30 minutes.
[EOnDrop] Zombie Spawned [8] ZmbM_MotobikerFat_Beige @ <3924.559082, 296.105927, 7774.186523> ... Lifespan:  Set to 30 minutes.
[EOnDrop] Zombie Spawned [9] ZmbF_VillagerOld_Blue @ <3936.058838, 296.287079, 7782.041504> ... Lifespan:  Set to 30 minutes.
[EOnDrop] Zombie Spawned [10] ZmbF_VillagerOld_Blue @ <3972.459229, 296.980438, 7804.542480> ... Lifespan:  Set to 30 minutes.
[EOnDrop] Zombie Spawned [11] ZmbF_SurvivorNormal_White @ <3894.972656, 297.117126, 7791.299316> ... Lifespan:  Set to 30 minutes.
[EOnDrop] Zombie Spawned [12] ZmbM_HikerSkinny_Yellow @ <3921.868408, 296.364746, 7780.855469> ... Lifespan:  Set to 30 minutes.
[EOnDrop] Zombie Spawned [13] ZmbM_VillagerOld_White @ <3932.952637, 295.114929, 7745.239746> ... Lifespan:  Set to 30 minutes.
[EOnDrop] Zombie Spawned [14] ZmbF_SurvivorNormal_White @ <3916.672607, 295.348358, 7748.818848> ... Lifespan:  Set to 30 minutes.
[EOnDrop] Zombie Spawned [15] ZmbM_HikerSkinny_Blue @ <3894.059326, 297.851654, 7813.083496> ... Lifespan:  Set to 30 minutes.
[EOnDrop] Zombie Spawned [16] ZmbF_VillagerOld_Blue @ <3911.218994, 295.480225, 7750.340820> ... Lifespan:  Set to 30 minutes.
[EOnDrop] Zombie Spawned [17] ZmbM_HermitSkinny_Beige @ <3918.714600, 296.729950, 7790.177734> ... Lifespan:  Set to 30 minutes.
[EOnDrop] Zombie Spawned [18] ZmbM_HermitSkinny_Black @ <3920.030273, 296.236572, 7776.639648> ... Lifespan:  Set to 30 minutes.
[EOnDrop] Zombie Spawned [19] ZmbF_MilkMaidOld_Grey @ <3916.346436, 296.400238, 7780.034180> ... Lifespan:  Set to 30 minutes.
[EOnDrop] Zombie Spawned [20] ZmbM_FarmerFat_Beige @ <3945.959473, 296.796448, 7798.131836> ... Lifespan:  Set to 30 minutes.
[EOnDrop] Zombie Spawned [21] ZmbM_FarmerFat_Blue @ <3941.486328, 295.815155, 7769.151367> ... Lifespan:  Set to 30 minutes.
[EOnDrop] Zombie Spawned [22] ZmbF_MilkMaidOld_Grey @ <3932.673096, 296.402496, 7784.720215> ... Lifespan:  Set to 30 minutes.
[EOnDrop] Zombie Spawned [23] ZmbM_FarmerFat_Blue @ <3933.542969, 297.725067, 7825.647461> ... Lifespan:  Set to 30 minutes.
[EOnDrop] Zombie Spawned [24] ZmbF_MilkMaidOld_Green @ <3889.521484, 297.028259, 7785.637207> ... Lifespan:  Set to 30 minutes.
[EOnDrop] Zombie Spawned [25] ZmbM_FarmerFat_Green @ <3896.186035, 297.581970, 7805.875488> ... Lifespan:  Set to 30 minutes.
[EOnDrop] Drop spawned with 25 infected at <3935.721191, 441.234192, 7792.005859>.
[EOnDrop] Supplies have been dropped near Veresnik.
[EOnBeforeDelete] Aircraft despawned @ <13491.474609, 285.880188, 16360.202148>
[~AirdropPlane] Aircraft destroyed.
