[InitializeContainer] Container created on 2021-04-01 @ 08-01-38
[InitializeContainer] Winds: Vector <9.673847, 0.000000, 8.872132>, Speed 13.1262mps, Strength 0.1
[AirdropContainerFall] Drop Type 'Medical', Container: 'AirdropContainer_Medical', Mode/Quantity/Iems: Random/20/37, Flare:  10%
[AirdropContainerFall] Spawn failed for item [1] 'MedicalScrubShirt_Green', does not exist in DayZ!
[AirdropContainerFall] Loot Spawned [2] SurgicalGloves_White @ <3163.714600, 204.108810, 12852.569336> ... Lifespan: Set to 30 minutes.
[AirdropContainerFall] Loot Spawned [3] SurgicalGloves_Blue @ <3165.400391, 204.042419, 12857.721680> ... Lifespan: Set to 30 minutes.
[AirdropContainerFall] Spawn failed for item [4] 'MedicalScrubShirt_Green', does not exist in DayZ!
[AirdropContainerFall] Loot Spawned [5] Heatpack @ <3163.505371, 204.111771, 12858.773438> ... Lifespan: Set to 30 minutes.
[AirdropContainerFall] Spawn failed for item [6] 'MedicalScrubPants_Blue', does not exist in DayZ!
[AirdropContainerFall] Spawn failed for item [7] 'MedicalScrubShirt_Blue', does not exist in DayZ!
[AirdropContainerFall] Loot Spawned [8] SurgicalGloves_Blue @ <3164.525635, 204.078140, 12854.471680> ... Lifespan: Set to 30 minutes.
[AirdropContainerFall] Loot Spawned [9] SurgicalGloves_White @ <3160.762695, 204.211105, 12857.406250> ... Lifespan: Set to 30 minutes.
[AirdropContainerFall] Loot Spawned [10] VitaminBottle @ <3161.415283, 204.185349, 12854.943359> ... Lifespan: Set to 30 minutes.
[AirdropContainerFall] Loot Spawned [11] SalineBagIV @ <3162.791260, 204.138565, 12854.250977> ... Lifespan: Set to 30 minutes.
[AirdropContainerFall] Loot Spawned [12] MedicalScrubsHat_Green @ <3165.143799, 204.056686, 12854.500000> ... Lifespan: Set to 30 minutes.
[AirdropContainerFall] Spawn failed for item [13] 'MedicalScrubPants_Blue', does not exist in DayZ!
[AirdropContainerFall] Loot Spawned [14] SalineBagIV @ <3163.675293, 204.107544, 12854.525391> ... Lifespan: Set to 30 minutes.
[AirdropContainerFall] Loot Spawned [15] SurgicalGloves_Green @ <3163.172363, 204.126297, 12853.542969> ... Lifespan: Set to 30 minutes.
[AirdropContainerFall] Loot Spawned [16] Morphine @ <3165.729248, 204.029663, 12858.075195> ... Lifespan: Set to 30 minutes.
[AirdropContainerFall] Spawn failed for item [17] 'MedicalScrubShirt_White', does not exist in DayZ!
[AirdropContainerFall] Spawn failed for item [18] 'MedicalScrubPants_Blue', does not exist in DayZ!
[AirdropContainerFall] Loot Spawned [19] DisinfectantAlcohol @ <3164.745361, 204.065826, 12858.528320> ... Lifespan: Set to 30 minutes.
[AirdropContainerFall] Loot Spawned [20] BloodSyringe @ <3162.065918, 204.163010, 12854.779297> ... Lifespan: Set to 30 minutes.
[AirdropContainerUnstuck] Container was unstuck.
[~AirdropContainerBase] Container Destroyed on 2021-04-01 @ 08-26-38
