[AirdropBase] Base class created & settings loaded.
[2021-03-20 @ 10-27-02] ----------------------------------------------------------------------------------------------------
[EOnCallAirdrop] Drop zone asigned: Berezino <12450.000000, 0.000000, 9250.000000>
[EOnCallAirdrop] Drop zone offset to: <12519.094727, 2438.000000, 9290.093750>
[EOnCallAirdrop] Aircraft spawn point: <16360.000000, 2438.000000, 6024.105957>
[EOnCallAirdrop] Aircraft bearing ... Angle/Bearing: -0.689822° / 129.524°, Text: 'South/East (130°)'
[EOnCallAirdrop] Aircraft has been dispatched to 'Berezino' from the South/East (130°).
[2021-03-20 @ 10-52-23] ----------------------------------------------------------------------------------------------------
[EOnCallAirdrop] Drop zone asigned: Elektrozavodsk <10050.000000, 0.000000, 2450.000000>
[EOnCallAirdrop] Drop zone offset to: <10057.322266, 2438.000000, 2450.724121>
[EOnCallAirdrop] Aircraft spawn point: <4007.682129, 2438.000000, 16360.000000>
[EOnCallAirdrop] Aircraft bearing ... Angle/Bearing: 1.98059° / 336.521°, Text: 'North/West (337°)'
[EOnCallAirdrop] Aircraft has been dispatched to 'Elektrozavodsk' from the North/West (337°).
[2021-03-20 @ 11-17-43] ----------------------------------------------------------------------------------------------------
[EOnCallAirdrop] Drop zone asigned: Novaya Petrovka <3100.000000, 0.000000, 12840.000000>
[EOnCallAirdrop] Drop zone offset to: <3067.450439, 2438.000000, 12841.295898>
[EOnCallAirdrop] Aircraft spawn point: <9496.954102, 2438.000000, -1000.000000>
[EOnCallAirdrop] Aircraft bearing ... Angle/Bearing: -1.13784° / 155.193°, Text: 'South/East (155°)'
[EOnCallAirdrop] Aircraft has been dispatched to 'Novaya Petrovka' from the South/East (155°).
[2021-03-20 @ 11-43-03] ----------------------------------------------------------------------------------------------------
[EOnCallAirdrop] Drop zone asigned: Soverograd <8566.000000, 0.000000, 12755.000000>
[EOnCallAirdrop] Drop zone offset to: <8559.276367, 2438.000000, 12696.159180>
[EOnCallAirdrop] Aircraft spawn point: <-1000.000000, 2438.000000, 12736.688477>
[EOnCallAirdrop] Aircraft bearing ... Angle/Bearing: -3.13968° / 269.89°, Text: 'West (270°)'
[EOnCallAirdrop] Aircraft has been dispatched to 'Soverograd' from the West (270°).
[2021-03-20 @ 12-08-22] ----------------------------------------------------------------------------------------------------
[EOnCallAirdrop] Drop zone asigned: Novaya Petrovka <3100.000000, 0.000000, 12840.000000>
[EOnCallAirdrop] Drop zone offset to: <3145.305420, 2438.000000, 12815.377930>
[EOnCallAirdrop] Aircraft spawn point: <-1000.000000, 2438.000000, 4576.688965>
[EOnCallAirdrop] Aircraft bearing ... Angle/Bearing: -2.03137° / 206.389°, Text: 'South/West (206°)'
[EOnCallAirdrop] Aircraft has been dispatched to 'Novaya Petrovka' from the South/West (206°).
[2021-03-20 @ 12-33-36] ----------------------------------------------------------------------------------------------------
[EOnCallAirdrop] Drop zone asigned: Chernogorsk <7400.000000, 0.000000, 3500.000000>
[EOnCallAirdrop] Drop zone offset to: <7408.755371, 2438.000000, 3502.550049>
[EOnCallAirdrop] Aircraft spawn point: <2407.152344, 2438.000000, -1000.000000>
[EOnCallAirdrop] Aircraft bearing ... Angle/Bearing: -2.40807° / 227.972°, Text: 'South/West (228°)'
[EOnCallAirdrop] Aircraft has been dispatched to 'Chernogorsk' from the South/West (228°).
[2021-03-20 @ 12-58-51] ----------------------------------------------------------------------------------------------------
[EOnCallAirdrop] Drop zone asigned: Krasnostav Airstrip <12160.000000, 0.000000, 12645.000000>
[EOnCallAirdrop] Drop zone offset to: <12218.625977, 2438.000000, 12614.907227>
[EOnCallAirdrop] Aircraft spawn point: <16360.000000, 2438.000000, 11087.947266>
[EOnCallAirdrop] Aircraft bearing ... Angle/Bearing: -0.355019° / 110.341°, Text: 'East (110°)'
[EOnCallAirdrop] Aircraft has been dispatched to 'Krasnostav Airstrip' from the East (110°).
[2021-03-20 @ 13-24-06] ----------------------------------------------------------------------------------------------------
[EOnCallAirdrop] Drop zone asigned: Veresnik <4000.000000, 0.000000, 7850.000000>
[EOnCallAirdrop] Drop zone offset to: <3995.182129, 2438.000000, 7752.832520>
[EOnCallAirdrop] Aircraft spawn point: <7028.609375, 2438.000000, 16360.000000>
[EOnCallAirdrop] Aircraft bearing ... Angle/Bearing: 1.22889° / 19.59°, Text: 'North (20°)'
[EOnCallAirdrop] Aircraft has been dispatched to 'Veresnik' from the North (20°).
[2021-03-20 @ 13-49-21] ----------------------------------------------------------------------------------------------------
[EOnCallAirdrop] Drop zone asigned: Skalisty Island <13575.000000, 0.000000, 3055.000000>
[EOnCallAirdrop] Drop zone offset to: <13549.153320, 2438.000000, 3054.328613>
[EOnCallAirdrop] Aircraft spawn point: <13220.397461, 2438.000000, -1000.000000>
[EOnCallAirdrop] Aircraft bearing ... Angle/Bearing: -1.65802° / 184.998°, Text: 'South (185°)'
[EOnCallAirdrop] Aircraft has been dispatched to 'Skalisty Island' from the South (185°).
