[InitializeContainer] Container created on 2021-04-20 @ 19-18-57
[InitializeContainer] Winds: Vector <-3.024698, 0.000000, -2.896932>, Speed 4.1882mps, Strength 0.1
[AirdropContainerFall] Drop Type 'Military East', Container: 'AirdropContainer_Military', Mode/Quantity/Iems: Random/20/33, Flare:  10%
[AirdropContainerFall] Loot Spawned [1] GorkaEJacket_Summer @ <12478.664063, 16.592226, 9301.297852> ... Lifespan: Set to 30 minutes.
[AirdropContainerFall] Loot Spawned [2] TacticalGloves_Beige @ <12479.945313, 16.361755, 9305.852539> ... Lifespan: Set to 30 minutes.
[AirdropContainerFall] Loot Spawned [3] GorkaEJacket_Summer @ <12475.610352, 16.820021, 9305.504883> ... Lifespan: Set to 30 minutes.
[AirdropContainerFall] Loot Spawned [4] AK101 @ <12480.069336, 16.407635, 9303.112305> ... Lifespan: Set to 30 minutes.
[AirdropContainerFall] Loot Spawned [5] AK101 @ <12478.561523, 16.497656, 9306.225586> ... Lifespan: Set to 30 minutes.
[AirdropContainerFall] Loot Spawned [6] TTsKOJacket_Camo @ <12479.444336, 16.508369, 9301.420898> ... Lifespan: Set to 30 minutes.
[AirdropContainerFall] Loot Spawned [7] GorkaEJacket_Flat @ <12480.003906, 16.379545, 9304.733398> ... Lifespan: Set to 30 minutes.
[AirdropContainerFall] Loot Spawned [8] GorkaPants_Summer @ <12474.710938, 16.943220, 9304.243164> ... Lifespan: Set to 30 minutes.
[AirdropContainerFall] Loot Spawned [9] AK_Bayonet @ <12477.733398, 16.657068, 9302.792969> ... Lifespan: Set to 30 minutes.
[AirdropContainerFall] Loot Spawned [10] TTsKOJacket_Camo @ <12477.852539, 16.551214, 9307.174805> ... Lifespan: Set to 30 minutes.
[AirdropContainerFall] Loot Spawned [11] UniversalLight @ <12479.464844, 16.462055, 9303.494141> ... Lifespan: Set to 30 minutes.
[AirdropContainerFall] Loot Spawned [12] GorkaEJacket_PautRev @ <12480.211914, 16.332962, 9305.943359> ... Lifespan: Set to 30 minutes.
[AirdropContainerFall] Loot Spawned [13] Mag_AKM_30Rnd @ <12478.447266, 16.496218, 9306.851563> ... Lifespan: Set to 30 minutes.
[AirdropContainerFall] Loot Spawned [14] Canteen @ <12479.498047, 16.405581, 9305.980469> ... Lifespan: Set to 30 minutes.
[AirdropContainerFall] Loot Spawned [15] AKM @ <12478.206055, 16.643150, 9301.214844> ... Lifespan: Set to 30 minutes.
[AirdropContainerFall] Loot Spawned [16] Mag_AKM_30Rnd @ <12479.003906, 16.523640, 9302.852539> ... Lifespan: Set to 30 minutes.
[AirdropContainerFall] Loot Spawned [17] TTsKOJacket_Camo @ <12480.260742, 16.397823, 9302.670898> ... Lifespan: Set to 30 minutes.
[AirdropContainerFall] Loot Spawned [18] WeaponCleaningKit @ <12480.195313, 16.329512, 9306.181641> ... Lifespan: Set to 30 minutes.
[AirdropContainerFall] Loot Spawned [19] AK_PlasticBttstck @ <12480.338867, 16.345022, 9304.781250> ... Lifespan: Set to 30 minutes.
[AirdropContainerFall] Loot Spawned [20] Battery9V @ <12475.894531, 16.844116, 9303.115234> ... Lifespan: Set to 30 minutes.
[AirdropContainerUnstuck] Container was unstuck.
[~AirdropContainerBase] Container Destroyed on 2021-04-20 @ 19-43-57
