[InitializeContainer] Container created on 2021-04-10 @ 08-25-49
[InitializeContainer] Winds: Vector <10.912115, 0.000000, -0.317283>, Speed 10.9167mps, Strength 0.1
[AirdropContainerFall] Drop Type 'Military West', Container: 'AirdropContainer_Military', Mode/Quantity/Iems: Random/20/46, Flare:  10%
[AirdropContainerFall] Loot Spawned [1] AssaultBag_Ttsko @ <8501.384766, 104.986511, 12778.656250> ... Lifespan: Set to 30 minutes.
[AirdropContainerFall] Loot Spawned [2] USMCJacket_Woodland @ <8498.065430, 105.014565, 12775.545898> ... Lifespan: Set to 30 minutes.
[AirdropContainerFall] Loot Spawned [3] AssaultBag_Ttsko @ <8501.961914, 104.824585, 12776.940430> ... Lifespan: Set to 30 minutes.
[AirdropContainerFall] Loot Spawned [4] Binoculars @ <8499.567383, 104.827110, 12774.206055> ... Lifespan: Set to 30 minutes.
[AirdropContainerFall] Loot Spawned [5] PistolSuppressor @ <8501.929688, 104.597290, 12773.286133> ... Lifespan: Set to 30 minutes.
[AirdropContainerFall] Loot Spawned [6] UKAssVest_Black @ <8503.840820, 104.530891, 12774.427734> ... Lifespan: Set to 30 minutes.
[AirdropContainerFall] Loot Spawned [7] Canteen @ <8503.043945, 104.557159, 12774.100586> ... Lifespan: Set to 30 minutes.
[AirdropContainerFall] Loot Spawned [8] USMCJacket_Desert @ <8498.134766, 104.962479, 12774.690430> ... Lifespan: Set to 30 minutes.
[AirdropContainerFall] Loot Spawned [9] M4_RISHndgrd @ <8499.346680, 104.978111, 12776.661133> ... Lifespan: Set to 30 minutes.
[AirdropContainerFall] Loot Spawned [10] AmmoBox_45ACP_25Rnd @ <8501.286133, 104.680496, 12773.913086> ... Lifespan: Set to 30 minutes.
[AirdropContainerFall] Loot Spawned [11] Rangefinder @ <8500.608398, 104.936409, 12777.438477> ... Lifespan: Set to 30 minutes.
[AirdropContainerFall] Loot Spawned [12] WeaponCleaningKit @ <8499.200195, 105.077431, 12778.274414> ... Lifespan: Set to 30 minutes.
[AirdropContainerFall] Loot Spawned [13] AKM @ <8502.658203, 104.546913, 12773.376953> ... Lifespan: Set to 30 minutes.
[AirdropContainerFall] Loot Spawned [14] Mag_FNX45_15Rnd @ <8499.534180, 104.938087, 12776.188477> ... Lifespan: Set to 30 minutes.
[AirdropContainerFall] Loot Spawned [15] USMCJacket_Woodland @ <8498.025391, 104.990143, 12775.043945> ... Lifespan: Set to 30 minutes.
[AirdropContainerFall] Loot Spawned [16] TacticalGloves_Black @ <8500.024414, 104.947739, 12777.047852> ... Lifespan: Set to 30 minutes.
[AirdropContainerFall] Loot Spawned [17] Mag_FNX45_15Rnd @ <8504.267578, 104.683327, 12776.740234> ... Lifespan: Set to 30 minutes.
[AirdropContainerFall] Loot Spawned [18] KOD_RSASS_Black @ <8502.530273, 104.890915, 12778.222656> ... Lifespan: Set to 30 minutes.
[AirdropContainerFall] Loot Spawned [19] AssaultBag_Black @ <8504.374023, 104.589386, 12775.581055> ... Lifespan: Set to 30 minutes.
[AirdropContainerFall] Loot Spawned [20] M4_RISHndgrd @ <8502.228516, 104.642128, 12774.520508> ... Lifespan: Set to 30 minutes.
[AirdropContainerUnstuck] Container was unstuck.
[~AirdropContainerBase] Container Destroyed on 2021-04-10 @ 08-50-49
