[InitializeContainer] Container created on 2021-04-13 @ 16-52-15
[InitializeContainer] Winds: Vector <10.988372, 0.000000, 5.668760>, Speed 12.3644mps, Strength 0.1
[AirdropContainerFall] Drop Type 'Misc. Tools', Container: 'RANDOM', Mode/Quantity/Iems: Random/30/54, Flare:  10%
[AirdropContainerFall] Loot Spawned [1] OrienteeringCompass @ <10020.936523, 49.844341, 2530.678711> ... Lifespan: Set to 30 minutes.
[AirdropContainerFall] Loot Spawned [2] Chemlight_Red @ <10023.254883, 49.752151, 2528.219238> ... Lifespan: Set to 30 minutes.
[AirdropContainerFall] Loot Spawned [3] WeaponCleaningKit @ <10023.630859, 49.374943, 2533.186035> ... Lifespan: Set to 30 minutes.
[AirdropContainerFall] Loot Spawned [4] CanOpener @ <10024.260742, 49.267143, 2533.807373> ... Lifespan: Set to 30 minutes.
[AirdropContainerFall] Loot Spawned [5] Spotlight @ <10021.552734, 49.790844, 2530.443359> ... Lifespan: Set to 30 minutes.
[AirdropContainerFall] Loot Spawned [6] Hatchet @ <10023.646484, 49.716805, 2528.088623> ... Lifespan: Set to 30 minutes.
[AirdropContainerFall] Loot Spawned [7] FirefighterAxe @ <10026.459961, 49.379162, 2528.359619> ... Lifespan: Set to 30 minutes.
[AirdropContainerFall] Loot Spawned [8] Headtorch_Black @ <10024.665039, 49.596455, 2528.160156> ... Lifespan: Set to 30 minutes.
[AirdropContainerFall] Loot Spawned [9] Crowbar @ <10026.872070, 49.247944, 2529.699707> ... Lifespan: Set to 30 minutes.
[AirdropContainerFall] Loot Spawned [10] PortableGasStove @ <10025.222656, 49.601048, 2527.107178> ... Lifespan: Set to 30 minutes.
[AirdropContainerFall] Loot Spawned [11] Pickaxe @ <10022.734375, 49.547989, 2532.015381> ... Lifespan: Set to 30 minutes.
[AirdropContainerFall] Loot Spawned [12] LeatherSewingKit @ <10022.420898, 49.692825, 2530.438232> ... Lifespan: Set to 30 minutes.
[AirdropContainerFall] Loot Spawned [13] SledgeHammer @ <10027.243164, 49.246761, 2529.092529> ... Lifespan: Set to 30 minutes.
[AirdropContainerFall] Loot Spawned [14] PersonalRadio @ <10026.685547, 49.248062, 2530.012939> ... Lifespan: Set to 30 minutes.
[AirdropContainerFall] Loot Spawned [15] Hammer @ <10025.972656, 49.197720, 2532.003174> ... Lifespan: Set to 30 minutes.
[AirdropContainerFall] Loot Spawned [16] Screwdriver @ <10025.409180, 49.269264, 2531.835449> ... Lifespan: Set to 30 minutes.
[AirdropContainerFall] Loot Spawned [17] SewingKit @ <10023.228516, 49.502476, 2531.871582> ... Lifespan: Set to 30 minutes.
[AirdropContainerFall] Loot Spawned [18] Pliers @ <10025.867188, 49.374836, 2529.413330> ... Lifespan: Set to 30 minutes.
[AirdropContainerFall] Loot Spawned [19] Flashlight @ <10023.419922, 49.730095, 2528.268066> ... Lifespan: Set to 30 minutes.
[AirdropContainerFall] Loot Spawned [20] BaseRadio @ <10022.176758, 49.809017, 2529.162109> ... Lifespan: Set to 30 minutes.
[AirdropContainerFall] Loot Spawned [21] Pliers @ <10024.600586, 49.564110, 2528.731445> ... Lifespan: Set to 30 minutes.
[AirdropContainerFall] Loot Spawned [22] CableReel @ <10024.772461, 49.539265, 2528.810059> ... Lifespan: Set to 30 minutes.
[AirdropContainerFall] Loot Spawned [23] BaseRadio @ <10022.895508, 49.843952, 2527.479492> ... Lifespan: Set to 30 minutes.
[AirdropContainerFall] Loot Spawned [24] PortableGasLamp @ <10027.361328, 49.182034, 2529.904541> ... Lifespan: Set to 30 minutes.
[AirdropContainerFall] Loot Spawned [25] Whetstone @ <10022.790039, 49.584332, 2531.399902> ... Lifespan: Set to 30 minutes.
[AirdropContainerFall] Loot Spawned [26] Whetstone @ <10026.406250, 49.308601, 2529.538330> ... Lifespan: Set to 30 minutes.
[AirdropContainerFall] Loot Spawned [27] KOD_M16A4 @ <10022.522461, 49.628593, 2531.198486> ... Lifespan: Set to 30 minutes.
[AirdropContainerFall] Loot Spawned [28] Matchbox @ <10024.672852, 49.244041, 2533.471680> ... Lifespan: Set to 30 minutes.
[AirdropContainerFall] Loot Spawned [29] Spotlight @ <10025.159180, 49.271080, 2532.228760> ... Lifespan: Set to 30 minutes.
[AirdropContainerFall] Loot Spawned [30] Roadflare @ <10023.023438, 49.409706, 2533.666992> ... Lifespan: Set to 30 minutes.
[AirdropContainerUnstuck] Container was unstuck.
