[AirdropPlane] Aircraft created on 2021-04-29 @ 10-02-14
[InitializeAircraft] Aircraft Initialized: Northwest Airfield @ 4500/10350 (true)
[EOnBeforeDrop] The Aircraft is 1 Km from Northwest Airfield. @ <3179.111084, 426.372314, 9642.611328>
[EOnDrop] Zombie Spawned [1] ZmbM_PatrolNormal_PautRev @ <4434.978516, 339.500000, 10325.626953> ... Lifespan:  Set to 60 minutes.
[EOnDrop] Zombie Spawned [2] ZmbM_PatrolNormal_PautRev @ <4434.075195, 339.500000, 10311.885742> ... Lifespan:  Set to 60 minutes.
[EOnDrop] Zombie Spawned [3] ZmbM_PatrolNormal_Summer @ <4424.711914, 339.500000, 10320.027344> ... Lifespan:  Set to 60 minutes.
[EOnDrop] Zombie Spawned [4] ZmbM_SoldierNormal @ <4436.038086, 339.500000, 10292.615234> ... Lifespan:  Set to 60 minutes.
[EOnDrop] Zombie Spawned [5] ZmbM_PatrolNormal_PautRev @ <4398.568848, 339.500000, 10310.722656> ... Lifespan:  Set to 60 minutes.
[EOnDrop] Zombie Spawned [6] ZmbM_PatrolNormal_Flat @ <4458.387695, 339.883575, 10303.854492> ... Lifespan:  Set to 60 minutes.
[EOnDrop] Zombie Spawned [7] ZmbM_PatrolNormal_Autumn @ <4397.181641, 339.500000, 10331.660156> ... Lifespan:  Set to 60 minutes.
[EOnDrop] Zombie Spawned [8] ZmbM_SoldierNormal @ <4455.596191, 341.282074, 10365.282227> ... Lifespan:  Set to 60 minutes.
[EOnDrop] Zombie Spawned [9] ZmbM_PatrolNormal_PautRev @ <4466.138672, 341.163055, 10333.187500> ... Lifespan:  Set to 60 minutes.
[EOnDrop] Zombie Spawned [10] ZmbM_PatrolNormal_Summer @ <4437.266113, 339.534454, 10332.386719> ... Lifespan:  Set to 60 minutes.
[EOnDrop] Zombie Spawned [11] ZmbM_PatrolNormal_Summer @ <4464.019043, 339.512146, 10276.334961> ... Lifespan:  Set to 60 minutes.
[EOnDrop] Zombie Spawned [12] ZmbM_PatrolNormal_Autumn @ <4447.232910, 339.500000, 10318.191406> ... Lifespan:  Set to 60 minutes.
[EOnDrop] Zombie Spawned [13] ZmbM_SoldierNormal @ <4432.302734, 339.500000, 10294.645508> ... Lifespan:  Set to 60 minutes.
[EOnDrop] Zombie Spawned [14] ZmbM_SoldierNormal @ <4456.127441, 340.405640, 10331.345703> ... Lifespan:  Set to 60 minutes.
[EOnDrop] Zombie Spawned [15] ZmbM_PatrolNormal_PautRev @ <4443.080078, 340.790070, 10356.811523> ... Lifespan:  Set to 60 minutes.
[EOnDrop] Zombie Spawned [16] ZmbM_SoldierNormal @ <4461.034668, 339.776703, 10296.115234> ... Lifespan:  Set to 60 minutes.
[EOnDrop] Zombie Spawned [17] ZmbM_SoldierNormal @ <4413.036133, 339.500000, 10323.492188> ... Lifespan:  Set to 60 minutes.
[EOnDrop] Zombie Spawned [18] ZmbM_PatrolNormal_Summer @ <4425.755371, 339.500000, 10291.315430> ... Lifespan:  Set to 60 minutes.
[EOnDrop] Zombie Spawned [19] ZmbM_PatrolNormal_Summer @ <4463.044922, 341.165405, 10334.792969> ... Lifespan:  Set to 60 minutes.
[EOnDrop] Zombie Spawned [20] ZmbM_PatrolNormal_PautRev @ <4433.987305, 339.500000, 10304.983398> ... Lifespan:  Set to 60 minutes.
[EOnDrop] Drop spawned with 20 infected at <4441.149902, 482.154999, 10317.947266>.
[EOnDrop] Supplies have been dropped near Northwest Airfield.
[EOnBeforeDelete] Aircraft despawned @ <15734.153320, 251.796219, 16360.474609>
[~AirdropPlane] Aircraft destroyed.
