[InitializeContainer] Container created on 2021-03-30 @ 01-55-24
[InitializeContainer] Winds: Vector <6.125399, 0.000000, -6.218169>, Speed 8.72847mps, Strength 0.1
[AirdropContainerFall] Drop Type 'Misc. Food', Container: 'RANDOM', Mode/Quantity/Iems: Random/29/30, Flare:  10%
[AirdropContainerFall] Loot Spawned [1] Lard @ <10090.427734, 41.184380, 2523.313721> ... Lifespan: Set to 30 minutes.
[AirdropContainerFall] Loot Spawned [2] WaterBottle @ <10085.477539, 41.742928, 2522.997559> ... Lifespan: Set to 30 minutes.
[AirdropContainerFall] Loot Spawned [3] BoxCerealCrunchin @ <10089.188477, 41.305199, 2525.335205> ... Lifespan: Set to 30 minutes.
[AirdropContainerFall] Loot Spawned [4] SodaCan_Pipsi @ <10090.540039, 41.190113, 2522.234131> ... Lifespan: Set to 30 minutes.
[AirdropContainerFall] Loot Spawned [5] WaterBottle @ <10090.015625, 41.226421, 2523.886230> ... Lifespan: Set to 30 minutes.
[AirdropContainerFall] Loot Spawned [6] BakedBeansCan @ <10086.317383, 41.669277, 2522.985352> ... Lifespan: Set to 30 minutes.
[AirdropContainerFall] Loot Spawned [7] Zucchini @ <10085.211914, 41.773312, 2522.625732> ... Lifespan: Set to 30 minutes.
[AirdropContainerFall] Loot Spawned [8] SpaghettiCan @ <10087.857422, 41.457611, 2526.298096> ... Lifespan: Set to 30 minutes.
[AirdropContainerFall] Loot Spawned [9] Apple @ <10089.093750, 41.321381, 2525.121094> ... Lifespan: Set to 30 minutes.
[AirdropContainerFall] Loot Spawned [10] Lard @ <10086.422852, 41.633041, 2524.430176> ... Lifespan: Set to 30 minutes.
[AirdropContainerFall] Loot Spawned [11] SpaghettiCan @ <10088.545898, 41.398079, 2524.766357> ... Lifespan: Set to 30 minutes.
[AirdropContainerFall] Loot Spawned [12] AK101 @ <10091.166016, 41.085693, 2523.533936> ... Lifespan: Set to 30 minutes.
[AirdropContainerFall] Loot Spawned [13] CaninaBerry @ <10087.424805, 41.512100, 2526.187500> ... Lifespan: Set to 30 minutes.
[AirdropContainerFall] Loot Spawned [14] TunaCan @ <10091.107422, 41.103893, 2522.960938> ... Lifespan: Set to 30 minutes.
[AirdropContainerFall] Loot Spawned [15] TunaCan @ <10089.914063, 41.275986, 2521.927734> ... Lifespan: Set to 30 minutes.
[AirdropContainerFall] Loot Spawned [16] SambucusBerry @ <10088.804688, 41.365917, 2524.712646> ... Lifespan: Set to 30 minutes.
[AirdropContainerFall] Loot Spawned [17] SodaCan_Cola @ <10085.361328, 41.762150, 2522.515869> ... Lifespan: Set to 30 minutes.
[AirdropContainerFall] Loot Spawned [18] BoxCerealCrunchin @ <10087.092773, 41.614872, 2522.244141> ... Lifespan: Set to 30 minutes.
[AirdropContainerFall] Loot Spawned [19] SodaCan_Pipsi @ <10090.114258, 41.287693, 2519.913330> ... Lifespan: Set to 30 minutes.
[AirdropContainerFall] Loot Spawned [20] BakedBeansCan @ <10086.876953, 41.663033, 2520.682861> ... Lifespan: Set to 30 minutes.
[AirdropContainerFall] Loot Spawned [21] Zucchini @ <10091.692383, 41.005962, 2523.928955> ... Lifespan: Set to 30 minutes.
[AirdropContainerFall] Loot Spawned [22] SpaghettiCan @ <10085.966797, 41.693192, 2523.357422> ... Lifespan: Set to 30 minutes.
[AirdropContainerFall] Loot Spawned [23] Pumpkin @ <10091.341797, 41.071621, 2523.082520> ... Lifespan: Set to 30 minutes.
[AirdropContainerFall] Loot Spawned [24] Zucchini @ <10087.207031, 41.561062, 2524.587402> ... Lifespan: Set to 30 minutes.
[AirdropContainerFall] Loot Spawned [25] BakedBeansCan @ <10087.666992, 41.492229, 2525.749268> ... Lifespan: Set to 30 minutes.
[AirdropContainerFall] Loot Spawned [26] SambucusBerry @ <10086.700195, 41.623035, 2523.658447> ... Lifespan: Set to 30 minutes.
[AirdropContainerFall] Loot Spawned [27] WaterBottle @ <10088.305664, 41.418491, 2525.317627> ... Lifespan: Set to 30 minutes.
[AirdropContainerFall] Loot Spawned [28] KOD_DVL10 @ <10089.713867, 41.311150, 2521.412598> ... Lifespan: Set to 30 minutes.
[AirdropContainerFall] Loot Spawned [29] KOD_M16A4 @ <10087.616211, 41.491184, 2526.150635> ... Lifespan: Set to 30 minutes.
[AirdropContainerUnstuck] Container was unstuck.
[~AirdropContainerBase] Container Destroyed on 2021-03-30 @ 02-20-24
