[InitializeContainer] Container created on 2021-04-08 @ 21-54-26
[InitializeContainer] Winds: Vector <5.220436, 0.000000, -6.602123>, Speed 8.41671mps, Strength 0.1
[AirdropContainerFall] Drop Type 'Misc. Food', Container: 'RANDOM', Mode/Quantity/Iems: Random/29/30, Flare:  10%
[AirdropContainerFall] Loot Spawned [1] TacticalBaconCan @ <8473.446289, 106.046036, 12756.072266> ... Lifespan: Set to 30 minutes.
[AirdropContainerFall] Loot Spawned [2] Pumpkin @ <8474.361328, 105.803894, 12751.168945> ... Lifespan: Set to 30 minutes.
[AirdropContainerFall] Loot Spawned [3] SambucusBerry @ <8476.272461, 105.762535, 12752.806641> ... Lifespan: Set to 30 minutes.
[AirdropContainerFall] Loot Spawned [4] KOD_M16A4 @ <8475.540039, 105.759758, 12751.550781> ... Lifespan: Set to 30 minutes.
[AirdropContainerFall] Loot Spawned [5] PeachesCan @ <8471.508789, 106.099174, 12755.682617> ... Lifespan: Set to 30 minutes.
[AirdropContainerFall] Loot Spawned [6] PowderedMilk @ <8472.601563, 105.940369, 12752.882813> ... Lifespan: Set to 30 minutes.
[AirdropContainerFall] Loot Spawned [7] AKM @ <8476.174805, 105.760551, 12752.602539> ... Lifespan: Set to 30 minutes.
[AirdropContainerFall] Loot Spawned [8] Zucchini @ <8477.310547, 105.793564, 12755.528320> ... Lifespan: Set to 30 minutes.
[AirdropContainerFall] Loot Spawned [9] KOD_M16A4 @ <8472.002930, 105.962730, 12752.746094> ... Lifespan: Set to 30 minutes.
[AirdropContainerFall] Loot Spawned [10] TunaCan @ <8473.309570, 105.855194, 12751.141602> ... Lifespan: Set to 30 minutes.
[AirdropContainerFall] Loot Spawned [11] Tomato @ <8476.514648, 105.880943, 12755.975586> ... Lifespan: Set to 30 minutes.
[AirdropContainerFall] Loot Spawned [12] Rice @ <8474.359375, 105.804314, 12751.177734> ... Lifespan: Set to 30 minutes.
[AirdropContainerFall] Loot Spawned [13] SodaCan_Cola @ <8471.538086, 106.013588, 12753.702148> ... Lifespan: Set to 30 minutes.
[AirdropContainerFall] Loot Spawned [14] SodaCan_Kvass @ <8477.401367, 105.724731, 12753.754883> ... Lifespan: Set to 30 minutes.
[AirdropContainerFall] Loot Spawned [15] Pumpkin @ <8476.327148, 105.836929, 12754.639648> ... Lifespan: Set to 30 minutes.
[AirdropContainerFall] Loot Spawned [16] Canteen @ <8474.186523, 106.004997, 12755.735352> ... Lifespan: Set to 30 minutes.
[AirdropContainerFall] Loot Spawned [17] Canteen @ <8474.019531, 106.043449, 12756.496094> ... Lifespan: Set to 30 minutes.
[AirdropContainerFall] Loot Spawned [18] TacticalBaconCan @ <8474.452148, 106.009697, 12756.069336> ... Lifespan: Set to 30 minutes.
[AirdropContainerFall] Loot Spawned [19] Pumpkin @ <8477.386719, 105.739662, 12754.081055> ... Lifespan: Set to 30 minutes.
[AirdropContainerFall] Loot Spawned [20] SpaghettiCan @ <8477.037109, 105.803497, 12755.009766> ... Lifespan: Set to 30 minutes.
[AirdropContainerFall] Loot Spawned [21] SambucusBerry @ <8472.036133, 105.993240, 12753.644531> ... Lifespan: Set to 30 minutes.
[AirdropContainerFall] Loot Spawned [22] SambucusBerry @ <8475.578125, 105.775696, 12751.987305> ... Lifespan: Set to 30 minutes.
[AirdropContainerFall] Loot Spawned [23] PowderedMilk @ <8472.345703, 106.111671, 12756.681641> ... Lifespan: Set to 30 minutes.
[AirdropContainerFall] Loot Spawned [24] PeachesCan @ <8473.287109, 106.057632, 12756.209961> ... Lifespan: Set to 30 minutes.
[AirdropContainerFall] Loot Spawned [25] WaterBottle @ <8472.948242, 105.880432, 12751.302734> ... Lifespan: Set to 30 minutes.
[AirdropContainerFall] Loot Spawned [26] BoxCerealCrunchin @ <8475.044922, 105.959938, 12755.439453> ... Lifespan: Set to 30 minutes.
[AirdropContainerFall] Loot Spawned [27] Tomato @ <8475.630859, 105.831696, 12753.385742> ... Lifespan: Set to 30 minutes.
[AirdropContainerFall] Loot Spawned [28] PowderedMilk @ <8471.692383, 106.105835, 12755.994141> ... Lifespan: Set to 30 minutes.
[AirdropContainerFall] Loot Spawned [29] SodaCan_Spite @ <8477.615234, 105.728874, 12754.200195> ... Lifespan: Set to 30 minutes.
[AirdropContainerUnstuck] Container was unstuck.
[~AirdropContainerBase] Container Destroyed on 2021-04-08 @ 22-19-26
