[AirdropBase] Base class created & settings loaded.
[2021-04-29 @ 21-33-43] ----------------------------------------------------------------------------------------------------
[EOnCallAirdrop] Drop zone asigned: Myshkino <1900.000000, 0.000000, 7600.000000>
[EOnCallAirdrop] Drop zone offset to: <1900.725342, 2438.000000, 7629.594238>
[EOnCallAirdrop] Aircraft spawn point: <-1000.000000, 2438.000000, -19.867550>
[EOnCallAirdrop] Aircraft bearing ... Angle/Bearing: -1.93445° / 200.836°, Text: 'South (201°)'
[EOnCallAirdrop] Aircraft has been dispatched to 'Myshkino' from the South (201°).
[2021-04-29 @ 22-04-10] ----------------------------------------------------------------------------------------------------
[EOnCallAirdrop] Drop zone asigned: Chernogorsk <7400.000000, 0.000000, 3500.000000>
[EOnCallAirdrop] Drop zone offset to: <7419.554199, 2438.000000, 3497.438965>
[EOnCallAirdrop] Aircraft spawn point: <14848.476563, 2438.000000, -1000.000000>
[EOnCallAirdrop] Aircraft bearing ... Angle/Bearing: -0.543466° / 121.138°, Text: 'South/East (121°)'
[EOnCallAirdrop] Aircraft has been dispatched to 'Chernogorsk' from the South/East (121°).
[2021-04-29 @ 22-34-37] ----------------------------------------------------------------------------------------------------
[EOnCallAirdrop] Drop zone asigned: Berezino <12450.000000, 0.000000, 9250.000000>
[EOnCallAirdrop] Drop zone offset to: <12448.643555, 2438.000000, 9152.264648>
[EOnCallAirdrop] Aircraft spawn point: <16360.000000, 2438.000000, 14719.735352>
[EOnCallAirdrop] Aircraft bearing ... Angle/Bearing: 0.950178° / 35.5588°, Text: 'North/East (36°)'
[EOnCallAirdrop] Aircraft has been dispatched to 'Berezino' from the North/East (36°).
[2021-04-29 @ 23-05-04] ----------------------------------------------------------------------------------------------------
[EOnCallAirdrop] Drop zone asigned: Stary/Novy  <6600.000000, 0.000000, 7800.000000>
[EOnCallAirdrop] Drop zone offset to: <6556.593750, 2438.000000, 7818.005371>
[EOnCallAirdrop] Aircraft spawn point: <16360.000000, 2438.000000, 13104.371094>
[EOnCallAirdrop] Aircraft bearing ... Angle/Bearing: 0.497824° / 61.4768°, Text: 'North/East (61°)'
[EOnCallAirdrop] Aircraft has been dispatched to 'Stary/Novy ' from the North/East (61°).
[2021-04-29 @ 23-35-30] ----------------------------------------------------------------------------------------------------
[EOnCallAirdrop] Drop zone asigned: Soverograd <8566.000000, 0.000000, 12755.000000>
[EOnCallAirdrop] Drop zone offset to: <8521.928711, 2438.000000, 12754.768555>
[EOnCallAirdrop] Aircraft spawn point: <-1000.000000, 2438.000000, 13847.681641>
[EOnCallAirdrop] Aircraft bearing ... Angle/Bearing: 3.02786° / 276.516°, Text: 'West (277°)'
[EOnCallAirdrop] Aircraft has been dispatched to 'Soverograd' from the West (277°).
[2021-04-30 @ 00-05-57] ----------------------------------------------------------------------------------------------------
[EOnCallAirdrop] Drop zone asigned: Myshkino <1900.000000, 0.000000, 7600.000000>
[EOnCallAirdrop] Drop zone offset to: <1890.299683, 2438.000000, 7603.893555>
[EOnCallAirdrop] Aircraft spawn point: <-1000.000000, 2438.000000, 9212.450195>
[EOnCallAirdrop] Aircraft bearing ... Angle/Bearing: 2.63414° / 299.075°, Text: 'North/West (299°)'
[EOnCallAirdrop] Aircraft has been dispatched to 'Myshkino' from the North/West (299°).
[2021-04-30 @ 00-36-23] ----------------------------------------------------------------------------------------------------
[EOnCallAirdrop] Drop zone asigned: Berezino <12450.000000, 0.000000, 9250.000000>
[EOnCallAirdrop] Drop zone offset to: <12378.184570, 2438.000000, 9181.322266>
[EOnCallAirdrop] Aircraft spawn point: <10256.159180, 2438.000000, 16360.000000>
[EOnCallAirdrop] Aircraft bearing ... Angle/Bearing: 1.87009° / 342.852°, Text: 'North (343°)'
[EOnCallAirdrop] Aircraft has been dispatched to 'Berezino' from the North (343°).
