[InitializeContainer] Container created on 2021-04-14 @ 07-10-04
[InitializeContainer] Winds: Vector <6.288039, 0.000000, -6.135223>, Speed 8.78524mps, Strength 0.1
[AirdropContainerFall] Drop Type 'Military East', Container: 'AirdropContainer_Military', Mode/Quantity/Iems: Random/20/33, Flare:  10%
[AirdropContainerFall] Loot Spawned [1] GorkaPants_Autumn @ <10104.512695, 39.277130, 2519.752930> ... Lifespan: Set to 30 minutes.
[AirdropContainerFall] Loot Spawned [2] GorkaEJacket_Autumn @ <10108.221680, 38.688026, 2518.785156> ... Lifespan: Set to 30 minutes.
[AirdropContainerFall] Loot Spawned [3] AmmoBox_762x39_20Rnd @ <10103.112305, 39.501717, 2519.975586> ... Lifespan: Set to 30 minutes.
[AirdropContainerFall] Loot Spawned [4] GorkaEJacket_Flat @ <10103.666992, 39.443245, 2517.966797> ... Lifespan: Set to 30 minutes.
[AirdropContainerFall] Loot Spawned [5] Binoculars @ <10103.767578, 39.330696, 2521.921143> ... Lifespan: Set to 30 minutes.
[AirdropContainerFall] Loot Spawned [6] AK101 @ <10106.069336, 38.945087, 2522.257324> ... Lifespan: Set to 30 minutes.
[AirdropContainerFall] Loot Spawned [7] TacticalGloves_Green @ <10107.959961, 38.756275, 2517.035889> ... Lifespan: Set to 30 minutes.
[AirdropContainerFall] Loot Spawned [8] GorkaEJacket_PautRev @ <10104.110352, 39.374451, 2517.700195> ... Lifespan: Set to 30 minutes.
[AirdropContainerFall] Loot Spawned [9] Binoculars @ <10107.246094, 38.733589, 2522.852539> ... Lifespan: Set to 30 minutes.
[AirdropContainerFall] Loot Spawned [10] Binoculars @ <10105.126953, 39.124775, 2521.464111> ... Lifespan: Set to 30 minutes.
[AirdropContainerFall] Loot Spawned [11] TTsKOJacket_Camo @ <10108.561523, 38.644722, 2517.970703> ... Lifespan: Set to 30 minutes.
[AirdropContainerFall] Loot Spawned [12] KOD_M16A4 @ <10104.705078, 39.253410, 2519.237793> ... Lifespan: Set to 30 minutes.
[AirdropContainerFall] Loot Spawned [13] AK101 @ <10107.893555, 38.676449, 2521.412354> ... Lifespan: Set to 30 minutes.
[AirdropContainerFall] Loot Spawned [14] AK101 @ <10107.683594, 38.739922, 2520.535645> ... Lifespan: Set to 30 minutes.
[AirdropContainerFall] Loot Spawned [15] AK_Suppressor @ <10104.610352, 39.292412, 2517.665283> ... Lifespan: Set to 30 minutes.
[AirdropContainerFall] Loot Spawned [16] Battery9V @ <10104.655273, 39.279137, 2518.031982> ... Lifespan: Set to 30 minutes.
[AirdropContainerFall] Loot Spawned [17] AK_Bayonet @ <10107.889648, 38.773941, 2516.603027> ... Lifespan: Set to 30 minutes.
[AirdropContainerFall] Loot Spawned [18] GorkaPants_Autumn @ <10105.815430, 38.960751, 2523.024902> ... Lifespan: Set to 30 minutes.
[AirdropContainerFall] Loot Spawned [19] KOD_M16A4 @ <10107.868164, 38.734901, 2519.508545> ... Lifespan: Set to 30 minutes.
[AirdropContainerFall] Loot Spawned [20] TTsKOJacket_Camo @ <10108.422852, 38.639950, 2519.829346> ... Lifespan: Set to 30 minutes.
[AirdropContainerUnstuck] Container was unstuck.
[~AirdropContainerBase] Container Destroyed on 2021-04-14 @ 07-35-04
