[InitializeContainer] Container created on 2021-03-22 @ 21-00-50
[InitializeContainer] Winds: Vector <10.997615, 0.000000, 5.632113>, Speed 12.3559mps, Strength 0.1
[AirdropContainerFall] Drop Type 'Military West', Container: 'AirdropContainer_Military', Mode/Quantity/Iems: Random/20/46, Flare:  10%
[AirdropContainerFall] Loot Spawned [1] TacticalGoggles @ <8711.655273, 387.586517, 9251.752930> ... Lifespan: Set to 30 minutes.
[AirdropContainerFall] Loot Spawned [2] Mag_STANAG_30Rnd @ <8714.887695, 387.406158, 9250.738281> ... Lifespan: Set to 30 minutes.
[AirdropContainerFall] Loot Spawned [3] AssaultBag_Green @ <8713.224609, 387.360291, 9255.211914> ... Lifespan: Set to 30 minutes.
[AirdropContainerFall] Loot Spawned [4] CanOpener @ <8712.978516, 387.411377, 9254.260742> ... Lifespan: Set to 30 minutes.
[AirdropContainerFall] Loot Spawned [5] M9A1_Bayonet @ <8713.695313, 387.369171, 9254.099609> ... Lifespan: Set to 30 minutes.
[AirdropContainerFall] Loot Spawned [6] MilitaryBoots_Black @ <8714.998047, 387.250000, 9255.032227> ... Lifespan: Set to 30 minutes.
[AirdropContainerFall] Loot Spawned [7] TacticalBaconCan @ <8713.952148, 387.466187, 9250.806641> ... Lifespan: Set to 30 minutes.
[AirdropContainerFall] Loot Spawned [8] AKM @ <8712.686523, 387.447906, 9253.767578> ... Lifespan: Set to 30 minutes.
[AirdropContainerFall] Loot Spawned [9] CombatKnife @ <8713.272461, 387.570831, 9249.115234> ... Lifespan: Set to 30 minutes.
[AirdropContainerFall] Loot Spawned [10] MilitaryBoots_Bluerock @ <8712.237305, 387.460358, 9254.272461> ... Lifespan: Set to 30 minutes.
[AirdropContainerFall] Loot Spawned [11] TacticalGoggles @ <8711.973633, 387.622955, 9250.160156> ... Lifespan: Set to 30 minutes.
[AirdropContainerFall] Loot Spawned [12] M4_Suppressor @ <8716.855469, 387.242767, 9251.810547> ... Lifespan: Set to 30 minutes.
[AirdropContainerFall] Loot Spawned [13] TacticalGloves_Green @ <8712.725586, 387.419189, 9254.521484> ... Lifespan: Set to 30 minutes.
[AirdropContainerFall] Loot Spawned [14] MilitaryBoots_Bluerock @ <8714.395508, 387.494324, 9249.142578> ... Lifespan: Set to 30 minutes.
[AirdropContainerFall] Loot Spawned [15] Binoculars @ <8712.523438, 387.426544, 9254.698242> ... Lifespan: Set to 30 minutes.
[AirdropContainerFall] Loot Spawned [16] CombatKnife @ <8711.540039, 387.606476, 9251.398438> ... Lifespan: Set to 30 minutes.
[AirdropContainerFall] Loot Spawned [17] UKAssVest_Camo @ <8711.436523, 387.574219, 9252.528320> ... Lifespan: Set to 30 minutes.
[AirdropContainerFall] Loot Spawned [18] PistolSuppressor @ <8710.752930, 387.672180, 9251.132813> ... Lifespan: Set to 30 minutes.
[AirdropContainerFall] Loot Spawned [19] AK101 @ <8713.468750, 387.552948, 9249.233398> ... Lifespan: Set to 30 minutes.
[AirdropContainerFall] Loot Spawned [20] WeaponCleaningKit @ <8716.177734, 387.258331, 9252.612305> ... Lifespan: Set to 30 minutes.
[AirdropContainerUnstuck] Container was unstuck.
[~AirdropContainerBase] Container Destroyed on 2021-03-22 @ 21-25-50
