[AirdropPlane] Aircraft created on 2021-04-13 @ 03-08-16
[InitializeAircraft] Aircraft Initialized: Balota Airstrip @ 5025/2455 (true)
[EOnBeforeDrop] The Aircraft is 1 Km from Balota Airstrip. @ <6458.388184, 152.000610, 2014.911377>
[EOnDrop] Zombie Spawned [1] ZmbM_PatrolNormal_PautRev @ <5097.574707, 10.002479, 2425.854492> ... Lifespan:  Set to 30 minutes.
[EOnDrop] Zombie Spawned [2] ZmbM_PatrolNormal_Flat @ <5043.333984, 10.000000, 2446.839355> ... Lifespan:  Set to 30 minutes.
[EOnDrop] Zombie Spawned [3] ZmbM_PatrolNormal_PautRev @ <5078.574707, 10.165322, 2466.666016> ... Lifespan:  Set to 30 minutes.
[EOnDrop] Zombie Spawned [4] ZmbM_PatrolNormal_PautRev @ <5096.918457, 10.000000, 2401.721680> ... Lifespan:  Set to 30 minutes.
[EOnDrop] Zombie Spawned [5] ZmbM_SoldierNormal @ <5132.646484, 11.883186, 2422.028809> ... Lifespan:  Set to 30 minutes.
[EOnDrop] Zombie Spawned [6] ZmbM_SoldierNormal @ <5095.648926, 10.033594, 2447.227539> ... Lifespan:  Set to 30 minutes.
[EOnDrop] Zombie Spawned [7] ZmbM_SoldierNormal @ <5081.333984, 10.051124, 2459.086914> ... Lifespan:  Set to 30 minutes.
[EOnDrop] Zombie Spawned [8] ZmbM_PatrolNormal_Autumn @ <5088.283203, 9.956220, 2440.499756> ... Lifespan:  Set to 30 minutes.
[EOnDrop] Zombie Spawned [9] ZmbM_PatrolNormal_Autumn @ <5076.629395, 10.000000, 2451.902100> ... Lifespan:  Set to 30 minutes.
[EOnDrop] Zombie Spawned [10] ZmbM_PatrolNormal_Summer @ <5078.930664, 10.000000, 2419.036865> ... Lifespan:  Set to 30 minutes.
[EOnDrop] Zombie Spawned [11] ZmbM_PatrolNormal_Autumn @ <5069.237793, 10.000000, 2410.765381> ... Lifespan:  Set to 30 minutes.
[EOnDrop] Zombie Spawned [12] ZmbM_SoldierNormal @ <5080.329102, 9.999601, 2389.371582> ... Lifespan:  Set to 30 minutes.
[EOnDrop] Zombie Spawned [13] ZmbM_PatrolNormal_Autumn @ <5077.299316, 10.000000, 2440.027344> ... Lifespan:  Set to 30 minutes.
[EOnDrop] Zombie Spawned [14] ZmbM_PatrolNormal_Summer @ <5075.398438, 10.000000, 2430.751221> ... Lifespan:  Set to 30 minutes.
[EOnDrop] Zombie Spawned [15] ZmbM_PatrolNormal_Flat @ <5065.003906, 10.000000, 2454.890381> ... Lifespan:  Set to 30 minutes.
[EOnDrop] Zombie Spawned [16] ZmbM_PatrolNormal_Autumn @ <5083.327148, 10.000000, 2435.260498> ... Lifespan:  Set to 30 minutes.
[EOnDrop] Zombie Spawned [17] ZmbM_PatrolNormal_PautRev @ <5094.025391, 10.000000, 2419.050293> ... Lifespan:  Set to 30 minutes.
[EOnDrop] Zombie Spawned [18] ZmbM_PatrolNormal_Autumn @ <5069.955078, 10.000000, 2451.878662> ... Lifespan:  Set to 30 minutes.
[EOnDrop] Zombie Spawned [19] ZmbM_PatrolNormal_PautRev @ <5088.831055, 9.639822, 2478.644775> ... Lifespan:  Set to 30 minutes.
[EOnDrop] Zombie Spawned [20] ZmbM_PatrolNormal_Summer @ <5076.683594, 10.000000, 2401.448730> ... Lifespan:  Set to 30 minutes.
[EOnDrop] Zombie Spawned [21] ZmbM_SoldierNormal @ <5130.511230, 11.855119, 2454.007813> ... Lifespan:  Set to 30 minutes.
[EOnDrop] Zombie Spawned [22] ZmbM_PatrolNormal_Summer @ <5096.403320, 10.000000, 2393.396240> ... Lifespan:  Set to 30 minutes.
[EOnDrop] Zombie Spawned [23] ZmbM_PatrolNormal_PautRev @ <5070.632813, 10.000000, 2442.317139> ... Lifespan:  Set to 30 minutes.
[EOnDrop] Zombie Spawned [24] ZmbM_PatrolNormal_Summer @ <5107.670898, 9.880098, 2415.599609> ... Lifespan:  Set to 30 minutes.
[EOnDrop] Zombie Spawned [25] ZmbM_PatrolNormal_Autumn @ <5073.858398, 10.000000, 2450.009277> ... Lifespan:  Set to 30 minutes.
[EOnDrop] Drop spawned with 25 infected at <5089.963379, 158.045746, 2434.648438>.
[EOnDrop] Supplies have been dropped near Balota Airstrip.
[EOnBeforeDelete] Aircraft despawned @ <-1001.753418, 282.650452, 4303.158691>
[~AirdropPlane] Aircraft destroyed.
