[InitializeContainer] Container created on 2021-03-14 @ 23-33-37
[InitializeContainer] Winds: Vector <-1.056020, 0.000000, 15.657353>, Speed 15.6929mps, Strength 0.1
[AirdropContainerFall] Drop Type 'Misc. Tools', Container: 'RANDOM', Mode/Quantity/Iems: Random/30/54, Flare:  10%
[AirdropContainerFall] Loot Spawned [1] PortableGasStove @ <4138.644531, 288.249634, 7201.441895> ... Lifespan: Set to 60 minutes.
[AirdropContainerFall] Loot Spawned [2] Flashlight @ <4134.310059, 288.834686, 7200.851074> ... Lifespan: Set to 60 minutes.
[AirdropContainerFall] Loot Spawned [3] Rangefinder @ <4136.563965, 288.508911, 7201.521973> ... Lifespan: Set to 60 minutes.
[AirdropContainerFall] Loot Spawned [4] Pickaxe @ <4134.321777, 288.866882, 7200.129395> ... Lifespan: Set to 60 minutes.
[AirdropContainerFall] Loot Spawned [5] Hatchet @ <4135.981934, 288.594604, 7201.315918> ... Lifespan: Set to 60 minutes.
[AirdropContainerFall] Loot Spawned [6] Binoculars @ <4135.638184, 289.221802, 7196.533691> ... Lifespan: Set to 60 minutes.
[AirdropContainerFall] Loot Spawned [7] Headtorch_Grey @ <4136.830566, 288.475525, 7201.491211> ... Lifespan: Set to 60 minutes.
[AirdropContainerFall] Loot Spawned [8] Compass @ <4134.295898, 288.846802, 7200.631348> ... Lifespan: Set to 60 minutes.
[AirdropContainerFall] Loot Spawned [9] WoodAxe @ <4138.687988, 288.273621, 7200.617188> ... Lifespan: Set to 60 minutes.
[AirdropContainerFall] Loot Spawned [10] Chemlight_Blue @ <4135.015137, 288.985565, 7198.780273> ... Lifespan: Set to 60 minutes.
[AirdropContainerFall] Loot Spawned [11] Chemlight_Blue @ <4135.560547, 288.948364, 7198.576172> ... Lifespan: Set to 60 minutes.
[AirdropContainerFall] Loot Spawned [12] ChernarusMap @ <4138.198730, 288.959106, 7196.442871> ... Lifespan: Set to 60 minutes.
[AirdropContainerFall] Loot Spawned [13] OrienteeringCompass @ <4134.920410, 289.064178, 7198.382813> ... Lifespan: Set to 60 minutes.
[AirdropContainerFall] Loot Spawned [14] PersonalRadio @ <4134.178711, 288.980865, 7199.463867> ... Lifespan: Set to 60 minutes.
[AirdropContainerFall] Loot Spawned [15] Hammer @ <4140.008301, 288.525970, 7197.638184> ... Lifespan: Set to 60 minutes.
[AirdropContainerFall] Loot Spawned [16] Chemlight_Green @ <4133.842285, 289.158295, 7198.503418> ... Lifespan: Set to 60 minutes.
[AirdropContainerFall] Loot Spawned [17] Headtorch_Black @ <4139.273926, 288.195892, 7200.642090> ... Lifespan: Set to 60 minutes.
[AirdropContainerFall] Loot Spawned [18] Binoculars @ <4137.724121, 288.381226, 7201.009277> ... Lifespan: Set to 60 minutes.
[AirdropContainerFall] Loot Spawned [19] ChernarusMap @ <4134.948242, 289.196594, 7197.170898> ... Lifespan: Set to 60 minutes.
[AirdropContainerFall] Loot Spawned [20] Chemlight_Blue @ <4138.968262, 288.364716, 7199.405762> ... Lifespan: Set to 60 minutes.
[AirdropContainerFall] Loot Spawned [21] AK101 @ <4134.742188, 288.832367, 7199.913086> ... Lifespan: Set to 60 minutes.
[AirdropContainerFall] Loot Spawned [22] KOD_DVL10 @ <4135.417969, 288.630127, 7202.133301> ... Lifespan: Set to 60 minutes.
[AirdropContainerFall] Loot Spawned [23] AK101 @ <4133.775391, 289.114746, 7198.977051> ... Lifespan: Set to 60 minutes.
[AirdropContainerFall] Loot Spawned [24] Rangefinder @ <4137.051270, 289.015991, 7197.001465> ... Lifespan: Set to 60 minutes.
[AirdropContainerFall] Loot Spawned [25] Chemlight_Green @ <4139.360840, 288.649933, 7197.387207> ... Lifespan: Set to 60 minutes.
[AirdropContainerFall] Loot Spawned [26] Chemlight_Blue @ <4137.924316, 288.382751, 7200.416016> ... Lifespan: Set to 60 minutes.
[AirdropContainerFall] Loot Spawned [27] KOD_M16A4 @ <4138.859863, 288.349365, 7199.583008> ... Lifespan: Set to 60 minutes.
[AirdropContainerFall] Loot Spawned [28] Chemlight_Yellow @ <4134.426270, 289.172485, 7196.895508> ... Lifespan: Set to 60 minutes.
[AirdropContainerFall] Loot Spawned [29] PersonalRadio @ <4138.232422, 288.318542, 7200.929199> ... Lifespan: Set to 60 minutes.
[AirdropContainerFall] Loot Spawned [30] Headtorch_Black @ <4138.875977, 288.616913, 7197.965332> ... Lifespan: Set to 60 minutes.
[AirdropContainerUnstuck] Container was unstuck.
[~AirdropContainerBase] Container Destroyed on 2021-03-14 @ 23-58-37
