[InitializeContainer] Container created on 2021-04-07 @ 21-28-51
[InitializeContainer] Winds: Vector <-0.302583, 0.000000, -6.356535>, Speed 6.36373mps, Strength 0.1
[AirdropContainerFall] Drop Type 'Military West', Container: 'AirdropContainer_Military', Mode/Quantity/Iems: Random/20/46, Flare:  10%
[AirdropContainerFall] Loot Spawned [1] KOD_M110_Tan @ <4008.878174, 300.884674, 7925.494141> ... Lifespan: Set to 30 minutes.
[AirdropContainerFall] Loot Spawned [2] CombatKnife @ <4010.030518, 301.195374, 7929.791016> ... Lifespan: Set to 30 minutes.
[AirdropContainerFall] Loot Spawned [3] Binoculars @ <4006.943848, 301.007660, 7928.465332> ... Lifespan: Set to 30 minutes.
[AirdropContainerFall] Loot Spawned [4] TacticalGoggles @ <4011.229248, 301.187531, 7929.050293> ... Lifespan: Set to 30 minutes.
[AirdropContainerFall] Loot Spawned [5] UKAssVest_Khaki @ <4008.021973, 301.054535, 7928.636719> ... Lifespan: Set to 30 minutes.
[AirdropContainerFall] Loot Spawned [6] UKAssVest_Olive @ <4009.945068, 300.919861, 7925.487793> ... Lifespan: Set to 30 minutes.
[AirdropContainerFall] Loot Spawned [7] M4_T3NrdSOptic @ <4011.172852, 301.186920, 7929.069336> ... Lifespan: Set to 30 minutes.
[AirdropContainerFall] Loot Spawned [8] M4A1 @ <4010.237793, 300.930145, 7925.496094> ... Lifespan: Set to 30 minutes.
[AirdropContainerFall] Loot Spawned [9] AssaultBag_Black @ <4012.134277, 301.157806, 7928.113770> ... Lifespan: Set to 30 minutes.
[AirdropContainerFall] Loot Spawned [10] USMCPants_Desert @ <4007.617676, 300.951965, 7927.238281> ... Lifespan: Set to 30 minutes.
[AirdropContainerFall] Loot Spawned [11] AssaultBag_Black @ <4012.043701, 301.092651, 7927.129883> ... Lifespan: Set to 30 minutes.
[AirdropContainerFall] Loot Spawned [12] MilitaryBoots_Bluerock @ <4010.168945, 300.902222, 7925.088379> ... Lifespan: Set to 30 minutes.
[AirdropContainerFall] Loot Spawned [13] M4_RISHndgrd @ <4008.760498, 300.829865, 7924.682617> ... Lifespan: Set to 30 minutes.
[AirdropContainerFall] Loot Spawned [14] CanOpener @ <4008.180176, 301.173584, 7930.415039> ... Lifespan: Set to 30 minutes.
[AirdropContainerFall] Loot Spawned [15] TacticalGloves_Green @ <4011.727051, 301.112122, 7927.606445> ... Lifespan: Set to 30 minutes.
[AirdropContainerFall] Loot Spawned [16] Mag_STANAG_30Rnd @ <4010.072998, 300.913574, 7925.319336> ... Lifespan: Set to 30 minutes.
[AirdropContainerFall] Loot Spawned [17] MilitaryBoots_Brown @ <4009.527832, 300.945465, 7926.119141> ... Lifespan: Set to 30 minutes.
[AirdropContainerFall] Loot Spawned [18] USMCJacket_Woodland @ <4009.954346, 301.206940, 7930.012207> ... Lifespan: Set to 30 minutes.
[AirdropContainerFall] Loot Spawned [19] USMCJacket_Desert @ <4011.827637, 301.112640, 7927.562988> ... Lifespan: Set to 30 minutes.
[AirdropContainerFall] Loot Spawned [20] UKAssVest_Black @ <4013.337158, 301.241852, 7928.823242> ... Lifespan: Set to 30 minutes.
[AirdropContainerUnstuck] Container was unstuck.
[~AirdropContainerBase] Container Destroyed on 2021-04-07 @ 21-53-51
