[InitializeContainer] Container created on 2021-04-06 @ 00-25-59
[InitializeContainer] Winds: Vector <10.880573, 0.000000, 6.065113>, Speed 12.4568mps, Strength 0.1
[AirdropContainerFall] Drop Type 'Military East', Container: 'AirdropContainer_Military', Mode/Quantity/Iems: Random/20/33, Flare:  10%
[AirdropContainerFall] Loot Spawned [1] AK_Suppressor @ <4018.831787, 296.058228, 7770.701660> ... Lifespan: Set to 30 minutes.
[AirdropContainerFall] Loot Spawned [2] AK_Suppressor @ <4019.366699, 295.934296, 7766.436035> ... Lifespan: Set to 30 minutes.
[AirdropContainerFall] Loot Spawned [3] GorkaEJacket_Autumn @ <4018.872559, 296.091766, 7771.885742> ... Lifespan: Set to 30 minutes.
[AirdropContainerFall] Loot Spawned [4] AK_Bayonet @ <4018.577148, 296.048035, 7770.526855> ... Lifespan: Set to 30 minutes.
[AirdropContainerFall] Loot Spawned [5] GorkaEJacket_Autumn @ <4019.724365, 295.972382, 7767.403320> ... Lifespan: Set to 30 minutes.
[AirdropContainerFall] Loot Spawned [6] TacticalGloves_Black @ <4020.524170, 296.012756, 7768.097656> ... Lifespan: Set to 30 minutes.
[AirdropContainerFall] Loot Spawned [7] GorkaEJacket_Summer @ <4021.145020, 296.009827, 7767.540039> ... Lifespan: Set to 30 minutes.
[AirdropContainerFall] Loot Spawned [8] TacticalGloves_Black @ <4021.979736, 296.111755, 7770.219727> ... Lifespan: Set to 30 minutes.
[AirdropContainerFall] Loot Spawned [9] AK101 @ <4022.531738, 296.133606, 7770.568848> ... Lifespan: Set to 30 minutes.
[AirdropContainerFall] Loot Spawned [10] GorkaEJacket_Summer @ <4018.496582, 295.966583, 7767.988770> ... Lifespan: Set to 30 minutes.
[AirdropContainerFall] Loot Spawned [11] GorkaEJacket_Autumn @ <4020.916504, 296.105621, 7770.893066> ... Lifespan: Set to 30 minutes.
[AirdropContainerFall] Loot Spawned [12] AK_Bayonet @ <4019.207520, 295.939117, 7766.686523> ... Lifespan: Set to 30 minutes.
[AirdropContainerFall] Loot Spawned [13] WeaponCleaningKit @ <4021.120850, 296.131287, 7771.681152> ... Lifespan: Set to 30 minutes.
[AirdropContainerFall] Loot Spawned [14] Battery9V @ <4017.210449, 296.052155, 7771.599609> ... Lifespan: Set to 30 minutes.
[AirdropContainerFall] Loot Spawned [15] WeaponCleaningKit @ <4017.902588, 295.953094, 7767.938965> ... Lifespan: Set to 30 minutes.
[AirdropContainerFall] Loot Spawned [16] AK_PlasticBttstck @ <4020.129395, 296.137268, 7772.749023> ... Lifespan: Set to 30 minutes.
[AirdropContainerFall] Loot Spawned [17] KOD_M16A4 @ <4021.732422, 296.120483, 7770.757324> ... Lifespan: Set to 30 minutes.
[AirdropContainerFall] Loot Spawned [18] GorkaPants_Summer @ <4019.890381, 296.106384, 7771.772461> ... Lifespan: Set to 30 minutes.
[AirdropContainerFall] Loot Spawned [19] GorkaEJacket_Summer @ <4017.729004, 296.044006, 7770.967773> ... Lifespan: Set to 30 minutes.
[AirdropContainerFall] Loot Spawned [20] GorkaPants_PautRev @ <4022.363281, 296.039063, 7767.540527> ... Lifespan: Set to 30 minutes.
[AirdropContainerUnstuck] Container was unstuck.
[~AirdropContainerBase] Container Destroyed on 2021-04-06 @ 00-50-59
