[InitializeContainer] Container created on 2021-03-17 @ 09-51-22
[InitializeContainer] Winds: Vector <10.425535, 0.000000, -1.638291>, Speed 10.5535mps, Strength 0.1
[AirdropContainerFall] Drop Type 'Medical', Container: 'AirdropContainer_Medical', Mode/Quantity/Iems: Random/20/37, Flare:  10%
[AirdropContainerFall] Loot Spawned [1] VitaminBottle @ <6542.352539, 306.429779, 7831.622559> ... Lifespan: Set to 30 minutes.
[AirdropContainerFall] Spawn failed for item [2] 'MedicalScrubPants_Blue', does not exist in DayZ!
[AirdropContainerFall] Loot Spawned [3] DisinfectantSpray @ <6541.750977, 305.962982, 7827.996094> ... Lifespan: Set to 30 minutes.
[AirdropContainerFall] Loot Spawned [4] MedicalScrubsHat_White @ <6538.195801, 306.385437, 7831.237305> ... Lifespan: Set to 30 minutes.
[AirdropContainerFall] Loot Spawned [5] SurgicalGloves_Blue @ <6541.697754, 305.950714, 7827.906738> ... Lifespan: Set to 30 minutes.
[AirdropContainerFall] Loot Spawned [6] DisinfectantSpray @ <6542.236328, 306.421722, 7831.567871> ... Lifespan: Set to 30 minutes.
[AirdropContainerFall] Loot Spawned [7] KOD_M16A4 @ <6539.131836, 306.344055, 7830.998047> ... Lifespan: Set to 30 minutes.
[AirdropContainerFall] Loot Spawned [8] MedicalScrubsHat_Blue @ <6538.653809, 306.194000, 7829.861816> ... Lifespan: Set to 30 minutes.
[AirdropContainerFall] Loot Spawned [9] WaterBottle @ <6539.201172, 306.385345, 7831.326172> ... Lifespan: Set to 30 minutes.
[AirdropContainerFall] Loot Spawned [10] BloodBagIV @ <6539.264160, 305.972900, 7828.190430> ... Lifespan: Set to 30 minutes.
[AirdropContainerFall] Loot Spawned [11] MedicalScrubsHat_Blue @ <6542.395996, 306.361084, 7831.089355> ... Lifespan: Set to 30 minutes.
[AirdropContainerFall] Loot Spawned [12] Morphine @ <6543.212891, 306.073181, 7828.774902> ... Lifespan: Set to 30 minutes.
[AirdropContainerFall] Loot Spawned [13] BloodBagEmpty @ <6538.353027, 306.203644, 7829.918457> ... Lifespan: Set to 30 minutes.
[AirdropContainerFall] Loot Spawned [14] BandageDressing @ <6542.544922, 306.134857, 7829.309570> ... Lifespan: Set to 30 minutes.
[AirdropContainerFall] Loot Spawned [15] VitaminBottle @ <6539.905762, 306.498871, 7832.291016> ... Lifespan: Set to 30 minutes.
[AirdropContainerFall] Loot Spawned [16] KOD_M110_Tan @ <6543.293945, 306.574768, 7832.685547> ... Lifespan: Set to 30 minutes.
[AirdropContainerFall] Loot Spawned [17] BandageDressing @ <6538.374512, 306.437866, 7831.629883> ... Lifespan: Set to 30 minutes.
[AirdropContainerFall] Loot Spawned [18] BloodSyringe @ <6539.248535, 306.156097, 7829.605957> ... Lifespan: Set to 30 minutes.
[AirdropContainerFall] Spawn failed for item [19] 'MedicalScrubShirt_Blue', does not exist in DayZ!
[AirdropContainerFall] Loot Spawned [20] SurgicalGloves_Blue @ <6540.341797, 306.536133, 7832.569336> ... Lifespan: Set to 30 minutes.
[AirdropContainerFall] Airdrop Flare Spawned @ <6543.319336, 306.498474, 7832.094727> ... Lifespan: Set to 30 minutes.
[AirdropContainerUnstuck] Container was unstuck.
