[InitializeContainer] Container created on 2021-03-28 @ 09-29-16
[InitializeContainer] Winds: Vector <-2.835164, 0.000000, -3.616286>, Speed 4.59518mps, Strength 0.1
[AirdropContainerFall] Drop Type 'Misc. Food', Container: 'RANDOM', Mode/Quantity/Iems: Random/29/30, Flare:  10%
[AirdropContainerFall] Loot Spawned [1] Lard @ <5109.455078, 9.941898, 2434.517090> ... Lifespan: Set to 30 minutes.
[AirdropContainerFall] Loot Spawned [2] Rice @ <5109.481445, 9.943874, 2434.516602> ... Lifespan: Set to 30 minutes.
[AirdropContainerFall] Loot Spawned [3] CaninaBerry @ <5111.672852, 10.230332, 2438.312744> ... Lifespan: Set to 30 minutes.
[AirdropContainerFall] Loot Spawned [4] Plum @ <5110.290039, 10.109606, 2439.281494> ... Lifespan: Set to 30 minutes.
[AirdropContainerFall] Loot Spawned [5] SodaCan_Cola @ <5109.276367, 9.978937, 2436.702637> ... Lifespan: Set to 30 minutes.
[AirdropContainerFall] Loot Spawned [6] SodaCan_Kvass @ <5108.107910, 9.866938, 2436.231201> ... Lifespan: Set to 30 minutes.
[AirdropContainerFall] Loot Spawned [7] PeachesCan @ <5112.197754, 10.269126, 2437.371826> ... Lifespan: Set to 30 minutes.
[AirdropContainerFall] Loot Spawned [8] CaninaBerry @ <5112.770020, 10.328601, 2437.910645> ... Lifespan: Set to 30 minutes.
[AirdropContainerFall] Loot Spawned [9] SardinesCan @ <5109.257813, 9.905035, 2433.150146> ... Lifespan: Set to 30 minutes.
[AirdropContainerFall] Loot Spawned [10] Pear @ <5113.969238, 10.325702, 2434.046631> ... Lifespan: Set to 30 minutes.
[AirdropContainerFall] Loot Spawned [11] SambucusBerry @ <5113.322754, 10.282847, 2434.565918> ... Lifespan: Set to 30 minutes.
[AirdropContainerFall] Loot Spawned [12] Pumpkin @ <5111.326172, 10.073892, 2433.776611> ... Lifespan: Set to 30 minutes.
[AirdropContainerFall] Loot Spawned [13] AKM @ <5113.062500, 10.226665, 2433.559082> ... Lifespan: Set to 30 minutes.
[AirdropContainerFall] Loot Spawned [14] SodaCan_Cola @ <5109.934082, 10.058352, 2437.293213> ... Lifespan: Set to 30 minutes.
[AirdropContainerFall] Loot Spawned [15] AKM @ <5113.051758, 10.355277, 2438.020752> ... Lifespan: Set to 30 minutes.
[AirdropContainerFall] Loot Spawned [16] SpaghettiCan @ <5107.998535, 9.863332, 2436.525635> ... Lifespan: Set to 30 minutes.
[AirdropContainerFall] Loot Spawned [17] Potato @ <5110.588379, 10.019669, 2433.996094> ... Lifespan: Set to 30 minutes.
[AirdropContainerFall] Loot Spawned [18] Pumpkin @ <5111.770508, 10.139115, 2434.537109> ... Lifespan: Set to 30 minutes.
[AirdropContainerFall] Loot Spawned [19] TacticalBaconCan @ <5113.400391, 10.263187, 2433.729004> ... Lifespan: Set to 30 minutes.
[AirdropContainerFall] Loot Spawned [20] BoxCerealCrunchin @ <5109.890137, 10.064235, 2437.997070> ... Lifespan: Set to 30 minutes.
[AirdropContainerFall] Loot Spawned [21] PowderedMilk @ <5110.812500, 10.147381, 2437.739746> ... Lifespan: Set to 30 minutes.
[AirdropContainerFall] Loot Spawned [22] TacticalBaconCan @ <5110.068359, 10.067469, 2437.192383> ... Lifespan: Set to 30 minutes.
[AirdropContainerFall] Loot Spawned [23] SodaCan_Pipsi @ <5113.936523, 10.388894, 2436.116211> ... Lifespan: Set to 30 minutes.
[AirdropContainerFall] Loot Spawned [24] Canteen @ <5108.208008, 9.900285, 2437.316650> ... Lifespan: Set to 30 minutes.
[AirdropContainerFall] Loot Spawned [25] AK101 @ <5111.208984, 10.186893, 2438.196045> ... Lifespan: Set to 30 minutes.
[AirdropContainerFall] Loot Spawned [26] TacticalBaconCan @ <5113.528320, 10.284714, 2434.033203> ... Lifespan: Set to 30 minutes.
[AirdropContainerFall] Loot Spawned [27] Lard @ <5112.547852, 10.289632, 2437.005859> ... Lifespan: Set to 30 minutes.
[AirdropContainerFall] Loot Spawned [28] SardinesCan @ <5110.471191, 9.999199, 2433.273438> ... Lifespan: Set to 30 minutes.
[AirdropContainerFall] Loot Spawned [29] AKM @ <5109.901855, 9.978535, 2434.684570> ... Lifespan: Set to 30 minutes.
[AirdropContainerUnstuck] Container was unstuck.
[~AirdropContainerBase] Container Destroyed on 2021-03-28 @ 09-54-16
