[AirdropBase] Base class created & settings loaded.
[2021-03-26 @ 10-27-06] ----------------------------------------------------------------------------------------------------
[EOnCallAirdrop] Drop zone asigned: Berezino <12450.000000, 0.000000, 9250.000000>
[EOnCallAirdrop] Drop zone offset to: <12481.296875, 2438.000000, 9224.009766>
[EOnCallAirdrop] Aircraft spawn point: <12703.840820, 2438.000000, -1000.000000>
[EOnCallAirdrop] Aircraft bearing ... Angle/Bearing: -1.54604° / 178.581°, Text: 'South (179°)'
[EOnCallAirdrop] Aircraft has been dispatched to 'Berezino' from the South (179°).
[2021-03-26 @ 11-17-46] ----------------------------------------------------------------------------------------------------
[EOnCallAirdrop] Drop zone asigned: Elektrozavodsk <10050.000000, 0.000000, 2450.000000>
[EOnCallAirdrop] Drop zone offset to: <10082.033203, 2438.000000, 2474.063965>
[EOnCallAirdrop] Aircraft spawn point: <16360.000000, 2438.000000, 5486.357422>
[EOnCallAirdrop] Aircraft bearing ... Angle/Bearing: 0.448493° / 64.3032°, Text: 'North/East (64°)'
[EOnCallAirdrop] Aircraft has been dispatched to 'Elektrozavodsk' from the North/East (64°).
[2021-03-26 @ 11-43-06] ----------------------------------------------------------------------------------------------------
[EOnCallAirdrop] Drop zone asigned: Soverograd <8566.000000, 0.000000, 12755.000000>
[EOnCallAirdrop] Drop zone offset to: <8628.166992, 2438.000000, 12798.712891>
[EOnCallAirdrop] Aircraft spawn point: <14327.681641, 2438.000000, -1000.000000>
[EOnCallAirdrop] Aircraft bearing ... Angle/Bearing: -1.17412° / 157.272°, Text: 'South/East (157°)'
[EOnCallAirdrop] Aircraft has been dispatched to 'Soverograd' from the South/East (157°).
[2021-03-26 @ 12-08-26] ----------------------------------------------------------------------------------------------------
[EOnCallAirdrop] Drop zone asigned: Gorka <8775.000000, 0.000000, 9200.000000>
[EOnCallAirdrop] Drop zone offset to: <8743.752930, 2438.000000, 9200.644531>
[EOnCallAirdrop] Aircraft spawn point: <14632.847656, 2438.000000, 16360.000000>
[EOnCallAirdrop] Aircraft bearing ... Angle/Bearing: 0.885095° / 39.2878°, Text: 'North/East (39°)'
[EOnCallAirdrop] Aircraft has been dispatched to 'Gorka' from the North/East (39°).
[2021-03-26 @ 12-33-45] ----------------------------------------------------------------------------------------------------
[EOnCallAirdrop] Drop zone asigned: Stary/Novy  <6600.000000, 0.000000, 7800.000000>
[EOnCallAirdrop] Drop zone offset to: <6601.648438, 2438.000000, 7800.244629>
[EOnCallAirdrop] Aircraft spawn point: <16360.000000, 2438.000000, 8089.271484>
[EOnCallAirdrop] Aircraft bearing ... Angle/Bearing: 0.0296298° / 88.3023°, Text: 'East (88°)'
[EOnCallAirdrop] Aircraft has been dispatched to 'Stary/Novy ' from the East (88°).
[2021-03-26 @ 12-59-05] ----------------------------------------------------------------------------------------------------
[EOnCallAirdrop] Drop zone asigned: Elektrozavodsk <10050.000000, 0.000000, 2450.000000>
[EOnCallAirdrop] Drop zone offset to: <10025.909180, 2438.000000, 2404.751465>
[EOnCallAirdrop] Aircraft spawn point: <-1000.000000, 2438.000000, 10525.828125>
[EOnCallAirdrop] Aircraft bearing ... Angle/Bearing: 2.51046° / 306.161°, Text: 'North/West (306°)'
[EOnCallAirdrop] Aircraft has been dispatched to 'Elektrozavodsk' from the North/West (306°).
[2021-03-26 @ 13-24-24] ----------------------------------------------------------------------------------------------------
[EOnCallAirdrop] Drop zone asigned: Balota Airstrip <5025.000000, 0.000000, 2455.000000>
[EOnCallAirdrop] Drop zone offset to: <5101.493164, 2438.000000, 2473.523193>
[EOnCallAirdrop] Aircraft spawn point: <12853.774414, 2438.000000, -1000.000000>
[EOnCallAirdrop] Aircraft bearing ... Angle/Bearing: -0.415613° / 113.813°, Text: 'South/East (114°)'
[EOnCallAirdrop] Aircraft has been dispatched to 'Balota Airstrip' from the South/East (114°).
[2021-03-26 @ 13-49-43] ----------------------------------------------------------------------------------------------------
[EOnCallAirdrop] Drop zone asigned: Chernogorsk <7400.000000, 0.000000, 3500.000000>
[EOnCallAirdrop] Drop zone offset to: <7393.956543, 2438.000000, 3497.124023>
[EOnCallAirdrop] Aircraft spawn point: <16360.000000, 2438.000000, 9048.211914>
[EOnCallAirdrop] Aircraft bearing ... Angle/Bearing: 0.554432° / 58.2334°, Text: 'North/East (58°)'
[EOnCallAirdrop] Aircraft has been dispatched to 'Chernogorsk' from the North/East (58°).
