[InitializeContainer] Container created on 2021-04-14 @ 10-03-17
[InitializeContainer] Winds: Vector <5.278370, 0.000000, -6.581314>, Speed 8.43652mps, Strength 0.1
[AirdropContainerFall] Drop Type 'Military East', Container: 'AirdropContainer_Military', Mode/Quantity/Iems: Random/20/33, Flare:  10%
[AirdropContainerFall] Loot Spawned [1] GorkaPants_Flat @ <6630.483887, 311.361084, 7872.989746> ... Lifespan: Set to 30 minutes.
[AirdropContainerFall] Loot Spawned [2] GorkaEJacket_PautRev @ <6630.484863, 311.128448, 7870.532715> ... Lifespan: Set to 30 minutes.
[AirdropContainerFall] Loot Spawned [3] TTSKOPants @ <6631.263672, 311.531250, 7874.935059> ... Lifespan: Set to 30 minutes.
[AirdropContainerFall] Loot Spawned [4] AK101 @ <6630.226074, 311.204773, 7871.284180> ... Lifespan: Set to 30 minutes.
[AirdropContainerFall] Loot Spawned [5] Battery9V @ <6635.794922, 311.166321, 7872.015137> ... Lifespan: Set to 30 minutes.
[AirdropContainerFall] Loot Spawned [6] Mag_AKM_30Rnd @ <6632.043945, 311.635101, 7876.107422> ... Lifespan: Set to 30 minutes.
[AirdropContainerFall] Loot Spawned [7] GorkaPants_Summer @ <6629.638184, 311.187622, 7871.020020> ... Lifespan: Set to 30 minutes.
[AirdropContainerFall] Loot Spawned [8] Binoculars @ <6634.847656, 311.455231, 7874.840332> ... Lifespan: Set to 30 minutes.
[AirdropContainerFall] Loot Spawned [9] TacticalGloves_Green @ <6633.339355, 311.416229, 7874.140625> ... Lifespan: Set to 30 minutes.
[AirdropContainerFall] Loot Spawned [10] AKM @ <6632.916016, 311.563721, 7875.563965> ... Lifespan: Set to 30 minutes.
[AirdropContainerFall] Loot Spawned [11] TacticalBaconCan @ <6631.093750, 311.256073, 7872.009766> ... Lifespan: Set to 30 minutes.
[AirdropContainerFall] Loot Spawned [12] TTSKOPants @ <6629.647461, 311.168030, 7870.813965> ... Lifespan: Set to 30 minutes.
[AirdropContainerFall] Loot Spawned [13] TacticalGloves_Green @ <6634.681152, 311.158020, 7871.711914> ... Lifespan: Set to 30 minutes.
[AirdropContainerFall] Loot Spawned [14] GorkaEJacket_Autumn @ <6631.024414, 311.069702, 7870.026855> ... Lifespan: Set to 30 minutes.
[AirdropContainerFall] Loot Spawned [15] Mag_AKM_30Rnd @ <6632.918457, 311.520996, 7875.142090> ... Lifespan: Set to 30 minutes.
[AirdropContainerFall] Loot Spawned [16] AKM @ <6633.705566, 311.407806, 7874.124512> ... Lifespan: Set to 30 minutes.
[AirdropContainerFall] Loot Spawned [17] AK101 @ <6630.985840, 311.102570, 7870.365234> ... Lifespan: Set to 30 minutes.
[AirdropContainerFall] Loot Spawned [18] GorkaPants_Flat @ <6629.636230, 311.446930, 7873.759277> ... Lifespan: Set to 30 minutes.
[AirdropContainerFall] Loot Spawned [19] Battery9V @ <6633.755371, 311.043884, 7870.330566> ... Lifespan: Set to 30 minutes.
[AirdropContainerFall] Loot Spawned [20] KOD_M16A4 @ <6632.757813, 311.136566, 7871.098145> ... Lifespan: Set to 30 minutes.
[AirdropContainerUnstuck] Container was unstuck.
[~AirdropContainerBase] Container Destroyed on 2021-04-14 @ 10-28-17
