[InitializeContainer] Container created on 2021-05-04 @ 15-54-05
[InitializeContainer] Winds: Vector <-2.964912, 0.000000, -3.188701>, Speed 4.35414mps, Strength 0.1
[AirdropContainerFall] Drop Type 'Misc. Food', Container: 'RANDOM', Mode/Quantity/Iems: Random/20/26, Flare:  10%
[AirdropContainerFall] Loot Spawned [1] TacticalBaconCan @ <1941.319214, 175.691086, 5260.111328> ... Lifespan: Set to 60 minutes.
[AirdropContainerFall] Loot Spawned [2] Plum @ <1943.084961, 175.754456, 5260.024902> ... Lifespan: Set to 60 minutes.
[AirdropContainerFall] Loot Spawned [3] PeachesCan @ <1940.445679, 175.627594, 5256.779297> ... Lifespan: Set to 60 minutes.
[AirdropContainerFall] Loot Spawned [4] Tomato @ <1938.766357, 175.606155, 5259.806641> ... Lifespan: Set to 60 minutes.
[AirdropContainerFall] Loot Spawned [5] SpaghettiCan @ <1938.625122, 175.612808, 5260.855957> ... Lifespan: Set to 60 minutes.
[AirdropContainerFall] Loot Spawned [6] Lard @ <1939.626099, 175.587006, 5255.433594> ... Lifespan: Set to 60 minutes.
[AirdropContainerFall] Loot Spawned [7] GreenBellPepper @ <1942.287842, 175.674561, 5255.654785> ... Lifespan: Set to 60 minutes.
[AirdropContainerFall] Loot Spawned [8] Apple @ <1939.590942, 175.588211, 5255.649902> ... Lifespan: Set to 60 minutes.
[AirdropContainerFall] Loot Spawned [9] GreenBellPepper @ <1939.822388, 175.635971, 5259.435059> ... Lifespan: Set to 60 minutes.
[AirdropContainerFall] Loot Spawned [10] CaninaBerry @ <1940.804077, 175.619064, 5254.903320> ... Lifespan: Set to 60 minutes.
[AirdropContainerFall] Loot Spawned [11] SodaCan_Pipsi @ <1943.279541, 175.730209, 5256.843262> ... Lifespan: Set to 60 minutes.
[AirdropContainerFall] Loot Spawned [12] Canteen @ <1941.607788, 175.665848, 5256.878906> ... Lifespan: Set to 60 minutes.
[AirdropContainerFall] Loot Spawned [13] PeachesCan @ <1939.532471, 175.634964, 5260.211426> ... Lifespan: Set to 60 minutes.
[AirdropContainerFall] Loot Spawned [14] PowderedMilk @ <1941.346924, 175.693985, 5260.300293> ... Lifespan: Set to 60 minutes.
[AirdropContainerFall] Loot Spawned [15] Lard @ <1938.010742, 175.578384, 5259.471191> ... Lifespan: Set to 60 minutes.
[AirdropContainerFall] Loot Spawned [16] BakedBeansCan @ <1938.074707, 175.563004, 5257.837402> ... Lifespan: Set to 60 minutes.
[AirdropContainerFall] Loot Spawned [17] TacticalBaconCan @ <1943.740112, 175.771530, 5258.840332> ... Lifespan: Set to 60 minutes.
[AirdropContainerFall] Loot Spawned [18] Potato @ <1943.719238, 175.750351, 5256.866211> ... Lifespan: Set to 60 minutes.
[AirdropContainerFall] Loot Spawned [19] Canteen @ <1938.869873, 175.602966, 5259.197754> ... Lifespan: Set to 60 minutes.
[AirdropContainerFall] Loot Spawned [20] SardinesCan @ <1938.786255, 175.593231, 5258.537109> ... Lifespan: Set to 60 minutes.
[AirdropContainerUnstuck] Container was unstuck.
[~AirdropContainerBase] Container Destroyed on 2021-05-04 @ 16-24-06
