[InitializeContainer] Container created on 2021-05-02 @ 04-37-38
[InitializeContainer] Winds: Vector <5.092904, 0.000000, -6.646175>, Speed 8.37313mps, Strength 0.1
[AirdropContainerFall] Drop Type 'Misc. Tools', Container: 'RANDOM', Mode/Quantity/Iems: Random/20/50, Flare:  10%
[AirdropContainerFall] Loot Spawned [1] ElectronicRepairKit @ <13487.828125, 17.124025, 3089.037598> ... Lifespan: Set to 60 minutes.
[AirdropContainerFall] Loot Spawned [2] PortableGasLamp @ <13498.110352, 19.867649, 3099.161377> ... Lifespan: Set to 60 minutes.
[AirdropContainerFall] Loot Spawned [3] BaseRadio @ <13483.131836, 16.519815, 3107.090332> ... Lifespan: Set to 60 minutes.
[AirdropContainerFall] Loot Spawned [4] PersonalRadio @ <13479.333008, 15.376317, 3094.854004> ... Lifespan: Set to 60 minutes.
[AirdropContainerFall] Loot Spawned [5] Megaphone @ <13496.476563, 19.592764, 3093.925293> ... Lifespan: Set to 60 minutes.
[AirdropContainerFall] Loot Spawned [6] PortableGasStove @ <13493.830078, 17.875198, 3106.641113> ... Lifespan: Set to 60 minutes.
[AirdropContainerFall] Loot Spawned [7] ChernarusMap @ <13497.588867, 19.865904, 3097.447998> ... Lifespan: Set to 60 minutes.
[AirdropContainerFall] Loot Spawned [8] Headtorch_Grey @ <13480.246094, 15.961572, 3103.837891> ... Lifespan: Set to 60 minutes.
[AirdropContainerFall] Loot Spawned [9] Hammer @ <13493.928711, 18.865822, 3091.065430> ... Lifespan: Set to 60 minutes.
[AirdropContainerFall] Loot Spawned [10] PortableGasStove @ <13482.240234, 16.351900, 3106.419678> ... Lifespan: Set to 60 minutes.
[AirdropContainerFall] Loot Spawned [11] Megaphone @ <13491.066406, 18.033270, 3089.969238> ... Lifespan: Set to 60 minutes.
[AirdropContainerFall] Loot Spawned [12] Matchbox @ <13484.436523, 16.256193, 3090.537109> ... Lifespan: Set to 60 minutes.
[AirdropContainerFall] Loot Spawned [13] KitchenKnife @ <13484.002930, 16.577406, 3106.944092> ... Lifespan: Set to 60 minutes.
[AirdropContainerFall] Loot Spawned [14] Hacksaw @ <13479.792969, 15.466357, 3094.754395> ... Lifespan: Set to 60 minutes.
[AirdropContainerFall] Loot Spawned [15] Wrench @ <13479.670898, 15.424163, 3094.289551> ... Lifespan: Set to 60 minutes.
[AirdropContainerFall] Loot Spawned [16] Megaphone @ <13482.438477, 15.898595, 3091.874268> ... Lifespan: Set to 60 minutes.
[AirdropContainerFall] Loot Spawned [17] WeaponCleaningKit @ <13497.018555, 19.171902, 3101.573730> ... Lifespan: Set to 60 minutes.
[AirdropContainerFall] Loot Spawned [18] ElectronicRepairKit @ <13479.352539, 15.731557, 3101.559570> ... Lifespan: Set to 60 minutes.
[AirdropContainerFall] Loot Spawned [19] Hammer @ <13489.244141, 17.224487, 3108.063232> ... Lifespan: Set to 60 minutes.
[AirdropContainerFall] Loot Spawned [20] Chemlight_Red @ <13478.750000, 15.350924, 3098.181396> ... Lifespan: Set to 60 minutes.
[AirdropContainerUnstuck] Container was unstuck.
[~AirdropContainerBase] Container Destroyed on 2021-05-02 @ 05-00-01
