[AirdropPlane] Aircraft created on 2021-03-20 @ 20-33-44
[InitializeAircraft] Aircraft Initialized: Krasnostav Airstrip @ 12160/12645 (true)
[EOnBeforeDrop] The Aircraft is 1 Km from Krasnostav Airstrip. @ <12672.087891, 226.238098, 11236.075195>
[EOnDrop] Zombie Spawned [1] ZmbM_PatrolNormal_Flat @ <12209.639648, 140.500000, 12546.449219> ... Lifespan:  Set to 30 minutes.
[EOnDrop] Zombie Spawned [2] ZmbM_SoldierNormal @ <12142.480469, 140.500000, 12569.230469> ... Lifespan:  Set to 30 minutes.
[EOnDrop] Zombie Spawned [3] ZmbM_SoldierNormal @ <12190.328125, 140.500000, 12553.275391> ... Lifespan:  Set to 30 minutes.
[EOnDrop] Zombie Spawned [4] ZmbM_SoldierNormal @ <12197.961914, 140.500000, 12612.056641> ... Lifespan:  Set to 30 minutes.
[EOnDrop] Zombie Spawned [5] ZmbM_PatrolNormal_Autumn @ <12194.207031, 140.500000, 12549.279297> ... Lifespan:  Set to 30 minutes.
[EOnDrop] Zombie Spawned [6] ZmbM_PatrolNormal_PautRev @ <12189.265625, 140.500000, 12578.712891> ... Lifespan:  Set to 30 minutes.
[EOnDrop] Zombie Spawned [7] ZmbM_PatrolNormal_Summer @ <12198.122070, 140.500000, 12562.023438> ... Lifespan:  Set to 30 minutes.
[EOnDrop] Zombie Spawned [8] ZmbM_PatrolNormal_PautRev @ <12159.757813, 140.500000, 12579.981445> ... Lifespan:  Set to 30 minutes.
[EOnDrop] Zombie Spawned [9] ZmbM_PatrolNormal_Flat @ <12153.443359, 140.500000, 12592.950195> ... Lifespan:  Set to 30 minutes.
[EOnDrop] Zombie Spawned [10] ZmbM_PatrolNormal_Autumn @ <12157.895508, 140.500000, 12579.359375> ... Lifespan:  Set to 30 minutes.
[EOnDrop] Zombie Spawned [11] ZmbM_SoldierNormal @ <12221.110352, 140.500000, 12552.021484> ... Lifespan:  Set to 30 minutes.
[EOnDrop] Zombie Spawned [12] ZmbM_PatrolNormal_Autumn @ <12203.628906, 140.500000, 12560.053711> ... Lifespan:  Set to 30 minutes.
[EOnDrop] Zombie Spawned [13] ZmbM_PatrolNormal_Flat @ <12168.277344, 140.500000, 12566.431641> ... Lifespan:  Set to 30 minutes.
[EOnDrop] Zombie Spawned [14] ZmbM_PatrolNormal_Summer @ <12209.175781, 140.500000, 12589.375000> ... Lifespan:  Set to 30 minutes.
[EOnDrop] Zombie Spawned [15] ZmbM_PatrolNormal_PautRev @ <12194.226563, 140.500000, 12599.253906> ... Lifespan:  Set to 30 minutes.
[EOnDrop] Zombie Spawned [16] ZmbM_PatrolNormal_Summer @ <12169.842773, 140.500000, 12573.966797> ... Lifespan:  Set to 30 minutes.
[EOnDrop] Zombie Spawned [17] ZmbM_SoldierNormal @ <12208.869141, 140.500000, 12614.114258> ... Lifespan:  Set to 30 minutes.
[EOnDrop] Zombie Spawned [18] ZmbM_PatrolNormal_Autumn @ <12206.086914, 140.500000, 12592.827148> ... Lifespan:  Set to 30 minutes.
[EOnDrop] Zombie Spawned [19] ZmbM_PatrolNormal_Flat @ <12158.003906, 140.500000, 12584.134766> ... Lifespan:  Set to 30 minutes.
[EOnDrop] Zombie Spawned [20] ZmbM_PatrolNormal_Autumn @ <12203.211914, 140.500000, 12596.091797> ... Lifespan:  Set to 30 minutes.
[EOnDrop] Drop spawned with 20 infected at <12186.333984, 277.456879, 12574.420898>.
[EOnDrop] Supplies have been dropped near Krasnostav Airstrip.
[EOnBeforeDelete] Aircraft despawned @ <10812.005859, 322.047821, 16360.959961>
[~AirdropPlane] Aircraft destroyed.
