[InitializeContainer] Container created on 2021-05-01 @ 07-05-17
[InitializeContainer] Winds: Vector <10.100254, 0.000000, -2.299507>, Speed 10.3587mps, Strength 0.1
[AirdropContainerFall] Drop Type 'Military East', Container: 'RANDOM', Mode/Quantity/Iems: Random/20/28, Flare:  10%
[AirdropContainerFall] Loot Spawned [1] TacticalGloves_Green @ <8846.514648, 381.063019, 9140.845703> ... Lifespan: Set to 60 minutes.
[AirdropContainerFall] Loot Spawned [2] AKM @ <8841.347656, 381.082672, 9139.911133> ... Lifespan: Set to 60 minutes.
[AirdropContainerFall] Loot Spawned [3] GorkaPants_PautRev @ <8841.748047, 381.149292, 9140.975586> ... Lifespan: Set to 60 minutes.
[AirdropContainerFall] Loot Spawned [4] TacticalGloves_Green @ <8844.633789, 381.240662, 9142.994141> ... Lifespan: Set to 60 minutes.
[AirdropContainerFall] Loot Spawned [5] GorkaPants_Flat @ <8841.041992, 381.067383, 9139.602539> ... Lifespan: Set to 60 minutes.
[AirdropContainerFall] Loot Spawned [6] GorkaPants_Summer @ <8842.290039, 381.299683, 9143.369141> ... Lifespan: Set to 60 minutes.
[AirdropContainerFall] Loot Spawned [7] Canteen @ <8841.107422, 381.267395, 9142.453125> ... Lifespan: Set to 60 minutes.
[AirdropContainerFall] Loot Spawned [8] TacticalGloves_Beige @ <8846.681641, 381.134216, 9141.869141> ... Lifespan: Set to 60 minutes.
[AirdropContainerFall] Loot Spawned [9] AK_Suppressor @ <8842.895508, 380.987427, 9139.000977> ... Lifespan: Set to 60 minutes.
[AirdropContainerFall] Loot Spawned [10] UniversalLight @ <8842.173828, 381.391479, 9144.796875> ... Lifespan: Set to 60 minutes.
[AirdropContainerFall] Loot Spawned [11] Binoculars @ <8842.226563, 381.245605, 9142.482422> ... Lifespan: Set to 60 minutes.
[AirdropContainerFall] Loot Spawned [12] GorkaEJacket_Flat @ <8841.139648, 381.277069, 9142.615234> ... Lifespan: Set to 60 minutes.
[AirdropContainerFall] Loot Spawned [13] GorkaEJacket_Summer @ <8846.666992, 381.048859, 9140.680664> ... Lifespan: Set to 60 minutes.
[AirdropContainerFall] Loot Spawned [14] AK_Suppressor @ <8843.666992, 381.357452, 9144.630859> ... Lifespan: Set to 60 minutes.
[AirdropContainerFall] Loot Spawned [15] Mag_AKM_30Rnd @ <8846.779297, 381.187622, 9142.649414> ... Lifespan: Set to 60 minutes.
[AirdropContainerFall] Loot Spawned [16] WeaponCleaningKit @ <8844.581055, 381.042206, 9140.157227> ... Lifespan: Set to 60 minutes.
[AirdropContainerFall] Loot Spawned [17] AmmoBox_762x39_20Rnd @ <8843.686523, 380.971863, 9138.959961> ... Lifespan: Set to 60 minutes.
[AirdropContainerFall] Loot Spawned [18] GorkaPants_Flat @ <8841.382813, 381.142487, 9140.768555> ... Lifespan: Set to 60 minutes.
[AirdropContainerFall] Loot Spawned [19] GorkaPants_PautRev @ <8843.832031, 381.277222, 9143.389648> ... Lifespan: Set to 60 minutes.
[AirdropContainerFall] Loot Spawned [20] AKM @ <8845.046875, 381.100647, 9141.069336> ... Lifespan: Set to 60 minutes.
[AirdropContainerUnstuck] Container was unstuck.
[~AirdropContainerBase] Container Destroyed on 2021-05-01 @ 07-35-17
