[InitializeContainer] Container created on 2021-03-15 @ 14-29-39
[InitializeContainer] Winds: Vector <-3.068434, 0.000000, -2.084750>, Speed 3.70965mps, Strength 0.1
[AirdropContainerFall] Drop Type 'Misc. Food', Container: 'RANDOM', Mode/Quantity/Iems: Random/29/30, Flare:  10%
[AirdropContainerFall] Loot Spawned [1] Pear @ <3170.364258, 203.899048, 12836.985352> ... Lifespan: Set to 60 minutes.
[AirdropContainerFall] Loot Spawned [2] Tomato @ <3171.127197, 203.871643, 12837.705078> ... Lifespan: Set to 60 minutes.
[AirdropContainerFall] Loot Spawned [3] SpaghettiCan @ <3174.365234, 203.760117, 12837.166992> ... Lifespan: Set to 60 minutes.
[AirdropContainerFall] Loot Spawned [4] GreenBellPepper @ <3169.635498, 203.923050, 12837.941406> ... Lifespan: Set to 60 minutes.
[AirdropContainerFall] Loot Spawned [5] CaninaBerry @ <3170.967529, 203.878540, 12836.688477> ... Lifespan: Set to 60 minutes.
[AirdropContainerFall] Loot Spawned [6] AK101 @ <3173.067627, 203.808640, 12834.519531> ... Lifespan: Set to 60 minutes.
[AirdropContainerFall] Loot Spawned [7] BakedBeansCan @ <3171.896240, 203.845642, 12837.215820> ... Lifespan: Set to 60 minutes.
[AirdropContainerFall] Loot Spawned [8] BakedBeansCan @ <3173.533447, 203.792557, 12834.469727> ... Lifespan: Set to 60 minutes.
[AirdropContainerFall] Loot Spawned [9] Canteen @ <3172.292236, 203.831604, 12837.461914> ... Lifespan: Set to 60 minutes.
[AirdropContainerFall] Loot Spawned [10] Canteen @ <3172.253906, 203.838943, 12832.930664> ... Lifespan: Set to 60 minutes.
[AirdropContainerFall] Loot Spawned [11] PowderedMilk @ <3169.971191, 203.915131, 12835.152344> ... Lifespan: Set to 60 minutes.
[AirdropContainerFall] Loot Spawned [12] Plum @ <3168.741943, 203.957382, 12835.420898> ... Lifespan: Set to 60 minutes.
[AirdropContainerFall] Loot Spawned [13] PeachesCan @ <3170.939453, 203.877686, 12838.068359> ... Lifespan: Set to 60 minutes.
[AirdropContainerFall] Loot Spawned [14] Zucchini @ <3168.299805, 203.971939, 12836.005859> ... Lifespan: Set to 60 minutes.
[AirdropContainerFall] Loot Spawned [15] Pumpkin @ <3173.905518, 203.775879, 12837.296875> ... Lifespan: Set to 60 minutes.
[AirdropContainerFall] Loot Spawned [16] Pumpkin @ <3172.552002, 203.824081, 12836.334961> ... Lifespan: Set to 60 minutes.
[AirdropContainerFall] Loot Spawned [17] Pear @ <3169.827881, 203.916641, 12837.747070> ... Lifespan: Set to 60 minutes.
[AirdropContainerFall] Loot Spawned [18] SardinesCan @ <3170.729004, 203.891357, 12833.279297> ... Lifespan: Set to 60 minutes.
[AirdropContainerFall] Loot Spawned [19] Zucchini @ <3169.542725, 203.927368, 12837.119141> ... Lifespan: Set to 60 minutes.
[AirdropContainerFall] Loot Spawned [20] CaninaBerry @ <3170.620850, 203.898209, 12831.986328> ... Lifespan: Set to 60 minutes.
[AirdropContainerFall] Loot Spawned [21] SardinesCan @ <3168.647461, 203.958405, 12837.114258> ... Lifespan: Set to 60 minutes.
[AirdropContainerFall] Loot Spawned [22] SodaCan_Pipsi @ <3171.041992, 203.873917, 12838.227539> ... Lifespan: Set to 60 minutes.
[AirdropContainerFall] Loot Spawned [23] Zucchini @ <3173.462646, 203.795517, 12834.077148> ... Lifespan: Set to 60 minutes.
[AirdropContainerFall] Loot Spawned [24] SambucusBerry @ <3171.665283, 203.860519, 12832.357422> ... Lifespan: Set to 60 minutes.
[AirdropContainerFall] Loot Spawned [25] GreenBellPepper @ <3168.985840, 203.945999, 12837.622070> ... Lifespan: Set to 60 minutes.
[AirdropContainerFall] Loot Spawned [26] CaninaBerry @ <3170.129150, 203.908005, 12836.391602> ... Lifespan: Set to 60 minutes.
[AirdropContainerFall] Loot Spawned [27] SodaCan_Kvass @ <3172.065674, 203.845352, 12833.023438> ... Lifespan: Set to 60 minutes.
[AirdropContainerFall] Loot Spawned [28] Pear @ <3170.259766, 203.903671, 12836.246094> ... Lifespan: Set to 60 minutes.
[AirdropContainerFall] Loot Spawned [29] PeachesCan @ <3174.193604, 203.767029, 12836.451172> ... Lifespan: Set to 60 minutes.
[AirdropContainerUnstuck] Container was unstuck.
[~AirdropContainerBase] Container Destroyed on 2021-03-15 @ 14-54-39
