[InitializeContainer] Container created on 2021-04-18 @ 04-29-22
[InitializeContainer] Winds: Vector <9.536752, 0.000000, -3.222500>, Speed 10.0665mps, Strength 0.1
[AirdropContainerFall] Drop Type 'Misc. Tools', Container: 'RANDOM', Mode/Quantity/Iems: Random/30/54, Flare:  10%
[AirdropContainerFall] Loot Spawned [1] Headtorch_Grey @ <4521.282227, 341.558197, 10267.431641> ... Lifespan: Set to 30 minutes.
[AirdropContainerFall] Loot Spawned [2] Lockpick @ <4524.186035, 341.611633, 10272.037109> ... Lifespan: Set to 30 minutes.
[AirdropContainerFall] Loot Spawned [3] Chemlight_Yellow @ <4520.864258, 341.560333, 10270.328125> ... Lifespan: Set to 30 minutes.
[AirdropContainerFall] Loot Spawned [4] Lockpick @ <4523.892578, 341.614288, 10267.251953> ... Lifespan: Set to 30 minutes.
[AirdropContainerFall] Loot Spawned [5] Chemlight_Blue @ <4522.022949, 341.570526, 10267.412109> ... Lifespan: Set to 30 minutes.
[AirdropContainerFall] Loot Spawned [6] SteakKnife @ <4522.136719, 341.550018, 10266.525391> ... Lifespan: Set to 30 minutes.
[AirdropContainerFall] Loot Spawned [7] Compass @ <4521.641113, 341.557983, 10267.178711> ... Lifespan: Set to 30 minutes.
[AirdropContainerFall] Loot Spawned [8] Whetstone @ <4523.361328, 341.602753, 10267.517578> ... Lifespan: Set to 30 minutes.
[AirdropContainerFall] Loot Spawned [9] WoodAxe @ <4522.006348, 341.574158, 10267.755859> ... Lifespan: Set to 30 minutes.
[AirdropContainerFall] Loot Spawned [10] Matchbox @ <4520.123047, 341.551147, 10269.201172> ... Lifespan: Set to 30 minutes.
[AirdropContainerFall] Loot Spawned [11] Binoculars @ <4522.295898, 341.566528, 10267.068359> ... Lifespan: Set to 30 minutes.
[AirdropContainerFall] Loot Spawned [12] Whetstone @ <4520.864258, 341.563416, 10269.166992> ... Lifespan: Set to 30 minutes.
[AirdropContainerFall] Loot Spawned [13] KOD_M16A4 @ <4520.543457, 341.556213, 10270.911133> ... Lifespan: Set to 30 minutes.
[AirdropContainerFall] Loot Spawned [14] Lockpick @ <4523.722656, 341.603424, 10270.700195> ... Lifespan: Set to 30 minutes.
[AirdropContainerFall] Loot Spawned [15] Flashlight @ <4520.281250, 341.551697, 10271.828125> ... Lifespan: Set to 30 minutes.
[AirdropContainerFall] Loot Spawned [16] Headtorch_Black @ <4521.513184, 341.538055, 10266.478516> ... Lifespan: Set to 30 minutes.
[AirdropContainerFall] Loot Spawned [17] Wrench @ <4520.887207, 341.556580, 10271.802734> ... Lifespan: Set to 30 minutes.
[AirdropContainerFall] Loot Spawned [18] PortableGasLamp @ <4520.987305, 341.559509, 10271.012695> ... Lifespan: Set to 30 minutes.
[AirdropContainerFall] Loot Spawned [19] Headtorch_Grey @ <4520.865234, 341.556427, 10268.063477> ... Lifespan: Set to 30 minutes.
[AirdropContainerFall] Loot Spawned [20] SewingKit @ <4520.838867, 341.559113, 10270.711914> ... Lifespan: Set to 30 minutes.
[AirdropContainerFall] Loot Spawned [21] Machete @ <4519.416992, 341.533234, 10268.345703> ... Lifespan: Set to 30 minutes.
[AirdropContainerFall] Loot Spawned [22] Rangefinder @ <4520.768555, 341.558289, 10270.811523> ... Lifespan: Set to 30 minutes.
[AirdropContainerFall] Loot Spawned [23] Hacksaw @ <4520.018066, 341.552734, 10270.647461> ... Lifespan: Set to 30 minutes.
[AirdropContainerFall] Loot Spawned [24] Chemlight_Yellow @ <4523.916992, 341.609863, 10270.134766> ... Lifespan: Set to 30 minutes.
[AirdropContainerFall] Loot Spawned [25] Lockpick @ <4524.322754, 341.623596, 10268.837891> ... Lifespan: Set to 30 minutes.
[AirdropContainerFall] Loot Spawned [26] PersonalRadio @ <4523.561523, 341.602020, 10266.766602> ... Lifespan: Set to 30 minutes.
[AirdropContainerFall] Loot Spawned [27] WeaponCleaningKit @ <4524.241211, 341.619110, 10269.755859> ... Lifespan: Set to 30 minutes.
[AirdropContainerFall] Loot Spawned [28] HuntingKnife @ <4522.539551, 341.572815, 10270.944336> ... Lifespan: Set to 30 minutes.
[AirdropContainerFall] Loot Spawned [29] Shovel @ <4519.398926, 341.538239, 10269.146484> ... Lifespan: Set to 30 minutes.
[AirdropContainerFall] Loot Spawned [30] Shovel @ <4521.281738, 341.560455, 10271.545898> ... Lifespan: Set to 30 minutes.
[AirdropContainerUnstuck] Container was unstuck.
[~AirdropContainerBase] Container Destroyed on 2021-04-18 @ 04-54-22
