[AirdropPlane] Aircraft created on 2021-03-14 @ 18-52-07
[InitializeAircraft] Aircraft Initialized: Chernogorsk @ 7400/3500 (true)
[EOnBeforeDrop] The Aircraft is 1 Km from Chernogorsk. @ <5962.037598, 249.645538, 3922.132813>
[EOnDrop] Zombie Spawned [1] ZmbF_BlueCollarFat_Green @ <7301.775391, 15.427149, 3574.317627> ... Lifespan:  Set to 60 minutes.
[EOnDrop] Zombie Spawned [2] ZmbM_MechanicSkinny_Blue @ <7320.371582, 14.452703, 3549.855225> ... Lifespan:  Set to 60 minutes.
[EOnDrop] Zombie Spawned [3] ZmbM_ConstrWorkerNormal_Grey @ <7303.939941, 13.724996, 3514.276367> ... Lifespan:  Set to 60 minutes.
[EOnDrop] Zombie Spawned [4] ZmbM_MechanicSkinny_Red @ <7343.122559, 11.940032, 3526.472412> ... Lifespan:  Set to 60 minutes.
[EOnDrop] Zombie Spawned [5] ZmbM_HandymanNormal_Grey @ <7268.548828, 15.581586, 3512.261719> ... Lifespan:  Set to 60 minutes.
[EOnDrop] Zombie Spawned [6] ZmbF_MechanicNormal_Orange @ <7322.352051, 12.443121, 3499.790283> ... Lifespan:  Set to 60 minutes.
[EOnDrop] Zombie Spawned [7] ZmbF_MechanicNormal_Grey @ <7313.476563, 14.998801, 3546.211426> ... Lifespan:  Set to 60 minutes.
[EOnDrop] Zombie Spawned [8] ZmbM_HandymanNormal_Grey @ <7347.130371, 11.782713, 3535.832031> ... Lifespan:  Set to 60 minutes.
[EOnDrop] Zombie Spawned [9] ZmbM_HandymanNormal_Beige @ <7355.093262, 10.966200, 3532.327148> ... Lifespan:  Set to 60 minutes.
[EOnDrop] Zombie Spawned [10] ZmbM_HandymanNormal_White @ <7308.528809, 13.698126, 3520.813232> ... Lifespan:  Set to 60 minutes.
[EOnDrop] Zombie Spawned [11] ZmbF_MechanicNormal_Orange @ <7280.496582, 14.426281, 3499.904297> ... Lifespan:  Set to 60 minutes.
[EOnDrop] Zombie Spawned [12] ZmbM_ConstrWorkerNormal_Green @ <7299.036133, 13.683830, 3501.058105> ... Lifespan:  Set to 60 minutes.
[EOnDrop] Zombie Spawned [13] ZmbM_MechanicSkinny_Blue @ <7271.612793, 14.985953, 3504.016357> ... Lifespan:  Set to 60 minutes.
[EOnDrop] Zombie Spawned [14] ZmbF_BlueCollarFat_Green @ <7279.014648, 14.846072, 3509.693848> ... Lifespan:  Set to 60 minutes.
[EOnDrop] Zombie Spawned [15] ZmbM_HandymanNormal_Beige @ <7345.480957, 11.698157, 3525.087402> ... Lifespan:  Set to 60 minutes.
[EOnDrop] Zombie Spawned [16] ZmbF_BlueCollarFat_Blue @ <7336.298828, 12.976465, 3544.989990> ... Lifespan:  Set to 60 minutes.
[EOnDrop] Zombie Spawned [17] ZmbM_HandymanNormal_White @ <7339.136230, 12.291784, 3562.614014> ... Lifespan:  Set to 60 minutes.
[EOnDrop] Zombie Spawned [18] ZmbF_BlueCollarFat_Red @ <7326.244141, 13.301817, 3527.740723> ... Lifespan:  Set to 60 minutes.
[EOnDrop] Zombie Spawned [19] ZmbF_MechanicNormal_Grey @ <7290.532715, 15.962217, 3537.144531> ... Lifespan:  Set to 60 minutes.
[EOnDrop] Zombie Spawned [20] ZmbM_MechanicSkinny_Red @ <7359.887695, 10.516890, 3530.880615> ... Lifespan:  Set to 60 minutes.
[EOnDrop] Zombie Spawned [21] ZmbM_ConstrWorkerNormal_Grey @ <7300.397949, 15.809360, 3565.464600> ... Lifespan:  Set to 60 minutes.
[EOnDrop] Zombie Spawned [22] ZmbF_BlueCollarFat_Blue @ <7317.390137, 12.903766, 3507.804199> ... Lifespan:  Set to 60 minutes.
[EOnDrop] Zombie Spawned [23] ZmbF_MechanicNormal_Grey @ <7299.049805, 15.135005, 3533.524414> ... Lifespan:  Set to 60 minutes.
[EOnDrop] Zombie Spawned [24] ZmbF_MechanicNormal_Orange @ <7313.098633, 15.051130, 3547.879639> ... Lifespan:  Set to 60 minutes.
[EOnDrop] Zombie Spawned [25] ZmbM_OffshoreWorker_Red @ <7336.936035, 11.702112, 3503.323730> ... Lifespan:  Set to 60 minutes.
[EOnDrop] Zombie Spawned [26] ZmbM_HeavyIndustryWorker @ <7290.063965, 13.492481, 3485.096436> ... Lifespan:  Set to 60 minutes.
[EOnDrop] Zombie Spawned [27] ZmbF_BlueCollarFat_Red @ <7273.546387, 14.932163, 3504.973389> ... Lifespan:  Set to 60 minutes.
[EOnDrop] Zombie Spawned [28] ZmbM_HandymanNormal_Grey @ <7303.206055, 15.309143, 3538.061035> ... Lifespan:  Set to 60 minutes.
[EOnDrop] Zombie Spawned [29] ZmbF_MechanicNormal_Beige @ <7293.890137, 13.459537, 3487.758545> ... Lifespan:  Set to 60 minutes.
[EOnDrop] Zombie Spawned [30] ZmbM_OffshoreWorker_Green @ <7326.588379, 12.912154, 3521.390869> ... Lifespan:  Set to 60 minutes.
[EOnDrop] Drop spawned with 30 infected at <7311.470703, 170.531036, 3526.308594>.
[EOnDrop] Supplies have been dropped near Chernogorsk.
[EOnBeforeDelete] Aircraft despawned @ <16361.675781, 152.000610, 872.030029>
[~AirdropPlane] Aircraft destroyed.
