[InitializeContainer] Container created on 2021-03-25 @ 21-00-29
[InitializeContainer] Winds: Vector <11.300664, 0.000000, 1.700655>, Speed 11.4279mps, Strength 0.1
[AirdropContainerFall] Drop Type 'Misc. Food', Container: 'RANDOM', Mode/Quantity/Iems: Random/29/30, Flare:  10%
[AirdropContainerFall] Loot Spawned [1] CaninaBerry @ <8483.729492, 105.841682, 12792.666016> ... Lifespan: Set to 30 minutes.
[AirdropContainerFall] Loot Spawned [2] BoxCerealCrunchin @ <8483.976563, 105.829857, 12794.805664> ... Lifespan: Set to 30 minutes.
[AirdropContainerFall] Loot Spawned [3] PowderedMilk @ <8484.211914, 105.828331, 12793.348633> ... Lifespan: Set to 30 minutes.
[AirdropContainerFall] Loot Spawned [4] AK101 @ <8481.990234, 105.943909, 12792.708984> ... Lifespan: Set to 30 minutes.
[AirdropContainerFall] Loot Spawned [5] BoxCerealCrunchin @ <8482.508789, 105.895538, 12793.379883> ... Lifespan: Set to 30 minutes.
[AirdropContainerFall] Loot Spawned [6] SpaghettiCan @ <8484.412109, 105.817673, 12792.922852> ... Lifespan: Set to 30 minutes.
[AirdropContainerFall] Loot Spawned [7] AK101 @ <8478.889648, 106.286797, 12794.007813> ... Lifespan: Set to 30 minutes.
[AirdropContainerFall] Loot Spawned [8] Rice @ <8482.413086, 106.259041, 12798.262695> ... Lifespan: Set to 30 minutes.
[AirdropContainerFall] Loot Spawned [9] Plum @ <8480.292969, 106.146011, 12794.963867> ... Lifespan: Set to 30 minutes.
[AirdropContainerFall] Loot Spawned [10] KOD_DVL10 @ <8482.125000, 106.131500, 12797.066406> ... Lifespan: Set to 30 minutes.
[AirdropContainerFall] Loot Spawned [11] BoxCerealCrunchin @ <8481.857422, 106.137558, 12797.123047> ... Lifespan: Set to 30 minutes.
[AirdropContainerFall] Loot Spawned [12] Tomato @ <8485.205078, 105.761307, 12794.773438> ... Lifespan: Set to 30 minutes.
[AirdropContainerFall] Loot Spawned [13] KOD_DVL10 @ <8482.418945, 106.192924, 12797.642578> ... Lifespan: Set to 30 minutes.
[AirdropContainerFall] Loot Spawned [14] Apple @ <8484.870117, 105.785538, 12794.089844> ... Lifespan: Set to 30 minutes.
[AirdropContainerFall] Loot Spawned [15] SardinesCan @ <8481.771484, 106.111679, 12796.880859> ... Lifespan: Set to 30 minutes.
[AirdropContainerFall] Loot Spawned [16] SardinesCan @ <8482.056641, 105.945740, 12793.658203> ... Lifespan: Set to 30 minutes.
[AirdropContainerFall] Loot Spawned [17] Tomato @ <8482.875977, 105.871635, 12792.340820> ... Lifespan: Set to 30 minutes.
[AirdropContainerFall] Loot Spawned [18] BakedBeansCan @ <8484.585938, 105.794777, 12794.922852> ... Lifespan: Set to 30 minutes.
[AirdropContainerFall] Loot Spawned [19] SpaghettiCan @ <8485.382813, 105.753410, 12794.516602> ... Lifespan: Set to 30 minutes.
[AirdropContainerFall] Loot Spawned [20] SodaCan_Cola @ <8480.494141, 106.124870, 12795.196289> ... Lifespan: Set to 30 minutes.
[AirdropContainerFall] Loot Spawned [21] SardinesCan @ <8479.251953, 106.257385, 12795.371094> ... Lifespan: Set to 30 minutes.
[AirdropContainerFall] Loot Spawned [22] SodaCan_Kvass @ <8484.167969, 105.895813, 12795.732422> ... Lifespan: Set to 30 minutes.
[AirdropContainerFall] Loot Spawned [23] SodaCan_Pipsi @ <8479.559570, 106.208473, 12793.274414> ... Lifespan: Set to 30 minutes.
[AirdropContainerFall] Loot Spawned [24] PowderedMilk @ <8483.109375, 106.187401, 12797.911133> ... Lifespan: Set to 30 minutes.
[AirdropContainerFall] Loot Spawned [25] SodaCan_Cola @ <8481.501953, 106.005684, 12793.739258> ... Lifespan: Set to 30 minutes.
[AirdropContainerFall] Loot Spawned [26] Canteen @ <8482.111328, 106.196930, 12797.679688> ... Lifespan: Set to 30 minutes.
[AirdropContainerFall] Loot Spawned [27] BakedBeansCan @ <8483.461914, 105.863304, 12794.225586> ... Lifespan: Set to 30 minutes.
[AirdropContainerFall] Loot Spawned [28] PowderedMilk @ <8484.050781, 105.831146, 12792.869141> ... Lifespan: Set to 30 minutes.
[AirdropContainerFall] Loot Spawned [29] Canteen @ <8480.163086, 106.160217, 12796.212891> ... Lifespan: Set to 30 minutes.
[AirdropContainerUnstuck] Container was unstuck.
