[AirdropBase] Base class created & settings loaded.
[2021-03-25 @ 15-27-08] ----------------------------------------------------------------------------------------------------
[EOnCallAirdrop] Drop zone asigned: Krasnostav Airstrip <12160.000000, 0.000000, 12645.000000>
[EOnCallAirdrop] Drop zone offset to: <12185.130859, 2438.000000, 12641.634766>
[EOnCallAirdrop] Aircraft spawn point: <735.099365, 2438.000000, 16360.000000>
[EOnCallAirdrop] Aircraft bearing ... Angle/Bearing: 2.82721° / 288.013°, Text: 'West (288°)'
[EOnCallAirdrop] Aircraft has been dispatched to 'Krasnostav Airstrip' from the West (288°).
[2021-03-25 @ 15-52-28] ----------------------------------------------------------------------------------------------------
[EOnCallAirdrop] Drop zone asigned: Berezino <12450.000000, 0.000000, 9250.000000>
[EOnCallAirdrop] Drop zone offset to: <12461.802734, 2438.000000, 9269.329102>
[EOnCallAirdrop] Aircraft spawn point: <-1000.000000, 2438.000000, 10138.013672>
[EOnCallAirdrop] Aircraft bearing ... Angle/Bearing: 3.07566° / 273.777°, Text: 'West (274°)'
[EOnCallAirdrop] Aircraft has been dispatched to 'Berezino' from the West (274°).
[2021-03-25 @ 16-17-47] ----------------------------------------------------------------------------------------------------
[EOnCallAirdrop] Drop zone asigned: Gorka <8775.000000, 0.000000, 9200.000000>
[EOnCallAirdrop] Drop zone offset to: <8841.270508, 2438.000000, 9134.480469>
[EOnCallAirdrop] Aircraft spawn point: <-1000.000000, 2438.000000, -769.006653>
[EOnCallAirdrop] Aircraft bearing ... Angle/Bearing: -2.34637° / 224.437°, Text: 'South/West (224°)'
[EOnCallAirdrop] Aircraft has been dispatched to 'Gorka' from the South/West (224°).
[2021-03-25 @ 16-43-06] ----------------------------------------------------------------------------------------------------
[EOnCallAirdrop] Drop zone asigned: Northwest Airfield <4500.000000, 0.000000, 10350.000000>
[EOnCallAirdrop] Drop zone offset to: <4489.486328, 2438.000000, 10298.708984>
[EOnCallAirdrop] Aircraft spawn point: <2351.523193, 2438.000000, 16360.000000>
[EOnCallAirdrop] Aircraft bearing ... Angle/Bearing: 1.91412° / 340.329°, Text: 'North (340°)'
[EOnCallAirdrop] Aircraft has been dispatched to 'Northwest Airfield' from the North (340°).
[2021-03-25 @ 17-08-24] ----------------------------------------------------------------------------------------------------
[EOnCallAirdrop] Drop zone asigned: Berezino <12450.000000, 0.000000, 9250.000000>
[EOnCallAirdrop] Drop zone offset to: <12448.029297, 2438.000000, 9248.417969>
[EOnCallAirdrop] Aircraft spawn point: <-1000.000000, 2438.000000, -276.291382>
[EOnCallAirdrop] Aircraft bearing ... Angle/Bearing: -2.52533° / 234.691°, Text: 'South/West (235°)'
[EOnCallAirdrop] Aircraft has been dispatched to 'Berezino' from the South/West (235°).
[2021-03-25 @ 17-33-42] ----------------------------------------------------------------------------------------------------
[EOnCallAirdrop] Drop zone asigned: Skalisty Island <13575.000000, 0.000000, 3055.000000>
[EOnCallAirdrop] Drop zone offset to: <13497.522461, 2438.000000, 3091.855713>
[EOnCallAirdrop] Aircraft spawn point: <-1000.000000, 2438.000000, 12148.079102>
[EOnCallAirdrop] Aircraft bearing ... Angle/Bearing: 2.5838° / 301.959°, Text: 'North/West (302°)'
[EOnCallAirdrop] Aircraft has been dispatched to 'Skalisty Island' from the North/West (302°).
[2021-03-25 @ 17-58-58] ----------------------------------------------------------------------------------------------------
[EOnCallAirdrop] Drop zone asigned: Berezino <12450.000000, 0.000000, 9250.000000>
[EOnCallAirdrop] Drop zone offset to: <12449.499023, 2438.000000, 9245.852539>
[EOnCallAirdrop] Aircraft spawn point: <10641.324219, 2438.000000, 16360.000000>
[EOnCallAirdrop] Aircraft bearing ... Angle/Bearing: 1.8199° / 345.728°, Text: 'North (346°)'
[EOnCallAirdrop] Aircraft has been dispatched to 'Berezino' from the North (346°).
