[InitializeContainer] Container created on 2021-03-28 @ 12-00-00
[InitializeContainer] Winds: Vector <9.910807, 0.000000, -2.635845>, Speed 10.2553mps, Strength 0.1
[AirdropContainerFall] Drop Type 'Military West', Container: 'AirdropContainer_Military', Mode/Quantity/Iems: Random/20/46, Flare:  10%
[AirdropContainerFall] Loot Spawned [1] TacticalBaconCan @ <8491.602539, 105.613426, 12802.741211> ... Lifespan: Set to 30 minutes.
[AirdropContainerFall] Loot Spawned [2] TacticalGloves_Beige @ <8496.112305, 105.346199, 12804.277344> ... Lifespan: Set to 30 minutes.
[AirdropContainerFall] Loot Spawned [3] AssaultBag_Green @ <8494.912109, 105.381126, 12802.993164> ... Lifespan: Set to 30 minutes.
[AirdropContainerFall] Loot Spawned [4] CombatKnife @ <8493.708984, 105.478699, 12803.218750> ... Lifespan: Set to 30 minutes.
[AirdropContainerFall] Loot Spawned [5] MilitaryBoots_Beige @ <8491.903320, 105.585655, 12801.970703> ... Lifespan: Set to 30 minutes.
[AirdropContainerFall] Loot Spawned [6] UKAssVest_Olive @ <8493.605469, 105.469940, 12802.823242> ... Lifespan: Set to 30 minutes.
[AirdropContainerFall] Loot Spawned [7] M4_RISHndgrd @ <8496.580078, 105.259323, 12799.885742> ... Lifespan: Set to 30 minutes.
[AirdropContainerFall] Loot Spawned [8] TacticalGloves_Black @ <8496.887695, 105.227654, 12801.024414> ... Lifespan: Set to 30 minutes.
[AirdropContainerFall] Loot Spawned [9] AssaultBag_Ttsko @ <8494.702148, 105.407539, 12798.580078> ... Lifespan: Set to 30 minutes.
[AirdropContainerFall] Loot Spawned [10] UKAssVest_Olive @ <8495.889648, 105.317200, 12798.978516> ... Lifespan: Set to 30 minutes.
[AirdropContainerFall] Loot Spawned [11] UKAssVest_Olive @ <8492.805664, 105.537590, 12799.690430> ... Lifespan: Set to 30 minutes.
[AirdropContainerFall] Loot Spawned [12] MilitaryBoots_Bluerock @ <8494.884766, 105.424164, 12803.985352> ... Lifespan: Set to 30 minutes.
[AirdropContainerFall] Loot Spawned [13] M4_T3NrdSOptic @ <8493.435547, 105.494972, 12799.012695> ... Lifespan: Set to 30 minutes.
[AirdropContainerFall] Loot Spawned [14] M4_RISHndgrd @ <8493.801758, 105.486031, 12803.560547> ... Lifespan: Set to 30 minutes.
[AirdropContainerFall] Loot Spawned [15] MilitaryBoots_Brown @ <8492.568359, 105.544525, 12801.010742> ... Lifespan: Set to 30 minutes.
[AirdropContainerFall] Loot Spawned [16] Binoculars @ <8491.570313, 105.615135, 12802.725586> ... Lifespan: Set to 30 minutes.
[AirdropContainerFall] Loot Spawned [17] TacticalGloves_Green @ <8495.838867, 105.293541, 12802.406250> ... Lifespan: Set to 30 minutes.
[AirdropContainerFall] Loot Spawned [18] TacticalGloves_Beige @ <8496.976563, 105.228287, 12800.131836> ... Lifespan: Set to 30 minutes.
[AirdropContainerFall] Loot Spawned [19] UKAssVest_Olive @ <8494.494141, 105.425003, 12798.302734> ... Lifespan: Set to 30 minutes.
[AirdropContainerFall] Loot Spawned [20] USMCJacket_Desert @ <8494.331055, 105.434654, 12798.589844> ... Lifespan: Set to 30 minutes.
[AirdropContainerUnstuck] Container was unstuck.
[~AirdropContainerBase] Container Destroyed on 2021-03-28 @ 12-25-00
