[AirdropPlane] Aircraft created on 2021-04-09 @ 11-33-12
[InitializeAircraft] Aircraft Initialized: Myshkino @ 1900/7600 (true)
[EOnBeforeDrop] The Aircraft is 1 Km from Myshkino. @ <881.399231, 374.860413, 8699.750000>
[EOnDrop] Zombie Spawned [1] ZmbM_HikerSkinny_Blue @ <1841.479004, 283.928650, 7699.753906> ... Lifespan:  Set to 30 minutes.
[EOnDrop] Zombie Spawned [2] ZmbF_SurvivorNormal_Orange @ <1837.025391, 281.552399, 7676.501465> ... Lifespan:  Set to 30 minutes.
[EOnDrop] Zombie Spawned [3] ZmbF_HikerSkinny_Blue @ <1868.163940, 276.581635, 7640.504883> ... Lifespan:  Set to 30 minutes.
[EOnDrop] Zombie Spawned [4] ZmbF_HikerSkinny_Blue @ <1828.021118, 281.483948, 7678.409668> ... Lifespan:  Set to 30 minutes.
[EOnDrop] Zombie Spawned [5] ZmbM_HikerSkinny_Yellow @ <1831.884277, 277.483582, 7625.813477> ... Lifespan:  Set to 30 minutes.
[EOnDrop] Zombie Spawned [6] ZmbF_VillagerOld_Green @ <1827.001099, 280.425079, 7669.235840> ... Lifespan:  Set to 30 minutes.
[EOnDrop] Zombie Spawned [7] ZmbF_SurvivorNormal_Red @ <1853.512695, 282.272522, 7677.021973> ... Lifespan:  Set to 30 minutes.
[EOnDrop] Zombie Spawned [8] ZmbF_VillagerOld_Green @ <1791.871826, 282.770447, 7675.654785> ... Lifespan:  Set to 30 minutes.
[EOnDrop] Zombie Spawned [9] ZmbF_VillagerOld_White @ <1811.682373, 278.807098, 7646.278809> ... Lifespan:  Set to 30 minutes.
[EOnDrop] Zombie Spawned [10] ZmbM_HunterOld_Spring @ <1851.932251, 280.003174, 7661.082031> ... Lifespan:  Set to 30 minutes.
[EOnDrop] Zombie Spawned [11] ZmbM_VillagerOld_Blue @ <1828.851074, 281.118042, 7674.913574> ... Lifespan:  Set to 30 minutes.
[EOnDrop] Zombie Spawned [12] ZmbF_HikerSkinny_Grey @ <1822.959717, 279.297485, 7659.033691> ... Lifespan:  Set to 30 minutes.
[EOnDrop] Zombie Spawned [13] ZmbF_MilkMaidOld_Grey @ <1812.338135, 279.822235, 7662.514648> ... Lifespan:  Set to 30 minutes.
[EOnDrop] Zombie Spawned [14] ZmbM_HermitSkinny_Green @ <1796.923462, 283.028717, 7684.715820> ... Lifespan:  Set to 30 minutes.
[EOnDrop] Zombie Spawned [15] ZmbM_HermitSkinny_Beige @ <1827.114624, 278.803833, 7654.388672> ... Lifespan:  Set to 30 minutes.
[EOnDrop] Drop spawned with 15 infected at <1838.461548, 431.221741, 7666.771484>.
[EOnDrop] Supplies have been dropped near Myshkino.
[EOnBeforeDelete] Aircraft despawned @ <9869.176758, 152.000610, -1001.025452>
[~AirdropPlane] Aircraft destroyed.
