[AirdropPlane] Aircraft created on 2021-03-14 @ 03-17-35
[InitializeAircraft] Aircraft Initialized: Novaya Petrovka @ 3100/12840 (true)
[EOnBeforeDrop] The Aircraft is 1 Km from Novaya Petrovka. @ <2901.190186, 457.912140, 11354.134766>
[EOnDrop] Zombie Spawned [1] ZmbF_ShortSkirt_brown @ <3045.814453, 208.878510, 12768.799805> ... Lifespan:  Set to 60 minutes.
[EOnDrop] Zombie Spawned [2] ZmbF_CitizenANormal_Blue @ <3095.539063, 207.424042, 12720.331055> ... Lifespan:  Set to 60 minutes.
[EOnDrop] Zombie Spawned [3] ZmbM_Jacket_beige @ <3120.980469, 206.117615, 12792.287109> ... Lifespan:  Set to 60 minutes.
[EOnDrop] Zombie Spawned [4] ZmbM_PrisonerSkinny @ <3119.565918, 206.577408, 12744.203125> ... Lifespan:  Set to 60 minutes.
[EOnDrop] Zombie Spawned [5] ZmbF_ShortSkirt_black @ <3120.775391, 206.376175, 12758.331055> ... Lifespan:  Set to 60 minutes.
[EOnDrop] Zombie Spawned [6] ZmbF_Clerk_Normal_Blue @ <3113.841064, 206.347076, 12780.735352> ... Lifespan:  Set to 60 minutes.
[EOnDrop] Zombie Spawned [7] ZmbM_CitizenBFat_Red @ <3092.834229, 207.330627, 12750.228516> ... Lifespan:  Set to 60 minutes.
[EOnDrop] Zombie Spawned [8] ZmbM_Jacket_bluechecks @ <3094.210693, 207.340836, 12743.346680> ... Lifespan:  Set to 60 minutes.
[EOnDrop] Zombie Spawned [9] ZmbM_Jacket_black @ <3115.462158, 206.396469, 12769.389648> ... Lifespan:  Set to 60 minutes.
[EOnDrop] Zombie Spawned [10] ZmbF_PoliceWomanNormal @ <3094.033691, 207.267960, 12752.656250> ... Lifespan:  Set to 60 minutes.
[EOnDrop] Zombie Spawned [11] ZmbM_CommercialPilotOld_Brown @ <3055.802246, 208.648972, 12732.416992> ... Lifespan:  Set to 60 minutes.
[EOnDrop] Zombie Spawned [12] ZmbF_ParamedicNormal_Green @ <3092.567871, 207.140167, 12779.604492> ... Lifespan:  Set to 60 minutes.
[EOnDrop] Zombie Spawned [13] ZmbF_ShortSkirt_grey @ <3084.469482, 207.472427, 12762.271484> ... Lifespan:  Set to 60 minutes.
[EOnDrop] Zombie Spawned [14] ZmbF_ShortSkirt_checks @ <3102.649414, 207.195084, 12720.084961> ... Lifespan:  Set to 60 minutes.
[EOnDrop] Zombie Spawned [15] ZmbM_PolicemanSpecForce @ <3080.590820, 207.585876, 12764.230469> ... Lifespan:  Set to 60 minutes.
[EOnDrop] Zombie Spawned [16] ZmbM_SkaterYoung_Blue @ <3088.146484, 207.298096, 12805.171875> ... Lifespan:  Set to 60 minutes.
[EOnDrop] Zombie Spawned [17] ZmbF_JournalistNormal_Green @ <3061.759521, 208.274307, 12759.479492> ... Lifespan:  Set to 60 minutes.
[EOnDrop] Zombie Spawned [18] ZmbM_ClerkFat_White @ <3108.230713, 206.549377, 12781.556641> ... Lifespan:  Set to 60 minutes.
[EOnDrop] Zombie Spawned [19] ZmbM_JoggerSkinny_Blue @ <3068.735840, 208.124542, 12743.031250> ... Lifespan:  Set to 60 minutes.
[EOnDrop] Zombie Spawned [20] ZmbF_ShortSkirt_yellow @ <3120.093750, 206.251099, 12769.679688> ... Lifespan:  Set to 60 minutes.
[EOnDrop] Zombie Spawned [21] ZmbM_CitizenBFat_Green @ <3117.862305, 206.442032, 12760.014648> ... Lifespan:  Set to 60 minutes.
[EOnDrop] Zombie Spawned [22] ZmbM_SkaterYoung_Blue @ <3098.919189, 207.084900, 12755.950195> ... Lifespan:  Set to 60 minutes.
[EOnDrop] Zombie Spawned [23] ZmbF_ShortSkirt_grey @ <3077.714355, 207.793747, 12748.950195> ... Lifespan:  Set to 60 minutes.
[EOnDrop] Zombie Spawned [24] ZmbM_SkaterYoung_Brown @ <3047.267334, 208.844849, 12750.361328> ... Lifespan:  Set to 60 minutes.
[EOnDrop] Zombie Spawned [25] ZmbM_SkaterYoung_Green @ <3045.760254, 208.908356, 12748.815430> ... Lifespan:  Set to 60 minutes.
[EOnDrop] Drop spawned with 25 infected at <3089.426270, 351.677887, 12759.535156>.
[EOnDrop] Supplies have been dropped near Novaya Petrovka.
[EOnBeforeDelete] Aircraft despawned @ <3571.669189, 496.945984, 16360.037109>
[~AirdropPlane] Aircraft destroyed.
