[AirdropPlane] Aircraft created on 2021-03-19 @ 03-42-45
[InitializeAircraft] Aircraft Initialized: Novodmitrovsk @ 11475/14356 (true)
[EOnBeforeDrop] The Aircraft is 1 Km from Novodmitrovsk. @ <11802.535156, 293.295410, 12892.806641>
[EOnDrop] Spawn failed for zombie [1] 'ZmbM_JacketNormal_greenchecks', it does not exist in DayZ!
[EOnDrop] Zombie Spawned [2] ZmbM_CitizenASkinny_Grey @ <11471.541992, 36.479691, 14281.073242> ... Lifespan:  Set to 30 minutes.
[EOnDrop] Zombie Spawned [3] ZmbM_PrisonerSkinny @ <11509.660156, 38.200001, 14319.609375> ... Lifespan:  Set to 30 minutes.
[EOnDrop] Zombie Spawned [4] ZmbM_ParamedicNormal_Black @ <11498.421875, 29.509989, 14263.537109> ... Lifespan:  Set to 30 minutes.
[EOnDrop] Zombie Spawned [5] ZmbM_CommercialPilotOld_Grey @ <11497.010742, 35.487438, 14282.341797> ... Lifespan:  Set to 30 minutes.
[EOnDrop] Zombie Spawned [6] ZmbF_ShortSkirt_stripes @ <11498.511719, 29.526213, 14263.241211> ... Lifespan:  Set to 30 minutes.
[EOnDrop] Zombie Spawned [7] ZmbF_JoggerSkinny_Brown @ <11518.374023, 31.119026, 14253.078125> ... Lifespan:  Set to 30 minutes.
[EOnDrop] Zombie Spawned [8] ZmbM_CitizenBFat_Red @ <11486.066406, 36.678154, 14297.570313> ... Lifespan:  Set to 30 minutes.
[EOnDrop] Zombie Spawned [9] ZmbF_CitizenANormal_Blue @ <11481.372070, 29.801805, 14258.125977> ... Lifespan:  Set to 30 minutes.
[EOnDrop] Zombie Spawned [10] ZmbF_SkaterYoung_Violet @ <11505.415039, 35.955357, 14303.995117> ... Lifespan:  Set to 30 minutes.
[EOnDrop] Zombie Spawned [11] ZmbF_ShortSkirt_red @ <11486.441406, 36.656075, 14286.890625> ... Lifespan:  Set to 30 minutes.
[EOnDrop] Zombie Spawned [12] ZmbM_Jacket_stripes @ <11501.432617, 35.376488, 14292.080078> ... Lifespan:  Set to 30 minutes.
[EOnDrop] Zombie Spawned [13] ZmbM_CitizenBFat_Green @ <11505.512695, 35.284393, 14298.399414> ... Lifespan:  Set to 30 minutes.
[EOnDrop] Zombie Spawned [14] ZmbF_ShortSkirt_black @ <11486.333984, 36.667309, 14286.566406> ... Lifespan:  Set to 30 minutes.
[EOnDrop] Zombie Spawned [15] ZmbF_ShortSkirt_white @ <11520.354492, 38.200001, 14311.338867> ... Lifespan:  Set to 30 minutes.
[EOnDrop] Zombie Spawned [16] ZmbF_CitizenANormal_Brown @ <11485.590820, 31.874653, 14252.779297> ... Lifespan:  Set to 30 minutes.
[EOnDrop] Zombie Spawned [17] ZmbM_CitizenASkinny_Brown @ <11537.908203, 33.903683, 14290.612305> ... Lifespan:  Set to 30 minutes.
[EOnDrop] Zombie Spawned [18] ZmbM_SkaterYoung_Green @ <11522.634766, 38.200001, 14320.710938> ... Lifespan:  Set to 30 minutes.
[EOnDrop] Zombie Spawned [19] ZmbF_ShortSkirt_stripes @ <11510.117188, 34.825619, 14289.961914> ... Lifespan:  Set to 30 minutes.
[EOnDrop] Spawn failed for zombie [20] 'ZmbM_JacketNormal_greenchecks', it does not exist in DayZ!
[EOnDrop] Drop spawned with 20 infected at <11491.912109, 193.228409, 14282.322266>.
[EOnDrop] Supplies have been dropped near Novodmitrovsk.
[EOnBeforeDelete] Aircraft despawned @ <11027.240234, 280.458405, 16360.947266>
[~AirdropPlane] Aircraft destroyed.
