[AirdropBase] Base class created & settings loaded.
[2021-03-13 @ 16-39-19] ----------------------------------------------------------------------------------------------------
[EOnCallAirdrop] Drop zone asigned: Krasnostav Airstrip <12160.000000, 0.000000, 12645.000000>
[EOnCallAirdrop] Drop zone offset to: <12135.103516, 2438.000000, 12567.722656>
[EOnCallAirdrop] Aircraft spawn point: <16360.000000, 2438.000000, 9274.966797>
[EOnCallAirdrop] Aircraft bearing ... Angle/Bearing: -0.676196° / 128.743°, Text: 'South/East (129°)'
[EOnCallAirdrop] Aircraft has been dispatched to 'Krasnostav Airstrip' from the South/East (129°).
[2021-03-13 @ 17-04-38] ----------------------------------------------------------------------------------------------------
[EOnCallAirdrop] Drop zone asigned: Elektrozavodsk <10050.000000, 0.000000, 2450.000000>
[EOnCallAirdrop] Drop zone offset to: <10120.385742, 2438.000000, 2475.872314>
[EOnCallAirdrop] Aircraft spawn point: <-1000.000000, 2438.000000, 13522.383789>
[EOnCallAirdrop] Aircraft bearing ... Angle/Bearing: 2.35518° / 315.058°, Text: 'North/West (315°)'
[EOnCallAirdrop] Aircraft has been dispatched to 'Elektrozavodsk' from the North/West (315°).
[2021-03-13 @ 17-29-57] ----------------------------------------------------------------------------------------------------
[EOnCallAirdrop] Drop zone asigned: Northwest Airfield <4500.000000, 0.000000, 10350.000000>
[EOnCallAirdrop] Drop zone offset to: <4492.942383, 2438.000000, 10352.048828>
[EOnCallAirdrop] Aircraft spawn point: <13484.238281, 2438.000000, -1000.000000>
[EOnCallAirdrop] Aircraft bearing ... Angle/Bearing: -0.901221° / 141.636°, Text: 'South/East (142°)'
[EOnCallAirdrop] Aircraft has been dispatched to 'Northwest Airfield' from the South/East (142°).
[2021-03-13 @ 17-55-16] ----------------------------------------------------------------------------------------------------
[EOnCallAirdrop] Drop zone asigned: Novodmitrovsk <11475.000000, 0.000000, 14356.000000>
[EOnCallAirdrop] Drop zone offset to: <11536.964844, 2438.000000, 14420.861328>
[EOnCallAirdrop] Aircraft spawn point: <16360.000000, 2438.000000, 16018.278320>
[EOnCallAirdrop] Aircraft bearing ... Angle/Bearing: 0.327991° / 71.2075°, Text: 'East (71°)'
[EOnCallAirdrop] Aircraft has been dispatched to 'Novodmitrovsk' from the East (71°).
