[InitializeContainer] Container created on 2021-04-30 @ 00-06-39
[InitializeContainer] Winds: Vector <9.938830, 0.000000, -2.587964>, Speed 10.2702mps, Strength 0.1
[AirdropContainerFall] Drop Type 'Misc. Food', Container: 'RANDOM', Mode/Quantity/Iems: Random/20/26, Flare:  10%
[AirdropContainerFall] Loot Spawned [1] SpaghettiCan @ <1839.456909, 276.461884, 7632.075195> ... Lifespan: Set to 60 minutes.
[AirdropContainerFall] Loot Spawned [2] GreenBellPepper @ <1839.606323, 276.454926, 7632.826172> ... Lifespan: Set to 60 minutes.
[AirdropContainerFall] Loot Spawned [3] Zucchini @ <1841.186157, 276.327087, 7630.577637> ... Lifespan: Set to 60 minutes.
[AirdropContainerFall] Loot Spawned [4] TunaCan @ <1844.030396, 275.980103, 7631.875977> ... Lifespan: Set to 60 minutes.
[AirdropContainerFall] Loot Spawned [5] BoxCerealCrunchin @ <1840.062744, 276.388824, 7633.256836> ... Lifespan: Set to 60 minutes.
[AirdropContainerFall] Loot Spawned [6] Canteen @ <1839.356079, 276.467010, 7631.649414> ... Lifespan: Set to 60 minutes.
[AirdropContainerFall] Loot Spawned [7] GreenBellPepper @ <1841.487793, 276.298889, 7629.441406> ... Lifespan: Set to 60 minutes.
[AirdropContainerFall] Loot Spawned [8] WaterBottle @ <1841.860962, 276.132172, 7634.543457> ... Lifespan: Set to 60 minutes.
[AirdropContainerFall] Loot Spawned [9] PowderedMilk @ <1843.012939, 276.000153, 7635.388672> ... Lifespan: Set to 60 minutes.
[AirdropContainerFall] Loot Spawned [10] Tomato @ <1843.563477, 276.079559, 7630.662598> ... Lifespan: Set to 60 minutes.
[AirdropContainerFall] Loot Spawned [11] SodaCan_Cola @ <1842.979980, 276.096802, 7632.014160> ... Lifespan: Set to 60 minutes.
[AirdropContainerFall] Loot Spawned [12] SpaghettiCan @ <1838.947998, 276.492065, 7630.736816> ... Lifespan: Set to 60 minutes.
[AirdropContainerFall] Loot Spawned [13] PowderedMilk @ <1839.314087, 276.429626, 7634.489258> ... Lifespan: Set to 60 minutes.
[AirdropContainerFall] Loot Spawned [14] GreenBellPepper @ <1839.571289, 276.456360, 7632.610352> ... Lifespan: Set to 60 minutes.
[AirdropContainerFall] Loot Spawned [15] BoxCerealCrunchin @ <1838.688232, 276.524139, 7633.902344> ... Lifespan: Set to 60 minutes.
[AirdropContainerFall] Loot Spawned [16] Zucchini @ <1842.865234, 276.028351, 7634.204590> ... Lifespan: Set to 60 minutes.
[AirdropContainerFall] Loot Spawned [17] BoxCerealCrunchin @ <1843.171997, 276.097046, 7631.411133> ... Lifespan: Set to 60 minutes.
[AirdropContainerFall] Loot Spawned [18] Lard @ <1842.634521, 276.187408, 7630.661133> ... Lifespan: Set to 60 minutes.
[AirdropContainerFall] Loot Spawned [19] SodaCan_Spite @ <1838.783081, 276.519409, 7633.596191> ... Lifespan: Set to 60 minutes.
[AirdropContainerFall] Loot Spawned [20] TunaCan @ <1839.803223, 276.428101, 7630.503418> ... Lifespan: Set to 60 minutes.
[AirdropContainerUnstuck] Container was unstuck.
[~AirdropContainerBase] Container Destroyed on 2021-04-30 @ 00-36-39
