[InitializeContainer] Container created on 2021-04-27 @ 13-34-00
[InitializeContainer] Winds: Vector <7.165483, 0.000000, -5.606239>, Speed 9.09803mps, Strength 0.1
[AirdropContainerFall] Drop Type 'Military East', Container: 'RANDOM', Mode/Quantity/Iems: Random/20/28, Flare:  10%
[AirdropContainerFall] Loot Spawned [1] TacticalGloves_Black @ <6683.865234, 300.896606, 7783.461426> ... Lifespan: Set to 60 minutes.
[AirdropContainerFall] Loot Spawned [2] Binoculars @ <6687.137207, 300.914581, 7785.469238> ... Lifespan: Set to 60 minutes.
[AirdropContainerFall] Loot Spawned [3] TacticalGloves_Green @ <6684.498047, 300.658722, 7781.489746> ... Lifespan: Set to 60 minutes.
[AirdropContainerFall] Loot Spawned [4] Battery9V @ <6685.848633, 300.425934, 7779.958984> ... Lifespan: Set to 60 minutes.
[AirdropContainerFall] Loot Spawned [5] UniversalLight @ <6687.398438, 300.914246, 7785.608398> ... Lifespan: Set to 60 minutes.
[AirdropContainerFall] Loot Spawned [6] TacticalGloves_Green @ <6687.156738, 300.644592, 7782.833984> ... Lifespan: Set to 60 minutes.
[AirdropContainerFall] Loot Spawned [7] Binoculars @ <6684.675781, 301.095947, 7785.850586> ... Lifespan: Set to 60 minutes.
[AirdropContainerFall] Loot Spawned [8] UniversalLight @ <6685.704590, 301.062592, 7786.094238> ... Lifespan: Set to 60 minutes.
[AirdropContainerFall] Loot Spawned [9] TacticalGoggles @ <6684.682617, 301.141266, 7786.285156> ... Lifespan: Set to 60 minutes.
[AirdropContainerFall] Loot Spawned [10] TacticalBaconCan @ <6685.564941, 300.592621, 7781.427246> ... Lifespan: Set to 60 minutes.
[AirdropContainerFall] Loot Spawned [11] TTSKOPants @ <6686.606934, 300.932861, 7785.354004> ... Lifespan: Set to 60 minutes.
[AirdropContainerFall] Loot Spawned [12] AK_Bayonet @ <6683.450684, 300.689453, 7781.217285> ... Lifespan: Set to 60 minutes.
[AirdropContainerFall] Loot Spawned [13] TacticalBaconCan @ <6687.889648, 300.785522, 7784.639648> ... Lifespan: Set to 60 minutes.
[AirdropContainerFall] Loot Spawned [14] UniversalLight @ <6685.343750, 300.500427, 7780.409180> ... Lifespan: Set to 60 minutes.
[AirdropContainerFall] Loot Spawned [15] Mag_AKM_30Rnd @ <6684.630371, 301.069519, 7785.575684> ... Lifespan: Set to 60 minutes.
[AirdropContainerFall] Loot Spawned [16] TTSKOPants @ <6685.242188, 300.452087, 7779.882813> ... Lifespan: Set to 60 minutes.
[AirdropContainerFall] Loot Spawned [17] Binoculars @ <6684.546387, 300.598053, 7780.924805> ... Lifespan: Set to 60 minutes.
[AirdropContainerFall] Loot Spawned [18] TacticalGoggles @ <6682.299316, 300.921448, 7782.848633> ... Lifespan: Set to 60 minutes.
[AirdropContainerFall] Loot Spawned [19] TacticalGoggles @ <6684.608398, 300.495270, 7779.958008> ... Lifespan: Set to 60 minutes.
[AirdropContainerFall] Loot Spawned [20] GorkaEJacket_Autumn @ <6688.350098, 300.619232, 7783.259277> ... Lifespan: Set to 60 minutes.
[AirdropContainerUnstuck] Container was unstuck.
[~AirdropContainerBase] Container Destroyed on 2021-04-27 @ 14-04-00
