[AirdropBase] Base class created & settings loaded.
[2021-03-10 @ 22-27-21] ----------------------------------------------------------------------------------------------------
[EOnCallAirdrop] Drop zone asigned: Chernogorsk <7400.000000, 0.000000, 3500.000000>
[EOnCallAirdrop] Drop zone offset to: <7376.392090, 2438.000000, 3417.791504>
[EOnCallAirdrop] Aircraft spawn point: <11956.291016, 2438.000000, -1000.000000>
[EOnCallAirdrop] Aircraft bearing ... Angle/Bearing: -0.779183° / 134.644°, Text: 'South/East (135°)'
[EOnCallAirdrop] Aircraft has been dispatched to 'Chernogorsk' from the South/East (135°).
[2021-03-10 @ 22-52-41] ----------------------------------------------------------------------------------------------------
[EOnCallAirdrop] Drop zone asigned: Novodmitrovsk <11475.000000, 0.000000, 14356.000000>
[EOnCallAirdrop] Drop zone offset to: <11416.178711, 2438.000000, 14356.209961>
[EOnCallAirdrop] Aircraft spawn point: <8610.066406, 2438.000000, 16360.000000>
[EOnCallAirdrop] Aircraft bearing ... Angle/Bearing: 2.53121° / 304.973°, Text: 'North/West (305°)'
[EOnCallAirdrop] Aircraft has been dispatched to 'Novodmitrovsk' from the North/West (305°).
[2021-03-10 @ 23-18-01] ----------------------------------------------------------------------------------------------------
[EOnCallAirdrop] Drop zone asigned: Novaya Petrovka <3100.000000, 0.000000, 12840.000000>
[EOnCallAirdrop] Drop zone offset to: <3053.583008, 2438.000000, 12827.704102>
[EOnCallAirdrop] Aircraft spawn point: <15392.052734, 2438.000000, -1000.000000>
[EOnCallAirdrop] Aircraft bearing ... Angle/Bearing: -0.844565° / 138.39°, Text: 'South/East (138°)'
[EOnCallAirdrop] Aircraft has been dispatched to 'Novaya Petrovka' from the South/East (138°).
[2021-03-10 @ 23-43-21] ----------------------------------------------------------------------------------------------------
[EOnCallAirdrop] Drop zone asigned: Balota Airstrip <5025.000000, 0.000000, 2455.000000>
[EOnCallAirdrop] Drop zone offset to: <5032.198730, 2438.000000, 2505.963623>
[EOnCallAirdrop] Aircraft spawn point: <13715.231445, 2438.000000, -1000.000000>
[EOnCallAirdrop] Aircraft bearing ... Angle/Bearing: -0.378412° / 111.681°, Text: 'East (112°)'
[EOnCallAirdrop] Aircraft has been dispatched to 'Balota Airstrip' from the East (112°).
[2021-03-11 @ 00-08-41] ----------------------------------------------------------------------------------------------------
[EOnCallAirdrop] Drop zone asigned: Gorka <8775.000000, 0.000000, 9200.000000>
[EOnCallAirdrop] Drop zone offset to: <8773.024414, 2438.000000, 9199.439453>
[EOnCallAirdrop] Aircraft spawn point: <-1000.000000, 2438.000000, 6409.801270>
[EOnCallAirdrop] Aircraft bearing ... Angle/Bearing: -2.86354° / 254.069°, Text: 'West (254°)'
[EOnCallAirdrop] Aircraft has been dispatched to 'Gorka' from the West (254°).
[2021-03-11 @ 00-34-01] ----------------------------------------------------------------------------------------------------
[EOnCallAirdrop] Drop zone asigned: Berezino <12450.000000, 0.000000, 9250.000000>
[EOnCallAirdrop] Drop zone offset to: <12507.190430, 2438.000000, 9249.307617>
[EOnCallAirdrop] Aircraft spawn point: <16360.000000, 2438.000000, 11813.774414>
[EOnCallAirdrop] Aircraft bearing ... Angle/Bearing: 0.58037° / 56.7473°, Text: 'North/East (57°)'
[EOnCallAirdrop] Aircraft has been dispatched to 'Berezino' from the North/East (57°).
[2021-03-11 @ 00-59-21] ----------------------------------------------------------------------------------------------------
[EOnCallAirdrop] Drop zone asigned: Stary/Novy  <6600.000000, 0.000000, 7800.000000>
[EOnCallAirdrop] Drop zone offset to: <6638.868164, 2438.000000, 7711.981445>
[EOnCallAirdrop] Aircraft spawn point: <16360.000000, 2438.000000, 14753.112305>
[EOnCallAirdrop] Aircraft bearing ... Angle/Bearing: 0.619006° / 54.5336°, Text: 'North/East (55°)'
[EOnCallAirdrop] Aircraft has been dispatched to 'Stary/Novy ' from the North/East (55°).
[2021-03-11 @ 01-24-42] ----------------------------------------------------------------------------------------------------
[EOnCallAirdrop] Drop zone asigned: Novaya Petrovka <3100.000000, 0.000000, 12840.000000>
[EOnCallAirdrop] Drop zone offset to: <3114.476563, 2438.000000, 12794.232422>
[EOnCallAirdrop] Aircraft spawn point: <14076.026367, 2438.000000, 16360.000000>
[EOnCallAirdrop] Aircraft bearing ... Angle/Bearing: 0.310337° / 72.219°, Text: 'East (72°)'
[EOnCallAirdrop] Aircraft has been dispatched to 'Novaya Petrovka' from the East (72°).
[2021-03-11 @ 01-50-02] ----------------------------------------------------------------------------------------------------
[EOnCallAirdrop] Drop zone asigned: Elektrozavodsk <10050.000000, 0.000000, 2450.000000>
[EOnCallAirdrop] Drop zone offset to: <10042.405273, 2438.000000, 2420.599365>
[EOnCallAirdrop] Aircraft spawn point: <16360.000000, 2438.000000, 4619.602539>
[EOnCallAirdrop] Aircraft bearing ... Angle/Bearing: 0.331173° / 71.0252°, Text: 'East (71°)'
[EOnCallAirdrop] Aircraft has been dispatched to 'Elektrozavodsk' from the East (71°).
