[InitializeContainer] Container created on 2021-03-20 @ 18-30-54
[InitializeContainer] Winds: Vector <-2.407188, 0.000000, -0.368557>, Speed 2.43524mps, Strength 0.1
[AirdropContainerFall] Drop Type 'Misc. Food', Container: 'RANDOM', Mode/Quantity/Iems: Random/29/30, Flare:  10%
[AirdropContainerFall] Loot Spawned [1] Apple @ <8518.647461, 104.121002, 12684.297852> ... Lifespan: Set to 30 minutes.
[AirdropContainerFall] Loot Spawned [2] Zucchini @ <8514.039063, 104.121002, 12683.706055> ... Lifespan: Set to 30 minutes.
[AirdropContainerFall] Loot Spawned [3] Potato @ <8513.166992, 104.121002, 12682.465820> ... Lifespan: Set to 30 minutes.
[AirdropContainerFall] Loot Spawned [4] TacticalBaconCan @ <8516.226563, 104.121002, 12681.170898> ... Lifespan: Set to 30 minutes.
[AirdropContainerFall] Loot Spawned [5] Tomato @ <8518.319336, 104.121002, 12683.639648> ... Lifespan: Set to 30 minutes.
[AirdropContainerFall] Loot Spawned [6] TacticalBaconCan @ <8517.120117, 104.121002, 12681.572266> ... Lifespan: Set to 30 minutes.
[AirdropContainerFall] Loot Spawned [7] TunaCan @ <8518.042969, 104.121002, 12681.993164> ... Lifespan: Set to 30 minutes.
[AirdropContainerFall] Loot Spawned [8] KOD_M16A4 @ <8517.780273, 104.121002, 12683.704102> ... Lifespan: Set to 30 minutes.
[AirdropContainerFall] Loot Spawned [9] TacticalBaconCan @ <8515.389648, 104.121002, 12681.989258> ... Lifespan: Set to 30 minutes.
[AirdropContainerFall] Loot Spawned [10] SodaCan_Cola @ <8516.896484, 104.121002, 12686.145508> ... Lifespan: Set to 30 minutes.
[AirdropContainerFall] Loot Spawned [11] WaterBottle @ <8518.424805, 104.121002, 12685.640625> ... Lifespan: Set to 30 minutes.
[AirdropContainerFall] Loot Spawned [12] Tomato @ <8514.603516, 104.121002, 12681.477539> ... Lifespan: Set to 30 minutes.
[AirdropContainerFall] Loot Spawned [13] SodaCan_Spite @ <8516.895508, 104.121002, 12681.947266> ... Lifespan: Set to 30 minutes.
[AirdropContainerFall] Loot Spawned [14] AKM @ <8518.132813, 104.121002, 12682.121094> ... Lifespan: Set to 30 minutes.
[AirdropContainerFall] Loot Spawned [15] BoxCerealCrunchin @ <8513.071289, 104.121002, 12683.638672> ... Lifespan: Set to 30 minutes.
[AirdropContainerFall] Loot Spawned [16] AK101 @ <8514.743164, 104.121002, 12687.027344> ... Lifespan: Set to 30 minutes.
[AirdropContainerFall] Loot Spawned [17] Canteen @ <8517.131836, 104.121002, 12685.659180> ... Lifespan: Set to 30 minutes.
[AirdropContainerFall] Loot Spawned [18] Zucchini @ <8517.730469, 104.121002, 12686.142578> ... Lifespan: Set to 30 minutes.
[AirdropContainerFall] Loot Spawned [19] TunaCan @ <8514.213867, 104.121002, 12682.942383> ... Lifespan: Set to 30 minutes.
[AirdropContainerFall] Loot Spawned [20] Rice @ <8517.486328, 104.121002, 12686.142578> ... Lifespan: Set to 30 minutes.
[AirdropContainerFall] Loot Spawned [21] CaninaBerry @ <8515.399414, 104.121002, 12681.960938> ... Lifespan: Set to 30 minutes.
[AirdropContainerFall] Loot Spawned [22] SodaCan_Cola @ <8515.024414, 104.121002, 12685.722656> ... Lifespan: Set to 30 minutes.
[AirdropContainerFall] Loot Spawned [23] KOD_DVL10 @ <8517.830078, 104.121002, 12683.712891> ... Lifespan: Set to 30 minutes.
[AirdropContainerFall] Loot Spawned [24] SpaghettiCan @ <8516.705078, 104.121002, 12682.691406> ... Lifespan: Set to 30 minutes.
[AirdropContainerFall] Loot Spawned [25] AK101 @ <8517.854492, 104.121002, 12684.652344> ... Lifespan: Set to 30 minutes.
[AirdropContainerFall] Loot Spawned [26] Pumpkin @ <8514.491211, 104.121002, 12682.288086> ... Lifespan: Set to 30 minutes.
[AirdropContainerFall] Loot Spawned [27] Plum @ <8517.006836, 104.121002, 12685.434570> ... Lifespan: Set to 30 minutes.
[AirdropContainerFall] Loot Spawned [28] Tomato @ <8518.110352, 104.121002, 12685.807617> ... Lifespan: Set to 30 minutes.
[AirdropContainerFall] Loot Spawned [29] SpaghettiCan @ <8512.640625, 104.121002, 12684.645508> ... Lifespan: Set to 30 minutes.
[AirdropContainerUnstuck] Container was unstuck.
[~AirdropContainerBase] Container Destroyed on 2021-03-20 @ 18-55-54
