[InitializeContainer] Container created on 2021-04-04 @ 20-51-14
[InitializeContainer] Winds: Vector <8.036412, 0.000000, -4.924301>, Speed 9.42511mps, Strength 0.1
[AirdropContainerFall] Drop Type 'Military West', Container: 'AirdropContainer_Military', Mode/Quantity/Iems: Random/20/46, Flare:  10%
[AirdropContainerFall] Loot Spawned [1] CanOpener @ <1936.780640, 173.354324, 5147.763672> ... Lifespan: Set to 30 minutes.
[AirdropContainerFall] Loot Spawned [2] AssaultBag_Ttsko @ <1940.610229, 173.498032, 5148.996582> ... Lifespan: Set to 30 minutes.
[AirdropContainerFall] Loot Spawned [3] Battery9V @ <1936.916748, 173.305710, 5145.556152> ... Lifespan: Set to 30 minutes.
[AirdropContainerFall] Loot Spawned [4] USMCJacket_Woodland @ <1937.213623, 173.313873, 5145.500977> ... Lifespan: Set to 30 minutes.
[AirdropContainerFall] Loot Spawned [5] AssaultBag_Green @ <1939.144653, 173.466858, 5149.489258> ... Lifespan: Set to 30 minutes.
[AirdropContainerFall] Loot Spawned [6] AK101 @ <1937.925415, 173.340576, 5145.664063> ... Lifespan: Set to 30 minutes.
[AirdropContainerFall] Loot Spawned [7] UniversalLight @ <1939.631348, 173.508392, 5150.885742> ... Lifespan: Set to 30 minutes.
[AirdropContainerFall] Loot Spawned [8] USMCPants_Woodland @ <1936.649170, 173.356094, 5148.012207> ... Lifespan: Set to 30 minutes.
[AirdropContainerFall] Loot Spawned [9] AmmoBox_556x45_20Rnd @ <1941.012695, 173.507523, 5148.907715> ... Lifespan: Set to 30 minutes.
[AirdropContainerFall] Loot Spawned [10] Rangefinder @ <1937.506836, 173.304764, 5144.714355> ... Lifespan: Set to 30 minutes.
[AirdropContainerFall] Loot Spawned [11] UKAssVest_Olive @ <1940.104004, 173.513184, 5150.462402> ... Lifespan: Set to 30 minutes.
[AirdropContainerFall] Loot Spawned [12] Battery9V @ <1936.916504, 173.313751, 5145.891602> ... Lifespan: Set to 30 minutes.
[AirdropContainerFall] Loot Spawned [13] UKAssVest_Khaki @ <1937.349243, 173.401535, 5148.972656> ... Lifespan: Set to 30 minutes.
[AirdropContainerFall] Loot Spawned [14] CombatKnife @ <1937.712402, 173.427826, 5149.583984> ... Lifespan: Set to 30 minutes.
[AirdropContainerFall] Loot Spawned [15] TacticalGloves_Black @ <1939.869141, 173.476364, 5148.950684> ... Lifespan: Set to 30 minutes.
[AirdropContainerFall] Loot Spawned [16] Canteen @ <1937.722778, 173.310410, 5144.659180> ... Lifespan: Set to 30 minutes.
[AirdropContainerFall] Loot Spawned [17] AssaultBag_Ttsko @ <1940.070801, 173.439972, 5146.945313> ... Lifespan: Set to 30 minutes.
[AirdropContainerFall] Loot Spawned [18] USMCJacket_Woodland @ <1940.489380, 173.486404, 5148.584473> ... Lifespan: Set to 30 minutes.
[AirdropContainerFall] Loot Spawned [19] Binoculars @ <1939.360474, 173.408829, 5146.594727> ... Lifespan: Set to 30 minutes.
[AirdropContainerFall] Loot Spawned [20] M9A1_Bayonet @ <1940.234985, 173.522186, 5150.729492> ... Lifespan: Set to 30 minutes.
[AirdropContainerUnstuck] Container was unstuck.
