[InitializeContainer] Container created on 2021-03-10 @ 21-54-53
[InitializeContainer] Winds: Vector <11.323646, 0.000000, 1.973717>, Speed 11.4944mps, Strength 0.1
[AirdropContainerFall] Drop Type 'Misc. Tools', Container: 'RANDOM', Mode/Quantity/Iems: Random/20/50, Flare:  10%
[AirdropContainerFall] Loot Spawned [1] ElectronicRepairKit @ <5091.524414, 9.501000, 2427.713379> ... Lifespan: Set to 60 minutes.
[AirdropContainerFall] Loot Spawned [2] Hammer @ <5095.770508, 9.505027, 2428.239014> ... Lifespan: Set to 60 minutes.
[AirdropContainerFall] Loot Spawned [3] KitchenKnife @ <5096.144531, 9.501000, 2424.412354> ... Lifespan: Set to 60 minutes.
[AirdropContainerFall] Loot Spawned [4] Battery9V @ <5095.674805, 9.501000, 2423.166748> ... Lifespan: Set to 60 minutes.
[AirdropContainerFall] Loot Spawned [5] Chemlight_Red @ <5092.065430, 9.501000, 2426.079590> ... Lifespan: Set to 60 minutes.
[AirdropContainerFall] Loot Spawned [6] Pliers @ <5092.063477, 9.501000, 2427.848389> ... Lifespan: Set to 60 minutes.
[AirdropContainerFall] Loot Spawned [7] Machete @ <5091.237793, 9.501000, 2426.402344> ... Lifespan: Set to 60 minutes.
[AirdropContainerFall] Loot Spawned [8] SewingKit @ <5092.335938, 9.501000, 2422.945313> ... Lifespan: Set to 60 minutes.
[AirdropContainerFall] Loot Spawned [9] LugWrench @ <5095.383789, 9.501000, 2424.385010> ... Lifespan: Set to 60 minutes.
[AirdropContainerFall] Loot Spawned [10] Lockpick @ <5093.833984, 9.501000, 2422.923340> ... Lifespan: Set to 60 minutes.
[AirdropContainerFall] Loot Spawned [11] Wrench @ <5096.943848, 9.503693, 2426.565186> ... Lifespan: Set to 60 minutes.
[AirdropContainerFall] Loot Spawned [12] OrienteeringCompass @ <5091.733887, 9.501000, 2425.673584> ... Lifespan: Set to 60 minutes.
[AirdropContainerFall] Loot Spawned [13] Matchbox @ <5094.717285, 9.503593, 2428.754883> ... Lifespan: Set to 60 minutes.
[AirdropContainerFall] Loot Spawned [14] OrienteeringCompass @ <5092.650879, 9.501000, 2424.887451> ... Lifespan: Set to 60 minutes.
[AirdropContainerFall] Loot Spawned [15] Heatpack @ <5091.919434, 9.501000, 2426.666260> ... Lifespan: Set to 60 minutes.
[AirdropContainerFall] Loot Spawned [16] CableReel @ <5092.290039, 9.501000, 2425.161865> ... Lifespan: Set to 60 minutes.
[AirdropContainerFall] Loot Spawned [17] ElectronicRepairKit @ <5091.895020, 9.501000, 2424.615723> ... Lifespan: Set to 60 minutes.
[AirdropContainerFall] Loot Spawned [18] LeatherSewingKit @ <5096.602051, 9.505469, 2427.572998> ... Lifespan: Set to 60 minutes.
[AirdropContainerFall] Loot Spawned [19] Binoculars @ <5091.542969, 9.501000, 2423.141846> ... Lifespan: Set to 60 minutes.
[AirdropContainerFall] Loot Spawned [20] LugWrench @ <5096.084961, 9.505423, 2428.073242> ... Lifespan: Set to 60 minutes.
[AirdropContainerUnstuck] Container was unstuck.
