[InitializeContainer] Container created on 2021-03-19 @ 21-00-55
[InitializeContainer] Winds: Vector <11.286319, 0.000000, 1.561274>, Speed 11.3938mps, Strength 0.1
[AirdropContainerFall] Drop Type 'Misc. Food', Container: 'RANDOM', Mode/Quantity/Iems: Random/29/30, Flare:  10%
[AirdropContainerFall] Loot Spawned [1] PeachesCan @ <10105.866211, 39.380047, 2501.933838> ... Lifespan: Set to 30 minutes.
[AirdropContainerFall] Loot Spawned [2] Rice @ <10108.136719, 38.998089, 2502.670898> ... Lifespan: Set to 30 minutes.
[AirdropContainerFall] Loot Spawned [3] Apple @ <10105.083008, 39.483269, 2502.802979> ... Lifespan: Set to 30 minutes.
[AirdropContainerFall] Loot Spawned [4] SodaCan_Kvass @ <10105.082031, 39.432659, 2504.806641> ... Lifespan: Set to 30 minutes.
[AirdropContainerFall] Loot Spawned [5] KOD_M16A4 @ <10107.845703, 39.079647, 2501.284668> ... Lifespan: Set to 30 minutes.
[AirdropContainerFall] Loot Spawned [6] AK101 @ <10106.998047, 39.098686, 2506.533203> ... Lifespan: Set to 30 minutes.
[AirdropContainerFall] Loot Spawned [7] SardinesCan @ <10108.772461, 38.808567, 2506.762939> ... Lifespan: Set to 30 minutes.
[AirdropContainerFall] Loot Spawned [8] WaterBottle @ <10107.661133, 39.075844, 2502.602783> ... Lifespan: Set to 30 minutes.
[AirdropContainerFall] Loot Spawned [9] BoxCerealCrunchin @ <10108.590820, 38.849068, 2506.184326> ... Lifespan: Set to 30 minutes.
[AirdropContainerFall] Loot Spawned [10] Lard @ <10109.943359, 38.698544, 2503.080811> ... Lifespan: Set to 30 minutes.
[AirdropContainerFall] Loot Spawned [11] SambucusBerry @ <10104.695313, 39.533115, 2503.287109> ... Lifespan: Set to 30 minutes.
[AirdropContainerFall] Loot Spawned [12] Plum @ <10106.057617, 39.233368, 2507.617920> ... Lifespan: Set to 30 minutes.
[AirdropContainerFall] Loot Spawned [13] Plum @ <10106.178711, 39.292507, 2503.411621> ... Lifespan: Set to 30 minutes.
[AirdropContainerFall] Loot Spawned [14] Tomato @ <10108.989258, 38.778156, 2506.489746> ... Lifespan: Set to 30 minutes.
[AirdropContainerFall] Loot Spawned [15] SardinesCan @ <10110.594727, 38.561226, 2503.763916> ... Lifespan: Set to 30 minutes.
[AirdropContainerFall] Loot Spawned [16] KOD_M16A4 @ <10106.973633, 39.110428, 2506.002441> ... Lifespan: Set to 30 minutes.
[AirdropContainerFall] Loot Spawned [17] SodaCan_Kvass @ <10109.486328, 38.691742, 2506.700928> ... Lifespan: Set to 30 minutes.
[AirdropContainerFall] Loot Spawned [18] KOD_DVL10 @ <10109.279297, 38.820282, 2502.473389> ... Lifespan: Set to 30 minutes.
[AirdropContainerFall] Loot Spawned [19] KOD_M16A4 @ <10107.035156, 39.184654, 2502.262695> ... Lifespan: Set to 30 minutes.
[AirdropContainerFall] Loot Spawned [20] Pear @ <10109.912109, 38.636066, 2505.965332> ... Lifespan: Set to 30 minutes.
[AirdropContainerFall] Loot Spawned [21] SodaCan_Cola @ <10105.075195, 39.481689, 2502.917480> ... Lifespan: Set to 30 minutes.
[AirdropContainerFall] Loot Spawned [22] Canteen @ <10108.241211, 38.975231, 2502.908447> ... Lifespan: Set to 30 minutes.
[AirdropContainerFall] Loot Spawned [23] PeachesCan @ <10109.288086, 38.770523, 2504.379883> ... Lifespan: Set to 30 minutes.
[AirdropContainerFall] Loot Spawned [24] Canteen @ <10105.945313, 39.319748, 2503.810791> ... Lifespan: Set to 30 minutes.
[AirdropContainerFall] Loot Spawned [25] BoxCerealCrunchin @ <10108.208984, 39.018200, 2501.420410> ... Lifespan: Set to 30 minutes.
[AirdropContainerFall] Loot Spawned [26] SodaCan_Cola @ <10107.205078, 39.167133, 2501.878906> ... Lifespan: Set to 30 minutes.
[AirdropContainerFall] Loot Spawned [27] SodaCan_Kvass @ <10109.709961, 38.667881, 2506.047119> ... Lifespan: Set to 30 minutes.
[AirdropContainerFall] Loot Spawned [28] GreenBellPepper @ <10108.709961, 38.892479, 2503.214355> ... Lifespan: Set to 30 minutes.
[AirdropContainerFall] Loot Spawned [29] SodaCan_Pipsi @ <10107.061523, 39.167416, 2502.775635> ... Lifespan: Set to 30 minutes.
[AirdropContainerUnstuck] Container was unstuck.
[~AirdropContainerBase] Container Destroyed on 2021-03-19 @ 21-25-55
