[InitializeContainer] Container created on 2021-04-25 @ 22-35-01
[InitializeContainer] Winds: Vector <8.453898, 0.000000, 10.619957>, Speed 13.5739mps, Strength 0.1
[AirdropContainerFall] Drop Type 'Medical', Container: 'RANDOM', Mode/Quantity/Iems: Random/20/33, Flare:  10%
[AirdropContainerFall] Loot Spawned [1] BandageDressing @ <1813.924561, 175.939316, 5251.245605> ... Lifespan: Set to 60 minutes.
[AirdropContainerFall] Loot Spawned [2] Epinephrine @ <1812.519409, 175.682175, 5246.581543> ... Lifespan: Set to 60 minutes.
[AirdropContainerFall] Loot Spawned [3] DisinfectantAlcohol @ <1810.470947, 175.744293, 5248.002441> ... Lifespan: Set to 60 minutes.
[AirdropContainerFall] Loot Spawned [4] DisinfectantSpray @ <1813.824707, 175.708603, 5246.914063> ... Lifespan: Set to 60 minutes.
[AirdropContainerFall] Loot Spawned [5] Rag @ <1811.567017, 175.789246, 5248.708496> ... Lifespan: Set to 60 minutes.
[AirdropContainerFall] Loot Spawned [6] Heatpack @ <1814.840820, 175.701935, 5246.662109> ... Lifespan: Set to 60 minutes.
[AirdropContainerFall] Loot Spawned [7] Epinephrine @ <1811.755615, 175.952835, 5251.796875> ... Lifespan: Set to 60 minutes.
[AirdropContainerFall] Loot Spawned [8] BloodTestKit @ <1814.876587, 175.725449, 5247.098633> ... Lifespan: Set to 60 minutes.
[AirdropContainerFall] Loot Spawned [9] SurgicalGloves_LightBlue @ <1815.754517, 175.729919, 5247.298828> ... Lifespan: Set to 60 minutes.
[AirdropContainerFall] Loot Spawned [10] BloodTestKit @ <1811.498291, 175.936172, 5251.509277> ... Lifespan: Set to 60 minutes.
[AirdropContainerFall] Loot Spawned [11] SalineBagIV @ <1816.682617, 175.730804, 5247.478027> ... Lifespan: Set to 60 minutes.
[AirdropContainerFall] Loot Spawned [12] BloodTestKit @ <1815.255371, 175.694351, 5246.544434> ... Lifespan: Set to 60 minutes.
[AirdropContainerFall] Loot Spawned [13] BloodBagEmpty @ <1815.390015, 175.803772, 5248.620117> ... Lifespan: Set to 60 minutes.
[AirdropContainerFall] Loot Spawned [14] MedicalScrubsShirt_Green @ <1814.795776, 175.930145, 5250.916016> ... Lifespan: Set to 60 minutes.
[AirdropContainerFall] Loot Spawned [15] TetracyclineAntibiotics @ <1815.183960, 175.784561, 5248.223633> ... Lifespan: Set to 60 minutes.
[AirdropContainerFall] Loot Spawned [16] BandageDressing @ <1810.688721, 175.750381, 5248.089355> ... Lifespan: Set to 60 minutes.
[AirdropContainerFall] Loot Spawned [17] BloodBagIV @ <1812.586060, 175.953461, 5251.702637> ... Lifespan: Set to 60 minutes.
[AirdropContainerFall] Loot Spawned [18] Heatpack @ <1812.207764, 175.940002, 5251.492188> ... Lifespan: Set to 60 minutes.
[AirdropContainerFall] Loot Spawned [19] SurgicalGloves_Green @ <1814.673218, 175.762817, 5247.824219> ... Lifespan: Set to 60 minutes.
[AirdropContainerFall] Loot Spawned [20] BandageDressing @ <1815.288696, 175.755875, 5247.704102> ... Lifespan: Set to 60 minutes.
[AirdropContainerUnstuck] Container was unstuck.
[~AirdropContainerBase] Container Destroyed on 2021-04-25 @ 23-05-01
