[InitializeContainer] Container created on 2021-04-11 @ 15-28-28
[InitializeContainer] Winds: Vector <5.934731, 0.000000, -6.309822>, Speed 8.66227mps, Strength 0.1
[AirdropContainerFall] Drop Type 'Misc. Tools', Container: 'RANDOM', Mode/Quantity/Iems: Random/30/54, Flare:  10%
[AirdropContainerFall] Loot Spawned [1] BatteryCharger @ <3184.163818, 203.348740, 12866.846680> ... Lifespan: Set to 30 minutes.
[AirdropContainerFall] Loot Spawned [2] Hatchet @ <3181.651123, 203.422516, 12863.091797> ... Lifespan: Set to 30 minutes.
[AirdropContainerFall] Loot Spawned [3] Screwdriver @ <3183.572510, 203.374527, 12867.541016> ... Lifespan: Set to 30 minutes.
[AirdropContainerFall] Loot Spawned [4] AKM @ <3185.739502, 203.272293, 12863.542969> ... Lifespan: Set to 30 minutes.
[AirdropContainerFall] Loot Spawned [5] AK101 @ <3181.776611, 203.416122, 12862.771484> ... Lifespan: Set to 30 minutes.
[AirdropContainerFall] Loot Spawned [6] AK101 @ <3181.299316, 203.437637, 12863.466797> ... Lifespan: Set to 30 minutes.
[AirdropContainerFall] Loot Spawned [7] WoodAxe @ <3181.875732, 203.412430, 12861.956055> ... Lifespan: Set to 30 minutes.
[AirdropContainerFall] Loot Spawned [8] AKM @ <3182.982666, 203.371643, 12861.753906> ... Lifespan: Set to 30 minutes.
[AirdropContainerFall] Loot Spawned [9] SledgeHammer @ <3181.786133, 203.415527, 12862.724609> ... Lifespan: Set to 30 minutes.
[AirdropContainerFall] Loot Spawned [10] CableReel @ <3183.229004, 203.378601, 12865.900391> ... Lifespan: Set to 30 minutes.
[AirdropContainerFall] Loot Spawned [11] KOD_DVL10 @ <3180.794678, 203.452209, 12862.174805> ... Lifespan: Set to 30 minutes.
[AirdropContainerFall] Loot Spawned [12] FirefighterAxe @ <3182.751953, 203.395844, 12865.794922> ... Lifespan: Set to 30 minutes.
[AirdropContainerFall] Loot Spawned [13] Whetstone @ <3186.135742, 203.260300, 12864.066406> ... Lifespan: Set to 30 minutes.
[AirdropContainerFall] Loot Spawned [14] Chemlight_Yellow @ <3181.457275, 203.426910, 12862.385742> ... Lifespan: Set to 30 minutes.
[AirdropContainerFall] Loot Spawned [15] Headtorch_Grey @ <3183.971436, 203.334442, 12861.865234> ... Lifespan: Set to 30 minutes.
[AirdropContainerFall] Loot Spawned [16] SewingKit @ <3184.960449, 203.300812, 12863.436523> ... Lifespan: Set to 30 minutes.
[AirdropContainerFall] Loot Spawned [17] CombatKnife @ <3180.350830, 203.472992, 12863.455078> ... Lifespan: Set to 30 minutes.
[AirdropContainerFall] Loot Spawned [18] PortableGasLamp @ <3183.251953, 203.360474, 12862.665039> ... Lifespan: Set to 30 minutes.
[AirdropContainerFall] Loot Spawned [19] Wrench @ <3185.141113, 203.291977, 12861.413086> ... Lifespan: Set to 30 minutes.
[AirdropContainerFall] Loot Spawned [20] WeaponCleaningKit @ <3180.955322, 203.457764, 12864.829102> ... Lifespan: Set to 30 minutes.
[AirdropContainerFall] Loot Spawned [21] CanOpener @ <3185.545410, 203.280396, 12863.702148> ... Lifespan: Set to 30 minutes.
[AirdropContainerFall] Loot Spawned [22] Binoculars @ <3181.609375, 203.426147, 12863.481445> ... Lifespan: Set to 30 minutes.
[AirdropContainerFall] Loot Spawned [23] Wrench @ <3183.852539, 203.356003, 12866.027344> ... Lifespan: Set to 30 minutes.
[AirdropContainerFall] Loot Spawned [24] KitchenKnife @ <3180.917725, 203.447968, 12862.730469> ... Lifespan: Set to 30 minutes.
[AirdropContainerFall] Loot Spawned [25] Hatchet @ <3184.142822, 203.329025, 12861.491211> ... Lifespan: Set to 30 minutes.
[AirdropContainerFall] Loot Spawned [26] CanOpener @ <3181.983887, 203.410812, 12861.051758> ... Lifespan: Set to 30 minutes.
[AirdropContainerFall] Loot Spawned [27] KitchenKnife @ <3183.260986, 203.381027, 12866.580078> ... Lifespan: Set to 30 minutes.
[AirdropContainerFall] Loot Spawned [28] Screwdriver @ <3181.662842, 203.443283, 12867.068359> ... Lifespan: Set to 30 minutes.
[AirdropContainerFall] Loot Spawned [29] Roadflare @ <3182.470215, 203.389862, 12862.100586> ... Lifespan: Set to 30 minutes.
[AirdropContainerFall] Loot Spawned [30] PortableGasStove @ <3181.996338, 203.421249, 12865.269531> ... Lifespan: Set to 30 minutes.
[AirdropContainerUnstuck] Container was unstuck.
[~AirdropContainerBase] Container Destroyed on 2021-04-11 @ 15-53-28
