[AirdropPlane] Aircraft created on 2021-04-10 @ 11-08-20
[InitializeAircraft] Aircraft Initialized: Zelenogorks @ 1875/5210 (true)
[EOnBeforeDrop] The Aircraft is 1 Km from Zelenogorks. @ <2324.670410, 508.312012, 6639.040039>
[EOnDrop] Zombie Spawned [1] ZmbM_FarmerFat_Beige @ <1894.737427, 177.541809, 5292.211426> ... Lifespan:  Set to 30 minutes.
[EOnDrop] Zombie Spawned [2] ZmbM_VillagerOld_White @ <1922.155518, 176.858612, 5286.825684> ... Lifespan:  Set to 30 minutes.
[EOnDrop] Zombie Spawned [3] ZmbF_SurvivorNormal_Red @ <1892.527832, 181.050858, 5327.810059> ... Lifespan:  Set to 30 minutes.
[EOnDrop] Spawn failed for zombie [4] 'ZmbM_SurvivorDean_Grey', it does not exist in DayZ!
[EOnDrop] Zombie Spawned [5] ZmbM_HermitSkinny_Black @ <1891.163208, 176.438644, 5274.472168> ... Lifespan:  Set to 30 minutes.
[EOnDrop] Zombie Spawned [6] ZmbM_HunterOld_Autumn @ <1924.210449, 175.701355, 5251.331055> ... Lifespan:  Set to 30 minutes.
[EOnDrop] Zombie Spawned [7] ZmbM_HikerSkinny_Green @ <1943.873291, 176.461945, 5271.195313> ... Lifespan:  Set to 30 minutes.
[EOnDrop] Zombie Spawned [8] ZmbM_HermitSkinny_Red @ <1896.081055, 176.690628, 5279.407715> ... Lifespan:  Set to 30 minutes.
[EOnDrop] Zombie Spawned [9] ZmbF_VillagerOld_White @ <1936.389526, 177.688904, 5298.298828> ... Lifespan:  Set to 30 minutes.
[EOnDrop] Zombie Spawned [10] ZmbF_MilkMaidOld_Beige @ <1857.739136, 176.169250, 5273.118652> ... Lifespan:  Set to 30 minutes.
[EOnDrop] Zombie Spawned [11] ZmbF_MilkMaidOld_Beige @ <1905.575562, 178.906860, 5316.759277> ... Lifespan:  Set to 30 minutes.
[EOnDrop] Zombie Spawned [12] ZmbM_HermitSkinny_Black @ <1868.278320, 175.429672, 5269.687500> ... Lifespan:  Set to 30 minutes.
[EOnDrop] Zombie Spawned [13] ZmbM_HunterOld_Autumn @ <1892.035645, 178.015305, 5298.014648> ... Lifespan:  Set to 30 minutes.
[EOnDrop] Zombie Spawned [14] ZmbM_FarmerFat_Green @ <1892.490967, 176.336929, 5271.925293> ... Lifespan:  Set to 30 minutes.
[EOnDrop] Zombie Spawned [15] ZmbF_MilkMaidOld_Grey @ <1891.668213, 179.374878, 5319.508789> ... Lifespan:  Set to 30 minutes.
[EOnDrop] Zombie Spawned [16] ZmbF_VillagerOld_White @ <1885.055054, 176.284363, 5273.996094> ... Lifespan:  Set to 30 minutes.
[EOnDrop] Zombie Spawned [17] ZmbM_FarmerFat_Blue @ <1909.081299, 175.632614, 5247.746582> ... Lifespan:  Set to 30 minutes.
[EOnDrop] Zombie Spawned [18] ZmbF_VillagerOld_White @ <1870.605347, 176.359482, 5283.127441> ... Lifespan:  Set to 30 minutes.
[EOnDrop] Zombie Spawned [19] ZmbF_HikerSkinny_Blue @ <1878.901611, 176.610275, 5287.382324> ... Lifespan:  Set to 30 minutes.
[EOnDrop] Zombie Spawned [20] ZmbF_SurvivorNormal_White @ <1902.956543, 176.532272, 5274.580566> ... Lifespan:  Set to 30 minutes.
[EOnDrop] Drop spawned with 20 infected at <1899.748535, 338.266235, 5286.395996>.
[EOnDrop] Supplies have been dropped near Zelenogorks.
[EOnBeforeDelete] Aircraft despawned @ <-75.242340, 152.000610, -1000.669189>
[~AirdropPlane] Aircraft destroyed.
