[InitializeContainer] Container created on 2021-03-08 @ 10-34-46
[InitializeContainer] Winds: Vector <7.230552, 0.000000, -5.561113>, Speed 9.12178mps, Strength 0.1
[AirdropContainerFall] Drop Type 'Military East', Container: 'AirdropContainer_Military', Mode/Quantity/Iems: Random/20/28, Flare:  10%
[AirdropContainerFall] Loot Spawned [1] GorkaPants_Autumn @ <12373.616211, 23.972496, 9302.489258> ... Lifespan: Set to 60 minutes.
[AirdropContainerFall] Loot Spawned [2] TTsKOJacket_Camo @ <12376.823242, 24.090927, 9297.890625> ... Lifespan: Set to 60 minutes.
[AirdropContainerFall] Loot Spawned [3] TTsKOJacket_Camo @ <12376.180664, 24.123569, 9297.681641> ... Lifespan: Set to 60 minutes.
[AirdropContainerFall] Loot Spawned [4] GorkaPants_Summer @ <12374.108398, 24.145817, 9298.495117> ... Lifespan: Set to 60 minutes.
[AirdropContainerFall] Loot Spawned [5] TacticalBaconCan @ <12377.278320, 24.011253, 9299.287109> ... Lifespan: Set to 60 minutes.
[AirdropContainerFall] Loot Spawned [6] TTsKOJacket_Camo @ <12372.040039, 24.070953, 9300.998047> ... Lifespan: Set to 60 minutes.
[AirdropContainerFall] Loot Spawned [7] TacticalBaconCan @ <12373.175781, 24.199215, 9297.701172> ... Lifespan: Set to 60 minutes.
[AirdropContainerFall] Loot Spawned [8] TacticalGloves_Beige @ <12374.485352, 23.926819, 9303.094727> ... Lifespan: Set to 60 minutes.
[AirdropContainerFall] Loot Spawned [9] GorkaEJacket_Summer @ <12372.878906, 24.009022, 9302.019531> ... Lifespan: Set to 60 minutes.
[AirdropContainerFall] Loot Spawned [10] GorkaEJacket_Summer @ <12375.381836, 24.170488, 9297.280273> ... Lifespan: Set to 60 minutes.
[AirdropContainerFall] Loot Spawned [11] AmmoBox_762x39_20Rnd @ <12377.134766, 23.952864, 9300.669922> ... Lifespan: Set to 60 minutes.
[AirdropContainerFall] Loot Spawned [12] GorkaPants_PautRev @ <12376.993164, 24.102852, 9297.493164> ... Lifespan: Set to 60 minutes.
[AirdropContainerFall] Loot Spawned [13] GorkaEJacket_Flat @ <12373.631836, 23.954712, 9302.863281> ... Lifespan: Set to 60 minutes.
[AirdropContainerFall] Loot Spawned [14] TacticalGloves_Black @ <12371.827148, 24.183758, 9298.597656> ... Lifespan: Set to 60 minutes.
[AirdropContainerFall] Loot Spawned [15] GorkaEJacket_Autumn @ <12371.726563, 24.109062, 9300.287109> ... Lifespan: Set to 60 minutes.
[AirdropContainerFall] Loot Spawned [16] GorkaPants_PautRev @ <12375.936523, 23.934023, 9301.997070> ... Lifespan: Set to 60 minutes.
[AirdropContainerFall] Loot Spawned [17] GorkaEJacket_Flat @ <12377.493164, 23.969597, 9300.034180> ... Lifespan: Set to 60 minutes.
[AirdropContainerFall] Loot Spawned [18] GorkaPants_Flat @ <12372.953125, 23.997759, 9302.231445> ... Lifespan: Set to 60 minutes.
[AirdropContainerFall] Loot Spawned [19] TTsKOJacket_Camo @ <12373.636719, 24.054596, 9300.702148> ... Lifespan: Set to 60 minutes.
[AirdropContainerFall] Loot Spawned [20] UniversalLight @ <12376.598633, 24.046749, 9299.043945> ... Lifespan: Set to 60 minutes.
[AirdropContainerUnstuck] Container was unstuck.
[~AirdropContainerBase] Container Destroyed on 2021-03-08 @ 10-49-46
