[InitializeContainer] Container created on 2021-04-21 @ 00-26-15
[InitializeContainer] Winds: Vector <11.346742, 0.000000, 3.146944>, Speed 11.7751mps, Strength 0.1
[AirdropContainerFall] Drop Type 'Military East', Container: 'AirdropContainer_Military', Mode/Quantity/Iems: Random/20/33, Flare:  10%
[AirdropContainerFall] Loot Spawned [1] AmmoBox_762x39_20Rnd @ <4424.665527, 339.001007, 10309.707031> ... Lifespan: Set to 30 minutes.
[AirdropContainerFall] Loot Spawned [2] AK_PlasticBttstck @ <4428.594238, 339.001007, 10309.939453> ... Lifespan: Set to 30 minutes.
[AirdropContainerFall] Loot Spawned [3] AK_PlasticBttstck @ <4427.878418, 339.001007, 10305.750977> ... Lifespan: Set to 30 minutes.
[AirdropContainerFall] Loot Spawned [4] AKM @ <4424.704102, 339.001007, 10308.617188> ... Lifespan: Set to 30 minutes.
[AirdropContainerFall] Loot Spawned [5] AKM @ <4423.724609, 339.001007, 10307.251953> ... Lifespan: Set to 30 minutes.
[AirdropContainerFall] Loot Spawned [6] Battery9V @ <4428.169922, 339.001007, 10306.869141> ... Lifespan: Set to 30 minutes.
[AirdropContainerFall] Loot Spawned [7] AK_RailHndgrd @ <4424.229492, 339.001007, 10306.339844> ... Lifespan: Set to 30 minutes.
[AirdropContainerFall] Loot Spawned [8] TTsKOJacket_Camo @ <4426.665039, 339.001007, 10311.127930> ... Lifespan: Set to 30 minutes.
[AirdropContainerFall] Loot Spawned [9] GorkaPants_PautRev @ <4429.483887, 339.001007, 10306.524414> ... Lifespan: Set to 30 minutes.
[AirdropContainerFall] Loot Spawned [10] GorkaPants_PautRev @ <4428.800781, 339.001007, 10306.846680> ... Lifespan: Set to 30 minutes.
[AirdropContainerFall] Loot Spawned [11] UniversalLight @ <4424.512207, 339.001007, 10308.148438> ... Lifespan: Set to 30 minutes.
[AirdropContainerFall] Loot Spawned [12] TacticalGloves_Green @ <4429.201660, 339.001007, 10308.309570> ... Lifespan: Set to 30 minutes.
[AirdropContainerFall] Loot Spawned [13] GorkaEJacket_PautRev @ <4428.553711, 339.001007, 10306.694336> ... Lifespan: Set to 30 minutes.
[AirdropContainerFall] Loot Spawned [14] GorkaPants_PautRev @ <4425.307129, 339.001007, 10306.315430> ... Lifespan: Set to 30 minutes.
[AirdropContainerFall] Loot Spawned [15] TTSKOPants @ <4428.900391, 339.001007, 10307.183594> ... Lifespan: Set to 30 minutes.
[AirdropContainerFall] Loot Spawned [16] AK_Suppressor @ <4427.115723, 339.001007, 10309.635742> ... Lifespan: Set to 30 minutes.
[AirdropContainerFall] Loot Spawned [17] GorkaEJacket_Summer @ <4424.182617, 339.001007, 10308.063477> ... Lifespan: Set to 30 minutes.
[AirdropContainerFall] Loot Spawned [18] Battery9V @ <4428.775391, 339.001007, 10310.433594> ... Lifespan: Set to 30 minutes.
[AirdropContainerFall] Loot Spawned [19] AK_RailHndgrd @ <4425.665039, 339.001007, 10305.515625> ... Lifespan: Set to 30 minutes.
[AirdropContainerFall] Loot Spawned [20] WeaponCleaningKit @ <4427.811035, 339.001007, 10309.240234> ... Lifespan: Set to 30 minutes.
[AirdropContainerUnstuck] Container was unstuck.
[~AirdropContainerBase] Container Destroyed on 2021-04-21 @ 00-51-15
