[InitializeContainer] Container created on 2021-04-25 @ 16-06-14
[InitializeContainer] Winds: Vector <6.122516, 0.000000, -6.219601>, Speed 8.72746mps, Strength 0.1
[AirdropContainerFall] Drop Type 'Misc. Food', Container: 'RANDOM', Mode/Quantity/Iems: Random/20/26, Flare:  10%
[AirdropContainerFall] Loot Spawned [1] TacticalBaconCan @ <12119.346680, 140.001007, 12715.910156> ... Lifespan: Set to 60 minutes.
[AirdropContainerFall] Loot Spawned [2] SodaCan_Kvass @ <12117.253906, 140.001007, 12713.080078> ... Lifespan: Set to 60 minutes.
[AirdropContainerFall] Loot Spawned [3] Canteen @ <12116.768555, 140.001007, 12712.115234> ... Lifespan: Set to 60 minutes.
[AirdropContainerFall] Loot Spawned [4] SodaCan_Pipsi @ <12118.385742, 140.001007, 12717.696289> ... Lifespan: Set to 60 minutes.
[AirdropContainerFall] Loot Spawned [5] Apple @ <12116.699219, 140.001007, 12714.742188> ... Lifespan: Set to 60 minutes.
[AirdropContainerFall] Loot Spawned [6] GreenBellPepper @ <12115.843750, 140.001007, 12716.343750> ... Lifespan: Set to 60 minutes.
[AirdropContainerFall] Loot Spawned [7] Potato @ <12118.906250, 140.001007, 12713.332031> ... Lifespan: Set to 60 minutes.
[AirdropContainerFall] Loot Spawned [8] Pear @ <12116.316406, 140.001007, 12713.031250> ... Lifespan: Set to 60 minutes.
[AirdropContainerFall] Loot Spawned [9] SardinesCan @ <12119.125000, 140.001007, 12716.721680> ... Lifespan: Set to 60 minutes.
[AirdropContainerFall] Loot Spawned [10] SodaCan_Cola @ <12118.034180, 140.001007, 12717.799805> ... Lifespan: Set to 60 minutes.
[AirdropContainerFall] Loot Spawned [11] Apple @ <12117.293945, 140.001007, 12717.545898> ... Lifespan: Set to 60 minutes.
[AirdropContainerFall] Loot Spawned [12] BakedBeansCan @ <12114.828125, 140.001007, 12714.263672> ... Lifespan: Set to 60 minutes.
[AirdropContainerFall] Loot Spawned [13] TunaCan @ <12119.562500, 140.001007, 12716.458984> ... Lifespan: Set to 60 minutes.
[AirdropContainerFall] Loot Spawned [14] SardinesCan @ <12119.783203, 140.001007, 12715.771484> ... Lifespan: Set to 60 minutes.
[AirdropContainerFall] Loot Spawned [15] BakedBeansCan @ <12116.670898, 140.001007, 12713.714844> ... Lifespan: Set to 60 minutes.
[AirdropContainerFall] Loot Spawned [16] BoxCerealCrunchin @ <12118.384766, 140.001007, 12716.383789> ... Lifespan: Set to 60 minutes.
[AirdropContainerFall] Loot Spawned [17] GreenBellPepper @ <12120.444336, 140.001007, 12714.090820> ... Lifespan: Set to 60 minutes.
[AirdropContainerFall] Loot Spawned [18] TunaCan @ <12117.022461, 140.001007, 12713.617188> ... Lifespan: Set to 60 minutes.
[AirdropContainerFall] Loot Spawned [19] SambucusBerry @ <12120.766602, 140.001007, 12713.587891> ... Lifespan: Set to 60 minutes.
[AirdropContainerFall] Loot Spawned [20] Canteen @ <12117.283203, 140.001007, 12717.812500> ... Lifespan: Set to 60 minutes.
[AirdropContainerUnstuck] Container was unstuck.
[~AirdropContainerBase] Container Destroyed on 2021-04-25 @ 16-36-14
