[InitializeContainer] Container created on 2021-03-17 @ 21-01-53
[InitializeContainer] Winds: Vector <9.767625, 0.000000, 8.708336>, Speed 13.0859mps, Strength 0.1
[AirdropContainerFall] Drop Type 'Military East', Container: 'AirdropContainer_Military', Mode/Quantity/Iems: Random/20/33, Flare:  10%
[AirdropContainerFall] Loot Spawned [1] AK101 @ <10037.668945, 47.421795, 2537.554199> ... Lifespan: Set to 30 minutes.
[AirdropContainerFall] Loot Spawned [2] GorkaPants_Flat @ <10036.526367, 47.680325, 2536.133789> ... Lifespan: Set to 30 minutes.
[AirdropContainerFall] Loot Spawned [3] AK_RailHndgrd @ <10035.968750, 47.673782, 2537.702393> ... Lifespan: Set to 30 minutes.
[AirdropContainerFall] Loot Spawned [4] TacticalGloves_Beige @ <10032.098633, 47.965103, 2540.412354> ... Lifespan: Set to 30 minutes.
[AirdropContainerFall] Loot Spawned [5] GorkaEJacket_Flat @ <10031.487305, 48.178265, 2537.962891> ... Lifespan: Set to 30 minutes.
[AirdropContainerFall] Loot Spawned [6] KOD_M16A4 @ <10036.290039, 47.667179, 2536.975098> ... Lifespan: Set to 30 minutes.
[AirdropContainerFall] Loot Spawned [7] GorkaPants_PautRev @ <10036.268555, 47.495224, 2539.963623> ... Lifespan: Set to 30 minutes.
[AirdropContainerFall] Loot Spawned [8] GorkaPants_Flat @ <10033.793945, 48.067333, 2535.748779> ... Lifespan: Set to 30 minutes.
[AirdropContainerFall] Loot Spawned [9] GorkaEJacket_PautRev @ <10032.056641, 48.154968, 2537.357178> ... Lifespan: Set to 30 minutes.
[AirdropContainerFall] Loot Spawned [10] WeaponCleaningKit @ <10033.911133, 47.763985, 2540.628662> ... Lifespan: Set to 30 minutes.
[AirdropContainerFall] Loot Spawned [11] TacticalGloves_Black @ <10032.129883, 47.947449, 2540.658203> ... Lifespan: Set to 30 minutes.
[AirdropContainerFall] Loot Spawned [12] AK101 @ <10031.976563, 48.080772, 2538.658203> ... Lifespan: Set to 30 minutes.
[AirdropContainerFall] Loot Spawned [13] GorkaPants_PautRev @ <10035.804688, 47.562187, 2540.032959> ... Lifespan: Set to 30 minutes.
[AirdropContainerFall] Loot Spawned [14] TTsKOJacket_Camo @ <10033.095703, 47.977257, 2538.437988> ... Lifespan: Set to 30 minutes.
[AirdropContainerFall] Loot Spawned [15] Mag_AKM_30Rnd @ <10035.996094, 47.681011, 2537.507568> ... Lifespan: Set to 30 minutes.
[AirdropContainerFall] Loot Spawned [16] KOD_M110_Tan @ <10034.497070, 47.956242, 2536.312988> ... Lifespan: Set to 30 minutes.
[AirdropContainerFall] Loot Spawned [17] GorkaEJacket_Flat @ <10032.265625, 48.051060, 2538.651855> ... Lifespan: Set to 30 minutes.
[AirdropContainerFall] Loot Spawned [18] GorkaPants_PautRev @ <10036.434570, 47.449551, 2540.306641> ... Lifespan: Set to 30 minutes.
[AirdropContainerFall] Loot Spawned [19] GorkaPants_PautRev @ <10033.564453, 47.821526, 2540.261475> ... Lifespan: Set to 30 minutes.
[AirdropContainerFall] Loot Spawned [20] Binoculars @ <10036.459961, 47.519138, 2539.055908> ... Lifespan: Set to 30 minutes.
[AirdropContainerUnstuck] Container was unstuck.
[~AirdropContainerBase] Container Destroyed on 2021-03-17 @ 21-26-53
