[InitializeContainer] Container created on 2021-04-30 @ 08-49-37
[InitializeContainer] Winds: Vector <5.368854, 0.000000, -6.547814>, Speed 8.46749mps, Strength 0.1
[AirdropContainerFall] Drop Type 'Military East', Container: 'RANDOM', Mode/Quantity/Iems: Random/20/28, Flare:  10%
[AirdropContainerFall] Loot Spawned [1] AK_Suppressor @ <3173.977783, 203.716965, 12861.344727> ... Lifespan: Set to 60 minutes.
[AirdropContainerFall] Loot Spawned [2] Mag_AKM_30Rnd @ <3176.271973, 203.629272, 12860.958984> ... Lifespan: Set to 60 minutes.
[AirdropContainerFall] Loot Spawned [3] Battery9V @ <3176.099609, 203.636414, 12860.775391> ... Lifespan: Set to 60 minutes.
[AirdropContainerFall] Loot Spawned [4] GorkaEJacket_PautRev @ <3172.726563, 203.762405, 12862.443359> ... Lifespan: Set to 60 minutes.
[AirdropContainerFall] Loot Spawned [5] GorkaPants_PautRev @ <3178.793213, 203.535416, 12863.955078> ... Lifespan: Set to 60 minutes.
[AirdropContainerFall] Loot Spawned [6] TacticalBaconCan @ <3177.340820, 203.584824, 12862.125000> ... Lifespan: Set to 60 minutes.
[AirdropContainerFall] Loot Spawned [7] Binoculars @ <3177.550537, 203.581863, 12863.653320> ... Lifespan: Set to 60 minutes.
[AirdropContainerFall] Loot Spawned [8] AK_RailHndgrd @ <3176.184570, 203.646072, 12865.790039> ... Lifespan: Set to 60 minutes.
[AirdropContainerFall] Loot Spawned [9] WeaponCleaningKit @ <3178.647461, 203.541260, 12863.994141> ... Lifespan: Set to 60 minutes.
[AirdropContainerFall] Loot Spawned [10] AK_Bayonet @ <3176.126465, 203.643845, 12864.950195> ... Lifespan: Set to 60 minutes.
[AirdropContainerFall] Loot Spawned [11] GorkaPants_Autumn @ <3175.824707, 203.657379, 12865.300781> ... Lifespan: Set to 60 minutes.
[AirdropContainerFall] Loot Spawned [12] TacticalGloves_Green @ <3176.381348, 203.623734, 12861.447266> ... Lifespan: Set to 60 minutes.
[AirdropContainerFall] Loot Spawned [13] TacticalGloves_Beige @ <3177.571777, 203.575516, 12862.617188> ... Lifespan: Set to 60 minutes.
[AirdropContainerFall] Loot Spawned [14] UniversalLight @ <3172.378174, 203.782837, 12863.866211> ... Lifespan: Set to 60 minutes.
[AirdropContainerFall] Loot Spawned [15] AmmoBox_762x39_20Rnd @ <3176.936035, 203.610275, 12864.525391> ... Lifespan: Set to 60 minutes.
[AirdropContainerFall] Loot Spawned [16] AmmoBox_762x39_20Rnd @ <3177.987305, 203.563477, 12863.371094> ... Lifespan: Set to 60 minutes.
[AirdropContainerFall] Loot Spawned [17] AK_RailHndgrd @ <3173.090576, 203.748886, 12862.237305> ... Lifespan: Set to 60 minutes.
[AirdropContainerFall] Loot Spawned [18] AmmoBox_762x39_20Rnd @ <3175.509521, 203.660126, 12860.445313> ... Lifespan: Set to 60 minutes.
[AirdropContainerFall] Loot Spawned [19] GorkaPants_Autumn @ <3174.773438, 203.699539, 12865.583984> ... Lifespan: Set to 60 minutes.
[AirdropContainerFall] Loot Spawned [20] TacticalBaconCan @ <3176.091553, 203.637054, 12860.656250> ... Lifespan: Set to 60 minutes.
[AirdropContainerUnstuck] Container was unstuck.
[~AirdropContainerBase] Container Destroyed on 2021-04-30 @ 09-00-58
