[InitializeContainer] Container created on 2021-03-23 @ 04-35-14
[InitializeContainer] Winds: Vector <9.732348, 0.000000, -2.927179>, Speed 10.163mps, Strength 0.1
[AirdropContainerFall] Drop Type 'Medical', Container: 'AirdropContainer_Medical', Mode/Quantity/Iems: Random/20/37, Flare:  10%
[AirdropContainerFall] Spawn failed for item [1] 'MedicalScrubShirt_Blue', does not exist in DayZ!
[AirdropContainerFall] Loot Spawned [2] BandageDressing @ <4958.384277, 9.501000, 2514.138428> ... Lifespan: Set to 30 minutes.
[AirdropContainerFall] Loot Spawned [3] BandageDressing @ <4953.998535, 9.501000, 2513.291016> ... Lifespan: Set to 30 minutes.
[AirdropContainerFall] Loot Spawned [4] SurgicalGloves_Blue @ <4954.685547, 9.501000, 2511.751953> ... Lifespan: Set to 30 minutes.
[AirdropContainerFall] Spawn failed for item [5] 'MedicalScrubPants_Blue', does not exist in DayZ!
[AirdropContainerFall] Loot Spawned [6] Morphine @ <4956.332520, 9.501000, 2511.433594> ... Lifespan: Set to 30 minutes.
[AirdropContainerFall] Loot Spawned [7] WaterBottle @ <4956.226563, 9.501000, 2515.348633> ... Lifespan: Set to 30 minutes.
[AirdropContainerFall] Loot Spawned [8] SalineBag @ <4959.666992, 9.501000, 2512.247314> ... Lifespan: Set to 30 minutes.
[AirdropContainerFall] Loot Spawned [9] VitaminBottle @ <4959.770996, 9.501000, 2513.313477> ... Lifespan: Set to 30 minutes.
[AirdropContainerFall] Loot Spawned [10] SurgicalGloves_Green @ <4957.670410, 9.501000, 2510.078369> ... Lifespan: Set to 30 minutes.
[AirdropContainerFall] Loot Spawned [11] SurgicalMask @ <4955.874512, 9.501000, 2515.475586> ... Lifespan: Set to 30 minutes.
[AirdropContainerFall] Loot Spawned [12] SalineBagIV @ <4955.165527, 9.501000, 2510.412109> ... Lifespan: Set to 30 minutes.
[AirdropContainerFall] Loot Spawned [13] Heatpack @ <4954.616211, 9.501000, 2514.714600> ... Lifespan: Set to 30 minutes.
[AirdropContainerFall] Loot Spawned [14] MedicalScrubsHat_White @ <4956.523438, 9.501000, 2515.948730> ... Lifespan: Set to 30 minutes.
[AirdropContainerFall] Loot Spawned [15] PainkillerTablets @ <4959.481934, 9.501000, 2513.905273> ... Lifespan: Set to 30 minutes.
[AirdropContainerFall] Loot Spawned [16] SurgicalGloves_Green @ <4958.895996, 9.501000, 2513.194336> ... Lifespan: Set to 30 minutes.
[AirdropContainerFall] Loot Spawned [17] KOD_M16A4 @ <4956.400391, 9.501000, 2515.649170> ... Lifespan: Set to 30 minutes.
[AirdropContainerFall] Loot Spawned [18] BloodTestKit @ <4954.560059, 9.501000, 2512.395508> ... Lifespan: Set to 30 minutes.
[AirdropContainerFall] Loot Spawned [19] Morphine @ <4954.197266, 9.501000, 2511.456299> ... Lifespan: Set to 30 minutes.
[AirdropContainerFall] Loot Spawned [20] PainkillerTablets @ <4954.761719, 9.501000, 2512.991943> ... Lifespan: Set to 30 minutes.
[AirdropContainerUnstuck] Container was unstuck.
[~AirdropContainerBase] Container Destroyed on 2021-03-23 @ 05-00-14
