[InitializeContainer] Container created on 2021-03-30 @ 17-29-14
[InitializeContainer] Winds: Vector <-2.811482, 0.000000, -3.679892>, Speed 4.63099mps, Strength 0.1
[AirdropContainerFall] Drop Type 'Military West', Container: 'AirdropContainer_Military', Mode/Quantity/Iems: Random/20/46, Flare:  10%
[AirdropContainerFall] Loot Spawned [1] M4_T3NrdSOptic @ <8630.461914, 104.000999, 12690.017578> ... Lifespan: Set to 30 minutes.
[AirdropContainerFall] Loot Spawned [2] UKAssVest_Camo @ <8628.795898, 104.000999, 12691.861328> ... Lifespan: Set to 30 minutes.
[AirdropContainerFall] Loot Spawned [3] AssaultBag_Ttsko @ <8629.625977, 103.900604, 12689.528320> ... Lifespan: Set to 30 minutes.
[AirdropContainerFall] Loot Spawned [4] FNX45 @ <8629.303711, 104.000999, 12692.857422> ... Lifespan: Set to 30 minutes.
[AirdropContainerFall] Loot Spawned [5] USMCJacket_Desert @ <8626.567383, 104.000999, 12693.228516> ... Lifespan: Set to 30 minutes.
[AirdropContainerFall] Loot Spawned [6] Canteen @ <8628.708984, 104.000999, 12692.025391> ... Lifespan: Set to 30 minutes.
[AirdropContainerFall] Loot Spawned [7] USMCJacket_Desert @ <8627.440430, 104.000999, 12691.963867> ... Lifespan: Set to 30 minutes.
[AirdropContainerFall] Loot Spawned [8] AK101 @ <8630.212891, 104.000999, 12692.299805> ... Lifespan: Set to 30 minutes.
[AirdropContainerFall] Loot Spawned [9] UKAssVest_Black @ <8628.823242, 104.000999, 12691.961914> ... Lifespan: Set to 30 minutes.
[AirdropContainerFall] Loot Spawned [10] Canteen @ <8627.450195, 104.000999, 12692.985352> ... Lifespan: Set to 30 minutes.
[AirdropContainerFall] Loot Spawned [11] AssaultBag_Black @ <8630.751953, 103.974426, 12689.875000> ... Lifespan: Set to 30 minutes.
[AirdropContainerFall] Loot Spawned [12] TacticalBaconCan @ <8628.738281, 103.570526, 12687.981445> ... Lifespan: Set to 30 minutes.
[AirdropContainerFall] Loot Spawned [13] TacticalBaconCan @ <8626.802734, 104.000999, 12691.055664> ... Lifespan: Set to 30 minutes.
[AirdropContainerFall] Loot Spawned [14] M4_CQBBttstck @ <8629.000977, 104.000999, 12693.037109> ... Lifespan: Set to 30 minutes.
[AirdropContainerFall] Loot Spawned [15] WeaponCleaningKit @ <8625.327148, 104.000999, 12692.076172> ... Lifespan: Set to 30 minutes.
[AirdropContainerFall] Loot Spawned [16] MilitaryBoots_Black @ <8631.289063, 103.725014, 12688.706055> ... Lifespan: Set to 30 minutes.
[AirdropContainerFall] Loot Spawned [17] PistolSuppressor @ <8625.341797, 104.000999, 12691.694336> ... Lifespan: Set to 30 minutes.
[AirdropContainerFall] Loot Spawned [18] AKM @ <8629.675781, 104.000999, 12691.632813> ... Lifespan: Set to 30 minutes.
[AirdropContainerFall] Loot Spawned [19] KOD_RSASS_Black @ <8627.955078, 103.657829, 12688.390625> ... Lifespan: Set to 30 minutes.
[AirdropContainerFall] Loot Spawned [20] MilitaryBoots_Beige @ <8628.652344, 104.000999, 12692.536133> ... Lifespan: Set to 30 minutes.
[AirdropContainerUnstuck] Container was unstuck.
[~AirdropContainerBase] Container Destroyed on 2021-03-30 @ 17-54-14
