[InitializeContainer] Container created on 2021-04-29 @ 20-37-20
[InitializeContainer] Winds: Vector <8.123130, 0.000000, -4.846323>, Speed 9.45897mps, Strength 0.1
[AirdropContainerFall] Drop Type 'Misc. Tools', Container: 'RANDOM', Mode/Quantity/Iems: Random/20/50, Flare:  10%
[AirdropContainerFall] Loot Spawned [1] Matchbox @ <1886.055542, 176.962631, 5292.565918> ... Lifespan: Set to 60 minutes.
[AirdropContainerFall] Loot Spawned [2] KitchenKnife @ <1885.684692, 177.352341, 5295.838867> ... Lifespan: Set to 60 minutes.
[AirdropContainerFall] Loot Spawned [3] Whetstone @ <1886.162598, 176.755371, 5290.816895> ... Lifespan: Set to 60 minutes.
[AirdropContainerFall] Loot Spawned [4] Binoculars @ <1885.952393, 176.976212, 5292.690918> ... Lifespan: Set to 60 minutes.
[AirdropContainerFall] Loot Spawned [5] Machete @ <1904.949829, 177.095474, 5293.655762> ... Lifespan: Set to 60 minutes.
[AirdropContainerFall] Loot Spawned [6] KitchenKnife @ <1885.788452, 177.197403, 5294.671387> ... Lifespan: Set to 60 minutes.
[AirdropContainerFall] Loot Spawned [7] Screwdriver @ <1891.702515, 177.782318, 5303.821777> ... Lifespan: Set to 60 minutes.
[AirdropContainerFall] Loot Spawned [8] Chemlight_Red @ <1890.730835, 177.859512, 5303.300781> ... Lifespan: Set to 60 minutes.
[AirdropContainerFall] Loot Spawned [9] Headtorch_Grey @ <1886.375122, 176.709122, 5290.431152> ... Lifespan: Set to 60 minutes.
[AirdropContainerFall] Loot Spawned [10] Lockpick @ <1888.507568, 176.502457, 5288.474121> ... Lifespan: Set to 60 minutes.
[AirdropContainerFall] Loot Spawned [11] ChernarusMap @ <1904.190552, 176.933395, 5291.012695> ... Lifespan: Set to 60 minutes.
[AirdropContainerFall] Loot Spawned [12] Pickaxe @ <1890.577759, 176.386627, 5286.589844> ... Lifespan: Set to 60 minutes.
[AirdropContainerFall] Loot Spawned [13] Screwdriver @ <1898.524658, 177.241440, 5303.742676> ... Lifespan: Set to 60 minutes.
[AirdropContainerFall] Loot Spawned [14] Rangefinder @ <1896.648071, 176.510361, 5285.124512> ... Lifespan: Set to 60 minutes.
[AirdropContainerFall] Loot Spawned [15] Spotlight @ <1897.998413, 176.601791, 5286.043945> ... Lifespan: Set to 60 minutes.
[AirdropContainerFall] Loot Spawned [16] SledgeHammer @ <1897.742798, 176.555603, 5285.323730> ... Lifespan: Set to 60 minutes.
[AirdropContainerFall] Loot Spawned [17] Screwdriver @ <1904.226807, 177.188217, 5298.115234> ... Lifespan: Set to 60 minutes.
[AirdropContainerFall] Loot Spawned [18] Machete @ <1895.838379, 176.521179, 5285.779297> ... Lifespan: Set to 60 minutes.
[AirdropContainerFall] Loot Spawned [19] SteakKnife @ <1904.312988, 176.979355, 5291.748535> ... Lifespan: Set to 60 minutes.
[AirdropContainerFall] Loot Spawned [20] PortableGasStove @ <1904.452759, 177.186111, 5295.845703> ... Lifespan: Set to 60 minutes.
[AirdropContainerUnstuck] Container was unstuck.
[~AirdropContainerBase] Container Destroyed on 2021-04-29 @ 20-59-39
