[InitializeContainer] Container created on 2021-04-03 @ 16-01-52
[InitializeContainer] Winds: Vector <8.962051, 0.000000, 9.964068>, Speed 13.4015mps, Strength 0.1
[AirdropContainerFall] Drop Type 'Military West', Container: 'AirdropContainer_Military', Mode/Quantity/Iems: Random/20/46, Flare:  10%
[AirdropContainerFall] Loot Spawned [1] AK101 @ <12115.081055, 140.001007, 12565.110352> ... Lifespan: Set to 30 minutes.
[AirdropContainerFall] Loot Spawned [2] TacticalBaconCan @ <12118.112305, 140.001007, 12568.929688> ... Lifespan: Set to 30 minutes.
[AirdropContainerFall] Loot Spawned [3] CanOpener @ <12116.087891, 140.001007, 12571.322266> ... Lifespan: Set to 30 minutes.
[AirdropContainerFall] Loot Spawned [4] Binoculars @ <12117.400391, 140.001007, 12567.154297> ... Lifespan: Set to 30 minutes.
[AirdropContainerFall] Loot Spawned [5] FNX45 @ <12112.421875, 139.996857, 12567.986328> ... Lifespan: Set to 30 minutes.
[AirdropContainerFall] Loot Spawned [6] CombatKnife @ <12113.993164, 140.001007, 12567.016602> ... Lifespan: Set to 30 minutes.
[AirdropContainerFall] Loot Spawned [7] TacticalGloves_Green @ <12112.802734, 140.001007, 12566.143555> ... Lifespan: Set to 30 minutes.
[AirdropContainerFall] Loot Spawned [8] KOD_M16A4 @ <12112.817383, 140.001007, 12568.267578> ... Lifespan: Set to 30 minutes.
[AirdropContainerFall] Loot Spawned [9] TacticalGloves_Green @ <12115.243164, 140.001007, 12570.053711> ... Lifespan: Set to 30 minutes.
[AirdropContainerFall] Loot Spawned [10] USMCPants_Desert @ <12114.464844, 140.001007, 12569.566406> ... Lifespan: Set to 30 minutes.
[AirdropContainerFall] Loot Spawned [11] KOD_RSASS_Black @ <12113.822266, 140.001007, 12570.094727> ... Lifespan: Set to 30 minutes.
[AirdropContainerFall] Loot Spawned [12] CombatKnife @ <12118.758789, 140.001007, 12567.918945> ... Lifespan: Set to 30 minutes.
[AirdropContainerFall] Loot Spawned [13] KOD_M16A4 @ <12117.706055, 140.001007, 12568.708984> ... Lifespan: Set to 30 minutes.
[AirdropContainerFall] Loot Spawned [14] TacticalBaconCan @ <12114.568359, 140.001007, 12570.611328> ... Lifespan: Set to 30 minutes.
[AirdropContainerFall] Loot Spawned [15] KOD_RSASS_Black @ <12114.419922, 140.001007, 12566.765625> ... Lifespan: Set to 30 minutes.
[AirdropContainerFall] Loot Spawned [16] M4A1 @ <12115.505859, 140.001007, 12571.443359> ... Lifespan: Set to 30 minutes.
[AirdropContainerFall] Loot Spawned [17] M4_Suppressor @ <12113.872070, 140.001007, 12565.728516> ... Lifespan: Set to 30 minutes.
[AirdropContainerFall] Loot Spawned [18] MilitaryBoots_Brown @ <12114.199219, 140.001007, 12570.833008> ... Lifespan: Set to 30 minutes.
[AirdropContainerFall] Loot Spawned [19] M4_RISHndgrd @ <12119.056641, 140.001007, 12567.334961> ... Lifespan: Set to 30 minutes.
[AirdropContainerFall] Loot Spawned [20] WeaponCleaningKit @ <12117.194336, 140.001007, 12569.305664> ... Lifespan: Set to 30 minutes.
[AirdropContainerUnstuck] Container was unstuck.
[~AirdropContainerBase] Container Destroyed on 2021-04-03 @ 16-26-52
