[InitializeContainer] Container created on 2021-03-20 @ 16-22-37
[InitializeContainer] Winds: Vector <-2.068188, 0.000000, -4.952110>, Speed 5.36664mps, Strength 0.1
[AirdropContainerFall] Drop Type 'Misc. Food', Container: 'RANDOM', Mode/Quantity/Iems: Random/29/30, Flare:  10%
[AirdropContainerFall] Loot Spawned [1] Pear @ <3160.984375, 204.353775, 12802.052734> ... Lifespan: Set to 30 minutes.
[AirdropContainerFall] Loot Spawned [2] Zucchini @ <3161.882080, 204.356491, 12797.533203> ... Lifespan: Set to 30 minutes.
[AirdropContainerFall] Loot Spawned [3] SambucusBerry @ <3161.950439, 204.331100, 12800.700195> ... Lifespan: Set to 30 minutes.
[AirdropContainerFall] Loot Spawned [4] BoxCerealCrunchin @ <3160.095459, 204.411880, 12797.382813> ... Lifespan: Set to 30 minutes.
[AirdropContainerFall] Loot Spawned [5] PowderedMilk @ <3159.785645, 204.418594, 12798.076172> ... Lifespan: Set to 30 minutes.
[AirdropContainerFall] Loot Spawned [6] CaninaBerry @ <3160.339844, 204.398911, 12798.747070> ... Lifespan: Set to 30 minutes.
[AirdropContainerFall] Loot Spawned [7] AKM @ <3158.648193, 204.453522, 12798.066406> ... Lifespan: Set to 30 minutes.
[AirdropContainerFall] Loot Spawned [8] SodaCan_Cola @ <3159.726807, 204.416763, 12798.987305> ... Lifespan: Set to 30 minutes.
[AirdropContainerFall] Loot Spawned [9] AKM @ <3163.146729, 204.307114, 12798.513672> ... Lifespan: Set to 30 minutes.
[AirdropContainerFall] Loot Spawned [10] Apple @ <3161.717773, 204.328033, 12802.092773> ... Lifespan: Set to 30 minutes.
[AirdropContainerFall] Loot Spawned [11] Pear @ <3160.693359, 204.395538, 12796.884766> ... Lifespan: Set to 30 minutes.
[AirdropContainerFall] Loot Spawned [12] TunaCan @ <3161.644775, 204.363098, 12797.702148> ... Lifespan: Set to 30 minutes.
[AirdropContainerFall] Loot Spawned [13] TacticalBaconCan @ <3158.062744, 204.465088, 12799.665039> ... Lifespan: Set to 30 minutes.
[AirdropContainerFall] Loot Spawned [14] Pear @ <3158.382813, 204.460281, 12798.410156> ... Lifespan: Set to 30 minutes.
[AirdropContainerFall] Loot Spawned [15] SodaCan_Cola @ <3162.050537, 204.349792, 12797.915039> ... Lifespan: Set to 30 minutes.
[AirdropContainerFall] Loot Spawned [16] Apple @ <3162.807861, 204.291229, 12801.968750> ... Lifespan: Set to 30 minutes.
[AirdropContainerFall] Loot Spawned [17] SodaCan_Cola @ <3158.025146, 204.457993, 12801.726563> ... Lifespan: Set to 30 minutes.
[AirdropContainerFall] Loot Spawned [18] Tomato @ <3160.079834, 204.380890, 12802.628906> ... Lifespan: Set to 30 minutes.
[AirdropContainerFall] Loot Spawned [19] Lard @ <3160.994629, 204.377991, 12798.958008> ... Lifespan: Set to 30 minutes.
[AirdropContainerFall] Loot Spawned [20] KOD_DVL10 @ <3161.386475, 204.339371, 12802.111328> ... Lifespan: Set to 30 minutes.
[AirdropContainerFall] Loot Spawned [21] KOD_M16A4 @ <3161.320313, 204.337265, 12802.744141> ... Lifespan: Set to 30 minutes.
[AirdropContainerFall] Loot Spawned [22] SodaCan_Kvass @ <3160.781494, 204.352432, 12803.401367> ... Lifespan: Set to 30 minutes.
[AirdropContainerFall] Loot Spawned [23] Zucchini @ <3159.098877, 204.435059, 12799.227539> ... Lifespan: Set to 30 minutes.
[AirdropContainerFall] Loot Spawned [24] Potato @ <3162.499268, 204.331421, 12798.281250> ... Lifespan: Set to 30 minutes.
[AirdropContainerFall] Loot Spawned [25] PowderedMilk @ <3158.505859, 204.448059, 12800.521484> ... Lifespan: Set to 30 minutes.
[AirdropContainerFall] Loot Spawned [26] Plum @ <3158.335449, 204.448471, 12801.693359> ... Lifespan: Set to 30 minutes.
[AirdropContainerFall] Loot Spawned [27] SardinesCan @ <3162.246582, 204.304199, 12802.921875> ... Lifespan: Set to 30 minutes.
[AirdropContainerFall] Loot Spawned [28] SodaCan_Cola @ <3157.439453, 204.475815, 12801.800781> ... Lifespan: Set to 30 minutes.
[AirdropContainerFall] Loot Spawned [29] SpaghettiCan @ <3161.209717, 204.340027, 12802.943359> ... Lifespan: Set to 30 minutes.
[AirdropContainerUnstuck] Container was unstuck.
[~AirdropContainerBase] Container Destroyed on 2021-03-20 @ 16-47-37
