[InitializeContainer] Container created on 2021-03-17 @ 11-44-06
[InitializeContainer] Winds: Vector <11.276752, 0.000000, 1.476733>, Speed 11.373mps, Strength 0.1
[AirdropContainerFall] Drop Type 'Military East', Container: 'AirdropContainer_Military', Mode/Quantity/Iems: Random/20/33, Flare:  10%
[AirdropContainerFall] Loot Spawned [1] AKM @ <5065.219727, 9.501000, 2408.294189> ... Lifespan: Set to 30 minutes.
[AirdropContainerFall] Loot Spawned [2] TacticalBaconCan @ <5069.183105, 9.501000, 2407.140137> ... Lifespan: Set to 30 minutes.
[AirdropContainerFall] Loot Spawned [3] TTSKOPants @ <5068.439941, 9.501000, 2407.211182> ... Lifespan: Set to 30 minutes.
[AirdropContainerFall] Loot Spawned [4] TacticalGloves_Green @ <5065.530762, 9.501000, 2404.885010> ... Lifespan: Set to 30 minutes.
[AirdropContainerFall] Loot Spawned [5] GorkaEJacket_PautRev @ <5066.810547, 9.501000, 2410.504639> ... Lifespan: Set to 30 minutes.
[AirdropContainerFall] Loot Spawned [6] KOD_M110_Tan @ <5064.253418, 9.501000, 2408.186035> ... Lifespan: Set to 30 minutes.
[AirdropContainerFall] Loot Spawned [7] UniversalLight @ <5068.938477, 9.501000, 2405.542969> ... Lifespan: Set to 30 minutes.
[AirdropContainerFall] Loot Spawned [8] AKM @ <5067.109375, 9.501000, 2410.685547> ... Lifespan: Set to 30 minutes.
[AirdropContainerFall] Loot Spawned [9] GorkaEJacket_Autumn @ <5068.920898, 9.501000, 2409.474365> ... Lifespan: Set to 30 minutes.
[AirdropContainerFall] Loot Spawned [10] AK101 @ <5067.240234, 9.501000, 2410.662598> ... Lifespan: Set to 30 minutes.
[AirdropContainerFall] Loot Spawned [11] KOD_M16A4 @ <5069.357910, 9.501000, 2406.616943> ... Lifespan: Set to 30 minutes.
[AirdropContainerFall] Loot Spawned [12] AK_PlasticBttstck @ <5068.405762, 9.501000, 2409.748047> ... Lifespan: Set to 30 minutes.
[AirdropContainerFall] Loot Spawned [13] AKM @ <5066.749023, 9.501000, 2406.387695> ... Lifespan: Set to 30 minutes.
[AirdropContainerFall] Loot Spawned [14] GorkaEJacket_PautRev @ <5065.060059, 9.501000, 2410.776611> ... Lifespan: Set to 30 minutes.
[AirdropContainerFall] Loot Spawned [15] GorkaPants_Autumn @ <5066.581055, 9.501000, 2410.898926> ... Lifespan: Set to 30 minutes.
[AirdropContainerFall] Loot Spawned [16] Mag_AKM_30Rnd @ <5067.445801, 9.501000, 2410.139893> ... Lifespan: Set to 30 minutes.
[AirdropContainerFall] Loot Spawned [17] WeaponCleaningKit @ <5064.754395, 9.501000, 2405.574707> ... Lifespan: Set to 30 minutes.
[AirdropContainerFall] Loot Spawned [18] GorkaEJacket_Autumn @ <5069.113770, 9.501000, 2410.107910> ... Lifespan: Set to 30 minutes.
[AirdropContainerFall] Loot Spawned [19] KOD_M110_Tan @ <5068.015625, 9.501000, 2405.423584> ... Lifespan: Set to 30 minutes.
[AirdropContainerFall] Loot Spawned [20] AKM @ <5069.153809, 9.501000, 2409.643799> ... Lifespan: Set to 30 minutes.
[AirdropContainerUnstuck] Container was unstuck.
[~AirdropContainerBase] Container Destroyed on 2021-03-17 @ 12-09-06
