[InitializeContainer] Container created on 2021-03-17 @ 03-19-32
[InitializeContainer] Winds: Vector <6.581438, 0.000000, -5.974079>, Speed 8.88847mps, Strength 0.1
[AirdropContainerFall] Drop Type 'Military East', Container: 'AirdropContainer_Military', Mode/Quantity/Iems: Random/20/33, Flare:  10%
[AirdropContainerFall] Loot Spawned [1] GorkaPants_Flat @ <13504.589844, 14.798539, 3000.533936> ... Lifespan: Set to 30 minutes.
[AirdropContainerFall] Loot Spawned [2] TacticalGoggles @ <13507.948242, 16.414736, 3003.752441> ... Lifespan: Set to 30 minutes.
[AirdropContainerFall] Loot Spawned [3] GorkaPants_Summer @ <13505.787109, 15.313988, 3000.530273> ... Lifespan: Set to 30 minutes.
[AirdropContainerFall] Loot Spawned [4] GorkaPants_Summer @ <13508.610352, 16.384211, 3001.831787> ... Lifespan: Set to 30 minutes.
[AirdropContainerFall] Loot Spawned [5] AK_RailHndgrd @ <13508.582031, 16.388359, 3001.947754> ... Lifespan: Set to 30 minutes.
[AirdropContainerFall] Loot Spawned [6] AKM @ <13505.292969, 15.157729, 3001.275635> ... Lifespan: Set to 30 minutes.
[AirdropContainerFall] Loot Spawned [7] GorkaEJacket_PautRev @ <13506.887695, 15.772962, 3000.333252> ... Lifespan: Set to 30 minutes.
[AirdropContainerFall] Loot Spawned [8] AK_Bayonet @ <13503.760742, 14.557490, 3002.057373> ... Lifespan: Set to 30 minutes.
[AirdropContainerFall] Loot Spawned [9] GorkaEJacket_Flat @ <13509.394531, 16.702627, 3003.781494> ... Lifespan: Set to 30 minutes.
[AirdropContainerFall] Loot Spawned [10] TacticalGloves_Black @ <13504.723633, 15.157341, 3004.333496> ... Lifespan: Set to 30 minutes.
[AirdropContainerFall] Loot Spawned [11] GorkaEJacket_Summer @ <13506.143555, 15.768206, 3004.190186> ... Lifespan: Set to 30 minutes.
[AirdropContainerFall] Loot Spawned [12] AmmoBox_762x39_20Rnd @ <13508.747070, 16.198296, 2999.625244> ... Lifespan: Set to 30 minutes.
[AirdropContainerFall] Loot Spawned [13] CanOpener @ <13507.417969, 15.965296, 2999.936768> ... Lifespan: Set to 30 minutes.
[AirdropContainerFall] Loot Spawned [14] TacticalGloves_Green @ <13505.529297, 15.200485, 3000.499756> ... Lifespan: Set to 30 minutes.
[AirdropContainerFall] Loot Spawned [15] Canteen @ <13506.179688, 15.397920, 2999.732422> ... Lifespan: Set to 30 minutes.
[AirdropContainerFall] Loot Spawned [16] TacticalGloves_Black @ <13504.123047, 14.849973, 3003.810791> ... Lifespan: Set to 30 minutes.
[AirdropContainerFall] Loot Spawned [17] GorkaPants_PautRev @ <13504.211914, 14.749462, 3002.030762> ... Lifespan: Set to 30 minutes.
[AirdropContainerFall] Loot Spawned [18] AK_Suppressor @ <13506.035156, 15.809870, 3005.250488> ... Lifespan: Set to 30 minutes.
[AirdropContainerFall] Loot Spawned [19] TacticalGloves_Green @ <13506.720703, 15.580764, 2999.433838> ... Lifespan: Set to 30 minutes.
[AirdropContainerFall] Loot Spawned [20] TacticalGloves_Black @ <13506.443359, 15.943077, 3004.703857> ... Lifespan: Set to 30 minutes.
[AirdropContainerUnstuck] Container was unstuck.
[~AirdropContainerBase] Container Destroyed on 2021-03-17 @ 03-44-32
