[InitializeContainer] Container created on 2021-03-26 @ 17-25-01
[InitializeContainer] Winds: Vector <10.781612, 0.000000, 6.389183>, Speed 12.5326mps, Strength 0.1
[AirdropContainerFall] Drop Type 'Misc. Food', Container: 'RANDOM', Mode/Quantity/Iems: Random/29/30, Flare:  10%
[AirdropContainerFall] Loot Spawned [1] Canteen @ <11555.398438, 36.796604, 14329.837891> ... Lifespan: Set to 30 minutes.
[AirdropContainerFall] Loot Spawned [2] KOD_DVL10 @ <11553.888672, 36.366837, 14324.872070> ... Lifespan: Set to 30 minutes.
[AirdropContainerFall] Loot Spawned [3] TunaCan @ <11553.808594, 36.585625, 14328.194336> ... Lifespan: Set to 30 minutes.
[AirdropContainerFall] Loot Spawned [4] KOD_DVL10 @ <11552.769531, 36.526901, 14327.529297> ... Lifespan: Set to 30 minutes.
[AirdropContainerFall] Loot Spawned [5] Plum @ <11552.974609, 36.452686, 14326.346680> ... Lifespan: Set to 30 minutes.
[AirdropContainerFall] Loot Spawned [6] BoxCerealCrunchin @ <11558.814453, 36.622223, 14326.500977> ... Lifespan: Set to 30 minutes.
[AirdropContainerFall] Loot Spawned [7] WaterBottle @ <11553.447266, 36.538033, 14327.546875> ... Lifespan: Set to 30 minutes.
[AirdropContainerFall] Loot Spawned [8] SodaCan_Pipsi @ <11554.813477, 36.703175, 14329.123047> ... Lifespan: Set to 30 minutes.
[AirdropContainerFall] Loot Spawned [9] AKM @ <11554.148438, 36.585167, 14328.111328> ... Lifespan: Set to 30 minutes.
[AirdropContainerFall] Loot Spawned [10] Apple @ <11557.651367, 36.789677, 14328.728516> ... Lifespan: Set to 30 minutes.
[AirdropContainerFall] Loot Spawned [11] Tomato @ <11554.661133, 36.542381, 14327.340820> ... Lifespan: Set to 30 minutes.
[AirdropContainerFall] Loot Spawned [12] PowderedMilk @ <11555.703125, 36.339634, 14324.260742> ... Lifespan: Set to 30 minutes.
[AirdropContainerFall] Loot Spawned [13] PeachesCan @ <11554.173828, 36.429302, 14325.719727> ... Lifespan: Set to 30 minutes.
[AirdropContainerFall] Loot Spawned [14] SpaghettiCan @ <11558.501953, 36.713181, 14327.584961> ... Lifespan: Set to 30 minutes.
[AirdropContainerFall] Loot Spawned [15] Pear @ <11554.313477, 36.329563, 14324.377930> ... Lifespan: Set to 30 minutes.
[AirdropContainerFall] Loot Spawned [16] PeachesCan @ <11558.285156, 36.601078, 14326.486328> ... Lifespan: Set to 30 minutes.
[AirdropContainerFall] Loot Spawned [17] Apple @ <11559.187500, 36.709660, 14327.277344> ... Lifespan: Set to 30 minutes.
[AirdropContainerFall] Loot Spawned [18] Plum @ <11554.875000, 36.380733, 14324.865234> ... Lifespan: Set to 30 minutes.
[AirdropContainerFall] Loot Spawned [19] Rice @ <11553.066406, 36.536812, 14327.614258> ... Lifespan: Set to 30 minutes.
[AirdropContainerFall] Loot Spawned [20] AKM @ <11553.890625, 36.603088, 14328.443359> ... Lifespan: Set to 30 minutes.
[AirdropContainerFall] Loot Spawned [21] SodaCan_Cola @ <11553.026367, 36.449249, 14326.283203> ... Lifespan: Set to 30 minutes.
[AirdropContainerFall] Loot Spawned [22] SpaghettiCan @ <11555.001953, 36.780285, 14329.849609> ... Lifespan: Set to 30 minutes.
[AirdropContainerFall] Loot Spawned [23] AK101 @ <11557.352539, 36.311947, 14323.670898> ... Lifespan: Set to 30 minutes.
[AirdropContainerFall] Loot Spawned [24] SardinesCan @ <11557.518555, 36.888554, 14329.825195> ... Lifespan: Set to 30 minutes.
[AirdropContainerFall] Loot Spawned [25] SardinesCan @ <11556.075195, 36.857403, 14330.166016> ... Lifespan: Set to 30 minutes.
[AirdropContainerFall] Loot Spawned [26] TunaCan @ <11557.370117, 36.834927, 14329.326172> ... Lifespan: Set to 30 minutes.
[AirdropContainerFall] Loot Spawned [27] AK101 @ <11558.915039, 36.782505, 14328.154297> ... Lifespan: Set to 30 minutes.
[AirdropContainerFall] Loot Spawned [28] GreenBellPepper @ <11557.785156, 36.666660, 14327.375977> ... Lifespan: Set to 30 minutes.
[AirdropContainerFall] Loot Spawned [29] KOD_DVL10 @ <11555.781250, 36.843342, 14330.153320> ... Lifespan: Set to 30 minutes.
[AirdropContainerUnstuck] Container was unstuck.
[~AirdropContainerBase] Container Destroyed on 2021-03-26 @ 17-50-01
