[InitializeContainer] Container created on 2021-04-15 @ 03-35-16
[InitializeContainer] Winds: Vector <9.353961, 0.000000, -3.478902>, Speed 9.97995mps, Strength 0.1
[AirdropContainerFall] Drop Type 'Medical', Container: 'AirdropContainer_Medical', Mode/Quantity/Iems: Random/20/37, Flare:  10%
[AirdropContainerFall] Spawn failed for item [1] 'MedicalScrubPants_Green', does not exist in DayZ!
[AirdropContainerFall] Loot Spawned [2] KOD_M16A4 @ <6634.589355, 312.503021, 7885.041016> ... Lifespan: Set to 30 minutes.
[AirdropContainerFall] Loot Spawned [3] KOD_M16A4 @ <6634.315430, 312.191071, 7882.012207> ... Lifespan: Set to 30 minutes.
[AirdropContainerFall] Loot Spawned [4] MedicalScrubsHat_White @ <6635.401367, 312.236664, 7882.656250> ... Lifespan: Set to 30 minutes.
[AirdropContainerFall] Loot Spawned [5] WaterBottle @ <6634.868652, 312.290222, 7883.070313> ... Lifespan: Set to 30 minutes.
[AirdropContainerFall] Loot Spawned [6] BandageDressing @ <6634.634766, 312.263672, 7882.776855> ... Lifespan: Set to 30 minutes.
[AirdropContainerFall] Loot Spawned [7] SalineBag @ <6634.703613, 312.394989, 7884.035645> ... Lifespan: Set to 30 minutes.
[AirdropContainerFall] Loot Spawned [8] SurgicalGloves_White @ <6631.434082, 312.504822, 7884.499023> ... Lifespan: Set to 30 minutes.
[AirdropContainerFall] Loot Spawned [9] AK101 @ <6632.558594, 312.116821, 7880.955566> ... Lifespan: Set to 30 minutes.
[AirdropContainerFall] Loot Spawned [10] KOD_M110_Tan @ <6633.149902, 312.497589, 7884.734375> ... Lifespan: Set to 30 minutes.
[AirdropContainerFall] Loot Spawned [11] PainkillerTablets @ <6634.658691, 312.185669, 7882.022461> ... Lifespan: Set to 30 minutes.
[AirdropContainerFall] Loot Spawned [12] BloodTestKit @ <6629.381836, 312.436493, 7883.533203> ... Lifespan: Set to 30 minutes.
[AirdropContainerFall] Loot Spawned [13] BloodTestKit @ <6630.323730, 312.279633, 7882.150879> ... Lifespan: Set to 30 minutes.
[AirdropContainerFall] Loot Spawned [14] SalineBagIV @ <6633.531738, 312.436951, 7884.226563> ... Lifespan: Set to 30 minutes.
[AirdropContainerFall] Loot Spawned [15] PurificationTablets @ <6629.295898, 312.334534, 7882.573242> ... Lifespan: Set to 30 minutes.
[AirdropContainerFall] Loot Spawned [16] TetracyclineAntibiotics @ <6631.475098, 312.550354, 7884.938477> ... Lifespan: Set to 30 minutes.
[AirdropContainerFall] Loot Spawned [17] Morphine @ <6632.807617, 312.615173, 7885.790039> ... Lifespan: Set to 30 minutes.
[AirdropContainerFall] Spawn failed for item [18] 'MedicalScrubPants_Blue', does not exist in DayZ!
[AirdropContainerFall] Loot Spawned [19] MedicalScrubsHat_Green @ <6635.501953, 312.302582, 7883.299805> ... Lifespan: Set to 30 minutes.
[AirdropContainerFall] Spawn failed for item [20] 'CharcolaTablets', does not exist in DayZ!
[AirdropContainerUnstuck] Container was unstuck.
[~AirdropContainerBase] Container Destroyed on 2021-04-15 @ 04-00-16
