[InitializeContainer] Container created on 2021-03-18 @ 01-30-26
[InitializeContainer] Winds: Vector <9.820806, 0.000000, 8.612888>, Speed 13.0625mps, Strength 0.1
[AirdropContainerFall] Drop Type 'Military West', Container: 'AirdropContainer_Military', Mode/Quantity/Iems: Random/20/46, Flare:  10%
[AirdropContainerFall] Loot Spawned [1] AssaultBag_Ttsko @ <11399.867188, 40.608215, 14398.427734> ... Lifespan: Set to 30 minutes.
[AirdropContainerFall] Loot Spawned [2] TacticalGloves_Beige @ <11404.446289, 40.306778, 14396.082031> ... Lifespan: Set to 30 minutes.
[AirdropContainerFall] Loot Spawned [3] USMCJacket_Desert @ <11401.514648, 40.562515, 14401.718750> ... Lifespan: Set to 30 minutes.
[AirdropContainerFall] Loot Spawned [4] FNX45 @ <11403.992188, 40.411976, 14398.275391> ... Lifespan: Set to 30 minutes.
[AirdropContainerFall] Loot Spawned [5] WeaponCleaningKit @ <11401.076172, 40.576546, 14400.389648> ... Lifespan: Set to 30 minutes.
[AirdropContainerFall] Loot Spawned [6] USMCPants_Desert @ <11402.469727, 40.426147, 14396.137695> ... Lifespan: Set to 30 minutes.
[AirdropContainerFall] Loot Spawned [7] KOD_RSASS_Black @ <11405.293945, 40.316013, 14396.961914> ... Lifespan: Set to 30 minutes.
[AirdropContainerFall] Loot Spawned [8] WeaponCleaningKit @ <11403.990234, 40.366058, 14397.163086> ... Lifespan: Set to 30 minutes.
[AirdropContainerFall] Loot Spawned [9] AKM @ <11404.443359, 40.468792, 14400.472656> ... Lifespan: Set to 30 minutes.
[AirdropContainerFall] Loot Spawned [10] KOD_M16A4 @ <11403.995117, 40.434101, 14398.812500> ... Lifespan: Set to 30 minutes.
[AirdropContainerFall] Loot Spawned [11] AssaultBag_Green @ <11405.505859, 40.323708, 14397.312500> ... Lifespan: Set to 30 minutes.
[AirdropContainerFall] Loot Spawned [12] M4A1 @ <11403.983398, 40.483498, 14401.393555> ... Lifespan: Set to 30 minutes.
[AirdropContainerFall] Loot Spawned [13] FNX45 @ <11400.448242, 40.596645, 14400.106445> ... Lifespan: Set to 30 minutes.
[AirdropContainerFall] Loot Spawned [14] TacticalGloves_Black @ <11401.403320, 40.501438, 14396.107422> ... Lifespan: Set to 30 minutes.
[AirdropContainerFall] Loot Spawned [15] UKAssVest_Black @ <11401.034180, 40.577896, 14400.363281> ... Lifespan: Set to 30 minutes.
[AirdropContainerFall] Loot Spawned [16] AmmoBox_556x45_20Rnd @ <11399.465820, 40.615982, 14399.732422> ... Lifespan: Set to 30 minutes.
[AirdropContainerFall] Loot Spawned [17] AssaultBag_Ttsko @ <11403.918945, 40.485580, 14400.956055> ... Lifespan: Set to 30 minutes.
[AirdropContainerFall] Loot Spawned [18] AKM @ <11404.091797, 40.430199, 14398.793945> ... Lifespan: Set to 30 minutes.
[AirdropContainerFall] Loot Spawned [19] USMCJacket_Woodland @ <11405.561523, 40.391468, 14398.994141> ... Lifespan: Set to 30 minutes.
[AirdropContainerFall] Loot Spawned [20] PistolSuppressor @ <11401.014648, 40.534363, 14398.166016> ... Lifespan: Set to 30 minutes.
[AirdropContainerUnstuck] Container was unstuck.
[~AirdropContainerBase] Container Destroyed on 2021-03-18 @ 01-55-26
