[AirdropPlane] Aircraft created on 2021-04-08 @ 04-49-19
[InitializeAircraft] Aircraft Initialized: Novaya Petrovka @ 3100/12840 (true)
[EOnBeforeDrop] The Aircraft is 1 Km from Novaya Petrovka. @ <2665.428955, 444.573822, 11405.250000>
[EOnDrop] Zombie Spawned [1] ZmbM_CommercialPilotOld_Brown @ <3091.053467, 207.550415, 12726.117188> ... Lifespan:  Set to 30 minutes.
[EOnDrop] Zombie Spawned [2] ZmbF_DoctorSkinny @ <3107.618896, 206.848633, 12753.419922> ... Lifespan:  Set to 30 minutes.
[EOnDrop] Zombie Spawned [3] ZmbF_SkaterYoung_Brown @ <3118.058350, 206.302521, 12770.584961> ... Lifespan:  Set to 30 minutes.
[EOnDrop] Zombie Spawned [4] ZmbF_Clerk_Normal_Red @ <3089.392822, 207.295975, 12762.919922> ... Lifespan:  Set to 30 minutes.
[EOnDrop] Zombie Spawned [5] ZmbM_SkaterYoung_Grey @ <3049.817139, 208.863037, 12733.789063> ... Lifespan:  Set to 30 minutes.
[EOnDrop] Zombie Spawned [6] ZmbM_ParamedicNormal_Black @ <3118.880615, 206.238770, 12774.324219> ... Lifespan:  Set to 30 minutes.
[EOnDrop] Zombie Spawned [7] ZmbF_SkaterYoung_Striped @ <3104.673584, 206.673569, 12804.193359> ... Lifespan:  Set to 30 minutes.
[EOnDrop] Zombie Spawned [8] ZmbM_SkaterYoung_Brown @ <3058.674561, 208.407303, 12771.693359> ... Lifespan:  Set to 30 minutes.
[EOnDrop] Zombie Spawned [9] ZmbF_ShortSkirt_grey @ <3107.398926, 206.710388, 12764.461914> ... Lifespan:  Set to 30 minutes.
[EOnDrop] Zombie Spawned [10] ZmbM_CitizenBFat_Green @ <3099.056885, 207.036865, 12759.403320> ... Lifespan:  Set to 30 minutes.
[EOnDrop] Zombie Spawned [11] ZmbF_SkaterYoung_Striped @ <3096.249023, 207.181793, 12754.365234> ... Lifespan:  Set to 30 minutes.
[EOnDrop] Zombie Spawned [12] ZmbM_Jacket_beige @ <3047.257324, 208.837982, 12775.966797> ... Lifespan:  Set to 30 minutes.
[EOnDrop] Zombie Spawned [13] ZmbM_ParamedicNormal_Blue @ <3082.922852, 207.515213, 12784.126953> ... Lifespan:  Set to 30 minutes.
[EOnDrop] Zombie Spawned [14] ZmbF_ShortSkirt_yellow @ <3089.923096, 207.241791, 12769.159180> ... Lifespan:  Set to 30 minutes.
[EOnDrop] Zombie Spawned [15] ZmbF_JoggerSkinny_Blue @ <3091.516846, 207.228226, 12762.936523> ... Lifespan:  Set to 30 minutes.
[EOnDrop] Zombie Spawned [16] ZmbF_ShortSkirt_checks @ <3106.148682, 206.710739, 12767.707031> ... Lifespan:  Set to 30 minutes.
[EOnDrop] Zombie Spawned [17] ZmbF_ShortSkirt_white @ <3070.875488, 207.951508, 12774.019531> ... Lifespan:  Set to 30 minutes.
[EOnDrop] Zombie Spawned [18] ZmbM_CitizenBFat_Blue @ <3094.305176, 207.071869, 12778.758789> ... Lifespan:  Set to 30 minutes.
[EOnDrop] Zombie Spawned [19] ZmbF_Clerk_Normal_Green @ <3062.111816, 208.346786, 12799.221680> ... Lifespan:  Set to 30 minutes.
[EOnDrop] Zombie Spawned [20] ZmbM_Jacket_stripes @ <3106.981201, 206.591232, 12794.958008> ... Lifespan:  Set to 30 minutes.
[EOnDrop] Zombie Spawned [21] ZmbM_Jacket_black @ <3091.338867, 207.194565, 12784.750000> ... Lifespan:  Set to 30 minutes.
[EOnDrop] Zombie Spawned [22] ZmbF_JoggerSkinny_Brown @ <3076.488281, 207.847000, 12746.601563> ... Lifespan:  Set to 30 minutes.
[EOnDrop] Zombie Spawned [23] ZmbF_JournalistNormal_Blue @ <3049.225586, 208.760681, 12773.554688> ... Lifespan:  Set to 30 minutes.
[EOnDrop] Zombie Spawned [24] ZmbM_ParamedicNormal_Green @ <3080.948486, 207.583603, 12782.122070> ... Lifespan:  Set to 30 minutes.
[EOnDrop] Zombie Spawned [25] ZmbM_Jacket_magenta @ <3050.178467, 208.788361, 12741.513672> ... Lifespan:  Set to 30 minutes.
[EOnDrop] Drop spawned with 25 infected at <3078.410156, 351.967682, 12769.946289>.
[EOnDrop] Supplies have been dropped near Novaya Petrovka.
[EOnBeforeDelete] Aircraft despawned @ <4165.380371, 503.486816, 16361.738281>
[~AirdropPlane] Aircraft destroyed.
