[AirdropPlane] Aircraft created on 2021-04-13 @ 04-49-26
[InitializeAircraft] Aircraft Initialized: Myshkino @ 1900/7600 (true)
[EOnBeforeDrop] The Aircraft is 1 Km from Myshkino. @ <2994.655762, 435.951813, 8623.867188>
[EOnDrop] Zombie Spawned [1] ZmbM_MotobikerFat_Beige @ <1969.372681, 290.215332, 7658.074707> ... Lifespan:  Set to 30 minutes.
[EOnDrop] Zombie Spawned [2] ZmbF_MilkMaidOld_Grey @ <1986.256104, 294.124268, 7619.971191> ... Lifespan:  Set to 30 minutes.
[EOnDrop] Zombie Spawned [3] ZmbM_FarmerFat_Brown @ <1969.467407, 288.434875, 7648.254395> ... Lifespan:  Set to 30 minutes.
[EOnDrop] Zombie Spawned [4] ZmbM_MotobikerFat_Beige @ <1948.455200, 286.663269, 7652.081055> ... Lifespan:  Set to 30 minutes.
[EOnDrop] Zombie Spawned [5] ZmbF_SurvivorNormal_Blue @ <2004.474243, 297.396423, 7655.131836> ... Lifespan:  Set to 30 minutes.
[EOnDrop] Zombie Spawned [6] ZmbM_HermitSkinny_Green @ <1986.240723, 295.942444, 7675.573242> ... Lifespan:  Set to 30 minutes.
[EOnDrop] Zombie Spawned [7] ZmbM_FarmerFat_Brown @ <1933.919067, 285.471008, 7665.435059> ... Lifespan:  Set to 30 minutes.
[EOnDrop] Zombie Spawned [8] ZmbF_HikerSkinny_Grey @ <1983.013550, 296.750977, 7680.243164> ... Lifespan:  Set to 30 minutes.
[EOnDrop] Zombie Spawned [9] ZmbF_MilkMaidOld_Beige @ <1944.898926, 287.163269, 7662.925293> ... Lifespan:  Set to 30 minutes.
[EOnDrop] Zombie Spawned [10] ZmbM_HermitSkinny_Black @ <1960.828491, 290.235748, 7663.809570> ... Lifespan:  Set to 30 minutes.
[EOnDrop] Zombie Spawned [11] ZmbM_FarmerFat_Beige @ <1991.375244, 301.796051, 7699.192383> ... Lifespan:  Set to 30 minutes.
[EOnDrop] Zombie Spawned [12] ZmbM_MotobikerFat_Blue @ <1994.007080, 294.784607, 7658.658691> ... Lifespan:  Set to 30 minutes.
[EOnDrop] Zombie Spawned [13] ZmbF_VillagerOld_Blue @ <1969.404297, 300.079559, 7707.065918> ... Lifespan:  Set to 30 minutes.
[EOnDrop] Zombie Spawned [14] ZmbM_FarmerFat_Brown @ <1950.736084, 284.232239, 7611.246094> ... Lifespan:  Set to 30 minutes.
[EOnDrop] Zombie Spawned [15] ZmbM_HikerSkinny_Green @ <1919.931396, 282.099396, 7672.258301> ... Lifespan:  Set to 30 minutes.
[EOnDrop] Drop spawned with 15 infected at <1963.672363, 456.791840, 7658.828125>.
[EOnDrop] Supplies have been dropped near Myshkino.
[EOnBeforeDelete] Aircraft despawned @ <-1001.191650, 297.847900, 4883.681641>
[~AirdropPlane] Aircraft destroyed.
