[AirdropPlane] Aircraft created on 2021-04-12 @ 01-28-53
[InitializeAircraft] Aircraft Initialized: Berezino @ 12450/9250 (true)
[EOnBeforeDrop] The Aircraft is 1 Km from Berezino. @ <13247.028320, 152.000610, 7981.510742>
[EOnDrop] Zombie Spawned [1] ZmbM_ConstrWorkerNormal_Green @ <12477.937500, 18.276543, 9182.847656> ... Lifespan:  Set to 30 minutes.
[EOnDrop] Zombie Spawned [2] ZmbM_MechanicSkinny_Blue @ <12526.820313, 11.889578, 9199.074219> ... Lifespan:  Set to 30 minutes.
[EOnDrop] Zombie Spawned [3] ZmbM_MechanicSkinny_Red @ <12458.625977, 20.391794, 9200.456055> ... Lifespan:  Set to 30 minutes.
[EOnDrop] Zombie Spawned [4] ZmbM_HeavyIndustryWorker @ <12465.874023, 18.856001, 9165.121094> ... Lifespan:  Set to 30 minutes.
[EOnDrop] Zombie Spawned [5] ZmbM_ConstrWorkerNormal_Black @ <12480.295898, 17.608074, 9172.347656> ... Lifespan:  Set to 30 minutes.
[EOnDrop] Zombie Spawned [6] ZmbM_MechanicSkinny_Blue @ <12472.369141, 18.451059, 9173.740234> ... Lifespan:  Set to 30 minutes.
[EOnDrop] Zombie Spawned [7] ZmbM_OffshoreWorker_Green @ <12485.542969, 16.322569, 9158.039063> ... Lifespan:  Set to 30 minutes.
[EOnDrop] Zombie Spawned [8] ZmbM_HandymanNormal_Grey @ <12464.073242, 19.699205, 9189.091797> ... Lifespan:  Set to 30 minutes.
[EOnDrop] Zombie Spawned [9] ZmbM_MechanicSkinny_Green @ <12484.994141, 16.337605, 9156.460938> ... Lifespan:  Set to 30 minutes.
[EOnDrop] Zombie Spawned [10] ZmbM_HeavyIndustryWorker @ <12467.528320, 18.188784, 9150.473633> ... Lifespan:  Set to 30 minutes.
[EOnDrop] Zombie Spawned [11] ZmbF_MechanicNormal_Orange @ <12499.316406, 15.163509, 9164.574219> ... Lifespan:  Set to 30 minutes.
[EOnDrop] Zombie Spawned [12] ZmbM_ConstrWorkerNormal_Green @ <12501.764648, 14.903550, 9161.414063> ... Lifespan:  Set to 30 minutes.
[EOnDrop] Zombie Spawned [13] ZmbM_ConstrWorkerNormal_Black @ <12508.517578, 13.984431, 9148.914063> ... Lifespan:  Set to 30 minutes.
[EOnDrop] Zombie Spawned [14] ZmbF_BlueCollarFat_Green @ <12523.781250, 12.150596, 9172.276367> ... Lifespan:  Set to 30 minutes.
[EOnDrop] Zombie Spawned [15] ZmbM_OffshoreWorker_Green @ <12505.484375, 13.912256, 9199.418945> ... Lifespan:  Set to 30 minutes.
[EOnDrop] Zombie Spawned [16] ZmbF_BlueCollarFat_White @ <12486.639648, 16.882368, 9202.419922> ... Lifespan:  Set to 30 minutes.
[EOnDrop] Zombie Spawned [17] ZmbM_HandymanNormal_Grey @ <12540.036133, 10.517046, 9195.053711> ... Lifespan:  Set to 30 minutes.
[EOnDrop] Zombie Spawned [18] ZmbF_MechanicNormal_Beige @ <12502.549805, 14.566120, 9178.048828> ... Lifespan:  Set to 30 minutes.
[EOnDrop] Zombie Spawned [19] ZmbM_OffshoreWorker_Red @ <12489.091797, 16.276318, 9166.142578> ... Lifespan:  Set to 30 minutes.
[EOnDrop] Zombie Spawned [20] ZmbM_ConstrWorkerNormal_Green @ <12449.345703, 20.653111, 9162.113281> ... Lifespan:  Set to 30 minutes.
[EOnDrop] Drop spawned with 20 infected at <12496.753906, 153.323776, 9175.748047>.
[EOnDrop] Supplies have been dropped near Berezino.
[EOnBeforeDelete] Aircraft despawned @ <7982.791016, 423.735931, 16361.152344>
[~AirdropPlane] Aircraft destroyed.
