[InitializeContainer] Container created on 2021-04-22 @ 02-32-46
[InitializeContainer] Winds: Vector <9.501605, 0.000000, 9.159270>, Speed 13.1975mps, Strength 0.1
[AirdropContainerFall] Drop Type 'Misc. Tools', Container: 'RANDOM', Mode/Quantity/Iems: Random/30/54, Flare:  10%
[AirdropContainerFall] Loot Spawned [1] Headtorch_Black @ <7487.495117, 6.001000, 3489.403809> ... Lifespan: Set to 30 minutes.
[AirdropContainerFall] Loot Spawned [2] Binoculars @ <7491.009277, 6.001000, 3490.932373> ... Lifespan: Set to 30 minutes.
[AirdropContainerFall] Loot Spawned [3] Crowbar @ <7489.691895, 6.001000, 3486.861572> ... Lifespan: Set to 30 minutes.
[AirdropContainerFall] Loot Spawned [4] LeatherSewingKit @ <7487.605469, 6.001000, 3486.953613> ... Lifespan: Set to 30 minutes.
[AirdropContainerFall] Loot Spawned [5] AK101 @ <7485.839844, 6.001000, 3489.912598> ... Lifespan: Set to 30 minutes.
[AirdropContainerFall] Loot Spawned [6] Hammer @ <7489.578613, 6.001000, 3485.627930> ... Lifespan: Set to 30 minutes.
[AirdropContainerFall] Loot Spawned [7] Rangefinder @ <7488.537598, 6.001000, 3485.655029> ... Lifespan: Set to 30 minutes.
[AirdropContainerFall] Loot Spawned [8] LugWrench @ <7487.507324, 6.001000, 3486.608154> ... Lifespan: Set to 30 minutes.
[AirdropContainerFall] Loot Spawned [9] Chemlight_Green @ <7488.568848, 6.001000, 3491.525879> ... Lifespan: Set to 30 minutes.
[AirdropContainerFall] Loot Spawned [10] Pliers @ <7486.860840, 6.001000, 3488.779541> ... Lifespan: Set to 30 minutes.
[AirdropContainerFall] Loot Spawned [11] CableReel @ <7485.910156, 6.001000, 3487.226074> ... Lifespan: Set to 30 minutes.
[AirdropContainerFall] Loot Spawned [12] Hammer @ <7490.081543, 6.001000, 3485.716309> ... Lifespan: Set to 30 minutes.
[AirdropContainerFall] Loot Spawned [13] SewingKit @ <7486.570801, 6.001000, 3487.033691> ... Lifespan: Set to 30 minutes.
[AirdropContainerFall] Loot Spawned [14] CanOpener @ <7487.115723, 6.001000, 3488.923584> ... Lifespan: Set to 30 minutes.
[AirdropContainerFall] Loot Spawned [15] Screwdriver @ <7490.784180, 6.001000, 3489.566650> ... Lifespan: Set to 30 minutes.
[AirdropContainerFall] Loot Spawned [16] Chemlight_Green @ <7486.000977, 6.001000, 3489.976807> ... Lifespan: Set to 30 minutes.
[AirdropContainerFall] Loot Spawned [17] Pickaxe @ <7488.858887, 6.001000, 3490.985840> ... Lifespan: Set to 30 minutes.
[AirdropContainerFall] Loot Spawned [18] CanOpener @ <7488.223145, 6.001000, 3485.442383> ... Lifespan: Set to 30 minutes.
[AirdropContainerFall] Loot Spawned [19] SewingKit @ <7488.274902, 6.001000, 3486.298828> ... Lifespan: Set to 30 minutes.
[AirdropContainerFall] Loot Spawned [20] Megaphone @ <7490.574219, 6.001000, 3488.424072> ... Lifespan: Set to 30 minutes.
[AirdropContainerFall] Loot Spawned [21] KOD_M16A4 @ <7490.643555, 6.001000, 3489.264404> ... Lifespan: Set to 30 minutes.
[AirdropContainerFall] Loot Spawned [22] FirefighterAxe @ <7491.518555, 6.001000, 3489.619385> ... Lifespan: Set to 30 minutes.
[AirdropContainerFall] Loot Spawned [23] Screwdriver @ <7490.275391, 6.001000, 3489.321045> ... Lifespan: Set to 30 minutes.
[AirdropContainerFall] Loot Spawned [24] Chemlight_Red @ <7490.835449, 6.001000, 3488.248535> ... Lifespan: Set to 30 minutes.
[AirdropContainerFall] Loot Spawned [25] Headtorch_Black @ <7486.972168, 6.001000, 3485.482422> ... Lifespan: Set to 30 minutes.
[AirdropContainerFall] Loot Spawned [26] KOD_DVL10 @ <7491.560547, 6.001000, 3486.739990> ... Lifespan: Set to 30 minutes.
[AirdropContainerFall] Loot Spawned [27] CanOpener @ <7490.383301, 6.001000, 3489.087158> ... Lifespan: Set to 30 minutes.
[AirdropContainerFall] Loot Spawned [28] Machete @ <7485.911133, 6.001000, 3489.516113> ... Lifespan: Set to 30 minutes.
[AirdropContainerFall] Loot Spawned [29] ElectronicRepairKit @ <7486.815918, 6.001000, 3490.260254> ... Lifespan: Set to 30 minutes.
[AirdropContainerFall] Loot Spawned [30] ChernarusMap @ <7491.316895, 6.001000, 3488.204834> ... Lifespan: Set to 30 minutes.
[AirdropContainerUnstuck] Container was unstuck.
[~AirdropContainerBase] Container Destroyed on 2021-04-22 @ 02-57-45
