[AirdropPlane] Aircraft created on 2021-03-27 @ 13-25-32
[InitializeAircraft] Aircraft Initialized: Skalisty Island @ 13575/3055 (true)
[EOnBeforeDrop] The Aircraft is 1 Km from Skalisty Island. @ <12197.675781, 152.000610, 2464.378662>
[EOnDrop] Zombie Spawned [1] ZmbM_FarmerFat_Green @ <13496.312500, 11.897402, 3003.541748> ... Lifespan:  Set to 30 minutes.
[EOnDrop] Zombie Spawned [2] ZmbF_MilkMaidOld_Grey @ <13493.923828, 9.001761, 2973.135498> ... Lifespan:  Set to 30 minutes.
[EOnDrop] Zombie Spawned [3] ZmbF_SurvivorNormal_White @ <13509.480469, 12.616120, 2980.073975> ... Lifespan:  Set to 30 minutes.
[EOnDrop] Zombie Spawned [4] ZmbM_HikerSkinny_Blue @ <13470.577148, 3.749405, 3011.129639> ... Lifespan:  Set to 30 minutes.
[EOnDrop] Zombie Spawned [5] ZmbF_VillagerOld_Red @ <13493.243164, 10.638721, 3003.962646> ... Lifespan:  Set to 30 minutes.
[EOnDrop] Zombie Spawned [6] ZmbF_VillagerOld_White @ <13485.304688, 6.998277, 3014.105225> ... Lifespan:  Set to 30 minutes.
[EOnDrop] Zombie Spawned [7] ZmbF_SurvivorNormal_Blue @ <13463.416992, 3.568470, 3010.954834> ... Lifespan:  Set to 30 minutes.
[EOnDrop] Zombie Spawned [8] ZmbF_MilkMaidOld_Green @ <13503.747070, 15.776111, 3010.803467> ... Lifespan:  Set to 30 minutes.
[EOnDrop] Zombie Spawned [9] ZmbF_VillagerOld_Red @ <13502.114258, 14.737597, 3007.022217> ... Lifespan:  Set to 30 minutes.
[EOnDrop] Zombie Spawned [10] ZmbF_MilkMaidOld_Beige @ <13468.238281, 3.955305, 2997.625244> ... Lifespan:  Set to 30 minutes.
[EOnDrop] Zombie Spawned [11] ZmbF_MilkMaidOld_Grey @ <13451.295898, 3.051063, 3008.966064> ... Lifespan:  Set to 30 minutes.
[EOnDrop] Zombie Spawned [12] ZmbF_SurvivorNormal_Red @ <13481.043945, 5.501760, 2994.586182> ... Lifespan:  Set to 30 minutes.
[EOnDrop] Zombie Spawned [13] ZmbM_priestPopSkinny @ <13478.129883, 5.405337, 3018.437012> ... Lifespan:  Set to 30 minutes.
[EOnDrop] Zombie Spawned [14] ZmbF_SurvivorNormal_Orange @ <13473.384766, 5.624416, 2977.556152> ... Lifespan:  Set to 30 minutes.
[EOnDrop] Zombie Spawned [15] ZmbM_VillagerOld_Blue @ <13479.870117, 6.264224, 3020.758057> ... Lifespan:  Set to 30 minutes.
[EOnDrop] Zombie Spawned [16] ZmbM_FarmerFat_Brown @ <13477.241211, 5.121472, 3018.068115> ... Lifespan:  Set to 30 minutes.
[EOnDrop] Zombie Spawned [17] ZmbF_VillagerOld_Red @ <13503.175781, 20.329037, 3049.767334> ... Lifespan:  Set to 30 minutes.
[EOnDrop] Zombie Spawned [18] ZmbF_VillagerOld_White @ <13495.822266, 11.464517, 2999.175781> ... Lifespan:  Set to 30 minutes.
[EOnDrop] Zombie Spawned [19] ZmbM_HikerSkinny_Yellow @ <13488.183594, 13.655679, 3049.234375> ... Lifespan:  Set to 30 minutes.
[EOnDrop] Zombie Spawned [20] ZmbM_HunterOld_Summer @ <13473.822266, 11.320165, 3064.844971> ... Lifespan:  Set to 30 minutes.
[EOnDrop] Zombie Spawned [21] ZmbM_HikerSkinny_Blue @ <13487.232422, 11.422495, 3036.912598> ... Lifespan:  Set to 30 minutes.
[EOnDrop] Zombie Spawned [22] ZmbM_VillagerOld_Green @ <13489.660156, 9.217366, 3014.526123> ... Lifespan:  Set to 30 minutes.
[EOnDrop] Spawn failed for zombie [23] 'ZmbM_SurvivorDean_Black', it does not exist in DayZ!
[EOnDrop] Zombie Spawned [24] ZmbF_VillagerOld_Blue @ <13496.328125, 12.436896, 3012.680908> ... Lifespan:  Set to 30 minutes.
[EOnDrop] Zombie Spawned [25] ZmbM_FarmerFat_Green @ <13510.069336, 18.135708, 3013.370361> ... Lifespan:  Set to 30 minutes.
[EOnDrop] Drop spawned with 25 infected at <13495.117188, 143.460007, 3021.241943>.
[EOnDrop] Supplies have been dropped near Skalisty Island.
[EOnBeforeDelete] Aircraft despawned @ <16361.186523, 152.000610, 4251.361816>
[~AirdropPlane] Aircraft destroyed.
