[AirdropPlane] Aircraft created on 2021-03-26 @ 04-08-31
[InitializeAircraft] Aircraft Initialized: Krasnostav Airstrip @ 12160/12645 (true)
[EOnBeforeDrop] The Aircraft is 1 Km from Krasnostav Airstrip. @ <13559.785156, 182.741684, 13183.812500>
[EOnDrop] Zombie Spawned [1] ZmbM_PatrolNormal_Autumn @ <12267.433594, 140.500000, 12704.672852> ... Lifespan:  Set to 30 minutes.
[EOnDrop] Zombie Spawned [2] ZmbM_PatrolNormal_Autumn @ <12227.081055, 140.500000, 12703.462891> ... Lifespan:  Set to 30 minutes.
[EOnDrop] Zombie Spawned [3] ZmbM_PatrolNormal_PautRev @ <12232.688477, 140.500000, 12657.009766> ... Lifespan:  Set to 30 minutes.
[EOnDrop] Zombie Spawned [4] ZmbM_SoldierNormal @ <12239.636719, 140.500000, 12649.675781> ... Lifespan:  Set to 30 minutes.
[EOnDrop] Zombie Spawned [5] ZmbM_PatrolNormal_Autumn @ <12204.235352, 140.500000, 12656.165039> ... Lifespan:  Set to 30 minutes.
[EOnDrop] Zombie Spawned [6] ZmbM_SoldierNormal @ <12194.301758, 140.500000, 12682.157227> ... Lifespan:  Set to 30 minutes.
[EOnDrop] Zombie Spawned [7] ZmbM_PatrolNormal_Autumn @ <12188.878906, 140.500000, 12683.670898> ... Lifespan:  Set to 30 minutes.
[EOnDrop] Zombie Spawned [8] ZmbM_PatrolNormal_Flat @ <12255.192383, 140.500000, 12720.230469> ... Lifespan:  Set to 30 minutes.
[EOnDrop] Zombie Spawned [9] ZmbM_PatrolNormal_Summer @ <12220.304688, 140.500000, 12702.388672> ... Lifespan:  Set to 30 minutes.
[EOnDrop] Zombie Spawned [10] ZmbM_PatrolNormal_PautRev @ <12234.309570, 140.500000, 12671.368164> ... Lifespan:  Set to 30 minutes.
[EOnDrop] Zombie Spawned [11] ZmbM_SoldierNormal @ <12284.561523, 140.500000, 12666.153320> ... Lifespan:  Set to 30 minutes.
[EOnDrop] Zombie Spawned [12] ZmbM_PatrolNormal_PautRev @ <12224.562500, 140.500000, 12693.521484> ... Lifespan:  Set to 30 minutes.
[EOnDrop] Zombie Spawned [13] ZmbM_SoldierNormal @ <12263.003906, 140.500000, 12664.012695> ... Lifespan:  Set to 30 minutes.
[EOnDrop] Zombie Spawned [14] ZmbM_SoldierNormal @ <12264.357422, 140.500000, 12636.966797> ... Lifespan:  Set to 30 minutes.
[EOnDrop] Zombie Spawned [15] ZmbM_PatrolNormal_Autumn @ <12269.326172, 140.500000, 12689.815430> ... Lifespan:  Set to 30 minutes.
[EOnDrop] Zombie Spawned [16] ZmbM_PatrolNormal_Summer @ <12238.440430, 140.500000, 12685.498047> ... Lifespan:  Set to 30 minutes.
[EOnDrop] Zombie Spawned [17] ZmbM_SoldierNormal @ <12201.106445, 140.500000, 12671.812500> ... Lifespan:  Set to 30 minutes.
[EOnDrop] Zombie Spawned [18] ZmbM_PatrolNormal_Autumn @ <12234.452148, 140.500000, 12694.392578> ... Lifespan:  Set to 30 minutes.
[EOnDrop] Zombie Spawned [19] ZmbM_PatrolNormal_Summer @ <12235.837891, 140.500000, 12663.508789> ... Lifespan:  Set to 30 minutes.
[EOnDrop] Zombie Spawned [20] ZmbM_SoldierNormal @ <12238.102539, 140.500000, 12666.029297> ... Lifespan:  Set to 30 minutes.
[EOnDrop] Drop spawned with 20 infected at <12238.011719, 290.099182, 12674.886719>.
[EOnDrop] Supplies have been dropped near Krasnostav Airstrip.
[EOnBeforeDelete] Aircraft despawned @ <-1000.706787, 435.214050, 7576.615234>
[~AirdropPlane] Aircraft destroyed.
