[InitializeContainer] Container created on 2021-03-24 @ 11-44-55
[InitializeContainer] Winds: Vector <9.723920, 0.000000, 8.785373>, Speed 13.1049mps, Strength 0.1
[AirdropContainerFall] Drop Type 'Misc. Tools', Container: 'RANDOM', Mode/Quantity/Iems: Random/30/54, Flare:  10%
[AirdropContainerFall] Loot Spawned [1] Shovel @ <4446.064453, 341.598053, 10412.257813> ... Lifespan: Set to 30 minutes.
[AirdropContainerFall] Loot Spawned [2] Compass @ <4449.154297, 341.776276, 10413.022461> ... Lifespan: Set to 30 minutes.
[AirdropContainerFall] Loot Spawned [3] Flashlight @ <4446.572754, 341.560486, 10408.875977> ... Lifespan: Set to 30 minutes.
[AirdropContainerFall] Loot Spawned [4] ChernarusMap @ <4445.324707, 341.549866, 10412.447266> ... Lifespan: Set to 30 minutes.
[AirdropContainerFall] Loot Spawned [5] LugWrench @ <4445.136230, 341.563019, 10413.291016> ... Lifespan: Set to 30 minutes.
[AirdropContainerFall] Loot Spawned [6] Pliers @ <4447.184570, 341.563080, 10407.883789> ... Lifespan: Set to 30 minutes.
[AirdropContainerFall] Loot Spawned [7] CableReel @ <4447.804199, 341.731537, 10412.861328> ... Lifespan: Set to 30 minutes.
[AirdropContainerFall] Loot Spawned [8] WoodAxe @ <4446.481445, 341.564758, 10409.208008> ... Lifespan: Set to 30 minutes.
[AirdropContainerFall] Loot Spawned [9] SewingKit @ <4445.048828, 341.530823, 10412.485352> ... Lifespan: Set to 30 minutes.
[AirdropContainerFall] Loot Spawned [10] PortableGasLamp @ <4449.506836, 341.816467, 10413.955078> ... Lifespan: Set to 30 minutes.
[AirdropContainerFall] Loot Spawned [11] Hammer @ <4447.222656, 341.696228, 10412.671875> ... Lifespan: Set to 30 minutes.
[AirdropContainerFall] Loot Spawned [12] HuntingKnife @ <4446.546387, 341.553864, 10408.661133> ... Lifespan: Set to 30 minutes.
[AirdropContainerFall] Loot Spawned [13] Binoculars @ <4449.792969, 341.658112, 10408.690430> ... Lifespan: Set to 30 minutes.
[AirdropContainerFall] Loot Spawned [14] Chemlight_Red @ <4445.961914, 341.598633, 10412.511719> ... Lifespan: Set to 30 minutes.
[AirdropContainerFall] Loot Spawned [15] Chemlight_Blue @ <4444.716797, 341.497559, 10409.712891> ... Lifespan: Set to 30 minutes.
[AirdropContainerFall] Loot Spawned [16] Hacksaw @ <4448.028809, 341.593018, 10407.998047> ... Lifespan: Set to 30 minutes.
[AirdropContainerFall] Loot Spawned [17] Shovel @ <4448.842773, 341.742920, 10412.265625> ... Lifespan: Set to 30 minutes.
[AirdropContainerFall] Loot Spawned [18] Megaphone @ <4445.868652, 341.619324, 10413.371094> ... Lifespan: Set to 30 minutes.
[AirdropContainerFall] Loot Spawned [19] Hammer @ <4449.813965, 341.659882, 10408.727539> ... Lifespan: Set to 30 minutes.
[AirdropContainerFall] Loot Spawned [20] AKM @ <4449.166504, 341.669617, 10409.664063> ... Lifespan: Set to 30 minutes.
[AirdropContainerFall] Loot Spawned [21] Lockpick @ <4449.035156, 341.785889, 10413.431641> ... Lifespan: Set to 30 minutes.
[AirdropContainerFall] Loot Spawned [22] KOD_DVL10 @ <4446.425293, 341.582977, 10410.167969> ... Lifespan: Set to 30 minutes.
[AirdropContainerFall] Loot Spawned [23] KOD_DVL10 @ <4445.495605, 341.544556, 10411.101563> ... Lifespan: Set to 30 minutes.
[AirdropContainerFall] Loot Spawned [24] Screwdriver @ <4450.482422, 341.760468, 10411.310547> ... Lifespan: Set to 30 minutes.
[AirdropContainerFall] Loot Spawned [25] LeatherSewingKit @ <4447.807617, 341.631592, 10409.723633> ... Lifespan: Set to 30 minutes.
[AirdropContainerFall] Loot Spawned [26] Chemlight_White @ <4448.762207, 341.660370, 10409.749023> ... Lifespan: Set to 30 minutes.
[AirdropContainerFall] Loot Spawned [27] Shovel @ <4449.666992, 341.733093, 10411.203125> ... Lifespan: Set to 30 minutes.
[AirdropContainerFall] Loot Spawned [28] Chemlight_Yellow @ <4448.666504, 341.744598, 10412.478516> ... Lifespan: Set to 30 minutes.
[AirdropContainerFall] Loot Spawned [29] PortableGasLamp @ <4448.729980, 341.635651, 10408.973633> ... Lifespan: Set to 30 minutes.
[AirdropContainerFall] Loot Spawned [30] CombatKnife @ <4448.630371, 341.603760, 10407.852539> ... Lifespan: Set to 30 minutes.
[AirdropContainerFall] Airdrop Flare Spawned @ <4447.595703, 341.742584, 10413.398438> ... Lifespan: Set to 30 minutes.
[AirdropContainerUnstuck] Container was unstuck.
[~AirdropContainerBase] Container Destroyed on 2021-03-24 @ 12-09-55
