[AirdropPlane] Aircraft created on 2021-04-18 @ 12-23-51
[InitializeAircraft] Aircraft Initialized: Berezino @ 12450/9250 (true)
[EOnBeforeDrop] The Aircraft is 1 Km from Berezino. @ <13675.693359, 152.000610, 8386.049805>
[EOnDrop] Zombie Spawned [1] ZmbM_OffshoreWorker_Orange @ <12486.470703, 16.246199, 9227.598633> ... Lifespan:  Set to 30 minutes.
[EOnDrop] Zombie Spawned [2] ZmbM_MechanicSkinny_Blue @ <12506.661133, 14.396237, 9164.312500> ... Lifespan:  Set to 30 minutes.
[EOnDrop] Zombie Spawned [3] ZmbM_HandymanNormal_White @ <12534.404297, 11.070619, 9203.276367> ... Lifespan:  Set to 30 minutes.
[EOnDrop] Zombie Spawned [4] ZmbM_HandymanNormal_Blue @ <12531.816406, 10.586075, 9247.426758> ... Lifespan:  Set to 30 minutes.
[EOnDrop] Zombie Spawned [5] ZmbM_OffshoreWorker_Yellow @ <12490.593750, 16.431572, 9185.669922> ... Lifespan:  Set to 30 minutes.
[EOnDrop] Zombie Spawned [6] ZmbM_ConstrWorkerNormal_Green @ <12493.601563, 15.098173, 9233.614258> ... Lifespan:  Set to 30 minutes.
[EOnDrop] Zombie Spawned [7] ZmbF_BlueCollarFat_Red @ <12535.915039, 10.821576, 9176.156250> ... Lifespan:  Set to 30 minutes.
[EOnDrop] Zombie Spawned [8] ZmbM_OffshoreWorker_Orange @ <12504.506836, 13.769256, 9221.474609> ... Lifespan:  Set to 30 minutes.
[EOnDrop] Zombie Spawned [9] ZmbF_MechanicNormal_Orange @ <12502.125000, 13.817601, 9242.964844> ... Lifespan:  Set to 30 minutes.
[EOnDrop] Zombie Spawned [10] ZmbM_HandymanNormal_Grey @ <12504.836914, 13.399303, 9235.428711> ... Lifespan:  Set to 30 minutes.
[EOnDrop] Zombie Spawned [11] ZmbM_MechanicSkinny_Green @ <12476.407227, 18.224672, 9213.647461> ... Lifespan:  Set to 30 minutes.
[EOnDrop] Zombie Spawned [12] ZmbM_OffshoreWorker_Red @ <12523.433594, 12.244635, 9196.548828> ... Lifespan:  Set to 30 minutes.
[EOnDrop] Zombie Spawned [13] ZmbM_MechanicSkinny_Blue @ <12551.285156, 9.732468, 9221.955078> ... Lifespan:  Set to 30 minutes.
[EOnDrop] Zombie Spawned [14] ZmbM_ConstrWorkerNormal_Black @ <12502.998047, 14.284943, 9189.482422> ... Lifespan:  Set to 30 minutes.
[EOnDrop] Zombie Spawned [15] ZmbF_MechanicNormal_Green @ <12562.841797, 9.012908, 9220.469727> ... Lifespan:  Set to 30 minutes.
[EOnDrop] Zombie Spawned [16] ZmbM_MechanicSkinny_Green @ <12534.944336, 10.850610, 9172.875977> ... Lifespan:  Set to 30 minutes.
[EOnDrop] Zombie Spawned [17] ZmbM_HandymanNormal_Blue @ <12490.701172, 16.391171, 9173.553711> ... Lifespan:  Set to 30 minutes.
[EOnDrop] Zombie Spawned [18] ZmbM_HandymanNormal_Grey @ <12540.977539, 10.466915, 9211.691406> ... Lifespan:  Set to 30 minutes.
[EOnDrop] Zombie Spawned [19] ZmbM_ConstrWorkerNormal_Black @ <12528.065430, 11.779349, 9196.777344> ... Lifespan:  Set to 30 minutes.
[EOnDrop] Zombie Spawned [20] ZmbM_MechanicSkinny_Blue @ <12489.565430, 16.137342, 9164.052734> ... Lifespan:  Set to 30 minutes.
[EOnDrop] Drop spawned with 20 infected at <12519.643555, 149.525696, 9200.653320>.
[EOnDrop] Supplies have been dropped near Berezino.
[EOnBeforeDelete] Aircraft despawned @ <2358.345215, 514.503052, 16360.940430>
[~AirdropPlane] Aircraft destroyed.
