[AirdropPlane] Aircraft created on 2021-04-07 @ 02-54-57
[InitializeAircraft] Aircraft Initialized: Balota Airstrip @ 5025/2455 (true)
[EOnBeforeDrop] The Aircraft is 1 Km from Balota Airstrip. @ <6303.217285, 197.074585, 3238.734619>
[EOnDrop] Zombie Spawned [1] ZmbM_PatrolNormal_Flat @ <5118.705566, 10.029945, 2472.876465> ... Lifespan:  Set to 30 minutes.
[EOnDrop] Zombie Spawned [2] ZmbM_SoldierNormal @ <5102.873047, 8.340721, 2511.320313> ... Lifespan:  Set to 30 minutes.
[EOnDrop] Zombie Spawned [3] ZmbM_PatrolNormal_Autumn @ <5114.613770, 9.702263, 2474.789063> ... Lifespan:  Set to 30 minutes.
[EOnDrop] Zombie Spawned [4] ZmbM_PatrolNormal_PautRev @ <5083.489746, 9.904859, 2474.182373> ... Lifespan:  Set to 30 minutes.
[EOnDrop] Zombie Spawned [5] ZmbM_PatrolNormal_Flat @ <5093.850586, 8.263354, 2503.676514> ... Lifespan:  Set to 30 minutes.
[EOnDrop] Zombie Spawned [6] ZmbM_SoldierNormal @ <5092.173340, 8.475212, 2501.163574> ... Lifespan:  Set to 30 minutes.
[EOnDrop] Zombie Spawned [7] ZmbM_PatrolNormal_PautRev @ <5058.238281, 9.191680, 2483.420654> ... Lifespan:  Set to 30 minutes.
[EOnDrop] Zombie Spawned [8] ZmbM_PatrolNormal_Autumn @ <5103.626465, 8.101615, 2508.398926> ... Lifespan:  Set to 30 minutes.
[EOnDrop] Zombie Spawned [9] ZmbM_PatrolNormal_PautRev @ <5108.506836, 7.957184, 2503.581299> ... Lifespan:  Set to 30 minutes.
[EOnDrop] Zombie Spawned [10] ZmbM_PatrolNormal_Summer @ <5069.224609, 8.769323, 2531.420654> ... Lifespan:  Set to 30 minutes.
[EOnDrop] Zombie Spawned [11] ZmbM_PatrolNormal_Autumn @ <5065.725586, 8.689945, 2528.454102> ... Lifespan:  Set to 30 minutes.
[EOnDrop] Zombie Spawned [12] ZmbM_PatrolNormal_PautRev @ <5072.366699, 9.969232, 2468.886230> ... Lifespan:  Set to 30 minutes.
[EOnDrop] Zombie Spawned [13] ZmbM_PatrolNormal_Summer @ <5106.723633, 7.935738, 2505.443604> ... Lifespan:  Set to 30 minutes.
[EOnDrop] Zombie Spawned [14] ZmbM_SoldierNormal @ <5104.696777, 8.947676, 2483.180176> ... Lifespan:  Set to 30 minutes.
[EOnDrop] Zombie Spawned [15] ZmbM_PatrolNormal_Autumn @ <5146.709961, 12.186603, 2500.635742> ... Lifespan:  Set to 30 minutes.
[EOnDrop] Zombie Spawned [16] ZmbM_PatrolNormal_Flat @ <5102.495605, 8.447561, 2490.625244> ... Lifespan:  Set to 30 minutes.
[EOnDrop] Zombie Spawned [17] ZmbM_PatrolNormal_Flat @ <5076.557129, 8.929090, 2503.793701> ... Lifespan:  Set to 30 minutes.
[EOnDrop] Zombie Spawned [18] ZmbM_PatrolNormal_Flat @ <5090.803223, 9.245154, 2487.099609> ... Lifespan:  Set to 30 minutes.
[EOnDrop] Zombie Spawned [19] ZmbM_PatrolNormal_Flat @ <5071.145508, 8.795284, 2499.202881> ... Lifespan:  Set to 30 minutes.
[EOnDrop] Zombie Spawned [20] ZmbM_SoldierNormal @ <5109.545410, 7.995012, 2500.957031> ... Lifespan:  Set to 30 minutes.
[EOnDrop] Zombie Spawned [21] ZmbM_SoldierNormal @ <5111.619141, 10.235827, 2523.519775> ... Lifespan:  Set to 30 minutes.
[EOnDrop] Zombie Spawned [22] ZmbM_SoldierNormal @ <5090.781250, 8.404517, 2505.376709> ... Lifespan:  Set to 30 minutes.
[EOnDrop] Zombie Spawned [23] ZmbM_PatrolNormal_Summer @ <5053.769531, 8.845116, 2511.289063> ... Lifespan:  Set to 30 minutes.
[EOnDrop] Zombie Spawned [24] ZmbM_PatrolNormal_Flat @ <5110.629883, 10.337703, 2525.163086> ... Lifespan:  Set to 30 minutes.
[EOnDrop] Zombie Spawned [25] ZmbM_PatrolNormal_Summer @ <5114.465820, 9.363898, 2482.007813> ... Lifespan:  Set to 30 minutes.
[EOnDrop] Drop spawned with 25 infected at <5099.062988, 167.239029, 2501.194580>.
[EOnDrop] Supplies have been dropped near Balota Airstrip.
[EOnBeforeDelete] Aircraft despawned @ <-619.584290, 152.000610, -1000.835327>
[~AirdropPlane] Aircraft destroyed.
