[InitializeContainer] Container created on 2021-03-30 @ 09-56-12
[InitializeContainer] Winds: Vector <8.030909, 0.000000, -4.929183>, Speed 9.42297mps, Strength 0.1
[AirdropContainerFall] Drop Type 'Military East', Container: 'AirdropContainer_Military', Mode/Quantity/Iems: Random/20/33, Flare:  10%
[AirdropContainerFall] Loot Spawned [1] GorkaPants_Flat @ <1977.140991, 283.316132, 7555.277832> ... Lifespan: Set to 30 minutes.
[AirdropContainerFall] Loot Spawned [2] GorkaPants_Summer @ <1979.292725, 283.520599, 7554.168945> ... Lifespan: Set to 30 minutes.
[AirdropContainerFall] Loot Spawned [3] Binoculars @ <1978.434937, 283.499146, 7555.082520> ... Lifespan: Set to 30 minutes.
[AirdropContainerFall] Loot Spawned [4] UniversalLight @ <1978.788818, 282.848602, 7548.903809> ... Lifespan: Set to 30 minutes.
[AirdropContainerFall] Loot Spawned [5] TTSKOPants @ <1980.455322, 283.819061, 7555.054199> ... Lifespan: Set to 30 minutes.
[AirdropContainerFall] Loot Spawned [6] AKM @ <1976.238525, 282.771576, 7551.779785> ... Lifespan: Set to 30 minutes.
[AirdropContainerFall] Loot Spawned [7] AK_PlasticBttstck @ <1976.630737, 282.700531, 7550.570313> ... Lifespan: Set to 30 minutes.
[AirdropContainerFall] Loot Spawned [8] GorkaPants_Summer @ <1979.819702, 283.582581, 7553.988770> ... Lifespan: Set to 30 minutes.
[AirdropContainerFall] Loot Spawned [9] TTSKOPants @ <1980.690430, 283.544464, 7552.622070> ... Lifespan: Set to 30 minutes.
[AirdropContainerFall] Loot Spawned [10] AK_Bayonet @ <1977.325928, 282.998962, 7552.354980> ... Lifespan: Set to 30 minutes.
[AirdropContainerFall] Loot Spawned [11] AK_PlasticBttstck @ <1980.172974, 283.257599, 7550.740723> ... Lifespan: Set to 30 minutes.
[AirdropContainerFall] Loot Spawned [12] AK101 @ <1980.426636, 283.371399, 7551.434570> ... Lifespan: Set to 30 minutes.
[AirdropContainerFall] Loot Spawned [13] Binoculars @ <1976.845825, 283.146210, 7554.223633> ... Lifespan: Set to 30 minutes.
[AirdropContainerFall] Loot Spawned [14] TTSKOPants @ <1980.493286, 283.466003, 7552.210449> ... Lifespan: Set to 30 minutes.
[AirdropContainerFall] Loot Spawned [15] GorkaPants_PautRev @ <1978.673828, 283.024780, 7550.696777> ... Lifespan: Set to 30 minutes.
[AirdropContainerFall] Loot Spawned [16] AK_Bayonet @ <1980.237549, 283.330109, 7551.320313> ... Lifespan: Set to 30 minutes.
[AirdropContainerFall] Loot Spawned [17] GorkaPants_Autumn @ <1976.703613, 282.777039, 7551.175781> ... Lifespan: Set to 30 minutes.
[AirdropContainerFall] Loot Spawned [18] AmmoBox_762x39_20Rnd @ <1979.604004, 283.732910, 7555.435059> ... Lifespan: Set to 30 minutes.
[AirdropContainerFall] Loot Spawned [19] GorkaEJacket_Flat @ <1980.210815, 283.298462, 7551.065430> ... Lifespan: Set to 30 minutes.
[AirdropContainerFall] Loot Spawned [20] AKM @ <1977.473267, 282.799286, 7550.298828> ... Lifespan: Set to 30 minutes.
[AirdropContainerUnstuck] Container was unstuck.
