[InitializeContainer] Container created on 2021-04-01 @ 08-52-42
[InitializeContainer] Winds: Vector <8.816323, 0.000000, 10.161022>, Speed 13.4527mps, Strength 0.1
[AirdropContainerFall] Drop Type 'Medical', Container: 'AirdropContainer_Medical', Mode/Quantity/Iems: Random/20/37, Flare:  10%
[AirdropContainerFall] Loot Spawned [1] BandageDressing @ <12384.717773, 24.340475, 9284.980469> ... Lifespan: Set to 30 minutes.
[AirdropContainerFall] Spawn failed for item [2] 'MedicalScrubShirt_White', does not exist in DayZ!
[AirdropContainerFall] Loot Spawned [3] WaterBottle @ <12383.034180, 24.447098, 9284.603516> ... Lifespan: Set to 30 minutes.
[AirdropContainerFall] Loot Spawned [4] MedicalScrubsHat_Blue @ <12387.276367, 24.205862, 9284.843750> ... Lifespan: Set to 30 minutes.
[AirdropContainerFall] Loot Spawned [5] BloodTestKit @ <12387.232422, 24.406557, 9279.767578> ... Lifespan: Set to 30 minutes.
[AirdropContainerFall] Loot Spawned [6] Morphine @ <12389.010742, 24.209482, 9282.298828> ... Lifespan: Set to 30 minutes.
[AirdropContainerFall] Loot Spawned [7] VitaminBottle @ <12387.310547, 24.359348, 9280.826172> ... Lifespan: Set to 30 minutes.
[AirdropContainerFall] Loot Spawned [8] MedicalScrubsHat_Green @ <12384.626953, 24.568636, 9279.550781> ... Lifespan: Set to 30 minutes.
[AirdropContainerFall] Loot Spawned [9] DisinfectantAlcohol @ <12387.785156, 24.190779, 9284.514648> ... Lifespan: Set to 30 minutes.
[AirdropContainerFall] Loot Spawned [10] SurgicalGloves_White @ <12387.370117, 24.170326, 9285.554688> ... Lifespan: Set to 30 minutes.
[AirdropContainerFall] Loot Spawned [11] BloodBagIV @ <12387.828125, 24.174528, 9284.875000> ... Lifespan: Set to 30 minutes.
[AirdropContainerFall] Loot Spawned [12] SurgicalGloves_Blue @ <12386.300781, 24.282154, 9284.250977> ... Lifespan: Set to 30 minutes.
[AirdropContainerFall] Loot Spawned [13] DisinfectantSpray @ <12387.672852, 24.362326, 9280.237305> ... Lifespan: Set to 30 minutes.
[AirdropContainerFall] Loot Spawned [14] MedicalScrubsHat_White @ <12384.762695, 24.342022, 9284.876953> ... Lifespan: Set to 30 minutes.
[AirdropContainerFall] Loot Spawned [15] Morphine @ <12384.003906, 24.433321, 9283.588867> ... Lifespan: Set to 30 minutes.
[AirdropContainerFall] Loot Spawned [16] MedicalScrubsHat_Blue @ <12387.478516, 24.353113, 9280.750000> ... Lifespan: Set to 30 minutes.
[AirdropContainerFall] Loot Spawned [17] MedicalScrubsHat_Green @ <12386.860352, 24.247219, 9284.363281> ... Lifespan: Set to 30 minutes.
[AirdropContainerFall] Loot Spawned [18] DisinfectantSpray @ <12383.996094, 24.520525, 9281.545898> ... Lifespan: Set to 30 minutes.
[AirdropContainerFall] Loot Spawned [19] SurgicalMask @ <12385.296875, 24.473577, 9280.857422> ... Lifespan: Set to 30 minutes.
[AirdropContainerFall] Loot Spawned [20] Heatpack @ <12382.911133, 24.527298, 9282.878906> ... Lifespan: Set to 30 minutes.
[AirdropContainerUnstuck] Container was unstuck.
