[AirdropPlane] Aircraft created on 2021-04-09 @ 02-42-32
[InitializeAircraft] Aircraft Initialized: Veresnik @ 4000/7850 (true)
[EOnBeforeDrop] The Aircraft is 1 Km from Veresnik. @ <5461.129395, 460.578735, 7515.300781>
[EOnDrop] Zombie Spawned [1] ZmbM_HikerSkinny_Blue @ <4069.985107, 300.078156, 7837.079590> ... Lifespan:  Set to 30 minutes.
[EOnDrop] Zombie Spawned [2] ZmbF_VillagerOld_Red @ <4058.165771, 299.065857, 7814.318359> ... Lifespan:  Set to 30 minutes.
[EOnDrop] Zombie Spawned [3] ZmbF_HikerSkinny_Red @ <4074.123535, 300.357391, 7840.090332> ... Lifespan:  Set to 30 minutes.
[EOnDrop] Zombie Spawned [4] ZmbM_HunterOld_Spring @ <4086.184082, 300.553162, 7827.751953> ... Lifespan:  Set to 30 minutes.
[EOnDrop] Zombie Spawned [5] ZmbM_HikerSkinny_Green @ <4116.706055, 301.474457, 7812.957520> ... Lifespan:  Set to 30 minutes.
[EOnDrop] Zombie Spawned [6] ZmbM_MotobikerFat_Blue @ <4092.147949, 302.156830, 7861.698242> ... Lifespan:  Set to 30 minutes.
[EOnDrop] Zombie Spawned [7] ZmbM_HunterOld_Summer @ <4064.952393, 300.280396, 7852.250000> ... Lifespan:  Set to 30 minutes.
[EOnDrop] Zombie Spawned [8] ZmbF_MilkMaidOld_Grey @ <4076.711182, 299.765228, 7815.720215> ... Lifespan:  Set to 30 minutes.
[EOnDrop] Zombie Spawned [9] ZmbF_MilkMaidOld_Grey @ <4087.757568, 300.410095, 7820.839355> ... Lifespan:  Set to 30 minutes.
[EOnDrop] Zombie Spawned [10] ZmbF_VillagerOld_Red @ <4073.545166, 299.436737, 7806.738770> ... Lifespan:  Set to 30 minutes.
[EOnDrop] Zombie Spawned [11] ZmbM_HunterOld_Autumn @ <4035.626465, 299.230042, 7857.991211> ... Lifespan:  Set to 30 minutes.
[EOnDrop] Zombie Spawned [12] ZmbF_SurvivorNormal_Blue @ <4064.529541, 299.757141, 7833.607910> ... Lifespan:  Set to 30 minutes.
[EOnDrop] Zombie Spawned [13] ZmbF_SurvivorNormal_Orange @ <4029.569824, 298.002533, 7809.830078> ... Lifespan:  Set to 30 minutes.
[EOnDrop] Zombie Spawned [14] ZmbF_HikerSkinny_Grey @ <4086.334717, 300.316193, 7819.858887> ... Lifespan:  Set to 30 minutes.
[EOnDrop] Zombie Spawned [15] ZmbF_MilkMaidOld_Beige @ <4080.251953, 299.974426, 7817.705566> ... Lifespan:  Set to 30 minutes.
[EOnDrop] Zombie Spawned [16] ZmbM_HunterOld_Winter @ <4103.666504, 300.562592, 7805.026367> ... Lifespan:  Set to 30 minutes.
[EOnDrop] Zombie Spawned [17] ZmbF_HikerSkinny_Grey @ <4039.240479, 299.118744, 7847.808594> ... Lifespan:  Set to 30 minutes.
[EOnDrop] Zombie Spawned [18] ZmbF_MilkMaidOld_Black @ <4080.189453, 300.652069, 7839.973145> ... Lifespan:  Set to 30 minutes.
[EOnDrop] Zombie Spawned [19] ZmbF_VillagerOld_Blue @ <4115.726563, 301.936859, 7824.341309> ... Lifespan:  Set to 30 minutes.
[EOnDrop] Zombie Spawned [20] ZmbM_HermitSkinny_Green @ <4057.253662, 299.460358, 7832.636719> ... Lifespan:  Set to 30 minutes.
[EOnDrop] Zombie Spawned [21] ZmbF_HikerSkinny_Red @ <4071.626709, 301.466461, 7873.980957> ... Lifespan:  Set to 30 minutes.
[EOnDrop] Zombie Spawned [22] ZmbF_HikerSkinny_Blue @ <4089.110107, 299.404236, 7787.951660> ... Lifespan:  Set to 30 minutes.
[EOnDrop] Zombie Spawned [23] ZmbM_FarmerFat_Beige @ <4059.518799, 300.554047, 7867.606934> ... Lifespan:  Set to 30 minutes.
[EOnDrop] Zombie Spawned [24] ZmbF_MilkMaidOld_Black @ <4042.895996, 299.131134, 7842.482422> ... Lifespan:  Set to 30 minutes.
[EOnDrop] Zombie Spawned [25] ZmbM_FarmerFat_Green @ <4102.911621, 300.934052, 7815.900391> ... Lifespan:  Set to 30 minutes.
[EOnDrop] Drop spawned with 25 infected at <4073.415527, 445.657043, 7833.130859>.
[EOnDrop] Supplies have been dropped near Veresnik.
[EOnBeforeDelete] Aircraft despawned @ <-1000.022766, 383.270874, 8995.062500>
[~AirdropPlane] Aircraft destroyed.
