[AirdropPlane] Aircraft created on 2021-03-16 @ 16-33-31
[InitializeAircraft] Aircraft Initialized: Northwest Airfield @ 4500/10350 (true)
[EOnBeforeDrop] The Aircraft is 1 Km from Northwest Airfield. @ <3075.807373, 503.919159, 10815.095703>
[EOnDrop] Zombie Spawned [1] ZmbM_PatrolNormal_Autumn @ <4405.073730, 339.500000, 10359.596680> ... Lifespan:  Set to 30 minutes.
[EOnDrop] Zombie Spawned [2] ZmbM_PatrolNormal_Flat @ <4414.925293, 339.646057, 10371.574219> ... Lifespan:  Set to 30 minutes.
[EOnDrop] Zombie Spawned [3] ZmbM_PatrolNormal_PautRev @ <4417.719238, 339.976990, 10377.710938> ... Lifespan:  Set to 30 minutes.
[EOnDrop] Zombie Spawned [4] ZmbM_PatrolNormal_Flat @ <4367.845215, 339.500000, 10349.021484> ... Lifespan:  Set to 30 minutes.
[EOnDrop] Zombie Spawned [5] ZmbM_PatrolNormal_Autumn @ <4395.646484, 339.510529, 10395.024414> ... Lifespan:  Set to 30 minutes.
[EOnDrop] Zombie Spawned [6] ZmbM_PatrolNormal_PautRev @ <4390.565430, 339.500000, 10360.012695> ... Lifespan:  Set to 30 minutes.
[EOnDrop] Zombie Spawned [7] ZmbM_PatrolNormal_Flat @ <4395.346680, 339.500000, 10379.240234> ... Lifespan:  Set to 30 minutes.
[EOnDrop] Zombie Spawned [8] ZmbM_SoldierNormal @ <4394.825195, 339.636810, 10405.605469> ... Lifespan:  Set to 30 minutes.
[EOnDrop] Zombie Spawned [9] ZmbM_SoldierNormal @ <4419.569824, 340.913696, 10393.913086> ... Lifespan:  Set to 30 minutes.
[EOnDrop] Zombie Spawned [10] ZmbM_PatrolNormal_Summer @ <4384.766113, 339.500000, 10380.267578> ... Lifespan:  Set to 30 minutes.
[EOnDrop] Zombie Spawned [11] ZmbM_PatrolNormal_Autumn @ <4401.697754, 339.500000, 10387.027344> ... Lifespan:  Set to 30 minutes.
[EOnDrop] Zombie Spawned [12] ZmbM_PatrolNormal_PautRev @ <4420.241699, 340.947479, 10394.083984> ... Lifespan:  Set to 30 minutes.
[EOnDrop] Zombie Spawned [13] ZmbM_PatrolNormal_Flat @ <4382.420410, 339.500000, 10380.050781> ... Lifespan:  Set to 30 minutes.
[EOnDrop] Zombie Spawned [14] ZmbM_PatrolNormal_Summer @ <4395.893066, 339.500000, 10369.666016> ... Lifespan:  Set to 30 minutes.
[EOnDrop] Zombie Spawned [15] ZmbM_PatrolNormal_Flat @ <4416.927246, 339.552490, 10364.632813> ... Lifespan:  Set to 30 minutes.
[EOnDrop] Zombie Spawned [16] ZmbM_PatrolNormal_Autumn @ <4374.654297, 339.500000, 10367.254883> ... Lifespan:  Set to 30 minutes.
[EOnDrop] Zombie Spawned [17] ZmbM_PatrolNormal_Summer @ <4405.838379, 339.500000, 10373.133789> ... Lifespan:  Set to 30 minutes.
[EOnDrop] Zombie Spawned [18] ZmbM_PatrolNormal_Autumn @ <4385.083008, 339.500000, 10403.427734> ... Lifespan:  Set to 30 minutes.
[EOnDrop] Zombie Spawned [19] ZmbM_PatrolNormal_PautRev @ <4404.182617, 339.513458, 10384.926758> ... Lifespan:  Set to 30 minutes.
[EOnDrop] Zombie Spawned [20] ZmbM_PatrolNormal_Summer @ <4379.437500, 339.507935, 10420.049805> ... Lifespan:  Set to 30 minutes.
[EOnDrop] Zombie Spawned [21] ZmbM_PatrolNormal_Autumn @ <4416.875488, 340.899323, 10396.325195> ... Lifespan:  Set to 30 minutes.
[EOnDrop] Zombie Spawned [22] ZmbM_PatrolNormal_Autumn @ <4389.143555, 339.500000, 10385.830078> ... Lifespan:  Set to 30 minutes.
[EOnDrop] Zombie Spawned [23] ZmbM_PatrolNormal_Flat @ <4417.211914, 340.996948, 10399.665039> ... Lifespan:  Set to 30 minutes.
[EOnDrop] Zombie Spawned [24] ZmbM_PatrolNormal_Autumn @ <4385.406250, 339.500000, 10351.027344> ... Lifespan:  Set to 30 minutes.
[EOnDrop] Zombie Spawned [25] ZmbM_SoldierNormal @ <4401.611816, 339.500000, 10387.114258> ... Lifespan:  Set to 30 minutes.
[EOnDrop] Drop spawned with 25 infected at <4406.925293, 481.253998, 10379.070313>.
[EOnDrop] Supplies have been dropped near Northwest Airfield.
[EOnBeforeDelete] Aircraft despawned @ <16360.977539, 152.000610, 6464.055664>
[~AirdropPlane] Aircraft destroyed.
