[AirdropPlane] Aircraft created on 2021-04-01 @ 03-07-57
[InitializeAircraft] Aircraft Initialized: Stary/Novy  @ 6600/7800 (true)
[EOnBeforeDrop] The Aircraft is 1 Km from Stary/Novy . @ <8091.290527, 552.137329, 7958.844238>
[EOnDrop] Zombie Spawned [1] ZmbM_PatrolNormal_Flat @ <6646.044434, 305.731812, 7810.382324> ... Lifespan:  Set to 30 minutes.
[EOnDrop] Zombie Spawned [2] ZmbM_PatrolNormal_PautRev @ <6656.746582, 305.311127, 7809.716797> ... Lifespan:  Set to 30 minutes.
[EOnDrop] Zombie Spawned [3] ZmbM_PatrolNormal_Flat @ <6660.237793, 309.129761, 7853.551270> ... Lifespan:  Set to 30 minutes.
[EOnDrop] Zombie Spawned [4] ZmbM_PatrolNormal_PautRev @ <6650.673828, 308.397217, 7840.755859> ... Lifespan:  Set to 30 minutes.
[EOnDrop] Zombie Spawned [5] ZmbM_PatrolNormal_Autumn @ <6681.573730, 303.566711, 7803.266602> ... Lifespan:  Set to 30 minutes.
[EOnDrop] Zombie Spawned [6] ZmbM_PatrolNormal_PautRev @ <6663.810547, 306.207092, 7822.332031> ... Lifespan:  Set to 30 minutes.
[EOnDrop] Zombie Spawned [7] ZmbM_PatrolNormal_Summer @ <6661.735840, 306.313965, 7822.562012> ... Lifespan:  Set to 30 minutes.
[EOnDrop] Zombie Spawned [8] ZmbM_PatrolNormal_PautRev @ <6664.791504, 308.911865, 7853.559570> ... Lifespan:  Set to 30 minutes.
[EOnDrop] Zombie Spawned [9] ZmbM_SoldierNormal @ <6703.710938, 302.796631, 7810.273438> ... Lifespan:  Set to 30 minutes.
[EOnDrop] Zombie Spawned [10] ZmbM_PatrolNormal_Summer @ <6662.395508, 300.778381, 7766.443359> ... Lifespan:  Set to 30 minutes.
[EOnDrop] Zombie Spawned [11] ZmbM_PatrolNormal_Summer @ <6658.424805, 304.514893, 7801.801270> ... Lifespan:  Set to 30 minutes.
[EOnDrop] Zombie Spawned [12] ZmbM_PatrolNormal_PautRev @ <6670.081055, 309.006470, 7858.038086> ... Lifespan:  Set to 30 minutes.
[EOnDrop] Zombie Spawned [13] ZmbM_PatrolNormal_PautRev @ <6689.288086, 300.115143, 7773.700684> ... Lifespan:  Set to 30 minutes.
[EOnDrop] Zombie Spawned [14] ZmbM_PatrolNormal_Flat @ <6636.179688, 306.452118, 7815.457031> ... Lifespan:  Set to 30 minutes.
[EOnDrop] Zombie Spawned [15] ZmbM_PatrolNormal_Autumn @ <6646.251465, 305.150757, 7804.107910> ... Lifespan:  Set to 30 minutes.
[EOnDrop] Zombie Spawned [16] ZmbM_PatrolNormal_Autumn @ <6672.203125, 305.517578, 7818.676270> ... Lifespan:  Set to 30 minutes.
[EOnDrop] Zombie Spawned [17] ZmbM_SoldierNormal @ <6684.310059, 300.242706, 7772.268066> ... Lifespan:  Set to 30 minutes.
[EOnDrop] Zombie Spawned [18] ZmbM_PatrolNormal_Flat @ <6713.535156, 301.434753, 7803.177246> ... Lifespan:  Set to 30 minutes.
[EOnDrop] Zombie Spawned [19] ZmbM_PatrolNormal_Autumn @ <6707.813477, 304.126923, 7828.638184> ... Lifespan:  Set to 30 minutes.
[EOnDrop] Zombie Spawned [20] ZmbM_PatrolNormal_Autumn @ <6669.389648, 307.309326, 7837.295410> ... Lifespan:  Set to 30 minutes.
[EOnDrop] Zombie Spawned [21] ZmbM_PatrolNormal_PautRev @ <6683.621582, 302.725830, 7796.133789> ... Lifespan:  Set to 30 minutes.
[EOnDrop] Zombie Spawned [22] ZmbM_PatrolNormal_Flat @ <6634.886719, 305.983704, 7810.019043> ... Lifespan:  Set to 30 minutes.
[EOnDrop] Zombie Spawned [23] ZmbM_PatrolNormal_Autumn @ <6681.755371, 306.917816, 7840.550781> ... Lifespan:  Set to 30 minutes.
[EOnDrop] Zombie Spawned [24] ZmbM_PatrolNormal_Summer @ <6691.669922, 302.277222, 7796.459961> ... Lifespan:  Set to 30 minutes.
[EOnDrop] Zombie Spawned [25] ZmbM_PatrolNormal_PautRev @ <6656.432617, 305.688141, 7813.692383> ... Lifespan:  Set to 30 minutes.
[EOnDrop] Drop spawned with 25 infected at <6677.387695, 441.857849, 7809.500977>.
[EOnDrop] Supplies have been dropped near Stary/Novy .
[EOnBeforeDelete] Aircraft despawned @ <-1000.329529, 383.157593, 6998.548828>
[~AirdropPlane] Aircraft destroyed.
