[InitializeContainer] Container created on 2021-04-06 @ 17-44-09
[InitializeContainer] Winds: Vector <5.475006, 0.000000, -6.506939>, Speed 8.50388mps, Strength 0.1
[AirdropContainerFall] Drop Type 'Military West', Container: 'AirdropContainer_Military', Mode/Quantity/Iems: Random/20/46, Flare:  10%
[AirdropContainerFall] Loot Spawned [1] USMCPants_Woodland @ <5094.862793, 9.501000, 2390.249512> ... Lifespan: Set to 30 minutes.
[AirdropContainerFall] Loot Spawned [2] TacticalGloves_Black @ <5096.113281, 9.501000, 2385.951172> ... Lifespan: Set to 30 minutes.
[AirdropContainerFall] Loot Spawned [3] FNX45 @ <5098.261230, 9.501000, 2386.141113> ... Lifespan: Set to 30 minutes.
[AirdropContainerFall] Loot Spawned [4] AK101 @ <5097.775879, 9.501000, 2387.234375> ... Lifespan: Set to 30 minutes.
[AirdropContainerFall] Loot Spawned [5] M4_Suppressor @ <5095.997070, 9.501000, 2385.914307> ... Lifespan: Set to 30 minutes.
[AirdropContainerFall] Loot Spawned [6] PistolSuppressor @ <5095.616699, 9.501000, 2384.171387> ... Lifespan: Set to 30 minutes.
[AirdropContainerFall] Loot Spawned [7] Mag_FNX45_15Rnd @ <5094.831055, 9.501000, 2386.471680> ... Lifespan: Set to 30 minutes.
[AirdropContainerFall] Loot Spawned [8] MilitaryBoots_Brown @ <5098.532227, 9.501000, 2388.398682> ... Lifespan: Set to 30 minutes.
[AirdropContainerFall] Loot Spawned [9] USMCJacket_Desert @ <5098.819336, 9.501000, 2387.076904> ... Lifespan: Set to 30 minutes.
[AirdropContainerFall] Loot Spawned [10] AmmoBox_556x45_20Rnd @ <5096.972656, 9.501000, 2385.843750> ... Lifespan: Set to 30 minutes.
[AirdropContainerFall] Loot Spawned [11] AKM @ <5098.348633, 9.501000, 2389.917969> ... Lifespan: Set to 30 minutes.
[AirdropContainerFall] Loot Spawned [12] UKAssVest_Olive @ <5094.981445, 9.501000, 2385.841064> ... Lifespan: Set to 30 minutes.
[AirdropContainerFall] Loot Spawned [13] UniversalLight @ <5094.046875, 9.501000, 2389.930664> ... Lifespan: Set to 30 minutes.
[AirdropContainerFall] Loot Spawned [14] M4_RISHndgrd @ <5098.654785, 9.501000, 2386.469482> ... Lifespan: Set to 30 minutes.
[AirdropContainerFall] Loot Spawned [15] Battery9V @ <5094.826172, 9.501000, 2386.901855> ... Lifespan: Set to 30 minutes.
[AirdropContainerFall] Loot Spawned [16] AK101 @ <5095.926270, 9.501000, 2389.707764> ... Lifespan: Set to 30 minutes.
[AirdropContainerFall] Loot Spawned [17] UniversalLight @ <5094.490723, 9.501000, 2386.579834> ... Lifespan: Set to 30 minutes.
[AirdropContainerFall] Loot Spawned [18] MilitaryBoots_Black @ <5095.472656, 9.501000, 2388.895996> ... Lifespan: Set to 30 minutes.
[AirdropContainerFall] Loot Spawned [19] TacticalGloves_Green @ <5096.417480, 9.501000, 2385.593506> ... Lifespan: Set to 30 minutes.
[AirdropContainerFall] Loot Spawned [20] M4_Suppressor @ <5094.305664, 9.501000, 2387.903809> ... Lifespan: Set to 30 minutes.
[AirdropContainerUnstuck] Container was unstuck.
[~AirdropContainerBase] Container Destroyed on 2021-04-06 @ 18-09-08
