[InitializeContainer] Container created on 2021-04-13 @ 05-54-46
[InitializeContainer] Winds: Vector <5.079318, 0.000000, -6.650728>, Speed 8.36849mps, Strength 0.1
[AirdropContainerFall] Drop Type 'Misc. Tools', Container: 'RANDOM', Mode/Quantity/Iems: Random/30/54, Flare:  10%
[AirdropContainerFall] Loot Spawned [1] OrienteeringCompass @ <8770.619141, 382.016602, 9115.439453> ... Lifespan: Set to 30 minutes.
[AirdropContainerFall] Loot Spawned [2] KOD_M16A4 @ <8770.529297, 381.945709, 9114.248047> ... Lifespan: Set to 30 minutes.
[AirdropContainerFall] Loot Spawned [3] Chemlight_Green @ <8769.288086, 381.889038, 9113.166016> ... Lifespan: Set to 30 minutes.
[AirdropContainerFall] Loot Spawned [4] AKM @ <8769.249023, 382.222137, 9118.693359> ... Lifespan: Set to 30 minutes.
[AirdropContainerFall] Loot Spawned [5] Binoculars @ <8767.180664, 382.125000, 9116.170898> ... Lifespan: Set to 30 minutes.
[AirdropContainerFall] Loot Spawned [6] PersonalRadio @ <8770.911133, 381.947357, 9114.317383> ... Lifespan: Set to 30 minutes.
[AirdropContainerFall] Loot Spawned [7] Chemlight_Green @ <8772.056641, 382.018494, 9115.622070> ... Lifespan: Set to 30 minutes.
[AirdropContainerFall] Loot Spawned [8] Matchbox @ <8768.885742, 382.128876, 9117.118164> ... Lifespan: Set to 30 minutes.
[AirdropContainerFall] Loot Spawned [9] CombatKnife @ <8766.644531, 382.173309, 9115.748047> ... Lifespan: Set to 30 minutes.
[AirdropContainerFall] Loot Spawned [10] Chemlight_Blue @ <8770.734375, 382.134277, 9117.385742> ... Lifespan: Set to 30 minutes.
[AirdropContainerFall] Loot Spawned [11] PortableGasLamp @ <8769.748047, 382.241577, 9119.035156> ... Lifespan: Set to 30 minutes.
[AirdropContainerFall] Loot Spawned [12] SteakKnife @ <8766.517578, 382.223907, 9116.299805> ... Lifespan: Set to 30 minutes.
[AirdropContainerFall] Loot Spawned [13] Roadflare @ <8770.612305, 382.143311, 9117.522461> ... Lifespan: Set to 30 minutes.
[AirdropContainerFall] Loot Spawned [14] SledgeHammer @ <8767.631836, 381.980896, 9114.512695> ... Lifespan: Set to 30 minutes.
[AirdropContainerFall] Loot Spawned [15] Chemlight_Red @ <8767.232422, 382.059357, 9115.194336> ... Lifespan: Set to 30 minutes.
[AirdropContainerFall] Loot Spawned [16] Whetstone @ <8771.626953, 381.972046, 9114.808594> ... Lifespan: Set to 30 minutes.
[AirdropContainerFall] Loot Spawned [17] CableReel @ <8766.753906, 382.147400, 9115.567383> ... Lifespan: Set to 30 minutes.
[AirdropContainerFall] Loot Spawned [18] PortableGasStove @ <8768.391602, 381.949463, 9114.073242> ... Lifespan: Set to 30 minutes.
[AirdropContainerFall] Loot Spawned [19] LeatherSewingKit @ <8768.227539, 381.948486, 9114.038086> ... Lifespan: Set to 30 minutes.
[AirdropContainerFall] Loot Spawned [20] KOD_M16A4 @ <8770.660156, 382.001892, 9115.198242> ... Lifespan: Set to 30 minutes.
[AirdropContainerFall] Loot Spawned [21] Hacksaw @ <8770.262695, 382.220734, 9118.735352> ... Lifespan: Set to 30 minutes.
[AirdropContainerFall] Loot Spawned [22] WeaponCleaningKit @ <8771.780273, 381.967651, 9114.752930> ... Lifespan: Set to 30 minutes.
[AirdropContainerFall] Loot Spawned [23] SewingKit @ <8765.797852, 382.306122, 9116.023438> ... Lifespan: Set to 30 minutes.
[AirdropContainerFall] Loot Spawned [24] ChernarusMap @ <8770.697266, 381.886810, 9113.285156> ... Lifespan: Set to 30 minutes.
[AirdropContainerFall] Loot Spawned [25] Chemlight_Green @ <8767.154297, 382.144012, 9116.426758> ... Lifespan: Set to 30 minutes.
[AirdropContainerFall] Loot Spawned [26] ElectronicRepairKit @ <8771.036133, 382.142670, 9117.539063> ... Lifespan: Set to 30 minutes.
[AirdropContainerFall] Loot Spawned [27] SledgeHammer @ <8766.152344, 382.270630, 9116.242188> ... Lifespan: Set to 30 minutes.
[AirdropContainerFall] Loot Spawned [28] CableReel @ <8770.029297, 382.130737, 9117.275391> ... Lifespan: Set to 30 minutes.
[AirdropContainerFall] Loot Spawned [29] Headtorch_Grey @ <8767.406250, 381.875061, 9112.526367> ... Lifespan: Set to 30 minutes.
[AirdropContainerFall] Loot Spawned [30] Wrench @ <8765.910156, 382.223969, 9114.912109> ... Lifespan: Set to 30 minutes.
[AirdropContainerUnstuck] Container was unstuck.
[~AirdropContainerBase] Container Destroyed on 2021-04-13 @ 06-19-46
