[AirdropPlane] Aircraft created on 2021-03-13 @ 12-58-55
[InitializeAircraft] Aircraft Initialized: Myshkino @ 1900/7600 (true)
[EOnBeforeDrop] The Aircraft is 1 Km from Myshkino. @ <3161.684082, 508.608917, 6791.623047>
[EOnDrop] Zombie Spawned [1] ZmbM_HermitSkinny_Black @ <1931.096802, 276.716827, 7574.455078> ... Lifespan:  Set to 60 minutes.
[EOnDrop] Zombie Spawned [2] ZmbF_VillagerOld_Blue @ <2002.755127, 293.729980, 7574.729980> ... Lifespan:  Set to 60 minutes.
[EOnDrop] Zombie Spawned [3] ZmbM_VillagerOld_White @ <1971.206421, 283.646576, 7561.716309> ... Lifespan:  Set to 60 minutes.
[EOnDrop] Zombie Spawned [4] ZmbM_HunterOld_Autumn @ <1937.618774, 276.410919, 7556.495117> ... Lifespan:  Set to 60 minutes.
[EOnDrop] Zombie Spawned [5] ZmbM_FarmerFat_Brown @ <1971.950317, 287.383331, 7587.895020> ... Lifespan:  Set to 60 minutes.
[EOnDrop] Zombie Spawned [6] ZmbF_MilkMaidOld_Black @ <1930.523071, 271.523560, 7533.043945> ... Lifespan:  Set to 60 minutes.
[EOnDrop] Zombie Spawned [7] ZmbM_HunterOld_Autumn @ <1975.007202, 279.725739, 7522.128906> ... Lifespan:  Set to 60 minutes.
[EOnDrop] Zombie Spawned [8] ZmbM_priestPopSkinny @ <1981.691284, 285.454987, 7561.823730> ... Lifespan:  Set to 60 minutes.
[EOnDrop] Zombie Spawned [9] ZmbM_MotobikerFat_Blue @ <1955.618652, 277.773895, 7534.761719> ... Lifespan:  Set to 60 minutes.
[EOnDrop] Zombie Spawned [10] ZmbM_VillagerOld_Green @ <1986.614502, 282.717133, 7530.591309> ... Lifespan:  Set to 60 minutes.
[EOnDrop] Zombie Spawned [11] ZmbM_FarmerFat_Beige @ <1923.017944, 272.624512, 7551.974609> ... Lifespan:  Set to 60 minutes.
[EOnDrop] Zombie Spawned [12] ZmbM_HunterOld_Autumn @ <1971.499634, 280.027679, 7529.147461> ... Lifespan:  Set to 60 minutes.
[EOnDrop] Zombie Spawned [13] ZmbF_HikerSkinny_Grey @ <1978.563110, 283.707123, 7552.545898> ... Lifespan:  Set to 60 minutes.
[EOnDrop] Zombie Spawned [14] ZmbF_HikerSkinny_Blue @ <1963.157227, 285.382660, 7589.279785> ... Lifespan:  Set to 60 minutes.
[EOnDrop] Zombie Spawned [15] ZmbM_HermitSkinny_Green @ <1989.358765, 284.114258, 7540.108887> ... Lifespan:  Set to 60 minutes.
[EOnDrop] Drop spawned with 15 infected at <1967.841309, 433.063171, 7556.410645>.
[EOnDrop] Supplies have been dropped near Myshkino.
[EOnBeforeDelete] Aircraft despawned @ <-1001.470764, 413.626953, 9459.088867>
[~AirdropPlane] Aircraft destroyed.
