[AirdropBase] Base class created & settings loaded.
[2021-03-27 @ 18-27-08] ----------------------------------------------------------------------------------------------------
[EOnCallAirdrop] Drop zone asigned: Zelenogorks <1875.000000, 0.000000, 5210.000000>
[EOnCallAirdrop] Drop zone offset to: <1912.004639, 2438.000000, 5126.806641>
[EOnCallAirdrop] Aircraft spawn point: <-1000.000000, 2438.000000, -198.940399>
[EOnCallAirdrop] Aircraft bearing ... Angle/Bearing: -2.05935° / 207.992°, Text: 'South/West (208°)'
[EOnCallAirdrop] Aircraft has been dispatched to 'Zelenogorks' from the South/West (208°).
[2021-03-27 @ 18-52-28] ----------------------------------------------------------------------------------------------------
[EOnCallAirdrop] Drop zone asigned: Soverograd <8566.000000, 0.000000, 12755.000000>
[EOnCallAirdrop] Drop zone offset to: <8588.668945, 2438.000000, 12685.153320>
[EOnCallAirdrop] Aircraft spawn point: <3984.370850, 2438.000000, 16360.000000>
[EOnCallAirdrop] Aircraft bearing ... Angle/Bearing: 2.47493° / 308.197°, Text: 'North/West (308°)'
[EOnCallAirdrop] Aircraft has been dispatched to 'Soverograd' from the North/West (308°).
[2021-03-27 @ 19-17-47] ----------------------------------------------------------------------------------------------------
[EOnCallAirdrop] Drop zone asigned: Skalisty Island <13575.000000, 0.000000, 3055.000000>
[EOnCallAirdrop] Drop zone offset to: <13543.037109, 2438.000000, 3096.738525>
[EOnCallAirdrop] Aircraft spawn point: <14316.026367, 2438.000000, 16360.000000>
[EOnCallAirdrop] Aircraft bearing ... Angle/Bearing: 1.51516° / 3.18781°, Text: 'North (3°)'
[EOnCallAirdrop] Aircraft has been dispatched to 'Skalisty Island' from the North (3°).
[2021-03-27 @ 19-43-07] ----------------------------------------------------------------------------------------------------
[EOnCallAirdrop] Drop zone asigned: Veresnik <4000.000000, 0.000000, 7850.000000>
[EOnCallAirdrop] Drop zone offset to: <4009.423584, 2438.000000, 7869.565918>
[EOnCallAirdrop] Aircraft spawn point: <13341.192383, 2438.000000, -1000.000000>
[EOnCallAirdrop] Aircraft bearing ... Angle/Bearing: -0.758403° / 133.453°, Text: 'South/East (133°)'
[EOnCallAirdrop] Aircraft has been dispatched to 'Veresnik' from the South/East (133°).
[2021-03-27 @ 20-08-25] ----------------------------------------------------------------------------------------------------
[EOnCallAirdrop] Drop zone asigned: Berezino <12450.000000, 0.000000, 9250.000000>
[EOnCallAirdrop] Drop zone offset to: <12388.712891, 2438.000000, 9238.997070>
[EOnCallAirdrop] Aircraft spawn point: <9496.954102, 2438.000000, -1000.000000>
[EOnCallAirdrop] Aircraft bearing ... Angle/Bearing: -1.8513° / 196.072°, Text: 'South (196°)'
[EOnCallAirdrop] Aircraft has been dispatched to 'Berezino' from the South (196°).
[2021-03-27 @ 20-33-43] ----------------------------------------------------------------------------------------------------
[EOnCallAirdrop] Drop zone asigned: Krasnostav Airstrip <12160.000000, 0.000000, 12645.000000>
[EOnCallAirdrop] Drop zone offset to: <12097.408203, 2438.000000, 12599.675781>
[EOnCallAirdrop] Aircraft spawn point: <6346.225098, 2438.000000, 16360.000000>
[EOnCallAirdrop] Aircraft bearing ... Angle/Bearing: 2.57299° / 302.579°, Text: 'North/West (303°)'
[EOnCallAirdrop] Aircraft has been dispatched to 'Krasnostav Airstrip' from the North/West (303°).
[2021-03-27 @ 20-59-01] ----------------------------------------------------------------------------------------------------
[EOnCallAirdrop] Drop zone asigned: Novodmitrovsk <11475.000000, 0.000000, 14356.000000>
[EOnCallAirdrop] Drop zone offset to: <11389.764648, 2438.000000, 14398.141602>
[EOnCallAirdrop] Aircraft spawn point: <-1000.000000, 2438.000000, 5819.602539>
[EOnCallAirdrop] Aircraft bearing ... Angle/Bearing: -2.54149° / 235.617°, Text: 'South/West (236°)'
[EOnCallAirdrop] Aircraft has been dispatched to 'Novodmitrovsk' from the South/West (236°).
[2021-03-27 @ 21-24-18] ----------------------------------------------------------------------------------------------------
[EOnCallAirdrop] Drop zone asigned: Zelenogorks <1875.000000, 0.000000, 5210.000000>
[EOnCallAirdrop] Drop zone offset to: <1867.111206, 2438.000000, 5150.407715>
[EOnCallAirdrop] Aircraft spawn point: <16360.000000, 2438.000000, 602.648987>
[EOnCallAirdrop] Aircraft bearing ... Angle/Bearing: -0.307958° / 107.645°, Text: 'East (108°)'
[EOnCallAirdrop] Aircraft has been dispatched to 'Zelenogorks' from the East (108°).
[2021-03-27 @ 21-49-33] ----------------------------------------------------------------------------------------------------
[EOnCallAirdrop] Drop zone asigned: Skalisty Island <13575.000000, 0.000000, 3055.000000>
[EOnCallAirdrop] Drop zone offset to: <13609.133789, 2438.000000, 3030.205566>
[EOnCallAirdrop] Aircraft spawn point: <16360.000000, 2438.000000, 14208.476563>
[EOnCallAirdrop] Aircraft bearing ... Angle/Bearing: 1.3261° / 14.02°, Text: 'North (14°)'
[EOnCallAirdrop] Aircraft has been dispatched to 'Skalisty Island' from the North (14°).
