[AirdropBase] Base class created & settings loaded.
[2021-04-06 @ 21-26-42] ----------------------------------------------------------------------------------------------------
[EOnCallAirdrop] Drop zone asigned: Myshkino <1900.000000, 0.000000, 7600.000000>
[EOnCallAirdrop] Drop zone offset to: <1913.082886, 2438.000000, 7657.751953>
[EOnCallAirdrop] Aircraft spawn point: <16360.000000, 2438.000000, 8974.040039>
[EOnCallAirdrop] Aircraft bearing ... Angle/Bearing: 0.094739° / 84.5719°, Text: 'East (85°)'
[EOnCallAirdrop] Aircraft has been dispatched to 'Myshkino' from the East (85°).
[2021-04-06 @ 21-51-56] ----------------------------------------------------------------------------------------------------
[EOnCallAirdrop] Drop zone asigned: Balota Airstrip <5025.000000, 0.000000, 2455.000000>
[EOnCallAirdrop] Drop zone offset to: <5070.817383, 2438.000000, 2511.623535>
[EOnCallAirdrop] Aircraft spawn point: <10407.152344, 2438.000000, -1000.000000>
[EOnCallAirdrop] Aircraft bearing ... Angle/Bearing: -0.570686° / 122.698°, Text: 'South/East (123°)'
[EOnCallAirdrop] Aircraft has been dispatched to 'Balota Airstrip' from the South/East (123°).
[2021-04-06 @ 22-17-08] ----------------------------------------------------------------------------------------------------
[EOnCallAirdrop] Drop zone asigned: Soverograd <8566.000000, 0.000000, 12755.000000>
[EOnCallAirdrop] Drop zone offset to: <8604.136719, 2438.000000, 12837.972656>
[EOnCallAirdrop] Aircraft spawn point: <11253.774414, 2438.000000, 16360.000000>
[EOnCallAirdrop] Aircraft bearing ... Angle/Bearing: 0.930137° / 36.7071°, Text: 'North/East (37°)'
[EOnCallAirdrop] Aircraft has been dispatched to 'Soverograd' from the North/East (37°).
[2021-04-06 @ 22-42-20] ----------------------------------------------------------------------------------------------------
[EOnCallAirdrop] Drop zone asigned: Zelenogorks <1875.000000, 0.000000, 5210.000000>
[EOnCallAirdrop] Drop zone offset to: <1875.191528, 2438.000000, 5189.028320>
[EOnCallAirdrop] Aircraft spawn point: <12277.350586, 2438.000000, -1000.000000>
[EOnCallAirdrop] Aircraft bearing ... Angle/Bearing: -0.538196° / 120.836°, Text: 'South/East (121°)'
[EOnCallAirdrop] Aircraft has been dispatched to 'Zelenogorks' from the South/East (121°).
[2021-04-06 @ 23-07-33] ----------------------------------------------------------------------------------------------------
[EOnCallAirdrop] Drop zone asigned: Northwest Airfield <4500.000000, 0.000000, 10350.000000>
[EOnCallAirdrop] Drop zone offset to: <4449.940918, 2438.000000, 10407.067383>
[EOnCallAirdrop] Aircraft spawn point: <12527.947266, 2438.000000, 16360.000000>
[EOnCallAirdrop] Aircraft bearing ... Angle/Bearing: 0.642627° / 53.1802°, Text: 'North/East (53°)'
[EOnCallAirdrop] Aircraft has been dispatched to 'Northwest Airfield' from the North/East (53°).
[2021-04-06 @ 23-32-46] ----------------------------------------------------------------------------------------------------
[EOnCallAirdrop] Drop zone asigned: Veresnik <4000.000000, 0.000000, 7850.000000>
[EOnCallAirdrop] Drop zone offset to: <3998.400146, 2438.000000, 7860.397461>
[EOnCallAirdrop] Aircraft spawn point: <-1000.000000, 2438.000000, 14812.450195>
[EOnCallAirdrop] Aircraft bearing ... Angle/Bearing: 2.19359° / 324.316°, Text: 'North/West (324°)'
[EOnCallAirdrop] Aircraft has been dispatched to 'Veresnik' from the North/West (324°).
[2021-04-06 @ 23-57-59] ----------------------------------------------------------------------------------------------------
[EOnCallAirdrop] Drop zone asigned: Balota Airstrip <5025.000000, 0.000000, 2455.000000>
[EOnCallAirdrop] Drop zone offset to: <5008.885254, 2438.000000, 2455.258301>
[EOnCallAirdrop] Aircraft spawn point: <12926.887695, 2438.000000, -1000.000000>
[EOnCallAirdrop] Aircraft bearing ... Angle/Bearing: -0.41219° / 113.617°, Text: 'South/East (114°)'
[EOnCallAirdrop] Aircraft has been dispatched to 'Balota Airstrip' from the South/East (114°).
[2021-04-07 @ 00-23-13] ----------------------------------------------------------------------------------------------------
[EOnCallAirdrop] Drop zone asigned: Krasnostav Airstrip <12160.000000, 0.000000, 12645.000000>
[EOnCallAirdrop] Drop zone offset to: <12182.200195, 2438.000000, 12624.255859>
[EOnCallAirdrop] Aircraft spawn point: <-1000.000000, 2438.000000, 7242.119141>
[EOnCallAirdrop] Aircraft bearing ... Angle/Bearing: -2.75202° / 247.679°, Text: 'West (248°)'
[EOnCallAirdrop] Aircraft has been dispatched to 'Krasnostav Airstrip' from the West (248°).
[2021-04-07 @ 00-48-26] ----------------------------------------------------------------------------------------------------
[EOnCallAirdrop] Drop zone asigned: Myshkino <1900.000000, 0.000000, 7600.000000>
[EOnCallAirdrop] Drop zone offset to: <1842.102417, 2438.000000, 7647.490723>
[EOnCallAirdrop] Aircraft spawn point: <3628.874268, 2438.000000, 16360.000000>
[EOnCallAirdrop] Aircraft bearing ... Angle/Bearing: 1.37594° / 11.1644°, Text: 'North (11°)'
[EOnCallAirdrop] Aircraft has been dispatched to 'Myshkino' from the North (11°).
