[InitializeContainer] Container created on 2021-05-03 @ 07-04-57
[InitializeContainer] Winds: Vector <9.891444, 0.000000, -2.668571>, Speed 10.2451mps, Strength 0.1
[AirdropContainerFall] Drop Type 'Misc. Tools', Container: 'RANDOM', Mode/Quantity/Iems: Random/20/50, Flare:  10%
[AirdropContainerFall] Loot Spawned [1] Pickaxe @ <6627.475098, 312.604736, 7884.939453> ... Lifespan: Set to 60 minutes.
[AirdropContainerFall] Loot Spawned [2] SledgeHammer @ <6612.533691, 313.848114, 7895.420898> ... Lifespan: Set to 60 minutes.
[AirdropContainerFall] Loot Spawned [3] BatteryCharger @ <6609.415527, 313.012207, 7887.854492> ... Lifespan: Set to 60 minutes.
[AirdropContainerFall] Loot Spawned [4] HuntingKnife @ <6609.729492, 312.999207, 7887.732910> ... Lifespan: Set to 60 minutes.
[AirdropContainerFall] Loot Spawned [5] Flashlight @ <6627.127930, 312.517120, 7884.103027> ... Lifespan: Set to 60 minutes.
[AirdropContainerFall] Loot Spawned [6] Chemlight_Green @ <6625.582520, 313.854370, 7896.391602> ... Lifespan: Set to 60 minutes.
[AirdropContainerFall] Loot Spawned [7] Pliers @ <6609.553223, 313.294220, 7890.487793> ... Lifespan: Set to 60 minutes.
[AirdropContainerFall] Loot Spawned [8] BatteryCharger @ <6618.008789, 314.136475, 7898.246094> ... Lifespan: Set to 60 minutes.
[AirdropContainerFall] Loot Spawned [9] Chemlight_Red @ <6623.472656, 313.982605, 7897.344727> ... Lifespan: Set to 60 minutes.
[AirdropContainerFall] Loot Spawned [10] Matchbox @ <6622.098145, 312.096283, 7879.620605> ... Lifespan: Set to 60 minutes.
[AirdropContainerFall] Loot Spawned [11] PortableGasLamp @ <6612.523438, 312.451752, 7882.600586> ... Lifespan: Set to 60 minutes.
[AirdropContainerFall] Loot Spawned [12] Chemlight_Blue @ <6628.916504, 313.224365, 7890.930664> ... Lifespan: Set to 60 minutes.
[AirdropContainerFall] Loot Spawned [13] WeaponCleaningKit @ <6616.671387, 312.189789, 7880.121094> ... Lifespan: Set to 60 minutes.
[AirdropContainerFall] Loot Spawned [14] BaseRadio @ <6609.149902, 313.131958, 7888.984863> ... Lifespan: Set to 60 minutes.
[AirdropContainerFall] Loot Spawned [15] Crowbar @ <6610.385254, 312.785828, 7885.732422> ... Lifespan: Set to 60 minutes.
[AirdropContainerFall] Loot Spawned [16] CanOpener @ <6624.796387, 313.828125, 7896.061035> ... Lifespan: Set to 60 minutes.
[AirdropContainerFall] Loot Spawned [17] Hatchet @ <6626.991211, 313.623810, 7894.413574> ... Lifespan: Set to 60 minutes.
[AirdropContainerFall] Loot Spawned [18] Hammer @ <6624.219727, 312.274017, 7881.579102> ... Lifespan: Set to 60 minutes.
[AirdropContainerFall] Loot Spawned [19] Lockpick @ <6625.259277, 313.827209, 7896.104004> ... Lifespan: Set to 60 minutes.
[AirdropContainerFall] Loot Spawned [20] Shovel @ <6624.179688, 312.223877, 7881.081543> ... Lifespan: Set to 60 minutes.
[AirdropContainerUnstuck] Container was unstuck.
[~AirdropContainerBase] Container Destroyed on 2021-05-03 @ 07-34-57
