[InitializeContainer] Container created on 2021-05-04 @ 13-34-06
[InitializeContainer] Winds: Vector <8.357245, 0.000000, -4.625412>, Speed 9.55186mps, Strength 0.1
[AirdropContainerFall] Drop Type 'Military West', Container: 'RANDOM', Mode/Quantity/Iems: Random/20/40, Flare:  10%
[AirdropContainerFall] Loot Spawned [1] Binoculars @ <4087.063965, 301.893494, 7875.200195> ... Lifespan: Set to 60 minutes.
[AirdropContainerFall] Loot Spawned [2] TacticalGloves_Black @ <4087.309082, 301.953827, 7876.395996> ... Lifespan: Set to 60 minutes.
[AirdropContainerFall] Loot Spawned [3] M4_RISHndgrd @ <4086.815430, 302.020325, 7878.863770> ... Lifespan: Set to 60 minutes.
[AirdropContainerFall] Loot Spawned [4] MilitaryBoots_Bluerock @ <4083.389160, 301.687286, 7875.320313> ... Lifespan: Set to 60 minutes.
[AirdropContainerFall] Loot Spawned [5] MilitaryBoots_Bluerock @ <4084.412598, 301.700500, 7874.162598> ... Lifespan: Set to 60 minutes.
[AirdropContainerFall] Loot Spawned [6] USMCPants_Woodland @ <4086.606934, 301.889343, 7875.790039> ... Lifespan: Set to 60 minutes.
[AirdropContainerFall] Loot Spawned [7] UKAssVest_Olive @ <4087.101074, 301.999512, 7877.892090> ... Lifespan: Set to 60 minutes.
[AirdropContainerFall] Loot Spawned [8] AssaultBag_Black @ <4087.080566, 301.905426, 7875.490723> ... Lifespan: Set to 60 minutes.
[AirdropContainerFall] Loot Spawned [9] M4_T3NrdSOptic @ <4082.792480, 301.634033, 7874.823242> ... Lifespan: Set to 60 minutes.
[AirdropContainerFall] Loot Spawned [10] M4_CQBBttstck @ <4083.473389, 301.742249, 7876.662598> ... Lifespan: Set to 60 minutes.
[AirdropContainerFall] Loot Spawned [11] UKAssVest_Olive @ <4082.339111, 301.678864, 7876.706055> ... Lifespan: Set to 60 minutes.
[AirdropContainerFall] Loot Spawned [12] UKAssVest_Black @ <4085.879150, 301.813995, 7874.897461> ... Lifespan: Set to 60 minutes.
[AirdropContainerFall] Loot Spawned [13] M4_Suppressor @ <4086.939941, 301.913116, 7875.901855> ... Lifespan: Set to 60 minutes.
[AirdropContainerFall] Loot Spawned [14] MilitaryBoots_Bluerock @ <4086.662598, 302.059753, 7880.116699> ... Lifespan: Set to 60 minutes.
[AirdropContainerFall] Loot Spawned [15] TacticalGoggles @ <4082.745850, 301.796661, 7879.237793> ... Lifespan: Set to 60 minutes.
[AirdropContainerFall] Loot Spawned [16] M4A1 @ <4086.875244, 301.936127, 7876.595703> ... Lifespan: Set to 60 minutes.
[AirdropContainerFall] Loot Spawned [17] TacticalBaconCan @ <4085.619873, 301.953979, 7878.962402> ... Lifespan: Set to 60 minutes.
[AirdropContainerFall] Loot Spawned [18] UKAssVest_Khaki @ <4083.212891, 301.786865, 7878.257813> ... Lifespan: Set to 60 minutes.
[AirdropContainerFall] Loot Spawned [19] Mag_FNX45_15Rnd @ <4086.826904, 301.873505, 7875.028320> ... Lifespan: Set to 60 minutes.
[AirdropContainerFall] Loot Spawned [20] Battery9V @ <4087.843018, 302.091919, 7879.157227> ... Lifespan: Set to 60 minutes.
[AirdropContainerUnstuck] Container was unstuck.
[~AirdropContainerBase] Container Destroyed on 2021-05-04 @ 14-04-05
