[AirdropPlane] Aircraft created on 2021-03-30 @ 09-52-35
[InitializeAircraft] Aircraft Initialized: Myshkino @ 1900/7600 (true)
[EOnBeforeDrop] The Aircraft is 1 Km from Myshkino. @ <3188.892578, 507.938293, 6833.016113>
[EOnDrop] Zombie Spawned [1] ZmbM_MotobikerFat_Blue @ <1976.832520, 282.546326, 7544.177246> ... Lifespan:  Set to 30 minutes.
[EOnDrop] Zombie Spawned [2] ZmbM_VillagerOld_White @ <1962.313599, 285.688354, 7593.961914> ... Lifespan:  Set to 30 minutes.
[EOnDrop] Zombie Spawned [3] ZmbF_HikerSkinny_Grey @ <1966.833130, 283.474243, 7566.793457> ... Lifespan:  Set to 30 minutes.
[EOnDrop] Zombie Spawned [4] ZmbF_SurvivorNormal_Orange @ <1978.205200, 284.407471, 7558.569824> ... Lifespan:  Set to 30 minutes.
[EOnDrop] Zombie Spawned [5] ZmbM_HunterOld_Autumn @ <1981.217896, 285.091187, 7559.978027> ... Lifespan:  Set to 30 minutes.
[EOnDrop] Zombie Spawned [6] ZmbM_MotobikerFat_Blue @ <1972.082031, 282.433350, 7549.913574> ... Lifespan:  Set to 30 minutes.
[EOnDrop] Zombie Spawned [7] ZmbF_SurvivorNormal_Blue @ <2022.527832, 297.557404, 7568.553223> ... Lifespan:  Set to 30 minutes.
[EOnDrop] Zombie Spawned [8] ZmbM_MotobikerFat_Beige @ <1991.837158, 286.827759, 7557.914063> ... Lifespan:  Set to 30 minutes.
[EOnDrop] Zombie Spawned [9] ZmbF_SurvivorNormal_White @ <1991.942261, 285.889709, 7552.403809> ... Lifespan:  Set to 30 minutes.
[EOnDrop] Zombie Spawned [10] ZmbM_VillagerOld_Blue @ <1984.822144, 286.308929, 7563.504883> ... Lifespan:  Set to 30 minutes.
[EOnDrop] Zombie Spawned [11] ZmbM_priestPopSkinny @ <1971.468384, 284.474152, 7567.835449> ... Lifespan:  Set to 30 minutes.
[EOnDrop] Zombie Spawned [12] ZmbM_HunterOld_Summer @ <1976.460205, 280.060913, 7522.670410> ... Lifespan:  Set to 30 minutes.
[EOnDrop] Zombie Spawned [13] ZmbM_FarmerFat_Brown @ <2004.799805, 296.217346, 7589.214355> ... Lifespan:  Set to 30 minutes.
[EOnDrop] Zombie Spawned [14] ZmbM_HermitSkinny_Red @ <1987.199829, 289.671448, 7577.293457> ... Lifespan:  Set to 30 minutes.
[EOnDrop] Zombie Spawned [15] ZmbM_HunterOld_Spring @ <1993.422119, 283.036377, 7522.610352> ... Lifespan:  Set to 30 minutes.
[EOnDrop] Drop spawned with 15 infected at <1978.404297, 435.545502, 7552.679199>.
[EOnDrop] Supplies have been dropped near Myshkino.
[EOnBeforeDelete] Aircraft despawned @ <-1001.372314, 405.356018, 9324.793945>
[~AirdropPlane] Aircraft destroyed.
