[AirdropPlane] Aircraft created on 2021-04-02 @ 20-24-32
[InitializeAircraft] Aircraft Initialized: Skalisty Island @ 13575/3055 (true)
[EOnBeforeDrop] The Aircraft is 1 Km from Skalisty Island. @ <14499.695313, 152.000610, 4233.987305>
[EOnDrop] Spawn failed for zombie [1] 'ZmbM_SurvivorDean_Black', it does not exist in DayZ!
[EOnDrop] Zombie Spawned [2] ZmbM_HikerSkinny_Yellow @ <13618.590820, 37.095226, 3119.128174> ... Lifespan:  Set to 30 minutes.
[EOnDrop] Zombie Spawned [3] ZmbM_HermitSkinny_Black @ <13653.178711, 28.459181, 3128.114258> ... Lifespan:  Set to 30 minutes.
[EOnDrop] Zombie Spawned [4] ZmbM_HikerSkinny_Yellow @ <13647.894531, 32.545567, 3112.084229> ... Lifespan:  Set to 30 minutes.
[EOnDrop] Zombie Spawned [5] ZmbF_HikerSkinny_Blue @ <13627.634766, 41.995438, 3079.145752> ... Lifespan:  Set to 30 minutes.
[EOnDrop] Zombie Spawned [6] ZmbM_HikerSkinny_Green @ <13616.765625, 36.371815, 3128.281494> ... Lifespan:  Set to 30 minutes.
[EOnDrop] Zombie Spawned [7] ZmbM_FarmerFat_Brown @ <13662.541016, 36.004417, 3087.445068> ... Lifespan:  Set to 30 minutes.
[EOnDrop] Spawn failed for zombie [8] 'ZmbM_SurvivorDean_Black', it does not exist in DayZ!
[EOnDrop] Zombie Spawned [9] ZmbM_HunterOld_Autumn @ <13633.606445, 30.950058, 3132.357910> ... Lifespan:  Set to 30 minutes.
[EOnDrop] Zombie Spawned [10] ZmbM_VillagerOld_Blue @ <13620.705078, 31.683907, 3144.322021> ... Lifespan:  Set to 30 minutes.
[EOnDrop] Zombie Spawned [11] ZmbM_HikerSkinny_Blue @ <13665.145508, 31.749178, 3107.527100> ... Lifespan:  Set to 30 minutes.
[EOnDrop] Zombie Spawned [12] ZmbM_HikerSkinny_Green @ <13617.623047, 42.444298, 3080.971680> ... Lifespan:  Set to 30 minutes.
[EOnDrop] Spawn failed for zombie [13] 'ZmbM_SurvivorDean_Black', it does not exist in DayZ!
[EOnDrop] Zombie Spawned [14] ZmbM_MotobikerFat_Beige @ <13613.300781, 41.397953, 3104.581299> ... Lifespan:  Set to 30 minutes.
[EOnDrop] Zombie Spawned [15] ZmbM_MotobikerFat_Black @ <13611.137695, 42.322906, 3096.806641> ... Lifespan:  Set to 30 minutes.
[EOnDrop] Zombie Spawned [16] ZmbM_FarmerFat_Blue @ <13621.174805, 38.379478, 3103.923096> ... Lifespan:  Set to 30 minutes.
[EOnDrop] Zombie Spawned [17] ZmbF_MilkMaidOld_Grey @ <13604.670898, 42.314507, 3089.121582> ... Lifespan:  Set to 30 minutes.
[EOnDrop] Zombie Spawned [18] ZmbF_SurvivorNormal_Red @ <13625.452148, 32.350140, 3135.203613> ... Lifespan:  Set to 30 minutes.
[EOnDrop] Zombie Spawned [19] ZmbM_FarmerFat_Brown @ <13624.889648, 38.029808, 3098.609131> ... Lifespan:  Set to 30 minutes.
[EOnDrop] Zombie Spawned [20] ZmbM_VillagerOld_White @ <13592.041992, 39.453197, 3142.614014> ... Lifespan:  Set to 30 minutes.
[EOnDrop] Zombie Spawned [21] ZmbM_HermitSkinny_Black @ <13650.483398, 37.375458, 3081.483643> ... Lifespan:  Set to 30 minutes.
[EOnDrop] Zombie Spawned [22] ZmbM_HunterOld_Winter @ <13638.636719, 31.096651, 3124.897705> ... Lifespan:  Set to 30 minutes.
[EOnDrop] Zombie Spawned [23] ZmbM_FarmerFat_Beige @ <13602.599609, 39.279194, 3132.908447> ... Lifespan:  Set to 30 minutes.
[EOnDrop] Zombie Spawned [24] ZmbM_VillagerOld_White @ <13620.959961, 29.391867, 3158.626221> ... Lifespan:  Set to 30 minutes.
[EOnDrop] Zombie Spawned [25] ZmbM_VillagerOld_Green @ <13654.825195, 23.598721, 3153.794678> ... Lifespan:  Set to 30 minutes.
[EOnDrop] Drop spawned with 25 infected at <13629.015625, 155.209824, 3122.405273>.
[EOnDrop] Supplies have been dropped near Skalisty Island.
[EOnBeforeDelete] Aircraft despawned @ <10399.650391, 152.000610, -1000.301880>
[~AirdropPlane] Aircraft destroyed.
