[InitializeContainer] Container created on 2021-04-25 @ 12-38-19
[InitializeContainer] Winds: Vector <5.111522, 0.000000, -6.639894>, Speed 8.37949mps, Strength 0.1
[AirdropContainerFall] Drop Type 'Military West', Container: 'RANDOM', Mode/Quantity/Iems: Random/20/40, Flare:  10%
[AirdropContainerFall] Loot Spawned [1] MilitaryBoots_Beige @ <9992.229492, 54.653572, 2512.041748> ... Lifespan: Set to 60 minutes.
[AirdropContainerFall] Loot Spawned [2] UniversalLight @ <9995.618164, 54.223877, 2508.891846> ... Lifespan: Set to 60 minutes.
[AirdropContainerFall] Loot Spawned [3] AssaultBag_Green @ <9995.735352, 54.060307, 2512.500244> ... Lifespan: Set to 60 minutes.
[AirdropContainerFall] Loot Spawned [4] M4_Suppressor @ <9991.718750, 54.829803, 2509.764160> ... Lifespan: Set to 60 minutes.
[AirdropContainerFall] Loot Spawned [5] UKAssVest_Khaki @ <9992.318359, 54.780445, 2508.559570> ... Lifespan: Set to 60 minutes.
[AirdropContainerFall] Loot Spawned [6] Battery9V @ <9996.514648, 54.065956, 2509.164795> ... Lifespan: Set to 60 minutes.
[AirdropContainerFall] Loot Spawned [7] CanOpener @ <9996.297852, 54.040115, 2510.696777> ... Lifespan: Set to 60 minutes.
[AirdropContainerFall] Loot Spawned [8] MilitaryBoots_Bluerock @ <9992.864258, 54.708332, 2508.121826> ... Lifespan: Set to 60 minutes.
[AirdropContainerFall] Loot Spawned [9] M4_T3NrdSOptic @ <9992.921875, 54.536087, 2512.140869> ... Lifespan: Set to 60 minutes.
[AirdropContainerFall] Loot Spawned [10] USMCJacket_Desert @ <9992.241211, 54.787773, 2508.690186> ... Lifespan: Set to 60 minutes.
[AirdropContainerFall] Loot Spawned [11] Rangefinder @ <9994.228516, 54.478500, 2508.225830> ... Lifespan: Set to 60 minutes.
[AirdropContainerFall] Loot Spawned [12] AmmoBox_556x45_20Rnd @ <9993.328125, 54.644955, 2507.798340> ... Lifespan: Set to 60 minutes.
[AirdropContainerFall] Loot Spawned [13] MilitaryBoots_Black @ <9993.188477, 54.652000, 2508.188232> ... Lifespan: Set to 60 minutes.
[AirdropContainerFall] Loot Spawned [14] MilitaryBoots_Brown @ <9993.598633, 54.356472, 2513.425537> ... Lifespan: Set to 60 minutes.
[AirdropContainerFall] Loot Spawned [15] Mag_STANAG_30Rnd @ <9991.726563, 54.811211, 2510.184814> ... Lifespan: Set to 60 minutes.
[AirdropContainerFall] Loot Spawned [16] TacticalGloves_Green @ <9994.043945, 54.505035, 2508.319824> ... Lifespan: Set to 60 minutes.
[AirdropContainerFall] Loot Spawned [17] TacticalGoggles @ <9991.626953, 54.942043, 2507.415039> ... Lifespan: Set to 60 minutes.
[AirdropContainerFall] Loot Spawned [18] UKAssVest_Black @ <9992.610352, 54.617577, 2511.379883> ... Lifespan: Set to 60 minutes.
[AirdropContainerFall] Loot Spawned [19] M4A1 @ <9993.419922, 54.464661, 2511.884521> ... Lifespan: Set to 60 minutes.
[AirdropContainerFall] Loot Spawned [20] UKAssVest_Camo @ <9995.709961, 54.180378, 2509.603760> ... Lifespan: Set to 60 minutes.
[AirdropContainerUnstuck] Container was unstuck.
[~AirdropContainerBase] Container Destroyed on 2021-04-25 @ 12-58-17
