[InitializeContainer] Container created on 2021-04-11 @ 00-54-02
[InitializeContainer] Winds: Vector <11.281619, 0.000000, 4.057333>, Speed 11.989mps, Strength 0.1
[AirdropContainerFall] Drop Type 'Military West', Container: 'AirdropContainer_Military', Mode/Quantity/Iems: Random/20/46, Flare:  10%
[AirdropContainerFall] Loot Spawned [1] KOD_M16A4 @ <11408.739258, 37.774036, 14294.394531> ... Lifespan: Set to 30 minutes.
[AirdropContainerFall] Loot Spawned [2] CanOpener @ <11406.526367, 37.910786, 14297.064453> ... Lifespan: Set to 30 minutes.
[AirdropContainerFall] Loot Spawned [3] M4_RISHndgrd @ <11404.320313, 37.916733, 14294.907227> ... Lifespan: Set to 30 minutes.
[AirdropContainerFall] Loot Spawned [4] AKM @ <11403.424805, 37.758919, 14293.552734> ... Lifespan: Set to 30 minutes.
[AirdropContainerFall] Loot Spawned [5] M4_Suppressor @ <11406.284180, 37.537361, 14292.324219> ... Lifespan: Set to 30 minutes.
[AirdropContainerFall] Loot Spawned [6] MilitaryBoots_Bluerock @ <11408.760742, 37.639740, 14293.215820> ... Lifespan: Set to 30 minutes.
[AirdropContainerFall] Loot Spawned [7] AmmoBox_45ACP_25Rnd @ <11405.667969, 37.575748, 14292.517578> ... Lifespan: Set to 30 minutes.
[AirdropContainerFall] Loot Spawned [8] UKAssVest_Camo @ <11403.869141, 37.664135, 14292.900391> ... Lifespan: Set to 30 minutes.
[AirdropContainerFall] Loot Spawned [9] AssaultBag_Black @ <11405.557617, 37.921539, 14295.753906> ... Lifespan: Set to 30 minutes.
[AirdropContainerFall] Loot Spawned [10] M4_T3NrdSOptic @ <11405.850586, 37.521858, 14292.134766> ... Lifespan: Set to 30 minutes.
[AirdropContainerFall] Loot Spawned [11] AKM @ <11407.610352, 37.859039, 14295.099609> ... Lifespan: Set to 30 minutes.
[AirdropContainerFall] Loot Spawned [12] UniversalLight @ <11407.923828, 37.571156, 14292.750977> ... Lifespan: Set to 30 minutes.
[AirdropContainerFall] Loot Spawned [13] AmmoBox_556x45_20Rnd @ <11408.857422, 37.837776, 14296.434570> ... Lifespan: Set to 30 minutes.
[AirdropContainerFall] Loot Spawned [14] USMCJacket_Woodland @ <11409.491211, 37.749191, 14294.306641> ... Lifespan: Set to 30 minutes.
[AirdropContainerFall] Loot Spawned [15] MilitaryBoots_Bluerock @ <11404.729492, 37.924675, 14295.180664> ... Lifespan: Set to 30 minutes.
[AirdropContainerFall] Loot Spawned [16] TacticalGloves_Beige @ <11406.404297, 37.907742, 14295.921875> ... Lifespan: Set to 30 minutes.
[AirdropContainerFall] Loot Spawned [17] UKAssVest_Camo @ <11406.806641, 37.898411, 14296.958984> ... Lifespan: Set to 30 minutes.
[AirdropContainerFall] Loot Spawned [18] USMCPants_Woodland @ <11404.787109, 37.643608, 14292.892578> ... Lifespan: Set to 30 minutes.
[AirdropContainerFall] Loot Spawned [19] USMCPants_Woodland @ <11406.022461, 37.934582, 14297.643555> ... Lifespan: Set to 30 minutes.
[AirdropContainerFall] Loot Spawned [20] Rangefinder @ <11404.292969, 37.759285, 14293.697266> ... Lifespan: Set to 30 minutes.
[AirdropContainerUnstuck] Container was unstuck.
