[InitializeContainer] Container created on 2021-04-13 @ 12-51-13
[InitializeContainer] Winds: Vector <9.321987, 0.000000, -3.521992>, Speed 9.96513mps, Strength 0.1
[AirdropContainerFall] Drop Type 'Misc. Tools', Container: 'RANDOM', Mode/Quantity/Iems: Random/30/54, Flare:  10%
[AirdropContainerFall] Loot Spawned [1] Machete @ <8493.419922, 104.967331, 12753.315430> ... Lifespan: Set to 30 minutes.
[AirdropContainerFall] Loot Spawned [2] Headtorch_Grey @ <8489.168945, 105.106506, 12757.334961> ... Lifespan: Set to 30 minutes.
[AirdropContainerFall] Loot Spawned [3] Headtorch_Grey @ <8489.623047, 105.059532, 12751.651367> ... Lifespan: Set to 30 minutes.
[AirdropContainerFall] Loot Spawned [4] Matchbox @ <8490.288086, 105.049782, 12752.527344> ... Lifespan: Set to 30 minutes.
[AirdropContainerFall] Loot Spawned [5] Pliers @ <8491.625000, 105.031525, 12755.403320> ... Lifespan: Set to 30 minutes.
[AirdropContainerFall] Loot Spawned [6] Hatchet @ <8489.462891, 105.097160, 12756.814453> ... Lifespan: Set to 30 minutes.
[AirdropContainerFall] Loot Spawned [7] PortableGasStove @ <8489.732422, 105.092842, 12756.973633> ... Lifespan: Set to 30 minutes.
[AirdropContainerFall] Loot Spawned [8] CableReel @ <8490.019531, 105.085472, 12756.754883> ... Lifespan: Set to 30 minutes.
[AirdropContainerFall] Loot Spawned [9] Matchbox @ <8491.072266, 105.053055, 12756.703125> ... Lifespan: Set to 30 minutes.
[AirdropContainerFall] Loot Spawned [10] Lockpick @ <8493.687500, 104.961304, 12754.507813> ... Lifespan: Set to 30 minutes.
[AirdropContainerFall] Loot Spawned [11] FirefighterAxe @ <8492.187500, 105.012497, 12756.302734> ... Lifespan: Set to 30 minutes.
[AirdropContainerFall] Loot Spawned [12] SledgeHammer @ <8492.094727, 105.016640, 12755.143555> ... Lifespan: Set to 30 minutes.
[AirdropContainerFall] Loot Spawned [13] Chemlight_Yellow @ <8489.218750, 105.066681, 12751.508789> ... Lifespan: Set to 30 minutes.
[AirdropContainerFall] Loot Spawned [14] KOD_DVL10 @ <8487.560547, 105.124969, 12755.278320> ... Lifespan: Set to 30 minutes.
[AirdropContainerFall] Loot Spawned [15] KOD_DVL10 @ <8490.873047, 105.058540, 12757.442383> ... Lifespan: Set to 30 minutes.
[AirdropContainerFall] Loot Spawned [16] Whetstone @ <8488.779297, 105.083870, 12752.768555> ... Lifespan: Set to 30 minutes.
[AirdropContainerFall] Loot Spawned [17] Matchbox @ <8493.524414, 104.966972, 12754.661133> ... Lifespan: Set to 30 minutes.
[AirdropContainerFall] Loot Spawned [18] Lockpick @ <8491.650391, 105.011375, 12752.488281> ... Lifespan: Set to 30 minutes.
[AirdropContainerFall] Loot Spawned [19] Binoculars @ <8488.806641, 105.104652, 12755.968750> ... Lifespan: Set to 30 minutes.
[AirdropContainerFall] Loot Spawned [20] OrienteeringCompass @ <8488.545898, 105.097878, 12754.169922> ... Lifespan: Set to 30 minutes.
[AirdropContainerFall] Loot Spawned [21] KitchenKnife @ <8489.135742, 105.093407, 12755.267578> ... Lifespan: Set to 30 minutes.
[AirdropContainerFall] Loot Spawned [22] Headtorch_Black @ <8491.157227, 105.049110, 12757.003906> ... Lifespan: Set to 30 minutes.
[AirdropContainerFall] Loot Spawned [23] KOD_DVL10 @ <8490.235352, 105.051788, 12752.610352> ... Lifespan: Set to 30 minutes.
[AirdropContainerFall] Loot Spawned [24] BaseRadio @ <8490.487305, 105.073387, 12757.271484> ... Lifespan: Set to 30 minutes.
[AirdropContainerFall] Loot Spawned [25] Pliers @ <8493.046875, 104.984108, 12754.926758> ... Lifespan: Set to 30 minutes.
[AirdropContainerFall] Loot Spawned [26] Hacksaw @ <8492.583984, 104.984352, 12752.356445> ... Lifespan: Set to 30 minutes.
[AirdropContainerFall] Loot Spawned [27] Pickaxe @ <8490.489258, 105.039627, 12751.851563> ... Lifespan: Set to 30 minutes.
[AirdropContainerFall] Loot Spawned [28] Megaphone @ <8488.514648, 105.094826, 12753.618164> ... Lifespan: Set to 30 minutes.
[AirdropContainerFall] Loot Spawned [29] AKM @ <8492.156250, 105.004074, 12753.519531> ... Lifespan: Set to 30 minutes.
[AirdropContainerFall] Loot Spawned [30] KOD_DVL10 @ <8492.433594, 105.005005, 12754.824219> ... Lifespan: Set to 30 minutes.
[AirdropContainerUnstuck] Container was unstuck.
