[InitializeContainer] Container created on 2021-03-13 @ 21-50-43
[InitializeContainer] Winds: Vector <7.507118, 0.000000, -5.359338>, Speed 9.22384mps, Strength 0.1
[AirdropContainerFall] Drop Type 'Military West', Container: 'AirdropContainer_Military', Mode/Quantity/Iems: Random/20/46, Flare:  10%
[AirdropContainerFall] Loot Spawned [1] AK101 @ <3947.678955, 299.385010, 7915.499512> ... Lifespan: Set to 60 minutes.
[AirdropContainerFall] Loot Spawned [2] Battery9V @ <3948.259766, 299.236206, 7911.810547> ... Lifespan: Set to 60 minutes.
[AirdropContainerFall] Loot Spawned [3] Mag_FNX45_15Rnd @ <3948.087402, 299.238281, 7911.868164> ... Lifespan: Set to 60 minutes.
[AirdropContainerFall] Loot Spawned [4] USMCJacket_Woodland @ <3948.188232, 299.199036, 7910.778809> ... Lifespan: Set to 60 minutes.
[AirdropContainerFall] Loot Spawned [5] UKAssVest_Khaki @ <3951.182373, 299.258057, 7912.417480> ... Lifespan: Set to 60 minutes.
[AirdropContainerFall] Loot Spawned [6] MilitaryBoots_Brown @ <3947.889160, 299.191101, 7910.557617> ... Lifespan: Set to 60 minutes.
[AirdropContainerFall] Loot Spawned [7] USMCJacket_Woodland @ <3949.436035, 299.358154, 7914.849609> ... Lifespan: Set to 60 minutes.
[AirdropContainerFall] Loot Spawned [8] WeaponCleaningKit @ <3951.488037, 299.381439, 7915.245605> ... Lifespan: Set to 60 minutes.
[AirdropContainerFall] Loot Spawned [9] Battery9V @ <3946.334229, 299.285309, 7913.087402> ... Lifespan: Set to 60 minutes.
[AirdropContainerFall] Loot Spawned [10] AK101 @ <3947.061768, 299.224304, 7911.479980> ... Lifespan: Set to 60 minutes.
[AirdropContainerFall] Loot Spawned [11] Canteen @ <3948.140625, 299.352203, 7914.705566> ... Lifespan: Set to 60 minutes.
[AirdropContainerFall] Loot Spawned [12] AmmoBox_556x45_20Rnd @ <3950.275146, 299.346222, 7914.561035> ... Lifespan: Set to 60 minutes.
[AirdropContainerFall] Loot Spawned [13] AK101 @ <3948.501221, 299.348267, 7914.610352> ... Lifespan: Set to 60 minutes.
[AirdropContainerFall] Loot Spawned [14] Binoculars @ <3951.849854, 299.361053, 7914.763672> ... Lifespan: Set to 60 minutes.
[AirdropContainerFall] Loot Spawned [15] CombatKnife @ <3951.028076, 299.318085, 7913.879883> ... Lifespan: Set to 60 minutes.
[AirdropContainerFall] Loot Spawned [16] M4_RISHndgrd @ <3946.707031, 299.285126, 7913.083008> ... Lifespan: Set to 60 minutes.
[AirdropContainerFall] Loot Spawned [17] UKAssVest_Camo @ <3947.706543, 299.165771, 7909.853516> ... Lifespan: Set to 60 minutes.
[AirdropContainerFall] Loot Spawned [18] UKAssVest_Camo @ <3948.516602, 299.361908, 7914.940430> ... Lifespan: Set to 60 minutes.
[AirdropContainerFall] Loot Spawned [19] UKAssVest_Olive @ <3949.987061, 299.178955, 7910.220215> ... Lifespan: Set to 60 minutes.
[AirdropContainerFall] Loot Spawned [20] Canteen @ <3951.789307, 299.337280, 7914.244141> ... Lifespan: Set to 60 minutes.
[AirdropContainerFall] Airdrop Flare Spawned @ <3948.362305, 299.396210, 7915.770508> ... Lifespan: Set to 60 minutes.
[AirdropContainerUnstuck] Container was unstuck.
