[InitializeContainer] Container created on 2021-04-03 @ 19-25-46
[InitializeContainer] Winds: Vector <8.044040, 0.000000, -4.917521>, Speed 9.42807mps, Strength 0.1
[AirdropContainerFall] Drop Type 'Military East', Container: 'AirdropContainer_Military', Mode/Quantity/Iems: Random/20/33, Flare:  10%
[AirdropContainerFall] Loot Spawned [1] TTSKOPants @ <7691.975586, 306.792786, 6826.148926> ... Lifespan: Set to 30 minutes.
[AirdropContainerFall] Loot Spawned [2] GorkaEJacket_PautRev @ <7694.145020, 306.643951, 6826.017090> ... Lifespan: Set to 30 minutes.
[AirdropContainerFall] Loot Spawned [3] GorkaPants_Autumn @ <7689.881348, 307.376190, 6829.494629> ... Lifespan: Set to 30 minutes.
[AirdropContainerFall] Loot Spawned [4] Battery9V @ <7689.959473, 307.310333, 6829.045410> ... Lifespan: Set to 30 minutes.
[AirdropContainerFall] Loot Spawned [5] AKM @ <7690.103027, 306.952515, 6826.479004> ... Lifespan: Set to 30 minutes.
[AirdropContainerFall] Loot Spawned [6] TacticalGoggles @ <7691.614258, 306.659027, 6825.002441> ... Lifespan: Set to 30 minutes.
[AirdropContainerFall] Loot Spawned [7] AK_Bayonet @ <7691.398926, 307.436096, 6830.438965> ... Lifespan: Set to 30 minutes.
[AirdropContainerFall] Loot Spawned [8] AKM @ <7690.159668, 306.963226, 6826.583496> ... Lifespan: Set to 30 minutes.
[AirdropContainerFall] Loot Spawned [9] AK_RailHndgrd @ <7692.945313, 306.930389, 6827.549316> ... Lifespan: Set to 30 minutes.
[AirdropContainerFall] Loot Spawned [10] TacticalGloves_Black @ <7689.057129, 307.409729, 6829.369141> ... Lifespan: Set to 30 minutes.
[AirdropContainerFall] Loot Spawned [11] AK_Suppressor @ <7689.848633, 306.910187, 6826.052734> ... Lifespan: Set to 30 minutes.
[AirdropContainerFall] Loot Spawned [12] KOD_M110_Tan @ <7693.982422, 307.065094, 6828.784668> ... Lifespan: Set to 30 minutes.
[AirdropContainerFall] Loot Spawned [13] AmmoBox_762x39_20Rnd @ <7691.730469, 306.726746, 6825.552734> ... Lifespan: Set to 30 minutes.
[AirdropContainerFall] Loot Spawned [14] GorkaEJacket_Flat @ <7690.379395, 307.562592, 6830.958496> ... Lifespan: Set to 30 minutes.
[AirdropContainerFall] Loot Spawned [15] TTsKOJacket_Camo @ <7690.923828, 307.316589, 6829.485840> ... Lifespan: Set to 30 minutes.
[AirdropContainerFall] Loot Spawned [16] CanOpener @ <7689.254395, 307.391632, 6829.325195> ... Lifespan: Set to 30 minutes.
[AirdropContainerFall] Loot Spawned [17] UniversalLight @ <7694.019531, 306.994690, 6828.325195> ... Lifespan: Set to 30 minutes.
[AirdropContainerFall] Loot Spawned [18] TacticalGloves_Beige @ <7689.045410, 306.918060, 6825.748535> ... Lifespan: Set to 30 minutes.
[AirdropContainerFall] Loot Spawned [19] GorkaEJacket_Summer @ <7691.573730, 307.265686, 6829.354004> ... Lifespan: Set to 30 minutes.
[AirdropContainerFall] Loot Spawned [20] AK_Bayonet @ <7690.296387, 307.421265, 6829.985352> ... Lifespan: Set to 30 minutes.
[AirdropContainerUnstuck] Container was unstuck.
[~AirdropContainerBase] Container Destroyed on 2021-04-03 @ 19-50-46
