[InitializeContainer] Container created on 2021-03-27 @ 15-20-53
[InitializeContainer] Winds: Vector <-3.007250, 0.000000, -1.621041>, Speed 3.41633mps, Strength 0.1
[AirdropContainerFall] Drop Type 'Misc. Food', Container: 'RANDOM', Mode/Quantity/Iems: Random/29/30, Flare:  10%
[AirdropContainerFall] Loot Spawned [1] Apple @ <8519.961914, 104.121002, 12689.245117> ... Lifespan: Set to 30 minutes.
[AirdropContainerFall] Loot Spawned [2] TacticalBaconCan @ <8520.015625, 104.120735, 12689.277344> ... Lifespan: Set to 30 minutes.
[AirdropContainerFall] Loot Spawned [3] AK101 @ <8520.902344, 104.106560, 12688.597656> ... Lifespan: Set to 30 minutes.
[AirdropContainerFall] Loot Spawned [4] Potato @ <8521.119141, 104.103088, 12688.287109> ... Lifespan: Set to 30 minutes.
[AirdropContainerFall] Loot Spawned [5] KOD_DVL10 @ <8522.208984, 104.085648, 12687.991211> ... Lifespan: Set to 30 minutes.
[AirdropContainerFall] Loot Spawned [6] SardinesCan @ <8522.878906, 104.074928, 12684.450195> ... Lifespan: Set to 30 minutes.
[AirdropContainerFall] Loot Spawned [7] Pumpkin @ <8522.690430, 104.077942, 12688.016602> ... Lifespan: Set to 30 minutes.
[AirdropContainerFall] Loot Spawned [8] Lard @ <8520.958984, 104.105652, 12688.657227> ... Lifespan: Set to 30 minutes.
[AirdropContainerFall] Loot Spawned [9] Rice @ <8519.365234, 104.121002, 12685.667969> ... Lifespan: Set to 30 minutes.
[AirdropContainerFall] Loot Spawned [10] Canteen @ <8519.860352, 104.121002, 12688.431641> ... Lifespan: Set to 30 minutes.
[AirdropContainerFall] Loot Spawned [11] Potato @ <8520.354492, 104.115318, 12688.430664> ... Lifespan: Set to 30 minutes.
[AirdropContainerFall] Loot Spawned [12] SpaghettiCan @ <8518.814453, 104.121002, 12685.193359> ... Lifespan: Set to 30 minutes.
[AirdropContainerFall] Loot Spawned [13] TunaCan @ <8522.419922, 104.082268, 12686.473633> ... Lifespan: Set to 30 minutes.
[AirdropContainerFall] Loot Spawned [14] Plum @ <8522.142578, 104.086700, 12688.538086> ... Lifespan: Set to 30 minutes.
[AirdropContainerFall] Loot Spawned [15] Zucchini @ <8521.859375, 104.091240, 12689.701172> ... Lifespan: Set to 30 minutes.
[AirdropContainerFall] Loot Spawned [16] CaninaBerry @ <8521.818359, 104.091896, 12684.586914> ... Lifespan: Set to 30 minutes.
[AirdropContainerFall] Loot Spawned [17] GreenBellPepper @ <8522.583984, 104.079643, 12689.516602> ... Lifespan: Set to 30 minutes.
[AirdropContainerFall] Loot Spawned [18] WaterBottle @ <8518.785156, 104.121002, 12685.347656> ... Lifespan: Set to 30 minutes.
[AirdropContainerFall] Loot Spawned [19] PeachesCan @ <8522.044922, 104.088272, 12688.316406> ... Lifespan: Set to 30 minutes.
[AirdropContainerFall] Loot Spawned [20] Potato @ <8518.369141, 104.121002, 12686.684570> ... Lifespan: Set to 30 minutes.
[AirdropContainerFall] Loot Spawned [21] TunaCan @ <8523.390625, 104.066734, 12687.416016> ... Lifespan: Set to 30 minutes.
[AirdropContainerFall] Loot Spawned [22] TacticalBaconCan @ <8522.006836, 104.088882, 12688.375977> ... Lifespan: Set to 30 minutes.
[AirdropContainerFall] Loot Spawned [23] Pear @ <8518.049805, 104.121002, 12688.344727> ... Lifespan: Set to 30 minutes.
[AirdropContainerFall] Loot Spawned [24] SodaCan_Spite @ <8517.856445, 104.121002, 12687.291016> ... Lifespan: Set to 30 minutes.
[AirdropContainerFall] Loot Spawned [25] KOD_DVL10 @ <8523.447266, 104.065826, 12686.682617> ... Lifespan: Set to 30 minutes.
[AirdropContainerFall] Loot Spawned [26] Pumpkin @ <8519.310547, 104.121002, 12684.041992> ... Lifespan: Set to 30 minutes.
[AirdropContainerFall] Loot Spawned [27] AKM @ <8518.252930, 104.121002, 12688.213867> ... Lifespan: Set to 30 minutes.
[AirdropContainerFall] Loot Spawned [28] Zucchini @ <8521.018555, 104.104691, 12689.417969> ... Lifespan: Set to 30 minutes.
[AirdropContainerFall] Loot Spawned [29] PowderedMilk @ <8518.231445, 104.121002, 12685.842773> ... Lifespan: Set to 30 minutes.
[AirdropContainerUnstuck] Container was unstuck.
[~AirdropContainerBase] Container Destroyed on 2021-03-27 @ 15-45-53
