[AirdropPlane] Aircraft created on 2021-04-05 @ 12-49-02
[InitializeAircraft] Aircraft Initialized: Novodmitrovsk @ 11475/14356 (true)
[EOnBeforeDrop] The Aircraft is 1 Km from Novodmitrovsk. @ <10285.726563, 439.778931, 15267.166016>
[EOnDrop] Zombie Spawned [1] ZmbM_CitizenASkinny_Grey @ <11407.609375, 43.345833, 14434.042969> ... Lifespan:  Set to 30 minutes.
[EOnDrop] Zombie Spawned [2] ZmbF_JournalistNormal_Green @ <11394.950195, 40.504814, 14380.036133> ... Lifespan:  Set to 30 minutes.
[EOnDrop] Zombie Spawned [3] ZmbF_NurseFat @ <11394.891602, 41.158104, 14395.726563> ... Lifespan:  Set to 30 minutes.
[EOnDrop] Zombie Spawned [4] ZmbF_ShortSkirt_grey @ <11399.291992, 41.104240, 14395.008789> ... Lifespan:  Set to 30 minutes.
[EOnDrop] Zombie Spawned [5] ZmbF_ParamedicNormal_Blue @ <11433.915039, 40.166531, 14415.350586> ... Lifespan:  Set to 30 minutes.
[EOnDrop] Zombie Spawned [6] ZmbM_SkaterYoung_Brown @ <11432.030273, 40.280830, 14416.434570> ... Lifespan:  Set to 30 minutes.
[EOnDrop] Zombie Spawned [7] ZmbM_Jacket_magenta @ <11409.026367, 40.253735, 14396.714844> ... Lifespan:  Set to 30 minutes.
[EOnDrop] Zombie Spawned [8] ZmbM_Jacket_grey @ <11395.412109, 44.456223, 14437.604492> ... Lifespan:  Set to 30 minutes.
[EOnDrop] Zombie Spawned [9] ZmbF_ShortSkirt_checks @ <11423.819336, 41.784744, 14427.959961> ... Lifespan:  Set to 30 minutes.
[EOnDrop] Zombie Spawned [10] ZmbM_PrisonerSkinny @ <11396.791992, 43.414108, 14430.278320> ... Lifespan:  Set to 30 minutes.
[EOnDrop] Zombie Spawned [11] ZmbF_ShortSkirt_brown @ <11392.756836, 40.697285, 14379.350586> ... Lifespan:  Set to 30 minutes.
[EOnDrop] Zombie Spawned [12] ZmbF_PatientOld @ <11426.321289, 42.391117, 14433.062500> ... Lifespan:  Set to 30 minutes.
[EOnDrop] Zombie Spawned [13] ZmbM_ParamedicNormal_Red @ <11415.337891, 41.338200, 14423.914063> ... Lifespan:  Set to 30 minutes.
[EOnDrop] Zombie Spawned [14] ZmbM_Jacket_magenta @ <11412.904297, 43.855026, 14440.631836> ... Lifespan:  Set to 30 minutes.
[EOnDrop] Zombie Spawned [15] ZmbF_ShortSkirt_white @ <11404.358398, 40.786728, 14394.280273> ... Lifespan:  Set to 30 minutes.
[EOnDrop] Zombie Spawned [16] ZmbM_Jacket_bluechecks @ <11398.863281, 39.482391, 14370.287109> ... Lifespan:  Set to 30 minutes.
[EOnDrop] Zombie Spawned [17] ZmbF_ShortSkirt_green @ <11390.223633, 41.174259, 14389.228516> ... Lifespan:  Set to 30 minutes.
[EOnDrop] Zombie Spawned [18] ZmbM_PrisonerSkinny @ <11396.883789, 45.589249, 14448.094727> ... Lifespan:  Set to 30 minutes.
[EOnDrop] Zombie Spawned [19] ZmbF_CitizenANormal_Brown @ <11390.212891, 39.921936, 14359.018555> ... Lifespan:  Set to 30 minutes.
[EOnDrop] Zombie Spawned [20] ZmbM_SkaterYoung_Brown @ <11437.081055, 38.220001, 14366.516602> ... Lifespan:  Set to 30 minutes.
[EOnDrop] Drop spawned with 20 infected at <11412.726563, 202.412735, 14403.228516>.
[EOnDrop] Supplies have been dropped near Novodmitrovsk.
[EOnBeforeDelete] Aircraft despawned @ <16360.195313, 152.000610, 10610.589844>
[~AirdropPlane] Aircraft destroyed.
