[InitializeContainer] Container created on 2021-05-01 @ 20-48-39
[InitializeContainer] Winds: Vector <9.655191, 0.000000, -3.046461>, Speed 10.1244mps, Strength 0.1
[AirdropContainerFall] Drop Type 'Misc. Tools', Container: 'RANDOM', Mode/Quantity/Iems: Random/20/50, Flare:  10%
[AirdropContainerFall] Loot Spawned [1] SledgeHammer @ <3038.904785, 338.336273, 7371.578125> ... Lifespan: Set to 60 minutes.
[AirdropContainerFall] Loot Spawned [2] Hatchet @ <3037.491943, 338.217590, 7371.454102> ... Lifespan: Set to 60 minutes.
[AirdropContainerFall] Loot Spawned [3] Flashlight @ <3034.189209, 337.319092, 7360.786133> ... Lifespan: Set to 60 minutes.
[AirdropContainerFall] Loot Spawned [4] Crowbar @ <3033.951416, 337.637207, 7366.570313> ... Lifespan: Set to 60 minutes.
[AirdropContainerFall] Loot Spawned [5] Headtorch_Black @ <3052.432861, 339.000885, 7365.674805> ... Lifespan: Set to 60 minutes.
[AirdropContainerFall] Loot Spawned [6] Binoculars @ <3041.846680, 338.653046, 7372.794922> ... Lifespan: Set to 60 minutes.
[AirdropContainerFall] Loot Spawned [7] PortableGasLamp @ <3039.237305, 338.426208, 7372.561523> ... Lifespan: Set to 60 minutes.
[AirdropContainerFall] Loot Spawned [8] PortableGasLamp @ <3050.457764, 339.107697, 7369.528320> ... Lifespan: Set to 60 minutes.
[AirdropContainerFall] Loot Spawned [9] SteakKnife @ <3035.032227, 337.225800, 7357.907715> ... Lifespan: Set to 60 minutes.
[AirdropContainerFall] Loot Spawned [10] LeatherSewingKit @ <3050.719482, 338.443848, 7358.945313> ... Lifespan: Set to 60 minutes.
[AirdropContainerFall] Loot Spawned [11] Chemlight_Yellow @ <3033.970459, 337.582977, 7365.598145> ... Lifespan: Set to 60 minutes.
[AirdropContainerFall] Loot Spawned [12] Compass @ <3050.045410, 339.045013, 7369.058105> ... Lifespan: Set to 60 minutes.
[AirdropContainerFall] Loot Spawned [13] LeatherSewingKit @ <3034.695557, 337.743591, 7367.387695> ... Lifespan: Set to 60 minutes.
[AirdropContainerFall] Loot Spawned [14] Battery9V @ <3039.533447, 337.336639, 7353.914063> ... Lifespan: Set to 60 minutes.
[AirdropContainerFall] Loot Spawned [15] PortableGasLamp @ <3051.650879, 338.610535, 7360.496094> ... Lifespan: Set to 60 minutes.
[AirdropContainerFall] Loot Spawned [16] Wrench @ <3048.511230, 338.111267, 7356.035156> ... Lifespan: Set to 60 minutes.
[AirdropContainerFall] Loot Spawned [17] Machete @ <3050.808838, 339.029114, 7367.949219> ... Lifespan: Set to 60 minutes.
[AirdropContainerFall] Loot Spawned [18] Hammer @ <3035.953613, 337.247162, 7357.028809> ... Lifespan: Set to 60 minutes.
[AirdropContainerFall] Loot Spawned [19] Megaphone @ <3050.935059, 339.051239, 7368.137695> ... Lifespan: Set to 60 minutes.
[AirdropContainerFall] Loot Spawned [20] WeaponCleaningKit @ <3033.814453, 337.217438, 7359.447754> ... Lifespan: Set to 60 minutes.
[AirdropContainerUnstuck] Container was unstuck.
[~AirdropContainerBase] Container Destroyed on 2021-05-01 @ 21-00-03
