[InitializeContainer] Container created on 2021-04-19 @ 04-26-57
[InitializeContainer] Winds: Vector <5.152929, 0.000000, -6.625738>, Speed 8.39363mps, Strength 0.1
[AirdropContainerFall] Drop Type 'Military East', Container: 'AirdropContainer_Military', Mode/Quantity/Iems: Random/20/33, Flare:  10%
[AirdropContainerFall] Loot Spawned [1] Canteen @ <1942.886108, 174.696182, 5196.783691> ... Lifespan: Set to 30 minutes.
[AirdropContainerFall] Loot Spawned [2] GorkaEJacket_Flat @ <1938.977173, 174.531082, 5195.116211> ... Lifespan: Set to 30 minutes.
[AirdropContainerFall] Loot Spawned [3] AKM @ <1942.748047, 174.663101, 5195.589355> ... Lifespan: Set to 30 minutes.
[AirdropContainerFall] Loot Spawned [4] Canteen @ <1943.574707, 174.692795, 5195.724609> ... Lifespan: Set to 30 minutes.
[AirdropContainerFall] Loot Spawned [5] GorkaPants_Flat @ <1941.766602, 174.539505, 5191.748535> ... Lifespan: Set to 30 minutes.
[AirdropContainerFall] Loot Spawned [6] TacticalGloves_Green @ <1941.498047, 174.649811, 5196.702148> ... Lifespan: Set to 30 minutes.
[AirdropContainerFall] Loot Spawned [7] AKM @ <1940.411377, 174.536163, 5193.416016> ... Lifespan: Set to 30 minutes.
[AirdropContainerFall] Loot Spawned [8] KOD_M16A4 @ <1939.977661, 174.613342, 5197.209961> ... Lifespan: Set to 30 minutes.
[AirdropContainerFall] Loot Spawned [9] Mag_AKM_30Rnd @ <1941.150146, 174.639343, 5196.729980> ... Lifespan: Set to 30 minutes.
[AirdropContainerFall] Loot Spawned [10] AK_RailHndgrd @ <1938.817871, 174.542877, 5195.820313> ... Lifespan: Set to 30 minutes.
[AirdropContainerFall] Loot Spawned [11] TacticalGloves_Beige @ <1938.278564, 174.476486, 5193.746582> ... Lifespan: Set to 30 minutes.
[AirdropContainerFall] Loot Spawned [12] AK_Suppressor @ <1942.905151, 174.604294, 5192.929199> ... Lifespan: Set to 30 minutes.
[AirdropContainerFall] Loot Spawned [13] AK101 @ <1938.722900, 174.499084, 5194.122559> ... Lifespan: Set to 30 minutes.
[AirdropContainerFall] Loot Spawned [14] GorkaEJacket_Flat @ <1943.587646, 174.649719, 5193.912598> ... Lifespan: Set to 30 minutes.
[AirdropContainerFall] Loot Spawned [15] GorkaPants_PautRev @ <1943.763428, 174.621521, 5192.503418> ... Lifespan: Set to 30 minutes.
[AirdropContainerFall] Loot Spawned [16] TTSKOPants @ <1944.222900, 174.684158, 5194.500488> ... Lifespan: Set to 30 minutes.
[AirdropContainerFall] Loot Spawned [17] Mag_AKM_30Rnd @ <1943.265259, 174.698288, 5196.365723> ... Lifespan: Set to 30 minutes.
[AirdropContainerFall] Loot Spawned [18] GorkaEJacket_Flat @ <1943.573853, 174.615921, 5192.522461> ... Lifespan: Set to 30 minutes.
[AirdropContainerFall] Loot Spawned [19] AK101 @ <1943.368164, 174.603241, 5192.268555> ... Lifespan: Set to 30 minutes.
[AirdropContainerFall] Loot Spawned [20] GorkaPants_Summer @ <1939.533691, 174.552429, 5195.264160> ... Lifespan: Set to 30 minutes.
[AirdropContainerFall] Airdrop Flare Spawned @ <1942.269409, 174.579788, 5192.755859> ... Lifespan: Set to 30 minutes.
[AirdropContainerUnstuck] Container was unstuck.
[~AirdropContainerBase] Container Destroyed on 2021-04-19 @ 04-51-57
