[InitializeContainer] Container created on 2021-03-16 @ 02-29-36
[InitializeContainer] Winds: Vector <-2.123847, 0.000000, -4.882699>, Speed 5.32461mps, Strength 0.1
[AirdropContainerFall] Drop Type 'Misc. Food', Container: 'RANDOM', Mode/Quantity/Iems: Random/29/30, Flare:  10%
[AirdropContainerFall] Loot Spawned [1] Canteen @ <8789.004883, 381.411469, 9107.870117> ... Lifespan: Set to 30 minutes.
[AirdropContainerFall] Loot Spawned [2] WaterBottle @ <8788.519531, 381.771912, 9113.171875> ... Lifespan: Set to 30 minutes.
[AirdropContainerFall] Loot Spawned [3] Tomato @ <8786.774414, 381.515137, 9109.218750> ... Lifespan: Set to 30 minutes.
[AirdropContainerFall] Loot Spawned [4] Rice @ <8793.477539, 381.089783, 9110.295898> ... Lifespan: Set to 30 minutes.
[AirdropContainerFall] Loot Spawned [5] PeachesCan @ <8788.231445, 381.516357, 9109.351563> ... Lifespan: Set to 30 minutes.
[AirdropContainerFall] Loot Spawned [6] KOD_M16A4 @ <8791.532227, 381.486664, 9112.104492> ... Lifespan: Set to 30 minutes.
[AirdropContainerFall] Loot Spawned [7] Plum @ <8791.628906, 381.231628, 9108.690430> ... Lifespan: Set to 30 minutes.
[AirdropContainerFall] Loot Spawned [8] TacticalBaconCan @ <8788.663086, 381.676147, 9111.735352> ... Lifespan: Set to 30 minutes.
[AirdropContainerFall] Loot Spawned [9] SodaCan_Pipsi @ <8789.508789, 381.462189, 9108.655273> ... Lifespan: Set to 30 minutes.
[AirdropContainerFall] Loot Spawned [10] TunaCan @ <8791.242188, 381.204254, 9107.482422> ... Lifespan: Set to 30 minutes.
[AirdropContainerFall] Loot Spawned [11] SardinesCan @ <8790.085938, 381.460480, 9108.847656> ... Lifespan: Set to 30 minutes.
[AirdropContainerFall] Loot Spawned [12] SodaCan_Kvass @ <8792.033203, 381.150116, 9108.330078> ... Lifespan: Set to 30 minutes.
[AirdropContainerFall] Loot Spawned [13] Apple @ <8792.918945, 381.281494, 9111.838867> ... Lifespan: Set to 30 minutes.
[AirdropContainerFall] Loot Spawned [14] Canteen @ <8792.376953, 381.175476, 9109.418945> ... Lifespan: Set to 30 minutes.
[AirdropContainerFall] Loot Spawned [15] Tomato @ <8787.723633, 381.701385, 9112.032227> ... Lifespan: Set to 30 minutes.
[AirdropContainerFall] Loot Spawned [16] BakedBeansCan @ <8788.311523, 381.446960, 9108.337891> ... Lifespan: Set to 30 minutes.
[AirdropContainerFall] Loot Spawned [17] BoxCerealCrunchin @ <8789.920898, 381.725891, 9112.569336> ... Lifespan: Set to 30 minutes.
[AirdropContainerFall] Loot Spawned [18] PowderedMilk @ <8790.951172, 381.613525, 9112.801758> ... Lifespan: Set to 30 minutes.
[AirdropContainerFall] Loot Spawned [19] SodaCan_Cola @ <8791.004883, 381.599762, 9112.699219> ... Lifespan: Set to 30 minutes.
[AirdropContainerFall] Loot Spawned [20] PeachesCan @ <8791.291992, 381.626526, 9113.715820> ... Lifespan: Set to 30 minutes.
[AirdropContainerFall] Loot Spawned [21] SodaCan_Pipsi @ <8792.929688, 381.237366, 9111.277344> ... Lifespan: Set to 30 minutes.
[AirdropContainerFall] Loot Spawned [22] TunaCan @ <8787.351563, 381.683929, 9111.747070> ... Lifespan: Set to 30 minutes.
[AirdropContainerFall] Loot Spawned [23] CaninaBerry @ <8791.508789, 381.244110, 9108.624023> ... Lifespan: Set to 30 minutes.
[AirdropContainerFall] Loot Spawned [24] Zucchini @ <8789.491211, 381.398102, 9107.710938> ... Lifespan: Set to 30 minutes.
[AirdropContainerFall] Loot Spawned [25] Tomato @ <8786.861328, 381.611725, 9110.646484> ... Lifespan: Set to 30 minutes.
[AirdropContainerFall] Loot Spawned [26] KOD_M16A4 @ <8788.411133, 381.501923, 9109.153320> ... Lifespan: Set to 30 minutes.
[AirdropContainerFall] Loot Spawned [27] GreenBellPepper @ <8788.450195, 381.481842, 9108.861328> ... Lifespan: Set to 30 minutes.
[AirdropContainerFall] Loot Spawned [28] AKM @ <8788.813477, 381.665588, 9111.591797> ... Lifespan: Set to 30 minutes.
[AirdropContainerFall] Loot Spawned [29] WaterBottle @ <8791.646484, 381.152283, 9107.559570> ... Lifespan: Set to 30 minutes.
[AirdropContainerUnstuck] Container was unstuck.
[~AirdropContainerBase] Container Destroyed on 2021-03-16 @ 02-54-36
