[InitializeContainer] Container created on 2021-03-24 @ 12-36-35
[InitializeContainer] Winds: Vector <2.967239, 0.000000, -7.042772>, Speed 7.64233mps, Strength 0.1
[AirdropContainerFall] Drop Type 'Military West', Container: 'AirdropContainer_Military', Mode/Quantity/Iems: Random/20/46, Flare:  10%
[AirdropContainerFall] Loot Spawned [1] FNX45 @ <7460.840332, 5.992679, 3556.258789> ... Lifespan: Set to 30 minutes.
[AirdropContainerFall] Loot Spawned [2] UKAssVest_Olive @ <7460.175781, 5.990033, 3554.274902> ... Lifespan: Set to 30 minutes.
[AirdropContainerFall] Loot Spawned [3] M4_RISHndgrd @ <7459.023926, 5.987674, 3552.505859> ... Lifespan: Set to 30 minutes.
[AirdropContainerFall] Loot Spawned [4] USMCJacket_Woodland @ <7460.461914, 5.991172, 3555.129395> ... Lifespan: Set to 30 minutes.
[AirdropContainerFall] Loot Spawned [5] CombatKnife @ <7455.834961, 5.992897, 3556.422363> ... Lifespan: Set to 30 minutes.
[AirdropContainerFall] Loot Spawned [6] AmmoBox_556x45_20Rnd @ <7460.063965, 5.990489, 3554.616699> ... Lifespan: Set to 30 minutes.
[AirdropContainerFall] Loot Spawned [7] Battery9V @ <7460.809082, 5.991113, 3555.084717> ... Lifespan: Set to 30 minutes.
[AirdropContainerFall] Loot Spawned [8] M4_RISHndgrd @ <7456.294434, 5.995469, 3558.351563> ... Lifespan: Set to 30 minutes.
[AirdropContainerFall] Loot Spawned [9] UKAssVest_Black @ <7456.339844, 5.990767, 3554.825684> ... Lifespan: Set to 30 minutes.
[AirdropContainerFall] Loot Spawned [10] Mag_FNX45_15Rnd @ <7462.036133, 5.991054, 3555.040527> ... Lifespan: Set to 30 minutes.
[AirdropContainerFall] Loot Spawned [11] CanOpener @ <7460.428711, 5.990550, 3554.662598> ... Lifespan: Set to 30 minutes.
[AirdropContainerFall] Loot Spawned [12] USMCPants_Woodland @ <7459.753418, 5.995670, 3558.502686> ... Lifespan: Set to 30 minutes.
[AirdropContainerFall] Loot Spawned [13] Mag_STANAG_30Rnd @ <7457.136230, 5.991282, 3555.211670> ... Lifespan: Set to 30 minutes.
[AirdropContainerFall] Loot Spawned [14] UKAssVest_Khaki @ <7457.277832, 5.992999, 3556.499023> ... Lifespan: Set to 30 minutes.
[AirdropContainerFall] Loot Spawned [15] Mag_STANAG_30Rnd @ <7460.116211, 5.995834, 3558.625732> ... Lifespan: Set to 30 minutes.
[AirdropContainerFall] Loot Spawned [16] AmmoBox_556x45_20Rnd @ <7459.850586, 5.989766, 3554.074951> ... Lifespan: Set to 30 minutes.
[AirdropContainerFall] Loot Spawned [17] AssaultBag_Green @ <7456.655273, 5.993564, 3556.922852> ... Lifespan: Set to 30 minutes.
[AirdropContainerFall] Loot Spawned [18] Binoculars @ <7456.438477, 5.992001, 3555.750244> ... Lifespan: Set to 30 minutes.
[AirdropContainerFall] Loot Spawned [19] UKAssVest_Black @ <7460.414063, 5.990485, 3554.614258> ... Lifespan: Set to 30 minutes.
[AirdropContainerFall] Loot Spawned [20] AssaultBag_Green @ <7456.825684, 5.992807, 3556.354980> ... Lifespan: Set to 30 minutes.
[AirdropContainerUnstuck] Container was unstuck.
[~AirdropContainerBase] Container Destroyed on 2021-03-24 @ 13-01-35
