[InitializeContainer] Container created on 2021-04-09 @ 18-49-03
[InitializeContainer] Winds: Vector <-18.183157, 0.000000, 5.866118>, Speed 19.106mps, Strength 0.1
[AirdropContainerFall] Drop Type 'Misc. Tools', Container: 'RANDOM', Mode/Quantity/Iems: Random/30/54, Flare:  10%
[AirdropContainerFall] Loot Spawned [1] CombatKnife @ <3245.224121, 201.391006, 12755.086914> ... Lifespan: Set to 30 minutes.
[AirdropContainerFall] Loot Spawned [2] LeatherSewingKit @ <3245.764160, 201.391006, 12752.577148> ... Lifespan: Set to 30 minutes.
[AirdropContainerFall] Loot Spawned [3] Megaphone @ <3241.310547, 201.391006, 12751.197266> ... Lifespan: Set to 30 minutes.
[AirdropContainerFall] Loot Spawned [4] Hatchet @ <3245.487793, 201.391006, 12750.906250> ... Lifespan: Set to 30 minutes.
[AirdropContainerFall] Loot Spawned [5] Spotlight @ <3243.606201, 201.391006, 12756.032227> ... Lifespan: Set to 30 minutes.
[AirdropContainerFall] Loot Spawned [6] Lockpick @ <3244.213135, 201.391006, 12756.821289> ... Lifespan: Set to 30 minutes.
[AirdropContainerFall] Loot Spawned [7] Hatchet @ <3243.244873, 201.391006, 12755.295898> ... Lifespan: Set to 30 minutes.
[AirdropContainerFall] Loot Spawned [8] SteakKnife @ <3241.895752, 201.391006, 12755.347656> ... Lifespan: Set to 30 minutes.
[AirdropContainerFall] Loot Spawned [9] Headtorch_Black @ <3243.136230, 201.391006, 12751.997070> ... Lifespan: Set to 30 minutes.
[AirdropContainerFall] Loot Spawned [10] AKM @ <3244.562744, 201.391006, 12755.309570> ... Lifespan: Set to 30 minutes.
[AirdropContainerFall] Loot Spawned [11] FirefighterAxe @ <3245.342285, 201.391006, 12753.902344> ... Lifespan: Set to 30 minutes.
[AirdropContainerFall] Loot Spawned [12] Roadflare @ <3246.259033, 201.391006, 12754.482422> ... Lifespan: Set to 30 minutes.
[AirdropContainerFall] Loot Spawned [13] SewingKit @ <3246.341309, 201.391006, 12754.468750> ... Lifespan: Set to 30 minutes.
[AirdropContainerFall] Loot Spawned [14] SewingKit @ <3243.728271, 201.391006, 12755.371094> ... Lifespan: Set to 30 minutes.
[AirdropContainerFall] Loot Spawned [15] Flashlight @ <3241.930664, 201.391006, 12754.597656> ... Lifespan: Set to 30 minutes.
[AirdropContainerFall] Loot Spawned [16] CombatKnife @ <3242.645020, 201.391006, 12751.245117> ... Lifespan: Set to 30 minutes.
[AirdropContainerFall] Loot Spawned [17] Pliers @ <3242.308838, 201.391006, 12752.720703> ... Lifespan: Set to 30 minutes.
[AirdropContainerFall] Loot Spawned [18] CableReel @ <3242.227783, 201.391006, 12753.109375> ... Lifespan: Set to 30 minutes.
[AirdropContainerFall] Loot Spawned [19] Headtorch_Grey @ <3246.746582, 201.391006, 12752.440430> ... Lifespan: Set to 30 minutes.
[AirdropContainerFall] Loot Spawned [20] PersonalRadio @ <3240.312256, 201.391006, 12754.110352> ... Lifespan: Set to 30 minutes.
[AirdropContainerFall] Loot Spawned [21] BatteryCharger @ <3243.218262, 201.391006, 12751.130859> ... Lifespan: Set to 30 minutes.
[AirdropContainerFall] Loot Spawned [22] PersonalRadio @ <3243.871582, 201.391006, 12750.444336> ... Lifespan: Set to 30 minutes.
[AirdropContainerFall] Loot Spawned [23] PortableGasStove @ <3240.722412, 201.391006, 12753.426758> ... Lifespan: Set to 30 minutes.
[AirdropContainerFall] Loot Spawned [24] Chemlight_Blue @ <3246.471924, 201.391006, 12755.284180> ... Lifespan: Set to 30 minutes.
[AirdropContainerFall] Loot Spawned [25] Flashlight @ <3245.714844, 201.391006, 12752.791992> ... Lifespan: Set to 30 minutes.
[AirdropContainerFall] Loot Spawned [26] Chemlight_Green @ <3246.005371, 201.391006, 12753.535156> ... Lifespan: Set to 30 minutes.
[AirdropContainerFall] Loot Spawned [27] CanOpener @ <3246.286865, 201.391006, 12754.730469> ... Lifespan: Set to 30 minutes.
[AirdropContainerFall] Loot Spawned [28] Rangefinder @ <3245.135254, 201.391006, 12755.580078> ... Lifespan: Set to 30 minutes.
[AirdropContainerFall] Loot Spawned [29] CableReel @ <3245.964111, 201.391006, 12751.090820> ... Lifespan: Set to 30 minutes.
[AirdropContainerFall] Loot Spawned [30] Chemlight_Red @ <3241.829834, 201.391006, 12751.607422> ... Lifespan: Set to 30 minutes.
[AirdropContainerUnstuck] Container was unstuck.
