[InitializeContainer] Container created on 2021-04-13 @ 08-00-40
[InitializeContainer] Winds: Vector <10.623627, 0.000000, -1.164413>, Speed 10.6872mps, Strength 0.1
[AirdropContainerFall] Drop Type 'Military West', Container: 'AirdropContainer_Military', Mode/Quantity/Iems: Random/20/46, Flare:  10%
[AirdropContainerFall] Loot Spawned [1] AssaultBag_Ttsko @ <6512.072266, 302.156555, 7789.973145> ... Lifespan: Set to 30 minutes.
[AirdropContainerFall] Loot Spawned [2] AmmoBox_556x45_20Rnd @ <6511.307617, 302.391632, 7792.172363> ... Lifespan: Set to 30 minutes.
[AirdropContainerFall] Loot Spawned [3] KOD_RSASS_Black @ <6506.168457, 302.351654, 7789.394531> ... Lifespan: Set to 30 minutes.
[AirdropContainerFall] Loot Spawned [4] M4_T3NrdSOptic @ <6508.801758, 302.442108, 7791.616211> ... Lifespan: Set to 30 minutes.
[AirdropContainerFall] Loot Spawned [5] UniversalLight @ <6507.225586, 302.430664, 7790.730469> ... Lifespan: Set to 30 minutes.
[AirdropContainerFall] Loot Spawned [6] WeaponCleaningKit @ <6506.639160, 302.278839, 7788.863770> ... Lifespan: Set to 30 minutes.
[AirdropContainerFall] Loot Spawned [7] Mag_FNX45_15Rnd @ <6506.877441, 302.199585, 7788.154297> ... Lifespan: Set to 30 minutes.
[AirdropContainerFall] Loot Spawned [8] M4_RISHndgrd @ <6509.121582, 302.065247, 7787.846191> ... Lifespan: Set to 30 minutes.
[AirdropContainerFall] Loot Spawned [9] TacticalGloves_Beige @ <6509.713867, 302.093933, 7788.432617> ... Lifespan: Set to 30 minutes.
[AirdropContainerFall] Loot Spawned [10] AssaultBag_Green @ <6506.773926, 302.315338, 7789.309570> ... Lifespan: Set to 30 minutes.
[AirdropContainerFall] Loot Spawned [11] AssaultBag_Green @ <6509.571777, 302.471588, 7792.297363> ... Lifespan: Set to 30 minutes.
[AirdropContainerFall] Loot Spawned [12] AmmoBox_556x45_20Rnd @ <6507.226563, 302.260986, 7788.963379> ... Lifespan: Set to 30 minutes.
[AirdropContainerFall] Loot Spawned [13] CombatKnife @ <6508.554688, 302.514893, 7792.254395> ... Lifespan: Set to 30 minutes.
[AirdropContainerFall] Loot Spawned [14] TacticalGloves_Beige @ <6511.073242, 302.045868, 7788.458008> ... Lifespan: Set to 30 minutes.
[AirdropContainerFall] Loot Spawned [15] M4_T3NrdSOptic @ <6510.269531, 302.123688, 7788.979004> ... Lifespan: Set to 30 minutes.
[AirdropContainerFall] Loot Spawned [16] UniversalLight @ <6508.019043, 302.209503, 7788.812500> ... Lifespan: Set to 30 minutes.
[AirdropContainerFall] Loot Spawned [17] TacticalBaconCan @ <6506.821289, 302.403015, 7790.246582> ... Lifespan: Set to 30 minutes.
[AirdropContainerFall] Loot Spawned [18] UKAssVest_Camo @ <6509.360840, 302.415741, 7791.613770> ... Lifespan: Set to 30 minutes.
[AirdropContainerFall] Loot Spawned [19] USMCJacket_Woodland @ <6511.401367, 302.111908, 7789.265137> ... Lifespan: Set to 30 minutes.
[AirdropContainerFall] Loot Spawned [20] AssaultBag_Green @ <6507.208984, 302.404694, 7790.452148> ... Lifespan: Set to 30 minutes.
[AirdropContainerUnstuck] Container was unstuck.
[~AirdropContainerBase] Container Destroyed on 2021-04-13 @ 08-25-40
