[InitializeContainer] Container created on 2021-04-02 @ 21-30-10
[InitializeContainer] Winds: Vector <-2.568133, 0.000000, -0.575833>, Speed 2.6319mps, Strength 0.1
[AirdropContainerFall] Drop Type 'Military East', Container: 'AirdropContainer_Military', Mode/Quantity/Iems: Random/20/33, Flare:  10%
[AirdropContainerFall] Loot Spawned [1] GorkaEJacket_Autumn @ <12379.492188, 26.806189, 9187.978516> ... Lifespan: Set to 30 minutes.
[AirdropContainerFall] Loot Spawned [2] GorkaEJacket_Flat @ <12376.849609, 27.162138, 9190.045898> ... Lifespan: Set to 30 minutes.
[AirdropContainerFall] Loot Spawned [3] Battery9V @ <12381.318359, 26.286356, 9191.753906> ... Lifespan: Set to 30 minutes.
[AirdropContainerFall] Loot Spawned [4] AKM @ <12376.847656, 27.071781, 9186.977539> ... Lifespan: Set to 30 minutes.
[AirdropContainerFall] Loot Spawned [5] AK101 @ <12381.229492, 26.640144, 9188.213867> ... Lifespan: Set to 30 minutes.
[AirdropContainerFall] Loot Spawned [6] GorkaPants_PautRev @ <12379.613281, 26.833460, 9188.906250> ... Lifespan: Set to 30 minutes.
[AirdropContainerFall] Loot Spawned [7] GorkaEJacket_Flat @ <12378.397461, 26.907482, 9187.753906> ... Lifespan: Set to 30 minutes.
[AirdropContainerFall] Loot Spawned [8] AK_Bayonet @ <12379.705078, 26.560043, 9193.018555> ... Lifespan: Set to 30 minutes.
[AirdropContainerFall] Loot Spawned [9] GorkaPants_Flat @ <12380.582031, 26.620501, 9190.567383> ... Lifespan: Set to 30 minutes.
[AirdropContainerFall] Loot Spawned [10] KOD_M16A4 @ <12379.958984, 26.717562, 9191.129883> ... Lifespan: Set to 30 minutes.
[AirdropContainerFall] Loot Spawned [11] UniversalLight @ <12375.685547, 27.199232, 9188.151367> ... Lifespan: Set to 30 minutes.
[AirdropContainerFall] Loot Spawned [12] GorkaEJacket_PautRev @ <12378.402344, 26.931200, 9188.320313> ... Lifespan: Set to 30 minutes.
[AirdropContainerFall] Loot Spawned [13] GorkaEJacket_Flat @ <12380.006836, 26.810833, 9189.311523> ... Lifespan: Set to 30 minutes.
[AirdropContainerFall] Loot Spawned [14] KOD_M16A4 @ <12376.836914, 27.239021, 9191.817383> ... Lifespan: Set to 30 minutes.
[AirdropContainerFall] Loot Spawned [15] GorkaPants_Autumn @ <12380.585938, 26.710365, 9188.331055> ... Lifespan: Set to 30 minutes.
[AirdropContainerFall] Loot Spawned [16] AK101 @ <12376.245117, 27.307156, 9192.009766> ... Lifespan: Set to 30 minutes.
[AirdropContainerFall] Loot Spawned [17] TTsKOJacket_Camo @ <12379.833008, 26.699554, 9191.558594> ... Lifespan: Set to 30 minutes.
[AirdropContainerFall] Loot Spawned [18] TTSKOPants @ <12378.730469, 26.888021, 9186.776367> ... Lifespan: Set to 30 minutes.
[AirdropContainerFall] Loot Spawned [19] TacticalGloves_Green @ <12380.213867, 26.771278, 9190.111328> ... Lifespan: Set to 30 minutes.
[AirdropContainerFall] Loot Spawned [20] AmmoBox_762x39_20Rnd @ <12378.923828, 26.938349, 9191.558594> ... Lifespan: Set to 30 minutes.
[AirdropContainerUnstuck] Container was unstuck.
[~AirdropContainerBase] Container Destroyed on 2021-04-02 @ 21-55-10
