[AirdropBase] Base class created & settings loaded.
[2021-04-28 @ 21-32-12] ----------------------------------------------------------------------------------------------------
[EOnCallAirdrop] Drop zone asigned: Balota Airstrip <5025.000000, 0.000000, 2455.000000>
[EOnCallAirdrop] Drop zone offset to: <5048.043457, 2438.000000, 2392.665771>
[EOnCallAirdrop] Aircraft spawn point: <2498.807861, 2438.000000, -1000.000000>
[EOnCallAirdrop] Aircraft bearing ... Angle/Bearing: -2.20214° / 216.173°, Text: 'South/West (216°)'
[EOnCallAirdrop] Aircraft has been dispatched to 'Balota Airstrip' from the South/West (216°).
[2021-04-28 @ 22-02-39] ----------------------------------------------------------------------------------------------------
[EOnCallAirdrop] Drop zone asigned: Krasnostav Airstrip <12160.000000, 0.000000, 12645.000000>
[EOnCallAirdrop] Drop zone offset to: <12183.396484, 2438.000000, 12625.609375>
[EOnCallAirdrop] Aircraft spawn point: <-1000.000000, 2438.000000, 2551.258301>
[EOnCallAirdrop] Aircraft bearing ... Angle/Bearing: -2.4873° / 232.512°, Text: 'South/West (233°)'
[EOnCallAirdrop] Aircraft has been dispatched to 'Krasnostav Airstrip' from the South/West (233°).
[2021-04-28 @ 22-33-06] ----------------------------------------------------------------------------------------------------
[EOnCallAirdrop] Drop zone asigned: Novodmitrovsk <11475.000000, 0.000000, 14356.000000>
[EOnCallAirdrop] Drop zone offset to: <11549.410156, 2438.000000, 14397.646484>
[EOnCallAirdrop] Aircraft spawn point: <-1000.000000, 2438.000000, 14349.404297>
[EOnCallAirdrop] Aircraft bearing ... Angle/Bearing: -3.14106° / 269.97°, Text: 'West (270°)'
[EOnCallAirdrop] Aircraft has been dispatched to 'Novodmitrovsk' from the West (270°).
[2021-04-28 @ 23-03-30] ----------------------------------------------------------------------------------------------------
[EOnCallAirdrop] Drop zone asigned: Elektrozavodsk <10050.000000, 0.000000, 2450.000000>
[EOnCallAirdrop] Drop zone offset to: <10121.276367, 2438.000000, 2400.509277>
[EOnCallAirdrop] Aircraft spawn point: <-1000.000000, 2438.000000, 3753.377441>
[EOnCallAirdrop] Aircraft bearing ... Angle/Bearing: 3.02418° / 276.727°, Text: 'West (277°)'
[EOnCallAirdrop] Aircraft has been dispatched to 'Elektrozavodsk' from the West (277°).
[2021-04-28 @ 23-33-56] ----------------------------------------------------------------------------------------------------
[EOnCallAirdrop] Drop zone asigned: Berezino <12450.000000, 0.000000, 9250.000000>
[EOnCallAirdrop] Drop zone offset to: <12392.430664, 2438.000000, 9270.781250>
[EOnCallAirdrop] Aircraft spawn point: <-1000.000000, 2438.000000, 11394.171875>
[EOnCallAirdrop] Aircraft bearing ... Angle/Bearing: 2.98351° / 279.058°, Text: 'West (279°)'
[EOnCallAirdrop] Aircraft has been dispatched to 'Berezino' from the West (279°).
[2021-04-29 @ 00-04-22] ----------------------------------------------------------------------------------------------------
[EOnCallAirdrop] Drop zone asigned: Northwest Airfield <4500.000000, 0.000000, 10350.000000>
[EOnCallAirdrop] Drop zone offset to: <4502.097168, 2438.000000, 10338.898438>
[EOnCallAirdrop] Aircraft spawn point: <16360.000000, 2438.000000, 9406.887695>
[EOnCallAirdrop] Aircraft bearing ... Angle/Bearing: -0.0793534° / 94.5466°, Text: 'East (95°)'
[EOnCallAirdrop] Aircraft has been dispatched to 'Northwest Airfield' from the East (95°).
[2021-04-29 @ 00-34-49] ----------------------------------------------------------------------------------------------------
[EOnCallAirdrop] Drop zone asigned: Stary/Novy  <6600.000000, 0.000000, 7800.000000>
[EOnCallAirdrop] Drop zone offset to: <6604.451660, 2438.000000, 7796.683594>
[EOnCallAirdrop] Aircraft spawn point: <9028.079102, 2438.000000, -1000.000000>
[EOnCallAirdrop] Aircraft bearing ... Angle/Bearing: -1.30158° / 164.575°, Text: 'South (165°)'
[EOnCallAirdrop] Aircraft has been dispatched to 'Stary/Novy ' from the South (165°).
