[InitializeContainer] Container created on 2021-04-29 @ 09-34-40
[InitializeContainer] Winds: Vector <5.083616, 0.000000, -6.649292>, Speed 8.36996mps, Strength 0.1
[AirdropContainerFall] Drop Type 'Military East', Container: 'RANDOM', Mode/Quantity/Iems: Random/20/28, Flare:  10%
[AirdropContainerFall] Loot Spawned [1] TacticalGloves_Black @ <13568.529297, 40.306953, 3137.048828> ... Lifespan: Set to 60 minutes.
[AirdropContainerFall] Loot Spawned [2] Canteen @ <13562.950195, 40.211857, 3136.490967> ... Lifespan: Set to 60 minutes.
[AirdropContainerFall] Loot Spawned [3] GorkaEJacket_Autumn @ <13566.340820, 40.279888, 3137.350342> ... Lifespan: Set to 60 minutes.
[AirdropContainerFall] Loot Spawned [4] GorkaEJacket_Flat @ <13566.653320, 40.282986, 3137.510254> ... Lifespan: Set to 60 minutes.
[AirdropContainerFall] Loot Spawned [5] WeaponCleaningKit @ <13568.428711, 40.300980, 3137.804199> ... Lifespan: Set to 60 minutes.
[AirdropContainerFall] Loot Spawned [6] AK_PlasticBttstck @ <13565.516602, 40.430889, 3132.424316> ... Lifespan: Set to 60 minutes.
[AirdropContainerFall] Loot Spawned [7] WeaponCleaningKit @ <13568.429688, 40.305618, 3137.109619> ... Lifespan: Set to 60 minutes.
[AirdropContainerFall] Loot Spawned [8] GorkaPants_Autumn @ <13564.594727, 40.252392, 3137.713135> ... Lifespan: Set to 60 minutes.
[AirdropContainerFall] Loot Spawned [9] GorkaEJacket_Autumn @ <13563.232422, 40.294724, 3133.742920> ... Lifespan: Set to 60 minutes.
[AirdropContainerFall] Loot Spawned [10] TacticalGloves_Green @ <13562.908203, 40.210522, 3136.347656> ... Lifespan: Set to 60 minutes.
[AirdropContainerFall] Loot Spawned [11] GorkaPants_Summer @ <13565.556641, 40.435276, 3132.369873> ... Lifespan: Set to 60 minutes.
[AirdropContainerFall] Loot Spawned [12] GorkaPants_Summer @ <13566.179688, 40.277000, 3137.461182> ... Lifespan: Set to 60 minutes.
[AirdropContainerFall] Loot Spawned [13] TTSKOPants @ <13563.986328, 40.296703, 3133.979004> ... Lifespan: Set to 60 minutes.
[AirdropContainerFall] Loot Spawned [14] GorkaPants_Flat @ <13565.290039, 40.255001, 3138.981689> ... Lifespan: Set to 60 minutes.
[AirdropContainerFall] Loot Spawned [15] AKM @ <13564.541992, 40.248016, 3136.516113> ... Lifespan: Set to 60 minutes.
[AirdropContainerFall] Loot Spawned [16] Binoculars @ <13564.363281, 40.298225, 3134.088867> ... Lifespan: Set to 60 minutes.
[AirdropContainerFall] Loot Spawned [17] AK_PlasticBttstck @ <13564.239258, 40.245140, 3138.013672> ... Lifespan: Set to 60 minutes.
[AirdropContainerFall] Loot Spawned [18] TacticalGoggles @ <13563.677734, 40.227360, 3136.116943> ... Lifespan: Set to 60 minutes.
[AirdropContainerFall] Loot Spawned [19] AmmoBox_762x39_20Rnd @ <13568.900391, 40.311611, 3136.869141> ... Lifespan: Set to 60 minutes.
[AirdropContainerFall] Loot Spawned [20] AK_RailHndgrd @ <13565.300781, 40.420212, 3132.514893> ... Lifespan: Set to 60 minutes.
[AirdropContainerUnstuck] Container was unstuck.
[~AirdropContainerBase] Container Destroyed on 2021-04-29 @ 10-04-40
