[InitializeContainer] Container created on 2021-03-08 @ 17-27-16
[InitializeContainer] Winds: Vector <10.037468, 0.000000, -2.414381>, Speed 10.3238mps, Strength 0.1
[AirdropContainerFall] Drop Type 'Military West', Container: 'AirdropContainer_Military', Mode/Quantity/Iems: Random/20/40, Flare:  10%
[AirdropContainerFall] Loot Spawned [1] Canteen @ <1939.986450, 270.798248, 7519.811035> ... Lifespan: Set to 60 minutes.
[AirdropContainerFall] Loot Spawned [2] MilitaryBoots_Black @ <1938.562256, 270.683899, 7520.870117> ... Lifespan: Set to 60 minutes.
[AirdropContainerFall] Loot Spawned [3] PistolSuppressor @ <1937.483398, 269.882996, 7517.489258> ... Lifespan: Set to 60 minutes.
[AirdropContainerFall] Loot Spawned [4] UKAssVest_Camo @ <1936.025146, 270.230499, 7521.461914> ... Lifespan: Set to 60 minutes.
[AirdropContainerFall] Loot Spawned [5] FNX45 @ <1939.887695, 270.809448, 7519.983887> ... Lifespan: Set to 60 minutes.
[AirdropContainerFall] Loot Spawned [6] MilitaryBoots_Beige @ <1938.159790, 270.609344, 7520.950684> ... Lifespan: Set to 60 minutes.
[AirdropContainerFall] Loot Spawned [7] CombatKnife @ <1938.071777, 270.023163, 7517.684082> ... Lifespan: Set to 60 minutes.
[AirdropContainerFall] Loot Spawned [8] CanOpener @ <1934.501587, 269.581573, 7519.107910> ... Lifespan: Set to 60 minutes.
[AirdropContainerFall] Loot Spawned [9] Canteen @ <1935.485229, 269.639191, 7518.317383> ... Lifespan: Set to 60 minutes.
[AirdropContainerFall] Loot Spawned [10] Canteen @ <1936.176025, 269.677979, 7517.739258> ... Lifespan: Set to 60 minutes.
[AirdropContainerFall] Loot Spawned [11] M4_CQBBttstck @ <1935.984009, 270.151062, 7521.001953> ... Lifespan: Set to 60 minutes.
[AirdropContainerFall] Loot Spawned [12] M4_Suppressor @ <1935.070435, 269.630737, 7518.759766> ... Lifespan: Set to 60 minutes.
[AirdropContainerFall] Loot Spawned [13] WeaponCleaningKit @ <1939.394043, 270.364166, 7518.252441> ... Lifespan: Set to 60 minutes.
[AirdropContainerFall] Loot Spawned [14] TacticalGloves_Beige @ <1936.569580, 269.820953, 7518.185059> ... Lifespan: Set to 60 minutes.
[AirdropContainerFall] Loot Spawned [15] AmmoBox_556x45_20Rnd @ <1937.927002, 270.775635, 7522.080078> ... Lifespan: Set to 60 minutes.
[AirdropContainerFall] Loot Spawned [16] TacticalGloves_Black @ <1935.501343, 270.149933, 7521.572266> ... Lifespan: Set to 60 minutes.
[AirdropContainerFall] Loot Spawned [17] Rangefinder @ <1938.715942, 269.993195, 7516.720703> ... Lifespan: Set to 60 minutes.
[AirdropContainerFall] Loot Spawned [18] UKAssVest_Black @ <1937.266724, 270.471161, 7521.270508> ... Lifespan: Set to 60 minutes.
[AirdropContainerFall] Loot Spawned [19] UKAssVest_Camo @ <1935.163086, 269.830780, 7519.931152> ... Lifespan: Set to 60 minutes.
[AirdropContainerFall] Loot Spawned [20] Rangefinder @ <1937.883179, 269.727753, 7516.015625> ... Lifespan: Set to 60 minutes.
[AirdropContainerUnstuck] Container was unstuck.
[~AirdropContainerBase] Container Destroyed on 2021-03-08 @ 17-42-16
