[InitializeContainer] Container created on 2021-04-29 @ 04-36-59
[InitializeContainer] Winds: Vector <11.118308, 0.000000, 0.503755>, Speed 11.1297mps, Strength 0.1
[AirdropContainerFall] Drop Type 'Military West', Container: 'RANDOM', Mode/Quantity/Iems: Random/20/40, Flare:  10%
[AirdropContainerFall] Loot Spawned [1] CombatKnife @ <8485.495117, 105.612732, 12713.206055> ... Lifespan: Set to 60 minutes.
[AirdropContainerFall] Loot Spawned [2] MilitaryBoots_Black @ <8482.606445, 106.371864, 12711.787109> ... Lifespan: Set to 60 minutes.
[AirdropContainerFall] Loot Spawned [3] MilitaryBoots_Black @ <8484.582031, 105.720650, 12715.097656> ... Lifespan: Set to 60 minutes.
[AirdropContainerFall] Loot Spawned [4] UniversalLight @ <8483.422852, 105.955826, 12715.903320> ... Lifespan: Set to 60 minutes.
[AirdropContainerFall] Loot Spawned [5] M4_Suppressor @ <8480.011719, 106.390999, 12714.603516> ... Lifespan: Set to 60 minutes.
[AirdropContainerFall] Loot Spawned [6] Battery9V @ <8483.543945, 105.873390, 12716.759766> ... Lifespan: Set to 60 minutes.
[AirdropContainerFall] Loot Spawned [7] UKAssVest_Camo @ <8482.166016, 106.202156, 12715.911133> ... Lifespan: Set to 60 minutes.
[AirdropContainerFall] Loot Spawned [8] UKAssVest_Olive @ <8482.560547, 106.380043, 12710.862305> ... Lifespan: Set to 60 minutes.
[AirdropContainerFall] Loot Spawned [9] Battery9V @ <8480.821289, 106.390999, 12712.220703> ... Lifespan: Set to 60 minutes.
[AirdropContainerFall] Loot Spawned [10] UniversalLight @ <8485.217773, 105.650688, 12713.697266> ... Lifespan: Set to 60 minutes.
[AirdropContainerFall] Loot Spawned [11] USMCJacket_Woodland @ <8479.711914, 106.390999, 12714.727539> ... Lifespan: Set to 60 minutes.
[AirdropContainerFall] Loot Spawned [12] Battery9V @ <8484.032227, 106.102898, 12711.180664> ... Lifespan: Set to 60 minutes.
[AirdropContainerFall] Loot Spawned [13] USMCPants_Desert @ <8482.555664, 106.381020, 12711.777344> ... Lifespan: Set to 60 minutes.
[AirdropContainerFall] Loot Spawned [14] Rangefinder @ <8479.739258, 106.390999, 12713.041992> ... Lifespan: Set to 60 minutes.
[AirdropContainerFall] Loot Spawned [15] USMCPants_Woodland @ <8481.747070, 106.390999, 12711.224609> ... Lifespan: Set to 60 minutes.
[AirdropContainerFall] Loot Spawned [16] CombatKnife @ <8483.580078, 105.846382, 12717.057617> ... Lifespan: Set to 60 minutes.
[AirdropContainerFall] Loot Spawned [17] UKAssVest_Camo @ <8481.908203, 106.211655, 12716.014648> ... Lifespan: Set to 60 minutes.
[AirdropContainerFall] Loot Spawned [18] WeaponCleaningKit @ <8481.375000, 106.390999, 12711.854492> ... Lifespan: Set to 60 minutes.
[AirdropContainerFall] Loot Spawned [19] MilitaryBoots_Bluerock @ <8480.950195, 106.390999, 12713.624023> ... Lifespan: Set to 60 minutes.
[AirdropContainerFall] Loot Spawned [20] TacticalGloves_Beige @ <8486.215820, 105.398453, 12713.817383> ... Lifespan: Set to 60 minutes.
[AirdropContainerUnstuck] Container was unstuck.
[~AirdropContainerBase] Container Destroyed on 2021-04-29 @ 05-00-40
