[InitializeContainer] Container created on 2021-03-27 @ 19-20-39
[InitializeContainer] Winds: Vector <-2.460827, 0.000000, -4.396194>, Speed 5.03807mps, Strength 0.1
[AirdropContainerFall] Drop Type 'Misc. Food', Container: 'RANDOM', Mode/Quantity/Iems: Random/29/30, Flare:  10%
[AirdropContainerFall] Loot Spawned [1] KOD_DVL10 @ <13578.492188, 40.437439, 3138.433105> ... Lifespan: Set to 30 minutes.
[AirdropContainerFall] Loot Spawned [2] SardinesCan @ <13576.726563, 40.424591, 3135.018799> ... Lifespan: Set to 30 minutes.
[AirdropContainerFall] Loot Spawned [3] WaterBottle @ <13581.787109, 40.520004, 3136.131836> ... Lifespan: Set to 30 minutes.
[AirdropContainerFall] Loot Spawned [4] BoxCerealCrunchin @ <13579.157227, 40.487122, 3134.420166> ... Lifespan: Set to 30 minutes.
[AirdropContainerFall] Loot Spawned [5] GreenBellPepper @ <13580.088867, 40.505146, 3135.512207> ... Lifespan: Set to 30 minutes.
[AirdropContainerFall] Loot Spawned [6] Tomato @ <13576.041992, 40.398376, 3135.968750> ... Lifespan: Set to 30 minutes.
[AirdropContainerFall] Loot Spawned [7] AK101 @ <13577.385742, 40.411797, 3138.178223> ... Lifespan: Set to 30 minutes.
[AirdropContainerFall] Loot Spawned [8] Zucchini @ <13579.275391, 40.491852, 3133.116211> ... Lifespan: Set to 30 minutes.
[AirdropContainerFall] Loot Spawned [9] Plum @ <13577.017578, 40.400097, 3138.433105> ... Lifespan: Set to 30 minutes.
[AirdropContainerFall] Loot Spawned [10] Tomato @ <13577.092773, 40.411945, 3137.367432> ... Lifespan: Set to 30 minutes.
[AirdropContainerFall] Loot Spawned [11] AK101 @ <13576.613281, 40.415833, 3135.648682> ... Lifespan: Set to 30 minutes.
[AirdropContainerFall] Loot Spawned [12] SodaCan_Spite @ <13577.814453, 40.454273, 3133.537598> ... Lifespan: Set to 30 minutes.
[AirdropContainerFall] Loot Spawned [13] TunaCan @ <13576.981445, 40.431648, 3134.677002> ... Lifespan: Set to 30 minutes.
[AirdropContainerFall] Loot Spawned [14] Pear @ <13577.923828, 40.430252, 3137.659668> ... Lifespan: Set to 30 minutes.
[AirdropContainerFall] Loot Spawned [15] Apple @ <13580.451172, 40.520966, 3133.616699> ... Lifespan: Set to 30 minutes.
[AirdropContainerFall] Loot Spawned [16] WaterBottle @ <13576.624023, 40.422729, 3134.581055> ... Lifespan: Set to 30 minutes.
[AirdropContainerFall] Loot Spawned [17] GreenBellPepper @ <13576.875977, 40.392902, 3138.818848> ... Lifespan: Set to 30 minutes.
[AirdropContainerFall] Loot Spawned [18] SodaCan_Cola @ <13579.320313, 40.405441, 3139.062012> ... Lifespan: Set to 30 minutes.
[AirdropContainerFall] Loot Spawned [19] CaninaBerry @ <13576.534180, 40.421425, 3133.855957> ... Lifespan: Set to 30 minutes.
[AirdropContainerFall] Loot Spawned [20] AKM @ <13575.491211, 40.375816, 3136.889648> ... Lifespan: Set to 30 minutes.
[AirdropContainerFall] Loot Spawned [21] SodaCan_Kvass @ <13577.089844, 40.400742, 3138.558350> ... Lifespan: Set to 30 minutes.
[AirdropContainerFall] Loot Spawned [22] SardinesCan @ <13579.536133, 40.475033, 3137.237793> ... Lifespan: Set to 30 minutes.
[AirdropContainerFall] Loot Spawned [23] BakedBeansCan @ <13575.517578, 40.395470, 3134.464355> ... Lifespan: Set to 30 minutes.
[AirdropContainerFall] Loot Spawned [24] TacticalBaconCan @ <13580.721680, 40.483475, 3137.190918> ... Lifespan: Set to 30 minutes.
[AirdropContainerFall] Loot Spawned [25] Canteen @ <13576.834961, 40.421928, 3135.596924> ... Lifespan: Set to 30 minutes.
[AirdropContainerFall] Loot Spawned [26] KOD_M16A4 @ <13577.905273, 40.457531, 3132.817383> ... Lifespan: Set to 30 minutes.
[AirdropContainerFall] Loot Spawned [27] SodaCan_Kvass @ <13581.536133, 40.544174, 3135.259766> ... Lifespan: Set to 30 minutes.
[AirdropContainerFall] Loot Spawned [28] GreenBellPepper @ <13580.536133, 40.521461, 3134.863770> ... Lifespan: Set to 30 minutes.
[AirdropContainerFall] Loot Spawned [29] AK101 @ <13576.975586, 40.433079, 3133.501465> ... Lifespan: Set to 30 minutes.
[AirdropContainerUnstuck] Container was unstuck.
[~AirdropContainerBase] Container Destroyed on 2021-03-27 @ 19-45-39
