[02-06-2021][05.01.07] New Synch Log File Created!
[06:32:17] Player (Bernd, 76561197965508404)(<4865.354492, 317.429993, 5753.979004>) requested data for lock!
[06:37:53] Player (Bernd, 76561197965508404)(<4859.516113, 319.519501, 5753.734375>) requested data for lock!
[06:37:58] Player (Bernd, 76561197965508404)(<4859.516113, 319.519501, 5753.734375>) requested data for lock!
[02-06-2021][09.36.47] Log file reloaded ( Server Restart )
[02-06-2021][09.39.38] Log file reloaded ( Server Restart )
[02-06-2021][09.45.48] Log file reloaded ( Server Restart )
[02-06-2021][09.50.57] Log file reloaded ( Server Restart )
[02-06-2021][10.01.19] Log file reloaded ( Server Restart )
[02-06-2021][10.21.06] Log file reloaded ( Server Restart )
[02-06-2021][10.23.59] Log file reloaded ( Server Restart )
[02-06-2021][11.05.33] Log file reloaded ( Server Restart )
[02-06-2021][11.11.24] Log file reloaded ( Server Restart )
[02-06-2021][11.18.46] Log file reloaded ( Server Restart )
[02-06-2021][11.30.11] Log file reloaded ( Server Restart )
[02-06-2021][11.34.10] Log file reloaded ( Server Restart )
[12:31:21] Player (JevBurns, 76561198068395829)(<4914.966797, 366.415070, 5241.002441>) requested data for lock!
[12:41:50] Player (JevBurns, 76561198068395829)(<4914.966797, 366.415070, 5241.002441>) requested data for lock!
[14:13:51] Player (Bernd, 76561197965508404)(<4859.516113, 319.519501, 5753.734375>) requested data for lock!
[14:23:55] Player (Bernd, 76561197965508404)(<4859.516113, 319.519501, 5753.734375>) requested data for lock!
[02-06-2021][15.01.17] Log file reloaded ( Server Restart )
[15:50:20] Player (JevBurns, 76561198068395829)(<5373.711426, 311.260620, 5692.094238>) requested data for lock!
[15:54:21] Player (JevBurns, 76561198068395829)(<5373.711426, 311.260620, 5692.094238>) requested data for lock!
[15:55:31] Player (JevBurns, 76561198068395829)(<5373.711426, 311.260620, 5692.094238>) requested data for lock!
[15:59:27] Player (JevBurns, 76561198068395829)(<5373.711426, 311.260620, 5692.094238>) requested data for lock!
[15:59:43] Player (JevBurns, 76561198068395829)(<5373.711426, 311.260620, 5692.094238>) requested data for lock!
[16:00:25] Player (JevBurns, 76561198068395829)(<5373.711426, 311.260620, 5692.094238>) requested data for lock!
[16:00:39] Player (JevBurns, 76561198068395829)(<5373.711426, 311.260620, 5692.094238>) requested data for lock!
[16:03:57] Player (JevBurns, 76561198068395829)(<5373.711426, 311.260620, 5692.094238>) requested data for lock!
[16:04:58] Player (JevBurns, 76561198068395829)(<5373.711426, 311.260620, 5692.094238>) requested data for lock!
[16:06:18] Player (JevBurns, 76561198068395829)(<5373.711426, 311.260620, 5692.094238>) requested data for lock!
[16:24:26] Player (JevBurns, 76561198068395829)(<5373.711426, 311.260620, 5692.094238>) requested data for lock!
[16:31:48] Player (JevBurns, 76561198068395829)(<5373.711426, 311.260620, 5692.094238>) requested data for lock!
[16:31:53] Player (JevBurns, 76561198068395829)(<5373.711426, 311.260620, 5692.094238>) requested data for lock!
[17:15:01] Player (JevBurns, 76561198068395829)(<5373.711426, 311.260620, 5692.094238>) requested data for lock!
[17:15:40] Player (JevBurns, 76561198068395829)(<5373.711426, 311.260620, 5692.094238>) requested data for lock!
[17:22:27] Player (JevBurns, 76561198068395829)(<5373.711426, 311.260620, 5692.094238>) requested data for lock!
[17:23:57] Player (JevBurns, 76561198068395829)(<5373.711426, 311.260620, 5692.094238>) requested data for lock!
[17:30:38] Player (JevBurns, 76561198068395829)(<5373.711426, 311.260620, 5692.094238>) requested data for lock!
[17:34:04] Player (JevBurns, 76561198068395829)(<5373.711426, 311.260620, 5692.094238>) requested data for lock!
[17:40:58] Player (JevBurns, 76561198068395829)(<5373.711426, 311.260620, 5692.094238>) requested data for lock!
[02-06-2021][18.09.01] Log file reloaded ( Server Restart )
[18:52:55] Player (JevBurns, 76561198068395829)(<5373.711426, 311.260620, 5692.094238>) requested data for lock!
[02-06-2021][19.01.13] Log file reloaded ( Server Restart )
[19:14:31] Player (JevBurns, 76561198068395829)(<5373.711426, 311.260620, 5692.094238>) requested data for lock!
[19:17:05] Player (JevBurns, 76561198068395829)(<5373.711426, 311.260620, 5692.094238>) requested data for lock!
[19:17:06] Player (Andy, 76561198085795595)(<5373.711426, 311.260620, 5692.094238>) requested data for lock!
[19:20:28] Player (JevBurns, 76561198068395829)(<5373.711426, 311.260620, 5692.094238>) requested data for lock!
[19:20:37] Player (JevBurns, 76561198068395829)(<5373.711426, 311.260620, 5692.094238>) requested data for lock!
[19:20:42] Player (Andy, 76561198085795595)(<5373.711426, 311.260620, 5692.094238>) requested data for lock!
[19:20:45] Player (JevBurns, 76561198068395829)(<5373.711426, 311.260620, 5692.094238>) requested data for lock!
[19:20:47] Player (Andy, 76561198085795595)(<5373.711426, 311.260620, 5692.094238>) requested data for lock!
[19:23:28] Player (JevBurns, 76561198068395829)(<5373.711426, 311.260620, 5692.094238>) requested data for lock!
[20:07:10] Player (Bernd, 76561197965508404)(<4859.516113, 319.519501, 5753.734375>) requested data for lock!
[20:18:45] Player (Bernd, 76561197965508404)(<4865.354492, 317.429993, 5753.979004>) requested data for lock!
[21:01:30] Player (Andy, 76561198085795595)(<5373.711426, 311.260620, 5692.094238>) requested data for lock!
[21:28:32] Player (Bernd, 76561197965508404)(<4865.354492, 317.429993, 5753.979004>) requested data for lock!
[21:28:43] Player (Bernd, 76561197965508404)(<4859.516113, 319.519501, 5753.734375>) requested data for lock!
[21:31:20] Player (Bernd, 76561197965508404)(<4865.354492, 317.429993, 5753.979004>) requested data for lock!
[21:35:45] Player (Bernd, 76561197965508404)(<4866.755371, 317.562286, 5743.789063>) requested data for lock!
[02-06-2021][21.43.08] Log file reloaded ( Server Restart )
[21:50:07] Player (Bernd, 76561197965508404)(<4865.354492, 317.429993, 5753.979004>) requested data for lock!
[02-06-2021][23.01.16] Log file reloaded ( Server Restart )
[02-06-2021][23.03.46] Log file reloaded ( Server Restart )
