[02-18-2021][00.01.21] New Synch Log File Created!
[01:10:34] Player (Survivor, 76561198277449949)(<10419.672852, 7.380839, 2072.793213>) requested data for lock!
[01:14:11] Player (Survivor, 76561198277449949)(<10419.672852, 7.380839, 2072.793213>) requested data for lock!
[01:19:48] Player (Survivor, 76561198277449949)(<10419.672852, 7.380839, 2072.793213>) requested data for lock!
[01:19:54] Player (Survivor, 76561198277449949)(<10419.672852, 7.380839, 2072.793213>) requested data for lock!
[01:43:00] Player (Survivor, 76561198277449949)(<10419.672852, 7.380839, 2072.793213>) requested data for lock!
[01:43:24] Player (Survivor, 76561198277449949)(<10419.672852, 7.380839, 2072.793213>) requested data for lock!
[01:43:40] Player (Survivor, 76561198277449949)(<10419.672852, 7.380839, 2072.793213>) requested data for lock!
[01:43:46] Player (Survivor, 76561198277449949)(<10419.672852, 7.380839, 2072.793213>) requested data for lock!
[01:44:43] Player (Survivor, 76561198277449949)(<10419.672852, 7.380839, 2072.793213>) requested data for lock!
[01:47:14] Player (Survivor, 76561198277449949)(<10419.672852, 7.380839, 2072.793213>) requested data for lock!
[01:47:23] Player (Survivor, 76561198277449949)(<10419.672852, 7.380839, 2072.793213>) requested data for lock!
[01:48:19] Player (Survivor, 76561198277449949)(<10419.672852, 7.380839, 2072.793213>) requested data for lock!
[01:57:31] Player (Survivor, 76561198277449949)(<10419.672852, 7.380839, 2072.793213>) requested data for lock!
[02:36:12] Player (Survivor, 76561198277449949)(<10419.672852, 7.380839, 2072.793213>) requested data for lock!
[02:38:27] Player (Survivor, 76561198277449949)(<10419.672852, 7.380839, 2072.793213>) requested data for lock!
[02:38:36] Player (Survivor, 76561198277449949)(<10419.672852, 7.380839, 2072.793213>) requested data for lock!
[02:40:49] Player (Survivor, 76561198277449949)(<10419.672852, 7.380839, 2072.793213>) requested data for lock!
[02:42:22] Player (Survivor, 76561198277449949)(<10419.672852, 7.380839, 2072.793213>) requested data for lock!
[02:44:29] Player (Survivor, 76561198277449949)(<10419.672852, 7.380839, 2072.793213>) requested data for lock!
[02:44:34] Player (Survivor, 76561198277449949)(<10419.672852, 7.380839, 2072.793213>) requested data for lock!
[02:44:46] Player (Survivor, 76561198277449949)(<10419.672852, 7.380839, 2072.793213>) requested data for lock!
[02:44:51] Player (Survivor, 76561198277449949)(<10419.672852, 7.380839, 2072.793213>) requested data for lock!
[02:44:58] Player (Survivor, 76561198277449949)(<10419.672852, 7.380839, 2072.793213>) requested data for lock!
[02:45:24] Player (Survivor, 76561198277449949)(<10419.672852, 7.380839, 2072.793213>) requested data for lock!
[02:45:31] Player (Survivor, 76561198277449949)(<10419.672852, 7.380839, 2072.793213>) requested data for lock!
[02:45:37] Player (Survivor, 76561198277449949)(<10419.672852, 7.380839, 2072.793213>) requested data for lock!
[02:45:42] Player (Survivor, 76561198277449949)(<10419.672852, 7.380839, 2072.793213>) requested data for lock!
[02:45:52] Player (Survivor, 76561198277449949)(<10419.672852, 7.380839, 2072.793213>) requested data for lock!
[02:45:57] Player (Survivor, 76561198277449949)(<10419.672852, 7.380839, 2072.793213>) requested data for lock!
[02:46:07] Player (Survivor, 76561198277449949)(<10419.672852, 7.380839, 2072.793213>) requested data for lock!
[02:46:14] Player (Survivor, 76561198277449949)(<10419.672852, 7.380839, 2072.793213>) requested data for lock!
[02:46:20] Player (Survivor, 76561198277449949)(<10419.672852, 7.380839, 2072.793213>) requested data for lock!
[02:46:25] Player (Survivor, 76561198277449949)(<10419.672852, 7.380839, 2072.793213>) requested data for lock!
[02:46:31] Player (Survivor, 76561198277449949)(<10419.672852, 7.380839, 2072.793213>) requested data for lock!
[02:46:41] Player (Survivor, 76561198277449949)(<10419.672852, 7.380839, 2072.793213>) requested data for lock!
[02:50:56] Player (Survivor, 76561198277449949)(<10419.672852, 7.380839, 2072.793213>) requested data for lock!
[03:07:22] Player (Survivor, 76561198277449949)(<10419.672852, 7.380839, 2072.793213>) requested data for lock!
[03:07:32] Player (Survivor, 76561198277449949)(<10419.672852, 7.380839, 2072.793213>) requested data for lock!
[03:07:37] Player (Survivor, 76561198277449949)(<10419.672852, 7.380839, 2072.793213>) requested data for lock!
[03:11:52] Player (Survivor, 76561198277449949)(<10419.672852, 7.380839, 2072.793213>) requested data for lock!
[03:12:01] Player (Survivor, 76561198277449949)(<10419.672852, 7.380839, 2072.793213>) requested data for lock!
[03:13:08] Player (Survivor, 76561198277449949)(<10419.672852, 7.380839, 2072.793213>) requested data for lock!
[03:13:50] Player (Survivor, 76561198277449949)(<10419.672852, 7.380839, 2072.793213>) requested data for lock!
[03:15:21] Player (Survivor, 76561198277449949)(<10419.672852, 7.380839, 2072.793213>) requested data for lock!
[03:16:32] Player (Survivor, 76561198277449949)(<10419.672852, 7.380839, 2072.793213>) requested data for lock!
[03:17:34] Player (Survivor, 76561198277449949)(<10419.672852, 7.380839, 2072.793213>) requested data for lock!
[03:23:24] Player (Survivor, 76561198277449949)(<10419.672852, 7.380839, 2072.793213>) requested data for lock!
[03:23:34] Player (Survivor, 76561198277449949)(<10419.672852, 7.380839, 2072.793213>) requested data for lock!
[03:26:02] Player (Survivor, 76561198277449949)(<10419.672852, 7.380839, 2072.793213>) requested data for lock!
[02-18-2021][04.01.19] Log file reloaded ( Server Restart )
[02-18-2021][05.12.07] Log file reloaded ( Server Restart )
[05:30:07] Player (Survivor, 76561198277449949)(<10419.672852, 7.380839, 2072.793213>) requested data for lock!
[05:30:18] Player (Survivor, 76561198277449949)(<10419.672852, 7.380839, 2072.793213>) requested data for lock!
[05:33:30] Player (Magnetschaedel, 76561198006594084)(<3580.178955, 297.068756, 8077.733398>) requested data for lock!
[05:33:55] Player (Magnetschaedel, 76561198006594084)(<3580.178955, 297.068756, 8077.733398>) requested data for lock!
[05:34:01] Player (Magnetschaedel, 76561198006594084)(<3580.178955, 297.068756, 8077.733398>) requested data for lock!
[05:34:07] Player (Magnetschaedel, 76561198006594084)(<3578.918457, 297.135071, 8084.083496>) requested data for lock!
[05:36:13] Player (Survivor, 76561198277449949)(<10419.672852, 7.380839, 2072.793213>) requested data for lock!
[05:37:50] Player (Survivor, 76561198277449949)(<10419.672852, 7.380839, 2072.793213>) requested data for lock!
[05:39:23] Player (Survivor, 76561198277449949)(<10419.672852, 7.380839, 2072.793213>) requested data for lock!
[05:48:21] Player (Survivor, 76561198277449949)(<10419.672852, 7.380839, 2072.793213>) requested data for lock!
[05:50:50] Player (Survivor, 76561198277449949)(<10318.553711, 7.401050, 2031.479248>) requested data for lock!
[05:50:55] Player (Survivor, 76561198277449949)(<10318.553711, 7.401050, 2031.479248>) requested data for lock!
[05:51:00] Player (Survivor, 76561198277449949)(<10318.553711, 7.401050, 2031.479248>) requested data for lock!
[05:51:11] Player (Survivor, 76561198277449949)(<10318.553711, 7.401050, 2031.479248>) requested data for lock!
[05:51:22] Player (Survivor, 76561198277449949)(<10318.553711, 7.401050, 2031.479248>) requested data for lock!
[05:51:28] Player (Survivor, 76561198277449949)(<10318.553711, 7.401050, 2031.479248>) requested data for lock!
[05:51:47] Player (Survivor, 76561198277449949)(<10419.672852, 7.380839, 2072.793213>) requested data for lock!
[05:51:53] Player (Survivor, 76561198277449949)(<10419.672852, 7.380839, 2072.793213>) requested data for lock!
[05:53:52] Player (Survivor, 76561198277449949)(<10419.672852, 7.380839, 2072.793213>) requested data for lock!
[05:54:05] Player (Survivor, 76561198277449949)(<10419.672852, 7.380839, 2072.793213>) requested data for lock!
[05:55:05] Player (Survivor, 76561198277449949)(<10419.672852, 7.380839, 2072.793213>) requested data for lock!
[06:02:46] Player (Survivor, 76561198277449949)(<10318.553711, 7.401050, 2031.479248>) requested data for lock!
[06:02:51] Player (Survivor, 76561198277449949)(<10318.553711, 7.401050, 2031.479248>) requested data for lock!
[06:03:47] Player (Survivor, 76561198277449949)(<10318.553711, 7.401050, 2031.479248>) requested data for lock!
[06:04:21] Player (Survivor, 76561198277449949)(<10318.553711, 7.401050, 2031.479248>) requested data for lock!
[06:04:57] Player (Survivor, 76561198277449949)(<10318.553711, 7.401050, 2031.479248>) requested data for lock!
[06:05:22] Player (Survivor, 76561198277449949)(<10419.672852, 7.380839, 2072.793213>) requested data for lock!
[06:05:47] Player (Survivor, 76561198277449949)(<10419.672852, 7.380839, 2072.793213>) requested data for lock!
[06:06:39] Player (Survivor, 76561198277449949)(<10318.553711, 7.401050, 2031.479248>) requested data for lock!
[06:22:39] Player (Magnetschaedel, 76561198006594084)(<3578.918457, 297.135071, 8084.083496>) requested data for lock!
[06:22:44] Player (Magnetschaedel, 76561198006594084)(<3580.178955, 297.068756, 8077.733398>) requested data for lock!
[06:26:48] Player (Magnetschaedel, 76561198006594084)(<3580.178955, 297.068756, 8077.733398>) requested data for lock!
[06:26:53] Player (Magnetschaedel, 76561198006594084)(<3580.178955, 297.068756, 8077.733398>) requested data for lock!
[06:32:40] Player (Magnetschaedel, 76561198006594084)(<3580.178955, 297.068756, 8077.733398>) requested data for lock!
[06:32:49] Player (Magnetschaedel, 76561198006594084)(<3581.952881, 297.281006, 8087.673828>) requested data for lock!
[06:32:55] Player (Magnetschaedel, 76561198006594084)(<3578.918457, 297.135071, 8084.083496>) requested data for lock!
[06:35:07] Player (Magnetschaedel, 76561198006594084)(<3580.178955, 297.068756, 8077.733398>) requested data for lock!
[06:36:33] Player (Magnetschaedel, 76561198006594084)(<3580.178955, 297.068756, 8077.733398>) requested data for lock!
[06:36:44] Player (Magnetschaedel, 76561198006594084)(<3581.952881, 297.281006, 8087.673828>) requested data for lock!
[06:40:00] Player (Bernd, 76561197965508404)(<4859.516113, 319.519501, 5753.734375>) requested data for lock!
[06:40:19] Player (Bernd, 76561197965508404)(<4859.516113, 319.519501, 5753.734375>) requested data for lock!
[06:40:44] Player (Bernd, 76561197965508404)(<4866.755371, 317.562286, 5743.789063>) requested data for lock!
[06:41:49] Player (Bernd, 76561197965508404)(<4859.516113, 319.519501, 5753.734375>) requested data for lock!
[06:52:56] Player (Bernd, 76561197965508404)(<4865.354492, 317.429993, 5753.979004>) requested data for lock!
[06:53:01] Player (Bernd, 76561197965508404)(<4867.050293, 317.463715, 5749.970703>) requested data for lock!
[06:53:45] Player (Bernd, 76561197965508404)(<4859.516113, 319.519501, 5753.734375>) requested data for lock!
[06:57:19] Player (Bernd, 76561197965508404)(<4859.516113, 319.519501, 5753.734375>) requested data for lock!
[07:02:29] Player (Survivor, 76561198277449949)(<10318.553711, 7.401050, 2031.479248>) requested data for lock!
[07:04:16] Player (Survivor, 76561198277449949)(<10318.553711, 7.401050, 2031.479248>) requested data for lock!
[07:04:21] Player (Survivor, 76561198277449949)(<10318.553711, 7.401050, 2031.479248>) requested data for lock!
[07:05:54] Player (Survivor, 76561198277449949)(<10318.553711, 7.401050, 2031.479248>) requested data for lock!
[07:07:29] Player (Survivor, 76561198277449949)(<10318.553711, 7.401050, 2031.479248>) requested data for lock!
[07:07:36] Player (Survivor, 76561198277449949)(<10318.553711, 7.401050, 2031.479248>) requested data for lock!
[07:07:57] Player (Survivor, 76561198277449949)(<10419.672852, 7.380839, 2072.793213>) requested data for lock!
[07:08:18] Player (Survivor, 76561198277449949)(<10419.672852, 7.380839, 2072.793213>) requested data for lock!
[07:08:23] Player (Survivor, 76561198277449949)(<10419.672852, 7.380839, 2072.793213>) requested data for lock!
[07:10:38] Player (Survivor, 76561198277449949)(<10419.672852, 7.380839, 2072.793213>) requested data for lock!
[07:10:44] Player (Survivor, 76561198277449949)(<10419.672852, 7.380839, 2072.793213>) requested data for lock!
[07:15:03] Player (Survivor, 76561198277449949)(<10419.672852, 7.380839, 2072.793213>) requested data for lock!
[07:15:11] Player (Survivor, 76561198277449949)(<10419.672852, 7.380839, 2072.793213>) requested data for lock!
[07:18:42] Player (Survivor, 76561198277449949)(<10419.672852, 7.380839, 2072.793213>) requested data for lock!
[07:20:25] Player (Bernd, 76561197965508404)(<4859.516113, 319.519501, 5753.734375>) requested data for lock!
[07:24:21] Player (Survivor, 76561198277449949)(<10419.672852, 7.380839, 2072.793213>) requested data for lock!
[07:26:37] Player (Survivor, 76561198277449949)(<10419.672852, 7.380839, 2072.793213>) requested data for lock!
[07:27:10] Player (Survivor, 76561198277449949)(<10419.672852, 7.380839, 2072.793213>) requested data for lock!
[07:27:16] Player (Survivor, 76561198277449949)(<10419.672852, 7.380839, 2072.793213>) requested data for lock!
[07:27:42] Player (Survivor, 76561198277449949)(<10419.672852, 7.380839, 2072.793213>) requested data for lock!
[07:27:47] Player (Survivor, 76561198277449949)(<10419.672852, 7.380839, 2072.793213>) requested data for lock!
[07:27:52] Player (Survivor, 76561198277449949)(<10419.672852, 7.380839, 2072.793213>) requested data for lock!
[07:28:01] Player (Survivor, 76561198277449949)(<10419.672852, 7.380839, 2072.793213>) requested data for lock!
[07:28:10] Player (Survivor, 76561198277449949)(<10419.672852, 7.380839, 2072.793213>) requested data for lock!
[07:28:49] Player (Survivor, 76561198277449949)(<10419.672852, 7.380839, 2072.793213>) requested data for lock!
[07:28:59] Player (Survivor, 76561198277449949)(<10419.672852, 7.380839, 2072.793213>) requested data for lock!
[07:29:04] Player (Survivor, 76561198277449949)(<10419.672852, 7.380839, 2072.793213>) requested data for lock!
[07:29:11] Player (Survivor, 76561198277449949)(<10419.672852, 7.380839, 2072.793213>) requested data for lock!
[07:29:16] Player (Survivor, 76561198277449949)(<10419.672852, 7.380839, 2072.793213>) requested data for lock!
[07:29:31] Player (Survivor, 76561198277449949)(<10419.672852, 7.380839, 2072.793213>) requested data for lock!
[07:29:37] Player (Survivor, 76561198277449949)(<10419.672852, 7.380839, 2072.793213>) requested data for lock!
[07:29:42] Player (Survivor, 76561198277449949)(<10419.672852, 7.380839, 2072.793213>) requested data for lock!
[07:29:47] Player (Survivor, 76561198277449949)(<10419.672852, 7.380839, 2072.793213>) requested data for lock!
[07:29:52] Player (Survivor, 76561198277449949)(<10419.672852, 7.380839, 2072.793213>) requested data for lock!
[07:31:53] Player (Survivor, 76561198277449949)(<10419.672852, 7.380839, 2072.793213>) requested data for lock!
[07:40:55] Player (Survivor, 76561198277449949)(<10419.672852, 7.380839, 2072.793213>) requested data for lock!
[07:48:53] Player (Survivor, 76561198277449949)(<10419.672852, 7.380839, 2072.793213>) requested data for lock!
[07:48:58] Player (Survivor, 76561198277449949)(<10419.672852, 7.380839, 2072.793213>) requested data for lock!
[07:49:05] Player (Survivor, 76561198277449949)(<10419.672852, 7.380839, 2072.793213>) requested data for lock!
[07:49:10] Player (Survivor, 76561198277449949)(<10419.672852, 7.380839, 2072.793213>) requested data for lock!
[07:55:56] Player (Survivor, 76561198277449949)(<10419.672852, 7.380839, 2072.793213>) requested data for lock!
[07:57:07] Player (Survivor, 76561198277449949)(<10419.672852, 7.380839, 2072.793213>) requested data for lock!
[07:57:35] Player (Survivor, 76561198277449949)(<10419.672852, 7.380839, 2072.793213>) requested data for lock!
[07:58:51] Player (Survivor, 76561198277449949)(<10419.672852, 7.380839, 2072.793213>) requested data for lock!
[07:58:56] Player (Survivor, 76561198277449949)(<10419.672852, 7.380839, 2072.793213>) requested data for lock!
[07:59:01] Player (Survivor, 76561198277449949)(<10419.672852, 7.380839, 2072.793213>) requested data for lock!
[07:59:06] Player (Survivor, 76561198277449949)(<10419.672852, 7.380839, 2072.793213>) requested data for lock!
[07:59:11] Player (Survivor, 76561198277449949)(<10419.672852, 7.380839, 2072.793213>) requested data for lock!
[07:59:16] Player (Survivor, 76561198277449949)(<10419.672852, 7.380839, 2072.793213>) requested data for lock!
[07:59:21] Player (Survivor, 76561198277449949)(<10419.672852, 7.380839, 2072.793213>) requested data for lock!
[07:59:26] Player (Survivor, 76561198277449949)(<10419.672852, 7.380839, 2072.793213>) requested data for lock!
[07:59:33] Player (Survivor, 76561198277449949)(<10419.672852, 7.380839, 2072.793213>) requested data for lock!
[07:59:39] Player (Survivor, 76561198277449949)(<10419.672852, 7.380839, 2072.793213>) requested data for lock!
[07:59:53] Player (Survivor, 76561198277449949)(<10419.672852, 7.380839, 2072.793213>) requested data for lock!
[02-18-2021][08.01.20] Log file reloaded ( Server Restart )
[02-18-2021][08.28.26] Log file reloaded ( Server Restart )
[02-18-2021][08.32.00] Log file reloaded ( Server Restart )
[08:38:50] Player (Magnetschaedel, 76561198006594084)(<3578.918457, 297.135071, 8084.083496>) requested data for lock!
[08:39:26] Player (Magnetschaedel, 76561198006594084)(<3580.178955, 297.068756, 8077.733398>) requested data for lock!
[08:39:31] Player (Magnetschaedel, 76561198006594084)(<3581.952881, 297.281006, 8087.673828>) requested data for lock!
[08:42:19] Player (Magnetschaedel, 76561198006594084)(<3580.178955, 297.068756, 8077.733398>) requested data for lock!
[08:46:54] Player (Survivor, 76561198277449949)(<10419.672852, 7.380839, 2072.793213>) requested data for lock!
[08:47:25] Player (Survivor, 76561198277449949)(<10419.672852, 7.380839, 2072.793213>) requested data for lock!
[08:47:30] Player (Survivor, 76561198277449949)(<10419.672852, 7.380839, 2072.793213>) requested data for lock!
[09:06:39] Player (Survivor, 76561198277449949)(<10419.672852, 7.380839, 2072.793213>) requested data for lock!
[09:07:13] Player (Survivor, 76561198277449949)(<10419.672852, 7.380839, 2072.793213>) requested data for lock!
[09:07:18] Player (Survivor, 76561198277449949)(<10419.672852, 7.380839, 2072.793213>) requested data for lock!
[09:07:24] Player (Survivor, 76561198277449949)(<10419.672852, 7.380839, 2072.793213>) requested data for lock!
[09:07:59] Player (Survivor, 76561198277449949)(<10419.672852, 7.380839, 2072.793213>) requested data for lock!
[09:12:09] Player (Survivor, 76561198277449949)(<10419.672852, 7.380839, 2072.793213>) requested data for lock!
[09:21:33] Player (Survivor, 76561198277449949)(<10419.672852, 7.380839, 2072.793213>) requested data for lock!
[09:25:10] Player (Survivor, 76561198277449949)(<10419.672852, 7.380839, 2072.793213>) requested data for lock!
[09:25:45] Player (Magnetschaedel, 76561198006594084)(<3580.178955, 297.068756, 8077.733398>) requested data for lock!
[09:26:09] Player (Survivor, 76561198277449949)(<10419.672852, 7.380839, 2072.793213>) requested data for lock!
[09:29:55] Player (Survivor, 76561198277449949)(<10419.672852, 7.380839, 2072.793213>) requested data for lock!
[09:30:22] Player (Survivor, 76561198277449949)(<10419.672852, 7.380839, 2072.793213>) requested data for lock!
[09:32:06] Player (Survivor, 76561198277449949)(<10419.672852, 7.380839, 2072.793213>) requested data for lock!
[09:32:47] Player (Survivor, 76561198277449949)(<10419.672852, 7.380839, 2072.793213>) requested data for lock!
[09:47:25] Player (Survivor, 76561198277449949)(<10419.672852, 7.380839, 2072.793213>) requested data for lock!
[09:48:00] Player (Survivor, 76561198277449949)(<10419.672852, 7.380839, 2072.793213>) requested data for lock!
[10:00:26] Player (Survivor, 76561198277449949)(<10419.672852, 7.380839, 2072.793213>) requested data for lock!
[10:00:43] Player (Survivor, 76561198277449949)(<10419.672852, 7.380839, 2072.793213>) requested data for lock!
[10:01:21] Player (Survivor, 76561198277449949)(<10318.553711, 7.401050, 2031.479248>) requested data for lock!
[10:01:26] Player (Survivor, 76561198277449949)(<10318.553711, 7.401050, 2031.479248>) requested data for lock!
[10:04:26] Player (Survivor, 76561198277449949)(<10318.553711, 7.401050, 2031.479248>) requested data for lock!
[10:04:35] Player (Survivor, 76561198277449949)(<10318.553711, 7.401050, 2031.479248>) requested data for lock!
[10:05:06] Player (Survivor, 76561198277449949)(<10318.553711, 7.401050, 2031.479248>) requested data for lock!
[10:08:27] Player (Survivor, 76561198277449949)(<10318.553711, 7.401050, 2031.479248>) requested data for lock!
[10:08:32] Player (Survivor, 76561198277449949)(<10318.553711, 7.401050, 2031.479248>) requested data for lock!
[10:09:59] Player (Survivor, 76561198277449949)(<10419.672852, 7.380839, 2072.793213>) requested data for lock!
[10:14:36] Player (Survivor, 76561198277449949)(<10419.672852, 7.380839, 2072.793213>) requested data for lock!
[10:14:41] Player (Survivor, 76561198277449949)(<10419.672852, 7.380839, 2072.793213>) requested data for lock!
[10:14:46] Player (Survivor, 76561198277449949)(<10419.672852, 7.380839, 2072.793213>) requested data for lock!
[10:14:51] Player (Survivor, 76561198277449949)(<10419.672852, 7.380839, 2072.793213>) requested data for lock!
[10:15:01] Player (Survivor, 76561198277449949)(<10419.672852, 7.380839, 2072.793213>) requested data for lock!
[10:16:02] Player (Survivor, 76561198277449949)(<10419.672852, 7.380839, 2072.793213>) requested data for lock!
[10:16:07] Player (Survivor, 76561198277449949)(<10419.672852, 7.380839, 2072.793213>) requested data for lock!
[10:16:20] Player (Survivor, 76561198277449949)(<10419.672852, 7.380839, 2072.793213>) requested data for lock!
[10:16:27] Player (Survivor, 76561198277449949)(<10419.672852, 7.380839, 2072.793213>) requested data for lock!
[10:16:32] Player (Survivor, 76561198277449949)(<10419.672852, 7.380839, 2072.793213>) requested data for lock!
[10:16:41] Player (Survivor, 76561198277449949)(<10419.672852, 7.380839, 2072.793213>) requested data for lock!
[10:16:56] Player (Survivor, 76561198277449949)(<10419.672852, 7.380839, 2072.793213>) requested data for lock!
[10:17:21] Player (Survivor, 76561198277449949)(<10419.672852, 7.380839, 2072.793213>) requested data for lock!
[10:17:26] Player (Survivor, 76561198277449949)(<10419.672852, 7.380839, 2072.793213>) requested data for lock!
[10:18:51] Player (Survivor, 76561198277449949)(<10419.672852, 7.380839, 2072.793213>) requested data for lock!
[10:18:58] Player (Survivor, 76561198277449949)(<10419.672852, 7.380839, 2072.793213>) requested data for lock!
[10:19:05] Player (Survivor, 76561198277449949)(<10419.672852, 7.380839, 2072.793213>) requested data for lock!
[10:19:16] Player (Survivor, 76561198277449949)(<10419.672852, 7.380839, 2072.793213>) requested data for lock!
[10:35:33] Player (Magnetschaedel, 76561198006594084)(<3580.178955, 297.068756, 8077.733398>) requested data for lock!
[10:36:46] Player (Magnetschaedel, 76561198006594084)(<3578.918457, 297.135071, 8084.083496>) requested data for lock!
[11:04:22] Player (JevBurns, 76561198068395829)(<3581.952881, 297.281006, 8087.673828>) requested data for lock!
[11:27:57] Player (Magnetschaedel, 76561198006594084)(<3581.952881, 297.281006, 8087.673828>) requested data for lock!
[11:32:41] Player (Magnetschaedel, 76561198006594084)(<3581.952881, 297.281006, 8087.673828>) requested data for lock!
[11:42:40] Player (Magnetschaedel, 76561198006594084)(<3580.178955, 297.068756, 8077.733398>) requested data for lock!
[11:55:45] Player (john duff, 76561198052699078)(<2877.450195, 215.348557, 12610.944336>) requested data for lock!
[02-18-2021][12.01.21] Log file reloaded ( Server Restart )
[12:26:01] Player (Andy, 76561198085795595)(<3581.952881, 297.281006, 8087.673828>) requested data for lock!
[13:01:52] Player (Helmut Lootie, 76561198065413312)(<4639.968262, 273.503418, 6777.134277>) requested data for lock!
[13:03:16] Player (Helmut Lootie, 76561198065413312)(<4627.396484, 273.698944, 6786.310547>) requested data for lock!
[13:04:28] Player (john duff, 76561198052699078)(<2877.450195, 215.348557, 12610.944336>) requested data for lock!
[13:06:50] Player (Helmut Lootie, 76561198065413312)(<4639.968262, 273.503418, 6777.134277>) requested data for lock!
[13:06:56] Player (Helmut Lootie, 76561198065413312)(<4639.968262, 273.503418, 6777.134277>) requested data for lock!
[13:09:45] Player (Helmut Lootie, 76561198065413312)(<4639.968262, 273.503418, 6777.134277>) requested data for lock!
[13:09:56] Player (Helmut Lootie, 76561198065413312)(<4620.941895, 273.697296, 6793.291504>) requested data for lock!
[13:13:40] Player (Corndog, 76561198314144578)(<4639.968262, 273.503418, 6777.134277>) requested data for lock!
[13:18:26] Player (darkage66603, 76561197984765618)(<3463.738770, 230.473450, 13905.127930>) requested data for lock!
[13:18:31] Player (darkage66603, 76561197984765618)(<3463.738770, 230.473450, 13905.127930>) requested data for lock!
[13:19:15] Player (Le chinois(Fr), 76561198041337034)(<2887.373779, 215.340897, 12581.248047>) requested data for lock!
[13:19:20] Player (Le chinois(Fr), 76561198041337034)(<2882.880859, 215.344376, 12579.721680>) requested data for lock!
[13:24:13] Player (darkage66603, 76561197984765618)(<3212.797852, 226.390427, 13697.737305>) requested data for lock!
[13:24:45] Player (darkage66603, 76561197984765618)(<3212.797852, 226.390427, 13697.737305>) requested data for lock!
[13:25:02] Player (darkage66603, 76561197984765618)(<3212.797852, 226.390427, 13697.737305>) requested data for lock!
[13:32:40] Player (Le chinois(Fr), 76561198041337034)(<2882.880859, 215.344376, 12579.721680>) requested data for lock!
[13:34:19] Player (Le chinois(Fr), 76561198041337034)(<2882.880859, 215.344376, 12579.721680>) requested data for lock!
[13:35:00] Player (john duff, 76561198052699078)(<2877.450195, 215.348557, 12610.944336>) requested data for lock!
[13:37:17] Player (john duff, 76561198052699078)(<2877.450195, 215.348557, 12610.944336>) requested data for lock!
[13:37:35] Player (Corndog, 76561198314144578)(<4639.968262, 273.503418, 6777.134277>) requested data for lock!
[13:37:40] Player (Corndog, 76561198314144578)(<4639.968262, 273.503418, 6777.134277>) requested data for lock!
[13:37:45] Player (Corndog, 76561198314144578)(<4639.968262, 273.503418, 6777.134277>) requested data for lock!
[13:37:53] Player (Le chinois(Fr), 76561198041337034)(<2887.373779, 215.340897, 12581.248047>) requested data for lock!
[13:38:08] Player (Corndog, 76561198314144578)(<4613.427734, 273.583130, 6809.125000>) requested data for lock!
[13:43:01] Player (Le chinois(Fr), 76561198041337034)(<2878.130859, 215.348038, 12578.143555>) requested data for lock!
[13:43:53] Player (Le chinois(Fr), 76561198041337034)(<2887.373779, 215.340897, 12581.248047>) requested data for lock!
[13:51:45] Player (Bernd, 76561197965508404)(<4859.516113, 319.519501, 5753.734375>) requested data for lock!
[13:56:30] Player (john duff, 76561198052699078)(<2867.027344, 216.568207, 12600.279297>) requested data for lock!
[13:56:35] Player (john duff, 76561198052699078)(<2867.027344, 216.568207, 12600.279297>) requested data for lock!
[13:56:40] Player (john duff, 76561198052699078)(<2867.027344, 216.568207, 12600.279297>) requested data for lock!
[13:56:54] Player (john duff, 76561198052699078)(<2867.027344, 216.568207, 12600.279297>) requested data for lock!
[13:57:19] Player (Bernd, 76561197965508404)(<4865.354492, 317.429993, 5753.979004>) requested data for lock!
[13:57:32] Player (john duff, 76561198052699078)(<2867.027344, 216.568207, 12600.279297>) requested data for lock!
[13:58:12] Player (john duff, 76561198052699078)(<2867.027344, 216.568207, 12600.279297>) requested data for lock!
[13:58:19] Player (john duff, 76561198052699078)(<2867.027344, 216.568207, 12600.279297>) requested data for lock!
[14:03:16] Player (john duff, 76561198052699078)(<2867.027344, 216.568207, 12600.279297>) requested data for lock!
[14:03:23] Player (john duff, 76561198052699078)(<2867.027344, 216.568207, 12600.279297>) requested data for lock!
[14:03:32] Player (john duff, 76561198052699078)(<2867.027344, 216.568207, 12600.279297>) requested data for lock!
[14:04:17] Player (john duff, 76561198052699078)(<2867.027344, 216.568207, 12600.279297>) requested data for lock!
[14:13:28] Player (Le chinois(Fr), 76561198041337034)(<2867.027344, 216.568207, 12600.279297>) requested data for lock!
[14:13:33] Player (Le chinois(Fr), 76561198041337034)(<2867.027344, 216.568207, 12600.279297>) requested data for lock!
[14:13:38] Player (Le chinois(Fr), 76561198041337034)(<2867.027344, 216.568207, 12600.279297>) requested data for lock!
[14:14:38] Player (Le chinois(Fr), 76561198041337034)(<2867.027344, 216.568207, 12600.279297>) requested data for lock!
[14:15:16] Player (john duff, 76561198052699078)(<2867.027344, 216.568207, 12600.279297>) requested data for lock!
[14:15:56] Player (john duff, 76561198052699078)(<2867.027344, 216.568207, 12600.279297>) requested data for lock!
[14:21:59] Player (Khothek, 76561198193994033)(<10419.672852, 7.380839, 2072.793213>) requested data for lock!
[14:24:18] Player (Khothek, 76561198193994033)(<10318.553711, 7.401050, 2031.479248>) requested data for lock!
[14:26:12] Player (Le chinois(Fr), 76561198041337034)(<2887.373779, 215.340897, 12581.248047>) requested data for lock!
[14:26:57] Player (MikaBrandon, 76561198215565199)(<3492.167725, 293.533264, 8574.859375>) requested data for lock!
[14:27:07] Player (MikaBrandon, 76561198215565199)(<3492.167725, 293.533264, 8574.859375>) requested data for lock!
[14:27:14] Player (MikaBrandon, 76561198215565199)(<3483.108643, 293.532867, 8583.596680>) requested data for lock!
[14:27:25] Player (darkage66603, 76561197984765618)(<2867.027344, 216.568207, 12600.279297>) requested data for lock!
[14:28:02] Player (MikaBrandon, 76561198215565199)(<3630.330078, 299.735687, 8513.744141>) requested data for lock!
[14:29:02] Player (MikaBrandon, 76561198215565199)(<3483.108643, 293.532867, 8583.596680>) requested data for lock!
[14:29:10] Player (MikaBrandon, 76561198215565199)(<3483.108643, 293.532867, 8583.596680>) requested data for lock!
[14:30:14] Player (Le chinois(Fr), 76561198041337034)(<2882.880859, 215.344376, 12579.721680>) requested data for lock!
[14:31:32] Player (Le chinois(Fr), 76561198041337034)(<2887.373779, 215.340897, 12581.248047>) requested data for lock!
[14:31:58] Player (Helmut Lootie, 76561198065413312)(<4620.941895, 273.697296, 6793.291504>) requested data for lock!
[14:34:00] Player (Helmut Lootie, 76561198065413312)(<4639.968262, 273.503418, 6777.134277>) requested data for lock!
[14:34:15] Player (Helmut Lootie, 76561198065413312)(<4639.968262, 273.503418, 6777.134277>) requested data for lock!
[14:34:18] Player (john duff, 76561198052699078)(<2867.027344, 216.568207, 12600.279297>) requested data for lock!
[14:34:21] Player (Helmut Lootie, 76561198065413312)(<4639.968262, 273.503418, 6777.134277>) requested data for lock!
[14:34:28] Player (Helmut Lootie, 76561198065413312)(<4639.968262, 273.503418, 6777.134277>) requested data for lock!
[14:36:17] Player (MikaBrandon, 76561198215565199)(<3483.108643, 293.532867, 8583.596680>) requested data for lock!
[14:36:42] Player (Le chinois(Fr), 76561198041337034)(<2867.027344, 216.568207, 12600.279297>) requested data for lock!
[14:36:44] Player (MikaBrandon, 76561198215565199)(<3492.167725, 293.533264, 8574.859375>) requested data for lock!
[14:37:09] Player (MikaBrandon, 76561198215565199)(<3492.167725, 293.533264, 8574.859375>) requested data for lock!
[14:44:37] Player (MikaBrandon, 76561198215565199)(<3483.108643, 293.532867, 8583.596680>) requested data for lock!
[14:44:39] Player (Le chinois(Fr), 76561198041337034)(<2867.027344, 216.568207, 12600.279297>) requested data for lock!
[14:44:43] Player (MikaBrandon, 76561198215565199)(<3480.230713, 293.590149, 8577.690430>) requested data for lock!
[14:45:00] Player (MikaBrandon, 76561198215565199)(<3480.230713, 293.590149, 8577.690430>) requested data for lock!
[14:45:48] Player (MikaBrandon, 76561198215565199)(<3483.108643, 293.532867, 8583.596680>) requested data for lock!
[14:47:36] Player (MikaBrandon, 76561198215565199)(<3483.108643, 293.532867, 8583.596680>) requested data for lock!
[14:47:55] Player (MikaBrandon, 76561198215565199)(<3483.108643, 293.532867, 8583.596680>) requested data for lock!
[14:48:05] Player (Le chinois(Fr), 76561198041337034)(<2867.027344, 216.568207, 12600.279297>) requested data for lock!
[14:56:44] Player (Le chinois(Fr), 76561198041337034)(<2878.130859, 215.348038, 12578.143555>) requested data for lock!
[14:57:01] Player (Le chinois(Fr), 76561198041337034)(<2867.027344, 216.568207, 12600.279297>) requested data for lock!
[14:58:35] Player (Le chinois(Fr), 76561198041337034)(<2867.027344, 216.568207, 12600.279297>) requested data for lock!
[14:58:42] Player (Le chinois(Fr), 76561198041337034)(<2882.880859, 215.344376, 12579.721680>) requested data for lock!
[14:59:48] Player (Le chinois(Fr), 76561198041337034)(<2887.373779, 215.340897, 12581.248047>) requested data for lock!
[15:00:44] Player (Le chinois(Fr), 76561198041337034)(<2887.373779, 215.340897, 12581.248047>) requested data for lock!
[15:00:59] Player (Le chinois(Fr), 76561198041337034)(<2867.027344, 216.568207, 12600.279297>) requested data for lock!
[15:08:15] Player (Le chinois(Fr), 76561198041337034)(<2867.027344, 216.568207, 12600.279297>) requested data for lock!
[15:08:20] Player (john duff, 76561198052699078)(<2867.027344, 216.568207, 12600.279297>) requested data for lock!
[15:09:29] Player (Le chinois(Fr), 76561198041337034)(<2867.027344, 216.568207, 12600.279297>) requested data for lock!
[15:09:34] Player (Le chinois(Fr), 76561198041337034)(<2867.027344, 216.568207, 12600.279297>) requested data for lock!
[15:14:04] Player (Magnetschaedel, 76561198006594084)(<3578.918457, 297.135071, 8084.083496>) requested data for lock!
[15:16:17] Player (Le chinois(Fr), 76561198041337034)(<2867.027344, 216.568207, 12600.279297>) requested data for lock!
[15:16:23] Player (Le chinois(Fr), 76561198041337034)(<2867.027344, 216.568207, 12600.279297>) requested data for lock!
[15:20:44] Player (Le chinois(Fr), 76561198041337034)(<2867.027344, 216.568207, 12600.279297>) requested data for lock!
[15:21:39] Player (john duff, 76561198052699078)(<2867.027344, 216.568207, 12600.279297>) requested data for lock!
[15:22:40] Player (Le chinois(Fr), 76561198041337034)(<2867.027344, 216.568207, 12600.279297>) requested data for lock!
[15:25:37] Player (Le chinois(Fr), 76561198041337034)(<2867.027344, 216.568207, 12600.279297>) requested data for lock!
[15:26:15] Player (Le chinois(Fr), 76561198041337034)(<2867.027344, 216.568207, 12600.279297>) requested data for lock!
[15:27:52] Player (darkage66603, 76561197984765618)(<2867.027344, 216.568207, 12600.279297>) requested data for lock!
[15:28:00] Player (darkage66603, 76561197984765618)(<2867.027344, 216.568207, 12600.279297>) requested data for lock!
[15:28:05] Player (darkage66603, 76561197984765618)(<2867.027344, 216.568207, 12600.279297>) requested data for lock!
[15:28:10] Player (darkage66603, 76561197984765618)(<2867.027344, 216.568207, 12600.279297>) requested data for lock!
[15:28:15] Player (darkage66603, 76561197984765618)(<2867.027344, 216.568207, 12600.279297>) requested data for lock!
[15:28:20] Player (darkage66603, 76561197984765618)(<2867.027344, 216.568207, 12600.279297>) requested data for lock!
[15:28:25] Player (darkage66603, 76561197984765618)(<2867.027344, 216.568207, 12600.279297>) requested data for lock!
[15:28:30] Player (darkage66603, 76561197984765618)(<2867.027344, 216.568207, 12600.279297>) requested data for lock!
[15:29:16] Player (darkage66603, 76561197984765618)(<2867.027344, 216.568207, 12600.279297>) requested data for lock!
[15:30:18] Player (Le chinois(Fr), 76561198041337034)(<2887.373779, 215.340897, 12581.248047>) requested data for lock!
[15:31:58] Player (Le chinois(Fr), 76561198041337034)(<2882.880859, 215.344376, 12579.721680>) requested data for lock!
[15:32:54] Player (Le chinois(Fr), 76561198041337034)(<2867.027344, 216.568207, 12600.279297>) requested data for lock!
[15:33:39] Player (Le chinois(Fr), 76561198041337034)(<2867.027344, 216.568207, 12600.279297>) requested data for lock!
[15:33:48] Player (Le chinois(Fr), 76561198041337034)(<2882.880859, 215.344376, 12579.721680>) requested data for lock!
[15:35:34] Player (darkage66603, 76561197984765618)(<2882.880859, 215.344376, 12579.721680>) requested data for lock!
[15:37:44] Player (darkage66603, 76561197984765618)(<2882.880859, 215.344376, 12579.721680>) requested data for lock!
[15:43:09] Player (Magnetschaedel, 76561198006594084)(<3581.952881, 297.281006, 8087.673828>) requested data for lock!
[15:44:04] Player (darkage66603, 76561197984765618)(<2867.027344, 216.568207, 12600.279297>) requested data for lock!
[15:49:43] Player (darkage66603, 76561197984765618)(<3212.797852, 226.390427, 13697.737305>) requested data for lock!
[15:49:48] Player (darkage66603, 76561197984765618)(<3212.797852, 226.390427, 13697.737305>) requested data for lock!
[15:50:02] Player (darkage66603, 76561197984765618)(<3245.351074, 226.355667, 13722.818359>) requested data for lock!
[15:50:21] Player (darkage66603, 76561197984765618)(<3245.351074, 226.355667, 13722.818359>) requested data for lock!
[02-18-2021][16.01.17] Log file reloaded ( Server Restart )
[02-18-2021][16.02.57] Log file reloaded ( Server Restart )
[16:28:20] Player (Percy Coles, 76561198177852285)(<3637.537109, 298.017883, 8515.753906>) requested data for lock!
[16:28:59] Player (Percy Coles, 76561198177852285)(<3630.330078, 299.735687, 8513.744141>) requested data for lock!
[16:29:22] Player (Percy Coles, 76561198177852285)(<3640.287842, 298.017731, 8519.210938>) requested data for lock!
[16:29:41] Player (Percy Coles, 76561198177852285)(<3637.537109, 298.017883, 8515.753906>) requested data for lock!
[16:29:50] Player (Percy Coles, 76561198177852285)(<3640.287842, 298.017731, 8519.210938>) requested data for lock!
[16:34:05] Player (Le chinois(Fr), 76561198041337034)(<2867.027344, 216.568207, 12600.279297>) requested data for lock!
[16:34:10] Player (Le chinois(Fr), 76561198041337034)(<2867.027344, 216.568207, 12600.279297>) requested data for lock!
[16:35:52] Player (Le chinois(Fr), 76561198041337034)(<2867.027344, 216.568207, 12600.279297>) requested data for lock!
[16:35:59] Player (Le chinois(Fr), 76561198041337034)(<2867.027344, 216.568207, 12600.279297>) requested data for lock!
[16:37:28] Player (Le chinois(Fr), 76561198041337034)(<2867.027344, 216.568207, 12600.279297>) requested data for lock!
[16:37:57] Player (Le chinois(Fr), 76561198041337034)(<2887.373779, 215.340897, 12581.248047>) requested data for lock!
[16:38:27] Player (Le chinois(Fr), 76561198041337034)(<2887.373779, 215.340897, 12581.248047>) requested data for lock!
[16:43:25] Player (Le chinois(Fr), 76561198041337034)(<2882.880859, 215.344376, 12579.721680>) requested data for lock!
[16:48:26] Player (Le chinois(Fr), 76561198041337034)(<2867.027344, 216.568207, 12600.279297>) requested data for lock!
[16:48:32] Player (Le chinois(Fr), 76561198041337034)(<2867.027344, 216.568207, 12600.279297>) requested data for lock!
[16:48:44] Player (Le chinois(Fr), 76561198041337034)(<2867.027344, 216.568207, 12600.279297>) requested data for lock!
[16:49:37] Player (Le chinois(Fr), 76561198041337034)(<2867.027344, 216.568207, 12600.279297>) requested data for lock!
[16:58:00] Player (Le chinois(Fr), 76561198041337034)(<2882.880859, 215.344376, 12579.721680>) requested data for lock!
[17:03:17] Player (Percy Coles, 76561198177852285)(<3640.287842, 298.017731, 8519.210938>) requested data for lock!
[17:03:22] Player (Percy Coles, 76561198177852285)(<3640.287842, 298.017731, 8519.210938>) requested data for lock!
[17:03:38] Player (Percy Coles, 76561198177852285)(<3630.330078, 299.735687, 8513.744141>) requested data for lock!
[17:04:10] Player (john duff, 76561198052699078)(<2867.027344, 216.568207, 12600.279297>) requested data for lock!
[17:04:26] Player (Percy Coles, 76561198177852285)(<3630.330078, 299.735687, 8513.744141>) requested data for lock!
[17:04:52] Player (Percy Coles, 76561198177852285)(<3637.537109, 298.017883, 8515.753906>) requested data for lock!
[17:05:04] Player (john duff, 76561198052699078)(<2867.027344, 216.568207, 12600.279297>) requested data for lock!
[17:05:07] Player (Percy Coles, 76561198177852285)(<3637.537109, 298.017883, 8515.753906>) requested data for lock!
[17:05:42] Player (Percy Coles, 76561198177852285)(<3640.287842, 298.017731, 8519.210938>) requested data for lock!
[17:06:28] Player (Percy Coles, 76561198177852285)(<3637.537109, 298.017883, 8515.753906>) requested data for lock!
[17:07:12] Player (Percy Coles, 76561198177852285)(<3630.330078, 299.735687, 8513.744141>) requested data for lock!
[17:07:20] Player (MikaBrandon, 76561198215565199)(<3637.537109, 298.017883, 8515.753906>) requested data for lock!
[17:07:53] Player (Magnetschaedel, 76561198006594084)(<3578.918457, 297.135071, 8084.083496>) requested data for lock!
[17:09:05] Player (Percy Coles, 76561198177852285)(<3630.330078, 299.735687, 8513.744141>) requested data for lock!
[17:09:07] Player (Magnetschaedel, 76561198006594084)(<3578.918457, 297.135071, 8084.083496>) requested data for lock!
[17:09:33] Player (Percy Coles, 76561198177852285)(<3637.537109, 298.017883, 8515.753906>) requested data for lock!
[17:09:38] Player (Percy Coles, 76561198177852285)(<3637.537109, 298.017883, 8515.753906>) requested data for lock!
[17:10:46] Player (Magnetschaedel, 76561198006594084)(<3578.918457, 297.135071, 8084.083496>) requested data for lock!
[17:10:53] Player (Magnetschaedel, 76561198006594084)(<3580.178955, 297.068756, 8077.733398>) requested data for lock!
[17:11:04] Player (Percy Coles, 76561198177852285)(<3630.330078, 299.735687, 8513.744141>) requested data for lock!
[17:12:21] Player (MikaBrandon, 76561198215565199)(<3483.108643, 293.532867, 8583.596680>) requested data for lock!
[17:12:21] Player (Percy Coles, 76561198177852285)(<3630.330078, 299.735687, 8513.744141>) requested data for lock!
[17:12:36] Player (MikaBrandon, 76561198215565199)(<3492.167725, 293.533264, 8574.859375>) requested data for lock!
[17:12:41] Player (MikaBrandon, 76561198215565199)(<3492.167725, 293.533264, 8574.859375>) requested data for lock!
[17:12:46] Player (Percy Coles, 76561198177852285)(<3637.537109, 298.017883, 8515.753906>) requested data for lock!
[17:13:21] Player (MikaBrandon, 76561198215565199)(<3483.108643, 293.532867, 8583.596680>) requested data for lock!
[17:14:29] Player (Emmes, 76561197968337138)(<3581.952881, 297.281006, 8087.673828>) requested data for lock!
[17:16:30] Player (Magnetschaedel, 76561198006594084)(<3581.952881, 297.281006, 8087.673828>) requested data for lock!
[17:16:59] Player (MikaBrandon, 76561198215565199)(<3483.108643, 293.532867, 8583.596680>) requested data for lock!
[17:17:04] Player (MikaBrandon, 76561198215565199)(<3480.230713, 293.590149, 8577.690430>) requested data for lock!
[17:17:06] Player (JevBurns, 76561198068395829)(<3483.108643, 293.532867, 8583.596680>) requested data for lock!
[17:17:10] Player (MikaBrandon, 76561198215565199)(<3480.230713, 293.590149, 8577.690430>) requested data for lock!
[17:18:28] Player (MikaBrandon, 76561198215565199)(<3483.108643, 293.532867, 8583.596680>) requested data for lock!
[17:19:24] Player (Helmut Lootie, 76561198065413312)(<4639.968262, 273.503418, 6777.134277>) requested data for lock!
[17:21:53] Player (Le chinois(Fr), 76561198041337034)(<2867.027344, 216.568207, 12600.279297>) requested data for lock!
[17:25:55] Player (Helmut Lootie, 76561198065413312)(<4620.941895, 273.697296, 6793.291504>) requested data for lock!
[17:34:52] Player (Le chinois(Fr), 76561198041337034)(<2887.373779, 215.340897, 12581.248047>) requested data for lock!
[17:35:15] Player (Le chinois(Fr), 76561198041337034)(<2867.027344, 216.568207, 12600.279297>) requested data for lock!
[17:35:30] Player (Le chinois(Fr), 76561198041337034)(<2867.027344, 216.568207, 12600.279297>) requested data for lock!
[17:36:39] Player (Helmut Lootie, 76561198065413312)(<4620.941895, 273.697296, 6793.291504>) requested data for lock!
[17:36:51] Player (Helmut Lootie, 76561198065413312)(<4627.396484, 273.698944, 6786.310547>) requested data for lock!
[17:36:57] Player (Helmut Lootie, 76561198065413312)(<4620.941895, 273.697296, 6793.291504>) requested data for lock!
[17:37:08] Player (Helmut Lootie, 76561198065413312)(<4639.968262, 273.503418, 6777.134277>) requested data for lock!
[17:37:15] Player (Helmut Lootie, 76561198065413312)(<4639.968262, 273.503418, 6777.134277>) requested data for lock!
[17:37:53] Player (Le chinois(Fr), 76561198041337034)(<2867.027344, 216.568207, 12600.279297>) requested data for lock!
[17:40:11] Player (Helmut Lootie, 76561198065413312)(<4639.968262, 273.503418, 6777.134277>) requested data for lock!
[17:40:18] Player (Helmut Lootie, 76561198065413312)(<4627.396484, 273.698944, 6786.310547>) requested data for lock!
[17:40:35] Player (Helmut Lootie, 76561198065413312)(<4627.396484, 273.698944, 6786.310547>) requested data for lock!
[17:41:00] Player (Helmut Lootie, 76561198065413312)(<4620.941895, 273.697296, 6793.291504>) requested data for lock!
[17:41:10] Player (Helmut Lootie, 76561198065413312)(<4620.941895, 273.697296, 6793.291504>) requested data for lock!
[17:42:11] Player (Helmut Lootie, 76561198065413312)(<4620.941895, 273.697296, 6793.291504>) requested data for lock!
[17:42:17] Player (Helmut Lootie, 76561198065413312)(<4620.941895, 273.697296, 6793.291504>) requested data for lock!
[17:43:41] Player (Le chinois(Fr), 76561198041337034)(<2867.027344, 216.568207, 12600.279297>) requested data for lock!
[17:47:07] Player (Helmut Lootie, 76561198065413312)(<4639.968262, 273.503418, 6777.134277>) requested data for lock!
[17:47:44] Player (Helmut Lootie, 76561198065413312)(<4627.396484, 273.698944, 6786.310547>) requested data for lock!
[17:48:45] Player (MikaBrandon, 76561198215565199)(<3483.108643, 293.532867, 8583.596680>) requested data for lock!
[17:49:20] Player (MikaBrandon, 76561198215565199)(<3483.108643, 293.532867, 8583.596680>) requested data for lock!
[17:50:13] Player (MikaBrandon, 76561198215565199)(<3483.108643, 293.532867, 8583.596680>) requested data for lock!
[17:50:18] Player (MikaBrandon, 76561198215565199)(<3480.230713, 293.590149, 8577.690430>) requested data for lock!
[17:50:46] Player (MikaBrandon, 76561198215565199)(<3483.108643, 293.532867, 8583.596680>) requested data for lock!
[17:51:08] Player (Helmut Lootie, 76561198065413312)(<4620.941895, 273.697296, 6793.291504>) requested data for lock!
[17:52:17] Player (Helmut Lootie, 76561198065413312)(<4627.396484, 273.698944, 6786.310547>) requested data for lock!
[17:52:39] Player (MikaBrandon, 76561198215565199)(<3483.108643, 293.532867, 8583.596680>) requested data for lock!
[17:54:16] Player (MikaBrandon, 76561198215565199)(<3480.230713, 293.590149, 8577.690430>) requested data for lock!
[17:54:22] Player (MikaBrandon, 76561198215565199)(<3483.108643, 293.532867, 8583.596680>) requested data for lock!
[17:54:25] Player (john duff, 76561198052699078)(<2867.027344, 216.568207, 12600.279297>) requested data for lock!
[17:54:38] Player (Helmut Lootie, 76561198065413312)(<4627.396484, 273.698944, 6786.310547>) requested data for lock!
[17:55:30] Player (MikaBrandon, 76561198215565199)(<3483.108643, 293.532867, 8583.596680>) requested data for lock!
[17:55:36] Player (MikaBrandon, 76561198215565199)(<3483.108643, 293.532867, 8583.596680>) requested data for lock!
[17:55:41] Player (john duff, 76561198052699078)(<2867.027344, 216.568207, 12600.279297>) requested data for lock!
[17:55:42] Player (MikaBrandon, 76561198215565199)(<3483.108643, 293.532867, 8583.596680>) requested data for lock!
[17:55:47] Player (MikaBrandon, 76561198215565199)(<3483.108643, 293.532867, 8583.596680>) requested data for lock!
[17:55:52] Player (MikaBrandon, 76561198215565199)(<3480.230713, 293.590149, 8577.690430>) requested data for lock!
[17:56:05] Player (MikaBrandon, 76561198215565199)(<3483.108643, 293.532867, 8583.596680>) requested data for lock!
[17:56:58] Player (Helmut Lootie, 76561198065413312)(<4627.396484, 273.698944, 6786.310547>) requested data for lock!
[17:57:11] Player (MikaBrandon, 76561198215565199)(<3483.108643, 293.532867, 8583.596680>) requested data for lock!
[17:57:55] Player (MikaBrandon, 76561198215565199)(<3492.167725, 293.533264, 8574.859375>) requested data for lock!
[17:58:08] Player (MikaBrandon, 76561198215565199)(<3483.108643, 293.532867, 8583.596680>) requested data for lock!
[17:58:34] Player (Helmut Lootie, 76561198065413312)(<4627.396484, 273.698944, 6786.310547>) requested data for lock!
[17:58:46] Player (Helmut Lootie, 76561198065413312)(<4627.396484, 273.698944, 6786.310547>) requested data for lock!
[18:02:54] Player (john duff, 76561198052699078)(<2867.027344, 216.568207, 12600.279297>) requested data for lock!
[18:09:56] Player (Emmes, 76561197968337138)(<3581.952881, 297.281006, 8087.673828>) requested data for lock!
[18:10:14] Player (Magnetschaedel, 76561198006594084)(<3578.918457, 297.135071, 8084.083496>) requested data for lock!
[18:12:44] Player (Magnetschaedel, 76561198006594084)(<3580.178955, 297.068756, 8077.733398>) requested data for lock!
[18:16:07] Player (Magnetschaedel, 76561198006594084)(<3578.918457, 297.135071, 8084.083496>) requested data for lock!
[18:19:32] Player (john duff, 76561198052699078)(<2867.027344, 216.568207, 12600.279297>) requested data for lock!
[18:21:19] Player (john duff, 76561198052699078)(<2867.027344, 216.568207, 12600.279297>) requested data for lock!
[18:35:22] Player (john duff, 76561198052699078)(<2867.027344, 216.568207, 12600.279297>) requested data for lock!
[18:35:58] Player (john duff, 76561198052699078)(<2878.130859, 215.348038, 12578.143555>) requested data for lock!
[18:44:20] Player (john duff, 76561198052699078)(<2867.027344, 216.568207, 12600.279297>) requested data for lock!
[18:51:27] Player (darkage66603, 76561197984765618)(<2867.027344, 216.568207, 12600.279297>) requested data for lock!
[19:11:50] Player (Magnetschaedel, 76561198006594084)(<3578.918457, 297.135071, 8084.083496>) requested data for lock!
[19:24:12] Player (john duff, 76561198052699078)(<2867.027344, 216.568207, 12600.279297>) requested data for lock!
[19:24:50] Player (john duff, 76561198052699078)(<2867.027344, 216.568207, 12600.279297>) requested data for lock!
[19:25:41] Player (john duff, 76561198052699078)(<2882.880859, 215.344376, 12579.721680>) requested data for lock!
[19:25:46] Player (john duff, 76561198052699078)(<2878.130859, 215.348038, 12578.143555>) requested data for lock!
[19:25:53] Player (john duff, 76561198052699078)(<2877.450195, 215.348557, 12610.944336>) requested data for lock!
[19:41:54] Player (john duff, 76561198052699078)(<2867.027344, 216.568207, 12600.279297>) requested data for lock!
[19:48:13] Player (Helmut Lootie, 76561198065413312)(<4620.941895, 273.697296, 6793.291504>) requested data for lock!
[19:50:09] Player (Helmut Lootie, 76561198065413312)(<4639.968262, 273.503418, 6777.134277>) requested data for lock!
[19:55:16] Player (Helmut Lootie, 76561198065413312)(<4639.968262, 273.503418, 6777.134277>) requested data for lock!
[02-18-2021][20.01.27] Log file reloaded ( Server Restart )
[20:09:21] Player (Magnetschaedel, 76561198006594084)(<3580.178955, 297.068756, 8077.733398>) requested data for lock!
[20:20:25] Player (Magnetschaedel, 76561198006594084)(<3581.952881, 297.281006, 8087.673828>) requested data for lock!
[20:22:03] Player (Helmut Lootie, 76561198065413312)(<4627.396484, 273.698944, 6786.310547>) requested data for lock!
[20:22:21] Player (john duff, 76561198052699078)(<2867.027344, 216.568207, 12600.279297>) requested data for lock!
[20:23:21] Player (Helmut Lootie, 76561198065413312)(<4627.396484, 273.698944, 6786.310547>) requested data for lock!
[20:23:26] Player (Helmut Lootie, 76561198065413312)(<4627.396484, 273.698944, 6786.310547>) requested data for lock!
[20:23:31] Player (Helmut Lootie, 76561198065413312)(<4639.968262, 273.503418, 6777.134277>) requested data for lock!
[20:23:33] Player (john duff, 76561198052699078)(<2867.027344, 216.568207, 12600.279297>) requested data for lock!
[20:23:37] Player (Helmut Lootie, 76561198065413312)(<4639.968262, 273.503418, 6777.134277>) requested data for lock!
[20:28:26] Player (Helmut Lootie, 76561198065413312)(<4639.968262, 273.503418, 6777.134277>) requested data for lock!
[20:29:36] Player (Helmut Lootie, 76561198065413312)(<4627.396484, 273.698944, 6786.310547>) requested data for lock!
[20:31:28] Player (Helmut Lootie, 76561198065413312)(<4639.968262, 273.503418, 6777.134277>) requested data for lock!
[20:31:33] Player (Helmut Lootie, 76561198065413312)(<4639.968262, 273.503418, 6777.134277>) requested data for lock!
[20:41:18] Player (john duff, 76561198052699078)(<2867.027344, 216.568207, 12600.279297>) requested data for lock!
[20:45:03] Player (john duff, 76561198052699078)(<2867.027344, 216.568207, 12600.279297>) requested data for lock!
[20:53:35] Player (john duff, 76561198052699078)(<2867.027344, 216.568207, 12600.279297>) requested data for lock!
[20:58:32] Player (john duff, 76561198052699078)(<2882.880859, 215.344376, 12579.721680>) requested data for lock!
[21:00:20] Player (john duff, 76561198052699078)(<2867.027344, 216.568207, 12600.279297>) requested data for lock!
[21:02:46] Player (john duff, 76561198052699078)(<2867.027344, 216.568207, 12600.279297>) requested data for lock!
[21:11:13] Player (john duff, 76561198052699078)(<2867.027344, 216.568207, 12600.279297>) requested data for lock!
[21:12:50] Player (john duff, 76561198052699078)(<2867.027344, 216.568207, 12600.279297>) requested data for lock!
[21:13:11] Player (john duff, 76561198052699078)(<2867.027344, 216.568207, 12600.279297>) requested data for lock!
[21:54:03] Player (john duff, 76561198052699078)(<2867.027344, 216.568207, 12600.279297>) requested data for lock!
[21:56:19] Player (john duff, 76561198052699078)(<2867.027344, 216.568207, 12600.279297>) requested data for lock!
[21:57:30] Player (john duff, 76561198052699078)(<2867.027344, 216.568207, 12600.279297>) requested data for lock!
[21:59:24] Player (john duff, 76561198052699078)(<2867.027344, 216.568207, 12600.279297>) requested data for lock!
[22:05:32] Player (john duff, 76561198052699078)(<2877.450195, 215.348557, 12610.944336>) requested data for lock!
[22:05:52] Player (john duff, 76561198052699078)(<2877.450195, 215.348557, 12610.944336>) requested data for lock!
[22:07:38] Player (john duff, 76561198052699078)(<2867.027344, 216.568207, 12600.279297>) requested data for lock!
[22:09:26] Player (john duff, 76561198052699078)(<2867.027344, 216.568207, 12600.279297>) requested data for lock!
[22:10:13] Player (john duff, 76561198052699078)(<2867.027344, 216.568207, 12600.279297>) requested data for lock!
[22:10:28] Player (john duff, 76561198052699078)(<2867.027344, 216.568207, 12600.279297>) requested data for lock!
[22:21:40] Player (john duff, 76561198052699078)(<2867.027344, 216.568207, 12600.279297>) requested data for lock!
[22:21:47] Player (john duff, 76561198052699078)(<2867.027344, 216.568207, 12600.279297>) requested data for lock!
[22:21:52] Player (john duff, 76561198052699078)(<2867.027344, 216.568207, 12600.279297>) requested data for lock!
[22:21:58] Player (john duff, 76561198052699078)(<2867.027344, 216.568207, 12600.279297>) requested data for lock!
[22:22:03] Player (john duff, 76561198052699078)(<2867.027344, 216.568207, 12600.279297>) requested data for lock!
[22:23:01] Player (john duff, 76561198052699078)(<2867.027344, 216.568207, 12600.279297>) requested data for lock!
[22:32:33] Player (john duff, 76561198052699078)(<2867.027344, 216.568207, 12600.279297>) requested data for lock!
[22:39:07] Player (john duff, 76561198052699078)(<2867.027344, 216.568207, 12600.279297>) requested data for lock!
[22:40:08] Player (john duff, 76561198052699078)(<2867.027344, 216.568207, 12600.279297>) requested data for lock!
[22:41:22] Player (Magnetschaedel, 76561198006594084)(<3580.178955, 297.068756, 8077.733398>) requested data for lock!
[22:41:33] Player (Magnetschaedel, 76561198006594084)(<3578.918457, 297.135071, 8084.083496>) requested data for lock!
[22:42:51] Player (john duff, 76561198052699078)(<2867.027344, 216.568207, 12600.279297>) requested data for lock!
[22:43:01] Player (Magnetschaedel, 76561198006594084)(<3581.952881, 297.281006, 8087.673828>) requested data for lock!
[22:43:14] Player (john duff, 76561198052699078)(<2867.027344, 216.568207, 12600.279297>) requested data for lock!
[22:43:50] Player (john duff, 76561198052699078)(<2877.450195, 215.348557, 12610.944336>) requested data for lock!
[22:46:03] Player (john duff, 76561198052699078)(<2867.027344, 216.568207, 12600.279297>) requested data for lock!
[22:46:49] Player (john duff, 76561198052699078)(<2867.027344, 216.568207, 12600.279297>) requested data for lock!
[22:47:30] Player (john duff, 76561198052699078)(<2867.027344, 216.568207, 12600.279297>) requested data for lock!
[22:47:59] Player (john duff, 76561198052699078)(<2867.027344, 216.568207, 12600.279297>) requested data for lock!
[22:57:42] Player (john duff, 76561198052699078)(<2882.880859, 215.344376, 12579.721680>) requested data for lock!
[22:58:52] Player (Magnetschaedel, 76561198006594084)(<3580.178955, 297.068756, 8077.733398>) requested data for lock!
[23:00:48] Player (Magnetschaedel, 76561198006594084)(<3580.178955, 297.068756, 8077.733398>) requested data for lock!
[23:00:54] Player (Magnetschaedel, 76561198006594084)(<3578.918457, 297.135071, 8084.083496>) requested data for lock!
[23:00:59] Player (Magnetschaedel, 76561198006594084)(<3578.918457, 297.135071, 8084.083496>) requested data for lock!
[23:05:11] Player (john duff, 76561198052699078)(<2878.130859, 215.348038, 12578.143555>) requested data for lock!
[23:05:16] Player (john duff, 76561198052699078)(<2878.130859, 215.348038, 12578.143555>) requested data for lock!
[23:05:21] Player (john duff, 76561198052699078)(<2878.130859, 215.348038, 12578.143555>) requested data for lock!
[23:05:40] Player (john duff, 76561198052699078)(<2882.880859, 215.344376, 12579.721680>) requested data for lock!
[23:08:46] Player (john duff, 76561198052699078)(<2882.880859, 215.344376, 12579.721680>) requested data for lock!
[23:11:02] Player (john duff, 76561198052699078)(<2882.880859, 215.344376, 12579.721680>) requested data for lock!
[23:11:39] Player (john duff, 76561198052699078)(<2867.027344, 216.568207, 12600.279297>) requested data for lock!
[23:12:30] Player (john duff, 76561198052699078)(<2867.027344, 216.568207, 12600.279297>) requested data for lock!
[23:12:35] Player (john duff, 76561198052699078)(<2867.027344, 216.568207, 12600.279297>) requested data for lock!
[23:12:47] Player (john duff, 76561198052699078)(<2867.027344, 216.568207, 12600.279297>) requested data for lock!
[23:14:08] Player (john duff, 76561198052699078)(<2887.373779, 215.340897, 12581.248047>) requested data for lock!
[23:14:24] Player (john duff, 76561198052699078)(<2887.373779, 215.340897, 12581.248047>) requested data for lock!
