[02-09-2021][00.01.25] New Synch Log File Created!
[02-09-2021][00.44.50] Log file reloaded ( Server Restart )
[02-09-2021][04.01.24] Log file reloaded ( Server Restart )
[02-09-2021][08.01.23] Log file reloaded ( Server Restart )
[02-09-2021][08.37.26] Log file reloaded ( Server Restart )
[02-09-2021][08.47.49] Log file reloaded ( Server Restart )
[02-09-2021][08.57.43] Log file reloaded ( Server Restart )
[02-09-2021][11.13.29] Log file reloaded ( Server Restart )
[02-09-2021][11.23.45] Log file reloaded ( Server Restart )
[02-09-2021][11.29.20] Log file reloaded ( Server Restart )
[02-09-2021][11.38.32] Log file reloaded ( Server Restart )
[02-09-2021][12.01.19] Log file reloaded ( Server Restart )
[13:38:28] Player (MikaBrandon, 76561198215565199)(<3508.411133, 293.999268, 8636.015625>) requested data for lock!
[13:42:05] Player (MikaBrandon, 76561198215565199)(<3483.115967, 293.949921, 8585.571289>) requested data for lock!
[13:42:28] Player (MikaBrandon, 76561198215565199)(<3483.115967, 293.949921, 8585.571289>) requested data for lock!
[13:45:34] Player (MikaBrandon, 76561198215565199)(<3483.115967, 293.949921, 8585.571289>) requested data for lock!
[13:46:25] Player (MikaBrandon, 76561198215565199)(<3483.115967, 293.949921, 8585.571289>) requested data for lock!
[14:01:15] Player (MikaBrandon, 76561198215565199)(<3483.115967, 293.949921, 8585.571289>) requested data for lock!
[14:03:30] Player (MikaBrandon, 76561198215565199)(<3483.115967, 293.949921, 8585.571289>) requested data for lock!
[14:04:58] Player (MikaBrandon, 76561198215565199)(<3483.115967, 293.949921, 8585.571289>) requested data for lock!
[14:10:40] Player (Mandalor, 76561198923535395)(<3449.760254, 229.809677, 13888.105469>) requested data for lock!
[14:16:47] Player (MikaBrandon, 76561198215565199)(<3483.115967, 293.949921, 8585.571289>) requested data for lock!
[14:17:21] Player (MikaBrandon, 76561198215565199)(<3483.115967, 293.949921, 8585.571289>) requested data for lock!
[14:18:57] Player (MikaBrandon, 76561198215565199)(<3483.115967, 293.949921, 8585.571289>) requested data for lock!
[14:19:14] Player (MikaBrandon, 76561198215565199)(<3483.115967, 293.949921, 8585.571289>) requested data for lock!
[14:21:56] Player (MikaBrandon, 76561198215565199)(<3483.115967, 293.949921, 8585.571289>) requested data for lock!
[14:22:58] Player (MikaBrandon, 76561198215565199)(<3483.115967, 293.949921, 8585.571289>) requested data for lock!
[14:37:20] Player (MikaBrandon, 76561198215565199)(<3483.115967, 293.949921, 8585.571289>) requested data for lock!
[14:47:13] Player (MikaBrandon, 76561198215565199)(<3483.115967, 293.949921, 8585.571289>) requested data for lock!
[14:49:11] Player (MikaBrandon, 76561198215565199)(<3483.115967, 293.949921, 8585.571289>) requested data for lock!
[14:50:28] Player (MikaBrandon, 76561198215565199)(<3483.115967, 293.949921, 8585.571289>) requested data for lock!
[14:54:41] Player (MikaBrandon, 76561198215565199)(<3483.115967, 293.949921, 8585.571289>) requested data for lock!
[15:30:33] Player (MikaBrandon, 76561198215565199)(<3483.115967, 293.949921, 8585.571289>) requested data for lock!
[15:33:59] Player (MikaBrandon, 76561198215565199)(<3483.115967, 293.949921, 8585.571289>) requested data for lock!
[15:36:10] Player (MikaBrandon, 76561198215565199)(<3483.115967, 293.949921, 8585.571289>) requested data for lock!
[15:37:45] Player (MikaBrandon, 76561198215565199)(<3483.115967, 293.949921, 8585.571289>) requested data for lock!
[15:39:57] Player (MikaBrandon, 76561198215565199)(<3483.115967, 293.949921, 8585.571289>) requested data for lock!
[15:40:21] Player (MikaBrandon, 76561198215565199)(<3483.115967, 293.949921, 8585.571289>) requested data for lock!
[15:41:39] Player (MikaBrandon, 76561198215565199)(<3483.115967, 293.949921, 8585.571289>) requested data for lock!
[15:47:18] Player (MikaBrandon, 76561198215565199)(<3483.115967, 293.949921, 8585.571289>) requested data for lock!
[15:49:55] Player (MikaBrandon, 76561198215565199)(<3483.115967, 293.949921, 8585.571289>) requested data for lock!
[15:50:28] Player (MikaBrandon, 76561198215565199)(<3483.115967, 293.949921, 8585.571289>) requested data for lock!
[02-09-2021][16.01.28] Log file reloaded ( Server Restart )
[16:07:16] Player (MikaBrandon, 76561198215565199)(<3483.115967, 293.949921, 8585.571289>) requested data for lock!
[16:08:15] Player (MikaBrandon, 76561198215565199)(<3483.115967, 293.949921, 8585.571289>) requested data for lock!
[16:12:46] Player (MikaBrandon, 76561198215565199)(<3483.115967, 293.949921, 8585.571289>) requested data for lock!
[16:34:52] Player (Kami Kamikaze, 76561199068167713)(<5864.698242, 72.283577, 3920.051025>) requested data for lock!
[16:34:57] Player (Kami Kamikaze, 76561199068167713)(<5864.698242, 72.283577, 3920.051025>) requested data for lock!
[16:35:02] Player (Kami Kamikaze, 76561199068167713)(<5864.698242, 72.283577, 3920.051025>) requested data for lock!
[16:35:07] Player (Kami Kamikaze, 76561199068167713)(<5864.698242, 72.283577, 3920.051025>) requested data for lock!
[16:46:53] Player (Kami Kamikaze, 76561199068167713)(<5864.698242, 72.283577, 3920.051025>) requested data for lock!
[16:47:01] Player (Kami Kamikaze, 76561199068167713)(<5864.698242, 72.283577, 3920.051025>) requested data for lock!
[16:56:04] Player (MikaBrandon, 76561198215565199)(<3483.115967, 293.949921, 8585.571289>) requested data for lock!
[17:00:54] Player (MikaBrandon, 76561198215565199)(<3483.115967, 293.949921, 8585.571289>) requested data for lock!
[17:01:16] Player (MikaBrandon, 76561198215565199)(<3483.115967, 293.949921, 8585.571289>) requested data for lock!
[17:01:48] Player (MikaBrandon, 76561198215565199)(<3483.115967, 293.949921, 8585.571289>) requested data for lock!
[17:03:54] Player (MikaBrandon, 76561198215565199)(<3483.115967, 293.949921, 8585.571289>) requested data for lock!
[17:05:55] Player (Kami Kamikaze, 76561199068167713)(<5864.698242, 72.283577, 3920.051025>) requested data for lock!
[17:08:01] Player (Kami Kamikaze, 76561199068167713)(<5864.698242, 72.283577, 3920.051025>) requested data for lock!
[17:10:38] Player (MikaBrandon, 76561198215565199)(<3483.115967, 293.949921, 8585.571289>) requested data for lock!
[17:10:45] Player (MikaBrandon, 76561198215565199)(<3483.115967, 293.949921, 8585.571289>) requested data for lock!
[17:14:03] Player (Kami Kamikaze, 76561199068167713)(<5864.698242, 72.283577, 3920.051025>) requested data for lock!
[17:14:55] Player (Kami Kamikaze, 76561199068167713)(<5864.698242, 72.283577, 3920.051025>) requested data for lock!
[17:17:32] Player (MikaBrandon, 76561198215565199)(<3483.115967, 293.949921, 8585.571289>) requested data for lock!
[17:19:21] Player (Kami Kamikaze, 76561199068167713)(<5864.698242, 72.283577, 3920.051025>) requested data for lock!
[17:19:27] Player (Kami Kamikaze, 76561199068167713)(<5864.698242, 72.283577, 3920.051025>) requested data for lock!
[17:21:28] Player (MikaBrandon, 76561198215565199)(<3483.115967, 293.949921, 8585.571289>) requested data for lock!
[17:22:23] Player (MikaBrandon, 76561198215565199)(<3483.115967, 293.949921, 8585.571289>) requested data for lock!
[17:22:28] Player (MikaBrandon, 76561198215565199)(<3483.115967, 293.949921, 8585.571289>) requested data for lock!
[17:22:42] Player (MikaBrandon, 76561198215565199)(<3483.115967, 293.949921, 8585.571289>) requested data for lock!
[17:23:06] Player (MikaBrandon, 76561198215565199)(<3483.115967, 293.949921, 8585.571289>) requested data for lock!
[17:23:21] Player (MikaBrandon, 76561198215565199)(<3483.115967, 293.949921, 8585.571289>) requested data for lock!
[17:23:43] Player (MikaBrandon, 76561198215565199)(<3483.115967, 293.949921, 8585.571289>) requested data for lock!
[17:23:51] Player (MikaBrandon, 76561198215565199)(<3483.115967, 293.949921, 8585.571289>) requested data for lock!
[17:23:57] Player (MikaBrandon, 76561198215565199)(<3483.115967, 293.949921, 8585.571289>) requested data for lock!
[17:24:26] Player (MikaBrandon, 76561198215565199)(<3483.115967, 293.949921, 8585.571289>) requested data for lock!
[17:26:05] Player (MikaBrandon, 76561198215565199)(<3483.115967, 293.949921, 8585.571289>) requested data for lock!
[17:26:38] Player (MikaBrandon, 76561198215565199)(<3483.115967, 293.949921, 8585.571289>) requested data for lock!
[17:27:31] Player (MikaBrandon, 76561198215565199)(<3483.115967, 293.949921, 8585.571289>) requested data for lock!
[17:28:50] Player (MikaBrandon, 76561198215565199)(<3483.115967, 293.949921, 8585.571289>) requested data for lock!
[17:30:52] Player (MikaBrandon, 76561198215565199)(<3483.115967, 293.949921, 8585.571289>) requested data for lock!
[17:30:53] Player (PapaCh3wy, 76561198072534149)(<3483.115967, 293.949921, 8585.571289>) requested data for lock!
[17:32:16] Player (MikaBrandon, 76561198215565199)(<3483.115967, 293.949921, 8585.571289>) requested data for lock!
[17:32:31] Player (MikaBrandon, 76561198215565199)(<3483.115967, 293.949921, 8585.571289>) requested data for lock!
[17:32:51] Player (MikaBrandon, 76561198215565199)(<3483.115967, 293.949921, 8585.571289>) requested data for lock!
[17:33:02] Player (MikaBrandon, 76561198215565199)(<3483.115967, 293.949921, 8585.571289>) requested data for lock!
[17:34:08] Player (Mandalor, 76561198923535395)(<3449.760254, 229.809677, 13888.105469>) requested data for lock!
[17:34:58] Player (Mandalor, 76561198923535395)(<3455.410645, 229.639801, 13910.820313>) requested data for lock!
[17:37:01] Player (MikaBrandon, 76561198215565199)(<3483.115967, 293.949921, 8585.571289>) requested data for lock!
[17:37:49] Player (MikaBrandon, 76561198215565199)(<3483.115967, 293.949921, 8585.571289>) requested data for lock!
[17:42:29] Player (MikaBrandon, 76561198215565199)(<3483.115967, 293.949921, 8585.571289>) requested data for lock!
[17:43:04] Player (MikaBrandon, 76561198215565199)(<3483.115967, 293.949921, 8585.571289>) requested data for lock!
[17:44:17] Player (MikaBrandon, 76561198215565199)(<3483.115967, 293.949921, 8585.571289>) requested data for lock!
[17:45:01] Player (MikaBrandon, 76561198215565199)(<3483.115967, 293.949921, 8585.571289>) requested data for lock!
[17:52:14] Player (MikaBrandon, 76561198215565199)(<3483.115967, 293.949921, 8585.571289>) requested data for lock!
[17:52:35] Player (MikaBrandon, 76561198215565199)(<3483.115967, 293.949921, 8585.571289>) requested data for lock!
[17:53:33] Player (Mandalor, 76561198923535395)(<3449.760254, 229.809677, 13888.105469>) requested data for lock!
[17:55:01] Player (MikaBrandon, 76561198215565199)(<3483.115967, 293.949921, 8585.571289>) requested data for lock!
[17:55:06] Player (MikaBrandon, 76561198215565199)(<3483.115967, 293.949921, 8585.571289>) requested data for lock!
[17:55:11] Player (MikaBrandon, 76561198215565199)(<3483.115967, 293.949921, 8585.571289>) requested data for lock!
[17:55:37] Player (MikaBrandon, 76561198215565199)(<3483.115967, 293.949921, 8585.571289>) requested data for lock!
[17:55:43] Player (MikaBrandon, 76561198215565199)(<3483.115967, 293.949921, 8585.571289>) requested data for lock!
[17:56:09] Player (MikaBrandon, 76561198215565199)(<3483.115967, 293.949921, 8585.571289>) requested data for lock!
[17:57:41] Player (Percy Coles, 76561198177852285)(<3506.060059, 293.964264, 8633.856445>) requested data for lock!
[17:57:46] Player (Percy Coles, 76561198177852285)(<3506.060059, 293.964264, 8633.856445>) requested data for lock!
[17:57:49] Player (MikaBrandon, 76561198215565199)(<3483.115967, 293.949921, 8585.571289>) requested data for lock!
[17:57:51] Player (Percy Coles, 76561198177852285)(<3506.060059, 293.964264, 8633.856445>) requested data for lock!
[17:57:56] Player (Percy Coles, 76561198177852285)(<3506.060059, 293.964264, 8633.856445>) requested data for lock!
[17:58:01] Player (Percy Coles, 76561198177852285)(<3506.060059, 293.964264, 8633.856445>) requested data for lock!
[17:58:31] Player (MikaBrandon, 76561198215565199)(<3483.115967, 293.949921, 8585.571289>) requested data for lock!
[17:58:55] Player (Percy Coles, 76561198177852285)(<3506.060059, 293.964264, 8633.856445>) requested data for lock!
[17:59:29] Player (Percy Coles, 76561198177852285)(<3506.060059, 293.964264, 8633.856445>) requested data for lock!
[18:00:32] Player (Percy Coles, 76561198177852285)(<3506.060059, 293.964264, 8633.856445>) requested data for lock!
[18:04:16] Player (MikaBrandon, 76561198215565199)(<3483.115967, 293.949921, 8585.571289>) requested data for lock!
[18:04:16] Player (Percy Coles, 76561198177852285)(<3483.115967, 293.949921, 8585.571289>) requested data for lock!
[18:06:03] Player (MikaBrandon, 76561198215565199)(<3483.115967, 293.949921, 8585.571289>) requested data for lock!
[18:06:08] Player (MikaBrandon, 76561198215565199)(<3483.115967, 293.949921, 8585.571289>) requested data for lock!
[18:07:06] Player (MikaBrandon, 76561198215565199)(<3483.115967, 293.949921, 8585.571289>) requested data for lock!
[18:11:55] Player (MikaBrandon, 76561198215565199)(<3483.115967, 293.949921, 8585.571289>) requested data for lock!
[18:12:02] Player (MikaBrandon, 76561198215565199)(<3483.115967, 293.949921, 8585.571289>) requested data for lock!
[18:12:48] Player (MikaBrandon, 76561198215565199)(<3483.115967, 293.949921, 8585.571289>) requested data for lock!
[18:12:57] Player (MikaBrandon, 76561198215565199)(<3483.115967, 293.949921, 8585.571289>) requested data for lock!
[18:19:40] Player (MikaBrandon, 76561198215565199)(<3483.115967, 293.949921, 8585.571289>) requested data for lock!
[18:21:43] Player (MikaBrandon, 76561198215565199)(<3483.115967, 293.949921, 8585.571289>) requested data for lock!
[18:30:52] Player (Percy Coles, 76561198177852285)(<3508.411133, 293.999268, 8636.015625>) requested data for lock!
[18:31:50] Player (Kami Kamikaze, 76561199068167713)(<5864.698242, 72.283577, 3920.051025>) requested data for lock!
[18:32:03] Player (Kami Kamikaze, 76561199068167713)(<5864.698242, 72.283577, 3920.051025>) requested data for lock!
[18:32:13] Player (MikaBrandon, 76561198215565199)(<3483.115967, 293.949921, 8585.571289>) requested data for lock!
[18:32:35] Player (MikaBrandon, 76561198215565199)(<3483.115967, 293.949921, 8585.571289>) requested data for lock!
[18:32:54] Player (Percy Coles, 76561198177852285)(<3508.411133, 293.999268, 8636.015625>) requested data for lock!
[18:32:57] Player (Kami Kamikaze, 76561199068167713)(<5864.698242, 72.283577, 3920.051025>) requested data for lock!
[18:35:52] Player (Kami Kamikaze, 76561199068167713)(<5864.698242, 72.283577, 3920.051025>) requested data for lock!
[18:37:48] Player (MikaBrandon, 76561198215565199)(<3483.115967, 293.949921, 8585.571289>) requested data for lock!
[18:38:24] Player (MikaBrandon, 76561198215565199)(<3483.115967, 293.949921, 8585.571289>) requested data for lock!
[18:39:27] Player (Kami Kamikaze, 76561199068167713)(<5864.698242, 72.283577, 3920.051025>) requested data for lock!
[18:42:29] Player (Kami Kamikaze, 76561199068167713)(<5864.698242, 72.283577, 3920.051025>) requested data for lock!
[18:42:57] Player (MikaBrandon, 76561198215565199)(<3483.115967, 293.949921, 8585.571289>) requested data for lock!
[18:45:40] Player (Kami Kamikaze, 76561199068167713)(<5864.698242, 72.283577, 3920.051025>) requested data for lock!
[18:46:11] Player (Kami Kamikaze, 76561199068167713)(<5864.698242, 72.283577, 3920.051025>) requested data for lock!
[18:46:19] Player (JevBurns, 76561198068395829)(<5864.698242, 72.283577, 3920.051025>) requested data for lock!
[18:46:20] Player (Percy Coles, 76561198177852285)(<3508.411133, 293.999268, 8636.015625>) requested data for lock!
[18:46:25] Player (Percy Coles, 76561198177852285)(<3508.411133, 293.999268, 8636.015625>) requested data for lock!
[18:46:29] Player (Kami Kamikaze, 76561199068167713)(<5864.698242, 72.283577, 3920.051025>) requested data for lock!
[18:46:30] Player (Percy Coles, 76561198177852285)(<3508.411133, 293.999268, 8636.015625>) requested data for lock!
[18:46:35] Player (Percy Coles, 76561198177852285)(<3508.411133, 293.999268, 8636.015625>) requested data for lock!
[18:46:40] Player (Percy Coles, 76561198177852285)(<3508.411133, 293.999268, 8636.015625>) requested data for lock!
[18:46:45] Player (Percy Coles, 76561198177852285)(<3508.411133, 293.999268, 8636.015625>) requested data for lock!
[18:46:46] Player (Kami Kamikaze, 76561199068167713)(<5864.698242, 72.283577, 3920.051025>) requested data for lock!
[18:46:50] Player (Percy Coles, 76561198177852285)(<3508.411133, 293.999268, 8636.015625>) requested data for lock!
[18:46:57] Player (Percy Coles, 76561198177852285)(<3508.411133, 293.999268, 8636.015625>) requested data for lock!
[18:47:08] Player (Kami Kamikaze, 76561199068167713)(<5864.698242, 72.283577, 3920.051025>) requested data for lock!
[18:47:28] Player (Kami Kamikaze, 76561199068167713)(<5864.698242, 72.283577, 3920.051025>) requested data for lock!
[18:47:52] Player (JevBurns, 76561198068395829)(<5864.698242, 72.283577, 3920.051025>) requested data for lock!
[18:48:00] Player (JevBurns, 76561198068395829)(<5864.698242, 72.283577, 3920.051025>) requested data for lock!
[18:48:08] Player (JevBurns, 76561198068395829)(<5864.698242, 72.283577, 3920.051025>) requested data for lock!
[18:49:05] Player (Kami Kamikaze, 76561199068167713)(<5864.698242, 72.283577, 3920.051025>) requested data for lock!
[18:49:13] Player (Kami Kamikaze, 76561199068167713)(<5864.698242, 72.283577, 3920.051025>) requested data for lock!
[18:50:00] Player (JevBurns, 76561198068395829)(<5869.931152, 72.115425, 3922.020020>) requested data for lock!
[18:50:01] Player (Kami Kamikaze, 76561199068167713)(<5869.931152, 72.115425, 3922.020020>) requested data for lock!
[18:50:05] Player (JevBurns, 76561198068395829)(<5869.931152, 72.115425, 3922.020020>) requested data for lock!
[18:50:06] Player (Kami Kamikaze, 76561199068167713)(<5869.931152, 72.115425, 3922.020020>) requested data for lock!
[18:50:11] Player (Kami Kamikaze, 76561199068167713)(<5869.931152, 72.115425, 3922.020020>) requested data for lock!
[18:50:16] Player (Kami Kamikaze, 76561199068167713)(<5869.931152, 72.115425, 3922.020020>) requested data for lock!
[18:50:21] Player (Kami Kamikaze, 76561199068167713)(<5869.931152, 72.115425, 3922.020020>) requested data for lock!
[18:50:26] Player (Kami Kamikaze, 76561199068167713)(<5869.931152, 72.115425, 3922.020020>) requested data for lock!
[18:50:31] Player (Kami Kamikaze, 76561199068167713)(<5869.931152, 72.115425, 3922.020020>) requested data for lock!
[18:51:34] Player (Kami Kamikaze, 76561199068167713)(<5864.698242, 72.283577, 3920.051025>) requested data for lock!
[18:51:39] Player (Kami Kamikaze, 76561199068167713)(<5864.698242, 72.283577, 3920.051025>) requested data for lock!
[18:51:44] Player (Kami Kamikaze, 76561199068167713)(<5864.698242, 72.283577, 3920.051025>) requested data for lock!
[18:51:55] Player (Kami Kamikaze, 76561199068167713)(<5869.931152, 72.115425, 3922.020020>) requested data for lock!
[18:52:02] Player (Kami Kamikaze, 76561199068167713)(<5869.931152, 72.115425, 3922.020020>) requested data for lock!
[18:52:13] Player (Kami Kamikaze, 76561199068167713)(<5869.931152, 72.115425, 3922.020020>) requested data for lock!
[18:52:21] Player (Kami Kamikaze, 76561199068167713)(<5864.698242, 72.283577, 3920.051025>) requested data for lock!
[18:55:20] Player (Kami Kamikaze, 76561199068167713)(<5869.931152, 72.115425, 3922.020020>) requested data for lock!
[18:55:25] Player (Kami Kamikaze, 76561199068167713)(<5869.931152, 72.115425, 3922.020020>) requested data for lock!
[18:56:36] Player (MikaBrandon, 76561198215565199)(<3483.115967, 293.949921, 8585.571289>) requested data for lock!
[18:56:50] Player (MikaBrandon, 76561198215565199)(<3483.115967, 293.949921, 8585.571289>) requested data for lock!
[18:57:19] Player (Kami Kamikaze, 76561199068167713)(<5869.931152, 72.115425, 3922.020020>) requested data for lock!
[18:57:24] Player (Kami Kamikaze, 76561199068167713)(<5864.698242, 72.283577, 3920.051025>) requested data for lock!
[18:57:46] Player (MikaBrandon, 76561198215565199)(<3483.115967, 293.949921, 8585.571289>) requested data for lock!
[18:59:02] Player (JevBurns, 76561198068395829)(<5373.711426, 311.260620, 5692.094238>) requested data for lock!
[19:01:31] Player (MikaBrandon, 76561198215565199)(<3483.115967, 293.949921, 8585.571289>) requested data for lock!
[19:01:48] Player (MikaBrandon, 76561198215565199)(<3483.115967, 293.949921, 8585.571289>) requested data for lock!
[19:02:02] Player (JevBurns, 76561198068395829)(<5373.711426, 311.260620, 5692.094238>) requested data for lock!
[19:02:40] Player (Kami Kamikaze, 76561199068167713)(<5864.698242, 72.283577, 3920.051025>) requested data for lock!
[19:03:43] Player (Kami Kamikaze, 76561199068167713)(<5869.931152, 72.115425, 3922.020020>) requested data for lock!
[19:03:48] Player (Kami Kamikaze, 76561199068167713)(<5869.931152, 72.115425, 3922.020020>) requested data for lock!
[19:03:55] Player (JevBurns, 76561198068395829)(<5373.711426, 311.260620, 5692.094238>) requested data for lock!
[19:03:59] Player (JevBurns, 76561198068395829)(<5373.711426, 311.260620, 5692.094238>) requested data for lock!
[19:04:05] Player (JevBurns, 76561198068395829)(<5373.711426, 311.260620, 5692.094238>) requested data for lock!
[19:04:10] Player (JevBurns, 76561198068395829)(<5373.711426, 311.260620, 5692.094238>) requested data for lock!
[19:04:15] Player (JevBurns, 76561198068395829)(<5373.711426, 311.260620, 5692.094238>) requested data for lock!
[19:04:18] Player (Kami Kamikaze, 76561199068167713)(<5869.931152, 72.115425, 3922.020020>) requested data for lock!
[19:04:20] Player (JevBurns, 76561198068395829)(<5373.711426, 311.260620, 5692.094238>) requested data for lock!
[19:04:39] Player (Kami Kamikaze, 76561199068167713)(<5869.931152, 72.115425, 3922.020020>) requested data for lock!
[19:04:44] Player (Kami Kamikaze, 76561199068167713)(<5869.931152, 72.115425, 3922.020020>) requested data for lock!
[19:06:34] Player (Kami Kamikaze, 76561199068167713)(<5869.931152, 72.115425, 3922.020020>) requested data for lock!
[19:07:13] Player (Kami Kamikaze, 76561199068167713)(<5869.931152, 72.115425, 3922.020020>) requested data for lock!
[19:17:23] Player (Percy Coles, 76561198177852285)(<3508.411133, 293.999268, 8636.015625>) requested data for lock!
[19:19:25] Player (Percy Coles, 76561198177852285)(<3508.411133, 293.999268, 8636.015625>) requested data for lock!
[19:19:30] Player (Percy Coles, 76561198177852285)(<3506.060059, 293.964264, 8633.856445>) requested data for lock!
[19:30:18] Player (MikaBrandon, 76561198215565199)(<3483.115967, 293.949921, 8585.571289>) requested data for lock!
[19:30:52] Player (MikaBrandon, 76561198215565199)(<3483.115967, 293.949921, 8585.571289>) requested data for lock!
[19:31:08] Player (Mandalor, 76561198923535395)(<3483.115967, 293.949921, 8585.571289>) requested data for lock!
[19:35:39] Player (Kami Kamikaze, 76561199068167713)(<5869.931152, 72.115425, 3922.020020>) requested data for lock!
[19:36:52] Player (Kami Kamikaze, 76561199068167713)(<5869.931152, 72.115425, 3922.020020>) requested data for lock!
[19:37:11] Player (MikaBrandon, 76561198215565199)(<3483.115967, 293.949921, 8585.571289>) requested data for lock!
[19:37:15] Player (Kami Kamikaze, 76561199068167713)(<5869.931152, 72.115425, 3922.020020>) requested data for lock!
[19:37:20] Player (Kami Kamikaze, 76561199068167713)(<5869.931152, 72.115425, 3922.020020>) requested data for lock!
[19:46:25] Player (zendog, 76561197970078933)(<3483.115967, 293.949921, 8585.571289>) requested data for lock!
[19:46:25] Player (MikaBrandon, 76561198215565199)(<3483.115967, 293.949921, 8585.571289>) requested data for lock!
[19:46:31] Player (MikaBrandon, 76561198215565199)(<3483.115967, 293.949921, 8585.571289>) requested data for lock!
[19:46:33] Player (zendog, 76561197970078933)(<3483.115967, 293.949921, 8585.571289>) requested data for lock!
[19:46:46] Player (zendog, 76561197970078933)(<3483.115967, 293.949921, 8585.571289>) requested data for lock!
[19:47:10] Player (MikaBrandon, 76561198215565199)(<3483.115967, 293.949921, 8585.571289>) requested data for lock!
[19:50:26] Player (Mandalor, 76561198923535395)(<3483.115967, 293.949921, 8585.571289>) requested data for lock!
[19:50:31] Player (zendog, 76561197970078933)(<3483.115967, 293.949921, 8585.571289>) requested data for lock!
[19:50:31] Player (Mandalor, 76561198923535395)(<3483.115967, 293.949921, 8585.571289>) requested data for lock!
[19:50:34] Player (MikaBrandon, 76561198215565199)(<3483.115967, 293.949921, 8585.571289>) requested data for lock!
[19:50:45] Player (MikaBrandon, 76561198215565199)(<3483.115967, 293.949921, 8585.571289>) requested data for lock!
[19:54:45] Player (MikaBrandon, 76561198215565199)(<3483.115967, 293.949921, 8585.571289>) requested data for lock!
[19:55:26] Player (MikaBrandon, 76561198215565199)(<3483.115967, 293.949921, 8585.571289>) requested data for lock!
[02-09-2021][20.01.32] Log file reloaded ( Server Restart )
[20:03:24] Player (zendog, 76561197970078933)(<3483.115967, 293.949921, 8585.571289>) requested data for lock!
[20:05:17] Player (MikaBrandon, 76561198215565199)(<3483.115967, 293.949921, 8585.571289>) requested data for lock!
[20:05:32] Player (MikaBrandon, 76561198215565199)(<3483.115967, 293.949921, 8585.571289>) requested data for lock!
[20:06:50] Player (MikaBrandon, 76561198215565199)(<3483.115967, 293.949921, 8585.571289>) requested data for lock!
[20:09:03] Player (MikaBrandon, 76561198215565199)(<3483.115967, 293.949921, 8585.571289>) requested data for lock!
[20:09:53] Player (Percy Coles, 76561198177852285)(<3506.060059, 293.964264, 8633.856445>) requested data for lock!
[20:10:17] Player (MikaBrandon, 76561198215565199)(<3506.060059, 293.964264, 8633.856445>) requested data for lock!
[20:10:20] Player (zendog, 76561197970078933)(<3506.060059, 293.964264, 8633.856445>) requested data for lock!
[20:10:25] Player (MikaBrandon, 76561198215565199)(<3506.060059, 293.964264, 8633.856445>) requested data for lock!
[20:10:32] Player (MikaBrandon, 76561198215565199)(<3506.060059, 293.964264, 8633.856445>) requested data for lock!
[20:10:35] Player (Mandalor, 76561198923535395)(<3506.060059, 293.964264, 8633.856445>) requested data for lock!
[20:10:48] Player (MikaBrandon, 76561198215565199)(<3506.060059, 293.964264, 8633.856445>) requested data for lock!
[20:11:00] Player (MikaBrandon, 76561198215565199)(<3506.060059, 293.964264, 8633.856445>) requested data for lock!
[20:11:02] Player (Mandalor, 76561198923535395)(<3506.060059, 293.964264, 8633.856445>) requested data for lock!
[20:11:05] Player (MikaBrandon, 76561198215565199)(<3506.060059, 293.964264, 8633.856445>) requested data for lock!
[20:11:07] Player (Mandalor, 76561198923535395)(<3506.060059, 293.964264, 8633.856445>) requested data for lock!
[20:11:11] Player (MikaBrandon, 76561198215565199)(<3506.060059, 293.964264, 8633.856445>) requested data for lock!
[20:11:12] Player (Mandalor, 76561198923535395)(<3506.060059, 293.964264, 8633.856445>) requested data for lock!
[20:11:39] Player (MikaBrandon, 76561198215565199)(<3483.115967, 293.949921, 8585.571289>) requested data for lock!
[20:12:13] Player (MikaBrandon, 76561198215565199)(<3483.115967, 293.949921, 8585.571289>) requested data for lock!
[20:12:38] Player (Percy Coles, 76561198177852285)(<3506.060059, 293.964264, 8633.856445>) requested data for lock!
[20:13:19] Player (MikaBrandon, 76561198215565199)(<3506.060059, 293.964264, 8633.856445>) requested data for lock!
[20:13:24] Player (MikaBrandon, 76561198215565199)(<3506.060059, 293.964264, 8633.856445>) requested data for lock!
[20:13:33] Player (MikaBrandon, 76561198215565199)(<3506.060059, 293.964264, 8633.856445>) requested data for lock!
[20:13:33] Player (Percy Coles, 76561198177852285)(<3506.060059, 293.964264, 8633.856445>) requested data for lock!
[20:13:45] Player (MikaBrandon, 76561198215565199)(<3506.060059, 293.964264, 8633.856445>) requested data for lock!
[20:14:19] Player (Percy Coles, 76561198177852285)(<3523.752930, 296.958679, 8620.580078>) requested data for lock!
[20:14:24] Player (Percy Coles, 76561198177852285)(<3523.752930, 296.958679, 8620.580078>) requested data for lock!
[20:16:11] Player (MikaBrandon, 76561198215565199)(<3483.115967, 293.949921, 8585.571289>) requested data for lock!
[20:18:27] Player (Percy Coles, 76561198177852285)(<3508.411133, 293.999268, 8636.015625>) requested data for lock!
[20:18:36] Player (Percy Coles, 76561198177852285)(<3506.060059, 293.964264, 8633.856445>) requested data for lock!
[20:19:01] Player (Percy Coles, 76561198177852285)(<3508.411133, 293.999268, 8636.015625>) requested data for lock!
[20:20:01] Player (Kami Kamikaze, 76561199068167713)(<5869.931152, 72.115425, 3922.020020>) requested data for lock!
[20:20:06] Player (Kami Kamikaze, 76561199068167713)(<5864.698242, 72.283577, 3920.051025>) requested data for lock!
[20:20:44] Player (Percy Coles, 76561198177852285)(<3506.060059, 293.964264, 8633.856445>) requested data for lock!
[20:20:50] Player (Percy Coles, 76561198177852285)(<3523.752930, 296.958679, 8620.580078>) requested data for lock!
[20:23:59] Player (Kami Kamikaze, 76561199068167713)(<5869.931152, 72.115425, 3922.020020>) requested data for lock!
[20:24:05] Player (Kami Kamikaze, 76561199068167713)(<5869.931152, 72.115425, 3922.020020>) requested data for lock!
[20:24:10] Player (Kami Kamikaze, 76561199068167713)(<5869.931152, 72.115425, 3922.020020>) requested data for lock!
[20:25:51] Player (Percy Coles, 76561198177852285)(<3523.752930, 296.958679, 8620.580078>) requested data for lock!
[20:26:34] Player (Percy Coles, 76561198177852285)(<3506.060059, 293.964264, 8633.856445>) requested data for lock!
[20:27:11] Player (Percy Coles, 76561198177852285)(<3508.411133, 293.999268, 8636.015625>) requested data for lock!
[20:27:35] Player (Percy Coles, 76561198177852285)(<3506.060059, 293.964264, 8633.856445>) requested data for lock!
[20:29:06] Player (Percy Coles, 76561198177852285)(<3483.115967, 293.949921, 8585.571289>) requested data for lock!
[20:29:28] Player (Percy Coles, 76561198177852285)(<3508.411133, 293.999268, 8636.015625>) requested data for lock!
[20:29:59] Player (Percy Coles, 76561198177852285)(<3508.411133, 293.999268, 8636.015625>) requested data for lock!
[20:30:27] Player (Percy Coles, 76561198177852285)(<3506.060059, 293.964264, 8633.856445>) requested data for lock!
[20:31:02] Player (Kami Kamikaze, 76561199068167713)(<5869.931152, 72.115425, 3922.020020>) requested data for lock!
[20:35:13] Player (Kami Kamikaze, 76561199068167713)(<5864.698242, 72.283577, 3920.051025>) requested data for lock!
[20:36:27] Player (Kami Kamikaze, 76561199068167713)(<5869.931152, 72.115425, 3922.020020>) requested data for lock!
[20:38:08] Player (Kami Kamikaze, 76561199068167713)(<5869.931152, 72.115425, 3922.020020>) requested data for lock!
[20:38:14] Player (Kami Kamikaze, 76561199068167713)(<5869.931152, 72.115425, 3922.020020>) requested data for lock!
[20:40:01] Player (Kami Kamikaze, 76561199068167713)(<5869.931152, 72.115425, 3922.020020>) requested data for lock!
[20:40:19] Player (Kami Kamikaze, 76561199068167713)(<5864.698242, 72.283577, 3920.051025>) requested data for lock!
[20:40:31] Player (Kami Kamikaze, 76561199068167713)(<5864.698242, 72.283577, 3920.051025>) requested data for lock!
[20:45:18] Player (Kami Kamikaze, 76561199068167713)(<5864.698242, 72.283577, 3920.051025>) requested data for lock!
[02-09-2021][20.48.04] Log file reloaded ( Server Restart )
[20:52:06] Player (Kami Kamikaze, 76561199068167713)(<5864.698242, 72.283577, 3920.051025>) requested data for lock!
[20:52:21] Player (Kami Kamikaze, 76561199068167713)(<5869.931152, 72.115425, 3922.020020>) requested data for lock!
[20:52:55] Player (Kami Kamikaze, 76561199068167713)(<5869.931152, 72.115425, 3922.020020>) requested data for lock!
[20:53:02] Player (Kami Kamikaze, 76561199068167713)(<5869.931152, 72.115425, 3922.020020>) requested data for lock!
[20:55:48] Player (Kami Kamikaze, 76561199068167713)(<5869.931152, 72.115425, 3922.020020>) requested data for lock!
[20:55:50] Player (Mandalor, 76561198923535395)(<3523.752930, 296.958679, 8620.580078>) requested data for lock!
[20:55:55] Player (Mandalor, 76561198923535395)(<3523.752930, 296.958679, 8620.580078>) requested data for lock!
[20:59:24] Player (Kami Kamikaze, 76561199068167713)(<5869.931152, 72.115425, 3922.020020>) requested data for lock!
[21:01:07] Player (Kami Kamikaze, 76561199068167713)(<5869.931152, 72.115425, 3922.020020>) requested data for lock!
[21:01:14] Player (Kami Kamikaze, 76561199068167713)(<5869.931152, 72.115425, 3922.020020>) requested data for lock!
[21:01:26] Player (Kami Kamikaze, 76561199068167713)(<5869.931152, 72.115425, 3922.020020>) requested data for lock!
[21:02:02] Player (Kami Kamikaze, 76561199068167713)(<5869.931152, 72.115425, 3922.020020>) requested data for lock!
[21:02:25] Player (Kami Kamikaze, 76561199068167713)(<5869.931152, 72.115425, 3922.020020>) requested data for lock!
[21:04:43] Player (Percy Coles, 76561198177852285)(<3506.060059, 293.964264, 8633.856445>) requested data for lock!
[21:04:55] Player (Percy Coles, 76561198177852285)(<3523.752930, 296.958679, 8620.580078>) requested data for lock!
[21:05:15] Player (Mandalor, 76561198923535395)(<3483.115967, 293.949921, 8585.571289>) requested data for lock!
[21:05:20] Player (Mandalor, 76561198923535395)(<3483.115967, 293.949921, 8585.571289>) requested data for lock!
[21:05:20] Player (Percy Coles, 76561198177852285)(<3483.115967, 293.949921, 8585.571289>) requested data for lock!
[21:18:10] Player (MikaBrandon, 76561198215565199)(<3523.752930, 296.958679, 8620.580078>) requested data for lock!
[21:28:57] Player (Percy Coles, 76561198177852285)(<3506.060059, 293.964264, 8633.856445>) requested data for lock!
[21:29:02] Player (Percy Coles, 76561198177852285)(<3508.411133, 293.999268, 8636.015625>) requested data for lock!
[21:29:16] Player (Percy Coles, 76561198177852285)(<3506.060059, 293.964264, 8633.856445>) requested data for lock!
[21:33:02] Player (Percy Coles, 76561198177852285)(<3523.752930, 296.958679, 8620.580078>) requested data for lock!
[21:33:57] Player (Percy Coles, 76561198177852285)(<3523.752930, 296.958679, 8620.580078>) requested data for lock!
[21:34:29] Player (Percy Coles, 76561198177852285)(<3523.752930, 296.958679, 8620.580078>) requested data for lock!
[21:37:04] Player (Percy Coles, 76561198177852285)(<3523.752930, 296.958679, 8620.580078>) requested data for lock!
[21:42:07] Player (Percy Coles, 76561198177852285)(<3523.752930, 296.958679, 8620.580078>) requested data for lock!
[21:42:12] Player (Percy Coles, 76561198177852285)(<3523.752930, 296.958679, 8620.580078>) requested data for lock!
[21:44:05] Player (Percy Coles, 76561198177852285)(<3523.752930, 296.958679, 8620.580078>) requested data for lock!
[21:50:35] Player (Percy Coles, 76561198177852285)(<3523.752930, 296.958679, 8620.580078>) requested data for lock!
[21:51:24] Player (Percy Coles, 76561198177852285)(<3523.752930, 296.958679, 8620.580078>) requested data for lock!
[21:56:22] Player (Percy Coles, 76561198177852285)(<3526.031006, 299.916687, 8626.491211>) requested data for lock!
[21:56:27] Player (Percy Coles, 76561198177852285)(<3526.031006, 299.916687, 8626.491211>) requested data for lock!
[22:00:52] Player (MikaBrandon, 76561198215565199)(<3483.115967, 293.949921, 8585.571289>) requested data for lock!
[22:04:42] Player (MikaBrandon, 76561198215565199)(<3483.115967, 293.949921, 8585.571289>) requested data for lock!
[22:06:17] Player (MikaBrandon, 76561198215565199)(<3483.115967, 293.949921, 8585.571289>) requested data for lock!
[22:08:44] Player (MikaBrandon, 76561198215565199)(<3483.115967, 293.949921, 8585.571289>) requested data for lock!
[22:09:33] Player (MikaBrandon, 76561198215565199)(<3483.115967, 293.949921, 8585.571289>) requested data for lock!
[22:09:47] Player (MikaBrandon, 76561198215565199)(<3483.115967, 293.949921, 8585.571289>) requested data for lock!
[22:10:26] Player (Kami Kamikaze, 76561199068167713)(<5869.931152, 72.115425, 3922.020020>) requested data for lock!
[22:10:31] Player (Kami Kamikaze, 76561199068167713)(<5864.698242, 72.283577, 3920.051025>) requested data for lock!
[22:12:43] Player (Kami Kamikaze, 76561199068167713)(<5871.679688, 72.084785, 3922.035156>) requested data for lock!
[22:12:48] Player (Kami Kamikaze, 76561199068167713)(<5871.679688, 72.084785, 3922.035156>) requested data for lock!
[22:12:53] Player (Kami Kamikaze, 76561199068167713)(<5871.679688, 72.084785, 3922.035156>) requested data for lock!
[22:12:58] Player (Kami Kamikaze, 76561199068167713)(<5871.679688, 72.084785, 3922.035156>) requested data for lock!
[22:13:22] Player (Kami Kamikaze, 76561199068167713)(<5869.931152, 72.115425, 3922.020020>) requested data for lock!
[22:17:14] Player (Kami Kamikaze, 76561199068167713)(<5871.679688, 72.084785, 3922.035156>) requested data for lock!
[22:17:44] Player (Kami Kamikaze, 76561199068167713)(<5869.931152, 72.115425, 3922.020020>) requested data for lock!
[22:19:37] Player (Kami Kamikaze, 76561199068167713)(<5871.679688, 72.084785, 3922.035156>) requested data for lock!
[22:20:00] Player (Kami Kamikaze, 76561199068167713)(<5871.679688, 72.084785, 3922.035156>) requested data for lock!
[22:20:14] Player (Kami Kamikaze, 76561199068167713)(<5869.931152, 72.115425, 3922.020020>) requested data for lock!
[22:20:22] Player (Kami Kamikaze, 76561199068167713)(<5869.931152, 72.115425, 3922.020020>) requested data for lock!
[22:20:31] Player (Kami Kamikaze, 76561199068167713)(<5864.698242, 72.283577, 3920.051025>) requested data for lock!
[22:21:07] Player (Kami Kamikaze, 76561199068167713)(<5864.698242, 72.283577, 3920.051025>) requested data for lock!
[22:24:26] Player (SonOfMidgard, 76561198070429780)(<3483.115967, 293.949921, 8585.571289>) requested data for lock!
[22:24:48] Player (SonOfMidgard, 76561198070429780)(<3523.752930, 296.958679, 8620.580078>) requested data for lock!
[23:34:51] Player (Mandalor, 76561198923535395)(<3464.767578, 229.800613, 13916.972656>) requested data for lock!
[23:38:28] Player (Mandalor, 76561198923535395)(<3449.760254, 229.809677, 13888.105469>) requested data for lock!
[23:47:42] Player (Mandalor, 76561198923535395)(<3464.767578, 229.800613, 13916.972656>) requested data for lock!
[23:59:48] Player (zendog, 76561197970078933)(<3636.865967, 299.367523, 8604.010742>) requested data for lock!
[23:59:53] Player (zendog, 76561197970078933)(<3657.559570, 299.528961, 8592.310547>) requested data for lock!
