[02-10-2021][00.01.22] New Synch Log File Created!
[00:07:06] Player (Mandalor, 76561198923535395)(<3449.760254, 229.809677, 13888.105469>) requested data for lock!
[00:07:11] Player (Mandalor, 76561198923535395)(<3449.760254, 229.809677, 13888.105469>) requested data for lock!
[00:07:16] Player (Mandalor, 76561198923535395)(<3449.760254, 229.809677, 13888.105469>) requested data for lock!
[00:07:21] Player (Mandalor, 76561198923535395)(<3449.760254, 229.809677, 13888.105469>) requested data for lock!
[00:07:32] Player (Mandalor, 76561198923535395)(<3449.760254, 229.809677, 13888.105469>) requested data for lock!
[00:07:37] Player (Mandalor, 76561198923535395)(<3449.760254, 229.809677, 13888.105469>) requested data for lock!
[00:07:42] Player (Mandalor, 76561198923535395)(<3449.760254, 229.809677, 13888.105469>) requested data for lock!
[00:07:47] Player (Mandalor, 76561198923535395)(<3449.760254, 229.809677, 13888.105469>) requested data for lock!
[00:09:07] Player (Mandalor, 76561198923535395)(<3452.411377, 230.684952, 13908.750977>) requested data for lock!
[00:09:12] Player (Mandalor, 76561198923535395)(<3452.411377, 230.684952, 13908.750977>) requested data for lock!
[00:09:17] Player (Mandalor, 76561198923535395)(<3452.411377, 230.684952, 13908.750977>) requested data for lock!
[00:12:56] Player (zendog, 76561197970078933)(<3636.865967, 299.367523, 8604.010742>) requested data for lock!
[00:13:11] Player (Mandalor, 76561198923535395)(<3464.767578, 229.800613, 13916.972656>) requested data for lock!
[00:14:31] Player (zendog, 76561197970078933)(<3636.865967, 299.367523, 8604.010742>) requested data for lock!
[00:14:39] Player (zendog, 76561197970078933)(<3636.865967, 299.367523, 8604.010742>) requested data for lock!
[00:15:09] Player (zendog, 76561197970078933)(<3636.865967, 299.367523, 8604.010742>) requested data for lock!
[00:17:14] Player (zendog, 76561197970078933)(<3636.865967, 299.367523, 8604.010742>) requested data for lock!
[00:18:24] Player (zendog, 76561197970078933)(<3636.865967, 299.367523, 8604.010742>) requested data for lock!
[00:18:59] Player (zendog, 76561197970078933)(<3657.559570, 299.528961, 8592.310547>) requested data for lock!
[00:22:54] Player (Mandalor, 76561198923535395)(<3455.410645, 229.639801, 13910.820313>) requested data for lock!
[00:22:59] Player (Mandalor, 76561198923535395)(<3455.410645, 229.639801, 13910.820313>) requested data for lock!
[00:23:04] Player (Mandalor, 76561198923535395)(<3455.410645, 229.639801, 13910.820313>) requested data for lock!
[00:25:40] Player (Mandalor, 76561198923535395)(<3452.411377, 230.684952, 13908.750977>) requested data for lock!
[00:28:51] Player (Mandalor, 76561198923535395)(<3463.738770, 230.473450, 13905.127930>) requested data for lock!
[00:28:56] Player (Mandalor, 76561198923535395)(<3463.738770, 230.473450, 13905.127930>) requested data for lock!
[00:57:16] Player (Mandalor, 76561198923535395)(<3463.738770, 230.473450, 13905.127930>) requested data for lock!
[01:42:48] Player (Mandalor, 76561198923535395)(<3463.738770, 230.473450, 13905.127930>) requested data for lock!
[01:42:55] Player (zendog, 76561197970078933)(<3452.411377, 230.684952, 13908.750977>) requested data for lock!
[01:42:56] Player (Mandalor, 76561198923535395)(<3464.767578, 229.800613, 13916.972656>) requested data for lock!
[01:43:06] Player (zendog, 76561197970078933)(<3464.767578, 229.800613, 13916.972656>) requested data for lock!
[01:45:29] Player (zendog, 76561197970078933)(<3452.411377, 230.684952, 13908.750977>) requested data for lock!
[01:45:42] Player (zendog, 76561197970078933)(<3463.738770, 230.473450, 13905.127930>) requested data for lock!
[01:45:47] Player (Mandalor, 76561198923535395)(<3463.738770, 230.473450, 13905.127930>) requested data for lock!
[01:53:07] Player (zendog, 76561197970078933)(<3463.738770, 230.473450, 13905.127930>) requested data for lock!
[01:53:08] Player (Mandalor, 76561198923535395)(<3464.767578, 229.800613, 13916.972656>) requested data for lock!
[01:54:36] Player (zendog, 76561197970078933)(<3464.767578, 229.800613, 13916.972656>) requested data for lock!
[01:54:36] Player (Mandalor, 76561198923535395)(<3464.767578, 229.800613, 13916.972656>) requested data for lock!
[01:54:57] Player (zendog, 76561197970078933)(<3463.738770, 230.473450, 13905.127930>) requested data for lock!
[01:54:58] Player (Mandalor, 76561198923535395)(<3464.767578, 229.800613, 13916.972656>) requested data for lock!
[01:55:31] Player (zendog, 76561197970078933)(<3463.738770, 230.473450, 13905.127930>) requested data for lock!
[02:42:20] Player (zendog, 76561197970078933)(<3657.559570, 299.528961, 8592.310547>) requested data for lock!
[02:44:41] Player (zendog, 76561197970078933)(<3636.865967, 299.367523, 8604.010742>) requested data for lock!
[02:58:18] Player (zendog, 76561197970078933)(<3635.937988, 299.511383, 8581.647461>) requested data for lock!
[02:58:57] Player (zendog, 76561197970078933)(<3635.937988, 299.511383, 8581.647461>) requested data for lock!
[03:07:27] Player (zendog, 76561197970078933)(<3657.559570, 299.528961, 8592.310547>) requested data for lock!
[03:09:59] Player (zendog, 76561197970078933)(<3657.559570, 299.528961, 8592.310547>) requested data for lock!
[03:14:52] Player (zendog, 76561197970078933)(<3635.937988, 299.511383, 8581.647461>) requested data for lock!
[03:15:12] Player (zendog, 76561197970078933)(<3635.937988, 299.511383, 8581.647461>) requested data for lock!
[03:18:04] Player (zendog, 76561197970078933)(<3636.865967, 299.367523, 8604.010742>) requested data for lock!
[03:22:36] Player (zendog, 76561197970078933)(<3657.559570, 299.528961, 8592.310547>) requested data for lock!
[03:36:22] Player (zendog, 76561197970078933)(<3657.559570, 299.528961, 8592.310547>) requested data for lock!
[03:40:07] Player (zendog, 76561197970078933)(<3657.559570, 299.528961, 8592.310547>) requested data for lock!
[03:40:12] Player (zendog, 76561197970078933)(<3657.559570, 299.528961, 8592.310547>) requested data for lock!
[03:42:13] Player (zendog, 76561197970078933)(<3657.559570, 299.528961, 8592.310547>) requested data for lock!
[03:42:22] Player (zendog, 76561197970078933)(<3657.559570, 299.528961, 8592.310547>) requested data for lock!
[03:42:27] Player (zendog, 76561197970078933)(<3657.559570, 299.528961, 8592.310547>) requested data for lock!
[03:42:32] Player (zendog, 76561197970078933)(<3657.559570, 299.528961, 8592.310547>) requested data for lock!
[03:42:37] Player (zendog, 76561197970078933)(<3657.559570, 299.528961, 8592.310547>) requested data for lock!
[03:42:42] Player (zendog, 76561197970078933)(<3657.559570, 299.528961, 8592.310547>) requested data for lock!
[02-10-2021][04.04.45] Log file reloaded ( Server Restart )
[02-10-2021][08.01.20] Log file reloaded ( Server Restart )
[02-10-2021][08.18.24] Log file reloaded ( Server Restart )
[02-10-2021][08.24.11] Log file reloaded ( Server Restart )
[08:43:08] Player (Bernd, 76561197965508404)(<4866.755371, 317.562286, 5743.789063>) requested data for lock!
[08:47:36] Player (Bernd, 76561197965508404)(<4866.755371, 317.562286, 5743.789063>) requested data for lock!
[08:54:58] Player (Bernd, 76561197965508404)(<4866.755371, 317.562286, 5743.789063>) requested data for lock!
[10:54:32] Player (Bernd, 76561197965508404)(<4866.755371, 317.562286, 5743.789063>) requested data for lock!
[10:54:53] Player (Bernd, 76561197965508404)(<4859.516113, 319.519501, 5753.734375>) requested data for lock!
[02-10-2021][12.01.26] Log file reloaded ( Server Restart )
[12:40:46] Player (Bernd, 76561197965508404)(<4865.354492, 317.429993, 5753.979004>) requested data for lock!
[12:45:11] Player (Bernd, 76561197965508404)(<4865.354492, 317.429993, 5753.979004>) requested data for lock!
[12:45:23] Player (Bernd, 76561197965508404)(<4865.354492, 317.429993, 5753.979004>) requested data for lock!
[12:49:07] Player (Bernd, 76561197965508404)(<4866.755371, 317.562286, 5743.789063>) requested data for lock!
[12:52:43] Player (Bernd, 76561197965508404)(<4867.050293, 317.463715, 5749.970703>) requested data for lock!
[12:54:48] Player (Bernd, 76561197965508404)(<4865.354492, 317.429993, 5753.979004>) requested data for lock!
[12:55:43] Player (Bernd, 76561197965508404)(<4859.516113, 319.519501, 5753.734375>) requested data for lock!
[12:58:53] Player (Bernd, 76561197965508404)(<4866.755371, 317.562286, 5743.789063>) requested data for lock!
[12:59:20] Player (MikaBrandon, 76561198215565199)(<3483.115967, 293.949921, 8585.571289>) requested data for lock!
[13:04:57] Player (Bernd, 76561197965508404)(<4866.755371, 317.562286, 5743.789063>) requested data for lock!
[13:05:03] Player (Bernd, 76561197965508404)(<4867.050293, 317.463715, 5749.970703>) requested data for lock!
[13:05:08] Player (Bernd, 76561197965508404)(<4867.050293, 317.463715, 5749.970703>) requested data for lock!
[13:05:14] Player (Bernd, 76561197965508404)(<4865.354492, 317.429993, 5753.979004>) requested data for lock!
[13:06:20] Player (MikaBrandon, 76561198215565199)(<3483.115967, 293.949921, 8585.571289>) requested data for lock!
[13:06:48] Player (MikaBrandon, 76561198215565199)(<3483.115967, 293.949921, 8585.571289>) requested data for lock!
[13:07:16] Player (Bernd, 76561197965508404)(<4866.755371, 317.562286, 5743.789063>) requested data for lock!
[13:07:33] Player (Bernd, 76561197965508404)(<4865.354492, 317.429993, 5753.979004>) requested data for lock!
[13:07:34] Player (MikaBrandon, 76561198215565199)(<3483.115967, 293.949921, 8585.571289>) requested data for lock!
[13:07:40] Player (MikaBrandon, 76561198215565199)(<3483.115967, 293.949921, 8585.571289>) requested data for lock!
[13:07:43] Player (Bernd, 76561197965508404)(<4865.354492, 317.429993, 5753.979004>) requested data for lock!
[13:10:27] Player (MikaBrandon, 76561198215565199)(<3483.115967, 293.949921, 8585.571289>) requested data for lock!
[13:14:03] Player (Bernd, 76561197965508404)(<4866.755371, 317.562286, 5743.789063>) requested data for lock!
[13:14:30] Player (Bernd, 76561197965508404)(<4859.516113, 319.519501, 5753.734375>) requested data for lock!
[13:14:44] Player (Bernd, 76561197965508404)(<4867.050293, 317.463715, 5749.970703>) requested data for lock!
[13:15:56] Player (Bernd, 76561197965508404)(<4859.516113, 319.519501, 5753.734375>) requested data for lock!
[13:38:38] Player (MikaBrandon, 76561198215565199)(<3483.115967, 293.949921, 8585.571289>) requested data for lock!
[13:40:54] Player (MikaBrandon, 76561198215565199)(<3483.115967, 293.949921, 8585.571289>) requested data for lock!
[13:41:08] Player (MikaBrandon, 76561198215565199)(<3483.115967, 293.949921, 8585.571289>) requested data for lock!
[13:42:53] Player (MikaBrandon, 76561198215565199)(<3483.115967, 293.949921, 8585.571289>) requested data for lock!
[13:45:46] Player (MikaBrandon, 76561198215565199)(<3506.060059, 293.964264, 8633.856445>) requested data for lock!
[14:03:43] Player (JevBurns, 76561198068395829)(<3483.115967, 293.949921, 8585.571289>) requested data for lock!
[14:03:48] Player (JevBurns, 76561198068395829)(<3483.115967, 293.949921, 8585.571289>) requested data for lock!
[14:07:12] Player (MikaBrandon, 76561198215565199)(<3506.060059, 293.964264, 8633.856445>) requested data for lock!
[14:07:18] Player (MikaBrandon, 76561198215565199)(<3506.060059, 293.964264, 8633.856445>) requested data for lock!
[14:07:23] Player (MikaBrandon, 76561198215565199)(<3508.411133, 293.999268, 8636.015625>) requested data for lock!
[14:07:34] Player (MikaBrandon, 76561198215565199)(<3506.060059, 293.964264, 8633.856445>) requested data for lock!
[14:07:45] Player (MikaBrandon, 76561198215565199)(<3483.115967, 293.949921, 8585.571289>) requested data for lock!
[14:09:42] Player (MikaBrandon, 76561198215565199)(<3483.115967, 293.949921, 8585.571289>) requested data for lock!
[14:09:57] Player (MikaBrandon, 76561198215565199)(<3483.115967, 293.949921, 8585.571289>) requested data for lock!
[14:13:52] Player (MikaBrandon, 76561198215565199)(<3483.115967, 293.949921, 8585.571289>) requested data for lock!
[14:14:30] Player (MikaBrandon, 76561198215565199)(<3483.115967, 293.949921, 8585.571289>) requested data for lock!
[14:17:31] Player (MikaBrandon, 76561198215565199)(<3483.115967, 293.949921, 8585.571289>) requested data for lock!
[14:18:27] Player (MikaBrandon, 76561198215565199)(<3483.115967, 293.949921, 8585.571289>) requested data for lock!
[14:21:38] Player (zendog, 76561197970078933)(<3657.559570, 299.528961, 8592.310547>) requested data for lock!
[14:21:43] Player (zendog, 76561197970078933)(<3657.559570, 299.528961, 8592.310547>) requested data for lock!
[14:21:48] Player (zendog, 76561197970078933)(<3657.559570, 299.528961, 8592.310547>) requested data for lock!
[14:22:06] Player (zendog, 76561197970078933)(<3636.865967, 299.367523, 8604.010742>) requested data for lock!
[14:22:31] Player (zendog, 76561197970078933)(<3635.937988, 299.511383, 8581.647461>) requested data for lock!
[14:28:22] Player (zendog, 76561197970078933)(<3636.865967, 299.367523, 8604.010742>) requested data for lock!
[15:21:00] Player (JevBurns, 76561198068395829)(<5373.711426, 311.260620, 5692.094238>) requested data for lock!
[15:23:32] Player (JevBurns, 76561198068395829)(<5373.711426, 311.260620, 5692.094238>) requested data for lock!
[15:37:23] Player (zendog, 76561197970078933)(<3657.559570, 299.528961, 8592.310547>) requested data for lock!
[15:46:03] Player (zendog, 76561197970078933)(<3635.937988, 299.511383, 8581.647461>) requested data for lock!
[15:46:17] Player (Bernd, 76561197965508404)(<4866.755371, 317.562286, 5743.789063>) requested data for lock!
[15:47:14] Player (zendog, 76561197970078933)(<3636.865967, 299.367523, 8604.010742>) requested data for lock!
[15:47:54] Player (zendog, 76561197970078933)(<3636.865967, 299.367523, 8604.010742>) requested data for lock!
[15:48:50] Player (Bernd, 76561197965508404)(<4867.050293, 317.463715, 5749.970703>) requested data for lock!
[15:50:16] Player (Bernd, 76561197965508404)(<4859.516113, 319.519501, 5753.734375>) requested data for lock!
[15:59:48] Player (zendog, 76561197970078933)(<3657.559570, 299.528961, 8592.310547>) requested data for lock!
[02-10-2021][16.01.23] Log file reloaded ( Server Restart )
[16:08:57] Player (zendog, 76561197970078933)(<3657.559570, 299.528961, 8592.310547>) requested data for lock!
[16:09:02] Player (zendog, 76561197970078933)(<3657.559570, 299.528961, 8592.310547>) requested data for lock!
[16:09:08] Player (zendog, 76561197970078933)(<3657.559570, 299.528961, 8592.310547>) requested data for lock!
[16:09:13] Player (zendog, 76561197970078933)(<3657.559570, 299.528961, 8592.310547>) requested data for lock!
[16:09:18] Player (zendog, 76561197970078933)(<3657.559570, 299.528961, 8592.310547>) requested data for lock!
[16:09:23] Player (zendog, 76561197970078933)(<3657.559570, 299.528961, 8592.310547>) requested data for lock!
[16:09:28] Player (zendog, 76561197970078933)(<3657.559570, 299.528961, 8592.310547>) requested data for lock!
[16:09:33] Player (zendog, 76561197970078933)(<3657.559570, 299.528961, 8592.310547>) requested data for lock!
[16:09:38] Player (zendog, 76561197970078933)(<3657.559570, 299.528961, 8592.310547>) requested data for lock!
[16:09:43] Player (zendog, 76561197970078933)(<3657.559570, 299.528961, 8592.310547>) requested data for lock!
[16:11:14] Player (Bernd, 76561197965508404)(<4865.354492, 317.429993, 5753.979004>) requested data for lock!
[16:11:21] Player (Bernd, 76561197965508404)(<4859.516113, 319.519501, 5753.734375>) requested data for lock!
[16:14:10] Player (Bernd, 76561197965508404)(<4859.516113, 319.519501, 5753.734375>) requested data for lock!
[16:14:26] Player (Bernd, 76561197965508404)(<4859.516113, 319.519501, 5753.734375>) requested data for lock!
[16:37:37] Player (zendog, 76561197970078933)(<3657.559570, 299.528961, 8592.310547>) requested data for lock!
[16:37:50] Player (zendog, 76561197970078933)(<3636.865967, 299.367523, 8604.010742>) requested data for lock!
[16:38:28] Player (zendog, 76561197970078933)(<3636.865967, 299.367523, 8604.010742>) requested data for lock!
[16:39:04] Player (zendog, 76561197970078933)(<3657.559570, 299.528961, 8592.310547>) requested data for lock!
[16:44:03] Player (zendog, 76561197970078933)(<3635.937988, 299.511383, 8581.647461>) requested data for lock!
[16:44:17] Player (zendog, 76561197970078933)(<3635.937988, 299.511383, 8581.647461>) requested data for lock!
[16:44:26] Player (zendog, 76561197970078933)(<3636.865967, 299.367523, 8604.010742>) requested data for lock!
[16:45:28] Player (zendog, 76561197970078933)(<3644.800537, 300.723511, 8596.750977>) requested data for lock!
[16:45:33] Player (zendog, 76561197970078933)(<3644.800537, 300.723511, 8596.750977>) requested data for lock!
[16:45:38] Player (zendog, 76561197970078933)(<3644.800537, 300.723511, 8596.750977>) requested data for lock!
[16:45:43] Player (zendog, 76561197970078933)(<3644.800537, 300.723511, 8596.750977>) requested data for lock!
[16:46:06] Player (zendog, 76561197970078933)(<3644.800537, 300.723511, 8596.750977>) requested data for lock!
[16:46:14] Player (zendog, 76561197970078933)(<3644.800537, 300.723511, 8596.750977>) requested data for lock!
[16:46:28] Player (zendog, 76561197970078933)(<3636.865967, 299.367523, 8604.010742>) requested data for lock!
[16:47:57] Player (zendog, 76561197970078933)(<3657.559570, 299.528961, 8592.310547>) requested data for lock!
[16:48:02] Player (zendog, 76561197970078933)(<3657.559570, 299.528961, 8592.310547>) requested data for lock!
[16:48:27] Player (zendog, 76561197970078933)(<3657.559570, 299.528961, 8592.310547>) requested data for lock!
[16:48:37] Player (zendog, 76561197970078933)(<3657.559570, 299.528961, 8592.310547>) requested data for lock!
[17:07:05] Player (Bernd, 76561197965508404)(<4859.516113, 319.519501, 5753.734375>) requested data for lock!
[17:07:14] Player (Bernd, 76561197965508404)(<4859.516113, 319.519501, 5753.734375>) requested data for lock!
[17:08:37] Player (Bernd, 76561197965508404)(<4859.516113, 319.519501, 5753.734375>) requested data for lock!
[17:12:08] Player (Bernd, 76561197965508404)(<4866.755371, 317.562286, 5743.789063>) requested data for lock!
[17:12:21] Player (Bernd, 76561197965508404)(<4867.050293, 317.463715, 5749.970703>) requested data for lock!
[17:12:46] Player (Bernd, 76561197965508404)(<4867.050293, 317.463715, 5749.970703>) requested data for lock!
[17:13:30] Player (Bernd, 76561197965508404)(<4859.516113, 319.519501, 5753.734375>) requested data for lock!
[17:32:58] Player (Bernd, 76561197965508404)(<4865.354492, 317.429993, 5753.979004>) requested data for lock!
[17:33:03] Player (Bernd, 76561197965508404)(<4859.516113, 319.519501, 5753.734375>) requested data for lock!
[17:34:56] Player (Bernd, 76561197965508404)(<4859.516113, 319.519501, 5753.734375>) requested data for lock!
[17:52:57] Player (zendog, 76561197970078933)(<3644.800537, 300.723511, 8596.750977>) requested data for lock!
[17:55:12] Player (zendog, 76561197970078933)(<3657.559570, 299.528961, 8592.310547>) requested data for lock!
[17:56:53] Player (zendog, 76561197970078933)(<3635.937988, 299.511383, 8581.647461>) requested data for lock!
[18:07:36] Player (zendog, 76561197970078933)(<3657.559570, 299.528961, 8592.310547>) requested data for lock!
[18:07:42] Player (zendog, 76561197970078933)(<3644.800537, 300.723511, 8596.750977>) requested data for lock!
[18:14:10] Player (zendog, 76561197970078933)(<3657.559570, 299.528961, 8592.310547>) requested data for lock!
[18:17:05] Player (zendog, 76561197970078933)(<3644.800537, 300.723511, 8596.750977>) requested data for lock!
[18:17:19] Player (zendog, 76561197970078933)(<3635.937988, 299.511383, 8581.647461>) requested data for lock!
[18:20:12] Player (zendog, 76561197970078933)(<3644.800537, 300.723511, 8596.750977>) requested data for lock!
[18:22:43] Player (zendog, 76561197970078933)(<3644.800537, 300.723511, 8596.750977>) requested data for lock!
[19:06:37] Player (zendog, 76561197970078933)(<3644.800537, 300.723511, 8596.750977>) requested data for lock!
[19:10:44] Player (zendog, 76561197970078933)(<3635.937988, 299.511383, 8581.647461>) requested data for lock!
[19:11:10] Player (zendog, 76561197970078933)(<3635.937988, 299.511383, 8581.647461>) requested data for lock!
[19:11:15] Player (zendog, 76561197970078933)(<3635.937988, 299.511383, 8581.647461>) requested data for lock!
[19:11:26] Player (zendog, 76561197970078933)(<3636.865967, 299.367523, 8604.010742>) requested data for lock!
[19:12:01] Player (zendog, 76561197970078933)(<3636.865967, 299.367523, 8604.010742>) requested data for lock!
[19:12:06] Player (zendog, 76561197970078933)(<3636.865967, 299.367523, 8604.010742>) requested data for lock!
[19:12:31] Player (zendog, 76561197970078933)(<3644.800537, 300.723511, 8596.750977>) requested data for lock!
[19:12:36] Player (zendog, 76561197970078933)(<3635.937988, 299.511383, 8581.647461>) requested data for lock!
[19:13:45] Player (zendog, 76561197970078933)(<3644.800537, 300.723511, 8596.750977>) requested data for lock!
[19:16:53] Player (zendog, 76561197970078933)(<3657.559570, 299.528961, 8592.310547>) requested data for lock!
[19:17:56] Player (zendog, 76561197970078933)(<3636.865967, 299.367523, 8604.010742>) requested data for lock!
[19:20:47] Player (zendog, 76561197970078933)(<3636.865967, 299.367523, 8604.010742>) requested data for lock!
[19:25:35] Player (zendog, 76561197970078933)(<3644.800537, 300.723511, 8596.750977>) requested data for lock!
[19:26:46] Player (zendog, 76561197970078933)(<3657.559570, 299.528961, 8592.310547>) requested data for lock!
[19:27:02] Player (zendog, 76561197970078933)(<3636.865967, 299.367523, 8604.010742>) requested data for lock!
[19:27:32] Player (zendog, 76561197970078933)(<3636.865967, 299.367523, 8604.010742>) requested data for lock!
[19:59:53] Player (Bernd, 76561197965508404)(<4859.516113, 319.519501, 5753.734375>) requested data for lock!
[02-10-2021][20.01.25] Log file reloaded ( Server Restart )
[20:06:11] Player (Bernd, 76561197965508404)(<4859.516113, 319.519501, 5753.734375>) requested data for lock!
[20:35:11] Player (zendog, 76561197970078933)(<3657.559570, 299.528961, 8592.310547>) requested data for lock!
[20:39:18] Player (zendog, 76561197970078933)(<3644.800537, 300.723511, 8596.750977>) requested data for lock!
[20:42:23] Player (zendog, 76561197970078933)(<3635.937988, 299.511383, 8581.647461>) requested data for lock!
[20:42:59] Player (zendog, 76561197970078933)(<3636.865967, 299.367523, 8604.010742>) requested data for lock!
[20:58:38] Player (zendog, 76561197970078933)(<3644.800537, 300.723511, 8596.750977>) requested data for lock!
[21:19:55] Player (zendog, 76561197970078933)(<3636.865967, 299.367523, 8604.010742>) requested data for lock!
[21:22:15] Player (zendog, 76561197970078933)(<3636.865967, 299.367523, 8604.010742>) requested data for lock!
[21:24:09] Player (zendog, 76561197970078933)(<3644.800537, 300.723511, 8596.750977>) requested data for lock!
[21:24:23] Player (zendog, 76561197970078933)(<3635.937988, 299.511383, 8581.647461>) requested data for lock!
[21:25:58] Player (zendog, 76561197970078933)(<3635.937988, 299.511383, 8581.647461>) requested data for lock!
[21:28:40] Player (zendog, 76561197970078933)(<3644.800537, 300.723511, 8596.750977>) requested data for lock!
[21:29:23] Player (zendog, 76561197970078933)(<3644.800537, 300.723511, 8596.750977>) requested data for lock!
[21:32:22] Player (Percy Coles, 76561198177852285)(<3526.031006, 299.916687, 8626.491211>) requested data for lock!
[21:32:31] Player (Percy Coles, 76561198177852285)(<3523.752930, 296.958679, 8620.580078>) requested data for lock!
[21:32:38] Player (Percy Coles, 76561198177852285)(<3506.060059, 293.964264, 8633.856445>) requested data for lock!
[21:33:20] Player (Percy Coles, 76561198177852285)(<3506.060059, 293.964264, 8633.856445>) requested data for lock!
[21:34:27] Player (Percy Coles, 76561198177852285)(<3508.411133, 293.999268, 8636.015625>) requested data for lock!
[21:34:38] Player (Percy Coles, 76561198177852285)(<3523.752930, 296.958679, 8620.580078>) requested data for lock!
[21:34:43] Player (Percy Coles, 76561198177852285)(<3526.031006, 299.916687, 8626.491211>) requested data for lock!
[21:34:43] Player (zendog, 76561197970078933)(<3636.865967, 299.367523, 8604.010742>) requested data for lock!
[21:37:31] Player (zendog, 76561197970078933)(<3644.800537, 300.723511, 8596.750977>) requested data for lock!
[21:37:56] Player (Percy Coles, 76561198177852285)(<3526.031006, 299.916687, 8626.491211>) requested data for lock!
[21:41:23] Player (Percy Coles, 76561198177852285)(<3523.752930, 296.958679, 8620.580078>) requested data for lock!
[21:41:28] Player (Percy Coles, 76561198177852285)(<3523.752930, 296.958679, 8620.580078>) requested data for lock!
[21:41:33] Player (Percy Coles, 76561198177852285)(<3523.752930, 296.958679, 8620.580078>) requested data for lock!
[21:41:38] Player (Percy Coles, 76561198177852285)(<3523.752930, 296.958679, 8620.580078>) requested data for lock!
[21:41:43] Player (Percy Coles, 76561198177852285)(<3523.752930, 296.958679, 8620.580078>) requested data for lock!
[21:46:06] Player (zendog, 76561197970078933)(<3636.865967, 299.367523, 8604.010742>) requested data for lock!
[21:46:47] Player (zendog, 76561197970078933)(<3636.865967, 299.367523, 8604.010742>) requested data for lock!
[21:49:48] Player (zendog, 76561197970078933)(<3657.559570, 299.528961, 8592.310547>) requested data for lock!
[22:05:45] Player (Bernd, 76561197965508404)(<4865.354492, 317.429993, 5753.979004>) requested data for lock!
[22:06:13] Player (Bernd, 76561197965508404)(<4866.755371, 317.562286, 5743.789063>) requested data for lock!
[22:06:41] Player (Bernd, 76561197965508404)(<4859.516113, 319.519501, 5753.734375>) requested data for lock!
[22:44:43] Player (zendog, 76561197970078933)(<3657.559570, 299.528961, 8592.310547>) requested data for lock!
[22:44:59] Player (zendog, 76561197970078933)(<3657.559570, 299.528961, 8592.310547>) requested data for lock!
[22:45:05] Player (zendog, 76561197970078933)(<3657.559570, 299.528961, 8592.310547>) requested data for lock!
[22:48:01] Player (zendog, 76561197970078933)(<3636.865967, 299.367523, 8604.010742>) requested data for lock!
[22:48:30] Player (zendog, 76561197970078933)(<3636.865967, 299.367523, 8604.010742>) requested data for lock!
[22:48:43] Player (zendog, 76561197970078933)(<3636.865967, 299.367523, 8604.010742>) requested data for lock!
[22:49:19] Player (zendog, 76561197970078933)(<3636.865967, 299.367523, 8604.010742>) requested data for lock!
[22:49:49] Player (zendog, 76561197970078933)(<3633.844238, 299.326874, 8597.617188>) requested data for lock!
[22:49:54] Player (zendog, 76561197970078933)(<3636.865967, 299.367523, 8604.010742>) requested data for lock!
[22:51:19] Player (zendog, 76561197970078933)(<3636.865967, 299.367523, 8604.010742>) requested data for lock!
[22:51:26] Player (zendog, 76561197970078933)(<3657.559570, 299.528961, 8592.310547>) requested data for lock!
[22:51:31] Player (zendog, 76561197970078933)(<3657.559570, 299.528961, 8592.310547>) requested data for lock!
