[02-17-2021][00.01.22] New Synch Log File Created!
[00:03:17] Player (HughJanis, 76561199028579310)(<3212.797852, 226.390427, 13697.737305>) requested data for lock!
[00:03:25] Player (HughJanis, 76561199028579310)(<3212.797852, 226.390427, 13697.737305>) requested data for lock!
[00:09:49] Player (HughJanis, 76561199028579310)(<3212.797852, 226.390427, 13697.737305>) requested data for lock!
[00:11:38] Player (HughJanis, 76561199028579310)(<3219.512939, 225.900864, 13715.216797>) requested data for lock!
[01:45:01] Player (john duff, 76561198052699078)(<2877.450195, 215.348557, 12610.944336>) requested data for lock!
[01:57:01] Player (john duff, 76561198052699078)(<2877.450195, 215.348557, 12610.944336>) requested data for lock!
[02:01:14] Player (john duff, 76561198052699078)(<2877.450195, 215.348557, 12610.944336>) requested data for lock!
[02:01:45] Player (john duff, 76561198052699078)(<2877.450195, 215.348557, 12610.944336>) requested data for lock!
[03:19:13] Player (john duff, 76561198052699078)(<2877.450195, 215.348557, 12610.944336>) requested data for lock!
[03:21:39] Player (john duff, 76561198052699078)(<2877.450195, 215.348557, 12610.944336>) requested data for lock!
[03:21:44] Player (john duff, 76561198052699078)(<2877.450195, 215.348557, 12610.944336>) requested data for lock!
[03:21:49] Player (john duff, 76561198052699078)(<2877.450195, 215.348557, 12610.944336>) requested data for lock!
[03:21:54] Player (john duff, 76561198052699078)(<2877.450195, 215.348557, 12610.944336>) requested data for lock!
[02-17-2021][04.01.22] Log file reloaded ( Server Restart )
[05:08:58] Player (Le chinois(Fr), 76561198041337034)(<2887.373779, 215.340897, 12581.248047>) requested data for lock!
[05:09:04] Player (Le chinois(Fr), 76561198041337034)(<2887.373779, 215.340897, 12581.248047>) requested data for lock!
[05:11:52] Player (Magnetschaedel, 76561198006594084)(<3580.178955, 297.068756, 8077.733398>) requested data for lock!
[05:11:57] Player (Magnetschaedel, 76561198006594084)(<3578.918457, 297.135071, 8084.083496>) requested data for lock!
[05:12:12] Player (Magnetschaedel, 76561198006594084)(<3581.952881, 297.281006, 8087.673828>) requested data for lock!
[05:13:31] Player (Le chinois(Fr), 76561198041337034)(<2882.880859, 215.344376, 12579.721680>) requested data for lock!
[05:15:54] Player (Le chinois(Fr), 76561198041337034)(<2877.450195, 215.348557, 12610.944336>) requested data for lock!
[05:46:27] Player (Le chinois(Fr), 76561198041337034)(<2887.373779, 215.340897, 12581.248047>) requested data for lock!
[05:46:32] Player (Le chinois(Fr), 76561198041337034)(<2887.373779, 215.340897, 12581.248047>) requested data for lock!
[05:46:37] Player (Le chinois(Fr), 76561198041337034)(<2887.373779, 215.340897, 12581.248047>) requested data for lock!
[05:46:42] Player (Le chinois(Fr), 76561198041337034)(<2887.373779, 215.340897, 12581.248047>) requested data for lock!
[05:46:47] Player (Le chinois(Fr), 76561198041337034)(<2887.373779, 215.340897, 12581.248047>) requested data for lock!
[05:46:52] Player (Le chinois(Fr), 76561198041337034)(<2887.373779, 215.340897, 12581.248047>) requested data for lock!
[05:46:57] Player (Le chinois(Fr), 76561198041337034)(<2887.373779, 215.340897, 12581.248047>) requested data for lock!
[05:47:05] Player (Le chinois(Fr), 76561198041337034)(<2878.130859, 215.348038, 12578.143555>) requested data for lock!
[05:47:24] Player (Le chinois(Fr), 76561198041337034)(<2878.130859, 215.348038, 12578.143555>) requested data for lock!
[05:47:31] Player (Le chinois(Fr), 76561198041337034)(<2882.880859, 215.344376, 12579.721680>) requested data for lock!
[05:47:53] Player (Le chinois(Fr), 76561198041337034)(<2882.880859, 215.344376, 12579.721680>) requested data for lock!
[05:48:17] Player (Magnetschaedel, 76561198006594084)(<3580.178955, 297.068756, 8077.733398>) requested data for lock!
[05:49:18] Player (Le chinois(Fr), 76561198041337034)(<2882.880859, 215.344376, 12579.721680>) requested data for lock!
[05:49:23] Player (Le chinois(Fr), 76561198041337034)(<2882.880859, 215.344376, 12579.721680>) requested data for lock!
[05:49:28] Player (Le chinois(Fr), 76561198041337034)(<2882.880859, 215.344376, 12579.721680>) requested data for lock!
[05:49:33] Player (Le chinois(Fr), 76561198041337034)(<2882.880859, 215.344376, 12579.721680>) requested data for lock!
[05:49:38] Player (Le chinois(Fr), 76561198041337034)(<2882.880859, 215.344376, 12579.721680>) requested data for lock!
[05:50:42] Player (Magnetschaedel, 76561198006594084)(<3578.918457, 297.135071, 8084.083496>) requested data for lock!
[05:51:17] Player (Le chinois(Fr), 76561198041337034)(<2882.880859, 215.344376, 12579.721680>) requested data for lock!
[05:53:28] Player (Le chinois(Fr), 76561198041337034)(<2882.880859, 215.344376, 12579.721680>) requested data for lock!
[05:54:01] Player (Le chinois(Fr), 76561198041337034)(<2887.373779, 215.340897, 12581.248047>) requested data for lock!
[05:56:01] Player (Magnetschaedel, 76561198006594084)(<3578.918457, 297.135071, 8084.083496>) requested data for lock!
[06:01:52] Player (Le chinois(Fr), 76561198041337034)(<2882.880859, 215.344376, 12579.721680>) requested data for lock!
[06:02:15] Player (Magnetschaedel, 76561198006594084)(<3581.952881, 297.281006, 8087.673828>) requested data for lock!
[06:02:28] Player (Le chinois(Fr), 76561198041337034)(<2882.880859, 215.344376, 12579.721680>) requested data for lock!
[06:02:33] Player (Le chinois(Fr), 76561198041337034)(<2882.880859, 215.344376, 12579.721680>) requested data for lock!
[06:03:01] Player (Magnetschaedel, 76561198006594084)(<3580.178955, 297.068756, 8077.733398>) requested data for lock!
[06:05:51] Player (Magnetschaedel, 76561198006594084)(<3581.952881, 297.281006, 8087.673828>) requested data for lock!
[06:07:49] Player (Magnetschaedel, 76561198006594084)(<3581.952881, 297.281006, 8087.673828>) requested data for lock!
[06:10:34] Player (Magnetschaedel, 76561198006594084)(<3581.952881, 297.281006, 8087.673828>) requested data for lock!
[06:16:02] Player (Percy Coles, 76561198177852285)(<3640.287842, 298.017731, 8519.210938>) requested data for lock!
[06:20:20] Player (Percy Coles, 76561198177852285)(<3640.287842, 298.017731, 8519.210938>) requested data for lock!
[06:22:21] Player (Percy Coles, 76561198177852285)(<3640.287842, 298.017731, 8519.210938>) requested data for lock!
[06:23:12] Player (Percy Coles, 76561198177852285)(<3640.287842, 298.017731, 8519.210938>) requested data for lock!
[07:10:00] Player (Le chinois(Fr), 76561198041337034)(<2887.373779, 215.340897, 12581.248047>) requested data for lock!
[07:10:06] Player (Le chinois(Fr), 76561198041337034)(<2887.373779, 215.340897, 12581.248047>) requested data for lock!
[07:10:22] Player (Le chinois(Fr), 76561198041337034)(<2882.880859, 215.344376, 12579.721680>) requested data for lock!
[07:18:53] Player (Le chinois(Fr), 76561198041337034)(<2882.880859, 215.344376, 12579.721680>) requested data for lock!
[07:22:46] Player (Le chinois(Fr), 76561198041337034)(<2882.880859, 215.344376, 12579.721680>) requested data for lock!
[07:23:38] Player (Le chinois(Fr), 76561198041337034)(<2882.880859, 215.344376, 12579.721680>) requested data for lock!
[07:24:21] Player (Le chinois(Fr), 76561198041337034)(<2882.880859, 215.344376, 12579.721680>) requested data for lock!
[07:28:36] Player (Le chinois(Fr), 76561198041337034)(<2887.373779, 215.340897, 12581.248047>) requested data for lock!
[07:30:19] Player (Le chinois(Fr), 76561198041337034)(<2887.373779, 215.340897, 12581.248047>) requested data for lock!
[07:31:02] Player (Le chinois(Fr), 76561198041337034)(<2882.880859, 215.344376, 12579.721680>) requested data for lock!
[07:32:31] Player (Magnetschaedel, 76561198006594084)(<3580.178955, 297.068756, 8077.733398>) requested data for lock!
[07:32:43] Player (Le chinois(Fr), 76561198041337034)(<2882.880859, 215.344376, 12579.721680>) requested data for lock!
[07:36:59] Player (Le chinois(Fr), 76561198041337034)(<2882.880859, 215.344376, 12579.721680>) requested data for lock!
[07:37:22] Player (Percy Coles, 76561198177852285)(<3640.287842, 298.017731, 8519.210938>) requested data for lock!
[07:39:51] Player (Percy Coles, 76561198177852285)(<3640.287842, 298.017731, 8519.210938>) requested data for lock!
[07:41:10] Player (Magnetschaedel, 76561198006594084)(<3580.178955, 297.068756, 8077.733398>) requested data for lock!
[07:42:14] Player (Magnetschaedel, 76561198006594084)(<3580.178955, 297.068756, 8077.733398>) requested data for lock!
[07:42:27] Player (Magnetschaedel, 76561198006594084)(<3580.178955, 297.068756, 8077.733398>) requested data for lock!
[07:42:40] Player (Magnetschaedel, 76561198006594084)(<3580.178955, 297.068756, 8077.733398>) requested data for lock!
[07:43:10] Player (Magnetschaedel, 76561198006594084)(<3580.178955, 297.068756, 8077.733398>) requested data for lock!
[07:48:10] Player (Percy Coles, 76561198177852285)(<3640.287842, 298.017731, 8519.210938>) requested data for lock!
[07:48:17] Player (Magnetschaedel, 76561198006594084)(<3580.178955, 297.068756, 8077.733398>) requested data for lock!
[07:48:25] Player (Magnetschaedel, 76561198006594084)(<3580.178955, 297.068756, 8077.733398>) requested data for lock!
[07:48:33] Player (Percy Coles, 76561198177852285)(<3640.287842, 298.017731, 8519.210938>) requested data for lock!
[07:48:43] Player (Percy Coles, 76561198177852285)(<3640.287842, 298.017731, 8519.210938>) requested data for lock!
[07:48:54] Player (Percy Coles, 76561198177852285)(<3640.287842, 298.017731, 8519.210938>) requested data for lock!
[07:48:57] Player (Le chinois(Fr), 76561198041337034)(<2877.450195, 215.348557, 12610.944336>) requested data for lock!
[07:49:03] Player (Le chinois(Fr), 76561198041337034)(<2877.450195, 215.348557, 12610.944336>) requested data for lock!
[07:49:14] Player (Le chinois(Fr), 76561198041337034)(<2887.373779, 215.340897, 12581.248047>) requested data for lock!
[07:49:20] Player (Le chinois(Fr), 76561198041337034)(<2882.880859, 215.344376, 12579.721680>) requested data for lock!
[07:49:26] Player (Percy Coles, 76561198177852285)(<3640.287842, 298.017731, 8519.210938>) requested data for lock!
[07:50:41] Player (Le chinois(Fr), 76561198041337034)(<2882.880859, 215.344376, 12579.721680>) requested data for lock!
[07:51:07] Player (Percy Coles, 76561198177852285)(<3637.537109, 298.017883, 8515.753906>) requested data for lock!
[07:51:26] Player (Percy Coles, 76561198177852285)(<3637.537109, 298.017883, 8515.753906>) requested data for lock!
[07:51:46] Player (Percy Coles, 76561198177852285)(<3636.993164, 297.993439, 8507.950195>) requested data for lock!
[07:52:42] Player (Le chinois(Fr), 76561198041337034)(<2882.880859, 215.344376, 12579.721680>) requested data for lock!
[07:53:30] Player (Magnetschaedel, 76561198006594084)(<3580.178955, 297.068756, 8077.733398>) requested data for lock!
[07:56:04] Player (Percy Coles, 76561198177852285)(<3637.537109, 298.017883, 8515.753906>) requested data for lock!
[07:56:20] Player (Magnetschaedel, 76561198006594084)(<3580.178955, 297.068756, 8077.733398>) requested data for lock!
[02-17-2021][08.01.25] Log file reloaded ( Server Restart )
[08:06:48] Player (Magnetschaedel, 76561198006594084)(<3580.178955, 297.068756, 8077.733398>) requested data for lock!
[08:06:56] Player (Magnetschaedel, 76561198006594084)(<3580.178955, 297.068756, 8077.733398>) requested data for lock!
[08:22:13] Player (Le chinois(Fr), 76561198041337034)(<2882.880859, 215.344376, 12579.721680>) requested data for lock!
[08:34:45] Player (Helmut Lootie, 76561198065413312)(<4639.968262, 273.503418, 6777.134277>) requested data for lock!
[08:35:07] Player (Helmut Lootie, 76561198065413312)(<4620.941895, 273.697296, 6793.291504>) requested data for lock!
[08:39:13] Player (Helmut Lootie, 76561198065413312)(<4620.941895, 273.697296, 6793.291504>) requested data for lock!
[08:39:26] Player (Magnetschaedel, 76561198006594084)(<3580.178955, 297.068756, 8077.733398>) requested data for lock!
[08:41:51] Player (Helmut Lootie, 76561198065413312)(<4627.396484, 273.698944, 6786.310547>) requested data for lock!
[08:41:59] Player (Helmut Lootie, 76561198065413312)(<4620.941895, 273.697296, 6793.291504>) requested data for lock!
[08:42:31] Player (Helmut Lootie, 76561198065413312)(<4639.968262, 273.503418, 6777.134277>) requested data for lock!
[08:44:24] Player (Helmut Lootie, 76561198065413312)(<4639.968262, 273.503418, 6777.134277>) requested data for lock!
[08:44:32] Player (Helmut Lootie, 76561198065413312)(<4627.396484, 273.698944, 6786.310547>) requested data for lock!
[08:44:43] Player (Magnetschaedel, 76561198006594084)(<3581.952881, 297.281006, 8087.673828>) requested data for lock!
[08:44:48] Player (Magnetschaedel, 76561198006594084)(<3580.178955, 297.068756, 8077.733398>) requested data for lock!
[08:45:16] Player (Magnetschaedel, 76561198006594084)(<3578.918457, 297.135071, 8084.083496>) requested data for lock!
[08:45:32] Player (Magnetschaedel, 76561198006594084)(<3581.952881, 297.281006, 8087.673828>) requested data for lock!
[08:46:10] Player (Helmut Lootie, 76561198065413312)(<4627.396484, 273.698944, 6786.310547>) requested data for lock!
[08:47:14] Player (Helmut Lootie, 76561198065413312)(<4639.968262, 273.503418, 6777.134277>) requested data for lock!
[08:49:34] Player (Helmut Lootie, 76561198065413312)(<4613.427734, 273.583130, 6809.125000>) requested data for lock!
[08:52:29] Player (Magnetschaedel, 76561198006594084)(<3483.108643, 293.532867, 8583.596680>) requested data for lock!
[08:53:20] Player (Helmut Lootie, 76561198065413312)(<4639.968262, 273.503418, 6777.134277>) requested data for lock!
[08:53:50] Player (Helmut Lootie, 76561198065413312)(<4627.396484, 273.698944, 6786.310547>) requested data for lock!
[08:53:53] Player (Magnetschaedel, 76561198006594084)(<3630.330078, 299.735687, 8513.744141>) requested data for lock!
[08:54:05] Player (Magnetschaedel, 76561198006594084)(<3637.537109, 298.017883, 8515.753906>) requested data for lock!
[08:58:57] Player (Helmut Lootie, 76561198065413312)(<4620.941895, 273.697296, 6793.291504>) requested data for lock!
[08:59:28] Player (Helmut Lootie, 76561198065413312)(<4613.427734, 273.583130, 6809.125000>) requested data for lock!
[09:00:23] Player (Helmut Lootie, 76561198065413312)(<4639.968262, 273.503418, 6777.134277>) requested data for lock!
[09:01:23] Player (Helmut Lootie, 76561198065413312)(<4620.941895, 273.697296, 6793.291504>) requested data for lock!
[09:01:43] Player (Helmut Lootie, 76561198065413312)(<4639.968262, 273.503418, 6777.134277>) requested data for lock!
[09:01:50] Player (Helmut Lootie, 76561198065413312)(<4639.968262, 273.503418, 6777.134277>) requested data for lock!
[09:08:47] Player (JevBurns, 76561198068395829)(<4613.427734, 273.583130, 6809.125000>) requested data for lock!
[09:12:53] Player (Helmut Lootie, 76561198065413312)(<4627.396484, 273.698944, 6786.310547>) requested data for lock!
[09:12:59] Player (Helmut Lootie, 76561198065413312)(<4627.396484, 273.698944, 6786.310547>) requested data for lock!
[09:13:04] Player (Helmut Lootie, 76561198065413312)(<4627.396484, 273.698944, 6786.310547>) requested data for lock!
[09:13:09] Player (Helmut Lootie, 76561198065413312)(<4627.396484, 273.698944, 6786.310547>) requested data for lock!
[09:13:14] Player (Helmut Lootie, 76561198065413312)(<4627.396484, 273.698944, 6786.310547>) requested data for lock!
[09:14:14] Player (Helmut Lootie, 76561198065413312)(<4639.968262, 273.503418, 6777.134277>) requested data for lock!
[09:14:42] Player (Helmut Lootie, 76561198065413312)(<4627.396484, 273.698944, 6786.310547>) requested data for lock!
[09:14:52] Player (Helmut Lootie, 76561198065413312)(<4613.427734, 273.583130, 6809.125000>) requested data for lock!
[09:15:58] Player (Helmut Lootie, 76561198065413312)(<4639.968262, 273.503418, 6777.134277>) requested data for lock!
[09:16:18] Player (Helmut Lootie, 76561198065413312)(<4639.968262, 273.503418, 6777.134277>) requested data for lock!
[09:16:26] Player (Helmut Lootie, 76561198065413312)(<4639.968262, 273.503418, 6777.134277>) requested data for lock!
[09:16:31] Player (Helmut Lootie, 76561198065413312)(<4639.968262, 273.503418, 6777.134277>) requested data for lock!
[09:33:52] Player (Magnetschaedel, 76561198006594084)(<3580.178955, 297.068756, 8077.733398>) requested data for lock!
[09:53:16] Player (Percy Coles, 76561198177852285)(<3637.537109, 298.017883, 8515.753906>) requested data for lock!
[09:53:21] Player (Percy Coles, 76561198177852285)(<3640.287842, 298.017731, 8519.210938>) requested data for lock!
[09:53:43] Player (Percy Coles, 76561198177852285)(<3640.287842, 298.017731, 8519.210938>) requested data for lock!
[09:53:56] Player (Percy Coles, 76561198177852285)(<3637.432129, 297.993652, 8512.681641>) requested data for lock!
[10:06:27] Player (Magnetschaedel, 76561198006594084)(<3580.178955, 297.068756, 8077.733398>) requested data for lock!
[10:18:49] Player (john duff, 76561198052699078)(<2877.450195, 215.348557, 12610.944336>) requested data for lock!
[10:21:48] Player (Helmut Lootie, 76561198065413312)(<4639.968262, 273.503418, 6777.134277>) requested data for lock!
[10:23:01] Player (Helmut Lootie, 76561198065413312)(<4639.968262, 273.503418, 6777.134277>) requested data for lock!
[10:24:24] Player (john duff, 76561198052699078)(<2877.450195, 215.348557, 12610.944336>) requested data for lock!
[10:24:31] Player (john duff, 76561198052699078)(<2882.880859, 215.344376, 12579.721680>) requested data for lock!
[10:24:36] Player (john duff, 76561198052699078)(<2882.880859, 215.344376, 12579.721680>) requested data for lock!
[10:24:55] Player (john duff, 76561198052699078)(<2877.450195, 215.348557, 12610.944336>) requested data for lock!
[10:25:48] Player (john duff, 76561198052699078)(<2877.450195, 215.348557, 12610.944336>) requested data for lock!
[10:26:34] Player (john duff, 76561198052699078)(<2877.450195, 215.348557, 12610.944336>) requested data for lock!
[10:28:32] Player (john duff, 76561198052699078)(<2877.450195, 215.348557, 12610.944336>) requested data for lock!
[10:28:39] Player (john duff, 76561198052699078)(<2877.450195, 215.348557, 12610.944336>) requested data for lock!
[10:29:33] Player (john duff, 76561198052699078)(<2882.880859, 215.344376, 12579.721680>) requested data for lock!
[10:51:11] Player (john duff, 76561198052699078)(<2877.450195, 215.348557, 12610.944336>) requested data for lock!
[10:51:39] Player (john duff, 76561198052699078)(<2887.373779, 215.340897, 12581.248047>) requested data for lock!
[10:52:26] Player (john duff, 76561198052699078)(<2882.880859, 215.344376, 12579.721680>) requested data for lock!
[10:53:51] Player (john duff, 76561198052699078)(<2877.450195, 215.348557, 12610.944336>) requested data for lock!
[10:57:41] Player (Helmut Lootie, 76561198065413312)(<4639.968262, 273.503418, 6777.134277>) requested data for lock!
[10:57:46] Player (Helmut Lootie, 76561198065413312)(<4627.396484, 273.698944, 6786.310547>) requested data for lock!
[10:58:44] Player (Helmut Lootie, 76561198065413312)(<4620.941895, 273.697296, 6793.291504>) requested data for lock!
[11:00:40] Player (john duff, 76561198052699078)(<2877.450195, 215.348557, 12610.944336>) requested data for lock!
[11:01:27] Player (john duff, 76561198052699078)(<2877.450195, 215.348557, 12610.944336>) requested data for lock!
[11:02:53] Player (john duff, 76561198052699078)(<2877.450195, 215.348557, 12610.944336>) requested data for lock!
[11:06:28] Player (Helmut Lootie, 76561198065413312)(<4627.396484, 273.698944, 6786.310547>) requested data for lock!
[11:12:26] Player (Le chinois(Fr), 76561198041337034)(<2887.373779, 215.340897, 12581.248047>) requested data for lock!
[11:12:58] Player (Le chinois(Fr), 76561198041337034)(<2887.373779, 215.340897, 12581.248047>) requested data for lock!
[11:14:30] Player (Le chinois(Fr), 76561198041337034)(<2882.880859, 215.344376, 12579.721680>) requested data for lock!
[11:15:15] Player (Le chinois(Fr), 76561198041337034)(<2882.880859, 215.344376, 12579.721680>) requested data for lock!
[11:16:07] Player (Helmut Lootie, 76561198065413312)(<4639.968262, 273.503418, 6777.134277>) requested data for lock!
[11:17:36] Player (john duff, 76561198052699078)(<2877.450195, 215.348557, 12610.944336>) requested data for lock!
[11:17:42] Player (Helmut Lootie, 76561198065413312)(<4620.941895, 273.697296, 6793.291504>) requested data for lock!
[11:19:04] Player (john duff, 76561198052699078)(<2877.450195, 215.348557, 12610.944336>) requested data for lock!
[11:19:30] Player (Helmut Lootie, 76561198065413312)(<4620.941895, 273.697296, 6793.291504>) requested data for lock!
[11:19:54] Player (Helmut Lootie, 76561198065413312)(<4627.396484, 273.698944, 6786.310547>) requested data for lock!
[11:20:06] Player (Helmut Lootie, 76561198065413312)(<4639.968262, 273.503418, 6777.134277>) requested data for lock!
[11:50:33] Player (Magnetschaedel, 76561198006594084)(<3580.178955, 297.068756, 8077.733398>) requested data for lock!
[11:52:17] Player (Magnetschaedel, 76561198006594084)(<3580.178955, 297.068756, 8077.733398>) requested data for lock!
[11:55:41] Player (Magnetschaedel, 76561198006594084)(<3581.952881, 297.281006, 8087.673828>) requested data for lock!
[02-17-2021][12.01.24] Log file reloaded ( Server Restart )
[12:13:13] Player (Le chinois(Fr), 76561198041337034)(<2882.880859, 215.344376, 12579.721680>) requested data for lock!
[12:13:18] Player (Le chinois(Fr), 76561198041337034)(<2882.880859, 215.344376, 12579.721680>) requested data for lock!
[12:14:12] Player (Le chinois(Fr), 76561198041337034)(<2887.373779, 215.340897, 12581.248047>) requested data for lock!
[12:19:33] Player (Le chinois(Fr), 76561198041337034)(<2887.373779, 215.340897, 12581.248047>) requested data for lock!
[12:19:45] Player (Le chinois(Fr), 76561198041337034)(<2882.880859, 215.344376, 12579.721680>) requested data for lock!
[12:19:50] Player (Le chinois(Fr), 76561198041337034)(<2887.373779, 215.340897, 12581.248047>) requested data for lock!
[12:25:01] Player (Le chinois(Fr), 76561198041337034)(<2882.880859, 215.344376, 12579.721680>) requested data for lock!
[12:31:44] Player (Le chinois(Fr), 76561198041337034)(<2878.130859, 215.348038, 12578.143555>) requested data for lock!
[12:36:09] Player (Le chinois(Fr), 76561198041337034)(<2882.880859, 215.344376, 12579.721680>) requested data for lock!
[12:36:49] Player (john duff, 76561198052699078)(<2877.450195, 215.348557, 12610.944336>) requested data for lock!
[12:36:59] Player (Le chinois(Fr), 76561198041337034)(<2878.130859, 215.348038, 12578.143555>) requested data for lock!
[12:41:29] Player (Le chinois(Fr), 76561198041337034)(<2878.130859, 215.348038, 12578.143555>) requested data for lock!
[12:42:02] Player (Le chinois(Fr), 76561198041337034)(<2887.373779, 215.340897, 12581.248047>) requested data for lock!
[12:42:13] Player (Le chinois(Fr), 76561198041337034)(<2882.880859, 215.344376, 12579.721680>) requested data for lock!
[12:43:20] Player (Le chinois(Fr), 76561198041337034)(<2882.880859, 215.344376, 12579.721680>) requested data for lock!
[12:46:55] Player (Le chinois(Fr), 76561198041337034)(<2887.373779, 215.340897, 12581.248047>) requested data for lock!
[12:47:02] Player (Le chinois(Fr), 76561198041337034)(<2882.880859, 215.344376, 12579.721680>) requested data for lock!
[12:47:45] Player (Le chinois(Fr), 76561198041337034)(<2887.373779, 215.340897, 12581.248047>) requested data for lock!
[12:48:15] Player (Le chinois(Fr), 76561198041337034)(<2887.373779, 215.340897, 12581.248047>) requested data for lock!
[12:53:57] Player (Le chinois(Fr), 76561198041337034)(<2882.880859, 215.344376, 12579.721680>) requested data for lock!
[12:55:17] Player (Le chinois(Fr), 76561198041337034)(<2878.130859, 215.348038, 12578.143555>) requested data for lock!
[12:57:00] Player (john duff, 76561198052699078)(<2882.880859, 215.344376, 12579.721680>) requested data for lock!
[12:57:37] Player (john duff, 76561198052699078)(<2878.130859, 215.348038, 12578.143555>) requested data for lock!
[12:59:03] Player (Le chinois(Fr), 76561198041337034)(<2887.373779, 215.340897, 12581.248047>) requested data for lock!
[13:00:36] Player (Le chinois(Fr), 76561198041337034)(<2882.880859, 215.344376, 12579.721680>) requested data for lock!
[13:02:34] Player (Le chinois(Fr), 76561198041337034)(<2882.880859, 215.344376, 12579.721680>) requested data for lock!
[13:04:19] Player (Le chinois(Fr), 76561198041337034)(<2882.880859, 215.344376, 12579.721680>) requested data for lock!
[13:04:32] Player (Le chinois(Fr), 76561198041337034)(<2887.373779, 215.340897, 12581.248047>) requested data for lock!
[13:10:01] Player (Le chinois(Fr), 76561198041337034)(<2882.880859, 215.344376, 12579.721680>) requested data for lock!
[13:12:17] Player (Le chinois(Fr), 76561198041337034)(<2882.880859, 215.344376, 12579.721680>) requested data for lock!
[13:12:54] Player (Le chinois(Fr), 76561198041337034)(<2882.880859, 215.344376, 12579.721680>) requested data for lock!
[13:15:09] Player (john duff, 76561198052699078)(<2877.450195, 215.348557, 12610.944336>) requested data for lock!
[13:15:22] Player (Le chinois(Fr), 76561198041337034)(<2882.880859, 215.344376, 12579.721680>) requested data for lock!
[13:15:39] Player (john duff, 76561198052699078)(<2877.450195, 215.348557, 12610.944336>) requested data for lock!
[13:40:55] Player (Survivor, 76561198277449949)(<10419.672852, 7.380839, 2072.793213>) requested data for lock!
[13:41:10] Player (Helmut Lootie, 76561198065413312)(<4627.396484, 273.698944, 6786.310547>) requested data for lock!
[13:41:59] Player (Helmut Lootie, 76561198065413312)(<4639.968262, 273.503418, 6777.134277>) requested data for lock!
[13:42:32] Player (Helmut Lootie, 76561198065413312)(<4639.968262, 273.503418, 6777.134277>) requested data for lock!
[13:43:47] Player (john duff, 76561198052699078)(<2877.450195, 215.348557, 12610.944336>) requested data for lock!
[13:43:59] Player (darkage66603, 76561197984765618)(<2877.450195, 215.348557, 12610.944336>) requested data for lock!
[13:44:04] Player (darkage66603, 76561197984765618)(<2877.450195, 215.348557, 12610.944336>) requested data for lock!
[13:44:09] Player (darkage66603, 76561197984765618)(<2877.450195, 215.348557, 12610.944336>) requested data for lock!
[13:44:14] Player (darkage66603, 76561197984765618)(<2877.450195, 215.348557, 12610.944336>) requested data for lock!
[13:44:19] Player (darkage66603, 76561197984765618)(<2877.450195, 215.348557, 12610.944336>) requested data for lock!
[13:44:20] Player (john duff, 76561198052699078)(<2877.450195, 215.348557, 12610.944336>) requested data for lock!
[13:44:24] Player (darkage66603, 76561197984765618)(<2877.450195, 215.348557, 12610.944336>) requested data for lock!
[13:44:25] Player (john duff, 76561198052699078)(<2877.450195, 215.348557, 12610.944336>) requested data for lock!
[13:46:45] Player (Survivor, 76561198277449949)(<10419.672852, 7.380839, 2072.793213>) requested data for lock!
[13:47:53] Player (Survivor, 76561198277449949)(<10419.672852, 7.380839, 2072.793213>) requested data for lock!
[13:47:58] Player (Le chinois(Fr), 76561198041337034)(<2882.880859, 215.344376, 12579.721680>) requested data for lock!
[13:47:59] Player (Survivor, 76561198277449949)(<10419.672852, 7.380839, 2072.793213>) requested data for lock!
[13:48:05] Player (Survivor, 76561198277449949)(<10419.672852, 7.380839, 2072.793213>) requested data for lock!
[13:48:14] Player (Survivor, 76561198277449949)(<10419.672852, 7.380839, 2072.793213>) requested data for lock!
[13:48:19] Player (Survivor, 76561198277449949)(<10419.672852, 7.380839, 2072.793213>) requested data for lock!
[13:48:24] Player (Survivor, 76561198277449949)(<10419.672852, 7.380839, 2072.793213>) requested data for lock!
[13:48:29] Player (Survivor, 76561198277449949)(<10419.672852, 7.380839, 2072.793213>) requested data for lock!
[13:48:34] Player (Survivor, 76561198277449949)(<10419.672852, 7.380839, 2072.793213>) requested data for lock!
[13:48:39] Player (Survivor, 76561198277449949)(<10419.672852, 7.380839, 2072.793213>) requested data for lock!
[13:48:42] Player (Le chinois(Fr), 76561198041337034)(<2882.880859, 215.344376, 12579.721680>) requested data for lock!
[13:49:18] Player (Survivor, 76561198277449949)(<10419.672852, 7.380839, 2072.793213>) requested data for lock!
[13:49:23] Player (Survivor, 76561198277449949)(<10419.672852, 7.380839, 2072.793213>) requested data for lock!
[13:49:28] Player (Survivor, 76561198277449949)(<10419.672852, 7.380839, 2072.793213>) requested data for lock!
[13:54:32] Player (Survivor, 76561198277449949)(<10419.672852, 7.380839, 2072.793213>) requested data for lock!
[13:56:20] Player (john duff, 76561198052699078)(<2882.880859, 215.344376, 12579.721680>) requested data for lock!
[13:56:37] Player (Survivor, 76561198277449949)(<10419.672852, 7.380839, 2072.793213>) requested data for lock!
[13:57:48] Player (Survivor, 76561198277449949)(<10419.672852, 7.380839, 2072.793213>) requested data for lock!
[13:57:53] Player (Survivor, 76561198277449949)(<10419.672852, 7.380839, 2072.793213>) requested data for lock!
[13:57:58] Player (Survivor, 76561198277449949)(<10419.672852, 7.380839, 2072.793213>) requested data for lock!
[13:58:03] Player (Survivor, 76561198277449949)(<10419.672852, 7.380839, 2072.793213>) requested data for lock!
[13:58:08] Player (Survivor, 76561198277449949)(<10419.672852, 7.380839, 2072.793213>) requested data for lock!
[13:58:13] Player (Survivor, 76561198277449949)(<10419.672852, 7.380839, 2072.793213>) requested data for lock!
[13:58:18] Player (Survivor, 76561198277449949)(<10419.672852, 7.380839, 2072.793213>) requested data for lock!
[13:58:27] Player (Survivor, 76561198277449949)(<10419.672852, 7.380839, 2072.793213>) requested data for lock!
[13:58:32] Player (Survivor, 76561198277449949)(<10419.672852, 7.380839, 2072.793213>) requested data for lock!
[13:59:11] Player (Survivor, 76561198277449949)(<10419.672852, 7.380839, 2072.793213>) requested data for lock!
[13:59:19] Player (Survivor, 76561198277449949)(<10419.672852, 7.380839, 2072.793213>) requested data for lock!
[14:02:28] Player (Survivor, 76561198277449949)(<10419.672852, 7.380839, 2072.793213>) requested data for lock!
[14:06:14] Player (Survivor, 76561198277449949)(<10419.672852, 7.380839, 2072.793213>) requested data for lock!
[14:06:20] Player (Survivor, 76561198277449949)(<10419.672852, 7.380839, 2072.793213>) requested data for lock!
[14:09:10] Player (Survivor, 76561198277449949)(<10419.672852, 7.380839, 2072.793213>) requested data for lock!
[14:11:23] Player (Survivor, 76561198277449949)(<10419.672852, 7.380839, 2072.793213>) requested data for lock!
[14:11:50] Player (Survivor, 76561198277449949)(<10419.672852, 7.380839, 2072.793213>) requested data for lock!
[14:12:19] Player (Survivor, 76561198277449949)(<10419.672852, 7.380839, 2072.793213>) requested data for lock!
[14:15:18] Player (Survivor, 76561198277449949)(<10419.672852, 7.380839, 2072.793213>) requested data for lock!
[14:17:27] Player (Survivor, 76561198277449949)(<10419.672852, 7.380839, 2072.793213>) requested data for lock!
[14:40:52] Player (Percy Coles, 76561198177852285)(<3640.287842, 298.017731, 8519.210938>) requested data for lock!
[14:41:30] Player (Percy Coles, 76561198177852285)(<3637.432129, 297.993652, 8512.681641>) requested data for lock!
[14:44:19] Player (Percy Coles, 76561198177852285)(<3637.432129, 297.993652, 8512.681641>) requested data for lock!
[14:45:39] Player (Percy Coles, 76561198177852285)(<3637.537109, 298.017883, 8515.753906>) requested data for lock!
[14:45:45] Player (Percy Coles, 76561198177852285)(<3637.537109, 298.017883, 8515.753906>) requested data for lock!
[14:45:49] Player (Percy Coles, 76561198177852285)(<3637.537109, 298.017883, 8515.753906>) requested data for lock!
[14:45:54] Player (Percy Coles, 76561198177852285)(<3637.537109, 298.017883, 8515.753906>) requested data for lock!
[14:46:11] Player (Bernd, 76561197965508404)(<4865.354492, 317.429993, 5753.979004>) requested data for lock!
[14:46:14] Player (Percy Coles, 76561198177852285)(<3637.537109, 298.017883, 8515.753906>) requested data for lock!
[14:47:52] Player (Percy Coles, 76561198177852285)(<3640.287842, 298.017731, 8519.210938>) requested data for lock!
[14:48:59] Player (Percy Coles, 76561198177852285)(<3637.432129, 297.993652, 8512.681641>) requested data for lock!
[14:49:08] Player (Percy Coles, 76561198177852285)(<3637.432129, 297.993652, 8512.681641>) requested data for lock!
[14:49:20] Player (Percy Coles, 76561198177852285)(<3637.432129, 297.993652, 8512.681641>) requested data for lock!
[14:54:32] Player (Percy Coles, 76561198177852285)(<3637.537109, 298.017883, 8515.753906>) requested data for lock!
[14:57:05] Player (HughJanis, 76561199028579310)(<3219.512939, 225.900864, 13715.216797>) requested data for lock!
[14:57:24] Player (MikaBrandon, 76561198215565199)(<3483.108643, 293.532867, 8583.596680>) requested data for lock!
[14:57:29] Player (MikaBrandon, 76561198215565199)(<3483.108643, 293.532867, 8583.596680>) requested data for lock!
[14:57:33] Player (HughJanis, 76561199028579310)(<3219.512939, 225.900864, 13715.216797>) requested data for lock!
[14:58:00] Player (HughJanis, 76561199028579310)(<3212.797852, 226.390427, 13697.737305>) requested data for lock!
[14:58:07] Player (HughJanis, 76561199028579310)(<3212.797852, 226.390427, 13697.737305>) requested data for lock!
[14:58:36] Player (MikaBrandon, 76561198215565199)(<3492.167725, 293.533264, 8574.859375>) requested data for lock!
[14:58:43] Player (MikaBrandon, 76561198215565199)(<3483.108643, 293.532867, 8583.596680>) requested data for lock!
[14:58:55] Player (Percy Coles, 76561198177852285)(<3637.432129, 297.993652, 8512.681641>) requested data for lock!
[14:59:07] Player (HughJanis, 76561199028579310)(<3212.797852, 226.390427, 13697.737305>) requested data for lock!
[15:00:45] Player (Percy Coles, 76561198177852285)(<3640.287842, 298.017731, 8519.210938>) requested data for lock!
[15:01:13] Player (Percy Coles, 76561198177852285)(<3640.287842, 298.017731, 8519.210938>) requested data for lock!
[15:04:26] Player (Andy, 76561198085795595)(<3483.108643, 293.532867, 8583.596680>) requested data for lock!
[15:04:41] Player (Andy, 76561198085795595)(<3483.108643, 293.532867, 8583.596680>) requested data for lock!
[15:04:59] Player (Andy, 76561198085795595)(<3483.108643, 293.532867, 8583.596680>) requested data for lock!
[15:05:16] Player (Andy, 76561198085795595)(<3483.108643, 293.532867, 8583.596680>) requested data for lock!
[15:05:25] Player (MikaBrandon, 76561198215565199)(<3483.108643, 293.532867, 8583.596680>) requested data for lock!
[15:06:21] Player (MikaBrandon, 76561198215565199)(<3483.108643, 293.532867, 8583.596680>) requested data for lock!
[15:07:06] Player (Percy Coles, 76561198177852285)(<3637.432129, 297.993652, 8512.681641>) requested data for lock!
[15:07:16] Player (MikaBrandon, 76561198215565199)(<3483.108643, 293.532867, 8583.596680>) requested data for lock!
[15:07:26] Player (MikaBrandon, 76561198215565199)(<3483.108643, 293.532867, 8583.596680>) requested data for lock!
[15:07:46] Player (MikaBrandon, 76561198215565199)(<3483.108643, 293.532867, 8583.596680>) requested data for lock!
[15:07:57] Player (MikaBrandon, 76561198215565199)(<3483.108643, 293.532867, 8583.596680>) requested data for lock!
[15:08:00] Player (Le chinois(Fr), 76561198041337034)(<2887.373779, 215.340897, 12581.248047>) requested data for lock!
[15:09:41] Player (Le chinois(Fr), 76561198041337034)(<2887.373779, 215.340897, 12581.248047>) requested data for lock!
[15:10:19] Player (MikaBrandon, 76561198215565199)(<3483.108643, 293.532867, 8583.596680>) requested data for lock!
[15:10:30] Player (Percy Coles, 76561198177852285)(<3637.432129, 297.993652, 8512.681641>) requested data for lock!
[15:10:36] Player (Andy, 76561198085795595)(<3483.108643, 293.532867, 8583.596680>) requested data for lock!
[15:10:41] Player (MikaBrandon, 76561198215565199)(<3483.108643, 293.532867, 8583.596680>) requested data for lock!
[15:10:46] Player (Andy, 76561198085795595)(<3483.108643, 293.532867, 8583.596680>) requested data for lock!
[15:10:52] Player (Percy Coles, 76561198177852285)(<3637.537109, 298.017883, 8515.753906>) requested data for lock!
[15:10:54] Player (MikaBrandon, 76561198215565199)(<3483.108643, 293.532867, 8583.596680>) requested data for lock!
[15:12:09] Player (Andy, 76561198085795595)(<3483.108643, 293.532867, 8583.596680>) requested data for lock!
[15:12:18] Player (Andy, 76561198085795595)(<3483.108643, 293.532867, 8583.596680>) requested data for lock!
[15:12:26] Player (Andy, 76561198085795595)(<3483.108643, 293.532867, 8583.596680>) requested data for lock!
[15:13:01] Player (Andy, 76561198085795595)(<3483.108643, 293.532867, 8583.596680>) requested data for lock!
[15:13:15] Player (Andy, 76561198085795595)(<3483.108643, 293.532867, 8583.596680>) requested data for lock!
[15:13:15] Player (MikaBrandon, 76561198215565199)(<3483.108643, 293.532867, 8583.596680>) requested data for lock!
[15:13:51] Player (MikaBrandon, 76561198215565199)(<3483.108643, 293.532867, 8583.596680>) requested data for lock!
[15:13:58] Player (Andy, 76561198085795595)(<3483.108643, 293.532867, 8583.596680>) requested data for lock!
[15:14:29] Player (MikaBrandon, 76561198215565199)(<3483.108643, 293.532867, 8583.596680>) requested data for lock!
[15:14:34] Player (MikaBrandon, 76561198215565199)(<3483.108643, 293.532867, 8583.596680>) requested data for lock!
[15:14:56] Player (Andy, 76561198085795595)(<3483.108643, 293.532867, 8583.596680>) requested data for lock!
[15:14:59] Player (MikaBrandon, 76561198215565199)(<3483.108643, 293.532867, 8583.596680>) requested data for lock!
[15:15:05] Player (Andy, 76561198085795595)(<3483.108643, 293.532867, 8583.596680>) requested data for lock!
[15:17:30] Player (Andy, 76561198085795595)(<3483.108643, 293.532867, 8583.596680>) requested data for lock!
[15:17:33] Player (MikaBrandon, 76561198215565199)(<3483.108643, 293.532867, 8583.596680>) requested data for lock!
[15:18:55] Player (Andy, 76561198085795595)(<3483.108643, 293.532867, 8583.596680>) requested data for lock!
[15:19:30] Player (Andy, 76561198085795595)(<3483.108643, 293.532867, 8583.596680>) requested data for lock!
[15:19:47] Player (Andy, 76561198085795595)(<3483.108643, 293.532867, 8583.596680>) requested data for lock!
[15:20:11] Player (MikaBrandon, 76561198215565199)(<3483.108643, 293.532867, 8583.596680>) requested data for lock!
[15:20:41] Player (MikaBrandon, 76561198215565199)(<3483.108643, 293.532867, 8583.596680>) requested data for lock!
[15:21:09] Player (MikaBrandon, 76561198215565199)(<3483.108643, 293.532867, 8583.596680>) requested data for lock!
[15:21:59] Player (Andy, 76561198085795595)(<3483.108643, 293.532867, 8583.596680>) requested data for lock!
[15:22:16] Player (Andy, 76561198085795595)(<3483.108643, 293.532867, 8583.596680>) requested data for lock!
[15:22:27] Player (Andy, 76561198085795595)(<3483.108643, 293.532867, 8583.596680>) requested data for lock!
[15:22:57] Player (Andy, 76561198085795595)(<3483.108643, 293.532867, 8583.596680>) requested data for lock!
[15:24:07] Player (Andy, 76561198085795595)(<3483.108643, 293.532867, 8583.596680>) requested data for lock!
[15:24:12] Player (Andy, 76561198085795595)(<3483.108643, 293.532867, 8583.596680>) requested data for lock!
[15:24:20] Player (Andy, 76561198085795595)(<3483.108643, 293.532867, 8583.596680>) requested data for lock!
[15:24:22] Player (MikaBrandon, 76561198215565199)(<3483.108643, 293.532867, 8583.596680>) requested data for lock!
[15:24:30] Player (MikaBrandon, 76561198215565199)(<3492.167725, 293.533264, 8574.859375>) requested data for lock!
[15:25:28] Player (Andy, 76561198085795595)(<3483.108643, 293.532867, 8583.596680>) requested data for lock!
[15:25:36] Player (Andy, 76561198085795595)(<3483.108643, 293.532867, 8583.596680>) requested data for lock!
[15:25:44] Player (Andy, 76561198085795595)(<3483.108643, 293.532867, 8583.596680>) requested data for lock!
[15:26:46] Player (MikaBrandon, 76561198215565199)(<3483.108643, 293.532867, 8583.596680>) requested data for lock!
[15:26:51] Player (MikaBrandon, 76561198215565199)(<3483.108643, 293.532867, 8583.596680>) requested data for lock!
[15:32:44] Player (MikaBrandon, 76561198215565199)(<3483.108643, 293.532867, 8583.596680>) requested data for lock!
[15:33:59] Player (MikaBrandon, 76561198215565199)(<3483.108643, 293.532867, 8583.596680>) requested data for lock!
[15:34:42] Player (Percy Coles, 76561198177852285)(<3640.287842, 298.017731, 8519.210938>) requested data for lock!
[15:34:52] Player (MikaBrandon, 76561198215565199)(<3483.108643, 293.532867, 8583.596680>) requested data for lock!
[15:35:11] Player (Percy Coles, 76561198177852285)(<3637.537109, 298.017883, 8515.753906>) requested data for lock!
[15:36:13] Player (HughJanis, 76561199028579310)(<3212.797852, 226.390427, 13697.737305>) requested data for lock!
[15:36:33] Player (HughJanis, 76561199028579310)(<3245.351074, 226.355667, 13722.818359>) requested data for lock!
[15:37:06] Player (MikaBrandon, 76561198215565199)(<3483.108643, 293.532867, 8583.596680>) requested data for lock!
[15:37:14] Player (MikaBrandon, 76561198215565199)(<3483.108643, 293.532867, 8583.596680>) requested data for lock!
[15:37:19] Player (MikaBrandon, 76561198215565199)(<3483.108643, 293.532867, 8583.596680>) requested data for lock!
[15:37:25] Player (MikaBrandon, 76561198215565199)(<3483.108643, 293.532867, 8583.596680>) requested data for lock!
[15:38:19] Player (MikaBrandon, 76561198215565199)(<3483.108643, 293.532867, 8583.596680>) requested data for lock!
[15:38:37] Player (MikaBrandon, 76561198215565199)(<3483.108643, 293.532867, 8583.596680>) requested data for lock!
[15:38:43] Player (MikaBrandon, 76561198215565199)(<3483.108643, 293.532867, 8583.596680>) requested data for lock!
[15:38:58] Player (MikaBrandon, 76561198215565199)(<3483.108643, 293.532867, 8583.596680>) requested data for lock!
[15:39:08] Player (MikaBrandon, 76561198215565199)(<3483.108643, 293.532867, 8583.596680>) requested data for lock!
[15:39:59] Player (Percy Coles, 76561198177852285)(<3640.287842, 298.017731, 8519.210938>) requested data for lock!
[15:40:16] Player (Le chinois(Fr), 76561198041337034)(<2887.373779, 215.340897, 12581.248047>) requested data for lock!
[15:41:09] Player (Le chinois(Fr), 76561198041337034)(<2887.373779, 215.340897, 12581.248047>) requested data for lock!
[15:43:31] Player (Percy Coles, 76561198177852285)(<3640.287842, 298.017731, 8519.210938>) requested data for lock!
[15:43:49] Player (Le chinois(Fr), 76561198041337034)(<2887.373779, 215.340897, 12581.248047>) requested data for lock!
[15:44:54] Player (HughJanis, 76561199028579310)(<3212.797852, 226.390427, 13697.737305>) requested data for lock!
[15:44:59] Player (HughJanis, 76561199028579310)(<3212.797852, 226.390427, 13697.737305>) requested data for lock!
[15:45:04] Player (HughJanis, 76561199028579310)(<3212.797852, 226.390427, 13697.737305>) requested data for lock!
[15:45:09] Player (HughJanis, 76561199028579310)(<3212.797852, 226.390427, 13697.737305>) requested data for lock!
[15:45:14] Player (HughJanis, 76561199028579310)(<3212.797852, 226.390427, 13697.737305>) requested data for lock!
[15:46:04] Player (Percy Coles, 76561198177852285)(<3640.287842, 298.017731, 8519.210938>) requested data for lock!
[15:48:30] Player (Percy Coles, 76561198177852285)(<3637.537109, 298.017883, 8515.753906>) requested data for lock!
[15:49:35] Player (Percy Coles, 76561198177852285)(<3637.537109, 298.017883, 8515.753906>) requested data for lock!
[15:50:04] Player (Percy Coles, 76561198177852285)(<3637.537109, 298.017883, 8515.753906>) requested data for lock!
[15:52:48] Player (Le chinois(Fr), 76561198041337034)(<2882.880859, 215.344376, 12579.721680>) requested data for lock!
[15:53:59] Player (Percy Coles, 76561198177852285)(<3637.537109, 298.017883, 8515.753906>) requested data for lock!
[15:54:47] Player (john duff, 76561198052699078)(<2882.880859, 215.344376, 12579.721680>) requested data for lock!
[15:55:17] Player (Percy Coles, 76561198177852285)(<3637.537109, 298.017883, 8515.753906>) requested data for lock!
[15:55:56] Player (HughJanis, 76561199028579310)(<3212.797852, 226.390427, 13697.737305>) requested data for lock!
[15:57:16] Player (john duff, 76561198052699078)(<2882.880859, 215.344376, 12579.721680>) requested data for lock!
[15:59:50] Player (john duff, 76561198052699078)(<2882.880859, 215.344376, 12579.721680>) requested data for lock!
[02-17-2021][16.03.17] Log file reloaded ( Server Restart )
[02-17-2021][16.06.19] Log file reloaded ( Server Restart )
[16:07:44] Player (Percy Coles, 76561198177852285)(<3637.537109, 298.017883, 8515.753906>) requested data for lock!
[16:07:50] Player (Percy Coles, 76561198177852285)(<3640.287842, 298.017731, 8519.210938>) requested data for lock!
[16:08:07] Player (Percy Coles, 76561198177852285)(<3637.537109, 298.017883, 8515.753906>) requested data for lock!
[16:09:04] Player (Percy Coles, 76561198177852285)(<3640.287842, 298.017731, 8519.210938>) requested data for lock!
[16:09:31] Player (Percy Coles, 76561198177852285)(<3640.287842, 298.017731, 8519.210938>) requested data for lock!
[16:10:22] Player (HughJanis, 76561199028579310)(<3212.797852, 226.390427, 13697.737305>) requested data for lock!
[16:10:30] Player (Percy Coles, 76561198177852285)(<3637.537109, 298.017883, 8515.753906>) requested data for lock!
[16:10:32] Player (Magnetschaedel, 76561198006594084)(<3580.178955, 297.068756, 8077.733398>) requested data for lock!
[16:11:18] Player (Percy Coles, 76561198177852285)(<3640.287842, 298.017731, 8519.210938>) requested data for lock!
[16:11:30] Player (Percy Coles, 76561198177852285)(<3640.287842, 298.017731, 8519.210938>) requested data for lock!
[16:11:35] Player (Percy Coles, 76561198177852285)(<3637.537109, 298.017883, 8515.753906>) requested data for lock!
[16:11:52] Player (john duff, 76561198052699078)(<2882.880859, 215.344376, 12579.721680>) requested data for lock!
[16:11:52] Player (Percy Coles, 76561198177852285)(<3640.287842, 298.017731, 8519.210938>) requested data for lock!
[16:13:26] Player (Percy Coles, 76561198177852285)(<3637.537109, 298.017883, 8515.753906>) requested data for lock!
[16:13:52] Player (Percy Coles, 76561198177852285)(<3640.287842, 298.017731, 8519.210938>) requested data for lock!
[16:15:06] Player (Percy Coles, 76561198177852285)(<3630.330078, 299.735687, 8513.744141>) requested data for lock!
[16:15:20] Player (Percy Coles, 76561198177852285)(<3630.330078, 299.735687, 8513.744141>) requested data for lock!
[16:15:49] Player (Percy Coles, 76561198177852285)(<3640.287842, 298.017731, 8519.210938>) requested data for lock!
[16:16:16] Player (HughJanis, 76561199028579310)(<3212.797852, 226.390427, 13697.737305>) requested data for lock!
[16:16:31] Player (HughJanis, 76561199028579310)(<3212.797852, 226.390427, 13697.737305>) requested data for lock!
[16:16:36] Player (Percy Coles, 76561198177852285)(<3637.537109, 298.017883, 8515.753906>) requested data for lock!
[16:18:56] Player (Percy Coles, 76561198177852285)(<3630.330078, 299.735687, 8513.744141>) requested data for lock!
[16:19:14] Player (Magnetschaedel, 76561198006594084)(<3581.952881, 297.281006, 8087.673828>) requested data for lock!
[16:19:41] Player (Magnetschaedel, 76561198006594084)(<3581.952881, 297.281006, 8087.673828>) requested data for lock!
[16:20:37] Player (Percy Coles, 76561198177852285)(<3630.330078, 299.735687, 8513.744141>) requested data for lock!
[16:21:25] Player (Magnetschaedel, 76561198006594084)(<3581.952881, 297.281006, 8087.673828>) requested data for lock!
[16:23:01] Player (Percy Coles, 76561198177852285)(<3630.330078, 299.735687, 8513.744141>) requested data for lock!
[16:23:09] Player (Percy Coles, 76561198177852285)(<3637.537109, 298.017883, 8515.753906>) requested data for lock!
[16:23:26] Player (Percy Coles, 76561198177852285)(<3640.287842, 298.017731, 8519.210938>) requested data for lock!
[16:23:40] Player (Percy Coles, 76561198177852285)(<3637.537109, 298.017883, 8515.753906>) requested data for lock!
[16:23:52] Player (Percy Coles, 76561198177852285)(<3640.287842, 298.017731, 8519.210938>) requested data for lock!
[16:24:49] Player (Percy Coles, 76561198177852285)(<3640.287842, 298.017731, 8519.210938>) requested data for lock!
[16:25:44] Player (Hyale, 76561197994452607)(<2869.307129, 271.690094, 9722.796875>) requested data for lock!
[16:27:08] Player (john duff, 76561198052699078)(<2877.450195, 215.348557, 12610.944336>) requested data for lock!
[16:28:05] Player (john duff, 76561198052699078)(<2887.373779, 215.340897, 12581.248047>) requested data for lock!
[16:28:31] Player (john duff, 76561198052699078)(<2882.880859, 215.344376, 12579.721680>) requested data for lock!
[16:29:44] Player (john duff, 76561198052699078)(<2877.450195, 215.348557, 12610.944336>) requested data for lock!
[16:29:54] Player (john duff, 76561198052699078)(<2877.450195, 215.348557, 12610.944336>) requested data for lock!
[16:30:08] Player (john duff, 76561198052699078)(<2882.880859, 215.344376, 12579.721680>) requested data for lock!
[16:37:47] Player (Hyale, 76561197994452607)(<2869.307129, 271.690094, 9722.796875>) requested data for lock!
[16:38:31] Player (MikaBrandon, 76561198215565199)(<3483.108643, 293.532867, 8583.596680>) requested data for lock!
[16:38:38] Player (MikaBrandon, 76561198215565199)(<3492.167725, 293.533264, 8574.859375>) requested data for lock!
[16:38:44] Player (MikaBrandon, 76561198215565199)(<3483.108643, 293.532867, 8583.596680>) requested data for lock!
[16:40:52] Player (MikaBrandon, 76561198215565199)(<3483.108643, 293.532867, 8583.596680>) requested data for lock!
[16:42:40] Player (MikaBrandon, 76561198215565199)(<3492.167725, 293.533264, 8574.859375>) requested data for lock!
[16:45:33] Player (Magnetschaedel, 76561198006594084)(<3580.178955, 297.068756, 8077.733398>) requested data for lock!
[16:48:22] Player (MikaBrandon, 76561198215565199)(<3483.108643, 293.532867, 8583.596680>) requested data for lock!
[16:48:32] Player (MikaBrandon, 76561198215565199)(<3483.108643, 293.532867, 8583.596680>) requested data for lock!
[16:51:44] Player (Emmes, 76561197968337138)(<3578.918457, 297.135071, 8084.083496>) requested data for lock!
[16:53:28] Player (Magnetschaedel, 76561198006594084)(<3581.952881, 297.281006, 8087.673828>) requested data for lock!
[16:53:54] Player (MikaBrandon, 76561198215565199)(<3483.108643, 293.532867, 8583.596680>) requested data for lock!
[16:55:48] Player (MikaBrandon, 76561198215565199)(<3483.108643, 293.532867, 8583.596680>) requested data for lock!
[16:56:06] Player (Magnetschaedel, 76561198006594084)(<3581.952881, 297.281006, 8087.673828>) requested data for lock!
[16:57:52] Player (MikaBrandon, 76561198215565199)(<3483.108643, 293.532867, 8583.596680>) requested data for lock!
[16:59:10] Player (MikaBrandon, 76561198215565199)(<3483.108643, 293.532867, 8583.596680>) requested data for lock!
[17:00:22] Player (MikaBrandon, 76561198215565199)(<3483.108643, 293.532867, 8583.596680>) requested data for lock!
[17:00:25] Player (john duff, 76561198052699078)(<2887.373779, 215.340897, 12581.248047>) requested data for lock!
[17:00:39] Player (john duff, 76561198052699078)(<2882.880859, 215.344376, 12579.721680>) requested data for lock!
[17:01:20] Player (john duff, 76561198052699078)(<2882.880859, 215.344376, 12579.721680>) requested data for lock!
[17:04:12] Player (john duff, 76561198052699078)(<2887.373779, 215.340897, 12581.248047>) requested data for lock!
[17:05:40] Player (Le chinois(Fr), 76561198041337034)(<2887.373779, 215.340897, 12581.248047>) requested data for lock!
[17:05:45] Player (Le chinois(Fr), 76561198041337034)(<2887.373779, 215.340897, 12581.248047>) requested data for lock!
[17:06:45] Player (Le chinois(Fr), 76561198041337034)(<2887.373779, 215.340897, 12581.248047>) requested data for lock!
[17:07:19] Player (Le chinois(Fr), 76561198041337034)(<2882.880859, 215.344376, 12579.721680>) requested data for lock!
[17:07:42] Player (Le chinois(Fr), 76561198041337034)(<2882.880859, 215.344376, 12579.721680>) requested data for lock!
[17:07:59] Player (MikaBrandon, 76561198215565199)(<3483.108643, 293.532867, 8583.596680>) requested data for lock!
[17:08:16] Player (MikaBrandon, 76561198215565199)(<3483.108643, 293.532867, 8583.596680>) requested data for lock!
[17:08:28] Player (Le chinois(Fr), 76561198041337034)(<2882.880859, 215.344376, 12579.721680>) requested data for lock!
[17:08:55] Player (Le chinois(Fr), 76561198041337034)(<2882.880859, 215.344376, 12579.721680>) requested data for lock!
[17:09:02] Player (Le chinois(Fr), 76561198041337034)(<2878.130859, 215.348038, 12578.143555>) requested data for lock!
[17:09:02] Player (john duff, 76561198052699078)(<2878.130859, 215.348038, 12578.143555>) requested data for lock!
[17:09:02] Player (MikaBrandon, 76561198215565199)(<3483.108643, 293.532867, 8583.596680>) requested data for lock!
[17:09:08] Player (Le chinois(Fr), 76561198041337034)(<2878.130859, 215.348038, 12578.143555>) requested data for lock!
[17:09:14] Player (Le chinois(Fr), 76561198041337034)(<2887.373779, 215.340897, 12581.248047>) requested data for lock!
[17:10:23] Player (Le chinois(Fr), 76561198041337034)(<2878.130859, 215.348038, 12578.143555>) requested data for lock!
[17:10:57] Player (Le chinois(Fr), 76561198041337034)(<2878.130859, 215.348038, 12578.143555>) requested data for lock!
[17:11:18] Player (Hyale, 76561197994452607)(<2887.373779, 215.340897, 12581.248047>) requested data for lock!
[17:11:28] Player (Hyale, 76561197994452607)(<2887.373779, 215.340897, 12581.248047>) requested data for lock!
[17:11:33] Player (Hyale, 76561197994452607)(<2887.373779, 215.340897, 12581.248047>) requested data for lock!
[17:11:38] Player (Hyale, 76561197994452607)(<2887.373779, 215.340897, 12581.248047>) requested data for lock!
[17:11:43] Player (Hyale, 76561197994452607)(<2887.373779, 215.340897, 12581.248047>) requested data for lock!
[17:12:11] Player (Hyale, 76561197994452607)(<2887.373779, 215.340897, 12581.248047>) requested data for lock!
[17:12:31] Player (Magnetschaedel, 76561198006594084)(<3580.178955, 297.068756, 8077.733398>) requested data for lock!
[17:12:38] Player (MikaBrandon, 76561198215565199)(<3655.211182, 299.518311, 8578.335938>) requested data for lock!
[17:12:45] Player (Le chinois(Fr), 76561198041337034)(<2887.373779, 215.340897, 12581.248047>) requested data for lock!
[17:12:54] Player (MikaBrandon, 76561198215565199)(<3655.211182, 299.518311, 8578.335938>) requested data for lock!
[17:12:59] Player (MikaBrandon, 76561198215565199)(<3655.211182, 299.518311, 8578.335938>) requested data for lock!
[17:14:25] Player (MikaBrandon, 76561198215565199)(<3655.211182, 299.518311, 8578.335938>) requested data for lock!
[17:14:31] Player (MikaBrandon, 76561198215565199)(<3655.211182, 299.518311, 8578.335938>) requested data for lock!
[17:14:51] Player (MikaBrandon, 76561198215565199)(<3640.287842, 298.017731, 8519.210938>) requested data for lock!
[17:15:00] Player (MikaBrandon, 76561198215565199)(<3637.537109, 298.017883, 8515.753906>) requested data for lock!
[17:17:18] Player (MikaBrandon, 76561198215565199)(<3492.167725, 293.533264, 8574.859375>) requested data for lock!
[17:21:44] Player (MikaBrandon, 76561198215565199)(<3483.108643, 293.532867, 8583.596680>) requested data for lock!
[17:23:20] Player (MikaBrandon, 76561198215565199)(<3483.108643, 293.532867, 8583.596680>) requested data for lock!
[17:23:36] Player (MikaBrandon, 76561198215565199)(<3483.108643, 293.532867, 8583.596680>) requested data for lock!
[17:24:09] Player (MikaBrandon, 76561198215565199)(<3492.167725, 293.533264, 8574.859375>) requested data for lock!
[17:24:14] Player (MikaBrandon, 76561198215565199)(<3492.167725, 293.533264, 8574.859375>) requested data for lock!
[17:24:19] Player (MikaBrandon, 76561198215565199)(<3492.167725, 293.533264, 8574.859375>) requested data for lock!
[17:24:24] Player (MikaBrandon, 76561198215565199)(<3492.167725, 293.533264, 8574.859375>) requested data for lock!
[17:24:36] Player (MikaBrandon, 76561198215565199)(<3480.230713, 293.590149, 8577.690430>) requested data for lock!
[17:24:41] Player (MikaBrandon, 76561198215565199)(<3480.230713, 293.590149, 8577.690430>) requested data for lock!
[17:24:46] Player (MikaBrandon, 76561198215565199)(<3480.230713, 293.590149, 8577.690430>) requested data for lock!
[17:24:56] Player (MikaBrandon, 76561198215565199)(<3480.230713, 293.590149, 8577.690430>) requested data for lock!
[17:29:26] Player (MikaBrandon, 76561198215565199)(<3480.230713, 293.590149, 8577.690430>) requested data for lock!
[17:38:30] Player (Magnetschaedel, 76561198006594084)(<3578.918457, 297.135071, 8084.083496>) requested data for lock!
[17:38:42] Player (Emmes, 76561197968337138)(<3580.178955, 297.068756, 8077.733398>) requested data for lock!
[17:40:01] Player (Emmes, 76561197968337138)(<3581.952881, 297.281006, 8087.673828>) requested data for lock!
[17:46:13] Player (Magnetschaedel, 76561198006594084)(<3578.918457, 297.135071, 8084.083496>) requested data for lock!
[17:51:08] Player (MikaBrandon, 76561198215565199)(<3483.108643, 293.532867, 8583.596680>) requested data for lock!
[17:51:33] Player (MikaBrandon, 76561198215565199)(<3483.108643, 293.532867, 8583.596680>) requested data for lock!
[17:52:58] Player (MikaBrandon, 76561198215565199)(<3483.108643, 293.532867, 8583.596680>) requested data for lock!
[17:55:08] Player (MikaBrandon, 76561198215565199)(<3492.167725, 293.533264, 8574.859375>) requested data for lock!
[17:55:13] Player (MikaBrandon, 76561198215565199)(<3492.167725, 293.533264, 8574.859375>) requested data for lock!
[17:55:21] Player (MikaBrandon, 76561198215565199)(<3483.108643, 293.532867, 8583.596680>) requested data for lock!
[17:55:46] Player (MikaBrandon, 76561198215565199)(<3480.230713, 293.590149, 8577.690430>) requested data for lock!
[17:56:48] Player (MikaBrandon, 76561198215565199)(<3492.167725, 293.533264, 8574.859375>) requested data for lock!
[18:06:06] Player (Helmut Lootie, 76561198065413312)(<4639.968262, 273.503418, 6777.134277>) requested data for lock!
[18:06:18] Player (Helmut Lootie, 76561198065413312)(<4620.941895, 273.697296, 6793.291504>) requested data for lock!
[18:07:20] Player (Helmut Lootie, 76561198065413312)(<4627.396484, 273.698944, 6786.310547>) requested data for lock!
[18:07:41] Player (Helmut Lootie, 76561198065413312)(<4627.396484, 273.698944, 6786.310547>) requested data for lock!
[18:08:38] Player (Helmut Lootie, 76561198065413312)(<4627.396484, 273.698944, 6786.310547>) requested data for lock!
[18:08:45] Player (Helmut Lootie, 76561198065413312)(<4620.941895, 273.697296, 6793.291504>) requested data for lock!
[18:08:57] Player (Helmut Lootie, 76561198065413312)(<4639.968262, 273.503418, 6777.134277>) requested data for lock!
[18:16:51] Player (darkage66603, 76561197984765618)(<2877.450195, 215.348557, 12610.944336>) requested data for lock!
[18:16:56] Player (Hyale, 76561197994452607)(<2869.307129, 271.690094, 9722.796875>) requested data for lock!
[18:17:29] Player (darkage66603, 76561197984765618)(<2877.450195, 215.348557, 12610.944336>) requested data for lock!
[18:17:34] Player (darkage66603, 76561197984765618)(<2877.450195, 215.348557, 12610.944336>) requested data for lock!
[18:21:01] Player (darkage66603, 76561197984765618)(<2882.880859, 215.344376, 12579.721680>) requested data for lock!
[18:21:06] Player (darkage66603, 76561197984765618)(<2882.880859, 215.344376, 12579.721680>) requested data for lock!
[18:21:11] Player (darkage66603, 76561197984765618)(<2882.880859, 215.344376, 12579.721680>) requested data for lock!
[18:21:16] Player (darkage66603, 76561197984765618)(<2882.880859, 215.344376, 12579.721680>) requested data for lock!
[18:21:21] Player (darkage66603, 76561197984765618)(<2882.880859, 215.344376, 12579.721680>) requested data for lock!
[18:41:57] Player (darkage66603, 76561197984765618)(<2882.880859, 215.344376, 12579.721680>) requested data for lock!
[18:42:05] Player (darkage66603, 76561197984765618)(<2877.450195, 215.348557, 12610.944336>) requested data for lock!
[19:03:52] Player (Emmes, 76561197968337138)(<3580.178955, 297.068756, 8077.733398>) requested data for lock!
[19:03:58] Player (Magnetschaedel, 76561198006594084)(<3581.952881, 297.281006, 8087.673828>) requested data for lock!
[19:04:37] Player (Magnetschaedel, 76561198006594084)(<3578.918457, 297.135071, 8084.083496>) requested data for lock!
[19:39:26] Player (john duff, 76561198052699078)(<2877.450195, 215.348557, 12610.944336>) requested data for lock!
[19:54:10] Player (MikaBrandon, 76561198215565199)(<3483.108643, 293.532867, 8583.596680>) requested data for lock!
[19:54:16] Player (MikaBrandon, 76561198215565199)(<3492.167725, 293.533264, 8574.859375>) requested data for lock!
[02-17-2021][20.05.00] Log file reloaded ( Server Restart )
[02-17-2021][20.57.10] Log file reloaded ( Server Restart )
[02-17-2021][21.32.10] Log file reloaded ( Server Restart )
[21:38:17] Player (MikaBrandon, 76561198215565199)(<3483.108643, 293.532867, 8583.596680>) requested data for lock!
[21:42:26] Player (MikaBrandon, 76561198215565199)(<3483.108643, 293.532867, 8583.596680>) requested data for lock!
[21:45:25] Player (MikaBrandon, 76561198215565199)(<3483.108643, 293.532867, 8583.596680>) requested data for lock!
[21:46:33] Player (MikaBrandon, 76561198215565199)(<3483.108643, 293.532867, 8583.596680>) requested data for lock!
[22:07:54] Player (Magnetschaedel, 76561198006594084)(<3580.178955, 297.068756, 8077.733398>) requested data for lock!
[22:11:38] Player (Magnetschaedel, 76561198006594084)(<3580.178955, 297.068756, 8077.733398>) requested data for lock!
[22:11:45] Player (Magnetschaedel, 76561198006594084)(<3581.952881, 297.281006, 8087.673828>) requested data for lock!
[22:11:51] Player (Magnetschaedel, 76561198006594084)(<3578.918457, 297.135071, 8084.083496>) requested data for lock!
[22:11:57] Player (Magnetschaedel, 76561198006594084)(<3578.918457, 297.135071, 8084.083496>) requested data for lock!
[22:14:08] Player (Magnetschaedel, 76561198006594084)(<3578.918457, 297.135071, 8084.083496>) requested data for lock!
[22:15:22] Player (MikaBrandon, 76561198215565199)(<3483.108643, 293.532867, 8583.596680>) requested data for lock!
[22:16:18] Player (MikaBrandon, 76561198215565199)(<3492.167725, 293.533264, 8574.859375>) requested data for lock!
[22:18:16] Player (MikaBrandon, 76561198215565199)(<3483.108643, 293.532867, 8583.596680>) requested data for lock!
[22:18:25] Player (MikaBrandon, 76561198215565199)(<3483.108643, 293.532867, 8583.596680>) requested data for lock!
[22:18:59] Player (MikaBrandon, 76561198215565199)(<3483.108643, 293.532867, 8583.596680>) requested data for lock!
[22:27:53] Player (MikaBrandon, 76561198215565199)(<3483.108643, 293.532867, 8583.596680>) requested data for lock!
[22:34:08] Player (MikaBrandon, 76561198215565199)(<3483.108643, 293.532867, 8583.596680>) requested data for lock!
[22:35:48] Player (Helmut Lootie, 76561198065413312)(<4613.427734, 273.583130, 6809.125000>) requested data for lock!
[22:36:01] Player (Helmut Lootie, 76561198065413312)(<4627.396484, 273.698944, 6786.310547>) requested data for lock!
[22:36:10] Player (MikaBrandon, 76561198215565199)(<3483.108643, 293.532867, 8583.596680>) requested data for lock!
[22:36:22] Player (MikaBrandon, 76561198215565199)(<3480.230713, 293.590149, 8577.690430>) requested data for lock!
[22:37:20] Player (MikaBrandon, 76561198215565199)(<3483.108643, 293.532867, 8583.596680>) requested data for lock!
[22:37:22] Player (Helmut Lootie, 76561198065413312)(<4613.427734, 273.583130, 6809.125000>) requested data for lock!
[22:37:26] Player (MikaBrandon, 76561198215565199)(<3480.230713, 293.590149, 8577.690430>) requested data for lock!
[22:38:01] Player (Helmut Lootie, 76561198065413312)(<4639.968262, 273.503418, 6777.134277>) requested data for lock!
[22:38:07] Player (Helmut Lootie, 76561198065413312)(<4627.396484, 273.698944, 6786.310547>) requested data for lock!
[22:38:38] Player (Helmut Lootie, 76561198065413312)(<4639.968262, 273.503418, 6777.134277>) requested data for lock!
[23:10:47] Player (Magnetschaedel, 76561198006594084)(<3581.952881, 297.281006, 8087.673828>) requested data for lock!
[23:17:57] Player (Magnetschaedel, 76561198006594084)(<3580.178955, 297.068756, 8077.733398>) requested data for lock!
[23:18:19] Player (Magnetschaedel, 76561198006594084)(<3580.178955, 297.068756, 8077.733398>) requested data for lock!
[23:18:24] Player (Magnetschaedel, 76561198006594084)(<3578.918457, 297.135071, 8084.083496>) requested data for lock!
[23:18:48] Player (Magnetschaedel, 76561198006594084)(<3578.918457, 297.135071, 8084.083496>) requested data for lock!
[23:18:55] Player (Magnetschaedel, 76561198006594084)(<3578.918457, 297.135071, 8084.083496>) requested data for lock!
[23:19:53] Player (Magnetschaedel, 76561198006594084)(<3581.952881, 297.281006, 8087.673828>) requested data for lock!
[23:20:26] Player (Magnetschaedel, 76561198006594084)(<3580.178955, 297.068756, 8077.733398>) requested data for lock!
[23:20:32] Player (Magnetschaedel, 76561198006594084)(<3580.178955, 297.068756, 8077.733398>) requested data for lock!
[23:21:16] Player (Magnetschaedel, 76561198006594084)(<3580.178955, 297.068756, 8077.733398>) requested data for lock!
[23:21:21] Player (Magnetschaedel, 76561198006594084)(<3578.918457, 297.135071, 8084.083496>) requested data for lock!
[23:21:41] Player (Magnetschaedel, 76561198006594084)(<3580.178955, 297.068756, 8077.733398>) requested data for lock!
