[03-18-2021][01.57.38] New Synch Log File Created!
[03-18-2021][02.01.23] Log file reloaded ( Server Restart )
[03-18-2021][02.08.17] Log file reloaded ( Server Restart )
[02:33:28] Player (NicFit, 76561198086129271)(<6934.377441, 64.038124, 3700.701904>) requested data for lock!
[02:33:55] Player (NicFit, 76561198086129271)(<6934.377441, 64.038124, 3700.701904>) requested data for lock!
[02:34:00] Player (NicFit, 76561198086129271)(<6934.377441, 64.038124, 3700.701904>) requested data for lock!
[02:34:36] Player (Prophecy, 76561198990415902)(<5255.075684, 306.017731, 5502.657715>) requested data for lock!
[02:34:57] Player (Prophecy, 76561198990415902)(<5268.548340, 306.574585, 5517.510742>) requested data for lock!
[02:35:27] Player (NicFit, 76561198086129271)(<6940.228027, 60.961956, 3705.061768>) requested data for lock!
[02:36:36] Player (NicFit, 76561198086129271)(<6934.305176, 64.038124, 3700.891846>) requested data for lock!
[02:36:41] Player (NicFit, 76561198086129271)(<6934.305176, 64.038124, 3700.891846>) requested data for lock!
[02:37:05] Player (Prophecy, 76561198990415902)(<5255.075684, 306.017731, 5502.657715>) requested data for lock!
[02:37:06] Player (NicFit, 76561198086129271)(<6934.305176, 64.038124, 3700.891846>) requested data for lock!
[02:37:11] Player (Prophecy, 76561198990415902)(<5262.404297, 308.807892, 5506.635254>) requested data for lock!
[02:37:17] Player (Prophecy, 76561198990415902)(<5264.449707, 308.807892, 5503.083984>) requested data for lock!
[02:37:45] Player (Prophecy, 76561198990415902)(<5264.449707, 308.807892, 5503.083984>) requested data for lock!
[02:37:58] Player (Prophecy, 76561198990415902)(<5262.404297, 308.807892, 5506.635254>) requested data for lock!
[02:38:07] Player (NicFit, 76561198086129271)(<6937.594238, 58.649269, 3680.769775>) requested data for lock!
[02:39:12] Player (Prophecy, 76561198990415902)(<5264.449707, 308.807892, 5503.083984>) requested data for lock!
[02:40:15] Player (Prophecy, 76561198990415902)(<5264.449707, 308.807892, 5503.083984>) requested data for lock!
[02:40:20] Player (Prophecy, 76561198990415902)(<5264.449707, 308.807892, 5503.083984>) requested data for lock!
[02:40:48] Player (Prophecy, 76561198990415902)(<5262.404297, 308.807892, 5506.635254>) requested data for lock!
[02:40:50] Player (NicFit, 76561198086129271)(<6934.305176, 64.038124, 3700.891846>) requested data for lock!
[02:40:56] Player (NicFit, 76561198086129271)(<6934.305176, 64.038124, 3700.891846>) requested data for lock!
[02:44:41] Player (NicFit, 76561198086129271)(<6937.594238, 58.649269, 3680.769775>) requested data for lock!
[02:51:53] Player (Korwiin, 76561198013080573)(<3719.772705, 305.302094, 8236.056641>) requested data for lock!
[02:53:54] Player (Korwiin, 76561198013080573)(<3697.718750, 305.022583, 8241.563477>) requested data for lock!
[02:58:17] Player (Korwiin, 76561198013080573)(<3705.060547, 305.019165, 8262.931641>) requested data for lock!
[02:59:58] Player (NicFit, 76561198086129271)(<6940.228027, 60.961956, 3705.061768>) requested data for lock!
[03:00:29] Player (NicFit, 76561198086129271)(<6940.228027, 60.961956, 3705.061768>) requested data for lock!
[03:00:38] Player (NicFit, 76561198086129271)(<6940.228027, 60.961956, 3705.061768>) requested data for lock!
[03:00:52] Player (NicFit, 76561198086129271)(<6940.228027, 60.961956, 3705.061768>) requested data for lock!
[03:01:36] Player (NicFit, 76561198086129271)(<6931.692383, 66.978699, 3704.374268>) requested data for lock!
[03:04:14] Player (NicFit, 76561198086129271)(<6940.228027, 60.961956, 3705.061768>) requested data for lock!
[03:04:21] Player (NicFit, 76561198086129271)(<6931.586914, 56.861805, 3686.584473>) requested data for lock!
[03:04:44] Player (NicFit, 76561198086129271)(<6931.586914, 56.861805, 3686.584473>) requested data for lock!
[03:05:29] Player (NicFit, 76561198086129271)(<6940.228027, 60.961956, 3705.061768>) requested data for lock!
[03:14:06] Player (Jordan, 76561198999593356)(<4073.893311, 295.269257, 7275.131348>) requested data for lock!
[03:14:36] Player (Jordan, 76561198999593356)(<4064.529785, 295.269257, 7276.199707>) requested data for lock!
[03:17:27] Player (NicFit, 76561198086129271)(<6934.527344, 56.750614, 3674.505615>) requested data for lock!
[03:17:36] Player (NicFit, 76561198086129271)(<6934.527344, 56.750614, 3674.505615>) requested data for lock!
[03:17:44] Player (NicFit, 76561198086129271)(<6940.228027, 60.961956, 3705.061768>) requested data for lock!
[03:19:29] Player (Korwiin, 76561198013080573)(<3702.595459, 305.019165, 8257.460938>) requested data for lock!
[03:25:57] Player (NicFit, 76561198086129271)(<6940.228027, 60.961956, 3705.061768>) requested data for lock!
[03:29:36] Player (NicFit, 76561198086129271)(<6931.586914, 56.861805, 3686.584473>) requested data for lock!
[03:30:16] Player (NicFit, 76561198086129271)(<6931.586914, 56.861805, 3686.584473>) requested data for lock!
[03:30:25] Player (NicFit, 76561198086129271)(<6931.586914, 56.861805, 3686.584473>) requested data for lock!
[03:31:52] Player (NicFit, 76561198086129271)(<6940.228027, 60.961956, 3705.061768>) requested data for lock!
[03:38:25] Player (NicFit, 76561198086129271)(<6934.527344, 56.750614, 3674.505615>) requested data for lock!
[03:38:33] Player (NicFit, 76561198086129271)(<6934.527344, 56.750614, 3674.505615>) requested data for lock!
[03:38:41] Player (NicFit, 76561198086129271)(<6934.527344, 56.750614, 3674.505615>) requested data for lock!
[03:38:56] Player (NicFit, 76561198086129271)(<6934.527344, 56.750614, 3674.505615>) requested data for lock!
[03:52:46] Player (NicFit, 76561198086129271)(<6934.527344, 56.750614, 3674.505615>) requested data for lock!
[03:54:10] Player (Korwiin, 76561198013080573)(<3697.718750, 305.022583, 8241.563477>) requested data for lock!
[03:54:15] Player (Korwiin, 76561198013080573)(<3697.718750, 305.022583, 8241.563477>) requested data for lock!
[03:54:20] Player (Korwiin, 76561198013080573)(<3697.718750, 305.022583, 8241.563477>) requested data for lock!
[03:54:25] Player (Korwiin, 76561198013080573)(<3697.718750, 305.022583, 8241.563477>) requested data for lock!
[03:54:30] Player (Korwiin, 76561198013080573)(<3697.718750, 305.022583, 8241.563477>) requested data for lock!
[03:54:35] Player (Korwiin, 76561198013080573)(<3697.718750, 305.022583, 8241.563477>) requested data for lock!
[03:54:40] Player (Korwiin, 76561198013080573)(<3697.718750, 305.022583, 8241.563477>) requested data for lock!
[03:54:45] Player (Korwiin, 76561198013080573)(<3697.718750, 305.022583, 8241.563477>) requested data for lock!
[03:54:50] Player (Korwiin, 76561198013080573)(<3697.718750, 305.022583, 8241.563477>) requested data for lock!
[03:54:55] Player (Korwiin, 76561198013080573)(<3697.718750, 305.022583, 8241.563477>) requested data for lock!
[03:55:00] Player (Korwiin, 76561198013080573)(<3697.718750, 305.022583, 8241.563477>) requested data for lock!
[03:55:05] Player (Korwiin, 76561198013080573)(<3697.718750, 305.022583, 8241.563477>) requested data for lock!
[03:55:10] Player (Korwiin, 76561198013080573)(<3697.718750, 305.022583, 8241.563477>) requested data for lock!
[03:55:15] Player (Korwiin, 76561198013080573)(<3697.718750, 305.022583, 8241.563477>) requested data for lock!
[03:55:20] Player (Korwiin, 76561198013080573)(<3697.718750, 305.022583, 8241.563477>) requested data for lock!
[03:55:25] Player (Korwiin, 76561198013080573)(<3697.718750, 305.022583, 8241.563477>) requested data for lock!
[03:55:30] Player (Korwiin, 76561198013080573)(<3697.718750, 305.022583, 8241.563477>) requested data for lock!
[03:55:35] Player (Korwiin, 76561198013080573)(<3697.718750, 305.022583, 8241.563477>) requested data for lock!
[03:55:40] Player (Korwiin, 76561198013080573)(<3697.718750, 305.022583, 8241.563477>) requested data for lock!
[03:55:45] Player (Korwiin, 76561198013080573)(<3697.718750, 305.022583, 8241.563477>) requested data for lock!
[03:55:50] Player (Korwiin, 76561198013080573)(<3697.718750, 305.022583, 8241.563477>) requested data for lock!
[03:55:55] Player (Korwiin, 76561198013080573)(<3697.718750, 305.022583, 8241.563477>) requested data for lock!
[03:56:00] Player (Korwiin, 76561198013080573)(<3697.718750, 305.022583, 8241.563477>) requested data for lock!
[03:56:05] Player (Korwiin, 76561198013080573)(<3697.718750, 305.022583, 8241.563477>) requested data for lock!
[03:56:10] Player (Korwiin, 76561198013080573)(<3697.718750, 305.022583, 8241.563477>) requested data for lock!
[03:56:15] Player (Korwiin, 76561198013080573)(<3697.718750, 305.022583, 8241.563477>) requested data for lock!
[03:56:21] Player (Korwiin, 76561198013080573)(<3697.718750, 305.022583, 8241.563477>) requested data for lock!
[03:56:26] Player (Korwiin, 76561198013080573)(<3697.718750, 305.022583, 8241.563477>) requested data for lock!
[03:56:31] Player (Korwiin, 76561198013080573)(<3697.718750, 305.022583, 8241.563477>) requested data for lock!
[03:56:36] Player (Korwiin, 76561198013080573)(<3697.718750, 305.022583, 8241.563477>) requested data for lock!
[03:56:41] Player (Korwiin, 76561198013080573)(<3697.718750, 305.022583, 8241.563477>) requested data for lock!
[03:56:46] Player (Korwiin, 76561198013080573)(<3697.718750, 305.022583, 8241.563477>) requested data for lock!
[03:56:51] Player (Korwiin, 76561198013080573)(<3697.718750, 305.022583, 8241.563477>) requested data for lock!
[03:56:56] Player (Korwiin, 76561198013080573)(<3697.718750, 305.022583, 8241.563477>) requested data for lock!
[03:57:01] Player (Korwiin, 76561198013080573)(<3697.718750, 305.022583, 8241.563477>) requested data for lock!
[03:57:06] Player (Korwiin, 76561198013080573)(<3697.718750, 305.022583, 8241.563477>) requested data for lock!
[03:57:11] Player (Korwiin, 76561198013080573)(<3697.718750, 305.022583, 8241.563477>) requested data for lock!
[03:57:16] Player (Korwiin, 76561198013080573)(<3697.718750, 305.022583, 8241.563477>) requested data for lock!
[03:57:21] Player (Korwiin, 76561198013080573)(<3697.718750, 305.022583, 8241.563477>) requested data for lock!
[03:57:26] Player (Korwiin, 76561198013080573)(<3697.718750, 305.022583, 8241.563477>) requested data for lock!
[03:57:31] Player (Korwiin, 76561198013080573)(<3697.718750, 305.022583, 8241.563477>) requested data for lock!
[03:57:36] Player (Korwiin, 76561198013080573)(<3697.718750, 305.022583, 8241.563477>) requested data for lock!
[03:57:41] Player (Korwiin, 76561198013080573)(<3697.718750, 305.022583, 8241.563477>) requested data for lock!
[03:57:46] Player (Korwiin, 76561198013080573)(<3697.718750, 305.022583, 8241.563477>) requested data for lock!
[03:57:51] Player (Korwiin, 76561198013080573)(<3697.718750, 305.022583, 8241.563477>) requested data for lock!
[03:57:56] Player (Korwiin, 76561198013080573)(<3697.718750, 305.022583, 8241.563477>) requested data for lock!
[03:58:01] Player (Korwiin, 76561198013080573)(<3697.718750, 305.022583, 8241.563477>) requested data for lock!
[03:58:06] Player (Korwiin, 76561198013080573)(<3697.718750, 305.022583, 8241.563477>) requested data for lock!
[03:58:11] Player (Korwiin, 76561198013080573)(<3697.718750, 305.022583, 8241.563477>) requested data for lock!
[03:58:16] Player (Korwiin, 76561198013080573)(<3697.718750, 305.022583, 8241.563477>) requested data for lock!
[03:58:45] Player (Korwiin, 76561198013080573)(<3711.371826, 305.015656, 8279.054688>) requested data for lock!
[04:00:26] Player (Korwiin, 76561198013080573)(<3711.371826, 305.015656, 8279.054688>) requested data for lock!
[04:02:39] Player (NicFit, 76561198086129271)(<6954.129883, 56.568375, 3693.047363>) requested data for lock!
[04:03:14] Player (NicFit, 76561198086129271)(<6954.129883, 56.568375, 3693.047363>) requested data for lock!
[05:46:00] Player (NicFit, 76561198086129271)(<6931.586914, 56.861805, 3686.584473>) requested data for lock!
[05:46:55] Player (NicFit, 76561198086129271)(<6954.129883, 56.568375, 3693.047363>) requested data for lock!
[05:47:14] Player (NicFit, 76561198086129271)(<6952.204590, 56.158333, 3685.845215>) requested data for lock!
[05:47:44] Player (NicFit, 76561198086129271)(<6954.129883, 56.568375, 3693.047363>) requested data for lock!
[05:48:46] Player (NicFit, 76561198086129271)(<6931.692383, 66.978699, 3704.374268>) requested data for lock!
[05:49:37] Player (NicFit, 76561198086129271)(<6930.551758, 66.997383, 3709.342773>) requested data for lock!
[05:51:55] Player (NicFit, 76561198086129271)(<6934.305176, 64.038124, 3700.891846>) requested data for lock!
[03-18-2021][06.00.58] Log file reloaded ( Server Restart )
[08:37:35] Player (Wolfy333sp, 76561198029161718)(<4641.707520, 343.196075, 5576.701172>) requested data for lock!
[08:37:40] Player (Wolfy333sp, 76561198029161718)(<4637.123535, 345.079956, 5572.428711>) requested data for lock!
[08:47:45] Player (Wolfy333sp, 76561198029161718)(<4641.707520, 343.196075, 5576.701172>) requested data for lock!
[08:48:01] Player (Wolfy333sp, 76561198029161718)(<4641.707520, 343.196075, 5576.701172>) requested data for lock!
[09:51:00] Player (Wolfy333sp, 76561198029161718)(<4641.707520, 343.196075, 5576.701172>) requested data for lock!
[09:51:05] Player (Wolfy333sp, 76561198029161718)(<4637.123535, 345.079956, 5572.428711>) requested data for lock!
[09:54:56] Player (Wolfy333sp, 76561198029161718)(<4641.707520, 343.196075, 5576.701172>) requested data for lock!
[03-18-2021][10.01.00] Log file reloaded ( Server Restart )
[10:08:25] Player (Luger Kain, 76561197999585420)(<6358.814941, 7.302189, 2261.852051>) requested data for lock!
[10:08:26] Player (Wolfy333sp, 76561198029161718)(<4637.123535, 345.079956, 5572.428711>) requested data for lock!
[10:08:34] Player (Luger Kain, 76561197999585420)(<6358.814941, 7.302189, 2261.852051>) requested data for lock!
[10:18:55] Player (Wolfy333sp, 76561198029161718)(<4647.715820, 343.196289, 5576.552734>) requested data for lock!
[10:19:02] Player (Wolfy333sp, 76561198029161718)(<4647.715820, 343.196289, 5576.552734>) requested data for lock!
[10:21:42] Player (Wolfy333sp, 76561198029161718)(<4641.707520, 343.196075, 5576.701172>) requested data for lock!
[10:36:40] Player (Wolfy333sp, 76561198029161718)(<4641.707520, 343.196075, 5576.701172>) requested data for lock!
[10:37:38] Player (Wolfy333sp, 76561198029161718)(<4637.123535, 345.079956, 5572.428711>) requested data for lock!
[10:51:14] Player (Luger Kain, 76561197999585420)(<6358.814941, 7.302189, 2261.852051>) requested data for lock!
[10:51:20] Player (Luger Kain, 76561197999585420)(<6358.814941, 7.302189, 2261.852051>) requested data for lock!
[10:51:25] Player (Luger Kain, 76561197999585420)(<6358.814941, 7.302189, 2261.852051>) requested data for lock!
[10:51:30] Player (Luger Kain, 76561197999585420)(<6358.814941, 7.302189, 2261.852051>) requested data for lock!
[10:51:37] Player (Luger Kain, 76561197999585420)(<6358.814941, 7.302189, 2261.852051>) requested data for lock!
[10:51:49] Player (Luger Kain, 76561197999585420)(<6358.814941, 7.302189, 2261.852051>) requested data for lock!
[10:56:09] Player (Luger Kain, 76561197999585420)(<6358.814941, 7.302189, 2261.852051>) requested data for lock!
[10:56:48] Player (Luger Kain, 76561197999585420)(<6358.814941, 7.302189, 2261.852051>) requested data for lock!
[11:03:32] Player (Luger Kain, 76561197999585420)(<6358.814941, 7.302189, 2261.852051>) requested data for lock!
[11:04:37] Player (Luger Kain, 76561197999585420)(<6358.814941, 7.302189, 2261.852051>) requested data for lock!
[11:04:43] Player (Luger Kain, 76561197999585420)(<6358.814941, 7.302189, 2261.852051>) requested data for lock!
[11:04:54] Player (Luger Kain, 76561197999585420)(<6357.217285, 6.090051, 2264.539795>) requested data for lock!
[11:05:00] Player (Luger Kain, 76561197999585420)(<6358.814941, 7.302189, 2261.852051>) requested data for lock!
[11:05:11] Player (Luger Kain, 76561197999585420)(<6358.814941, 7.302189, 2261.852051>) requested data for lock!
[11:05:27] Player (Luger Kain, 76561197999585420)(<6358.814941, 7.302189, 2261.852051>) requested data for lock!
[11:06:36] Player (Luger Kain, 76561197999585420)(<6358.814941, 7.302189, 2261.852051>) requested data for lock!
[11:06:45] Player (Luger Kain, 76561197999585420)(<6357.217285, 6.090051, 2264.539795>) requested data for lock!
[11:06:50] Player (Luger Kain, 76561197999585420)(<6358.814941, 7.302189, 2261.852051>) requested data for lock!
[11:07:46] Player (Luger Kain, 76561197999585420)(<6358.814941, 7.302189, 2261.852051>) requested data for lock!
[11:07:51] Player (Luger Kain, 76561197999585420)(<6358.814941, 7.302189, 2261.852051>) requested data for lock!
[11:07:56] Player (Luger Kain, 76561197999585420)(<6358.814941, 7.302189, 2261.852051>) requested data for lock!
[11:08:07] Player (Luger Kain, 76561197999585420)(<6358.814941, 7.302189, 2261.852051>) requested data for lock!
[11:11:06] Player (Luger Kain, 76561197999585420)(<6358.814941, 7.302189, 2261.852051>) requested data for lock!
[11:24:56] Player (Prophecy, 76561198990415902)(<5262.404297, 308.807892, 5506.635254>) requested data for lock!
[11:25:11] Player (Prophecy, 76561198990415902)(<5262.404297, 308.807892, 5506.635254>) requested data for lock!
[11:25:16] Player (Prophecy, 76561198990415902)(<5262.404297, 308.807892, 5506.635254>) requested data for lock!
[11:25:21] Player (Prophecy, 76561198990415902)(<5262.404297, 308.807892, 5506.635254>) requested data for lock!
[11:25:26] Player (Prophecy, 76561198990415902)(<5262.404297, 308.807892, 5506.635254>) requested data for lock!
[11:25:53] Player (Prophecy, 76561198990415902)(<5255.075684, 306.017731, 5502.657715>) requested data for lock!
[11:26:34] Player (Prophecy, 76561198990415902)(<5255.075684, 306.017731, 5502.657715>) requested data for lock!
[11:27:18] Player (Wolfy333sp, 76561198029161718)(<4637.123535, 345.079956, 5572.428711>) requested data for lock!
[11:33:43] Player (frenchy, 76561198969225016)(<6539.277344, 334.770752, 9318.540039>) requested data for lock!
[11:35:36] Player (frenchy, 76561198969225016)(<6552.541504, 337.658264, 9314.689453>) requested data for lock!
[11:41:00] Player (frenchy, 76561198969225016)(<6546.868164, 335.189972, 9330.886719>) requested data for lock!
[11:41:42] Player (frenchy, 76561198969225016)(<6539.277344, 334.770752, 9318.540039>) requested data for lock!
[11:41:47] Player (frenchy, 76561198969225016)(<6543.575684, 335.003296, 9327.412109>) requested data for lock!
[11:42:27] Player (Wolfy333sp, 76561198029161718)(<4647.715820, 343.196289, 5576.552734>) requested data for lock!
[11:43:38] Player (frenchy, 76561198969225016)(<6550.174316, 335.422028, 9334.314453>) requested data for lock!
[11:43:43] Player (frenchy, 76561198969225016)(<6539.277344, 334.770752, 9318.540039>) requested data for lock!
[11:43:48] Player (frenchy, 76561198969225016)(<6539.277344, 334.770752, 9318.540039>) requested data for lock!
[11:45:04] Player (frenchy, 76561198969225016)(<6543.575684, 335.003296, 9327.412109>) requested data for lock!
[11:47:54] Player (Wolfy333sp, 76561198029161718)(<4630.604980, 345.086884, 5533.016602>) requested data for lock!
[11:49:19] Player (Prophecy, 76561198990415902)(<5255.075684, 306.017731, 5502.657715>) requested data for lock!
[11:49:27] Player (Prophecy, 76561198990415902)(<5268.548340, 306.574585, 5517.510742>) requested data for lock!
[11:58:44] Player (Wolfy333sp, 76561198029161718)(<4641.707520, 343.196075, 5576.701172>) requested data for lock!
[11:58:57] Player (Wolfy333sp, 76561198029161718)(<4641.707520, 343.196075, 5576.701172>) requested data for lock!
[11:59:16] Player (Wolfy333sp, 76561198029161718)(<4641.707520, 343.196075, 5576.701172>) requested data for lock!
[12:05:50] Player (Wolfy333sp, 76561198029161718)(<4647.715820, 343.196289, 5576.552734>) requested data for lock!
[12:05:55] Player (Wolfy333sp, 76561198029161718)(<4637.123535, 345.079956, 5572.428711>) requested data for lock!
[12:08:19] Player (Wolfy333sp, 76561198029161718)(<4641.707520, 343.196075, 5576.701172>) requested data for lock!
[12:08:24] Player (Wolfy333sp, 76561198029161718)(<4647.715820, 343.196289, 5576.552734>) requested data for lock!
[12:08:29] Player (Wolfy333sp, 76561198029161718)(<4637.123535, 345.079956, 5572.428711>) requested data for lock!
[12:09:41] Player (Wolfy333sp, 76561198029161718)(<4637.123535, 345.079956, 5572.428711>) requested data for lock!
[12:09:58] Player (Wolfy333sp, 76561198029161718)(<4637.123535, 345.079956, 5572.428711>) requested data for lock!
[12:14:41] Player (Prophecy, 76561198990415902)(<5255.075684, 306.017731, 5502.657715>) requested data for lock!
[12:15:03] Player (Prophecy, 76561198990415902)(<5268.548340, 306.574585, 5517.510742>) requested data for lock!
[12:16:42] Player (Prophecy, 76561198990415902)(<5255.075684, 306.017731, 5502.657715>) requested data for lock!
[12:19:01] Player (Prophecy, 76561198990415902)(<5255.075684, 306.017731, 5502.657715>) requested data for lock!
[12:19:11] Player (Prophecy, 76561198990415902)(<5255.075684, 306.017731, 5502.657715>) requested data for lock!
[12:19:33] Player (Prophecy, 76561198990415902)(<5255.075684, 306.017731, 5502.657715>) requested data for lock!
[12:20:16] Player (Prophecy, 76561198990415902)(<5262.404297, 308.807892, 5506.635254>) requested data for lock!
[13:39:58] Player (Prophecy, 76561198990415902)(<5264.449707, 308.807892, 5503.083984>) requested data for lock!
[13:40:09] Player (Prophecy, 76561198990415902)(<5264.449707, 308.807892, 5503.083984>) requested data for lock!
[13:40:35] Player (Prophecy, 76561198990415902)(<5264.449707, 308.807892, 5503.083984>) requested data for lock!
[03-18-2021][13.49.54] Log file reloaded ( Server Restart )
[03-18-2021][14.01.05] Log file reloaded ( Server Restart )
[14:47:59] Player (NicFit, 76561198086129271)(<6934.305176, 64.038124, 3700.891846>) requested data for lock!
[14:48:05] Player (NicFit, 76561198086129271)(<6934.305176, 64.038124, 3700.891846>) requested data for lock!
[14:48:13] Player (NicFit, 76561198086129271)(<6931.692383, 66.978699, 3704.374268>) requested data for lock!
[14:48:21] Player (NicFit, 76561198086129271)(<6930.551758, 66.997383, 3709.342773>) requested data for lock!
[14:49:20] Player (NicFit, 76561198086129271)(<6934.527344, 56.750614, 3674.505615>) requested data for lock!
[14:58:56] Player (NicFit, 76561198086129271)(<6934.527344, 56.750614, 3674.505615>) requested data for lock!
[15:00:30] Player (NicFit, 76561198086129271)(<6934.527344, 56.750614, 3674.505615>) requested data for lock!
[15:01:13] Player (NicFit, 76561198086129271)(<6934.527344, 56.750614, 3674.505615>) requested data for lock!
[15:03:51] Player (Prophecy, 76561198990415902)(<5255.075684, 306.017731, 5502.657715>) requested data for lock!
[15:08:05] Player (NicFit, 76561198086129271)(<6940.228027, 60.961956, 3705.061768>) requested data for lock!
[15:08:18] Player (NicFit, 76561198086129271)(<6940.228027, 60.961956, 3705.061768>) requested data for lock!
[15:08:32] Player (NicFit, 76561198086129271)(<6940.228027, 60.961956, 3705.061768>) requested data for lock!
[15:09:24] Player (NicFit, 76561198086129271)(<6940.228027, 60.961956, 3705.061768>) requested data for lock!
[15:09:54] Player (NicFit, 76561198086129271)(<6940.228027, 60.961956, 3705.061768>) requested data for lock!
[15:10:02] Player (NicFit, 76561198086129271)(<6940.228027, 60.961956, 3705.061768>) requested data for lock!
[15:10:10] Player (NicFit, 76561198086129271)(<6934.305176, 64.038124, 3700.891846>) requested data for lock!
[15:13:51] Player (NicFit, 76561198086129271)(<6934.305176, 64.038124, 3700.891846>) requested data for lock!
[15:14:01] Player (NicFit, 76561198086129271)(<6940.228027, 60.961956, 3705.061768>) requested data for lock!
[15:14:59] Player (Prophecy, 76561198990415902)(<5255.075684, 306.017731, 5502.657715>) requested data for lock!
[15:18:34] Player (NicFit, 76561198086129271)(<6931.586914, 56.861805, 3686.584473>) requested data for lock!
[15:18:41] Player (NicFit, 76561198086129271)(<6954.129883, 56.568375, 3693.047363>) requested data for lock!
[15:32:25] Player (NicFit, 76561198086129271)(<6931.586914, 56.861805, 3686.584473>) requested data for lock!
[15:43:40] Player (NicFit, 76561198086129271)(<6940.228027, 60.961956, 3705.061768>) requested data for lock!
[15:43:47] Player (NicFit, 76561198086129271)(<6940.228027, 60.961956, 3705.061768>) requested data for lock!
[15:45:02] Player (NicFit, 76561198086129271)(<6934.305176, 64.038124, 3700.891846>) requested data for lock!
[15:45:16] Player (NicFit, 76561198086129271)(<6934.305176, 64.038124, 3700.891846>) requested data for lock!
[15:49:14] Player (gokayen, 76561198396489573)(<6527.522461, 387.563263, 5581.287109>) requested data for lock!
[15:49:30] Player (gokayen, 76561198396489573)(<6527.522461, 387.563263, 5581.287109>) requested data for lock!
[15:49:40] Player (NicFit, 76561198086129271)(<6934.305176, 64.038124, 3700.891846>) requested data for lock!
[15:50:03] Player (NicFit, 76561198086129271)(<6931.692383, 66.978699, 3704.374268>) requested data for lock!
[15:50:14] Player (NicFit, 76561198086129271)(<6934.305176, 64.038124, 3700.891846>) requested data for lock!
[15:50:26] Player (NicFit, 76561198086129271)(<6940.228027, 60.961956, 3705.061768>) requested data for lock!
[15:50:38] Player (NicFit, 76561198086129271)(<6934.527344, 56.750614, 3674.505615>) requested data for lock!
[15:51:08] Player (NicFit, 76561198086129271)(<6940.228027, 60.961956, 3705.061768>) requested data for lock!
[15:51:28] Player (NicFit, 76561198086129271)(<6934.305176, 64.038124, 3700.891846>) requested data for lock!
[15:52:29] Player (gokayen, 76561198396489573)(<6527.522461, 387.563263, 5581.287109>) requested data for lock!
[15:52:45] Player (gokayen, 76561198396489573)(<6547.820801, 393.913513, 5598.946289>) requested data for lock!
[15:56:23] Player (gokayen, 76561198396489573)(<6547.820801, 393.913513, 5598.946289>) requested data for lock!
[16:17:45] Player (gokayen, 76561198396489573)(<6527.522461, 387.563263, 5581.287109>) requested data for lock!
[16:20:03] Player (quadlock, 76561198162344833)(<6547.820801, 393.913513, 5598.946289>) requested data for lock!
[16:23:10] Player (quadlock, 76561198162344833)(<6547.820801, 393.913513, 5598.946289>) requested data for lock!
[16:23:41] Player (quadlock, 76561198162344833)(<6547.820801, 393.913513, 5598.946289>) requested data for lock!
[16:23:48] Player (quadlock, 76561198162344833)(<6547.820801, 393.913513, 5598.946289>) requested data for lock!
[16:24:26] Player (quadlock, 76561198162344833)(<6547.820801, 393.913513, 5598.946289>) requested data for lock!
[16:33:46] Player (Prophecy, 76561198990415902)(<12081.750000, 3.140198, 3382.256104>) requested data for lock!
[16:33:52] Player (Prophecy, 76561198990415902)(<12081.750000, 3.140198, 3382.256104>) requested data for lock!
[16:39:01] Player (Prophecy, 76561198990415902)(<12093.195313, 3.140198, 3385.864990>) requested data for lock!
[16:39:39] Player (Prophecy, 76561198990415902)(<12093.195313, 3.140198, 3385.864990>) requested data for lock!
[16:41:18] Player (Bernd, 76561197965508404)(<6931.692383, 66.978699, 3704.374268>) requested data for lock!
[16:41:33] Player (MerkTheHerl, 76561197991647850)(<1570.815186, 277.380005, 11957.082031>) requested data for lock!
[16:41:38] Player (MerkTheHerl, 76561197991647850)(<1570.815186, 277.380005, 11957.082031>) requested data for lock!
[16:41:43] Player (MerkTheHerl, 76561197991647850)(<1570.815186, 277.380005, 11957.082031>) requested data for lock!
[16:41:49] Player (MerkTheHerl, 76561197991647850)(<1570.815186, 277.380005, 11957.082031>) requested data for lock!
[16:41:54] Player (MerkTheHerl, 76561197991647850)(<1570.815186, 277.380005, 11957.082031>) requested data for lock!
[16:42:03] Player (MerkTheHerl, 76561197991647850)(<1558.675171, 277.254395, 11959.323242>) requested data for lock!
[16:42:08] Player (MerkTheHerl, 76561197991647850)(<1558.675171, 277.254395, 11959.323242>) requested data for lock!
[16:42:13] Player (MerkTheHerl, 76561197991647850)(<1558.675171, 277.254395, 11959.323242>) requested data for lock!
[16:43:14] Player (JevBurns, 76561198068395829)(<6954.129883, 56.568375, 3693.047363>) requested data for lock!
[16:43:20] Player (JevBurns, 76561198068395829)(<6934.527344, 56.750614, 3674.505615>) requested data for lock!
[16:43:24] Player (MerkTheHerl, 76561197991647850)(<1528.254517, 277.570496, 12012.386719>) requested data for lock!
[16:43:33] Player (MerkTheHerl, 76561197991647850)(<1513.985718, 277.839844, 12030.496094>) requested data for lock!
[16:43:39] Player (JevBurns, 76561198068395829)(<6940.228027, 60.961956, 3705.061768>) requested data for lock!
[16:43:48] Player (Bernd, 76561197965508404)(<6954.129883, 56.568375, 3693.047363>) requested data for lock!
[16:44:09] Player (JevBurns, 76561198068395829)(<6931.692383, 66.978699, 3704.374268>) requested data for lock!
[16:44:20] Player (JevBurns, 76561198068395829)(<6930.551758, 66.997383, 3709.342773>) requested data for lock!
[16:44:24] Player (Bernd, 76561197965508404)(<6934.305176, 64.038124, 3700.891846>) requested data for lock!
[16:44:30] Player (JevBurns, 76561198068395829)(<6930.551758, 66.997383, 3709.342773>) requested data for lock!
[16:44:33] Player (Bernd, 76561197965508404)(<6930.551758, 66.997383, 3709.342773>) requested data for lock!
[16:44:35] Player (JevBurns, 76561198068395829)(<6930.551758, 66.997383, 3709.342773>) requested data for lock!
[16:44:38] Player (Bernd, 76561197965508404)(<6930.551758, 66.997383, 3709.342773>) requested data for lock!
[16:44:40] Player (JevBurns, 76561198068395829)(<6930.551758, 66.997383, 3709.342773>) requested data for lock!
[16:44:43] Player (Bernd, 76561197965508404)(<6930.551758, 66.997383, 3709.342773>) requested data for lock!
[16:44:45] Player (JevBurns, 76561198068395829)(<6930.551758, 66.997383, 3709.342773>) requested data for lock!
[16:44:48] Player (Bernd, 76561197965508404)(<6930.551758, 66.997383, 3709.342773>) requested data for lock!
[16:44:50] Player (JevBurns, 76561198068395829)(<6930.551758, 66.997383, 3709.342773>) requested data for lock!
[16:44:53] Player (Bernd, 76561197965508404)(<6930.551758, 66.997383, 3709.342773>) requested data for lock!
[16:46:33] Player (JevBurns, 76561198068395829)(<6931.586914, 56.861805, 3686.584473>) requested data for lock!
[16:47:40] Player (Bernd, 76561197965508404)(<6954.129883, 56.568375, 3693.047363>) requested data for lock!
[16:57:39] Player (Bernd, 76561197965508404)(<6954.129883, 56.568375, 3693.047363>) requested data for lock!
[16:57:49] Player (Bernd, 76561197965508404)(<6940.228027, 60.961956, 3705.061768>) requested data for lock!
[17:01:17] Player (rastanator, 76561198035432577)(<8248.746094, 353.090576, 7027.941895>) requested data for lock!
[17:01:22] Player (rastanator, 76561198035432577)(<8248.746094, 353.090576, 7027.941895>) requested data for lock!
[17:01:32] Player (Hyale, 76561197994452607)(<5501.889160, 309.257965, 7589.780762>) requested data for lock!
[17:01:36] Player (Andy, 76561198085795595)(<6934.527344, 56.750614, 3674.505615>) requested data for lock!
[17:01:37] Player (Hyale, 76561197994452607)(<5501.889160, 309.257965, 7589.780762>) requested data for lock!
[17:01:45] Player (rastanator, 76561198035432577)(<8248.746094, 353.090576, 7027.941895>) requested data for lock!
[17:01:46] Player (Hyale, 76561197994452607)(<5461.073730, 311.571686, 7595.704590>) requested data for lock!
[17:01:51] Player (rastanator, 76561198035432577)(<8248.746094, 353.090576, 7027.941895>) requested data for lock!
[17:01:52] Player (Hyale, 76561197994452607)(<5442.709961, 311.571472, 7599.707520>) requested data for lock!
[17:02:17] Player (JevBurns, 76561198068395829)(<6934.527344, 56.750614, 3674.505615>) requested data for lock!
[17:02:30] Player (JevBurns, 76561198068395829)(<6940.228027, 60.961956, 3705.061768>) requested data for lock!
[17:02:43] Player (Hyale, 76561197994452607)(<5449.966797, 317.519806, 7603.605957>) requested data for lock!
[17:03:07] Player (Hyale, 76561197994452607)(<5461.073730, 311.571686, 7595.704590>) requested data for lock!
[17:03:10] Player (JevBurns, 76561198068395829)(<6931.692383, 66.978699, 3704.374268>) requested data for lock!
[17:03:28] Player (Andy, 76561198085795595)(<6931.692383, 66.978699, 3704.374268>) requested data for lock!
[17:03:28] Player (JevBurns, 76561198068395829)(<6931.692383, 66.978699, 3704.374268>) requested data for lock!
[17:03:39] Player (JevBurns, 76561198068395829)(<6930.551758, 66.997383, 3709.342773>) requested data for lock!
[17:03:46] Player (JevBurns, 76561198068395829)(<6930.551758, 66.997383, 3709.342773>) requested data for lock!
[17:04:02] Player (Andy, 76561198085795595)(<6937.594238, 58.649269, 3680.769775>) requested data for lock!
[17:04:02] Player (rastanator, 76561198035432577)(<8255.325195, 354.292114, 7013.197266>) requested data for lock!
[17:04:05] Player (Hyale, 76561197994452607)(<5449.966797, 317.519806, 7603.605957>) requested data for lock!
[17:04:07] Player (Andy, 76561198085795595)(<6937.594238, 58.649269, 3680.769775>) requested data for lock!
[17:04:08] Player (JevBurns, 76561198068395829)(<6937.594238, 58.649269, 3680.769775>) requested data for lock!
[17:04:12] Player (Andy, 76561198085795595)(<6931.586914, 56.861805, 3686.584473>) requested data for lock!
[17:04:17] Player (Hyale, 76561197994452607)(<5461.073730, 311.571686, 7595.704590>) requested data for lock!
[17:05:00] Player (Hyale, 76561197994452607)(<5461.073730, 311.571686, 7595.704590>) requested data for lock!
[17:17:29] Player (Bernd, 76561197965508404)(<6358.814941, 7.302189, 2261.852051>) requested data for lock!
[17:17:44] Player (Bernd, 76561197965508404)(<6358.814941, 7.302189, 2261.852051>) requested data for lock!
[17:18:25] Player (Bernd, 76561197965508404)(<6358.814941, 7.302189, 2261.852051>) requested data for lock!
[17:24:23] Player (Le chinois(Fr), 76561198041337034)(<9887.975586, 68.464325, 13859.181641>) requested data for lock!
[17:26:20] Player (rastanator, 76561198035432577)(<8248.746094, 353.090576, 7027.941895>) requested data for lock!
[17:27:12] Player (rastanator, 76561198035432577)(<8255.325195, 354.292114, 7013.197266>) requested data for lock!
[17:29:34] Player (rastanator, 76561198035432577)(<8255.325195, 354.292114, 7013.197266>) requested data for lock!
[17:29:39] Player (rastanator, 76561198035432577)(<8255.325195, 354.292114, 7013.197266>) requested data for lock!
[17:29:45] Player (rastanator, 76561198035432577)(<8255.325195, 354.292114, 7013.197266>) requested data for lock!
[17:30:09] Player (rastanator, 76561198035432577)(<8255.325195, 354.292114, 7013.197266>) requested data for lock!
[17:30:18] Player (grizzly bear, 76561198839448946)(<6546.098633, 337.521759, 9307.002930>) requested data for lock!
[17:31:06] Player (Le chinois(Fr), 76561198041337034)(<9887.975586, 68.464325, 13859.181641>) requested data for lock!
[17:31:17] Player (grizzly bear, 76561198839448946)(<6550.174316, 335.422028, 9334.314453>) requested data for lock!
[17:33:31] Player (Le chinois(Fr), 76561198041337034)(<9887.975586, 68.464325, 13859.181641>) requested data for lock!
[17:33:39] Player (Le chinois(Fr), 76561198041337034)(<9887.975586, 68.464325, 13859.181641>) requested data for lock!
[17:35:10] Player (grizzly bear, 76561198839448946)(<6550.174316, 335.422028, 9334.314453>) requested data for lock!
[17:36:06] Player (grizzly bear, 76561198839448946)(<6539.277344, 334.770752, 9318.540039>) requested data for lock!
[17:36:09] Player (Le chinois(Fr), 76561198041337034)(<9887.975586, 68.464325, 13859.181641>) requested data for lock!
[17:36:54] Player (grizzly bear, 76561198839448946)(<6539.277344, 334.770752, 9318.540039>) requested data for lock!
[17:37:15] Player (grizzly bear, 76561198839448946)(<6539.277344, 334.770752, 9318.540039>) requested data for lock!
[17:37:29] Player (grizzly bear, 76561198839448946)(<6546.098633, 337.521759, 9307.002930>) requested data for lock!
[17:37:36] Player (grizzly bear, 76561198839448946)(<6546.098633, 337.521759, 9307.002930>) requested data for lock!
[17:37:53] Player (grizzly bear, 76561198839448946)(<6546.868164, 335.189972, 9330.886719>) requested data for lock!
[17:38:46] Player (NicFit, 76561198086129271)(<6934.305176, 64.038124, 3700.891846>) requested data for lock!
[17:38:52] Player (rastanator, 76561198035432577)(<8255.325195, 354.292114, 7013.197266>) requested data for lock!
[17:38:57] Player (rastanator, 76561198035432577)(<8255.325195, 354.292114, 7013.197266>) requested data for lock!
[17:39:02] Player (rastanator, 76561198035432577)(<8255.325195, 354.292114, 7013.197266>) requested data for lock!
[17:40:21] Player (NicFit, 76561198086129271)(<6952.204590, 56.158333, 3685.845215>) requested data for lock!
[17:41:42] Player (NicFit, 76561198086129271)(<6940.228027, 60.961956, 3705.061768>) requested data for lock!
[17:41:52] Player (grizzly bear, 76561198839448946)(<6539.277344, 334.770752, 9318.540039>) requested data for lock!
[17:48:53] Player (rastanator, 76561198035432577)(<8248.746094, 353.090576, 7027.941895>) requested data for lock!
[17:48:59] Player (rastanator, 76561198035432577)(<8248.746094, 353.090576, 7027.941895>) requested data for lock!
[17:49:04] Player (rastanator, 76561198035432577)(<8248.746094, 353.090576, 7027.941895>) requested data for lock!
[17:49:59] Player (rastanator, 76561198035432577)(<8248.746094, 353.090576, 7027.941895>) requested data for lock!
[17:51:15] Player (NicFit, 76561198086129271)(<6931.692383, 66.978699, 3704.374268>) requested data for lock!
[17:51:27] Player (NicFit, 76561198086129271)(<6934.305176, 64.038124, 3700.891846>) requested data for lock!
[17:52:36] Player (NicFit, 76561198086129271)(<6952.204590, 56.158333, 3685.845215>) requested data for lock!
[17:52:52] Player (NicFit, 76561198086129271)(<6931.586914, 56.861805, 3686.584473>) requested data for lock!
[17:56:29] Player (NicFit, 76561198086129271)(<6940.228027, 60.961956, 3705.061768>) requested data for lock!
[17:56:44] Player (NicFit, 76561198086129271)(<6940.228027, 60.961956, 3705.061768>) requested data for lock!
[17:56:52] Player (NicFit, 76561198086129271)(<6940.228027, 60.961956, 3705.061768>) requested data for lock!
[17:56:59] Player (NicFit, 76561198086129271)(<6940.228027, 60.961956, 3705.061768>) requested data for lock!
[03-18-2021][18.01.15] Log file reloaded ( Server Restart )
[18:03:12] Player (NicFit, 76561198086129271)(<6931.586914, 56.861805, 3686.584473>) requested data for lock!
[18:05:10] Player (NicFit, 76561198086129271)(<6931.586914, 56.861805, 3686.584473>) requested data for lock!
[18:05:24] Player (NicFit, 76561198086129271)(<6931.586914, 56.861805, 3686.584473>) requested data for lock!
[18:05:25] Player (Le chinois(Fr), 76561198041337034)(<9887.975586, 68.464325, 13859.181641>) requested data for lock!
[18:05:31] Player (NicFit, 76561198086129271)(<6940.228027, 60.961956, 3705.061768>) requested data for lock!
[18:05:40] Player (NicFit, 76561198086129271)(<6934.305176, 64.038124, 3700.891846>) requested data for lock!
[18:06:12] Player (NicFit, 76561198086129271)(<6940.228027, 60.961956, 3705.061768>) requested data for lock!
[18:06:21] Player (NicFit, 76561198086129271)(<6931.586914, 56.861805, 3686.584473>) requested data for lock!
[18:24:38] Player (quadlock, 76561198162344833)(<6547.820801, 393.913513, 5598.946289>) requested data for lock!
[18:25:12] Player (Le chinois(Fr), 76561198041337034)(<5501.889160, 309.257965, 7589.780762>) requested data for lock!
[18:27:09] Player (NicFit, 76561198086129271)(<6931.586914, 56.861805, 3686.584473>) requested data for lock!
[18:34:26] Player (quadlock, 76561198162344833)(<6527.522461, 387.563263, 5581.287109>) requested data for lock!
[18:49:36] Player (Magnetschaedel, 76561198006594084)(<5066.593750, 290.788361, 6230.539063>) requested data for lock!
[18:49:41] Player (Magnetschaedel, 76561198006594084)(<5067.030762, 288.880005, 6242.859863>) requested data for lock!
[18:50:22] Player (Magnetschaedel, 76561198006594084)(<5059.447266, 288.864899, 6235.863281>) requested data for lock!
[18:51:07] Player (Magnetschaedel, 76561198006594084)(<5059.447266, 288.864899, 6235.863281>) requested data for lock!
[18:51:14] Player (Magnetschaedel, 76561198006594084)(<5066.520996, 288.879456, 6247.917480>) requested data for lock!
[18:51:22] Player (Magnetschaedel, 76561198006594084)(<5065.988770, 288.874664, 6253.040527>) requested data for lock!
[18:54:06] Player (Magnetschaedel, 76561198006594084)(<5042.893066, 290.121704, 6246.572266>) requested data for lock!
[18:54:18] Player (grizzly bear, 76561198839448946)(<6546.098633, 337.521759, 9307.002930>) requested data for lock!
[18:54:42] Player (NicFit, 76561198086129271)(<6954.129883, 56.568375, 3693.047363>) requested data for lock!
[18:54:45] Player (Magnetschaedel, 76561198006594084)(<5042.893066, 290.121704, 6246.572266>) requested data for lock!
[18:54:46] Player (HnyBee, 76561198967138934)(<6552.541504, 337.658264, 9314.689453>) requested data for lock!
[18:55:17] Player (NicFit, 76561198086129271)(<6954.129883, 56.568375, 3693.047363>) requested data for lock!
[18:55:34] Player (HnyBee, 76561198967138934)(<6550.174316, 335.422028, 9334.314453>) requested data for lock!
[18:55:38] Player (NicFit, 76561198086129271)(<6952.204590, 56.158333, 3685.845215>) requested data for lock!
[18:55:43] Player (HnyBee, 76561198967138934)(<6543.575684, 335.003296, 9327.412109>) requested data for lock!
[18:55:56] Player (grizzly bear, 76561198839448946)(<6546.868164, 335.189972, 9330.886719>) requested data for lock!
[18:55:59] Player (Prophecy, 76561198990415902)(<5268.548340, 306.574585, 5517.510742>) requested data for lock!
[18:56:01] Player (grizzly bear, 76561198839448946)(<6546.868164, 335.189972, 9330.886719>) requested data for lock!
[18:57:19] Player (HnyBee, 76561198967138934)(<6543.575684, 335.003296, 9327.412109>) requested data for lock!
[18:57:41] Player (HnyBee, 76561198967138934)(<6543.575684, 335.003296, 9327.412109>) requested data for lock!
[18:58:24] Player (HnyBee, 76561198967138934)(<6543.575684, 335.003296, 9327.412109>) requested data for lock!
[18:58:33] Player (HnyBee, 76561198967138934)(<6546.868164, 335.189972, 9330.886719>) requested data for lock!
[18:58:49] Player (HnyBee, 76561198967138934)(<6550.174316, 335.422028, 9334.314453>) requested data for lock!
[19:06:17] Player (grizzly bear, 76561198839448946)(<6546.098633, 337.521759, 9307.002930>) requested data for lock!
[19:06:25] Player (frenchy, 76561198969225016)(<6552.541504, 337.658264, 9314.689453>) requested data for lock!
[19:09:03] Player (Prophecy, 76561198990415902)(<5268.548340, 306.574585, 5517.510742>) requested data for lock!
[19:11:17] Player (frenchy, 76561198969225016)(<6546.868164, 335.189972, 9330.886719>) requested data for lock!
[19:11:19] Player (JevBurns, 76561198068395829)(<6543.575684, 335.003296, 9327.412109>) requested data for lock!
[19:14:37] Player (grizzly bear, 76561198839448946)(<6539.277344, 334.770752, 9318.540039>) requested data for lock!
[19:16:55] Player (grizzly bear, 76561198839448946)(<6558.626953, 337.750977, 9319.615234>) requested data for lock!
[19:17:52] Player (JevBurns, 76561198068395829)(<6550.174316, 335.422028, 9334.314453>) requested data for lock!
[19:17:54] Player (frenchy, 76561198969225016)(<6550.174316, 335.422028, 9334.314453>) requested data for lock!
[19:18:06] Player (frenchy, 76561198969225016)(<6550.174316, 335.422028, 9334.314453>) requested data for lock!
[19:18:08] Player (JevBurns, 76561198068395829)(<6550.174316, 335.422028, 9334.314453>) requested data for lock!
[19:18:18] Player (NicFit, 76561198086129271)(<6937.594238, 58.649269, 3680.769775>) requested data for lock!
[19:21:01] Player (Magnetschaedel, 76561198006594084)(<5042.893066, 290.121704, 6246.572266>) requested data for lock!
[19:25:12] Player (NicFit, 76561198086129271)(<6940.228027, 60.961956, 3705.061768>) requested data for lock!
[19:26:53] Player (NicFit, 76561198086129271)(<6934.305176, 64.038124, 3700.891846>) requested data for lock!
[19:27:22] Player (zendog, 76561197970078933)(<3648.097900, 301.395508, 8605.158203>) requested data for lock!
[19:27:49] Player (NicFit, 76561198086129271)(<6940.228027, 60.961956, 3705.061768>) requested data for lock!
[19:27:58] Player (NicFit, 76561198086129271)(<6952.204590, 56.158333, 3685.845215>) requested data for lock!
[19:28:29] Player (grizzly bear, 76561198839448946)(<6539.277344, 334.770752, 9318.540039>) requested data for lock!
[19:28:30] Player (zendog, 76561197970078933)(<3643.489014, 299.456909, 8598.204102>) requested data for lock!
[19:28:38] Player (zendog, 76561197970078933)(<3655.449463, 299.387238, 8577.824219>) requested data for lock!
[19:28:59] Player (zendog, 76561197970078933)(<3643.489014, 299.456909, 8598.204102>) requested data for lock!
[19:29:13] Player (zendog, 76561197970078933)(<3623.868164, 299.156525, 8583.653320>) requested data for lock!
[19:31:05] Player (zendog, 76561197970078933)(<3623.868164, 299.156525, 8583.653320>) requested data for lock!
[19:31:33] Player (zendog, 76561197970078933)(<3643.489014, 299.456909, 8598.204102>) requested data for lock!
[19:32:31] Player (frenchy, 76561198969225016)(<6539.277344, 334.770752, 9318.540039>) requested data for lock!
[19:32:58] Player (zendog, 76561197970078933)(<3623.868164, 299.156525, 8583.653320>) requested data for lock!
[19:33:00] Player (frenchy, 76561198969225016)(<6550.174316, 335.422028, 9334.314453>) requested data for lock!
[19:33:06] Player (frenchy, 76561198969225016)(<6543.575684, 335.003296, 9327.412109>) requested data for lock!
[19:35:02] Player (zendog, 76561197970078933)(<3623.868164, 299.156525, 8583.653320>) requested data for lock!
[19:36:04] Player (NicFit, 76561198086129271)(<6940.228027, 60.961956, 3705.061768>) requested data for lock!
[19:37:06] Player (zendog, 76561197970078933)(<3655.449463, 299.387238, 8577.824219>) requested data for lock!
[19:37:26] Player (grizzly bear, 76561198839448946)(<6558.626953, 337.750977, 9319.615234>) requested data for lock!
[19:37:26] Player (zendog, 76561197970078933)(<3655.449463, 299.387238, 8577.824219>) requested data for lock!
[19:39:13] Player (grizzly bear, 76561198839448946)(<6546.098633, 337.521759, 9307.002930>) requested data for lock!
[19:39:18] Player (grizzly bear, 76561198839448946)(<6546.098633, 337.521759, 9307.002930>) requested data for lock!
[19:39:24] Player (grizzly bear, 76561198839448946)(<6546.098633, 337.521759, 9307.002930>) requested data for lock!
[19:39:29] Player (grizzly bear, 76561198839448946)(<6546.098633, 337.521759, 9307.002930>) requested data for lock!
[19:39:34] Player (grizzly bear, 76561198839448946)(<6546.098633, 337.521759, 9307.002930>) requested data for lock!
[19:39:39] Player (grizzly bear, 76561198839448946)(<6546.098633, 337.521759, 9307.002930>) requested data for lock!
[19:39:44] Player (grizzly bear, 76561198839448946)(<6546.098633, 337.521759, 9307.002930>) requested data for lock!
[19:39:49] Player (grizzly bear, 76561198839448946)(<6546.098633, 337.521759, 9307.002930>) requested data for lock!
[19:39:54] Player (grizzly bear, 76561198839448946)(<6546.098633, 337.521759, 9307.002930>) requested data for lock!
[19:39:59] Player (grizzly bear, 76561198839448946)(<6546.098633, 337.521759, 9307.002930>) requested data for lock!
[19:40:04] Player (grizzly bear, 76561198839448946)(<6546.098633, 337.521759, 9307.002930>) requested data for lock!
[19:40:09] Player (grizzly bear, 76561198839448946)(<6546.098633, 337.521759, 9307.002930>) requested data for lock!
[19:40:14] Player (grizzly bear, 76561198839448946)(<6546.098633, 337.521759, 9307.002930>) requested data for lock!
[19:40:19] Player (grizzly bear, 76561198839448946)(<6546.098633, 337.521759, 9307.002930>) requested data for lock!
[19:40:24] Player (grizzly bear, 76561198839448946)(<6546.098633, 337.521759, 9307.002930>) requested data for lock!
[19:40:29] Player (grizzly bear, 76561198839448946)(<6546.098633, 337.521759, 9307.002930>) requested data for lock!
[19:41:00] Player (grizzly bear, 76561198839448946)(<6546.098633, 337.521759, 9307.002930>) requested data for lock!
[19:41:02] Player (zendog, 76561197970078933)(<3657.411377, 299.556580, 8598.930664>) requested data for lock!
[19:51:59] Player (zendog, 76561197970078933)(<3655.449463, 299.387238, 8577.824219>) requested data for lock!
[19:52:54] Player (Percy Coles, 76561198177852285)(<8079.128906, 459.103149, 9329.417969>) requested data for lock!
[19:53:23] Player (Percy Coles, 76561198177852285)(<8079.128906, 459.103149, 9329.417969>) requested data for lock!
[19:54:19] Player (NicFit, 76561198086129271)(<6940.228027, 60.961956, 3705.061768>) requested data for lock!
[19:54:24] Player (NicFit, 76561198086129271)(<6940.228027, 60.961956, 3705.061768>) requested data for lock!
[19:54:29] Player (NicFit, 76561198086129271)(<6940.228027, 60.961956, 3705.061768>) requested data for lock!
[19:54:34] Player (NicFit, 76561198086129271)(<6940.228027, 60.961956, 3705.061768>) requested data for lock!
[19:54:39] Player (NicFit, 76561198086129271)(<6940.228027, 60.961956, 3705.061768>) requested data for lock!
[19:54:44] Player (NicFit, 76561198086129271)(<6940.228027, 60.961956, 3705.061768>) requested data for lock!
[19:54:49] Player (NicFit, 76561198086129271)(<6940.228027, 60.961956, 3705.061768>) requested data for lock!
[19:54:54] Player (zendog, 76561197970078933)(<3655.449463, 299.387238, 8577.824219>) requested data for lock!
[19:54:54] Player (NicFit, 76561198086129271)(<6940.228027, 60.961956, 3705.061768>) requested data for lock!
[19:54:59] Player (NicFit, 76561198086129271)(<6940.228027, 60.961956, 3705.061768>) requested data for lock!
[19:55:56] Player (zendog, 76561197970078933)(<3655.449463, 299.387238, 8577.824219>) requested data for lock!
[19:56:17] Player (zendog, 76561197970078933)(<3655.449463, 299.387238, 8577.824219>) requested data for lock!
[19:56:25] Player (zendog, 76561197970078933)(<3655.449463, 299.387238, 8577.824219>) requested data for lock!
[19:57:15] Player (NicFit, 76561198086129271)(<6940.228027, 60.961956, 3705.061768>) requested data for lock!
[19:57:16] Player (Percy Coles, 76561198177852285)(<8079.128906, 459.103149, 9329.417969>) requested data for lock!
[19:57:24] Player (NicFit, 76561198086129271)(<6931.586914, 56.861805, 3686.584473>) requested data for lock!
[19:57:34] Player (NicFit, 76561198086129271)(<6934.527344, 56.750614, 3674.505615>) requested data for lock!
[19:57:54] Player (NicFit, 76561198086129271)(<6934.527344, 56.750614, 3674.505615>) requested data for lock!
[19:58:03] Player (zendog, 76561197970078933)(<3655.449463, 299.387238, 8577.824219>) requested data for lock!
[20:01:07] Player (NicFit, 76561198086129271)(<6937.594238, 58.649269, 3680.769775>) requested data for lock!
[20:02:58] Player (Prophecy, 76561198990415902)(<5255.075684, 306.017731, 5502.657715>) requested data for lock!
[20:03:16] Player (Prophecy, 76561198990415902)(<5268.548340, 306.574585, 5517.510742>) requested data for lock!
[20:10:43] Player (NicFit, 76561198086129271)(<6931.586914, 56.861805, 3686.584473>) requested data for lock!
[20:10:59] Player (Prophecy, 76561198990415902)(<5277.693359, 306.573822, 5517.387695>) requested data for lock!
[20:16:16] Player (frenchy, 76561198969225016)(<6550.174316, 335.422028, 9334.314453>) requested data for lock!
[20:16:23] Player (frenchy, 76561198969225016)(<6550.174316, 335.422028, 9334.314453>) requested data for lock!
[20:16:50] Player (frenchy, 76561198969225016)(<6546.098633, 337.521759, 9307.002930>) requested data for lock!
[20:17:48] Player (Magnetschaedel, 76561198006594084)(<5042.893066, 290.121704, 6246.572266>) requested data for lock!
[20:18:27] Player (NicFit, 76561198086129271)(<6940.228027, 60.961956, 3705.061768>) requested data for lock!
[20:18:40] Player (NicFit, 76561198086129271)(<6940.228027, 60.961956, 3705.061768>) requested data for lock!
[20:19:28] Player (NicFit, 76561198086129271)(<6940.228027, 60.961956, 3705.061768>) requested data for lock!
[20:19:44] Player (NicFit, 76561198086129271)(<6940.228027, 60.961956, 3705.061768>) requested data for lock!
[20:19:51] Player (NicFit, 76561198086129271)(<6940.228027, 60.961956, 3705.061768>) requested data for lock!
[20:19:57] Player (NicFit, 76561198086129271)(<6940.228027, 60.961956, 3705.061768>) requested data for lock!
[20:20:04] Player (NicFit, 76561198086129271)(<6940.228027, 60.961956, 3705.061768>) requested data for lock!
[20:20:28] Player (NicFit, 76561198086129271)(<6940.228027, 60.961956, 3705.061768>) requested data for lock!
[20:21:41] Player (NicFit, 76561198086129271)(<6940.228027, 60.961956, 3705.061768>) requested data for lock!
[20:21:51] Player (frenchy, 76561198969225016)(<6552.541504, 337.658264, 9314.689453>) requested data for lock!
[20:22:27] Player (NicFit, 76561198086129271)(<6940.228027, 60.961956, 3705.061768>) requested data for lock!
[20:23:10] Player (frenchy, 76561198969225016)(<6552.541504, 337.658264, 9314.689453>) requested data for lock!
[20:23:48] Player (NicFit, 76561198086129271)(<6940.228027, 60.961956, 3705.061768>) requested data for lock!
[20:23:55] Player (NicFit, 76561198086129271)(<6940.228027, 60.961956, 3705.061768>) requested data for lock!
[20:24:02] Player (NicFit, 76561198086129271)(<6940.228027, 60.961956, 3705.061768>) requested data for lock!
[20:24:11] Player (NicFit, 76561198086129271)(<6952.204590, 56.158333, 3685.845215>) requested data for lock!
[20:24:22] Player (NicFit, 76561198086129271)(<6940.228027, 60.961956, 3705.061768>) requested data for lock!
[20:24:35] Player (NicFit, 76561198086129271)(<6931.692383, 66.978699, 3704.374268>) requested data for lock!
[20:25:14] Player (NicFit, 76561198086129271)(<6940.228027, 60.961956, 3705.061768>) requested data for lock!
[20:25:28] Player (NicFit, 76561198086129271)(<6940.228027, 60.961956, 3705.061768>) requested data for lock!
[20:26:05] Player (NicFit, 76561198086129271)(<6940.228027, 60.961956, 3705.061768>) requested data for lock!
[20:26:18] Player (zendog, 76561197970078933)(<3655.449463, 299.387238, 8577.824219>) requested data for lock!
[20:26:53] Player (NicFit, 76561198086129271)(<6940.228027, 60.961956, 3705.061768>) requested data for lock!
[20:28:04] Player (NicFit, 76561198086129271)(<6940.228027, 60.961956, 3705.061768>) requested data for lock!
[20:29:51] Player (NicFit, 76561198086129271)(<6940.228027, 60.961956, 3705.061768>) requested data for lock!
[20:29:56] Player (MissionHades, 76561199101605101)(<1558.675171, 277.254395, 11959.323242>) requested data for lock!
[20:30:33] Player (NicFit, 76561198086129271)(<6940.228027, 60.961956, 3705.061768>) requested data for lock!
[20:30:41] Player (NicFit, 76561198086129271)(<6940.228027, 60.961956, 3705.061768>) requested data for lock!
[20:30:56] Player (NicFit, 76561198086129271)(<6940.228027, 60.961956, 3705.061768>) requested data for lock!
[20:31:19] Player (NicFit, 76561198086129271)(<6940.228027, 60.961956, 3705.061768>) requested data for lock!
[20:31:26] Player (NicFit, 76561198086129271)(<6940.228027, 60.961956, 3705.061768>) requested data for lock!
[20:31:50] Player (NicFit, 76561198086129271)(<6940.228027, 60.961956, 3705.061768>) requested data for lock!
[20:31:56] Player (NicFit, 76561198086129271)(<6940.228027, 60.961956, 3705.061768>) requested data for lock!
[20:32:03] Player (NicFit, 76561198086129271)(<6940.228027, 60.961956, 3705.061768>) requested data for lock!
[20:32:21] Player (frenchy, 76561198969225016)(<6552.541504, 337.658264, 9314.689453>) requested data for lock!
[20:36:41] Player (grizzly bear, 76561198839448946)(<6550.174316, 335.422028, 9334.314453>) requested data for lock!
[20:36:46] Player (grizzly bear, 76561198839448946)(<6550.174316, 335.422028, 9334.314453>) requested data for lock!
[20:36:51] Player (grizzly bear, 76561198839448946)(<6550.174316, 335.422028, 9334.314453>) requested data for lock!
[20:36:56] Player (grizzly bear, 76561198839448946)(<6550.174316, 335.422028, 9334.314453>) requested data for lock!
[20:37:01] Player (grizzly bear, 76561198839448946)(<6550.174316, 335.422028, 9334.314453>) requested data for lock!
[20:37:06] Player (grizzly bear, 76561198839448946)(<6550.174316, 335.422028, 9334.314453>) requested data for lock!
[20:37:11] Player (grizzly bear, 76561198839448946)(<6550.174316, 335.422028, 9334.314453>) requested data for lock!
[20:37:16] Player (grizzly bear, 76561198839448946)(<6550.174316, 335.422028, 9334.314453>) requested data for lock!
[20:37:21] Player (grizzly bear, 76561198839448946)(<6550.174316, 335.422028, 9334.314453>) requested data for lock!
[20:37:26] Player (grizzly bear, 76561198839448946)(<6550.174316, 335.422028, 9334.314453>) requested data for lock!
[20:37:31] Player (grizzly bear, 76561198839448946)(<6550.174316, 335.422028, 9334.314453>) requested data for lock!
[20:37:36] Player (grizzly bear, 76561198839448946)(<6550.174316, 335.422028, 9334.314453>) requested data for lock!
[20:41:36] Player (Yzb. Tulcus, 76561198421975055)(<5771.721680, 319.981079, 7896.771484>) requested data for lock!
[20:41:56] Player (MissionHades, 76561199101605101)(<1558.675171, 277.254395, 11959.323242>) requested data for lock!
[20:42:39] Player (NicFit, 76561198086129271)(<6940.228027, 60.961956, 3705.061768>) requested data for lock!
[20:42:44] Player (NicFit, 76561198086129271)(<6940.228027, 60.961956, 3705.061768>) requested data for lock!
[20:42:49] Player (NicFit, 76561198086129271)(<6940.228027, 60.961956, 3705.061768>) requested data for lock!
[20:42:54] Player (NicFit, 76561198086129271)(<6940.228027, 60.961956, 3705.061768>) requested data for lock!
[20:42:59] Player (NicFit, 76561198086129271)(<6940.228027, 60.961956, 3705.061768>) requested data for lock!
[20:43:04] Player (NicFit, 76561198086129271)(<6940.228027, 60.961956, 3705.061768>) requested data for lock!
[20:43:09] Player (NicFit, 76561198086129271)(<6940.228027, 60.961956, 3705.061768>) requested data for lock!
[20:43:14] Player (NicFit, 76561198086129271)(<6940.228027, 60.961956, 3705.061768>) requested data for lock!
[20:43:19] Player (NicFit, 76561198086129271)(<6940.228027, 60.961956, 3705.061768>) requested data for lock!
[20:43:24] Player (NicFit, 76561198086129271)(<6940.228027, 60.961956, 3705.061768>) requested data for lock!
[20:43:29] Player (NicFit, 76561198086129271)(<6940.228027, 60.961956, 3705.061768>) requested data for lock!
[20:43:34] Player (NicFit, 76561198086129271)(<6940.228027, 60.961956, 3705.061768>) requested data for lock!
[20:43:39] Player (NicFit, 76561198086129271)(<6940.228027, 60.961956, 3705.061768>) requested data for lock!
[20:43:44] Player (NicFit, 76561198086129271)(<6940.228027, 60.961956, 3705.061768>) requested data for lock!
[20:43:49] Player (NicFit, 76561198086129271)(<6940.228027, 60.961956, 3705.061768>) requested data for lock!
[20:43:54] Player (NicFit, 76561198086129271)(<6940.228027, 60.961956, 3705.061768>) requested data for lock!
[20:43:59] Player (NicFit, 76561198086129271)(<6940.228027, 60.961956, 3705.061768>) requested data for lock!
[20:44:04] Player (NicFit, 76561198086129271)(<6940.228027, 60.961956, 3705.061768>) requested data for lock!
[20:44:09] Player (NicFit, 76561198086129271)(<6940.228027, 60.961956, 3705.061768>) requested data for lock!
[20:44:14] Player (NicFit, 76561198086129271)(<6940.228027, 60.961956, 3705.061768>) requested data for lock!
[20:44:19] Player (NicFit, 76561198086129271)(<6940.228027, 60.961956, 3705.061768>) requested data for lock!
[20:44:24] Player (NicFit, 76561198086129271)(<6940.228027, 60.961956, 3705.061768>) requested data for lock!
[20:44:29] Player (NicFit, 76561198086129271)(<6940.228027, 60.961956, 3705.061768>) requested data for lock!
[20:44:34] Player (NicFit, 76561198086129271)(<6940.228027, 60.961956, 3705.061768>) requested data for lock!
[20:44:39] Player (NicFit, 76561198086129271)(<6940.228027, 60.961956, 3705.061768>) requested data for lock!
[20:44:44] Player (NicFit, 76561198086129271)(<6940.228027, 60.961956, 3705.061768>) requested data for lock!
[20:44:49] Player (NicFit, 76561198086129271)(<6940.228027, 60.961956, 3705.061768>) requested data for lock!
[20:44:54] Player (NicFit, 76561198086129271)(<6940.228027, 60.961956, 3705.061768>) requested data for lock!
[20:44:59] Player (NicFit, 76561198086129271)(<6940.228027, 60.961956, 3705.061768>) requested data for lock!
[20:45:04] Player (NicFit, 76561198086129271)(<6940.228027, 60.961956, 3705.061768>) requested data for lock!
[20:45:09] Player (NicFit, 76561198086129271)(<6940.228027, 60.961956, 3705.061768>) requested data for lock!
[20:45:14] Player (NicFit, 76561198086129271)(<6940.228027, 60.961956, 3705.061768>) requested data for lock!
[20:45:19] Player (NicFit, 76561198086129271)(<6940.228027, 60.961956, 3705.061768>) requested data for lock!
[20:45:24] Player (NicFit, 76561198086129271)(<6940.228027, 60.961956, 3705.061768>) requested data for lock!
[20:45:27] Player (MissionHades, 76561199101605101)(<1555.979004, 277.394226, 11951.742188>) requested data for lock!
[20:45:29] Player (NicFit, 76561198086129271)(<6940.228027, 60.961956, 3705.061768>) requested data for lock!
[20:45:33] Player (MissionHades, 76561199101605101)(<1555.979004, 277.394226, 11951.742188>) requested data for lock!
[20:45:34] Player (NicFit, 76561198086129271)(<6940.228027, 60.961956, 3705.061768>) requested data for lock!
[20:45:39] Player (NicFit, 76561198086129271)(<6940.228027, 60.961956, 3705.061768>) requested data for lock!
[20:45:44] Player (JevBurns, 76561198068395829)(<5773.697266, 321.505432, 7883.833008>) requested data for lock!
[20:45:44] Player (NicFit, 76561198086129271)(<6940.228027, 60.961956, 3705.061768>) requested data for lock!
[20:45:49] Player (NicFit, 76561198086129271)(<6940.228027, 60.961956, 3705.061768>) requested data for lock!
[20:45:56] Player (JevBurns, 76561198068395829)(<5780.497559, 324.594940, 7887.916504>) requested data for lock!
[20:47:28] Player (MissionHades, 76561199101605101)(<1528.254517, 277.570496, 12012.386719>) requested data for lock!
[20:48:15] Player (MissionHades, 76561199101605101)(<1528.254517, 277.570496, 12012.386719>) requested data for lock!
[20:48:20] Player (MissionHades, 76561199101605101)(<1517.586426, 279.136688, 12029.351563>) requested data for lock!
[20:48:25] Player (MissionHades, 76561199101605101)(<1517.586426, 279.136688, 12029.351563>) requested data for lock!
[20:50:29] Player (NicFit, 76561198086129271)(<6954.129883, 56.568375, 3693.047363>) requested data for lock!
[20:50:51] Player (Magnetschaedel, 76561198006594084)(<5042.893066, 290.121704, 6246.572266>) requested data for lock!
[20:51:05] Player (NicFit, 76561198086129271)(<6940.228027, 60.961956, 3705.061768>) requested data for lock!
[20:51:28] Player (NicFit, 76561198086129271)(<6940.228027, 60.961956, 3705.061768>) requested data for lock!
[20:52:41] Player (NicFit, 76561198086129271)(<6931.692383, 66.978699, 3704.374268>) requested data for lock!
[20:52:52] Player (NicFit, 76561198086129271)(<6930.551758, 66.997383, 3709.342773>) requested data for lock!
[20:53:21] Player (NicFit, 76561198086129271)(<6931.692383, 66.978699, 3704.374268>) requested data for lock!
[20:53:42] Player (NicFit, 76561198086129271)(<6940.228027, 60.961956, 3705.061768>) requested data for lock!
[20:54:04] Player (NicFit, 76561198086129271)(<6940.228027, 60.961956, 3705.061768>) requested data for lock!
[20:57:13] Player (MissionHades, 76561199101605101)(<1513.985718, 277.839844, 12030.496094>) requested data for lock!
[20:57:24] Player (Jordan, 76561198999593356)(<4061.510254, 298.209839, 7283.538086>) requested data for lock!
[20:57:34] Player (Jordan, 76561198999593356)(<4061.510254, 298.209839, 7283.538086>) requested data for lock!
[20:58:19] Player (Magnetschaedel, 76561198006594084)(<5042.893066, 290.121704, 6246.572266>) requested data for lock!
[20:58:35] Player (MissionHades, 76561199101605101)(<1558.675171, 277.254395, 11959.323242>) requested data for lock!
[21:00:26] Player (MissionHades, 76561199101605101)(<1555.979004, 277.394226, 11951.742188>) requested data for lock!
[21:00:44] Player (MissionHades, 76561199101605101)(<1513.985718, 277.839844, 12030.496094>) requested data for lock!
[21:00:57] Player (MissionHades, 76561199101605101)(<1513.985718, 277.839844, 12030.496094>) requested data for lock!
[21:01:06] Player (Wolfy333sp, 76561198029161718)(<4637.123535, 345.079956, 5572.428711>) requested data for lock!
[21:01:14] Player (Wolfy333sp, 76561198029161718)(<4641.707520, 343.196075, 5576.701172>) requested data for lock!
[21:01:47] Player (MissionHades, 76561199101605101)(<1528.254517, 277.570496, 12012.386719>) requested data for lock!
[21:04:38] Player (zendog, 76561197970078933)(<3655.449463, 299.387238, 8577.824219>) requested data for lock!
[21:07:17] Player (Magnetschaedel, 76561198006594084)(<5042.893066, 290.121704, 6246.572266>) requested data for lock!
[21:07:18] Player (HnyBee, 76561198967138934)(<3696.249268, 208.265701, 13343.520508>) requested data for lock!
[21:07:23] Player (HnyBee, 76561198967138934)(<3696.249268, 208.265701, 13343.520508>) requested data for lock!
[21:07:28] Player (HnyBee, 76561198967138934)(<3696.249268, 208.265701, 13343.520508>) requested data for lock!
[21:07:33] Player (HnyBee, 76561198967138934)(<3696.249268, 208.265701, 13343.520508>) requested data for lock!
[21:08:55] Player (MissionHades, 76561199101605101)(<1528.254517, 277.570496, 12012.386719>) requested data for lock!
[21:09:39] Player (Survivor, 76561199151038843)(<1558.675171, 277.254395, 11959.323242>) requested data for lock!
[21:09:48] Player (Survivor, 76561199151038843)(<1558.675171, 277.254395, 11959.323242>) requested data for lock!
[21:10:10] Player (zendog, 76561197970078933)(<3655.449463, 299.387238, 8577.824219>) requested data for lock!
[21:10:43] Player (Wolfy333sp, 76561198029161718)(<4637.123535, 345.079956, 5572.428711>) requested data for lock!
[21:11:20] Player (MissionHades, 76561199101605101)(<1558.675171, 277.254395, 11959.323242>) requested data for lock!
[21:11:34] Player (MissionHades, 76561199101605101)(<1558.675171, 277.254395, 11959.323242>) requested data for lock!
[21:11:48] Player (Survivor, 76561199151038843)(<1558.675171, 277.254395, 11959.323242>) requested data for lock!
[21:11:53] Player (Survivor, 76561199151038843)(<1558.675171, 277.254395, 11959.323242>) requested data for lock!
[21:11:58] Player (Survivor, 76561199151038843)(<1558.675171, 277.254395, 11959.323242>) requested data for lock!
[21:12:03] Player (Survivor, 76561199151038843)(<1558.675171, 277.254395, 11959.323242>) requested data for lock!
[21:12:08] Player (Survivor, 76561199151038843)(<1558.675171, 277.254395, 11959.323242>) requested data for lock!
[21:12:40] Player (Wolfy333sp, 76561198029161718)(<4637.123535, 345.079956, 5572.428711>) requested data for lock!
[21:12:46] Player (Wolfy333sp, 76561198029161718)(<4637.123535, 345.079956, 5572.428711>) requested data for lock!
[21:12:56] Player (Wolfy333sp, 76561198029161718)(<4637.123535, 345.079956, 5572.428711>) requested data for lock!
[21:13:05] Player (Wolfy333sp, 76561198029161718)(<4630.604980, 345.086884, 5533.016602>) requested data for lock!
[21:13:15] Player (Wolfy333sp, 76561198029161718)(<4630.604980, 345.086884, 5533.016602>) requested data for lock!
[21:13:24] Player (Wolfy333sp, 76561198029161718)(<4630.604980, 345.086884, 5533.016602>) requested data for lock!
[21:13:30] Player (Wolfy333sp, 76561198029161718)(<4630.604980, 345.086884, 5533.016602>) requested data for lock!
[21:13:44] Player (Wolfy333sp, 76561198029161718)(<4637.123535, 345.079956, 5572.428711>) requested data for lock!
[21:14:18] Player (Wolfy333sp, 76561198029161718)(<4637.123535, 345.079956, 5572.428711>) requested data for lock!
[21:14:21] Player (MissionHades, 76561199101605101)(<1555.979004, 277.394226, 11951.742188>) requested data for lock!
[21:14:50] Player (Magnetschaedel, 76561198006594084)(<5042.893066, 290.121704, 6246.572266>) requested data for lock!
[21:15:02] Player (zendog, 76561197970078933)(<3648.097900, 301.395508, 8605.158203>) requested data for lock!
[21:15:07] Player (zendog, 76561197970078933)(<3657.411377, 299.556580, 8598.930664>) requested data for lock!
[21:15:17] Player (zendog, 76561197970078933)(<3643.489014, 299.456909, 8598.204102>) requested data for lock!
[21:15:59] Player (HnyBee, 76561198967138934)(<3696.249268, 208.265701, 13343.520508>) requested data for lock!
[21:16:04] Player (HnyBee, 76561198967138934)(<3696.249268, 208.265701, 13343.520508>) requested data for lock!
[21:16:09] Player (HnyBee, 76561198967138934)(<3696.249268, 208.265701, 13343.520508>) requested data for lock!
[21:16:14] Player (HnyBee, 76561198967138934)(<3696.249268, 208.265701, 13343.520508>) requested data for lock!
[21:16:19] Player (HnyBee, 76561198967138934)(<3696.249268, 208.265701, 13343.520508>) requested data for lock!
[21:16:24] Player (HnyBee, 76561198967138934)(<3696.249268, 208.265701, 13343.520508>) requested data for lock!
[21:18:14] Player (Prophecy, 76561198990415902)(<5268.548340, 306.574585, 5517.510742>) requested data for lock!
[21:18:29] Player (Prophecy, 76561198990415902)(<5268.548340, 306.574585, 5517.510742>) requested data for lock!
[21:18:36] Player (Prophecy, 76561198990415902)(<5268.548340, 306.574585, 5517.510742>) requested data for lock!
[21:19:22] Player (Prophecy, 76561198990415902)(<5268.548340, 306.574585, 5517.510742>) requested data for lock!
[21:20:28] Player (HnyBee, 76561198967138934)(<3696.249268, 208.265701, 13343.520508>) requested data for lock!
[21:23:49] Player (Wolfy333sp, 76561198029161718)(<4637.123535, 345.079956, 5572.428711>) requested data for lock!
[21:27:22] Player (Wolfy333sp, 76561198029161718)(<4647.715820, 343.196289, 5576.552734>) requested data for lock!
[21:27:56] Player (MikaBrandon, 76561198215565199)(<3489.337402, 294.240662, 8587.921875>) requested data for lock!
[21:28:23] Player (Wolfy333sp, 76561198029161718)(<4641.707520, 343.196075, 5576.701172>) requested data for lock!
[21:28:27] Player (MikaBrandon, 76561198215565199)(<3489.337402, 294.240662, 8587.921875>) requested data for lock!
[21:28:43] Player (Wolfy333sp, 76561198029161718)(<4647.715820, 343.196289, 5576.552734>) requested data for lock!
[21:29:26] Player (HnyBee, 76561198967138934)(<3696.249268, 208.265701, 13343.520508>) requested data for lock!
[21:32:19] Player (HnyBee, 76561198967138934)(<3696.249268, 208.265701, 13343.520508>) requested data for lock!
[21:36:00] Player (MikaBrandon, 76561198215565199)(<3487.288086, 294.240875, 8576.301758>) requested data for lock!
[21:43:45] Player (JevBurns, 76561198068395829)(<3711.371826, 305.015656, 8279.054688>) requested data for lock!
[21:43:51] Player (JevBurns, 76561198068395829)(<3705.060547, 305.019165, 8262.931641>) requested data for lock!
[21:44:00] Player (JevBurns, 76561198068395829)(<3697.718750, 305.022583, 8241.563477>) requested data for lock!
[21:44:08] Player (JevBurns, 76561198068395829)(<3719.772705, 305.302094, 8236.056641>) requested data for lock!
[21:44:23] Player (JevBurns, 76561198068395829)(<3719.772705, 305.302094, 8236.056641>) requested data for lock!
[21:44:34] Player (JevBurns, 76561198068395829)(<3702.595459, 305.019165, 8257.460938>) requested data for lock!
[21:44:40] Player (JevBurns, 76561198068395829)(<3702.595459, 305.019165, 8257.460938>) requested data for lock!
[21:45:07] Player (JevBurns, 76561198068395829)(<3705.060547, 305.019165, 8262.931641>) requested data for lock!
[21:45:13] Player (JevBurns, 76561198068395829)(<3702.595459, 305.019165, 8257.460938>) requested data for lock!
[21:45:28] Player (MikaBrandon, 76561198215565199)(<3483.610840, 295.613312, 8592.157227>) requested data for lock!
[21:45:55] Player (JevBurns, 76561198068395829)(<3711.371826, 305.015656, 8279.054688>) requested data for lock!
[21:47:07] Player (rastanator, 76561198035432577)(<8248.746094, 353.090576, 7027.941895>) requested data for lock!
[21:47:35] Player (rastanator, 76561198035432577)(<8248.746094, 353.090576, 7027.941895>) requested data for lock!
[21:48:04] Player (MikaBrandon, 76561198215565199)(<3486.234131, 294.241089, 8570.395508>) requested data for lock!
[21:50:42] Player (rastanator, 76561198035432577)(<8248.746094, 353.090576, 7027.941895>) requested data for lock!
[21:50:59] Player (rastanator, 76561198035432577)(<8248.746094, 353.090576, 7027.941895>) requested data for lock!
[21:52:34] Player (rastanator, 76561198035432577)(<8255.325195, 354.292114, 7013.197266>) requested data for lock!
[21:52:39] Player (rastanator, 76561198035432577)(<8255.325195, 354.292114, 7013.197266>) requested data for lock!
[21:54:29] Player (HnyBee, 76561198967138934)(<3696.249268, 208.265701, 13343.520508>) requested data for lock!
[03-18-2021][22.01.14] Log file reloaded ( Server Restart )
[22:07:53] Player (Magnetschaedel, 76561198006594084)(<5042.893066, 290.121704, 6246.572266>) requested data for lock!
[22:08:28] Player (Magnetschaedel, 76561198006594084)(<5066.593750, 290.788361, 6230.539063>) requested data for lock!
[22:12:20] Player (frenchy, 76561198969225016)(<6546.868164, 335.189972, 9330.886719>) requested data for lock!
[22:12:42] Player (grizzly bear, 76561198839448946)(<6558.626953, 337.750977, 9319.615234>) requested data for lock!
[22:12:45] Player (frenchy, 76561198969225016)(<6543.575684, 335.003296, 9327.412109>) requested data for lock!
[22:12:58] Player (grizzly bear, 76561198839448946)(<6546.098633, 337.521759, 9307.002930>) requested data for lock!
[22:14:19] Player (frenchy, 76561198969225016)(<6552.541504, 337.658264, 9314.689453>) requested data for lock!
[22:27:09] Player (MissionHades, 76561199101605101)(<1558.675171, 277.254395, 11959.323242>) requested data for lock!
[22:27:23] Player (MissionHades, 76561199101605101)(<1558.675171, 277.254395, 11959.323242>) requested data for lock!
[22:27:30] Player (MissionHades, 76561199101605101)(<1558.675171, 277.254395, 11959.323242>) requested data for lock!
[22:28:21] Player (Mykthepike, 76561199151038843)(<1558.675171, 277.254395, 11959.323242>) requested data for lock!
[22:30:07] Player (MissionHades, 76561199101605101)(<1555.979004, 277.394226, 11951.742188>) requested data for lock!
[22:46:15] Player (MikaBrandon, 76561198215565199)(<3489.337402, 294.240662, 8587.921875>) requested data for lock!
[22:46:23] Player (MikaBrandon, 76561198215565199)(<3489.337402, 294.240662, 8587.921875>) requested data for lock!
[22:46:28] Player (MikaBrandon, 76561198215565199)(<3489.337402, 294.240662, 8587.921875>) requested data for lock!
[22:46:40] Player (MikaBrandon, 76561198215565199)(<3483.610840, 295.613312, 8592.157227>) requested data for lock!
[22:46:48] Player (MikaBrandon, 76561198215565199)(<3483.610840, 295.613312, 8592.157227>) requested data for lock!
[22:47:27] Player (MikaBrandon, 76561198215565199)(<3483.610840, 295.613312, 8592.157227>) requested data for lock!
[22:47:41] Player (MikaBrandon, 76561198215565199)(<3489.337402, 294.240662, 8587.921875>) requested data for lock!
[22:53:59] Player (rastanator, 76561198035432577)(<8255.325195, 354.292114, 7013.197266>) requested data for lock!
[22:54:03] Player (MikaBrandon, 76561198215565199)(<3489.337402, 294.240662, 8587.921875>) requested data for lock!
[22:54:08] Player (MikaBrandon, 76561198215565199)(<3489.337402, 294.240662, 8587.921875>) requested data for lock!
[22:54:13] Player (MikaBrandon, 76561198215565199)(<3489.337402, 294.240662, 8587.921875>) requested data for lock!
[22:54:19] Player (MikaBrandon, 76561198215565199)(<3489.337402, 294.240662, 8587.921875>) requested data for lock!
[22:54:26] Player (MikaBrandon, 76561198215565199)(<3489.337402, 294.240662, 8587.921875>) requested data for lock!
[22:55:03] Player (MikaBrandon, 76561198215565199)(<3489.337402, 294.240662, 8587.921875>) requested data for lock!
[22:58:25] Player (rastanator, 76561198035432577)(<8259.542969, 353.928436, 6976.885742>) requested data for lock!
[22:58:30] Player (rastanator, 76561198035432577)(<8259.542969, 353.928436, 6976.885742>) requested data for lock!
[22:58:35] Player (rastanator, 76561198035432577)(<8259.542969, 353.928436, 6976.885742>) requested data for lock!
[22:58:40] Player (rastanator, 76561198035432577)(<8259.542969, 353.928436, 6976.885742>) requested data for lock!
[22:58:48] Player (rastanator, 76561198035432577)(<8259.542969, 353.928436, 6976.885742>) requested data for lock!
[22:59:00] Player (rastanator, 76561198035432577)(<8259.542969, 353.928436, 6976.885742>) requested data for lock!
[23:05:00] Player (rastanator, 76561198035432577)(<8255.325195, 354.292114, 7013.197266>) requested data for lock!
[23:05:07] Player (rastanator, 76561198035432577)(<8255.325195, 354.292114, 7013.197266>) requested data for lock!
[23:05:12] Player (MikaBrandon, 76561198215565199)(<3483.610840, 295.613312, 8592.157227>) requested data for lock!
[23:05:12] Player (rastanator, 76561198035432577)(<8255.325195, 354.292114, 7013.197266>) requested data for lock!
[23:05:17] Player (rastanator, 76561198035432577)(<8255.325195, 354.292114, 7013.197266>) requested data for lock!
[23:07:37] Player (rastanator, 76561198035432577)(<8248.746094, 353.090576, 7027.941895>) requested data for lock!
[23:08:54] Player (rastanator, 76561198035432577)(<8248.746094, 353.090576, 7027.941895>) requested data for lock!
[23:09:05] Player (rastanator, 76561198035432577)(<8248.746094, 353.090576, 7027.941895>) requested data for lock!
[23:09:10] Player (rastanator, 76561198035432577)(<8248.746094, 353.090576, 7027.941895>) requested data for lock!
[23:09:16] Player (rastanator, 76561198035432577)(<8248.746094, 353.090576, 7027.941895>) requested data for lock!
[23:10:50] Player (rastanator, 76561198035432577)(<8259.542969, 353.928436, 6976.885742>) requested data for lock!
[23:10:55] Player (rastanator, 76561198035432577)(<8259.542969, 353.928436, 6976.885742>) requested data for lock!
[23:11:00] Player (rastanator, 76561198035432577)(<8259.542969, 353.928436, 6976.885742>) requested data for lock!
[23:11:05] Player (rastanator, 76561198035432577)(<8259.542969, 353.928436, 6976.885742>) requested data for lock!
[23:11:15] Player (Jordan, 76561198999593356)(<4061.510254, 298.209839, 7283.538086>) requested data for lock!
[23:11:38] Player (rastanator, 76561198035432577)(<8248.746094, 353.090576, 7027.941895>) requested data for lock!
[23:11:47] Player (rastanator, 76561198035432577)(<8255.325195, 354.292114, 7013.197266>) requested data for lock!
[23:11:59] Player (Jordan, 76561198999593356)(<4061.510254, 298.209839, 7283.538086>) requested data for lock!
[23:12:01] Player (rastanator, 76561198035432577)(<8255.325195, 354.292114, 7013.197266>) requested data for lock!
[23:12:08] Player (rastanator, 76561198035432577)(<8255.325195, 354.292114, 7013.197266>) requested data for lock!
[23:12:12] Player (Jordan, 76561198999593356)(<4061.510254, 298.209839, 7283.538086>) requested data for lock!
[23:13:51] Player (Jordan, 76561198999593356)(<4061.510254, 298.209839, 7283.538086>) requested data for lock!
[23:13:58] Player (Jordan, 76561198999593356)(<4064.529785, 295.269257, 7276.199707>) requested data for lock!
[23:15:34] Player (Jordan, 76561198999593356)(<4073.893311, 295.269257, 7275.131348>) requested data for lock!
[23:15:59] Player (rastanator, 76561198035432577)(<8248.746094, 353.090576, 7027.941895>) requested data for lock!
[23:16:04] Player (rastanator, 76561198035432577)(<8248.746094, 353.090576, 7027.941895>) requested data for lock!
[23:16:12] Player (rastanator, 76561198035432577)(<8248.746094, 353.090576, 7027.941895>) requested data for lock!
[23:19:38] Player (JevBurns, 76561198068395829)(<8260.374023, 354.008911, 7029.526855>) requested data for lock!
[23:19:38] Player (rastanator, 76561198035432577)(<8258.929688, 352.988068, 7030.477539>) requested data for lock!
[23:19:43] Player (rastanator, 76561198035432577)(<8258.929688, 352.988068, 7030.477539>) requested data for lock!
[23:29:12] Player (rastanator, 76561198035432577)(<8258.929688, 352.988068, 7030.477539>) requested data for lock!
[23:29:34] Player (Prophecy, 76561198990415902)(<8258.929688, 352.988068, 7030.477539>) requested data for lock!
[23:29:34] Player (rastanator, 76561198035432577)(<8258.929688, 352.988068, 7030.477539>) requested data for lock!
[23:29:39] Player (Prophecy, 76561198990415902)(<8258.929688, 352.988068, 7030.477539>) requested data for lock!
[23:29:39] Player (rastanator, 76561198035432577)(<8258.929688, 352.988068, 7030.477539>) requested data for lock!
[23:31:15] Player (frenchy, 76561198969225016)(<6546.868164, 335.189972, 9330.886719>) requested data for lock!
[23:33:23] Player (frenchy, 76561198969225016)(<6543.575684, 335.003296, 9327.412109>) requested data for lock!
[23:33:40] Player (frenchy, 76561198969225016)(<6543.575684, 335.003296, 9327.412109>) requested data for lock!
[23:33:45] Player (frenchy, 76561198969225016)(<6539.277344, 334.770752, 9318.540039>) requested data for lock!
[23:33:58] Player (frenchy, 76561198969225016)(<6539.277344, 334.770752, 9318.540039>) requested data for lock!
[23:34:13] Player (frenchy, 76561198969225016)(<6552.541504, 337.658264, 9314.689453>) requested data for lock!
[23:35:33] Player (frenchy, 76561198969225016)(<6552.541504, 337.658264, 9314.689453>) requested data for lock!
[23:37:48] Player (frenchy, 76561198969225016)(<6552.541504, 337.658264, 9314.689453>) requested data for lock!
[23:39:43] Player (frenchy, 76561198969225016)(<6543.575684, 335.003296, 9327.412109>) requested data for lock!
[23:39:49] Player (frenchy, 76561198969225016)(<6543.575684, 335.003296, 9327.412109>) requested data for lock!
[23:40:05] Player (frenchy, 76561198969225016)(<6546.868164, 335.189972, 9330.886719>) requested data for lock!
[23:40:13] Player (frenchy, 76561198969225016)(<6546.868164, 335.189972, 9330.886719>) requested data for lock!
[23:44:29] Player (rastanator, 76561198035432577)(<8248.746094, 353.090576, 7027.941895>) requested data for lock!
[23:45:55] Player (rastanator, 76561198035432577)(<8248.746094, 353.090576, 7027.941895>) requested data for lock!
[23:46:00] Player (rastanator, 76561198035432577)(<8248.746094, 353.090576, 7027.941895>) requested data for lock!
[23:53:39] Player (rastanator, 76561198035432577)(<8255.325195, 354.292114, 7013.197266>) requested data for lock!
[23:53:40] Player (Andy, 76561198085795595)(<8255.325195, 354.292114, 7013.197266>) requested data for lock!
[23:53:47] Player (Andy, 76561198085795595)(<8255.325195, 354.292114, 7013.197266>) requested data for lock!
[23:54:03] Player (Prophecy, 76561198990415902)(<8255.325195, 354.292114, 7013.197266>) requested data for lock!
[23:58:20] Player (Prophecy, 76561198990415902)(<5255.075684, 306.017731, 5502.657715>) requested data for lock!
[23:59:17] Player (rastanator, 76561198035432577)(<8248.746094, 353.090576, 7027.941895>) requested data for lock!
[00:00:21] Player (rastanator, 76561198035432577)(<8248.746094, 353.090576, 7027.941895>) requested data for lock!
[00:08:14] Player (rastanator, 76561198035432577)(<8248.746094, 353.090576, 7027.941895>) requested data for lock!
[00:08:27] Player (rastanator, 76561198035432577)(<8248.746094, 353.090576, 7027.941895>) requested data for lock!
[00:12:26] Player (rastanator, 76561198035432577)(<8248.746094, 353.090576, 7027.941895>) requested data for lock!
[00:15:49] Player (rastanator, 76561198035432577)(<8255.325195, 354.292114, 7013.197266>) requested data for lock!
[00:31:38] Player (rastanator, 76561198035432577)(<8248.746094, 353.090576, 7027.941895>) requested data for lock!
[00:32:31] Player (rastanator, 76561198035432577)(<8255.325195, 354.292114, 7013.197266>) requested data for lock!
[00:40:04] Player (JevBurns, 76561198068395829)(<3489.337402, 294.240662, 8587.921875>) requested data for lock!
[00:44:32] Player (zendog, 76561197970078933)(<3655.449463, 299.387238, 8577.824219>) requested data for lock!
[00:44:45] Player (zendog, 76561197970078933)(<3643.489014, 299.456909, 8598.204102>) requested data for lock!
[00:45:16] Player (zendog, 76561197970078933)(<3643.489014, 299.456909, 8598.204102>) requested data for lock!
[00:46:08] Player (zendog, 76561197970078933)(<3648.097900, 301.395508, 8605.158203>) requested data for lock!
[00:53:04] Player (Korwiin, 76561198013080573)(<3702.595459, 305.019165, 8257.460938>) requested data for lock!
[00:54:06] Player (Korwiin, 76561198013080573)(<3702.595459, 305.019165, 8257.460938>) requested data for lock!
[00:56:44] Player (Korwiin, 76561198013080573)(<3697.718750, 305.022583, 8241.563477>) requested data for lock!
[01:00:27] Player (JevBurns, 76561198068395829)(<4637.936035, 274.913544, 6776.699707>) requested data for lock!
[01:00:37] Player (JevBurns, 76561198068395829)(<4641.005371, 273.700958, 6782.635742>) requested data for lock!
[01:00:42] Player (Korwiin, 76561198013080573)(<3697.718750, 305.022583, 8241.563477>) requested data for lock!
[01:00:50] Player (JevBurns, 76561198068395829)(<4634.869629, 273.700989, 6777.288574>) requested data for lock!
[01:00:52] Player (Korwiin, 76561198013080573)(<3702.595459, 305.019165, 8257.460938>) requested data for lock!
[01:00:55] Player (JevBurns, 76561198068395829)(<4634.869629, 273.700989, 6777.288574>) requested data for lock!
[01:01:04] Player (Korwiin, 76561198013080573)(<3702.595459, 305.019165, 8257.460938>) requested data for lock!
[01:01:12] Player (JevBurns, 76561198068395829)(<4637.936035, 274.913544, 6776.699707>) requested data for lock!
[01:01:44] Player (Korwiin, 76561198013080573)(<3702.595459, 305.019165, 8257.460938>) requested data for lock!
[01:01:49] Player (Korwiin, 76561198013080573)(<3697.718750, 305.022583, 8241.563477>) requested data for lock!
[01:04:49] Player (Korwiin, 76561198013080573)(<3697.718750, 305.022583, 8241.563477>) requested data for lock!
[01:05:01] Player (Korwiin, 76561198013080573)(<3697.718750, 305.022583, 8241.563477>) requested data for lock!
[01:06:27] Player (Andy, 76561198085795595)(<4073.893311, 295.269257, 7275.131348>) requested data for lock!
[01:06:36] Player (Andy, 76561198085795595)(<4073.893311, 295.269257, 7275.131348>) requested data for lock!
[01:06:42] Player (Andy, 76561198085795595)(<4073.893311, 295.269257, 7275.131348>) requested data for lock!
[01:06:54] Player (Andy, 76561198085795595)(<4073.893311, 295.269257, 7275.131348>) requested data for lock!
[01:06:59] Player (Andy, 76561198085795595)(<4073.893311, 295.269257, 7275.131348>) requested data for lock!
[01:25:57] Player (Korwiin, 76561198013080573)(<3697.718750, 305.022583, 8241.563477>) requested data for lock!
[01:28:06] Player (Korwiin, 76561198013080573)(<3697.718750, 305.022583, 8241.563477>) requested data for lock!
[01:51:54] Player (Korwiin, 76561198013080573)(<3187.485352, 345.436005, 7451.891113>) requested data for lock!
[01:51:59] Player (Korwiin, 76561198013080573)(<3187.485352, 345.436005, 7451.891113>) requested data for lock!
[01:52:04] Player (Korwiin, 76561198013080573)(<3187.485352, 345.436005, 7451.891113>) requested data for lock!
[01:52:09] Player (Korwiin, 76561198013080573)(<3187.485352, 345.436005, 7451.891113>) requested data for lock!
[01:52:14] Player (Korwiin, 76561198013080573)(<3187.485352, 345.436005, 7451.891113>) requested data for lock!
[01:52:19] Player (Andy, 76561198085795595)(<3187.485352, 345.436005, 7451.891113>) requested data for lock!
[01:52:19] Player (Korwiin, 76561198013080573)(<3187.485352, 345.436005, 7451.891113>) requested data for lock!
[01:52:25] Player (JevBurns, 76561198068395829)(<3187.485352, 345.436005, 7451.891113>) requested data for lock!
[01:52:25] Player (Andy, 76561198085795595)(<3187.485352, 345.436005, 7451.891113>) requested data for lock!
[01:56:42] Player (Korwiin, 76561198013080573)(<3697.718750, 305.022583, 8241.563477>) requested data for lock!
