[03-07-2021][00.03.21] New Synch Log File Created!
[03-07-2021][00.05.35] Log file reloaded ( Server Restart )
[01:00:36] Player (Rel, 76561198999593356)(<4121.223633, 293.142914, 7205.557129>) requested data for lock!
[01:00:42] Player (Rel, 76561198999593356)(<4121.223633, 293.142914, 7205.557129>) requested data for lock!
[01:00:47] Player (Rel, 76561198999593356)(<4121.223633, 293.142914, 7205.557129>) requested data for lock!
[01:00:52] Player (Rel, 76561198999593356)(<4121.223633, 293.142914, 7205.557129>) requested data for lock!
[01:00:57] Player (Rel, 76561198999593356)(<4121.223633, 293.142914, 7205.557129>) requested data for lock!
[01:01:02] Player (Rel, 76561198999593356)(<4121.223633, 293.142914, 7205.557129>) requested data for lock!
[01:01:07] Player (Rel, 76561198999593356)(<4121.223633, 293.142914, 7205.557129>) requested data for lock!
[01:01:12] Player (Rel, 76561198999593356)(<4121.223633, 293.142914, 7205.557129>) requested data for lock!
[01:01:17] Player (Rel, 76561198999593356)(<4121.223633, 293.142914, 7205.557129>) requested data for lock!
[01:01:22] Player (Rel, 76561198999593356)(<4121.223633, 293.142914, 7205.557129>) requested data for lock!
[01:01:27] Player (Rel, 76561198999593356)(<4121.223633, 293.142914, 7205.557129>) requested data for lock!
[01:01:32] Player (Rel, 76561198999593356)(<4121.223633, 293.142914, 7205.557129>) requested data for lock!
[01:01:37] Player (Rel, 76561198999593356)(<4121.223633, 293.142914, 7205.557129>) requested data for lock!
[01:01:42] Player (Rel, 76561198999593356)(<4121.223633, 293.142914, 7205.557129>) requested data for lock!
[01:01:47] Player (Rel, 76561198999593356)(<4121.223633, 293.142914, 7205.557129>) requested data for lock!
[01:01:52] Player (Rel, 76561198999593356)(<4121.223633, 293.142914, 7205.557129>) requested data for lock!
[01:01:57] Player (Rel, 76561198999593356)(<4121.223633, 293.142914, 7205.557129>) requested data for lock!
[01:02:02] Player (Rel, 76561198999593356)(<4121.223633, 293.142914, 7205.557129>) requested data for lock!
[01:02:07] Player (Rel, 76561198999593356)(<4121.223633, 293.142914, 7205.557129>) requested data for lock!
[01:02:12] Player (Rel, 76561198999593356)(<4121.223633, 293.142914, 7205.557129>) requested data for lock!
[01:02:17] Player (Rel, 76561198999593356)(<4121.223633, 293.142914, 7205.557129>) requested data for lock!
[01:02:22] Player (Rel, 76561198999593356)(<4121.223633, 293.142914, 7205.557129>) requested data for lock!
[01:02:27] Player (Rel, 76561198999593356)(<4121.223633, 293.142914, 7205.557129>) requested data for lock!
[01:02:32] Player (Rel, 76561198999593356)(<4121.223633, 293.142914, 7205.557129>) requested data for lock!
[01:02:37] Player (Rel, 76561198999593356)(<4121.223633, 293.142914, 7205.557129>) requested data for lock!
[01:02:43] Player (Rel, 76561198999593356)(<4121.223633, 293.142914, 7205.557129>) requested data for lock!
[01:02:47] Player (Rel, 76561198999593356)(<4121.223633, 293.142914, 7205.557129>) requested data for lock!
[01:02:53] Player (Rel, 76561198999593356)(<4121.223633, 293.142914, 7205.557129>) requested data for lock!
[01:02:58] Player (Rel, 76561198999593356)(<4121.223633, 293.142914, 7205.557129>) requested data for lock!
[01:03:03] Player (Rel, 76561198999593356)(<4121.223633, 293.142914, 7205.557129>) requested data for lock!
[01:03:08] Player (Rel, 76561198999593356)(<4121.223633, 293.142914, 7205.557129>) requested data for lock!
[01:03:13] Player (Rel, 76561198999593356)(<4121.223633, 293.142914, 7205.557129>) requested data for lock!
[01:03:18] Player (Rel, 76561198999593356)(<4121.223633, 293.142914, 7205.557129>) requested data for lock!
[01:03:23] Player (Rel, 76561198999593356)(<4121.223633, 293.142914, 7205.557129>) requested data for lock!
[01:03:28] Player (Rel, 76561198999593356)(<4121.223633, 293.142914, 7205.557129>) requested data for lock!
[01:03:33] Player (Rel, 76561198999593356)(<4121.223633, 293.142914, 7205.557129>) requested data for lock!
[01:03:38] Player (Rel, 76561198999593356)(<4121.223633, 293.142914, 7205.557129>) requested data for lock!
[01:03:43] Player (Rel, 76561198999593356)(<4121.223633, 293.142914, 7205.557129>) requested data for lock!
[01:04:31] Player (Rel, 76561198999593356)(<4130.463867, 292.924927, 7207.721680>) requested data for lock!
[01:05:11] Player (Rel, 76561198999593356)(<4140.387207, 293.075775, 7205.596680>) requested data for lock!
[01:13:48] Player (JevBurns, 76561198068395829)(<11798.565430, 27.607758, 14237.015625>) requested data for lock!
[01:13:55] Player (JevBurns, 76561198068395829)(<11798.565430, 27.607758, 14237.015625>) requested data for lock!
[01:13:57] Player (Prophecy, 76561198990415902)(<11798.565430, 27.607758, 14237.015625>) requested data for lock!
[03-07-2021][01.32.22] Log file reloaded ( Server Restart )
[01:39:12] Player (Survivor, 76561198068395829)(<11798.565430, 27.607758, 14237.015625>) requested data for lock!
[01:39:29] Player (zendog, 76561197970078933)(<3643.489014, 299.456909, 8598.204102>) requested data for lock!
[01:39:54] Player (Prophecy, 76561198990415902)(<11798.565430, 27.607758, 14237.015625>) requested data for lock!
[01:40:00] Player (Prophecy, 76561198990415902)(<11798.565430, 27.607758, 14237.015625>) requested data for lock!
[01:40:06] Player (Prophecy, 76561198990415902)(<11798.565430, 27.607758, 14237.015625>) requested data for lock!
[01:40:11] Player (Prophecy, 76561198990415902)(<11798.565430, 27.607758, 14237.015625>) requested data for lock!
[01:40:48] Player (Prophecy, 76561198990415902)(<11798.565430, 27.607758, 14237.015625>) requested data for lock!
[01:40:53] Player (Prophecy, 76561198990415902)(<11798.565430, 27.607758, 14237.015625>) requested data for lock!
[01:41:47] Player (Prophecy, 76561198990415902)(<11798.565430, 27.607758, 14237.015625>) requested data for lock!
[01:41:56] Player (zendog, 76561197970078933)(<3655.449463, 299.387238, 8577.824219>) requested data for lock!
[01:41:57] Player (Prophecy, 76561198990415902)(<11798.565430, 27.607758, 14237.015625>) requested data for lock!
[01:42:07] Player (Korwiin, 76561198013080573)(<12087.472656, 3.140198, 3384.060547>) requested data for lock!
[01:42:13] Player (Korwiin, 76561198013080573)(<12081.750000, 3.140198, 3382.256104>) requested data for lock!
[01:42:18] Player (Korwiin, 76561198013080573)(<12081.750000, 3.140198, 3382.256104>) requested data for lock!
[01:42:23] Player (Korwiin, 76561198013080573)(<12081.750000, 3.140198, 3382.256104>) requested data for lock!
[01:42:31] Player (Korwiin, 76561198013080573)(<12087.472656, 3.140198, 3384.060547>) requested data for lock!
[01:42:37] Player (Korwiin, 76561198013080573)(<12087.472656, 3.140198, 3384.060547>) requested data for lock!
[01:42:42] Player (Korwiin, 76561198013080573)(<12081.750000, 3.140198, 3382.256104>) requested data for lock!
[01:42:47] Player (Korwiin, 76561198013080573)(<12081.750000, 3.140198, 3382.256104>) requested data for lock!
[01:42:50] Player (Survivor, 76561198068395829)(<3649.242676, 301.404999, 8604.510742>) requested data for lock!
[01:42:52] Player (Korwiin, 76561198013080573)(<12081.750000, 3.140198, 3382.256104>) requested data for lock!
[01:43:04] Player (Korwiin, 76561198013080573)(<12087.472656, 3.140198, 3384.060547>) requested data for lock!
[01:43:05] Player (zendog, 76561197970078933)(<3649.242676, 301.404999, 8604.510742>) requested data for lock!
[01:43:09] Player (Korwiin, 76561198013080573)(<12093.195313, 3.140198, 3385.864990>) requested data for lock!
[01:43:10] Player (zendog, 76561197970078933)(<3649.242676, 301.404999, 8604.510742>) requested data for lock!
[01:43:15] Player (Korwiin, 76561198013080573)(<12087.472656, 3.140198, 3384.060547>) requested data for lock!
[01:43:15] Player (zendog, 76561197970078933)(<3649.242676, 301.404999, 8604.510742>) requested data for lock!
[01:43:19] Player (Korwiin, 76561198013080573)(<12087.472656, 3.140198, 3384.060547>) requested data for lock!
[01:45:26] Player (Survivor, 76561198068395829)(<3657.411377, 299.556580, 8598.930664>) requested data for lock!
[01:46:12] Player (zendog, 76561197970078933)(<3648.097900, 301.395508, 8605.158203>) requested data for lock!
[01:46:18] Player (zendog, 76561197970078933)(<3648.097900, 301.395508, 8605.158203>) requested data for lock!
[01:46:23] Player (zendog, 76561197970078933)(<3648.097900, 301.395508, 8605.158203>) requested data for lock!
[01:47:02] Player (Prophecy, 76561198990415902)(<11798.565430, 27.607758, 14237.015625>) requested data for lock!
[01:47:56] Player (Survivor, 76561198068395829)(<3657.411377, 299.556580, 8598.930664>) requested data for lock!
[01:48:02] Player (Prophecy, 76561198990415902)(<11798.565430, 27.607758, 14237.015625>) requested data for lock!
[01:48:07] Player (Prophecy, 76561198990415902)(<11798.565430, 27.607758, 14237.015625>) requested data for lock!
[01:48:29] Player (zendog, 76561197970078933)(<3657.411377, 299.556580, 8598.930664>) requested data for lock!
[01:48:59] Player (Prophecy, 76561198990415902)(<11798.565430, 27.607758, 14237.015625>) requested data for lock!
[01:51:08] Player (Survivor, 76561198068395829)(<3657.411377, 299.556580, 8598.930664>) requested data for lock!
[01:51:52] Player (Prophecy, 76561198990415902)(<11798.565430, 27.607758, 14237.015625>) requested data for lock!
[01:52:17] Player (zendog, 76561197970078933)(<3657.411377, 299.556580, 8598.930664>) requested data for lock!
[01:52:57] Player (zendog, 76561197970078933)(<3657.411377, 299.556580, 8598.930664>) requested data for lock!
[01:53:47] Player (Prophecy, 76561198990415902)(<11816.325195, 27.597136, 14238.544922>) requested data for lock!
[01:55:01] Player (zendog, 76561197970078933)(<3657.411377, 299.556580, 8598.930664>) requested data for lock!
[01:56:36] Player (zendog, 76561197970078933)(<3657.411377, 299.556580, 8598.930664>) requested data for lock!
[03-07-2021][02.01.08] Log file reloaded ( Server Restart )
[02:03:49] Player (Prophecy, 76561198990415902)(<11816.325195, 27.597136, 14238.544922>) requested data for lock!
[02:03:58] Player (Prophecy, 76561198990415902)(<11798.565430, 27.607758, 14237.015625>) requested data for lock!
[02:07:47] Player (zendog, 76561197970078933)(<3643.489014, 299.456909, 8598.204102>) requested data for lock!
[02:10:11] Player (zendog, 76561197970078933)(<3655.449463, 299.387238, 8577.824219>) requested data for lock!
[02:10:25] Player (zendog, 76561197970078933)(<3643.489014, 299.456909, 8598.204102>) requested data for lock!
[02:16:31] Player (Korwiin, 76561198013080573)(<3655.449463, 299.387238, 8577.824219>) requested data for lock!
[02:16:40] Player (zendog, 76561197970078933)(<3655.449463, 299.387238, 8577.824219>) requested data for lock!
[02:18:17] Player (Prophecy, 76561198990415902)(<11798.565430, 27.607758, 14237.015625>) requested data for lock!
[02:21:05] Player (zendog, 76561197970078933)(<3655.449463, 299.387238, 8577.824219>) requested data for lock!
[02:21:36] Player (zendog, 76561197970078933)(<3655.449463, 299.387238, 8577.824219>) requested data for lock!
[02:22:02] Player (Survivor, 76561198068395829)(<3648.097900, 301.395508, 8605.158203>) requested data for lock!
[02:25:05] Player (zendog, 76561197970078933)(<3643.489014, 299.456909, 8598.204102>) requested data for lock!
[02:37:42] Player (zendog, 76561197970078933)(<3643.489014, 299.456909, 8598.204102>) requested data for lock!
[02:40:41] Player (zendog, 76561197970078933)(<3643.489014, 299.456909, 8598.204102>) requested data for lock!
[02:41:56] Player (zendog, 76561197970078933)(<3643.489014, 299.456909, 8598.204102>) requested data for lock!
[02:53:38] Player (Korwiin, 76561198013080573)(<3643.489014, 299.456909, 8598.204102>) requested data for lock!
[02:55:08] Player (Helmut Lootie, 76561198065413312)(<3648.097900, 301.395508, 8605.158203>) requested data for lock!
[03:05:42] Player (zendog, 76561197970078933)(<3623.868164, 299.156525, 8583.653320>) requested data for lock!
[03:06:27] Player (Survivor, 76561198068395829)(<4118.565918, 293.142914, 7208.680664>) requested data for lock!
[03:06:32] Player (Survivor, 76561198068395829)(<4118.565918, 293.142914, 7208.680664>) requested data for lock!
[03:06:37] Player (Survivor, 76561198068395829)(<4118.565918, 293.142914, 7208.680664>) requested data for lock!
[03:06:42] Player (Survivor, 76561198068395829)(<4118.565918, 293.142914, 7208.680664>) requested data for lock!
[03:07:00] Player (Survivor, 76561198068395829)(<4118.565918, 293.142914, 7208.680664>) requested data for lock!
[03:18:13] Player (zendog, 76561197970078933)(<3643.489014, 299.456909, 8598.204102>) requested data for lock!
[03:25:26] Player (zendog, 76561197970078933)(<3648.097900, 301.395508, 8605.158203>) requested data for lock!
[03:34:32] Player (zendog, 76561197970078933)(<3643.489014, 299.456909, 8598.204102>) requested data for lock!
[03:45:17] Player (zendog, 76561197970078933)(<3648.097900, 301.395508, 8605.158203>) requested data for lock!
[03:54:56] Player (zendog, 76561197970078933)(<3657.411377, 299.556580, 8598.930664>) requested data for lock!
[03:55:17] Player (zendog, 76561197970078933)(<3648.097900, 301.395508, 8605.158203>) requested data for lock!
[03:59:21] Player (Rel, 76561198999593356)(<4121.223633, 293.142914, 7205.557129>) requested data for lock!
[03:59:26] Player (Rel, 76561198999593356)(<4118.565918, 293.142914, 7208.680664>) requested data for lock!
[04:01:30] Player (Rel, 76561198999593356)(<4121.223633, 293.142914, 7205.557129>) requested data for lock!
[04:01:35] Player (Rel, 76561198999593356)(<4130.463867, 292.924927, 7207.721680>) requested data for lock!
[04:01:56] Player (Rel, 76561198999593356)(<4130.463867, 292.924927, 7207.721680>) requested data for lock!
[04:02:16] Player (Rel, 76561198999593356)(<4140.387207, 293.075775, 7205.596680>) requested data for lock!
[04:02:21] Player (Rel, 76561198999593356)(<4140.387207, 293.075775, 7205.596680>) requested data for lock!
[04:13:43] Player (Rel, 76561198999593356)(<4118.565918, 293.142914, 7208.680664>) requested data for lock!
[04:14:52] Player (Rel, 76561198999593356)(<4121.223633, 293.142914, 7205.557129>) requested data for lock!
[04:14:59] Player (Rel, 76561198999593356)(<4121.223633, 293.142914, 7205.557129>) requested data for lock!
[04:15:08] Player (Rel, 76561198999593356)(<4140.387207, 293.075775, 7205.596680>) requested data for lock!
[03-07-2021][06.01.18] Log file reloaded ( Server Restart )
[03-07-2021][08.59.36] Log file reloaded ( Server Restart )
[03-07-2021][09.04.35] Log file reloaded ( Server Restart )
[03-07-2021][09.09.45] Log file reloaded ( Server Restart )
[09:28:26] Player (Hyale, 76561197994452607)(<8382.144531, 163.852722, 12221.200195>) requested data for lock!
[09:36:57] Player (Hyale, 76561197994452607)(<8382.144531, 163.852722, 12221.200195>) requested data for lock!
[03-07-2021][10.01.17] Log file reloaded ( Server Restart )
[10:22:19] Player (Le chinois(Fr), 76561198041337034)(<7605.561523, 139.723770, 12859.481445>) requested data for lock!
[10:23:07] Player (Le chinois(Fr), 76561198041337034)(<7605.561523, 139.723770, 12859.481445>) requested data for lock!
[10:23:34] Player (Hyale, 76561197994452607)(<8374.034180, 161.783600, 12220.476563>) requested data for lock!
[10:43:55] Player (Hyale, 76561197994452607)(<8383.750977, 163.070587, 12234.040039>) requested data for lock!
[10:46:18] Player (Hyale, 76561197994452607)(<8383.750977, 163.070587, 12234.040039>) requested data for lock!
[10:46:25] Player (Hyale, 76561197994452607)(<8383.750977, 163.070587, 12234.040039>) requested data for lock!
[10:47:42] Player (Hyale, 76561197994452607)(<8383.750977, 163.070587, 12234.040039>) requested data for lock!
[10:57:42] Player (Hyale, 76561197994452607)(<8419.393555, 162.647049, 12220.171875>) requested data for lock!
[11:14:22] Player (Prophecy, 76561198990415902)(<11798.565430, 27.607758, 14237.015625>) requested data for lock!
[11:15:12] Player (Prophecy, 76561198990415902)(<11798.565430, 27.607758, 14237.015625>) requested data for lock!
[11:37:28] Player (Prophecy, 76561198990415902)(<11816.325195, 27.597136, 14238.544922>) requested data for lock!
[11:43:27] Player (MikaBrandon, 76561198215565199)(<3489.337402, 294.240662, 8587.921875>) requested data for lock!
[11:43:36] Player (MikaBrandon, 76561198215565199)(<3489.337402, 294.240662, 8587.921875>) requested data for lock!
[11:44:05] Player (MikaBrandon, 76561198215565199)(<3489.337402, 294.240662, 8587.921875>) requested data for lock!
[11:45:20] Player (MikaBrandon, 76561198215565199)(<3489.337402, 294.240662, 8587.921875>) requested data for lock!
[11:45:25] Player (MikaBrandon, 76561198215565199)(<3483.610840, 295.613312, 8592.157227>) requested data for lock!
[11:45:51] Player (MikaBrandon, 76561198215565199)(<3483.610840, 295.613312, 8592.157227>) requested data for lock!
[11:47:18] Player (MikaBrandon, 76561198215565199)(<3489.337402, 294.240662, 8587.921875>) requested data for lock!
[11:47:27] Player (MikaBrandon, 76561198215565199)(<3487.288086, 294.240875, 8576.301758>) requested data for lock!
[11:47:35] Player (MikaBrandon, 76561198215565199)(<3491.171631, 297.181915, 8571.373047>) requested data for lock!
[11:48:59] Player (MikaBrandon, 76561198215565199)(<3491.171631, 297.181915, 8571.373047>) requested data for lock!
[11:49:04] Player (MikaBrandon, 76561198215565199)(<3491.171631, 297.181915, 8571.373047>) requested data for lock!
[11:49:09] Player (MikaBrandon, 76561198215565199)(<3491.171631, 297.181915, 8571.373047>) requested data for lock!
[11:49:53] Player (MikaBrandon, 76561198215565199)(<3487.288086, 294.240875, 8576.301758>) requested data for lock!
[11:51:31] Player (MikaBrandon, 76561198215565199)(<3487.288086, 294.240875, 8576.301758>) requested data for lock!
[11:52:28] Player (MikaBrandon, 76561198215565199)(<3487.288086, 294.240875, 8576.301758>) requested data for lock!
[11:53:18] Player (MikaBrandon, 76561198215565199)(<3487.288086, 294.240875, 8576.301758>) requested data for lock!
[11:54:09] Player (MikaBrandon, 76561198215565199)(<3487.288086, 294.240875, 8576.301758>) requested data for lock!
[11:54:41] Player (MikaBrandon, 76561198215565199)(<3483.610840, 295.613312, 8592.157227>) requested data for lock!
[11:55:01] Player (MikaBrandon, 76561198215565199)(<3487.288086, 294.240875, 8576.301758>) requested data for lock!
[11:55:06] Player (MikaBrandon, 76561198215565199)(<3491.171631, 297.181915, 8571.373047>) requested data for lock!
[11:58:03] Player (MikaBrandon, 76561198215565199)(<3491.171631, 297.181915, 8571.373047>) requested data for lock!
[12:02:12] Player (MikaBrandon, 76561198215565199)(<3489.337402, 294.240662, 8587.921875>) requested data for lock!
[12:02:29] Player (MikaBrandon, 76561198215565199)(<3489.337402, 294.240662, 8587.921875>) requested data for lock!
[12:02:58] Player (MikaBrandon, 76561198215565199)(<3489.337402, 294.240662, 8587.921875>) requested data for lock!
[12:04:37] Player (MikaBrandon, 76561198215565199)(<3489.337402, 294.240662, 8587.921875>) requested data for lock!
[12:07:38] Player (MikaBrandon, 76561198215565199)(<3487.288086, 294.240875, 8576.301758>) requested data for lock!
[12:07:52] Player (MikaBrandon, 76561198215565199)(<3486.234131, 294.241089, 8570.395508>) requested data for lock!
[12:07:57] Player (MikaBrandon, 76561198215565199)(<3487.288086, 294.240875, 8576.301758>) requested data for lock!
[12:15:58] Player (MikaBrandon, 76561198215565199)(<3489.337402, 294.240662, 8587.921875>) requested data for lock!
[12:16:21] Player (MikaBrandon, 76561198215565199)(<3489.337402, 294.240662, 8587.921875>) requested data for lock!
[13:55:56] Player (Prophecy, 76561198990415902)(<5260.987793, 305.993744, 5501.103027>) requested data for lock!
[13:57:03] Player (Prophecy, 76561198990415902)(<5260.987793, 305.993744, 5501.103027>) requested data for lock!
[13:57:12] Player (Prophecy, 76561198990415902)(<5260.987793, 305.993744, 5501.103027>) requested data for lock!
[03-07-2021][14.11.22] Log file reloaded ( Server Restart )
[03-07-2021][14.12.28] Log file reloaded ( Server Restart )
[14:27:28] Player (Prophecy, 76561198990415902)(<5260.987793, 305.993744, 5501.103027>) requested data for lock!
[14:28:22] Player (Prophecy, 76561198990415902)(<5260.987793, 305.993744, 5501.103027>) requested data for lock!
[14:38:57] Player (Prophecy, 76561198990415902)(<11798.565430, 27.607758, 14237.015625>) requested data for lock!
[14:39:01] Player (JevBurns, 76561198068395829)(<11798.565430, 27.607758, 14237.015625>) requested data for lock!
[14:39:02] Player (Prophecy, 76561198990415902)(<11798.565430, 27.607758, 14237.015625>) requested data for lock!
[03-07-2021][14.53.44] Log file reloaded ( Server Restart )
[15:00:31] Player (Hyale, 76561197994452607)(<8382.144531, 163.852722, 12221.200195>) requested data for lock!
[15:02:13] Player (Hyale, 76561197994452607)(<8374.034180, 161.783600, 12220.476563>) requested data for lock!
[15:02:48] Player (Hyale, 76561197994452607)(<8417.791016, 164.582657, 12213.222656>) requested data for lock!
[15:04:59] Player (Hyale, 76561197994452607)(<8383.750977, 163.070587, 12234.040039>) requested data for lock!
[15:05:32] Player (Hyale, 76561197994452607)(<8382.144531, 163.852722, 12221.200195>) requested data for lock!
[15:05:37] Player (Hyale, 76561197994452607)(<8374.034180, 161.783600, 12220.476563>) requested data for lock!
[15:06:21] Player (MikaBrandon, 76561198215565199)(<3489.337402, 294.240662, 8587.921875>) requested data for lock!
[15:07:05] Player (Hyale, 76561197994452607)(<8382.144531, 163.852722, 12221.200195>) requested data for lock!
[15:07:10] Player (Hyale, 76561197994452607)(<8374.034180, 161.783600, 12220.476563>) requested data for lock!
[15:08:11] Player (Hyale, 76561197994452607)(<8382.144531, 163.852722, 12221.200195>) requested data for lock!
[15:11:51] Player (MikaBrandon, 76561198215565199)(<3623.868164, 299.156525, 8583.653320>) requested data for lock!
[15:11:59] Player (MikaBrandon, 76561198215565199)(<3623.868164, 299.156525, 8583.653320>) requested data for lock!
[15:12:49] Player (MikaBrandon, 76561198215565199)(<3657.411377, 299.556580, 8598.930664>) requested data for lock!
[15:14:09] Player (MikaBrandon, 76561198215565199)(<3655.449463, 299.387238, 8577.824219>) requested data for lock!
[15:16:26] Player (Prophecy, 76561198990415902)(<5260.987793, 305.993744, 5501.103027>) requested data for lock!
[15:18:26] Player (Prophecy, 76561198990415902)(<5260.987793, 305.993744, 5501.103027>) requested data for lock!
[15:21:03] Player (MikaBrandon, 76561198215565199)(<3489.337402, 294.240662, 8587.921875>) requested data for lock!
[15:21:13] Player (MikaBrandon, 76561198215565199)(<3489.337402, 294.240662, 8587.921875>) requested data for lock!
[15:26:48] Player (Prophecy, 76561198990415902)(<5260.987793, 305.993744, 5501.103027>) requested data for lock!
[15:26:56] Player (Prophecy, 76561198990415902)(<5260.987793, 305.993744, 5501.103027>) requested data for lock!
[15:34:24] Player (JevBurns, 76561198068395829)(<5260.987793, 305.993744, 5501.103027>) requested data for lock!
[15:34:28] Player (Prophecy, 76561198990415902)(<5260.987793, 305.993744, 5501.103027>) requested data for lock!
[15:34:35] Player (JevBurns, 76561198068395829)(<5260.987793, 305.993744, 5501.103027>) requested data for lock!
[15:34:37] Player (Prophecy, 76561198990415902)(<5260.987793, 305.993744, 5501.103027>) requested data for lock!
[15:34:43] Player (Prophecy, 76561198990415902)(<5260.987793, 305.993744, 5501.103027>) requested data for lock!
[15:35:08] Player (JevBurns, 76561198068395829)(<5260.987793, 305.993744, 5501.103027>) requested data for lock!
[15:35:18] Player (Prophecy, 76561198990415902)(<5260.987793, 305.993744, 5501.103027>) requested data for lock!
[15:53:01] Player (NicFit, 76561198086129271)(<6937.594238, 58.649269, 3680.769775>) requested data for lock!
[15:53:09] Player (NicFit, 76561198086129271)(<6937.594238, 58.649269, 3680.769775>) requested data for lock!
[15:53:21] Player (NicFit, 76561198086129271)(<6937.594238, 58.649269, 3680.769775>) requested data for lock!
[15:53:50] Player (Prophecy, 76561198990415902)(<5260.987793, 305.993744, 5501.103027>) requested data for lock!
[15:53:53] Player (NicFit, 76561198086129271)(<6937.594238, 58.649269, 3680.769775>) requested data for lock!
[15:53:58] Player (NicFit, 76561198086129271)(<6937.594238, 58.649269, 3680.769775>) requested data for lock!
[15:54:03] Player (NicFit, 76561198086129271)(<6937.594238, 58.649269, 3680.769775>) requested data for lock!
[15:54:08] Player (NicFit, 76561198086129271)(<6937.594238, 58.649269, 3680.769775>) requested data for lock!
[15:54:13] Player (NicFit, 76561198086129271)(<6937.594238, 58.649269, 3680.769775>) requested data for lock!
[15:54:18] Player (NicFit, 76561198086129271)(<6937.594238, 58.649269, 3680.769775>) requested data for lock!
[15:54:21] Player (Prophecy, 76561198990415902)(<5260.987793, 305.993744, 5501.103027>) requested data for lock!
[15:54:23] Player (NicFit, 76561198086129271)(<6937.594238, 58.649269, 3680.769775>) requested data for lock!
[15:54:28] Player (NicFit, 76561198086129271)(<6937.594238, 58.649269, 3680.769775>) requested data for lock!
[15:54:33] Player (NicFit, 76561198086129271)(<6937.594238, 58.649269, 3680.769775>) requested data for lock!
[15:54:38] Player (NicFit, 76561198086129271)(<6937.594238, 58.649269, 3680.769775>) requested data for lock!
[15:54:43] Player (NicFit, 76561198086129271)(<6937.594238, 58.649269, 3680.769775>) requested data for lock!
[15:54:48] Player (NicFit, 76561198086129271)(<6937.594238, 58.649269, 3680.769775>) requested data for lock!
[15:54:53] Player (NicFit, 76561198086129271)(<6937.594238, 58.649269, 3680.769775>) requested data for lock!
[15:54:58] Player (NicFit, 76561198086129271)(<6937.594238, 58.649269, 3680.769775>) requested data for lock!
[15:55:08] Player (NicFit, 76561198086129271)(<6937.594238, 58.649269, 3680.769775>) requested data for lock!
[15:55:21] Player (NicFit, 76561198086129271)(<6937.594238, 58.649269, 3680.769775>) requested data for lock!
[15:55:33] Player (NicFit, 76561198086129271)(<6937.594238, 58.649269, 3680.769775>) requested data for lock!
[15:55:45] Player (NicFit, 76561198086129271)(<6937.594238, 58.649269, 3680.769775>) requested data for lock!
[15:55:50] Player (NicFit, 76561198086129271)(<6937.594238, 58.649269, 3680.769775>) requested data for lock!
[15:55:55] Player (NicFit, 76561198086129271)(<6937.594238, 58.649269, 3680.769775>) requested data for lock!
[15:56:00] Player (NicFit, 76561198086129271)(<6937.594238, 58.649269, 3680.769775>) requested data for lock!
[15:56:04] Player (Prophecy, 76561198990415902)(<5260.987793, 305.993744, 5501.103027>) requested data for lock!
[15:56:05] Player (NicFit, 76561198086129271)(<6937.594238, 58.649269, 3680.769775>) requested data for lock!
[15:56:10] Player (NicFit, 76561198086129271)(<6937.594238, 58.649269, 3680.769775>) requested data for lock!
[15:56:15] Player (NicFit, 76561198086129271)(<6937.594238, 58.649269, 3680.769775>) requested data for lock!
[15:56:20] Player (NicFit, 76561198086129271)(<6937.594238, 58.649269, 3680.769775>) requested data for lock!
[15:56:25] Player (NicFit, 76561198086129271)(<6937.594238, 58.649269, 3680.769775>) requested data for lock!
[15:56:30] Player (NicFit, 76561198086129271)(<6937.594238, 58.649269, 3680.769775>) requested data for lock!
[15:56:35] Player (NicFit, 76561198086129271)(<6937.594238, 58.649269, 3680.769775>) requested data for lock!
[15:56:40] Player (NicFit, 76561198086129271)(<6937.594238, 58.649269, 3680.769775>) requested data for lock!
[15:56:45] Player (NicFit, 76561198086129271)(<6937.594238, 58.649269, 3680.769775>) requested data for lock!
[15:56:51] Player (NicFit, 76561198086129271)(<6937.594238, 58.649269, 3680.769775>) requested data for lock!
[15:56:56] Player (NicFit, 76561198086129271)(<6937.594238, 58.649269, 3680.769775>) requested data for lock!
[15:57:00] Player (NicFit, 76561198086129271)(<6937.594238, 58.649269, 3680.769775>) requested data for lock!
[15:57:05] Player (NicFit, 76561198086129271)(<6937.594238, 58.649269, 3680.769775>) requested data for lock!
[15:57:10] Player (NicFit, 76561198086129271)(<6937.594238, 58.649269, 3680.769775>) requested data for lock!
[15:57:15] Player (NicFit, 76561198086129271)(<6937.594238, 58.649269, 3680.769775>) requested data for lock!
[15:58:02] Player (NicFit, 76561198086129271)(<6937.594238, 58.649269, 3680.769775>) requested data for lock!
[16:05:54] Player (Prophecy, 76561198990415902)(<5260.987793, 305.993744, 5501.103027>) requested data for lock!
[16:18:06] Player (NicFit, 76561198086129271)(<6937.594238, 58.649269, 3680.769775>) requested data for lock!
[16:18:45] Player (MikaBrandon, 76561198215565199)(<3489.337402, 294.240662, 8587.921875>) requested data for lock!
[16:18:47] Player (Prophecy, 76561198990415902)(<5268.548340, 306.574585, 5517.510742>) requested data for lock!
[16:18:50] Player (MikaBrandon, 76561198215565199)(<3487.288086, 294.240875, 8576.301758>) requested data for lock!
[16:18:52] Player (Prophecy, 76561198990415902)(<5268.548340, 306.574585, 5517.510742>) requested data for lock!
[16:18:55] Player (MikaBrandon, 76561198215565199)(<3487.288086, 294.240875, 8576.301758>) requested data for lock!
[16:18:58] Player (Prophecy, 76561198990415902)(<5268.548340, 306.574585, 5517.510742>) requested data for lock!
[16:19:00] Player (MikaBrandon, 76561198215565199)(<3491.171631, 297.181915, 8571.373047>) requested data for lock!
[16:19:03] Player (Prophecy, 76561198990415902)(<5268.548340, 306.574585, 5517.510742>) requested data for lock!
[16:19:08] Player (Prophecy, 76561198990415902)(<5268.548340, 306.574585, 5517.510742>) requested data for lock!
[16:19:11] Player (MikaBrandon, 76561198215565199)(<3491.171631, 297.181915, 8571.373047>) requested data for lock!
[16:19:18] Player (Prophecy, 76561198990415902)(<5268.548340, 306.574585, 5517.510742>) requested data for lock!
[16:19:22] Player (MikaBrandon, 76561198215565199)(<3491.171631, 297.181915, 8571.373047>) requested data for lock!
[16:19:45] Player (Prophecy, 76561198990415902)(<5268.548340, 306.574585, 5517.510742>) requested data for lock!
[16:19:50] Player (Prophecy, 76561198990415902)(<5268.548340, 306.574585, 5517.510742>) requested data for lock!
[16:19:55] Player (Prophecy, 76561198990415902)(<5268.548340, 306.574585, 5517.510742>) requested data for lock!
[16:20:00] Player (Prophecy, 76561198990415902)(<5268.548340, 306.574585, 5517.510742>) requested data for lock!
[16:20:05] Player (Prophecy, 76561198990415902)(<5268.548340, 306.574585, 5517.510742>) requested data for lock!
[16:20:10] Player (Prophecy, 76561198990415902)(<5268.548340, 306.574585, 5517.510742>) requested data for lock!
[16:20:15] Player (Prophecy, 76561198990415902)(<5268.548340, 306.574585, 5517.510742>) requested data for lock!
[16:20:20] Player (Prophecy, 76561198990415902)(<5268.548340, 306.574585, 5517.510742>) requested data for lock!
[16:20:23] Player (MikaBrandon, 76561198215565199)(<3491.171631, 297.181915, 8571.373047>) requested data for lock!
[16:20:25] Player (Prophecy, 76561198990415902)(<5268.548340, 306.574585, 5517.510742>) requested data for lock!
[16:20:28] Player (MikaBrandon, 76561198215565199)(<3489.337402, 294.240662, 8587.921875>) requested data for lock!
[16:20:30] Player (Prophecy, 76561198990415902)(<5268.548340, 306.574585, 5517.510742>) requested data for lock!
[16:20:35] Player (Prophecy, 76561198990415902)(<5268.548340, 306.574585, 5517.510742>) requested data for lock!
[16:20:40] Player (Prophecy, 76561198990415902)(<5268.548340, 306.574585, 5517.510742>) requested data for lock!
[16:20:45] Player (Prophecy, 76561198990415902)(<5268.548340, 306.574585, 5517.510742>) requested data for lock!
[16:20:50] Player (Prophecy, 76561198990415902)(<5268.548340, 306.574585, 5517.510742>) requested data for lock!
[16:21:00] Player (MikaBrandon, 76561198215565199)(<3486.234131, 294.241089, 8570.395508>) requested data for lock!
[16:21:02] Player (Prophecy, 76561198990415902)(<5268.548340, 306.574585, 5517.510742>) requested data for lock!
[16:21:12] Player (Prophecy, 76561198990415902)(<5268.548340, 306.574585, 5517.510742>) requested data for lock!
[16:21:17] Player (Prophecy, 76561198990415902)(<5268.548340, 306.574585, 5517.510742>) requested data for lock!
[16:21:22] Player (Prophecy, 76561198990415902)(<5268.548340, 306.574585, 5517.510742>) requested data for lock!
[16:21:44] Player (MikaBrandon, 76561198215565199)(<3486.234131, 294.241089, 8570.395508>) requested data for lock!
[16:26:25] Player (MikaBrandon, 76561198215565199)(<3489.337402, 294.240662, 8587.921875>) requested data for lock!
[16:26:35] Player (MikaBrandon, 76561198215565199)(<3489.337402, 294.240662, 8587.921875>) requested data for lock!
[16:27:15] Player (MikaBrandon, 76561198215565199)(<3489.337402, 294.240662, 8587.921875>) requested data for lock!
[16:27:29] Player (MikaBrandon, 76561198215565199)(<3489.337402, 294.240662, 8587.921875>) requested data for lock!
[16:27:56] Player (MikaBrandon, 76561198215565199)(<3489.337402, 294.240662, 8587.921875>) requested data for lock!
[16:28:20] Player (MikaBrandon, 76561198215565199)(<3489.337402, 294.240662, 8587.921875>) requested data for lock!
[16:28:41] Player (Prophecy, 76561198990415902)(<5260.987793, 305.993744, 5501.103027>) requested data for lock!
[16:29:31] Player (MikaBrandon, 76561198215565199)(<3486.234131, 294.241089, 8570.395508>) requested data for lock!
[16:29:53] Player (NicFit, 76561198086129271)(<6937.594238, 58.649269, 3680.769775>) requested data for lock!
[16:29:58] Player (NicFit, 76561198086129271)(<6937.594238, 58.649269, 3680.769775>) requested data for lock!
[16:30:03] Player (NicFit, 76561198086129271)(<6937.594238, 58.649269, 3680.769775>) requested data for lock!
[16:30:08] Player (NicFit, 76561198086129271)(<6937.594238, 58.649269, 3680.769775>) requested data for lock!
[16:30:13] Player (NicFit, 76561198086129271)(<6937.594238, 58.649269, 3680.769775>) requested data for lock!
[16:30:18] Player (NicFit, 76561198086129271)(<6937.594238, 58.649269, 3680.769775>) requested data for lock!
[16:30:23] Player (NicFit, 76561198086129271)(<6937.594238, 58.649269, 3680.769775>) requested data for lock!
[16:30:28] Player (NicFit, 76561198086129271)(<6937.594238, 58.649269, 3680.769775>) requested data for lock!
[16:30:33] Player (NicFit, 76561198086129271)(<6937.594238, 58.649269, 3680.769775>) requested data for lock!
[16:30:38] Player (NicFit, 76561198086129271)(<6937.594238, 58.649269, 3680.769775>) requested data for lock!
[16:30:43] Player (NicFit, 76561198086129271)(<6937.594238, 58.649269, 3680.769775>) requested data for lock!
[16:30:48] Player (NicFit, 76561198086129271)(<6937.594238, 58.649269, 3680.769775>) requested data for lock!
[16:30:53] Player (NicFit, 76561198086129271)(<6937.594238, 58.649269, 3680.769775>) requested data for lock!
[16:30:58] Player (NicFit, 76561198086129271)(<6937.594238, 58.649269, 3680.769775>) requested data for lock!
[16:31:03] Player (NicFit, 76561198086129271)(<6937.594238, 58.649269, 3680.769775>) requested data for lock!
[16:31:08] Player (NicFit, 76561198086129271)(<6937.594238, 58.649269, 3680.769775>) requested data for lock!
[16:31:13] Player (NicFit, 76561198086129271)(<6937.594238, 58.649269, 3680.769775>) requested data for lock!
[16:31:18] Player (NicFit, 76561198086129271)(<6937.594238, 58.649269, 3680.769775>) requested data for lock!
[16:31:23] Player (NicFit, 76561198086129271)(<6937.594238, 58.649269, 3680.769775>) requested data for lock!
[16:31:28] Player (NicFit, 76561198086129271)(<6937.594238, 58.649269, 3680.769775>) requested data for lock!
[16:31:33] Player (NicFit, 76561198086129271)(<6937.594238, 58.649269, 3680.769775>) requested data for lock!
[16:31:38] Player (NicFit, 76561198086129271)(<6937.594238, 58.649269, 3680.769775>) requested data for lock!
[16:31:44] Player (NicFit, 76561198086129271)(<6937.594238, 58.649269, 3680.769775>) requested data for lock!
[16:31:46] Player (MikaBrandon, 76561198215565199)(<3489.337402, 294.240662, 8587.921875>) requested data for lock!
[16:31:49] Player (NicFit, 76561198086129271)(<6937.594238, 58.649269, 3680.769775>) requested data for lock!
[16:31:54] Player (NicFit, 76561198086129271)(<6937.594238, 58.649269, 3680.769775>) requested data for lock!
[16:32:01] Player (NicFit, 76561198086129271)(<6937.594238, 58.649269, 3680.769775>) requested data for lock!
[16:32:16] Player (MikaBrandon, 76561198215565199)(<3489.337402, 294.240662, 8587.921875>) requested data for lock!
[16:32:44] Player (MikaBrandon, 76561198215565199)(<3486.234131, 294.241089, 8570.395508>) requested data for lock!
[16:35:09] Player (NicFit, 76561198086129271)(<6937.594238, 58.649269, 3680.769775>) requested data for lock!
[16:37:56] Player (NicFit, 76561198086129271)(<6937.594238, 58.649269, 3680.769775>) requested data for lock!
[16:37:59] Player (JevBurns, 76561198068395829)(<6937.594238, 58.649269, 3680.769775>) requested data for lock!
[16:38:03] Player (NicFit, 76561198086129271)(<6937.594238, 58.649269, 3680.769775>) requested data for lock!
[16:38:05] Player (JevBurns, 76561198068395829)(<6937.594238, 58.649269, 3680.769775>) requested data for lock!
[16:39:19] Player (MikaBrandon, 76561198215565199)(<3486.234131, 294.241089, 8570.395508>) requested data for lock!
[16:40:17] Player (Prophecy, 76561198990415902)(<5260.987793, 305.993744, 5501.103027>) requested data for lock!
[16:40:23] Player (Prophecy, 76561198990415902)(<5260.987793, 305.993744, 5501.103027>) requested data for lock!
[16:40:28] Player (Prophecy, 76561198990415902)(<5260.987793, 305.993744, 5501.103027>) requested data for lock!
[16:41:06] Player (MikaBrandon, 76561198215565199)(<3486.234131, 294.241089, 8570.395508>) requested data for lock!
[16:41:54] Player (Hyale, 76561197994452607)(<8382.144531, 163.852722, 12221.200195>) requested data for lock!
[16:42:27] Player (NicFit, 76561198086129271)(<6937.594238, 58.649269, 3680.769775>) requested data for lock!
[16:43:27] Player (MikaBrandon, 76561198215565199)(<3483.610840, 295.613312, 8592.157227>) requested data for lock!
[16:43:41] Player (JevBurns, 76561198068395829)(<6937.594238, 58.649269, 3680.769775>) requested data for lock!
[16:43:59] Player (Hyale, 76561197994452607)(<8382.144531, 163.852722, 12221.200195>) requested data for lock!
[16:44:14] Player (Hyale, 76561197994452607)(<8383.750977, 163.070587, 12234.040039>) requested data for lock!
[16:44:48] Player (Prophecy, 76561198990415902)(<5268.548340, 306.574585, 5517.510742>) requested data for lock!
[16:44:53] Player (Prophecy, 76561198990415902)(<5268.548340, 306.574585, 5517.510742>) requested data for lock!
[16:45:24] Player (Prophecy, 76561198990415902)(<5268.548340, 306.574585, 5517.510742>) requested data for lock!
[16:46:22] Player (Hyale, 76561197994452607)(<8382.144531, 163.852722, 12221.200195>) requested data for lock!
[16:46:37] Player (NicFit, 76561198086129271)(<6937.594238, 58.649269, 3680.769775>) requested data for lock!
[16:47:22] Player (MikaBrandon, 76561198215565199)(<3657.411377, 299.556580, 8598.930664>) requested data for lock!
[16:49:47] Player (Hyale, 76561197994452607)(<8374.034180, 161.783600, 12220.476563>) requested data for lock!
[16:50:14] Player (MikaBrandon, 76561198215565199)(<3657.411377, 299.556580, 8598.930664>) requested data for lock!
[16:50:19] Player (MikaBrandon, 76561198215565199)(<3657.411377, 299.556580, 8598.930664>) requested data for lock!
[16:51:36] Player (MikaBrandon, 76561198215565199)(<3648.097900, 301.395508, 8605.158203>) requested data for lock!
[16:52:36] Player (Hyale, 76561197994452607)(<8419.393555, 162.647049, 12220.171875>) requested data for lock!
[16:57:11] Player (MikaBrandon, 76561198215565199)(<3483.610840, 295.613312, 8592.157227>) requested data for lock!
[16:58:57] Player (MikaBrandon, 76561198215565199)(<3489.337402, 294.240662, 8587.921875>) requested data for lock!
[16:59:08] Player (MikaBrandon, 76561198215565199)(<3486.234131, 294.241089, 8570.395508>) requested data for lock!
[16:59:19] Player (MikaBrandon, 76561198215565199)(<3486.234131, 294.241089, 8570.395508>) requested data for lock!
[16:59:28] Player (MikaBrandon, 76561198215565199)(<3486.234131, 294.241089, 8570.395508>) requested data for lock!
[17:01:25] Player (Hyale, 76561197994452607)(<8383.750977, 163.070587, 12234.040039>) requested data for lock!
[17:01:44] Player (Prophecy, 76561198990415902)(<5268.548340, 306.574585, 5517.510742>) requested data for lock!
[17:02:16] Player (Prophecy, 76561198990415902)(<5268.548340, 306.574585, 5517.510742>) requested data for lock!
[17:06:35] Player (Prophecy, 76561198990415902)(<5255.075684, 306.017731, 5502.657715>) requested data for lock!
[17:06:38] Player (MikaBrandon, 76561198215565199)(<3489.337402, 294.240662, 8587.921875>) requested data for lock!
[17:06:40] Player (Prophecy, 76561198990415902)(<5255.075684, 306.017731, 5502.657715>) requested data for lock!
[17:06:45] Player (Prophecy, 76561198990415902)(<5255.075684, 306.017731, 5502.657715>) requested data for lock!
[17:06:49] Player (MikaBrandon, 76561198215565199)(<3487.288086, 294.240875, 8576.301758>) requested data for lock!
[17:06:50] Player (Prophecy, 76561198990415902)(<5255.075684, 306.017731, 5502.657715>) requested data for lock!
[17:07:05] Player (Prophecy, 76561198990415902)(<5255.075684, 306.017731, 5502.657715>) requested data for lock!
[17:07:23] Player (MikaBrandon, 76561198215565199)(<3491.171631, 297.181915, 8571.373047>) requested data for lock!
[17:07:50] Player (MikaBrandon, 76561198215565199)(<3489.337402, 294.240662, 8587.921875>) requested data for lock!
[17:08:01] Player (Hyale, 76561197994452607)(<8382.144531, 163.852722, 12221.200195>) requested data for lock!
[17:08:19] Player (MikaBrandon, 76561198215565199)(<3489.337402, 294.240662, 8587.921875>) requested data for lock!
[17:12:17] Player (Hyale, 76561197994452607)(<8405.186523, 162.644699, 12212.749023>) requested data for lock!
[17:13:16] Player (MikaBrandon, 76561198215565199)(<3487.288086, 294.240875, 8576.301758>) requested data for lock!
[17:13:31] Player (Hyale, 76561197994452607)(<8419.393555, 162.647049, 12220.171875>) requested data for lock!
[17:14:04] Player (Hyale, 76561197994452607)(<8382.144531, 163.852722, 12221.200195>) requested data for lock!
[17:14:07] Player (MikaBrandon, 76561198215565199)(<3489.337402, 294.240662, 8587.921875>) requested data for lock!
[17:15:16] Player (MikaBrandon, 76561198215565199)(<3489.337402, 294.240662, 8587.921875>) requested data for lock!
[17:19:18] Player (MikaBrandon, 76561198215565199)(<3487.288086, 294.240875, 8576.301758>) requested data for lock!
[17:19:41] Player (MikaBrandon, 76561198215565199)(<3487.288086, 294.240875, 8576.301758>) requested data for lock!
[17:20:52] Player (MikaBrandon, 76561198215565199)(<3489.337402, 294.240662, 8587.921875>) requested data for lock!
[17:20:59] Player (MikaBrandon, 76561198215565199)(<3483.610840, 295.613312, 8592.157227>) requested data for lock!
[17:21:14] Player (MikaBrandon, 76561198215565199)(<3483.610840, 295.613312, 8592.157227>) requested data for lock!
[17:23:09] Player (MikaBrandon, 76561198215565199)(<3489.337402, 294.240662, 8587.921875>) requested data for lock!
[17:23:55] Player (MikaBrandon, 76561198215565199)(<3489.337402, 294.240662, 8587.921875>) requested data for lock!
[17:24:15] Player (MikaBrandon, 76561198215565199)(<3489.337402, 294.240662, 8587.921875>) requested data for lock!
[17:26:00] Player (MikaBrandon, 76561198215565199)(<3487.288086, 294.240875, 8576.301758>) requested data for lock!
[17:26:09] Player (MikaBrandon, 76561198215565199)(<3487.288086, 294.240875, 8576.301758>) requested data for lock!
[17:26:27] Player (MikaBrandon, 76561198215565199)(<3486.234131, 294.241089, 8570.395508>) requested data for lock!
[17:26:34] Player (MikaBrandon, 76561198215565199)(<3489.337402, 294.240662, 8587.921875>) requested data for lock!
[17:26:44] Player (MikaBrandon, 76561198215565199)(<3489.337402, 294.240662, 8587.921875>) requested data for lock!
[17:26:58] Player (MikaBrandon, 76561198215565199)(<3489.337402, 294.240662, 8587.921875>) requested data for lock!
[17:33:54] Player (MikaBrandon, 76561198215565199)(<3487.288086, 294.240875, 8576.301758>) requested data for lock!
[17:34:11] Player (MikaBrandon, 76561198215565199)(<3491.171631, 297.181915, 8571.373047>) requested data for lock!
[17:34:57] Player (MikaBrandon, 76561198215565199)(<3491.171631, 297.181915, 8571.373047>) requested data for lock!
[17:35:06] Player (MikaBrandon, 76561198215565199)(<3491.171631, 297.181915, 8571.373047>) requested data for lock!
[17:35:16] Player (MikaBrandon, 76561198215565199)(<3491.171631, 297.181915, 8571.373047>) requested data for lock!
[17:36:01] Player (MikaBrandon, 76561198215565199)(<3487.288086, 294.240875, 8576.301758>) requested data for lock!
[17:36:19] Player (MikaBrandon, 76561198215565199)(<3491.171631, 297.181915, 8571.373047>) requested data for lock!
[17:36:24] Player (MikaBrandon, 76561198215565199)(<3491.171631, 297.181915, 8571.373047>) requested data for lock!
[17:36:29] Player (MikaBrandon, 76561198215565199)(<3491.171631, 297.181915, 8571.373047>) requested data for lock!
[17:36:34] Player (MikaBrandon, 76561198215565199)(<3491.171631, 297.181915, 8571.373047>) requested data for lock!
[17:36:39] Player (MikaBrandon, 76561198215565199)(<3491.171631, 297.181915, 8571.373047>) requested data for lock!
[17:38:52] Player (Prophecy, 76561198990415902)(<5255.075684, 306.017731, 5502.657715>) requested data for lock!
[17:41:05] Player (MikaBrandon, 76561198215565199)(<3491.171631, 297.181915, 8571.373047>) requested data for lock!
[17:41:30] Player (Prophecy, 76561198990415902)(<5255.075684, 306.017731, 5502.657715>) requested data for lock!
[17:42:39] Player (Prophecy, 76561198990415902)(<5255.075684, 306.017731, 5502.657715>) requested data for lock!
[17:45:21] Player (MikaBrandon, 76561198215565199)(<3491.171631, 297.181915, 8571.373047>) requested data for lock!
[17:45:27] Player (MikaBrandon, 76561198215565199)(<3491.171631, 297.181915, 8571.373047>) requested data for lock!
[17:45:46] Player (MikaBrandon, 76561198215565199)(<3489.337402, 294.240662, 8587.921875>) requested data for lock!
[17:45:51] Player (NicFit, 76561198086129271)(<6933.153320, 58.022518, 3674.160889>) requested data for lock!
[17:45:56] Player (NicFit, 76561198086129271)(<6933.153320, 58.022518, 3674.160889>) requested data for lock!
[17:46:01] Player (NicFit, 76561198086129271)(<6933.153320, 58.022518, 3674.160889>) requested data for lock!
[17:46:38] Player (NicFit, 76561198086129271)(<6933.153320, 58.022518, 3674.160889>) requested data for lock!
[17:46:43] Player (NicFit, 76561198086129271)(<6933.153320, 58.022518, 3674.160889>) requested data for lock!
[17:47:04] Player (MikaBrandon, 76561198215565199)(<3487.288086, 294.240875, 8576.301758>) requested data for lock!
[17:47:19] Player (MikaBrandon, 76561198215565199)(<3486.234131, 294.241089, 8570.395508>) requested data for lock!
[17:47:25] Player (MikaBrandon, 76561198215565199)(<3487.288086, 294.240875, 8576.301758>) requested data for lock!
[17:51:15] Player (MikaBrandon, 76561198215565199)(<3489.337402, 294.240662, 8587.921875>) requested data for lock!
[17:53:03] Player (MikaBrandon, 76561198215565199)(<3489.337402, 294.240662, 8587.921875>) requested data for lock!
[17:53:20] Player (MikaBrandon, 76561198215565199)(<3487.288086, 294.240875, 8576.301758>) requested data for lock!
[17:57:26] Player (NicFit, 76561198086129271)(<6937.594238, 58.649269, 3680.769775>) requested data for lock!
[17:58:16] Player (NicFit, 76561198086129271)(<6937.594238, 58.649269, 3680.769775>) requested data for lock!
[03-07-2021][18.02.10] Log file reloaded ( Server Restart )
[18:04:16] Player (NicFit, 76561198086129271)(<6937.594238, 58.649269, 3680.769775>) requested data for lock!
[18:06:19] Player (NicFit, 76561198086129271)(<6937.594238, 58.649269, 3680.769775>) requested data for lock!
[18:19:25] Player (Prophecy, 76561198990415902)(<5255.075684, 306.017731, 5502.657715>) requested data for lock!
[18:19:49] Player (Prophecy, 76561198990415902)(<5272.670410, 308.993317, 5505.040527>) requested data for lock!
[18:19:54] Player (Prophecy, 76561198990415902)(<5272.670410, 308.993317, 5505.040527>) requested data for lock!
[18:19:59] Player (Prophecy, 76561198990415902)(<5272.670410, 308.993317, 5505.040527>) requested data for lock!
[18:20:38] Player (Prophecy, 76561198990415902)(<5272.670410, 308.993317, 5505.040527>) requested data for lock!
[18:20:58] Player (Prophecy, 76561198990415902)(<5255.075684, 306.017731, 5502.657715>) requested data for lock!
[18:21:10] Player (Prophecy, 76561198990415902)(<5272.670410, 308.993317, 5505.040527>) requested data for lock!
[18:21:25] Player (Prophecy, 76561198990415902)(<5272.670410, 308.993317, 5505.040527>) requested data for lock!
[18:21:37] Player (Prophecy, 76561198990415902)(<5272.670410, 308.993317, 5505.040527>) requested data for lock!
[18:21:50] Player (Prophecy, 76561198990415902)(<5272.670410, 308.993317, 5505.040527>) requested data for lock!
[18:21:55] Player (Prophecy, 76561198990415902)(<5272.670410, 308.993317, 5505.040527>) requested data for lock!
[18:22:14] Player (Prophecy, 76561198990415902)(<5272.670410, 308.993317, 5505.040527>) requested data for lock!
[18:22:19] Player (Prophecy, 76561198990415902)(<5272.670410, 308.993317, 5505.040527>) requested data for lock!
[18:22:40] Player (Prophecy, 76561198990415902)(<5272.670410, 308.993317, 5505.040527>) requested data for lock!
[18:23:22] Player (Prophecy, 76561198990415902)(<5255.075684, 306.017731, 5502.657715>) requested data for lock!
[18:23:39] Player (Prophecy, 76561198990415902)(<5272.670410, 308.993317, 5505.040527>) requested data for lock!
[18:23:50] Player (Prophecy, 76561198990415902)(<5255.075684, 306.017731, 5502.657715>) requested data for lock!
[18:24:06] Player (Prophecy, 76561198990415902)(<5255.075684, 306.017731, 5502.657715>) requested data for lock!
[18:24:13] Player (Prophecy, 76561198990415902)(<5255.075684, 306.017731, 5502.657715>) requested data for lock!
[18:24:50] Player (Prophecy, 76561198990415902)(<5255.075684, 306.017731, 5502.657715>) requested data for lock!
[18:25:00] Player (Prophecy, 76561198990415902)(<5272.670410, 308.993317, 5505.040527>) requested data for lock!
[18:25:05] Player (Prophecy, 76561198990415902)(<5272.670410, 308.993317, 5505.040527>) requested data for lock!
[18:27:03] Player (Prophecy, 76561198990415902)(<5255.075684, 306.017731, 5502.657715>) requested data for lock!
[18:28:07] Player (Prophecy, 76561198990415902)(<5255.075684, 306.017731, 5502.657715>) requested data for lock!
[18:28:16] Player (Prophecy, 76561198990415902)(<5255.075684, 306.017731, 5502.657715>) requested data for lock!
[18:28:21] Player (Prophecy, 76561198990415902)(<5255.075684, 306.017731, 5502.657715>) requested data for lock!
[18:30:38] Player (Prophecy, 76561198990415902)(<5255.075684, 306.017731, 5502.657715>) requested data for lock!
[18:30:43] Player (Prophecy, 76561198990415902)(<5272.670410, 308.993317, 5505.040527>) requested data for lock!
[18:31:05] Player (Prophecy, 76561198990415902)(<5272.670410, 308.993317, 5505.040527>) requested data for lock!
[18:31:10] Player (Prophecy, 76561198990415902)(<5272.670410, 308.993317, 5505.040527>) requested data for lock!
[18:31:41] Player (Prophecy, 76561198990415902)(<5272.670410, 308.993317, 5505.040527>) requested data for lock!
[18:31:46] Player (Prophecy, 76561198990415902)(<5272.670410, 308.993317, 5505.040527>) requested data for lock!
[18:32:01] Player (Prophecy, 76561198990415902)(<5272.670410, 308.993317, 5505.040527>) requested data for lock!
[18:32:24] Player (Prophecy, 76561198990415902)(<5255.075684, 306.017731, 5502.657715>) requested data for lock!
[18:32:29] Player (Prophecy, 76561198990415902)(<5255.075684, 306.017731, 5502.657715>) requested data for lock!
[18:32:31] Player (JevBurns, 76561198068395829)(<5255.075684, 306.017731, 5502.657715>) requested data for lock!
[18:32:34] Player (Prophecy, 76561198990415902)(<5255.075684, 306.017731, 5502.657715>) requested data for lock!
[18:32:36] Player (JevBurns, 76561198068395829)(<5255.075684, 306.017731, 5502.657715>) requested data for lock!
[18:32:39] Player (Prophecy, 76561198990415902)(<5255.075684, 306.017731, 5502.657715>) requested data for lock!
[18:32:41] Player (JevBurns, 76561198068395829)(<5255.075684, 306.017731, 5502.657715>) requested data for lock!
[18:32:44] Player (Prophecy, 76561198990415902)(<5255.075684, 306.017731, 5502.657715>) requested data for lock!
[18:32:46] Player (JevBurns, 76561198068395829)(<5255.075684, 306.017731, 5502.657715>) requested data for lock!
[18:32:49] Player (Prophecy, 76561198990415902)(<5255.075684, 306.017731, 5502.657715>) requested data for lock!
[18:32:52] Player (JevBurns, 76561198068395829)(<5255.075684, 306.017731, 5502.657715>) requested data for lock!
[18:32:54] Player (Prophecy, 76561198990415902)(<5255.075684, 306.017731, 5502.657715>) requested data for lock!
[18:32:58] Player (JevBurns, 76561198068395829)(<5255.075684, 306.017731, 5502.657715>) requested data for lock!
[18:32:59] Player (Prophecy, 76561198990415902)(<5255.075684, 306.017731, 5502.657715>) requested data for lock!
[18:33:56] Player (JevBurns, 76561198068395829)(<5272.670410, 308.993317, 5505.040527>) requested data for lock!
[18:34:09] Player (JevBurns, 76561198068395829)(<5272.670410, 308.993317, 5505.040527>) requested data for lock!
[18:34:13] Player (Prophecy, 76561198990415902)(<5272.670410, 308.993317, 5505.040527>) requested data for lock!
[18:35:34] Player (JevBurns, 76561198068395829)(<5255.075684, 306.017731, 5502.657715>) requested data for lock!
[18:37:21] Player (NicFit, 76561198086129271)(<6930.353516, 58.084438, 3689.323975>) requested data for lock!
[18:37:26] Player (NicFit, 76561198086129271)(<6930.353516, 58.084438, 3689.323975>) requested data for lock!
[18:37:32] Player (NicFit, 76561198086129271)(<6930.353516, 58.084438, 3689.323975>) requested data for lock!
[18:38:02] Player (NicFit, 76561198086129271)(<6930.353516, 58.084438, 3689.323975>) requested data for lock!
[18:38:46] Player (NicFit, 76561198086129271)(<6930.353516, 58.084438, 3689.323975>) requested data for lock!
[18:38:49] Player (Prophecy, 76561198990415902)(<5255.075684, 306.017731, 5502.657715>) requested data for lock!
[18:39:56] Player (NicFit, 76561198086129271)(<6930.353516, 58.084438, 3689.323975>) requested data for lock!
[18:41:02] Player (Prophecy, 76561198990415902)(<5255.075684, 306.017731, 5502.657715>) requested data for lock!
[18:41:55] Player (NicFit, 76561198086129271)(<6930.353516, 58.084438, 3689.323975>) requested data for lock!
[18:42:27] Player (NicFit, 76561198086129271)(<6943.061035, 58.101555, 3688.918213>) requested data for lock!
[18:42:30] Player (Prophecy, 76561198990415902)(<5255.075684, 306.017731, 5502.657715>) requested data for lock!
[18:42:32] Player (NicFit, 76561198086129271)(<6943.061035, 58.101555, 3688.918213>) requested data for lock!
[18:42:35] Player (Prophecy, 76561198990415902)(<5255.075684, 306.017731, 5502.657715>) requested data for lock!
[18:42:37] Player (NicFit, 76561198086129271)(<6943.061035, 58.101555, 3688.918213>) requested data for lock!
[18:42:42] Player (NicFit, 76561198086129271)(<6943.061035, 58.101555, 3688.918213>) requested data for lock!
[18:42:46] Player (Prophecy, 76561198990415902)(<5272.670410, 308.993317, 5505.040527>) requested data for lock!
[18:42:47] Player (NicFit, 76561198086129271)(<6943.061035, 58.101555, 3688.918213>) requested data for lock!
[18:42:58] Player (NicFit, 76561198086129271)(<6930.353516, 58.084438, 3689.323975>) requested data for lock!
[18:43:03] Player (Prophecy, 76561198990415902)(<5268.548340, 306.574585, 5517.510742>) requested data for lock!
[18:43:07] Player (NicFit, 76561198086129271)(<6943.061035, 58.101555, 3688.918213>) requested data for lock!
[18:43:31] Player (Prophecy, 76561198990415902)(<5255.075684, 306.017731, 5502.657715>) requested data for lock!
[18:43:58] Player (NicFit, 76561198086129271)(<6930.353516, 58.084438, 3689.323975>) requested data for lock!
[18:44:20] Player (Prophecy, 76561198990415902)(<5268.548340, 306.574585, 5517.510742>) requested data for lock!
[18:45:56] Player (Prophecy, 76561198990415902)(<5268.548340, 306.574585, 5517.510742>) requested data for lock!
[18:47:20] Player (NicFit, 76561198086129271)(<6943.061035, 58.101555, 3688.918213>) requested data for lock!
[18:54:59] Player (NicFit, 76561198086129271)(<6930.353516, 58.084438, 3689.323975>) requested data for lock!
[18:55:21] Player (NicFit, 76561198086129271)(<6930.353516, 58.084438, 3689.323975>) requested data for lock!
[19:00:25] Player (NicFit, 76561198086129271)(<6943.061035, 58.101555, 3688.918213>) requested data for lock!
[19:00:30] Player (NicFit, 76561198086129271)(<6930.353516, 58.084438, 3689.323975>) requested data for lock!
[19:00:55] Player (NicFit, 76561198086129271)(<6933.153320, 58.022518, 3674.160889>) requested data for lock!
[19:01:11] Player (NicFit, 76561198086129271)(<6937.594238, 58.649269, 3680.769775>) requested data for lock!
[19:01:34] Player (NicFit, 76561198086129271)(<6930.353516, 58.084438, 3689.323975>) requested data for lock!
[19:01:56] Player (NicFit, 76561198086129271)(<6930.353516, 58.084438, 3689.323975>) requested data for lock!
[19:02:03] Player (NicFit, 76561198086129271)(<6930.353516, 58.084438, 3689.323975>) requested data for lock!
[19:02:08] Player (NicFit, 76561198086129271)(<6933.153320, 58.022518, 3674.160889>) requested data for lock!
[19:03:54] Player (NicFit, 76561198086129271)(<6930.353516, 58.084438, 3689.323975>) requested data for lock!
[19:03:59] Player (NicFit, 76561198086129271)(<6930.353516, 58.084438, 3689.323975>) requested data for lock!
[19:05:02] Player (NicFit, 76561198086129271)(<6930.353516, 58.084438, 3689.323975>) requested data for lock!
[19:05:13] Player (NicFit, 76561198086129271)(<6930.353516, 58.084438, 3689.323975>) requested data for lock!
[19:05:37] Player (NicFit, 76561198086129271)(<6930.353516, 58.084438, 3689.323975>) requested data for lock!
[19:05:44] Player (NicFit, 76561198086129271)(<6930.353516, 58.084438, 3689.323975>) requested data for lock!
[19:06:32] Player (NicFit, 76561198086129271)(<6930.353516, 58.084438, 3689.323975>) requested data for lock!
[19:07:19] Player (NicFit, 76561198086129271)(<6943.061035, 58.101555, 3688.918213>) requested data for lock!
[19:08:16] Player (NicFit, 76561198086129271)(<6933.153320, 58.022518, 3674.160889>) requested data for lock!
[19:08:37] Player (NicFit, 76561198086129271)(<6933.153320, 58.022518, 3674.160889>) requested data for lock!
[19:08:56] Player (NicFit, 76561198086129271)(<6930.353516, 58.084438, 3689.323975>) requested data for lock!
[19:15:11] Player (NicFit, 76561198086129271)(<6930.353516, 58.084438, 3689.323975>) requested data for lock!
[19:18:13] Player (NicFit, 76561198086129271)(<6930.353516, 58.084438, 3689.323975>) requested data for lock!
[19:19:33] Player (NicFit, 76561198086129271)(<6930.353516, 58.084438, 3689.323975>) requested data for lock!
[19:20:16] Player (NicFit, 76561198086129271)(<6930.353516, 58.084438, 3689.323975>) requested data for lock!
[19:27:52] Player (NicFit, 76561198086129271)(<6943.061035, 58.101555, 3688.918213>) requested data for lock!
[19:35:09] Player (NicFit, 76561198086129271)(<6930.353516, 58.084438, 3689.323975>) requested data for lock!
[19:37:44] Player (NicFit, 76561198086129271)(<6943.061035, 58.101555, 3688.918213>) requested data for lock!
[19:42:05] Player (Prophecy, 76561198990415902)(<5268.548340, 306.574585, 5517.510742>) requested data for lock!
[19:42:13] Player (Prophecy, 76561198990415902)(<5272.670410, 308.993317, 5505.040527>) requested data for lock!
[19:43:47] Player (JevBurns, 76561198068395829)(<5272.670410, 308.993317, 5505.040527>) requested data for lock!
[19:43:54] Player (Prophecy, 76561198990415902)(<5272.670410, 308.993317, 5505.040527>) requested data for lock!
[19:43:56] Player (JevBurns, 76561198068395829)(<5272.670410, 308.993317, 5505.040527>) requested data for lock!
[19:43:59] Player (Prophecy, 76561198990415902)(<5272.670410, 308.993317, 5505.040527>) requested data for lock!
[19:44:18] Player (Prophecy, 76561198990415902)(<5272.670410, 308.993317, 5505.040527>) requested data for lock!
[19:44:31] Player (Prophecy, 76561198990415902)(<5272.670410, 308.993317, 5505.040527>) requested data for lock!
[19:45:29] Player (Prophecy, 76561198990415902)(<5272.670410, 308.993317, 5505.040527>) requested data for lock!
[19:46:34] Player (NicFit, 76561198086129271)(<6930.353516, 58.084438, 3689.323975>) requested data for lock!
[19:46:40] Player (NicFit, 76561198086129271)(<6930.353516, 58.084438, 3689.323975>) requested data for lock!
[19:46:47] Player (NicFit, 76561198086129271)(<6933.153320, 58.022518, 3674.160889>) requested data for lock!
[19:46:48] Player (Prophecy, 76561198990415902)(<5277.693359, 306.573822, 5517.387695>) requested data for lock!
[19:46:52] Player (NicFit, 76561198086129271)(<6943.061035, 58.101555, 3688.918213>) requested data for lock!
[19:46:53] Player (Prophecy, 76561198990415902)(<5277.693359, 306.573822, 5517.387695>) requested data for lock!
[19:46:58] Player (NicFit, 76561198086129271)(<6937.594238, 58.649269, 3680.769775>) requested data for lock!
[19:46:58] Player (Prophecy, 76561198990415902)(<5277.693359, 306.573822, 5517.387695>) requested data for lock!
[19:47:04] Player (Prophecy, 76561198990415902)(<5268.548340, 306.574585, 5517.510742>) requested data for lock!
[19:48:12] Player (Prophecy, 76561198990415902)(<5255.075684, 306.017731, 5502.657715>) requested data for lock!
[19:48:14] Player (NicFit, 76561198086129271)(<6933.153320, 58.022518, 3674.160889>) requested data for lock!
[19:48:27] Player (Prophecy, 76561198990415902)(<5272.670410, 308.993317, 5505.040527>) requested data for lock!
[19:48:32] Player (Prophecy, 76561198990415902)(<5255.075684, 306.017731, 5502.657715>) requested data for lock!
[19:49:07] Player (Prophecy, 76561198990415902)(<5268.548340, 306.574585, 5517.510742>) requested data for lock!
[19:50:29] Player (Prophecy, 76561198990415902)(<5255.075684, 306.017731, 5502.657715>) requested data for lock!
[19:51:11] Player (NicFit, 76561198086129271)(<6937.594238, 58.649269, 3680.769775>) requested data for lock!
[19:51:50] Player (Prophecy, 76561198990415902)(<5255.075684, 306.017731, 5502.657715>) requested data for lock!
[19:52:04] Player (NicFit, 76561198086129271)(<6937.594238, 58.649269, 3680.769775>) requested data for lock!
[19:52:24] Player (Prophecy, 76561198990415902)(<5255.075684, 306.017731, 5502.657715>) requested data for lock!
[19:52:42] Player (Prophecy, 76561198990415902)(<5268.548340, 306.574585, 5517.510742>) requested data for lock!
[19:52:56] Player (Prophecy, 76561198990415902)(<5272.670410, 308.993317, 5505.040527>) requested data for lock!
[19:53:00] Player (NicFit, 76561198086129271)(<6938.311523, 58.166321, 3691.953369>) requested data for lock!
[19:53:02] Player (Prophecy, 76561198990415902)(<5272.670410, 308.993317, 5505.040527>) requested data for lock!
[19:53:05] Player (NicFit, 76561198086129271)(<6938.311523, 58.166321, 3691.953369>) requested data for lock!
[19:53:10] Player (NicFit, 76561198086129271)(<6930.353516, 58.084438, 3689.323975>) requested data for lock!
[19:53:20] Player (Prophecy, 76561198990415902)(<5255.075684, 306.017731, 5502.657715>) requested data for lock!
[19:53:45] Player (Prophecy, 76561198990415902)(<5255.075684, 306.017731, 5502.657715>) requested data for lock!
[19:54:48] Player (NicFit, 76561198086129271)(<6938.311523, 58.166321, 3691.953369>) requested data for lock!
[19:54:53] Player (NicFit, 76561198086129271)(<6938.311523, 58.166321, 3691.953369>) requested data for lock!
[19:54:53] Player (Prophecy, 76561198990415902)(<5255.075684, 306.017731, 5502.657715>) requested data for lock!
[19:55:24] Player (NicFit, 76561198086129271)(<6938.311523, 58.166321, 3691.953369>) requested data for lock!
[19:55:51] Player (Prophecy, 76561198990415902)(<5255.075684, 306.017731, 5502.657715>) requested data for lock!
[19:56:18] Player (Prophecy, 76561198990415902)(<5255.075684, 306.017731, 5502.657715>) requested data for lock!
[19:56:46] Player (NicFit, 76561198086129271)(<6938.311523, 58.166321, 3691.953369>) requested data for lock!
[19:57:17] Player (NicFit, 76561198086129271)(<6938.311523, 58.166321, 3691.953369>) requested data for lock!
[19:57:30] Player (NicFit, 76561198086129271)(<6930.353516, 58.084438, 3689.323975>) requested data for lock!
[19:57:35] Player (NicFit, 76561198086129271)(<6937.594238, 58.649269, 3680.769775>) requested data for lock!
[19:57:55] Player (Prophecy, 76561198990415902)(<5255.075684, 306.017731, 5502.657715>) requested data for lock!
[19:58:00] Player (Prophecy, 76561198990415902)(<5255.075684, 306.017731, 5502.657715>) requested data for lock!
[19:58:05] Player (Prophecy, 76561198990415902)(<5255.075684, 306.017731, 5502.657715>) requested data for lock!
[19:58:10] Player (Prophecy, 76561198990415902)(<5255.075684, 306.017731, 5502.657715>) requested data for lock!
[19:58:15] Player (Prophecy, 76561198990415902)(<5255.075684, 306.017731, 5502.657715>) requested data for lock!
[19:58:20] Player (Prophecy, 76561198990415902)(<5255.075684, 306.017731, 5502.657715>) requested data for lock!
[19:58:24] Player (NicFit, 76561198086129271)(<6938.311523, 58.166321, 3691.953369>) requested data for lock!
[19:59:41] Player (NicFit, 76561198086129271)(<6930.353516, 58.084438, 3689.323975>) requested data for lock!
[19:59:46] Player (Prophecy, 76561198990415902)(<5255.075684, 306.017731, 5502.657715>) requested data for lock!
[19:59:51] Player (Prophecy, 76561198990415902)(<5255.075684, 306.017731, 5502.657715>) requested data for lock!
[20:00:05] Player (Prophecy, 76561198990415902)(<5255.075684, 306.017731, 5502.657715>) requested data for lock!
[20:00:19] Player (Prophecy, 76561198990415902)(<5255.075684, 306.017731, 5502.657715>) requested data for lock!
[20:00:27] Player (Prophecy, 76561198990415902)(<5255.075684, 306.017731, 5502.657715>) requested data for lock!
[20:00:32] Player (Prophecy, 76561198990415902)(<5255.075684, 306.017731, 5502.657715>) requested data for lock!
[20:01:00] Player (NicFit, 76561198086129271)(<6938.311523, 58.166321, 3691.953369>) requested data for lock!
[20:01:07] Player (NicFit, 76561198086129271)(<6938.311523, 58.166321, 3691.953369>) requested data for lock!
[20:01:48] Player (NicFit, 76561198086129271)(<6930.353516, 58.084438, 3689.323975>) requested data for lock!
[20:02:11] Player (NicFit, 76561198086129271)(<6938.311523, 58.166321, 3691.953369>) requested data for lock!
[20:03:30] Player (NicFit, 76561198086129271)(<6938.311523, 58.166321, 3691.953369>) requested data for lock!
[20:03:36] Player (NicFit, 76561198086129271)(<6938.311523, 58.166321, 3691.953369>) requested data for lock!
[20:04:05] Player (NicFit, 76561198086129271)(<6930.353516, 58.084438, 3689.323975>) requested data for lock!
[20:04:31] Player (NicFit, 76561198086129271)(<6943.061035, 58.101555, 3688.918213>) requested data for lock!
[20:06:04] Player (NicFit, 76561198086129271)(<6933.153320, 58.022518, 3674.160889>) requested data for lock!
[20:07:02] Player (NicFit, 76561198086129271)(<6930.353516, 58.084438, 3689.323975>) requested data for lock!
[20:07:40] Player (NicFit, 76561198086129271)(<6933.153320, 58.022518, 3674.160889>) requested data for lock!
[20:07:54] Player (NicFit, 76561198086129271)(<6930.353516, 58.084438, 3689.323975>) requested data for lock!
[20:08:04] Player (NicFit, 76561198086129271)(<6930.353516, 58.084438, 3689.323975>) requested data for lock!
[20:16:48] Player (NicFit, 76561198086129271)(<6930.353516, 58.084438, 3689.323975>) requested data for lock!
[20:17:18] Player (NicFit, 76561198086129271)(<6938.311523, 58.166321, 3691.953369>) requested data for lock!
[20:20:59] Player (NicFit, 76561198086129271)(<6930.353516, 58.084438, 3689.323975>) requested data for lock!
[20:46:26] Player (NicFit, 76561198086129271)(<6930.353516, 58.084438, 3689.323975>) requested data for lock!
[20:46:31] Player (NicFit, 76561198086129271)(<6930.353516, 58.084438, 3689.323975>) requested data for lock!
[20:47:08] Player (NicFit, 76561198086129271)(<6937.594238, 58.649269, 3680.769775>) requested data for lock!
[20:49:14] Player (NicFit, 76561198086129271)(<6930.353516, 58.084438, 3689.323975>) requested data for lock!
[20:51:43] Player (Rel, 76561198999593356)(<4140.387207, 293.075775, 7205.596680>) requested data for lock!
[20:55:27] Player (NicFit, 76561198086129271)(<6933.153320, 58.022518, 3674.160889>) requested data for lock!
[20:57:18] Player (NicFit, 76561198086129271)(<6933.153320, 58.022518, 3674.160889>) requested data for lock!
[20:58:07] Player (Rel, 76561198999593356)(<4130.463867, 292.924927, 7207.721680>) requested data for lock!
[20:58:29] Player (Rel, 76561198999593356)(<4121.223633, 293.142914, 7205.557129>) requested data for lock!
[20:58:34] Player (Rel, 76561198999593356)(<4118.565918, 293.142914, 7208.680664>) requested data for lock!
[20:58:39] Player (Rel, 76561198999593356)(<4118.565918, 293.142914, 7208.680664>) requested data for lock!
[20:58:44] Player (Rel, 76561198999593356)(<4121.223633, 293.142914, 7205.557129>) requested data for lock!
[21:00:04] Player (NicFit, 76561198086129271)(<6943.061035, 58.101555, 3688.918213>) requested data for lock!
[21:00:07] Player (Rel, 76561198999593356)(<4121.223633, 293.142914, 7205.557129>) requested data for lock!
[21:14:17] Player (MissionHades, 76561199101605101)(<1517.586426, 279.136688, 12029.351563>) requested data for lock!
[21:17:13] Player (MissionHades, 76561199101605101)(<1517.586426, 279.136688, 12029.351563>) requested data for lock!
[21:27:06] Player (Rel, 76561198999593356)(<4118.565918, 293.142914, 7208.680664>) requested data for lock!
[21:27:14] Player (Rel, 76561198999593356)(<4130.463867, 292.924927, 7207.721680>) requested data for lock!
[21:28:52] Player (Rel, 76561198999593356)(<4140.387207, 293.075775, 7205.596680>) requested data for lock!
[21:33:30] Player (JevBurns, 76561198068395829)(<4140.387207, 293.075775, 7205.596680>) requested data for lock!
[21:34:49] Player (JevBurns, 76561198068395829)(<4140.387207, 293.075775, 7205.596680>) requested data for lock!
[21:35:05] Player (Rel, 76561198999593356)(<4140.387207, 293.075775, 7205.596680>) requested data for lock!
[21:35:11] Player (Rel, 76561198999593356)(<4140.387207, 293.075775, 7205.596680>) requested data for lock!
[21:35:40] Player (Rel, 76561198999593356)(<4140.387207, 293.075775, 7205.596680>) requested data for lock!
[21:36:33] Player (Rel, 76561198999593356)(<4140.387207, 293.075775, 7205.596680>) requested data for lock!
[21:36:39] Player (Rel, 76561198999593356)(<4140.387207, 293.075775, 7205.596680>) requested data for lock!
[21:36:47] Player (Rel, 76561198999593356)(<4140.387207, 293.075775, 7205.596680>) requested data for lock!
[21:38:14] Player (Rel, 76561198999593356)(<4121.223633, 293.142914, 7205.557129>) requested data for lock!
[21:44:11] Player (Prophecy, 76561198990415902)(<5255.075684, 306.017731, 5502.657715>) requested data for lock!
[21:44:22] Player (Prophecy, 76561198990415902)(<5268.548340, 306.574585, 5517.510742>) requested data for lock!
[21:45:47] Player (Prophecy, 76561198990415902)(<5268.548340, 306.574585, 5517.510742>) requested data for lock!
[21:46:15] Player (Rel, 76561198999593356)(<4121.223633, 293.142914, 7205.557129>) requested data for lock!
[21:46:35] Player (Rel, 76561198999593356)(<4121.223633, 293.142914, 7205.557129>) requested data for lock!
[21:46:35] Player (Bernd, 76561197965508404)(<4859.521484, 319.519501, 5753.780762>) requested data for lock!
[21:47:45] Player (Prophecy, 76561198990415902)(<5268.548340, 306.574585, 5517.510742>) requested data for lock!
[21:53:13] Player (Rel, 76561198999593356)(<4121.223633, 293.142914, 7205.557129>) requested data for lock!
[21:58:12] Player (Rel, 76561198999593356)(<4121.223633, 293.142914, 7205.557129>) requested data for lock!
[21:58:21] Player (Rel, 76561198999593356)(<4121.223633, 293.142914, 7205.557129>) requested data for lock!
[03-07-2021][22.01.18] Log file reloaded ( Server Restart )
[22:04:21] Player (Prophecy, 76561198990415902)(<5268.548340, 306.574585, 5517.510742>) requested data for lock!
[22:05:20] Player (JevBurns, 76561198068395829)(<4121.223633, 293.142914, 7205.557129>) requested data for lock!
[22:05:46] Player (Prophecy, 76561198990415902)(<5268.548340, 306.574585, 5517.510742>) requested data for lock!
[22:06:48] Player (Prophecy, 76561198990415902)(<5268.548340, 306.574585, 5517.510742>) requested data for lock!
[22:06:54] Player (Prophecy, 76561198990415902)(<5277.693359, 306.573822, 5517.387695>) requested data for lock!
[22:07:00] Player (Prophecy, 76561198990415902)(<5268.548340, 306.574585, 5517.510742>) requested data for lock!
[22:07:44] Player (Prophecy, 76561198990415902)(<5255.075684, 306.017731, 5502.657715>) requested data for lock!
[22:07:52] Player (Rel, 76561198999593356)(<4121.223633, 293.142914, 7205.557129>) requested data for lock!
[22:08:03] Player (Prophecy, 76561198990415902)(<5255.075684, 306.017731, 5502.657715>) requested data for lock!
[22:08:16] Player (Prophecy, 76561198990415902)(<5255.075684, 306.017731, 5502.657715>) requested data for lock!
[22:08:21] Player (Prophecy, 76561198990415902)(<5255.075684, 306.017731, 5502.657715>) requested data for lock!
[22:08:26] Player (Prophecy, 76561198990415902)(<5255.075684, 306.017731, 5502.657715>) requested data for lock!
[22:08:57] Player (Prophecy, 76561198990415902)(<5268.548340, 306.574585, 5517.510742>) requested data for lock!
[22:09:04] Player (Prophecy, 76561198990415902)(<5272.670410, 308.993317, 5505.040527>) requested data for lock!
[22:11:04] Player (Rel, 76561198999593356)(<4121.223633, 293.142914, 7205.557129>) requested data for lock!
[22:13:25] Player (Rel, 76561198999593356)(<4121.223633, 293.142914, 7205.557129>) requested data for lock!
[22:14:14] Player (Prophecy, 76561198990415902)(<5268.548340, 306.574585, 5517.510742>) requested data for lock!
[22:14:21] Player (Rel, 76561198999593356)(<4121.223633, 293.142914, 7205.557129>) requested data for lock!
[22:14:48] Player (Rel, 76561198999593356)(<4121.223633, 293.142914, 7205.557129>) requested data for lock!
[22:16:13] Player (Rel, 76561198999593356)(<4140.387207, 293.075775, 7205.596680>) requested data for lock!
[22:16:18] Player (Rel, 76561198999593356)(<4140.387207, 293.075775, 7205.596680>) requested data for lock!
[22:16:23] Player (Rel, 76561198999593356)(<4140.387207, 293.075775, 7205.596680>) requested data for lock!
[22:16:28] Player (Rel, 76561198999593356)(<4140.387207, 293.075775, 7205.596680>) requested data for lock!
[22:16:40] Player (Prophecy, 76561198990415902)(<5268.548340, 306.574585, 5517.510742>) requested data for lock!
[22:16:59] Player (Rel, 76561198999593356)(<4130.463867, 292.924927, 7207.721680>) requested data for lock!
[22:17:05] Player (Rel, 76561198999593356)(<4130.463867, 292.924927, 7207.721680>) requested data for lock!
[22:17:10] Player (Rel, 76561198999593356)(<4130.463867, 292.924927, 7207.721680>) requested data for lock!
[22:17:15] Player (Rel, 76561198999593356)(<4128.323730, 293.358612, 7207.498535>) requested data for lock!
[22:17:23] Player (Rel, 76561198999593356)(<4121.223633, 293.142914, 7205.557129>) requested data for lock!
[22:17:28] Player (Rel, 76561198999593356)(<4121.223633, 293.142914, 7205.557129>) requested data for lock!
[22:17:33] Player (Rel, 76561198999593356)(<4121.223633, 293.142914, 7205.557129>) requested data for lock!
[22:17:38] Player (Rel, 76561198999593356)(<4121.223633, 293.142914, 7205.557129>) requested data for lock!
[22:18:00] Player (Rel, 76561198999593356)(<4118.565918, 293.142914, 7208.680664>) requested data for lock!
[22:18:05] Player (Rel, 76561198999593356)(<4118.565918, 293.142914, 7208.680664>) requested data for lock!
[22:18:43] Player (Prophecy, 76561198990415902)(<5255.075684, 306.017731, 5502.657715>) requested data for lock!
[22:21:06] Player (Prophecy, 76561198990415902)(<5255.075684, 306.017731, 5502.657715>) requested data for lock!
[22:22:45] Player (Prophecy, 76561198990415902)(<5268.548340, 306.574585, 5517.510742>) requested data for lock!
[22:23:13] Player (Prophecy, 76561198990415902)(<5272.670410, 308.993317, 5505.040527>) requested data for lock!
[22:24:18] Player (Prophecy, 76561198990415902)(<5268.548340, 306.574585, 5517.510742>) requested data for lock!
[22:24:27] Player (Prophecy, 76561198990415902)(<5268.548340, 306.574585, 5517.510742>) requested data for lock!
[22:25:13] Player (Prophecy, 76561198990415902)(<5268.548340, 306.574585, 5517.510742>) requested data for lock!
[22:25:39] Player (Prophecy, 76561198990415902)(<5255.075684, 306.017731, 5502.657715>) requested data for lock!
[22:25:56] Player (Prophecy, 76561198990415902)(<5255.075684, 306.017731, 5502.657715>) requested data for lock!
[22:34:35] Player (JevBurns, 76561198068395829)(<2996.219971, 369.913025, 6742.409180>) requested data for lock!
[22:34:40] Player (JevBurns, 76561198068395829)(<2996.219971, 369.913025, 6742.409180>) requested data for lock!
[23:23:49] Player (Prophecy, 76561198990415902)(<11798.565430, 27.607758, 14237.015625>) requested data for lock!
[23:48:48] Player (tretli, 76561198393217796)(<12096.742188, 3.140198, 3374.597656>) requested data for lock!
[23:49:28] Player (tretli, 76561198393217796)(<12096.742188, 3.140198, 3374.597656>) requested data for lock!
[23:50:49] Player (tretli, 76561198393217796)(<12087.472656, 3.140198, 3384.060547>) requested data for lock!
[23:55:35] Player (Helmut Lootie, 76561198065413312)(<3711.371826, 305.015656, 8279.054688>) requested data for lock!
[23:59:27] Player (Helmut Lootie, 76561198065413312)(<3719.772705, 305.302094, 8236.056641>) requested data for lock!
[00:01:53] Player (Helmut Lootie, 76561198065413312)(<3719.772705, 305.302094, 8236.056641>) requested data for lock!
[00:02:12] Player (Helmut Lootie, 76561198065413312)(<3697.718750, 305.022583, 8241.563477>) requested data for lock!
[00:03:39] Player (Helmut Lootie, 76561198065413312)(<3711.371826, 305.015656, 8279.054688>) requested data for lock!
[00:12:05] Player (Helmut Lootie, 76561198065413312)(<3648.097900, 301.395508, 8605.158203>) requested data for lock!
[00:12:31] Player (Helmut Lootie, 76561198065413312)(<3657.411377, 299.556580, 8598.930664>) requested data for lock!
[00:32:40] Player (Korwiin, 76561198013080573)(<3719.772705, 305.302094, 8236.056641>) requested data for lock!
[00:32:47] Player (Korwiin, 76561198013080573)(<3719.772705, 305.302094, 8236.056641>) requested data for lock!
[00:32:59] Player (Korwiin, 76561198013080573)(<3711.371826, 305.015656, 8279.054688>) requested data for lock!
[00:37:57] Player (Helmut Lootie, 76561198065413312)(<3719.772705, 305.302094, 8236.056641>) requested data for lock!
[00:58:34] Player (Helmut Lootie, 76561198065413312)(<3691.996826, 304.166504, 8254.534180>) requested data for lock!
[00:59:07] Player (Helmut Lootie, 76561198065413312)(<3691.996826, 304.166504, 8254.534180>) requested data for lock!
[01:05:46] Player (Helmut Lootie, 76561198065413312)(<3691.996826, 304.166504, 8254.534180>) requested data for lock!
[01:15:36] Player (Helmut Lootie, 76561198065413312)(<3711.371826, 305.015656, 8279.054688>) requested data for lock!
[01:16:37] Player (Helmut Lootie, 76561198065413312)(<3711.371826, 305.015656, 8279.054688>) requested data for lock!
[01:17:02] Player (Helmut Lootie, 76561198065413312)(<3711.371826, 305.015656, 8279.054688>) requested data for lock!
[01:26:24] Player (Korwiin, 76561198013080573)(<3697.718750, 305.022583, 8241.563477>) requested data for lock!
[01:30:51] Player (Helmut Lootie, 76561198065413312)(<3697.718750, 305.022583, 8241.563477>) requested data for lock!
[01:33:48] Player (Helmut Lootie, 76561198065413312)(<3719.772705, 305.302094, 8236.056641>) requested data for lock!
[01:38:13] Player (Helmut Lootie, 76561198065413312)(<3697.718750, 305.022583, 8241.563477>) requested data for lock!
