[03-04-2021][00.28.00] New Synch Log File Created!
[03-04-2021][01.12.03] Log file reloaded ( Server Restart )
[03-04-2021][01.19.50] Log file reloaded ( Server Restart )
[03-04-2021][01.22.47] Log file reloaded ( Server Restart )
[03-04-2021][01.28.45] Log file reloaded ( Server Restart )
[03-04-2021][01.32.26] Log file reloaded ( Server Restart )
[01:40:28] Player (Magnetschaedel, 76561198006594084)(<5066.593750, 290.788361, 6230.539063>) requested data for lock!
[01:40:33] Player (Magnetschaedel, 76561198006594084)(<5066.593750, 290.788361, 6230.539063>) requested data for lock!
[01:40:46] Player (Magnetschaedel, 76561198006594084)(<5042.893066, 290.121704, 6246.572266>) requested data for lock!
[01:49:16] Player (Magnetschaedel, 76561198006594084)(<5042.893066, 290.121704, 6246.572266>) requested data for lock!
[01:54:32] Player (Magnetschaedel, 76561198006594084)(<5059.447266, 288.864899, 6235.863281>) requested data for lock!
[01:54:46] Player (Magnetschaedel, 76561198006594084)(<5066.593750, 290.788361, 6230.539063>) requested data for lock!
[01:54:54] Player (Magnetschaedel, 76561198006594084)(<5066.593750, 290.788361, 6230.539063>) requested data for lock!
[03-04-2021][02.01.28] Log file reloaded ( Server Restart )
[03-04-2021][06.01.48] Log file reloaded ( Server Restart )
[09:32:31] Player (MikaBrandon, 76561198215565199)(<3487.288086, 294.240875, 8576.301758>) requested data for lock!
[09:32:39] Player (MikaBrandon, 76561198215565199)(<3487.288086, 294.240875, 8576.301758>) requested data for lock!
[09:32:44] Player (MikaBrandon, 76561198215565199)(<3491.171631, 297.181915, 8571.373047>) requested data for lock!
[09:32:53] Player (MikaBrandon, 76561198215565199)(<3491.171631, 297.181915, 8571.373047>) requested data for lock!
[09:33:15] Player (MikaBrandon, 76561198215565199)(<3487.288086, 294.240875, 8576.301758>) requested data for lock!
[09:33:20] Player (MikaBrandon, 76561198215565199)(<3491.171631, 297.181915, 8571.373047>) requested data for lock!
[09:33:25] Player (MikaBrandon, 76561198215565199)(<3491.171631, 297.181915, 8571.373047>) requested data for lock!
[09:33:37] Player (MikaBrandon, 76561198215565199)(<3491.171631, 297.181915, 8571.373047>) requested data for lock!
[09:33:59] Player (MikaBrandon, 76561198215565199)(<3491.171631, 297.181915, 8571.373047>) requested data for lock!
[09:34:04] Player (MikaBrandon, 76561198215565199)(<3491.171631, 297.181915, 8571.373047>) requested data for lock!
[09:34:10] Player (MikaBrandon, 76561198215565199)(<3487.288086, 294.240875, 8576.301758>) requested data for lock!
[09:36:02] Player (MikaBrandon, 76561198215565199)(<3489.337402, 294.240662, 8587.921875>) requested data for lock!
[09:36:18] Player (MikaBrandon, 76561198215565199)(<3483.610840, 295.613312, 8592.157227>) requested data for lock!
[09:36:24] Player (MikaBrandon, 76561198215565199)(<3483.610840, 295.613312, 8592.157227>) requested data for lock!
[09:38:13] Player (MikaBrandon, 76561198215565199)(<3489.337402, 294.240662, 8587.921875>) requested data for lock!
[09:38:18] Player (MikaBrandon, 76561198215565199)(<3489.337402, 294.240662, 8587.921875>) requested data for lock!
[09:40:25] Player (MikaBrandon, 76561198215565199)(<3487.288086, 294.240875, 8576.301758>) requested data for lock!
[03-04-2021][10.00.50] Log file reloaded ( Server Restart )
[11:12:43] Player (tretli, 76561198393217796)(<12096.742188, 3.140198, 3374.597656>) requested data for lock!
[11:15:46] Player (tretli, 76561198393217796)(<11632.924805, 1.999423, 3165.808105>) requested data for lock!
[11:17:34] Player (Magnetschaedel, 76561198006594084)(<5066.593750, 290.788361, 6230.539063>) requested data for lock!
[11:17:42] Player (Magnetschaedel, 76561198006594084)(<5059.447266, 288.864899, 6235.863281>) requested data for lock!
[11:20:39] Player (Magnetschaedel, 76561198006594084)(<5067.030762, 288.880005, 6242.859863>) requested data for lock!
[11:20:52] Player (Magnetschaedel, 76561198006594084)(<5066.520996, 288.879456, 6247.917480>) requested data for lock!
[11:22:29] Player (Magnetschaedel, 76561198006594084)(<5042.893066, 290.121704, 6246.572266>) requested data for lock!
[11:32:04] Player (MikaBrandon, 76561198215565199)(<3487.288086, 294.240875, 8576.301758>) requested data for lock!
[11:32:30] Player (MikaBrandon, 76561198215565199)(<3489.337402, 294.240662, 8587.921875>) requested data for lock!
[11:32:37] Player (MikaBrandon, 76561198215565199)(<3489.337402, 294.240662, 8587.921875>) requested data for lock!
[11:32:48] Player (Magnetschaedel, 76561198006594084)(<5066.593750, 290.788361, 6230.539063>) requested data for lock!
[11:39:55] Player (tretli, 76561198393217796)(<11632.924805, 1.999423, 3165.808105>) requested data for lock!
[11:41:20] Player (Dementy, 76561199021868348)(<12096.742188, 3.140198, 3374.597656>) requested data for lock!
[11:42:45] Player (tretli, 76561198393217796)(<12093.195313, 3.140198, 3385.864990>) requested data for lock!
[11:42:50] Player (tretli, 76561198393217796)(<12093.195313, 3.140198, 3385.864990>) requested data for lock!
[11:43:04] Player (tretli, 76561198393217796)(<12093.195313, 3.140198, 3385.864990>) requested data for lock!
[11:43:10] Player (tretli, 76561198393217796)(<12087.472656, 3.140198, 3384.060547>) requested data for lock!
[11:43:18] Player (tretli, 76561198393217796)(<12087.472656, 3.140198, 3384.060547>) requested data for lock!
[11:43:24] Player (tretli, 76561198393217796)(<12081.750000, 3.140198, 3382.256104>) requested data for lock!
[11:53:51] Player (Dementy, 76561199021868348)(<12092.738281, 3.139790, 3357.690430>) requested data for lock!
[11:54:17] Player (Dementy, 76561199021868348)(<12092.738281, 3.139790, 3357.690430>) requested data for lock!
[11:54:24] Player (Dementy, 76561199021868348)(<12093.195313, 3.140198, 3385.864990>) requested data for lock!
[11:54:32] Player (Dementy, 76561199021868348)(<12093.195313, 3.140198, 3385.864990>) requested data for lock!
[11:54:37] Player (Dementy, 76561199021868348)(<12087.472656, 3.140198, 3384.060547>) requested data for lock!
[11:54:42] Player (Dementy, 76561199021868348)(<12087.472656, 3.140198, 3384.060547>) requested data for lock!
[11:54:47] Player (Dementy, 76561199021868348)(<12081.750000, 3.140198, 3382.256104>) requested data for lock!
[11:54:58] Player (tretli, 76561198393217796)(<12093.195313, 3.140198, 3385.864990>) requested data for lock!
[11:55:18] Player (tretli, 76561198393217796)(<12087.472656, 3.140198, 3384.060547>) requested data for lock!
[11:55:23] Player (tretli, 76561198393217796)(<12087.472656, 3.140198, 3384.060547>) requested data for lock!
[11:55:23] Player (Dementy, 76561199021868348)(<12087.472656, 3.140198, 3384.060547>) requested data for lock!
[11:55:31] Player (tretli, 76561198393217796)(<12087.472656, 3.140198, 3384.060547>) requested data for lock!
[11:55:32] Player (Dementy, 76561199021868348)(<12087.472656, 3.140198, 3384.060547>) requested data for lock!
[11:57:34] Player (Dementy, 76561199021868348)(<12096.742188, 3.140198, 3374.597656>) requested data for lock!
[11:58:20] Player (Dementy, 76561199021868348)(<12087.472656, 3.140198, 3384.060547>) requested data for lock!
[12:09:56] Player (Dementy, 76561199021868348)(<12087.472656, 3.140198, 3384.060547>) requested data for lock!
[12:10:15] Player (Dementy, 76561199021868348)(<12096.742188, 3.140198, 3374.597656>) requested data for lock!
[12:11:36] Player (tretli, 76561198393217796)(<12087.472656, 3.140198, 3384.060547>) requested data for lock!
[12:16:17] Player (Dementy, 76561199021868348)(<12093.195313, 3.140198, 3385.864990>) requested data for lock!
[12:16:31] Player (Dementy, 76561199021868348)(<12096.742188, 3.140198, 3374.597656>) requested data for lock!
[12:17:04] Player (Dementy, 76561199021868348)(<12087.472656, 3.140198, 3384.060547>) requested data for lock!
[12:18:50] Player (tretli, 76561198393217796)(<11632.924805, 1.999423, 3165.808105>) requested data for lock!
[12:26:22] Player (Dementy, 76561199021868348)(<11632.924805, 1.999423, 3165.808105>) requested data for lock!
[03-04-2021][14.01.22] Log file reloaded ( Server Restart )
[15:32:56] Player (tretli, 76561198393217796)(<12087.472656, 3.140198, 3384.060547>) requested data for lock!
[15:33:01] Player (tretli, 76561198393217796)(<12081.750000, 3.140198, 3382.256104>) requested data for lock!
[15:33:26] Player (tretli, 76561198393217796)(<12087.472656, 3.140198, 3384.060547>) requested data for lock!
[15:39:06] Player (tretli, 76561198393217796)(<12096.742188, 3.140198, 3374.597656>) requested data for lock!
[15:39:51] Player (JevBurns, 76561198068395829)(<12096.742188, 3.140198, 3374.597656>) requested data for lock!
[15:40:24] Player (Bernd, 76561197965508404)(<12093.195313, 3.140198, 3385.864990>) requested data for lock!
[15:48:47] Player (JevBurns, 76561198068395829)(<12081.750000, 3.140198, 3382.256104>) requested data for lock!
[15:49:09] Player (JevBurns, 76561198068395829)(<12081.750000, 3.140198, 3382.256104>) requested data for lock!
[15:50:18] Player (Dementy, 76561199021868348)(<12096.742188, 3.140198, 3374.597656>) requested data for lock!
[15:51:49] Player (tretli, 76561198393217796)(<12096.742188, 3.140198, 3374.597656>) requested data for lock!
[15:52:03] Player (tretli, 76561198393217796)(<12087.472656, 3.140198, 3384.060547>) requested data for lock!
[15:52:23] Player (tretli, 76561198393217796)(<12096.742188, 3.140198, 3374.597656>) requested data for lock!
[16:19:09] Player (Magnetschaedel, 76561198006594084)(<5066.593750, 290.788361, 6230.539063>) requested data for lock!
[16:19:21] Player (Magnetschaedel, 76561198006594084)(<5042.893066, 290.121704, 6246.572266>) requested data for lock!
[16:20:13] Player (Magnetschaedel, 76561198006594084)(<5042.893066, 290.121704, 6246.572266>) requested data for lock!
[16:21:13] Player (Magnetschaedel, 76561198006594084)(<5042.893066, 290.121704, 6246.572266>) requested data for lock!
[16:55:58] Player (Le chinois(Fr), 76561198041337034)(<7605.561523, 139.723770, 12859.481445>) requested data for lock!
[16:56:03] Player (Le chinois(Fr), 76561198041337034)(<7605.561523, 139.723770, 12859.481445>) requested data for lock!
[16:56:08] Player (Le chinois(Fr), 76561198041337034)(<7605.561523, 139.723770, 12859.481445>) requested data for lock!
[16:56:13] Player (Le chinois(Fr), 76561198041337034)(<7605.561523, 139.723770, 12859.481445>) requested data for lock!
[17:00:24] Player (Magnetschaedel, 76561198006594084)(<5042.893066, 290.121704, 6246.572266>) requested data for lock!
[17:05:23] Player (Le chinois(Fr), 76561198041337034)(<7605.561523, 139.723770, 12859.481445>) requested data for lock!
[17:05:28] Player (Le chinois(Fr), 76561198041337034)(<7605.561523, 139.723770, 12859.481445>) requested data for lock!
[17:05:31] Player (Magnetschaedel, 76561198006594084)(<5065.988770, 288.874664, 6253.040527>) requested data for lock!
[17:05:37] Player (Le chinois(Fr), 76561198041337034)(<7605.561523, 139.723770, 12859.481445>) requested data for lock!
[17:05:42] Player (Le chinois(Fr), 76561198041337034)(<7605.561523, 139.723770, 12859.481445>) requested data for lock!
[17:06:15] Player (Magnetschaedel, 76561198006594084)(<5059.447266, 288.864899, 6235.863281>) requested data for lock!
[17:06:32] Player (Le chinois(Fr), 76561198041337034)(<7605.561523, 139.723770, 12859.481445>) requested data for lock!
[17:06:33] Player (Magnetschaedel, 76561198006594084)(<5059.447266, 288.864899, 6235.863281>) requested data for lock!
[17:06:38] Player (Magnetschaedel, 76561198006594084)(<5067.030762, 288.880005, 6242.859863>) requested data for lock!
[17:06:50] Player (Magnetschaedel, 76561198006594084)(<5066.520996, 288.879456, 6247.917480>) requested data for lock!
[17:06:59] Player (Magnetschaedel, 76561198006594084)(<5065.988770, 288.874664, 6253.040527>) requested data for lock!
[17:16:31] Player (Emmes, 76561197968337138)(<5042.893066, 290.121704, 6246.572266>) requested data for lock!
[17:16:36] Player (Emmes, 76561197968337138)(<5042.893066, 290.121704, 6246.572266>) requested data for lock!
[17:18:00] Player (Emmes, 76561197968337138)(<5042.893066, 290.121704, 6246.572266>) requested data for lock!
[17:19:53] Player (Emmes, 76561197968337138)(<5042.893066, 290.121704, 6246.572266>) requested data for lock!
[17:19:59] Player (Emmes, 76561197968337138)(<5042.893066, 290.121704, 6246.572266>) requested data for lock!
[17:20:49] Player (Emmes, 76561197968337138)(<5042.893066, 290.121704, 6246.572266>) requested data for lock!
[17:21:20] Player (Emmes, 76561197968337138)(<5042.893066, 290.121704, 6246.572266>) requested data for lock!
[17:21:55] Player (Magnetschaedel, 76561198006594084)(<5066.520996, 288.879456, 6247.917480>) requested data for lock!
[17:30:27] Player (Hyale, 76561197994452607)(<8417.791016, 164.582657, 12213.222656>) requested data for lock!
[17:31:57] Player (Hyale, 76561197994452607)(<8419.393555, 162.647049, 12220.171875>) requested data for lock!
[17:32:03] Player (Hyale, 76561197994452607)(<8419.393555, 162.647049, 12220.171875>) requested data for lock!
[17:50:28] Player (Hyale, 76561197994452607)(<8417.791016, 164.582657, 12213.222656>) requested data for lock!
[03-04-2021][18.01.27] Log file reloaded ( Server Restart )
[18:13:50] Player (Prophecy, 76561198990415902)(<11816.325195, 27.597136, 14238.544922>) requested data for lock!
[18:14:52] Player (Prophecy, 76561198990415902)(<11798.565430, 27.607758, 14237.015625>) requested data for lock!
[18:42:17] Player (Prophecy, 76561198990415902)(<11798.565430, 27.607758, 14237.015625>) requested data for lock!
[18:43:32] Player (Prophecy, 76561198990415902)(<11798.565430, 27.607758, 14237.015625>) requested data for lock!
[18:43:46] Player (Prophecy, 76561198990415902)(<11798.565430, 27.607758, 14237.015625>) requested data for lock!
[18:43:51] Player (Prophecy, 76561198990415902)(<11798.565430, 27.607758, 14237.015625>) requested data for lock!
[18:43:56] Player (Prophecy, 76561198990415902)(<11798.565430, 27.607758, 14237.015625>) requested data for lock!
[18:44:01] Player (Prophecy, 76561198990415902)(<11798.565430, 27.607758, 14237.015625>) requested data for lock!
[18:44:08] Player (Prophecy, 76561198990415902)(<11798.565430, 27.607758, 14237.015625>) requested data for lock!
[18:44:13] Player (Prophecy, 76561198990415902)(<11798.565430, 27.607758, 14237.015625>) requested data for lock!
[18:44:18] Player (Prophecy, 76561198990415902)(<11798.565430, 27.607758, 14237.015625>) requested data for lock!
[18:44:23] Player (Prophecy, 76561198990415902)(<11798.565430, 27.607758, 14237.015625>) requested data for lock!
[18:44:28] Player (Prophecy, 76561198990415902)(<11798.565430, 27.607758, 14237.015625>) requested data for lock!
[18:45:25] Player (Prophecy, 76561198990415902)(<11816.325195, 27.597136, 14238.544922>) requested data for lock!
[18:45:30] Player (Prophecy, 76561198990415902)(<11816.325195, 27.597136, 14238.544922>) requested data for lock!
[18:45:35] Player (Prophecy, 76561198990415902)(<11816.325195, 27.597136, 14238.544922>) requested data for lock!
[18:54:40] Player (Prophecy, 76561198990415902)(<11798.565430, 27.607758, 14237.015625>) requested data for lock!
[18:54:58] Player (Prophecy, 76561198990415902)(<11816.325195, 27.597136, 14238.544922>) requested data for lock!
[18:55:04] Player (Prophecy, 76561198990415902)(<11798.565430, 27.607758, 14237.015625>) requested data for lock!
[18:56:41] Player (Prophecy, 76561198990415902)(<11798.565430, 27.607758, 14237.015625>) requested data for lock!
[18:56:47] Player (Prophecy, 76561198990415902)(<11798.565430, 27.607758, 14237.015625>) requested data for lock!
[18:58:32] Player (Prophecy, 76561198990415902)(<11798.565430, 27.607758, 14237.015625>) requested data for lock!
[18:59:45] Player (Andy, 76561198085795595)(<11798.565430, 27.607758, 14237.015625>) requested data for lock!
[19:01:43] Player (Andy, 76561198085795595)(<11798.565430, 27.607758, 14237.015625>) requested data for lock!
[19:01:48] Player (Andy, 76561198085795595)(<11798.565430, 27.607758, 14237.015625>) requested data for lock!
[19:04:02] Player (Andy, 76561198085795595)(<11798.565430, 27.607758, 14237.015625>) requested data for lock!
[19:04:07] Player (Andy, 76561198085795595)(<11798.565430, 27.607758, 14237.015625>) requested data for lock!
[19:04:12] Player (Andy, 76561198085795595)(<11798.565430, 27.607758, 14237.015625>) requested data for lock!
[19:04:17] Player (Andy, 76561198085795595)(<11798.565430, 27.607758, 14237.015625>) requested data for lock!
[19:12:52] Player (Prophecy, 76561198990415902)(<11798.565430, 27.607758, 14237.015625>) requested data for lock!
[19:13:37] Player (Prophecy, 76561198990415902)(<11798.565430, 27.607758, 14237.015625>) requested data for lock!
[19:15:59] Player (Prophecy, 76561198990415902)(<11798.565430, 27.607758, 14237.015625>) requested data for lock!
[19:16:30] Player (Prophecy, 76561198990415902)(<11798.565430, 27.607758, 14237.015625>) requested data for lock!
[19:23:30] Player (Prophecy, 76561198990415902)(<11798.565430, 27.607758, 14237.015625>) requested data for lock!
[19:23:35] Player (Prophecy, 76561198990415902)(<11798.565430, 27.607758, 14237.015625>) requested data for lock!
[19:24:12] Player (Hyale, 76561197994452607)(<8419.393555, 162.647049, 12220.171875>) requested data for lock!
[19:24:14] Player (Prophecy, 76561198990415902)(<11798.565430, 27.607758, 14237.015625>) requested data for lock!
[19:24:44] Player (Hyale, 76561197994452607)(<8417.791016, 164.582657, 12213.222656>) requested data for lock!
[19:24:49] Player (Hyale, 76561197994452607)(<8417.791016, 164.582657, 12213.222656>) requested data for lock!
[19:24:54] Player (Hyale, 76561197994452607)(<8417.791016, 164.582657, 12213.222656>) requested data for lock!
[19:24:59] Player (Hyale, 76561197994452607)(<8417.791016, 164.582657, 12213.222656>) requested data for lock!
[19:25:04] Player (Hyale, 76561197994452607)(<8417.791016, 164.582657, 12213.222656>) requested data for lock!
[19:25:09] Player (Hyale, 76561197994452607)(<8417.791016, 164.582657, 12213.222656>) requested data for lock!
[19:31:01] Player (Hyale, 76561197994452607)(<8417.791016, 164.582657, 12213.222656>) requested data for lock!
[19:32:33] Player (Andy, 76561198085795595)(<8417.791016, 164.582657, 12213.222656>) requested data for lock!
[19:32:38] Player (Andy, 76561198085795595)(<8417.791016, 164.582657, 12213.222656>) requested data for lock!
[19:40:53] Player (Hyale, 76561197994452607)(<8417.791016, 164.582657, 12213.222656>) requested data for lock!
[19:40:58] Player (Hyale, 76561197994452607)(<8417.791016, 164.582657, 12213.222656>) requested data for lock!
[20:04:31] Player (Bernd, 76561197965508404)(<4867.374023, 317.557129, 5743.981934>) requested data for lock!
[20:05:08] Player (Bernd, 76561197965508404)(<4867.374023, 317.557129, 5743.981934>) requested data for lock!
[20:05:22] Player (Hyale, 76561197994452607)(<8417.791016, 164.582657, 12213.222656>) requested data for lock!
[20:06:25] Player (Bernd, 76561197965508404)(<4867.374023, 317.557129, 5743.981934>) requested data for lock!
[20:22:23] Player (Hyale, 76561197994452607)(<8417.791016, 164.582657, 12213.222656>) requested data for lock!
[20:22:37] Player (Hyale, 76561197994452607)(<8417.791016, 164.582657, 12213.222656>) requested data for lock!
[21:46:58] Player (tretli, 76561198393217796)(<12096.742188, 3.140198, 3374.597656>) requested data for lock!
[21:47:24] Player (tretli, 76561198393217796)(<12081.750000, 3.140198, 3382.256104>) requested data for lock!
[21:48:18] Player (tretli, 76561198393217796)(<12081.750000, 3.140198, 3382.256104>) requested data for lock!
[21:49:46] Player (tretli, 76561198393217796)(<11632.924805, 1.999423, 3165.808105>) requested data for lock!
[21:50:14] Player (tretli, 76561198393217796)(<11632.924805, 1.999423, 3165.808105>) requested data for lock!
[03-04-2021][22.00.58] Log file reloaded ( Server Restart )
[22:47:13] Player (Diizi91700, 76561199032921952)(<12848.020508, 171.420593, 4435.239258>) requested data for lock!
[22:50:20] Player (Prophecy, 76561198990415902)(<11798.565430, 27.607758, 14237.015625>) requested data for lock!
[22:58:36] Player (tretli, 76561198393217796)(<11632.924805, 1.999423, 3165.808105>) requested data for lock!
[23:00:41] Player (tretli, 76561198393217796)(<12081.750000, 3.140198, 3382.256104>) requested data for lock!
[23:01:06] Player (tretli, 76561198393217796)(<12081.750000, 3.140198, 3382.256104>) requested data for lock!
[23:01:15] Player (Prophecy, 76561198990415902)(<11798.565430, 27.607758, 14237.015625>) requested data for lock!
[23:01:16] Player (tretli, 76561198393217796)(<12096.742188, 3.140198, 3374.597656>) requested data for lock!
[23:07:17] Player (Diizi91700, 76561199032921952)(<12848.390625, 172.791321, 4424.066406>) requested data for lock!
[23:07:22] Player (Diizi91700, 76561199032921952)(<12848.390625, 172.791321, 4424.066406>) requested data for lock!
[23:07:27] Player (Diizi91700, 76561199032921952)(<12848.390625, 172.791321, 4424.066406>) requested data for lock!
[23:08:06] Player (Diizi91700, 76561199032921952)(<12848.390625, 172.791321, 4424.066406>) requested data for lock!
[23:12:09] Player (Prophecy, 76561198990415902)(<11798.565430, 27.607758, 14237.015625>) requested data for lock!
[23:14:59] Player (Diizi91700, 76561199032921952)(<12848.390625, 172.791321, 4424.066406>) requested data for lock!
[23:15:09] Player (Diizi91700, 76561199032921952)(<12848.390625, 172.791321, 4424.066406>) requested data for lock!
[23:16:32] Player (tretli, 76561198393217796)(<12081.750000, 3.140198, 3382.256104>) requested data for lock!
[23:17:14] Player (Diizi91700, 76561199032921952)(<12848.390625, 172.791321, 4424.066406>) requested data for lock!
[23:17:26] Player (Diizi91700, 76561199032921952)(<12848.390625, 172.791321, 4424.066406>) requested data for lock!
[23:18:18] Player (Diizi91700, 76561199032921952)(<12848.020508, 171.420593, 4435.239258>) requested data for lock!
[23:18:23] Player (tretli, 76561198393217796)(<11632.924805, 1.999423, 3165.808105>) requested data for lock!
[23:23:42] Player (tretli, 76561198393217796)(<11632.924805, 1.999423, 3165.808105>) requested data for lock!
[23:25:48] Player (tretli, 76561198393217796)(<12081.750000, 3.140198, 3382.256104>) requested data for lock!
[23:31:27] Player (tretli, 76561198393217796)(<12081.750000, 3.140198, 3382.256104>) requested data for lock!
[23:31:52] Player (tretli, 76561198393217796)(<12081.750000, 3.140198, 3382.256104>) requested data for lock!
[23:32:14] Player (Prophecy, 76561198990415902)(<11798.565430, 27.607758, 14237.015625>) requested data for lock!
[23:33:15] Player (tretli, 76561198393217796)(<11632.924805, 1.999423, 3165.808105>) requested data for lock!
[23:35:08] Player (tretli, 76561198393217796)(<12081.750000, 3.140198, 3382.256104>) requested data for lock!
[23:36:41] Player (tretli, 76561198393217796)(<12096.742188, 3.140198, 3374.597656>) requested data for lock!
[23:37:24] Player (tretli, 76561198393217796)(<12096.742188, 3.140198, 3374.597656>) requested data for lock!
[23:38:37] Player (tretli, 76561198393217796)(<12087.472656, 3.140198, 3384.060547>) requested data for lock!
[23:38:51] Player (tretli, 76561198393217796)(<12096.742188, 3.140198, 3374.597656>) requested data for lock!
[23:39:44] Player (tretli, 76561198393217796)(<12087.472656, 3.140198, 3384.060547>) requested data for lock!
[23:40:13] Player (tretli, 76561198393217796)(<12081.750000, 3.140198, 3382.256104>) requested data for lock!
[23:40:32] Player (tretli, 76561198393217796)(<12087.472656, 3.140198, 3384.060547>) requested data for lock!
[23:55:01] Player (Prophecy, 76561198990415902)(<11816.325195, 27.597136, 14238.544922>) requested data for lock!
[23:56:25] Player (Prophecy, 76561198990415902)(<11798.565430, 27.607758, 14237.015625>) requested data for lock!
[23:58:06] Player (Prophecy, 76561198990415902)(<11798.565430, 27.607758, 14237.015625>) requested data for lock!
[23:58:31] Player (Prophecy, 76561198990415902)(<11798.565430, 27.607758, 14237.015625>) requested data for lock!
[23:59:30] Player (Prophecy, 76561198990415902)(<11798.565430, 27.607758, 14237.015625>) requested data for lock!
[23:59:35] Player (Prophecy, 76561198990415902)(<11798.565430, 27.607758, 14237.015625>) requested data for lock!
[00:02:28] Player (Prophecy, 76561198990415902)(<11816.325195, 27.597136, 14238.544922>) requested data for lock!
[00:02:33] Player (Prophecy, 76561198990415902)(<11798.565430, 27.607758, 14237.015625>) requested data for lock!
[00:33:19] Player (tretli, 76561198393217796)(<12081.750000, 3.140198, 3382.256104>) requested data for lock!
[00:34:00] Player (tretli, 76561198393217796)(<12081.750000, 3.140198, 3382.256104>) requested data for lock!
[00:34:07] Player (tretli, 76561198393217796)(<12096.742188, 3.140198, 3374.597656>) requested data for lock!
