[03-13-2021][02.00.59] New Synch Log File Created!
[02:02:09] Player (JevBurns, 76561198068395829)(<4055.655273, 298.210052, 7282.211914>) requested data for lock!
[02:05:52] Player (Korwiin, 76561198013080573)(<3697.718750, 305.022583, 8241.563477>) requested data for lock!
[02:06:20] Player (JevBurns, 76561198068395829)(<4058.673340, 295.269470, 7274.879395>) requested data for lock!
[02:07:06] Player (JevBurns, 76561198068395829)(<4058.673340, 295.269470, 7274.879395>) requested data for lock!
[02:07:13] Player (JevBurns, 76561198068395829)(<4055.655273, 298.210052, 7282.211914>) requested data for lock!
[02:07:16] Player (Prophecy, 76561198990415902)(<4058.673340, 295.269470, 7274.879395>) requested data for lock!
[02:07:18] Player (JevBurns, 76561198068395829)(<4055.655273, 298.210052, 7282.211914>) requested data for lock!
[02:07:21] Player (Prophecy, 76561198990415902)(<4058.673340, 295.269470, 7274.879395>) requested data for lock!
[02:07:27] Player (JevBurns, 76561198068395829)(<4058.673340, 295.269470, 7274.879395>) requested data for lock!
[02:07:28] Player (Prophecy, 76561198990415902)(<4058.673340, 295.269470, 7274.879395>) requested data for lock!
[02:07:35] Player (Prophecy, 76561198990415902)(<4058.673340, 295.269470, 7274.879395>) requested data for lock!
[02:07:39] Player (Jordan, 76561198999593356)(<4058.673340, 295.269470, 7274.879395>) requested data for lock!
[02:08:01] Player (Prophecy, 76561198990415902)(<4058.673340, 295.269470, 7274.879395>) requested data for lock!
[02:08:05] Player (Helmut Lootie, 76561198065413312)(<3691.996826, 304.166504, 8254.534180>) requested data for lock!
[02:08:57] Player (Korwiin, 76561198013080573)(<3705.060547, 305.019165, 8262.931641>) requested data for lock!
[02:10:11] Player (Helmut Lootie, 76561198065413312)(<3719.772705, 305.302094, 8236.056641>) requested data for lock!
[02:10:20] Player (JevBurns, 76561198068395829)(<4055.655273, 298.210052, 7282.211914>) requested data for lock!
[02:11:44] Player (Korwiin, 76561198013080573)(<3702.595459, 305.019165, 8257.460938>) requested data for lock!
[02:13:19] Player (JevBurns, 76561198068395829)(<4055.655273, 298.210052, 7282.211914>) requested data for lock!
[02:14:15] Player (Korwiin, 76561198013080573)(<3697.718750, 305.022583, 8241.563477>) requested data for lock!
[02:14:26] Player (Helmut Lootie, 76561198065413312)(<3719.772705, 305.302094, 8236.056641>) requested data for lock!
[02:14:58] Player (Helmut Lootie, 76561198065413312)(<3719.772705, 305.302094, 8236.056641>) requested data for lock!
[02:15:03] Player (Helmut Lootie, 76561198065413312)(<3719.772705, 305.302094, 8236.056641>) requested data for lock!
[02:15:08] Player (Helmut Lootie, 76561198065413312)(<3719.772705, 305.302094, 8236.056641>) requested data for lock!
[02:15:20] Player (Jordan, 76561198999593356)(<4058.673340, 295.269470, 7274.879395>) requested data for lock!
[02:15:20] Player (Helmut Lootie, 76561198065413312)(<3719.772705, 305.302094, 8236.056641>) requested data for lock!
[02:16:39] Player (Helmut Lootie, 76561198065413312)(<3697.718750, 305.022583, 8241.563477>) requested data for lock!
[02:22:05] Player (Prophecy, 76561198990415902)(<5255.075684, 306.017731, 5502.657715>) requested data for lock!
[02:22:14] Player (Jordan, 76561198999593356)(<4055.655273, 298.210052, 7282.211914>) requested data for lock!
[02:22:43] Player (Jordan, 76561198999593356)(<4055.655273, 298.210052, 7282.211914>) requested data for lock!
[02:22:43] Player (Prophecy, 76561198990415902)(<5269.379883, 306.578033, 5508.738770>) requested data for lock!
[02:23:10] Player (Prophecy, 76561198990415902)(<5277.693359, 306.573822, 5517.387695>) requested data for lock!
[02:23:16] Player (Prophecy, 76561198990415902)(<5268.548340, 306.574585, 5517.510742>) requested data for lock!
[02:23:27] Player (Jordan, 76561198999593356)(<4055.655273, 298.210052, 7282.211914>) requested data for lock!
[02:24:26] Player (Prophecy, 76561198990415902)(<5268.548340, 306.574585, 5517.510742>) requested data for lock!
[02:33:23] Player (Helmut Lootie, 76561198065413312)(<3719.772705, 305.302094, 8236.056641>) requested data for lock!
[02:34:00] Player (Helmut Lootie, 76561198065413312)(<3719.772705, 305.302094, 8236.056641>) requested data for lock!
[02:34:58] Player (Helmut Lootie, 76561198065413312)(<3719.772705, 305.302094, 8236.056641>) requested data for lock!
[02:35:32] Player (Helmut Lootie, 76561198065413312)(<3719.772705, 305.302094, 8236.056641>) requested data for lock!
[03:16:49] Player (Jordan, 76561198999593356)(<4073.893311, 295.269257, 7275.131348>) requested data for lock!
[03:16:55] Player (Jordan, 76561198999593356)(<4058.673340, 295.269470, 7274.879395>) requested data for lock!
[03:24:03] Player (Helmut Lootie, 76561198065413312)(<3697.718750, 305.022583, 8241.563477>) requested data for lock!
[03:24:08] Player (Helmut Lootie, 76561198065413312)(<3697.718750, 305.022583, 8241.563477>) requested data for lock!
[03:24:28] Player (Helmut Lootie, 76561198065413312)(<3697.718750, 305.022583, 8241.563477>) requested data for lock!
[03:24:57] Player (Helmut Lootie, 76561198065413312)(<3702.595459, 305.019165, 8257.460938>) requested data for lock!
[03:25:09] Player (Helmut Lootie, 76561198065413312)(<3697.718750, 305.022583, 8241.563477>) requested data for lock!
[03:25:27] Player (Helmut Lootie, 76561198065413312)(<3697.718750, 305.022583, 8241.563477>) requested data for lock!
[03:40:52] Player (Jordan, 76561198999593356)(<4058.673340, 295.269470, 7274.879395>) requested data for lock!
[03:41:21] Player (Jordan, 76561198999593356)(<4058.673340, 295.269470, 7274.879395>) requested data for lock!
[03:48:13] Player (Korwiin, 76561198013080573)(<3697.718750, 305.022583, 8241.563477>) requested data for lock!
[03:48:19] Player (Korwiin, 76561198013080573)(<3697.718750, 305.022583, 8241.563477>) requested data for lock!
[03:48:51] Player (Korwiin, 76561198013080573)(<3705.060547, 305.019165, 8262.931641>) requested data for lock!
[03:48:56] Player (Korwiin, 76561198013080573)(<3702.595459, 305.019165, 8257.460938>) requested data for lock!
[03:49:14] Player (Korwiin, 76561198013080573)(<3705.060547, 305.019165, 8262.931641>) requested data for lock!
[03:54:38] Player (Helmut Lootie, 76561198065413312)(<3711.371826, 305.015656, 8279.054688>) requested data for lock!
[03:54:48] Player (Korwiin, 76561198013080573)(<3697.718750, 305.022583, 8241.563477>) requested data for lock!
[03:59:19] Player (Helmut Lootie, 76561198065413312)(<3697.718750, 305.022583, 8241.563477>) requested data for lock!
[03:59:24] Player (Helmut Lootie, 76561198065413312)(<3697.718750, 305.022583, 8241.563477>) requested data for lock!
[03:59:51] Player (Helmut Lootie, 76561198065413312)(<3697.718750, 305.022583, 8241.563477>) requested data for lock!
[04:03:19] Player (Korwiin, 76561198013080573)(<3697.718750, 305.022583, 8241.563477>) requested data for lock!
[04:13:47] Player (Helmut Lootie, 76561198065413312)(<3711.371826, 305.015656, 8279.054688>) requested data for lock!
[04:14:20] Player (Helmut Lootie, 76561198065413312)(<3697.718750, 305.022583, 8241.563477>) requested data for lock!
[04:14:27] Player (Helmut Lootie, 76561198065413312)(<3697.718750, 305.022583, 8241.563477>) requested data for lock!
[04:28:05] Player (Helmut Lootie, 76561198065413312)(<3711.371826, 305.015656, 8279.054688>) requested data for lock!
[04:29:49] Player (Korwiin, 76561198013080573)(<3697.718750, 305.022583, 8241.563477>) requested data for lock!
[04:31:17] Player (Korwiin, 76561198013080573)(<3697.718750, 305.022583, 8241.563477>) requested data for lock!
[04:31:23] Player (Korwiin, 76561198013080573)(<3702.595459, 305.019165, 8257.460938>) requested data for lock!
[04:31:49] Player (Korwiin, 76561198013080573)(<3702.595459, 305.019165, 8257.460938>) requested data for lock!
[04:31:54] Player (Helmut Lootie, 76561198065413312)(<3697.718750, 305.022583, 8241.563477>) requested data for lock!
[04:32:05] Player (Korwiin, 76561198013080573)(<3711.371826, 305.015656, 8279.054688>) requested data for lock!
[04:44:29] Player (Korwiin, 76561198013080573)(<3719.772705, 305.302094, 8236.056641>) requested data for lock!
[04:51:59] Player (Korwiin, 76561198013080573)(<3697.718750, 305.022583, 8241.563477>) requested data for lock!
[04:52:04] Player (Korwiin, 76561198013080573)(<3702.595459, 305.019165, 8257.460938>) requested data for lock!
[04:54:04] Player (Helmut Lootie, 76561198065413312)(<3711.371826, 305.015656, 8279.054688>) requested data for lock!
[04:54:19] Player (Helmut Lootie, 76561198065413312)(<3705.060547, 305.019165, 8262.931641>) requested data for lock!
[04:54:24] Player (Helmut Lootie, 76561198065413312)(<3705.060547, 305.019165, 8262.931641>) requested data for lock!
[04:55:00] Player (Helmut Lootie, 76561198065413312)(<3711.371826, 305.015656, 8279.054688>) requested data for lock!
[03-13-2021][06.00.51] Log file reloaded ( Server Restart )
[06:40:00] Player (Korwiin, 76561198013080573)(<3697.718750, 305.022583, 8241.563477>) requested data for lock!
[06:48:39] Player (Korwiin, 76561198013080573)(<3697.718750, 305.022583, 8241.563477>) requested data for lock!
[06:48:48] Player (Korwiin, 76561198013080573)(<3697.718750, 305.022583, 8241.563477>) requested data for lock!
[07:21:41] Player (Le chinois(Fr), 76561198041337034)(<7605.561523, 139.723770, 12859.481445>) requested data for lock!
[07:25:13] Player (Le chinois(Fr), 76561198041337034)(<7605.561523, 139.723770, 12859.481445>) requested data for lock!
[07:27:50] Player (Korwiin, 76561198013080573)(<3697.718750, 305.022583, 8241.563477>) requested data for lock!
[08:15:20] Player (Hyale, 76561197994452607)(<8383.750977, 163.070587, 12234.040039>) requested data for lock!
[08:15:59] Player (Hyale, 76561197994452607)(<8383.750977, 163.070587, 12234.040039>) requested data for lock!
[08:19:23] Player (Hyale, 76561197994452607)(<8419.393555, 162.647049, 12220.171875>) requested data for lock!
[08:19:44] Player (Hyale, 76561197994452607)(<8419.393555, 162.647049, 12220.171875>) requested data for lock!
[08:19:49] Player (Hyale, 76561197994452607)(<8417.791016, 164.582657, 12213.222656>) requested data for lock!
[08:20:52] Player (Hyale, 76561197994452607)(<8411.463867, 162.103012, 12236.783203>) requested data for lock!
[09:02:08] Player (Wolfy333sp, 76561198029161718)(<4637.123535, 345.079956, 5572.428711>) requested data for lock!
[09:16:14] Player (Wolfy333sp, 76561198029161718)(<4637.123535, 345.079956, 5572.428711>) requested data for lock!
[09:16:20] Player (Wolfy333sp, 76561198029161718)(<4637.123535, 345.079956, 5572.428711>) requested data for lock!
[09:17:11] Player (Wolfy333sp, 76561198029161718)(<4637.123535, 345.079956, 5572.428711>) requested data for lock!
[09:20:57] Player (Wolfy333sp, 76561198029161718)(<4637.123535, 345.079956, 5572.428711>) requested data for lock!
[09:25:58] Player (Wolfy333sp, 76561198029161718)(<4637.123535, 345.079956, 5572.428711>) requested data for lock!
[09:38:46] Player (Wolfy333sp, 76561198029161718)(<4637.123535, 345.079956, 5572.428711>) requested data for lock!
[03-13-2021][10.01.10] Log file reloaded ( Server Restart )
[10:15:41] Player (Prophecy, 76561198990415902)(<5268.548340, 306.574585, 5517.510742>) requested data for lock!
[10:16:44] Player (Prophecy, 76561198990415902)(<5255.075684, 306.017731, 5502.657715>) requested data for lock!
[10:17:49] Player (frenchy, 76561198969225016)(<6560.407227, 335.906067, 9332.355469>) requested data for lock!
[10:28:27] Player (frenchy, 76561198969225016)(<6560.407227, 335.906067, 9332.355469>) requested data for lock!
[10:28:44] Player (Prophecy, 76561198990415902)(<5255.075684, 306.017731, 5502.657715>) requested data for lock!
[10:30:14] Player (Prophecy, 76561198990415902)(<5255.075684, 306.017731, 5502.657715>) requested data for lock!
[10:30:19] Player (Prophecy, 76561198990415902)(<5255.075684, 306.017731, 5502.657715>) requested data for lock!
[10:30:24] Player (Prophecy, 76561198990415902)(<5255.075684, 306.017731, 5502.657715>) requested data for lock!
[10:30:29] Player (Prophecy, 76561198990415902)(<5255.075684, 306.017731, 5502.657715>) requested data for lock!
[10:30:34] Player (Prophecy, 76561198990415902)(<5255.075684, 306.017731, 5502.657715>) requested data for lock!
[10:30:39] Player (Prophecy, 76561198990415902)(<5255.075684, 306.017731, 5502.657715>) requested data for lock!
[10:30:44] Player (Prophecy, 76561198990415902)(<5255.075684, 306.017731, 5502.657715>) requested data for lock!
[10:30:49] Player (Prophecy, 76561198990415902)(<5255.075684, 306.017731, 5502.657715>) requested data for lock!
[10:30:54] Player (Prophecy, 76561198990415902)(<5255.075684, 306.017731, 5502.657715>) requested data for lock!
[10:30:59] Player (Prophecy, 76561198990415902)(<5255.075684, 306.017731, 5502.657715>) requested data for lock!
[10:31:04] Player (Prophecy, 76561198990415902)(<5255.075684, 306.017731, 5502.657715>) requested data for lock!
[10:31:09] Player (Prophecy, 76561198990415902)(<5255.075684, 306.017731, 5502.657715>) requested data for lock!
[10:31:14] Player (Prophecy, 76561198990415902)(<5255.075684, 306.017731, 5502.657715>) requested data for lock!
[10:31:19] Player (Prophecy, 76561198990415902)(<5255.075684, 306.017731, 5502.657715>) requested data for lock!
[10:31:24] Player (Prophecy, 76561198990415902)(<5255.075684, 306.017731, 5502.657715>) requested data for lock!
[10:31:29] Player (Prophecy, 76561198990415902)(<5255.075684, 306.017731, 5502.657715>) requested data for lock!
[10:31:34] Player (Prophecy, 76561198990415902)(<5255.075684, 306.017731, 5502.657715>) requested data for lock!
[10:31:39] Player (Prophecy, 76561198990415902)(<5255.075684, 306.017731, 5502.657715>) requested data for lock!
[10:31:44] Player (Prophecy, 76561198990415902)(<5255.075684, 306.017731, 5502.657715>) requested data for lock!
[10:31:49] Player (Prophecy, 76561198990415902)(<5255.075684, 306.017731, 5502.657715>) requested data for lock!
[10:31:54] Player (Prophecy, 76561198990415902)(<5255.075684, 306.017731, 5502.657715>) requested data for lock!
[10:31:59] Player (Prophecy, 76561198990415902)(<5255.075684, 306.017731, 5502.657715>) requested data for lock!
[10:32:04] Player (Prophecy, 76561198990415902)(<5255.075684, 306.017731, 5502.657715>) requested data for lock!
[10:32:09] Player (Prophecy, 76561198990415902)(<5255.075684, 306.017731, 5502.657715>) requested data for lock!
[10:32:14] Player (Prophecy, 76561198990415902)(<5255.075684, 306.017731, 5502.657715>) requested data for lock!
[10:32:19] Player (Prophecy, 76561198990415902)(<5255.075684, 306.017731, 5502.657715>) requested data for lock!
[10:32:24] Player (Prophecy, 76561198990415902)(<5255.075684, 306.017731, 5502.657715>) requested data for lock!
[10:32:29] Player (Prophecy, 76561198990415902)(<5255.075684, 306.017731, 5502.657715>) requested data for lock!
[10:32:34] Player (Prophecy, 76561198990415902)(<5255.075684, 306.017731, 5502.657715>) requested data for lock!
[10:32:39] Player (Prophecy, 76561198990415902)(<5255.075684, 306.017731, 5502.657715>) requested data for lock!
[10:32:44] Player (Prophecy, 76561198990415902)(<5255.075684, 306.017731, 5502.657715>) requested data for lock!
[10:32:49] Player (Prophecy, 76561198990415902)(<5255.075684, 306.017731, 5502.657715>) requested data for lock!
[10:32:54] Player (Prophecy, 76561198990415902)(<5255.075684, 306.017731, 5502.657715>) requested data for lock!
[10:32:59] Player (Prophecy, 76561198990415902)(<5255.075684, 306.017731, 5502.657715>) requested data for lock!
[10:33:04] Player (Prophecy, 76561198990415902)(<5255.075684, 306.017731, 5502.657715>) requested data for lock!
[10:33:09] Player (Prophecy, 76561198990415902)(<5255.075684, 306.017731, 5502.657715>) requested data for lock!
[10:33:14] Player (Prophecy, 76561198990415902)(<5255.075684, 306.017731, 5502.657715>) requested data for lock!
[10:33:19] Player (Prophecy, 76561198990415902)(<5255.075684, 306.017731, 5502.657715>) requested data for lock!
[10:33:24] Player (Prophecy, 76561198990415902)(<5255.075684, 306.017731, 5502.657715>) requested data for lock!
[10:33:29] Player (Prophecy, 76561198990415902)(<5255.075684, 306.017731, 5502.657715>) requested data for lock!
[10:33:34] Player (Prophecy, 76561198990415902)(<5255.075684, 306.017731, 5502.657715>) requested data for lock!
[10:33:39] Player (Prophecy, 76561198990415902)(<5255.075684, 306.017731, 5502.657715>) requested data for lock!
[10:33:44] Player (Prophecy, 76561198990415902)(<5255.075684, 306.017731, 5502.657715>) requested data for lock!
[10:33:49] Player (Prophecy, 76561198990415902)(<5255.075684, 306.017731, 5502.657715>) requested data for lock!
[10:33:54] Player (Prophecy, 76561198990415902)(<5255.075684, 306.017731, 5502.657715>) requested data for lock!
[10:33:59] Player (Prophecy, 76561198990415902)(<5255.075684, 306.017731, 5502.657715>) requested data for lock!
[10:34:04] Player (Prophecy, 76561198990415902)(<5255.075684, 306.017731, 5502.657715>) requested data for lock!
[10:34:09] Player (Prophecy, 76561198990415902)(<5255.075684, 306.017731, 5502.657715>) requested data for lock!
[10:34:14] Player (Prophecy, 76561198990415902)(<5255.075684, 306.017731, 5502.657715>) requested data for lock!
[10:34:19] Player (Prophecy, 76561198990415902)(<5255.075684, 306.017731, 5502.657715>) requested data for lock!
[10:34:24] Player (Prophecy, 76561198990415902)(<5255.075684, 306.017731, 5502.657715>) requested data for lock!
[10:34:29] Player (Prophecy, 76561198990415902)(<5255.075684, 306.017731, 5502.657715>) requested data for lock!
[10:34:34] Player (Prophecy, 76561198990415902)(<5255.075684, 306.017731, 5502.657715>) requested data for lock!
[10:34:39] Player (Prophecy, 76561198990415902)(<5255.075684, 306.017731, 5502.657715>) requested data for lock!
[10:34:44] Player (Prophecy, 76561198990415902)(<5255.075684, 306.017731, 5502.657715>) requested data for lock!
[10:34:49] Player (Prophecy, 76561198990415902)(<5255.075684, 306.017731, 5502.657715>) requested data for lock!
[10:34:54] Player (Prophecy, 76561198990415902)(<5255.075684, 306.017731, 5502.657715>) requested data for lock!
[10:34:59] Player (Prophecy, 76561198990415902)(<5255.075684, 306.017731, 5502.657715>) requested data for lock!
[10:35:05] Player (Prophecy, 76561198990415902)(<5255.075684, 306.017731, 5502.657715>) requested data for lock!
[10:35:09] Player (Prophecy, 76561198990415902)(<5255.075684, 306.017731, 5502.657715>) requested data for lock!
[10:35:15] Player (Prophecy, 76561198990415902)(<5255.075684, 306.017731, 5502.657715>) requested data for lock!
[10:35:20] Player (Prophecy, 76561198990415902)(<5255.075684, 306.017731, 5502.657715>) requested data for lock!
[10:35:24] Player (Prophecy, 76561198990415902)(<5255.075684, 306.017731, 5502.657715>) requested data for lock!
[10:35:30] Player (Prophecy, 76561198990415902)(<5255.075684, 306.017731, 5502.657715>) requested data for lock!
[10:35:35] Player (Prophecy, 76561198990415902)(<5255.075684, 306.017731, 5502.657715>) requested data for lock!
[10:35:40] Player (Prophecy, 76561198990415902)(<5255.075684, 306.017731, 5502.657715>) requested data for lock!
[10:35:45] Player (Prophecy, 76561198990415902)(<5255.075684, 306.017731, 5502.657715>) requested data for lock!
[10:35:50] Player (Prophecy, 76561198990415902)(<5255.075684, 306.017731, 5502.657715>) requested data for lock!
[10:35:58] Player (Prophecy, 76561198990415902)(<5255.075684, 306.017731, 5502.657715>) requested data for lock!
[10:36:12] Player (Prophecy, 76561198990415902)(<5264.449707, 308.807892, 5503.083984>) requested data for lock!
[10:36:18] Player (Prophecy, 76561198990415902)(<5264.449707, 308.807892, 5503.083984>) requested data for lock!
[10:37:37] Player (Prophecy, 76561198990415902)(<5272.670410, 308.993317, 5505.040527>) requested data for lock!
[10:38:24] Player (Prophecy, 76561198990415902)(<5272.670410, 308.993317, 5505.040527>) requested data for lock!
[10:38:29] Player (Prophecy, 76561198990415902)(<5272.670410, 308.993317, 5505.040527>) requested data for lock!
[10:39:13] Player (Magnetschaedel, 76561198006594084)(<5059.447266, 288.864899, 6235.863281>) requested data for lock!
[10:40:50] Player (Prophecy, 76561198990415902)(<5272.670410, 308.993317, 5505.040527>) requested data for lock!
[10:43:12] Player (Magnetschaedel, 76561198006594084)(<5042.893066, 290.121704, 6246.572266>) requested data for lock!
[10:43:23] Player (Magnetschaedel, 76561198006594084)(<5066.593750, 290.788361, 6230.539063>) requested data for lock!
[10:46:10] Player (Prophecy, 76561198990415902)(<5268.548340, 306.574585, 5517.510742>) requested data for lock!
[10:46:29] Player (Prophecy, 76561198990415902)(<5268.548340, 306.574585, 5517.510742>) requested data for lock!
[10:47:28] Player (Prophecy, 76561198990415902)(<5268.548340, 306.574585, 5517.510742>) requested data for lock!
[10:48:11] Player (Prophecy, 76561198990415902)(<5255.075684, 306.017731, 5502.657715>) requested data for lock!
[10:48:22] Player (Prophecy, 76561198990415902)(<5264.449707, 308.807892, 5503.083984>) requested data for lock!
[10:50:18] Player (Prophecy, 76561198990415902)(<5268.548340, 306.574585, 5517.510742>) requested data for lock!
[11:00:01] Player (frenchy, 76561198969225016)(<6560.407227, 335.906067, 9332.355469>) requested data for lock!
[11:04:26] Player (Wolfy333sp, 76561198029161718)(<4637.123535, 345.079956, 5572.428711>) requested data for lock!
[11:05:49] Player (frenchy, 76561198969225016)(<6560.407227, 335.906067, 9332.355469>) requested data for lock!
[11:18:56] Player (Prophecy, 76561198990415902)(<5268.548340, 306.574585, 5517.510742>) requested data for lock!
[11:21:08] Player (Prophecy, 76561198990415902)(<5268.548340, 306.574585, 5517.510742>) requested data for lock!
[11:22:32] Player (Emmes, 76561197968337138)(<5066.593750, 290.788361, 6230.539063>) requested data for lock!
[11:22:37] Player (Emmes, 76561197968337138)(<5066.593750, 290.788361, 6230.539063>) requested data for lock!
[11:22:42] Player (Emmes, 76561197968337138)(<5066.593750, 290.788361, 6230.539063>) requested data for lock!
[11:22:47] Player (Emmes, 76561197968337138)(<5066.593750, 290.788361, 6230.539063>) requested data for lock!
[11:22:52] Player (Emmes, 76561197968337138)(<5066.593750, 290.788361, 6230.539063>) requested data for lock!
[11:22:57] Player (Emmes, 76561197968337138)(<5066.593750, 290.788361, 6230.539063>) requested data for lock!
[11:23:02] Player (Emmes, 76561197968337138)(<5066.593750, 290.788361, 6230.539063>) requested data for lock!
[11:23:11] Player (Emmes, 76561197968337138)(<5066.593750, 290.788361, 6230.539063>) requested data for lock!
[11:23:16] Player (Emmes, 76561197968337138)(<5066.593750, 290.788361, 6230.539063>) requested data for lock!
[11:23:43] Player (Emmes, 76561197968337138)(<5065.988770, 288.874664, 6253.040527>) requested data for lock!
[11:24:18] Player (Magnetschaedel, 76561198006594084)(<5042.893066, 290.121704, 6246.572266>) requested data for lock!
[11:26:15] Player (Emmes, 76561197968337138)(<5059.447266, 288.864899, 6235.863281>) requested data for lock!
[11:26:43] Player (Emmes, 76561197968337138)(<5067.030762, 288.880005, 6242.859863>) requested data for lock!
[11:26:50] Player (Emmes, 76561197968337138)(<5066.520996, 288.879456, 6247.917480>) requested data for lock!
[11:26:56] Player (Emmes, 76561197968337138)(<5065.988770, 288.874664, 6253.040527>) requested data for lock!
[11:27:04] Player (Emmes, 76561197968337138)(<5059.447266, 288.864899, 6235.863281>) requested data for lock!
[11:27:05] Player (Magnetschaedel, 76561198006594084)(<5059.447266, 288.864899, 6235.863281>) requested data for lock!
[11:29:03] Player (Prophecy, 76561198990415902)(<5255.075684, 306.017731, 5502.657715>) requested data for lock!
[11:38:20] Player (Magnetschaedel, 76561198006594084)(<5066.593750, 290.788361, 6230.539063>) requested data for lock!
[11:42:28] Player (frenchy, 76561198969225016)(<6560.407227, 335.906067, 9332.355469>) requested data for lock!
[11:54:07] Player (Prophecy, 76561198990415902)(<5255.075684, 306.017731, 5502.657715>) requested data for lock!
[11:54:42] Player (Prophecy, 76561198990415902)(<5255.075684, 306.017731, 5502.657715>) requested data for lock!
[11:57:14] Player (Prophecy, 76561198990415902)(<5268.548340, 306.574585, 5517.510742>) requested data for lock!
[11:58:49] Player (Prophecy, 76561198990415902)(<5268.548340, 306.574585, 5517.510742>) requested data for lock!
[12:33:00] Player (grizzly bear, 76561198839448946)(<6560.407227, 335.906067, 9332.355469>) requested data for lock!
[12:34:42] Player (grizzly bear, 76561198839448946)(<6560.407227, 335.906067, 9332.355469>) requested data for lock!
[12:35:03] Player (grizzly bear, 76561198839448946)(<6560.407227, 335.906067, 9332.355469>) requested data for lock!
[12:45:45] Player (Prophecy, 76561198990415902)(<5255.075684, 306.017731, 5502.657715>) requested data for lock!
[12:51:19] Player (Prophecy, 76561198990415902)(<5255.075684, 306.017731, 5502.657715>) requested data for lock!
[12:55:20] Player (Prophecy, 76561198990415902)(<5255.075684, 306.017731, 5502.657715>) requested data for lock!
[12:55:42] Player (Prophecy, 76561198990415902)(<5268.548340, 306.574585, 5517.510742>) requested data for lock!
[13:02:13] Player (JevBurns, 76561198068395829)(<5268.548340, 306.574585, 5517.510742>) requested data for lock!
[13:02:35] Player (JevBurns, 76561198068395829)(<5268.548340, 306.574585, 5517.510742>) requested data for lock!
[13:04:22] Player (JevBurns, 76561198068395829)(<5268.548340, 306.574585, 5517.510742>) requested data for lock!
[13:04:31] Player (JevBurns, 76561198068395829)(<5268.548340, 306.574585, 5517.510742>) requested data for lock!
[13:06:30] Player (JevBurns, 76561198068395829)(<5268.548340, 306.574585, 5517.510742>) requested data for lock!
[13:09:12] Player (JevBurns, 76561198068395829)(<5268.548340, 306.574585, 5517.510742>) requested data for lock!
[13:09:29] Player (JevBurns, 76561198068395829)(<5277.693359, 306.573822, 5517.387695>) requested data for lock!
[13:12:27] Player (Emmes, 76561197968337138)(<5042.893066, 290.121704, 6246.572266>) requested data for lock!
[13:12:50] Player (Emmes, 76561197968337138)(<5042.893066, 290.121704, 6246.572266>) requested data for lock!
[13:14:07] Player (Emmes, 76561197968337138)(<5042.893066, 290.121704, 6246.572266>) requested data for lock!
[13:16:04] Player (Magnetschaedel, 76561198006594084)(<5058.551270, 290.070465, 6259.467773>) requested data for lock!
[13:16:10] Player (Magnetschaedel, 76561198006594084)(<5058.551270, 290.070465, 6259.467773>) requested data for lock!
[13:18:12] Player (Magnetschaedel, 76561198006594084)(<5042.893066, 290.121704, 6246.572266>) requested data for lock!
[13:18:13] Player (Emmes, 76561197968337138)(<5042.893066, 290.121704, 6246.572266>) requested data for lock!
[13:18:41] Player (Prophecy, 76561198990415902)(<5255.075684, 306.017731, 5502.657715>) requested data for lock!
[13:21:07] Player (Emmes, 76561197968337138)(<5042.893066, 290.121704, 6246.572266>) requested data for lock!
[13:22:44] Player (Prophecy, 76561198990415902)(<5255.075684, 306.017731, 5502.657715>) requested data for lock!
[13:24:00] Player (Prophecy, 76561198990415902)(<5269.379883, 306.578033, 5508.738770>) requested data for lock!
[13:24:05] Player (Prophecy, 76561198990415902)(<5269.379883, 306.578033, 5508.738770>) requested data for lock!
[13:24:10] Player (Prophecy, 76561198990415902)(<5269.379883, 306.578033, 5508.738770>) requested data for lock!
[13:24:15] Player (Prophecy, 76561198990415902)(<5269.379883, 306.578033, 5508.738770>) requested data for lock!
[13:25:34] Player (Magnetschaedel, 76561198006594084)(<5059.447266, 288.864899, 6235.863281>) requested data for lock!
[13:28:04] Player (Emmes, 76561197968337138)(<5059.447266, 288.864899, 6235.863281>) requested data for lock!
[13:28:42] Player (Prophecy, 76561198990415902)(<5269.379883, 306.578033, 5508.738770>) requested data for lock!
[13:31:00] Player (Prophecy, 76561198990415902)(<5269.379883, 306.578033, 5508.738770>) requested data for lock!
[13:31:21] Player (Prophecy, 76561198990415902)(<5269.379883, 306.578033, 5508.738770>) requested data for lock!
[13:39:55] Player (Wolfy333sp, 76561198029161718)(<4637.123535, 345.079956, 5572.428711>) requested data for lock!
[13:47:35] Player (Wolfy333sp, 76561198029161718)(<4637.123535, 345.079956, 5572.428711>) requested data for lock!
[13:56:06] Player (Emmes, 76561197968337138)(<5042.893066, 290.121704, 6246.572266>) requested data for lock!
[13:56:10] Player (Magnetschaedel, 76561198006594084)(<5042.893066, 290.121704, 6246.572266>) requested data for lock!
[13:56:17] Player (Emmes, 76561197968337138)(<5059.447266, 288.864899, 6235.863281>) requested data for lock!
[13:56:19] Player (Magnetschaedel, 76561198006594084)(<5066.593750, 290.788361, 6230.539063>) requested data for lock!
[03-13-2021][14.01.12] Log file reloaded ( Server Restart )
[14:16:15] Player (Prophecy, 76561198990415902)(<5255.075684, 306.017731, 5502.657715>) requested data for lock!
[14:16:24] Player (Prophecy, 76561198990415902)(<5269.379883, 306.578033, 5508.738770>) requested data for lock!
[14:48:47] Player (Prophecy, 76561198990415902)(<5255.075684, 306.017731, 5502.657715>) requested data for lock!
[14:56:55] Player (Prophecy, 76561198990415902)(<5268.548340, 306.574585, 5517.510742>) requested data for lock!
[14:57:10] Player (Prophecy, 76561198990415902)(<5268.548340, 306.574585, 5517.510742>) requested data for lock!
[14:59:00] Player (Prophecy, 76561198990415902)(<5268.548340, 306.574585, 5517.510742>) requested data for lock!
[15:02:02] Player (Prophecy, 76561198990415902)(<5268.548340, 306.574585, 5517.510742>) requested data for lock!
[15:02:16] Player (Prophecy, 76561198990415902)(<5262.404297, 308.807892, 5506.635254>) requested data for lock!
[15:02:33] Player (Prophecy, 76561198990415902)(<5262.404297, 308.807892, 5506.635254>) requested data for lock!
[15:02:51] Player (Prophecy, 76561198990415902)(<5262.404297, 308.807892, 5506.635254>) requested data for lock!
[15:03:13] Player (Prophecy, 76561198990415902)(<5262.404297, 308.807892, 5506.635254>) requested data for lock!
[15:03:23] Player (Prophecy, 76561198990415902)(<5264.449707, 308.807892, 5503.083984>) requested data for lock!
[15:03:29] Player (Prophecy, 76561198990415902)(<5272.670410, 308.993317, 5505.040527>) requested data for lock!
[15:04:24] Player (Prophecy, 76561198990415902)(<5272.670410, 308.993317, 5505.040527>) requested data for lock!
[15:04:41] Player (Prophecy, 76561198990415902)(<5264.449707, 308.807892, 5503.083984>) requested data for lock!
[15:04:52] Player (Prophecy, 76561198990415902)(<5255.075684, 306.017731, 5502.657715>) requested data for lock!
[15:16:04] Player (Prophecy, 76561198990415902)(<5255.075684, 306.017731, 5502.657715>) requested data for lock!
[15:28:20] Player (JevBurns, 76561198068395829)(<5022.194336, 333.529724, 7453.034180>) requested data for lock!
[15:28:25] Player (JevBurns, 76561198068395829)(<5018.307617, 335.453888, 7446.890137>) requested data for lock!
[15:29:14] Player (JevBurns, 76561198068395829)(<5022.194336, 333.529724, 7453.034180>) requested data for lock!
[15:32:02] Player (Wolfy333sp, 76561198029161718)(<4637.123535, 345.079956, 5572.428711>) requested data for lock!
[15:33:14] Player (Wolfy333sp, 76561198029161718)(<4637.123535, 345.079956, 5572.428711>) requested data for lock!
[15:35:55] Player (JevBurns, 76561198068395829)(<5018.307617, 335.453888, 7446.890137>) requested data for lock!
[15:36:34] Player (JevBurns, 76561198068395829)(<5022.194336, 333.529724, 7453.034180>) requested data for lock!
[15:40:32] Player (Wolfy333sp, 76561198029161718)(<4637.123535, 345.079956, 5572.428711>) requested data for lock!
[15:40:47] Player (JevBurns, 76561198068395829)(<5022.194336, 333.529724, 7453.034180>) requested data for lock!
[15:41:51] Player (JevBurns, 76561198068395829)(<5018.307617, 335.453888, 7446.890137>) requested data for lock!
[15:45:35] Player (Wolfy333sp, 76561198029161718)(<4637.123535, 345.079956, 5572.428711>) requested data for lock!
[15:45:43] Player (Wolfy333sp, 76561198029161718)(<4637.123535, 345.079956, 5572.428711>) requested data for lock!
[15:47:00] Player (Wolfy333sp, 76561198029161718)(<4637.123535, 345.079956, 5572.428711>) requested data for lock!
[15:51:09] Player (Wolfy333sp, 76561198029161718)(<4637.123535, 345.079956, 5572.428711>) requested data for lock!
[15:54:24] Player (JevBurns, 76561198068395829)(<5022.194336, 333.529724, 7453.034180>) requested data for lock!
[16:01:08] Player (Wolfy333sp, 76561198029161718)(<4637.123535, 345.079956, 5572.428711>) requested data for lock!
[16:01:58] Player (Wolfy333sp, 76561198029161718)(<4637.123535, 345.079956, 5572.428711>) requested data for lock!
[03-13-2021][16.13.30] Log file reloaded ( Server Restart )
[16:26:16] Player (Prophecy, 76561198990415902)(<5255.075684, 306.017731, 5502.657715>) requested data for lock!
[16:28:32] Player (Prophecy, 76561198990415902)(<5255.075684, 306.017731, 5502.657715>) requested data for lock!
[16:29:29] Player (Prophecy, 76561198990415902)(<5269.379883, 306.578033, 5508.738770>) requested data for lock!
[16:38:00] Player (Percy Coles, 76561198177852285)(<8083.761719, 459.208221, 9312.645508>) requested data for lock!
[16:38:07] Player (Percy Coles, 76561198177852285)(<8083.761719, 459.208221, 9312.645508>) requested data for lock!
[16:38:19] Player (Percy Coles, 76561198177852285)(<8098.209473, 458.822968, 9325.850586>) requested data for lock!
[16:38:56] Player (Percy Coles, 76561198177852285)(<8083.761719, 459.208221, 9312.645508>) requested data for lock!
[16:39:09] Player (Percy Coles, 76561198177852285)(<8083.761719, 459.208221, 9312.645508>) requested data for lock!
[16:39:34] Player (Percy Coles, 76561198177852285)(<8083.761719, 459.208221, 9312.645508>) requested data for lock!
[16:40:15] Player (Percy Coles, 76561198177852285)(<8083.761719, 459.208221, 9312.645508>) requested data for lock!
[16:40:52] Player (Prophecy, 76561198990415902)(<5255.075684, 306.017731, 5502.657715>) requested data for lock!
[16:41:06] Player (Percy Coles, 76561198177852285)(<8079.128906, 459.103149, 9329.417969>) requested data for lock!
[16:41:30] Player (Percy Coles, 76561198177852285)(<8079.128906, 459.103149, 9329.417969>) requested data for lock!
[16:41:36] Player (Percy Coles, 76561198177852285)(<8079.128906, 459.103149, 9329.417969>) requested data for lock!
[16:42:13] Player (Percy Coles, 76561198177852285)(<8079.128906, 459.103149, 9329.417969>) requested data for lock!
[16:42:24] Player (Percy Coles, 76561198177852285)(<8079.128906, 459.103149, 9329.417969>) requested data for lock!
[16:42:29] Player (Percy Coles, 76561198177852285)(<8079.128906, 459.103149, 9329.417969>) requested data for lock!
[16:43:26] Player (Percy Coles, 76561198177852285)(<8079.128906, 459.103149, 9329.417969>) requested data for lock!
[16:44:01] Player (Percy Coles, 76561198177852285)(<8083.761719, 459.208221, 9312.645508>) requested data for lock!
[16:47:37] Player (Percy Coles, 76561198177852285)(<8083.761719, 459.208221, 9312.645508>) requested data for lock!
[16:47:47] Player (Prophecy, 76561198990415902)(<5255.075684, 306.017731, 5502.657715>) requested data for lock!
[16:47:52] Player (Prophecy, 76561198990415902)(<5255.075684, 306.017731, 5502.657715>) requested data for lock!
[16:47:57] Player (Prophecy, 76561198990415902)(<5255.075684, 306.017731, 5502.657715>) requested data for lock!
[16:48:02] Player (Prophecy, 76561198990415902)(<5255.075684, 306.017731, 5502.657715>) requested data for lock!
[16:48:31] Player (Prophecy, 76561198990415902)(<5255.075684, 306.017731, 5502.657715>) requested data for lock!
[16:50:58] Player (Percy Coles, 76561198177852285)(<8083.761719, 459.208221, 9312.645508>) requested data for lock!
[16:54:41] Player (Prophecy, 76561198990415902)(<5255.075684, 306.017731, 5502.657715>) requested data for lock!
[17:00:04] Player (Prophecy, 76561198990415902)(<5255.075684, 306.017731, 5502.657715>) requested data for lock!
[17:17:15] Player (MrSolomon, 76561198055735611)(<4634.462891, 273.700958, 6777.322754>) requested data for lock!
[17:17:24] Player (MrSolomon, 76561198055735611)(<4641.005371, 273.700958, 6782.635742>) requested data for lock!
[17:21:01] Player (MrSolomon, 76561198055735611)(<4634.462891, 273.700958, 6777.322754>) requested data for lock!
[17:28:05] Player (MrSolomon, 76561198055735611)(<4634.462891, 273.700958, 6777.322754>) requested data for lock!
[17:30:05] Player (MrSolomon, 76561198055735611)(<4641.005371, 273.700958, 6782.635742>) requested data for lock!
[17:30:42] Player (Prophecy, 76561198990415902)(<5255.075684, 306.017731, 5502.657715>) requested data for lock!
[17:30:47] Player (Prophecy, 76561198990415902)(<5255.075684, 306.017731, 5502.657715>) requested data for lock!
[17:31:39] Player (MrSolomon, 76561198055735611)(<4634.462891, 273.700958, 6777.322754>) requested data for lock!
[17:31:44] Player (MrSolomon, 76561198055735611)(<4634.462891, 273.700958, 6777.322754>) requested data for lock!
[17:32:34] Player (MrSolomon, 76561198055735611)(<4641.005371, 273.700958, 6782.635742>) requested data for lock!
[17:32:39] Player (MrSolomon, 76561198055735611)(<4641.005371, 273.700958, 6782.635742>) requested data for lock!
[17:33:07] Player (Prophecy, 76561198990415902)(<5255.075684, 306.017731, 5502.657715>) requested data for lock!
[17:33:26] Player (MrSolomon, 76561198055735611)(<4641.005371, 273.700958, 6782.635742>) requested data for lock!
[17:34:08] Player (Prophecy, 76561198990415902)(<5268.548340, 306.574585, 5517.510742>) requested data for lock!
[17:37:45] Player (Prophecy, 76561198990415902)(<5255.075684, 306.017731, 5502.657715>) requested data for lock!
[17:37:54] Player (Prophecy, 76561198990415902)(<5255.075684, 306.017731, 5502.657715>) requested data for lock!
[17:41:19] Player (MrSolomon, 76561198055735611)(<4641.005371, 273.700958, 6782.635742>) requested data for lock!
[17:43:15] Player (MrSolomon, 76561198055735611)(<4641.005371, 273.700958, 6782.635742>) requested data for lock!
[17:43:29] Player (MrSolomon, 76561198055735611)(<4637.936035, 274.913544, 6776.699707>) requested data for lock!
[17:43:34] Player (MrSolomon, 76561198055735611)(<4637.936035, 274.913544, 6776.699707>) requested data for lock!
[17:43:45] Player (MrSolomon, 76561198055735611)(<4615.306152, 274.906586, 6809.859375>) requested data for lock!
[17:43:58] Player (MrSolomon, 76561198055735611)(<4637.936035, 274.913544, 6776.699707>) requested data for lock!
[17:44:25] Player (MrSolomon, 76561198055735611)(<4637.936035, 274.913544, 6776.699707>) requested data for lock!
[17:44:31] Player (MrSolomon, 76561198055735611)(<4637.936035, 274.913544, 6776.699707>) requested data for lock!
[17:44:36] Player (MrSolomon, 76561198055735611)(<4637.936035, 274.913544, 6776.699707>) requested data for lock!
[03-13-2021][18.01.00] Log file reloaded ( Server Restart )
[18:02:50] Player (JevBurns, 76561198068395829)(<5255.075684, 306.017731, 5502.657715>) requested data for lock!
[18:05:26] Player (Prophecy, 76561198990415902)(<5264.449707, 308.807892, 5503.083984>) requested data for lock!
[18:05:31] Player (Prophecy, 76561198990415902)(<5262.404297, 308.807892, 5506.635254>) requested data for lock!
[18:13:50] Player (Prophecy, 76561198990415902)(<5255.075684, 306.017731, 5502.657715>) requested data for lock!
[18:15:45] Player (Prophecy, 76561198990415902)(<5255.075684, 306.017731, 5502.657715>) requested data for lock!
[18:16:22] Player (Prophecy, 76561198990415902)(<5268.548340, 306.574585, 5517.510742>) requested data for lock!
[18:20:39] Player (Prophecy, 76561198990415902)(<5255.075684, 306.017731, 5502.657715>) requested data for lock!
[18:28:32] Player (Prophecy, 76561198990415902)(<5255.075684, 306.017731, 5502.657715>) requested data for lock!
[18:30:01] Player (Prophecy, 76561198990415902)(<5255.075684, 306.017731, 5502.657715>) requested data for lock!
[18:30:10] Player (Prophecy, 76561198990415902)(<5255.075684, 306.017731, 5502.657715>) requested data for lock!
[18:30:15] Player (Prophecy, 76561198990415902)(<5255.075684, 306.017731, 5502.657715>) requested data for lock!
[18:31:21] Player (Prophecy, 76561198990415902)(<5255.075684, 306.017731, 5502.657715>) requested data for lock!
[18:31:46] Player (Prophecy, 76561198990415902)(<5255.075684, 306.017731, 5502.657715>) requested data for lock!
[18:32:06] Player (Prophecy, 76561198990415902)(<5264.449707, 308.807892, 5503.083984>) requested data for lock!
[18:42:05] Player (Prophecy, 76561198990415902)(<5272.670410, 308.993317, 5505.040527>) requested data for lock!
[18:42:17] Player (Prophecy, 76561198990415902)(<5272.670410, 308.993317, 5505.040527>) requested data for lock!
[18:42:23] Player (Prophecy, 76561198990415902)(<5272.670410, 308.993317, 5505.040527>) requested data for lock!
[18:42:35] Player (Prophecy, 76561198990415902)(<5272.670410, 308.993317, 5505.040527>) requested data for lock!
[18:42:41] Player (Prophecy, 76561198990415902)(<5268.548340, 306.574585, 5517.510742>) requested data for lock!
[18:43:20] Player (Prophecy, 76561198990415902)(<5255.075684, 306.017731, 5502.657715>) requested data for lock!
[18:50:52] Player (Prophecy, 76561198990415902)(<5255.075684, 306.017731, 5502.657715>) requested data for lock!
[18:51:12] Player (Prophecy, 76561198990415902)(<5255.075684, 306.017731, 5502.657715>) requested data for lock!
[19:38:46] Player (Wolfy333sp, 76561198029161718)(<4637.123535, 345.079956, 5572.428711>) requested data for lock!
[19:40:18] Player (Wolfy333sp, 76561198029161718)(<4637.123535, 345.079956, 5572.428711>) requested data for lock!
[20:33:33] Player (Hyale, 76561197994452607)(<8374.034180, 161.783600, 12220.476563>) requested data for lock!
[20:33:38] Player (Hyale, 76561197994452607)(<8382.144531, 163.852722, 12221.200195>) requested data for lock!
[20:34:29] Player (Hyale, 76561197994452607)(<8411.463867, 162.103012, 12236.783203>) requested data for lock!
[20:34:54] Player (Hyale, 76561197994452607)(<8411.463867, 162.103012, 12236.783203>) requested data for lock!
[20:35:05] Player (Hyale, 76561197994452607)(<8411.463867, 162.103012, 12236.783203>) requested data for lock!
[20:35:10] Player (Hyale, 76561197994452607)(<8411.463867, 162.103012, 12236.783203>) requested data for lock!
[20:35:24] Player (PuMa, 76561198129278616)(<8349.615234, 110.107422, 12839.324219>) requested data for lock!
[20:41:13] Player (PuMa, 76561198129278616)(<8345.024414, 110.917915, 12832.263672>) requested data for lock!
[20:45:33] Player (PuMa, 76561198129278616)(<8345.024414, 110.917915, 12832.263672>) requested data for lock!
[20:46:31] Player (NicFit, 76561198086129271)(<6943.061035, 58.101555, 3688.918213>) requested data for lock!
[20:46:39] Player (PuMa, 76561198129278616)(<8345.024414, 110.917915, 12832.263672>) requested data for lock!
[20:47:23] Player (PuMa, 76561198129278616)(<8345.024414, 110.917915, 12832.263672>) requested data for lock!
[20:48:05] Player (NicFit, 76561198086129271)(<6933.801270, 61.110214, 3700.711426>) requested data for lock!
[20:48:06] Player (PuMa, 76561198129278616)(<8349.615234, 110.107422, 12839.324219>) requested data for lock!
[20:48:34] Player (NicFit, 76561198086129271)(<6936.567383, 67.163727, 3710.621094>) requested data for lock!
[20:49:08] Player (NicFit, 76561198086129271)(<6933.801270, 61.110214, 3700.711426>) requested data for lock!
[20:49:13] Player (NicFit, 76561198086129271)(<6930.353516, 58.084438, 3689.323975>) requested data for lock!
[20:52:40] Player (NicFit, 76561198086129271)(<6933.801270, 61.110214, 3700.711426>) requested data for lock!
[20:54:12] Player (NicFit, 76561198086129271)(<6933.801270, 61.110214, 3700.711426>) requested data for lock!
[20:57:05] Player (NicFit, 76561198086129271)(<6930.353516, 58.084438, 3689.323975>) requested data for lock!
[21:06:34] Player (NicFit, 76561198086129271)(<6937.594238, 58.649269, 3680.769775>) requested data for lock!
[21:06:44] Player (NicFit, 76561198086129271)(<6930.353516, 58.084438, 3689.323975>) requested data for lock!
[21:07:06] Player (NicFit, 76561198086129271)(<6930.353516, 58.084438, 3689.323975>) requested data for lock!
[21:08:38] Player (JevBurns, 76561198068395829)(<6933.153320, 58.022518, 3674.160889>) requested data for lock!
[21:10:22] Player (NicFit, 76561198086129271)(<6930.353516, 58.084438, 3689.323975>) requested data for lock!
[21:12:50] Player (NicFit, 76561198086129271)(<6930.353516, 58.084438, 3689.323975>) requested data for lock!
[21:15:54] Player (NicFit, 76561198086129271)(<6936.567383, 67.163727, 3710.621094>) requested data for lock!
[21:16:03] Player (NicFit, 76561198086129271)(<6936.567383, 67.163727, 3710.621094>) requested data for lock!
[21:19:15] Player (NicFit, 76561198086129271)(<6930.353516, 58.084438, 3689.323975>) requested data for lock!
[21:20:09] Player (MrSolomon, 76561198055735611)(<4637.936035, 274.913544, 6776.699707>) requested data for lock!
[21:21:49] Player (MrSolomon, 76561198055735611)(<4637.936035, 274.913544, 6776.699707>) requested data for lock!
[21:21:54] Player (MrSolomon, 76561198055735611)(<4641.005371, 273.700958, 6782.635742>) requested data for lock!
[21:22:10] Player (MrSolomon, 76561198055735611)(<4634.869629, 273.700989, 6777.288574>) requested data for lock!
[21:22:32] Player (MrSolomon, 76561198055735611)(<4637.936035, 274.913544, 6776.699707>) requested data for lock!
[21:24:15] Player (MrSolomon, 76561198055735611)(<4615.306152, 274.906586, 6809.859375>) requested data for lock!
[21:28:28] Player (NicFit, 76561198086129271)(<6930.353516, 58.084438, 3689.323975>) requested data for lock!
[21:31:18] Player (NicFit, 76561198086129271)(<6943.061035, 58.101555, 3688.918213>) requested data for lock!
[21:31:44] Player (NicFit, 76561198086129271)(<6943.061035, 58.101555, 3688.918213>) requested data for lock!
[21:33:15] Player (NicFit, 76561198086129271)(<6943.061035, 58.101555, 3688.918213>) requested data for lock!
[21:33:43] Player (NicFit, 76561198086129271)(<6930.353516, 58.084438, 3689.323975>) requested data for lock!
[21:35:11] Player (NicFit, 76561198086129271)(<6930.353516, 58.084438, 3689.323975>) requested data for lock!
[21:35:33] Player (NicFit, 76561198086129271)(<6930.353516, 58.084438, 3689.323975>) requested data for lock!
[21:37:27] Player (NicFit, 76561198086129271)(<6930.353516, 58.084438, 3689.323975>) requested data for lock!
[21:38:00] Player (NicFit, 76561198086129271)(<6930.353516, 58.084438, 3689.323975>) requested data for lock!
[21:39:11] Player (Hyale, 76561197994452607)(<5442.709961, 311.571472, 7599.707520>) requested data for lock!
[21:39:16] Player (Hyale, 76561197994452607)(<5442.709961, 311.571472, 7599.707520>) requested data for lock!
[21:39:22] Player (Hyale, 76561197994452607)(<5448.877930, 311.571045, 7610.001465>) requested data for lock!
[21:44:11] Player (Hyale, 76561197994452607)(<5442.709961, 311.571472, 7599.707520>) requested data for lock!
[21:44:25] Player (Hyale, 76561197994452607)(<5442.709961, 311.571472, 7599.707520>) requested data for lock!
[21:45:35] Player (Hyale, 76561197994452607)(<5448.877930, 311.571045, 7610.001465>) requested data for lock!
[21:47:16] Player (NicFit, 76561198086129271)(<6943.061035, 58.101555, 3688.918213>) requested data for lock!
[21:47:26] Player (PuMa, 76561198129278616)(<5442.709961, 311.571472, 7599.707520>) requested data for lock!
[21:47:31] Player (PuMa, 76561198129278616)(<5442.709961, 311.571472, 7599.707520>) requested data for lock!
[21:52:46] Player (Hyale, 76561197994452607)(<5447.747559, 310.269196, 7603.798828>) requested data for lock!
[21:53:26] Player (Korwiin, 76561198013080573)(<3711.371826, 305.015656, 8279.054688>) requested data for lock!
[21:54:35] Player (Korwiin, 76561198013080573)(<3697.718750, 305.022583, 8241.563477>) requested data for lock!
[21:55:19] Player (Hyale, 76561197994452607)(<5448.877930, 311.571045, 7610.001465>) requested data for lock!
[21:55:33] Player (Hyale, 76561197994452607)(<5447.747559, 310.269196, 7603.798828>) requested data for lock!
[21:55:38] Player (Hyale, 76561197994452607)(<5447.747559, 310.269196, 7603.798828>) requested data for lock!
[03-13-2021][22.01.19] Log file reloaded ( Server Restart )
[22:17:54] Player (Jordan, 76561198999593356)(<4055.655273, 298.210052, 7282.211914>) requested data for lock!
[22:18:57] Player (Korwiin, 76561198013080573)(<3697.718750, 305.022583, 8241.563477>) requested data for lock!
[22:19:57] Player (Hyale, 76561197994452607)(<5442.709961, 311.571472, 7599.707520>) requested data for lock!
[22:21:30] Player (Jordan, 76561198999593356)(<4055.655273, 298.210052, 7282.211914>) requested data for lock!
[22:21:36] Player (Hyale, 76561197994452607)(<5442.709961, 311.571472, 7599.707520>) requested data for lock!
[22:22:47] Player (Hyale, 76561197994452607)(<5442.709961, 311.571472, 7599.707520>) requested data for lock!
[22:23:23] Player (Hyale, 76561197994452607)(<5448.877930, 311.571045, 7610.001465>) requested data for lock!
[22:23:41] Player (Hyale, 76561197994452607)(<5448.877930, 311.571045, 7610.001465>) requested data for lock!
[22:24:28] Player (Jordan, 76561198999593356)(<4058.673340, 295.269470, 7274.879395>) requested data for lock!
[22:24:45] Player (Hyale, 76561197994452607)(<5448.877930, 311.571045, 7610.001465>) requested data for lock!
[22:24:58] Player (Hyale, 76561197994452607)(<5442.709961, 311.571472, 7599.707520>) requested data for lock!
[22:25:13] Player (Hyale, 76561197994452607)(<5442.709961, 311.571472, 7599.707520>) requested data for lock!
[22:25:42] Player (Hyale, 76561197994452607)(<5442.709961, 311.571472, 7599.707520>) requested data for lock!
[22:28:50] Player (Jordan, 76561198999593356)(<4055.655273, 298.210052, 7282.211914>) requested data for lock!
[22:31:07] Player (Jordan, 76561198999593356)(<4055.655273, 298.210052, 7282.211914>) requested data for lock!
[22:31:16] Player (Hyale, 76561197994452607)(<5442.709961, 311.571472, 7599.707520>) requested data for lock!
[22:34:10] Player (Jordan, 76561198999593356)(<4073.893311, 295.269257, 7275.131348>) requested data for lock!
[22:34:27] Player (Jordan, 76561198999593356)(<4073.893311, 295.269257, 7275.131348>) requested data for lock!
[22:34:32] Player (Jordan, 76561198999593356)(<4073.893311, 295.269257, 7275.131348>) requested data for lock!
[22:34:37] Player (Jordan, 76561198999593356)(<4073.893311, 295.269257, 7275.131348>) requested data for lock!
[22:35:08] Player (Jordan, 76561198999593356)(<4058.673340, 295.269470, 7274.879395>) requested data for lock!
[22:35:15] Player (Jordan, 76561198999593356)(<4055.655273, 298.210052, 7282.211914>) requested data for lock!
[22:41:37] Player (JevBurns, 76561198068395829)(<5022.194336, 333.529724, 7453.034180>) requested data for lock!
[22:49:12] Player (JevBurns, 76561198068395829)(<5022.194336, 333.529724, 7453.034180>) requested data for lock!
[22:57:50] Player (Hyale, 76561197994452607)(<5442.709961, 311.571472, 7599.707520>) requested data for lock!
[22:59:35] Player (Hyale, 76561197994452607)(<5442.709961, 311.571472, 7599.707520>) requested data for lock!
[23:03:47] Player (PuMa, 76561198129278616)(<5777.135742, 319.912506, 7899.190430>) requested data for lock!
[23:03:52] Player (PuMa, 76561198129278616)(<5777.135742, 319.912506, 7899.190430>) requested data for lock!
[23:07:53] Player (PuMa, 76561198129278616)(<5784.315430, 321.506073, 7897.572754>) requested data for lock!
[23:07:58] Player (PuMa, 76561198129278616)(<5784.315430, 321.506073, 7897.572754>) requested data for lock!
[23:11:23] Player (PuMa, 76561198129278616)(<5784.315430, 321.506073, 7897.572754>) requested data for lock!
[23:20:34] Player (NicFit, 76561198086129271)(<6930.353516, 58.084438, 3689.323975>) requested data for lock!
[23:22:59] Player (PuMa, 76561198129278616)(<5448.877930, 311.571045, 7610.001465>) requested data for lock!
[23:23:37] Player (Hyale, 76561197994452607)(<5447.487793, 310.278656, 7603.849609>) requested data for lock!
[23:25:11] Player (NicFit, 76561198086129271)(<6930.353516, 58.084438, 3689.323975>) requested data for lock!
[23:32:38] Player (NicFit, 76561198086129271)(<6943.061035, 58.101555, 3688.918213>) requested data for lock!
[23:32:48] Player (NicFit, 76561198086129271)(<6930.353516, 58.084438, 3689.323975>) requested data for lock!
[23:33:07] Player (NicFit, 76561198086129271)(<6930.353516, 58.084438, 3689.323975>) requested data for lock!
[23:35:23] Player (NicFit, 76561198086129271)(<6943.061035, 58.101555, 3688.918213>) requested data for lock!
[23:36:08] Player (NicFit, 76561198086129271)(<6936.567383, 67.163727, 3710.621094>) requested data for lock!
[23:37:08] Player (grizzly bear, 76561198839448946)(<6560.407227, 335.906067, 9332.355469>) requested data for lock!
[23:44:10] Player (PuMa, 76561198129278616)(<5790.838379, 321.655212, 7881.000000>) requested data for lock!
[23:44:15] Player (PuMa, 76561198129278616)(<5790.838379, 321.655212, 7881.000000>) requested data for lock!
[23:47:36] Player (PuMa, 76561198129278616)(<5790.838379, 321.655212, 7881.000000>) requested data for lock!
[23:47:48] Player (PuMa, 76561198129278616)(<5790.838379, 321.655212, 7881.000000>) requested data for lock!
[23:48:50] Player (grizzly bear, 76561198839448946)(<6543.575684, 335.003296, 9327.412109>) requested data for lock!
[23:48:55] Player (grizzly bear, 76561198839448946)(<6543.575684, 335.003296, 9327.412109>) requested data for lock!
[23:49:07] Player (grizzly bear, 76561198839448946)(<6546.868164, 335.189972, 9330.886719>) requested data for lock!
[23:49:12] Player (grizzly bear, 76561198839448946)(<6546.868164, 335.189972, 9330.886719>) requested data for lock!
[23:49:24] Player (grizzly bear, 76561198839448946)(<6550.174316, 335.422028, 9334.314453>) requested data for lock!
[23:49:29] Player (grizzly bear, 76561198839448946)(<6550.174316, 335.422028, 9334.314453>) requested data for lock!
[23:49:34] Player (grizzly bear, 76561198839448946)(<6550.174316, 335.422028, 9334.314453>) requested data for lock!
[23:50:46] Player (grizzly bear, 76561198839448946)(<6543.575684, 335.003296, 9327.412109>) requested data for lock!
[23:51:00] Player (grizzly bear, 76561198839448946)(<6560.407227, 335.906067, 9332.355469>) requested data for lock!
[23:54:46] Player (PuMa, 76561198129278616)(<5790.838379, 321.655212, 7881.000000>) requested data for lock!
[23:57:46] Player (PuMa, 76561198129278616)(<5777.135742, 319.912506, 7899.190430>) requested data for lock!
[23:58:30] Player (PuMa, 76561198129278616)(<5777.135742, 319.912506, 7899.190430>) requested data for lock!
[03-13-2021][23.59.21] Log file reloaded ( Server Restart )
[00:13:48] Player (PuMa, 76561198129278616)(<5777.135742, 319.912506, 7899.190430>) requested data for lock!
[00:14:03] Player (PuMa, 76561198129278616)(<5784.315430, 321.506073, 7897.572754>) requested data for lock!
[00:22:47] Player (PuMa, 76561198129278616)(<5784.315430, 321.506073, 7897.572754>) requested data for lock!
[00:22:53] Player (PuMa, 76561198129278616)(<5777.135742, 319.912506, 7899.190430>) requested data for lock!
[00:22:58] Player (PuMa, 76561198129278616)(<5777.135742, 319.912506, 7899.190430>) requested data for lock!
[00:23:04] Player (PuMa, 76561198129278616)(<5777.135742, 319.912506, 7899.190430>) requested data for lock!
[00:23:11] Player (PuMa, 76561198129278616)(<5777.135742, 319.912506, 7899.190430>) requested data for lock!
[00:23:51] Player (Jordan, 76561198999593356)(<4073.893311, 295.269257, 7275.131348>) requested data for lock!
[00:25:08] Player (PuMa, 76561198129278616)(<5784.315430, 321.506073, 7897.572754>) requested data for lock!
[00:29:34] Player (Jordan, 76561198999593356)(<4058.673340, 295.269470, 7274.879395>) requested data for lock!
[00:29:40] Player (Jordan, 76561198999593356)(<4058.673340, 295.269470, 7274.879395>) requested data for lock!
[00:31:45] Player (Prophecy, 76561198990415902)(<5255.075684, 306.017731, 5502.657715>) requested data for lock!
[00:31:50] Player (Prophecy, 76561198990415902)(<5272.670410, 308.993317, 5505.040527>) requested data for lock!
[00:32:00] Player (Prophecy, 76561198990415902)(<5262.404297, 308.807892, 5506.635254>) requested data for lock!
[00:33:21] Player (Prophecy, 76561198990415902)(<5262.404297, 308.807892, 5506.635254>) requested data for lock!
[00:33:29] Player (Prophecy, 76561198990415902)(<5262.404297, 308.807892, 5506.635254>) requested data for lock!
[00:33:36] Player (Prophecy, 76561198990415902)(<5262.404297, 308.807892, 5506.635254>) requested data for lock!
[00:33:53] Player (Prophecy, 76561198990415902)(<5262.404297, 308.807892, 5506.635254>) requested data for lock!
[00:33:58] Player (Prophecy, 76561198990415902)(<5262.404297, 308.807892, 5506.635254>) requested data for lock!
[00:34:08] Player (Prophecy, 76561198990415902)(<5262.404297, 308.807892, 5506.635254>) requested data for lock!
[00:34:15] Player (JevBurns, 76561198068395829)(<4058.673340, 295.269470, 7274.879395>) requested data for lock!
[00:34:20] Player (JevBurns, 76561198068395829)(<4058.673340, 295.269470, 7274.879395>) requested data for lock!
[00:34:26] Player (Jordan, 76561198999593356)(<4073.893311, 295.269257, 7275.131348>) requested data for lock!
[00:34:26] Player (JevBurns, 76561198068395829)(<4058.673340, 295.269470, 7274.879395>) requested data for lock!
[00:34:32] Player (Prophecy, 76561198990415902)(<5272.670410, 308.993317, 5505.040527>) requested data for lock!
[00:34:33] Player (Jordan, 76561198999593356)(<4055.655273, 298.210052, 7282.211914>) requested data for lock!
[00:34:40] Player (JevBurns, 76561198068395829)(<4073.893311, 295.269257, 7275.131348>) requested data for lock!
[00:34:43] Player (Prophecy, 76561198990415902)(<5268.548340, 306.574585, 5517.510742>) requested data for lock!
[00:34:44] Player (Jordan, 76561198999593356)(<4058.673340, 295.269470, 7274.879395>) requested data for lock!
[00:34:45] Player (JevBurns, 76561198068395829)(<4073.893311, 295.269257, 7275.131348>) requested data for lock!
[00:35:08] Player (Jordan, 76561198999593356)(<4058.673340, 295.269470, 7274.879395>) requested data for lock!
[00:35:26] Player (JevBurns, 76561198068395829)(<4073.893311, 295.269257, 7275.131348>) requested data for lock!
[00:35:45] Player (Jordan, 76561198999593356)(<4073.893311, 295.269257, 7275.131348>) requested data for lock!
[00:35:54] Player (Jordan, 76561198999593356)(<4058.673340, 295.269470, 7274.879395>) requested data for lock!
[00:36:00] Player (Jordan, 76561198999593356)(<4055.655273, 298.210052, 7282.211914>) requested data for lock!
[00:36:21] Player (Prophecy, 76561198990415902)(<5255.075684, 306.017731, 5502.657715>) requested data for lock!
[00:36:28] Player (JevBurns, 76561198068395829)(<4073.893311, 295.269257, 7275.131348>) requested data for lock!
[00:36:41] Player (Prophecy, 76561198990415902)(<4073.893311, 295.269257, 7275.131348>) requested data for lock!
[00:39:48] Player (Jordan, 76561198999593356)(<4073.893311, 295.269257, 7275.131348>) requested data for lock!
[00:43:47] Player (Jordan, 76561198999593356)(<4055.655273, 298.210052, 7282.211914>) requested data for lock!
[00:43:54] Player (Jordan, 76561198999593356)(<4073.893311, 295.269257, 7275.131348>) requested data for lock!
[00:47:32] Player (Jordan, 76561198999593356)(<4073.893311, 295.269257, 7275.131348>) requested data for lock!
[00:47:48] Player (Jordan, 76561198999593356)(<4055.655273, 298.210052, 7282.211914>) requested data for lock!
[00:48:20] Player (grizzly bear, 76561198839448946)(<4073.893311, 295.269257, 7275.131348>) requested data for lock!
[00:48:20] Player (Jordan, 76561198999593356)(<4073.893311, 295.269257, 7275.131348>) requested data for lock!
[00:48:25] Player (grizzly bear, 76561198839448946)(<4073.893311, 295.269257, 7275.131348>) requested data for lock!
[00:48:29] Player (Jordan, 76561198999593356)(<4073.893311, 295.269257, 7275.131348>) requested data for lock!
[00:48:35] Player (Jordan, 76561198999593356)(<4073.893311, 295.269257, 7275.131348>) requested data for lock!
[00:49:08] Player (Prophecy, 76561198990415902)(<4073.893311, 295.269257, 7275.131348>) requested data for lock!
[00:49:12] Player (Jordan, 76561198999593356)(<4073.893311, 295.269257, 7275.131348>) requested data for lock!
[00:49:21] Player (Jordan, 76561198999593356)(<4073.893311, 295.269257, 7275.131348>) requested data for lock!
[00:49:30] Player (Jordan, 76561198999593356)(<4055.655273, 298.210052, 7282.211914>) requested data for lock!
[00:49:36] Player (Jordan, 76561198999593356)(<4055.655273, 298.210052, 7282.211914>) requested data for lock!
[00:49:45] Player (Jordan, 76561198999593356)(<4055.655273, 298.210052, 7282.211914>) requested data for lock!
[00:49:55] Player (Jordan, 76561198999593356)(<4073.893311, 295.269257, 7275.131348>) requested data for lock!
[00:51:25] Player (NicFit, 76561198086129271)(<6933.801270, 61.110214, 3700.711426>) requested data for lock!
[00:55:37] Player (NicFit, 76561198086129271)(<6936.567383, 67.163727, 3710.621094>) requested data for lock!
[00:59:45] Player (frenchy, 76561198969225016)(<6560.407227, 335.906067, 9332.355469>) requested data for lock!
[01:01:37] Player (Korwiin, 76561198013080573)(<3697.718750, 305.022583, 8241.563477>) requested data for lock!
[01:07:20] Player (NicFit, 76561198086129271)(<6930.353516, 58.084438, 3689.323975>) requested data for lock!
[01:07:26] Player (NicFit, 76561198086129271)(<6930.353516, 58.084438, 3689.323975>) requested data for lock!
[01:08:22] Player (NicFit, 76561198086129271)(<6930.353516, 58.084438, 3689.323975>) requested data for lock!
[01:08:27] Player (NicFit, 76561198086129271)(<6930.353516, 58.084438, 3689.323975>) requested data for lock!
[01:09:40] Player (frenchy, 76561198969225016)(<6550.174316, 335.422028, 9334.314453>) requested data for lock!
[01:09:42] Player (NicFit, 76561198086129271)(<6936.567383, 67.163727, 3710.621094>) requested data for lock!
[01:09:45] Player (frenchy, 76561198969225016)(<6550.174316, 335.422028, 9334.314453>) requested data for lock!
[01:10:20] Player (NicFit, 76561198086129271)(<6936.567383, 67.163727, 3710.621094>) requested data for lock!
[01:10:25] Player (NicFit, 76561198086129271)(<6936.567383, 67.163727, 3710.621094>) requested data for lock!
[01:13:14] Player (NicFit, 76561198086129271)(<6943.061035, 58.101555, 3688.918213>) requested data for lock!
[01:13:46] Player (NicFit, 76561198086129271)(<6930.353516, 58.084438, 3689.323975>) requested data for lock!
[01:15:31] Player (Prophecy, 76561198990415902)(<5255.075684, 306.017731, 5502.657715>) requested data for lock!
[01:17:23] Player (Prophecy, 76561198990415902)(<5262.404297, 308.807892, 5506.635254>) requested data for lock!
[01:17:28] Player (Prophecy, 76561198990415902)(<5264.449707, 308.807892, 5503.083984>) requested data for lock!
[01:17:33] Player (Prophecy, 76561198990415902)(<5262.404297, 308.807892, 5506.635254>) requested data for lock!
[01:18:35] Player (NicFit, 76561198086129271)(<6937.594238, 58.649269, 3680.769775>) requested data for lock!
[01:20:12] Player (Prophecy, 76561198990415902)(<5268.548340, 306.574585, 5517.510742>) requested data for lock!
[01:21:59] Player (Prophecy, 76561198990415902)(<5277.693359, 306.573822, 5517.387695>) requested data for lock!
[01:23:02] Player (Jordan, 76561198999593356)(<4073.893311, 295.269257, 7275.131348>) requested data for lock!
[01:23:16] Player (Jordan, 76561198999593356)(<4058.673340, 295.269470, 7274.879395>) requested data for lock!
[01:23:26] Player (Jordan, 76561198999593356)(<4055.655273, 298.210052, 7282.211914>) requested data for lock!
[01:24:06] Player (Prophecy, 76561198990415902)(<5277.693359, 306.573822, 5517.387695>) requested data for lock!
[01:27:00] Player (Prophecy, 76561198990415902)(<5268.548340, 306.574585, 5517.510742>) requested data for lock!
[01:29:08] Player (Jordan, 76561198999593356)(<4073.893311, 295.269257, 7275.131348>) requested data for lock!
[01:31:44] Player (Prophecy, 76561198990415902)(<5268.548340, 306.574585, 5517.510742>) requested data for lock!
[01:32:25] Player (grizzly bear, 76561198839448946)(<6550.174316, 335.422028, 9334.314453>) requested data for lock!
[01:35:56] Player (NicFit, 76561198086129271)(<6930.353516, 58.084438, 3689.323975>) requested data for lock!
[01:36:50] Player (Prophecy, 76561198990415902)(<5268.548340, 306.574585, 5517.510742>) requested data for lock!
[01:37:02] Player (Prophecy, 76561198990415902)(<5264.449707, 308.807892, 5503.083984>) requested data for lock!
[01:37:12] Player (Prophecy, 76561198990415902)(<5269.379883, 306.578033, 5508.738770>) requested data for lock!
[01:37:43] Player (Jordan, 76561198999593356)(<4055.655273, 298.210052, 7282.211914>) requested data for lock!
[01:37:44] Player (NicFit, 76561198086129271)(<6930.353516, 58.084438, 3689.323975>) requested data for lock!
[01:39:43] Player (Prophecy, 76561198990415902)(<5255.075684, 306.017731, 5502.657715>) requested data for lock!
[01:45:00] Player (Prophecy, 76561198990415902)(<5264.449707, 308.807892, 5503.083984>) requested data for lock!
[01:45:35] Player (Prophecy, 76561198990415902)(<5262.404297, 308.807892, 5506.635254>) requested data for lock!
[01:45:40] Player (Prophecy, 76561198990415902)(<5269.379883, 306.578033, 5508.738770>) requested data for lock!
[01:47:00] Player (Prophecy, 76561198990415902)(<5268.548340, 306.574585, 5517.510742>) requested data for lock!
[01:48:19] Player (grizzly bear, 76561198839448946)(<6558.626953, 337.750977, 9319.615234>) requested data for lock!
[01:48:24] Player (grizzly bear, 76561198839448946)(<6558.626953, 337.750977, 9319.615234>) requested data for lock!
[01:48:29] Player (grizzly bear, 76561198839448946)(<6558.626953, 337.750977, 9319.615234>) requested data for lock!
[01:48:34] Player (grizzly bear, 76561198839448946)(<6558.626953, 337.750977, 9319.615234>) requested data for lock!
[01:48:43] Player (grizzly bear, 76561198839448946)(<6558.626953, 337.750977, 9319.615234>) requested data for lock!
[01:48:52] Player (frenchy, 76561198969225016)(<6558.626953, 337.750977, 9319.615234>) requested data for lock!
[01:52:12] Player (grizzly bear, 76561198839448946)(<6550.174316, 335.422028, 9334.314453>) requested data for lock!
[01:52:28] Player (Prophecy, 76561198990415902)(<5262.404297, 308.807892, 5506.635254>) requested data for lock!
[01:53:55] Player (grizzly bear, 76561198839448946)(<6546.868164, 335.189972, 9330.886719>) requested data for lock!
[01:54:00] Player (grizzly bear, 76561198839448946)(<6543.575684, 335.003296, 9327.412109>) requested data for lock!
[01:54:21] Player (Prophecy, 76561198990415902)(<5264.449707, 308.807892, 5503.083984>) requested data for lock!
[01:55:20] Player (Prophecy, 76561198990415902)(<5264.449707, 308.807892, 5503.083984>) requested data for lock!
[01:55:30] Player (Prophecy, 76561198990415902)(<5264.449707, 308.807892, 5503.083984>) requested data for lock!
[01:55:33] Player (grizzly bear, 76561198839448946)(<6558.626953, 337.750977, 9319.615234>) requested data for lock!
[01:55:35] Player (Prophecy, 76561198990415902)(<5264.449707, 308.807892, 5503.083984>) requested data for lock!
[01:55:40] Player (Prophecy, 76561198990415902)(<5264.449707, 308.807892, 5503.083984>) requested data for lock!
[01:55:46] Player (Prophecy, 76561198990415902)(<5264.449707, 308.807892, 5503.083984>) requested data for lock!
[01:55:52] Player (Prophecy, 76561198990415902)(<5262.404297, 308.807892, 5506.635254>) requested data for lock!
[01:55:57] Player (Prophecy, 76561198990415902)(<5264.449707, 308.807892, 5503.083984>) requested data for lock!
[01:56:08] Player (Prophecy, 76561198990415902)(<5262.404297, 308.807892, 5506.635254>) requested data for lock!
[01:56:22] Player (Prophecy, 76561198990415902)(<5268.548340, 306.574585, 5517.510742>) requested data for lock!
[01:57:36] Player (Prophecy, 76561198990415902)(<5277.693359, 306.573822, 5517.387695>) requested data for lock!
[01:58:27] Player (NicFit, 76561198086129271)(<6933.153320, 58.022518, 3674.160889>) requested data for lock!
[01:58:37] Player (grizzly bear, 76561198839448946)(<6560.407227, 335.906067, 9332.355469>) requested data for lock!
[01:58:50] Player (NicFit, 76561198086129271)(<6930.353516, 58.084438, 3689.323975>) requested data for lock!
[01:58:55] Player (NicFit, 76561198086129271)(<6930.353516, 58.084438, 3689.323975>) requested data for lock!
