[04-22-2021][02.00.56] New Synch Log File Created!
[04-22-2021][02.04.51] Log file reloaded ( Server Restart )
[02:08:06] Player ((SKS) Jordan, 76561198999593356)(<3632.454834, 300.723511, 8580.231445>) requested data for lock!
[02:14:18] Player ([SKS]Cpt.Kebab, 76561198162344833)(<3632.454834, 300.723511, 8580.231445>) requested data for lock!
[02:14:39] Player ([SKS]Cpt.Kebab, 76561198162344833)(<3632.454834, 300.723511, 8580.231445>) requested data for lock!
[04-22-2021][02.38.00] Log file reloaded ( Server Restart )
[04-22-2021][03.05.08] Log file reloaded ( Server Restart )
[03:14:32] Player ((SKS) Jordan, 76561198999593356)(<3632.454834, 300.723511, 8580.231445>) requested data for lock!
[03:20:17] Player ([EHC] Schnukkibaby, 76561198086725669)(<2611.166260, 253.217545, 5957.155273>) requested data for lock!
[03:20:22] Player ([EHC] Schnukkibaby, 76561198086725669)(<2611.166260, 253.217545, 5957.155273>) requested data for lock!
[03:20:27] Player ([EHC]Death, 76561198979058621)(<2611.166260, 253.217545, 5957.155273>) requested data for lock!
[03:20:32] Player ([EHC]Death, 76561198979058621)(<2611.166260, 253.217545, 5957.155273>) requested data for lock!
[03:20:37] Player ([EHC]Death, 76561198979058621)(<2611.166260, 253.217545, 5957.155273>) requested data for lock!
[03:29:46] Player ((SKS) Jordan, 76561198999593356)(<3632.454834, 300.723511, 8580.231445>) requested data for lock!
[03:51:23] Player ((SKS) Jordan, 76561198999593356)(<3632.454834, 300.723511, 8580.231445>) requested data for lock!
[04:28:59] Player (R@st@n@tor, 76561198035432577)(<5826.017090, 473.942108, 15232.216797>) requested data for lock!
[04:31:31] Player (R@st@n@tor, 76561198035432577)(<5826.017090, 473.942108, 15232.216797>) requested data for lock!
[04:32:33] Player (R@st@n@tor, 76561198035432577)(<5826.017090, 473.942108, 15232.216797>) requested data for lock!
[04:32:39] Player (R@st@n@tor, 76561198035432577)(<5826.017090, 473.942108, 15232.216797>) requested data for lock!
[04:41:52] Player (R@st@n@tor, 76561198035432577)(<5826.017090, 473.942108, 15232.216797>) requested data for lock!
[05:14:08] Player (R@st@n@tor, 76561198035432577)(<5826.017090, 473.942108, 15232.216797>) requested data for lock!
[05:14:24] Player (R@st@n@tor, 76561198035432577)(<5826.017090, 473.942108, 15232.216797>) requested data for lock!
[05:18:43] Player (R@st@n@tor, 76561198035432577)(<5826.017090, 473.942108, 15232.216797>) requested data for lock!
[05:34:16] Player (R@st@n@tor, 76561198035432577)(<5826.017090, 473.942108, 15232.216797>) requested data for lock!
[04-22-2021][06.01.00] Log file reloaded ( Server Restart )
[06:02:40] Player (Bernd, 76561197965508404)(<4637.850098, 343.870514, 5556.823242>) requested data for lock!
[04-22-2021][06.18.28] Log file reloaded ( Server Restart )
[06:52:40] Player (Papirkutya, 76561198152771835)(<1687.444214, 172.741333, 5103.818359>) requested data for lock!
[06:52:45] Player (Papirkutya, 76561198152771835)(<1687.444214, 172.741333, 5103.818359>) requested data for lock!
[06:56:06] Player (Papirkutya, 76561198152771835)(<1687.444214, 172.741333, 5103.818359>) requested data for lock!
[06:56:14] Player (Papirkutya, 76561198152771835)(<1687.444214, 172.741333, 5103.818359>) requested data for lock!
[06:58:28] Player (Papirkutya, 76561198152771835)(<1687.444214, 172.741333, 5103.818359>) requested data for lock!
[08:12:11] Player (Bernd, 76561197965508404)(<4637.850098, 343.870514, 5556.823242>) requested data for lock!
[08:49:49] Player (Papirkutya, 76561198152771835)(<1687.444214, 172.741333, 5103.818359>) requested data for lock!
[09:20:31] Player (Dr. Dingleberry, 76561198223714820)(<8230.761719, 472.400391, 9045.271484>) requested data for lock!
[09:20:51] Player (Dr. Dingleberry, 76561198223714820)(<8233.718750, 472.400177, 9040.050781>) requested data for lock!
[09:21:10] Player (Dr. Dingleberry, 76561198223714820)(<8230.761719, 472.400391, 9045.271484>) requested data for lock!
[09:21:59] Player (Dr. Dingleberry, 76561198223714820)(<8233.718750, 472.400177, 9040.050781>) requested data for lock!
[09:22:32] Player (Dr. Dingleberry, 76561198223714820)(<8230.761719, 472.400391, 9045.271484>) requested data for lock!
[09:22:47] Player (Dr. Dingleberry, 76561198223714820)(<8230.761719, 472.400391, 9045.271484>) requested data for lock!
[09:24:44] Player (Dr. Dingleberry, 76561198223714820)(<8230.761719, 472.400391, 9045.271484>) requested data for lock!
[09:32:16] Player (Papirkutya, 76561198152771835)(<1687.444214, 172.741333, 5103.818359>) requested data for lock!
[09:32:52] Player (Papirkutya, 76561198152771835)(<1687.444214, 172.741333, 5103.818359>) requested data for lock!
[09:32:59] Player (Papirkutya, 76561198152771835)(<1687.444214, 172.741333, 5103.818359>) requested data for lock!
[04-22-2021][10.01.26] Log file reloaded ( Server Restart )
[10:02:51] Player (Dr. Dingleberry, 76561198223714820)(<8232.020508, 475.488892, 9042.658203>) requested data for lock!
[10:02:56] Player (Dr. Dingleberry, 76561198223714820)(<8232.020508, 475.488892, 9042.658203>) requested data for lock!
[10:03:51] Player (Dr. Dingleberry, 76561198223714820)(<8230.761719, 472.400391, 9045.271484>) requested data for lock!
[10:07:40] Player (Dr. Dingleberry, 76561198223714820)(<8230.761719, 472.400391, 9045.271484>) requested data for lock!
[10:09:48] Player (Dr. Dingleberry, 76561198223714820)(<8230.761719, 472.400391, 9045.271484>) requested data for lock!
[10:11:25] Player (Dr. Dingleberry, 76561198223714820)(<8232.020508, 475.488892, 9042.658203>) requested data for lock!
[10:13:26] Player (Dr. Dingleberry, 76561198223714820)(<8230.761719, 472.400391, 9045.271484>) requested data for lock!
[10:13:39] Player (Dr. Dingleberry, 76561198223714820)(<8230.761719, 472.400391, 9045.271484>) requested data for lock!
[10:13:44] Player (Dr. Dingleberry, 76561198223714820)(<8230.761719, 472.400391, 9045.271484>) requested data for lock!
[10:14:30] Player (Dr. Dingleberry, 76561198223714820)(<8230.761719, 472.400391, 9045.271484>) requested data for lock!
[10:15:48] Player (Dr. Dingleberry, 76561198223714820)(<8233.718750, 472.400177, 9040.050781>) requested data for lock!
[10:18:17] Player (Papirkutya, 76561198152771835)(<1687.444214, 172.741333, 5103.818359>) requested data for lock!
[10:18:23] Player (Papirkutya, 76561198152771835)(<1687.444214, 172.741333, 5103.818359>) requested data for lock!
[10:18:28] Player (Papirkutya, 76561198152771835)(<1687.444214, 172.741333, 5103.818359>) requested data for lock!
[10:18:51] Player (Papirkutya, 76561198152771835)(<1687.444214, 172.741333, 5103.818359>) requested data for lock!
[10:18:53] Player (Dr. Dingleberry, 76561198223714820)(<8232.020508, 475.488892, 9042.658203>) requested data for lock!
[10:20:10] Player (Dr. Dingleberry, 76561198223714820)(<8230.761719, 472.400391, 9045.271484>) requested data for lock!
[10:20:40] Player (Papirkutya, 76561198152771835)(<1687.444214, 172.741333, 5103.818359>) requested data for lock!
[10:28:33] Player (Papirkutya, 76561198152771835)(<2611.166260, 253.217545, 5957.155273>) requested data for lock!
[10:41:24] Player (MrLuX, 76561197991428971)(<6477.238770, 322.528839, 6185.375488>) requested data for lock!
[10:42:51] Player (MrLuX, 76561197991428971)(<6477.238770, 322.528839, 6185.375488>) requested data for lock!
[10:45:44] Player (Papirkutya, 76561198152771835)(<1687.444214, 172.741333, 5103.818359>) requested data for lock!
[10:47:36] Player (MrLuX, 76561197991428971)(<6477.238770, 322.528839, 6185.375488>) requested data for lock!
[10:49:10] Player (Papirkutya, 76561198152771835)(<1687.444214, 172.741333, 5103.818359>) requested data for lock!
[10:49:31] Player (MrLuX, 76561197991428971)(<6477.238770, 322.528839, 6185.375488>) requested data for lock!
[10:49:48] Player (MrLuX, 76561197991428971)(<6443.471680, 322.522644, 6197.124512>) requested data for lock!
[10:50:14] Player (MrLuX, 76561197991428971)(<6443.471680, 322.522644, 6197.124512>) requested data for lock!
[10:57:25] Player (Papirkutya, 76561198152771835)(<1687.444214, 172.741333, 5103.818359>) requested data for lock!
[11:10:04] Player (Jones, 76561199148015671)(<3665.036865, 312.028992, 8924.185547>) requested data for lock!
[11:10:11] Player (Jones, 76561199148015671)(<3665.036865, 312.028992, 8924.185547>) requested data for lock!
[11:10:16] Player (Jones, 76561199148015671)(<3665.036865, 312.028992, 8924.185547>) requested data for lock!
[11:12:49] Player (Jones, 76561199148015671)(<3665.036865, 312.028992, 8924.185547>) requested data for lock!
[11:16:38] Player (Jones, 76561199148015671)(<3665.036865, 312.028992, 8924.185547>) requested data for lock!
[11:29:08] Player (Papirkutya, 76561198152771835)(<1687.444214, 172.741333, 5103.818359>) requested data for lock!
[11:37:50] Player (KatanaBanana, 76561198165336762)(<13413.091797, 4.151521, 2833.253662>) requested data for lock!
[11:37:59] Player (frenchy, 76561198969225016)(<13413.091797, 4.151521, 2833.253662>) requested data for lock!
[11:39:26] Player (KatanaBanana, 76561198165336762)(<13406.865234, 5.030781, 2819.980957>) requested data for lock!
[11:42:40] Player (Papirkutya, 76561198152771835)(<1687.444214, 172.741333, 5103.818359>) requested data for lock!
[11:47:56] Player (Papirkutya, 76561198152771835)(<1687.444214, 172.741333, 5103.818359>) requested data for lock!
[12:06:41] Player (Papirkutya, 76561198152771835)(<1687.444214, 172.741333, 5103.818359>) requested data for lock!
[12:07:35] Player (Papirkutya, 76561198152771835)(<1687.444214, 172.741333, 5103.818359>) requested data for lock!
[04-22-2021][12.08.45] Log file reloaded ( Server Restart )
[12:16:51] Player (Bernd, 76561197965508404)(<4637.850098, 343.870514, 5556.823242>) requested data for lock!
[12:21:52] Player (Papirkutya, 76561198152771835)(<1687.444214, 172.741333, 5103.818359>) requested data for lock!
[12:21:58] Player (Papirkutya, 76561198152771835)(<1687.444214, 172.741333, 5103.818359>) requested data for lock!
[12:22:03] Player (Papirkutya, 76561198152771835)(<1687.444214, 172.741333, 5103.818359>) requested data for lock!
[12:37:20] Player (Bernd, 76561197965508404)(<4637.850098, 343.870514, 5556.823242>) requested data for lock!
[12:37:58] Player (Bernd, 76561197965508404)(<4637.850098, 343.870514, 5556.823242>) requested data for lock!
[12:38:48] Player (Bernd, 76561197965508404)(<4637.850098, 343.870514, 5556.823242>) requested data for lock!
[12:39:40] Player (Bernd, 76561197965508404)(<4637.850098, 343.870514, 5556.823242>) requested data for lock!
[12:43:52] Player (Bernd, 76561197965508404)(<4637.850098, 343.870514, 5556.823242>) requested data for lock!
[12:44:02] Player (Bernd, 76561197965508404)(<4641.330566, 343.868713, 5567.028809>) requested data for lock!
[12:44:07] Player (Bernd, 76561197965508404)(<4641.330566, 343.868713, 5567.028809>) requested data for lock!
[12:45:19] Player (Jev, 76561198068395829)(<13406.710938, 5.101233, 2805.313965>) requested data for lock!
[12:45:59] Player (Bernd, 76561197965508404)(<4635.143555, 343.867828, 5572.605957>) requested data for lock!
[12:46:04] Player (Bernd, 76561197965508404)(<4635.143555, 343.867828, 5572.605957>) requested data for lock!
[12:46:10] Player (Bernd, 76561197965508404)(<4635.143555, 343.867828, 5572.605957>) requested data for lock!
[12:46:15] Player (Bernd, 76561197965508404)(<4635.143555, 343.867828, 5572.605957>) requested data for lock!
[12:49:21] Player (Bernd, 76561197965508404)(<4641.330566, 343.868713, 5567.028809>) requested data for lock!
[12:49:49] Player (Bernd, 76561197965508404)(<4641.330566, 343.868713, 5567.028809>) requested data for lock!
[12:51:30] Player (Bernd, 76561197965508404)(<4632.500000, 343.874756, 5532.767090>) requested data for lock!
[12:51:35] Player (Bernd, 76561197965508404)(<4632.500000, 343.874756, 5532.767090>) requested data for lock!
[12:53:57] Player (Bernd, 76561197965508404)(<4635.143555, 343.867828, 5572.605957>) requested data for lock!
[12:54:02] Player (Bernd, 76561197965508404)(<4635.143555, 343.867828, 5572.605957>) requested data for lock!
[12:54:07] Player (Bernd, 76561197965508404)(<4635.143555, 343.867828, 5572.605957>) requested data for lock!
[12:54:18] Player (Bernd, 76561197965508404)(<4635.143555, 343.867828, 5572.605957>) requested data for lock!
[12:54:52] Player (Papirkutya, 76561198152771835)(<1687.444214, 172.741333, 5103.818359>) requested data for lock!
[12:54:57] Player (Papirkutya, 76561198152771835)(<1687.444214, 172.741333, 5103.818359>) requested data for lock!
[12:54:59] Player (Bernd, 76561197965508404)(<4635.143555, 343.867828, 5572.605957>) requested data for lock!
[12:55:05] Player (frenchy, 76561198969225016)(<13413.091797, 4.151521, 2833.253662>) requested data for lock!
[12:55:44] Player (Bernd, 76561197965508404)(<4635.143555, 343.867828, 5572.605957>) requested data for lock!
[12:55:52] Player (Bernd, 76561197965508404)(<4635.143555, 343.867828, 5572.605957>) requested data for lock!
[12:55:57] Player (Bernd, 76561197965508404)(<4635.143555, 343.867828, 5572.605957>) requested data for lock!
[12:56:06] Player (Bernd, 76561197965508404)(<4635.143555, 343.867828, 5572.605957>) requested data for lock!
[12:56:11] Player (Bernd, 76561197965508404)(<4635.143555, 343.867828, 5572.605957>) requested data for lock!
[12:56:29] Player (Bernd, 76561197965508404)(<4637.850098, 343.870514, 5556.823242>) requested data for lock!
[12:56:37] Player (Bernd, 76561197965508404)(<4641.330566, 343.868713, 5567.028809>) requested data for lock!
[13:13:43] Player (Bernd, 76561197965508404)(<4641.330566, 343.868713, 5567.028809>) requested data for lock!
[13:14:58] Player (Bernd, 76561197965508404)(<4641.330566, 343.868713, 5567.028809>) requested data for lock!
[13:15:37] Player (Bernd, 76561197965508404)(<4635.143555, 343.867828, 5572.605957>) requested data for lock!
[13:17:45] Player (Bernd, 76561197965508404)(<4637.850098, 343.870514, 5556.823242>) requested data for lock!
[13:20:33] Player (Bernd, 76561197965508404)(<4632.500000, 343.874756, 5532.767090>) requested data for lock!
[13:20:38] Player (Bernd, 76561197965508404)(<4632.500000, 343.874756, 5532.767090>) requested data for lock!
[13:20:43] Player (Bernd, 76561197965508404)(<4632.500000, 343.874756, 5532.767090>) requested data for lock!
[13:24:45] Player (Bernd, 76561197965508404)(<4635.143555, 343.867828, 5572.605957>) requested data for lock!
[13:24:50] Player (Bernd, 76561197965508404)(<4635.143555, 343.867828, 5572.605957>) requested data for lock!
[13:35:13] Player (libertine09, 76561198198409010)(<13818.583008, 2.868771, 11150.428711>) requested data for lock!
[13:38:23] Player (MrLuX, 76561197991428971)(<6443.471680, 322.522644, 6197.124512>) requested data for lock!
[13:39:03] Player (MrLuX, 76561197991428971)(<6477.238770, 322.528839, 6185.375488>) requested data for lock!
[13:40:37] Player (olafski, 76561198016450533)(<3660.689941, 312.030304, 8918.222656>) requested data for lock!
[13:44:12] Player (Bernd, 76561197965508404)(<4632.620605, 343.874725, 5532.953125>) requested data for lock!
[13:44:30] Player (frenchy, 76561198969225016)(<4641.330566, 343.868713, 5567.028809>) requested data for lock!
[13:45:33] Player (Bernd, 76561197965508404)(<4635.113770, 343.867798, 5572.645996>) requested data for lock!
[13:47:04] Player (frenchy, 76561198969225016)(<4635.113770, 343.867798, 5572.645996>) requested data for lock!
[13:47:24] Player (Bernd, 76561197965508404)(<4635.113770, 343.867798, 5572.645996>) requested data for lock!
[13:48:05] Player (Bernd, 76561197965508404)(<4641.330566, 343.868713, 5567.028809>) requested data for lock!
[13:48:10] Player (Bernd, 76561197965508404)(<4641.330566, 343.868713, 5567.028809>) requested data for lock!
[13:48:17] Player (Bernd, 76561197965508404)(<4635.113770, 343.867798, 5572.645996>) requested data for lock!
[13:49:42] Player (Bernd, 76561197965508404)(<4635.113770, 343.867798, 5572.645996>) requested data for lock!
[13:52:06] Player (Bernd, 76561197965508404)(<4635.113770, 343.867798, 5572.645996>) requested data for lock!
[13:52:22] Player (Bernd, 76561197965508404)(<4635.113770, 343.867798, 5572.645996>) requested data for lock!
[13:55:40] Player (Bernd, 76561197965508404)(<4635.113770, 343.867798, 5572.645996>) requested data for lock!
[13:56:37] Player (Bernd, 76561197965508404)(<4635.113770, 343.867798, 5572.645996>) requested data for lock!
[13:57:18] Player (Bernd, 76561197965508404)(<4635.113770, 343.867798, 5572.645996>) requested data for lock!
[04-22-2021][14.01.17] Log file reloaded ( Server Restart )
[14:06:00] Player (MrLuX, 76561197991428971)(<6443.471680, 322.522644, 6197.124512>) requested data for lock!
[14:07:48] Player (MrLuX, 76561197991428971)(<6443.471680, 322.522644, 6197.124512>) requested data for lock!
[14:10:11] Player (MrLuX, 76561197991428971)(<6443.471680, 322.522644, 6197.124512>) requested data for lock!
[14:27:49] Player (KEKAS, 76561198059393283)(<6443.471680, 322.522644, 6197.124512>) requested data for lock!
[14:34:43] Player (Bernd, 76561197965508404)(<4635.113770, 343.867798, 5572.645996>) requested data for lock!
[14:35:17] Player (Bernd, 76561197965508404)(<4635.113770, 343.867798, 5572.645996>) requested data for lock!
[14:37:07] Player (Dr. Dingleberry, 76561198223714820)(<8230.761719, 472.400391, 9045.271484>) requested data for lock!
[14:37:16] Player (Dr. Dingleberry, 76561198223714820)(<8230.761719, 472.400391, 9045.271484>) requested data for lock!
[14:37:21] Player (Dr. Dingleberry, 76561198223714820)(<8233.718750, 472.400177, 9040.050781>) requested data for lock!
[14:38:31] Player (Bernd, 76561197965508404)(<4635.113770, 343.867798, 5572.645996>) requested data for lock!
[14:38:56] Player (MrLuX, 76561197991428971)(<6443.471680, 322.522644, 6197.124512>) requested data for lock!
[14:39:02] Player (Dr. Dingleberry, 76561198223714820)(<8233.718750, 472.400177, 9040.050781>) requested data for lock!
[14:39:02] Player (Bernd, 76561197965508404)(<4635.113770, 343.867798, 5572.645996>) requested data for lock!
[14:39:15] Player (Bernd, 76561197965508404)(<4635.113770, 343.867798, 5572.645996>) requested data for lock!
[14:39:35] Player (Bernd, 76561197965508404)(<4637.850098, 343.870514, 5556.823242>) requested data for lock!
[14:39:50] Player (Bernd, 76561197965508404)(<4635.113770, 343.867798, 5572.645996>) requested data for lock!
[14:40:00] Player (Bernd, 76561197965508404)(<4635.113770, 343.867798, 5572.645996>) requested data for lock!
[14:40:05] Player (Bernd, 76561197965508404)(<4635.113770, 343.867798, 5572.645996>) requested data for lock!
[14:40:11] Player (Bernd, 76561197965508404)(<4635.113770, 343.867798, 5572.645996>) requested data for lock!
[14:40:18] Player (KEKAS, 76561198059393283)(<6443.471680, 322.522644, 6197.124512>) requested data for lock!
[14:40:25] Player (Bernd, 76561197965508404)(<4635.113770, 343.867798, 5572.645996>) requested data for lock!
[14:40:33] Player (Bernd, 76561197965508404)(<4635.113770, 343.867798, 5572.645996>) requested data for lock!
[14:40:39] Player (Bernd, 76561197965508404)(<4635.113770, 343.867798, 5572.645996>) requested data for lock!
[14:40:53] Player (MrLuX, 76561197991428971)(<6443.471680, 322.522644, 6197.124512>) requested data for lock!
[14:41:56] Player (KEKAS, 76561198059393283)(<6443.471680, 322.522644, 6197.124512>) requested data for lock!
[14:44:51] Player (Bernd, 76561197965508404)(<4635.113770, 343.867798, 5572.645996>) requested data for lock!
[14:45:20] Player (Bernd, 76561197965508404)(<4635.113770, 343.867798, 5572.645996>) requested data for lock!
[14:47:13] Player (Bernd, 76561197965508404)(<4635.113770, 343.867798, 5572.645996>) requested data for lock!
[14:47:21] Player (Bernd, 76561197965508404)(<4635.113770, 343.867798, 5572.645996>) requested data for lock!
[14:47:32] Player (Bernd, 76561197965508404)(<4635.113770, 343.867798, 5572.645996>) requested data for lock!
[14:47:58] Player (KEKAS, 76561198059393283)(<6443.471680, 322.522644, 6197.124512>) requested data for lock!
[14:48:13] Player (Bernd, 76561197965508404)(<4635.113770, 343.867798, 5572.645996>) requested data for lock!
[14:49:40] Player (Bernd, 76561197965508404)(<4635.113770, 343.867798, 5572.645996>) requested data for lock!
[14:50:03] Player (Bernd, 76561197965508404)(<4635.113770, 343.867798, 5572.645996>) requested data for lock!
[14:50:09] Player (Bernd, 76561197965508404)(<4635.113770, 343.867798, 5572.645996>) requested data for lock!
[14:50:18] Player (Bernd, 76561197965508404)(<4635.113770, 343.867798, 5572.645996>) requested data for lock!
[14:51:43] Player (Bernd, 76561197965508404)(<4635.113770, 343.867798, 5572.645996>) requested data for lock!
[14:51:48] Player (Bernd, 76561197965508404)(<4635.113770, 343.867798, 5572.645996>) requested data for lock!
[14:52:47] Player (Bernd, 76561197965508404)(<4641.330566, 343.868713, 5567.028809>) requested data for lock!
[14:53:26] Player (Bernd, 76561197965508404)(<4641.330566, 343.868713, 5567.028809>) requested data for lock!
[14:53:40] Player (GeePee, 76561198143562963)(<6628.018555, 140.872925, 12662.052734>) requested data for lock!
[14:54:08] Player (GeePee, 76561198143562963)(<6628.018555, 140.872925, 12662.052734>) requested data for lock!
[14:54:09] Player (Bernd, 76561197965508404)(<4635.113770, 343.867798, 5572.645996>) requested data for lock!
[14:54:15] Player (Bernd, 76561197965508404)(<4635.113770, 343.867798, 5572.645996>) requested data for lock!
[14:55:13] Player (KEKAS, 76561198059393283)(<6443.471680, 322.522644, 6197.124512>) requested data for lock!
[14:55:14] Player (GeePee, 76561198143562963)(<6628.018555, 140.872925, 12662.052734>) requested data for lock!
[14:55:56] Player (Bernd, 76561197965508404)(<4641.330566, 343.868713, 5567.028809>) requested data for lock!
[14:56:30] Player (KEKAS, 76561198059393283)(<6443.471680, 322.522644, 6197.124512>) requested data for lock!
[14:57:14] Player (GeePee, 76561198143562963)(<6628.018555, 140.872925, 12662.052734>) requested data for lock!
[14:57:38] Player (Bernd, 76561197965508404)(<4641.330566, 343.868713, 5567.028809>) requested data for lock!
[14:58:14] Player (Bernd, 76561197965508404)(<4641.330566, 343.868713, 5567.028809>) requested data for lock!
[15:00:43] Player (Bernd, 76561197965508404)(<4641.330566, 343.868713, 5567.028809>) requested data for lock!
[15:01:41] Player (MrLuX, 76561197991428971)(<6443.471680, 322.522644, 6197.124512>) requested data for lock!
[15:01:57] Player (Bernd, 76561197965508404)(<4641.330566, 343.868713, 5567.028809>) requested data for lock!
[15:02:21] Player (MrLuX, 76561197991428971)(<6443.471680, 322.522644, 6197.124512>) requested data for lock!
[15:02:35] Player ([EHC] Schnukkibaby, 76561198086725669)(<2611.166260, 253.217545, 5957.155273>) requested data for lock!
[15:02:51] Player (Bernd, 76561197965508404)(<4635.113770, 343.867798, 5572.645996>) requested data for lock!
[15:03:08] Player (GeePee, 76561198143562963)(<6628.018555, 140.872925, 12662.052734>) requested data for lock!
[15:03:26] Player ([EHC]Death, 76561198979058621)(<2611.166260, 253.217545, 5957.155273>) requested data for lock!
[15:03:32] Player (MrLuX, 76561197991428971)(<6443.471680, 322.522644, 6197.124512>) requested data for lock!
[15:03:51] Player (KEKAS, 76561198059393283)(<6443.471680, 322.522644, 6197.124512>) requested data for lock!
[15:03:56] Player (KEKAS, 76561198059393283)(<6443.471680, 322.522644, 6197.124512>) requested data for lock!
[15:04:27] Player (GeePee, 76561198143562963)(<6628.018555, 140.872925, 12662.052734>) requested data for lock!
[15:07:26] Player (MrLuX, 76561197991428971)(<6443.471680, 322.522644, 6197.124512>) requested data for lock!
[04-22-2021][15.08.56] Log file reloaded ( Server Restart )
[15:12:27] Player ([EHC] Schnukkibaby, 76561198086725669)(<2611.166260, 253.217545, 5957.155273>) requested data for lock!
[15:32:39] Player (KEKAS, 76561198059393283)(<6443.471680, 322.522644, 6197.124512>) requested data for lock!
[15:32:52] Player (KEKAS, 76561198059393283)(<6443.471680, 322.522644, 6197.124512>) requested data for lock!
[15:35:55] Player (Gh0sty, 76561198254602740)(<11568.832031, 58.254963, 14736.054688>) requested data for lock!
[15:36:01] Player (Gh0sty, 76561198254602740)(<11568.832031, 58.254963, 14736.054688>) requested data for lock!
[15:36:06] Player (Gh0sty, 76561198254602740)(<11559.628906, 58.255852, 14741.737305>) requested data for lock!
[15:36:11] Player (Gh0sty, 76561198254602740)(<11559.628906, 58.255852, 14741.737305>) requested data for lock!
[15:36:16] Player (Gh0sty, 76561198254602740)(<11559.628906, 58.255852, 14741.737305>) requested data for lock!
[15:36:45] Player (Gh0sty, 76561198254602740)(<11559.628906, 58.255852, 14741.737305>) requested data for lock!
[15:37:10] Player (Gh0sty, 76561198254602740)(<11568.832031, 58.254963, 14736.054688>) requested data for lock!
[15:37:56] Player (Gh0sty, 76561198254602740)(<11568.832031, 58.254963, 14736.054688>) requested data for lock!
[15:40:44] Player (Gh0sty, 76561198254602740)(<11568.832031, 58.254963, 14736.054688>) requested data for lock!
[15:41:34] Player (Gh0sty, 76561198254602740)(<11568.832031, 58.254963, 14736.054688>) requested data for lock!
[15:42:18] Player (Gh0sty, 76561198254602740)(<11568.832031, 58.254963, 14736.054688>) requested data for lock!
[15:43:41] Player (Gh0sty, 76561198254602740)(<11568.832031, 58.254963, 14736.054688>) requested data for lock!
[15:49:11] Player ([EHC]Death, 76561198979058621)(<2614.613281, 253.217743, 5952.231934>) requested data for lock!
[15:49:16] Player ([EHC]Death, 76561198979058621)(<2614.613281, 253.217743, 5952.231934>) requested data for lock!
[15:49:21] Player ([EHC]Death, 76561198979058621)(<2614.613281, 253.217743, 5952.231934>) requested data for lock!
[15:49:26] Player ([EHC]Death, 76561198979058621)(<2614.613281, 253.217743, 5952.231934>) requested data for lock!
[15:49:31] Player ([EHC] Schnukkibaby, 76561198086725669)(<2614.613281, 253.217743, 5952.231934>) requested data for lock!
[15:49:31] Player ([EHC]Death, 76561198979058621)(<2614.613281, 253.217743, 5952.231934>) requested data for lock!
[15:49:36] Player ([EHC] Schnukkibaby, 76561198086725669)(<2614.613281, 253.217743, 5952.231934>) requested data for lock!
[15:49:36] Player ([EHC]Death, 76561198979058621)(<2614.613281, 253.217743, 5952.231934>) requested data for lock!
[15:49:47] Player ([EHC]Death, 76561198979058621)(<2614.613281, 253.217743, 5952.231934>) requested data for lock!
[15:49:47] Player ([EHC] Schnukkibaby, 76561198086725669)(<2614.613281, 253.217743, 5952.231934>) requested data for lock!
[15:49:52] Player ([EHC]Death, 76561198979058621)(<2614.613281, 253.217743, 5952.231934>) requested data for lock!
[15:49:52] Player ([EHC] Schnukkibaby, 76561198086725669)(<2614.613281, 253.217743, 5952.231934>) requested data for lock!
[15:49:57] Player ([EHC]Death, 76561198979058621)(<2614.613281, 253.217743, 5952.231934>) requested data for lock!
[15:49:59] Player (Gh0sty, 76561198254602740)(<11568.832031, 58.254963, 14736.054688>) requested data for lock!
[15:50:04] Player ([EHC]Death, 76561198979058621)(<2614.613281, 253.217743, 5952.231934>) requested data for lock!
[15:50:05] Player (Gh0sty, 76561198254602740)(<11568.832031, 58.254963, 14736.054688>) requested data for lock!
[15:50:52] Player (Dr. Dingleberry, 76561198223714820)(<13818.583008, 2.868771, 11150.428711>) requested data for lock!
[15:50:55] Player (libertine09, 76561198198409010)(<13818.583008, 2.868771, 11150.428711>) requested data for lock!
[15:50:57] Player (Gh0sty, 76561198254602740)(<11559.628906, 58.255852, 14741.737305>) requested data for lock!
[15:51:06] Player (Gh0sty, 76561198254602740)(<11568.832031, 58.254963, 14736.054688>) requested data for lock!
[15:51:11] Player (Gh0sty, 76561198254602740)(<11568.832031, 58.254963, 14736.054688>) requested data for lock!
[15:51:16] Player (Gh0sty, 76561198254602740)(<11568.832031, 58.254963, 14736.054688>) requested data for lock!
[15:51:21] Player (Gh0sty, 76561198254602740)(<11568.832031, 58.254963, 14736.054688>) requested data for lock!
[15:51:27] Player (Gh0sty, 76561198254602740)(<11568.832031, 58.254963, 14736.054688>) requested data for lock!
[15:52:11] Player ([EHC]Death, 76561198979058621)(<2614.613281, 253.217743, 5952.231934>) requested data for lock!
[15:52:21] Player (Gh0sty, 76561198254602740)(<11568.832031, 58.254963, 14736.054688>) requested data for lock!
[15:52:52] Player ([EHC]Death, 76561198979058621)(<2611.166260, 253.217545, 5957.155273>) requested data for lock!
[15:53:06] Player ([EHC] Schnukkibaby, 76561198086725669)(<2611.166260, 253.217545, 5957.155273>) requested data for lock!
[15:53:12] Player (Gh0sty, 76561198254602740)(<11568.832031, 58.254963, 14736.054688>) requested data for lock!
[15:53:19] Player (Gh0sty, 76561198254602740)(<11559.628906, 58.255852, 14741.737305>) requested data for lock!
[15:53:46] Player (Gh0sty, 76561198254602740)(<11562.992188, 89.243744, 14744.842773>) requested data for lock!
[15:54:33] Player (Gh0sty, 76561198254602740)(<11559.628906, 58.255852, 14741.737305>) requested data for lock!
[15:54:38] Player (Gh0sty, 76561198254602740)(<11568.832031, 58.254963, 14736.054688>) requested data for lock!
[15:56:50] Player (R@st@n@tor, 76561198035432577)(<5826.017090, 473.942108, 15232.216797>) requested data for lock!
[16:01:00] Player (R@st@n@tor, 76561198035432577)(<5826.017090, 473.942108, 15232.216797>) requested data for lock!
[16:09:11] Player (Bernd, 76561197965508404)(<4641.330566, 343.868713, 5567.028809>) requested data for lock!
[16:11:39] Player ([SKS]Cpt.Kebab, 76561198162344833)(<3632.454834, 300.723511, 8580.231445>) requested data for lock!
[16:12:54] Player ([SKS]Cpt.Kebab, 76561198162344833)(<3632.454834, 300.723511, 8580.231445>) requested data for lock!
[16:17:59] Player (Bernd, 76561197965508404)(<4635.113770, 343.867798, 5572.645996>) requested data for lock!
[16:18:23] Player (Bernd, 76561197965508404)(<4637.850098, 343.870514, 5556.823242>) requested data for lock!
[16:19:56] Player (Bernd, 76561197965508404)(<4635.113770, 343.867798, 5572.645996>) requested data for lock!
[16:20:54] Player (Bernd, 76561197965508404)(<4632.620605, 343.874725, 5532.953125>) requested data for lock!
[16:21:31] Player ([EHC] Schnukkibaby, 76561198086725669)(<2611.166260, 253.217545, 5957.155273>) requested data for lock!
[16:23:41] Player (Bernd, 76561197965508404)(<4637.335449, 343.872009, 5548.257324>) requested data for lock!
[16:23:46] Player (Bernd, 76561197965508404)(<4637.335449, 343.872009, 5548.257324>) requested data for lock!
[16:32:48] Player (KEKAS, 76561198059393283)(<6443.471680, 322.522644, 6197.124512>) requested data for lock!
[16:33:16] Player (KEKAS, 76561198059393283)(<6443.471680, 322.522644, 6197.124512>) requested data for lock!
[16:35:24] Player (Bernd, 76561197965508404)(<4641.330566, 343.868713, 5567.028809>) requested data for lock!
[16:36:34] Player (R@st@n@tor, 76561198035432577)(<5826.017090, 473.942108, 15232.216797>) requested data for lock!
[16:36:52] Player (R@st@n@tor, 76561198035432577)(<5826.017090, 473.942108, 15232.216797>) requested data for lock!
[16:37:29] Player (Bernd, 76561197965508404)(<4637.335449, 343.872009, 5548.257324>) requested data for lock!
[16:37:37] Player (Bernd, 76561197965508404)(<4641.330566, 343.868713, 5567.028809>) requested data for lock!
[16:46:22] Player (Bernd, 76561197965508404)(<4635.113770, 343.867798, 5572.645996>) requested data for lock!
[16:46:27] Player (Bernd, 76561197965508404)(<4637.850098, 343.870514, 5556.823242>) requested data for lock!
[16:47:06] Player (Bernd, 76561197965508404)(<4637.335449, 343.872009, 5548.257324>) requested data for lock!
[16:48:46] Player (Chris.P.Duck, 76561199048973301)(<5089.782715, 289.264679, 6355.929688>) requested data for lock!
[16:49:33] Player (Bernd, 76561197965508404)(<4637.850098, 343.870514, 5556.823242>) requested data for lock!
[16:59:43] Player ([EHC] Schnukkibaby, 76561198086725669)(<2611.166260, 253.217545, 5957.155273>) requested data for lock!
[17:00:30] Player ([EHC] Schnukkibaby, 76561198086725669)(<2611.166260, 253.217545, 5957.155273>) requested data for lock!
[17:00:34] Player (Bernd, 76561197965508404)(<4641.330566, 343.868713, 5567.028809>) requested data for lock!
[17:03:08] Player (Bernd, 76561197965508404)(<4637.335449, 343.872009, 5548.257324>) requested data for lock!
[17:08:19] Player (Gh0sty, 76561198254602740)(<11568.832031, 58.254963, 14736.054688>) requested data for lock!
[17:08:26] Player (Gh0sty, 76561198254602740)(<11559.628906, 58.255852, 14741.737305>) requested data for lock!
[17:09:49] Player (Bernd, 76561197965508404)(<4637.850098, 343.870514, 5556.823242>) requested data for lock!
[17:09:59] Player (Bernd, 76561197965508404)(<4637.850098, 343.870514, 5556.823242>) requested data for lock!
[17:13:04] Player (Bernd, 76561197965508404)(<4637.335449, 343.872009, 5548.257324>) requested data for lock!
[17:14:07] Player (Bernd, 76561197965508404)(<4641.330566, 343.868713, 5567.028809>) requested data for lock!
[17:15:06] Player (Bernd, 76561197965508404)(<4641.330566, 343.868713, 5567.028809>) requested data for lock!
[17:17:20] Player ([SKS]Cpt.Kebab, 76561198162344833)(<3632.454834, 300.723511, 8580.231445>) requested data for lock!
[17:17:57] Player (Chris.P.Duck, 76561199048973301)(<5089.782715, 289.264679, 6355.929688>) requested data for lock!
[17:19:47] Player (Bernd, 76561197965508404)(<4641.330566, 343.868713, 5567.028809>) requested data for lock!
[17:20:37] Player (Bernd, 76561197965508404)(<4635.113770, 343.867798, 5572.645996>) requested data for lock!
[17:20:42] Player (Bernd, 76561197965508404)(<4635.113770, 343.867798, 5572.645996>) requested data for lock!
[17:20:47] Player (Bernd, 76561197965508404)(<4635.113770, 343.867798, 5572.645996>) requested data for lock!
[17:21:02] Player (Chris.P.Duck, 76561199048973301)(<5089.782715, 289.264679, 6355.929688>) requested data for lock!
[17:23:25] Player (Chris.P.Duck, 76561199048973301)(<5089.782715, 289.264679, 6355.929688>) requested data for lock!
[17:23:36] Player (Chris.P.Duck, 76561199048973301)(<5089.782715, 289.264679, 6355.929688>) requested data for lock!
[17:23:41] Player (Chris.P.Duck, 76561199048973301)(<5089.782715, 289.264679, 6355.929688>) requested data for lock!
[17:23:54] Player (MrLuX, 76561197991428971)(<6443.471680, 322.522644, 6197.124512>) requested data for lock!
[17:24:09] Player (Chris.P.Duck, 76561199048973301)(<5089.782715, 289.264679, 6355.929688>) requested data for lock!
[17:24:17] Player (MrLuX, 76561197991428971)(<6443.471680, 322.522644, 6197.124512>) requested data for lock!
[17:24:55] Player (MrLuX, 76561197991428971)(<6443.471680, 322.522644, 6197.124512>) requested data for lock!
[17:29:56] Player (MrLuX, 76561197991428971)(<6443.471680, 322.522644, 6197.124512>) requested data for lock!
[17:32:45] Player (Gh0sty, 76561198254602740)(<11559.628906, 58.255852, 14741.737305>) requested data for lock!
[17:32:50] Player (Gh0sty, 76561198254602740)(<11559.628906, 58.255852, 14741.737305>) requested data for lock!
[17:32:56] Player (Gh0sty, 76561198254602740)(<11559.628906, 58.255852, 14741.737305>) requested data for lock!
[17:33:27] Player (Gh0sty, 76561198254602740)(<11562.992188, 89.243744, 14744.842773>) requested data for lock!
[17:34:37] Player (MrLuX, 76561197991428971)(<6443.471680, 322.522644, 6197.124512>) requested data for lock!
[17:35:00] Player (MrLuX, 76561197991428971)(<6443.471680, 322.522644, 6197.124512>) requested data for lock!
[17:35:19] Player (MrLuX, 76561197991428971)(<6477.238770, 322.528839, 6185.375488>) requested data for lock!
[17:35:52] Player (MrLuX, 76561197991428971)(<6443.471680, 322.522644, 6197.124512>) requested data for lock!
[17:36:01] Player (MrLuX, 76561197991428971)(<6443.471680, 322.522644, 6197.124512>) requested data for lock!
[17:36:52] Player (libertine09, 76561198198409010)(<13818.583008, 2.868771, 11150.428711>) requested data for lock!
[17:38:04] Player (MrLuX, 76561197991428971)(<6443.471680, 322.522644, 6197.124512>) requested data for lock!
[17:39:11] Player (MrLuX, 76561197991428971)(<6443.471680, 322.522644, 6197.124512>) requested data for lock!
[17:39:16] Player (MrLuX, 76561197991428971)(<6443.471680, 322.522644, 6197.124512>) requested data for lock!
[17:39:22] Player (Gh0sty, 76561198254602740)(<11559.628906, 58.255852, 14741.737305>) requested data for lock!
[17:39:28] Player (Gh0sty, 76561198254602740)(<11568.832031, 58.254963, 14736.054688>) requested data for lock!
[17:39:50] Player (Gh0sty, 76561198254602740)(<11568.832031, 58.254963, 14736.054688>) requested data for lock!
[17:39:55] Player (Gh0sty, 76561198254602740)(<11559.628906, 58.255852, 14741.737305>) requested data for lock!
[17:40:00] Player ([EHC] Schnukkibaby, 76561198086725669)(<2614.613281, 253.217743, 5952.231934>) requested data for lock!
[17:40:13] Player ([EHC] Schnukkibaby, 76561198086725669)(<2614.613281, 253.217743, 5952.231934>) requested data for lock!
[17:40:19] Player (Gh0sty, 76561198254602740)(<11562.992188, 89.243744, 14744.842773>) requested data for lock!
[17:41:47] Player (Gh0sty, 76561198254602740)(<11559.628906, 58.255852, 14741.737305>) requested data for lock!
[17:41:52] Player (Gh0sty, 76561198254602740)(<11559.628906, 58.255852, 14741.737305>) requested data for lock!
[17:41:58] Player (Gh0sty, 76561198254602740)(<11559.628906, 58.255852, 14741.737305>) requested data for lock!
[17:42:05] Player (Gh0sty, 76561198254602740)(<11568.832031, 58.254963, 14736.054688>) requested data for lock!
[17:42:19] Player (MrLuX, 76561197991428971)(<6443.471680, 322.522644, 6197.124512>) requested data for lock!
[17:42:22] Player ([EHC]Death, 76561198979058621)(<2614.613281, 253.217743, 5952.231934>) requested data for lock!
[17:42:26] Player (MrLuX, 76561197991428971)(<6443.471680, 322.522644, 6197.124512>) requested data for lock!
[17:42:55] Player (MrLuX, 76561197991428971)(<6443.471680, 322.522644, 6197.124512>) requested data for lock!
[17:43:00] Player (MrLuX, 76561197991428971)(<6443.471680, 322.522644, 6197.124512>) requested data for lock!
[17:43:07] Player (MrLuX, 76561197991428971)(<6443.471680, 322.522644, 6197.124512>) requested data for lock!
[17:43:12] Player (MrLuX, 76561197991428971)(<6443.471680, 322.522644, 6197.124512>) requested data for lock!
[17:43:17] Player (MrLuX, 76561197991428971)(<6443.471680, 322.522644, 6197.124512>) requested data for lock!
[17:44:00] Player (MrLuX, 76561197991428971)(<6443.471680, 322.522644, 6197.124512>) requested data for lock!
[17:44:42] Player (Flashheart, 76561198037023350)(<2947.503418, 268.759644, 9377.390625>) requested data for lock!
[17:44:47] Player (Flashheart, 76561198037023350)(<2947.503418, 268.759644, 9377.390625>) requested data for lock!
[17:45:06] Player (Flashheart, 76561198037023350)(<2947.503418, 268.759644, 9377.390625>) requested data for lock!
[17:45:12] Player (Flashheart, 76561198037023350)(<2947.503418, 268.759644, 9377.390625>) requested data for lock!
[17:46:20] Player (MrLuX, 76561197991428971)(<6443.471680, 322.522644, 6197.124512>) requested data for lock!
[17:46:22] Player (Flashheart, 76561198037023350)(<2932.424561, 269.645721, 9370.888672>) requested data for lock!
[17:46:36] Player (MrLuX, 76561197991428971)(<6443.471680, 322.522644, 6197.124512>) requested data for lock!
[17:46:55] Player (MrLuX, 76561197991428971)(<6443.471680, 322.522644, 6197.124512>) requested data for lock!
[17:47:08] Player (MrLuX, 76561197991428971)(<6443.471680, 322.522644, 6197.124512>) requested data for lock!
[17:47:20] Player (MrLuX, 76561197991428971)(<6443.471680, 322.522644, 6197.124512>) requested data for lock!
[17:47:23] Player (Flashheart, 76561198037023350)(<2947.503418, 268.759644, 9377.390625>) requested data for lock!
[17:49:05] Player (MrLuX, 76561197991428971)(<6443.471680, 322.522644, 6197.124512>) requested data for lock!
[17:50:08] Player (MrLuX, 76561197991428971)(<6443.471680, 322.522644, 6197.124512>) requested data for lock!
[17:50:28] Player (MrLuX, 76561197991428971)(<6443.471680, 322.522644, 6197.124512>) requested data for lock!
[17:52:09] Player (libertine09, 76561198198409010)(<13831.146484, 1.238570, 11153.537109>) requested data for lock!
[17:52:14] Player (libertine09, 76561198198409010)(<13831.146484, 1.238570, 11153.537109>) requested data for lock!
[17:52:15] Player (Dr. Dingleberry, 76561198223714820)(<13831.146484, 1.238570, 11153.537109>) requested data for lock!
[17:52:19] Player (libertine09, 76561198198409010)(<13831.146484, 1.238570, 11153.537109>) requested data for lock!
[17:52:42] Player (libertine09, 76561198198409010)(<13831.146484, 1.238570, 11153.537109>) requested data for lock!
[17:52:47] Player (Flashheart, 76561198037023350)(<2947.503418, 268.759644, 9377.390625>) requested data for lock!
[17:53:44] Player (libertine09, 76561198198409010)(<13831.146484, 1.238570, 11153.537109>) requested data for lock!
[17:53:49] Player (libertine09, 76561198198409010)(<13831.146484, 1.238570, 11153.537109>) requested data for lock!
[17:55:14] Player (MrLuX, 76561197991428971)(<6443.471680, 322.522644, 6197.124512>) requested data for lock!
[17:56:06] Player (MrLuX, 76561197991428971)(<6443.471680, 322.522644, 6197.124512>) requested data for lock!
[17:57:06] Player (MrLuX, 76561197991428971)(<6443.471680, 322.522644, 6197.124512>) requested data for lock!
[17:57:11] Player (MrLuX, 76561197991428971)(<6443.471680, 322.522644, 6197.124512>) requested data for lock!
[17:58:10] Player ([EHC]Death, 76561198979058621)(<2614.613281, 253.217743, 5952.231934>) requested data for lock!
[17:58:13] Player (MrLuX, 76561197991428971)(<6443.471680, 322.522644, 6197.124512>) requested data for lock!
[17:58:18] Player (MrLuX, 76561197991428971)(<6443.471680, 322.522644, 6197.124512>) requested data for lock!
[17:58:29] Player (MrLuX, 76561197991428971)(<6443.471680, 322.522644, 6197.124512>) requested data for lock!
[04-22-2021][18.00.56] Log file reloaded ( Server Restart )
[18:03:21] Player ([EHC]Death, 76561198979058621)(<2614.613281, 253.217743, 5952.231934>) requested data for lock!
[18:03:37] Player (Flashheart, 76561198037023350)(<2947.503418, 268.759644, 9377.390625>) requested data for lock!
[18:04:10] Player (Flashheart, 76561198037023350)(<2947.503418, 268.759644, 9377.390625>) requested data for lock!
[18:04:16] Player (Flashheart, 76561198037023350)(<2947.503418, 268.759644, 9377.390625>) requested data for lock!
[18:06:02] Player (Flashheart, 76561198037023350)(<2947.503418, 268.759644, 9377.390625>) requested data for lock!
[18:06:05] Player ([EHC] Schnukkibaby, 76561198086725669)(<2614.613281, 253.217743, 5952.231934>) requested data for lock!
[18:14:55] Player (Dr. Dingleberry, 76561198223714820)(<8230.761719, 472.400391, 9045.271484>) requested data for lock!
[18:18:08] Player (Dr. Dingleberry, 76561198223714820)(<8230.761719, 472.400391, 9045.271484>) requested data for lock!
[18:19:23] Player (frenchy, 76561198969225016)(<2614.613281, 253.217743, 5952.231934>) requested data for lock!
[18:19:54] Player ([EHC]Death, 76561198979058621)(<2614.613281, 253.217743, 5952.231934>) requested data for lock!
[18:20:23] Player (Dr. Dingleberry, 76561198223714820)(<8230.761719, 472.400391, 9045.271484>) requested data for lock!
[18:21:55] Player ([EHC] Schnukkibaby, 76561198086725669)(<2614.613281, 253.217743, 5952.231934>) requested data for lock!
[18:23:26] Player (Papirkutya, 76561198152771835)(<1687.444214, 172.741333, 5103.818359>) requested data for lock!
[18:25:42] Player (Dr. Dingleberry, 76561198223714820)(<8230.761719, 472.400391, 9045.271484>) requested data for lock!
[18:27:55] Player ([EHC]Death, 76561198979058621)(<2614.613281, 253.217743, 5952.231934>) requested data for lock!
[18:27:55] Player ([EHC] Schnukkibaby, 76561198086725669)(<2614.613281, 253.217743, 5952.231934>) requested data for lock!
[18:28:00] Player ([EHC]Death, 76561198979058621)(<2614.613281, 253.217743, 5952.231934>) requested data for lock!
[18:28:00] Player ([EHC] Schnukkibaby, 76561198086725669)(<2614.613281, 253.217743, 5952.231934>) requested data for lock!
[18:28:11] Player ([EHC]Death, 76561198979058621)(<2614.613281, 253.217743, 5952.231934>) requested data for lock!
[18:28:15] Player ([EHC] Schnukkibaby, 76561198086725669)(<2614.613281, 253.217743, 5952.231934>) requested data for lock!
[18:29:47] Player (Papirkutya, 76561198152771835)(<1687.444214, 172.741333, 5103.818359>) requested data for lock!
[18:31:14] Player (Papirkutya, 76561198152771835)(<1687.444214, 172.741333, 5103.818359>) requested data for lock!
[18:32:20] Player (Dr. Dingleberry, 76561198223714820)(<8233.718750, 472.400177, 9040.050781>) requested data for lock!
[18:50:26] Player (BlackStar, 76561198990415902)(<13406.710938, 5.101233, 2805.313965>) requested data for lock!
[18:55:28] Player (Gh0sty, 76561198254602740)(<13414.324219, 5.262732, 2820.359375>) requested data for lock!
[18:55:50] Player (R@st@n@tor, 76561198035432577)(<13421.878906, 4.693742, 2795.059570>) requested data for lock!
[18:56:01] Player (R@st@n@tor, 76561198035432577)(<13421.878906, 4.693742, 2795.059570>) requested data for lock!
[18:56:41] Player (Gh0sty, 76561198254602740)(<13413.091797, 4.151521, 2833.253662>) requested data for lock!
[19:01:22] Player ([EHC]Death, 76561198979058621)(<2614.613281, 253.217743, 5952.231934>) requested data for lock!
[19:03:35] Player (Jev, 76561198068395829)(<13413.091797, 4.151521, 2833.253662>) requested data for lock!
[19:03:40] Player (Jev, 76561198068395829)(<13413.091797, 4.151521, 2833.253662>) requested data for lock!
[19:04:12] Player (Jev, 76561198068395829)(<13413.091797, 4.151521, 2833.253662>) requested data for lock!
[19:04:24] Player (Jev, 76561198068395829)(<13413.091797, 4.151521, 2833.253662>) requested data for lock!
[19:05:12] Player (Jev, 76561198068395829)(<13414.324219, 5.262732, 2820.359375>) requested data for lock!
[19:06:32] Player (Bernd, 76561197965508404)(<4641.330566, 343.868713, 5567.028809>) requested data for lock!
[19:07:44] Player (Jev, 76561198068395829)(<13414.324219, 5.262732, 2820.359375>) requested data for lock!
[19:08:51] Player (frenchy, 76561198969225016)(<13413.091797, 4.151521, 2833.253662>) requested data for lock!
[19:09:47] Player (grizzly bear, 76561198839448946)(<13413.091797, 4.151521, 2833.253662>) requested data for lock!
[19:10:13] Player (grizzly bear, 76561198839448946)(<13414.324219, 5.262732, 2820.359375>) requested data for lock!
[19:10:38] Player (grizzly bear, 76561198839448946)(<13414.324219, 5.262732, 2820.359375>) requested data for lock!
[19:10:43] Player (Jev, 76561198068395829)(<13413.091797, 4.151521, 2833.253662>) requested data for lock!
[19:11:53] Player ([EHC]Death, 76561198979058621)(<2611.166260, 253.217545, 5957.155273>) requested data for lock!
[19:12:16] Player (grizzly bear, 76561198839448946)(<13421.878906, 4.693742, 2795.059570>) requested data for lock!
[19:12:20] Player (frenchy, 76561198969225016)(<13413.091797, 4.151521, 2833.253662>) requested data for lock!
[19:12:22] Player (grizzly bear, 76561198839448946)(<13421.878906, 4.693742, 2795.059570>) requested data for lock!
[19:12:29] Player (grizzly bear, 76561198839448946)(<13421.878906, 4.693742, 2795.059570>) requested data for lock!
[19:12:42] Player (grizzly bear, 76561198839448946)(<13421.878906, 4.693742, 2795.059570>) requested data for lock!
[19:12:45] Player (Jev, 76561198068395829)(<13413.091797, 4.151521, 2833.253662>) requested data for lock!
[19:12:49] Player (grizzly bear, 76561198839448946)(<13421.878906, 4.693742, 2795.059570>) requested data for lock!
[19:13:23] Player (grizzly bear, 76561198839448946)(<13413.091797, 4.151521, 2833.253662>) requested data for lock!
[19:14:00] Player (Jev, 76561198068395829)(<13413.091797, 4.151521, 2833.253662>) requested data for lock!
[19:14:44] Player (frenchy, 76561198969225016)(<13413.091797, 4.151521, 2833.253662>) requested data for lock!
[19:16:22] Player (Jev, 76561198068395829)(<13413.091797, 4.151521, 2833.253662>) requested data for lock!
[19:16:29] Player (frenchy, 76561198969225016)(<13421.878906, 4.693742, 2795.059570>) requested data for lock!
[19:22:06] Player (DEEZ NUTS, 76561198133603788)(<1687.444214, 172.741333, 5103.818359>) requested data for lock!
[19:22:07] Player (Papirkutya, 76561198152771835)(<1687.444214, 172.741333, 5103.818359>) requested data for lock!
[19:23:04] Player ([EHC] Schnukkibaby, 76561198086725669)(<2611.166260, 253.217545, 5957.155273>) requested data for lock!
[19:28:27] Player (grizzly bear, 76561198839448946)(<13413.091797, 4.151521, 2833.253662>) requested data for lock!
[19:28:32] Player (grizzly bear, 76561198839448946)(<13413.091797, 4.151521, 2833.253662>) requested data for lock!
[19:28:49] Player (grizzly bear, 76561198839448946)(<13413.091797, 4.151521, 2833.253662>) requested data for lock!
[19:28:52] Player (Jev, 76561198068395829)(<13425.458984, 5.585691, 2818.119629>) requested data for lock!
[19:29:01] Player (grizzly bear, 76561198839448946)(<13413.091797, 4.151521, 2833.253662>) requested data for lock!
[19:31:30] Player (Jev, 76561198068395829)(<13419.958008, 3.611454, 2804.910645>) requested data for lock!
[19:31:35] Player (Jev, 76561198068395829)(<13419.958008, 3.611454, 2804.910645>) requested data for lock!
[19:31:40] Player (Jev, 76561198068395829)(<13419.958008, 3.611454, 2804.910645>) requested data for lock!
[19:31:47] Player (Jev, 76561198068395829)(<13425.458984, 5.585691, 2818.119629>) requested data for lock!
[19:32:49] Player (grizzly bear, 76561198839448946)(<13421.878906, 4.693742, 2795.059570>) requested data for lock!
[19:32:58] Player (grizzly bear, 76561198839448946)(<13421.878906, 4.693742, 2795.059570>) requested data for lock!
[19:33:11] Player (grizzly bear, 76561198839448946)(<13419.958008, 3.611454, 2804.910645>) requested data for lock!
[19:34:01] Player (Jev, 76561198068395829)(<13425.458984, 5.585691, 2818.119629>) requested data for lock!
[19:36:25] Player ([EHC] Schnukkibaby, 76561198086725669)(<2614.613281, 253.217743, 5952.231934>) requested data for lock!
[19:36:28] Player ([EHC]Death, 76561198979058621)(<2611.166260, 253.217545, 5957.155273>) requested data for lock!
[19:37:32] Player ([EHC]Death, 76561198979058621)(<2614.613281, 253.217743, 5952.231934>) requested data for lock!
[19:38:42] Player (frenchy, 76561198969225016)(<13419.958008, 3.611454, 2804.910645>) requested data for lock!
[19:38:47] Player (frenchy, 76561198969225016)(<13419.958008, 3.611454, 2804.910645>) requested data for lock!
[19:38:52] Player (frenchy, 76561198969225016)(<13419.958008, 3.611454, 2804.910645>) requested data for lock!
[19:38:57] Player (frenchy, 76561198969225016)(<13419.958008, 3.611454, 2804.910645>) requested data for lock!
[19:42:02] Player (grizzly bear, 76561198839448946)(<13413.091797, 4.151521, 2833.253662>) requested data for lock!
[19:42:11] Player (grizzly bear, 76561198839448946)(<13413.091797, 4.151521, 2833.253662>) requested data for lock!
[19:46:31] Player (grizzly bear, 76561198839448946)(<13421.878906, 4.693742, 2795.059570>) requested data for lock!
[19:46:38] Player (grizzly bear, 76561198839448946)(<13421.878906, 4.693742, 2795.059570>) requested data for lock!
[19:46:46] Player (grizzly bear, 76561198839448946)(<13421.878906, 4.693742, 2795.059570>) requested data for lock!
[19:47:06] Player (grizzly bear, 76561198839448946)(<13419.958008, 3.611454, 2804.910645>) requested data for lock!
[19:50:45] Player ([EHC]Death, 76561198979058621)(<2614.613281, 253.217743, 5952.231934>) requested data for lock!
[19:51:05] Player ([EHC]Death, 76561198979058621)(<2611.166260, 253.217545, 5957.155273>) requested data for lock!
[19:51:31] Player (BlackStar, 76561198990415902)(<13413.091797, 4.151521, 2833.253662>) requested data for lock!
[19:51:53] Player (grizzly bear, 76561198839448946)(<13419.958008, 3.611454, 2804.910645>) requested data for lock!
[19:52:01] Player (grizzly bear, 76561198839448946)(<13421.878906, 4.693742, 2795.059570>) requested data for lock!
[19:52:06] Player (grizzly bear, 76561198839448946)(<13421.878906, 4.693742, 2795.059570>) requested data for lock!
[19:52:17] Player (grizzly bear, 76561198839448946)(<13421.878906, 4.693742, 2795.059570>) requested data for lock!
[19:52:25] Player (grizzly bear, 76561198839448946)(<13421.878906, 4.693742, 2795.059570>) requested data for lock!
[19:52:26] Player (BlackStar, 76561198990415902)(<13413.091797, 4.151521, 2833.253662>) requested data for lock!
[19:52:31] Player (BlackStar, 76561198990415902)(<13413.091797, 4.151521, 2833.253662>) requested data for lock!
[19:52:34] Player (grizzly bear, 76561198839448946)(<13421.878906, 4.693742, 2795.059570>) requested data for lock!
[19:52:48] Player (grizzly bear, 76561198839448946)(<13421.878906, 4.693742, 2795.059570>) requested data for lock!
[19:54:04] Player (grizzly bear, 76561198839448946)(<13421.878906, 4.693742, 2795.059570>) requested data for lock!
[19:54:16] Player (grizzly bear, 76561198839448946)(<13419.958008, 3.611454, 2804.910645>) requested data for lock!
[19:55:32] Player (BlackStar, 76561198990415902)(<13413.091797, 4.151521, 2833.253662>) requested data for lock!
[19:56:01] Player (grizzly bear, 76561198839448946)(<13413.091797, 4.151521, 2833.253662>) requested data for lock!
[19:56:49] Player (grizzly bear, 76561198839448946)(<13421.878906, 4.693742, 2795.059570>) requested data for lock!
[19:56:55] Player (grizzly bear, 76561198839448946)(<13421.878906, 4.693742, 2795.059570>) requested data for lock!
[19:57:05] Player (grizzly bear, 76561198839448946)(<13419.958008, 3.611454, 2804.910645>) requested data for lock!
[19:59:16] Player (frenchy, 76561198969225016)(<13413.091797, 4.151521, 2833.253662>) requested data for lock!
[20:00:25] Player ([EHC]Death, 76561198979058621)(<2611.166260, 253.217545, 5957.155273>) requested data for lock!
[20:00:54] Player (grizzly bear, 76561198839448946)(<13413.091797, 4.151521, 2833.253662>) requested data for lock!
[20:01:25] Player (grizzly bear, 76561198839448946)(<13413.091797, 4.151521, 2833.253662>) requested data for lock!
[20:04:17] Player ([EHC] Schnukkibaby, 76561198086725669)(<2611.166260, 253.217545, 5957.155273>) requested data for lock!
[20:04:35] Player ([EHC] Schnukkibaby, 76561198086725669)(<2611.166260, 253.217545, 5957.155273>) requested data for lock!
[20:04:41] Player ([EHC]Death, 76561198979058621)(<2611.166260, 253.217545, 5957.155273>) requested data for lock!
[20:04:51] Player ([EHC] Schnukkibaby, 76561198086725669)(<2614.613281, 253.217743, 5952.231934>) requested data for lock!
[20:09:36] Player (grizzly bear, 76561198839448946)(<13413.091797, 4.151521, 2833.253662>) requested data for lock!
[20:10:08] Player (grizzly bear, 76561198839448946)(<13413.091797, 4.151521, 2833.253662>) requested data for lock!
[20:11:27] Player ([SKS]Cpt.Kebab, 76561198162344833)(<3632.454834, 300.723511, 8580.231445>) requested data for lock!
[20:11:43] Player ([SKS]Cpt.Kebab, 76561198162344833)(<3632.454834, 300.723511, 8580.231445>) requested data for lock!
[20:11:53] Player ([SKS]Cpt.Kebab, 76561198162344833)(<3632.454834, 300.723511, 8580.231445>) requested data for lock!
[20:12:32] Player ([SKS]Cpt.Kebab, 76561198162344833)(<3632.454834, 300.723511, 8580.231445>) requested data for lock!
[20:12:54] Player ([EHC] Schnukkibaby, 76561198086725669)(<2611.166260, 253.217545, 5957.155273>) requested data for lock!
[20:13:04] Player ([EHC] Schnukkibaby, 76561198086725669)(<2614.613281, 253.217743, 5952.231934>) requested data for lock!
[20:17:56] Player ([EHC] Schnukkibaby, 76561198086725669)(<2611.166260, 253.217545, 5957.155273>) requested data for lock!
[20:18:01] Player ([EHC] Schnukkibaby, 76561198086725669)(<2611.166260, 253.217545, 5957.155273>) requested data for lock!
[20:18:58] Player ([EHC] Schnukkibaby, 76561198086725669)(<2611.166260, 253.217545, 5957.155273>) requested data for lock!
[20:20:51] Player ([EHC] Schnukkibaby, 76561198086725669)(<2611.166260, 253.217545, 5957.155273>) requested data for lock!
[20:25:21] Player (Papirkutya, 76561198152771835)(<1687.444214, 172.741333, 5103.818359>) requested data for lock!
[20:35:03] Player ([EHC] Schnukkibaby, 76561198086725669)(<2611.166260, 253.217545, 5957.155273>) requested data for lock!
[20:39:11] Player (BlackStar, 76561198990415902)(<13406.710938, 5.101233, 2805.313965>) requested data for lock!
[20:40:02] Player (GeePee, 76561198143562963)(<6628.018555, 140.872925, 12662.052734>) requested data for lock!
[20:41:13] Player ([EHC] Schnukkibaby, 76561198086725669)(<2611.166260, 253.217545, 5957.155273>) requested data for lock!
[20:43:14] Player (Papirkutya, 76561198152771835)(<1687.444214, 172.741333, 5103.818359>) requested data for lock!
[20:44:01] Player (Papirkutya, 76561198152771835)(<1687.444214, 172.741333, 5103.818359>) requested data for lock!
[20:47:04] Player (BlackStar, 76561198990415902)(<13406.710938, 5.101233, 2805.313965>) requested data for lock!
[20:48:22] Player (Papirkutya, 76561198152771835)(<1687.444214, 172.741333, 5103.818359>) requested data for lock!
[20:48:44] Player ([SKS]Cpt.Kebab, 76561198162344833)(<3632.454834, 300.723511, 8580.231445>) requested data for lock!
[20:48:59] Player ([SKS]Cpt.Kebab, 76561198162344833)(<3632.454834, 300.723511, 8580.231445>) requested data for lock!
[20:51:59] Player (BlackStar, 76561198990415902)(<13406.710938, 5.101233, 2805.313965>) requested data for lock!
[20:52:05] Player (BlackStar, 76561198990415902)(<13406.710938, 5.101233, 2805.313965>) requested data for lock!
[20:52:34] Player (BlackStar, 76561198990415902)(<13406.710938, 5.101233, 2805.313965>) requested data for lock!
[20:52:42] Player (BlackStar, 76561198990415902)(<13406.710938, 5.101233, 2805.313965>) requested data for lock!
[20:52:42] Player (Toppskillz, 76561198143912910)(<13406.865234, 5.030781, 2819.980957>) requested data for lock!
[20:52:47] Player (BlackStar, 76561198990415902)(<13406.710938, 5.101233, 2805.313965>) requested data for lock!
[20:52:49] Player (Toppskillz, 76561198143912910)(<13406.865234, 5.030781, 2819.980957>) requested data for lock!
[20:52:52] Player (BlackStar, 76561198990415902)(<13406.710938, 5.101233, 2805.313965>) requested data for lock!
[20:52:54] Player (Toppskillz, 76561198143912910)(<13406.865234, 5.030781, 2819.980957>) requested data for lock!
[20:52:57] Player (BlackStar, 76561198990415902)(<13406.710938, 5.101233, 2805.313965>) requested data for lock!
[20:53:01] Player (Toppskillz, 76561198143912910)(<13406.865234, 5.030781, 2819.980957>) requested data for lock!
[20:53:02] Player (BlackStar, 76561198990415902)(<13406.710938, 5.101233, 2805.313965>) requested data for lock!
[20:53:07] Player (BlackStar, 76561198990415902)(<13406.710938, 5.101233, 2805.313965>) requested data for lock!
[20:53:12] Player (BlackStar, 76561198990415902)(<13406.710938, 5.101233, 2805.313965>) requested data for lock!
[20:53:17] Player (BlackStar, 76561198990415902)(<13406.710938, 5.101233, 2805.313965>) requested data for lock!
[20:53:21] Player (Toppskillz, 76561198143912910)(<13413.091797, 4.151521, 2833.253662>) requested data for lock!
[20:53:22] Player (BlackStar, 76561198990415902)(<13406.710938, 5.101233, 2805.313965>) requested data for lock!
[20:53:27] Player (BlackStar, 76561198990415902)(<13406.710938, 5.101233, 2805.313965>) requested data for lock!
[20:53:32] Player (BlackStar, 76561198990415902)(<13406.710938, 5.101233, 2805.313965>) requested data for lock!
[20:53:37] Player (BlackStar, 76561198990415902)(<13406.710938, 5.101233, 2805.313965>) requested data for lock!
[20:53:42] Player (BlackStar, 76561198990415902)(<13406.710938, 5.101233, 2805.313965>) requested data for lock!
[20:53:47] Player (BlackStar, 76561198990415902)(<13406.710938, 5.101233, 2805.313965>) requested data for lock!
[20:53:52] Player (BlackStar, 76561198990415902)(<13406.710938, 5.101233, 2805.313965>) requested data for lock!
[20:53:57] Player (BlackStar, 76561198990415902)(<13406.710938, 5.101233, 2805.313965>) requested data for lock!
[20:54:02] Player (BlackStar, 76561198990415902)(<13406.710938, 5.101233, 2805.313965>) requested data for lock!
[20:54:07] Player (BlackStar, 76561198990415902)(<13406.710938, 5.101233, 2805.313965>) requested data for lock!
[20:54:12] Player (BlackStar, 76561198990415902)(<13406.710938, 5.101233, 2805.313965>) requested data for lock!
[20:54:17] Player (BlackStar, 76561198990415902)(<13406.710938, 5.101233, 2805.313965>) requested data for lock!
[20:54:20] Player (Papirkutya, 76561198152771835)(<1687.444214, 172.741333, 5103.818359>) requested data for lock!
[20:54:22] Player (BlackStar, 76561198990415902)(<13406.710938, 5.101233, 2805.313965>) requested data for lock!
[20:54:27] Player (BlackStar, 76561198990415902)(<13406.710938, 5.101233, 2805.313965>) requested data for lock!
[20:54:32] Player (BlackStar, 76561198990415902)(<13406.710938, 5.101233, 2805.313965>) requested data for lock!
[20:54:37] Player (BlackStar, 76561198990415902)(<13406.710938, 5.101233, 2805.313965>) requested data for lock!
[20:54:42] Player (BlackStar, 76561198990415902)(<13406.710938, 5.101233, 2805.313965>) requested data for lock!
[20:54:47] Player (BlackStar, 76561198990415902)(<13406.710938, 5.101233, 2805.313965>) requested data for lock!
[20:54:52] Player (BlackStar, 76561198990415902)(<13406.710938, 5.101233, 2805.313965>) requested data for lock!
[20:54:57] Player (BlackStar, 76561198990415902)(<13406.710938, 5.101233, 2805.313965>) requested data for lock!
[20:55:02] Player (BlackStar, 76561198990415902)(<13406.710938, 5.101233, 2805.313965>) requested data for lock!
[20:55:08] Player (BlackStar, 76561198990415902)(<13406.710938, 5.101233, 2805.313965>) requested data for lock!
[20:55:13] Player (BlackStar, 76561198990415902)(<13406.710938, 5.101233, 2805.313965>) requested data for lock!
[20:55:19] Player (BlackStar, 76561198990415902)(<13406.710938, 5.101233, 2805.313965>) requested data for lock!
[20:56:12] Player (BlackStar, 76561198990415902)(<13419.958008, 3.611454, 2804.910645>) requested data for lock!
[20:57:12] Player (BlackStar, 76561198990415902)(<13406.710938, 5.101233, 2805.313965>) requested data for lock!
[20:57:18] Player (BlackStar, 76561198990415902)(<13406.710938, 5.101233, 2805.313965>) requested data for lock!
[20:57:36] Player (BlackStar, 76561198990415902)(<13406.710938, 5.101233, 2805.313965>) requested data for lock!
[20:57:41] Player (BlackStar, 76561198990415902)(<13406.710938, 5.101233, 2805.313965>) requested data for lock!
[20:57:54] Player (BlackStar, 76561198990415902)(<13406.710938, 5.101233, 2805.313965>) requested data for lock!
[20:58:01] Player ([SKS]Cpt.Kebab, 76561198162344833)(<3632.454834, 300.723511, 8580.231445>) requested data for lock!
[20:58:49] Player ([SKS]Cpt.Kebab, 76561198162344833)(<3632.454834, 300.723511, 8580.231445>) requested data for lock!
[20:59:04] Player ([SKS]Cpt.Kebab, 76561198162344833)(<3632.454834, 300.723511, 8580.231445>) requested data for lock!
[20:59:36] Player (Flashheart, 76561198037023350)(<2947.503418, 268.759644, 9377.390625>) requested data for lock!
[20:59:58] Player (BlackStar, 76561198990415902)(<13406.710938, 5.101233, 2805.313965>) requested data for lock!
[21:00:03] Player (BlackStar, 76561198990415902)(<13406.710938, 5.101233, 2805.313965>) requested data for lock!
[21:00:08] Player (BlackStar, 76561198990415902)(<13406.710938, 5.101233, 2805.313965>) requested data for lock!
[21:00:13] Player (BlackStar, 76561198990415902)(<13406.710938, 5.101233, 2805.313965>) requested data for lock!
[21:00:18] Player (BlackStar, 76561198990415902)(<13406.710938, 5.101233, 2805.313965>) requested data for lock!
[21:00:23] Player (BlackStar, 76561198990415902)(<13406.710938, 5.101233, 2805.313965>) requested data for lock!
[21:00:28] Player (BlackStar, 76561198990415902)(<13406.710938, 5.101233, 2805.313965>) requested data for lock!
[21:00:33] Player (BlackStar, 76561198990415902)(<13406.710938, 5.101233, 2805.313965>) requested data for lock!
[21:00:38] Player (BlackStar, 76561198990415902)(<13406.710938, 5.101233, 2805.313965>) requested data for lock!
[21:00:43] Player (BlackStar, 76561198990415902)(<13406.710938, 5.101233, 2805.313965>) requested data for lock!
[21:00:48] Player (BlackStar, 76561198990415902)(<13406.710938, 5.101233, 2805.313965>) requested data for lock!
[21:00:53] Player (BlackStar, 76561198990415902)(<13406.710938, 5.101233, 2805.313965>) requested data for lock!
[21:00:58] Player (BlackStar, 76561198990415902)(<13406.710938, 5.101233, 2805.313965>) requested data for lock!
[21:01:03] Player (BlackStar, 76561198990415902)(<13406.710938, 5.101233, 2805.313965>) requested data for lock!
[21:01:10] Player (BlackStar, 76561198990415902)(<13406.710938, 5.101233, 2805.313965>) requested data for lock!
[21:01:15] Player (BlackStar, 76561198990415902)(<13406.710938, 5.101233, 2805.313965>) requested data for lock!
[21:04:42] Player (Flashheart, 76561198037023350)(<2947.503418, 268.759644, 9377.390625>) requested data for lock!
[21:05:16] Player (Flashheart, 76561198037023350)(<2947.503418, 268.759644, 9377.390625>) requested data for lock!
[21:12:42] Player (Flashheart, 76561198037023350)(<2932.424561, 269.645721, 9370.888672>) requested data for lock!
[21:13:23] Player (Flashheart, 76561198037023350)(<2947.503418, 268.759644, 9377.390625>) requested data for lock!
[21:14:42] Player (Flashheart, 76561198037023350)(<2947.503418, 268.759644, 9377.390625>) requested data for lock!
[21:15:03] Player (KILLA-QUEEN, 76561198328689163)(<2186.161621, 343.772797, 7939.201172>) requested data for lock!
[21:15:08] Player (KILLA-QUEEN, 76561198328689163)(<2186.161621, 343.772797, 7939.201172>) requested data for lock!
[21:15:33] Player (Gh0sty, 76561198254602740)(<11568.832031, 58.254963, 14736.054688>) requested data for lock!
[21:15:39] Player (Gh0sty, 76561198254602740)(<11559.628906, 58.255852, 14741.737305>) requested data for lock!
[21:15:40] Player (KILLA-QUEEN, 76561198328689163)(<2186.161621, 343.772797, 7939.201172>) requested data for lock!
[21:16:02] Player (Gh0sty, 76561198254602740)(<11562.992188, 89.243744, 14744.842773>) requested data for lock!
[21:16:44] Player (Gh0sty, 76561198254602740)(<11562.992188, 89.243744, 14744.842773>) requested data for lock!
[21:16:46] Player (R@st@n@tor, 76561198035432577)(<11562.992188, 89.243744, 14744.842773>) requested data for lock!
[21:17:29] Player (KILLA-QUEEN, 76561198328689163)(<2186.161621, 343.772797, 7939.201172>) requested data for lock!
[21:18:09] Player (Gh0sty, 76561198254602740)(<11568.832031, 58.254963, 14736.054688>) requested data for lock!
[21:18:31] Player (Gh0sty, 76561198254602740)(<11568.832031, 58.254963, 14736.054688>) requested data for lock!
[21:19:01] Player (Gh0sty, 76561198254602740)(<11562.992188, 89.243744, 14744.842773>) requested data for lock!
[21:21:12] Player (Flashheart, 76561198037023350)(<2947.503418, 268.759644, 9377.390625>) requested data for lock!
[21:26:25] Player (Gh0sty, 76561198254602740)(<11562.992188, 89.243744, 14744.842773>) requested data for lock!
[21:26:50] Player (Gh0sty, 76561198254602740)(<11559.628906, 58.255852, 14741.737305>) requested data for lock!
[21:27:00] Player (Gh0sty, 76561198254602740)(<11559.628906, 58.255852, 14741.737305>) requested data for lock!
[21:44:44] Player (Bernd, 76561197965508404)(<4641.330566, 343.868713, 5567.028809>) requested data for lock!
[21:44:55] Player (Bernd, 76561197965508404)(<4637.850098, 343.870514, 5556.823242>) requested data for lock!
[21:49:39] Player (Bernd, 76561197965508404)(<4632.620605, 343.874725, 5532.953125>) requested data for lock!
[21:56:34] Player (R@st@n@tor, 76561198035432577)(<5826.017090, 473.942108, 15232.216797>) requested data for lock!
[21:57:12] Player (KILLA-QUEEN, 76561198328689163)(<2186.161621, 343.772797, 7939.201172>) requested data for lock!
[21:57:31] Player (Toppskillz, 76561198143912910)(<13406.865234, 5.030781, 2819.980957>) requested data for lock!
[21:57:39] Player (Toppskillz, 76561198143912910)(<13406.865234, 5.030781, 2819.980957>) requested data for lock!
[21:57:45] Player (Skunky B, 76561198312217850)(<2186.161621, 343.772797, 7939.201172>) requested data for lock!
[21:57:45] Player (KILLA-QUEEN, 76561198328689163)(<2186.161621, 343.772797, 7939.201172>) requested data for lock!
[04-22-2021][22.01.21] Log file reloaded ( Server Restart )
[22:04:32] Player (KILLA-QUEEN, 76561198328689163)(<2186.161621, 343.772797, 7939.201172>) requested data for lock!
[22:05:07] Player (KILLA-QUEEN, 76561198328689163)(<2186.161621, 343.772797, 7939.201172>) requested data for lock!
[22:05:56] Player (BlackStar, 76561198990415902)(<13406.710938, 5.101233, 2805.313965>) requested data for lock!
[22:06:02] Player (BlackStar, 76561198990415902)(<13406.710938, 5.101233, 2805.313965>) requested data for lock!
[22:06:07] Player (BlackStar, 76561198990415902)(<13406.710938, 5.101233, 2805.313965>) requested data for lock!
[22:06:12] Player (BlackStar, 76561198990415902)(<13406.710938, 5.101233, 2805.313965>) requested data for lock!
[22:06:17] Player (BlackStar, 76561198990415902)(<13406.710938, 5.101233, 2805.313965>) requested data for lock!
[22:06:22] Player (BlackStar, 76561198990415902)(<13406.710938, 5.101233, 2805.313965>) requested data for lock!
[22:06:27] Player (BlackStar, 76561198990415902)(<13406.710938, 5.101233, 2805.313965>) requested data for lock!
[22:06:32] Player (BlackStar, 76561198990415902)(<13406.710938, 5.101233, 2805.313965>) requested data for lock!
[22:06:42] Player (BlackStar, 76561198990415902)(<13406.710938, 5.101233, 2805.313965>) requested data for lock!
[22:08:10] Player (BlackStar, 76561198990415902)(<13406.710938, 5.101233, 2805.313965>) requested data for lock!
[22:09:50] Player (KILLA-QUEEN, 76561198328689163)(<2186.161621, 343.772797, 7939.201172>) requested data for lock!
[22:09:52] Player (Skunky B, 76561198312217850)(<2186.161621, 343.772797, 7939.201172>) requested data for lock!
[22:09:59] Player (Skunky B, 76561198312217850)(<2186.161621, 343.772797, 7939.201172>) requested data for lock!
[22:10:04] Player (Skunky B, 76561198312217850)(<2186.161621, 343.772797, 7939.201172>) requested data for lock!
[22:10:25] Player (Skunky B, 76561198312217850)(<2186.161621, 343.772797, 7939.201172>) requested data for lock!
[22:10:30] Player (Skunky B, 76561198312217850)(<2186.161621, 343.772797, 7939.201172>) requested data for lock!
[22:10:31] Player (KILLA-QUEEN, 76561198328689163)(<2186.161621, 343.772797, 7939.201172>) requested data for lock!
[22:12:50] Player (Sarah, 76561198100717229)(<3103.662354, 300.519836, 8115.243652>) requested data for lock!
[22:13:49] Player (Sarah, 76561198100717229)(<3103.662354, 300.519836, 8115.243652>) requested data for lock!
[22:15:37] Player (Sarah, 76561198100717229)(<3103.662354, 300.519836, 8115.243652>) requested data for lock!
[22:20:00] Player (Sarah, 76561198100717229)(<3103.662354, 300.519836, 8115.243652>) requested data for lock!
[22:20:33] Player (Sarah, 76561198100717229)(<3103.662354, 300.519836, 8115.243652>) requested data for lock!
[22:25:41] Player (Sarah, 76561198100717229)(<3114.267334, 301.498871, 8086.677246>) requested data for lock!
[22:27:07] Player (Jev, 76561198068395829)(<13425.458984, 5.585691, 2818.119629>) requested data for lock!
[22:28:45] Player (Jev, 76561198068395829)(<13425.458984, 5.585691, 2818.119629>) requested data for lock!
[22:28:53] Player (Jev, 76561198068395829)(<13425.458984, 5.585691, 2818.119629>) requested data for lock!
[22:29:16] Player (Jev, 76561198068395829)(<13425.458984, 5.585691, 2818.119629>) requested data for lock!
[22:29:46] Player (Jev, 76561198068395829)(<13425.458984, 5.585691, 2818.119629>) requested data for lock!
[22:34:30] Player (Sarah, 76561198100717229)(<3114.267334, 301.498871, 8086.677246>) requested data for lock!
[22:35:55] Player (Sarah, 76561198100717229)(<3114.267334, 301.498871, 8086.677246>) requested data for lock!
[22:42:30] Player (Sarah, 76561198100717229)(<3103.662354, 300.519836, 8115.243652>) requested data for lock!
[22:42:59] Player ([SKS]Cpt.Kebab, 76561198162344833)(<3632.454834, 300.723511, 8580.231445>) requested data for lock!
[22:51:42] Player ([SKS]Cpt.Kebab, 76561198162344833)(<3632.454834, 300.723511, 8580.231445>) requested data for lock!
[22:58:53] Player (KILLA-QUEEN, 76561198328689163)(<2186.161621, 343.772797, 7939.201172>) requested data for lock!
[23:00:38] Player (KILLA-QUEEN, 76561198328689163)(<2186.161621, 343.772797, 7939.201172>) requested data for lock!
[23:00:43] Player (KILLA-QUEEN, 76561198328689163)(<2186.161621, 343.772797, 7939.201172>) requested data for lock!
[23:00:48] Player (KILLA-QUEEN, 76561198328689163)(<2186.161621, 343.772797, 7939.201172>) requested data for lock!
[23:16:41] Player (BlackStar, 76561198990415902)(<13406.710938, 5.101233, 2805.313965>) requested data for lock!
[23:18:50] Player (BlackStar, 76561198990415902)(<13406.710938, 5.101233, 2805.313965>) requested data for lock!
[23:19:58] Player (BlackStar, 76561198990415902)(<13406.710938, 5.101233, 2805.313965>) requested data for lock!
[23:26:06] Player (BlackStar, 76561198990415902)(<13406.710938, 5.101233, 2805.313965>) requested data for lock!
[23:26:38] Player (KILLA-QUEEN, 76561198328689163)(<1926.267456, 256.351318, 11975.195313>) requested data for lock!
[23:26:47] Player (Skunky B, 76561198312217850)(<1926.267456, 256.351318, 11975.195313>) requested data for lock!
[23:26:52] Player (Skunky B, 76561198312217850)(<1926.267456, 256.351318, 11975.195313>) requested data for lock!
[23:27:10] Player (Skunky B, 76561198312217850)(<1926.267456, 256.351318, 11975.195313>) requested data for lock!
[23:29:18] Player (BlackStar, 76561198990415902)(<13406.710938, 5.101233, 2805.313965>) requested data for lock!
[23:30:03] Player (BlackStar, 76561198990415902)(<13406.710938, 5.101233, 2805.313965>) requested data for lock!
[23:31:05] Player (Jev, 76561198068395829)(<3632.454834, 300.723511, 8580.231445>) requested data for lock!
[23:32:58] Player ([SKS]Cpt.Kebab, 76561198162344833)(<3632.454834, 300.723511, 8580.231445>) requested data for lock!
[23:33:00] Player ((SKS) Jordan, 76561198999593356)(<3641.714111, 299.511383, 8595.862305>) requested data for lock!
[23:33:05] Player ((SKS) Jordan, 76561198999593356)(<3641.714111, 299.511383, 8595.862305>) requested data for lock!
[23:33:10] Player ((SKS) Jordan, 76561198999593356)(<3641.714111, 299.511383, 8595.862305>) requested data for lock!
[23:33:15] Player ((SKS) Jordan, 76561198999593356)(<3641.714111, 299.511383, 8595.862305>) requested data for lock!
[23:33:29] Player (Jev, 76561198068395829)(<3632.454834, 300.723511, 8580.231445>) requested data for lock!
[23:33:38] Player ((SKS) Jordan, 76561198999593356)(<3632.454834, 300.723511, 8580.231445>) requested data for lock!
[23:33:39] Player (Jev, 76561198068395829)(<3632.454834, 300.723511, 8580.231445>) requested data for lock!
[23:35:44] Player ((SKS) Jordan, 76561198999593356)(<3641.714111, 299.511383, 8595.862305>) requested data for lock!
[23:36:12] Player ([SKS]Cpt.Kebab, 76561198162344833)(<3632.454834, 300.723511, 8580.231445>) requested data for lock!
[23:41:27] Player ([SKS]Cpt.Kebab, 76561198162344833)(<3632.454834, 300.723511, 8580.231445>) requested data for lock!
[23:42:20] Player ((SKS) Jordan, 76561198999593356)(<3632.454834, 300.723511, 8580.231445>) requested data for lock!
[23:42:22] Player ([SKS]Cpt.Kebab, 76561198162344833)(<3632.454834, 300.723511, 8580.231445>) requested data for lock!
[23:48:26] Player ((SKS) Jordan, 76561198999593356)(<3632.454834, 300.723511, 8580.231445>) requested data for lock!
[23:48:37] Player ((SKS) Jordan, 76561198999593356)(<3632.454834, 300.723511, 8580.231445>) requested data for lock!
[23:49:04] Player ((SKS) Jordan, 76561198999593356)(<3632.454834, 300.723511, 8580.231445>) requested data for lock!
[23:49:17] Player ((SKS) Jordan, 76561198999593356)(<3632.454834, 300.723511, 8580.231445>) requested data for lock!
[23:49:27] Player ((SKS) Jordan, 76561198999593356)(<3632.454834, 300.723511, 8580.231445>) requested data for lock!
[23:50:42] Player ((SKS) Jordan, 76561198999593356)(<3632.454834, 300.723511, 8580.231445>) requested data for lock!
[23:50:49] Player ((SKS) Jordan, 76561198999593356)(<3632.454834, 300.723511, 8580.231445>) requested data for lock!
[23:51:10] Player ((SKS) Jordan, 76561198999593356)(<3632.454834, 300.723511, 8580.231445>) requested data for lock!
[23:51:52] Player ((SKS) Jordan, 76561198999593356)(<3641.714111, 299.511383, 8595.862305>) requested data for lock!
[23:53:20] Player ((SKS) Jordan, 76561198999593356)(<3641.714111, 299.511383, 8595.862305>) requested data for lock!
[23:53:25] Player ((SKS) Jordan, 76561198999593356)(<3632.454834, 300.723511, 8580.231445>) requested data for lock!
[23:57:28] Player ((SKS) Jordan, 76561198999593356)(<3641.714111, 299.511383, 8595.862305>) requested data for lock!
[23:59:04] Player ((SKS) Jordan, 76561198999593356)(<3641.714111, 299.511383, 8595.862305>) requested data for lock!
[23:59:49] Player ((SKS) Jordan, 76561198999593356)(<3641.714111, 299.511383, 8595.862305>) requested data for lock!
[00:01:17] Player ([SKS]Cpt.Kebab, 76561198162344833)(<3632.454834, 300.723511, 8580.231445>) requested data for lock!
[00:17:32] Player (frenchy, 76561198969225016)(<13419.958008, 3.611454, 2804.910645>) requested data for lock!
[00:21:53] Player ((SKS) Jordan, 76561198999593356)(<3632.454834, 300.723511, 8580.231445>) requested data for lock!
[00:21:58] Player ((SKS) Jordan, 76561198999593356)(<3632.454834, 300.723511, 8580.231445>) requested data for lock!
[00:22:02] Player (KILLA-QUEEN, 76561198328689163)(<1926.267456, 256.351318, 11975.195313>) requested data for lock!
[00:22:08] Player ((SKS) Jordan, 76561198999593356)(<3632.454834, 300.723511, 8580.231445>) requested data for lock!
[00:22:58] Player ((SKS) Jordan, 76561198999593356)(<3632.454834, 300.723511, 8580.231445>) requested data for lock!
[00:23:34] Player ((SKS) Jordan, 76561198999593356)(<3632.454834, 300.723511, 8580.231445>) requested data for lock!
[00:23:39] Player ((SKS) Jordan, 76561198999593356)(<3632.454834, 300.723511, 8580.231445>) requested data for lock!
[00:23:40] Player (KILLA-QUEEN, 76561198328689163)(<1926.267456, 256.351318, 11975.195313>) requested data for lock!
[00:23:53] Player ((SKS) Jordan, 76561198999593356)(<3632.454834, 300.723511, 8580.231445>) requested data for lock!
[00:24:03] Player ((SKS) Jordan, 76561198999593356)(<3632.454834, 300.723511, 8580.231445>) requested data for lock!
[00:24:10] Player ((SKS) Jordan, 76561198999593356)(<3632.454834, 300.723511, 8580.231445>) requested data for lock!
[00:24:23] Player ((SKS) Jordan, 76561198999593356)(<3632.454834, 300.723511, 8580.231445>) requested data for lock!
[00:24:29] Player (Jev, 76561198068395829)(<3632.454834, 300.723511, 8580.231445>) requested data for lock!
[00:24:34] Player ((SKS) Jordan, 76561198999593356)(<3632.454834, 300.723511, 8580.231445>) requested data for lock!
[00:24:50] Player ((SKS) Jordan, 76561198999593356)(<3632.454834, 300.723511, 8580.231445>) requested data for lock!
[00:25:01] Player ((SKS) Jordan, 76561198999593356)(<3632.454834, 300.723511, 8580.231445>) requested data for lock!
[00:27:55] Player ((SKS) Jordan, 76561198999593356)(<3641.714111, 299.511383, 8595.862305>) requested data for lock!
[00:32:25] Player ((SKS) Jordan, 76561198999593356)(<3641.714111, 299.511383, 8595.862305>) requested data for lock!
[00:34:36] Player ((SKS) Jordan, 76561198999593356)(<3632.454834, 300.723511, 8580.231445>) requested data for lock!
[00:34:41] Player ((SKS) Jordan, 76561198999593356)(<3641.714111, 299.511383, 8595.862305>) requested data for lock!
[00:35:05] Player ((SKS) Jordan, 76561198999593356)(<3641.714111, 299.511383, 8595.862305>) requested data for lock!
[00:38:12] Player (KILLA-QUEEN, 76561198328689163)(<1926.267456, 256.351318, 11975.195313>) requested data for lock!
[00:38:19] Player (KILLA-QUEEN, 76561198328689163)(<1926.267456, 256.351318, 11975.195313>) requested data for lock!
[00:38:23] Player (Skunky B, 76561198312217850)(<1926.267456, 256.351318, 11975.195313>) requested data for lock!
[00:38:24] Player (KILLA-QUEEN, 76561198328689163)(<1926.267456, 256.351318, 11975.195313>) requested data for lock!
[00:50:58] Player (libertine09, 76561198198409010)(<13818.583008, 2.868771, 11150.428711>) requested data for lock!
[00:52:08] Player ((SKS) Jordan, 76561198999593356)(<3632.454834, 300.723511, 8580.231445>) requested data for lock!
[00:52:15] Player ((SKS) Jordan, 76561198999593356)(<3641.714111, 299.511383, 8595.862305>) requested data for lock!
[00:53:37] Player (libertine09, 76561198198409010)(<13831.146484, 1.238570, 11153.537109>) requested data for lock!
[01:04:29] Player ([SKS]Cpt.Kebab, 76561198162344833)(<3632.454834, 300.723511, 8580.231445>) requested data for lock!
[01:13:35] Player (Chris.P.Duck, 76561199048973301)(<5089.782715, 289.264679, 6355.929688>) requested data for lock!
[01:19:29] Player (Chris.P.Duck, 76561199048973301)(<5089.782715, 289.264679, 6355.929688>) requested data for lock!
[01:25:30] Player (Chris.P.Duck, 76561199048973301)(<5089.782715, 289.264679, 6355.929688>) requested data for lock!
[01:25:35] Player (Chris.P.Duck, 76561199048973301)(<5089.782715, 289.264679, 6355.929688>) requested data for lock!
[01:28:00] Player (Chris.P.Duck, 76561199048973301)(<5089.782715, 289.264679, 6355.929688>) requested data for lock!
[01:28:13] Player (Chris.P.Duck, 76561199048973301)(<5089.782715, 289.264679, 6355.929688>) requested data for lock!
[01:28:29] Player (Chris.P.Duck, 76561199048973301)(<5089.782715, 289.264679, 6355.929688>) requested data for lock!
[01:29:11] Player (Chris.P.Duck, 76561199048973301)(<5089.782715, 289.264679, 6355.929688>) requested data for lock!
[01:29:58] Player (Chris.P.Duck, 76561199048973301)(<5089.782715, 289.264679, 6355.929688>) requested data for lock!
[01:31:56] Player (Chris.P.Duck, 76561199048973301)(<5093.225586, 287.311493, 6362.099121>) requested data for lock!
[01:33:36] Player (Chris.P.Duck, 76561199048973301)(<5093.225586, 287.311493, 6362.099121>) requested data for lock!
[01:35:32] Player (Chris.P.Duck, 76561199048973301)(<5089.782715, 289.264679, 6355.929688>) requested data for lock!
[01:37:23] Player (Chris.P.Duck, 76561199048973301)(<5093.225586, 287.311493, 6362.099121>) requested data for lock!
[01:42:10] Player (Chris.P.Duck, 76561199048973301)(<5093.225586, 287.311493, 6362.099121>) requested data for lock!
[01:45:41] Player (Chris.P.Duck, 76561199048973301)(<5089.782715, 289.264679, 6355.929688>) requested data for lock!
[01:45:47] Player (Chris.P.Duck, 76561199048973301)(<5093.225586, 287.311493, 6362.099121>) requested data for lock!
[01:47:59] Player (Chris.P.Duck, 76561199048973301)(<5093.225586, 287.311493, 6362.099121>) requested data for lock!
[01:48:06] Player (Chris.P.Duck, 76561199048973301)(<5093.225586, 287.311493, 6362.099121>) requested data for lock!
[01:48:24] Player (Chris.P.Duck, 76561199048973301)(<5089.782715, 289.264679, 6355.929688>) requested data for lock!
[01:49:21] Player (Chris.P.Duck, 76561199048973301)(<5089.782715, 289.264679, 6355.929688>) requested data for lock!
[01:49:27] Player (Chris.P.Duck, 76561199048973301)(<5089.782715, 289.264679, 6355.929688>) requested data for lock!
[01:50:12] Player (Chris.P.Duck, 76561199048973301)(<5093.225586, 287.311493, 6362.099121>) requested data for lock!
[01:50:17] Player (Chris.P.Duck, 76561199048973301)(<5093.225586, 287.311493, 6362.099121>) requested data for lock!
[01:50:30] Player (Chris.P.Duck, 76561199048973301)(<5093.225586, 287.311493, 6362.099121>) requested data for lock!
[01:50:45] Player (Chris.P.Duck, 76561199048973301)(<5093.225586, 287.311493, 6362.099121>) requested data for lock!
[01:54:14] Player (Chris.P.Duck, 76561199048973301)(<5089.782715, 289.264679, 6355.929688>) requested data for lock!
[01:54:57] Player (Chris.P.Duck, 76561199048973301)(<5089.782715, 289.264679, 6355.929688>) requested data for lock!
[01:55:02] Player (Chris.P.Duck, 76561199048973301)(<5089.782715, 289.264679, 6355.929688>) requested data for lock!
[01:56:43] Player (Chris.P.Duck, 76561199048973301)(<5089.782715, 289.264679, 6355.929688>) requested data for lock!
