[02-11-2021][00.01.20] New Access Log File Created!
[01:38:20] Player (Helmut Lootie, 76561198065413312)(<4613.849609, 273.694489, 6808.449707>) quick accessed a lock!
[02-11-2021][04.01.25] Log file reloaded ( Server Restart )
[02-11-2021][08.01.18] Log file reloaded ( Server Restart )
[08:31:12] Player (Bernd, 76561197965508404)(<4859.516113, 319.519501, 5753.734375>) quick accessed a lock!
[08:31:20] Player (Bernd, 76561197965508404)(<4865.354492, 317.429993, 5753.979004>) quick accessed a lock!
[08:32:42] Player (Bernd, 76561197965508404)(<4866.755371, 317.562286, 5743.789063>) quick accessed a lock!
[09:53:32] Player (Bernd, 76561197965508404)(<4859.516113, 319.519501, 5753.734375>) quick accessed a lock!
[10:32:33] Player (JevBurns, 76561198068395829)(<5373.711426, 311.260620, 5692.094238>) quick accessed a lock!
[10:58:48] Player (Helmut Lootie, 76561198065413312)(<4613.849609, 273.694489, 6808.449707>) quick accessed a lock!
[11:00:25] Player (Helmut Lootie, 76561198065413312)(<4639.424805, 273.701416, 6778.035645>) quick accessed a lock!
[11:28:28] Player (JevBurns, 76561198068395829)(<5373.711426, 311.260620, 5692.094238>) quick accessed a lock!
[11:28:54] Player (JevBurns, 76561198068395829)(<5373.711426, 311.260620, 5692.094238>) quick accessed a lock!
[11:29:07] Player (JevBurns, 76561198068395829)(<5373.711426, 311.260620, 5692.094238>) quick accessed a lock!
[11:40:54] Player (JevBurns, 76561198068395829)(<5373.711426, 311.260620, 5692.094238>) quick accessed a lock!
[02-11-2021][12.01.18] Log file reloaded ( Server Restart )
[12:03:27] Player (Bernd, 76561197965508404)(<4867.050293, 317.463715, 5749.970703>) quick accessed a lock!
[14:40:34] Player (zendog, 76561197970078933)(<3657.559570, 299.528961, 8592.310547>) quick accessed a lock!
[14:43:23] Player (zendog, 76561197970078933)(<3636.865967, 299.367523, 8604.010742>) quick accessed a lock!
[14:47:43] Player (zendog, 76561197970078933)(<3644.800537, 300.723511, 8596.750977>) quick accessed a lock!
[14:53:28] Player (zendog, 76561197970078933)(<3633.844238, 299.326874, 8597.617188>) quick accessed a lock!
[15:40:38] Player (zendog, 76561197970078933)(<3657.559570, 299.528961, 8592.310547>) quick accessed a lock!
[15:43:11] Player (zendog, 76561197970078933)(<3644.800537, 300.723511, 8596.750977>) quick accessed a lock!
[02-11-2021][16.01.23] Log file reloaded ( Server Restart )
[16:40:04] Player (Kami Kamikaze, 76561199068167713)(<5864.698242, 72.283577, 3920.051025>) quick accessed a lock!
[16:40:11] Player (Kami Kamikaze, 76561199068167713)(<5869.931152, 72.115425, 3922.020020>) quick accessed a lock!
[16:40:15] Player (Kami Kamikaze, 76561199068167713)(<5871.679688, 72.084785, 3922.035156>) quick accessed a lock!
[16:41:02] Player (Kami Kamikaze, 76561199068167713)(<5864.698242, 72.283577, 3920.051025>) quick accessed a lock!
[16:41:33] Player (Kami Kamikaze, 76561199068167713)(<5864.698242, 72.283577, 3920.051025>) quick accessed a lock!
[16:42:44] Player (Kami Kamikaze, 76561199068167713)(<5869.931152, 72.115425, 3922.020020>) quick accessed a lock!
[16:43:15] Player (Kami Kamikaze, 76561199068167713)(<5869.931152, 72.115425, 3922.020020>) quick accessed a lock!
[16:43:18] Player (Kami Kamikaze, 76561199068167713)(<5864.698242, 72.283577, 3920.051025>) quick accessed a lock!
[16:45:02] Player (Kami Kamikaze, 76561199068167713)(<5869.931152, 72.115425, 3922.020020>) quick accessed a lock!
[16:45:06] Player (Kami Kamikaze, 76561199068167713)(<5864.698242, 72.283577, 3920.051025>) quick accessed a lock!
[16:45:21] Player (Kami Kamikaze, 76561199068167713)(<5869.931152, 72.115425, 3922.020020>) quick accessed a lock!
[16:46:02] Player (Kami Kamikaze, 76561199068167713)(<5871.679688, 72.084785, 3922.035156>) quick accessed a lock!
[16:49:43] Player (Kami Kamikaze, 76561199068167713)(<5871.679688, 72.084785, 3922.035156>) quick accessed a lock!
[17:09:23] Player (zendog, 76561197970078933)(<3657.559570, 299.528961, 8592.310547>) quick accessed a lock!
[17:11:39] Player (zendog, 76561197970078933)(<3633.844238, 299.326874, 8597.617188>) quick accessed a lock!
[17:15:21] Player (zendog, 76561197970078933)(<3633.844238, 299.326874, 8597.617188>) quick accessed a lock!
[17:17:38] Player (zendog, 76561197970078933)(<3657.559570, 299.528961, 8592.310547>) quick accessed a lock!
[17:25:30] Player (zendog, 76561197970078933)(<3636.865967, 299.367523, 8604.010742>) quick accessed a lock!
[17:25:50] Player (zendog, 76561197970078933)(<3636.865967, 299.367523, 8604.010742>) quick accessed a lock!
[17:37:05] Player (zendog, 76561197970078933)(<3657.559570, 299.528961, 8592.310547>) quick accessed a lock!
[17:39:35] Player (Kami Kamikaze, 76561199068167713)(<5869.931152, 72.115425, 3922.020020>) quick accessed a lock!
[17:39:40] Player (Kami Kamikaze, 76561199068167713)(<5864.698242, 72.283577, 3920.051025>) quick accessed a lock!
[17:40:25] Player (Kami Kamikaze, 76561199068167713)(<5869.931152, 72.115425, 3922.020020>) quick accessed a lock!
[17:42:03] Player (Kami Kamikaze, 76561199068167713)(<5869.931152, 72.115425, 3922.020020>) quick accessed a lock!
[17:42:15] Player (Kami Kamikaze, 76561199068167713)(<5871.679688, 72.084785, 3922.035156>) quick accessed a lock!
[17:44:37] Player (Kami Kamikaze, 76561199068167713)(<5869.931152, 72.115425, 3922.020020>) quick accessed a lock!
[17:44:45] Player (Kami Kamikaze, 76561199068167713)(<5869.931152, 72.115425, 3922.020020>) quick accessed a lock!
[17:46:02] Player (Kami Kamikaze, 76561199068167713)(<5869.931152, 72.115425, 3922.020020>) quick accessed a lock!
[17:46:30] Player (Kami Kamikaze, 76561199068167713)(<5869.931152, 72.115425, 3922.020020>) quick accessed a lock!
[17:49:21] Player (Kami Kamikaze, 76561199068167713)(<5869.931152, 72.115425, 3922.020020>) quick accessed a lock!
[17:50:24] Player (Kami Kamikaze, 76561199068167713)(<5869.931152, 72.115425, 3922.020020>) quick accessed a lock!
[17:52:46] Player (Kami Kamikaze, 76561199068167713)(<5869.931152, 72.115425, 3922.020020>) quick accessed a lock!
[17:52:53] Player (Kami Kamikaze, 76561199068167713)(<5869.931152, 72.115425, 3922.020020>) quick accessed a lock!
[17:52:57] Player (Kami Kamikaze, 76561199068167713)(<5864.698242, 72.283577, 3920.051025>) quick accessed a lock!
[17:53:14] Player (Kami Kamikaze, 76561199068167713)(<5869.931152, 72.115425, 3922.020020>) quick accessed a lock!
[17:53:50] Player (Kami Kamikaze, 76561199068167713)(<5869.931152, 72.115425, 3922.020020>) quick accessed a lock!
[18:53:46] Player (MikaBrandon, 76561198215565199)(<3483.115967, 293.949921, 8585.571289>) quick accessed a lock!
[19:05:28] Player (MikaBrandon, 76561198215565199)(<3483.115967, 293.949921, 8585.571289>) quick accessed a lock!
[19:06:35] Player (MikaBrandon, 76561198215565199)(<3483.115967, 293.949921, 8585.571289>) quick accessed a lock!
[19:07:55] Player (MikaBrandon, 76561198215565199)(<3483.115967, 293.949921, 8585.571289>) quick accessed a lock!
[19:08:22] Player (MikaBrandon, 76561198215565199)(<3483.115967, 293.949921, 8585.571289>) quick accessed a lock!
[19:13:24] Player (MikaBrandon, 76561198215565199)(<3483.115967, 293.949921, 8585.571289>) quick accessed a lock!
[19:16:32] Player (MikaBrandon, 76561198215565199)(<3483.115967, 293.949921, 8585.571289>) quick accessed a lock!
[19:20:12] Player (zendog, 76561197970078933)(<3644.800537, 300.723511, 8596.750977>) quick accessed a lock!
[19:22:22] Player (zendog, 76561197970078933)(<3657.559570, 299.528961, 8592.310547>) quick accessed a lock!
[19:22:42] Player (zendog, 76561197970078933)(<3636.865967, 299.367523, 8604.010742>) quick accessed a lock!
[19:22:58] Player (zendog, 76561197970078933)(<3633.844238, 299.326874, 8597.617188>) quick accessed a lock!
[19:29:48] Player (MikaBrandon, 76561198215565199)(<3483.115967, 293.949921, 8585.571289>) quick accessed a lock!
[19:35:31] Player (zendog, 76561197970078933)(<3657.559570, 299.528961, 8592.310547>) quick accessed a lock!
[19:39:56] Player (zendog, 76561197970078933)(<3657.559570, 299.528961, 8592.310547>) quick accessed a lock!
[19:40:14] Player (zendog, 76561197970078933)(<3657.559570, 299.528961, 8592.310547>) quick accessed a lock!
[19:48:05] Player (zendog, 76561197970078933)(<3644.800537, 300.723511, 8596.750977>) quick accessed a lock!
[19:49:59] Player (zendog, 76561197970078933)(<3635.937988, 299.511383, 8581.647461>) quick accessed a lock!
[19:52:15] Player (zendog, 76561197970078933)(<3635.937988, 299.511383, 8581.647461>) quick accessed a lock!
[19:53:19] Player (zendog, 76561197970078933)(<3635.937988, 299.511383, 8581.647461>) quick accessed a lock!
