[02-21-2021][00.01.22] New Access Log File Created!
[02-21-2021][00.18.58] Log file reloaded ( Server Restart )
[00:32:53] Player (john duff, 76561198052699078)(<2889.212646, 216.552170, 12603.104492>) quick accessed a lock!
[00:35:35] Player (john duff, 76561198052699078)(<2867.027344, 216.568207, 12600.279297>) quick accessed a lock!
[00:59:56] Player (john duff, 76561198052699078)(<2867.027344, 216.568207, 12600.279297>) quick accessed a lock!
[01:00:45] Player (john duff, 76561198052699078)(<2867.027344, 216.568207, 12600.279297>) quick accessed a lock!
[02-21-2021][04.01.20] Log file reloaded ( Server Restart )
[02-21-2021][07.38.11] Log file reloaded ( Server Restart )
[02-21-2021][07.49.57] Log file reloaded ( Server Restart )
[02-21-2021][08.02.33] Log file reloaded ( Server Restart )
[08:13:41] Player (Hyale, 76561197994452607)(<2852.251465, 272.902222, 9740.915039>) quick accessed a lock!
[08:14:15] Player (Hyale, 76561197994452607)(<2863.623535, 271.690094, 9739.708984>) quick accessed a lock!
[08:39:51] Player (Emmes, 76561197968337138)(<5046.328125, 288.887817, 6247.457520>) quick accessed a lock!
[09:10:12] Player (Hyale, 76561197994452607)(<2852.251465, 272.902222, 9740.915039>) quick accessed a lock!
[09:10:33] Player (Hyale, 76561197994452607)(<2863.623535, 271.690094, 9739.708984>) quick accessed a lock!
[09:20:23] Player (Le chinois(Fr), 76561198041337034)(<2887.373779, 215.340897, 12581.248047>) quick accessed a lock!
[09:20:33] Player (Emmes, 76561197968337138)(<5051.979980, 288.878571, 6246.434082>) quick accessed a lock!
[09:23:02] Player (Le chinois(Fr), 76561198041337034)(<2867.027344, 216.568207, 12600.279297>) quick accessed a lock!
[09:23:11] Player (Le chinois(Fr), 76561198041337034)(<2887.373779, 215.340897, 12581.248047>) quick accessed a lock!
[09:23:23] Player (Le chinois(Fr), 76561198041337034)(<2878.130859, 215.348038, 12578.143555>) quick accessed a lock!
[09:28:27] Player (Hyale, 76561197994452607)(<2852.251465, 272.902222, 9740.915039>) quick accessed a lock!
[09:30:57] Player (Hyale, 76561197994452607)(<2871.836182, 272.902222, 9749.335938>) quick accessed a lock!
[09:31:17] Player (Hyale, 76561197994452607)(<2863.623535, 271.690094, 9739.708984>) quick accessed a lock!
[09:31:32] Player (Magnetschaedel, 76561198006594084)(<3578.918457, 297.135071, 8084.083496>) quick accessed a lock!
[09:31:41] Player (Magnetschaedel, 76561198006594084)(<3578.918457, 297.135071, 8084.083496>) quick accessed a lock!
[09:33:39] Player (PuMa, 76561198129278616)(<2866.733154, 271.690094, 9735.445313>) quick accessed a lock!
[09:33:52] Player (Hyale, 76561197994452607)(<2871.836182, 272.902222, 9749.335938>) quick accessed a lock!
[09:33:53] Player (Emmes, 76561197968337138)(<5041.037109, 288.914490, 6254.561523>) quick accessed a lock!
[09:35:26] Player (PuMa, 76561198129278616)(<2852.251465, 272.902222, 9740.915039>) quick accessed a lock!
[09:36:16] Player (Hyale, 76561197994452607)(<2852.251465, 272.902222, 9740.915039>) quick accessed a lock!
[09:36:19] Player (PuMa, 76561198129278616)(<2871.836182, 272.902222, 9749.335938>) quick accessed a lock!
[09:36:26] Player (Hyale, 76561197994452607)(<2852.251465, 272.902222, 9740.915039>) quick accessed a lock!
[09:37:31] Player (PuMa, 76561198129278616)(<2852.251465, 272.902222, 9740.915039>) quick accessed a lock!
[09:39:52] Player (PuMa, 76561198129278616)(<2869.307129, 271.690094, 9722.796875>) quick accessed a lock!
[09:45:25] Player (Magnetschaedel, 76561198006594084)(<5059.702637, 288.872375, 6253.212891>) quick accessed a lock!
[09:56:06] Player (Hyale, 76561197994452607)(<2869.307129, 271.690094, 9722.796875>) quick accessed a lock!
[10:04:37] Player (Hyale, 76561197994452607)(<2852.251465, 272.902222, 9740.915039>) quick accessed a lock!
[10:04:57] Player (Emmes, 76561197968337138)(<5050.203125, 290.029755, 6269.993164>) quick accessed a lock!
[10:44:07] Player (tretli, 76561198393217796)(<13191.750000, 5.873954, 5448.412598>) set a new passcode on lock!
[10:44:07] Player (tretli, 76561198393217796)(<13191.750000, 5.873954, 5448.412598>) claimed ownership of a lock!
[10:44:08] Player (tretli, 76561198393217796)(<13191.750000, 5.873954, 5448.412598>) quick accessed a lock!
[10:44:19] Player (tretli, 76561198393217796)(<13191.750000, 5.873954, 5448.412598>) quick accessed a lock!
[10:46:16] Player (Magnetschaedel, 76561198006594084)(<5051.979980, 288.878571, 6246.434082>) quick accessed a lock!
[10:50:10] Player (Magnetschaedel, 76561198006594084)(<5050.203125, 290.029755, 6269.993164>) quick accessed a lock!
[10:53:33] Player (Emmes, 76561197968337138)(<5059.702637, 288.872375, 6253.212891>) quick accessed a lock!
[10:53:46] Player (tretli, 76561198393217796)(<13191.750000, 5.873954, 5448.412598>) quick accessed a lock!
[10:53:57] Player (tretli, 76561198393217796)(<13191.750000, 5.873954, 5448.412598>) quick accessed a lock!
[10:59:15] Player (tretli, 76561198393217796)(<13191.750000, 5.873954, 5448.412598>) quick accessed a lock!
[11:02:45] Player (Emmes, 76561197968337138)(<5050.203125, 290.029755, 6269.993164>) quick accessed a lock!
[11:03:15] Player (Magnetschaedel, 76561198006594084)(<5059.702637, 288.872375, 6253.212891>) quick accessed a lock!
[11:03:32] Player (Emmes, 76561197968337138)(<5051.979980, 288.878571, 6246.434082>) quick accessed a lock!
[11:05:27] Player (tretli, 76561198393217796)(<13191.750000, 5.873954, 5448.412598>) quick accessed a lock!
[11:08:35] Player (Emmes, 76561197968337138)(<5041.037109, 288.914490, 6254.561523>) quick accessed a lock!
[11:08:46] Player (Emmes, 76561197968337138)(<5046.328125, 288.887817, 6247.457520>) quick accessed a lock!
[11:13:56] Player (darkage66603, 76561197984765618)(<2867.027344, 216.568207, 12600.279297>) quick accessed a lock!
[11:19:21] Player (tretli, 76561198393217796)(<13191.750000, 5.873954, 5448.412598>) quick accessed a lock!
[11:22:39] Player (tretli, 76561198393217796)(<13191.750000, 5.873954, 5448.412598>) quick accessed a lock!
[11:24:24] Player (tretli, 76561198393217796)(<13191.750000, 5.873954, 5448.412598>) quick accessed a lock!
[11:29:24] Player (MikaBrandon, 76561198215565199)(<3483.108643, 293.532867, 8583.596680>) quick accessed a lock!
[11:29:51] Player (darkage66603, 76561197984765618)(<2867.027344, 216.568207, 12600.279297>) quick accessed a lock!
[11:30:15] Player (MikaBrandon, 76561198215565199)(<3483.108643, 293.532867, 8583.596680>) quick accessed a lock!
[11:31:19] Player (MikaBrandon, 76561198215565199)(<3483.108643, 293.532867, 8583.596680>) quick accessed a lock!
[11:39:42] Player (darkage66603, 76561197984765618)(<2867.027344, 216.568207, 12600.279297>) quick accessed a lock!
[02-21-2021][12.01.26] Log file reloaded ( Server Restart )
[12:20:16] Player (Le chinois(Fr), 76561198041337034)(<2867.027344, 216.568207, 12600.279297>) quick accessed a lock!
[12:20:54] Player (Le chinois(Fr), 76561198041337034)(<2882.880859, 215.344376, 12579.721680>) quick accessed a lock!
[12:37:29] Player (HughJanis, 76561199028579310)(<3212.797852, 226.390427, 13697.737305>) quick accessed a lock!
[12:39:13] Player (john duff, 76561198052699078)(<2867.027344, 216.568207, 12600.279297>) quick accessed a lock!
[12:48:36] Player (HughJanis, 76561199028579310)(<3212.797852, 226.390427, 13697.737305>) quick accessed a lock!
[12:55:35] Player (HughJanis, 76561199028579310)(<3212.797852, 226.390427, 13697.737305>) quick accessed a lock!
[12:57:28] Player (HughJanis, 76561199028579310)(<3212.797852, 226.390427, 13697.737305>) quick accessed a lock!
[13:03:09] Player (HughJanis, 76561199028579310)(<3212.797852, 226.390427, 13697.737305>) quick accessed a lock!
[13:04:15] Player (HughJanis, 76561199028579310)(<3212.797852, 226.390427, 13697.737305>) quick accessed a lock!
[14:01:18] Player (darkage66603, 76561197984765618)(<2878.130859, 215.348038, 12578.143555>) accessed a lock!
[14:01:18] Player (darkage66603, 76561197984765618)(<2878.130859, 215.348038, 12578.143555>) was added as a guest of a lock!
[14:07:45] Player (darkage66603, 76561197984765618)(<2867.027344, 216.568207, 12600.279297>) quick accessed a lock!
[14:19:13] Player (Hyale, 76561197994452607)(<2852.251465, 272.902222, 9740.915039>) quick accessed a lock!
[02-21-2021][14.26.43] Log file reloaded ( Server Restart )
[14:38:11] Player (Hyale, 76561197994452607)(<2869.307129, 271.690094, 9722.796875>) quick accessed a lock!
[14:38:29] Player (Emmes, 76561197968337138)(<5059.702637, 288.872375, 6253.212891>) quick accessed a lock!
[14:40:10] Player (Magnetschaedel, 76561198006594084)(<5051.979980, 288.878571, 6246.434082>) quick accessed a lock!
[14:43:08] Player (Hyale, 76561197994452607)(<2852.251465, 272.902222, 9740.915039>) quick accessed a lock!
[14:50:25] Player (Heathen, 76561198865015790)(<2793.243408, 355.252380, 7607.451660>) quick accessed a lock!
[14:53:28] Player (Heathen, 76561198865015790)(<2793.243408, 355.252380, 7607.451660>) quick accessed a lock!
[14:54:33] Player (darkage66603, 76561197984765618)(<2889.212646, 216.552170, 12603.104492>) quick accessed a lock!
[14:55:31] Player (Heathen, 76561198865015790)(<2793.243408, 355.252380, 7607.451660>) quick accessed a lock!
[14:57:37] Player (darkage66603, 76561197984765618)(<2889.212646, 216.552170, 12603.104492>) quick accessed a lock!
[15:02:16] Player (darkage66603, 76561197984765618)(<2889.212646, 216.552170, 12603.104492>) quick accessed a lock!
[15:03:11] Player (PuMa, 76561198129278616)(<2852.251465, 272.902222, 9740.915039>) quick accessed a lock!
[15:08:18] Player (darkage66603, 76561197984765618)(<2867.027344, 216.568207, 12600.279297>) quick accessed a lock!
[15:14:32] Player (darkage66603, 76561197984765618)(<2889.212646, 216.552170, 12603.104492>) quick accessed a lock!
[15:15:07] Player (PuMa, 76561198129278616)(<2852.251465, 272.902222, 9740.915039>) quick accessed a lock!
[15:16:49] Player (john duff, 76561198052699078)(<2867.027344, 216.568207, 12600.279297>) quick accessed a lock!
[15:18:40] Player (darkage66603, 76561197984765618)(<2889.212646, 216.552170, 12603.104492>) quick accessed a lock!
[15:18:42] Player (darkage66603, 76561197984765618)(<2889.212646, 216.552170, 12603.104492>) quick accessed a lock!
[15:19:34] Player (darkage66603, 76561197984765618)(<2867.027344, 216.568207, 12600.279297>) quick accessed a lock!
[15:20:27] Player (darkage66603, 76561197984765618)(<2867.027344, 216.568207, 12600.279297>) quick accessed a lock!
[15:22:08] Player (john duff, 76561198052699078)(<2867.027344, 216.568207, 12600.279297>) quick accessed a lock!
[15:23:03] Player (Le chinois(Fr), 76561198041337034)(<2882.880859, 215.344376, 12579.721680>) quick accessed a lock!
[15:27:02] Player (Hyale, 76561197994452607)(<2863.623535, 271.690094, 9739.708984>) removed a lock!
[15:27:17] Player (Hyale, 76561197994452607)(<2835.552979, 269.019806, 9723.667969>) set a new passcode on lock!
[15:27:17] Player (Hyale, 76561197994452607)(<2835.552979, 269.019806, 9723.667969>) claimed ownership of a lock!
[15:28:24] Player (Le chinois(Fr), 76561198041337034)(<2887.373779, 215.340897, 12581.248047>) quick accessed a lock!
[15:28:28] Player (Hyale, 76561197994452607)(<2835.552979, 269.019806, 9723.667969>) quick accessed a lock!
[15:36:03] Player (Le chinois(Fr), 76561198041337034)(<2889.212646, 216.552170, 12603.104492>) quick accessed a lock!
[15:38:55] Player (Le chinois(Fr), 76561198041337034)(<2878.130859, 215.348038, 12578.143555>) quick accessed a lock!
[15:38:58] Player (darkage66603, 76561197984765618)(<2889.212646, 216.552170, 12603.104492>) quick accessed a lock!
[15:39:04] Player (PuMa, 76561198129278616)(<2852.251465, 272.902222, 9740.915039>) quick accessed a lock!
[15:39:11] Player (Le chinois(Fr), 76561198041337034)(<2887.373779, 215.340897, 12581.248047>) quick accessed a lock!
[15:43:11] Player (Hyale, 76561197994452607)(<2835.552979, 269.019806, 9723.667969>) quick accessed a lock!
[15:47:40] Player (MikaBrandon, 76561198215565199)(<3483.108643, 293.532867, 8583.596680>) quick accessed a lock!
[15:47:54] Player (MikaBrandon, 76561198215565199)(<3483.108643, 293.532867, 8583.596680>) quick accessed a lock!
[15:48:35] Player (MikaBrandon, 76561198215565199)(<3483.108643, 293.532867, 8583.596680>) quick accessed a lock!
[15:50:09] Player (MikaBrandon, 76561198215565199)(<3483.108643, 293.532867, 8583.596680>) quick accessed a lock!
[15:51:12] Player (MikaBrandon, 76561198215565199)(<3483.108643, 293.532867, 8583.596680>) quick accessed a lock!
[02-21-2021][16.01.20] Log file reloaded ( Server Restart )
[16:06:15] Player (darkage66603, 76561197984765618)(<2867.027344, 216.568207, 12600.279297>) quick accessed a lock!
[16:06:25] Player (Le chinois(Fr), 76561198041337034)(<2867.027344, 216.568207, 12600.279297>) quick accessed a lock!
[16:06:29] Player (darkage66603, 76561197984765618)(<2889.212646, 216.552170, 12603.104492>) quick accessed a lock!
[16:07:11] Player (MikaBrandon, 76561198215565199)(<3492.167725, 293.533264, 8574.859375>) quick accessed a lock!
[16:09:09] Player (MikaBrandon, 76561198215565199)(<3483.108643, 293.532867, 8583.596680>) quick accessed a lock!
[16:09:25] Player (MikaBrandon, 76561198215565199)(<3483.108643, 293.532867, 8583.596680>) quick accessed a lock!
[16:10:32] Player (MikaBrandon, 76561198215565199)(<3483.108643, 293.532867, 8583.596680>) quick accessed a lock!
[16:10:49] Player (MikaBrandon, 76561198215565199)(<3492.167725, 293.533264, 8574.859375>) quick accessed a lock!
[16:11:33] Player (MikaBrandon, 76561198215565199)(<3483.108643, 293.532867, 8583.596680>) quick accessed a lock!
[16:12:12] Player (Survivor, 76561198277449949)(<10419.672852, 7.380839, 2072.793213>) quick accessed a lock!
[16:12:48] Player (Survivor, 76561198277449949)(<10419.672852, 7.380839, 2072.793213>) changed the passcode on a lock! Clearing all guests...
[16:13:14] Player (MikaBrandon, 76561198215565199)(<3483.108643, 293.532867, 8583.596680>) quick accessed a lock!
[16:13:57] Player (Hyale, 76561197994452607)(<2852.251465, 272.902222, 9740.915039>) quick accessed a lock!
[16:13:58] Player (Survivor, 76561198277449949)(<10318.553711, 7.401050, 2031.479248>) quick accessed a lock!
[16:14:01] Player (Hyale, 76561197994452607)(<2852.251465, 272.902222, 9740.915039>) quick accessed a lock!
[16:14:10] Player (Hyale, 76561197994452607)(<2835.552979, 269.019806, 9723.667969>) quick accessed a lock!
[16:14:21] Player (MikaBrandon, 76561198215565199)(<3483.108643, 293.532867, 8583.596680>) quick accessed a lock!
[16:15:50] Player (Hyale, 76561197994452607)(<2871.836182, 272.902222, 9749.335938>) quick accessed a lock!
[16:16:33] Player (PuMa, 76561198129278616)(<2880.158203, 270.980225, 9762.467773>) set a new passcode on lock!
[16:16:33] Player (PuMa, 76561198129278616)(<2880.158203, 270.980225, 9762.467773>) claimed ownership of a lock!
[16:16:34] Player (PuMa, 76561198129278616)(<2880.158203, 270.980225, 9762.467773>) quick accessed a lock!
[16:17:47] Player (MikaBrandon, 76561198215565199)(<3483.108643, 293.532867, 8583.596680>) quick accessed a lock!
[16:17:53] Player (MikaBrandon, 76561198215565199)(<3480.230713, 293.590149, 8577.690430>) quick accessed a lock!
[16:18:29] Player (Survivor, 76561198277449949)(<10318.553711, 7.401050, 2031.479248>) quick accessed a lock!
[16:18:59] Player (Hyale, 76561197994452607)(<2869.307129, 271.690094, 9722.796875>) quick accessed a lock!
[16:19:11] Player (Survivor, 76561198277449949)(<10318.553711, 7.401050, 2031.479248>) changed the passcode on a lock! Clearing all guests...
[16:19:52] Player (Survivor, 76561198277449949)(<10419.672852, 7.380839, 2072.793213>) quick accessed a lock!
[16:20:20] Player (PuMa, 76561198129278616)(<2866.733154, 271.690094, 9735.445313>) quick accessed a lock!
[16:21:34] Player (MikaBrandon, 76561198215565199)(<3492.167725, 293.533264, 8574.859375>) quick accessed a lock!
[16:22:23] Player (Survivor, 76561198277449949)(<10419.672852, 7.380839, 2072.793213>) quick accessed a lock!
[16:22:48] Player (Survivor, 76561198277449949)(<10318.553711, 7.401050, 2031.479248>) quick accessed a lock!
[16:23:15] Player (MikaBrandon, 76561198215565199)(<3483.108643, 293.532867, 8583.596680>) quick accessed a lock!
[16:27:14] Player (Hyale, 76561197994452607)(<2869.307129, 271.690094, 9722.796875>) quick accessed a lock!
[16:27:30] Player (MikaBrandon, 76561198215565199)(<3483.108643, 293.532867, 8583.596680>) quick accessed a lock!
[16:27:56] Player (Le chinois(Fr), 76561198041337034)(<2889.212646, 216.552170, 12603.104492>) quick accessed a lock!
[16:28:33] Player (Survivor, 76561198277449949)(<10318.553711, 7.401050, 2031.479248>) quick accessed a lock!
[16:28:46] Player (darkage66603, 76561197984765618)(<2889.212646, 216.552170, 12603.104492>) quick accessed a lock!
[16:29:08] Player (Survivor, 76561198277449949)(<10419.672852, 7.380839, 2072.793213>) quick accessed a lock!
[16:29:51] Player (MikaBrandon, 76561198215565199)(<3483.108643, 293.532867, 8583.596680>) quick accessed a lock!
[16:30:56] Player (Survivor, 76561198277449949)(<10419.672852, 7.380839, 2072.793213>) quick accessed a lock!
[16:33:47] Player (Survivor, 76561198277449949)(<10419.672852, 7.380839, 2072.793213>) quick accessed a lock!
[16:34:22] Player (Survivor, 76561198277449949)(<10318.553711, 7.401050, 2031.479248>) quick accessed a lock!
[16:35:38] Player (Survivor, 76561198277449949)(<10318.553711, 7.401050, 2031.479248>) quick accessed a lock!
[16:35:51] Player (Survivor, 76561198277449949)(<10318.553711, 7.401050, 2031.479248>) quick accessed a lock!
[16:36:48] Player (Survivor, 76561198277449949)(<10318.553711, 7.401050, 2031.479248>) quick accessed a lock!
[16:36:59] Player (Survivor, 76561198277449949)(<10318.553711, 7.401050, 2031.479248>) quick accessed a lock!
[16:47:23] Player (Heathen, 76561198865015790)(<2793.243408, 355.252380, 7607.451660>) quick accessed a lock!
[16:49:02] Player (Le chinois(Fr), 76561198041337034)(<2889.212646, 216.552170, 12603.104492>) quick accessed a lock!
[16:55:53] Player (Le chinois(Fr), 76561198041337034)(<2887.373779, 215.340897, 12581.248047>) quick accessed a lock!
[17:07:20] Player (Heathen, 76561198865015790)(<2793.243408, 355.252380, 7607.451660>) quick accessed a lock!
[17:09:06] Player (MikaBrandon, 76561198215565199)(<3483.108643, 293.532867, 8583.596680>) quick accessed a lock!
[17:10:17] Player (Heathen, 76561198865015790)(<2793.243408, 355.252380, 7607.451660>) removed a lock!
[17:10:22] Player (MikaBrandon, 76561198215565199)(<3483.108643, 293.532867, 8583.596680>) quick accessed a lock!
[17:18:13] Player (darkage66603, 76561197984765618)(<2874.194336, 215.351074, 12619.159180>) set a new passcode on lock!
[17:18:13] Player (darkage66603, 76561197984765618)(<2874.194336, 215.351074, 12619.159180>) claimed ownership of a lock!
[17:18:15] Player (darkage66603, 76561197984765618)(<2874.194336, 215.351074, 12619.159180>) quick accessed a lock!
[17:29:20] Player (darkage66603, 76561197984765618)(<2867.027344, 216.568207, 12600.279297>) quick accessed a lock!
[17:29:32] Player (darkage66603, 76561197984765618)(<2874.194336, 215.351074, 12619.159180>) quick accessed a lock!
[17:40:01] Player (tretli, 76561198393217796)(<13191.750000, 5.873954, 5448.412598>) quick accessed a lock!
[17:48:12] Player (Magnetschaedel, 76561198006594084)(<5051.979980, 288.878571, 6246.434082>) quick accessed a lock!
[17:50:13] Player (Magnetschaedel, 76561198006594084)(<5050.203125, 290.029755, 6269.993164>) quick accessed a lock!
[18:00:19] Player (tretli, 76561198393217796)(<13191.750000, 5.873954, 5448.412598>) quick accessed a lock!
[18:02:01] Player (darkage66603, 76561197984765618)(<2889.212646, 216.552170, 12603.104492>) quick accessed a lock!
[18:02:07] Player (darkage66603, 76561197984765618)(<2874.194336, 215.351074, 12619.159180>) quick accessed a lock!
[18:08:14] Player (tretli, 76561198393217796)(<13191.750000, 5.873954, 5448.412598>) quick accessed a lock!
[18:42:17] Player (tretli, 76561198393217796)(<13191.750000, 5.873954, 5448.412598>) quick accessed a lock!
[18:53:32] Player (Magnetschaedel, 76561198006594084)(<5046.328125, 288.887817, 6247.457520>) quick accessed a lock!
[18:54:44] Player (Magnetschaedel, 76561198006594084)(<5046.328125, 288.887817, 6247.457520>) quick accessed a lock!
[19:07:10] Player (darkage66603, 76561197984765618)(<2889.212646, 216.552170, 12603.104492>) quick accessed a lock!
[19:08:31] Player (Magnetschaedel, 76561198006594084)(<5059.702637, 288.872375, 6253.212891>) quick accessed a lock!
[19:09:38] Player (Magnetschaedel, 76561198006594084)(<5046.328125, 288.887817, 6247.457520>) quick accessed a lock!
[19:10:15] Player (Magnetschaedel, 76561198006594084)(<5051.979980, 288.878571, 6246.434082>) quick accessed a lock!
[19:12:54] Player (Magnetschaedel, 76561198006594084)(<5051.979980, 288.878571, 6246.434082>) quick accessed a lock!
[19:16:16] Player (Magnetschaedel, 76561198006594084)(<5051.979980, 288.878571, 6246.434082>) quick accessed a lock!
[02-21-2021][20.23.04] Log file reloaded ( Server Restart )
[02-21-2021][20.24.02] Log file reloaded ( Server Restart )
[02-21-2021][20.25.02] Log file reloaded ( Server Restart )
[02-21-2021][20.26.43] Log file reloaded ( Server Restart )
[02-21-2021][20.27.54] Log file reloaded ( Server Restart )
[02-21-2021][20.38.50] Log file reloaded ( Server Restart )
