[02-16-2021][00.01.25] New Access Log File Created!
[00:59:04] Player (zendog, 76561197970078933)(<3657.559570, 299.528961, 8592.310547>) quick accessed a lock!
[01:00:08] Player (zendog, 76561197970078933)(<3655.211182, 299.518311, 8578.335938>) quick accessed a lock!
[01:02:38] Player (zendog, 76561197970078933)(<3633.844238, 299.326874, 8597.617188>) quick accessed a lock!
[01:04:31] Player (zendog, 76561197970078933)(<3636.865967, 299.367523, 8604.010742>) quick accessed a lock!
[01:06:32] Player (zendog, 76561197970078933)(<3657.559570, 299.528961, 8592.310547>) quick accessed a lock!
[01:12:15] Player (zendog, 76561197970078933)(<3636.865967, 299.367523, 8604.010742>) quick accessed a lock!
[01:14:24] Player (zendog, 76561197970078933)(<3655.211182, 299.518311, 8578.335938>) quick accessed a lock!
[01:18:18] Player (zendog, 76561197970078933)(<3657.559570, 299.528961, 8592.310547>) quick accessed a lock!
[01:23:43] Player (zendog, 76561197970078933)(<3657.559570, 299.528961, 8592.310547>) quick accessed a lock!
[01:24:17] Player (zendog, 76561197970078933)(<3657.629639, 299.558105, 8598.647461>) set a new passcode on lock!
[01:24:17] Player (zendog, 76561197970078933)(<3657.629639, 299.558105, 8598.647461>) claimed ownership of a lock!
[01:24:21] Player (zendog, 76561197970078933)(<3657.629639, 299.558105, 8598.647461>) quick accessed a lock!
[02:34:09] Player (zendog, 76561197970078933)(<3655.211182, 299.518311, 8578.335938>) quick accessed a lock!
[02:34:18] Player (zendog, 76561197970078933)(<3657.629639, 299.558105, 8598.647461>) quick accessed a lock!
[02:34:31] Player (HughJanis, 76561199028579310)(<3219.512939, 225.900864, 13715.216797>) quick accessed a lock!
[02:34:43] Player (zendog, 76561197970078933)(<3657.559570, 299.528961, 8592.310547>) quick accessed a lock!
[02:35:00] Player (zendog, 76561197970078933)(<3636.865967, 299.367523, 8604.010742>) quick accessed a lock!
[02:35:11] Player (zendog, 76561197970078933)(<3636.865967, 299.367523, 8604.010742>) quick accessed a lock!
[02:37:23] Player (zendog, 76561197970078933)(<3657.559570, 299.528961, 8592.310547>) quick accessed a lock!
[02:41:54] Player (zendog, 76561197970078933)(<3657.629639, 299.558105, 8598.647461>) quick accessed a lock!
[03:40:36] Player (HughJanis, 76561199028579310)(<3212.206787, 227.683273, 13699.537109>) set a new passcode on lock!
[03:40:36] Player (HughJanis, 76561199028579310)(<3212.206787, 227.683273, 13699.537109>) claimed ownership of a lock!
[03:40:40] Player (HughJanis, 76561199028579310)(<3212.206787, 227.683273, 13699.537109>) quick accessed a lock!
[03:44:20] Player (HughJanis, 76561199028579310)(<3212.206787, 227.683273, 13699.537109>) quick accessed a lock!
[03:50:20] Player (HughJanis, 76561199028579310)(<3212.206787, 227.683273, 13699.537109>) quick accessed a lock!
[03:50:31] Player (HughJanis, 76561199028579310)(<3212.206787, 227.683273, 13699.537109>) quick accessed a lock!
[02-16-2021][04.01.22] Log file reloaded ( Server Restart )
[04:14:31] Player (Percy Coles, 76561198177852285)(<3637.537109, 298.017883, 8515.753906>) quick accessed a lock!
[04:17:05] Player (Percy Coles, 76561198177852285)(<3640.287842, 298.017731, 8519.210938>) quick accessed a lock!
[05:03:13] Player (Percy Coles, 76561198177852285)(<3640.287842, 298.017731, 8519.210938>) quick accessed a lock!
[05:04:44] Player (Percy Coles, 76561198177852285)(<3640.287842, 298.017731, 8519.210938>) quick accessed a lock!
[05:15:55] Player (Percy Coles, 76561198177852285)(<3640.287842, 298.017731, 8519.210938>) quick accessed a lock!
[05:32:10] Player (Percy Coles, 76561198177852285)(<3640.287842, 298.017731, 8519.210938>) quick accessed a lock!
[05:34:29] Player (Percy Coles, 76561198177852285)(<3640.287842, 298.017731, 8519.210938>) quick accessed a lock!
[05:38:42] Player (Percy Coles, 76561198177852285)(<3640.287842, 298.017731, 8519.210938>) quick accessed a lock!
[06:30:32] Player (HughJanis, 76561199028579310)(<3212.206787, 227.683273, 13699.537109>) quick accessed a lock!
[06:34:29] Player (Le chinois(Fr), 76561198041337034)(<2887.373779, 215.340897, 12581.248047>) quick accessed a lock!
[06:50:37] Player (Le chinois(Fr), 76561198041337034)(<2882.880859, 215.344376, 12579.721680>) quick accessed a lock!
[06:51:53] Player (Le chinois(Fr), 76561198041337034)(<2882.880859, 215.344376, 12579.721680>) quick accessed a lock!
[02-16-2021][08.01.19] Log file reloaded ( Server Restart )
[08:09:15] Player (HughJanis, 76561199028579310)(<3219.512939, 225.900864, 13715.216797>) quick accessed a lock!
[08:11:35] Player (HughJanis, 76561199028579310)(<3212.206787, 227.683273, 13699.537109>) quick accessed a lock!
[08:14:28] Player (Le chinois(Fr), 76561198041337034)(<2882.880859, 215.344376, 12579.721680>) quick accessed a lock!
[08:19:04] Player (Le chinois(Fr), 76561198041337034)(<2887.373779, 215.340897, 12581.248047>) quick accessed a lock!
[08:40:12] Player (Helmut Lootie, 76561198065413312)(<4613.427734, 273.583130, 6809.125000>) accessed a lock!
[08:40:12] Player (Helmut Lootie, 76561198065413312)(<4613.427734, 273.583130, 6809.125000>) was added as a guest of a lock!
[08:40:43] Player (Le chinois(Fr), 76561198041337034)(<2882.880859, 215.344376, 12579.721680>) quick accessed a lock!
[08:47:21] Player (Helmut Lootie, 76561198065413312)(<4620.941895, 273.697296, 6793.291504>) accessed a lock!
[08:47:21] Player (Helmut Lootie, 76561198065413312)(<4620.941895, 273.697296, 6793.291504>) was added as a guest of a lock!
[08:48:41] Player (Le chinois(Fr), 76561198041337034)(<2887.373779, 215.340897, 12581.248047>) quick accessed a lock!
[08:50:45] Player (Percy Coles, 76561198177852285)(<3640.287842, 298.017731, 8519.210938>) quick accessed a lock!
[08:54:53] Player (Helmut Lootie, 76561198065413312)(<4639.968262, 273.503418, 6777.134277>) accessed a lock!
[08:54:53] Player (Helmut Lootie, 76561198065413312)(<4639.968262, 273.503418, 6777.134277>) was added as a guest of a lock!
[08:58:13] Player (Helmut Lootie, 76561198065413312)(<4639.968262, 273.503418, 6777.134277>) quick accessed a lock!
[09:55:45] Player (Percy Coles, 76561198177852285)(<3640.287842, 298.017731, 8519.210938>) quick accessed a lock!
[10:01:58] Player (Percy Coles, 76561198177852285)(<3640.287842, 298.017731, 8519.210938>) quick accessed a lock!
[10:05:20] Player (Magnetschaedel, 76561198006594084)(<3581.952881, 297.281006, 8087.673828>) quick accessed a lock!
[10:05:25] Player (Magnetschaedel, 76561198006594084)(<3580.178955, 297.068756, 8077.733398>) quick accessed a lock!
[10:05:36] Player (Percy Coles, 76561198177852285)(<3640.287842, 298.017731, 8519.210938>) quick accessed a lock!
[10:06:31] Player (Magnetschaedel, 76561198006594084)(<3581.952881, 297.281006, 8087.673828>) quick accessed a lock!
[10:08:56] Player (Percy Coles, 76561198177852285)(<3640.287842, 298.017731, 8519.210938>) quick accessed a lock!
[10:10:15] Player (Percy Coles, 76561198177852285)(<3640.287842, 298.017731, 8519.210938>) quick accessed a lock!
[10:11:22] Player (Percy Coles, 76561198177852285)(<3630.330078, 299.735687, 8513.744141>) quick accessed a lock!
[10:11:50] Player (Percy Coles, 76561198177852285)(<3630.330078, 299.735687, 8513.744141>) quick accessed a lock!
[10:11:54] Player (Percy Coles, 76561198177852285)(<3637.537109, 298.017883, 8515.753906>) quick accessed a lock!
[10:11:59] Player (Percy Coles, 76561198177852285)(<3637.537109, 298.017883, 8515.753906>) quick accessed a lock!
[10:12:03] Player (Percy Coles, 76561198177852285)(<3630.330078, 299.735687, 8513.744141>) quick accessed a lock!
[10:12:27] Player (Percy Coles, 76561198177852285)(<3630.330078, 299.735687, 8513.744141>) quick accessed a lock!
[10:12:30] Player (Percy Coles, 76561198177852285)(<3637.537109, 298.017883, 8515.753906>) quick accessed a lock!
[10:12:46] Player (Percy Coles, 76561198177852285)(<3637.537109, 298.017883, 8515.753906>) quick accessed a lock!
[10:13:27] Player (Percy Coles, 76561198177852285)(<3640.287842, 298.017731, 8519.210938>) quick accessed a lock!
[10:14:20] Player (Percy Coles, 76561198177852285)(<3637.537109, 298.017883, 8515.753906>) quick accessed a lock!
[10:14:29] Player (Percy Coles, 76561198177852285)(<3640.287842, 298.017731, 8519.210938>) quick accessed a lock!
[10:41:27] Player (Magnetschaedel, 76561198006594084)(<3581.952881, 297.281006, 8087.673828>) quick accessed a lock!
[10:46:21] Player (Percy Coles, 76561198177852285)(<3640.287842, 298.017731, 8519.210938>) quick accessed a lock!
[10:46:22] Player (Percy Coles, 76561198177852285)(<3640.287842, 298.017731, 8519.210938>) quick accessed a lock!
[10:50:03] Player (Percy Coles, 76561198177852285)(<3640.287842, 298.017731, 8519.210938>) quick accessed a lock!
[10:50:04] Player (Percy Coles, 76561198177852285)(<3640.287842, 298.017731, 8519.210938>) quick accessed a lock!
[11:18:38] Player (Percy Coles, 76561198177852285)(<3640.287842, 298.017731, 8519.210938>) quick accessed a lock!
[11:19:06] Player (Percy Coles, 76561198177852285)(<3640.287842, 298.017731, 8519.210938>) quick accessed a lock!
[11:21:15] Player (Percy Coles, 76561198177852285)(<3637.537109, 298.017883, 8515.753906>) quick accessed a lock!
[11:21:29] Player (Percy Coles, 76561198177852285)(<3630.330078, 299.735687, 8513.744141>) quick accessed a lock!
[02-16-2021][12.01.29] Log file reloaded ( Server Restart )
[02-16-2021][13.23.51] Log file reloaded ( Server Restart )
[02-16-2021][13.40.32] Log file reloaded ( Server Restart )
[02-16-2021][13.52.05] Log file reloaded ( Server Restart )
[14:03:57] Player (Helmut Lootie, 76561198065413312)(<4620.941895, 273.697296, 6793.291504>) quick accessed a lock!
[14:04:09] Player (Helmut Lootie, 76561198065413312)(<4613.427734, 273.583130, 6809.125000>) quick accessed a lock!
[14:04:32] Player (Helmut Lootie, 76561198065413312)(<4613.427734, 273.583130, 6809.125000>) quick accessed a lock!
[15:06:03] Player (Bernd, 76561197965508404)(<4859.516113, 319.519501, 5753.734375>) quick accessed a lock!
[02-16-2021][15.39.37] Log file reloaded ( Server Restart )
[02-16-2021][15.43.30] Log file reloaded ( Server Restart )
[02-16-2021][16.02.20] Log file reloaded ( Server Restart )
[02-16-2021][16.05.55] Log file reloaded ( Server Restart )
[16:23:48] Player (Magnetschaedel, 76561198006594084)(<3581.952881, 297.281006, 8087.673828>) quick accessed a lock!
[16:30:53] Player (Bernd, 76561197965508404)(<4859.516113, 319.519501, 5753.734375>) quick accessed a lock!
[16:43:55] Player (Bernd, 76561197965508404)(<4859.516113, 319.519501, 5753.734375>) quick accessed a lock!
[16:54:28] Player (Magnetschaedel, 76561198006594084)(<3580.178955, 297.068756, 8077.733398>) quick accessed a lock!
[16:59:22] Player (Emmes, 76561197968337138)(<3581.952881, 297.281006, 8087.673828>) quick accessed a lock!
[16:59:30] Player (Emmes, 76561197968337138)(<3580.178955, 297.068756, 8077.733398>) quick accessed a lock!
[17:06:28] Player (Emmes, 76561197968337138)(<3581.952881, 297.281006, 8087.673828>) quick accessed a lock!
[17:06:31] Player (Emmes, 76561197968337138)(<3578.918457, 297.135071, 8084.083496>) quick accessed a lock!
[17:06:37] Player (Emmes, 76561197968337138)(<3580.178955, 297.068756, 8077.733398>) quick accessed a lock!
[17:10:08] Player (Emmes, 76561197968337138)(<3581.952881, 297.281006, 8087.673828>) quick accessed a lock!
[17:41:46] Player (HughJanis, 76561199028579310)(<3219.512939, 225.900864, 13715.216797>) quick accessed a lock!
[17:45:55] Player (HughJanis, 76561199028579310)(<3212.206787, 227.683273, 13699.537109>) quick accessed a lock!
[17:50:07] Player (HughJanis, 76561199028579310)(<3212.206787, 227.683273, 13699.537109>) quick accessed a lock!
[17:51:47] Player (HughJanis, 76561199028579310)(<3212.206787, 227.683273, 13699.537109>) quick accessed a lock!
[17:55:51] Player (MikaBrandon, 76561198215565199)(<3483.108643, 293.532867, 8583.596680>) quick accessed a lock!
[17:56:59] Player (MikaBrandon, 76561198215565199)(<3483.108643, 293.532867, 8583.596680>) quick accessed a lock!
[17:57:47] Player (MikaBrandon, 76561198215565199)(<3483.108643, 293.532867, 8583.596680>) quick accessed a lock!
[17:57:50] Player (MikaBrandon, 76561198215565199)(<3483.108643, 293.532867, 8583.596680>) quick accessed a lock!
[18:00:37] Player (MikaBrandon, 76561198215565199)(<3483.108643, 293.532867, 8583.596680>) quick accessed a lock!
[18:03:23] Player (HughJanis, 76561199028579310)(<3245.351074, 226.355667, 13722.818359>) set a new passcode on lock!
[18:03:23] Player (HughJanis, 76561199028579310)(<3245.351074, 226.355667, 13722.818359>) claimed ownership of a lock!
[18:03:52] Player (HughJanis, 76561199028579310)(<3212.797852, 226.390427, 13697.737305>) set a new passcode on lock!
[18:03:52] Player (HughJanis, 76561199028579310)(<3212.797852, 226.390427, 13697.737305>) claimed ownership of a lock!
[18:12:41] Player (Hyale, 76561197994452607)(<2869.307129, 271.690094, 9722.796875>) quick accessed a lock!
[02-16-2021][18.51.25] Log file reloaded ( Server Restart )
[19:01:24] Player (Percy Coles, 76561198177852285)(<3630.330078, 299.735687, 8513.744141>) quick accessed a lock!
[19:01:31] Player (Percy Coles, 76561198177852285)(<3637.537109, 298.017883, 8515.753906>) quick accessed a lock!
[19:04:19] Player (Hyale, 76561197994452607)(<2869.307129, 271.690094, 9722.796875>) quick accessed a lock!
[19:09:55] Player (Percy Coles, 76561198177852285)(<3640.287842, 298.017731, 8519.210938>) quick accessed a lock!
[19:27:40] Player (Le chinois(Fr), 76561198041337034)(<2887.373779, 215.340897, 12581.248047>) quick accessed a lock!
[19:34:02] Player (Hyale, 76561197994452607)(<2869.307129, 271.690094, 9722.796875>) quick accessed a lock!
[19:35:44] Player (Percy Coles, 76561198177852285)(<3637.537109, 298.017883, 8515.753906>) quick accessed a lock!
[19:36:04] Player (Percy Coles, 76561198177852285)(<3637.537109, 298.017883, 8515.753906>) quick accessed a lock!
[19:37:03] Player (Hyale, 76561197994452607)(<2869.307129, 271.690094, 9722.796875>) quick accessed a lock!
[19:37:54] Player (Hyale, 76561197994452607)(<2869.307129, 271.690094, 9722.796875>) quick accessed a lock!
[19:41:09] Player (Percy Coles, 76561198177852285)(<3640.287842, 298.017731, 8519.210938>) quick accessed a lock!
[19:43:51] Player (Percy Coles, 76561198177852285)(<3640.287842, 298.017731, 8519.210938>) quick accessed a lock!
[19:54:31] Player (Emmes, 76561197968337138)(<3578.918457, 297.135071, 8084.083496>) quick accessed a lock!
[02-16-2021][20.03.18] Log file reloaded ( Server Restart )
[02-16-2021][21.17.09] Log file reloaded ( Server Restart )
[21:46:40] Player (Magnetschaedel, 76561198006594084)(<3580.178955, 297.068756, 8077.733398>) quick accessed a lock!
[21:50:05] Player (Magnetschaedel, 76561198006594084)(<3581.952881, 297.281006, 8087.673828>) quick accessed a lock!
[21:52:38] Player (Magnetschaedel, 76561198006594084)(<3581.952881, 297.281006, 8087.673828>) quick accessed a lock!
[21:54:34] Player (Magnetschaedel, 76561198006594084)(<3578.918457, 297.135071, 8084.083496>) quick accessed a lock!
[21:55:03] Player (Magnetschaedel, 76561198006594084)(<3581.952881, 297.281006, 8087.673828>) quick accessed a lock!
[21:55:45] Player (Magnetschaedel, 76561198006594084)(<3580.178955, 297.068756, 8077.733398>) quick accessed a lock!
[21:59:36] Player (Magnetschaedel, 76561198006594084)(<3580.178955, 297.068756, 8077.733398>) quick accessed a lock!
[22:00:43] Player (Magnetschaedel, 76561198006594084)(<3581.952881, 297.281006, 8087.673828>) quick accessed a lock!
[22:03:28] Player (Magnetschaedel, 76561198006594084)(<3580.178955, 297.068756, 8077.733398>) quick accessed a lock!
[22:04:34] Player (Magnetschaedel, 76561198006594084)(<3580.178955, 297.068756, 8077.733398>) quick accessed a lock!
[22:29:52] Player (Magnetschaedel, 76561198006594084)(<3580.178955, 297.068756, 8077.733398>) quick accessed a lock!
[22:31:13] Player (Magnetschaedel, 76561198006594084)(<3581.952881, 297.281006, 8087.673828>) quick accessed a lock!
[22:36:04] Player (Magnetschaedel, 76561198006594084)(<3580.178955, 297.068756, 8077.733398>) quick accessed a lock!
[22:59:46] Player (HughJanis, 76561199028579310)(<3212.797852, 226.390427, 13697.737305>) quick accessed a lock!
[23:00:44] Player (HughJanis, 76561199028579310)(<3212.797852, 226.390427, 13697.737305>) quick accessed a lock!
[23:09:42] Player (Magnetschaedel, 76561198006594084)(<3580.178955, 297.068756, 8077.733398>) quick accessed a lock!
[23:11:04] Player (Magnetschaedel, 76561198006594084)(<3578.918457, 297.135071, 8084.083496>) quick accessed a lock!
[23:11:39] Player (Magnetschaedel, 76561198006594084)(<3581.952881, 297.281006, 8087.673828>) quick accessed a lock!
[23:15:35] Player (Magnetschaedel, 76561198006594084)(<3580.178955, 297.068756, 8077.733398>) quick accessed a lock!
[23:18:11] Player (john duff, 76561198052699078)(<2877.450195, 215.348557, 12610.944336>) set a new passcode on lock!
[23:18:11] Player (john duff, 76561198052699078)(<2877.450195, 215.348557, 12610.944336>) claimed ownership of a lock!
[23:18:12] Player (john duff, 76561198052699078)(<2877.450195, 215.348557, 12610.944336>) quick accessed a lock!
[23:19:44] Player (Magnetschaedel, 76561198006594084)(<3580.178955, 297.068756, 8077.733398>) quick accessed a lock!
[23:22:47] Player (john duff, 76561198052699078)(<2877.450195, 215.348557, 12610.944336>) quick accessed a lock!
[23:23:48] Player (john duff, 76561198052699078)(<2877.450195, 215.348557, 12610.944336>) quick accessed a lock!
[23:26:44] Player (john duff, 76561198052699078)(<2877.450195, 215.348557, 12610.944336>) quick accessed a lock!
[23:33:00] Player (HughJanis, 76561199028579310)(<3219.512939, 225.900864, 13715.216797>) quick accessed a lock!
[23:49:17] Player (HughJanis, 76561199028579310)(<3219.512939, 225.900864, 13715.216797>) quick accessed a lock!
[23:52:19] Player (john duff, 76561198052699078)(<2877.450195, 215.348557, 12610.944336>) quick accessed a lock!
[23:54:38] Player (MikaBrandon, 76561198215565199)(<3483.108643, 293.532867, 8583.596680>) quick accessed a lock!
[23:54:40] Player (john duff, 76561198052699078)(<2877.450195, 215.348557, 12610.944336>) quick accessed a lock!
