[02-07-2021][00.36.03] New Access Log File Created!
[02-07-2021][00.44.08] Log file reloaded ( Server Restart )
[02-07-2021][01.00.25] Log file reloaded ( Server Restart )
[02-07-2021][01.02.26] Log file reloaded ( Server Restart )
[02-07-2021][01.10.45] Log file reloaded ( Server Restart )
[02-07-2021][01.15.18] Log file reloaded ( Server Restart )
[02-07-2021][03.01.15] Log file reloaded ( Server Restart )
[02-07-2021][07.01.20] Log file reloaded ( Server Restart )
[02-07-2021][09.39.45] Log file reloaded ( Server Restart )
[02-07-2021][09.49.32] Log file reloaded ( Server Restart )
[10:20:00] Player (JevBurns, 76561198068395829)(<5373.711426, 311.260620, 5692.094238>) quick accessed a lock!
[10:32:38] Player (JevBurns, 76561198068395829)(<5373.711426, 311.260620, 5692.094238>) quick accessed a lock!
[10:33:20] Player (JevBurns, 76561198068395829)(<5373.711426, 311.260620, 5692.094238>) quick accessed a lock!
[10:45:32] Player (JevBurns, 76561198068395829)(<5373.711426, 311.260620, 5692.094238>) quick accessed a lock!
[02-07-2021][11.01.22] Log file reloaded ( Server Restart )
[02-07-2021][11.13.54] Log file reloaded ( Server Restart )
[02-07-2021][11.16.36] Log file reloaded ( Server Restart )
[02-07-2021][11.18.23] Log file reloaded ( Server Restart )
[02-07-2021][15.01.19] Log file reloaded ( Server Restart )
[15:16:35] Player (JevBurns, 76561198068395829)(<5373.711426, 311.260620, 5692.094238>) quick accessed a lock!
[15:31:07] Player (JevBurns, 76561198068395829)(<5373.711426, 311.260620, 5692.094238>) quick accessed a lock!
[15:57:41] Player (JevBurns, 76561198068395829)(<5373.711426, 311.260620, 5692.094238>) quick accessed a lock!
[16:18:13] Player (JevBurns, 76561198068395829)(<5373.711426, 311.260620, 5692.094238>) quick accessed a lock!
[16:20:31] Player (JevBurns, 76561198068395829)(<5373.711426, 311.260620, 5692.094238>) quick accessed a lock!
[16:22:11] Player (JevBurns, 76561198068395829)(<5373.711426, 311.260620, 5692.094238>) quick accessed a lock!
[16:26:33] Player (JevBurns, 76561198068395829)(<5373.711426, 311.260620, 5692.094238>) quick accessed a lock!
[16:36:09] Player (JevBurns, 76561198068395829)(<5373.711426, 311.260620, 5692.094238>) quick accessed a lock!
[18:07:40] Player (JevBurns, 76561198068395829)(<5373.711426, 311.260620, 5692.094238>) quick accessed a lock!
[18:11:51] Player (JevBurns, 76561198068395829)(<5373.711426, 311.260620, 5692.094238>) quick accessed a lock!
[18:48:04] Player (JevBurns, 76561198068395829)(<5373.711426, 311.260620, 5692.094238>) quick accessed a lock!
[02-07-2021][19.01.23] Log file reloaded ( Server Restart )
[19:07:30] Player (Percy Coles, 76561198177852285)(<3506.060059, 293.964264, 8633.856445>) set a new passcode on lock!
[19:07:30] Player (Percy Coles, 76561198177852285)(<3506.060059, 293.964264, 8633.856445>) claimed ownership of a lock!
[19:07:48] Player (Percy Coles, 76561198177852285)(<3508.411133, 293.999268, 8636.015625>) set a new passcode on lock!
[19:07:48] Player (Percy Coles, 76561198177852285)(<3508.411133, 293.999268, 8636.015625>) claimed ownership of a lock!
[19:28:21] Player (Percy Coles, 76561198177852285)(<3508.411133, 293.999268, 8636.015625>) quick accessed a lock!
[19:33:50] Player (Percy Coles, 76561198177852285)(<3506.060059, 293.964264, 8633.856445>) quick accessed a lock!
[20:03:20] Player (Percy Coles, 76561198177852285)(<3506.060059, 293.964264, 8633.856445>) quick accessed a lock!
[20:03:54] Player (Percy Coles, 76561198177852285)(<3508.411133, 293.999268, 8636.015625>) quick accessed a lock!
[20:05:17] Player (Percy Coles, 76561198177852285)(<3508.411133, 293.999268, 8636.015625>) quick accessed a lock!
[20:23:27] Player (Percy Coles, 76561198177852285)(<3506.060059, 293.964264, 8633.856445>) quick accessed a lock!
[20:34:40] Player (Percy Coles, 76561198177852285)(<3508.411133, 293.999268, 8636.015625>) quick accessed a lock!
[20:48:06] Player (Percy Coles, 76561198177852285)(<3506.060059, 293.964264, 8633.856445>) quick accessed a lock!
[21:06:24] Player (Percy Coles, 76561198177852285)(<3506.060059, 293.964264, 8633.856445>) quick accessed a lock!
[21:19:58] Player (Helmut Lootie, 76561198065413312)(<4639.424805, 273.701416, 6778.035645>) set a new passcode on lock!
[21:19:58] Player (Helmut Lootie, 76561198065413312)(<4639.424805, 273.701416, 6778.035645>) claimed ownership of a lock!
[21:20:15] Player (Helmut Lootie, 76561198065413312)(<4613.849609, 273.694489, 6808.449707>) set a new passcode on lock!
[21:20:15] Player (Helmut Lootie, 76561198065413312)(<4613.849609, 273.694489, 6808.449707>) claimed ownership of a lock!
[21:20:17] Player (Helmut Lootie, 76561198065413312)(<4613.849609, 273.694489, 6808.449707>) quick accessed a lock!
[21:26:27] Player (Helmut Lootie, 76561198065413312)(<4613.849609, 273.694489, 6808.449707>) quick accessed a lock!
[21:42:34] Player (Helmut Lootie, 76561198065413312)(<4613.849609, 273.694489, 6808.449707>) quick accessed a lock!
[22:42:12] Player (Draygos, 76561198071811908)(<3963.497803, 229.989136, 4749.546387>) set a new passcode on lock!
[22:42:12] Player (Draygos, 76561198071811908)(<3963.497803, 229.989136, 4749.546387>) claimed ownership of a lock!
[22:42:14] Player (Draygos, 76561198071811908)(<3963.497803, 229.989136, 4749.546387>) quick accessed a lock!
[22:42:53] Player (Draygos, 76561198071811908)(<3963.497803, 229.989136, 4749.546387>) quick accessed a lock!
[22:43:12] Player (Draygos, 76561198071811908)(<3963.497803, 229.989136, 4749.546387>) quick accessed a lock!
[22:43:27] Player (Draygos, 76561198071811908)(<3963.497803, 229.989136, 4749.546387>) quick accessed a lock!
[22:43:35] Player (Draygos, 76561198071811908)(<3963.497803, 229.989136, 4749.546387>) removed a lock!
[02-07-2021][23.10.50] Log file reloaded ( Server Restart )
[02-07-2021][23.12.20] Log file reloaded ( Server Restart )
[23:22:25] Player (Draygos, 76561198071811908)(<3995.612549, 228.923981, 4720.357910>) set a new passcode on lock!
[23:22:25] Player (Draygos, 76561198071811908)(<3995.612549, 228.923981, 4720.357910>) claimed ownership of a lock!
[23:48:44] Player (Draygos, 76561198071811908)(<3995.612549, 228.923981, 4720.357910>) quick accessed a lock!
[00:56:03] Player (Draygos, 76561198071811908)(<3995.612549, 228.923981, 4720.357910>) quick accessed a lock!
[00:56:18] Player (Draygos, 76561198071811908)(<3995.612549, 228.923981, 4720.357910>) quick accessed a lock!
[00:59:39] Player (Mandalor, 76561198923535395)(<3449.760254, 229.809677, 13888.105469>) set a new passcode on lock!
[00:59:39] Player (Mandalor, 76561198923535395)(<3449.760254, 229.809677, 13888.105469>) claimed ownership of a lock!
[01:05:57] Player (Draygos, 76561198071811908)(<3995.612549, 228.923981, 4720.357910>) quick accessed a lock!
[01:08:40] Player (Mandalor, 76561198923535395)(<3449.760254, 229.809677, 13888.105469>) quick accessed a lock!
[01:16:02] Player (Mandalor, 76561198923535395)(<3455.410645, 229.639801, 13910.820313>) set a new passcode on lock!
[01:16:02] Player (Mandalor, 76561198923535395)(<3455.410645, 229.639801, 13910.820313>) claimed ownership of a lock!
[01:16:33] Player (Mandalor, 76561198923535395)(<3455.410645, 229.639801, 13910.820313>) quick accessed a lock!
[01:17:33] Player (Mandalor, 76561198923535395)(<3449.760254, 229.809677, 13888.105469>) quick accessed a lock!
[01:59:42] Player (Mandalor, 76561198923535395)(<3449.760254, 229.809677, 13888.105469>) quick accessed a lock!
