[02-24-2021][02.01.26] New Access Log File Created!
[02:04:07] Player (HughJanis, 76561199028579310)(<2987.840088, 370.720795, 6732.457520>) quick accessed a lock!
[03:26:23] Player (HughJanis, 76561199028579310)(<2987.840088, 370.720795, 6732.457520>) quick accessed a lock!
[03:30:08] Player (HughJanis, 76561199028579310)(<2996.033203, 369.957245, 6742.372559>) quick accessed a lock!
[03:34:04] Player (HughJanis, 76561199028579310)(<2996.033203, 369.957245, 6742.372559>) quick accessed a lock!
[03:34:45] Player (HughJanis, 76561199028579310)(<3018.214111, 369.584015, 6728.125000>) quick accessed a lock!
[03:35:56] Player (HughJanis, 76561199028579310)(<2996.033203, 369.957245, 6742.372559>) quick accessed a lock!
[03:36:19] Player (HughJanis, 76561199028579310)(<2996.033203, 369.957245, 6742.372559>) quick accessed a lock!
[03:37:04] Player (HughJanis, 76561199028579310)(<2996.033203, 369.957245, 6742.372559>) quick accessed a lock!
[04:40:59] Player (tretli, 76561198393217796)(<11645.907227, 2.239772, 3176.630127>) quick accessed a lock!
[04:41:38] Player (tretli, 76561198393217796)(<11632.924805, 1.999423, 3165.808105>) quick accessed a lock!
[05:48:46] Player (Kman, 76561198409429326)(<9185.132813, 49.652752, 2325.824951>) quick accessed a lock!
[05:50:57] Player (Kman, 76561198409429326)(<9205.389648, 53.009842, 2359.538574>) quick accessed a lock!
[05:55:06] Player (Kman, 76561198409429326)(<9185.132813, 49.652752, 2325.824951>) quick accessed a lock!
[02-24-2021][06.01.14] Log file reloaded ( Server Restart )
[06:07:38] Player (Kman, 76561198409429326)(<9205.389648, 53.009842, 2359.538574>) quick accessed a lock!
[06:47:00] Player (PuMa, 76561198129278616)(<8309.201172, 110.924217, 12826.296875>) quick accessed a lock!
[07:07:53] Player (PuMa, 76561198129278616)(<8309.201172, 110.924217, 12826.296875>) quick accessed a lock!
[07:25:33] Player (tretli, 76561198393217796)(<11632.924805, 1.999423, 3165.808105>) quick accessed a lock!
[07:26:12] Player (tretli, 76561198393217796)(<11645.907227, 2.239772, 3176.630127>) quick accessed a lock!
[07:29:11] Player (PuMa, 76561198129278616)(<8305.178711, 112.136986, 12831.497070>) set a new passcode on lock!
[07:29:11] Player (PuMa, 76561198129278616)(<8305.178711, 112.136986, 12831.497070>) claimed ownership of a lock!
[07:29:13] Player (PuMa, 76561198129278616)(<8305.178711, 112.136986, 12831.497070>) quick accessed a lock!
[07:37:00] Player (PuMa, 76561198129278616)(<8305.178711, 112.136986, 12831.497070>) quick accessed a lock!
[07:38:24] Player (PuMa, 76561198129278616)(<8309.201172, 110.924217, 12826.296875>) quick accessed a lock!
[07:55:46] Player (Kman, 76561198409429326)(<9205.389648, 53.009842, 2359.538574>) quick accessed a lock!
[07:55:54] Player (tretli, 76561198393217796)(<11645.907227, 2.239772, 3176.630127>) quick accessed a lock!
[08:52:55] Player (MikaBrandon, 76561198215565199)(<3493.192627, 294.241089, 8575.258789>) quick accessed a lock!
[08:53:51] Player (MikaBrandon, 76561198215565199)(<3486.234131, 294.241089, 8570.395508>) quick accessed a lock!
[08:54:03] Player (MikaBrandon, 76561198215565199)(<3486.336914, 293.859619, 8551.517578>) quick accessed a lock!
[08:55:06] Player (Magnetschaedel, 76561198006594084)(<5042.914551, 290.122009, 6246.540527>) accessed a lock!
[08:55:06] Player (Magnetschaedel, 76561198006594084)(<5042.914551, 290.122009, 6246.540527>) was added as a guest of a lock!
[08:55:27] Player (MikaBrandon, 76561198215565199)(<3486.234131, 294.241089, 8570.395508>) quick accessed a lock!
[08:55:30] Player (MikaBrandon, 76561198215565199)(<3493.192627, 294.241089, 8575.258789>) quick accessed a lock!
[08:56:40] Player (MikaBrandon, 76561198215565199)(<3485.982666, 294.240692, 8585.570313>) quick accessed a lock!
[09:06:32] Player (MikaBrandon, 76561198215565199)(<3485.982666, 294.240692, 8585.570313>) quick accessed a lock!
[09:20:56] Player (MikaBrandon, 76561198215565199)(<3493.192627, 294.241089, 8575.258789>) quick accessed a lock!
[09:20:58] Player (MikaBrandon, 76561198215565199)(<3493.192627, 294.241089, 8575.258789>) quick accessed a lock!
[09:21:04] Player (PuMa, 76561198129278616)(<8305.178711, 112.136986, 12831.497070>) quick accessed a lock!
[09:21:16] Player (PuMa, 76561198129278616)(<8305.178711, 112.136986, 12831.497070>) quick accessed a lock!
[09:21:22] Player (MikaBrandon, 76561198215565199)(<3486.336914, 293.859619, 8551.517578>) quick accessed a lock!
[09:21:36] Player (PuMa, 76561198129278616)(<8305.178711, 112.136986, 12831.497070>) quick accessed a lock!
[09:22:00] Player (PuMa, 76561198129278616)(<8305.178711, 112.136986, 12831.497070>) quick accessed a lock!
[09:22:32] Player (MikaBrandon, 76561198215565199)(<3486.336914, 293.859619, 8551.517578>) quick accessed a lock!
[09:25:21] Player (MikaBrandon, 76561198215565199)(<3486.234131, 294.241089, 8570.395508>) quick accessed a lock!
[09:25:24] Player (MikaBrandon, 76561198215565199)(<3493.192627, 294.241089, 8575.258789>) quick accessed a lock!
[09:29:14] Player (MikaBrandon, 76561198215565199)(<3493.192627, 294.241089, 8575.258789>) quick accessed a lock!
[09:29:20] Player (MikaBrandon, 76561198215565199)(<3485.982666, 294.240692, 8585.570313>) quick accessed a lock!
[09:30:06] Player (MikaBrandon, 76561198215565199)(<3493.192627, 294.241089, 8575.258789>) quick accessed a lock!
[09:30:41] Player (MikaBrandon, 76561198215565199)(<3485.982666, 294.240692, 8585.570313>) quick accessed a lock!
[09:32:58] Player (MikaBrandon, 76561198215565199)(<3485.982666, 294.240692, 8585.570313>) quick accessed a lock!
[09:33:56] Player (PuMa, 76561198129278616)(<8305.178711, 112.136986, 12831.497070>) quick accessed a lock!
[09:34:07] Player (MikaBrandon, 76561198215565199)(<3485.982666, 294.240692, 8585.570313>) quick accessed a lock!
[09:34:11] Player (PuMa, 76561198129278616)(<8309.254883, 110.432442, 12817.996094>) removed a lock!
[09:34:42] Player (PuMa, 76561198129278616)(<8345.436523, 112.130013, 12830.289063>) set a new passcode on lock!
[09:34:42] Player (PuMa, 76561198129278616)(<8345.436523, 112.130013, 12830.289063>) claimed ownership of a lock!
[09:38:34] Player (MikaBrandon, 76561198215565199)(<3493.192627, 294.241089, 8575.258789>) quick accessed a lock!
[09:39:16] Player (PuMa, 76561198129278616)(<8305.178711, 112.136986, 12831.497070>) quick accessed a lock!
[09:39:29] Player (PuMa, 76561198129278616)(<8305.178711, 112.136986, 12831.497070>) quick accessed a lock!
[09:41:23] Player (MikaBrandon, 76561198215565199)(<3486.336914, 293.859619, 8551.517578>) quick accessed a lock!
[09:44:58] Player (MikaBrandon, 76561198215565199)(<3486.336914, 293.859619, 8551.517578>) quick accessed a lock!
[09:45:04] Player (MikaBrandon, 76561198215565199)(<3486.336914, 293.859619, 8551.517578>) quick accessed a lock!
[09:46:03] Player (MikaBrandon, 76561198215565199)(<3486.336914, 293.859619, 8551.517578>) quick accessed a lock!
[09:46:54] Player (MikaBrandon, 76561198215565199)(<3493.192627, 294.241089, 8575.258789>) quick accessed a lock!
[09:47:01] Player (MikaBrandon, 76561198215565199)(<3493.192627, 294.241089, 8575.258789>) quick accessed a lock!
[09:47:19] Player (MikaBrandon, 76561198215565199)(<3486.336914, 293.859619, 8551.517578>) quick accessed a lock!
[09:49:41] Player (PuMa, 76561198129278616)(<8305.178711, 112.136986, 12831.497070>) quick accessed a lock!
[02-24-2021][10.01.02] Log file reloaded ( Server Restart )
[10:07:12] Player (PuMa, 76561198129278616)(<8305.178711, 112.136986, 12831.497070>) quick accessed a lock!
[10:09:18] Player (PuMa, 76561198129278616)(<8305.178711, 112.136986, 12831.497070>) quick accessed a lock!
[10:18:38] Player (PuMa, 76561198129278616)(<8305.178711, 112.136986, 12831.497070>) quick accessed a lock!
[10:23:01] Player (HughJanis, 76561199028579310)(<2996.033203, 369.957245, 6742.372559>) quick accessed a lock!
[10:31:14] Player (tretli, 76561198393217796)(<11645.907227, 2.239772, 3176.630127>) quick accessed a lock!
[10:31:38] Player (tretli, 76561198393217796)(<11632.924805, 1.999423, 3165.808105>) quick accessed a lock!
[10:33:34] Player (HughJanis, 76561199028579310)(<2996.033203, 369.957245, 6742.372559>) quick accessed a lock!
[10:44:21] Player (HughJanis, 76561199028579310)(<2990.216553, 370.209076, 6705.192383>) quick accessed a lock!
[10:53:43] Player (PuMa, 76561198129278616)(<8305.178711, 112.136986, 12831.497070>) quick accessed a lock!
[10:58:09] Player (tretli, 76561198393217796)(<11632.924805, 1.999423, 3165.808105>) quick accessed a lock!
[10:58:29] Player (PuMa, 76561198129278616)(<8305.178711, 112.136986, 12831.497070>) quick accessed a lock!
[10:58:46] Player (tretli, 76561198393217796)(<11645.907227, 2.239772, 3176.630127>) quick accessed a lock!
[11:07:21] Player (tretli, 76561198393217796)(<11632.924805, 1.999423, 3165.808105>) quick accessed a lock!
[11:10:30] Player (Bernd, 76561197965508404)(<4859.504883, 319.519501, 5753.733398>) quick accessed a lock!
[11:16:07] Player (Luger Kain, 76561197999585420)(<8835.447266, 121.541496, 13151.445313>) quick accessed a lock!
[11:31:51] Player (PuMa, 76561198129278616)(<8305.178711, 112.136986, 12831.497070>) quick accessed a lock!
[11:32:01] Player (PuMa, 76561198129278616)(<8309.254883, 110.432442, 12817.996094>) set a new passcode on lock!
[11:32:01] Player (PuMa, 76561198129278616)(<8309.254883, 110.432442, 12817.996094>) claimed ownership of a lock!
[11:32:05] Player (PuMa, 76561198129278616)(<8309.254883, 110.432442, 12817.996094>) quick accessed a lock!
[11:35:40] Player (PuMa, 76561198129278616)(<8305.178711, 112.136986, 12831.497070>) quick accessed a lock!
[11:43:55] Player (Magnetschaedel, 76561198006594084)(<5058.462402, 290.070251, 6259.554688>) accessed a lock!
[11:43:55] Player (Magnetschaedel, 76561198006594084)(<5058.462402, 290.070251, 6259.554688>) was added as a guest of a lock!
[11:55:53] Player (PuMa, 76561198129278616)(<8305.178711, 112.136986, 12831.497070>) quick accessed a lock!
[11:58:43] Player (PuMa, 76561198129278616)(<8305.178711, 112.136986, 12831.497070>) quick accessed a lock!
[12:01:25] Player (PuMa, 76561198129278616)(<8305.178711, 112.136986, 12831.497070>) quick accessed a lock!
[12:02:20] Player (PuMa, 76561198129278616)(<8305.178711, 112.136986, 12831.497070>) quick accessed a lock!
[12:02:57] Player (PuMa, 76561198129278616)(<8345.436523, 112.130013, 12830.289063>) quick accessed a lock!
[12:03:53] Player (PuMa, 76561198129278616)(<8345.436523, 112.130013, 12830.289063>) quick accessed a lock!
[12:13:24] Player (PuMa, 76561198129278616)(<8305.178711, 112.136986, 12831.497070>) quick accessed a lock!
[12:17:24] Player (PuMa, 76561198129278616)(<8305.178711, 112.136986, 12831.497070>) quick accessed a lock!
[12:24:12] Player (tretli, 76561198393217796)(<11632.924805, 1.999423, 3165.808105>) quick accessed a lock!
[12:25:03] Player (PuMa, 76561198129278616)(<8305.178711, 112.136986, 12831.497070>) quick accessed a lock!
[12:33:17] Player (tretli, 76561198393217796)(<11645.907227, 2.239772, 3176.630127>) quick accessed a lock!
[12:47:55] Player (HughJanis, 76561199028579310)(<2990.216553, 370.209076, 6705.192383>) quick accessed a lock!
[12:49:53] Player (HughJanis, 76561199028579310)(<2996.033203, 369.957245, 6742.372559>) quick accessed a lock!
[12:53:30] Player (HughJanis, 76561199028579310)(<2989.269775, 369.263245, 6715.296387>) set a new passcode on lock!
[12:53:30] Player (HughJanis, 76561199028579310)(<2989.269775, 369.263245, 6715.296387>) claimed ownership of a lock!
[13:00:12] Player (MikaBrandon, 76561198215565199)(<3486.336914, 293.859619, 8551.517578>) quick accessed a lock!
[13:01:17] Player (MikaBrandon, 76561198215565199)(<3486.234131, 294.241089, 8570.395508>) quick accessed a lock!
[13:02:03] Player (MikaBrandon, 76561198215565199)(<3481.330566, 294.241302, 8577.151367>) quick accessed a lock!
[13:02:44] Player (MikaBrandon, 76561198215565199)(<3481.330566, 294.241302, 8577.151367>) quick accessed a lock!
[13:06:30] Player (MikaBrandon, 76561198215565199)(<3486.234131, 294.241089, 8570.395508>) quick accessed a lock!
[13:07:14] Player (Heathen, 76561198865015790)(<4079.052490, 336.406097, 9151.957031>) quick accessed a lock!
[13:07:39] Player (Heathen, 76561198865015790)(<4084.213135, 335.196136, 9139.435547>) quick accessed a lock!
[13:09:15] Player (MikaBrandon, 76561198215565199)(<3493.192627, 294.241089, 8575.258789>) quick accessed a lock!
[13:09:25] Player (Heathen, 76561198865015790)(<4080.304199, 335.195129, 9143.593750>) quick accessed a lock!
[13:10:43] Player (MikaBrandon, 76561198215565199)(<3481.330566, 294.241302, 8577.151367>) accessed a lock!
[13:10:43] Player (MikaBrandon, 76561198215565199)(<3481.330566, 294.241302, 8577.151367>) was added as a guest of a lock!
[13:30:17] Player (MikaBrandon, 76561198215565199)(<3486.336914, 293.859619, 8551.517578>) quick accessed a lock!
[13:34:43] Player (MikaBrandon, 76561198215565199)(<3486.336914, 293.859619, 8551.517578>) quick accessed a lock!
[13:35:25] Player (Heathen, 76561198865015790)(<4079.052490, 336.406097, 9151.957031>) quick accessed a lock!
[13:35:51] Player (Heathen, 76561198865015790)(<4080.304199, 335.195129, 9143.593750>) quick accessed a lock!
[13:37:57] Player (Heathen, 76561198865015790)(<4084.213135, 335.196136, 9139.435547>) quick accessed a lock!
[13:39:56] Player (MikaBrandon, 76561198215565199)(<3481.330566, 294.241302, 8577.151367>) quick accessed a lock!
[13:40:34] Player (MikaBrandon, 76561198215565199)(<3481.330566, 294.241302, 8577.151367>) quick accessed a lock!
[13:40:42] Player (MikaBrandon, 76561198215565199)(<3493.192627, 294.241089, 8575.258789>) quick accessed a lock!
[13:40:48] Player (MikaBrandon, 76561198215565199)(<3485.982666, 294.240692, 8585.570313>) quick accessed a lock!
[13:42:40] Player (Heathen, 76561198865015790)(<4080.304199, 335.195129, 9143.593750>) quick accessed a lock!
[13:42:47] Player (Heathen, 76561198865015790)(<4087.920166, 335.197021, 9135.743164>) quick accessed a lock!
[13:42:51] Player (Heathen, 76561198865015790)(<4091.331055, 335.197906, 9132.161133>) quick accessed a lock!
[13:42:59] Player (Heathen, 76561198865015790)(<4080.304199, 335.195129, 9143.593750>) quick accessed a lock!
[13:44:00] Player (Heathen, 76561198865015790)(<4080.304199, 335.195129, 9143.593750>) quick accessed a lock!
[13:44:40] Player (Heathen, 76561198865015790)(<4091.331055, 335.197906, 9132.161133>) quick accessed a lock!
[13:44:50] Player (Heathen, 76561198865015790)(<4087.920166, 335.197021, 9135.743164>) quick accessed a lock!
[13:45:58] Player (Heathen, 76561198865015790)(<4080.304199, 335.195129, 9143.593750>) quick accessed a lock!
[13:46:04] Player (Heathen, 76561198865015790)(<4084.213135, 335.196136, 9139.435547>) quick accessed a lock!
[13:46:09] Player (Heathen, 76561198865015790)(<4087.920166, 335.197021, 9135.743164>) quick accessed a lock!
[13:46:14] Player (Heathen, 76561198865015790)(<4091.331055, 335.197906, 9132.161133>) quick accessed a lock!
[13:46:35] Player (MikaBrandon, 76561198215565199)(<3485.982666, 294.240692, 8585.570313>) quick accessed a lock!
[13:46:39] Player (MikaBrandon, 76561198215565199)(<3493.192627, 294.241089, 8575.258789>) quick accessed a lock!
[13:46:43] Player (MikaBrandon, 76561198215565199)(<3486.234131, 294.241089, 8570.395508>) quick accessed a lock!
[13:47:40] Player (Heathen, 76561198865015790)(<4079.052490, 336.406097, 9151.957031>) quick accessed a lock!
[13:47:41] Player (MikaBrandon, 76561198215565199)(<3486.336914, 293.859619, 8551.517578>) quick accessed a lock!
[13:47:43] Player (Heathen, 76561198865015790)(<4080.304199, 335.195129, 9143.593750>) quick accessed a lock!
[02-24-2021][14.01.11] Log file reloaded ( Server Restart )
[14:06:12] Player (Andy, 76561198085795595)(<3700.966064, 403.935699, 5963.000000>) set a new passcode on lock!
[14:06:12] Player (Andy, 76561198085795595)(<3700.966064, 403.935699, 5963.000000>) claimed ownership of a lock!
[14:13:24] Player (Andy, 76561198085795595)(<3700.966064, 403.935699, 5963.000000>) quick accessed a lock!
[14:16:09] Player (Andy, 76561198085795595)(<3700.966064, 403.935699, 5963.000000>) quick accessed a lock!
[14:20:22] Player (Andy, 76561198085795595)(<3700.966064, 403.935699, 5963.000000>) quick accessed a lock!
[14:54:35] Player (tretli, 76561198393217796)(<11645.907227, 2.239772, 3176.630127>) quick accessed a lock!
[15:01:15] Player (tretli, 76561198393217796)(<11632.924805, 1.999423, 3165.808105>) quick accessed a lock!
[15:03:31] Player (tretli, 76561198393217796)(<11632.924805, 1.999423, 3165.808105>) quick accessed a lock!
[15:10:51] Player (tretli, 76561198393217796)(<11632.924805, 1.999423, 3165.808105>) quick accessed a lock!
[15:12:31] Player (tretli, 76561198393217796)(<11645.907227, 2.239772, 3176.630127>) quick accessed a lock!
[15:15:02] Player (tretli, 76561198393217796)(<11632.924805, 1.999423, 3165.808105>) quick accessed a lock!
[15:29:43] Player (tretli, 76561198393217796)(<11632.924805, 1.999423, 3165.808105>) quick accessed a lock!
[15:32:05] Player (tretli, 76561198393217796)(<11645.907227, 2.239772, 3176.630127>) quick accessed a lock!
[15:33:12] Player (tretli, 76561198393217796)(<11632.924805, 1.999423, 3165.808105>) quick accessed a lock!
[15:40:53] Player (Heathen, 76561198865015790)(<4079.052490, 336.406097, 9151.957031>) quick accessed a lock!
[15:41:35] Player (Heathen, 76561198865015790)(<4080.304199, 335.195129, 9143.593750>) quick accessed a lock!
[16:06:35] Player (Heathen, 76561198865015790)(<4079.052490, 336.406097, 9151.957031>) quick accessed a lock!
[16:06:41] Player (Heathen, 76561198865015790)(<4080.304199, 335.195129, 9143.593750>) quick accessed a lock!
[16:06:53] Player (Heathen, 76561198865015790)(<4084.213135, 335.196136, 9139.435547>) quick accessed a lock!
[16:07:15] Player (Heathen, 76561198865015790)(<4087.920166, 335.197021, 9135.743164>) quick accessed a lock!
[16:21:18] Player (Magnetschaedel, 76561198006594084)(<5058.462402, 290.070251, 6259.554688>) quick accessed a lock!
[17:02:32] Player (Kman, 76561198409429326)(<9205.389648, 53.009842, 2359.538574>) quick accessed a lock!
[17:14:40] Player (zendog, 76561197970078933)(<3634.036377, 299.323639, 8596.107422>) removed a lock!
[17:15:04] Player (HughJanis, 76561199028579310)(<2996.033203, 369.957245, 6742.372559>) quick accessed a lock!
[17:17:20] Player (zendog, 76561197970078933)(<3657.411621, 299.526825, 8592.188477>) quick accessed a lock!
[17:17:29] Player (zendog, 76561197970078933)(<3657.619385, 299.558807, 8598.754883>) quick accessed a lock!
[17:17:45] Player (zendog, 76561197970078933)(<3636.827148, 299.366821, 8604.073242>) quick accessed a lock!
[17:18:20] Player (Emmes, 76561197968337138)(<5058.462402, 290.070251, 6259.554688>) quick accessed a lock!
[17:23:55] Player (zendog, 76561197970078933)(<3649.242676, 301.404999, 8604.510742>) set a new passcode on lock!
[17:23:55] Player (zendog, 76561197970078933)(<3649.242676, 301.404999, 8604.510742>) claimed ownership of a lock!
[17:25:47] Player (tretli, 76561198393217796)(<11645.907227, 2.239772, 3176.630127>) quick accessed a lock!
[17:27:18] Player (Emmes, 76561197968337138)(<5058.462402, 290.070251, 6259.554688>) quick accessed a lock!
[17:27:21] Player (tretli, 76561198393217796)(<11645.907227, 2.239772, 3176.630127>) quick accessed a lock!
[17:29:14] Player (Andy, 76561198085795595)(<3700.966064, 403.935699, 5963.000000>) quick accessed a lock!
[17:29:48] Player (Emmes, 76561197968337138)(<5042.914551, 290.122009, 6246.540527>) quick accessed a lock!
[17:30:04] Player (Andy, 76561198085795595)(<3700.966064, 403.935699, 5963.000000>) quick accessed a lock!
[17:31:11] Player (HughJanis, 76561199028579310)(<2996.033203, 369.957245, 6742.372559>) quick accessed a lock!
[17:31:33] Player (HughJanis, 76561199028579310)(<2987.840088, 370.720795, 6732.457520>) quick accessed a lock!
[17:32:41] Player (HughJanis, 76561199028579310)(<2987.840088, 370.720795, 6732.457520>) quick accessed a lock!
[17:32:47] Player (HughJanis, 76561199028579310)(<2996.033203, 369.957245, 6742.372559>) quick accessed a lock!
[17:32:48] Player (Hyale, 76561197994452607)(<8382.197266, 163.852722, 12221.458008>) quick accessed a lock!
[17:33:45] Player (Hyale, 76561197994452607)(<8382.197266, 163.852722, 12221.458008>) quick accessed a lock!
[17:33:55] Player (HughJanis, 76561199028579310)(<3018.214111, 369.584015, 6728.125000>) quick accessed a lock!
[17:34:03] Player (MikaBrandon, 76561198215565199)(<3486.336914, 293.859619, 8551.517578>) quick accessed a lock!
[17:34:19] Player (MikaBrandon, 76561198215565199)(<3486.234131, 294.241089, 8570.395508>) quick accessed a lock!
[17:34:27] Player (MikaBrandon, 76561198215565199)(<3493.192627, 294.241089, 8575.258789>) quick accessed a lock!
[17:34:37] Player (HughJanis, 76561199028579310)(<2996.033203, 369.957245, 6742.372559>) quick accessed a lock!
[17:34:42] Player (MikaBrandon, 76561198215565199)(<3486.234131, 294.241089, 8570.395508>) quick accessed a lock!
[17:34:54] Player (Dementy, 76561199021868348)(<11632.924805, 1.999423, 3165.808105>) quick accessed a lock!
[17:35:37] Player (MikaBrandon, 76561198215565199)(<3485.982666, 294.240692, 8585.570313>) quick accessed a lock!
[17:43:03] Player (Andy, 76561198085795595)(<3700.966064, 403.935699, 5963.000000>) quick accessed a lock!
[17:49:21] Player (Magnetschaedel, 76561198006594084)(<5042.914551, 290.122009, 6246.540527>) quick accessed a lock!
[17:51:00] Player (Hyale, 76561197994452607)(<8382.197266, 163.852722, 12221.458008>) quick accessed a lock!
[17:51:16] Player (Andy, 76561198085795595)(<3700.966064, 403.935699, 5963.000000>) quick accessed a lock!
[17:54:10] Player (Emmes, 76561197968337138)(<5058.462402, 290.070251, 6259.554688>) quick accessed a lock!
[17:55:21] Player (Dementy, 76561199021868348)(<11632.924805, 1.999423, 3165.808105>) quick accessed a lock!
[02-24-2021][18.00.30] Log file reloaded ( Server Restart )
[02-24-2021][18.01.27] Log file reloaded ( Server Restart )
[02-24-2021][18.09.35] Log file reloaded ( Server Restart )
[02-24-2021][18.16.30] Log file reloaded ( Server Restart )
[02-24-2021][18.20.24] Log file reloaded ( Server Restart )
[18:31:10] Player (Emmes, 76561197968337138)(<5042.914551, 290.122009, 6246.540527>) quick accessed a lock!
[02-24-2021][18.39.27] Log file reloaded ( Server Restart )
[02-24-2021][18.45.45] Log file reloaded ( Server Restart )
[18:47:53] Player (Andy, 76561198085795595)(<3700.966064, 403.935699, 5963.000000>) quick accessed a lock!
[18:48:47] Player (Andy, 76561198085795595)(<3700.966064, 403.935699, 5963.000000>) quick accessed a lock!
[19:05:21] Player (HughJanis, 76561199028579310)(<2990.216553, 370.209076, 6705.192383>) quick accessed a lock!
[02-24-2021][19.20.23] Log file reloaded ( Server Restart )
[19:26:41] Player (Bernd, 76561197965508404)(<4871.612305, 317.464081, 5750.176758>) quick accessed a lock!
[19:27:20] Player (Bernd, 76561197965508404)(<4871.612305, 317.464081, 5750.176758>) removed a lock!
[19:30:11] Player (Bernd, 76561197965508404)(<4859.504883, 319.519501, 5753.733398>) quick accessed a lock!
[19:31:05] Player (Bernd, 76561197965508404)(<4866.986816, 317.557526, 5743.966797>) set a new passcode on lock!
[19:31:05] Player (Bernd, 76561197965508404)(<4866.986816, 317.557526, 5743.966797>) claimed ownership of a lock!
[19:31:05] Player (HughJanis, 76561199028579310)(<2990.216553, 370.209076, 6705.192383>) quick accessed a lock!
[19:31:08] Player (Bernd, 76561197965508404)(<4866.986816, 317.557526, 5743.966797>) quick accessed a lock!
[19:32:19] Player (HughJanis, 76561199028579310)(<2990.216553, 370.209076, 6705.192383>) quick accessed a lock!
[19:33:13] Player (HughJanis, 76561199028579310)(<3018.214111, 369.584015, 6728.125000>) quick accessed a lock!
[19:34:13] Player (zendog, 76561197970078933)(<3649.242676, 301.404999, 8604.510742>) quick accessed a lock!
[19:34:16] Player (zendog, 76561197970078933)(<3649.242676, 301.404999, 8604.510742>) quick accessed a lock!
[19:35:07] Player (HughJanis, 76561199028579310)(<2996.033203, 369.957245, 6742.372559>) quick accessed a lock!
[19:43:09] Player (HughJanis, 76561199028579310)(<2987.840088, 370.720795, 6732.457520>) quick accessed a lock!
[19:48:59] Player (HughJanis, 76561199028579310)(<2990.216553, 370.209076, 6705.192383>) quick accessed a lock!
[02-24-2021][20.16.09] Log file reloaded ( Server Restart )
[02-24-2021][20.19.12] Log file reloaded ( Server Restart )
[02-24-2021][20.30.46] Log file reloaded ( Server Restart )
[20:55:10] Player (HughJanis, 76561199028579310)(<2987.840088, 370.720795, 6732.457520>) quick accessed a lock!
[21:12:57] Player (MrSolomon, 76561198055735611)(<7201.437012, 252.017014, 6935.869141>) set a new passcode on lock!
[21:12:57] Player (MrSolomon, 76561198055735611)(<7201.437012, 252.017014, 6935.869141>) claimed ownership of a lock!
[21:12:58] Player (MrSolomon, 76561198055735611)(<7201.437012, 252.017014, 6935.869141>) quick accessed a lock!
[21:16:33] Player (Bernd, 76561197965508404)(<4866.986816, 317.557526, 5743.966797>) quick accessed a lock!
[21:20:21] Player (MrSolomon, 76561198055735611)(<7201.437012, 252.017014, 6935.869141>) quick accessed a lock!
[21:33:53] Player (Kman, 76561198409429326)(<9185.132813, 49.652752, 2325.824951>) quick accessed a lock!
[21:35:41] Player (Kman, 76561198409429326)(<9185.132813, 49.652752, 2325.824951>) quick accessed a lock!
[21:52:56] Player (MikaBrandon, 76561198215565199)(<3485.982666, 294.240692, 8585.570313>) quick accessed a lock!
[02-24-2021][22.01.10] Log file reloaded ( Server Restart )
[22:09:18] Player (MikaBrandon, 76561198215565199)(<3485.982666, 294.240692, 8585.570313>) quick accessed a lock!
[22:11:11] Player (MikaBrandon, 76561198215565199)(<3485.982666, 294.240692, 8585.570313>) quick accessed a lock!
[22:18:20] Player (MikaBrandon, 76561198215565199)(<3485.982666, 294.240692, 8585.570313>) quick accessed a lock!
[22:19:54] Player (MikaBrandon, 76561198215565199)(<3485.982666, 294.240692, 8585.570313>) quick accessed a lock!
[22:20:56] Player (MikaBrandon, 76561198215565199)(<3493.192627, 294.241089, 8575.258789>) quick accessed a lock!
[22:24:30] Player (MikaBrandon, 76561198215565199)(<3493.192627, 294.241089, 8575.258789>) quick accessed a lock!
[22:24:36] Player (MikaBrandon, 76561198215565199)(<3481.330566, 294.241302, 8577.151367>) quick accessed a lock!
[22:24:53] Player (MikaBrandon, 76561198215565199)(<3486.234131, 294.241089, 8570.395508>) quick accessed a lock!
[22:25:08] Player (MikaBrandon, 76561198215565199)(<3486.336914, 293.859619, 8551.517578>) quick accessed a lock!
[22:28:17] Player (MikaBrandon, 76561198215565199)(<3486.336914, 293.859619, 8551.517578>) quick accessed a lock!
[22:33:45] Player (MikaBrandon, 76561198215565199)(<3486.336914, 293.859619, 8551.517578>) quick accessed a lock!
[23:23:30] Player (MrSolomon, 76561198055735611)(<7201.437012, 252.017014, 6935.869141>) quick accessed a lock!
[23:24:57] Player (MrSolomon, 76561198055735611)(<7201.437012, 252.017014, 6935.869141>) quick accessed a lock!
[23:31:37] Player (MrSolomon, 76561198055735611)(<7201.437012, 252.017014, 6935.869141>) quick accessed a lock!
[23:34:41] Player (MrSolomon, 76561198055735611)(<7212.929688, 254.208557, 6943.770996>) set a new passcode on lock!
[23:34:41] Player (MrSolomon, 76561198055735611)(<7212.929688, 254.208557, 6943.770996>) claimed ownership of a lock!
[23:38:58] Player (MrSolomon, 76561198055735611)(<7212.929688, 254.208557, 6943.770996>) quick accessed a lock!
[23:39:08] Player (MrSolomon, 76561198055735611)(<7212.929688, 254.208557, 6943.770996>) quick accessed a lock!
[23:39:18] Player (MrSolomon, 76561198055735611)(<7212.929688, 254.208557, 6943.770996>) quick accessed a lock!
[23:39:26] Player (MrSolomon, 76561198055735611)(<7212.929688, 254.208557, 6943.770996>) quick accessed a lock!
[23:39:37] Player (MrSolomon, 76561198055735611)(<7212.929688, 254.208557, 6943.770996>) quick accessed a lock!
[23:42:08] Player (MrSolomon, 76561198055735611)(<7212.929688, 254.208557, 6943.770996>) quick accessed a lock!
[23:49:30] Player (MrSolomon, 76561198055735611)(<7212.929688, 254.208557, 6943.770996>) quick accessed a lock!
