[03-15-2021][02.00.54] New Access Log File Created!
[02:02:21] Player (Helmut Lootie, 76561198065413312)(<3697.718750, 305.022583, 8241.563477>) quick accessed a lock!
[02:03:45] Player (Korwiin, 76561198013080573)(<3711.371826, 305.015656, 8279.054688>) quick accessed a lock!
[02:10:36] Player (Korwiin, 76561198013080573)(<3719.772705, 305.302094, 8236.056641>) quick accessed a lock!
[02:12:51] Player (Helmut Lootie, 76561198065413312)(<3702.595459, 305.019165, 8257.460938>) quick accessed a lock!
[02:14:01] Player (NicFit, 76561198086129271)(<6939.840332, 61.029953, 3703.191650>) quick accessed a lock!
[02:15:00] Player (MissionHades, 76561199101605101)(<1528.254517, 277.570496, 12012.386719>) quick accessed a lock!
[02:15:07] Player (Korwiin, 76561198013080573)(<3711.371826, 305.015656, 8279.054688>) quick accessed a lock!
[02:18:47] Player (MissionHades, 76561199101605101)(<1528.254517, 277.570496, 12012.386719>) quick accessed a lock!
[02:19:47] Player (Helmut Lootie, 76561198065413312)(<3711.371826, 305.015656, 8279.054688>) quick accessed a lock!
[02:20:39] Player (NicFit, 76561198086129271)(<6939.840332, 61.029953, 3703.191650>) removed a lock!
[02:24:54] Player (Helmut Lootie, 76561198065413312)(<3719.772705, 305.302094, 8236.056641>) quick accessed a lock!
[02:27:37] Player (rastanator, 76561198035432577)(<8255.325195, 354.292114, 7013.197266>) quick accessed a lock!
[02:29:55] Player (Helmut Lootie, 76561198065413312)(<3697.718750, 305.022583, 8241.563477>) quick accessed a lock!
[02:36:24] Player (NicFit, 76561198086129271)(<6940.228027, 60.961956, 3705.061768>) set a new passcode on lock!
[02:36:24] Player (NicFit, 76561198086129271)(<6940.228027, 60.961956, 3705.061768>) claimed ownership of a lock!
[02:36:26] Player (NicFit, 76561198086129271)(<6940.228027, 60.961956, 3705.061768>) quick accessed a lock!
[02:36:38] Player (NicFit, 76561198086129271)(<6940.228027, 60.961956, 3705.061768>) quick accessed a lock!
[02:38:10] Player (NicFit, 76561198086129271)(<6940.228027, 60.961956, 3705.061768>) quick accessed a lock!
[02:40:36] Player (NicFit, 76561198086129271)(<6940.228027, 60.961956, 3705.061768>) quick accessed a lock!
[02:42:43] Player (Helmut Lootie, 76561198065413312)(<3705.060547, 305.019165, 8262.931641>) quick accessed a lock!
[02:43:42] Player (NicFit, 76561198086129271)(<6940.228027, 60.961956, 3705.061768>) quick accessed a lock!
[02:46:34] Player (MissionHades, 76561199101605101)(<1517.586426, 279.136688, 12029.351563>) quick accessed a lock!
[02:50:10] Player (NicFit, 76561198086129271)(<6930.891113, 66.997383, 3709.469971>) set a new passcode on lock!
[02:50:10] Player (NicFit, 76561198086129271)(<6930.891113, 66.997383, 3709.469971>) claimed ownership of a lock!
[02:50:15] Player (NicFit, 76561198086129271)(<6930.891113, 66.997383, 3709.469971>) quick accessed a lock!
[02:58:06] Player (Helmut Lootie, 76561198065413312)(<3711.371826, 305.015656, 8279.054688>) quick accessed a lock!
[02:58:14] Player (Helmut Lootie, 76561198065413312)(<3705.060547, 305.019165, 8262.931641>) quick accessed a lock!
[03:24:48] Player (NicFit, 76561198086129271)(<6930.891113, 66.997383, 3709.469971>) removed a lock!
[03:25:14] Player (Jordan, 76561198999593356)(<4073.893311, 295.269257, 7275.131348>) quick accessed a lock!
[03:25:25] Player (Jordan, 76561198999593356)(<4058.673340, 295.269470, 7274.879395>) quick accessed a lock!
[03:26:32] Player (Korwiin, 76561198013080573)(<3697.718750, 305.022583, 8241.563477>) quick accessed a lock!
[03:30:45] Player (NicFit, 76561198086129271)(<6930.551758, 66.997383, 3709.342773>) set a new passcode on lock!
[03:30:45] Player (NicFit, 76561198086129271)(<6930.551758, 66.997383, 3709.342773>) claimed ownership of a lock!
[03:46:25] Player (NicFit, 76561198086129271)(<6940.228027, 60.961956, 3705.061768>) quick accessed a lock!
[03:47:46] Player (NicFit, 76561198086129271)(<6943.061035, 58.101555, 3688.918213>) quick accessed a lock!
[04:05:14] Player (Korwiin, 76561198013080573)(<3697.718750, 305.022583, 8241.563477>) quick accessed a lock!
[04:05:19] Player (Korwiin, 76561198013080573)(<3719.772705, 305.302094, 8236.056641>) quick accessed a lock!
[04:06:54] Player (NicFit, 76561198086129271)(<6937.594238, 58.649269, 3680.769775>) quick accessed a lock!
[04:07:27] Player (NicFit, 76561198086129271)(<6930.551758, 66.997383, 3709.342773>) quick accessed a lock!
[04:08:57] Player (Korwiin, 76561198013080573)(<3702.595459, 305.019165, 8257.460938>) quick accessed a lock!
[04:20:16] Player (NicFit, 76561198086129271)(<6930.551758, 66.997383, 3709.342773>) quick accessed a lock!
[04:23:56] Player (Korwiin, 76561198013080573)(<3702.595459, 305.019165, 8257.460938>) quick accessed a lock!
[04:32:45] Player (NicFit, 76561198086129271)(<6930.551758, 66.997383, 3709.342773>) quick accessed a lock!
[04:38:55] Player (NicFit, 76561198086129271)(<6943.061035, 58.101555, 3688.918213>) quick accessed a lock!
[04:56:12] Player (NicFit, 76561198086129271)(<6931.586914, 56.861805, 3686.584473>) quick accessed a lock!
[04:59:55] Player (NicFit, 76561198086129271)(<6934.527344, 56.750614, 3674.505615>) quick accessed a lock!
[05:11:57] Player (NicFit, 76561198086129271)(<6934.527344, 56.750614, 3674.505615>) quick accessed a lock!
[05:13:58] Player (NicFit, 76561198086129271)(<6940.228027, 60.961956, 3705.061768>) quick accessed a lock!
[05:15:28] Player (NicFit, 76561198086129271)(<6934.527344, 56.750614, 3674.505615>) quick accessed a lock!
[05:15:58] Player (NicFit, 76561198086129271)(<6934.527344, 56.750614, 3674.505615>) quick accessed a lock!
[05:17:49] Player (NicFit, 76561198086129271)(<6940.228027, 60.961956, 3705.061768>) quick accessed a lock!
[05:18:08] Player (NicFit, 76561198086129271)(<6940.228027, 60.961956, 3705.061768>) quick accessed a lock!
[05:18:59] Player (NicFit, 76561198086129271)(<6940.228027, 60.961956, 3705.061768>) quick accessed a lock!
[05:20:45] Player (NicFit, 76561198086129271)(<6940.228027, 60.961956, 3705.061768>) quick accessed a lock!
[05:22:59] Player (NicFit, 76561198086129271)(<6931.586914, 56.861805, 3686.584473>) quick accessed a lock!
[05:37:27] Player (NicFit, 76561198086129271)(<6931.586914, 56.861805, 3686.584473>) quick accessed a lock!
[05:40:55] Player (NicFit, 76561198086129271)(<6940.228027, 60.961956, 3705.061768>) quick accessed a lock!
[05:42:27] Player (NicFit, 76561198086129271)(<6940.228027, 60.961956, 3705.061768>) quick accessed a lock!
[05:42:38] Player (NicFit, 76561198086129271)(<6934.527344, 56.750614, 3674.505615>) quick accessed a lock!
[05:49:44] Player (NicFit, 76561198086129271)(<6934.527344, 56.750614, 3674.505615>) quick accessed a lock!
[05:49:55] Player (NicFit, 76561198086129271)(<6934.527344, 56.750614, 3674.505615>) quick accessed a lock!
[05:50:45] Player (NicFit, 76561198086129271)(<6934.527344, 56.750614, 3674.505615>) quick accessed a lock!
[05:50:58] Player (NicFit, 76561198086129271)(<6934.527344, 56.750614, 3674.505615>) quick accessed a lock!
[05:52:09] Player (NicFit, 76561198086129271)(<6940.228027, 60.961956, 3705.061768>) quick accessed a lock!
[05:54:00] Player (NicFit, 76561198086129271)(<6940.228027, 60.961956, 3705.061768>) quick accessed a lock!
[03-15-2021][06.01.11] Log file reloaded ( Server Restart )
[03-15-2021][10.01.25] Log file reloaded ( Server Restart )
[11:09:46] Player (Percy Coles, 76561198177852285)(<8083.761719, 459.208221, 9312.645508>) quick accessed a lock!
[11:10:03] Player (Percy Coles, 76561198177852285)(<8083.761719, 459.208221, 9312.645508>) quick accessed a lock!
[11:24:05] Player (frenchy, 76561198969225016)(<6546.868164, 335.189972, 9330.886719>) quick accessed a lock!
[11:27:25] Player (frenchy, 76561198969225016)(<6539.277344, 334.770752, 9318.540039>) quick accessed a lock!
[11:39:35] Player (frenchy, 76561198969225016)(<6550.174316, 335.422028, 9334.314453>) quick accessed a lock!
[11:39:41] Player (frenchy, 76561198969225016)(<6543.575684, 335.003296, 9327.412109>) quick accessed a lock!
[11:54:07] Player (Helmut Lootie, 76561198065413312)(<3697.718750, 305.022583, 8241.563477>) quick accessed a lock!
[11:56:47] Player (MissionHades, 76561199101605101)(<1517.586426, 279.136688, 12029.351563>) quick accessed a lock!
[11:57:53] Player (Yzb. Tulcus, 76561198421975055)(<6527.522461, 387.563263, 5581.287109>) accessed a lock!
[11:57:53] Player (Yzb. Tulcus, 76561198421975055)(<6527.522461, 387.563263, 5581.287109>) was added as a guest of a lock!
[12:11:06] Player (rastanator, 76561198035432577)(<8255.325195, 354.292114, 7013.197266>) quick accessed a lock!
[12:15:56] Player (rastanator, 76561198035432577)(<8255.325195, 354.292114, 7013.197266>) quick accessed a lock!
[12:25:13] Player (MissionHades, 76561199101605101)(<1517.586426, 279.136688, 12029.351563>) quick accessed a lock!
[12:27:18] Player (MissionHades, 76561199101605101)(<1517.586426, 279.136688, 12029.351563>) quick accessed a lock!
[12:27:26] Player (MissionHades, 76561199101605101)(<1528.254517, 277.570496, 12012.386719>) quick accessed a lock!
[12:29:18] Player (frenchy, 76561198969225016)(<6539.277344, 334.770752, 9318.540039>) quick accessed a lock!
[12:30:30] Player (frenchy, 76561198969225016)(<6546.868164, 335.189972, 9330.886719>) quick accessed a lock!
[12:31:56] Player (frenchy, 76561198969225016)(<6550.174316, 335.422028, 9334.314453>) quick accessed a lock!
[12:32:01] Player (frenchy, 76561198969225016)(<6543.575684, 335.003296, 9327.412109>) quick accessed a lock!
[12:36:23] Player (frenchy, 76561198969225016)(<6552.541504, 337.658264, 9314.689453>) quick accessed a lock!
[13:27:35] Player (frenchy, 76561198969225016)(<6546.868164, 335.189972, 9330.886719>) quick accessed a lock!
[13:33:51] Player (frenchy, 76561198969225016)(<6539.277344, 334.770752, 9318.540039>) quick accessed a lock!
[03-15-2021][14.00.58] Log file reloaded ( Server Restart )
[14:09:15] Player (zendog, 76561197970078933)(<3648.097900, 301.395508, 8605.158203>) quick accessed a lock!
[14:15:15] Player (zendog, 76561197970078933)(<3655.449463, 299.387238, 8577.824219>) quick accessed a lock!
[14:17:32] Player (zendog, 76561197970078933)(<3648.097900, 301.395508, 8605.158203>) quick accessed a lock!
[14:18:56] Player (zendog, 76561197970078933)(<3623.868164, 299.156525, 8583.653320>) quick accessed a lock!
[14:20:16] Player (zendog, 76561197970078933)(<3657.411377, 299.556580, 8598.930664>) quick accessed a lock!
[14:46:56] Player (Helmut Lootie, 76561198065413312)(<3697.718750, 305.022583, 8241.563477>) quick accessed a lock!
[14:47:04] Player (Helmut Lootie, 76561198065413312)(<3702.595459, 305.019165, 8257.460938>) quick accessed a lock!
[14:50:42] Player (Helmut Lootie, 76561198065413312)(<3697.718750, 305.022583, 8241.563477>) quick accessed a lock!
[14:54:24] Player (Helmut Lootie, 76561198065413312)(<3705.060547, 305.019165, 8262.931641>) quick accessed a lock!
[15:43:49] Player (Helmut Lootie, 76561198065413312)(<3697.718750, 305.022583, 8241.563477>) quick accessed a lock!
[15:45:16] Player (Helmut Lootie, 76561198065413312)(<3705.060547, 305.019165, 8262.931641>) quick accessed a lock!
[15:48:52] Player (Helmut Lootie, 76561198065413312)(<3697.718750, 305.022583, 8241.563477>) quick accessed a lock!
[15:49:23] Player (Helmut Lootie, 76561198065413312)(<3705.060547, 305.019165, 8262.931641>) quick accessed a lock!
[16:10:32] Player (zendog, 76561197970078933)(<3655.449463, 299.387238, 8577.824219>) quick accessed a lock!
[16:13:46] Player (zendog, 76561197970078933)(<3643.489014, 299.456909, 8598.204102>) quick accessed a lock!
[16:24:21] Player (zendog, 76561197970078933)(<3648.097900, 301.395508, 8605.158203>) quick accessed a lock!
[16:26:13] Player (zendog, 76561197970078933)(<3648.097900, 301.395508, 8605.158203>) quick accessed a lock!
[16:26:16] Player (zendog, 76561197970078933)(<3648.097900, 301.395508, 8605.158203>) quick accessed a lock!
[16:31:36] Player (Le chinois(Fr), 76561198041337034)(<3330.906006, 346.502655, 6495.974609>) quick accessed a lock!
[17:11:46] Player (NicFit, 76561198086129271)(<6940.228027, 60.961956, 3705.061768>) quick accessed a lock!
[17:11:59] Player (NicFit, 76561198086129271)(<6937.594238, 58.649269, 3680.769775>) quick accessed a lock!
[17:15:28] Player (Hyale, 76561197994452607)(<5442.709961, 311.571472, 7599.707520>) quick accessed a lock!
[17:16:06] Player (NicFit, 76561198086129271)(<6940.228027, 60.961956, 3705.061768>) quick accessed a lock!
[17:17:24] Player (Hyale, 76561197994452607)(<5442.709961, 311.571472, 7599.707520>) quick accessed a lock!
[17:18:16] Player (NicFit, 76561198086129271)(<6937.594238, 58.649269, 3680.769775>) quick accessed a lock!
[17:18:33] Player (NicFit, 76561198086129271)(<6934.527344, 56.750614, 3674.505615>) quick accessed a lock!
[17:20:15] Player (Prophecy, 76561198990415902)(<5268.548340, 306.574585, 5517.510742>) quick accessed a lock!
[17:22:32] Player (Hyale, 76561197994452607)(<5449.966797, 317.519806, 7603.605957>) quick accessed a lock!
[17:22:56] Player (Prophecy, 76561198990415902)(<5268.548340, 306.574585, 5517.510742>) quick accessed a lock!
[17:25:57] Player (Prophecy, 76561198990415902)(<5255.075684, 306.017731, 5502.657715>) quick accessed a lock!
[17:27:38] Player (Hyale, 76561197994452607)(<5442.709961, 311.571472, 7599.707520>) quick accessed a lock!
[17:38:05] Player (Le chinois(Fr), 76561198041337034)(<3330.906006, 346.502655, 6495.974609>) quick accessed a lock!
[17:39:29] Player (grizzly bear, 76561198839448946)(<6546.098633, 337.521759, 9307.002930>) quick accessed a lock!
[17:39:52] Player (grizzly bear, 76561198839448946)(<6546.868164, 335.189972, 9330.886719>) quick accessed a lock!
[17:41:30] Player (grizzly bear, 76561198839448946)(<6539.277344, 334.770752, 9318.540039>) quick accessed a lock!
[17:43:25] Player (grizzly bear, 76561198839448946)(<6546.098633, 337.521759, 9307.002930>) quick accessed a lock!
[17:45:04] Player (Le chinois(Fr), 76561198041337034)(<3330.906006, 346.502655, 6495.974609>) quick accessed a lock!
[17:45:22] Player (grizzly bear, 76561198839448946)(<6539.277344, 334.770752, 9318.540039>) quick accessed a lock!
[17:45:32] Player (Le chinois(Fr), 76561198041337034)(<3330.906006, 346.502655, 6495.974609>) removed a lock!
[17:46:08] Player (NicFit, 76561198086129271)(<6931.586914, 56.861805, 3686.584473>) quick accessed a lock!
[17:51:01] Player (grizzly bear, 76561198839448946)(<6552.541504, 337.658264, 9314.689453>) quick accessed a lock!
[17:51:21] Player (grizzly bear, 76561198839448946)(<6546.098633, 337.521759, 9307.002930>) quick accessed a lock!
[17:51:56] Player (MissionHades, 76561199101605101)(<1528.254517, 277.570496, 12012.386719>) quick accessed a lock!
[17:52:03] Player (grizzly bear, 76561198839448946)(<6539.277344, 334.770752, 9318.540039>) quick accessed a lock!
[17:53:04] Player (MissionHades, 76561199101605101)(<1517.586426, 279.136688, 12029.351563>) quick accessed a lock!
[17:53:54] Player (NicFit, 76561198086129271)(<6940.228027, 60.961956, 3705.061768>) quick accessed a lock!
[17:53:57] Player (MissionHades, 76561199101605101)(<1517.586426, 279.136688, 12029.351563>) quick accessed a lock!
[17:55:33] Player (NicFit, 76561198086129271)(<6940.228027, 60.961956, 3705.061768>) quick accessed a lock!
[17:55:53] Player (NicFit, 76561198086129271)(<6931.692383, 66.978699, 3704.374268>) set a new passcode on lock!
[17:55:53] Player (NicFit, 76561198086129271)(<6931.692383, 66.978699, 3704.374268>) claimed ownership of a lock!
[17:55:57] Player (grizzly bear, 76561198839448946)(<6546.098633, 337.521759, 9307.002930>) quick accessed a lock!
[17:57:37] Player (NicFit, 76561198086129271)(<6940.228027, 60.961956, 3705.061768>) quick accessed a lock!
[03-15-2021][18.01.01] Log file reloaded ( Server Restart )
[18:02:47] Player (NicFit, 76561198086129271)(<6931.692383, 66.978699, 3704.374268>) quick accessed a lock!
[18:04:18] Player (MissionHades, 76561199101605101)(<1517.586426, 279.136688, 12029.351563>) quick accessed a lock!
[18:04:21] Player (MissionHades, 76561199101605101)(<1513.985718, 277.839844, 12030.496094>) quick accessed a lock!
[18:04:52] Player (PuMa, 76561198129278616)(<5767.541504, 321.655853, 7890.975586>) quick accessed a lock!
[18:05:07] Player (NicFit, 76561198086129271)(<6943.061035, 58.101555, 3688.918213>) quick accessed a lock!
[18:05:45] Player (NicFit, 76561198086129271)(<6943.061035, 58.101555, 3688.918213>) quick accessed a lock!
[18:06:48] Player (NicFit, 76561198086129271)(<6943.061035, 58.101555, 3688.918213>) quick accessed a lock!
[18:07:38] Player (quadlock, 76561198162344833)(<6547.820801, 393.913513, 5598.946289>) quick accessed a lock!
[18:07:47] Player (PuMa, 76561198129278616)(<5777.222656, 324.595581, 7886.378418>) set a new passcode on lock!
[18:07:47] Player (PuMa, 76561198129278616)(<5777.222656, 324.595581, 7886.378418>) claimed ownership of a lock!
[18:08:10] Player (PuMa, 76561198129278616)(<5777.222656, 324.595581, 7886.378418>) quick accessed a lock!
[18:08:20] Player (Magnetschaedel, 76561198006594084)(<5066.593750, 290.788361, 6230.539063>) quick accessed a lock!
[18:08:32] Player (Magnetschaedel, 76561198006594084)(<5042.893066, 290.121704, 6246.572266>) quick accessed a lock!
[18:09:55] Player (Magnetschaedel, 76561198006594084)(<5059.447266, 288.864899, 6235.863281>) quick accessed a lock!
[18:11:12] Player (quadlock, 76561198162344833)(<6527.522461, 387.563263, 5581.287109>) quick accessed a lock!
[18:11:24] Player (Magnetschaedel, 76561198006594084)(<5065.988770, 288.874664, 6253.040527>) quick accessed a lock!
[18:12:09] Player (NicFit, 76561198086129271)(<6943.061035, 58.101555, 3688.918213>) quick accessed a lock!
[18:12:12] Player (Magnetschaedel, 76561198006594084)(<5067.030762, 288.880005, 6242.859863>) quick accessed a lock!
[18:12:23] Player (Magnetschaedel, 76561198006594084)(<5066.520996, 288.879456, 6247.917480>) quick accessed a lock!
[18:14:38] Player (MissionHades, 76561199101605101)(<1517.586426, 279.136688, 12029.351563>) quick accessed a lock!
[18:14:43] Player (NicFit, 76561198086129271)(<6943.061035, 58.101555, 3688.918213>) quick accessed a lock!
[18:14:44] Player (MissionHades, 76561199101605101)(<1528.254517, 277.570496, 12012.386719>) quick accessed a lock!
[18:15:39] Player (Helmut Lootie, 76561198065413312)(<3697.718750, 305.022583, 8241.563477>) quick accessed a lock!
[18:16:14] Player (grizzly bear, 76561198839448946)(<6546.098633, 337.521759, 9307.002930>) quick accessed a lock!
[18:16:15] Player (NicFit, 76561198086129271)(<6943.061035, 58.101555, 3688.918213>) quick accessed a lock!
[18:16:26] Player (Magnetschaedel, 76561198006594084)(<5066.593750, 290.788361, 6230.539063>) quick accessed a lock!
[18:17:20] Player (grizzly bear, 76561198839448946)(<6539.277344, 334.770752, 9318.540039>) quick accessed a lock!
[18:18:21] Player (MissionHades, 76561199101605101)(<1513.985718, 277.839844, 12030.496094>) quick accessed a lock!
[18:18:40] Player (quadlock, 76561198162344833)(<6527.522461, 387.563263, 5581.287109>) quick accessed a lock!
[18:21:04] Player (grizzly bear, 76561198839448946)(<6543.575684, 335.003296, 9327.412109>) quick accessed a lock!
[18:22:55] Player (quadlock, 76561198162344833)(<6547.820801, 393.913513, 5598.946289>) quick accessed a lock!
[18:24:20] Player (NicFit, 76561198086129271)(<6943.061035, 58.101555, 3688.918213>) quick accessed a lock!
[18:24:33] Player (Magnetschaedel, 76561198006594084)(<5066.593750, 290.788361, 6230.539063>) quick accessed a lock!
[18:24:45] Player (NicFit, 76561198086129271)(<6931.692383, 66.978699, 3704.374268>) quick accessed a lock!
[18:24:55] Player (Magnetschaedel, 76561198006594084)(<5065.988770, 288.874664, 6253.040527>) quick accessed a lock!
[18:25:09] Player (quadlock, 76561198162344833)(<6547.820801, 393.913513, 5598.946289>) quick accessed a lock!
[18:25:20] Player (NicFit, 76561198086129271)(<6943.061035, 58.101555, 3688.918213>) quick accessed a lock!
[18:27:09] Player (quadlock, 76561198162344833)(<6527.522461, 387.563263, 5581.287109>) quick accessed a lock!
[18:28:29] Player (MissionHades, 76561199101605101)(<1555.979004, 277.394226, 11951.742188>) set a new passcode on lock!
[18:28:29] Player (MissionHades, 76561199101605101)(<1555.979004, 277.394226, 11951.742188>) claimed ownership of a lock!
[18:28:32] Player (MissionHades, 76561199101605101)(<1555.979004, 277.394226, 11951.742188>) quick accessed a lock!
[18:29:54] Player (MissionHades, 76561199101605101)(<1513.985718, 277.839844, 12030.496094>) quick accessed a lock!
[18:30:08] Player (NicFit, 76561198086129271)(<6943.061035, 58.101555, 3688.918213>) quick accessed a lock!
[18:30:13] Player (MissionHades, 76561199101605101)(<1528.254517, 277.570496, 12012.386719>) quick accessed a lock!
[18:30:37] Player (NicFit, 76561198086129271)(<6943.061035, 58.101555, 3688.918213>) quick accessed a lock!
[18:38:29] Player (NicFit, 76561198086129271)(<6943.061035, 58.101555, 3688.918213>) quick accessed a lock!
[18:38:29] Player (Jordan, 76561198999593356)(<4055.655273, 298.210052, 7282.211914>) quick accessed a lock!
[18:38:41] Player (NicFit, 76561198086129271)(<6931.692383, 66.978699, 3704.374268>) quick accessed a lock!
[18:39:29] Player (grizzly bear, 76561198839448946)(<6543.575684, 335.003296, 9327.412109>) quick accessed a lock!
[18:39:44] Player (NicFit, 76561198086129271)(<6943.061035, 58.101555, 3688.918213>) quick accessed a lock!
[18:40:18] Player (NicFit, 76561198086129271)(<6943.061035, 58.101555, 3688.918213>) quick accessed a lock!
[18:40:46] Player (grizzly bear, 76561198839448946)(<6543.575684, 335.003296, 9327.412109>) quick accessed a lock!
[18:41:42] Player (NicFit, 76561198086129271)(<6943.061035, 58.101555, 3688.918213>) quick accessed a lock!
[18:41:45] Player (grizzly bear, 76561198839448946)(<6546.868164, 335.189972, 9330.886719>) quick accessed a lock!
[18:42:28] Player (grizzly bear, 76561198839448946)(<6543.575684, 335.003296, 9327.412109>) quick accessed a lock!
[18:43:40] Player (MissionHades, 76561199101605101)(<1528.254517, 277.570496, 12012.386719>) quick accessed a lock!
[18:44:06] Player (grizzly bear, 76561198839448946)(<6546.868164, 335.189972, 9330.886719>) quick accessed a lock!
[18:45:24] Player (grizzly bear, 76561198839448946)(<6546.098633, 337.521759, 9307.002930>) quick accessed a lock!
[18:46:08] Player (Le chinois(Fr), 76561198041337034)(<9887.975586, 68.464325, 13859.181641>) set a new passcode on lock!
[18:46:08] Player (Le chinois(Fr), 76561198041337034)(<9887.975586, 68.464325, 13859.181641>) claimed ownership of a lock!
[18:47:19] Player (Jordan, 76561198999593356)(<4073.893311, 295.269257, 7275.131348>) quick accessed a lock!
[18:47:37] Player (NicFit, 76561198086129271)(<6943.061035, 58.101555, 3688.918213>) quick accessed a lock!
[18:48:16] Player (NicFit, 76561198086129271)(<6943.061035, 58.101555, 3688.918213>) quick accessed a lock!
[18:48:29] Player (Jordan, 76561198999593356)(<4058.673340, 295.269470, 7274.879395>) quick accessed a lock!
[18:48:32] Player (NicFit, 76561198086129271)(<6943.061035, 58.101555, 3688.918213>) quick accessed a lock!
[18:50:02] Player (grizzly bear, 76561198839448946)(<6546.098633, 337.521759, 9307.002930>) quick accessed a lock!
[18:50:36] Player (grizzly bear, 76561198839448946)(<6550.174316, 335.422028, 9334.314453>) quick accessed a lock!
[18:51:36] Player (Jordan, 76561198999593356)(<4058.673340, 295.269470, 7274.879395>) quick accessed a lock!
[18:51:42] Player (Jordan, 76561198999593356)(<4058.673340, 295.269470, 7274.879395>) quick accessed a lock!
[18:53:04] Player (grizzly bear, 76561198839448946)(<6550.174316, 335.422028, 9334.314453>) quick accessed a lock!
[18:53:50] Player (grizzly bear, 76561198839448946)(<6550.174316, 335.422028, 9334.314453>) quick accessed a lock!
[18:54:08] Player (Jordan, 76561198999593356)(<4055.655273, 298.210052, 7282.211914>) quick accessed a lock!
[18:54:38] Player (grizzly bear, 76561198839448946)(<6539.277344, 334.770752, 9318.540039>) quick accessed a lock!
[18:54:46] Player (NicFit, 76561198086129271)(<6943.061035, 58.101555, 3688.918213>) quick accessed a lock!
[18:56:08] Player (grizzly bear, 76561198839448946)(<6546.868164, 335.189972, 9330.886719>) quick accessed a lock!
[18:56:31] Player (grizzly bear, 76561198839448946)(<6543.575684, 335.003296, 9327.412109>) quick accessed a lock!
[18:58:21] Player (NicFit, 76561198086129271)(<6943.061035, 58.101555, 3688.918213>) quick accessed a lock!
[18:59:47] Player (NicFit, 76561198086129271)(<6943.061035, 58.101555, 3688.918213>) quick accessed a lock!
[19:00:07] Player (NicFit, 76561198086129271)(<6943.061035, 58.101555, 3688.918213>) quick accessed a lock!
[19:00:37] Player (NicFit, 76561198086129271)(<6937.594238, 58.649269, 3680.769775>) quick accessed a lock!
[19:03:30] Player (NicFit, 76561198086129271)(<6934.527344, 56.750614, 3674.505615>) quick accessed a lock!
[19:03:48] Player (NicFit, 76561198086129271)(<6934.527344, 56.750614, 3674.505615>) quick accessed a lock!
[19:06:23] Player (NicFit, 76561198086129271)(<6934.527344, 56.750614, 3674.505615>) quick accessed a lock!
[19:25:46] Player (Jordan, 76561198999593356)(<4073.893311, 295.269257, 7275.131348>) quick accessed a lock!
[19:25:55] Player (frenchy, 76561198969225016)(<6552.541504, 337.658264, 9314.689453>) quick accessed a lock!
[19:26:06] Player (frenchy, 76561198969225016)(<6552.541504, 337.658264, 9314.689453>) quick accessed a lock!
[19:27:50] Player (NicFit, 76561198086129271)(<6934.527344, 56.750614, 3674.505615>) quick accessed a lock!
[19:28:35] Player (frenchy, 76561198969225016)(<6539.277344, 334.770752, 9318.540039>) quick accessed a lock!
[19:28:40] Player (NicFit, 76561198086129271)(<6931.692383, 66.978699, 3704.374268>) quick accessed a lock!
[19:28:54] Player (NicFit, 76561198086129271)(<6930.551758, 66.997383, 3709.342773>) quick accessed a lock!
[19:29:27] Player (NicFit, 76561198086129271)(<6931.692383, 66.978699, 3704.374268>) quick accessed a lock!
[19:29:48] Player (NicFit, 76561198086129271)(<6943.061035, 58.101555, 3688.918213>) quick accessed a lock!
[19:30:13] Player (NicFit, 76561198086129271)(<6943.061035, 58.101555, 3688.918213>) quick accessed a lock!
[19:30:15] Player (frenchy, 76561198969225016)(<6546.868164, 335.189972, 9330.886719>) quick accessed a lock!
[19:30:41] Player (Magnetschaedel, 76561198006594084)(<5042.893066, 290.121704, 6246.572266>) quick accessed a lock!
[19:31:21] Player (frenchy, 76561198969225016)(<6543.575684, 335.003296, 9327.412109>) quick accessed a lock!
[19:31:29] Player (Magnetschaedel, 76561198006594084)(<5066.593750, 290.788361, 6230.539063>) quick accessed a lock!
[19:33:23] Player (frenchy, 76561198969225016)(<6539.277344, 334.770752, 9318.540039>) quick accessed a lock!
[19:35:03] Player (NicFit, 76561198086129271)(<6931.692383, 66.978699, 3704.374268>) quick accessed a lock!
[19:36:52] Player (frenchy, 76561198969225016)(<6552.541504, 337.658264, 9314.689453>) quick accessed a lock!
[19:38:36] Player (NicFit, 76561198086129271)(<6931.586914, 56.861805, 3686.584473>) quick accessed a lock!
[19:44:14] Player (NicFit, 76561198086129271)(<6943.061035, 58.101555, 3688.918213>) quick accessed a lock!
[19:48:55] Player (frenchy, 76561198969225016)(<6539.277344, 334.770752, 9318.540039>) quick accessed a lock!
[19:49:11] Player (NicFit, 76561198086129271)(<6934.527344, 56.750614, 3674.505615>) quick accessed a lock!
[19:50:09] Player ([MMD] Absolutegeeza, 76561199051035980)(<4865.596191, 320.739990, 5674.666016>) set a new passcode on lock!
[19:50:09] Player ([MMD] Absolutegeeza, 76561199051035980)(<4865.596191, 320.739990, 5674.666016>) claimed ownership of a lock!
[19:50:21] Player (NicFit, 76561198086129271)(<6931.692383, 66.978699, 3704.374268>) quick accessed a lock!
[19:51:19] Player (NicFit, 76561198086129271)(<6934.527344, 56.750614, 3674.505615>) quick accessed a lock!
[19:51:55] Player (NicFit, 76561198086129271)(<6934.527344, 56.750614, 3674.505615>) quick accessed a lock!
[19:52:31] Player (NicFit, 76561198086129271)(<6931.692383, 66.978699, 3704.374268>) quick accessed a lock!
[19:56:36] Player (NicFit, 76561198086129271)(<6930.551758, 66.997383, 3709.342773>) quick accessed a lock!
[19:57:52] Player (grizzly bear, 76561198839448946)(<6550.174316, 335.422028, 9334.314453>) quick accessed a lock!
[19:58:14] Player (NicFit, 76561198086129271)(<6930.551758, 66.997383, 3709.342773>) quick accessed a lock!
[19:58:30] Player ([MMD] Absolutegeeza, 76561199051035980)(<4865.596191, 320.739990, 5674.666016>) quick accessed a lock!
[19:59:32] Player ([MMD] Absolutegeeza, 76561199051035980)(<4865.596191, 320.739990, 5674.666016>) quick accessed a lock!
[20:01:09] Player (NicFit, 76561198086129271)(<6943.061035, 58.101555, 3688.918213>) quick accessed a lock!
[20:01:25] Player (NicFit, 76561198086129271)(<6943.061035, 58.101555, 3688.918213>) quick accessed a lock!
[20:01:42] Player (NicFit, 76561198086129271)(<6943.061035, 58.101555, 3688.918213>) quick accessed a lock!
[20:01:45] Player (grizzly bear, 76561198839448946)(<6546.098633, 337.521759, 9307.002930>) quick accessed a lock!
[20:03:15] Player (NicFit, 76561198086129271)(<6937.594238, 58.649269, 3680.769775>) quick accessed a lock!
[20:04:01] Player (grizzly bear, 76561198839448946)(<6546.098633, 337.521759, 9307.002930>) quick accessed a lock!
[20:05:38] Player (grizzly bear, 76561198839448946)(<6539.277344, 334.770752, 9318.540039>) quick accessed a lock!
[20:07:17] Player (NicFit, 76561198086129271)(<6943.061035, 58.101555, 3688.918213>) quick accessed a lock!
[20:08:30] Player (NicFit, 76561198086129271)(<6931.692383, 66.978699, 3704.374268>) quick accessed a lock!
[20:08:48] Player (Jordan, 76561198999593356)(<4058.673340, 295.269470, 7274.879395>) quick accessed a lock!
[20:09:52] Player (Jordan, 76561198999593356)(<4055.655273, 298.210052, 7282.211914>) quick accessed a lock!
[20:10:35] Player (NicFit, 76561198086129271)(<6931.586914, 56.861805, 3686.584473>) quick accessed a lock!
[20:10:43] Player (grizzly bear, 76561198839448946)(<6550.174316, 335.422028, 9334.314453>) quick accessed a lock!
[20:11:47] Player (Prophecy, 76561198990415902)(<5255.075684, 306.017731, 5502.657715>) quick accessed a lock!
[20:12:25] Player (Prophecy, 76561198990415902)(<5264.449707, 308.807892, 5503.083984>) quick accessed a lock!
[20:16:15] Player (grizzly bear, 76561198839448946)(<6546.098633, 337.521759, 9307.002930>) quick accessed a lock!
[20:17:07] Player (grizzly bear, 76561198839448946)(<6546.098633, 337.521759, 9307.002930>) quick accessed a lock!
[20:17:37] Player ([MMD] Absolutegeeza, 76561199051035980)(<4865.596191, 320.739990, 5674.666016>) quick accessed a lock!
[20:18:43] Player (Prophecy, 76561198990415902)(<5272.670410, 308.993317, 5505.040527>) quick accessed a lock!
[20:19:16] Player (grizzly bear, 76561198839448946)(<6546.098633, 337.521759, 9307.002930>) quick accessed a lock!
[20:23:17] Player (frenchy, 76561198969225016)(<6552.541504, 337.658264, 9314.689453>) quick accessed a lock!
[20:26:40] Player ([MMD] Absolutegeeza, 76561199051035980)(<4865.596191, 320.739990, 5674.666016>) quick accessed a lock!
[20:26:44] Player (frenchy, 76561198969225016)(<6546.868164, 335.189972, 9330.886719>) quick accessed a lock!
[20:27:01] Player (Prophecy, 76561198990415902)(<5255.075684, 306.017731, 5502.657715>) quick accessed a lock!
[20:27:30] Player (grizzly bear, 76561198839448946)(<6550.174316, 335.422028, 9334.314453>) quick accessed a lock!
[20:28:00] Player ([MMD] Absolutegeeza, 76561199051035980)(<4863.187012, 320.848541, 5669.097656>) set a new passcode on lock!
[20:28:00] Player ([MMD] Absolutegeeza, 76561199051035980)(<4863.187012, 320.848541, 5669.097656>) claimed ownership of a lock!
[20:28:06] Player ([MMD] Absolutegeeza, 76561199051035980)(<4863.187012, 320.848541, 5669.097656>) quick accessed a lock!
[20:28:43] Player ([MMD] Absolutegeeza, 76561199051035980)(<4865.596191, 320.739990, 5674.666016>) quick accessed a lock!
[20:28:59] Player ([MMD] Absolutegeeza, 76561199051035980)(<4863.477051, 320.848541, 5670.254395>) set a new passcode on lock!
[20:28:59] Player ([MMD] Absolutegeeza, 76561199051035980)(<4863.477051, 320.848541, 5670.254395>) claimed ownership of a lock!
[20:29:02] Player ([MMD] Absolutegeeza, 76561199051035980)(<4863.477051, 320.848541, 5670.254395>) quick accessed a lock!
[20:29:10] Player ([MMD] Absolutegeeza, 76561199051035980)(<4863.477051, 320.848541, 5670.254395>) quick accessed a lock!
[20:29:42] Player ([MMD] Absolutegeeza, 76561199051035980)(<4863.187012, 320.848541, 5669.097656>) quick accessed a lock!
[20:29:52] Player ([MMD] Absolutegeeza, 76561199051035980)(<4863.187012, 320.848541, 5669.097656>) quick accessed a lock!
[20:29:53] Player ([MMD] Absolutegeeza, 76561199051035980)(<4863.477051, 320.848541, 5670.254395>) quick accessed a lock!
[20:30:00] Player ([MMD] Absolutegeeza, 76561199051035980)(<4865.596191, 320.739990, 5674.666016>) quick accessed a lock!
[20:30:10] Player (Kman, 76561198409429326)(<4054.951904, 299.108948, 7148.487305>) set a new passcode on lock!
[20:30:10] Player (Kman, 76561198409429326)(<4054.951904, 299.108948, 7148.487305>) claimed ownership of a lock!
[20:30:26] Player (frenchy, 76561198969225016)(<6552.541504, 337.658264, 9314.689453>) quick accessed a lock!
[20:31:40] Player (grizzly bear, 76561198839448946)(<6539.277344, 334.770752, 9318.540039>) quick accessed a lock!
[20:32:35] Player (grizzly bear, 76561198839448946)(<6539.277344, 334.770752, 9318.540039>) quick accessed a lock!
[20:33:38] Player (frenchy, 76561198969225016)(<6539.277344, 334.770752, 9318.540039>) quick accessed a lock!
[20:37:42] Player (NicFit, 76561198086129271)(<6943.061035, 58.101555, 3688.918213>) quick accessed a lock!
[20:37:52] Player (NicFit, 76561198086129271)(<6940.228027, 60.961956, 3705.061768>) quick accessed a lock!
[20:38:37] Player ([MMD] Absolutegeeza, 76561199051035980)(<4863.187012, 320.848541, 5669.097656>) quick accessed a lock!
[20:38:40] Player ([MMD] Absolutegeeza, 76561199051035980)(<4863.477051, 320.848541, 5670.254395>) quick accessed a lock!
[20:44:55] Player (NicFit, 76561198086129271)(<6931.586914, 56.861805, 3686.584473>) quick accessed a lock!
[20:48:11] Player (NicFit, 76561198086129271)(<6931.586914, 56.861805, 3686.584473>) quick accessed a lock!
[20:48:33] Player ([MMD] Absolutegeeza, 76561199051035980)(<4863.187012, 320.848541, 5669.097656>) quick accessed a lock!
[20:48:36] Player (Wolfy333sp, 76561198029161718)(<4637.123535, 345.079956, 5572.428711>) quick accessed a lock!
[20:51:47] Player ([MMD] Absolutegeeza, 76561199051035980)(<4863.187012, 320.848541, 5669.097656>) quick accessed a lock!
[20:53:59] Player ([MMD] Absolutegeeza, 76561199051035980)(<4863.187012, 320.848541, 5669.097656>) quick accessed a lock!
[20:55:38] Player (NicFit, 76561198086129271)(<6940.228027, 60.961956, 3705.061768>) quick accessed a lock!
[20:55:55] Player ([MMD] Absolutegeeza, 76561199051035980)(<4863.187012, 320.848541, 5669.097656>) quick accessed a lock!
[20:56:34] Player ([MMD] Absolutegeeza, 76561199051035980)(<4863.187012, 320.848541, 5669.097656>) quick accessed a lock!
[20:57:03] Player ([MMD] Absolutegeeza, 76561199051035980)(<4863.187012, 320.848541, 5669.097656>) quick accessed a lock!
[20:57:24] Player ([MMD] Absolutegeeza, 76561199051035980)(<4863.187012, 320.848541, 5669.097656>) quick accessed a lock!
[20:57:25] Player ([MMD] Absolutegeeza, 76561199051035980)(<4863.477051, 320.848541, 5670.254395>) quick accessed a lock!
[20:57:32] Player ([MMD] Absolutegeeza, 76561199051035980)(<4865.596191, 320.739990, 5674.666016>) quick accessed a lock!
[20:58:11] Player ([MMD] Absolutegeeza, 76561199051035980)(<4865.596191, 320.739990, 5674.666016>) removed a lock!
[21:00:09] Player ([MMD] Absolutegeeza, 76561199051035980)(<4862.632324, 320.688049, 5683.867676>) set a new passcode on lock!
[21:00:09] Player ([MMD] Absolutegeeza, 76561199051035980)(<4862.632324, 320.688049, 5683.867676>) claimed ownership of a lock!
[21:00:17] Player ([MMD] Absolutegeeza, 76561199051035980)(<4863.187012, 320.848541, 5669.097656>) quick accessed a lock!
[21:03:01] Player ([MMD] Absolutegeeza, 76561199051035980)(<4863.477051, 320.848541, 5670.254395>) quick accessed a lock!
[21:03:04] Player ([MMD] Absolutegeeza, 76561199051035980)(<4863.187012, 320.848541, 5669.097656>) quick accessed a lock!
[21:05:02] Player (NicFit, 76561198086129271)(<6940.228027, 60.961956, 3705.061768>) quick accessed a lock!
[21:05:54] Player (NicFit, 76561198086129271)(<6940.228027, 60.961956, 3705.061768>) quick accessed a lock!
[21:07:30] Player (NicFit, 76561198086129271)(<6940.228027, 60.961956, 3705.061768>) quick accessed a lock!
[21:08:37] Player (NicFit, 76561198086129271)(<6934.527344, 56.750614, 3674.505615>) quick accessed a lock!
[21:26:05] Player (Prophecy, 76561198990415902)(<5268.548340, 306.574585, 5517.510742>) quick accessed a lock!
[21:27:01] Player (Prophecy, 76561198990415902)(<5268.548340, 306.574585, 5517.510742>) quick accessed a lock!
[21:32:09] Player (Prophecy, 76561198990415902)(<5268.548340, 306.574585, 5517.510742>) quick accessed a lock!
[21:32:23] Player (NicFit, 76561198086129271)(<6931.586914, 56.861805, 3686.584473>) quick accessed a lock!
[21:32:25] Player (Prophecy, 76561198990415902)(<5268.548340, 306.574585, 5517.510742>) quick accessed a lock!
[21:38:04] Player (NicFit, 76561198086129271)(<6943.061035, 58.101555, 3688.918213>) quick accessed a lock!
[21:39:35] Player (NicFit, 76561198086129271)(<6943.061035, 58.101555, 3688.918213>) removed a lock!
[21:43:31] Player (NicFit, 76561198086129271)(<6954.129883, 56.568375, 3693.047363>) set a new passcode on lock!
[21:43:31] Player (NicFit, 76561198086129271)(<6954.129883, 56.568375, 3693.047363>) claimed ownership of a lock!
[21:44:38] Player (Prophecy, 76561198990415902)(<5268.548340, 306.574585, 5517.510742>) quick accessed a lock!
[21:45:17] Player (Prophecy, 76561198990415902)(<5264.449707, 308.807892, 5503.083984>) quick accessed a lock!
[21:46:29] Player (Prophecy, 76561198990415902)(<5268.548340, 306.574585, 5517.510742>) quick accessed a lock!
[21:50:52] Player (Wolfy333sp, 76561198029161718)(<4637.123535, 345.079956, 5572.428711>) quick accessed a lock!
[21:52:14] Player (Prophecy, 76561198990415902)(<5268.548340, 306.574585, 5517.510742>) quick accessed a lock!
[21:54:35] Player (Prophecy, 76561198990415902)(<5255.075684, 306.017731, 5502.657715>) quick accessed a lock!
[21:55:07] Player (Wolfy333sp, 76561198029161718)(<4637.123535, 345.079956, 5572.428711>) quick accessed a lock!
[03-15-2021][22.03.18] Log file reloaded ( Server Restart )
[22:04:34] Player (Wolfy333sp, 76561198029161718)(<4637.123535, 345.079956, 5572.428711>) quick accessed a lock!
[22:07:23] Player (NicFit, 76561198086129271)(<6940.228027, 60.961956, 3705.061768>) quick accessed a lock!
[22:08:13] Player (Prophecy, 76561198990415902)(<5268.548340, 306.574585, 5517.510742>) quick accessed a lock!
[22:08:16] Player (Prophecy, 76561198990415902)(<5268.548340, 306.574585, 5517.510742>) quick accessed a lock!
[03-15-2021][22.15.36] Log file reloaded ( Server Restart )
[22:19:00] Player (Prophecy, 76561198990415902)(<5255.075684, 306.017731, 5502.657715>) quick accessed a lock!
[22:20:12] Player (NicFit, 76561198086129271)(<6931.586914, 56.861805, 3686.584473>) quick accessed a lock!
[22:20:56] Player (NicFit, 76561198086129271)(<6931.586914, 56.861805, 3686.584473>) quick accessed a lock!
[22:24:48] Player (Helmut Lootie, 76561198065413312)(<3711.371826, 305.015656, 8279.054688>) quick accessed a lock!
[22:24:54] Player (Helmut Lootie, 76561198065413312)(<3705.060547, 305.019165, 8262.931641>) quick accessed a lock!
[22:27:37] Player (Jordan, 76561198999593356)(<4073.893311, 295.269257, 7275.131348>) quick accessed a lock!
[22:27:43] Player (Helmut Lootie, 76561198065413312)(<3711.371826, 305.015656, 8279.054688>) quick accessed a lock!
[22:27:48] Player (Jordan, 76561198999593356)(<4058.673340, 295.269470, 7274.879395>) quick accessed a lock!
[22:29:58] Player (Helmut Lootie, 76561198065413312)(<3697.718750, 305.022583, 8241.563477>) quick accessed a lock!
[03-15-2021][22.35.40] Log file reloaded ( Server Restart )
[22:38:01] Player (Kman, 76561198409429326)(<4054.951904, 299.108948, 7148.487305>) quick accessed a lock!
[22:45:10] Player (frenchy, 76561198969225016)(<6539.277344, 334.770752, 9318.540039>) quick accessed a lock!
[22:45:33] Player (Korwiin, 76561198013080573)(<3702.595459, 305.019165, 8257.460938>) quick accessed a lock!
[22:47:45] Player (Korwiin, 76561198013080573)(<3711.371826, 305.015656, 8279.054688>) quick accessed a lock!
[22:48:28] Player (Kman, 76561198409429326)(<4054.951904, 299.108948, 7148.487305>) quick accessed a lock!
[22:49:34] Player (Kman, 76561198409429326)(<4054.951904, 299.108948, 7148.487305>) quick accessed a lock!
[22:49:37] Player (Korwiin, 76561198013080573)(<3705.060547, 305.019165, 8262.931641>) quick accessed a lock!
[22:50:57] Player (Kman, 76561198409429326)(<4054.951904, 299.108948, 7148.487305>) quick accessed a lock!
[22:51:46] Player (frenchy, 76561198969225016)(<6546.868164, 335.189972, 9330.886719>) quick accessed a lock!
[22:51:56] Player (Kman, 76561198409429326)(<4054.951904, 299.108948, 7148.487305>) quick accessed a lock!
[22:53:30] Player (Kman, 76561198409429326)(<4054.951904, 299.108948, 7148.487305>) quick accessed a lock!
[22:55:28] Player (Kman, 76561198409429326)(<4054.951904, 299.108948, 7148.487305>) quick accessed a lock!
[22:55:52] Player (frenchy, 76561198969225016)(<6552.541504, 337.658264, 9314.689453>) quick accessed a lock!
[22:57:29] Player (Korwiin, 76561198013080573)(<3697.718750, 305.022583, 8241.563477>) quick accessed a lock!
[23:00:38] Player (Jordan, 76561198999593356)(<4073.893311, 295.269257, 7275.131348>) quick accessed a lock!
[23:00:40] Player (Kman, 76561198409429326)(<4054.951904, 299.108948, 7148.487305>) quick accessed a lock!
[23:00:48] Player (Kman, 76561198409429326)(<4054.951904, 299.108948, 7148.487305>) quick accessed a lock!
[23:00:56] Player (Magnetschaedel, 76561198006594084)(<5066.593750, 290.788361, 6230.539063>) quick accessed a lock!
[23:02:38] Player (Magnetschaedel, 76561198006594084)(<5065.988770, 288.874664, 6253.040527>) quick accessed a lock!
[23:02:47] Player (Magnetschaedel, 76561198006594084)(<5066.520996, 288.879456, 6247.917480>) quick accessed a lock!
[23:03:44] Player (Magnetschaedel, 76561198006594084)(<5067.030762, 288.880005, 6242.859863>) quick accessed a lock!
[23:06:10] Player (Korwiin, 76561198013080573)(<3702.595459, 305.019165, 8257.460938>) quick accessed a lock!
[23:08:05] Player (Korwiin, 76561198013080573)(<3702.595459, 305.019165, 8257.460938>) quick accessed a lock!
[23:08:07] Player (Magnetschaedel, 76561198006594084)(<5059.447266, 288.864899, 6235.863281>) quick accessed a lock!
[23:08:40] Player (frenchy, 76561198969225016)(<6539.277344, 334.770752, 9318.540039>) quick accessed a lock!
[23:08:54] Player (Korwiin, 76561198013080573)(<3702.595459, 305.019165, 8257.460938>) quick accessed a lock!
[23:10:08] Player (Helmut Lootie, 76561198065413312)(<3705.060547, 305.019165, 8262.931641>) quick accessed a lock!
[23:10:17] Player (Kman, 76561198409429326)(<4054.951904, 299.108948, 7148.487305>) quick accessed a lock!
[23:10:44] Player (Kman, 76561198409429326)(<4054.951904, 299.108948, 7148.487305>) quick accessed a lock!
[23:10:58] Player (Kman, 76561198409429326)(<4054.951904, 299.108948, 7148.487305>) quick accessed a lock!
[23:11:23] Player (frenchy, 76561198969225016)(<6550.174316, 335.422028, 9334.314453>) quick accessed a lock!
[23:11:59] Player (Kman, 76561198409429326)(<4054.951904, 299.108948, 7148.487305>) quick accessed a lock!
[23:12:01] Player (Helmut Lootie, 76561198065413312)(<3697.718750, 305.022583, 8241.563477>) quick accessed a lock!
[23:12:04] Player (Kman, 76561198409429326)(<4054.951904, 299.108948, 7148.487305>) quick accessed a lock!
[23:12:06] Player (Helmut Lootie, 76561198065413312)(<3719.772705, 305.302094, 8236.056641>) quick accessed a lock!
[23:12:22] Player (frenchy, 76561198969225016)(<6543.575684, 335.003296, 9327.412109>) quick accessed a lock!
[23:13:11] Player (frenchy, 76561198969225016)(<6539.277344, 334.770752, 9318.540039>) quick accessed a lock!
[23:13:13] Player (Kman, 76561198409429326)(<4054.951904, 299.108948, 7148.487305>) quick accessed a lock!
[23:13:43] Player (Magnetschaedel, 76561198006594084)(<5042.893066, 290.121704, 6246.572266>) quick accessed a lock!
[23:15:07] Player (Jordan, 76561198999593356)(<4055.655273, 298.210052, 7282.211914>) quick accessed a lock!
[23:16:04] Player (Korwiin, 76561198013080573)(<3702.595459, 305.019165, 8257.460938>) quick accessed a lock!
[23:18:41] Player (Jordan, 76561198999593356)(<4055.655273, 298.210052, 7282.211914>) quick accessed a lock!
[23:19:58] Player (Jordan, 76561198999593356)(<4058.673340, 295.269470, 7274.879395>) quick accessed a lock!
[23:20:24] Player (Jordan, 76561198999593356)(<4073.893311, 295.269257, 7275.131348>) quick accessed a lock!
[23:20:29] Player (Jordan, 76561198999593356)(<4073.893311, 295.269257, 7275.131348>) quick accessed a lock!
[23:23:03] Player (Korwiin, 76561198013080573)(<3711.371826, 305.015656, 8279.054688>) quick accessed a lock!
[23:23:40] Player (Helmut Lootie, 76561198065413312)(<3705.060547, 305.019165, 8262.931641>) quick accessed a lock!
[23:24:22] Player (Magnetschaedel, 76561198006594084)(<5042.893066, 290.121704, 6246.572266>) quick accessed a lock!
[23:29:20] Player (frenchy, 76561198969225016)(<6539.277344, 334.770752, 9318.540039>) quick accessed a lock!
[23:31:29] Player (frenchy, 76561198969225016)(<6546.868164, 335.189972, 9330.886719>) quick accessed a lock!
[23:32:13] Player (Helmut Lootie, 76561198065413312)(<3697.718750, 305.022583, 8241.563477>) quick accessed a lock!
[23:33:06] Player (Helmut Lootie, 76561198065413312)(<3691.996826, 304.166504, 8254.534180>) quick accessed a lock!
[23:38:25] Player (frenchy, 76561198969225016)(<6539.277344, 334.770752, 9318.540039>) quick accessed a lock!
[23:38:38] Player (Magnetschaedel, 76561198006594084)(<5067.030762, 288.880005, 6242.859863>) quick accessed a lock!
[23:38:46] Player (Korwiin, 76561198013080573)(<3711.371826, 305.015656, 8279.054688>) quick accessed a lock!
[23:41:25] Player (Jordan, 76561198999593356)(<4058.673340, 295.269470, 7274.879395>) quick accessed a lock!
[23:41:31] Player (Jordan, 76561198999593356)(<4073.893311, 295.269257, 7275.131348>) quick accessed a lock!
[23:43:10] Player (Magnetschaedel, 76561198006594084)(<5042.893066, 290.121704, 6246.572266>) quick accessed a lock!
[23:44:37] Player (frenchy, 76561198969225016)(<6539.277344, 334.770752, 9318.540039>) quick accessed a lock!
[23:46:07] Player (Prophecy, 76561198990415902)(<5255.075684, 306.017731, 5502.657715>) quick accessed a lock!
[23:49:27] Player (frenchy, 76561198969225016)(<6546.868164, 335.189972, 9330.886719>) quick accessed a lock!
[23:51:39] Player (Helmut Lootie, 76561198065413312)(<3719.772705, 305.302094, 8236.056641>) quick accessed a lock!
[23:52:12] Player (Helmut Lootie, 76561198065413312)(<3719.772705, 305.302094, 8236.056641>) quick accessed a lock!
[23:53:14] Player (frenchy, 76561198969225016)(<6543.575684, 335.003296, 9327.412109>) quick accessed a lock!
[23:53:40] Player (Prophecy, 76561198990415902)(<5268.548340, 306.574585, 5517.510742>) quick accessed a lock!
[23:55:26] Player (Prophecy, 76561198990415902)(<5268.548340, 306.574585, 5517.510742>) quick accessed a lock!
[23:55:29] Player (NicFit, 76561198086129271)(<6931.586914, 56.861805, 3686.584473>) quick accessed a lock!
[23:56:17] Player (NicFit, 76561198086129271)(<6940.228027, 60.961956, 3705.061768>) quick accessed a lock!
[23:58:05] Player (NicFit, 76561198086129271)(<6930.551758, 66.997383, 3709.342773>) quick accessed a lock!
[23:59:04] Player (NicFit, 76561198086129271)(<6931.692383, 66.978699, 3704.374268>) quick accessed a lock!
[00:00:39] Player (Prophecy, 76561198990415902)(<5268.548340, 306.574585, 5517.510742>) quick accessed a lock!
[00:01:51] Player (Prophecy, 76561198990415902)(<5268.548340, 306.574585, 5517.510742>) quick accessed a lock!
[00:02:20] Player (Kman, 76561198409429326)(<4054.951904, 299.108948, 7148.487305>) quick accessed a lock!
[00:07:01] Player (Kman, 76561198409429326)(<4054.951904, 299.108948, 7148.487305>) quick accessed a lock!
[00:08:55] Player (frenchy, 76561198969225016)(<6552.541504, 337.658264, 9314.689453>) quick accessed a lock!
[00:09:05] Player (Prophecy, 76561198990415902)(<5268.548340, 306.574585, 5517.510742>) quick accessed a lock!
[00:09:29] Player (Magnetschaedel, 76561198006594084)(<5042.893066, 290.121704, 6246.572266>) quick accessed a lock!
[00:09:57] Player (Magnetschaedel, 76561198006594084)(<5066.593750, 290.788361, 6230.539063>) quick accessed a lock!
[00:09:59] Player (Prophecy, 76561198990415902)(<5268.548340, 306.574585, 5517.510742>) quick accessed a lock!
[00:12:01] Player (Kman, 76561198409429326)(<4054.951904, 299.108948, 7148.487305>) quick accessed a lock!
[00:13:14] Player (Kman, 76561198409429326)(<4054.951904, 299.108948, 7148.487305>) quick accessed a lock!
[00:13:19] Player (Kman, 76561198409429326)(<4054.951904, 299.108948, 7148.487305>) quick accessed a lock!
[00:15:27] Player (Kman, 76561198409429326)(<4054.951904, 299.108948, 7148.487305>) quick accessed a lock!
[00:20:50] Player (frenchy, 76561198969225016)(<6552.541504, 337.658264, 9314.689453>) quick accessed a lock!
[00:21:46] Player (frenchy, 76561198969225016)(<6550.174316, 335.422028, 9334.314453>) quick accessed a lock!
[00:22:19] Player (frenchy, 76561198969225016)(<6546.868164, 335.189972, 9330.886719>) quick accessed a lock!
[00:22:45] Player (frenchy, 76561198969225016)(<6543.575684, 335.003296, 9327.412109>) quick accessed a lock!
[00:23:13] Player (frenchy, 76561198969225016)(<6539.277344, 334.770752, 9318.540039>) quick accessed a lock!
[00:28:14] Player (frenchy, 76561198969225016)(<6550.174316, 335.422028, 9334.314453>) quick accessed a lock!
[00:28:35] Player (frenchy, 76561198969225016)(<6546.868164, 335.189972, 9330.886719>) quick accessed a lock!
[00:36:10] Player (Kman, 76561198409429326)(<4054.951904, 299.108948, 7148.487305>) quick accessed a lock!
[00:36:18] Player (Kman, 76561198409429326)(<4054.951904, 299.108948, 7148.487305>) quick accessed a lock!
[00:50:27] Player (Magnetschaedel, 76561198006594084)(<5042.893066, 290.121704, 6246.572266>) quick accessed a lock!
[00:57:30] Player (Jordan, 76561198999593356)(<4073.893311, 295.269257, 7275.131348>) quick accessed a lock!
[00:57:36] Player (Jordan, 76561198999593356)(<4058.673340, 295.269470, 7274.879395>) quick accessed a lock!
[01:11:16] Player (Helmut Lootie, 76561198065413312)(<3697.718750, 305.022583, 8241.563477>) quick accessed a lock!
[01:12:31] Player (Jordan, 76561198999593356)(<4055.655273, 298.210052, 7282.211914>) quick accessed a lock!
[01:13:02] Player (Helmut Lootie, 76561198065413312)(<3719.772705, 305.302094, 8236.056641>) quick accessed a lock!
[01:13:27] Player (Jordan, 76561198999593356)(<4055.655273, 298.210052, 7282.211914>) quick accessed a lock!
[01:13:30] Player (Korwiin, 76561198013080573)(<3702.595459, 305.019165, 8257.460938>) quick accessed a lock!
[01:16:04] Player (Helmut Lootie, 76561198065413312)(<3719.772705, 305.302094, 8236.056641>) quick accessed a lock!
[01:16:58] Player (Helmut Lootie, 76561198065413312)(<3705.060547, 305.019165, 8262.931641>) quick accessed a lock!
[01:17:35] Player (Helmut Lootie, 76561198065413312)(<3711.371826, 305.015656, 8279.054688>) quick accessed a lock!
[01:32:32] Player (Korwiin, 76561198013080573)(<3711.371826, 305.015656, 8279.054688>) quick accessed a lock!
[01:33:59] Player (Korwiin, 76561198013080573)(<3702.595459, 305.019165, 8257.460938>) quick accessed a lock!
[01:34:51] Player (Helmut Lootie, 76561198065413312)(<3697.718750, 305.022583, 8241.563477>) quick accessed a lock!
[01:36:38] Player (Korwiin, 76561198013080573)(<3719.772705, 305.302094, 8236.056641>) quick accessed a lock!
[01:36:42] Player (Jordan, 76561198999593356)(<4073.893311, 295.269257, 7275.131348>) quick accessed a lock!
[01:36:46] Player (Jordan, 76561198999593356)(<4058.673340, 295.269470, 7274.879395>) quick accessed a lock!
[01:38:05] Player (Jordan, 76561198999593356)(<4055.655273, 298.210052, 7282.211914>) quick accessed a lock!
[01:43:25] Player (Korwiin, 76561198013080573)(<3691.996826, 304.166504, 8254.534180>) quick accessed a lock!
[01:47:12] Player (Korwiin, 76561198013080573)(<3705.060547, 305.019165, 8262.931641>) quick accessed a lock!
