[03-09-2021][02.01.23] New Access Log File Created!
[02:08:24] Player (Helmut Lootie, 76561198065413312)(<3702.595459, 305.019165, 8257.460938>) quick accessed a lock!
[02:10:15] Player (Helmut Lootie, 76561198065413312)(<3719.772705, 305.302094, 8236.056641>) quick accessed a lock!
[02:11:24] Player (Helmut Lootie, 76561198065413312)(<3691.996826, 304.166504, 8254.534180>) quick accessed a lock!
[02:17:51] Player (Korwiin, 76561198013080573)(<3702.595459, 305.019165, 8257.460938>) quick accessed a lock!
[02:26:22] Player (Korwiin, 76561198013080573)(<3697.718750, 305.022583, 8241.563477>) quick accessed a lock!
[02:26:48] Player (Korwiin, 76561198013080573)(<3697.718750, 305.022583, 8241.563477>) quick accessed a lock!
[03:41:26] Player (Korwiin, 76561198013080573)(<3697.718750, 305.022583, 8241.563477>) quick accessed a lock!
[03:55:53] Player (NicFit, 76561198086129271)(<6938.311523, 58.166321, 3691.953369>) quick accessed a lock!
[04:18:26] Player (NicFit, 76561198086129271)(<6938.311523, 58.166321, 3691.953369>) quick accessed a lock!
[04:37:07] Player (NicFit, 76561198086129271)(<6938.311523, 58.166321, 3691.953369>) quick accessed a lock!
[04:47:02] Player (Korwiin, 76561198013080573)(<3697.718750, 305.022583, 8241.563477>) quick accessed a lock!
[05:01:30] Player (NicFit, 76561198086129271)(<6938.311523, 58.166321, 3691.953369>) quick accessed a lock!
[05:05:14] Player (Jordan, 76561198999593356)(<4073.893311, 295.269257, 7275.131348>) quick accessed a lock!
[05:05:15] Player (Korwiin, 76561198013080573)(<3697.718750, 305.022583, 8241.563477>) quick accessed a lock!
[05:05:56] Player (Korwiin, 76561198013080573)(<3702.595459, 305.019165, 8257.460938>) quick accessed a lock!
[05:07:19] Player (Korwiin, 76561198013080573)(<3719.772705, 305.302094, 8236.056641>) quick accessed a lock!
[05:11:53] Player (Korwiin, 76561198013080573)(<3702.595459, 305.019165, 8257.460938>) quick accessed a lock!
[05:16:15] Player (Korwiin, 76561198013080573)(<3697.718750, 305.022583, 8241.563477>) quick accessed a lock!
[05:16:21] Player (Korwiin, 76561198013080573)(<3719.772705, 305.302094, 8236.056641>) quick accessed a lock!
[05:20:14] Player (NicFit, 76561198086129271)(<6937.594238, 58.649269, 3680.769775>) removed a lock!
[05:20:31] Player (NicFit, 76561198086129271)(<6938.311523, 58.166321, 3691.953369>) quick accessed a lock!
[05:20:45] Player (NicFit, 76561198086129271)(<6933.801270, 61.110214, 3700.711426>) set a new passcode on lock!
[05:20:45] Player (NicFit, 76561198086129271)(<6933.801270, 61.110214, 3700.711426>) claimed ownership of a lock!
[05:20:49] Player (NicFit, 76561198086129271)(<6933.801270, 61.110214, 3700.711426>) quick accessed a lock!
[05:21:03] Player (NicFit, 76561198086129271)(<6933.801270, 61.110214, 3700.711426>) quick accessed a lock!
[05:21:11] Player (NicFit, 76561198086129271)(<6938.311523, 58.166321, 3691.953369>) quick accessed a lock!
[05:21:34] Player (NicFit, 76561198086129271)(<6938.311523, 58.166321, 3691.953369>) quick accessed a lock!
[05:21:39] Player (NicFit, 76561198086129271)(<6933.801270, 61.110214, 3700.711426>) quick accessed a lock!
[05:22:05] Player (NicFit, 76561198086129271)(<6933.801270, 61.110214, 3700.711426>) quick accessed a lock!
[05:22:13] Player (NicFit, 76561198086129271)(<6938.311523, 58.166321, 3691.953369>) quick accessed a lock!
[05:22:34] Player (NicFit, 76561198086129271)(<6938.311523, 58.166321, 3691.953369>) quick accessed a lock!
[05:22:39] Player (NicFit, 76561198086129271)(<6933.801270, 61.110214, 3700.711426>) quick accessed a lock!
[05:24:32] Player (NicFit, 76561198086129271)(<6933.801270, 61.110214, 3700.711426>) quick accessed a lock!
[05:24:42] Player (NicFit, 76561198086129271)(<6938.311523, 58.166321, 3691.953369>) quick accessed a lock!
[05:24:59] Player (NicFit, 76561198086129271)(<6938.311523, 58.166321, 3691.953369>) quick accessed a lock!
[05:25:05] Player (NicFit, 76561198086129271)(<6933.801270, 61.110214, 3700.711426>) quick accessed a lock!
[05:27:07] Player (NicFit, 76561198086129271)(<6933.801270, 61.110214, 3700.711426>) quick accessed a lock!
[05:27:37] Player (NicFit, 76561198086129271)(<6933.801270, 61.110214, 3700.711426>) quick accessed a lock!
[05:27:48] Player (NicFit, 76561198086129271)(<6938.311523, 58.166321, 3691.953369>) quick accessed a lock!
[05:28:44] Player (NicFit, 76561198086129271)(<6938.311523, 58.166321, 3691.953369>) quick accessed a lock!
[05:28:53] Player (NicFit, 76561198086129271)(<6933.801270, 61.110214, 3700.711426>) quick accessed a lock!
[05:28:58] Player (NicFit, 76561198086129271)(<6933.801270, 61.110214, 3700.711426>) quick accessed a lock!
[05:29:21] Player (NicFit, 76561198086129271)(<6933.801270, 61.110214, 3700.711426>) quick accessed a lock!
[05:29:55] Player (Korwiin, 76561198013080573)(<3702.595459, 305.019165, 8257.460938>) quick accessed a lock!
[05:34:37] Player (NicFit, 76561198086129271)(<6933.801270, 61.110214, 3700.711426>) quick accessed a lock!
[05:34:43] Player (Korwiin, 76561198013080573)(<3711.371826, 305.015656, 8279.054688>) quick accessed a lock!
[05:40:38] Player (NicFit, 76561198086129271)(<6933.801270, 61.110214, 3700.711426>) quick accessed a lock!
[05:41:14] Player (NicFit, 76561198086129271)(<6933.801270, 61.110214, 3700.711426>) quick accessed a lock!
[05:41:19] Player (NicFit, 76561198086129271)(<6938.311523, 58.166321, 3691.953369>) quick accessed a lock!
[05:41:57] Player (NicFit, 76561198086129271)(<6938.311523, 58.166321, 3691.953369>) quick accessed a lock!
[05:42:03] Player (NicFit, 76561198086129271)(<6933.801270, 61.110214, 3700.711426>) quick accessed a lock!
[05:45:25] Player (Korwiin, 76561198013080573)(<3697.718750, 305.022583, 8241.563477>) quick accessed a lock!
[05:45:36] Player (Korwiin, 76561198013080573)(<3691.996826, 304.166504, 8254.534180>) accessed a lock!
[05:45:36] Player (Korwiin, 76561198013080573)(<3691.996826, 304.166504, 8254.534180>) was added as a guest of a lock!
[05:48:17] Player (NicFit, 76561198086129271)(<6933.801270, 61.110214, 3700.711426>) quick accessed a lock!
[05:48:41] Player (NicFit, 76561198086129271)(<6938.311523, 58.166321, 3691.953369>) quick accessed a lock!
[05:48:51] Player (Korwiin, 76561198013080573)(<3711.371826, 305.015656, 8279.054688>) quick accessed a lock!
[05:49:04] Player (NicFit, 76561198086129271)(<6938.311523, 58.166321, 3691.953369>) quick accessed a lock!
[05:50:07] Player (NicFit, 76561198086129271)(<6933.801270, 61.110214, 3700.711426>) quick accessed a lock!
[05:50:44] Player (NicFit, 76561198086129271)(<6933.801270, 61.110214, 3700.711426>) quick accessed a lock!
[05:50:56] Player (NicFit, 76561198086129271)(<6933.801270, 61.110214, 3700.711426>) quick accessed a lock!
[05:51:03] Player (NicFit, 76561198086129271)(<6938.311523, 58.166321, 3691.953369>) quick accessed a lock!
[05:54:07] Player (NicFit, 76561198086129271)(<6938.311523, 58.166321, 3691.953369>) quick accessed a lock!
[05:54:17] Player (NicFit, 76561198086129271)(<6933.801270, 61.110214, 3700.711426>) quick accessed a lock!
[05:55:16] Player (Korwiin, 76561198013080573)(<3711.371826, 305.015656, 8279.054688>) quick accessed a lock!
[05:56:29] Player (NicFit, 76561198086129271)(<6933.801270, 61.110214, 3700.711426>) quick accessed a lock!
[05:57:39] Player (NicFit, 76561198086129271)(<6933.801270, 61.110214, 3700.711426>) quick accessed a lock!
[05:57:45] Player (NicFit, 76561198086129271)(<6938.311523, 58.166321, 3691.953369>) quick accessed a lock!
[05:58:03] Player (NicFit, 76561198086129271)(<6938.311523, 58.166321, 3691.953369>) quick accessed a lock!
[05:58:09] Player (NicFit, 76561198086129271)(<6933.801270, 61.110214, 3700.711426>) quick accessed a lock!
[03-09-2021][06.01.03] Log file reloaded ( Server Restart )
[06:19:27] Player (Korwiin, 76561198013080573)(<3697.718750, 305.022583, 8241.563477>) quick accessed a lock!
[06:19:37] Player (Korwiin, 76561198013080573)(<3719.772705, 305.302094, 8236.056641>) quick accessed a lock!
[06:24:03] Player (Korwiin, 76561198013080573)(<3719.772705, 305.302094, 8236.056641>) quick accessed a lock!
[06:26:01] Player (Korwiin, 76561198013080573)(<3697.718750, 305.022583, 8241.563477>) quick accessed a lock!
[06:26:46] Player (Korwiin, 76561198013080573)(<3702.595459, 305.019165, 8257.460938>) quick accessed a lock!
[06:27:28] Player (Korwiin, 76561198013080573)(<3702.595459, 305.019165, 8257.460938>) quick accessed a lock!
[06:29:31] Player (Korwiin, 76561198013080573)(<3719.772705, 305.302094, 8236.056641>) quick accessed a lock!
[06:29:42] Player (Korwiin, 76561198013080573)(<3719.772705, 305.302094, 8236.056641>) quick accessed a lock!
[06:33:18] Player (Korwiin, 76561198013080573)(<3697.718750, 305.022583, 8241.563477>) quick accessed a lock!
[03-09-2021][10.01.12] Log file reloaded ( Server Restart )
[11:31:41] Player (Helmut Lootie, 76561198065413312)(<3697.718750, 305.022583, 8241.563477>) quick accessed a lock!
[03-09-2021][14.03.37] Log file reloaded ( Server Restart )
[14:05:10] Player (NicFit, 76561198086129271)(<6933.801270, 61.110214, 3700.711426>) quick accessed a lock!
[14:05:32] Player (NicFit, 76561198086129271)(<6938.311523, 58.166321, 3691.953369>) quick accessed a lock!
[14:06:43] Player (NicFit, 76561198086129271)(<6930.353516, 58.084438, 3689.323975>) quick accessed a lock!
[14:07:50] Player (Percy Coles, 76561198177852285)(<8083.761719, 459.208221, 9312.645508>) quick accessed a lock!
[14:08:56] Player (Percy Coles, 76561198177852285)(<8083.761719, 459.208221, 9312.645508>) quick accessed a lock!
[14:09:16] Player (Percy Coles, 76561198177852285)(<8083.761719, 459.208221, 9312.645508>) quick accessed a lock!
[14:09:54] Player (Percy Coles, 76561198177852285)(<8083.761719, 459.208221, 9312.645508>) quick accessed a lock!
[14:10:08] Player (Percy Coles, 76561198177852285)(<8083.761719, 459.208221, 9312.645508>) quick accessed a lock!
[14:10:32] Player (Percy Coles, 76561198177852285)(<8083.761719, 459.208221, 9312.645508>) quick accessed a lock!
[14:10:55] Player (Percy Coles, 76561198177852285)(<8083.761719, 459.208221, 9312.645508>) quick accessed a lock!
[14:11:09] Player (Percy Coles, 76561198177852285)(<8083.761719, 459.208221, 9312.645508>) quick accessed a lock!
[14:11:42] Player (Percy Coles, 76561198177852285)(<8083.761719, 459.208221, 9312.645508>) quick accessed a lock!
[14:12:49] Player (Percy Coles, 76561198177852285)(<8083.761719, 459.208221, 9312.645508>) quick accessed a lock!
[14:13:00] Player (Percy Coles, 76561198177852285)(<8083.761719, 459.208221, 9312.645508>) quick accessed a lock!
[14:13:25] Player (Percy Coles, 76561198177852285)(<8083.761719, 459.208221, 9312.645508>) quick accessed a lock!
[14:14:01] Player (Percy Coles, 76561198177852285)(<8083.761719, 459.208221, 9312.645508>) quick accessed a lock!
[14:15:28] Player (PuMa, 76561198129278616)(<8345.024414, 110.917915, 12832.263672>) quick accessed a lock!
[14:15:33] Player (PuMa, 76561198129278616)(<8349.615234, 110.107422, 12839.324219>) quick accessed a lock!
[14:18:09] Player (PuMa, 76561198129278616)(<8349.615234, 110.107422, 12839.324219>) quick accessed a lock!
[14:18:54] Player (PuMa, 76561198129278616)(<8345.024414, 110.917915, 12832.263672>) quick accessed a lock!
[14:24:31] Player (Percy Coles, 76561198177852285)(<8072.857422, 463.142975, 9311.291992>) quick accessed a lock!
[14:59:50] Player (Percy Coles, 76561198177852285)(<8083.761719, 459.208221, 9312.645508>) quick accessed a lock!
[15:01:03] Player (Percy Coles, 76561198177852285)(<8083.761719, 459.208221, 9312.645508>) quick accessed a lock!
[15:01:36] Player (Percy Coles, 76561198177852285)(<8083.761719, 459.208221, 9312.645508>) quick accessed a lock!
[15:03:55] Player (Percy Coles, 76561198177852285)(<8083.761719, 459.208221, 9312.645508>) quick accessed a lock!
[15:14:34] Player (Percy Coles, 76561198177852285)(<8079.128906, 459.103149, 9329.417969>) quick accessed a lock!
[15:20:31] Player (Percy Coles, 76561198177852285)(<8079.128906, 459.103149, 9329.417969>) quick accessed a lock!
[15:21:10] Player (Percy Coles, 76561198177852285)(<8083.761719, 459.208221, 9312.645508>) quick accessed a lock!
[15:21:26] Player (Percy Coles, 76561198177852285)(<8083.761719, 459.208221, 9312.645508>) quick accessed a lock!
[15:28:58] Player (Percy Coles, 76561198177852285)(<8079.128906, 459.103149, 9329.417969>) quick accessed a lock!
[15:32:58] Player (Percy Coles, 76561198177852285)(<8083.761719, 459.208221, 9312.645508>) quick accessed a lock!
[15:33:40] Player (PuMa, 76561198129278616)(<8345.024414, 110.917915, 12832.263672>) quick accessed a lock!
[15:33:55] Player (Percy Coles, 76561198177852285)(<8083.761719, 459.208221, 9312.645508>) quick accessed a lock!
[15:34:48] Player (Percy Coles, 76561198177852285)(<8083.761719, 459.208221, 9312.645508>) quick accessed a lock!
[15:34:57] Player (Percy Coles, 76561198177852285)(<8083.761719, 459.208221, 9312.645508>) quick accessed a lock!
[15:40:15] Player (PuMa, 76561198129278616)(<8345.024414, 110.917915, 12832.263672>) quick accessed a lock!
[15:40:40] Player (Percy Coles, 76561198177852285)(<8083.761719, 459.208221, 9312.645508>) quick accessed a lock!
[15:56:58] Player (Percy Coles, 76561198177852285)(<8072.857422, 463.142975, 9311.291992>) quick accessed a lock!
[15:57:11] Player (Percy Coles, 76561198177852285)(<8083.761719, 459.208221, 9312.645508>) quick accessed a lock!
[15:57:26] Player (Percy Coles, 76561198177852285)(<8083.761719, 459.208221, 9312.645508>) quick accessed a lock!
[15:58:40] Player (Percy Coles, 76561198177852285)(<8083.761719, 459.208221, 9312.645508>) quick accessed a lock!
[16:06:32] Player (Percy Coles, 76561198177852285)(<8072.857422, 463.142975, 9311.291992>) quick accessed a lock!
[16:06:41] Player (Percy Coles, 76561198177852285)(<8072.857422, 463.142975, 9311.291992>) quick accessed a lock!
[16:06:50] Player (Percy Coles, 76561198177852285)(<8072.857422, 463.142975, 9311.291992>) quick accessed a lock!
[16:07:24] Player (Percy Coles, 76561198177852285)(<8072.857422, 463.142975, 9311.291992>) quick accessed a lock!
[16:31:27] Player (NicFit, 76561198086129271)(<6943.061035, 58.101555, 3688.918213>) quick accessed a lock!
[16:34:03] Player (NicFit, 76561198086129271)(<6938.311523, 58.166321, 3691.953369>) quick accessed a lock!
[16:34:20] Player (NicFit, 76561198086129271)(<6938.311523, 58.166321, 3691.953369>) quick accessed a lock!
[16:36:24] Player (NicFit, 76561198086129271)(<6933.801270, 61.110214, 3700.711426>) quick accessed a lock!
[16:44:52] Player (NicFit, 76561198086129271)(<6938.311523, 58.166321, 3691.953369>) quick accessed a lock!
[16:51:13] Player (NicFit, 76561198086129271)(<6938.311523, 58.166321, 3691.953369>) quick accessed a lock!
[16:52:54] Player (Le chinois(Fr), 76561198041337034)(<7605.561523, 139.723770, 12859.481445>) quick accessed a lock!
[16:56:03] Player (NicFit, 76561198086129271)(<6930.353516, 58.084438, 3689.323975>) quick accessed a lock!
[16:56:30] Player (NicFit, 76561198086129271)(<6930.353516, 58.084438, 3689.323975>) quick accessed a lock!
[17:03:47] Player (PuMa, 76561198129278616)(<8345.024414, 110.917915, 12832.263672>) quick accessed a lock!
[17:03:53] Player (PuMa, 76561198129278616)(<8345.024414, 110.917915, 12832.263672>) quick accessed a lock!
[17:04:15] Player (NicFit, 76561198086129271)(<6938.311523, 58.166321, 3691.953369>) quick accessed a lock!
[17:06:10] Player (NicFit, 76561198086129271)(<6938.311523, 58.166321, 3691.953369>) quick accessed a lock!
[17:10:07] Player (Hyale, 76561197994452607)(<8382.144531, 163.852722, 12221.200195>) quick accessed a lock!
[17:10:21] Player (Hyale, 76561197994452607)(<8374.034180, 161.783600, 12220.476563>) quick accessed a lock!
[17:11:47] Player (NicFit, 76561198086129271)(<6938.311523, 58.166321, 3691.953369>) quick accessed a lock!
[17:11:57] Player (NicFit, 76561198086129271)(<6930.353516, 58.084438, 3689.323975>) quick accessed a lock!
[17:11:59] Player (Le chinois(Fr), 76561198041337034)(<7605.561523, 139.723770, 12859.481445>) quick accessed a lock!
[17:12:06] Player (PuMa, 76561198129278616)(<8349.615234, 110.107422, 12839.324219>) quick accessed a lock!
[17:12:25] Player (NicFit, 76561198086129271)(<6938.311523, 58.166321, 3691.953369>) quick accessed a lock!
[17:15:27] Player (Hyale, 76561197994452607)(<8417.791016, 164.582657, 12213.222656>) quick accessed a lock!
[17:15:34] Player (Hyale, 76561197994452607)(<8419.393555, 162.647049, 12220.171875>) quick accessed a lock!
[17:16:14] Player (NicFit, 76561198086129271)(<6933.153320, 58.022518, 3674.160889>) quick accessed a lock!
[17:18:15] Player (NicFit, 76561198086129271)(<6933.153320, 58.022518, 3674.160889>) quick accessed a lock!
[17:25:22] Player (Hyale, 76561197994452607)(<8383.750977, 163.070587, 12234.040039>) quick accessed a lock!
[17:29:47] Player (Le chinois(Fr), 76561198041337034)(<7605.561523, 139.723770, 12859.481445>) quick accessed a lock!
[17:35:03] Player (Hyale, 76561197994452607)(<7605.561523, 139.723770, 12859.481445>) quick accessed a lock!
[17:37:33] Player (PuMa, 76561198129278616)(<8305.548828, 110.924812, 12829.622070>) quick accessed a lock!
[17:38:43] Player (PuMa, 76561198129278616)(<8345.024414, 110.917915, 12832.263672>) quick accessed a lock!
[17:38:47] Player (PuMa, 76561198129278616)(<8349.615234, 110.107422, 12839.324219>) quick accessed a lock!
[17:46:51] Player (PuMa, 76561198129278616)(<8345.024414, 110.917915, 12832.263672>) quick accessed a lock!
[17:46:53] Player (PuMa, 76561198129278616)(<8349.615234, 110.107422, 12839.324219>) quick accessed a lock!
[17:47:06] Player (Le chinois(Fr), 76561198041337034)(<7605.561523, 139.723770, 12859.481445>) quick accessed a lock!
[17:49:53] Player (PuMa, 76561198129278616)(<8349.615234, 110.107422, 12839.324219>) quick accessed a lock!
[17:50:53] Player (NicFit, 76561198086129271)(<6933.801270, 61.110214, 3700.711426>) quick accessed a lock!
[17:53:30] Player (NicFit, 76561198086129271)(<6933.801270, 61.110214, 3700.711426>) quick accessed a lock!
[17:53:59] Player (NicFit, 76561198086129271)(<6933.801270, 61.110214, 3700.711426>) quick accessed a lock!
[17:54:04] Player (NicFit, 76561198086129271)(<6938.311523, 58.166321, 3691.953369>) quick accessed a lock!
[17:54:28] Player (PuMa, 76561198129278616)(<8345.024414, 110.917915, 12832.263672>) quick accessed a lock!
[17:54:39] Player (PuMa, 76561198129278616)(<8349.615234, 110.107422, 12839.324219>) quick accessed a lock!
[17:55:04] Player (NicFit, 76561198086129271)(<6943.061035, 58.101555, 3688.918213>) quick accessed a lock!
[17:56:48] Player (NicFit, 76561198086129271)(<6943.061035, 58.101555, 3688.918213>) quick accessed a lock!
[17:57:17] Player (PuMa, 76561198129278616)(<8349.615234, 110.107422, 12839.324219>) quick accessed a lock!
[17:58:15] Player (NicFit, 76561198086129271)(<6938.311523, 58.166321, 3691.953369>) quick accessed a lock!
[17:58:20] Player (NicFit, 76561198086129271)(<6933.801270, 61.110214, 3700.711426>) quick accessed a lock!
[03-09-2021][18.01.35] Log file reloaded ( Server Restart )
[18:03:09] Player (Percy Coles, 76561198177852285)(<8083.761719, 459.208221, 9312.645508>) quick accessed a lock!
[18:03:22] Player (Percy Coles, 76561198177852285)(<8083.761719, 459.208221, 9312.645508>) quick accessed a lock!
[18:04:46] Player (Percy Coles, 76561198177852285)(<8083.761719, 459.208221, 9312.645508>) quick accessed a lock!
[18:14:48] Player (Le chinois(Fr), 76561198041337034)(<7605.561523, 139.723770, 12859.481445>) quick accessed a lock!
[18:17:54] Player (Le chinois(Fr), 76561198041337034)(<7605.561523, 139.723770, 12859.481445>) quick accessed a lock!
[18:37:31] Player (NicFit, 76561198086129271)(<6933.801270, 61.110214, 3700.711426>) quick accessed a lock!
[18:37:43] Player (NicFit, 76561198086129271)(<6933.801270, 61.110214, 3700.711426>) quick accessed a lock!
[18:46:06] Player (Prophecy, 76561198990415902)(<5255.075684, 306.017731, 5502.657715>) quick accessed a lock!
[18:53:56] Player (Prophecy, 76561198990415902)(<5268.548340, 306.574585, 5517.510742>) quick accessed a lock!
[18:54:34] Player (Percy Coles, 76561198177852285)(<8083.761719, 459.208221, 9312.645508>) quick accessed a lock!
[18:55:44] Player (Prophecy, 76561198990415902)(<5269.379883, 306.578033, 5508.738770>) set a new passcode on lock!
[18:55:44] Player (Prophecy, 76561198990415902)(<5269.379883, 306.578033, 5508.738770>) claimed ownership of a lock!
[18:57:40] Player (Percy Coles, 76561198177852285)(<8083.761719, 459.208221, 9312.645508>) quick accessed a lock!
[18:58:01] Player (Percy Coles, 76561198177852285)(<8083.761719, 459.208221, 9312.645508>) quick accessed a lock!
[18:59:30] Player (Percy Coles, 76561198177852285)(<8072.857422, 463.142975, 9311.291992>) quick accessed a lock!
[18:59:52] Player (Percy Coles, 76561198177852285)(<8072.857422, 463.142975, 9311.291992>) quick accessed a lock!
[19:00:19] Player (Percy Coles, 76561198177852285)(<8072.857422, 463.142975, 9311.291992>) quick accessed a lock!
[19:00:29] Player (Percy Coles, 76561198177852285)(<8072.857422, 463.142975, 9311.291992>) quick accessed a lock!
[19:00:31] Player (Korwiin, 76561198013080573)(<3719.772705, 305.302094, 8236.056641>) quick accessed a lock!
[19:01:47] Player (Prophecy, 76561198990415902)(<5272.670410, 308.993317, 5505.040527>) quick accessed a lock!
[19:01:52] Player (NicFit, 76561198086129271)(<6933.801270, 61.110214, 3700.711426>) quick accessed a lock!
[19:05:35] Player (Percy Coles, 76561198177852285)(<8072.857422, 463.142975, 9311.291992>) quick accessed a lock!
[19:06:18] Player (Percy Coles, 76561198177852285)(<8072.857422, 463.142975, 9311.291992>) quick accessed a lock!
[19:06:29] Player (Percy Coles, 76561198177852285)(<8072.857422, 463.142975, 9311.291992>) quick accessed a lock!
[19:06:38] Player (Percy Coles, 76561198177852285)(<8072.857422, 463.142975, 9311.291992>) quick accessed a lock!
[19:06:39] Player (Prophecy, 76561198990415902)(<5268.548340, 306.574585, 5517.510742>) quick accessed a lock!
[19:06:43] Player (Korwiin, 76561198013080573)(<3691.996826, 304.166504, 8254.534180>) quick accessed a lock!
[19:06:44] Player (Percy Coles, 76561198177852285)(<8072.857422, 463.142975, 9311.291992>) quick accessed a lock!
[19:08:04] Player (Korwiin, 76561198013080573)(<3702.595459, 305.019165, 8257.460938>) quick accessed a lock!
[19:08:55] Player (Korwiin, 76561198013080573)(<3702.595459, 305.019165, 8257.460938>) quick accessed a lock!
[19:09:38] Player (Korwiin, 76561198013080573)(<3697.718750, 305.022583, 8241.563477>) quick accessed a lock!
[19:09:43] Player (Korwiin, 76561198013080573)(<3719.772705, 305.302094, 8236.056641>) quick accessed a lock!
[19:10:33] Player (Percy Coles, 76561198177852285)(<8072.857422, 463.142975, 9311.291992>) quick accessed a lock!
[19:11:00] Player (Korwiin, 76561198013080573)(<3697.718750, 305.022583, 8241.563477>) quick accessed a lock!
[19:11:05] Player (Percy Coles, 76561198177852285)(<8083.761719, 459.208221, 9312.645508>) quick accessed a lock!
[19:11:29] Player (Percy Coles, 76561198177852285)(<8083.761719, 459.208221, 9312.645508>) quick accessed a lock!
[19:11:40] Player (Percy Coles, 76561198177852285)(<8072.857422, 463.142975, 9311.291992>) quick accessed a lock!
[19:11:57] Player (Percy Coles, 76561198177852285)(<8072.857422, 463.142975, 9311.291992>) quick accessed a lock!
[19:12:14] Player (Percy Coles, 76561198177852285)(<8083.761719, 459.208221, 9312.645508>) quick accessed a lock!
[19:12:32] Player (Percy Coles, 76561198177852285)(<8083.761719, 459.208221, 9312.645508>) quick accessed a lock!
[19:13:07] Player (Percy Coles, 76561198177852285)(<8083.761719, 459.208221, 9312.645508>) quick accessed a lock!
[19:13:15] Player (Percy Coles, 76561198177852285)(<8083.761719, 459.208221, 9312.645508>) quick accessed a lock!
[19:13:39] Player (Percy Coles, 76561198177852285)(<8072.857422, 463.142975, 9311.291992>) quick accessed a lock!
[19:13:42] Player (Percy Coles, 76561198177852285)(<8072.857422, 463.142975, 9311.291992>) quick accessed a lock!
[19:14:11] Player (Percy Coles, 76561198177852285)(<8083.761719, 459.208221, 9312.645508>) quick accessed a lock!
[19:14:19] Player (Prophecy, 76561198990415902)(<5272.670410, 308.993317, 5505.040527>) quick accessed a lock!
[19:15:15] Player (Percy Coles, 76561198177852285)(<8083.761719, 459.208221, 9312.645508>) quick accessed a lock!
[19:15:25] Player (Percy Coles, 76561198177852285)(<8083.761719, 459.208221, 9312.645508>) quick accessed a lock!
[19:15:32] Player (Percy Coles, 76561198177852285)(<8083.761719, 459.208221, 9312.645508>) quick accessed a lock!
[19:16:05] Player (PuMa, 76561198129278616)(<8345.024414, 110.917915, 12832.263672>) quick accessed a lock!
[19:16:14] Player (Percy Coles, 76561198177852285)(<8083.761719, 459.208221, 9312.645508>) quick accessed a lock!
[19:17:05] Player (Percy Coles, 76561198177852285)(<8083.761719, 459.208221, 9312.645508>) quick accessed a lock!
[19:17:24] Player (Percy Coles, 76561198177852285)(<8083.761719, 459.208221, 9312.645508>) quick accessed a lock!
[19:17:52] Player (Bernd, 76561197965508404)(<4859.521484, 319.519501, 5753.780762>) quick accessed a lock!
[19:18:19] Player (Prophecy, 76561198990415902)(<5272.670410, 308.993317, 5505.040527>) quick accessed a lock!
[19:18:35] Player (NicFit, 76561198086129271)(<6933.153320, 58.022518, 3674.160889>) quick accessed a lock!
[19:19:29] Player (NicFit, 76561198086129271)(<6943.061035, 58.101555, 3688.918213>) quick accessed a lock!
[19:20:06] Player (NicFit, 76561198086129271)(<6938.311523, 58.166321, 3691.953369>) quick accessed a lock!
[19:20:11] Player (NicFit, 76561198086129271)(<6933.801270, 61.110214, 3700.711426>) quick accessed a lock!
[19:21:12] Player (NicFit, 76561198086129271)(<6933.801270, 61.110214, 3700.711426>) quick accessed a lock!
[19:22:02] Player (NicFit, 76561198086129271)(<6930.353516, 58.084438, 3689.323975>) quick accessed a lock!
[19:23:24] Player (Percy Coles, 76561198177852285)(<8072.857422, 463.142975, 9311.291992>) quick accessed a lock!
[19:24:08] Player (Bernd, 76561197965508404)(<4859.521484, 319.519501, 5753.780762>) quick accessed a lock!
[19:24:58] Player (Percy Coles, 76561198177852285)(<8083.761719, 459.208221, 9312.645508>) quick accessed a lock!
[19:29:52] Player (Helmut Lootie, 76561198065413312)(<3697.718750, 305.022583, 8241.563477>) quick accessed a lock!
[19:30:07] Player (Helmut Lootie, 76561198065413312)(<3702.595459, 305.019165, 8257.460938>) quick accessed a lock!
[19:34:16] Player (Prophecy, 76561198990415902)(<5272.670410, 308.993317, 5505.040527>) quick accessed a lock!
[20:14:12] Player (Prophecy, 76561198990415902)(<5262.404297, 308.807892, 5506.635254>) set a new passcode on lock!
[20:14:12] Player (Prophecy, 76561198990415902)(<5262.404297, 308.807892, 5506.635254>) claimed ownership of a lock!
[20:23:16] Player (Prophecy, 76561198990415902)(<5268.548340, 306.574585, 5517.510742>) quick accessed a lock!
[20:23:38] Player (tretli, 76561198393217796)(<12096.742188, 3.140198, 3374.597656>) quick accessed a lock!
[20:25:45] Player (tretli, 76561198393217796)(<12087.472656, 3.140198, 3384.060547>) quick accessed a lock!
[20:26:33] Player (Percy Coles, 76561198177852285)(<8083.761719, 459.208221, 9312.645508>) quick accessed a lock!
[20:30:14] Player (Prophecy, 76561198990415902)(<5262.404297, 308.807892, 5506.635254>) quick accessed a lock!
[20:33:41] Player (NicFit, 76561198086129271)(<6930.353516, 58.084438, 3689.323975>) quick accessed a lock!
[20:34:00] Player (Percy Coles, 76561198177852285)(<8083.761719, 459.208221, 9312.645508>) quick accessed a lock!
[20:35:39] Player (NicFit, 76561198086129271)(<6938.311523, 58.166321, 3691.953369>) quick accessed a lock!
[20:35:50] Player (tretli, 76561198393217796)(<12087.472656, 3.140198, 3384.060547>) quick accessed a lock!
[20:35:52] Player (tretli, 76561198393217796)(<12087.472656, 3.140198, 3384.060547>) quick accessed a lock!
[20:36:01] Player (tretli, 76561198393217796)(<12096.742188, 3.140198, 3374.597656>) quick accessed a lock!
[20:36:26] Player (NicFit, 76561198086129271)(<6938.311523, 58.166321, 3691.953369>) quick accessed a lock!
[20:36:38] Player (Percy Coles, 76561198177852285)(<8083.761719, 459.208221, 9312.645508>) quick accessed a lock!
[20:37:21] Player (Percy Coles, 76561198177852285)(<8083.761719, 459.208221, 9312.645508>) quick accessed a lock!
[20:37:56] Player (Percy Coles, 76561198177852285)(<8083.761719, 459.208221, 9312.645508>) quick accessed a lock!
[20:38:06] Player (tretli, 76561198393217796)(<12087.472656, 3.140198, 3384.060547>) quick accessed a lock!
[20:38:10] Player (Percy Coles, 76561198177852285)(<8083.761719, 459.208221, 9312.645508>) quick accessed a lock!
[20:38:26] Player (Percy Coles, 76561198177852285)(<8072.857422, 463.142975, 9311.291992>) quick accessed a lock!
[20:38:55] Player (Percy Coles, 76561198177852285)(<8072.857422, 463.142975, 9311.291992>) quick accessed a lock!
[20:38:59] Player (Prophecy, 76561198990415902)(<5272.670410, 308.993317, 5505.040527>) quick accessed a lock!
[20:39:07] Player (Percy Coles, 76561198177852285)(<8083.761719, 459.208221, 9312.645508>) quick accessed a lock!
[20:40:25] Player (Percy Coles, 76561198177852285)(<8083.761719, 459.208221, 9312.645508>) quick accessed a lock!
[20:43:10] Player (NicFit, 76561198086129271)(<6938.311523, 58.166321, 3691.953369>) removed a lock!
[20:43:11] Player (Percy Coles, 76561198177852285)(<8072.857422, 463.142975, 9311.291992>) quick accessed a lock!
[20:44:00] Player (Percy Coles, 76561198177852285)(<8072.857422, 463.142975, 9311.291992>) quick accessed a lock!
[20:49:18] Player (Prophecy, 76561198990415902)(<5255.075684, 306.017731, 5502.657715>) quick accessed a lock!
[20:53:01] Player (NicFit, 76561198086129271)(<6933.801270, 61.110214, 3700.711426>) quick accessed a lock!
[21:03:53] Player (NicFit, 76561198086129271)(<6930.353516, 58.084438, 3689.323975>) quick accessed a lock!
[21:04:28] Player (NicFit, 76561198086129271)(<6930.353516, 58.084438, 3689.323975>) quick accessed a lock!
[21:11:15] Player (Prophecy, 76561198990415902)(<5255.075684, 306.017731, 5502.657715>) quick accessed a lock!
[21:40:09] Player (JevBurns, 76561198068395829)(<8175.042969, 474.836761, 9109.240234>) set a new passcode on lock!
[21:40:09] Player (JevBurns, 76561198068395829)(<8175.042969, 474.836761, 9109.240234>) claimed ownership of a lock!
[21:40:15] Player (JevBurns, 76561198068395829)(<8175.042969, 474.836761, 9109.240234>) quick accessed a lock!
[21:53:03] Player (NicFit, 76561198086129271)(<6930.353516, 58.084438, 3689.323975>) quick accessed a lock!
[21:53:56] Player (NicFit, 76561198086129271)(<6930.353516, 58.084438, 3689.323975>) quick accessed a lock!
[21:54:21] Player (Prophecy, 76561198990415902)(<5255.075684, 306.017731, 5502.657715>) quick accessed a lock!
[03-09-2021][22.01.47] Log file reloaded ( Server Restart )
[03-09-2021][22.03.52] Log file reloaded ( Server Restart )
[22:50:02] Player (Helmut Lootie, 76561198065413312)(<3697.718750, 305.022583, 8241.563477>) quick accessed a lock!
[22:51:28] Player (Helmut Lootie, 76561198065413312)(<3702.595459, 305.019165, 8257.460938>) quick accessed a lock!
[22:54:18] Player (Prophecy, 76561198990415902)(<5269.379883, 306.578033, 5508.738770>) quick accessed a lock!
[22:54:33] Player (NicFit, 76561198086129271)(<6930.353516, 58.084438, 3689.323975>) quick accessed a lock!
[22:54:42] Player (Prophecy, 76561198990415902)(<5272.670410, 308.993317, 5505.040527>) quick accessed a lock!
[22:55:03] Player (Prophecy, 76561198990415902)(<5272.670410, 308.993317, 5505.040527>) quick accessed a lock!
[22:55:22] Player (Prophecy, 76561198990415902)(<5272.670410, 308.993317, 5505.040527>) removed a lock!
[22:55:45] Player (Prophecy, 76561198990415902)(<5264.449707, 308.807892, 5503.083984>) set a new passcode on lock!
[22:55:45] Player (Prophecy, 76561198990415902)(<5264.449707, 308.807892, 5503.083984>) claimed ownership of a lock!
[22:55:47] Player (Prophecy, 76561198990415902)(<5264.449707, 308.807892, 5503.083984>) quick accessed a lock!
[22:55:48] Player (Prophecy, 76561198990415902)(<5262.404297, 308.807892, 5506.635254>) quick accessed a lock!
[22:55:49] Player (NicFit, 76561198086129271)(<6930.353516, 58.084438, 3689.323975>) quick accessed a lock!
[22:55:55] Player (NicFit, 76561198086129271)(<6943.061035, 58.101555, 3688.918213>) quick accessed a lock!
[23:12:51] Player (Helmut Lootie, 76561198065413312)(<3697.718750, 305.022583, 8241.563477>) quick accessed a lock!
[23:20:43] Player (Helmut Lootie, 76561198065413312)(<3697.718750, 305.022583, 8241.563477>) quick accessed a lock!
[23:22:18] Player (NicFit, 76561198086129271)(<6943.061035, 58.101555, 3688.918213>) quick accessed a lock!
[23:23:23] Player (NicFit, 76561198086129271)(<6943.061035, 58.101555, 3688.918213>) quick accessed a lock!
[23:23:43] Player (Helmut Lootie, 76561198065413312)(<3719.772705, 305.302094, 8236.056641>) quick accessed a lock!
[23:27:36] Player (Prophecy, 76561198990415902)(<5255.075684, 306.017731, 5502.657715>) quick accessed a lock!
[23:27:52] Player (Prophecy, 76561198990415902)(<5268.548340, 306.574585, 5517.510742>) quick accessed a lock!
[23:32:30] Player (NicFit, 76561198086129271)(<6943.061035, 58.101555, 3688.918213>) quick accessed a lock!
[23:33:27] Player (NicFit, 76561198086129271)(<6943.061035, 58.101555, 3688.918213>) quick accessed a lock!
[23:38:52] Player (Prophecy, 76561198990415902)(<5264.449707, 308.807892, 5503.083984>) quick accessed a lock!
[23:38:55] Player (Prophecy, 76561198990415902)(<5262.404297, 308.807892, 5506.635254>) quick accessed a lock!
[23:42:28] Player (Prophecy, 76561198990415902)(<5255.075684, 306.017731, 5502.657715>) quick accessed a lock!
[23:47:28] Player (NicFit, 76561198086129271)(<6943.061035, 58.101555, 3688.918213>) quick accessed a lock!
[23:52:40] Player (Prophecy, 76561198990415902)(<5269.379883, 306.578033, 5508.738770>) quick accessed a lock!
[23:53:14] Player (Prophecy, 76561198990415902)(<5268.548340, 306.574585, 5517.510742>) quick accessed a lock!
[23:53:35] Player (NicFit, 76561198086129271)(<6943.061035, 58.101555, 3688.918213>) quick accessed a lock!
[23:54:46] Player (NicFit, 76561198086129271)(<6943.061035, 58.101555, 3688.918213>) quick accessed a lock!
[23:56:06] Player (Korwiin, 76561198013080573)(<3697.718750, 305.022583, 8241.563477>) quick accessed a lock!
[23:58:23] Player (Prophecy, 76561198990415902)(<5268.548340, 306.574585, 5517.510742>) quick accessed a lock!
[23:58:44] Player (NicFit, 76561198086129271)(<6943.061035, 58.101555, 3688.918213>) quick accessed a lock!
[23:59:25] Player (NicFit, 76561198086129271)(<6943.061035, 58.101555, 3688.918213>) quick accessed a lock!
[00:00:18] Player (Prophecy, 76561198990415902)(<5277.693359, 306.573822, 5517.387695>) quick accessed a lock!
[00:00:57] Player (Prophecy, 76561198990415902)(<5255.075684, 306.017731, 5502.657715>) quick accessed a lock!
[00:09:28] Player (NicFit, 76561198086129271)(<6930.353516, 58.084438, 3689.323975>) quick accessed a lock!
[00:09:46] Player (NicFit, 76561198086129271)(<6930.353516, 58.084438, 3689.323975>) quick accessed a lock!
[00:10:07] Player (NicFit, 76561198086129271)(<6933.153320, 58.022518, 3674.160889>) quick accessed a lock!
[00:23:03] Player (NicFit, 76561198086129271)(<6933.153320, 58.022518, 3674.160889>) quick accessed a lock!
[00:24:45] Player (NicFit, 76561198086129271)(<6933.801270, 61.110214, 3700.711426>) quick accessed a lock!
[00:26:27] Player (NicFit, 76561198086129271)(<6930.353516, 58.084438, 3689.323975>) quick accessed a lock!
[00:27:47] Player (NicFit, 76561198086129271)(<6930.353516, 58.084438, 3689.323975>) quick accessed a lock!
[00:30:19] Player (NicFit, 76561198086129271)(<6930.353516, 58.084438, 3689.323975>) quick accessed a lock!
[00:32:00] Player (NicFit, 76561198086129271)(<6930.353516, 58.084438, 3689.323975>) quick accessed a lock!
[00:32:07] Player (NicFit, 76561198086129271)(<6933.801270, 61.110214, 3700.711426>) quick accessed a lock!
[00:33:17] Player (NicFit, 76561198086129271)(<6933.801270, 61.110214, 3700.711426>) quick accessed a lock!
[00:33:35] Player (NicFit, 76561198086129271)(<6930.353516, 58.084438, 3689.323975>) quick accessed a lock!
[00:48:01] Player (Prophecy, 76561198990415902)(<5264.449707, 308.807892, 5503.083984>) quick accessed a lock!
[00:50:15] Player (Prophecy, 76561198990415902)(<5255.075684, 306.017731, 5502.657715>) quick accessed a lock!
[01:15:48] Player (JevBurns, 76561198068395829)(<5022.194336, 333.529724, 7453.034180>) set a new passcode on lock!
[01:15:48] Player (JevBurns, 76561198068395829)(<5022.194336, 333.529724, 7453.034180>) claimed ownership of a lock!
[01:16:30] Player (NicFit, 76561198086129271)(<6930.353516, 58.084438, 3689.323975>) quick accessed a lock!
[01:17:52] Player (JevBurns, 76561198068395829)(<5018.307617, 335.453888, 7446.890137>) set a new passcode on lock!
[01:17:52] Player (JevBurns, 76561198068395829)(<5018.307617, 335.453888, 7446.890137>) claimed ownership of a lock!
[01:20:52] Player (NicFit, 76561198086129271)(<6933.801270, 61.110214, 3700.711426>) quick accessed a lock!
[01:21:07] Player (Korwiin, 76561198013080573)(<3697.718750, 305.022583, 8241.563477>) quick accessed a lock!
[01:21:38] Player (JevBurns, 76561198068395829)(<5022.194336, 333.529724, 7453.034180>) quick accessed a lock!
[01:21:43] Player (Korwiin, 76561198013080573)(<3702.595459, 305.019165, 8257.460938>) quick accessed a lock!
[01:21:48] Player (JevBurns, 76561198068395829)(<5018.307617, 335.453888, 7446.890137>) quick accessed a lock!
[01:21:54] Player (JevBurns, 76561198068395829)(<5022.194336, 333.529724, 7453.034180>) quick accessed a lock!
[01:23:48] Player (JevBurns, 76561198068395829)(<5022.194336, 333.529724, 7453.034180>) quick accessed a lock!
[01:26:02] Player (NicFit, 76561198086129271)(<6933.801270, 61.110214, 3700.711426>) quick accessed a lock!
[01:26:18] Player (JevBurns, 76561198068395829)(<5022.194336, 333.529724, 7453.034180>) quick accessed a lock!
[01:27:14] Player (JevBurns, 76561198068395829)(<5018.307617, 335.453888, 7446.890137>) quick accessed a lock!
[01:28:41] Player (NicFit, 76561198086129271)(<6933.801270, 61.110214, 3700.711426>) quick accessed a lock!
[01:29:31] Player (JevBurns, 76561198068395829)(<5018.307617, 335.453888, 7446.890137>) quick accessed a lock!
[01:29:49] Player (JevBurns, 76561198068395829)(<5022.194336, 333.529724, 7453.034180>) quick accessed a lock!
[01:32:49] Player (NicFit, 76561198086129271)(<6933.801270, 61.110214, 3700.711426>) quick accessed a lock!
[01:33:18] Player (NicFit, 76561198086129271)(<6933.801270, 61.110214, 3700.711426>) quick accessed a lock!
[01:34:10] Player (JevBurns, 76561198068395829)(<5018.307617, 335.453888, 7446.890137>) quick accessed a lock!
[01:34:28] Player (JevBurns, 76561198068395829)(<5018.307617, 335.453888, 7446.890137>) quick accessed a lock!
[01:35:52] Player (Korwiin, 76561198013080573)(<3702.595459, 305.019165, 8257.460938>) quick accessed a lock!
[01:46:57] Player (NicFit, 76561198086129271)(<6933.801270, 61.110214, 3700.711426>) quick accessed a lock!
[01:47:03] Player (NicFit, 76561198086129271)(<6943.061035, 58.101555, 3688.918213>) quick accessed a lock!
[01:47:41] Player (NicFit, 76561198086129271)(<6943.061035, 58.101555, 3688.918213>) quick accessed a lock!
[01:47:47] Player (NicFit, 76561198086129271)(<6933.801270, 61.110214, 3700.711426>) quick accessed a lock!
