[03-22-2021][02.01.42] New Access Log File Created!
[02:04:50] Player (Jordan, 76561198999593356)(<4061.510254, 298.209839, 7283.538086>) quick accessed a lock!
[02:10:42] Player (Helmut Lootie, 76561198065413312)(<3697.718750, 305.022583, 8241.563477>) quick accessed a lock!
[02:12:03] Player (Helmut Lootie, 76561198065413312)(<3697.718750, 305.022583, 8241.563477>) quick accessed a lock!
[02:12:08] Player (Helmut Lootie, 76561198065413312)(<3702.595459, 305.019165, 8257.460938>) quick accessed a lock!
[02:50:29] Player (Jordan, 76561198999593356)(<4073.893311, 295.269257, 7275.131348>) quick accessed a lock!
[02:50:34] Player (Jordan, 76561198999593356)(<4064.529785, 295.269257, 7276.199707>) quick accessed a lock!
[02:56:38] Player (Helmut Lootie, 76561198065413312)(<3697.718750, 305.022583, 8241.563477>) quick accessed a lock!
[03:03:34] Player (Korwiin, 76561198013080573)(<3187.485352, 345.436005, 7451.891113>) quick accessed a lock!
[03:08:53] Player (Jordan, 76561198999593356)(<4073.893311, 295.269257, 7275.131348>) quick accessed a lock!
[03:09:02] Player (Jordan, 76561198999593356)(<4073.893311, 295.269257, 7275.131348>) quick accessed a lock!
[03:11:24] Player (Korwiin, 76561198013080573)(<3187.485352, 345.436005, 7451.891113>) quick accessed a lock!
[03:53:51] Player (Korwiin, 76561198013080573)(<3187.485352, 345.436005, 7451.891113>) quick accessed a lock!
[04:12:19] Player (frenchy, 76561198969225016)(<6546.868164, 335.189972, 9330.886719>) quick accessed a lock!
[04:12:50] Player (frenchy, 76561198969225016)(<6543.575684, 335.003296, 9327.412109>) quick accessed a lock!
[04:14:24] Player (frenchy, 76561198969225016)(<6539.277344, 334.770752, 9318.540039>) quick accessed a lock!
[04:17:08] Player (NicFit, 76561198086129271)(<6934.305176, 64.038124, 3700.891846>) quick accessed a lock!
[04:17:42] Player (NicFit, 76561198086129271)(<6940.228027, 60.961956, 3705.061768>) quick accessed a lock!
[04:17:59] Player (NicFit, 76561198086129271)(<6931.586914, 56.861805, 3686.584473>) quick accessed a lock!
[04:18:04] Player (NicFit, 76561198086129271)(<6931.586914, 56.861805, 3686.584473>) quick accessed a lock!
[04:18:09] Player (NicFit, 76561198086129271)(<6934.527344, 56.750614, 3674.505615>) quick accessed a lock!
[04:25:10] Player (NicFit, 76561198086129271)(<6934.527344, 56.750614, 3674.505615>) quick accessed a lock!
[04:29:16] Player (NicFit, 76561198086129271)(<6940.228027, 60.961956, 3705.061768>) quick accessed a lock!
[04:31:54] Player (NicFit, 76561198086129271)(<6931.586914, 56.861805, 3686.584473>) quick accessed a lock!
[04:49:18] Player (NicFit, 76561198086129271)(<6931.586914, 56.861805, 3686.584473>) quick accessed a lock!
[04:50:57] Player (NicFit, 76561198086129271)(<6940.228027, 60.961956, 3705.061768>) quick accessed a lock!
[04:51:08] Player (NicFit, 76561198086129271)(<6934.305176, 64.038124, 3700.891846>) quick accessed a lock!
[04:51:41] Player (NicFit, 76561198086129271)(<6934.305176, 64.038124, 3700.891846>) quick accessed a lock!
[04:51:55] Player (NicFit, 76561198086129271)(<6934.305176, 64.038124, 3700.891846>) quick accessed a lock!
[04:56:01] Player (NicFit, 76561198086129271)(<6931.586914, 56.861805, 3686.584473>) quick accessed a lock!
[04:56:55] Player (NicFit, 76561198086129271)(<6931.586914, 56.861805, 3686.584473>) quick accessed a lock!
[05:03:27] Player (frenchy, 76561198969225016)(<6552.541504, 337.658264, 9314.689453>) quick accessed a lock!
[05:04:56] Player (NicFit, 76561198086129271)(<6934.527344, 56.750614, 3674.505615>) quick accessed a lock!
[05:08:31] Player (frenchy, 76561198969225016)(<6552.541504, 337.658264, 9314.689453>) quick accessed a lock!
[05:08:34] Player (NicFit, 76561198086129271)(<6954.129883, 56.568375, 3693.047363>) quick accessed a lock!
[05:09:27] Player (Jordan, 76561198999593356)(<4073.893311, 295.269257, 7275.131348>) quick accessed a lock!
[05:09:28] Player (frenchy, 76561198969225016)(<6552.541504, 337.658264, 9314.689453>) quick accessed a lock!
[05:16:52] Player (NicFit, 76561198086129271)(<6954.129883, 56.568375, 3693.047363>) quick accessed a lock!
[05:20:14] Player (NicFit, 76561198086129271)(<6940.228027, 60.961956, 3705.061768>) quick accessed a lock!
[05:22:57] Player (NicFit, 76561198086129271)(<6940.228027, 60.961956, 3705.061768>) quick accessed a lock!
[05:23:32] Player (NicFit, 76561198086129271)(<6934.305176, 64.038124, 3700.891846>) quick accessed a lock!
[05:40:58] Player (Jordan, 76561198999593356)(<4064.529785, 295.269257, 7276.199707>) quick accessed a lock!
[03-22-2021][06.01.12] Log file reloaded ( Server Restart )
[03-22-2021][10.01.21] Log file reloaded ( Server Restart )
[10:34:15] Player (mgokay, 76561198042235031)(<6527.522461, 387.563263, 5581.287109>) accessed a lock!
[10:34:15] Player (mgokay, 76561198042235031)(<6527.522461, 387.563263, 5581.287109>) was added as a guest of a lock!
[10:36:11] Player (mgokay, 76561198042235031)(<6547.820801, 393.913513, 5598.946289>) accessed a lock!
[10:36:11] Player (mgokay, 76561198042235031)(<6547.820801, 393.913513, 5598.946289>) was added as a guest of a lock!
[10:37:20] Player (mgokay, 76561198042235031)(<6547.820801, 393.913513, 5598.946289>) quick accessed a lock!
[10:41:33] Player (mgokay, 76561198042235031)(<6527.522461, 387.563263, 5581.287109>) quick accessed a lock!
[11:13:31] Player (Prophecy, 76561198990415902)(<5264.416992, 309.040802, 5503.187500>) quick accessed a lock!
[11:13:49] Player (Prophecy, 76561198990415902)(<5262.362305, 309.040588, 5506.741211>) quick accessed a lock!
[11:48:51] Player (Prophecy, 76561198990415902)(<5264.416992, 309.040802, 5503.187500>) quick accessed a lock!
[12:45:29] Player (Neuspace, 76561198285056887)(<13422.631836, 68.703468, 12082.236328>) quick accessed a lock!
[12:45:48] Player (Neuspace, 76561198285056887)(<13422.631836, 68.703468, 12082.236328>) quick accessed a lock!
[12:52:13] Player (frenchy, 76561198969225016)(<6552.541504, 337.658264, 9314.689453>) quick accessed a lock!
[03-22-2021][14.01.37] Log file reloaded ( Server Restart )
[14:09:24] Player (Jordan, 76561198999593356)(<4073.893311, 295.269257, 7275.131348>) quick accessed a lock!
[14:24:28] Player (Jordan, 76561198999593356)(<4073.893311, 295.269257, 7275.131348>) quick accessed a lock!
[14:24:32] Player (Jordan, 76561198999593356)(<4064.529785, 295.269257, 7276.199707>) quick accessed a lock!
[14:40:10] Player (Prophecy, 76561198990415902)(<5255.014648, 306.032227, 5502.494629>) quick accessed a lock!
[14:40:45] Player (Prophecy, 76561198990415902)(<5255.014648, 306.032227, 5502.494629>) quick accessed a lock!
[14:40:51] Player (Prophecy, 76561198990415902)(<5268.548340, 306.574585, 5517.510742>) quick accessed a lock!
[14:50:30] Player (Jordan, 76561198999593356)(<4064.529785, 295.269257, 7276.199707>) quick accessed a lock!
[14:59:30] Player (JevBurns, 76561198068395829)(<4065.584717, 295.269257, 7285.564941>) set a new passcode on lock!
[14:59:30] Player (JevBurns, 76561198068395829)(<4065.584717, 295.269257, 7285.564941>) claimed ownership of a lock!
[14:59:55] Player (Prophecy, 76561198990415902)(<5268.548340, 306.574585, 5517.510742>) quick accessed a lock!
[15:00:48] Player (Jordan, 76561198999593356)(<4065.584717, 295.269257, 7285.564941>) accessed a lock!
[15:00:48] Player (Jordan, 76561198999593356)(<4065.584717, 295.269257, 7285.564941>) was added as a guest of a lock!
[15:01:21] Player (JevBurns, 76561198068395829)(<4065.584717, 295.269257, 7285.564941>) changed the passcode on a lock! Clearing all guests...
[15:01:23] Player (JevBurns, 76561198068395829)(<4065.584717, 295.269257, 7285.564941>) quick accessed a lock!
[15:01:33] Player (Jordan, 76561198999593356)(<4065.584717, 295.269257, 7285.564941>) accessed a lock!
[15:01:33] Player (Jordan, 76561198999593356)(<4065.584717, 295.269257, 7285.564941>) was added as a guest of a lock!
[15:05:24] Player (Jordan, 76561198999593356)(<4064.529785, 295.269257, 7276.199707>) quick accessed a lock!
[15:06:50] Player (Jordan, 76561198999593356)(<4073.893311, 295.269257, 7275.131348>) quick accessed a lock!
[15:53:20] Player (Jordan, 76561198999593356)(<4073.893311, 295.269257, 7275.131348>) quick accessed a lock!
[15:53:27] Player (Jordan, 76561198999593356)(<4064.529785, 295.269257, 7276.199707>) quick accessed a lock!
[15:53:35] Player (Jordan, 76561198999593356)(<4065.584717, 295.269257, 7285.564941>) quick accessed a lock!
[15:57:41] Player (Jordan, 76561198999593356)(<4065.584717, 295.269257, 7285.564941>) quick accessed a lock!
[16:07:19] Player (Jordan, 76561198999593356)(<4065.584717, 295.269257, 7285.564941>) quick accessed a lock!
[16:07:31] Player (Jordan, 76561198999593356)(<4061.510254, 298.209839, 7283.538086>) quick accessed a lock!
[16:08:43] Player (Jordan, 76561198999593356)(<4064.529785, 295.269257, 7276.199707>) quick accessed a lock!
[16:08:46] Player (Jordan, 76561198999593356)(<4073.893311, 295.269257, 7275.131348>) quick accessed a lock!
[16:10:11] Player (Jordan, 76561198999593356)(<4065.584717, 295.269257, 7285.564941>) quick accessed a lock!
[16:11:50] Player (Jordan, 76561198999593356)(<4065.584717, 295.269257, 7285.564941>) quick accessed a lock!
[16:13:08] Player (Jordan, 76561198999593356)(<4065.584717, 295.269257, 7285.564941>) quick accessed a lock!
[16:25:01] Player (Jordan, 76561198999593356)(<4073.893311, 295.269257, 7275.131348>) quick accessed a lock!
[16:25:12] Player (Jordan, 76561198999593356)(<4064.529785, 295.269257, 7276.199707>) quick accessed a lock!
[16:25:17] Player (Jordan, 76561198999593356)(<4065.584717, 295.269257, 7285.564941>) quick accessed a lock!
[16:28:45] Player (frenchy, 76561198969225016)(<6552.541504, 337.658264, 9314.689453>) quick accessed a lock!
[16:30:33] Player (Prophecy, 76561198990415902)(<5255.014648, 306.032227, 5502.494629>) quick accessed a lock!
[16:58:18] Player (frenchy, 76561198969225016)(<6546.868164, 335.189972, 9330.886719>) quick accessed a lock!
[16:58:58] Player (frenchy, 76561198969225016)(<6543.575684, 335.003296, 9327.412109>) quick accessed a lock!
[16:59:02] Player (mgokay, 76561198042235031)(<6547.820801, 393.913513, 5598.946289>) quick accessed a lock!
[16:59:20] Player (frenchy, 76561198969225016)(<6539.277344, 334.770752, 9318.540039>) quick accessed a lock!
[17:00:46] Player (mgokay, 76561198042235031)(<6547.820801, 393.913513, 5598.946289>) quick accessed a lock!
[17:08:08] Player (mgokay, 76561198042235031)(<6527.522461, 387.563263, 5581.287109>) quick accessed a lock!
[17:08:48] Player (mgokay, 76561198042235031)(<6527.522461, 387.563263, 5581.287109>) quick accessed a lock!
[17:16:08] Player (Jordan, 76561198999593356)(<4073.893311, 295.269257, 7275.131348>) quick accessed a lock!
[17:16:09] Player (mgokay, 76561198042235031)(<6547.820801, 393.913513, 5598.946289>) quick accessed a lock!
[17:16:14] Player (Jordan, 76561198999593356)(<4064.529785, 295.269257, 7276.199707>) quick accessed a lock!
[17:16:18] Player (Jordan, 76561198999593356)(<4065.584717, 295.269257, 7285.564941>) quick accessed a lock!
[17:20:56] Player (Prophecy, 76561198990415902)(<5268.548340, 306.574585, 5517.510742>) quick accessed a lock!
[17:32:42] Player (Prophecy, 76561198990415902)(<5255.014648, 306.032227, 5502.494629>) quick accessed a lock!
[17:33:47] Player (grizzly bear, 76561198839448946)(<6546.098633, 337.521759, 9307.002930>) quick accessed a lock!
[17:38:45] Player (Prophecy, 76561198990415902)(<5255.014648, 306.032227, 5502.494629>) quick accessed a lock!
[03-22-2021][18.00.51] Log file reloaded ( Server Restart )
[18:11:19] Player (Le chinois(Fr), 76561198041337034)(<9933.405273, 65.000053, 13870.163086>) quick accessed a lock!
[18:17:55] Player (Le chinois(Fr), 76561198041337034)(<9922.185547, 65.000465, 13880.390625>) quick accessed a lock!
[18:18:02] Player (Le chinois(Fr), 76561198041337034)(<9887.975586, 68.464325, 13859.181641>) quick accessed a lock!
[18:21:30] Player (rastanator, 76561198035432577)(<8254.660156, 353.420349, 7027.582031>) quick accessed a lock!
[18:29:42] Player (Le chinois(Fr), 76561198041337034)(<9933.405273, 65.000053, 13870.163086>) quick accessed a lock!
[18:31:19] Player (Le chinois(Fr), 76561198041337034)(<9922.185547, 65.000465, 13880.390625>) quick accessed a lock!
[18:31:26] Player (Le chinois(Fr), 76561198041337034)(<9887.975586, 68.464325, 13859.181641>) quick accessed a lock!
[18:33:11] Player (Neuspace, 76561198285056887)(<13422.631836, 68.703468, 12082.236328>) quick accessed a lock!
[18:35:27] Player (Le chinois(Fr), 76561198041337034)(<9922.185547, 65.000465, 13880.390625>) quick accessed a lock!
[18:36:46] Player (Le chinois(Fr), 76561198041337034)(<9887.975586, 68.464325, 13859.181641>) quick accessed a lock!
[18:43:10] Player (Le chinois(Fr), 76561198041337034)(<9922.185547, 65.000465, 13880.390625>) quick accessed a lock!
[18:45:39] Player (Toppskillz, 76561198143912910)(<6558.626953, 337.750977, 9319.615234>) quick accessed a lock!
[18:46:00] Player (rastanator, 76561198035432577)(<8254.660156, 353.420349, 7027.582031>) quick accessed a lock!
[18:51:40] Player (MissionHades, 76561199101605101)(<1555.223755, 277.469574, 11960.805664>) quick accessed a lock!
[18:52:30] Player (rastanator, 76561198035432577)(<8254.660156, 353.420349, 7027.582031>) quick accessed a lock!
[18:52:49] Player (rastanator, 76561198035432577)(<8248.746094, 353.090576, 7027.941895>) quick accessed a lock!
[18:53:04] Player (rastanator, 76561198035432577)(<8248.746094, 353.090576, 7027.941895>) quick accessed a lock!
[18:53:20] Player (rastanator, 76561198035432577)(<8254.660156, 353.420349, 7027.582031>) quick accessed a lock!
[18:53:38] Player (rastanator, 76561198035432577)(<8254.660156, 353.420349, 7027.582031>) quick accessed a lock!
[18:54:52] Player (rastanator, 76561198035432577)(<8256.940430, 353.342041, 7021.807617>) set a new passcode on lock!
[18:54:52] Player (rastanator, 76561198035432577)(<8256.940430, 353.342041, 7021.807617>) claimed ownership of a lock!
[18:55:54] Player (rastanator, 76561198035432577)(<8256.940430, 353.342041, 7021.807617>) quick accessed a lock!
[19:01:07] Player (Le chinois(Fr), 76561198041337034)(<9922.185547, 65.000465, 13880.390625>) quick accessed a lock!
[19:01:13] Player (Le chinois(Fr), 76561198041337034)(<9887.975586, 68.464325, 13859.181641>) quick accessed a lock!
[19:04:46] Player (rastanator, 76561198035432577)(<8256.940430, 353.342041, 7021.807617>) quick accessed a lock!
[19:09:51] Player (Le chinois(Fr), 76561198041337034)(<9922.185547, 65.000465, 13880.390625>) quick accessed a lock!
[19:15:42] Player (Toppskillz, 76561198143912910)(<6558.626953, 337.750977, 9319.615234>) quick accessed a lock!
[19:20:05] Player (Toppskillz, 76561198143912910)(<6558.626953, 337.750977, 9319.615234>) quick accessed a lock!
[19:20:08] Player (Toppskillz, 76561198143912910)(<6558.626953, 337.750977, 9319.615234>) quick accessed a lock!
[19:20:41] Player (Toppskillz, 76561198143912910)(<6558.626953, 337.750977, 9319.615234>) quick accessed a lock!
[19:21:19] Player (Toppskillz, 76561198143912910)(<6558.626953, 337.750977, 9319.615234>) quick accessed a lock!
[19:29:04] Player (rastanator, 76561198035432577)(<8254.660156, 353.420349, 7027.582031>) quick accessed a lock!
[19:31:23] Player (rastanator, 76561198035432577)(<8256.940430, 353.342041, 7021.807617>) quick accessed a lock!
[19:41:08] Player (rastanator, 76561198035432577)(<8254.660156, 353.420349, 7027.582031>) quick accessed a lock!
[19:48:33] Player (rastanator, 76561198035432577)(<8256.940430, 353.342041, 7021.807617>) quick accessed a lock!
[20:07:23] Player (rastanator, 76561198035432577)(<8256.940430, 353.342041, 7021.807617>) quick accessed a lock!
[20:08:09] Player (grizzly bear, 76561198839448946)(<6546.098633, 337.521759, 9307.002930>) quick accessed a lock!
[20:08:29] Player (Toppskillz, 76561198143912910)(<6558.626953, 337.750977, 9319.615234>) quick accessed a lock!
[20:10:30] Player (frenchy, 76561198969225016)(<6552.541504, 337.658264, 9314.689453>) quick accessed a lock!
[20:11:37] Player (grizzly bear, 76561198839448946)(<6539.277344, 334.770752, 9318.540039>) quick accessed a lock!
[20:18:02] Player (rastanator, 76561198035432577)(<8256.940430, 353.342041, 7021.807617>) quick accessed a lock!
[20:19:08] Player (HnyBee, 76561198967138934)(<3696.249268, 208.265701, 13343.520508>) quick accessed a lock!
[20:26:32] Player (rastanator, 76561198035432577)(<8254.660156, 353.420349, 7027.582031>) quick accessed a lock!
[20:34:34] Player (rastanator, 76561198035432577)(<8254.660156, 353.420349, 7027.582031>) quick accessed a lock!
[20:39:43] Player (rastanator, 76561198035432577)(<8248.746094, 353.090576, 7027.941895>) quick accessed a lock!
[20:43:18] Player (rastanator, 76561198035432577)(<8254.660156, 353.420349, 7027.582031>) quick accessed a lock!
[20:43:38] Player (rastanator, 76561198035432577)(<8256.940430, 353.342041, 7021.807617>) quick accessed a lock!
[21:00:38] Player (grizzly bear, 76561198839448946)(<6552.541504, 337.658264, 9314.689453>) quick accessed a lock!
[21:00:48] Player (grizzly bear, 76561198839448946)(<6546.098633, 337.521759, 9307.002930>) quick accessed a lock!
[21:02:36] Player (Toppskillz, 76561198143912910)(<6558.626953, 337.750977, 9319.615234>) quick accessed a lock!
[21:03:51] Player (frenchy, 76561198969225016)(<6539.277344, 334.770752, 9318.540039>) quick accessed a lock!
[21:08:06] Player (Toppskillz, 76561198143912910)(<6558.626953, 337.750977, 9319.615234>) quick accessed a lock!
[21:09:09] Player (grizzly bear, 76561198839448946)(<6546.098633, 337.521759, 9307.002930>) quick accessed a lock!
[21:09:24] Player (frenchy, 76561198969225016)(<6552.541504, 337.658264, 9314.689453>) quick accessed a lock!
[21:14:27] Player (grizzly bear, 76561198839448946)(<6546.098633, 337.521759, 9307.002930>) quick accessed a lock!
[21:14:51] Player (grizzly bear, 76561198839448946)(<6546.098633, 337.521759, 9307.002930>) quick accessed a lock!
[21:15:18] Player (grizzly bear, 76561198839448946)(<6539.277344, 334.770752, 9318.540039>) quick accessed a lock!
[21:16:53] Player (Toppskillz, 76561198143912910)(<6558.626953, 337.750977, 9319.615234>) quick accessed a lock!
[21:40:48] Player (Jordan, 76561198999593356)(<4073.893311, 295.269257, 7275.131348>) quick accessed a lock!
[21:43:02] Player (Prophecy, 76561198990415902)(<5255.014648, 306.032227, 5502.494629>) quick accessed a lock!
[21:43:09] Player (Prophecy, 76561198990415902)(<5269.379883, 306.578033, 5508.738770>) quick accessed a lock!
[21:44:45] Player (Jordan, 76561198999593356)(<4065.584717, 295.269257, 7285.564941>) quick accessed a lock!
[21:45:02] Player (Jordan, 76561198999593356)(<4061.510254, 298.209839, 7283.538086>) quick accessed a lock!
[21:45:40] Player (Jordan, 76561198999593356)(<4065.584717, 295.269257, 7285.564941>) quick accessed a lock!
[21:53:53] Player (Jordan, 76561198999593356)(<4065.584717, 295.269257, 7285.564941>) quick accessed a lock!
[03-22-2021][22.01.15] Log file reloaded ( Server Restart )
[22:16:18] Player (Jordan, 76561198999593356)(<4065.584717, 295.269257, 7285.564941>) quick accessed a lock!
[22:16:27] Player (Jordan, 76561198999593356)(<4064.529785, 295.269257, 7276.199707>) quick accessed a lock!
[22:16:41] Player (Korwiin, 76561198013080573)(<3187.485352, 345.436005, 7451.891113>) quick accessed a lock!
[22:16:53] Player (Korwiin, 76561198013080573)(<3187.485352, 345.436005, 7451.891113>) quick accessed a lock!
[22:26:41] Player (frenchy, 76561198969225016)(<6543.575684, 335.003296, 9327.412109>) quick accessed a lock!
[22:26:47] Player (frenchy, 76561198969225016)(<6546.868164, 335.189972, 9330.886719>) quick accessed a lock!
[22:27:09] Player (Magnetschaedel, 76561198006594084)(<5066.593750, 290.788361, 6230.539063>) quick accessed a lock!
[22:27:27] Player (grizzly bear, 76561198839448946)(<6546.098633, 337.521759, 9307.002930>) quick accessed a lock!
[22:32:02] Player (Magnetschaedel, 76561198006594084)(<5059.447266, 288.864899, 6235.863281>) quick accessed a lock!
[22:34:22] Player (grizzly bear, 76561198839448946)(<6539.277344, 334.770752, 9318.540039>) quick accessed a lock!
[22:35:24] Player (grizzly bear, 76561198839448946)(<6546.098633, 337.521759, 9307.002930>) quick accessed a lock!
[22:36:13] Player (frenchy, 76561198969225016)(<6552.541504, 337.658264, 9314.689453>) quick accessed a lock!
[22:38:13] Player (Magnetschaedel, 76561198006594084)(<5042.893066, 290.121704, 6246.572266>) quick accessed a lock!
[22:50:59] Player (Emil, 76561198366372210)(<5725.880371, 225.350006, 6280.429688>) quick accessed a lock!
[22:51:46] Player (Emil, 76561198366372210)(<5715.798340, 226.562149, 6284.931152>) quick accessed a lock!
[22:52:13] Player (Emil, 76561198366372210)(<5725.880371, 225.350006, 6280.429688>) quick accessed a lock!
[23:24:41] Player (Helmut Lootie, 76561198065413312)(<3697.718750, 305.022583, 8241.563477>) quick accessed a lock!
[23:25:21] Player (Helmut Lootie, 76561198065413312)(<3697.718750, 305.022583, 8241.563477>) quick accessed a lock!
[23:25:27] Player (Helmut Lootie, 76561198065413312)(<3702.595459, 305.019165, 8257.460938>) quick accessed a lock!
[23:38:51] Player (Jordan, 76561198999593356)(<4073.893311, 295.269257, 7275.131348>) quick accessed a lock!
[23:38:58] Player (Jordan, 76561198999593356)(<4064.529785, 295.269257, 7276.199707>) quick accessed a lock!
[23:39:07] Player (Jordan, 76561198999593356)(<4065.584717, 295.269257, 7285.564941>) quick accessed a lock!
[23:43:55] Player (Jordan, 76561198999593356)(<4065.584717, 295.269257, 7285.564941>) quick accessed a lock!
[23:44:01] Player (Jordan, 76561198999593356)(<4064.529785, 295.269257, 7276.199707>) quick accessed a lock!
[23:44:07] Player (Jordan, 76561198999593356)(<4073.893311, 295.269257, 7275.131348>) quick accessed a lock!
[23:44:43] Player (Jordan, 76561198999593356)(<4073.893311, 295.269257, 7275.131348>) quick accessed a lock!
[23:44:56] Player (Jordan, 76561198999593356)(<4064.529785, 295.269257, 7276.199707>) quick accessed a lock!
[23:45:03] Player (Jordan, 76561198999593356)(<4065.584717, 295.269257, 7285.564941>) quick accessed a lock!
[23:45:28] Player (Jordan, 76561198999593356)(<4065.584717, 295.269257, 7285.564941>) quick accessed a lock!
[23:47:14] Player (Jordan, 76561198999593356)(<4061.510254, 298.209839, 7283.538086>) quick accessed a lock!
[23:47:17] Player (Jordan, 76561198999593356)(<4064.529785, 295.269257, 7276.199707>) quick accessed a lock!
[23:47:21] Player (Jordan, 76561198999593356)(<4073.893311, 295.269257, 7275.131348>) quick accessed a lock!
[23:51:22] Player (Korwiin, 76561198013080573)(<3187.485352, 345.436005, 7451.891113>) quick accessed a lock!
[23:53:58] Player (Emil, 76561198366372210)(<5715.798340, 226.562149, 6284.931152>) quick accessed a lock!
[23:54:43] Player (Emil, 76561198366372210)(<5725.880371, 225.350006, 6280.429688>) quick accessed a lock!
[23:57:10] Player (Jordan, 76561198999593356)(<4065.584717, 295.269257, 7285.564941>) quick accessed a lock!
[23:57:43] Player (Magnetschaedel, 76561198006594084)(<5042.893066, 290.121704, 6246.572266>) quick accessed a lock!
[23:58:17] Player (Emil, 76561198366372210)(<5715.798340, 226.562149, 6284.931152>) quick accessed a lock!
[00:00:30] Player (Jordan, 76561198999593356)(<4065.584717, 295.269257, 7285.564941>) quick accessed a lock!
[00:00:33] Player (Jordan, 76561198999593356)(<4064.529785, 295.269257, 7276.199707>) quick accessed a lock!
[00:00:39] Player (Jordan, 76561198999593356)(<4073.893311, 295.269257, 7275.131348>) quick accessed a lock!
[00:01:13] Player (Emil, 76561198366372210)(<5715.798340, 226.562149, 6284.931152>) quick accessed a lock!
[00:03:13] Player (Helmut Lootie, 76561198065413312)(<3697.718750, 305.022583, 8241.563477>) quick accessed a lock!
[00:03:20] Player (Helmut Lootie, 76561198065413312)(<3702.595459, 305.019165, 8257.460938>) quick accessed a lock!
[00:05:15] Player (Helmut Lootie, 76561198065413312)(<3697.718750, 305.022583, 8241.563477>) quick accessed a lock!
[01:10:27] Player (Helmut Lootie, 76561198065413312)(<3697.718750, 305.022583, 8241.563477>) quick accessed a lock!
[01:10:43] Player (Helmut Lootie, 76561198065413312)(<3702.595459, 305.019165, 8257.460938>) quick accessed a lock!
[01:14:14] Player (Helmut Lootie, 76561198065413312)(<3702.595459, 305.019165, 8257.460938>) quick accessed a lock!
[01:15:53] Player (Helmut Lootie, 76561198065413312)(<3697.718750, 305.022583, 8241.563477>) quick accessed a lock!
[01:25:36] Player (Korwiin, 76561198013080573)(<3187.485352, 345.436005, 7451.891113>) quick accessed a lock!
