[03-16-2021][02.01.33] New Access Log File Created!
[02:04:01] Player (frenchy, 76561198969225016)(<6552.541504, 337.658264, 9314.689453>) quick accessed a lock!
[02:04:24] Player (Helmut Lootie, 76561198065413312)(<3719.772705, 305.302094, 8236.056641>) quick accessed a lock!
[02:04:39] Player (Helmut Lootie, 76561198065413312)(<3697.718750, 305.022583, 8241.563477>) quick accessed a lock!
[02:05:38] Player (Jordan, 76561198999593356)(<4055.655273, 298.210052, 7282.211914>) quick accessed a lock!
[02:10:12] Player (Helmut Lootie, 76561198065413312)(<3711.371826, 305.015656, 8279.054688>) quick accessed a lock!
[02:12:27] Player (Helmut Lootie, 76561198065413312)(<3697.718750, 305.022583, 8241.563477>) quick accessed a lock!
[02:13:45] Player (Jordan, 76561198999593356)(<4058.673340, 295.269470, 7274.879395>) quick accessed a lock!
[02:15:24] Player (Jordan, 76561198999593356)(<4058.673340, 295.269470, 7274.879395>) quick accessed a lock!
[02:16:32] Player (Korwiin, 76561198013080573)(<3711.371826, 305.015656, 8279.054688>) quick accessed a lock!
[02:16:50] Player (Jordan, 76561198999593356)(<4073.893311, 295.269257, 7275.131348>) quick accessed a lock!
[02:16:54] Player (Jordan, 76561198999593356)(<4073.893311, 295.269257, 7275.131348>) quick accessed a lock!
[02:17:33] Player (Jordan, 76561198999593356)(<4073.893311, 295.269257, 7275.131348>) quick accessed a lock!
[02:17:38] Player (Jordan, 76561198999593356)(<4058.673340, 295.269470, 7274.879395>) quick accessed a lock!
[02:19:45] Player (rastanator, 76561198035432577)(<8248.746094, 353.090576, 7027.941895>) set a new passcode on lock!
[02:19:45] Player (rastanator, 76561198035432577)(<8248.746094, 353.090576, 7027.941895>) claimed ownership of a lock!
[02:21:03] Player (rastanator, 76561198035432577)(<8248.746094, 353.090576, 7027.941895>) quick accessed a lock!
[02:22:52] Player (Korwiin, 76561198013080573)(<3702.595459, 305.019165, 8257.460938>) quick accessed a lock!
[02:24:32] Player (Korwiin, 76561198013080573)(<3705.060547, 305.019165, 8262.931641>) quick accessed a lock!
[02:24:59] Player (Korwiin, 76561198013080573)(<3702.595459, 305.019165, 8257.460938>) quick accessed a lock!
[02:27:35] Player (Korwiin, 76561198013080573)(<3702.595459, 305.019165, 8257.460938>) quick accessed a lock!
[02:28:07] Player (rastanator, 76561198035432577)(<8248.746094, 353.090576, 7027.941895>) quick accessed a lock!
[02:31:49] Player (Helmut Lootie, 76561198065413312)(<3705.060547, 305.019165, 8262.931641>) quick accessed a lock!
[02:33:31] Player (Helmut Lootie, 76561198065413312)(<3711.371826, 305.015656, 8279.054688>) quick accessed a lock!
[02:37:21] Player (Korwiin, 76561198013080573)(<3702.595459, 305.019165, 8257.460938>) quick accessed a lock!
[02:41:23] Player (Korwiin, 76561198013080573)(<3705.060547, 305.019165, 8262.931641>) quick accessed a lock!
[02:47:26] Player (rastanator, 76561198035432577)(<8255.325195, 354.292114, 7013.197266>) quick accessed a lock!
[02:52:51] Player (Korwiin, 76561198013080573)(<3705.060547, 305.019165, 8262.931641>) quick accessed a lock!
[02:53:24] Player (Korwiin, 76561198013080573)(<3702.595459, 305.019165, 8257.460938>) quick accessed a lock!
[02:55:07] Player (Korwiin, 76561198013080573)(<3719.772705, 305.302094, 8236.056641>) quick accessed a lock!
[02:59:12] Player (Korwiin, 76561198013080573)(<3702.595459, 305.019165, 8257.460938>) quick accessed a lock!
[03:01:08] Player (Korwiin, 76561198013080573)(<3702.595459, 305.019165, 8257.460938>) quick accessed a lock!
[03:01:30] Player (Korwiin, 76561198013080573)(<3705.060547, 305.019165, 8262.931641>) quick accessed a lock!
[03:01:33] Player (rastanator, 76561198035432577)(<8255.325195, 354.292114, 7013.197266>) quick accessed a lock!
[03:03:40] Player (Korwiin, 76561198013080573)(<3697.718750, 305.022583, 8241.563477>) quick accessed a lock!
[03:10:37] Player (Jordan, 76561198999593356)(<4073.893311, 295.269257, 7275.131348>) quick accessed a lock!
[03:10:52] Player (Jordan, 76561198999593356)(<4058.673340, 295.269470, 7274.879395>) quick accessed a lock!
[03:13:38] Player (Helmut Lootie, 76561198065413312)(<3697.718750, 305.022583, 8241.563477>) quick accessed a lock!
[03:19:42] Player (Jordan, 76561198999593356)(<4073.893311, 295.269257, 7275.131348>) quick accessed a lock!
[03:21:38] Player (Jordan, 76561198999593356)(<4073.893311, 295.269257, 7275.131348>) quick accessed a lock!
[03:23:37] Player (Jordan, 76561198999593356)(<4058.673340, 295.269470, 7274.879395>) quick accessed a lock!
[03:23:54] Player (Jordan, 76561198999593356)(<4058.673340, 295.269470, 7274.879395>) quick accessed a lock!
[03:26:28] Player (Jordan, 76561198999593356)(<4058.673340, 295.269470, 7274.879395>) quick accessed a lock!
[03:26:32] Player (Jordan, 76561198999593356)(<4073.893311, 295.269257, 7275.131348>) quick accessed a lock!
[03:26:42] Player (Jordan, 76561198999593356)(<4073.893311, 295.269257, 7275.131348>) quick accessed a lock!
[03:27:12] Player (Jordan, 76561198999593356)(<4073.893311, 295.269257, 7275.131348>) quick accessed a lock!
[03:29:30] Player (Jordan, 76561198999593356)(<4073.893311, 295.269257, 7275.131348>) quick accessed a lock!
[03:47:46] Player (Jordan, 76561198999593356)(<4073.893311, 295.269257, 7275.131348>) quick accessed a lock!
[03:47:52] Player (Jordan, 76561198999593356)(<4058.673340, 295.269470, 7274.879395>) quick accessed a lock!
[03:48:07] Player (Jordan, 76561198999593356)(<4073.893311, 295.269257, 7275.131348>) quick accessed a lock!
[03:54:01] Player (Jordan, 76561198999593356)(<4055.655273, 298.210052, 7282.211914>) quick accessed a lock!
[03:56:02] Player (Jordan, 76561198999593356)(<4058.673340, 295.269470, 7274.879395>) quick accessed a lock!
[04:07:44] Player (Jordan, 76561198999593356)(<4058.673340, 295.269470, 7274.879395>) quick accessed a lock!
[04:07:52] Player (Jordan, 76561198999593356)(<4058.673340, 295.269470, 7274.879395>) quick accessed a lock!
[04:08:09] Player (Jordan, 76561198999593356)(<4058.673340, 295.269470, 7274.879395>) quick accessed a lock!
[04:08:13] Player (Jordan, 76561198999593356)(<4073.893311, 295.269257, 7275.131348>) quick accessed a lock!
[04:11:55] Player (Jordan, 76561198999593356)(<4058.673340, 295.269470, 7274.879395>) quick accessed a lock!
[04:14:29] Player (Jordan, 76561198999593356)(<4055.655273, 298.210052, 7282.211914>) quick accessed a lock!
[04:14:50] Player (Jordan, 76561198999593356)(<4061.214355, 298.227509, 7284.984863>) set a new passcode on lock!
[04:14:50] Player (Jordan, 76561198999593356)(<4061.214355, 298.227509, 7284.984863>) claimed ownership of a lock!
[04:14:58] Player (Jordan, 76561198999593356)(<4061.214355, 298.227509, 7284.984863>) quick accessed a lock!
[03-16-2021][06.01.08] Log file reloaded ( Server Restart )
[07:31:13] Player (PuMa, 76561198129278616)(<5767.541504, 321.655853, 7890.975586>) quick accessed a lock!
[08:09:48] Player (PuMa, 76561198129278616)(<5784.315430, 321.656067, 7897.572754>) quick accessed a lock!
[08:15:18] Player (PuMa, 76561198129278616)(<5777.222656, 324.595581, 7886.378418>) quick accessed a lock!
[08:15:31] Player (PuMa, 76561198129278616)(<5777.222656, 324.595581, 7886.378418>) quick accessed a lock!
[08:16:41] Player (PuMa, 76561198129278616)(<5767.541504, 321.655853, 7890.975586>) quick accessed a lock!
[08:16:46] Player (PuMa, 76561198129278616)(<5771.721680, 319.981079, 7896.771484>) quick accessed a lock!
[08:16:59] Player (PuMa, 76561198129278616)(<5777.135742, 319.912506, 7899.190430>) quick accessed a lock!
[08:33:36] Player (PuMa, 76561198129278616)(<5790.838379, 321.655212, 7881.000000>) quick accessed a lock!
[08:53:53] Player (PuMa, 76561198129278616)(<5790.838379, 321.655212, 7881.000000>) quick accessed a lock!
[09:06:00] Player (PuMa, 76561198129278616)(<5767.541504, 321.655853, 7890.975586>) quick accessed a lock!
[09:06:03] Player (PuMa, 76561198129278616)(<5767.541504, 321.655853, 7890.975586>) quick accessed a lock!
[09:06:04] Player (PuMa, 76561198129278616)(<5767.541504, 321.655853, 7890.975586>) quick accessed a lock!
[09:06:07] Player (PuMa, 76561198129278616)(<5771.721680, 319.981079, 7896.771484>) quick accessed a lock!
[09:11:32] Player (PuMa, 76561198129278616)(<5767.541504, 321.655853, 7890.975586>) quick accessed a lock!
[09:11:36] Player (PuMa, 76561198129278616)(<5777.135742, 319.912506, 7899.190430>) quick accessed a lock!
[09:12:59] Player (PuMa, 76561198129278616)(<5777.135742, 319.912506, 7899.190430>) quick accessed a lock!
[03-16-2021][10.01.17] Log file reloaded ( Server Restart )
[10:55:13] Player (frenchy, 76561198969225016)(<6552.541504, 337.658264, 9314.689453>) quick accessed a lock!
[10:55:55] Player (frenchy, 76561198969225016)(<6546.868164, 335.189972, 9330.886719>) quick accessed a lock!
[10:58:51] Player (frenchy, 76561198969225016)(<6539.277344, 334.770752, 9318.540039>) quick accessed a lock!
[11:10:17] Player (frenchy, 76561198969225016)(<6539.277344, 334.770752, 9318.540039>) quick accessed a lock!
[11:16:29] Player (frenchy, 76561198969225016)(<6539.277344, 334.770752, 9318.540039>) quick accessed a lock!
[11:17:03] Player (frenchy, 76561198969225016)(<6543.575684, 335.003296, 9327.412109>) quick accessed a lock!
[11:17:32] Player (frenchy, 76561198969225016)(<6546.868164, 335.189972, 9330.886719>) quick accessed a lock!
[11:18:21] Player (frenchy, 76561198969225016)(<6550.174316, 335.422028, 9334.314453>) quick accessed a lock!
[11:18:54] Player (frenchy, 76561198969225016)(<6539.277344, 334.770752, 9318.540039>) quick accessed a lock!
[11:23:29] Player (frenchy, 76561198969225016)(<6543.575684, 335.003296, 9327.412109>) quick accessed a lock!
[11:30:38] Player (Helmut Lootie, 76561198065413312)(<3697.718750, 305.022583, 8241.563477>) quick accessed a lock!
[11:33:32] Player (frenchy, 76561198969225016)(<6552.541504, 337.658264, 9314.689453>) quick accessed a lock!
[11:35:31] Player (Helmut Lootie, 76561198065413312)(<3702.595459, 305.019165, 8257.460938>) quick accessed a lock!
[11:36:55] Player (Helmut Lootie, 76561198065413312)(<3705.060547, 305.019165, 8262.931641>) quick accessed a lock!
[11:39:57] Player (frenchy, 76561198969225016)(<6550.174316, 335.422028, 9334.314453>) quick accessed a lock!
[11:40:30] Player (frenchy, 76561198969225016)(<6546.868164, 335.189972, 9330.886719>) quick accessed a lock!
[11:41:27] Player (frenchy, 76561198969225016)(<6543.575684, 335.003296, 9327.412109>) quick accessed a lock!
[11:41:47] Player (frenchy, 76561198969225016)(<6539.277344, 334.770752, 9318.540039>) quick accessed a lock!
[11:42:18] Player (Helmut Lootie, 76561198065413312)(<3697.718750, 305.022583, 8241.563477>) quick accessed a lock!
[11:55:51] Player (Helmut Lootie, 76561198065413312)(<3697.718750, 305.022583, 8241.563477>) quick accessed a lock!
[11:57:32] Player (Helmut Lootie, 76561198065413312)(<3691.996826, 304.166504, 8254.534180>) quick accessed a lock!
[11:58:05] Player (Helmut Lootie, 76561198065413312)(<3697.718750, 305.022583, 8241.563477>) quick accessed a lock!
[11:58:21] Player (Helmut Lootie, 76561198065413312)(<3691.996826, 304.166504, 8254.534180>) quick accessed a lock!
[11:58:51] Player (Helmut Lootie, 76561198065413312)(<3705.060547, 305.019165, 8262.931641>) quick accessed a lock!
[12:05:55] Player (Helmut Lootie, 76561198065413312)(<3711.371826, 305.015656, 8279.054688>) quick accessed a lock!
[12:08:46] Player (Helmut Lootie, 76561198065413312)(<3697.718750, 305.022583, 8241.563477>) quick accessed a lock!
[12:41:22] Player (PuMa, 76561198129278616)(<5777.222656, 324.595581, 7886.378418>) quick accessed a lock!
[13:12:52] Player (PuMa, 76561198129278616)(<5771.721680, 319.981079, 7896.771484>) quick accessed a lock!
[13:23:00] Player (PuMa, 76561198129278616)(<5767.541504, 321.655853, 7890.975586>) quick accessed a lock!
[13:24:18] Player (PuMa, 76561198129278616)(<5784.315430, 321.656067, 7897.572754>) quick accessed a lock!
[13:29:22] Player (frenchy, 76561198969225016)(<6552.541504, 337.658264, 9314.689453>) quick accessed a lock!
[13:35:07] Player (PuMa, 76561198129278616)(<5767.541504, 321.655853, 7890.975586>) quick accessed a lock!
[13:35:12] Player (PuMa, 76561198129278616)(<5777.135742, 319.912506, 7899.190430>) quick accessed a lock!
[13:37:54] Player (PuMa, 76561198129278616)(<5784.315430, 321.656067, 7897.572754>) quick accessed a lock!
[13:46:38] Player (PuMa, 76561198129278616)(<5777.135742, 319.912506, 7899.190430>) quick accessed a lock!
[13:52:28] Player (frenchy, 76561198969225016)(<6539.277344, 334.770752, 9318.540039>) quick accessed a lock!
[13:55:19] Player (frenchy, 76561198969225016)(<6539.277344, 334.770752, 9318.540039>) quick accessed a lock!
[03-16-2021][14.01.12] Log file reloaded ( Server Restart )
[14:07:05] Player (frenchy, 76561198969225016)(<6543.575684, 335.003296, 9327.412109>) quick accessed a lock!
[14:11:03] Player (frenchy, 76561198969225016)(<6539.277344, 334.770752, 9318.540039>) quick accessed a lock!
[14:17:37] Player (frenchy, 76561198969225016)(<6539.277344, 334.770752, 9318.540039>) quick accessed a lock!
[14:22:44] Player (frenchy, 76561198969225016)(<6546.868164, 335.189972, 9330.886719>) quick accessed a lock!
[14:23:43] Player (Helmut Lootie, 76561198065413312)(<3711.371826, 305.015656, 8279.054688>) quick accessed a lock!
[14:24:01] Player (Helmut Lootie, 76561198065413312)(<3697.718750, 305.022583, 8241.563477>) quick accessed a lock!
[14:24:08] Player (Helmut Lootie, 76561198065413312)(<3719.772705, 305.302094, 8236.056641>) quick accessed a lock!
[14:27:09] Player (Helmut Lootie, 76561198065413312)(<3711.371826, 305.015656, 8279.054688>) quick accessed a lock!
[14:28:26] Player (frenchy, 76561198969225016)(<6539.277344, 334.770752, 9318.540039>) quick accessed a lock!
[14:29:25] Player (Helmut Lootie, 76561198065413312)(<3697.718750, 305.022583, 8241.563477>) quick accessed a lock!
[16:10:32] Player (Luger Kain, 76561197999585420)(<6358.814941, 7.302189, 2261.852051>) quick accessed a lock!
[16:47:14] Player (Kman, 76561198409429326)(<4054.951904, 299.108948, 7148.487305>) quick accessed a lock!
[16:47:20] Player (Kman, 76561198409429326)(<4054.951904, 299.108948, 7148.487305>) quick accessed a lock!
[16:50:43] Player (Kman, 76561198409429326)(<4054.951904, 299.108948, 7148.487305>) quick accessed a lock!
[16:52:19] Player (Kman, 76561198409429326)(<4054.951904, 299.108948, 7148.487305>) quick accessed a lock!
[16:52:23] Player (Kman, 76561198409429326)(<4054.951904, 299.108948, 7148.487305>) quick accessed a lock!
[16:52:27] Player (Kman, 76561198409429326)(<4054.951904, 299.108948, 7148.487305>) quick accessed a lock!
[16:52:59] Player (Le chinois(Fr), 76561198041337034)(<9887.975586, 68.464325, 13859.181641>) quick accessed a lock!
[17:13:14] Player (grizzly bear, 76561198839448946)(<6546.098633, 337.521759, 9307.002930>) quick accessed a lock!
[17:13:53] Player (grizzly bear, 76561198839448946)(<6546.098633, 337.521759, 9307.002930>) quick accessed a lock!
[17:14:18] Player (grizzly bear, 76561198839448946)(<6546.868164, 335.189972, 9330.886719>) quick accessed a lock!
[17:24:45] Player (NicFit, 76561198086129271)(<6931.692383, 66.978699, 3704.374268>) quick accessed a lock!
[17:24:50] Player (NicFit, 76561198086129271)(<6931.692383, 66.978699, 3704.374268>) quick accessed a lock!
[17:25:04] Player (NicFit, 76561198086129271)(<6930.551758, 66.997383, 3709.342773>) quick accessed a lock!
[17:25:39] Player (NicFit, 76561198086129271)(<6940.228027, 60.961956, 3705.061768>) quick accessed a lock!
[17:25:47] Player (NicFit, 76561198086129271)(<6937.594238, 58.649269, 3680.769775>) quick accessed a lock!
[17:26:01] Player (grizzly bear, 76561198839448946)(<6546.098633, 337.521759, 9307.002930>) quick accessed a lock!
[17:26:24] Player (grizzly bear, 76561198839448946)(<6558.626953, 337.750977, 9319.615234>) quick accessed a lock!
[17:26:25] Player (frenchy, 76561198969225016)(<6550.174316, 335.422028, 9334.314453>) quick accessed a lock!
[17:28:10] Player (frenchy, 76561198969225016)(<6539.277344, 334.770752, 9318.540039>) quick accessed a lock!
[17:28:55] Player (NicFit, 76561198086129271)(<6940.228027, 60.961956, 3705.061768>) quick accessed a lock!
[17:33:03] Player (grizzly bear, 76561198839448946)(<6539.277344, 334.770752, 9318.540039>) quick accessed a lock!
[17:38:27] Player (grizzly bear, 76561198839448946)(<6539.277344, 334.770752, 9318.540039>) quick accessed a lock!
[17:41:26] Player (frenchy, 76561198969225016)(<6552.541504, 337.658264, 9314.689453>) quick accessed a lock!
[17:43:00] Player (NicFit, 76561198086129271)(<6954.129883, 56.568375, 3693.047363>) quick accessed a lock!
[17:50:25] Player (frenchy, 76561198969225016)(<6550.174316, 335.422028, 9334.314453>) quick accessed a lock!
[17:50:47] Player (frenchy, 76561198969225016)(<6546.868164, 335.189972, 9330.886719>) quick accessed a lock!
[17:51:14] Player (NicFit, 76561198086129271)(<6954.129883, 56.568375, 3693.047363>) quick accessed a lock!
[17:51:41] Player (NicFit, 76561198086129271)(<6954.129883, 56.568375, 3693.047363>) quick accessed a lock!
[17:51:51] Player (NicFit, 76561198086129271)(<6931.692383, 66.978699, 3704.374268>) quick accessed a lock!
[17:52:22] Player (NicFit, 76561198086129271)(<6954.129883, 56.568375, 3693.047363>) quick accessed a lock!
[17:54:40] Player (NicFit, 76561198086129271)(<6940.228027, 60.961956, 3705.061768>) quick accessed a lock!
[17:54:53] Player (NicFit, 76561198086129271)(<6931.586914, 56.861805, 3686.584473>) quick accessed a lock!
[17:57:51] Player (NicFit, 76561198086129271)(<6931.586914, 56.861805, 3686.584473>) quick accessed a lock!
[17:58:01] Player (NicFit, 76561198086129271)(<6940.228027, 60.961956, 3705.061768>) quick accessed a lock!
[17:58:52] Player (frenchy, 76561198969225016)(<6539.277344, 334.770752, 9318.540039>) quick accessed a lock!
[03-16-2021][18.01.21] Log file reloaded ( Server Restart )
[18:04:01] Player (Helmut Lootie, 76561198065413312)(<3711.371826, 305.015656, 8279.054688>) quick accessed a lock!
[18:04:58] Player (Helmut Lootie, 76561198065413312)(<3697.718750, 305.022583, 8241.563477>) quick accessed a lock!
[03-16-2021][18.06.58] Log file reloaded ( Server Restart )
[18:13:20] Player (frenchy, 76561198969225016)(<6539.277344, 334.770752, 9318.540039>) quick accessed a lock!
[18:13:29] Player (NicFit, 76561198086129271)(<6940.228027, 60.961956, 3705.061768>) quick accessed a lock!
[18:15:23] Player (NicFit, 76561198086129271)(<6954.129883, 56.568375, 3693.047363>) quick accessed a lock!
[18:15:34] Player (frenchy, 76561198969225016)(<6552.541504, 337.658264, 9314.689453>) quick accessed a lock!
[18:31:12] Player (grizzly bear, 76561198839448946)(<6546.868164, 335.189972, 9330.886719>) quick accessed a lock!
[18:32:07] Player (grizzly bear, 76561198839448946)(<6543.575684, 335.003296, 9327.412109>) quick accessed a lock!
[18:32:09] Player (frenchy, 76561198969225016)(<6550.174316, 335.422028, 9334.314453>) quick accessed a lock!
[18:44:26] Player (GlyphJas, 76561198121310952)(<6527.522461, 387.563263, 5581.287109>) accessed a lock!
[18:44:26] Player (GlyphJas, 76561198121310952)(<6527.522461, 387.563263, 5581.287109>) was added as a guest of a lock!
[18:46:20] Player (quadlock, 76561198162344833)(<6547.820801, 393.913513, 5598.946289>) quick accessed a lock!
[18:46:20] Player (GlyphJas, 76561198121310952)(<6547.820801, 393.913513, 5598.946289>) accessed a lock!
[18:46:20] Player (GlyphJas, 76561198121310952)(<6547.820801, 393.913513, 5598.946289>) was added as a guest of a lock!
[18:46:22] Player (GlyphJas, 76561198121310952)(<6547.820801, 393.913513, 5598.946289>) quick accessed a lock!
[18:46:25] Player (quadlock, 76561198162344833)(<6547.820801, 393.913513, 5598.946289>) quick accessed a lock!
[18:54:44] Player (GlyphJas, 76561198121310952)(<6547.820801, 393.913513, 5598.946289>) quick accessed a lock!
[18:57:35] Player (GlyphJas, 76561198121310952)(<6527.522461, 387.563263, 5581.287109>) quick accessed a lock!
[19:04:37] Player (gokayen, 76561198396489573)(<6527.522461, 387.563263, 5581.287109>) accessed a lock!
[19:04:37] Player (gokayen, 76561198396489573)(<6527.522461, 387.563263, 5581.287109>) was added as a guest of a lock!
[03-16-2021][19.17.49] Log file reloaded ( Server Restart )
[19:21:33] Player (Prophecy, 76561198990415902)(<5268.548340, 306.574585, 5517.510742>) quick accessed a lock!
[19:28:28] Player (Helmut Lootie, 76561198065413312)(<3697.718750, 305.022583, 8241.563477>) quick accessed a lock!
[19:28:33] Player (Helmut Lootie, 76561198065413312)(<3697.718750, 305.022583, 8241.563477>) quick accessed a lock!
[19:35:40] Player (gokayen, 76561198396489573)(<6527.522461, 387.563263, 5581.287109>) quick accessed a lock!
[19:36:22] Player (Helmut Lootie, 76561198065413312)(<3711.371826, 305.015656, 8279.054688>) quick accessed a lock!
[03-16-2021][19.39.59] Log file reloaded ( Server Restart )
[19:41:09] Player (Prophecy, 76561198990415902)(<5268.548340, 306.574585, 5517.510742>) quick accessed a lock!
[19:43:34] Player (MissionHades, 76561199101605101)(<1528.254517, 277.570496, 12012.386719>) quick accessed a lock!
[19:43:55] Player (MissionHades, 76561199101605101)(<1517.586426, 279.136688, 12029.351563>) quick accessed a lock!
[19:45:04] Player (Helmut Lootie, 76561198065413312)(<3711.371826, 305.015656, 8279.054688>) quick accessed a lock!
[19:53:53] Player (MissionHades, 76561199101605101)(<1528.254517, 277.570496, 12012.386719>) quick accessed a lock!
[19:54:26] Player (Luger Kain, 76561197999585420)(<6358.814941, 7.302189, 2261.852051>) quick accessed a lock!
[19:59:17] Player (Prophecy, 76561198990415902)(<5255.075684, 306.017731, 5502.657715>) quick accessed a lock!
[19:59:32] Player (MissionHades, 76561199101605101)(<1528.254517, 277.570496, 12012.386719>) quick accessed a lock!
[20:00:34] Player (MissionHades, 76561199101605101)(<1528.254517, 277.570496, 12012.386719>) quick accessed a lock!
[20:12:03] Player (Magnetschaedel, 76561198006594084)(<5066.593750, 290.788361, 6230.539063>) quick accessed a lock!
[20:12:09] Player (Magnetschaedel, 76561198006594084)(<5067.030762, 288.880005, 6242.859863>) quick accessed a lock!
[20:12:12] Player (Magnetschaedel, 76561198006594084)(<5066.520996, 288.879456, 6247.917480>) quick accessed a lock!
[20:13:49] Player (Magnetschaedel, 76561198006594084)(<5059.447266, 288.864899, 6235.863281>) quick accessed a lock!
[20:15:53] Player (Magnetschaedel, 76561198006594084)(<5042.893066, 290.121704, 6246.572266>) quick accessed a lock!
[20:18:27] Player (Magnetschaedel, 76561198006594084)(<5065.988770, 288.874664, 6253.040527>) quick accessed a lock!
[20:23:44] Player (Magnetschaedel, 76561198006594084)(<5067.030762, 288.880005, 6242.859863>) quick accessed a lock!
[20:23:59] Player (Prophecy, 76561198990415902)(<5268.548340, 306.574585, 5517.510742>) quick accessed a lock!
[20:36:10] Player (MissionHades, 76561199101605101)(<1517.586426, 279.136688, 12029.351563>) quick accessed a lock!
[20:41:24] Player (MissionHades, 76561199101605101)(<1528.254517, 277.570496, 12012.386719>) quick accessed a lock!
[20:42:55] Player (NicFit, 76561198086129271)(<6931.586914, 56.861805, 3686.584473>) quick accessed a lock!
[20:43:01] Player (MissionHades, 76561199101605101)(<1517.586426, 279.136688, 12029.351563>) quick accessed a lock!
[20:43:49] Player (NicFit, 76561198086129271)(<6940.228027, 60.961956, 3705.061768>) quick accessed a lock!
[20:46:52] Player (MissionHades, 76561199101605101)(<1555.979004, 277.394226, 11951.742188>) quick accessed a lock!
[20:48:42] Player (Wolfy333sp, 76561198029161718)(<4637.123535, 345.079956, 5572.428711>) quick accessed a lock!
[20:57:20] Player (Korwiin, 76561198013080573)(<3697.718750, 305.022583, 8241.563477>) quick accessed a lock!
[20:57:32] Player (Korwiin, 76561198013080573)(<3719.772705, 305.302094, 8236.056641>) quick accessed a lock!
[21:01:08] Player (Korwiin, 76561198013080573)(<3705.060547, 305.019165, 8262.931641>) quick accessed a lock!
[21:04:26] Player (Korwiin, 76561198013080573)(<3702.595459, 305.019165, 8257.460938>) quick accessed a lock!
[21:04:32] Player (Korwiin, 76561198013080573)(<3705.060547, 305.019165, 8262.931641>) quick accessed a lock!
[21:07:47] Player (quadlock, 76561198162344833)(<6527.522461, 387.563263, 5581.287109>) quick accessed a lock!
[21:09:20] Player (Helmut Lootie, 76561198065413312)(<3697.718750, 305.022583, 8241.563477>) quick accessed a lock!
[21:11:47] Player (quadlock, 76561198162344833)(<6547.820801, 393.913513, 5598.946289>) quick accessed a lock!
[21:11:56] Player (quadlock, 76561198162344833)(<6547.820801, 393.913513, 5598.946289>) quick accessed a lock!
[21:12:47] Player (quadlock, 76561198162344833)(<6527.522461, 387.563263, 5581.287109>) quick accessed a lock!
[21:13:49] Player (Prophecy, 76561198990415902)(<5255.075684, 306.017731, 5502.657715>) quick accessed a lock!
[21:14:29] Player (Wolfy333sp, 76561198029161718)(<4637.123535, 345.079956, 5572.428711>) quick accessed a lock!
[21:15:01] Player (Helmut Lootie, 76561198065413312)(<3697.718750, 305.022583, 8241.563477>) quick accessed a lock!
[21:16:05] Player (NicFit, 76561198086129271)(<6940.228027, 60.961956, 3705.061768>) quick accessed a lock!
[21:17:14] Player (Korwiin, 76561198013080573)(<3702.595459, 305.019165, 8257.460938>) quick accessed a lock!
[21:19:37] Player (Jordan, 76561198999593356)(<4058.673340, 295.269470, 7274.879395>) quick accessed a lock!
[21:19:43] Player (Jordan, 76561198999593356)(<4073.893311, 295.269257, 7275.131348>) quick accessed a lock!
[21:20:57] Player (Jordan, 76561198999593356)(<4055.655273, 298.210052, 7282.211914>) quick accessed a lock!
[21:23:03] Player (Helmut Lootie, 76561198065413312)(<3697.718750, 305.022583, 8241.563477>) quick accessed a lock!
[21:23:20] Player (Wolfy333sp, 76561198029161718)(<4630.604980, 345.086884, 5533.016602>) set a new passcode on lock!
[21:23:20] Player (Wolfy333sp, 76561198029161718)(<4630.604980, 345.086884, 5533.016602>) claimed ownership of a lock!
[21:28:41] Player (Magnetschaedel, 76561198006594084)(<5042.893066, 290.121704, 6246.572266>) quick accessed a lock!
[21:29:05] Player (Jordan, 76561198999593356)(<4061.214355, 298.227509, 7284.984863>) quick accessed a lock!
[21:29:21] Player (Magnetschaedel, 76561198006594084)(<5066.593750, 290.788361, 6230.539063>) quick accessed a lock!
[21:31:52] Player (NicFit, 76561198086129271)(<6940.228027, 60.961956, 3705.061768>) quick accessed a lock!
[21:33:06] Player (NicFit, 76561198086129271)(<6940.228027, 60.961956, 3705.061768>) quick accessed a lock!
[21:35:07] Player (Jordan, 76561198999593356)(<4058.673340, 295.269470, 7274.879395>) quick accessed a lock!
[21:36:55] Player (NicFit, 76561198086129271)(<6940.228027, 60.961956, 3705.061768>) quick accessed a lock!
[21:38:51] Player (NicFit, 76561198086129271)(<6940.228027, 60.961956, 3705.061768>) quick accessed a lock!
[21:40:22] Player (Jordan, 76561198999593356)(<4061.214355, 298.227509, 7284.984863>) removed a lock!
[21:47:32] Player (Helmut Lootie, 76561198065413312)(<3697.718750, 305.022583, 8241.563477>) quick accessed a lock!
[21:49:16] Player (Helmut Lootie, 76561198065413312)(<3702.595459, 305.019165, 8257.460938>) quick accessed a lock!
[21:50:38] Player (NicFit, 76561198086129271)(<6940.228027, 60.961956, 3705.061768>) quick accessed a lock!
[21:50:44] Player (NicFit, 76561198086129271)(<6940.228027, 60.961956, 3705.061768>) quick accessed a lock!
[21:51:48] Player (NicFit, 76561198086129271)(<6954.129883, 56.568375, 3693.047363>) quick accessed a lock!
[21:52:51] Player (NicFit, 76561198086129271)(<6931.692383, 66.978699, 3704.374268>) quick accessed a lock!
[21:54:39] Player (NicFit, 76561198086129271)(<6931.692383, 66.978699, 3704.374268>) quick accessed a lock!
[21:55:15] Player (NicFit, 76561198086129271)(<6931.692383, 66.978699, 3704.374268>) quick accessed a lock!
[21:56:48] Player (MissionHades, 76561199101605101)(<1513.985718, 277.839844, 12030.496094>) quick accessed a lock!
[21:57:33] Player (NicFit, 76561198086129271)(<6931.692383, 66.978699, 3704.374268>) quick accessed a lock!
[21:57:45] Player (NicFit, 76561198086129271)(<6930.551758, 66.997383, 3709.342773>) quick accessed a lock!
[03-16-2021][22.01.34] Log file reloaded ( Server Restart )
[22:03:51] Player (MissionHades, 76561199101605101)(<1517.586426, 279.136688, 12029.351563>) quick accessed a lock!
[22:07:12] Player (NicFit, 76561198086129271)(<6954.129883, 56.568375, 3693.047363>) quick accessed a lock!
[22:07:58] Player (Korwiin, 76561198013080573)(<3702.595459, 305.019165, 8257.460938>) quick accessed a lock!
[22:08:36] Player (Korwiin, 76561198013080573)(<3697.718750, 305.022583, 8241.563477>) quick accessed a lock!
[22:10:33] Player (Korwiin, 76561198013080573)(<3697.718750, 305.022583, 8241.563477>) quick accessed a lock!
[22:10:42] Player (Korwiin, 76561198013080573)(<3705.060547, 305.019165, 8262.931641>) quick accessed a lock!
[22:20:35] Player (Korwiin, 76561198013080573)(<3702.595459, 305.019165, 8257.460938>) quick accessed a lock!
[22:22:26] Player (Prophecy, 76561198990415902)(<5255.075684, 306.017731, 5502.657715>) quick accessed a lock!
[22:25:50] Player (Prophecy, 76561198990415902)(<5268.548340, 306.574585, 5517.510742>) quick accessed a lock!
[22:36:24] Player (Wolfy333sp, 76561198029161718)(<4637.123535, 345.079956, 5572.428711>) quick accessed a lock!
[22:50:00] Player (MissionHades, 76561199101605101)(<1570.815186, 277.380005, 11957.082031>) set a new passcode on lock!
[22:50:00] Player (MissionHades, 76561199101605101)(<1570.815186, 277.380005, 11957.082031>) claimed ownership of a lock!
[22:50:03] Player (MissionHades, 76561199101605101)(<1570.815186, 277.380005, 11957.082031>) quick accessed a lock!
[22:51:33] Player (Prophecy, 76561198990415902)(<5255.075684, 306.017731, 5502.657715>) quick accessed a lock!
[22:52:32] Player (NicFit, 76561198086129271)(<6954.129883, 56.568375, 3693.047363>) quick accessed a lock!
[22:59:34] Player (Helmut Lootie, 76561198065413312)(<3697.718750, 305.022583, 8241.563477>) quick accessed a lock!
[23:00:12] Player (NicFit, 76561198086129271)(<6940.228027, 60.961956, 3705.061768>) quick accessed a lock!
[23:04:08] Player (NicFit, 76561198086129271)(<6934.527344, 56.750614, 3674.505615>) quick accessed a lock!
[23:04:56] Player (MissionHades, 76561199101605101)(<1558.675171, 277.254395, 11959.323242>) set a new passcode on lock!
[23:04:56] Player (MissionHades, 76561199101605101)(<1558.675171, 277.254395, 11959.323242>) claimed ownership of a lock!
[23:05:06] Player (MissionHades, 76561199101605101)(<1555.979004, 277.394226, 11951.742188>) quick accessed a lock!
[23:05:26] Player (MissionHades, 76561199101605101)(<1558.675171, 277.254395, 11959.323242>) quick accessed a lock!
[23:05:36] Player (MissionHades, 76561199101605101)(<1555.979004, 277.394226, 11951.742188>) quick accessed a lock!
[23:08:45] Player (MissionHades, 76561199101605101)(<1558.675171, 277.254395, 11959.323242>) quick accessed a lock!
[23:20:32] Player (Luger Kain, 76561197999585420)(<6358.814941, 7.302189, 2261.852051>) quick accessed a lock!
[23:22:49] Player (Luger Kain, 76561197999585420)(<6357.217285, 6.090051, 2264.539795>) set a new passcode on lock!
[23:22:49] Player (Luger Kain, 76561197999585420)(<6357.217285, 6.090051, 2264.539795>) claimed ownership of a lock!
[23:24:45] Player (Jordan, 76561198999593356)(<4073.893311, 295.269257, 7275.131348>) quick accessed a lock!
[23:26:57] Player (Jordan, 76561198999593356)(<4058.673340, 295.269470, 7274.879395>) quick accessed a lock!
[23:29:13] Player (NicFit, 76561198086129271)(<6931.586914, 56.861805, 3686.584473>) quick accessed a lock!
[23:30:29] Player (Jordan, 76561198999593356)(<4055.655273, 298.210052, 7282.211914>) quick accessed a lock!
[23:37:12] Player (NicFit, 76561198086129271)(<6940.228027, 60.961956, 3705.061768>) quick accessed a lock!
[23:39:10] Player (NicFit, 76561198086129271)(<6931.586914, 56.861805, 3686.584473>) quick accessed a lock!
[23:41:02] Player (Luger Kain, 76561197999585420)(<6358.814941, 7.302189, 2261.852051>) quick accessed a lock!
[23:56:49] Player (frenchy, 76561198969225016)(<6539.277344, 334.770752, 9318.540039>) quick accessed a lock!
[00:02:12] Player (MissionHades, 76561199101605101)(<1517.586426, 279.136688, 12029.351563>) quick accessed a lock!
[00:07:16] Player (Korwiin, 76561198013080573)(<3697.718750, 305.022583, 8241.563477>) quick accessed a lock!
[00:08:32] Player (Korwiin, 76561198013080573)(<3702.595459, 305.019165, 8257.460938>) quick accessed a lock!
[00:08:34] Player (MissionHades, 76561199101605101)(<1517.586426, 279.136688, 12029.351563>) quick accessed a lock!
[00:10:36] Player (Prophecy, 76561198990415902)(<5255.075684, 306.017731, 5502.657715>) quick accessed a lock!
[00:10:49] Player (NicFit, 76561198086129271)(<6931.586914, 56.861805, 3686.584473>) quick accessed a lock!
[00:11:09] Player (Korwiin, 76561198013080573)(<3702.595459, 305.019165, 8257.460938>) quick accessed a lock!
[00:13:28] Player (NicFit, 76561198086129271)(<6931.586914, 56.861805, 3686.584473>) quick accessed a lock!
[00:13:55] Player (MissionHades, 76561199101605101)(<1517.586426, 279.136688, 12029.351563>) quick accessed a lock!
[00:14:09] Player (NicFit, 76561198086129271)(<6940.228027, 60.961956, 3705.061768>) quick accessed a lock!
[00:14:20] Player (MissionHades, 76561199101605101)(<1517.586426, 279.136688, 12029.351563>) quick accessed a lock!
[00:14:44] Player (NicFit, 76561198086129271)(<6940.228027, 60.961956, 3705.061768>) quick accessed a lock!
[00:16:42] Player (NicFit, 76561198086129271)(<6931.586914, 56.861805, 3686.584473>) quick accessed a lock!
[00:17:08] Player (frenchy, 76561198969225016)(<6546.868164, 335.189972, 9330.886719>) quick accessed a lock!
[00:19:05] Player (frenchy, 76561198969225016)(<6539.277344, 334.770752, 9318.540039>) quick accessed a lock!
[00:23:37] Player (frenchy, 76561198969225016)(<6552.541504, 337.658264, 9314.689453>) quick accessed a lock!
[00:24:51] Player (NicFit, 76561198086129271)(<6934.527344, 56.750614, 3674.505615>) quick accessed a lock!
[00:25:20] Player (Korwiin, 76561198013080573)(<3705.060547, 305.019165, 8262.931641>) quick accessed a lock!
[00:27:01] Player (NicFit, 76561198086129271)(<6940.228027, 60.961956, 3705.061768>) quick accessed a lock!
[00:30:17] Player (NicFit, 76561198086129271)(<6940.228027, 60.961956, 3705.061768>) quick accessed a lock!
[00:30:58] Player (NicFit, 76561198086129271)(<6934.527344, 56.750614, 3674.505615>) quick accessed a lock!
[00:33:46] Player (Helmut Lootie, 76561198065413312)(<3697.718750, 305.022583, 8241.563477>) quick accessed a lock!
[00:33:54] Player (Helmut Lootie, 76561198065413312)(<3711.371826, 305.015656, 8279.054688>) quick accessed a lock!
[00:36:55] Player (frenchy, 76561198969225016)(<6552.541504, 337.658264, 9314.689453>) quick accessed a lock!
[00:40:01] Player (NicFit, 76561198086129271)(<6934.527344, 56.750614, 3674.505615>) quick accessed a lock!
[00:40:27] Player (NicFit, 76561198086129271)(<6931.586914, 56.861805, 3686.584473>) quick accessed a lock!
[00:40:34] Player (Helmut Lootie, 76561198065413312)(<3697.718750, 305.022583, 8241.563477>) quick accessed a lock!
[00:40:52] Player (NicFit, 76561198086129271)(<6931.586914, 56.861805, 3686.584473>) quick accessed a lock!
[00:41:03] Player (Korwiin, 76561198013080573)(<3711.371826, 305.015656, 8279.054688>) quick accessed a lock!
[00:41:40] Player (Korwiin, 76561198013080573)(<3691.996826, 304.166504, 8254.534180>) quick accessed a lock!
[00:43:17] Player (NicFit, 76561198086129271)(<6931.586914, 56.861805, 3686.584473>) quick accessed a lock!
[00:44:22] Player (NicFit, 76561198086129271)(<6931.586914, 56.861805, 3686.584473>) quick accessed a lock!
[00:45:00] Player (Korwiin, 76561198013080573)(<3711.371826, 305.015656, 8279.054688>) quick accessed a lock!
[00:46:24] Player (NicFit, 76561198086129271)(<6940.228027, 60.961956, 3705.061768>) quick accessed a lock!
[00:49:37] Player (Korwiin, 76561198013080573)(<3697.718750, 305.022583, 8241.563477>) quick accessed a lock!
[00:51:45] Player (Helmut Lootie, 76561198065413312)(<3697.718750, 305.022583, 8241.563477>) quick accessed a lock!
[00:55:23] Player (NicFit, 76561198086129271)(<6940.228027, 60.961956, 3705.061768>) quick accessed a lock!
[00:55:48] Player (NicFit, 76561198086129271)(<6931.586914, 56.861805, 3686.584473>) quick accessed a lock!
[00:57:15] Player (Helmut Lootie, 76561198065413312)(<3697.718750, 305.022583, 8241.563477>) quick accessed a lock!
[01:02:09] Player (Korwiin, 76561198013080573)(<3697.718750, 305.022583, 8241.563477>) quick accessed a lock!
[01:03:52] Player (Percy Coles, 76561198177852285)(<8083.761719, 459.208221, 9312.645508>) quick accessed a lock!
[01:06:23] Player (Percy Coles, 76561198177852285)(<8083.761719, 459.208221, 9312.645508>) quick accessed a lock!
[01:07:19] Player (Percy Coles, 76561198177852285)(<8083.761719, 459.208221, 9312.645508>) quick accessed a lock!
[01:11:11] Player (Helmut Lootie, 76561198065413312)(<3702.595459, 305.019165, 8257.460938>) quick accessed a lock!
[01:11:26] Player (frenchy, 76561198969225016)(<6546.868164, 335.189972, 9330.886719>) quick accessed a lock!
[01:11:53] Player (frenchy, 76561198969225016)(<6539.277344, 334.770752, 9318.540039>) quick accessed a lock!
[01:13:03] Player (Percy Coles, 76561198177852285)(<8083.761719, 459.208221, 9312.645508>) quick accessed a lock!
[01:13:35] Player (Percy Coles, 76561198177852285)(<8083.761719, 459.208221, 9312.645508>) quick accessed a lock!
[01:18:03] Player (MissionHades, 76561199101605101)(<1528.254517, 277.570496, 12012.386719>) quick accessed a lock!
[01:18:30] Player (Percy Coles, 76561198177852285)(<8072.857422, 463.142975, 9311.291992>) quick accessed a lock!
[01:18:30] Player (Korwiin, 76561198013080573)(<3711.371826, 305.015656, 8279.054688>) quick accessed a lock!
[01:18:35] Player (Korwiin, 76561198013080573)(<3711.371826, 305.015656, 8279.054688>) quick accessed a lock!
[01:18:38] Player (Percy Coles, 76561198177852285)(<8076.800781, 463.142975, 9315.814453>) quick accessed a lock!
[01:18:48] Player (Percy Coles, 76561198177852285)(<8076.800781, 463.142975, 9315.814453>) quick accessed a lock!
[01:19:22] Player (Percy Coles, 76561198177852285)(<8072.857422, 463.142975, 9311.291992>) quick accessed a lock!
[01:20:25] Player (Helmut Lootie, 76561198065413312)(<3702.595459, 305.019165, 8257.460938>) quick accessed a lock!
[01:23:29] Player (frenchy, 76561198969225016)(<6543.575684, 335.003296, 9327.412109>) quick accessed a lock!
[01:25:29] Player (frenchy, 76561198969225016)(<6550.174316, 335.422028, 9334.314453>) quick accessed a lock!
[01:30:30] Player (MissionHades, 76561199101605101)(<1517.586426, 279.136688, 12029.351563>) quick accessed a lock!
[01:37:00] Player (MissionHades, 76561199101605101)(<1528.254517, 277.570496, 12012.386719>) quick accessed a lock!
[01:38:48] Player (MissionHades, 76561199101605101)(<1528.254517, 277.570496, 12012.386719>) quick accessed a lock!
[01:58:31] Player (Helmut Lootie, 76561198065413312)(<3711.371826, 305.015656, 8279.054688>) quick accessed a lock!
