[03-23-2021][02.01.03] New Access Log File Created!
[02:21:31] Player (Helmut Lootie, 76561198065413312)(<3697.718750, 305.022583, 8241.563477>) quick accessed a lock!
[02:21:38] Player (Helmut Lootie, 76561198065413312)(<3702.595459, 305.019165, 8257.460938>) quick accessed a lock!
[02:22:20] Player (Helmut Lootie, 76561198065413312)(<3711.371826, 305.015656, 8279.054688>) quick accessed a lock!
[02:22:47] Player (Helmut Lootie, 76561198065413312)(<3719.772705, 305.302094, 8236.056641>) quick accessed a lock!
[02:23:13] Player (Helmut Lootie, 76561198065413312)(<3691.996826, 304.166504, 8254.534180>) quick accessed a lock!
[02:25:03] Player (Helmut Lootie, 76561198065413312)(<3697.718750, 305.022583, 8241.563477>) quick accessed a lock!
[02:25:25] Player (Helmut Lootie, 76561198065413312)(<3702.595459, 305.019165, 8257.460938>) quick accessed a lock!
[02:27:11] Player (Helmut Lootie, 76561198065413312)(<3711.371826, 305.015656, 8279.054688>) quick accessed a lock!
[02:46:05] Player (SmallPenis, 76561198999593356)(<4065.584717, 295.269257, 7285.564941>) quick accessed a lock!
[02:46:28] Player (SmallPenis, 76561198999593356)(<4064.529785, 295.269257, 7276.199707>) quick accessed a lock!
[02:46:47] Player (SmallPenis, 76561198999593356)(<4073.893311, 295.269257, 7275.131348>) quick accessed a lock!
[02:47:31] Player (SmallPenis, 76561198999593356)(<4073.893311, 295.269257, 7275.131348>) quick accessed a lock!
[02:52:11] Player (SmallPenis, 76561198999593356)(<4064.529785, 295.269257, 7276.199707>) quick accessed a lock!
[02:52:15] Player (SmallPenis, 76561198999593356)(<4065.584717, 295.269257, 7285.564941>) quick accessed a lock!
[04:03:28] Player (NicFit, 76561198086129271)(<6934.305176, 64.038124, 3700.891846>) quick accessed a lock!
[04:03:49] Player (NicFit, 76561198086129271)(<6940.228027, 60.961956, 3705.061768>) quick accessed a lock!
[04:05:37] Player (NicFit, 76561198086129271)(<6934.527344, 56.750614, 3674.505615>) quick accessed a lock!
[04:39:03] Player (NicFit, 76561198086129271)(<6931.586914, 56.861805, 3686.584473>) quick accessed a lock!
[04:39:12] Player (NicFit, 76561198086129271)(<6940.228027, 60.961956, 3705.061768>) quick accessed a lock!
[04:39:22] Player (NicFit, 76561198086129271)(<6940.228027, 60.961956, 3705.061768>) quick accessed a lock!
[04:47:17] Player (NicFit, 76561198086129271)(<6934.305176, 64.038124, 3700.891846>) quick accessed a lock!
[04:47:41] Player (NicFit, 76561198086129271)(<6934.305176, 64.038124, 3700.891846>) quick accessed a lock!
[04:49:17] Player (NicFit, 76561198086129271)(<6934.305176, 64.038124, 3700.891846>) quick accessed a lock!
[04:49:36] Player (NicFit, 76561198086129271)(<6934.305176, 64.038124, 3700.891846>) quick accessed a lock!
[04:50:02] Player (NicFit, 76561198086129271)(<6940.228027, 60.961956, 3705.061768>) quick accessed a lock!
[04:50:09] Player (NicFit, 76561198086129271)(<6934.305176, 64.038124, 3700.891846>) quick accessed a lock!
[04:50:36] Player (NicFit, 76561198086129271)(<6954.129883, 56.568375, 3693.047363>) quick accessed a lock!
[04:50:59] Player (NicFit, 76561198086129271)(<6931.586914, 56.861805, 3686.584473>) quick accessed a lock!
[04:51:37] Player (NicFit, 76561198086129271)(<6940.228027, 60.961956, 3705.061768>) quick accessed a lock!
[03-23-2021][06.01.06] Log file reloaded ( Server Restart )
[06:36:40] Player (NicFit, 76561198086129271)(<6931.586914, 56.861805, 3686.584473>) quick accessed a lock!
[06:36:53] Player (NicFit, 76561198086129271)(<6940.228027, 60.961956, 3705.061768>) quick accessed a lock!
[06:37:03] Player (NicFit, 76561198086129271)(<6940.228027, 60.961956, 3705.061768>) quick accessed a lock!
[06:40:47] Player (NicFit, 76561198086129271)(<6937.594238, 58.649269, 3680.769775>) quick accessed a lock!
[06:48:51] Player (NicFit, 76561198086129271)(<6934.305176, 64.038124, 3700.891846>) quick accessed a lock!
[06:49:37] Player (NicFit, 76561198086129271)(<6934.305176, 64.038124, 3700.891846>) quick accessed a lock!
[06:49:49] Player (NicFit, 76561198086129271)(<6954.129883, 56.568375, 3693.047363>) quick accessed a lock!
[06:57:55] Player (NicFit, 76561198086129271)(<6954.129883, 56.568375, 3693.047363>) quick accessed a lock!
[06:58:01] Player (NicFit, 76561198086129271)(<6940.228027, 60.961956, 3705.061768>) quick accessed a lock!
[06:58:44] Player (NicFit, 76561198086129271)(<6940.228027, 60.961956, 3705.061768>) quick accessed a lock!
[06:59:04] Player (NicFit, 76561198086129271)(<6934.527344, 56.750614, 3674.505615>) quick accessed a lock!
[07:18:36] Player (NicFit, 76561198086129271)(<6931.586914, 56.861805, 3686.584473>) quick accessed a lock!
[07:19:10] Player (NicFit, 76561198086129271)(<6931.586914, 56.861805, 3686.584473>) quick accessed a lock!
[07:19:34] Player (NicFit, 76561198086129271)(<6931.586914, 56.861805, 3686.584473>) quick accessed a lock!
[07:23:18] Player (NicFit, 76561198086129271)(<6940.228027, 60.961956, 3705.061768>) quick accessed a lock!
[07:30:13] Player (NicFit, 76561198086129271)(<6931.586914, 56.861805, 3686.584473>) quick accessed a lock!
[07:35:45] Player (NicFit, 76561198086129271)(<6931.586914, 56.861805, 3686.584473>) quick accessed a lock!
[07:37:26] Player (NicFit, 76561198086129271)(<6934.305176, 64.038124, 3700.891846>) quick accessed a lock!
[07:37:34] Player (NicFit, 76561198086129271)(<6940.228027, 60.961956, 3705.061768>) quick accessed a lock!
[03-23-2021][08.57.18] Log file reloaded ( Server Restart )
[03-23-2021][08.59.07] Log file reloaded ( Server Restart )
[09:32:24] Player (Magnetschaedel, 76561198006594084)(<5066.593750, 290.788361, 6230.539063>) quick accessed a lock!
[09:32:56] Player (Magnetschaedel, 76561198006594084)(<5042.893066, 290.121704, 6246.572266>) quick accessed a lock!
[09:33:04] Player (Magnetschaedel, 76561198006594084)(<5059.447266, 288.864899, 6235.863281>) quick accessed a lock!
[09:39:12] Player (Magnetschaedel, 76561198006594084)(<5042.893066, 290.121704, 6246.572266>) quick accessed a lock!
[03-23-2021][10.00.51] Log file reloaded ( Server Restart )
[12:31:16] Player (Magnetschaedel, 76561198006594084)(<5042.893066, 290.121704, 6246.572266>) quick accessed a lock!
[12:31:49] Player (Magnetschaedel, 76561198006594084)(<5059.447266, 288.864899, 6235.863281>) quick accessed a lock!
[12:33:25] Player (Magnetschaedel, 76561198006594084)(<5066.593750, 290.788361, 6230.539063>) quick accessed a lock!
[13:26:04] Player (mgokay, 76561198042235031)(<6547.820801, 393.913513, 5598.946289>) quick accessed a lock!
[13:27:26] Player (mgokay, 76561198042235031)(<6547.820801, 393.913513, 5598.946289>) quick accessed a lock!
[13:28:47] Player (mgokay, 76561198042235031)(<6527.522461, 387.563263, 5581.287109>) quick accessed a lock!
[13:29:37] Player (mgokay, 76561198042235031)(<6527.522461, 387.563263, 5581.287109>) quick accessed a lock!
[13:31:11] Player (mgokay, 76561198042235031)(<6527.522461, 387.563263, 5581.287109>) quick accessed a lock!
[13:33:13] Player (mgokay, 76561198042235031)(<6527.522461, 387.563263, 5581.287109>) quick accessed a lock!
[13:33:18] Player (mgokay, 76561198042235031)(<6527.522461, 387.563263, 5581.287109>) quick accessed a lock!
[13:33:32] Player (mgokay, 76561198042235031)(<6547.820801, 393.913513, 5598.946289>) quick accessed a lock!
[13:36:42] Player (mgokay, 76561198042235031)(<6547.820801, 393.913513, 5598.946289>) quick accessed a lock!
[13:36:56] Player (mgokay, 76561198042235031)(<6527.522461, 387.563263, 5581.287109>) quick accessed a lock!
[13:36:58] Player (mgokay, 76561198042235031)(<6527.522461, 387.563263, 5581.287109>) quick accessed a lock!
[13:37:32] Player (mgokay, 76561198042235031)(<6527.522461, 387.563263, 5581.287109>) quick accessed a lock!
[03-23-2021][14.01.15] Log file reloaded ( Server Restart )
[16:15:52] Player (mgokay, 76561198042235031)(<6547.820801, 393.913513, 5598.946289>) quick accessed a lock!
[16:17:04] Player (mgokay, 76561198042235031)(<6547.820801, 393.913513, 5598.946289>) quick accessed a lock!
[17:07:17] Player (Prophecy, 76561198990415902)(<5268.548340, 306.574585, 5517.510742>) quick accessed a lock!
[17:11:42] Player (Jordan, 76561198999593356)(<4073.893311, 295.269257, 7275.131348>) quick accessed a lock!
[17:13:59] Player (Prophecy, 76561198990415902)(<5268.548340, 306.574585, 5517.510742>) quick accessed a lock!
[17:23:53] Player (Chris.P.Duck, 76561199048973301)(<6597.995117, 338.277039, 9320.513672>) set a new passcode on lock!
[17:23:53] Player (Chris.P.Duck, 76561199048973301)(<6597.995117, 338.277039, 9320.513672>) claimed ownership of a lock!
[17:24:04] Player (Le chinois(Fr), 76561198041337034)(<9922.185547, 65.000465, 13880.390625>) quick accessed a lock!
[17:24:15] Player (Chris.P.Duck, 76561199048973301)(<6597.995117, 338.277039, 9320.513672>) changed the passcode on a lock! Clearing all guests...
[17:24:18] Player (Chris.P.Duck, 76561199048973301)(<6597.995117, 338.277039, 9320.513672>) quick accessed a lock!
[17:24:30] Player (Le chinois(Fr), 76561198041337034)(<9922.185547, 65.000465, 13880.390625>) quick accessed a lock!
[17:24:55] Player (Le chinois(Fr), 76561198041337034)(<9922.185547, 65.000465, 13880.390625>) quick accessed a lock!
[17:24:59] Player (Le chinois(Fr), 76561198041337034)(<9922.185547, 65.000465, 13880.390625>) quick accessed a lock!
[17:25:01] Player (Le chinois(Fr), 76561198041337034)(<9922.185547, 65.000465, 13880.390625>) quick accessed a lock!
[17:25:39] Player (Le chinois(Fr), 76561198041337034)(<9887.975586, 68.464325, 13859.181641>) quick accessed a lock!
[17:27:39] Player (Jordan, 76561198999593356)(<4064.529785, 295.269257, 7276.199707>) quick accessed a lock!
[17:27:46] Player (Jordan, 76561198999593356)(<4065.584717, 295.269257, 7285.564941>) quick accessed a lock!
[17:37:14] Player (Le chinois(Fr), 76561198041337034)(<9887.975586, 68.464325, 13859.181641>) quick accessed a lock!
[17:37:42] Player (grizzly bear, 76561198839448946)(<6546.098633, 337.521759, 9307.002930>) quick accessed a lock!
[17:39:20] Player (grizzly bear, 76561198839448946)(<6546.098633, 337.521759, 9307.002930>) quick accessed a lock!
[17:41:15] Player (grizzly bear, 76561198839448946)(<6539.277344, 334.770752, 9318.540039>) quick accessed a lock!
[17:51:03] Player (grizzly bear, 76561198839448946)(<6546.868164, 335.189972, 9330.886719>) quick accessed a lock!
[17:53:01] Player (Le chinois(Fr), 76561198041337034)(<9939.390625, 67.940834, 13884.050781>) set a new passcode on lock!
[17:53:01] Player (Le chinois(Fr), 76561198041337034)(<9939.390625, 67.940834, 13884.050781>) claimed ownership of a lock!
[17:53:07] Player (Le chinois(Fr), 76561198041337034)(<9939.390625, 67.940834, 13884.050781>) quick accessed a lock!
[17:55:10] Player (Le chinois(Fr), 76561198041337034)(<9933.405273, 65.000053, 13870.163086>) quick accessed a lock!
[03-23-2021][18.00.59] Log file reloaded ( Server Restart )
[18:05:12] Player (grizzly bear, 76561198839448946)(<6546.868164, 335.189972, 9330.886719>) quick accessed a lock!
[18:09:59] Player (grizzly bear, 76561198839448946)(<6546.868164, 335.189972, 9330.886719>) quick accessed a lock!
[18:10:56] Player (grizzly bear, 76561198839448946)(<6546.098633, 337.521759, 9307.002930>) quick accessed a lock!
[18:24:09] Player (Chris.P.Duck, 76561199048973301)(<6597.995117, 338.277039, 9320.513672>) quick accessed a lock!
[18:26:17] Player (Chris.P.Duck, 76561199048973301)(<6601.220703, 336.528870, 9315.179688>) set a new passcode on lock!
[18:26:17] Player (Chris.P.Duck, 76561199048973301)(<6601.220703, 336.528870, 9315.179688>) claimed ownership of a lock!
[18:29:45] Player (Korwiin, 76561198013080573)(<3187.485352, 345.436005, 7451.891113>) quick accessed a lock!
[18:30:58] Player (Korwiin, 76561198013080573)(<3187.485352, 345.436005, 7451.891113>) quick accessed a lock!
[18:32:29] Player (Korwiin, 76561198013080573)(<3187.485352, 345.436005, 7451.891113>) quick accessed a lock!
[18:32:53] Player (Korwiin, 76561198013080573)(<3187.485352, 345.436005, 7451.891113>) quick accessed a lock!
[18:33:34] Player (Korwiin, 76561198013080573)(<3187.485352, 345.436005, 7451.891113>) quick accessed a lock!
[18:38:31] Player (grizzly bear, 76561198839448946)(<6546.098633, 337.521759, 9307.002930>) quick accessed a lock!
[18:40:12] Player (grizzly bear, 76561198839448946)(<6539.277344, 334.770752, 9318.540039>) quick accessed a lock!
[19:19:25] Player (grizzly bear, 76561198839448946)(<6546.098633, 337.521759, 9307.002930>) quick accessed a lock!
[19:19:37] Player (grizzly bear, 76561198839448946)(<6546.098633, 337.521759, 9307.002930>) quick accessed a lock!
[19:35:09] Player (HnyBee , 76561198967138934)(<3696.249268, 208.265701, 13343.520508>) quick accessed a lock!
[19:39:57] Player (HnyBee , 76561198967138934)(<3696.249268, 208.265701, 13343.520508>) quick accessed a lock!
[19:40:24] Player (grizzly bear, 76561198839448946)(<6546.098633, 337.521759, 9307.002930>) quick accessed a lock!
[19:41:02] Player (grizzly bear, 76561198839448946)(<6546.098633, 337.521759, 9307.002930>) quick accessed a lock!
[19:44:53] Player (grizzly bear, 76561198839448946)(<6539.277344, 334.770752, 9318.540039>) quick accessed a lock!
[19:46:35] Player (grizzly bear, 76561198839448946)(<6539.277344, 334.770752, 9318.540039>) quick accessed a lock!
[19:47:44] Player (grizzly bear, 76561198839448946)(<6539.277344, 334.770752, 9318.540039>) quick accessed a lock!
[19:48:32] Player (grizzly bear, 76561198839448946)(<6546.868164, 335.189972, 9330.886719>) quick accessed a lock!
[19:51:14] Player (grizzly bear, 76561198839448946)(<6546.868164, 335.189972, 9330.886719>) quick accessed a lock!
[20:00:33] Player (Chris.P.Duck, 76561199048973301)(<6597.995117, 338.277039, 9320.513672>) quick accessed a lock!
[20:21:30] Player (Chris.P.Duck, 76561199048973301)(<6601.220703, 336.528870, 9315.179688>) quick accessed a lock!
[20:21:50] Player (Chris.P.Duck, 76561199048973301)(<6597.995117, 338.277039, 9320.513672>) quick accessed a lock!
[20:57:57] Player (HnyBee , 76561198967138934)(<3696.249268, 208.265701, 13343.520508>) quick accessed a lock!
[21:00:13] Player (HnyBee , 76561198967138934)(<3696.249268, 208.265701, 13343.520508>) quick accessed a lock!
[21:04:11] Player (Chris.P.Duck, 76561199048973301)(<6601.220703, 336.528870, 9315.179688>) quick accessed a lock!
[21:05:49] Player (Chris.P.Duck, 76561199048973301)(<6601.220703, 336.528870, 9315.179688>) quick accessed a lock!
[21:06:26] Player (Chris.P.Duck, 76561199048973301)(<6597.995117, 338.277039, 9320.513672>) quick accessed a lock!
[21:10:36] Player (Chris.P.Duck, 76561199048973301)(<6597.995117, 338.277039, 9320.513672>) quick accessed a lock!
[21:10:44] Player (Chris.P.Duck, 76561199048973301)(<6597.995117, 338.277039, 9320.513672>) quick accessed a lock!
[21:11:01] Player (Helmut Lootie, 76561198065413312)(<3697.718750, 305.022583, 8241.563477>) quick accessed a lock!
[21:14:23] Player (Chris.P.Duck, 76561199048973301)(<6597.995117, 338.277039, 9320.513672>) quick accessed a lock!
[21:17:15] Player (grizzly bear, 76561198839448946)(<6546.098633, 337.521759, 9307.002930>) quick accessed a lock!
[21:21:35] Player (Helmut Lootie, 76561198065413312)(<3702.595459, 305.019165, 8257.460938>) quick accessed a lock!
[21:22:07] Player (Helmut Lootie, 76561198065413312)(<3697.718750, 305.022583, 8241.563477>) quick accessed a lock!
[21:44:04] Player (HnyBee , 76561198967138934)(<3696.249268, 208.265701, 13343.520508>) quick accessed a lock!
[03-23-2021][22.01.12] Log file reloaded ( Server Restart )
[22:12:36] Player (Emil, 76561198366372210)(<5715.798340, 226.562149, 6284.931152>) quick accessed a lock!
[22:14:33] Player (Emil, 76561198366372210)(<5715.798340, 226.562149, 6284.931152>) quick accessed a lock!
[22:14:37] Player (Emil, 76561198366372210)(<5725.880371, 225.350006, 6280.429688>) quick accessed a lock!
[22:14:40] Player (quadlock, 76561198162344833)(<6527.522461, 387.563263, 5581.287109>) quick accessed a lock!
[22:15:28] Player (quadlock, 76561198162344833)(<6547.820801, 393.913513, 5598.946289>) quick accessed a lock!
[22:19:30] Player (Korwiin, 76561198013080573)(<3187.485352, 345.436005, 7451.891113>) quick accessed a lock!
[22:23:09] Player (Korwiin, 76561198013080573)(<3187.485352, 345.436005, 7451.891113>) quick accessed a lock!
[22:28:04] Player (Korwiin, 76561198013080573)(<3187.485352, 345.436005, 7451.891113>) quick accessed a lock!
[22:32:19] Player (quadlock, 76561198162344833)(<6547.820801, 393.913513, 5598.946289>) quick accessed a lock!
[22:35:05] Player (HnyBee , 76561198967138934)(<3696.249268, 208.265701, 13343.520508>) quick accessed a lock!
[22:36:26] Player (quadlock, 76561198162344833)(<6527.522461, 387.563263, 5581.287109>) quick accessed a lock!
[22:39:09] Player (quadlock, 76561198162344833)(<6547.820801, 393.913513, 5598.946289>) quick accessed a lock!
[22:55:50] Player (Yzb. Tulcus, 76561198421975055)(<6547.820801, 393.913513, 5598.946289>) quick accessed a lock!
[22:56:24] Player (Yzb. Tulcus, 76561198421975055)(<6547.820801, 393.913513, 5598.946289>) quick accessed a lock!
[23:08:54] Player (Yzb. Tulcus, 76561198421975055)(<6547.820801, 393.913513, 5598.946289>) quick accessed a lock!
[23:15:31] Player (Yzb. Tulcus, 76561198421975055)(<6527.522461, 387.563263, 5581.287109>) quick accessed a lock!
[23:15:45] Player (rastanator, 76561198035432577)(<8256.940430, 353.342041, 7021.807617>) quick accessed a lock!
[23:15:47] Player (rastanator, 76561198035432577)(<8256.940430, 353.342041, 7021.807617>) quick accessed a lock!
[23:20:13] Player (rastanator, 76561198035432577)(<8256.940430, 353.342041, 7021.807617>) quick accessed a lock!
[23:22:19] Player (rastanator, 76561198035432577)(<8256.940430, 353.342041, 7021.807617>) quick accessed a lock!
[23:35:28] Player (rastanator, 76561198035432577)(<8256.940430, 353.342041, 7021.807617>) quick accessed a lock!
[23:36:44] Player (rastanator, 76561198035432577)(<8254.660156, 353.420349, 7027.582031>) quick accessed a lock!
[23:48:26] Player (Korwiin, 76561198013080573)(<3187.485352, 345.436005, 7451.891113>) quick accessed a lock!
[23:55:12] Player (Helmut Lootie, 76561198065413312)(<3697.718750, 305.022583, 8241.563477>) quick accessed a lock!
[23:55:23] Player (Helmut Lootie, 76561198065413312)(<3719.772705, 305.302094, 8236.056641>) quick accessed a lock!
[23:55:47] Player (Helmut Lootie, 76561198065413312)(<3691.996826, 304.166504, 8254.534180>) quick accessed a lock!
[00:20:54] Player (Prophecy, 76561198990415902)(<5264.416992, 309.040802, 5503.187500>) quick accessed a lock!
[00:24:06] Player (Prophecy, 76561198990415902)(<5268.548340, 306.574585, 5517.510742>) quick accessed a lock!
[00:55:32] Player (Korwiin, 76561198013080573)(<3187.485352, 345.436005, 7451.891113>) quick accessed a lock!
