[03-07-2021][00.03.21] New Access Log File Created!
[03-07-2021][00.05.35] Log file reloaded ( Server Restart )
[01:03:45] Player (Rel, 76561198999593356)(<4121.223633, 293.142914, 7205.557129>) quick accessed a lock!
[01:04:32] Player (Rel, 76561198999593356)(<4130.463867, 292.924927, 7207.721680>) quick accessed a lock!
[01:05:12] Player (Rel, 76561198999593356)(<4140.387207, 293.075775, 7205.596680>) quick accessed a lock!
[01:13:58] Player (Prophecy, 76561198990415902)(<11798.565430, 27.607758, 14237.015625>) quick accessed a lock!
[03-07-2021][01.32.22] Log file reloaded ( Server Restart )
[01:39:30] Player (zendog, 76561197970078933)(<3643.489014, 299.456909, 8598.204102>) quick accessed a lock!
[01:40:00] Player (Prophecy, 76561198990415902)(<11798.565430, 27.607758, 14237.015625>) quick accessed a lock!
[01:40:11] Player (Prophecy, 76561198990415902)(<11798.565430, 27.607758, 14237.015625>) quick accessed a lock!
[01:40:50] Player (Prophecy, 76561198990415902)(<11798.565430, 27.607758, 14237.015625>) quick accessed a lock!
[01:41:57] Player (zendog, 76561197970078933)(<3655.449463, 299.387238, 8577.824219>) quick accessed a lock!
[01:41:58] Player (Prophecy, 76561198990415902)(<11798.565430, 27.607758, 14237.015625>) quick accessed a lock!
[01:46:24] Player (zendog, 76561197970078933)(<3648.097900, 301.395508, 8605.158203>) set a new passcode on lock!
[01:46:24] Player (zendog, 76561197970078933)(<3648.097900, 301.395508, 8605.158203>) claimed ownership of a lock!
[01:46:25] Player (zendog, 76561197970078933)(<3648.097900, 301.395508, 8605.158203>) quick accessed a lock!
[01:46:27] Player (zendog, 76561197970078933)(<3648.097900, 301.395508, 8605.158203>) quick accessed a lock!
[01:47:03] Player (Prophecy, 76561198990415902)(<11798.565430, 27.607758, 14237.015625>) quick accessed a lock!
[01:48:08] Player (Prophecy, 76561198990415902)(<11798.565430, 27.607758, 14237.015625>) quick accessed a lock!
[01:55:01] Player (zendog, 76561197970078933)(<3657.411377, 299.556580, 8598.930664>) quick accessed a lock!
[01:56:37] Player (zendog, 76561197970078933)(<3657.411377, 299.556580, 8598.930664>) quick accessed a lock!
[03-07-2021][02.01.08] Log file reloaded ( Server Restart )
[02:04:01] Player (Prophecy, 76561198990415902)(<11798.565430, 27.607758, 14237.015625>) quick accessed a lock!
[02:10:12] Player (zendog, 76561197970078933)(<3655.449463, 299.387238, 8577.824219>) quick accessed a lock!
[02:16:43] Player (zendog, 76561197970078933)(<3655.449463, 299.387238, 8577.824219>) quick accessed a lock!
[02:21:06] Player (zendog, 76561197970078933)(<3655.449463, 299.387238, 8577.824219>) quick accessed a lock!
[02:21:37] Player (zendog, 76561197970078933)(<3655.449463, 299.387238, 8577.824219>) quick accessed a lock!
[02:25:06] Player (zendog, 76561197970078933)(<3643.489014, 299.456909, 8598.204102>) quick accessed a lock!
[03:05:43] Player (zendog, 76561197970078933)(<3623.868164, 299.156525, 8583.653320>) quick accessed a lock!
[03:25:27] Player (zendog, 76561197970078933)(<3648.097900, 301.395508, 8605.158203>) quick accessed a lock!
[03:34:33] Player (zendog, 76561197970078933)(<3643.489014, 299.456909, 8598.204102>) quick accessed a lock!
[03:45:17] Player (zendog, 76561197970078933)(<3648.097900, 301.395508, 8605.158203>) quick accessed a lock!
[03:54:57] Player (zendog, 76561197970078933)(<3657.411377, 299.556580, 8598.930664>) quick accessed a lock!
[03:59:22] Player (Rel, 76561198999593356)(<4121.223633, 293.142914, 7205.557129>) quick accessed a lock!
[03:59:28] Player (Rel, 76561198999593356)(<4118.565918, 293.142914, 7208.680664>) quick accessed a lock!
[04:01:58] Player (Rel, 76561198999593356)(<4130.463867, 292.924927, 7207.721680>) quick accessed a lock!
[04:02:22] Player (Rel, 76561198999593356)(<4140.387207, 293.075775, 7205.596680>) quick accessed a lock!
[04:13:45] Player (Rel, 76561198999593356)(<4118.565918, 293.142914, 7208.680664>) quick accessed a lock!
[03-07-2021][06.01.18] Log file reloaded ( Server Restart )
[03-07-2021][08.59.36] Log file reloaded ( Server Restart )
[03-07-2021][09.04.35] Log file reloaded ( Server Restart )
[03-07-2021][09.09.45] Log file reloaded ( Server Restart )
[09:28:27] Player (Hyale, 76561197994452607)(<8382.144531, 163.852722, 12221.200195>) quick accessed a lock!
[09:36:58] Player (Hyale, 76561197994452607)(<8382.144531, 163.852722, 12221.200195>) quick accessed a lock!
[03-07-2021][10.01.17] Log file reloaded ( Server Restart )
[10:22:19] Player (Le chinois(Fr), 76561198041337034)(<7605.561523, 139.723770, 12859.481445>) quick accessed a lock!
[10:23:34] Player (Hyale, 76561197994452607)(<8374.034180, 161.783600, 12220.476563>) quick accessed a lock!
[10:57:46] Player (Hyale, 76561197994452607)(<8419.393555, 162.647049, 12220.171875>) quick accessed a lock!
[11:15:12] Player (Prophecy, 76561198990415902)(<11798.565430, 27.607758, 14237.015625>) quick accessed a lock!
[11:37:30] Player (Prophecy, 76561198990415902)(<11816.325195, 27.597136, 14238.544922>) quick accessed a lock!
[11:43:28] Player (MikaBrandon, 76561198215565199)(<3489.337402, 294.240662, 8587.921875>) quick accessed a lock!
[11:43:37] Player (MikaBrandon, 76561198215565199)(<3489.337402, 294.240662, 8587.921875>) quick accessed a lock!
[11:45:21] Player (MikaBrandon, 76561198215565199)(<3489.337402, 294.240662, 8587.921875>) quick accessed a lock!
[11:45:26] Player (MikaBrandon, 76561198215565199)(<3483.610840, 295.613312, 8592.157227>) quick accessed a lock!
[11:45:51] Player (MikaBrandon, 76561198215565199)(<3483.610840, 295.613312, 8592.157227>) quick accessed a lock!
[11:45:54] Player (MikaBrandon, 76561198215565199)(<3489.337402, 294.240662, 8587.921875>) quick accessed a lock!
[11:47:18] Player (MikaBrandon, 76561198215565199)(<3489.337402, 294.240662, 8587.921875>) quick accessed a lock!
[11:47:27] Player (MikaBrandon, 76561198215565199)(<3487.288086, 294.240875, 8576.301758>) quick accessed a lock!
[11:47:35] Player (MikaBrandon, 76561198215565199)(<3491.171631, 297.181915, 8571.373047>) quick accessed a lock!
[11:49:57] Player (MikaBrandon, 76561198215565199)(<3487.288086, 294.240875, 8576.301758>) quick accessed a lock!
[11:51:31] Player (MikaBrandon, 76561198215565199)(<3487.288086, 294.240875, 8576.301758>) quick accessed a lock!
[11:51:35] Player (MikaBrandon, 76561198215565199)(<3491.171631, 297.181915, 8571.373047>) quick accessed a lock!
[11:52:28] Player (MikaBrandon, 76561198215565199)(<3487.288086, 294.240875, 8576.301758>) quick accessed a lock!
[11:53:18] Player (MikaBrandon, 76561198215565199)(<3487.288086, 294.240875, 8576.301758>) quick accessed a lock!
[11:53:20] Player (MikaBrandon, 76561198215565199)(<3491.171631, 297.181915, 8571.373047>) quick accessed a lock!
[11:54:11] Player (MikaBrandon, 76561198215565199)(<3489.337402, 294.240662, 8587.921875>) quick accessed a lock!
[11:54:42] Player (MikaBrandon, 76561198215565199)(<3483.610840, 295.613312, 8592.157227>) quick accessed a lock!
[11:54:46] Player (MikaBrandon, 76561198215565199)(<3483.610840, 295.613312, 8592.157227>) quick accessed a lock!
[11:55:02] Player (MikaBrandon, 76561198215565199)(<3487.288086, 294.240875, 8576.301758>) quick accessed a lock!
[11:55:07] Player (MikaBrandon, 76561198215565199)(<3491.171631, 297.181915, 8571.373047>) quick accessed a lock!
[11:58:03] Player (MikaBrandon, 76561198215565199)(<3491.171631, 297.181915, 8571.373047>) quick accessed a lock!
[12:02:14] Player (MikaBrandon, 76561198215565199)(<3489.337402, 294.240662, 8587.921875>) quick accessed a lock!
[12:02:30] Player (MikaBrandon, 76561198215565199)(<3489.337402, 294.240662, 8587.921875>) quick accessed a lock!
[12:02:59] Player (MikaBrandon, 76561198215565199)(<3489.337402, 294.240662, 8587.921875>) quick accessed a lock!
[12:04:37] Player (MikaBrandon, 76561198215565199)(<3489.337402, 294.240662, 8587.921875>) quick accessed a lock!
[12:07:39] Player (MikaBrandon, 76561198215565199)(<3487.288086, 294.240875, 8576.301758>) quick accessed a lock!
[12:15:59] Player (MikaBrandon, 76561198215565199)(<3489.337402, 294.240662, 8587.921875>) quick accessed a lock!
[12:16:21] Player (MikaBrandon, 76561198215565199)(<3489.337402, 294.240662, 8587.921875>) quick accessed a lock!
[13:54:51] Player (Prophecy, 76561198990415902)(<5260.987793, 305.993744, 5501.103027>) set a new passcode on lock!
[13:54:51] Player (Prophecy, 76561198990415902)(<5260.987793, 305.993744, 5501.103027>) claimed ownership of a lock!
[13:57:04] Player (Prophecy, 76561198990415902)(<5260.987793, 305.993744, 5501.103027>) quick accessed a lock!
[03-07-2021][14.11.22] Log file reloaded ( Server Restart )
[03-07-2021][14.12.28] Log file reloaded ( Server Restart )
[14:27:30] Player (Prophecy, 76561198990415902)(<5260.987793, 305.993744, 5501.103027>) quick accessed a lock!
[14:28:24] Player (Prophecy, 76561198990415902)(<5260.987793, 305.993744, 5501.103027>) quick accessed a lock!
[14:39:02] Player (Prophecy, 76561198990415902)(<11798.565430, 27.607758, 14237.015625>) quick accessed a lock!
[14:48:32] Player (NicFit, 76561198086129271)(<6937.594238, 58.649269, 3680.769775>) set a new passcode on lock!
[14:48:32] Player (NicFit, 76561198086129271)(<6937.594238, 58.649269, 3680.769775>) claimed ownership of a lock!
[03-07-2021][14.53.44] Log file reloaded ( Server Restart )
[15:00:31] Player (Hyale, 76561197994452607)(<8382.144531, 163.852722, 12221.200195>) quick accessed a lock!
[15:02:14] Player (Hyale, 76561197994452607)(<8374.034180, 161.783600, 12220.476563>) quick accessed a lock!
[15:02:49] Player (Hyale, 76561197994452607)(<8417.791016, 164.582657, 12213.222656>) quick accessed a lock!
[15:04:59] Player (Hyale, 76561197994452607)(<8383.750977, 163.070587, 12234.040039>) quick accessed a lock!
[15:05:33] Player (Hyale, 76561197994452607)(<8382.144531, 163.852722, 12221.200195>) quick accessed a lock!
[15:05:38] Player (Hyale, 76561197994452607)(<8374.034180, 161.783600, 12220.476563>) quick accessed a lock!
[15:06:21] Player (MikaBrandon, 76561198215565199)(<3489.337402, 294.240662, 8587.921875>) quick accessed a lock!
[15:07:08] Player (Hyale, 76561197994452607)(<8374.034180, 161.783600, 12220.476563>) quick accessed a lock!
[15:16:26] Player (Prophecy, 76561198990415902)(<5260.987793, 305.993744, 5501.103027>) quick accessed a lock!
[15:18:26] Player (Prophecy, 76561198990415902)(<5260.987793, 305.993744, 5501.103027>) quick accessed a lock!
[15:21:03] Player (MikaBrandon, 76561198215565199)(<3489.337402, 294.240662, 8587.921875>) quick accessed a lock!
[15:21:13] Player (MikaBrandon, 76561198215565199)(<3489.337402, 294.240662, 8587.921875>) quick accessed a lock!
[15:34:29] Player (Prophecy, 76561198990415902)(<5260.987793, 305.993744, 5501.103027>) quick accessed a lock!
[15:34:44] Player (Prophecy, 76561198990415902)(<5260.987793, 305.993744, 5501.103027>) quick accessed a lock!
[15:35:19] Player (Prophecy, 76561198990415902)(<5260.987793, 305.993744, 5501.103027>) quick accessed a lock!
[15:53:11] Player (NicFit, 76561198086129271)(<6937.594238, 58.649269, 3680.769775>) quick accessed a lock!
[15:53:51] Player (Prophecy, 76561198990415902)(<5260.987793, 305.993744, 5501.103027>) quick accessed a lock!
[15:53:53] Player (NicFit, 76561198086129271)(<6937.594238, 58.649269, 3680.769775>) quick accessed a lock!
[15:57:16] Player (NicFit, 76561198086129271)(<6937.594238, 58.649269, 3680.769775>) quick accessed a lock!
[15:58:04] Player (NicFit, 76561198086129271)(<6937.594238, 58.649269, 3680.769775>) quick accessed a lock!
[16:05:13] Player (Prophecy, 76561198990415902)(<5268.548340, 306.574585, 5517.510742>) set a new passcode on lock!
[16:05:13] Player (Prophecy, 76561198990415902)(<5268.548340, 306.574585, 5517.510742>) claimed ownership of a lock!
[16:05:55] Player (Prophecy, 76561198990415902)(<5260.987793, 305.993744, 5501.103027>) quick accessed a lock!
[16:18:07] Player (NicFit, 76561198086129271)(<6937.594238, 58.649269, 3680.769775>) quick accessed a lock!
[16:18:45] Player (MikaBrandon, 76561198215565199)(<3489.337402, 294.240662, 8587.921875>) quick accessed a lock!
[16:18:55] Player (MikaBrandon, 76561198215565199)(<3487.288086, 294.240875, 8576.301758>) quick accessed a lock!
[16:19:01] Player (MikaBrandon, 76561198215565199)(<3491.171631, 297.181915, 8571.373047>) quick accessed a lock!
[16:19:22] Player (MikaBrandon, 76561198215565199)(<3491.171631, 297.181915, 8571.373047>) quick accessed a lock!
[16:20:23] Player (MikaBrandon, 76561198215565199)(<3491.171631, 297.181915, 8571.373047>) quick accessed a lock!
[16:20:29] Player (MikaBrandon, 76561198215565199)(<3489.337402, 294.240662, 8587.921875>) quick accessed a lock!
[16:21:01] Player (MikaBrandon, 76561198215565199)(<3486.234131, 294.241089, 8570.395508>) quick accessed a lock!
[16:21:22] Player (Prophecy, 76561198990415902)(<5268.548340, 306.574585, 5517.510742>) quick accessed a lock!
[16:26:25] Player (MikaBrandon, 76561198215565199)(<3489.337402, 294.240662, 8587.921875>) quick accessed a lock!
[16:26:36] Player (MikaBrandon, 76561198215565199)(<3489.337402, 294.240662, 8587.921875>) quick accessed a lock!
[16:27:16] Player (MikaBrandon, 76561198215565199)(<3489.337402, 294.240662, 8587.921875>) quick accessed a lock!
[16:27:29] Player (MikaBrandon, 76561198215565199)(<3489.337402, 294.240662, 8587.921875>) quick accessed a lock!
[16:27:56] Player (MikaBrandon, 76561198215565199)(<3489.337402, 294.240662, 8587.921875>) quick accessed a lock!
[16:28:42] Player (Prophecy, 76561198990415902)(<5260.987793, 305.993744, 5501.103027>) quick accessed a lock!
[16:29:32] Player (MikaBrandon, 76561198215565199)(<3486.234131, 294.241089, 8570.395508>) quick accessed a lock!
[16:31:46] Player (MikaBrandon, 76561198215565199)(<3489.337402, 294.240662, 8587.921875>) quick accessed a lock!
[16:32:02] Player (NicFit, 76561198086129271)(<6937.594238, 58.649269, 3680.769775>) quick accessed a lock!
[16:32:45] Player (MikaBrandon, 76561198215565199)(<3486.234131, 294.241089, 8570.395508>) quick accessed a lock!
[16:38:06] Player (NicFit, 76561198086129271)(<6937.594238, 58.649269, 3680.769775>) quick accessed a lock!
[16:39:20] Player (MikaBrandon, 76561198215565199)(<3486.234131, 294.241089, 8570.395508>) quick accessed a lock!
[16:40:30] Player (Prophecy, 76561198990415902)(<5260.987793, 305.993744, 5501.103027>) removed a lock!
[16:41:09] Player (MikaBrandon, 76561198215565199)(<3489.337402, 294.240662, 8587.921875>) quick accessed a lock!
[16:43:27] Player (MikaBrandon, 76561198215565199)(<3483.610840, 295.613312, 8592.157227>) quick accessed a lock!
[16:45:26] Player (Prophecy, 76561198990415902)(<5268.548340, 306.574585, 5517.510742>) quick accessed a lock!
[16:46:22] Player (Hyale, 76561197994452607)(<8382.144531, 163.852722, 12221.200195>) quick accessed a lock!
[16:46:39] Player (NicFit, 76561198086129271)(<6937.594238, 58.649269, 3680.769775>) quick accessed a lock!
[16:46:41] Player (NicFit, 76561198086129271)(<6937.594238, 58.649269, 3680.769775>) quick accessed a lock!
[16:52:37] Player (Hyale, 76561197994452607)(<8419.393555, 162.647049, 12220.171875>) quick accessed a lock!
[16:57:12] Player (MikaBrandon, 76561198215565199)(<3483.610840, 295.613312, 8592.157227>) quick accessed a lock!
[16:58:57] Player (MikaBrandon, 76561198215565199)(<3489.337402, 294.240662, 8587.921875>) quick accessed a lock!
[16:59:12] Player (MikaBrandon, 76561198215565199)(<3486.234131, 294.241089, 8570.395508>) quick accessed a lock!
[16:59:19] Player (MikaBrandon, 76561198215565199)(<3486.234131, 294.241089, 8570.395508>) quick accessed a lock!
[17:01:25] Player (Hyale, 76561197994452607)(<8383.750977, 163.070587, 12234.040039>) quick accessed a lock!
[17:02:18] Player (Prophecy, 76561198990415902)(<5268.548340, 306.574585, 5517.510742>) quick accessed a lock!
[17:06:38] Player (MikaBrandon, 76561198215565199)(<3489.337402, 294.240662, 8587.921875>) quick accessed a lock!
[17:06:49] Player (Prophecy, 76561198990415902)(<5255.075684, 306.017731, 5502.657715>) set a new passcode on lock!
[17:06:49] Player (Prophecy, 76561198990415902)(<5255.075684, 306.017731, 5502.657715>) claimed ownership of a lock!
[17:06:50] Player (MikaBrandon, 76561198215565199)(<3487.288086, 294.240875, 8576.301758>) quick accessed a lock!
[17:07:24] Player (MikaBrandon, 76561198215565199)(<3491.171631, 297.181915, 8571.373047>) quick accessed a lock!
[17:07:51] Player (MikaBrandon, 76561198215565199)(<3489.337402, 294.240662, 8587.921875>) quick accessed a lock!
[17:08:20] Player (MikaBrandon, 76561198215565199)(<3489.337402, 294.240662, 8587.921875>) quick accessed a lock!
[17:12:13] Player (Hyale, 76561197994452607)(<8405.186523, 162.644699, 12212.749023>) set a new passcode on lock!
[17:12:13] Player (Hyale, 76561197994452607)(<8405.186523, 162.644699, 12212.749023>) claimed ownership of a lock!
[17:13:17] Player (MikaBrandon, 76561198215565199)(<3487.288086, 294.240875, 8576.301758>) quick accessed a lock!
[17:14:08] Player (MikaBrandon, 76561198215565199)(<3489.337402, 294.240662, 8587.921875>) quick accessed a lock!
[17:15:16] Player (MikaBrandon, 76561198215565199)(<3489.337402, 294.240662, 8587.921875>) quick accessed a lock!
[17:19:18] Player (MikaBrandon, 76561198215565199)(<3487.288086, 294.240875, 8576.301758>) quick accessed a lock!
[17:19:22] Player (MikaBrandon, 76561198215565199)(<3491.171631, 297.181915, 8571.373047>) quick accessed a lock!
[17:19:41] Player (MikaBrandon, 76561198215565199)(<3487.288086, 294.240875, 8576.301758>) quick accessed a lock!
[17:20:52] Player (MikaBrandon, 76561198215565199)(<3489.337402, 294.240662, 8587.921875>) quick accessed a lock!
[17:21:00] Player (MikaBrandon, 76561198215565199)(<3483.610840, 295.613312, 8592.157227>) quick accessed a lock!
[17:21:17] Player (MikaBrandon, 76561198215565199)(<3483.610840, 295.613312, 8592.157227>) quick accessed a lock!
[17:23:09] Player (MikaBrandon, 76561198215565199)(<3489.337402, 294.240662, 8587.921875>) quick accessed a lock!
[17:23:56] Player (MikaBrandon, 76561198215565199)(<3489.337402, 294.240662, 8587.921875>) quick accessed a lock!
[17:24:16] Player (MikaBrandon, 76561198215565199)(<3489.337402, 294.240662, 8587.921875>) quick accessed a lock!
[17:26:00] Player (MikaBrandon, 76561198215565199)(<3487.288086, 294.240875, 8576.301758>) quick accessed a lock!
[17:26:29] Player (MikaBrandon, 76561198215565199)(<3487.288086, 294.240875, 8576.301758>) quick accessed a lock!
[17:33:55] Player (MikaBrandon, 76561198215565199)(<3487.288086, 294.240875, 8576.301758>) quick accessed a lock!
[17:33:59] Player (MikaBrandon, 76561198215565199)(<3491.171631, 297.181915, 8571.373047>) quick accessed a lock!
[17:34:13] Player (MikaBrandon, 76561198215565199)(<3491.171631, 297.181915, 8571.373047>) quick accessed a lock!
[17:34:16] Player (MikaBrandon, 76561198215565199)(<3487.288086, 294.240875, 8576.301758>) quick accessed a lock!
[17:38:53] Player (Prophecy, 76561198990415902)(<5255.075684, 306.017731, 5502.657715>) quick accessed a lock!
[17:42:41] Player (Prophecy, 76561198990415902)(<5255.075684, 306.017731, 5502.657715>) quick accessed a lock!
[17:45:27] Player (MikaBrandon, 76561198215565199)(<3491.171631, 297.181915, 8571.373047>) quick accessed a lock!
[17:45:46] Player (MikaBrandon, 76561198215565199)(<3489.337402, 294.240662, 8587.921875>) quick accessed a lock!
[17:46:01] Player (NicFit, 76561198086129271)(<6933.153320, 58.022518, 3674.160889>) set a new passcode on lock!
[17:46:01] Player (NicFit, 76561198086129271)(<6933.153320, 58.022518, 3674.160889>) claimed ownership of a lock!
[17:47:05] Player (MikaBrandon, 76561198215565199)(<3487.288086, 294.240875, 8576.301758>) quick accessed a lock!
[17:47:26] Player (MikaBrandon, 76561198215565199)(<3487.288086, 294.240875, 8576.301758>) quick accessed a lock!
[17:51:15] Player (MikaBrandon, 76561198215565199)(<3489.337402, 294.240662, 8587.921875>) quick accessed a lock!
[17:53:04] Player (MikaBrandon, 76561198215565199)(<3489.337402, 294.240662, 8587.921875>) quick accessed a lock!
[17:53:20] Player (MikaBrandon, 76561198215565199)(<3487.288086, 294.240875, 8576.301758>) quick accessed a lock!
[17:53:22] Player (MikaBrandon, 76561198215565199)(<3486.234131, 294.241089, 8570.395508>) quick accessed a lock!
[03-07-2021][18.02.10] Log file reloaded ( Server Restart )
[18:04:18] Player (NicFit, 76561198086129271)(<6937.594238, 58.649269, 3680.769775>) quick accessed a lock!
[18:19:59] Player (Prophecy, 76561198990415902)(<5272.670410, 308.993317, 5505.040527>) set a new passcode on lock!
[18:19:59] Player (Prophecy, 76561198990415902)(<5272.670410, 308.993317, 5505.040527>) claimed ownership of a lock!
[18:20:43] Player (Prophecy, 76561198990415902)(<5255.075684, 306.017731, 5502.657715>) quick accessed a lock!
[18:23:22] Player (Prophecy, 76561198990415902)(<5255.075684, 306.017731, 5502.657715>) quick accessed a lock!
[18:23:54] Player (Prophecy, 76561198990415902)(<5255.075684, 306.017731, 5502.657715>) quick accessed a lock!
[18:24:51] Player (Prophecy, 76561198990415902)(<5255.075684, 306.017731, 5502.657715>) quick accessed a lock!
[18:27:07] Player (Prophecy, 76561198990415902)(<5255.075684, 306.017731, 5502.657715>) quick accessed a lock!
[18:28:23] Player (Prophecy, 76561198990415902)(<5255.075684, 306.017731, 5502.657715>) quick accessed a lock!
[18:30:47] Player (Prophecy, 76561198990415902)(<5255.075684, 306.017731, 5502.657715>) quick accessed a lock!
[18:33:00] Player (Prophecy, 76561198990415902)(<5255.075684, 306.017731, 5502.657715>) quick accessed a lock!
[18:34:14] Player (Prophecy, 76561198990415902)(<5272.670410, 308.993317, 5505.040527>) quick accessed a lock!
[18:37:26] Player (NicFit, 76561198086129271)(<6930.353516, 58.084438, 3689.323975>) set a new passcode on lock!
[18:37:26] Player (NicFit, 76561198086129271)(<6930.353516, 58.084438, 3689.323975>) claimed ownership of a lock!
[18:38:50] Player (Prophecy, 76561198990415902)(<5255.075684, 306.017731, 5502.657715>) quick accessed a lock!
[18:42:34] Player (NicFit, 76561198086129271)(<6943.061035, 58.101555, 3688.918213>) set a new passcode on lock!
[18:42:34] Player (NicFit, 76561198086129271)(<6943.061035, 58.101555, 3688.918213>) claimed ownership of a lock!
[18:43:32] Player (Prophecy, 76561198990415902)(<5255.075684, 306.017731, 5502.657715>) quick accessed a lock!
[18:45:58] Player (Prophecy, 76561198990415902)(<5268.548340, 306.574585, 5517.510742>) quick accessed a lock!
[19:01:11] Player (NicFit, 76561198086129271)(<6937.594238, 58.649269, 3680.769775>) quick accessed a lock!
[19:04:00] Player (NicFit, 76561198086129271)(<6930.353516, 58.084438, 3689.323975>) quick accessed a lock!
[19:07:22] Player (NicFit, 76561198086129271)(<6943.061035, 58.101555, 3688.918213>) quick accessed a lock!
[19:08:57] Player (NicFit, 76561198086129271)(<6930.353516, 58.084438, 3689.323975>) quick accessed a lock!
[19:18:14] Player (NicFit, 76561198086129271)(<6930.353516, 58.084438, 3689.323975>) quick accessed a lock!
[19:19:33] Player (NicFit, 76561198086129271)(<6930.353516, 58.084438, 3689.323975>) quick accessed a lock!
[19:44:20] Player (Prophecy, 76561198990415902)(<5272.670410, 308.993317, 5505.040527>) quick accessed a lock!
[19:45:29] Player (Prophecy, 76561198990415902)(<5272.670410, 308.993317, 5505.040527>) quick accessed a lock!
[19:46:35] Player (NicFit, 76561198086129271)(<6930.353516, 58.084438, 3689.323975>) quick accessed a lock!
[19:46:41] Player (NicFit, 76561198086129271)(<6930.353516, 58.084438, 3689.323975>) quick accessed a lock!
[19:47:00] Player (Prophecy, 76561198990415902)(<5277.693359, 306.573822, 5517.387695>) set a new passcode on lock!
[19:47:00] Player (Prophecy, 76561198990415902)(<5277.693359, 306.573822, 5517.387695>) claimed ownership of a lock!
[19:47:02] Player (NicFit, 76561198086129271)(<6933.153320, 58.022518, 3674.160889>) quick accessed a lock!
[19:48:12] Player (Prophecy, 76561198990415902)(<5255.075684, 306.017731, 5502.657715>) quick accessed a lock!
[19:48:14] Player (NicFit, 76561198086129271)(<6933.153320, 58.022518, 3674.160889>) quick accessed a lock!
[19:48:35] Player (Prophecy, 76561198990415902)(<5255.075684, 306.017731, 5502.657715>) quick accessed a lock!
[19:51:11] Player (NicFit, 76561198086129271)(<6937.594238, 58.649269, 3680.769775>) quick accessed a lock!
[19:52:05] Player (NicFit, 76561198086129271)(<6937.594238, 58.649269, 3680.769775>) quick accessed a lock!
[19:52:43] Player (Prophecy, 76561198990415902)(<5268.548340, 306.574585, 5517.510742>) quick accessed a lock!
[19:53:06] Player (NicFit, 76561198086129271)(<6938.311523, 58.166321, 3691.953369>) set a new passcode on lock!
[19:53:06] Player (NicFit, 76561198086129271)(<6938.311523, 58.166321, 3691.953369>) claimed ownership of a lock!
[19:53:21] Player (Prophecy, 76561198990415902)(<5255.075684, 306.017731, 5502.657715>) quick accessed a lock!
[19:53:48] Player (Prophecy, 76561198990415902)(<5255.075684, 306.017731, 5502.657715>) quick accessed a lock!
[19:54:53] Player (NicFit, 76561198086129271)(<6938.311523, 58.166321, 3691.953369>) quick accessed a lock!
[19:54:54] Player (Prophecy, 76561198990415902)(<5255.075684, 306.017731, 5502.657715>) quick accessed a lock!
[19:55:26] Player (NicFit, 76561198086129271)(<6938.311523, 58.166321, 3691.953369>) quick accessed a lock!
[19:56:19] Player (Prophecy, 76561198990415902)(<5255.075684, 306.017731, 5502.657715>) quick accessed a lock!
[19:57:19] Player (NicFit, 76561198086129271)(<6938.311523, 58.166321, 3691.953369>) quick accessed a lock!
[19:57:37] Player (NicFit, 76561198086129271)(<6937.594238, 58.649269, 3680.769775>) quick accessed a lock!
[19:58:24] Player (NicFit, 76561198086129271)(<6938.311523, 58.166321, 3691.953369>) quick accessed a lock!
[20:00:35] Player (Prophecy, 76561198990415902)(<5255.075684, 306.017731, 5502.657715>) quick accessed a lock!
[20:01:07] Player (NicFit, 76561198086129271)(<6938.311523, 58.166321, 3691.953369>) quick accessed a lock!
[20:02:12] Player (NicFit, 76561198086129271)(<6938.311523, 58.166321, 3691.953369>) quick accessed a lock!
[20:03:37] Player (NicFit, 76561198086129271)(<6938.311523, 58.166321, 3691.953369>) quick accessed a lock!
[20:06:05] Player (NicFit, 76561198086129271)(<6933.153320, 58.022518, 3674.160889>) quick accessed a lock!
[20:07:03] Player (NicFit, 76561198086129271)(<6930.353516, 58.084438, 3689.323975>) quick accessed a lock!
[20:07:54] Player (NicFit, 76561198086129271)(<6930.353516, 58.084438, 3689.323975>) quick accessed a lock!
[20:08:05] Player (NicFit, 76561198086129271)(<6930.353516, 58.084438, 3689.323975>) quick accessed a lock!
[20:16:52] Player (NicFit, 76561198086129271)(<6930.353516, 58.084438, 3689.323975>) quick accessed a lock!
[20:21:00] Player (NicFit, 76561198086129271)(<6930.353516, 58.084438, 3689.323975>) quick accessed a lock!
[20:46:27] Player (NicFit, 76561198086129271)(<6930.353516, 58.084438, 3689.323975>) quick accessed a lock!
[20:47:09] Player (NicFit, 76561198086129271)(<6937.594238, 58.649269, 3680.769775>) quick accessed a lock!
[20:49:14] Player (NicFit, 76561198086129271)(<6930.353516, 58.084438, 3689.323975>) quick accessed a lock!
[20:51:46] Player (Rel, 76561198999593356)(<4140.387207, 293.075775, 7205.596680>) quick accessed a lock!
[20:55:28] Player (NicFit, 76561198086129271)(<6933.153320, 58.022518, 3674.160889>) quick accessed a lock!
[20:58:08] Player (Rel, 76561198999593356)(<4130.463867, 292.924927, 7207.721680>) quick accessed a lock!
[20:58:42] Player (Rel, 76561198999593356)(<4118.565918, 293.142914, 7208.680664>) quick accessed a lock!
[20:58:44] Player (Rel, 76561198999593356)(<4121.223633, 293.142914, 7205.557129>) quick accessed a lock!
[21:00:05] Player (NicFit, 76561198086129271)(<6943.061035, 58.101555, 3688.918213>) quick accessed a lock!
[21:14:18] Player (MissionHades, 76561199101605101)(<1517.586426, 279.136688, 12029.351563>) quick accessed a lock!
[21:27:07] Player (Rel, 76561198999593356)(<4118.565918, 293.142914, 7208.680664>) quick accessed a lock!
[21:27:16] Player (Rel, 76561198999593356)(<4130.463867, 292.924927, 7207.721680>) quick accessed a lock!
[21:36:51] Player (Rel, 76561198999593356)(<4140.387207, 293.075775, 7205.596680>) quick accessed a lock!
[21:44:12] Player (Prophecy, 76561198990415902)(<5255.075684, 306.017731, 5502.657715>) quick accessed a lock!
[21:44:23] Player (Prophecy, 76561198990415902)(<5268.548340, 306.574585, 5517.510742>) quick accessed a lock!
[21:46:36] Player (Bernd, 76561197965508404)(<4859.521484, 319.519501, 5753.780762>) quick accessed a lock!
[21:47:46] Player (Prophecy, 76561198990415902)(<5268.548340, 306.574585, 5517.510742>) quick accessed a lock!
[03-07-2021][22.01.18] Log file reloaded ( Server Restart )
[22:04:22] Player (Prophecy, 76561198990415902)(<5268.548340, 306.574585, 5517.510742>) quick accessed a lock!
[22:05:46] Player (Prophecy, 76561198990415902)(<5268.548340, 306.574585, 5517.510742>) quick accessed a lock!
[22:08:05] Player (Prophecy, 76561198990415902)(<5255.075684, 306.017731, 5502.657715>) quick accessed a lock!
[22:14:14] Player (Prophecy, 76561198990415902)(<5268.548340, 306.574585, 5517.510742>) quick accessed a lock!
[22:16:33] Player (Rel, 76561198999593356)(<4140.387207, 293.075775, 7205.596680>) removed a lock!
[22:17:14] Player (Rel, 76561198999593356)(<4130.463867, 292.924927, 7207.721680>) removed a lock!
[22:17:39] Player (Rel, 76561198999593356)(<4121.223633, 293.142914, 7205.557129>) removed a lock!
[22:18:11] Player (Rel, 76561198999593356)(<4118.565918, 293.142914, 7208.680664>) removed a lock!
[22:18:44] Player (Prophecy, 76561198990415902)(<5255.075684, 306.017731, 5502.657715>) quick accessed a lock!
[22:21:08] Player (Prophecy, 76561198990415902)(<5255.075684, 306.017731, 5502.657715>) quick accessed a lock!
[22:22:46] Player (Prophecy, 76561198990415902)(<5268.548340, 306.574585, 5517.510742>) quick accessed a lock!
[22:24:27] Player (Prophecy, 76561198990415902)(<5268.548340, 306.574585, 5517.510742>) quick accessed a lock!
[22:34:41] Player (JevBurns, 76561198068395829)(<2996.219971, 369.913025, 6742.409180>) set a new passcode on lock!
[22:34:41] Player (JevBurns, 76561198068395829)(<2996.219971, 369.913025, 6742.409180>) claimed ownership of a lock!
[23:23:50] Player (Prophecy, 76561198990415902)(<11798.565430, 27.607758, 14237.015625>) quick accessed a lock!
[23:48:49] Player (tretli, 76561198393217796)(<12096.742188, 3.140198, 3374.597656>) quick accessed a lock!
[23:49:29] Player (tretli, 76561198393217796)(<12096.742188, 3.140198, 3374.597656>) quick accessed a lock!
[23:50:49] Player (tretli, 76561198393217796)(<12087.472656, 3.140198, 3384.060547>) quick accessed a lock!
[23:55:21] Player (Helmut Lootie, 76561198065413312)(<3697.718750, 305.022583, 8241.563477>) set a new passcode on lock!
[23:55:21] Player (Helmut Lootie, 76561198065413312)(<3697.718750, 305.022583, 8241.563477>) claimed ownership of a lock!
[23:55:38] Player (Helmut Lootie, 76561198065413312)(<3711.371826, 305.015656, 8279.054688>) set a new passcode on lock!
[23:55:38] Player (Helmut Lootie, 76561198065413312)(<3711.371826, 305.015656, 8279.054688>) claimed ownership of a lock!
[23:56:47] Player (Helmut Lootie, 76561198065413312)(<3719.772705, 305.302094, 8236.056641>) set a new passcode on lock!
[23:56:47] Player (Helmut Lootie, 76561198065413312)(<3719.772705, 305.302094, 8236.056641>) claimed ownership of a lock!
[00:01:53] Player (Helmut Lootie, 76561198065413312)(<3719.772705, 305.302094, 8236.056641>) quick accessed a lock!
[00:02:14] Player (Helmut Lootie, 76561198065413312)(<3697.718750, 305.022583, 8241.563477>) quick accessed a lock!
[00:03:40] Player (Helmut Lootie, 76561198065413312)(<3711.371826, 305.015656, 8279.054688>) quick accessed a lock!
[00:32:45] Player (Korwiin, 76561198013080573)(<3719.772705, 305.302094, 8236.056641>) accessed a lock!
[00:32:45] Player (Korwiin, 76561198013080573)(<3719.772705, 305.302094, 8236.056641>) was added as a guest of a lock!
[00:33:02] Player (Korwiin, 76561198013080573)(<3711.371826, 305.015656, 8279.054688>) accessed a lock!
[00:33:02] Player (Korwiin, 76561198013080573)(<3711.371826, 305.015656, 8279.054688>) was added as a guest of a lock!
[00:37:58] Player (Helmut Lootie, 76561198065413312)(<3719.772705, 305.302094, 8236.056641>) quick accessed a lock!
[00:52:53] Player (Helmut Lootie, 76561198065413312)(<3691.996826, 304.166504, 8254.534180>) set a new passcode on lock!
[00:52:53] Player (Helmut Lootie, 76561198065413312)(<3691.996826, 304.166504, 8254.534180>) claimed ownership of a lock!
[00:58:35] Player (Helmut Lootie, 76561198065413312)(<3691.996826, 304.166504, 8254.534180>) quick accessed a lock!
[01:15:38] Player (Helmut Lootie, 76561198065413312)(<3711.371826, 305.015656, 8279.054688>) quick accessed a lock!
[01:17:03] Player (Helmut Lootie, 76561198065413312)(<3711.371826, 305.015656, 8279.054688>) quick accessed a lock!
[01:30:52] Player (Helmut Lootie, 76561198065413312)(<3697.718750, 305.022583, 8241.563477>) quick accessed a lock!
