[04-12-2021][02.03.10] New Access Log File Created!
[02:09:28] Player (Korwiin, 76561198013080573)(<7652.204102, 138.656174, 12870.273438>) quick accessed a lock!
[02:11:24] Player (Korwiin, 76561198013080573)(<7652.204102, 138.656174, 12870.273438>) quick accessed a lock!
[02:12:31] Player (NicFit, 76561198086129271)(<6934.305176, 64.038124, 3700.891846>) quick accessed a lock!
[02:12:36] Player (NicFit, 76561198086129271)(<6935.876953, 64.038116, 3704.676270>) quick accessed a lock!
[02:13:27] Player (NicFit, 76561198086129271)(<6931.692383, 66.978699, 3704.374268>) quick accessed a lock!
[02:13:34] Player (NicFit, 76561198086129271)(<6930.551758, 66.997383, 3709.342773>) quick accessed a lock!
[02:14:01] Player (NicFit, 76561198086129271)(<6940.228027, 60.961956, 3705.061768>) quick accessed a lock!
[02:14:18] Player (NicFit, 76561198086129271)(<6934.527344, 56.750614, 3674.505615>) quick accessed a lock!
[02:20:08] Player (NicFit, 76561198086129271)(<6934.527344, 56.750614, 3674.505615>) quick accessed a lock!
[02:20:42] Player (NicFit, 76561198086129271)(<6940.228027, 60.961956, 3705.061768>) quick accessed a lock!
[02:20:52] Player (NicFit, 76561198086129271)(<6931.692383, 66.978699, 3704.374268>) quick accessed a lock!
[02:22:14] Player (Korwiin, 76561198013080573)(<7652.204102, 138.656174, 12870.273438>) quick accessed a lock!
[02:22:30] Player (NicFit, 76561198086129271)(<6934.305176, 64.038124, 3700.891846>) quick accessed a lock!
[02:34:39] Player (Helmut Lootie, 76561198065413312)(<7652.204102, 138.656174, 12870.273438>) quick accessed a lock!
[02:37:05] Player (Helmut Lootie, 76561198065413312)(<7652.204102, 138.656174, 12870.273438>) quick accessed a lock!
[02:38:01] Player (Korwiin, 76561198013080573)(<7652.204102, 138.656174, 12870.273438>) quick accessed a lock!
[02:58:45] Player (Korwiin, 76561198013080573)(<7652.204102, 138.656174, 12870.273438>) quick accessed a lock!
[03:00:57] Player (Korwiin, 76561198013080573)(<7652.204102, 138.656174, 12870.273438>) quick accessed a lock!
[03:01:58] Player (Helmut Lootie, 76561198065413312)(<7652.204102, 138.656174, 12870.273438>) quick accessed a lock!
[03:02:38] Player (Korwiin, 76561198013080573)(<7648.631836, 141.446121, 12872.401367>) quick accessed a lock!
[03:03:55] Player (Korwiin, 76561198013080573)(<7648.631836, 141.446121, 12872.401367>) quick accessed a lock!
[03:04:01] Player (Korwiin, 76561198013080573)(<7648.631836, 141.446121, 12872.401367>) quick accessed a lock!
[03:04:33] Player (Korwiin, 76561198013080573)(<7646.515137, 141.446121, 12868.752930>) quick accessed a lock!
[03:07:00] Player (Korwiin, 76561198013080573)(<7652.204102, 138.656174, 12870.273438>) quick accessed a lock!
[03:09:02] Player (Korwiin, 76561198013080573)(<7652.204102, 138.656174, 12870.273438>) quick accessed a lock!
[03:09:31] Player (Korwiin, 76561198013080573)(<7652.204102, 138.656174, 12870.273438>) quick accessed a lock!
[03:21:01] Player (Korwiin, 76561198013080573)(<7652.204102, 138.656174, 12870.273438>) quick accessed a lock!
[04:16:25] Player (libertine09, 76561198198409010)(<6621.640137, 338.343811, 9285.472656>) quick accessed a lock!
[04:49:19] Player (libertine09, 76561198198409010)(<6628.982422, 338.313782, 9283.769531>) quick accessed a lock!
[05:34:54] Player (Jordan, 76561198999593356)(<12408.297852, 113.241402, 13355.431641>) quick accessed a lock!
[04-12-2021][06.01.18] Log file reloaded ( Server Restart )
[09:48:06] Player (Dr. Dingleberry, 76561198223714820)(<4561.810547, 338.356628, 14412.411133>) set a new passcode on lock!
[09:48:06] Player (Dr. Dingleberry, 76561198223714820)(<4561.810547, 338.356628, 14412.411133>) claimed ownership of a lock!
[09:48:41] Player (Dr. Dingleberry, 76561198223714820)(<4561.810547, 338.356628, 14412.411133>) quick accessed a lock!
[09:49:08] Player (Dr. Dingleberry, 76561198223714820)(<4561.810547, 338.356628, 14412.411133>) quick accessed a lock!
[09:49:36] Player (Dr. Dingleberry, 76561198223714820)(<4570.709473, 335.347839, 14415.300781>) quick accessed a lock!
[09:54:24] Player (Dr. Dingleberry, 76561198223714820)(<4585.147949, 333.801636, 14415.176758>) quick accessed a lock!
[09:55:45] Player (Dr. Dingleberry, 76561198223714820)(<4570.709473, 335.347839, 14415.300781>) quick accessed a lock!
[09:57:24] Player (Dr. Dingleberry, 76561198223714820)(<4570.709473, 335.347839, 14415.300781>) quick accessed a lock!
[09:57:45] Player (Dr. Dingleberry, 76561198223714820)(<4570.709473, 335.347839, 14415.300781>) quick accessed a lock!
[04-12-2021][10.00.55] Log file reloaded ( Server Restart )
[10:05:31] Player (Dr. Dingleberry, 76561198223714820)(<4570.709473, 335.347839, 14415.300781>) quick accessed a lock!
[10:05:49] Player (Dr. Dingleberry, 76561198223714820)(<4570.709473, 335.347839, 14415.300781>) quick accessed a lock!
[04-12-2021][11.50.21] Log file reloaded ( Server Restart )
[12:28:41] Player (Dr. Dingleberry, 76561198223714820)(<4570.709473, 335.347839, 14415.300781>) quick accessed a lock!
[12:31:20] Player (Dr. Dingleberry, 76561198223714820)(<4561.810547, 338.356628, 14412.411133>) quick accessed a lock!
[12:51:06] Player ([E4]Dragonite, 76561198254602740)(<3441.702148, 297.179047, 8511.938477>) quick accessed a lock!
[12:51:31] Player ([E4]Dragonite, 76561198254602740)(<3438.451416, 294.238281, 8505.000000>) quick accessed a lock!
[12:52:05] Player ([E4]Dragonite, 76561198254602740)(<3438.451416, 294.238281, 8505.000000>) quick accessed a lock!
[12:56:57] Player (Dr. Dingleberry, 76561198223714820)(<4585.147949, 333.801636, 14415.176758>) quick accessed a lock!
[13:10:53] Player (Dr. Dingleberry, 76561198223714820)(<4570.709473, 335.347839, 14415.300781>) quick accessed a lock!
[13:11:54] Player (Dr. Dingleberry, 76561198223714820)(<4570.709473, 335.347839, 14415.300781>) quick accessed a lock!
[13:14:03] Player (frenchy, 76561198969225016)(<6566.460449, 335.537048, 9297.761719>) quick accessed a lock!
[13:14:12] Player (frenchy, 76561198969225016)(<6574.390137, 338.477417, 9297.323242>) quick accessed a lock!
[13:16:21] Player (Chelsie, 76561198397482621)(<4122.462891, 226.449539, 4744.833008>) quick accessed a lock!
[13:17:57] Player (Chelsie, 76561198397482621)(<4120.605957, 223.965973, 4740.845215>) quick accessed a lock!
[13:24:42] Player (Chelsie, 76561198397482621)(<4122.462891, 226.449539, 4744.833008>) quick accessed a lock!
[13:24:47] Player (Chelsie, 76561198397482621)(<4122.462891, 226.449539, 4744.833008>) quick accessed a lock!
[13:24:48] Player (Chelsie, 76561198397482621)(<4122.462891, 226.449539, 4744.833008>) quick accessed a lock!
[13:26:55] Player (Dr. Dingleberry, 76561198223714820)(<4570.709473, 335.347839, 14415.300781>) quick accessed a lock!
[13:27:00] Player (Chelsie, 76561198397482621)(<4122.462891, 226.449539, 4744.833008>) quick accessed a lock!
[13:31:57] Player ([E4]Dragonite, 76561198254602740)(<3438.451416, 294.238281, 8505.000000>) quick accessed a lock!
[13:32:02] Player ([E4]Dragonite, 76561198254602740)(<3441.702148, 297.179047, 8511.938477>) quick accessed a lock!
[13:32:25] Player (Chelsie, 76561198397482621)(<4122.462891, 226.449539, 4744.833008>) quick accessed a lock!
[13:34:25] Player ([E4]Dragonite, 76561198254602740)(<3438.451416, 294.238281, 8505.000000>) quick accessed a lock!
[13:35:46] Player ([E4]Dragonite, 76561198254602740)(<3438.451416, 294.238281, 8505.000000>) quick accessed a lock!
[13:43:58] Player (Dr. Dingleberry, 76561198223714820)(<4570.709473, 335.347839, 14415.300781>) quick accessed a lock!
[13:44:37] Player (Dr. Dingleberry, 76561198223714820)(<4570.709473, 335.347839, 14415.300781>) quick accessed a lock!
[13:51:19] Player (Dr. Dingleberry, 76561198223714820)(<4570.709473, 335.347839, 14415.300781>) quick accessed a lock!
[13:57:40] Player (Dr. Dingleberry, 76561198223714820)(<4570.709473, 335.347839, 14415.300781>) quick accessed a lock!
[04-12-2021][14.00.51] Log file reloaded ( Server Restart )
[14:07:34] Player (Dr. Dingleberry, 76561198223714820)(<4561.810547, 338.356628, 14412.411133>) quick accessed a lock!
[14:07:36] Player (frenchy, 76561198969225016)(<6566.460449, 335.537048, 9297.761719>) quick accessed a lock!
[14:12:42] Player (Dr. Dingleberry, 76561198223714820)(<4570.709473, 335.347839, 14415.300781>) quick accessed a lock!
[14:15:23] Player ([E4]Dragonite, 76561198254602740)(<3438.451416, 294.238281, 8505.000000>) quick accessed a lock!
[14:15:31] Player ([E4]Dragonite, 76561198254602740)(<3441.702148, 297.179047, 8511.938477>) quick accessed a lock!
[14:22:51] Player ([E4]Dragonite, 76561198254602740)(<3435.809814, 294.214264, 8520.870117>) quick accessed a lock!
[14:23:49] Player ([E4]Dragonite, 76561198254602740)(<3441.702148, 297.179047, 8511.938477>) quick accessed a lock!
[14:25:07] Player ([E4]Dragonite, 76561198254602740)(<3435.809814, 294.214264, 8520.870117>) quick accessed a lock!
[14:26:40] Player ([E4]Dragonite, 76561198254602740)(<3435.809814, 294.214264, 8520.870117>) quick accessed a lock!
[14:26:50] Player ([E4]Dragonite, 76561198254602740)(<3438.451416, 294.238281, 8505.000000>) quick accessed a lock!
[14:37:42] Player (frenchy, 76561198969225016)(<6574.390137, 338.477417, 9297.323242>) quick accessed a lock!
[14:37:47] Player (frenchy, 76561198969225016)(<6574.390137, 338.477417, 9297.323242>) quick accessed a lock!
[14:38:41] Player (Dr. Dingleberry, 76561198223714820)(<4570.709473, 335.347839, 14415.300781>) quick accessed a lock!
[14:38:46] Player (Dr. Dingleberry, 76561198223714820)(<4585.147949, 333.801636, 14415.176758>) quick accessed a lock!
[14:39:16] Player (quadlock, 76561198162344833)(<3260.278809, 213.167038, 13056.075195>) quick accessed a lock!
[14:39:20] Player (quadlock, 76561198162344833)(<3254.467773, 215.025970, 13062.179688>) quick accessed a lock!
[14:39:22] Player (quadlock, 76561198162344833)(<3254.467773, 215.025970, 13062.179688>) quick accessed a lock!
[14:41:46] Player (Dr. Dingleberry, 76561198223714820)(<4570.709473, 335.347839, 14415.300781>) quick accessed a lock!
[14:41:47] Player (quadlock, 76561198162344833)(<3254.467773, 215.025970, 13062.179688>) quick accessed a lock!
[14:41:50] Player (quadlock, 76561198162344833)(<3254.467773, 215.025970, 13062.179688>) quick accessed a lock!
[14:41:52] Player (quadlock, 76561198162344833)(<3254.467773, 215.025970, 13062.179688>) quick accessed a lock!
[14:41:55] Player (quadlock, 76561198162344833)(<3260.278809, 213.167038, 13056.075195>) quick accessed a lock!
[14:43:17] Player (quadlock, 76561198162344833)(<3254.467773, 215.025970, 13062.179688>) quick accessed a lock!
[14:57:40] Player (frenchy, 76561198969225016)(<6566.460449, 335.537048, 9297.761719>) quick accessed a lock!
[15:00:11] Player ([E4]Dragonite, 76561198254602740)(<3438.451416, 294.238281, 8505.000000>) quick accessed a lock!
[15:00:19] Player ([E4]Dragonite, 76561198254602740)(<3438.451416, 294.238281, 8505.000000>) quick accessed a lock!
[15:00:31] Player ([E4]Dragonite, 76561198254602740)(<3435.809814, 294.214264, 8520.870117>) quick accessed a lock!
[15:03:07] Player (frenchy, 76561198969225016)(<6566.460449, 335.537048, 9297.761719>) quick accessed a lock!
[15:09:06] Player ([E4]Dragonite, 76561198254602740)(<3441.702148, 297.179047, 8511.938477>) quick accessed a lock!
[15:09:42] Player ([E4]Dragonite, 76561198254602740)(<3438.451416, 294.238281, 8505.000000>) quick accessed a lock!
[15:09:57] Player ([E4]Dragonite, 76561198254602740)(<3441.702148, 297.179047, 8511.938477>) quick accessed a lock!
[15:11:20] Player (Dr. Dingleberry, 76561198223714820)(<4570.709473, 335.347839, 14415.300781>) quick accessed a lock!
[15:12:28] Player (Dr. Dingleberry, 76561198223714820)(<4570.709473, 335.347839, 14415.300781>) quick accessed a lock!
[15:15:38] Player (quadlock, 76561198162344833)(<3254.467773, 215.025970, 13062.179688>) quick accessed a lock!
[15:15:39] Player (quadlock, 76561198162344833)(<3254.467773, 215.025970, 13062.179688>) quick accessed a lock!
[15:15:41] Player (quadlock, 76561198162344833)(<3254.467773, 215.025970, 13062.179688>) quick accessed a lock!
[15:16:12] Player ([E4]Dragonite, 76561198254602740)(<3441.702148, 297.179047, 8511.938477>) quick accessed a lock!
[15:17:07] Player ([E4]Dragonite, 76561198254602740)(<3441.702148, 297.179047, 8511.938477>) quick accessed a lock!
[15:18:27] Player ([E4]Dragonite, 76561198254602740)(<3435.809814, 294.214264, 8520.870117>) quick accessed a lock!
[15:19:18] Player ([E4]Dragonite, 76561198254602740)(<3438.451416, 294.238281, 8505.000000>) quick accessed a lock!
[15:19:53] Player ([E4]Dragonite, 76561198254602740)(<3438.451416, 294.238281, 8505.000000>) quick accessed a lock!
[15:20:44] Player (quadlock, 76561198162344833)(<3254.467773, 215.025970, 13062.179688>) quick accessed a lock!
[15:20:51] Player ([E4]Dragonite, 76561198254602740)(<3438.451416, 294.238281, 8505.000000>) quick accessed a lock!
[15:22:03] Player ([E4]Dragonite, 76561198254602740)(<3438.451416, 294.238281, 8505.000000>) quick accessed a lock!
[15:23:29] Player ([E4]Dragonite, 76561198254602740)(<3435.809814, 294.214264, 8520.870117>) quick accessed a lock!
[15:23:32] Player (quadlock, 76561198162344833)(<3260.278809, 213.167038, 13056.075195>) quick accessed a lock!
[15:23:53] Player (quadlock, 76561198162344833)(<3260.278809, 213.167038, 13056.075195>) quick accessed a lock!
[15:24:41] Player ([E4]Dragonite, 76561198254602740)(<3438.451416, 294.238281, 8505.000000>) quick accessed a lock!
[15:26:34] Player (NoKatanaBanana, 76561198165336762)(<6517.849121, 390.607605, 5606.904297>) quick accessed a lock!
[15:26:59] Player ([E4]Dragonite, 76561198254602740)(<3438.451416, 294.238281, 8505.000000>) quick accessed a lock!
[15:27:06] Player ([E4]Dragonite, 76561198254602740)(<3441.702148, 297.179047, 8511.938477>) quick accessed a lock!
[15:27:50] Player ([E4]Dragonite, 76561198254602740)(<3438.451416, 294.238281, 8505.000000>) quick accessed a lock!
[15:28:03] Player ([E4]Dragonite, 76561198254602740)(<3438.451416, 294.238281, 8505.000000>) quick accessed a lock!
[15:28:15] Player ([E4]Dragonite, 76561198254602740)(<3438.451416, 294.238281, 8505.000000>) quick accessed a lock!
[15:29:01] Player ([E4]Dragonite, 76561198254602740)(<3438.451416, 294.238281, 8505.000000>) quick accessed a lock!
[15:29:24] Player ([E4]Dragonite, 76561198254602740)(<3438.451416, 294.238281, 8505.000000>) quick accessed a lock!
[15:29:39] Player ([E4]Dragonite, 76561198254602740)(<3441.702148, 297.179047, 8511.938477>) quick accessed a lock!
[15:29:50] Player ([E4]Dragonite, 76561198254602740)(<3438.451416, 294.238281, 8505.000000>) quick accessed a lock!
[15:30:30] Player ([E4]Dragonite, 76561198254602740)(<3438.451416, 294.238281, 8505.000000>) quick accessed a lock!
[15:31:16] Player ([E4]Dragonite, 76561198254602740)(<3438.451416, 294.238281, 8505.000000>) quick accessed a lock!
[15:32:03] Player (NoKatanaBanana, 76561198165336762)(<6517.849121, 390.607605, 5606.904297>) accessed a lock!
[15:32:03] Player (NoKatanaBanana, 76561198165336762)(<6517.849121, 390.607605, 5606.904297>) was added as a guest of a lock!
[15:32:11] Player (NoKatanaBanana, 76561198165336762)(<6517.849121, 390.607605, 5606.904297>) removed a lock!
[15:33:27] Player ([E4]Dragonite, 76561198254602740)(<3435.809814, 294.214264, 8520.870117>) quick accessed a lock!
[15:35:24] Player ([E4]Dragonite, 76561198254602740)(<3438.451416, 294.238281, 8505.000000>) quick accessed a lock!
[15:35:47] Player ([E4]Dragonite, 76561198254602740)(<3438.451416, 294.238281, 8505.000000>) accessed a lock!
[15:35:47] Player ([E4]Dragonite, 76561198254602740)(<3438.451416, 294.238281, 8505.000000>) was added as a guest of a lock!
[15:36:03] Player ([E4]Gucci, 76561199081216289)(<3438.451416, 294.238281, 8505.000000>) accessed a lock!
[15:36:03] Player ([E4]Gucci, 76561199081216289)(<3438.451416, 294.238281, 8505.000000>) was added as a guest of a lock!
[15:36:07] Player ([E4]Dragonite, 76561198254602740)(<3438.451416, 294.238281, 8505.000000>) quick accessed a lock!
[15:36:25] Player ([E4]Dragonite, 76561198254602740)(<3438.451416, 294.238281, 8505.000000>) quick accessed a lock!
[15:38:17] Player ([E4]Dragonite, 76561198254602740)(<3438.451416, 294.238281, 8505.000000>) quick accessed a lock!
[15:38:33] Player ([E4]Gucci, 76561199081216289)(<3438.451416, 294.238281, 8505.000000>) quick accessed a lock!
[15:42:58] Player (libertine09, 76561198198409010)(<6566.460449, 335.537048, 9297.761719>) quick accessed a lock!
[15:50:20] Player (quadlock, 76561198162344833)(<3260.278809, 213.167038, 13056.075195>) quick accessed a lock!
[15:56:17] Player (Dr. Dingleberry, 76561198223714820)(<4570.709473, 335.347839, 14415.300781>) quick accessed a lock!
[15:58:48] Player (Sarah, 76561198100717229)(<7803.769043, 313.596680, 6895.022949>) quick accessed a lock!
[15:59:08] Player (Sarah, 76561198100717229)(<7803.769043, 313.596680, 6895.022949>) quick accessed a lock!
[15:59:35] Player (quadlock, 76561198162344833)(<3260.278809, 213.167038, 13056.075195>) quick accessed a lock!
[16:04:08] Player (Sarah, 76561198100717229)(<7814.193848, 315.561035, 6895.966797>) quick accessed a lock!
[16:06:48] Player (quadlock, 76561198162344833)(<6547.820801, 393.913513, 5598.946289>) quick accessed a lock!
[16:07:11] Player (Sarah, 76561198100717229)(<7803.769043, 313.596680, 6895.022949>) quick accessed a lock!
[16:07:18] Player (Sarah, 76561198100717229)(<7798.347656, 313.578888, 6902.445313>) quick accessed a lock!
[16:07:42] Player (Sarah, 76561198100717229)(<7798.347656, 313.578888, 6902.445313>) quick accessed a lock!
[16:28:21] Player (frenchy, 76561198969225016)(<6566.460449, 335.537048, 9297.761719>) quick accessed a lock!
[16:34:15] Player (Jev, 76561198068395829)(<5062.670410, 290.810150, 6252.083008>) quick accessed a lock!
[16:34:16] Player (Jev, 76561198068395829)(<5062.670410, 290.810150, 6252.083008>) quick accessed a lock!
[17:11:36] Player (frenchy, 76561198969225016)(<6574.390137, 338.477417, 9297.323242>) quick accessed a lock!
[17:11:53] Player (frenchy, 76561198969225016)(<6574.390137, 338.477417, 9297.323242>) quick accessed a lock!
[17:44:26] Player (BlackStar, 76561198990415902)(<5268.548340, 306.574585, 5517.510742>) quick accessed a lock!
[17:45:25] Player (BlackStar, 76561198990415902)(<5268.548340, 306.574585, 5517.510742>) quick accessed a lock!
[17:47:25] Player (grizzly bear, 76561198839448946)(<6566.460449, 335.537048, 9297.761719>) quick accessed a lock!
[17:50:33] Player (grizzly bear, 76561198839448946)(<6566.460449, 335.537048, 9297.761719>) quick accessed a lock!
[17:50:43] Player (grizzly bear, 76561198839448946)(<6574.390137, 338.477417, 9297.323242>) quick accessed a lock!
[04-12-2021][18.01.11] Log file reloaded ( Server Restart )
[18:19:53] Player (frenchy, 76561198969225016)(<6574.390137, 338.477417, 9297.323242>) quick accessed a lock!
[18:35:07] Player (libertine09, 76561198198409010)(<6621.640137, 338.343811, 9285.472656>) quick accessed a lock!
[18:35:25] Player (libertine09, 76561198198409010)(<6621.640137, 338.343811, 9285.472656>) quick accessed a lock!
[18:36:25] Player (libertine09, 76561198198409010)(<6621.640137, 338.343811, 9285.472656>) quick accessed a lock!
[18:36:31] Player (libertine09, 76561198198409010)(<6628.982422, 338.313782, 9283.769531>) quick accessed a lock!
[18:37:04] Player (libertine09, 76561198198409010)(<6621.640137, 338.343811, 9285.472656>) quick accessed a lock!
[19:31:53] Player (libertine09, 76561198198409010)(<6628.982422, 338.313782, 9283.769531>) quick accessed a lock!
[19:34:23] Player (Jordan, 76561198999593356)(<12404.687500, 114.650787, 13348.131836>) quick accessed a lock!
[19:36:22] Player (Jev, 76561198068395829)(<5062.670410, 290.810150, 6252.083008>) quick accessed a lock!
[19:37:13] Player (Jordan, 76561198999593356)(<12404.687500, 114.650787, 13348.131836>) quick accessed a lock!
[19:39:10] Player (Jev, 76561198068395829)(<12408.297852, 113.241402, 13355.431641>) quick accessed a lock!
[19:41:38] Player (Dr. Dingleberry, 76561198223714820)(<4570.709473, 335.347839, 14415.300781>) quick accessed a lock!
[19:43:29] Player (Dr. Dingleberry, 76561198223714820)(<4570.709473, 335.347839, 14415.300781>) quick accessed a lock!
[19:44:05] Player (libertine09, 76561198198409010)(<6566.460449, 335.537048, 9297.761719>) quick accessed a lock!
[19:45:36] Player (libertine09, 76561198198409010)(<6566.460449, 335.537048, 9297.761719>) quick accessed a lock!
[19:56:11] Player (Sarah, 76561198100717229)(<7798.347656, 313.578888, 6902.445313>) quick accessed a lock!
[19:56:15] Player (Sarah, 76561198100717229)(<7798.347656, 313.578888, 6902.445313>) quick accessed a lock!
[19:56:25] Player (Dr. Dingleberry, 76561198223714820)(<4585.147949, 333.801636, 14415.176758>) quick accessed a lock!
[19:56:29] Player (Sarah, 76561198100717229)(<7803.769043, 313.596680, 6895.022949>) quick accessed a lock!
[19:56:49] Player (Jordan, 76561198999593356)(<12408.297852, 113.241402, 13355.431641>) quick accessed a lock!
[20:02:24] Player (Dr. Dingleberry, 76561198223714820)(<4570.709473, 335.347839, 14415.300781>) quick accessed a lock!
[20:02:27] Player (Dr. Dingleberry, 76561198223714820)(<4585.147949, 333.801636, 14415.176758>) quick accessed a lock!
[20:03:25] Player (Dr. Dingleberry, 76561198223714820)(<4585.147949, 333.801636, 14415.176758>) quick accessed a lock!
[20:04:35] Player (Sarah, 76561198100717229)(<7803.769043, 313.596680, 6895.022949>) quick accessed a lock!
[20:05:15] Player (GeePee, 76561198143562963)(<14016.833984, 3.288195, 13449.520508>) quick accessed a lock!
[20:05:45] Player (GeePee, 76561198143562963)(<14016.833984, 3.288195, 13449.520508>) quick accessed a lock!
[20:05:53] Player (GeePee, 76561198143562963)(<14003.272461, 7.405295, 13444.389648>) quick accessed a lock!
[20:06:04] Player (GeePee, 76561198143562963)(<14003.272461, 7.405295, 13444.389648>) quick accessed a lock!
[20:06:12] Player (GeePee, 76561198143562963)(<14016.833984, 3.288195, 13449.520508>) quick accessed a lock!
[20:07:07] Player (GeePee, 76561198143562963)(<14016.833984, 3.288195, 13449.520508>) quick accessed a lock!
[20:07:53] Player (libertine09, 76561198198409010)(<6628.982422, 338.313782, 9283.769531>) quick accessed a lock!
[20:07:58] Player (Toppskillz, 76561198143912910)(<6566.460449, 335.537048, 9297.761719>) quick accessed a lock!
[20:08:08] Player (libertine09, 76561198198409010)(<6628.982422, 338.313782, 9283.769531>) quick accessed a lock!
[20:08:39] Player (GeePee, 76561198143562963)(<14016.833984, 3.288195, 13449.520508>) quick accessed a lock!
[20:09:27] Player (GeePee, 76561198143562963)(<14016.833984, 3.288195, 13449.520508>) quick accessed a lock!
[20:10:10] Player (GeePee, 76561198143562963)(<14003.272461, 7.405295, 13444.389648>) quick accessed a lock!
[20:11:18] Player (Dr. Dingleberry, 76561198223714820)(<4570.709473, 335.347839, 14415.300781>) quick accessed a lock!
[20:17:48] Player (Dr. Dingleberry, 76561198223714820)(<4570.709473, 335.347839, 14415.300781>) quick accessed a lock!
[20:18:07] Player (libertine09, 76561198198409010)(<6628.982422, 338.313782, 9283.769531>) quick accessed a lock!
[20:21:00] Player (libertine09, 76561198198409010)(<6621.640137, 338.343811, 9285.472656>) quick accessed a lock!
[20:21:51] Player (rastanator, 76561198035432577)(<8257.185547, 356.236145, 7037.282227>) quick accessed a lock!
[20:22:58] Player (rastanator, 76561198035432577)(<8257.185547, 356.236145, 7037.282227>) quick accessed a lock!
[20:24:54] Player (GeePee, 76561198143562963)(<14003.272461, 7.405295, 13444.389648>) quick accessed a lock!
[20:28:21] Player (GeePee, 76561198143562963)(<14016.833984, 3.288195, 13449.520508>) quick accessed a lock!
[20:29:02] Player (GeePee, 76561198143562963)(<14016.833984, 3.288195, 13449.520508>) quick accessed a lock!
[20:29:21] Player (GeePee, 76561198143562963)(<14016.833984, 3.288195, 13449.520508>) quick accessed a lock!
[20:33:45] Player (GeePee, 76561198143562963)(<14016.833984, 3.288195, 13449.520508>) quick accessed a lock!
[20:34:43] Player (GeePee, 76561198143562963)(<14016.833984, 3.288195, 13449.520508>) quick accessed a lock!
[20:40:20] Player (rastanator, 76561198035432577)(<8257.185547, 356.236145, 7037.282227>) quick accessed a lock!
[20:41:21] Player (rastanator, 76561198035432577)(<8257.913086, 353.420319, 7030.072754>) quick accessed a lock!
[20:42:22] Player (rastanator, 76561198035432577)(<8249.459961, 353.295349, 7034.228027>) quick accessed a lock!
[20:46:31] Player (GeePee, 76561198143562963)(<14016.833984, 3.288195, 13449.520508>) quick accessed a lock!
[20:47:15] Player (rastanator, 76561198035432577)(<8252.997070, 356.360931, 7023.737305>) set a new passcode on lock!
[20:47:15] Player (rastanator, 76561198035432577)(<8252.997070, 356.360931, 7023.737305>) claimed ownership of a lock!
[20:47:49] Player (rastanator, 76561198035432577)(<8249.459961, 353.295349, 7034.228027>) quick accessed a lock!
[20:48:04] Player (rastanator, 76561198035432577)(<8257.185547, 356.236145, 7037.282227>) quick accessed a lock!
[20:48:16] Player (rastanator, 76561198035432577)(<8257.185547, 356.236145, 7037.282227>) quick accessed a lock!
[20:48:30] Player (rastanator, 76561198035432577)(<8257.185547, 356.236145, 7037.282227>) quick accessed a lock!
[20:48:54] Player (rastanator, 76561198035432577)(<8257.185547, 356.236145, 7037.282227>) quick accessed a lock!
[20:49:40] Player (GeePee, 76561198143562963)(<14003.272461, 7.405295, 13444.389648>) quick accessed a lock!
[20:49:47] Player (GeePee, 76561198143562963)(<14003.272461, 7.405295, 13444.389648>) quick accessed a lock!
[20:54:04] Player (rastanator, 76561198035432577)(<8257.185547, 356.236145, 7037.282227>) quick accessed a lock!
[20:56:30] Player ([E4]Dragonite, 76561198254602740)(<3438.451416, 294.238281, 8505.000000>) quick accessed a lock!
[20:57:48] Player ([E4]Dragonite, 76561198254602740)(<3438.451416, 294.238281, 8505.000000>) quick accessed a lock!
[20:59:06] Player ([E4]Dragonite, 76561198254602740)(<3438.451416, 294.238281, 8505.000000>) quick accessed a lock!
[20:59:26] Player ([E4]Dragonite, 76561198254602740)(<3441.702148, 297.179047, 8511.938477>) quick accessed a lock!
[20:59:42] Player ([E4]Dragonite, 76561198254602740)(<3438.451416, 294.238281, 8505.000000>) quick accessed a lock!
[20:59:50] Player (GeePee, 76561198143562963)(<14016.833984, 3.288195, 13449.520508>) quick accessed a lock!
[21:00:12] Player (GeePee, 76561198143562963)(<14016.833984, 3.288195, 13449.520508>) quick accessed a lock!
[21:02:36] Player (Dr. Dingleberry, 76561198223714820)(<4570.709473, 335.347839, 14415.300781>) quick accessed a lock!
[21:17:45] Player (GeePee, 76561198143562963)(<14003.272461, 7.405295, 13444.389648>) quick accessed a lock!
[21:18:33] Player (GeePee, 76561198143562963)(<14016.833984, 3.288195, 13449.520508>) quick accessed a lock!
[21:24:50] Player (BlackStar, 76561198990415902)(<5268.548340, 306.574585, 5517.510742>) quick accessed a lock!
[21:25:59] Player (GeePee, 76561198143562963)(<14016.833984, 3.288195, 13449.520508>) quick accessed a lock!
[21:26:13] Player (GeePee, 76561198143562963)(<14016.833984, 3.288195, 13449.520508>) quick accessed a lock!
[21:26:48] Player (Dr. Dingleberry, 76561198223714820)(<4570.709473, 335.347839, 14415.300781>) quick accessed a lock!
[21:50:52] Player (GeePee, 76561198143562963)(<14016.833984, 3.288195, 13449.520508>) quick accessed a lock!
[21:56:08] Player ([E4]Gucci, 76561199081216289)(<1686.277344, 173.120758, 5064.564941>) accessed a lock!
[21:56:08] Player ([E4]Gucci, 76561199081216289)(<1686.277344, 173.120758, 5064.564941>) was added as a guest of a lock!
[21:56:41] Player ([E4]Gucci, 76561199081216289)(<1698.572510, 173.122879, 5068.382813>) accessed a lock!
[21:56:41] Player ([E4]Gucci, 76561199081216289)(<1698.572510, 173.122879, 5068.382813>) was added as a guest of a lock!
[21:57:36] Player ([E4]Gucci, 76561199081216289)(<1690.453003, 173.121490, 5059.394043>) accessed a lock!
[21:57:36] Player ([E4]Gucci, 76561199081216289)(<1690.453003, 173.121490, 5059.394043>) was added as a guest of a lock!
[21:58:06] Player ([E4]Dragonite, 76561198254602740)(<1686.277344, 173.120758, 5064.564941>) accessed a lock!
[21:58:06] Player ([E4]Dragonite, 76561198254602740)(<1686.277344, 173.120758, 5064.564941>) was added as a guest of a lock!
[04-12-2021][22.03.32] Log file reloaded ( Server Restart )
[22:07:53] Player ([E4]Gucci, 76561199081216289)(<1698.572510, 173.122879, 5068.382813>) quick accessed a lock!
[22:08:41] Player ([E4]Gucci, 76561199081216289)(<1686.277344, 173.120758, 5064.564941>) quick accessed a lock!
[22:12:40] Player ([E4]Dragonite, 76561198254602740)(<1686.277344, 173.120758, 5064.564941>) quick accessed a lock!
[22:12:49] Player ([E4]Gucci, 76561199081216289)(<1686.277344, 173.120758, 5064.564941>) quick accessed a lock!
[22:13:04] Player (GeePee, 76561198143562963)(<14016.833984, 3.288195, 13449.520508>) quick accessed a lock!
[22:18:00] Player (GeePee, 76561198143562963)(<14003.272461, 7.405295, 13444.389648>) quick accessed a lock!
[22:18:19] Player (GeePee, 76561198143562963)(<14003.272461, 7.405295, 13444.389648>) quick accessed a lock!
[22:20:08] Player (GeePee, 76561198143562963)(<14003.272461, 7.405295, 13444.389648>) quick accessed a lock!
[22:21:28] Player (GeePee, 76561198143562963)(<14016.833984, 3.288195, 13449.520508>) quick accessed a lock!
[22:22:22] Player (GeePee, 76561198143562963)(<14016.833984, 3.288195, 13449.520508>) quick accessed a lock!
[22:31:55] Player (GeePee, 76561198143562963)(<14003.272461, 7.405295, 13444.389648>) quick accessed a lock!
[22:36:00] Player ([E4]Gucci, 76561199081216289)(<3438.451416, 294.238281, 8505.000000>) quick accessed a lock!
[22:40:09] Player (GeePee, 76561198143562963)(<14016.833984, 3.288195, 13449.520508>) quick accessed a lock!
[22:46:38] Player (GeePee, 76561198143562963)(<14016.833984, 3.288195, 13449.520508>) quick accessed a lock!
[22:47:44] Player (GeePee, 76561198143562963)(<14003.272461, 7.405295, 13444.389648>) quick accessed a lock!
[22:47:55] Player (GeePee, 76561198143562963)(<14016.833984, 3.288195, 13449.520508>) quick accessed a lock!
[22:58:40] Player (mgokay, 76561198042235031)(<1898.992920, 293.118866, 9006.794922>) quick accessed a lock!
[22:58:52] Player (mgokay, 76561198042235031)(<1898.992920, 293.118866, 9006.794922>) quick accessed a lock!
[23:00:33] Player (mgokay, 76561198042235031)(<1898.992920, 293.118866, 9006.794922>) quick accessed a lock!
[23:00:37] Player (mgokay, 76561198042235031)(<1898.992920, 293.118866, 9006.794922>) quick accessed a lock!
[23:42:30] Player (libertine09, 76561198198409010)(<6621.640137, 338.343811, 9285.472656>) quick accessed a lock!
[23:51:01] Player (libertine09, 76561198198409010)(<6566.460449, 335.537048, 9297.761719>) quick accessed a lock!
[23:51:25] Player (libertine09, 76561198198409010)(<6582.509766, 335.536407, 9287.973633>) quick accessed a lock!
[23:55:15] Player (libertine09, 76561198198409010)(<6621.640137, 338.343811, 9285.472656>) quick accessed a lock!
[23:57:35] Player (libertine09, 76561198198409010)(<6628.982422, 338.313782, 9283.769531>) quick accessed a lock!
[23:57:47] Player (libertine09, 76561198198409010)(<6628.982422, 338.313782, 9283.769531>) quick accessed a lock!
[00:01:09] Player (libertine09, 76561198198409010)(<6628.982422, 338.313782, 9283.769531>) quick accessed a lock!
[00:02:25] Player (BlackStar, 76561198990415902)(<5268.548340, 306.574585, 5517.510742>) quick accessed a lock!
[00:06:34] Player (rastanator, 76561198035432577)(<8249.459961, 353.295349, 7034.228027>) quick accessed a lock!
[00:09:54] Player (libertine09, 76561198198409010)(<6566.460449, 335.537048, 9297.761719>) quick accessed a lock!
[00:11:19] Player (rastanator, 76561198035432577)(<8257.185547, 356.236145, 7037.282227>) quick accessed a lock!
[00:12:25] Player (libertine09, 76561198198409010)(<6628.982422, 338.313782, 9283.769531>) quick accessed a lock!
[00:15:13] Player (quadlock, 76561198162344833)(<3260.278809, 213.167038, 13056.075195>) quick accessed a lock!
[00:15:19] Player (quadlock, 76561198162344833)(<3254.467773, 215.025970, 13062.179688>) quick accessed a lock!
[00:15:51] Player (quadlock, 76561198162344833)(<3254.467773, 215.025970, 13062.179688>) quick accessed a lock!
[00:16:52] Player (quadlock, 76561198162344833)(<3260.278809, 213.167038, 13056.075195>) quick accessed a lock!
[00:16:55] Player (quadlock, 76561198162344833)(<3254.467773, 215.025970, 13062.179688>) quick accessed a lock!
[00:17:37] Player (quadlock, 76561198162344833)(<3254.467773, 215.025970, 13062.179688>) quick accessed a lock!
[00:17:38] Player (quadlock, 76561198162344833)(<3260.278809, 213.167038, 13056.075195>) quick accessed a lock!
[00:19:18] Player (rastanator, 76561198035432577)(<8257.185547, 356.236145, 7037.282227>) quick accessed a lock!
[00:19:29] Player (rastanator, 76561198035432577)(<8257.913086, 353.420319, 7030.072754>) quick accessed a lock!
[00:21:35] Player (quadlock, 76561198162344833)(<3254.467773, 215.025970, 13062.179688>) quick accessed a lock!
[00:22:01] Player (quadlock, 76561198162344833)(<3254.467773, 215.025970, 13062.179688>) quick accessed a lock!
[00:25:12] Player (quadlock, 76561198162344833)(<3260.278809, 213.167038, 13056.075195>) quick accessed a lock!
[00:28:54] Player (quadlock, 76561198162344833)(<3260.278809, 213.167038, 13056.075195>) quick accessed a lock!
[00:29:06] Player (quadlock, 76561198162344833)(<3260.278809, 213.167038, 13056.075195>) quick accessed a lock!
[00:29:11] Player (quadlock, 76561198162344833)(<3260.278809, 213.167038, 13056.075195>) quick accessed a lock!
[01:28:29] Player (mgokay, 76561198042235031)(<1898.992920, 293.118866, 9006.794922>) quick accessed a lock!
[01:28:37] Player (mgokay, 76561198042235031)(<1898.992920, 293.118866, 9006.794922>) quick accessed a lock!
[01:28:40] Player (mgokay, 76561198042235031)(<1898.992920, 293.118866, 9006.794922>) quick accessed a lock!
[01:51:15] Player (rastanator, 76561198035432577)(<8256.940430, 353.342041, 7021.807617>) quick accessed a lock!
