[04-10-2021][02.00.53] New Access Log File Created!
[02:05:15] Player (GeePee, 76561198143562963)(<14003.272461, 7.405295, 13444.389648>) quick accessed a lock!
[02:05:43] Player (gokayen, 76561198396489573)(<1898.992920, 293.118866, 9006.794922>) quick accessed a lock!
[02:13:14] Player (Korwiin, 76561198013080573)(<7652.204102, 138.656174, 12870.273438>) quick accessed a lock!
[02:13:47] Player (Tulcus, 76561198421975055)(<1898.992920, 293.118866, 9006.794922>) quick accessed a lock!
[02:14:15] Player (digdogdiggitydan, 76561198388782003)(<6931.586914, 56.861805, 3686.584473>) quick accessed a lock!
[02:14:20] Player (digdogdiggitydan, 76561198388782003)(<6940.228027, 60.961956, 3705.061768>) quick accessed a lock!
[02:15:00] Player (NicFit, 76561198086129271)(<6931.692383, 66.978699, 3704.374268>) quick accessed a lock!
[02:15:52] Player (digdogdiggitydan, 76561198388782003)(<6935.876953, 64.038116, 3704.676270>) quick accessed a lock!
[02:17:31] Player (digdogdiggitydan, 76561198388782003)(<6931.586914, 56.861805, 3686.584473>) quick accessed a lock!
[02:18:10] Player (NicFit, 76561198086129271)(<6931.586914, 56.861805, 3686.584473>) quick accessed a lock!
[02:18:18] Player (NicFit, 76561198086129271)(<6931.586914, 56.861805, 3686.584473>) quick accessed a lock!
[02:19:06] Player (Tulcus, 76561198421975055)(<1898.992920, 293.118866, 9006.794922>) quick accessed a lock!
[02:20:36] Player (Jordan, 76561198999593356)(<12404.687500, 114.650787, 13348.131836>) quick accessed a lock!
[02:22:24] Player (Jordan, 76561198999593356)(<12404.687500, 114.650787, 13348.131836>) quick accessed a lock!
[02:22:38] Player (NicFit, 76561198086129271)(<6934.305176, 64.038124, 3700.891846>) quick accessed a lock!
[02:26:11] Player (NicFit, 76561198086129271)(<6954.129883, 56.568375, 3693.047363>) quick accessed a lock!
[02:26:22] Player (Korwiin, 76561198013080573)(<7652.204102, 138.656174, 12870.273438>) quick accessed a lock!
[02:30:09] Player (Jordan, 76561198999593356)(<12399.131836, 112.975136, 13365.269531>) quick accessed a lock!
[02:37:09] Player (Korwiin, 76561198013080573)(<7652.204102, 138.656174, 12870.273438>) quick accessed a lock!
[02:38:13] Player (gokayen, 76561198396489573)(<1898.992920, 293.118866, 9006.794922>) quick accessed a lock!
[02:38:15] Player (Tulcus, 76561198421975055)(<1898.992920, 293.118866, 9006.794922>) quick accessed a lock!
[02:46:05] Player (Korwiin, 76561198013080573)(<7652.204102, 138.656174, 12870.273438>) quick accessed a lock!
[02:46:22] Player (Korwiin, 76561198013080573)(<7648.631836, 141.446121, 12872.401367>) quick accessed a lock!
[02:47:01] Player (Korwiin, 76561198013080573)(<7646.515137, 141.446121, 12868.752930>) quick accessed a lock!
[02:47:10] Player (Korwiin, 76561198013080573)(<7652.288574, 141.446121, 12870.299805>) quick accessed a lock!
[02:47:59] Player (Korwiin, 76561198013080573)(<7652.204102, 138.656174, 12870.273438>) quick accessed a lock!
[02:49:34] Player (NicFit, 76561198086129271)(<6954.129883, 56.568375, 3693.047363>) quick accessed a lock!
[02:50:52] Player (rastanator, 76561198035432577)(<8257.913086, 353.420319, 7030.072754>) quick accessed a lock!
[02:57:28] Player (rastanator, 76561198035432577)(<8257.185547, 356.236145, 7037.282227>) quick accessed a lock!
[02:58:10] Player (rastanator, 76561198035432577)(<8255.325195, 354.292114, 7013.197266>) quick accessed a lock!
[03:03:14] Player (NicFit, 76561198086129271)(<6931.586914, 56.861805, 3686.584473>) quick accessed a lock!
[03:03:22] Player (NicFit, 76561198086129271)(<6940.228027, 60.961956, 3705.061768>) quick accessed a lock!
[03:03:29] Player (NicFit, 76561198086129271)(<6931.692383, 66.978699, 3704.374268>) quick accessed a lock!
[03:04:10] Player (NicFit, 76561198086129271)(<6934.305176, 64.038124, 3700.891846>) quick accessed a lock!
[03:07:57] Player (rastanator, 76561198035432577)(<8257.185547, 356.236145, 7037.282227>) quick accessed a lock!
[03:09:36] Player (rastanator, 76561198035432577)(<8257.185547, 356.236145, 7037.282227>) quick accessed a lock!
[03:12:28] Player (JevBurns, 76561198068395829)(<5063.693359, 288.822144, 6267.720215>) set a new passcode on lock!
[03:12:28] Player (JevBurns, 76561198068395829)(<5063.693359, 288.822144, 6267.720215>) claimed ownership of a lock!
[03:14:28] Player (JevBurns, 76561198068395829)(<5062.670410, 290.810150, 6252.083008>) set a new passcode on lock!
[03:14:28] Player (JevBurns, 76561198068395829)(<5062.670410, 290.810150, 6252.083008>) claimed ownership of a lock!
[03:19:00] Player (JevBurns, 76561198068395829)(<5063.693359, 288.822144, 6267.720215>) quick accessed a lock!
[03:20:45] Player (NicFit, 76561198086129271)(<6931.586914, 56.861805, 3686.584473>) quick accessed a lock!
[03:21:55] Player (NicFit, 76561198086129271)(<6940.228027, 60.961956, 3705.061768>) quick accessed a lock!
[03:22:35] Player (NicFit, 76561198086129271)(<6931.692383, 66.978699, 3704.374268>) quick accessed a lock!
[03:27:05] Player (JevBurns, 76561198068395829)(<5062.670410, 290.810150, 6252.083008>) quick accessed a lock!
[03:31:59] Player (Korwiin, 76561198013080573)(<7652.204102, 138.656174, 12870.273438>) quick accessed a lock!
[03:38:32] Player (Korwiin, 76561198013080573)(<7652.204102, 138.656174, 12870.273438>) quick accessed a lock!
[03:40:59] Player (Korwiin, 76561198013080573)(<7652.204102, 138.656174, 12870.273438>) quick accessed a lock!
[03:45:40] Player (Korwiin, 76561198013080573)(<7652.204102, 138.656174, 12870.273438>) quick accessed a lock!
[04:06:36] Player (GeePee, 76561198143562963)(<14003.272461, 7.405295, 13444.389648>) quick accessed a lock!
[04-10-2021][04.08.10] Log file reloaded ( Server Restart )
[04:11:53] Player (Jordan, 76561198999593356)(<12399.131836, 112.975136, 13365.269531>) quick accessed a lock!
[04:21:27] Player (Jordan, 76561198999593356)(<12404.687500, 114.650787, 13348.131836>) quick accessed a lock!
[04:39:22] Player (Korwiin, 76561198013080573)(<7652.204102, 138.656174, 12870.273438>) quick accessed a lock!
[05:49:54] Player (NicFit, 76561198086129271)(<6934.305176, 64.038124, 3700.891846>) quick accessed a lock!
[05:50:30] Player (NicFit, 76561198086129271)(<6940.228027, 60.961956, 3705.061768>) quick accessed a lock!
[05:52:09] Player (NicFit, 76561198086129271)(<6940.228027, 60.961956, 3705.061768>) quick accessed a lock!
[05:52:14] Player (NicFit, 76561198086129271)(<6931.692383, 66.978699, 3704.374268>) quick accessed a lock!
[05:53:41] Player (NicFit, 76561198086129271)(<6934.527344, 56.750614, 3674.505615>) quick accessed a lock!
[04-10-2021][06.00.53] Log file reloaded ( Server Restart )
[06:05:26] Player (NicFit, 76561198086129271)(<6934.527344, 56.750614, 3674.505615>) quick accessed a lock!
[06:14:22] Player (NicFit, 76561198086129271)(<6931.586914, 56.861805, 3686.584473>) quick accessed a lock!
[06:18:40] Player (NicFit, 76561198086129271)(<6940.228027, 60.961956, 3705.061768>) quick accessed a lock!
[06:19:57] Player (NicFit, 76561198086129271)(<6934.305176, 64.038124, 3700.891846>) quick accessed a lock!
[06:21:57] Player (NicFit, 76561198086129271)(<6931.692383, 66.978699, 3704.374268>) quick accessed a lock!
[06:32:11] Player (NicFit, 76561198086129271)(<6931.692383, 66.978699, 3704.374268>) quick accessed a lock!
[06:34:10] Player (NicFit, 76561198086129271)(<6935.876953, 64.038116, 3704.676270>) quick accessed a lock!
[06:34:40] Player (NicFit, 76561198086129271)(<6934.305176, 64.038124, 3700.891846>) quick accessed a lock!
[06:37:04] Player (NicFit, 76561198086129271)(<6940.228027, 60.961956, 3705.061768>) quick accessed a lock!
[06:47:14] Player (NicFit, 76561198086129271)(<6934.527344, 56.750614, 3674.505615>) quick accessed a lock!
[06:52:50] Player (NicFit, 76561198086129271)(<6934.527344, 56.750614, 3674.505615>) quick accessed a lock!
[06:53:02] Player (NicFit, 76561198086129271)(<6940.228027, 60.961956, 3705.061768>) quick accessed a lock!
[06:53:19] Player (NicFit, 76561198086129271)(<6934.305176, 64.038124, 3700.891846>) quick accessed a lock!
[06:53:54] Player (NicFit, 76561198086129271)(<6931.692383, 66.978699, 3704.374268>) quick accessed a lock!
[06:55:02] Player (NicFit, 76561198086129271)(<6934.305176, 64.038124, 3700.891846>) quick accessed a lock!
[09:20:30] Player ([FS]Gh0st, 76561198254602740)(<1686.277344, 173.120758, 5064.564941>) quick accessed a lock!
[09:20:33] Player ([FS]Gh0st, 76561198254602740)(<1686.277344, 173.120758, 5064.564941>) quick accessed a lock!
[09:20:46] Player ([FS]Gh0st, 76561198254602740)(<1698.572510, 173.122879, 5068.382813>) quick accessed a lock!
[09:21:03] Player ([FS]Gh0st, 76561198254602740)(<1709.276611, 173.124771, 5059.222656>) quick accessed a lock!
[09:21:50] Player ([FS]Gh0st, 76561198254602740)(<1686.277344, 173.120758, 5064.564941>) quick accessed a lock!
[09:22:47] Player ([FS]Gh0st, 76561198254602740)(<1709.276611, 173.124771, 5059.222656>) quick accessed a lock!
[09:36:52] Player (Jordan, 76561198999593356)(<12404.687500, 114.650787, 13348.131836>) quick accessed a lock!
[09:37:04] Player (Jordan, 76561198999593356)(<12399.131836, 112.975136, 13365.269531>) quick accessed a lock!
[09:40:15] Player (Jordan, 76561198999593356)(<12404.687500, 114.650787, 13348.131836>) quick accessed a lock!
[04-10-2021][10.01.27] Log file reloaded ( Server Restart )
[10:54:37] Player (Coco, 76561198134417737)(<12324.582031, 21.886555, 14253.009766>) quick accessed a lock!
[10:55:05] Player (Coco, 76561198134417737)(<12314.919922, 21.886555, 14256.592773>) quick accessed a lock!
[10:55:52] Player (Coco, 76561198134417737)(<12335.657227, 21.907383, 14295.749023>) quick accessed a lock!
[11:06:57] Player (grizzly bear, 76561198839448946)(<6566.460449, 335.537048, 9297.761719>) quick accessed a lock!
[11:07:07] Player (grizzly bear, 76561198839448946)(<6574.390137, 338.477417, 9297.323242>) quick accessed a lock!
[11:09:47] Player (grizzly bear, 76561198839448946)(<6574.390137, 338.477417, 9297.323242>) quick accessed a lock!
[11:19:18] Player (grizzly bear, 76561198839448946)(<6574.390137, 338.477417, 9297.323242>) quick accessed a lock!
[11:19:40] Player (grizzly bear, 76561198839448946)(<6566.460449, 335.537048, 9297.761719>) quick accessed a lock!
[11:23:15] Player (grizzly bear, 76561198839448946)(<6566.460449, 335.537048, 9297.761719>) quick accessed a lock!
[11:24:19] Player ([FS]Gh0st, 76561198254602740)(<1686.277344, 173.120758, 5064.564941>) quick accessed a lock!
[11:26:52] Player (grizzly bear, 76561198839448946)(<6566.460449, 335.537048, 9297.761719>) quick accessed a lock!
[11:27:19] Player (grizzly bear, 76561198839448946)(<6574.390137, 338.477417, 9297.323242>) quick accessed a lock!
[11:45:14] Player (BlackStar, 76561198990415902)(<5268.548340, 306.574585, 5517.510742>) quick accessed a lock!
[12:00:27] Player ([FS]Gh0st, 76561198254602740)(<1686.277344, 173.120758, 5064.564941>) quick accessed a lock!
[12:00:35] Player ([FS]Gh0st, 76561198254602740)(<1709.276611, 173.124771, 5059.222656>) quick accessed a lock!
[12:05:36] Player ([FS]Gh0st, 76561198254602740)(<1686.277344, 173.120758, 5064.564941>) quick accessed a lock!
[12:15:33] Player (Toppskillz, 76561198143912910)(<6580.294434, 337.447906, 9300.255859>) quick accessed a lock!
[12:33:30] Player ([FS]Gh0st, 76561198254602740)(<1686.277344, 173.120758, 5064.564941>) quick accessed a lock!
[12:33:32] Player ([FS]Gh0st, 76561198254602740)(<1686.277344, 173.120758, 5064.564941>) quick accessed a lock!
[12:33:39] Player ([FS]Gh0st, 76561198254602740)(<1709.276611, 173.124771, 5059.222656>) quick accessed a lock!
[12:39:57] Player ([FS]Gh0st, 76561198254602740)(<1698.572510, 173.122879, 5068.382813>) quick accessed a lock!
[12:40:39] Player ([FS]Gh0st, 76561198254602740)(<1686.277344, 173.120758, 5064.564941>) quick accessed a lock!
[12:41:21] Player ([FS]Gh0st, 76561198254602740)(<1686.277344, 173.120758, 5064.564941>) quick accessed a lock!
[12:41:29] Player ([FS]Gh0st, 76561198254602740)(<1698.572510, 173.122879, 5068.382813>) quick accessed a lock!
[12:42:24] Player ([FS]Gh0st, 76561198254602740)(<1686.277344, 173.120758, 5064.564941>) quick accessed a lock!
[12:43:16] Player ([FS]Gh0st, 76561198254602740)(<1686.277344, 173.120758, 5064.564941>) quick accessed a lock!
[12:58:00] Player ([FS]Gh0st, 76561198254602740)(<1686.277344, 173.120758, 5064.564941>) quick accessed a lock!
[12:59:24] Player ([FS]Gh0st, 76561198254602740)(<1686.277344, 173.120758, 5064.564941>) quick accessed a lock!
[12:59:40] Player ([FS]Gh0st, 76561198254602740)(<1709.276611, 173.124771, 5059.222656>) quick accessed a lock!
[13:06:00] Player ([FS]Gh0st, 76561198254602740)(<1709.276611, 173.124771, 5059.222656>) quick accessed a lock!
[13:08:37] Player ([FS]Gh0st, 76561198254602740)(<1709.276611, 173.124771, 5059.222656>) quick accessed a lock!
[13:15:25] Player (frenchy, 76561198969225016)(<6566.460449, 335.537048, 9297.761719>) quick accessed a lock!
[13:20:17] Player (frenchy, 76561198969225016)(<6566.460449, 335.537048, 9297.761719>) quick accessed a lock!
[13:20:22] Player (frenchy, 76561198969225016)(<6574.390137, 338.477417, 9297.323242>) quick accessed a lock!
[13:23:09] Player (frenchy, 76561198969225016)(<6566.460449, 335.537048, 9297.761719>) quick accessed a lock!
[13:30:42] Player (Wolfy333sp, 76561198029161718)(<4637.123535, 345.079956, 5572.428711>) quick accessed a lock!
[13:32:01] Player (Wolfy333sp, 76561198029161718)(<4647.715820, 343.196289, 5576.552734>) quick accessed a lock!
[13:33:58] Player (Wolfy333sp, 76561198029161718)(<4637.123535, 345.079956, 5572.428711>) quick accessed a lock!
[13:39:36] Player ([FS]Gh0st, 76561198254602740)(<1686.277344, 173.120758, 5064.564941>) quick accessed a lock!
[13:39:42] Player ([FS]Gh0st, 76561198254602740)(<1709.276611, 173.124771, 5059.222656>) quick accessed a lock!
[13:50:39] Player ([FS]Gh0st, 76561198254602740)(<1698.572510, 173.122879, 5068.382813>) quick accessed a lock!
[13:52:57] Player ([FS]Gh0st, 76561198254602740)(<1686.277344, 173.120758, 5064.564941>) quick accessed a lock!
[04-10-2021][14.01.06] Log file reloaded ( Server Restart )
[14:25:32] Player (Korwiin, 76561198013080573)(<7652.204102, 138.656174, 12870.273438>) quick accessed a lock!
[14:27:18] Player (frenchy, 76561198969225016)(<6574.390137, 338.477417, 9297.323242>) quick accessed a lock!
[14:31:47] Player (BlackStar, 76561198990415902)(<5255.014648, 306.032227, 5502.494629>) quick accessed a lock!
[14:31:57] Player (BlackStar, 76561198990415902)(<5268.548340, 306.574585, 5517.510742>) quick accessed a lock!
[14:32:40] Player (Korwiin, 76561198013080573)(<7652.204102, 138.656174, 12870.273438>) quick accessed a lock!
[14:34:11] Player (frenchy, 76561198969225016)(<6566.460449, 335.537048, 9297.761719>) quick accessed a lock!
[14:38:46] Player (Korwiin, 76561198013080573)(<7652.204102, 138.656174, 12870.273438>) quick accessed a lock!
[14:40:23] Player (Korwiin, 76561198013080573)(<7652.204102, 138.656174, 12870.273438>) quick accessed a lock!
[14:40:31] Player (Sarah, 76561198100717229)(<7803.769043, 313.596680, 6895.022949>) quick accessed a lock!
[14:40:39] Player (Sarah, 76561198100717229)(<7798.347656, 313.578888, 6902.445313>) quick accessed a lock!
[14:42:45] Player (Korwiin, 76561198013080573)(<7652.204102, 138.656174, 12870.273438>) quick accessed a lock!
[14:47:15] Player (GeePee, 76561198143562963)(<14003.272461, 7.405295, 13444.389648>) quick accessed a lock!
[14:49:44] Player (GeePee, 76561198143562963)(<14003.272461, 7.405295, 13444.389648>) quick accessed a lock!
[14:50:28] Player ([FS]Gh0st, 76561198254602740)(<1686.277344, 173.120758, 5064.564941>) quick accessed a lock!
[14:50:32] Player ([FS]Gh0st, 76561198254602740)(<1686.277344, 173.120758, 5064.564941>) quick accessed a lock!
[14:50:38] Player ([FS]Gh0st, 76561198254602740)(<1686.277344, 173.120758, 5064.564941>) quick accessed a lock!
[14:50:56] Player ([FS]Gh0st, 76561198254602740)(<1698.572510, 173.122879, 5068.382813>) quick accessed a lock!
[14:51:25] Player ([FS]Gh0st, 76561198254602740)(<1709.276611, 173.124771, 5059.222656>) quick accessed a lock!
[15:15:19] Player (GeePee, 76561198143562963)(<14003.272461, 7.405295, 13444.389648>) quick accessed a lock!
[15:19:33] Player (GeePee, 76561198143562963)(<14016.833984, 3.288195, 13449.520508>) set a new passcode on lock!
[15:19:33] Player (GeePee, 76561198143562963)(<14016.833984, 3.288195, 13449.520508>) claimed ownership of a lock!
[15:19:36] Player (GeePee, 76561198143562963)(<14016.833984, 3.288195, 13449.520508>) quick accessed a lock!
[15:22:57] Player (frenchy, 76561198969225016)(<6566.460449, 335.537048, 9297.761719>) quick accessed a lock!
[15:23:04] Player (frenchy, 76561198969225016)(<6574.390137, 338.477417, 9297.323242>) quick accessed a lock!
[15:24:44] Player (GeePee, 76561198143562963)(<14016.833984, 3.288195, 13449.520508>) quick accessed a lock!
[15:25:08] Player (GeePee, 76561198143562963)(<14016.833984, 3.288195, 13449.520508>) quick accessed a lock!
[15:25:12] Player (GeePee, 76561198143562963)(<14016.833984, 3.288195, 13449.520508>) quick accessed a lock!
[15:25:34] Player (Dr. Dingleberry, 76561198223714820)(<4574.142090, 336.233795, 14431.840820>) set a new passcode on lock!
[15:25:34] Player (Dr. Dingleberry, 76561198223714820)(<4574.142090, 336.233795, 14431.840820>) claimed ownership of a lock!
[15:25:35] Player (Dr. Dingleberry, 76561198223714820)(<4574.142090, 336.233795, 14431.840820>) quick accessed a lock!
[15:26:29] Player (GeePee, 76561198143562963)(<14016.833984, 3.288195, 13449.520508>) quick accessed a lock!
[15:29:08] Player ([EHC]Death, 76561198979058621)(<2570.736084, 253.319275, 5967.106934>) quick accessed a lock!
[15:36:05] Player (GeePee, 76561198143562963)(<14003.272461, 7.405295, 13444.389648>) quick accessed a lock!
[15:43:21] Player (GeePee, 76561198143562963)(<14003.272461, 7.405295, 13444.389648>) quick accessed a lock!
[15:44:08] Player (GeePee, 76561198143562963)(<14016.833984, 3.288195, 13449.520508>) quick accessed a lock!
[15:48:59] Player (Korwiin, 76561198013080573)(<7652.204102, 138.656174, 12870.273438>) quick accessed a lock!
[15:51:28] Player (Korwiin, 76561198013080573)(<7652.204102, 138.656174, 12870.273438>) quick accessed a lock!
[15:53:20] Player (gokayen, 76561198396489573)(<1898.992920, 293.118866, 9006.794922>) quick accessed a lock!
[16:00:10] Player (Korwiin, 76561198013080573)(<7652.204102, 138.656174, 12870.273438>) quick accessed a lock!
[16:01:04] Player ([EHC] Schnukkibaby, 76561198086725669)(<2570.736084, 253.319275, 5967.106934>) quick accessed a lock!
[16:05:25] Player (gokayen, 76561198396489573)(<1898.992920, 293.118866, 9006.794922>) quick accessed a lock!
[16:05:41] Player (Korwiin, 76561198013080573)(<7652.204102, 138.656174, 12870.273438>) quick accessed a lock!
[16:05:47] Player (gokayen, 76561198396489573)(<1898.992920, 293.118866, 9006.794922>) quick accessed a lock!
[16:07:04] Player (Korwiin, 76561198013080573)(<7652.204102, 138.656174, 12870.273438>) quick accessed a lock!
[16:08:25] Player (mgokay, 76561198042235031)(<1898.992920, 293.118866, 9006.794922>) quick accessed a lock!
[16:08:33] Player (gokayen, 76561198396489573)(<1898.992920, 293.118866, 9006.794922>) quick accessed a lock!
[16:08:34] Player (Korwiin, 76561198013080573)(<7652.204102, 138.656174, 12870.273438>) quick accessed a lock!
[16:09:11] Player ([EHC] Schnukkibaby, 76561198086725669)(<2570.736084, 253.319275, 5967.106934>) quick accessed a lock!
[16:09:29] Player (gokayen, 76561198396489573)(<1898.992920, 293.118866, 9006.794922>) quick accessed a lock!
[16:11:06] Player (gokayen, 76561198396489573)(<1898.992920, 293.118866, 9006.794922>) quick accessed a lock!
[16:22:50] Player (Survivor (2), 76561198068395829)(<5063.693359, 288.822144, 6267.720215>) quick accessed a lock!
[16:23:00] Player (Survivor (2), 76561198068395829)(<5062.670410, 290.810150, 6252.083008>) quick accessed a lock!
[16:35:31] Player (Korwiin, 76561198013080573)(<7652.204102, 138.656174, 12870.273438>) quick accessed a lock!
[16:46:16] Player (GeePee, 76561198143562963)(<14016.833984, 3.288195, 13449.520508>) quick accessed a lock!
[16:47:08] Player ([FS]Gh0st, 76561198254602740)(<1686.277344, 173.120758, 5064.564941>) quick accessed a lock!
[16:47:36] Player (GeePee, 76561198143562963)(<14016.833984, 3.288195, 13449.520508>) quick accessed a lock!
[16:52:24] Player (GeePee, 76561198143562963)(<14003.272461, 7.405295, 13444.389648>) quick accessed a lock!
[16:54:14] Player (GeePee, 76561198143562963)(<14016.833984, 3.288195, 13449.520508>) quick accessed a lock!
[16:58:24] Player (GeePee, 76561198143562963)(<14016.833984, 3.288195, 13449.520508>) quick accessed a lock!
[16:59:14] Player (GeePee, 76561198143562963)(<14016.833984, 3.288195, 13449.520508>) quick accessed a lock!
[17:08:48] Player (GeePee, 76561198143562963)(<14003.272461, 7.405295, 13444.389648>) quick accessed a lock!
[17:09:19] Player (quadlock, 76561198162344833)(<12399.131836, 112.975136, 13365.269531>) quick accessed a lock!
[17:09:39] Player (quadlock, 76561198162344833)(<12398.099609, 114.482796, 13354.981445>) quick accessed a lock!
[17:23:31] Player ([FS]Gh0st, 76561198254602740)(<1686.277344, 173.120758, 5064.564941>) quick accessed a lock!
[17:23:37] Player ([FS]Gh0st, 76561198254602740)(<1709.276611, 173.124771, 5059.222656>) quick accessed a lock!
[04-10-2021][17.29.49] Log file reloaded ( Server Restart )
[17:33:24] Player (GeePee, 76561198143562963)(<14003.272461, 7.405295, 13444.389648>) quick accessed a lock!
[17:34:43] Player (GeePee, 76561198143562963)(<14016.833984, 3.288195, 13449.520508>) quick accessed a lock!
[17:36:32] Player (GeePee, 76561198143562963)(<14016.833984, 3.288195, 13449.520508>) quick accessed a lock!
[17:38:00] Player (GeePee, 76561198143562963)(<14016.833984, 3.288195, 13449.520508>) quick accessed a lock!
[17:41:17] Player (GeePee, 76561198143562963)(<14016.833984, 3.288195, 13449.520508>) quick accessed a lock!
[17:44:26] Player (Dr. Dingleberry, 76561198223714820)(<4574.142090, 336.233795, 14431.840820>) quick accessed a lock!
[17:45:15] Player (libertine09, 76561198198409010)(<6561.183594, 337.495148, 9320.199219>) quick accessed a lock!
[17:46:49] Player (GeePee, 76561198143562963)(<14003.272461, 7.405295, 13444.389648>) quick accessed a lock!
[17:48:35] Player (libertine09, 76561198198409010)(<6561.183594, 337.495148, 9320.199219>) quick accessed a lock!
[17:49:06] Player (libertine09, 76561198198409010)(<6566.460449, 335.537048, 9297.761719>) quick accessed a lock!
[04-10-2021][18.01.29] Log file reloaded ( Server Restart )
[18:10:41] Player (libertine09, 76561198198409010)(<6566.460449, 335.537048, 9297.761719>) quick accessed a lock!
[18:10:58] Player ([FS]Gh0sty, 76561198254602740)(<1686.277344, 173.120758, 5064.564941>) quick accessed a lock!
[18:11:52] Player (libertine09, 76561198198409010)(<6561.183594, 337.495148, 9320.199219>) quick accessed a lock!
[18:14:05] Player (libertine09, 76561198198409010)(<6561.183594, 337.495148, 9320.199219>) quick accessed a lock!
[18:15:06] Player ([FS]Gh0sty, 76561198254602740)(<1686.277344, 173.120758, 5064.564941>) quick accessed a lock!
[18:24:13] Player (Morty, 76561198067244819)(<6758.211426, 344.654968, 5579.595215>) quick accessed a lock!
[18:24:49] Player (Morty, 76561198067244819)(<6779.476563, 344.664734, 5594.784668>) quick accessed a lock!
[18:28:41] Player ([EHC] Schnukkibaby, 76561198086725669)(<2570.736084, 253.319275, 5967.106934>) quick accessed a lock!
[18:28:43] Player ([EHC] Schnukkibaby, 76561198086725669)(<2570.736084, 253.319275, 5967.106934>) quick accessed a lock!
[18:33:09] Player ([EHC] Schnukkibaby, 76561198086725669)(<2566.386719, 259.311584, 5961.790527>) quick accessed a lock!
[18:33:37] Player (Morty, 76561198067244819)(<6547.820801, 393.913513, 5598.946289>) accessed a lock!
[18:33:37] Player (Morty, 76561198067244819)(<6547.820801, 393.913513, 5598.946289>) was added as a guest of a lock!
[18:36:17] Player (Morty, 76561198067244819)(<6547.820801, 393.913513, 5598.946289>) quick accessed a lock!
[18:37:36] Player (GeePee, 76561198143562963)(<14016.833984, 3.288195, 13449.520508>) quick accessed a lock!
[18:37:50] Player (Sarah, 76561198100717229)(<7798.347656, 313.578888, 6902.445313>) quick accessed a lock!
[18:37:55] Player (Sarah, 76561198100717229)(<7803.769043, 313.596680, 6895.022949>) quick accessed a lock!
[18:38:01] Player (Sarah, 76561198100717229)(<7814.193848, 315.561035, 6895.966797>) quick accessed a lock!
[18:38:15] Player (Morty, 76561198067244819)(<6763.797363, 342.964630, 5587.054688>) quick accessed a lock!
[18:38:33] Player (GeePee, 76561198143562963)(<14016.833984, 3.288195, 13449.520508>) quick accessed a lock!
[18:38:39] Player (Sarah, 76561198100717229)(<7803.769043, 313.596680, 6895.022949>) quick accessed a lock!
[18:39:01] Player (Morty, 76561198067244819)(<6774.449219, 343.036957, 5599.335938>) quick accessed a lock!
[18:39:02] Player (GeePee, 76561198143562963)(<14016.833984, 3.288195, 13449.520508>) quick accessed a lock!
[18:39:20] Player (Sarah, 76561198100717229)(<7803.769043, 313.596680, 6895.022949>) quick accessed a lock!
[18:39:22] Player (Sarah, 76561198100717229)(<7803.769043, 313.596680, 6895.022949>) quick accessed a lock!
[18:40:31] Player (Morty, 76561198067244819)(<6774.449219, 343.036957, 5599.335938>) removed a lock!
[18:41:05] Player (Sarah, 76561198100717229)(<7810.989258, 314.200653, 6881.988281>) quick accessed a lock!
[18:41:11] Player (Morty, 76561198067244819)(<6779.476563, 344.664734, 5594.784668>) quick accessed a lock!
[18:41:15] Player (Sarah, 76561198100717229)(<7798.347656, 313.578888, 6902.445313>) quick accessed a lock!
[18:42:10] Player (Sarah, 76561198100717229)(<7798.347656, 313.578888, 6902.445313>) quick accessed a lock!
[18:42:21] Player (Morty, 76561198067244819)(<6763.797363, 342.964630, 5587.054688>) quick accessed a lock!
[18:42:44] Player (Morty, 76561198067244819)(<6758.211426, 344.654968, 5579.595215>) quick accessed a lock!
[18:43:09] Player (Morty, 76561198067244819)(<6763.797363, 342.964630, 5587.054688>) quick accessed a lock!
[18:49:49] Player (Sarah, 76561198100717229)(<7810.989258, 314.200653, 6881.988281>) quick accessed a lock!
[18:49:55] Player (Sarah, 76561198100717229)(<7803.769043, 313.596680, 6895.022949>) quick accessed a lock!
[18:53:55] Player (Sarah, 76561198100717229)(<7798.347656, 313.578888, 6902.445313>) quick accessed a lock!
[18:54:19] Player (Morty, 76561198067244819)(<6763.797363, 342.964630, 5587.054688>) quick accessed a lock!
[18:57:39] Player (GeePee, 76561198143562963)(<14016.833984, 3.288195, 13449.520508>) quick accessed a lock!
[18:58:18] Player (GeePee, 76561198143562963)(<14016.833984, 3.288195, 13449.520508>) quick accessed a lock!
[18:58:39] Player (GeePee, 76561198143562963)(<14016.833984, 3.288195, 13449.520508>) quick accessed a lock!
[18:59:52] Player (Tulcus, 76561198421975055)(<1898.992920, 293.118866, 9006.794922>) quick accessed a lock!
[18:59:55] Player (Tulcus, 76561198421975055)(<1898.992920, 293.118866, 9006.794922>) quick accessed a lock!
[19:00:01] Player ([EHC] Schnukkibaby, 76561198086725669)(<2570.736084, 253.319275, 5967.106934>) quick accessed a lock!
[19:01:03] Player (Tulcus, 76561198421975055)(<1898.992920, 293.118866, 9006.794922>) quick accessed a lock!
[19:01:38] Player ([FS]Gh0sty, 76561198254602740)(<1709.276611, 173.124771, 5059.222656>) quick accessed a lock!
[19:02:41] Player ([EHC] Schnukkibaby, 76561198086725669)(<2570.736084, 253.319275, 5967.106934>) quick accessed a lock!
[19:02:58] Player (Morty, 76561198067244819)(<6547.820801, 393.913513, 5598.946289>) quick accessed a lock!
[19:03:27] Player ([FS]Gh0sty, 76561198254602740)(<1686.277344, 173.120758, 5064.564941>) quick accessed a lock!
[19:04:43] Player ([FS]Gh0sty, 76561198254602740)(<1686.277344, 173.120758, 5064.564941>) quick accessed a lock!
[19:04:49] Player ([FS]Gh0sty, 76561198254602740)(<1709.276611, 173.124771, 5059.222656>) quick accessed a lock!
[19:06:26] Player (Morty, 76561198067244819)(<6547.820801, 393.913513, 5598.946289>) quick accessed a lock!
[19:07:14] Player ([FS]Gh0sty, 76561198254602740)(<1686.277344, 173.120758, 5064.564941>) quick accessed a lock!
[19:07:53] Player (mgokay, 76561198042235031)(<1898.992920, 293.118866, 9006.794922>) quick accessed a lock!
[19:08:00] Player (GeePee, 76561198143562963)(<14016.833984, 3.288195, 13449.520508>) quick accessed a lock!
[19:09:46] Player (Morty, 76561198067244819)(<6560.949707, 414.290009, 5599.306641>) set a new passcode on lock!
[19:09:46] Player (Morty, 76561198067244819)(<6560.949707, 414.290009, 5599.306641>) claimed ownership of a lock!
[19:09:54] Player (Morty, 76561198067244819)(<6560.949707, 414.290009, 5599.306641>) quick accessed a lock!
[19:10:06] Player (Tulcus, 76561198421975055)(<1898.992920, 293.118866, 9006.794922>) quick accessed a lock!
[19:11:36] Player (Tulcus, 76561198421975055)(<1898.992920, 293.118866, 9006.794922>) quick accessed a lock!
[19:11:44] Player (Morty, 76561198067244819)(<6547.820801, 393.913513, 5598.946289>) quick accessed a lock!
[19:12:52] Player (Dr. Dingleberry, 76561198223714820)(<4574.142090, 336.233795, 14431.840820>) removed a lock!
[19:13:10] Player (Morty, 76561198067244819)(<6560.949707, 414.290009, 5599.306641>) quick accessed a lock!
[19:13:18] Player (GeePee, 76561198143562963)(<14016.833984, 3.288195, 13449.520508>) quick accessed a lock!
[19:13:19] Player (GeePee, 76561198143562963)(<14016.833984, 3.288195, 13449.520508>) quick accessed a lock!
[19:13:25] Player ([FS]Gh0sty, 76561198254602740)(<1686.277344, 173.120758, 5064.564941>) quick accessed a lock!
[19:13:30] Player ([FS]Gh0sty, 76561198254602740)(<1709.276611, 173.124771, 5059.222656>) quick accessed a lock!
[19:15:37] Player (Morty, 76561198067244819)(<6547.820801, 393.913513, 5598.946289>) quick accessed a lock!
[19:15:56] Player (Morty, 76561198067244819)(<6547.820801, 393.913513, 5598.946289>) quick accessed a lock!
[19:16:11] Player (Morty, 76561198067244819)(<6560.949707, 414.290009, 5599.306641>) quick accessed a lock!
[19:18:13] Player (Dr. Dingleberry, 76561198223714820)(<4585.147949, 333.801636, 14415.176758>) set a new passcode on lock!
[19:18:13] Player (Dr. Dingleberry, 76561198223714820)(<4585.147949, 333.801636, 14415.176758>) claimed ownership of a lock!
[19:18:57] Player (GeePee, 76561198143562963)(<14003.272461, 7.405295, 13444.389648>) quick accessed a lock!
[19:19:12] Player (Morty, 76561198067244819)(<6547.820801, 393.913513, 5598.946289>) quick accessed a lock!
[19:19:38] Player (quadlock, 76561198162344833)(<3260.278809, 213.167038, 13056.075195>) set a new passcode on lock!
[19:19:38] Player (quadlock, 76561198162344833)(<3260.278809, 213.167038, 13056.075195>) claimed ownership of a lock!
[19:19:48] Player (quadlock, 76561198162344833)(<3254.467773, 215.025970, 13062.179688>) set a new passcode on lock!
[19:19:48] Player (quadlock, 76561198162344833)(<3254.467773, 215.025970, 13062.179688>) claimed ownership of a lock!
[19:19:49] Player (quadlock, 76561198162344833)(<3254.467773, 215.025970, 13062.179688>) quick accessed a lock!
[19:20:07] Player (quadlock, 76561198162344833)(<3254.467773, 215.025970, 13062.179688>) quick accessed a lock!
[19:20:10] Player (quadlock, 76561198162344833)(<3260.278809, 213.167038, 13056.075195>) quick accessed a lock!
[19:20:19] Player (quadlock, 76561198162344833)(<3260.278809, 213.167038, 13056.075195>) quick accessed a lock!
[19:20:22] Player (quadlock, 76561198162344833)(<3254.467773, 215.025970, 13062.179688>) quick accessed a lock!
[19:20:26] Player (Morty, 76561198067244819)(<6547.820801, 393.913513, 5598.946289>) quick accessed a lock!
[19:21:25] Player (Morty, 76561198067244819)(<6553.754883, 392.746826, 5599.299316>) set a new passcode on lock!
[19:21:25] Player (Morty, 76561198067244819)(<6553.754883, 392.746826, 5599.299316>) claimed ownership of a lock!
[19:21:43] Player (Morty, 76561198067244819)(<6547.820801, 393.913513, 5598.946289>) quick accessed a lock!
[19:22:34] Player ([EHC]Death, 76561198979058621)(<2570.736084, 253.319275, 5967.106934>) quick accessed a lock!
[19:23:05] Player (Morty, 76561198067244819)(<6763.797363, 342.964630, 5587.054688>) quick accessed a lock!
[19:23:54] Player (mgokay, 76561198042235031)(<1898.992920, 293.118866, 9006.794922>) quick accessed a lock!
[19:24:17] Player (JevBurns, 76561198068395829)(<5063.693359, 288.822144, 6267.720215>) quick accessed a lock!
[19:27:08] Player ([EHC] Schnukkibaby, 76561198086725669)(<2570.736084, 253.319275, 5967.106934>) quick accessed a lock!
[19:28:05] Player (quadlock, 76561198162344833)(<3254.467773, 215.025970, 13062.179688>) quick accessed a lock!
[19:28:07] Player (quadlock, 76561198162344833)(<3260.278809, 213.167038, 13056.075195>) quick accessed a lock!
[19:28:51] Player (Korwiin, 76561198013080573)(<7652.204102, 138.656174, 12870.273438>) quick accessed a lock!
[19:29:00] Player (GeePee, 76561198143562963)(<14016.833984, 3.288195, 13449.520508>) quick accessed a lock!
[19:29:11] Player (Morty, 76561198067244819)(<6547.820801, 393.913513, 5598.946289>) quick accessed a lock!
[19:29:31] Player (Morty, 76561198067244819)(<6560.949707, 414.290009, 5599.306641>) quick accessed a lock!
[19:32:18] Player (Morty, 76561198067244819)(<6553.754883, 392.746826, 5599.299316>) quick accessed a lock!
[19:33:03] Player (GeePee, 76561198143562963)(<14003.272461, 7.405295, 13444.389648>) quick accessed a lock!
[19:33:18] Player (mgokay, 76561198042235031)(<1898.992920, 293.118866, 9006.794922>) quick accessed a lock!
[19:33:57] Player (quadlock, 76561198162344833)(<3260.278809, 213.167038, 13056.075195>) quick accessed a lock!
[19:33:59] Player (Morty, 76561198067244819)(<6560.949707, 414.290009, 5599.306641>) quick accessed a lock!
[19:34:00] Player (quadlock, 76561198162344833)(<3254.467773, 215.025970, 13062.179688>) quick accessed a lock!
[19:34:09] Player (grizzly bear, 76561198839448946)(<6566.460449, 335.537048, 9297.761719>) quick accessed a lock!
[19:34:35] Player (GeePee, 76561198143562963)(<14016.833984, 3.288195, 13449.520508>) quick accessed a lock!
[19:34:40] Player (quadlock, 76561198162344833)(<3254.467773, 215.025970, 13062.179688>) quick accessed a lock!
[19:34:41] Player (Morty, 76561198067244819)(<6547.820801, 393.913513, 5598.946289>) quick accessed a lock!
[19:34:45] Player (quadlock, 76561198162344833)(<3260.278809, 213.167038, 13056.075195>) quick accessed a lock!
[19:35:34] Player (Morty, 76561198067244819)(<6763.797363, 342.964630, 5587.054688>) quick accessed a lock!
[19:35:38] Player (libertine09, 76561198198409010)(<6566.460449, 335.537048, 9297.761719>) quick accessed a lock!
[19:35:42] Player (Dr. Dingleberry, 76561198223714820)(<4585.147949, 333.801636, 14415.176758>) quick accessed a lock!
[19:36:57] Player (grizzly bear, 76561198839448946)(<6569.747559, 337.448761, 9291.367188>) quick accessed a lock!
[19:37:11] Player (Morty, 76561198067244819)(<6763.797363, 342.964630, 5587.054688>) removed a lock!
[19:37:41] Player (Morty, 76561198067244819)(<6758.211426, 344.654968, 5579.595215>) quick accessed a lock!
[19:38:09] Player (grizzly bear, 76561198839448946)(<6582.509766, 335.536407, 9287.973633>) quick accessed a lock!
[19:39:33] Player (Morty, 76561198067244819)(<6547.820801, 393.913513, 5598.946289>) quick accessed a lock!
[19:39:36] Player (Morty, 76561198067244819)(<6553.754883, 392.746826, 5599.299316>) quick accessed a lock!
[19:40:49] Player (mgokay, 76561198042235031)(<1898.992920, 293.118866, 9006.794922>) quick accessed a lock!
[19:41:08] Player (mgokay, 76561198042235031)(<1898.992920, 293.118866, 9006.794922>) quick accessed a lock!
[19:41:26] Player (GeePee, 76561198143562963)(<14016.833984, 3.288195, 13449.520508>) quick accessed a lock!
[19:44:29] Player (Morty, 76561198067244819)(<6554.265137, 404.350128, 5600.375000>) set a new passcode on lock!
[19:44:29] Player (Morty, 76561198067244819)(<6554.265137, 404.350128, 5600.375000>) claimed ownership of a lock!
[19:44:30] Player ([EHC]Death, 76561198979058621)(<2570.736084, 253.319275, 5967.106934>) quick accessed a lock!
[19:44:51] Player ([EHC]Death, 76561198979058621)(<2570.736084, 253.319275, 5967.106934>) quick accessed a lock!
[19:45:05] Player (Morty, 76561198067244819)(<6547.820801, 393.913513, 5598.946289>) quick accessed a lock!
[19:45:32] Player (Morty, 76561198067244819)(<6547.820801, 393.913513, 5598.946289>) quick accessed a lock!
[19:45:35] Player (Morty, 76561198067244819)(<6553.754883, 392.746826, 5599.299316>) quick accessed a lock!
[19:46:25] Player (mgokay, 76561198042235031)(<1898.992920, 293.118866, 9006.794922>) quick accessed a lock!
[19:46:33] Player (Morty, 76561198067244819)(<6547.841797, 392.692780, 5587.167480>) set a new passcode on lock!
[19:46:33] Player (Morty, 76561198067244819)(<6547.841797, 392.692780, 5587.167480>) claimed ownership of a lock!
[19:47:14] Player (Morty, 76561198067244819)(<6547.820801, 393.913513, 5598.946289>) quick accessed a lock!
[19:47:35] Player (Morty, 76561198067244819)(<6553.754883, 392.746826, 5599.299316>) quick accessed a lock!
[19:47:53] Player (Morty, 76561198067244819)(<6547.820801, 393.913513, 5598.946289>) quick accessed a lock!
[19:48:03] Player (Morty, 76561198067244819)(<6547.820801, 393.913513, 5598.946289>) quick accessed a lock!
[19:49:48] Player ([EHC]Death, 76561198979058621)(<2570.736084, 253.319275, 5967.106934>) quick accessed a lock!
[19:50:37] Player ([EHC]Death, 76561198979058621)(<2570.736084, 253.319275, 5967.106934>) quick accessed a lock!
[19:52:43] Player (Morty, 76561198067244819)(<6547.820801, 393.913513, 5598.946289>) quick accessed a lock!
[19:53:11] Player (Morty, 76561198067244819)(<6547.820801, 393.913513, 5598.946289>) quick accessed a lock!
[19:53:37] Player (Morty, 76561198067244819)(<6547.820801, 393.913513, 5598.946289>) quick accessed a lock!
[19:56:13] Player (GeePee, 76561198143562963)(<14003.272461, 7.405295, 13444.389648>) quick accessed a lock!
[19:58:25] Player (GeePee, 76561198143562963)(<14003.272461, 7.405295, 13444.389648>) quick accessed a lock!
[19:58:26] Player (quadlock, 76561198162344833)(<3260.278809, 213.167038, 13056.075195>) quick accessed a lock!
[19:58:31] Player (GeePee, 76561198143562963)(<14003.272461, 7.405295, 13444.389648>) quick accessed a lock!
[19:58:32] Player (quadlock, 76561198162344833)(<3254.467773, 215.025970, 13062.179688>) quick accessed a lock!
[20:00:36] Player (Tulcus, 76561198421975055)(<1898.992920, 293.118866, 9006.794922>) quick accessed a lock!
[20:01:28] Player (Tulcus, 76561198421975055)(<1898.992920, 293.118866, 9006.794922>) quick accessed a lock!
[20:03:52] Player ([EHC]Death, 76561198979058621)(<2570.736084, 253.319275, 5967.106934>) quick accessed a lock!
[20:06:58] Player (mgokay, 76561198042235031)(<1898.992920, 293.118866, 9006.794922>) quick accessed a lock!
[20:10:02] Player ([EHC]Death, 76561198979058621)(<2570.736084, 253.319275, 5967.106934>) quick accessed a lock!
[20:10:50] Player ([EHC]Death, 76561198979058621)(<2570.736084, 253.319275, 5967.106934>) quick accessed a lock!
[20:11:35] Player ([EHC]Death, 76561198979058621)(<2570.736084, 253.319275, 5967.106934>) quick accessed a lock!
[20:15:08] Player (mgokay, 76561198042235031)(<1898.992920, 293.118866, 9006.794922>) quick accessed a lock!
[20:22:03] Player ([FS]Gh0sty, 76561198254602740)(<1686.277344, 173.120758, 5064.564941>) quick accessed a lock!
[20:24:14] Player (Tulcus, 76561198421975055)(<1898.992920, 293.118866, 9006.794922>) quick accessed a lock!
[20:25:41] Player ([EHC]Death, 76561198979058621)(<2570.736084, 253.319275, 5967.106934>) quick accessed a lock!
[20:26:21] Player ([EHC]Death, 76561198979058621)(<2570.736084, 253.319275, 5967.106934>) quick accessed a lock!
[20:26:53] Player (Sarah, 76561198100717229)(<7798.347656, 313.578888, 6902.445313>) quick accessed a lock!
[20:32:31] Player ([EHC]Death, 76561198979058621)(<2570.736084, 253.319275, 5967.106934>) quick accessed a lock!
[20:57:18] Player ([FS]Gh0sty, 76561198254602740)(<1686.277344, 173.120758, 5064.564941>) quick accessed a lock!
[20:58:57] Player (Sarah, 76561198100717229)(<7798.347656, 313.578888, 6902.445313>) quick accessed a lock!
[20:59:10] Player (Sarah, 76561198100717229)(<7798.347656, 313.578888, 6902.445313>) quick accessed a lock!
[20:59:21] Player ([FS]Gh0sty, 76561198254602740)(<1709.276611, 173.124771, 5059.222656>) quick accessed a lock!
[21:02:35] Player ([EHC] Schnukkibaby, 76561198086725669)(<2570.736084, 253.319275, 5967.106934>) quick accessed a lock!
[21:06:30] Player ([FS]Gh0sty, 76561198254602740)(<1709.276611, 173.124771, 5059.222656>) quick accessed a lock!
[21:07:27] Player ([FS]Gh0sty, 76561198254602740)(<1686.277344, 173.120758, 5064.564941>) quick accessed a lock!
[21:08:37] Player ([FS]Gh0sty, 76561198254602740)(<1686.277344, 173.120758, 5064.564941>) quick accessed a lock!
[21:10:51] Player ([FS]Gh0sty, 76561198254602740)(<1686.277344, 173.120758, 5064.564941>) quick accessed a lock!
[21:38:55] Player (Dr. Dingleberry, 76561198223714820)(<4585.147949, 333.801636, 14415.176758>) quick accessed a lock!
[04-10-2021][22.03.14] Log file reloaded ( Server Restart )
[22:15:43] Player ([EHC]Death, 76561198979058621)(<2570.736084, 253.319275, 5967.106934>) quick accessed a lock!
[22:15:44] Player ([EHC]Death, 76561198979058621)(<2570.736084, 253.319275, 5967.106934>) quick accessed a lock!
[22:15:55] Player (BlackStar, 76561198990415902)(<5268.548340, 306.574585, 5517.510742>) quick accessed a lock!
[22:38:39] Player (grizzly bear, 76561198839448946)(<6566.460449, 335.537048, 9297.761719>) quick accessed a lock!
[22:38:54] Player (grizzly bear, 76561198839448946)(<6569.747559, 337.448761, 9291.367188>) quick accessed a lock!
[22:40:41] Player ([FS]Gh0sty, 76561198254602740)(<1686.277344, 173.120758, 5064.564941>) quick accessed a lock!
[22:40:44] Player ([FS]Gh0sty, 76561198254602740)(<1686.277344, 173.120758, 5064.564941>) quick accessed a lock!
[22:40:57] Player ([FS]Gh0sty, 76561198254602740)(<1698.572510, 173.122879, 5068.382813>) quick accessed a lock!
[22:46:43] Player ([FS]Gh0sty, 76561198254602740)(<1686.277344, 173.120758, 5064.564941>) quick accessed a lock!
[22:48:02] Player ([FS]Gh0sty, 76561198254602740)(<1686.277344, 173.120758, 5064.564941>) quick accessed a lock!
[22:50:03] Player ([FS]Gh0sty, 76561198254602740)(<1686.277344, 173.120758, 5064.564941>) quick accessed a lock!
[22:53:52] Player (Chelsie, 76561198397482621)(<5822.201172, 155.673004, 5219.622070>) set a new passcode on lock!
[22:53:52] Player (Chelsie, 76561198397482621)(<5822.201172, 155.673004, 5219.622070>) claimed ownership of a lock!
[22:53:53] Player (Chelsie, 76561198397482621)(<5822.201172, 155.673004, 5219.622070>) quick accessed a lock!
[22:54:01] Player (Renno, 76561198010164395)(<5817.491699, 154.891678, 5213.007813>) set a new passcode on lock!
[22:54:01] Player (Renno, 76561198010164395)(<5817.491699, 154.891678, 5213.007813>) claimed ownership of a lock!
[22:54:03] Player (Renno, 76561198010164395)(<5817.491699, 154.891678, 5213.007813>) quick accessed a lock!
[22:54:11] Player (Renno, 76561198010164395)(<5817.491699, 154.891678, 5213.007813>) quick accessed a lock!
[22:55:35] Player (Renno, 76561198010164395)(<5817.491699, 154.891678, 5213.007813>) quick accessed a lock!
[23:00:23] Player ([EHC] Schnukkibaby, 76561198086725669)(<2570.736084, 253.319275, 5967.106934>) quick accessed a lock!
[23:07:38] Player (Morty, 76561198067244819)(<6547.820801, 393.913513, 5598.946289>) quick accessed a lock!
[23:07:59] Player (Morty, 76561198067244819)(<6547.841797, 392.692780, 5587.167480>) quick accessed a lock!
[23:08:25] Player ([FS]Gh0sty, 76561198254602740)(<1686.277344, 173.120758, 5064.564941>) quick accessed a lock!
[23:08:56] Player (Morty, 76561198067244819)(<6547.841797, 392.692780, 5587.167480>) quick accessed a lock!
[23:09:23] Player (Morty, 76561198067244819)(<6547.820801, 393.913513, 5598.946289>) quick accessed a lock!
[23:09:28] Player (Morty, 76561198067244819)(<6553.754883, 392.746826, 5599.299316>) quick accessed a lock!
[23:09:49] Player (Morty, 76561198067244819)(<6554.265137, 404.350128, 5600.375000>) quick accessed a lock!
[23:12:16] Player (Morty, 76561198067244819)(<6547.820801, 393.913513, 5598.946289>) quick accessed a lock!
[23:12:53] Player (Morty, 76561198067244819)(<6547.820801, 393.913513, 5598.946289>) quick accessed a lock!
[23:13:09] Player (Morty, 76561198067244819)(<6553.754883, 392.746826, 5599.299316>) quick accessed a lock!
[23:13:38] Player (Morty, 76561198067244819)(<6547.820801, 393.913513, 5598.946289>) quick accessed a lock!
[23:13:42] Player (Morty, 76561198067244819)(<6547.841797, 392.692780, 5587.167480>) quick accessed a lock!
[23:13:52] Player (Jordan, 76561198999593356)(<12399.131836, 112.975136, 13365.269531>) quick accessed a lock!
[23:14:36] Player (Morty, 76561198067244819)(<6758.211426, 344.654968, 5579.595215>) quick accessed a lock!
[23:14:53] Player (Morty, 76561198067244819)(<6758.211426, 344.654968, 5579.595215>) removed a lock!
[23:14:55] Player ([FS]Gh0sty, 76561198254602740)(<1698.572510, 173.122879, 5068.382813>) quick accessed a lock!
[23:14:59] Player (NicFit, 76561198086129271)(<6934.305176, 64.038124, 3700.891846>) quick accessed a lock!
[23:16:16] Player (NicFit, 76561198086129271)(<6940.228027, 60.961956, 3705.061768>) quick accessed a lock!
[23:16:38] Player (NicFit, 76561198086129271)(<6931.586914, 56.861805, 3686.584473>) quick accessed a lock!
[23:16:58] Player (Morty, 76561198067244819)(<6779.476563, 344.664734, 5594.784668>) quick accessed a lock!
[23:17:18] Player (NicFit, 76561198086129271)(<6931.586914, 56.861805, 3686.584473>) quick accessed a lock!
[23:18:01] Player (Morty, 76561198067244819)(<6779.476563, 344.664734, 5594.784668>) removed a lock!
[23:18:06] Player (Jordan, 76561198999593356)(<12404.687500, 114.650787, 13348.131836>) quick accessed a lock!
[23:18:10] Player (Jordan, 76561198999593356)(<12404.687500, 114.650787, 13348.131836>) quick accessed a lock!
[23:18:44] Player (NicFit, 76561198086129271)(<6934.305176, 64.038124, 3700.891846>) quick accessed a lock!
[23:19:10] Player (frenchy, 76561198969225016)(<6574.390137, 338.477417, 9297.323242>) quick accessed a lock!
[23:20:29] Player (Morty, 76561198067244819)(<6547.841797, 392.692780, 5587.167480>) quick accessed a lock!
[23:20:33] Player (Morty, 76561198067244819)(<6547.820801, 393.913513, 5598.946289>) quick accessed a lock!
[23:20:39] Player (Morty, 76561198067244819)(<6553.754883, 392.746826, 5599.299316>) quick accessed a lock!
[23:21:15] Player (Jordan, 76561198999593356)(<12404.687500, 114.650787, 13348.131836>) quick accessed a lock!
[23:23:19] Player (quadlock, 76561198162344833)(<3254.467773, 215.025970, 13062.179688>) quick accessed a lock!
[23:23:20] Player ([FS]Gh0sty, 76561198254602740)(<1698.572510, 173.122879, 5068.382813>) quick accessed a lock!
[23:23:29] Player (Morty, 76561198067244819)(<6554.265137, 404.350128, 5600.375000>) quick accessed a lock!
[23:23:42] Player (quadlock, 76561198162344833)(<3254.467773, 215.025970, 13062.179688>) quick accessed a lock!
[23:24:42] Player (Morty, 76561198067244819)(<6560.949707, 414.290009, 5599.306641>) quick accessed a lock!
[23:24:47] Player (Korwiin, 76561198013080573)(<7652.204102, 138.656174, 12870.273438>) quick accessed a lock!
[23:26:05] Player (quadlock, 76561198162344833)(<3254.467773, 215.025970, 13062.179688>) quick accessed a lock!
[23:26:05] Player (Korwiin, 76561198013080573)(<7652.204102, 138.656174, 12870.273438>) quick accessed a lock!
[23:26:30] Player (Morty, 76561198067244819)(<6560.949707, 414.290009, 5599.306641>) quick accessed a lock!
[23:27:05] Player (Morty, 76561198067244819)(<6554.265137, 404.350128, 5600.375000>) quick accessed a lock!
[23:27:17] Player (quadlock, 76561198162344833)(<3254.467773, 215.025970, 13062.179688>) quick accessed a lock!
[23:27:21] Player (Morty, 76561198067244819)(<6560.949707, 414.290009, 5599.306641>) quick accessed a lock!
[23:28:39] Player (Morty, 76561198067244819)(<6553.754883, 392.746826, 5599.299316>) quick accessed a lock!
[23:29:12] Player (Morty, 76561198067244819)(<6547.820801, 393.913513, 5598.946289>) quick accessed a lock!
[23:29:25] Player (Morty, 76561198067244819)(<6547.841797, 392.692780, 5587.167480>) quick accessed a lock!
[23:37:59] Player (NicFit, 76561198086129271)(<6934.305176, 64.038124, 3700.891846>) quick accessed a lock!
[23:38:08] Player (NicFit, 76561198086129271)(<6940.228027, 60.961956, 3705.061768>) quick accessed a lock!
[23:38:50] Player (quadlock, 76561198162344833)(<3254.467773, 215.025970, 13062.179688>) quick accessed a lock!
[23:39:48] Player (quadlock, 76561198162344833)(<3260.278809, 213.167038, 13056.075195>) quick accessed a lock!
[23:41:18] Player (quadlock, 76561198162344833)(<3254.467773, 215.025970, 13062.179688>) quick accessed a lock!
[23:45:44] Player (Korwiin, 76561198013080573)(<7652.204102, 138.656174, 12870.273438>) quick accessed a lock!
[23:52:50] Player (NicFit, 76561198086129271)(<6934.305176, 64.038124, 3700.891846>) quick accessed a lock!
[23:53:43] Player (NicFit, 76561198086129271)(<6931.692383, 66.978699, 3704.374268>) quick accessed a lock!
[23:53:45] Player (quadlock, 76561198162344833)(<3260.278809, 213.167038, 13056.075195>) quick accessed a lock!
[23:54:27] Player (NicFit, 76561198086129271)(<6934.305176, 64.038124, 3700.891846>) quick accessed a lock!
[23:54:54] Player (NicFit, 76561198086129271)(<6934.305176, 64.038124, 3700.891846>) quick accessed a lock!
[23:55:08] Player (NicFit, 76561198086129271)(<6940.228027, 60.961956, 3705.061768>) quick accessed a lock!
[23:55:30] Player (NicFit, 76561198086129271)(<6940.228027, 60.961956, 3705.061768>) quick accessed a lock!
[23:55:38] Player (NicFit, 76561198086129271)(<6931.692383, 66.978699, 3704.374268>) quick accessed a lock!
[23:56:24] Player (NicFit, 76561198086129271)(<6931.692383, 66.978699, 3704.374268>) quick accessed a lock!
[23:56:54] Player (quadlock, 76561198162344833)(<3254.467773, 215.025970, 13062.179688>) quick accessed a lock!
[23:57:02] Player (NicFit, 76561198086129271)(<6934.305176, 64.038124, 3700.891846>) quick accessed a lock!
[23:57:03] Player (quadlock, 76561198162344833)(<3254.467773, 215.025970, 13062.179688>) quick accessed a lock!
[23:57:16] Player (quadlock, 76561198162344833)(<3254.467773, 215.025970, 13062.179688>) quick accessed a lock!
[23:57:18] Player (quadlock, 76561198162344833)(<3260.278809, 213.167038, 13056.075195>) quick accessed a lock!
[23:59:27] Player (Korwiin, 76561198013080573)(<7652.204102, 138.656174, 12870.273438>) quick accessed a lock!
[00:01:52] Player (Jordan, 76561198999593356)(<12399.131836, 112.975136, 13365.269531>) quick accessed a lock!
[00:02:22] Player (Korwiin, 76561198013080573)(<7652.204102, 138.656174, 12870.273438>) quick accessed a lock!
[00:08:35] Player (gokayen, 76561198396489573)(<1898.992920, 293.118866, 9006.794922>) quick accessed a lock!
[00:08:59] Player (Tulcus, 76561198421975055)(<1898.992920, 293.118866, 9006.794922>) quick accessed a lock!
[00:14:07] Player (Morty, 76561198067244819)(<6547.820801, 393.913513, 5598.946289>) quick accessed a lock!
[00:18:21] Player (quadlock, 76561198162344833)(<3260.278809, 213.167038, 13056.075195>) quick accessed a lock!
[00:18:27] Player (quadlock, 76561198162344833)(<3254.467773, 215.025970, 13062.179688>) quick accessed a lock!
[00:20:14] Player (Morty, 76561198067244819)(<6547.820801, 393.913513, 5598.946289>) quick accessed a lock!
[00:21:19] Player (quadlock, 76561198162344833)(<3254.467773, 215.025970, 13062.179688>) quick accessed a lock!
[00:21:21] Player (quadlock, 76561198162344833)(<3260.278809, 213.167038, 13056.075195>) quick accessed a lock!
[00:21:46] Player (Morty, 76561198067244819)(<6547.820801, 393.913513, 5598.946289>) quick accessed a lock!
[00:25:16] Player (Morty, 76561198067244819)(<6547.820801, 393.913513, 5598.946289>) quick accessed a lock!
[00:28:10] Player (Morty, 76561198067244819)(<6547.820801, 393.913513, 5598.946289>) quick accessed a lock!
[00:35:06] Player (Korwiin, 76561198013080573)(<7652.204102, 138.656174, 12870.273438>) quick accessed a lock!
[00:49:43] Player (Chelsie, 76561198397482621)(<5822.201172, 155.673004, 5219.622070>) quick accessed a lock!
[00:51:01] Player (Renno, 76561198010164395)(<5817.491699, 154.891678, 5213.007813>) quick accessed a lock!
[00:54:53] Player (Chelsie, 76561198397482621)(<5817.491699, 154.891678, 5213.007813>) accessed a lock!
[00:54:53] Player (Chelsie, 76561198397482621)(<5817.491699, 154.891678, 5213.007813>) was added as a guest of a lock!
[00:57:45] Player (SamotnyWilQ, 76561198029498048)(<3215.333496, 311.651398, 7795.487793>) quick accessed a lock!
[00:59:01] Player (SamotnyWilQ, 76561198029498048)(<3211.467773, 312.819366, 7782.817383>) quick accessed a lock!
[00:59:24] Player (SamotnyWilQ, 76561198029498048)(<3215.263672, 313.538635, 7772.154785>) quick accessed a lock!
[00:59:30] Player (SamotnyWilQ, 76561198029498048)(<3215.263672, 313.538635, 7772.154785>) quick accessed a lock!
[01:26:41] Player (Coco, 76561198134417737)(<12324.582031, 21.886555, 14253.009766>) quick accessed a lock!
[01:28:52] Player (Coco, 76561198134417737)(<12335.657227, 21.907383, 14295.749023>) quick accessed a lock!
[01:29:24] Player (Guy, 76561197961017754)(<12324.582031, 21.886555, 14253.009766>) quick accessed a lock!
[01:37:09] Player (Guy, 76561197961017754)(<12324.582031, 21.886555, 14253.009766>) quick accessed a lock!
[01:37:24] Player (Guy, 76561197961017754)(<12335.657227, 21.907383, 14295.749023>) quick accessed a lock!
[01:41:39] Player (Coco, 76561198134417737)(<12324.582031, 21.886555, 14253.009766>) quick accessed a lock!
[01:43:03] Player (Coco, 76561198134417737)(<12335.657227, 21.907383, 14295.749023>) quick accessed a lock!
[01:56:30] Player (Renno, 76561198010164395)(<5817.491699, 154.891678, 5213.007813>) quick accessed a lock!
