[04-19-2021][02.01.00] New Access Log File Created!
[02:02:30] Player (NicFit, 76561198086129271)(<6940.228027, 60.961956, 3705.061768>) quick accessed a lock!
[02:34:01] Player (NicFit, 76561198086129271)(<6940.228027, 60.961956, 3705.061768>) quick accessed a lock!
[02:35:08] Player (NicFit, 76561198086129271)(<6940.228027, 60.961956, 3705.061768>) quick accessed a lock!
[02:35:38] Player (NicFit, 76561198086129271)(<6940.228027, 60.961956, 3705.061768>) quick accessed a lock!
[02:36:16] Player (NicFit, 76561198086129271)(<6940.228027, 60.961956, 3705.061768>) quick accessed a lock!
[02:40:18] Player (NicFit, 76561198086129271)(<6940.228027, 60.961956, 3705.061768>) quick accessed a lock!
[02:41:59] Player (NicFit, 76561198086129271)(<6940.228027, 60.961956, 3705.061768>) quick accessed a lock!
[02:44:18] Player (NicFit, 76561198086129271)(<6940.228027, 60.961956, 3705.061768>) quick accessed a lock!
[02:45:43] Player (NicFit, 76561198086129271)(<6940.228027, 60.961956, 3705.061768>) quick accessed a lock!
[02:49:13] Player (NicFit, 76561198086129271)(<6940.228027, 60.961956, 3705.061768>) quick accessed a lock!
[02:49:16] Player (Jev, 76561198068395829)(<12408.297852, 113.241402, 13355.431641>) quick accessed a lock!
[02:49:24] Player (NicFit, 76561198086129271)(<6954.129883, 56.568375, 3693.047363>) quick accessed a lock!
[02:49:47] Player (NicFit, 76561198086129271)(<6954.129883, 56.568375, 3693.047363>) quick accessed a lock!
[02:53:24] Player (NicFit, 76561198086129271)(<6954.129883, 56.568375, 3693.047363>) quick accessed a lock!
[03:00:35] Player (NicFit, 76561198086129271)(<6940.228027, 60.961956, 3705.061768>) removed a lock!
[03:04:58] Player ((SKS) Side Salad / Jordan, 76561198999593356)(<12408.297852, 113.241402, 13355.431641>) quick accessed a lock!
[03:05:44] Player ((SKS) Side Salad / Jordan, 76561198999593356)(<12408.297852, 113.241402, 13355.431641>) quick accessed a lock!
[03:07:11] Player (NicFit, 76561198086129271)(<6931.586914, 56.861805, 3686.584473>) quick accessed a lock!
[03:07:38] Player (Jev, 76561198068395829)(<12408.297852, 113.241402, 13355.431641>) quick accessed a lock!
[03:08:44] Player (Jev, 76561198068395829)(<12408.297852, 113.241402, 13355.431641>) quick accessed a lock!
[03:09:42] Player (NicFit, 76561198086129271)(<6931.586914, 56.861805, 3686.584473>) quick accessed a lock!
[03:16:22] Player (Jev, 76561198068395829)(<12408.297852, 113.241402, 13355.431641>) quick accessed a lock!
[03:27:30] Player (NicFit, 76561198086129271)(<6937.594238, 58.649269, 3680.769775>) quick accessed a lock!
[03:29:58] Player (NicFit, 76561198086129271)(<6937.594238, 58.649269, 3680.769775>) quick accessed a lock!
[03:42:31] Player (NicFit, 76561198086129271)(<6931.586914, 56.861805, 3686.584473>) removed a lock!
[03:44:15] Player (NicFit, 76561198086129271)(<6934.527344, 56.750614, 3674.505615>) removed a lock!
[03:45:18] Player (NicFit, 76561198086129271)(<6954.129883, 56.568375, 3693.047363>) removed a lock!
[03:51:49] Player ((SKS) Side Salad / Jordan, 76561198999593356)(<12408.297852, 113.241402, 13355.431641>) quick accessed a lock!
[03:52:55] Player ((SKS) Side Salad / Jordan, 76561198999593356)(<12408.297852, 113.241402, 13355.431641>) quick accessed a lock!
[03:54:08] Player (R@st@n@tor, 76561198035432577)(<8257.913086, 353.420319, 7030.072754>) quick accessed a lock!
[03:59:08] Player (R@st@n@tor, 76561198035432577)(<8257.913086, 353.420319, 7030.072754>) quick accessed a lock!
[04:06:45] Player (NicFit, 76561198086129271)(<6937.594238, 58.649269, 3680.769775>) removed a lock!
[04:22:33] Player ((SKS) Side Salad / Jordan, 76561198999593356)(<12408.297852, 113.241402, 13355.431641>) quick accessed a lock!
[04-19-2021][06.01.17] Log file reloaded ( Server Restart )
[04-19-2021][10.01.02] Log file reloaded ( Server Restart )
[11:15:52] Player (BlackStar, 76561198990415902)(<5268.548340, 306.574585, 5517.510742>) quick accessed a lock!
[11:18:04] Player (BlackStar, 76561198990415902)(<5255.014648, 306.032227, 5502.494629>) quick accessed a lock!
[04-19-2021][13.22.48] Log file reloaded ( Server Restart )
[04-19-2021][14.01.01] Log file reloaded ( Server Restart )
[15:23:01] Player (Chris.P.Duck, 76561199048973301)(<6599.935059, 339.278015, 9330.077148>) quick accessed a lock!
[15:29:45] Player (Chris.P.Duck, 76561199048973301)(<6609.361816, 338.330841, 9330.789063>) quick accessed a lock!
[04-19-2021][15.49.56] Log file reloaded ( Server Restart )
[16:45:16] Player (Flashheart, 76561198037023350)(<2936.145264, 270.069366, 9380.571289>) quick accessed a lock!
[16:46:05] Player (Flashheart, 76561198037023350)(<2946.327881, 268.814056, 9379.899414>) quick accessed a lock!
[16:53:23] Player (Flashheart, 76561198037023350)(<2936.145264, 270.069366, 9380.571289>) removed a lock!
[16:55:43] Player (Flashheart, 76561198037023350)(<2936.145264, 270.069366, 9380.571289>) set a new passcode on lock!
[16:55:43] Player (Flashheart, 76561198037023350)(<2936.145264, 270.069366, 9380.571289>) claimed ownership of a lock!
[16:58:28] Player (Flashheart, 76561198037023350)(<2936.145264, 270.069366, 9380.571289>) quick accessed a lock!
[16:58:45] Player (Flashheart, 76561198037023350)(<2936.145264, 270.069366, 9380.571289>) quick accessed a lock!
[17:01:33] Player (Flashheart, 76561198037023350)(<2946.327881, 268.814056, 9379.899414>) quick accessed a lock!
[17:01:46] Player (Flashheart, 76561198037023350)(<2946.327881, 268.814056, 9379.899414>) removed a lock!
[17:02:29] Player (Flashheart, 76561198037023350)(<2936.145264, 270.069366, 9380.571289>) quick accessed a lock!
[17:04:57] Player (Flashheart, 76561198037023350)(<2936.145264, 270.069366, 9380.571289>) quick accessed a lock!
[17:27:45] Player (Toppskillz, 76561198143912910)(<6580.294434, 337.447906, 9300.255859>) quick accessed a lock!
[17:32:17] Player (Toppskillz, 76561198143912910)(<6580.294434, 337.447906, 9300.255859>) quick accessed a lock!
[17:32:37] Player (Toppskillz, 76561198143912910)(<6580.294434, 337.447906, 9300.255859>) removed a lock!
[17:41:35] Player (Toppskillz, 76561198143912910)(<6566.460449, 335.537048, 9297.761719>) quick accessed a lock!
[04-19-2021][18.01.20] Log file reloaded ( Server Restart )
[19:12:03] Player (grizzly bear, 76561198839448946)(<6569.747559, 337.448761, 9291.367188>) quick accessed a lock!
[19:15:19] Player (grizzly bear, 76561198839448946)(<6569.747559, 337.448761, 9291.367188>) removed a lock!
[20:39:00] Player (Chris.P.Duck, 76561199048973301)(<6609.361816, 338.330841, 9330.789063>) quick accessed a lock!
[20:39:27] Player (Chris.P.Duck, 76561199048973301)(<6599.935059, 339.278015, 9330.077148>) quick accessed a lock!
[21:18:00] Player (Chris.P.Duck, 76561199048973301)(<6609.361816, 338.330841, 9330.789063>) quick accessed a lock!
[04-19-2021][22.01.26] Log file reloaded ( Server Restart )
[22:05:52] Player (BlackStar, 76561198990415902)(<5268.548340, 306.574585, 5517.510742>) quick accessed a lock!
[22:06:33] Player (Jev, 76561198068395829)(<5063.693359, 288.822144, 6267.720215>) quick accessed a lock!
[22:16:41] Player (BlackStar, 76561198990415902)(<5255.014648, 306.032227, 5502.494629>) quick accessed a lock!
[22:26:03] Player (BlackStar, 76561198990415902)(<5255.014648, 306.032227, 5502.494629>) quick accessed a lock!
[22:31:53] Player (BlackStar, 76561198990415902)(<5268.548340, 306.574585, 5517.510742>) quick accessed a lock!
[22:44:58] Player (BlackStar, 76561198990415902)(<5255.014648, 306.032227, 5502.494629>) quick accessed a lock!
[22:45:49] Player (BlackStar, 76561198990415902)(<5264.416992, 309.040802, 5503.187500>) quick accessed a lock!
[22:45:54] Player (BlackStar, 76561198990415902)(<5262.362305, 309.040588, 5506.741211>) quick accessed a lock!
[22:46:14] Player (SamotnyWilQ, 76561198029498048)(<3211.467773, 312.819366, 7782.817383>) quick accessed a lock!
[22:47:06] Player (BlackStar, 76561198990415902)(<5268.548340, 306.574585, 5517.510742>) quick accessed a lock!
[22:49:24] Player (BlackStar, 76561198990415902)(<5268.548340, 306.574585, 5517.510742>) quick accessed a lock!
[22:52:53] Player (BlackStar, 76561198990415902)(<5255.014648, 306.032227, 5502.494629>) quick accessed a lock!
[22:53:12] Player (BlackStar, 76561198990415902)(<5268.548340, 306.574585, 5517.510742>) quick accessed a lock!
[22:56:53] Player (BlackStar, 76561198990415902)(<5255.014648, 306.032227, 5502.494629>) quick accessed a lock!
[22:57:00] Player (BlackStar, 76561198990415902)(<5255.014648, 306.032227, 5502.494629>) quick accessed a lock!
[23:00:08] Player (SamotnyWilQ, 76561198029498048)(<3215.333496, 311.651398, 7795.487793>) quick accessed a lock!
[23:10:14] Player (BlackStar, 76561198990415902)(<5268.548340, 306.574585, 5517.510742>) quick accessed a lock!
[23:26:27] Player (SamotnyWilQ, 76561198029498048)(<3211.467773, 312.819366, 7782.817383>) quick accessed a lock!
[23:43:39] Player (R@st@n@tor, 76561198035432577)(<8255.325195, 354.292114, 7013.197266>) quick accessed a lock!
[23:46:43] Player (R@st@n@tor, 76561198035432577)(<8257.913086, 353.420319, 7030.072754>) quick accessed a lock!
[23:48:06] Player (SamotnyWilQ, 76561198029498048)(<3215.333496, 311.651398, 7795.487793>) quick accessed a lock!
[00:02:11] Player (R@st@n@tor, 76561198035432577)(<8252.997070, 356.360931, 7023.737305>) quick accessed a lock!
[00:02:47] Player (R@st@n@tor, 76561198035432577)(<8251.396484, 353.419220, 7024.863770>) quick accessed a lock!
[00:03:17] Player (R@st@n@tor, 76561198035432577)(<8251.396484, 353.419220, 7024.863770>) quick accessed a lock!
[00:03:27] Player (R@st@n@tor, 76561198035432577)(<8251.396484, 353.419220, 7024.863770>) quick accessed a lock!
[00:04:12] Player (R@st@n@tor, 76561198035432577)(<8249.459961, 353.295349, 7034.228027>) quick accessed a lock!
[00:04:22] Player (R@st@n@tor, 76561198035432577)(<8249.459961, 353.295349, 7034.228027>) accessed a lock!
[00:04:22] Player (R@st@n@tor, 76561198035432577)(<8249.459961, 353.295349, 7034.228027>) was added as a guest of a lock!
[00:04:38] Player (R@st@n@tor, 76561198035432577)(<8249.459961, 353.295349, 7034.228027>) removed a lock!
[00:07:21] Player (R@st@n@tor, 76561198035432577)(<8252.997070, 356.360931, 7023.737305>) removed a lock!
[00:15:11] Player (SamotnyWilQ, 76561198029498048)(<3211.467773, 312.819366, 7782.817383>) quick accessed a lock!
[00:18:30] Player (SamotnyWilQ, 76561198029498048)(<3211.467773, 312.819366, 7782.817383>) removed a lock!
[00:19:26] Player (SamotnyWilQ, 76561198029498048)(<3215.333496, 311.651398, 7795.487793>) quick accessed a lock!
[00:22:09] Player (SamotnyWilQ, 76561198029498048)(<3215.333496, 311.651398, 7795.487793>) quick accessed a lock!
[00:22:40] Player (BlackStar, 76561198990415902)(<5268.548340, 306.574585, 5517.510742>) quick accessed a lock!
[00:22:58] Player (SamotnyWilQ, 76561198029498048)(<3215.333496, 311.651398, 7795.487793>) removed a lock!
[00:30:43] Player (BlackStar, 76561198990415902)(<5264.416992, 309.040802, 5503.187500>) quick accessed a lock!
[00:40:20] Player (Helmut Lootie, 76561198065413312)(<3711.371826, 305.015656, 8279.054688>) quick accessed a lock!
[00:46:55] Player (R@st@n@tor, 76561198035432577)(<8257.913086, 353.420319, 7030.072754>) quick accessed a lock!
[00:57:48] Player (BlackStar, 76561198990415902)(<5268.548340, 306.574585, 5517.510742>) quick accessed a lock!
[01:06:54] Player (Helmut Lootie, 76561198065413312)(<3711.371826, 305.015656, 8279.054688>) quick accessed a lock!
[01:07:46] Player (Helmut Lootie, 76561198065413312)(<3719.772705, 305.302094, 8236.056641>) quick accessed a lock!
[01:08:04] Player (Helmut Lootie, 76561198065413312)(<3691.996826, 304.166504, 8254.534180>) quick accessed a lock!
[01:18:53] Player ([SKS] Korwiin, 76561198013080573)(<7652.204102, 138.656174, 12870.273438>) quick accessed a lock!
[01:22:17] Player ([SKS] Korwiin, 76561198013080573)(<7652.204102, 138.656174, 12870.273438>) quick accessed a lock!
[01:22:37] Player ([SKS] Korwiin, 76561198013080573)(<7652.204102, 138.656174, 12870.273438>) quick accessed a lock!
