[04-13-2021][02.01.24] New Access Log File Created!
[02:07:18] Player (mgokay, 76561198042235031)(<1898.992920, 293.118866, 9006.794922>) quick accessed a lock!
[02:08:11] Player (Korwiin, 76561198013080573)(<7652.204102, 138.656174, 12870.273438>) quick accessed a lock!
[02:08:42] Player (mgokay, 76561198042235031)(<1898.992920, 293.118866, 9006.794922>) quick accessed a lock!
[02:26:57] Player ([TST] Tulcus, 76561198421975055)(<1898.992920, 293.118866, 9006.794922>) quick accessed a lock!
[02:27:02] Player ([TST] Tulcus, 76561198421975055)(<1908.584961, 293.109711, 9013.850586>) quick accessed a lock!
[02:28:35] Player (mgokay, 76561198042235031)(<1898.992920, 293.118866, 9006.794922>) quick accessed a lock!
[02:32:05] Player ([TST] Tulcus, 76561198421975055)(<1898.992920, 293.118866, 9006.794922>) quick accessed a lock!
[02:32:07] Player ([TST] Tulcus, 76561198421975055)(<1898.992920, 293.118866, 9006.794922>) quick accessed a lock!
[02:32:23] Player ([TST] Tulcus, 76561198421975055)(<1898.992920, 293.118866, 9006.794922>) quick accessed a lock!
[02:34:55] Player (quadlock, 76561198162344833)(<3260.278809, 213.167038, 13056.075195>) quick accessed a lock!
[02:35:01] Player (quadlock, 76561198162344833)(<3254.467773, 215.025970, 13062.179688>) quick accessed a lock!
[02:38:45] Player ([TST] Tulcus, 76561198421975055)(<1898.992920, 293.118866, 9006.794922>) quick accessed a lock!
[02:59:00] Player (mgokay, 76561198042235031)(<1898.992920, 293.118866, 9006.794922>) quick accessed a lock!
[02:59:22] Player (Korwiin, 76561198013080573)(<7652.204102, 138.656174, 12870.273438>) quick accessed a lock!
[03:00:05] Player (mgokay, 76561198042235031)(<1898.992920, 293.118866, 9006.794922>) quick accessed a lock!
[03:01:31] Player (mgokay, 76561198042235031)(<1898.992920, 293.118866, 9006.794922>) quick accessed a lock!
[03:01:58] Player (mgokay, 76561198042235031)(<1898.992920, 293.118866, 9006.794922>) quick accessed a lock!
[03:02:04] Player (mgokay, 76561198042235031)(<1898.992920, 293.118866, 9006.794922>) quick accessed a lock!
[03:26:05] Player (Korwiin, 76561198013080573)(<7648.631836, 141.446121, 12872.401367>) quick accessed a lock!
[03:31:29] Player (libertine09, 76561198198409010)(<6621.640137, 338.343811, 9285.472656>) quick accessed a lock!
[04-13-2021][06.01.32] Log file reloaded ( Server Restart )
[08:10:39] Player (Coco, 76561198134417737)(<12324.582031, 21.886555, 14253.009766>) quick accessed a lock!
[08:11:00] Player (Coco, 76561198134417737)(<12314.919922, 21.886555, 14256.592773>) quick accessed a lock!
[08:11:19] Player (Coco, 76561198134417737)(<12335.657227, 21.907383, 14295.749023>) quick accessed a lock!
[08:12:47] Player (Coco, 76561198134417737)(<12335.657227, 21.907383, 14295.749023>) quick accessed a lock!
[08:49:55] Player (Chris.P.Duck, 76561199048973301)(<6566.460449, 335.537048, 9297.761719>) accessed a lock!
[08:49:55] Player (Chris.P.Duck, 76561199048973301)(<6566.460449, 335.537048, 9297.761719>) was added as a guest of a lock!
[08:50:20] Player (Chris.P.Duck, 76561199048973301)(<6569.747559, 337.448761, 9291.367188>) accessed a lock!
[08:50:20] Player (Chris.P.Duck, 76561199048973301)(<6569.747559, 337.448761, 9291.367188>) was added as a guest of a lock!
[08:50:24] Player (Chris.P.Duck, 76561199048973301)(<6569.747559, 337.448761, 9291.367188>) quick accessed a lock!
[08:50:40] Player (Chris.P.Duck, 76561199048973301)(<6582.509766, 335.536407, 9287.973633>) accessed a lock!
[08:50:40] Player (Chris.P.Duck, 76561199048973301)(<6582.509766, 335.536407, 9287.973633>) was added as a guest of a lock!
[08:50:49] Player (Chris.P.Duck, 76561199048973301)(<6566.460449, 335.537048, 9297.761719>) quick accessed a lock!
[04-13-2021][10.01.16] Log file reloaded ( Server Restart )
[10:32:16] Player (frenchy, 76561198969225016)(<6566.460449, 335.537048, 9297.761719>) quick accessed a lock!
[10:33:59] Player (Jev, 76561198068395829)(<5063.693359, 288.822144, 6267.720215>) quick accessed a lock!
[11:34:03] Player ([E4]Dragonite, 76561198254602740)(<3438.451416, 294.238281, 8505.000000>) quick accessed a lock!
[11:34:13] Player ([E4]Dragonite, 76561198254602740)(<3441.702148, 297.179047, 8511.938477>) quick accessed a lock!
[11:35:35] Player ([E4]Dragonite, 76561198254602740)(<3438.451416, 294.238281, 8505.000000>) quick accessed a lock!
[11:39:48] Player ([E4]Dragonite, 76561198254602740)(<3441.702148, 297.179047, 8511.938477>) quick accessed a lock!
[12:00:16] Player (MD74, 76561198320997245)(<3697.718750, 305.022583, 8241.563477>) accessed a lock!
[12:00:16] Player (MD74, 76561198320997245)(<3697.718750, 305.022583, 8241.563477>) was added as a guest of a lock!
[12:00:43] Player (Helmut Lootie, 76561198065413312)(<3702.595459, 305.019165, 8257.460938>) quick accessed a lock!
[12:00:59] Player (Helmut Lootie, 76561198065413312)(<3705.060547, 305.019165, 8262.931641>) quick accessed a lock!
[12:01:37] Player (Helmut Lootie, 76561198065413312)(<3711.371826, 305.015656, 8279.054688>) quick accessed a lock!
[12:26:19] Player ([E4]Dragonite, 76561198254602740)(<3438.451416, 294.238281, 8505.000000>) quick accessed a lock!
[12:27:37] Player ([E4]Dragonite, 76561198254602740)(<3438.451416, 294.238281, 8505.000000>) quick accessed a lock!
[12:27:55] Player ([E4]Dragonite, 76561198254602740)(<3438.451416, 294.238281, 8505.000000>) quick accessed a lock!
[12:41:03] Player (Dr. Dingleberry, 76561198223714820)(<4570.709473, 335.347839, 14415.300781>) quick accessed a lock!
[12:46:16] Player (MD74, 76561198320997245)(<3719.772705, 305.302094, 8236.056641>) accessed a lock!
[12:46:16] Player (MD74, 76561198320997245)(<3719.772705, 305.302094, 8236.056641>) was added as a guest of a lock!
[12:46:31] Player (frenchy, 76561198969225016)(<6566.460449, 335.537048, 9297.761719>) quick accessed a lock!
[12:46:59] Player (MD74, 76561198320997245)(<3719.772705, 305.302094, 8236.056641>) quick accessed a lock!
[12:47:07] Player (Helmut Lootie, 76561198065413312)(<3691.996826, 304.166504, 8254.534180>) quick accessed a lock!
[12:51:04] Player ([E4]Dragonite, 76561198254602740)(<3438.451416, 294.238281, 8505.000000>) quick accessed a lock!
[12:52:16] Player ([E4]Dragonite, 76561198254602740)(<3441.702148, 297.179047, 8511.938477>) quick accessed a lock!
[12:52:40] Player ([E4]Dragonite, 76561198254602740)(<3438.451416, 294.238281, 8505.000000>) quick accessed a lock!
[12:53:13] Player ([E4]Dragonite, 76561198254602740)(<3438.451416, 294.238281, 8505.000000>) quick accessed a lock!
[12:57:51] Player ([E4]Dragonite, 76561198254602740)(<3438.451416, 294.238281, 8505.000000>) quick accessed a lock!
[12:58:02] Player (Helmut Lootie, 76561198065413312)(<3697.718750, 305.022583, 8241.563477>) quick accessed a lock!
[12:59:23] Player ([E4]Dragonite, 76561198254602740)(<3438.451416, 294.238281, 8505.000000>) quick accessed a lock!
[12:59:28] Player ([E4]Dragonite, 76561198254602740)(<3441.702148, 297.179047, 8511.938477>) quick accessed a lock!
[13:00:05] Player ([E4]Dragonite, 76561198254602740)(<3441.702148, 297.179047, 8511.938477>) quick accessed a lock!
[13:00:27] Player ([E4]Dragonite, 76561198254602740)(<3438.451416, 294.238281, 8505.000000>) quick accessed a lock!
[13:03:06] Player ([E4]Dragonite, 76561198254602740)(<3438.451416, 294.238281, 8505.000000>) quick accessed a lock!
[13:03:12] Player ([E4]Dragonite, 76561198254602740)(<3435.809814, 294.214264, 8520.870117>) quick accessed a lock!
[13:05:23] Player ([E4]Dragonite, 76561198254602740)(<3435.809814, 294.214264, 8520.870117>) quick accessed a lock!
[13:08:12] Player ([E4]Dragonite, 76561198254602740)(<3438.451416, 294.238281, 8505.000000>) quick accessed a lock!
[13:14:32] Player ([E4]Dragonite, 76561198254602740)(<3438.451416, 294.238281, 8505.000000>) quick accessed a lock!
[13:41:25] Player ([E4]Dragonite, 76561198254602740)(<3441.702148, 297.179047, 8511.938477>) quick accessed a lock!
[13:41:44] Player ([THTC] InfernoFeathers, 76561198191816598)(<1875.128662, 258.063904, 12005.973633>) set a new passcode on lock!
[13:41:44] Player ([THTC] InfernoFeathers, 76561198191816598)(<1875.128662, 258.063904, 12005.973633>) claimed ownership of a lock!
[13:41:46] Player ([THTC] InfernoFeathers, 76561198191816598)(<1875.128662, 258.063904, 12005.973633>) quick accessed a lock!
[13:44:16] Player ([THTC] InfernoFeathers, 76561198191816598)(<1875.128662, 258.063904, 12005.973633>) quick accessed a lock!
[04-13-2021][14.01.12] Log file reloaded ( Server Restart )
[14:07:36] Player ([E4]Dragonite, 76561198254602740)(<3441.702148, 297.179047, 8511.938477>) quick accessed a lock!
[14:08:29] Player ([E4]Dragonite, 76561198254602740)(<3441.702148, 297.179047, 8511.938477>) quick accessed a lock!
[14:09:12] Player ([E4]Dragonite, 76561198254602740)(<3435.809814, 294.214264, 8520.870117>) quick accessed a lock!
[14:10:42] Player ([E4]Dragonite, 76561198254602740)(<3438.451416, 294.238281, 8505.000000>) quick accessed a lock!
[14:20:56] Player (IRonic, 76561199116927487)(<3438.451416, 294.238281, 8505.000000>) accessed a lock!
[14:20:56] Player (IRonic, 76561199116927487)(<3438.451416, 294.238281, 8505.000000>) was added as a guest of a lock!
[14:21:14] Player ([E4]Dragonite, 76561198254602740)(<3441.702148, 297.179047, 8511.938477>) quick accessed a lock!
[14:21:33] Player ([E4]Dragonite, 76561198254602740)(<3435.809814, 294.214264, 8520.870117>) quick accessed a lock!
[14:22:19] Player ([E4]Dragonite, 76561198254602740)(<3438.451416, 294.238281, 8505.000000>) quick accessed a lock!
[14:23:33] Player (IRonic, 76561199116927487)(<3438.451416, 294.238281, 8505.000000>) quick accessed a lock!
[14:49:50] Player ([THTC] InfernoFeathers, 76561198191816598)(<1875.128662, 258.063904, 12005.973633>) quick accessed a lock!
[14:54:16] Player (mgokay, 76561198042235031)(<1898.992920, 293.118866, 9006.794922>) quick accessed a lock!
[14:54:21] Player (mgokay, 76561198042235031)(<1898.992920, 293.118866, 9006.794922>) quick accessed a lock!
[15:00:45] Player ([THTC] InfernoFeathers, 76561198191816598)(<1875.128662, 258.063904, 12005.973633>) quick accessed a lock!
[15:01:09] Player ([THTC] InfernoFeathers, 76561198191816598)(<1851.061035, 258.889038, 11985.728516>) set a new passcode on lock!
[15:01:09] Player ([THTC] InfernoFeathers, 76561198191816598)(<1851.061035, 258.889038, 11985.728516>) claimed ownership of a lock!
[15:01:10] Player ([THTC] InfernoFeathers, 76561198191816598)(<1851.061035, 258.889038, 11985.728516>) quick accessed a lock!
[15:01:18] Player ([THTC] InfernoFeathers, 76561198191816598)(<1875.128662, 258.063904, 12005.973633>) quick accessed a lock!
[15:01:24] Player ([THTC] InfernoFeathers, 76561198191816598)(<1875.128662, 258.063904, 12005.973633>) quick accessed a lock!
[15:06:45] Player ([E4]Dragonite, 76561198254602740)(<3438.451416, 294.238281, 8505.000000>) quick accessed a lock!
[15:06:53] Player ([E4]Dragonite, 76561198254602740)(<3441.702148, 297.179047, 8511.938477>) quick accessed a lock!
[15:09:48] Player ([E4]Dragonite, 76561198254602740)(<3441.702148, 297.179047, 8511.938477>) quick accessed a lock!
[15:10:05] Player (Sarah, 76561198100717229)(<7803.769043, 313.596680, 6895.022949>) quick accessed a lock!
[15:10:34] Player ([E4]Dragonite, 76561198254602740)(<3438.451416, 294.238281, 8505.000000>) quick accessed a lock!
[15:10:47] Player ([E4]Dragonite, 76561198254602740)(<3441.702148, 297.179047, 8511.938477>) quick accessed a lock!
[15:12:17] Player (Sarah, 76561198100717229)(<7803.769043, 313.596680, 6895.022949>) quick accessed a lock!
[15:12:23] Player (Sarah, 76561198100717229)(<7810.989258, 314.200653, 6881.988281>) quick accessed a lock!
[15:12:51] Player ([E4]Dragonite, 76561198254602740)(<3452.043701, 292.616028, 8502.231445>) set a new passcode on lock!
[15:12:51] Player ([E4]Dragonite, 76561198254602740)(<3452.043701, 292.616028, 8502.231445>) claimed ownership of a lock!
[15:12:57] Player ([E4]Dragonite, 76561198254602740)(<3452.043701, 292.616028, 8502.231445>) quick accessed a lock!
[15:13:49] Player (IRonic, 76561199116927487)(<3445.654785, 294.214478, 8519.410156>) set a new passcode on lock!
[15:13:49] Player (IRonic, 76561199116927487)(<3445.654785, 294.214478, 8519.410156>) claimed ownership of a lock!
[15:13:51] Player (IRonic, 76561199116927487)(<3445.654785, 294.214478, 8519.410156>) quick accessed a lock!
[15:13:55] Player (IRonic, 76561199116927487)(<3445.654785, 294.214478, 8519.410156>) quick accessed a lock!
[15:14:03] Player ([E4]Dragonite, 76561198254602740)(<3435.809814, 294.214264, 8520.870117>) quick accessed a lock!
[15:15:28] Player ([E4]Dragonite, 76561198254602740)(<3441.702148, 297.179047, 8511.938477>) quick accessed a lock!
[15:15:50] Player (IRonic, 76561199116927487)(<3438.451416, 294.238281, 8505.000000>) quick accessed a lock!
[15:15:53] Player (IRonic, 76561199116927487)(<3445.654785, 294.214478, 8519.410156>) quick accessed a lock!
[15:43:31] Player (Dr. Dingleberry, 76561198223714820)(<4585.147949, 333.801636, 14415.176758>) quick accessed a lock!
[15:45:45] Player (Dr. Dingleberry, 76561198223714820)(<4570.709473, 335.347839, 14415.300781>) quick accessed a lock!
[16:08:40] Player (quadlock, 76561198162344833)(<3260.278809, 213.167038, 13056.075195>) quick accessed a lock!
[16:08:46] Player (quadlock, 76561198162344833)(<3254.467773, 215.025970, 13062.179688>) quick accessed a lock!
[16:08:56] Player (IRonic, 76561199116927487)(<3438.451416, 294.238281, 8505.000000>) quick accessed a lock!
[16:09:51] Player (Sarah, 76561198100717229)(<7798.347656, 313.578888, 6902.445313>) quick accessed a lock!
[16:13:13] Player (Sarah, 76561198100717229)(<7798.347656, 313.578888, 6902.445313>) quick accessed a lock!
[16:16:29] Player (Dr. Dingleberry, 76561198223714820)(<4570.709473, 335.347839, 14415.300781>) quick accessed a lock!
[16:20:12] Player (quadlock, 76561198162344833)(<3254.467773, 215.025970, 13062.179688>) quick accessed a lock!
[16:20:37] Player (quadlock, 76561198162344833)(<3254.467773, 215.025970, 13062.179688>) quick accessed a lock!
[16:39:05] Player (mgokay, 76561198042235031)(<1898.992920, 293.118866, 9006.794922>) quick accessed a lock!
[16:41:11] Player (IRonic, 76561199116927487)(<3445.654785, 294.214478, 8519.410156>) quick accessed a lock!
[16:41:24] Player (mgokay, 76561198042235031)(<1898.992920, 293.118866, 9006.794922>) quick accessed a lock!
[16:47:19] Player ([THTC] InfernoFeathers, 76561198191816598)(<1875.128662, 258.063904, 12005.973633>) quick accessed a lock!
[16:49:00] Player (IRonic, 76561199116927487)(<3438.451416, 294.238281, 8505.000000>) quick accessed a lock!
[16:49:07] Player (Sarah, 76561198100717229)(<7798.347656, 313.578888, 6902.445313>) quick accessed a lock!
[16:49:13] Player (Sarah, 76561198100717229)(<7803.769043, 313.596680, 6895.022949>) quick accessed a lock!
[16:49:28] Player ([THTC] InfernoFeathers, 76561198191816598)(<1875.128662, 258.063904, 12005.973633>) quick accessed a lock!
[16:58:13] Player (BlackStar, 76561198990415902)(<5268.548340, 306.574585, 5517.510742>) quick accessed a lock!
[16:59:20] Player ([THTC] InfernoFeathers, 76561198191816598)(<1875.128662, 258.063904, 12005.973633>) quick accessed a lock!
[17:05:21] Player ([THTC] InfernoFeathers, 76561198191816598)(<1875.128662, 258.063904, 12005.973633>) quick accessed a lock!
[17:10:11] Player ([THTC] InfernoFeathers, 76561198191816598)(<1875.128662, 258.063904, 12005.973633>) quick accessed a lock!
[17:27:03] Player (rastanator, 76561198035432577)(<8255.325195, 354.292114, 7013.197266>) quick accessed a lock!
[17:28:43] Player (BlackStar, 76561198990415902)(<5268.548340, 306.574585, 5517.510742>) quick accessed a lock!
[17:32:31] Player (BlackStar, 76561198990415902)(<5268.548340, 306.574585, 5517.510742>) quick accessed a lock!
[17:34:41] Player (GeePee, 76561198143562963)(<14003.272461, 7.405295, 13444.389648>) quick accessed a lock!
[17:35:14] Player (GeePee, 76561198143562963)(<14016.833984, 3.288195, 13449.520508>) quick accessed a lock!
[17:39:40] Player (rastanator, 76561198035432577)(<8256.940430, 353.342041, 7021.807617>) quick accessed a lock!
[17:39:48] Player (rastanator, 76561198035432577)(<8252.997070, 356.360931, 7023.737305>) quick accessed a lock!
[17:42:45] Player (rastanator, 76561198035432577)(<8256.940430, 353.342041, 7021.807617>) quick accessed a lock!
[17:43:05] Player (rastanator, 76561198035432577)(<8255.325195, 354.292114, 7013.197266>) quick accessed a lock!
[17:43:51] Player (rastanator, 76561198035432577)(<8257.913086, 353.420319, 7030.072754>) quick accessed a lock!
[17:48:57] Player ([E4]Dragonite, 76561198254602740)(<3438.451416, 294.238281, 8505.000000>) quick accessed a lock!
[17:49:04] Player ([E4]Dragonite, 76561198254602740)(<3435.809814, 294.214264, 8520.870117>) quick accessed a lock!
[17:51:21] Player ([E4]Dragonite, 76561198254602740)(<3438.451416, 294.238281, 8505.000000>) quick accessed a lock!
[17:51:39] Player ([E4]Dragonite, 76561198254602740)(<3452.043701, 292.616028, 8502.231445>) quick accessed a lock!
[17:53:20] Player ([E4]Dragonite, 76561198254602740)(<3438.451416, 294.238281, 8505.000000>) quick accessed a lock!
[17:57:16] Player ([E4]Dragonite, 76561198254602740)(<3438.451416, 294.238281, 8505.000000>) quick accessed a lock!
[17:57:51] Player (frenchy, 76561198969225016)(<6566.460449, 335.537048, 9297.761719>) quick accessed a lock!
[17:58:09] Player (frenchy, 76561198969225016)(<6566.460449, 335.537048, 9297.761719>) quick accessed a lock!
[04-13-2021][18.01.22] Log file reloaded ( Server Restart )
[18:05:47] Player (grizzly bear, 76561198839448946)(<6569.747559, 337.448761, 9291.367188>) quick accessed a lock!
[18:06:23] Player (grizzly bear, 76561198839448946)(<6574.390137, 338.477417, 9297.323242>) quick accessed a lock!
[18:06:46] Player (frenchy, 76561198969225016)(<6574.390137, 338.477417, 9297.323242>) quick accessed a lock!
[18:10:31] Player (Sarah, 76561198100717229)(<7798.347656, 313.578888, 6902.445313>) quick accessed a lock!
[18:10:45] Player (Sarah, 76561198100717229)(<7798.347656, 313.578888, 6902.445313>) quick accessed a lock!
[18:11:01] Player (Sarah, 76561198100717229)(<7803.769043, 313.596680, 6895.022949>) quick accessed a lock!
[18:11:07] Player (Sarah, 76561198100717229)(<7814.193848, 315.561035, 6895.966797>) quick accessed a lock!
[18:26:27] Player (grizzly bear, 76561198839448946)(<6566.460449, 335.537048, 9297.761719>) quick accessed a lock!
[18:26:35] Player (grizzly bear, 76561198839448946)(<6574.390137, 338.477417, 9297.323242>) quick accessed a lock!
[18:31:08] Player (Sarah, 76561198100717229)(<7798.347656, 313.578888, 6902.445313>) quick accessed a lock!
[18:31:36] Player (Sarah, 76561198100717229)(<7810.989258, 314.200653, 6881.988281>) quick accessed a lock!
[18:31:57] Player (Sarah, 76561198100717229)(<7803.769043, 313.596680, 6895.022949>) quick accessed a lock!
[18:32:55] Player (Dr. Dingleberry, 76561198223714820)(<4570.709473, 335.347839, 14415.300781>) quick accessed a lock!
[18:32:59] Player (grizzly bear, 76561198839448946)(<6574.390137, 338.477417, 9297.323242>) quick accessed a lock!
[18:37:14] Player (Sarah, 76561198100717229)(<7810.989258, 314.200653, 6881.988281>) quick accessed a lock!
[18:45:44] Player (frenchy, 76561198969225016)(<6566.460449, 335.537048, 9297.761719>) quick accessed a lock!
[18:45:57] Player (frenchy, 76561198969225016)(<6574.390137, 338.477417, 9297.323242>) quick accessed a lock!
[18:50:57] Player (rastanator, 76561198035432577)(<8252.997070, 356.360931, 7023.737305>) quick accessed a lock!
[18:51:09] Player (rastanator, 76561198035432577)(<8257.185547, 356.236145, 7037.282227>) quick accessed a lock!
[18:51:54] Player (BlackStar, 76561198990415902)(<5268.548340, 306.574585, 5517.510742>) quick accessed a lock!
[18:54:37] Player (frenchy, 76561198969225016)(<6566.460449, 335.537048, 9297.761719>) quick accessed a lock!
[18:54:47] Player (frenchy, 76561198969225016)(<6574.390137, 338.477417, 9297.323242>) quick accessed a lock!
[18:59:21] Player (grizzly bear, 76561198839448946)(<6574.390137, 338.477417, 9297.323242>) quick accessed a lock!
[18:59:26] Player (grizzly bear, 76561198839448946)(<6566.460449, 335.537048, 9297.761719>) quick accessed a lock!
[19:06:10] Player (grizzly bear, 76561198839448946)(<6566.460449, 335.537048, 9297.761719>) quick accessed a lock!
[19:06:34] Player (grizzly bear, 76561198839448946)(<6566.460449, 335.537048, 9297.761719>) quick accessed a lock!
[19:06:38] Player (grizzly bear, 76561198839448946)(<6569.747559, 337.448761, 9291.367188>) quick accessed a lock!
[19:06:53] Player (rastanator, 76561198035432577)(<8255.325195, 354.292114, 7013.197266>) quick accessed a lock!
[19:07:48] Player (rastanator, 76561198035432577)(<8256.940430, 353.342041, 7021.807617>) quick accessed a lock!
[19:12:36] Player (grizzly bear, 76561198839448946)(<6566.460449, 335.537048, 9297.761719>) quick accessed a lock!
[19:12:46] Player (grizzly bear, 76561198839448946)(<6574.390137, 338.477417, 9297.323242>) quick accessed a lock!
[19:16:05] Player (GeePee, 76561198143562963)(<14016.833984, 3.288195, 13449.520508>) quick accessed a lock!
[19:16:16] Player (GeePee, 76561198143562963)(<14003.272461, 7.405295, 13444.389648>) quick accessed a lock!
[19:16:50] Player (frenchy, 76561198969225016)(<6566.460449, 335.537048, 9297.761719>) quick accessed a lock!
[19:16:51] Player (GeePee, 76561198143562963)(<14003.272461, 7.405295, 13444.389648>) quick accessed a lock!
[19:16:57] Player (frenchy, 76561198969225016)(<6574.390137, 338.477417, 9297.323242>) quick accessed a lock!
[19:17:52] Player (GeePee, 76561198143562963)(<14003.272461, 7.405295, 13444.389648>) quick accessed a lock!
[19:18:34] Player (grizzly bear, 76561198839448946)(<6574.390137, 338.477417, 9297.323242>) quick accessed a lock!
[19:20:49] Player (GeePee, 76561198143562963)(<14016.833984, 3.288195, 13449.520508>) quick accessed a lock!
[19:20:56] Player (grizzly bear, 76561198839448946)(<6574.390137, 338.477417, 9297.323242>) quick accessed a lock!
[19:23:51] Player (GeePee, 76561198143562963)(<14016.833984, 3.288195, 13449.520508>) quick accessed a lock!
[19:23:57] Player (GeePee, 76561198143562963)(<14003.272461, 7.405295, 13444.389648>) quick accessed a lock!
[19:24:55] Player (frenchy, 76561198969225016)(<6574.390137, 338.477417, 9297.323242>) quick accessed a lock!
[19:26:38] Player (GeePee, 76561198143562963)(<14016.833984, 3.288195, 13449.520508>) quick accessed a lock!
[19:27:55] Player (frenchy, 76561198969225016)(<6574.390137, 338.477417, 9297.323242>) quick accessed a lock!
[19:28:05] Player (GeePee, 76561198143562963)(<14003.272461, 7.405295, 13444.389648>) quick accessed a lock!
[19:41:48] Player (rastanator, 76561198035432577)(<8255.325195, 354.292114, 7013.197266>) quick accessed a lock!
[19:42:39] Player (rastanator, 76561198035432577)(<8255.325195, 354.292114, 7013.197266>) quick accessed a lock!
[20:07:59] Player (GeePee, 76561198143562963)(<14016.833984, 3.288195, 13449.520508>) quick accessed a lock!
[20:13:47] Player (GeePee, 76561198143562963)(<14003.272461, 7.405295, 13444.389648>) quick accessed a lock!
[20:14:51] Player (GeePee, 76561198143562963)(<14016.833984, 3.288195, 13449.520508>) quick accessed a lock!
[20:17:57] Player (GeePee, 76561198143562963)(<14016.833984, 3.288195, 13449.520508>) quick accessed a lock!
[20:18:24] Player (GeePee, 76561198143562963)(<14016.833984, 3.288195, 13449.520508>) quick accessed a lock!
[20:21:04] Player (grizzly bear, 76561198839448946)(<6566.460449, 335.537048, 9297.761719>) quick accessed a lock!
[20:21:12] Player (grizzly bear, 76561198839448946)(<6574.390137, 338.477417, 9297.323242>) quick accessed a lock!
[20:21:48] Player (Dr. Dingleberry, 76561198223714820)(<4570.709473, 335.347839, 14415.300781>) quick accessed a lock!
[20:23:05] Player (Dr. Dingleberry, 76561198223714820)(<4570.709473, 335.347839, 14415.300781>) quick accessed a lock!
[20:24:22] Player (GeePee, 76561198143562963)(<14016.833984, 3.288195, 13449.520508>) quick accessed a lock!
[20:25:51] Player (frenchy, 76561198969225016)(<6574.390137, 338.477417, 9297.323242>) quick accessed a lock!
[20:31:50] Player (Dr. Dingleberry, 76561198223714820)(<4570.709473, 335.347839, 14415.300781>) quick accessed a lock!
[20:33:18] Player (Dr. Dingleberry, 76561198223714820)(<4570.709473, 335.347839, 14415.300781>) quick accessed a lock!
[20:33:23] Player (Dr. Dingleberry, 76561198223714820)(<4585.147949, 333.801636, 14415.176758>) quick accessed a lock!
[20:33:35] Player (grizzly bear, 76561198839448946)(<6566.460449, 335.537048, 9297.761719>) quick accessed a lock!
[20:43:08] Player (Dr. Dingleberry, 76561198223714820)(<4570.709473, 335.347839, 14415.300781>) quick accessed a lock!
[20:46:05] Player (frenchy, 76561198969225016)(<6574.390137, 338.477417, 9297.323242>) quick accessed a lock!
[20:46:17] Player (Dr. Dingleberry, 76561198223714820)(<4570.709473, 335.347839, 14415.300781>) quick accessed a lock!
[20:47:53] Player (frenchy, 76561198969225016)(<6574.390137, 338.477417, 9297.323242>) quick accessed a lock!
[20:59:15] Player (grizzly bear, 76561198839448946)(<6574.390137, 338.477417, 9297.323242>) quick accessed a lock!
[21:20:59] Player (GeePee, 76561198143562963)(<14016.833984, 3.288195, 13449.520508>) quick accessed a lock!
[21:21:32] Player (GeePee, 76561198143562963)(<14016.833984, 3.288195, 13449.520508>) quick accessed a lock!
[21:21:44] Player (GeePee, 76561198143562963)(<14016.833984, 3.288195, 13449.520508>) quick accessed a lock!
[21:32:35] Player (GeePee, 76561198143562963)(<14016.833984, 3.288195, 13449.520508>) quick accessed a lock!
[21:35:32] Player (GeePee, 76561198143562963)(<14003.272461, 7.405295, 13444.389648>) quick accessed a lock!
[21:39:48] Player (GeePee, 76561198143562963)(<14003.272461, 7.405295, 13444.389648>) quick accessed a lock!
[21:47:30] Player (Dr. Dingleberry, 76561198223714820)(<4561.810547, 338.356628, 14412.411133>) quick accessed a lock!
[21:50:43] Player (quadlock, 76561198162344833)(<3254.467773, 215.025970, 13062.179688>) quick accessed a lock!
[21:51:02] Player (quadlock, 76561198162344833)(<3260.278809, 213.167038, 13056.075195>) quick accessed a lock!
[21:51:04] Player (quadlock, 76561198162344833)(<3260.278809, 213.167038, 13056.075195>) quick accessed a lock!
[21:51:17] Player (quadlock, 76561198162344833)(<3260.278809, 213.167038, 13056.075195>) quick accessed a lock!
[21:52:02] Player (quadlock, 76561198162344833)(<3260.278809, 213.167038, 13056.075195>) quick accessed a lock!
[21:52:05] Player (quadlock, 76561198162344833)(<3254.467773, 215.025970, 13062.179688>) quick accessed a lock!
[21:52:32] Player (quadlock, 76561198162344833)(<3254.467773, 215.025970, 13062.179688>) quick accessed a lock!
[21:52:39] Player (quadlock, 76561198162344833)(<3260.278809, 213.167038, 13056.075195>) quick accessed a lock!
[21:54:03] Player (quadlock, 76561198162344833)(<3260.278809, 213.167038, 13056.075195>) quick accessed a lock!
[21:54:05] Player (quadlock, 76561198162344833)(<3254.467773, 215.025970, 13062.179688>) quick accessed a lock!
[21:58:20] Player (GeePee, 76561198143562963)(<14003.272461, 7.405295, 13444.389648>) quick accessed a lock!
[04-13-2021][22.14.53] Log file reloaded ( Server Restart )
[22:19:26] Player (quadlock, 76561198162344833)(<3254.467773, 215.025970, 13062.179688>) quick accessed a lock!
[22:20:19] Player (quadlock, 76561198162344833)(<3254.467773, 215.025970, 13062.179688>) quick accessed a lock!
[22:21:03] Player (GeePee, 76561198143562963)(<14003.272461, 7.405295, 13444.389648>) quick accessed a lock!
[22:21:22] Player (quadlock, 76561198162344833)(<3254.467773, 215.025970, 13062.179688>) quick accessed a lock!
[22:21:29] Player (GeePee, 76561198143562963)(<14003.272461, 7.405295, 13444.389648>) quick accessed a lock!
[22:21:48] Player (quadlock, 76561198162344833)(<3260.278809, 213.167038, 13056.075195>) quick accessed a lock!
[22:21:57] Player (quadlock, 76561198162344833)(<3260.278809, 213.167038, 13056.075195>) quick accessed a lock!
[22:23:00] Player (quadlock, 76561198162344833)(<3254.467773, 215.025970, 13062.179688>) quick accessed a lock!
[22:23:02] Player (quadlock, 76561198162344833)(<3254.467773, 215.025970, 13062.179688>) quick accessed a lock!
[22:23:05] Player (quadlock, 76561198162344833)(<3260.278809, 213.167038, 13056.075195>) quick accessed a lock!
[22:23:24] Player (GeePee, 76561198143562963)(<14016.833984, 3.288195, 13449.520508>) quick accessed a lock!
[22:23:41] Player (GeePee, 76561198143562963)(<14016.833984, 3.288195, 13449.520508>) quick accessed a lock!
[22:23:51] Player (GeePee, 76561198143562963)(<14003.272461, 7.405295, 13444.389648>) quick accessed a lock!
[22:24:34] Player (GeePee, 76561198143562963)(<14003.272461, 7.405295, 13444.389648>) quick accessed a lock!
[22:25:24] Player (GeePee, 76561198143562963)(<14003.272461, 7.405295, 13444.389648>) quick accessed a lock!
[22:39:09] Player (IRonic, 76561199116927487)(<3438.451416, 294.238281, 8505.000000>) quick accessed a lock!
[22:39:24] Player (IRonic, 76561199116927487)(<3445.654785, 294.214478, 8519.410156>) quick accessed a lock!
[22:39:52] Player (BlackStar, 76561198990415902)(<5268.548340, 306.574585, 5517.510742>) quick accessed a lock!
[22:40:01] Player (BlackStar, 76561198990415902)(<5255.014648, 306.032227, 5502.494629>) quick accessed a lock!
[22:53:22] Player (BlackStar, 76561198990415902)(<5268.548340, 306.574585, 5517.510742>) quick accessed a lock!
[22:55:55] Player (Sarah, 76561198100717229)(<7810.989258, 314.200653, 6881.988281>) quick accessed a lock!
[22:56:37] Player (Sarah, 76561198100717229)(<7803.769043, 313.596680, 6895.022949>) quick accessed a lock!
[22:56:42] Player (Sarah, 76561198100717229)(<7798.347656, 313.578888, 6902.445313>) quick accessed a lock!
[23:09:09] Player (GeePee, 76561198143562963)(<14003.272461, 7.405295, 13444.389648>) quick accessed a lock!
[23:09:21] Player (GeePee, 76561198143562963)(<14003.272461, 7.405295, 13444.389648>) quick accessed a lock!
[23:09:27] Player (Jordan, 76561198999593356)(<12408.297852, 113.241402, 13355.431641>) quick accessed a lock!
[23:09:28] Player (GeePee, 76561198143562963)(<14016.833984, 3.288195, 13449.520508>) quick accessed a lock!
[23:10:09] Player (GeePee, 76561198143562963)(<14016.833984, 3.288195, 13449.520508>) quick accessed a lock!
[23:11:24] Player (Sarah, 76561198100717229)(<7798.347656, 313.578888, 6902.445313>) quick accessed a lock!
[23:14:09] Player (Sarah, 76561198100717229)(<7798.347656, 313.578888, 6902.445313>) quick accessed a lock!
[23:17:37] Player (Sarah, 76561198100717229)(<7803.769043, 313.596680, 6895.022949>) quick accessed a lock!
[23:17:44] Player (Sarah, 76561198100717229)(<7798.347656, 313.578888, 6902.445313>) quick accessed a lock!
[23:17:46] Player (Sarah, 76561198100717229)(<7798.347656, 313.578888, 6902.445313>) quick accessed a lock!
[23:18:08] Player (Dr. Dingleberry, 76561198223714820)(<4570.709473, 335.347839, 14415.300781>) quick accessed a lock!
[23:19:56] Player (Sarah, 76561198100717229)(<7803.769043, 313.596680, 6895.022949>) quick accessed a lock!
[23:20:50] Player (Sarah, 76561198100717229)(<7803.769043, 313.596680, 6895.022949>) quick accessed a lock!
[23:22:55] Player (Sarah, 76561198100717229)(<7803.769043, 313.596680, 6895.022949>) quick accessed a lock!
[23:30:35] Player (Dr. Dingleberry, 76561198223714820)(<4561.810547, 338.356628, 14412.411133>) quick accessed a lock!
[00:02:43] Player (mgokay, 76561198042235031)(<1898.992920, 293.118866, 9006.794922>) quick accessed a lock!
[00:09:42] Player ([TST] Tulcus, 76561198421975055)(<1898.992920, 293.118866, 9006.794922>) quick accessed a lock!
[00:25:47] Player (Jev, 76561198068395829)(<5062.670410, 290.810150, 6252.083008>) quick accessed a lock!
[00:29:54] Player (Jev, 76561198068395829)(<5063.693359, 288.822144, 6267.720215>) quick accessed a lock!
[00:30:03] Player (NicFit, 76561198086129271)(<6934.305176, 64.038124, 3700.891846>) quick accessed a lock!
[00:30:08] Player (NicFit, 76561198086129271)(<6935.876953, 64.038116, 3704.676270>) quick accessed a lock!
[00:30:15] Player (NicFit, 76561198086129271)(<6933.577148, 64.038322, 3710.229004>) quick accessed a lock!
[00:30:32] Player (NicFit, 76561198086129271)(<6940.228027, 60.961956, 3705.061768>) quick accessed a lock!
[00:30:36] Player (Jev, 76561198068395829)(<5063.693359, 288.822144, 6267.720215>) quick accessed a lock!
[00:30:40] Player (Jev, 76561198068395829)(<5063.693359, 288.822144, 6267.720215>) quick accessed a lock!
[00:30:53] Player (mgokay, 76561198042235031)(<1898.992920, 293.118866, 9006.794922>) quick accessed a lock!
[00:30:56] Player (NicFit, 76561198086129271)(<6934.527344, 56.750614, 3674.505615>) quick accessed a lock!
[00:31:18] Player (Jev, 76561198068395829)(<5063.693359, 288.822144, 6267.720215>) quick accessed a lock!
[00:31:42] Player (Jev, 76561198068395829)(<5063.693359, 288.822144, 6267.720215>) quick accessed a lock!
[00:32:00] Player (Wood, 76561199055991193)(<8225.041016, 414.445343, 8253.890625>) set a new passcode on lock!
[00:32:00] Player (Wood, 76561199055991193)(<8225.041016, 414.445343, 8253.890625>) claimed ownership of a lock!
[00:32:02] Player (Wood, 76561199055991193)(<8225.041016, 414.445343, 8253.890625>) quick accessed a lock!
[00:32:34] Player (mgokay, 76561198042235031)(<1898.992920, 293.118866, 9006.794922>) quick accessed a lock!
[00:32:44] Player (Dr. Dingleberry, 76561198223714820)(<4570.709473, 335.347839, 14415.300781>) quick accessed a lock!
[00:33:08] Player (Wood, 76561199055991193)(<8225.041016, 414.445343, 8253.890625>) quick accessed a lock!
[00:35:40] Player (mgokay, 76561198042235031)(<1898.992920, 293.118866, 9006.794922>) quick accessed a lock!
[00:35:44] Player (mgokay, 76561198042235031)(<1898.992920, 293.118866, 9006.794922>) quick accessed a lock!
[00:36:03] Player (NicFit, 76561198086129271)(<6934.527344, 56.750614, 3674.505615>) quick accessed a lock!
[00:36:46] Player (NicFit, 76561198086129271)(<6940.228027, 60.961956, 3705.061768>) quick accessed a lock!
[00:36:55] Player (Wood, 76561199055991193)(<8225.041016, 414.445343, 8253.890625>) quick accessed a lock!
[00:36:58] Player (NicFit, 76561198086129271)(<6931.692383, 66.978699, 3704.374268>) quick accessed a lock!
[00:38:14] Player (mgokay, 76561198042235031)(<1898.992920, 293.118866, 9006.794922>) quick accessed a lock!
[00:38:16] Player (Korwiin, 76561198013080573)(<7648.631836, 141.446121, 12872.401367>) quick accessed a lock!
[00:38:25] Player (Korwiin, 76561198013080573)(<7652.288574, 141.446121, 12870.299805>) quick accessed a lock!
[00:38:27] Player (Korwiin, 76561198013080573)(<7650.174316, 141.446121, 12866.643555>) quick accessed a lock!
[00:38:33] Player (Korwiin, 76561198013080573)(<7646.515137, 141.446121, 12868.752930>) quick accessed a lock!
[00:42:18] Player (Wood, 76561199055991193)(<8225.041016, 414.445343, 8253.890625>) quick accessed a lock!
[00:43:22] Player (Dr. Dingleberry, 76561198223714820)(<4570.709473, 335.347839, 14415.300781>) quick accessed a lock!
[00:43:28] Player (Dr. Dingleberry, 76561198223714820)(<4585.147949, 333.801636, 14415.176758>) quick accessed a lock!
[00:43:52] Player (Dr. Dingleberry, 76561198223714820)(<4570.709473, 335.347839, 14415.300781>) quick accessed a lock!
[00:56:35] Player (Wood, 76561199055991193)(<8225.041016, 414.445343, 8253.890625>) quick accessed a lock!
[01:03:20] Player (Wood, 76561199055991193)(<8225.041016, 414.445343, 8253.890625>) quick accessed a lock!
[01:04:42] Player (Wood, 76561199055991193)(<8225.041016, 414.445343, 8253.890625>) quick accessed a lock!
[01:07:18] Player (Wood, 76561199055991193)(<8225.041016, 414.445343, 8253.890625>) quick accessed a lock!
[01:08:55] Player (Wood, 76561199055991193)(<8225.041016, 414.445343, 8253.890625>) quick accessed a lock!
[01:12:21] Player (Wood, 76561199055991193)(<8225.041016, 414.445343, 8253.890625>) quick accessed a lock!
[01:18:59] Player (Wood, 76561199055991193)(<8225.041016, 414.445343, 8253.890625>) quick accessed a lock!
[01:19:02] Player (Wood, 76561199055991193)(<8225.041016, 414.445343, 8253.890625>) quick accessed a lock!
[01:26:04] Player (Jev, 76561198068395829)(<12408.297852, 113.241402, 13355.431641>) quick accessed a lock!
[01:29:54] Player (Jordan, 76561198999593356)(<12408.297852, 113.241402, 13355.431641>) quick accessed a lock!
[01:30:29] Player (Jordan, 76561198999593356)(<12408.297852, 113.241402, 13355.431641>) quick accessed a lock!
[01:30:50] Player (Korwiin, 76561198013080573)(<7652.204102, 138.656174, 12870.273438>) quick accessed a lock!
[01:33:00] Player (Jordan, 76561198999593356)(<12408.297852, 113.241402, 13355.431641>) quick accessed a lock!
[01:44:02] Player (NicFit, 76561198086129271)(<4781.581543, 263.466522, 6648.197754>) quick accessed a lock!
[01:44:28] Player (NicFit, 76561198086129271)(<4794.475098, 260.834656, 6641.531250>) quick accessed a lock!
[01:44:50] Player (NicFit, 76561198086129271)(<4785.317383, 261.088928, 6638.194336>) quick accessed a lock!
[01:48:50] Player (NicFit, 76561198086129271)(<4781.581543, 263.466522, 6648.197754>) quick accessed a lock!
[01:49:39] Player (Korwiin, 76561198013080573)(<7652.204102, 138.656174, 12870.273438>) quick accessed a lock!
[01:49:52] Player (NicFit, 76561198086129271)(<4781.581543, 263.466522, 6648.197754>) quick accessed a lock!
[01:50:04] Player (NicFit, 76561198086129271)(<4781.581543, 263.466522, 6648.197754>) quick accessed a lock!
[01:52:34] Player (NicFit, 76561198086129271)(<4781.581543, 263.466522, 6648.197754>) quick accessed a lock!
[01:52:57] Player (NicFit, 76561198086129271)(<4785.317383, 261.088928, 6638.194336>) quick accessed a lock!
[01:53:33] Player (NicFit, 76561198086129271)(<4781.581543, 263.466522, 6648.197754>) quick accessed a lock!
[01:58:22] Player (NicFit, 76561198086129271)(<4781.581543, 263.466522, 6648.197754>) quick accessed a lock!
