[04-08-2021][02.01.30] New Access Log File Created!
[02:02:57] Player (NicFit, 76561198086129271)(<4785.317383, 261.088928, 6638.194336>) quick accessed a lock!
[02:05:01] Player (NicFit, 76561198086129271)(<4781.581543, 263.466522, 6648.197754>) quick accessed a lock!
[02:05:34] Player (NicFit, 76561198086129271)(<4781.581543, 263.466522, 6648.197754>) quick accessed a lock!
[02:06:23] Player (NicFit, 76561198086129271)(<4781.581543, 263.466522, 6648.197754>) quick accessed a lock!
[02:12:24] Player (NicFit, 76561198086129271)(<6931.692383, 66.978699, 3704.374268>) quick accessed a lock!
[02:12:29] Player (digdogdiggitydan, 76561198388782003)(<6935.876953, 64.038116, 3704.676270>) quick accessed a lock!
[02:12:32] Player (digdogdiggitydan, 76561198388782003)(<6935.876953, 64.038116, 3704.676270>) quick accessed a lock!
[02:12:50] Player (NicFit, 76561198086129271)(<6940.228027, 60.961956, 3705.061768>) quick accessed a lock!
[02:13:33] Player (NicFit, 76561198086129271)(<6934.527344, 56.750614, 3674.505615>) quick accessed a lock!
[02:16:04] Player (NicFit, 76561198086129271)(<6931.586914, 56.861805, 3686.584473>) quick accessed a lock!
[02:21:06] Player (NicFit, 76561198086129271)(<6931.586914, 56.861805, 3686.584473>) quick accessed a lock!
[02:22:21] Player (NicFit, 76561198086129271)(<6931.586914, 56.861805, 3686.584473>) quick accessed a lock!
[02:22:28] Player (NicFit, 76561198086129271)(<6934.527344, 56.750614, 3674.505615>) quick accessed a lock!
[02:22:51] Player (NicFit, 76561198086129271)(<6934.527344, 56.750614, 3674.505615>) quick accessed a lock!
[02:24:59] Player (Guy, 76561197961017754)(<12335.657227, 21.907383, 14295.749023>) quick accessed a lock!
[02:27:03] Player (Guy, 76561197961017754)(<12324.582031, 21.886555, 14253.009766>) quick accessed a lock!
[02:28:55] Player (Jordan, 76561198999593356)(<12399.131836, 112.975136, 13365.269531>) quick accessed a lock!
[02:29:14] Player (digdogdiggitydan, 76561198388782003)(<6954.129883, 56.568375, 3693.047363>) quick accessed a lock!
[02:29:28] Player (NicFit, 76561198086129271)(<6934.527344, 56.750614, 3674.505615>) quick accessed a lock!
[02:31:49] Player (Helmut Lootie, 76561198065413312)(<3697.718750, 305.022583, 8241.563477>) quick accessed a lock!
[02:31:54] Player (Helmut Lootie, 76561198065413312)(<3705.060547, 305.019165, 8262.931641>) quick accessed a lock!
[02:34:35] Player (Guy, 76561197961017754)(<12324.582031, 21.886555, 14253.009766>) quick accessed a lock!
[02:39:10] Player (NicFit, 76561198086129271)(<6934.527344, 56.750614, 3674.505615>) quick accessed a lock!
[02:39:51] Player (NicFit, 76561198086129271)(<6931.586914, 56.861805, 3686.584473>) quick accessed a lock!
[02:40:22] Player (NicFit, 76561198086129271)(<6931.586914, 56.861805, 3686.584473>) quick accessed a lock!
[02:40:30] Player (NicFit, 76561198086129271)(<6934.527344, 56.750614, 3674.505615>) quick accessed a lock!
[02:40:46] Player (NicFit, 76561198086129271)(<6934.527344, 56.750614, 3674.505615>) quick accessed a lock!
[02:41:11] Player (NicFit, 76561198086129271)(<6934.527344, 56.750614, 3674.505615>) quick accessed a lock!
[02:41:36] Player (NicFit, 76561198086129271)(<6934.305176, 64.038124, 3700.891846>) quick accessed a lock!
[02:41:55] Player (NicFit, 76561198086129271)(<6934.305176, 64.038124, 3700.891846>) quick accessed a lock!
[02:42:22] Player (NicFit, 76561198086129271)(<6934.305176, 64.038124, 3700.891846>) quick accessed a lock!
[02:42:41] Player (NicFit, 76561198086129271)(<6934.305176, 64.038124, 3700.891846>) quick accessed a lock!
[02:42:57] Player (Coco, 76561198134417737)(<12335.657227, 21.907383, 14295.749023>) quick accessed a lock!
[02:45:53] Player (digdogdiggitydan, 76561198388782003)(<6954.129883, 56.568375, 3693.047363>) quick accessed a lock!
[02:52:25] Player (digdogdiggitydan, 76561198388782003)(<6940.228027, 60.961956, 3705.061768>) accessed a lock!
[02:52:25] Player (digdogdiggitydan, 76561198388782003)(<6940.228027, 60.961956, 3705.061768>) was added as a guest of a lock!
[02:53:04] Player (digdogdiggitydan, 76561198388782003)(<6931.692383, 66.978699, 3704.374268>) quick accessed a lock!
[02:53:56] Player (digdogdiggitydan, 76561198388782003)(<6931.692383, 66.978699, 3704.374268>) quick accessed a lock!
[02:54:49] Player (digdogdiggitydan, 76561198388782003)(<6931.692383, 66.978699, 3704.374268>) quick accessed a lock!
[02:54:58] Player (digdogdiggitydan, 76561198388782003)(<6931.692383, 66.978699, 3704.374268>) quick accessed a lock!
[02:55:23] Player (digdogdiggitydan, 76561198388782003)(<6940.228027, 60.961956, 3705.061768>) quick accessed a lock!
[02:55:41] Player (digdogdiggitydan, 76561198388782003)(<6954.129883, 56.568375, 3693.047363>) quick accessed a lock!
[02:57:18] Player (digdogdiggitydan, 76561198388782003)(<6940.228027, 60.961956, 3705.061768>) quick accessed a lock!
[03:03:58] Player ([EHC]Death, 76561198979058621)(<2570.736084, 253.319275, 5967.106934>) quick accessed a lock!
[03:30:34] Player (digdogdiggitydan, 76561198388782003)(<6954.129883, 56.568375, 3693.047363>) quick accessed a lock!
[03:31:51] Player (digdogdiggitydan, 76561198388782003)(<6954.129883, 56.568375, 3693.047363>) quick accessed a lock!
[03:34:13] Player (digdogdiggitydan, 76561198388782003)(<6954.129883, 56.568375, 3693.047363>) quick accessed a lock!
[03:35:35] Player (Korwiin, 76561198013080573)(<7652.204102, 138.656174, 12870.273438>) set a new passcode on lock!
[03:35:35] Player (Korwiin, 76561198013080573)(<7652.204102, 138.656174, 12870.273438>) claimed ownership of a lock!
[03:35:54] Player (digdogdiggitydan, 76561198388782003)(<6954.129883, 56.568375, 3693.047363>) quick accessed a lock!
[03:36:39] Player (digdogdiggitydan, 76561198388782003)(<6954.129883, 56.568375, 3693.047363>) quick accessed a lock!
[03:37:06] Player (digdogdiggitydan, 76561198388782003)(<6934.527344, 56.750614, 3674.505615>) quick accessed a lock!
[03:37:10] Player (digdogdiggitydan, 76561198388782003)(<6934.527344, 56.750614, 3674.505615>) quick accessed a lock!
[03:37:50] Player (digdogdiggitydan, 76561198388782003)(<6954.129883, 56.568375, 3693.047363>) quick accessed a lock!
[03:37:57] Player (digdogdiggitydan, 76561198388782003)(<6954.129883, 56.568375, 3693.047363>) quick accessed a lock!
[03:39:22] Player (digdogdiggitydan, 76561198388782003)(<6954.129883, 56.568375, 3693.047363>) quick accessed a lock!
[03:41:54] Player (digdogdiggitydan, 76561198388782003)(<6954.129883, 56.568375, 3693.047363>) quick accessed a lock!
[03:42:56] Player (digdogdiggitydan, 76561198388782003)(<6954.129883, 56.568375, 3693.047363>) quick accessed a lock!
[03:43:52] Player (digdogdiggitydan, 76561198388782003)(<6931.586914, 56.861805, 3686.584473>) quick accessed a lock!
[03:51:04] Player (digdogdiggitydan, 76561198388782003)(<6931.586914, 56.861805, 3686.584473>) quick accessed a lock!
[03:51:08] Player (digdogdiggitydan, 76561198388782003)(<6931.586914, 56.861805, 3686.584473>) quick accessed a lock!
[03:51:24] Player (digdogdiggitydan, 76561198388782003)(<6931.586914, 56.861805, 3686.584473>) quick accessed a lock!
[03:52:21] Player (digdogdiggitydan, 76561198388782003)(<6931.586914, 56.861805, 3686.584473>) quick accessed a lock!
[03:53:08] Player (digdogdiggitydan, 76561198388782003)(<6931.586914, 56.861805, 3686.584473>) quick accessed a lock!
[03:56:05] Player (digdogdiggitydan, 76561198388782003)(<6931.692383, 66.978699, 3704.374268>) quick accessed a lock!
[03:57:29] Player (digdogdiggitydan, 76561198388782003)(<6931.692383, 66.978699, 3704.374268>) quick accessed a lock!
[04:05:38] Player (digdogdiggitydan, 76561198388782003)(<6940.228027, 60.961956, 3705.061768>) quick accessed a lock!
[04:07:10] Player (digdogdiggitydan, 76561198388782003)(<6954.129883, 56.568375, 3693.047363>) quick accessed a lock!
[04:09:49] Player (Korwiin, 76561198013080573)(<7652.204102, 138.656174, 12870.273438>) quick accessed a lock!
[04:11:02] Player (digdogdiggitydan, 76561198388782003)(<6931.586914, 56.861805, 3686.584473>) quick accessed a lock!
[04:13:32] Player (digdogdiggitydan, 76561198388782003)(<6931.586914, 56.861805, 3686.584473>) quick accessed a lock!
[04:14:43] Player (digdogdiggitydan, 76561198388782003)(<6931.586914, 56.861805, 3686.584473>) quick accessed a lock!
[04:14:48] Player (digdogdiggitydan, 76561198388782003)(<6931.586914, 56.861805, 3686.584473>) quick accessed a lock!
[04:28:25] Player (Coco, 76561198134417737)(<12335.657227, 21.907383, 14295.749023>) quick accessed a lock!
[04:44:48] Player (Korwiin, 76561198013080573)(<7652.288574, 141.446121, 12870.299805>) set a new passcode on lock!
[04:44:48] Player (Korwiin, 76561198013080573)(<7652.288574, 141.446121, 12870.299805>) claimed ownership of a lock!
[04:44:50] Player (Korwiin, 76561198013080573)(<7652.288574, 141.446121, 12870.299805>) quick accessed a lock!
[04:48:40] Player (Korwiin, 76561198013080573)(<7652.204102, 138.656174, 12870.273438>) quick accessed a lock!
[04:49:12] Player (Korwiin, 76561198013080573)(<7646.515137, 141.446121, 12868.752930>) set a new passcode on lock!
[04:49:12] Player (Korwiin, 76561198013080573)(<7646.515137, 141.446121, 12868.752930>) claimed ownership of a lock!
[04:49:13] Player (Korwiin, 76561198013080573)(<7646.515137, 141.446121, 12868.752930>) quick accessed a lock!
[04:49:29] Player (Korwiin, 76561198013080573)(<7650.174316, 141.446121, 12866.643555>) set a new passcode on lock!
[04:49:29] Player (Korwiin, 76561198013080573)(<7650.174316, 141.446121, 12866.643555>) claimed ownership of a lock!
[04:49:31] Player (Korwiin, 76561198013080573)(<7650.174316, 141.446121, 12866.643555>) quick accessed a lock!
[04:51:51] Player (Korwiin, 76561198013080573)(<7648.631836, 141.446121, 12872.401367>) set a new passcode on lock!
[04:51:51] Player (Korwiin, 76561198013080573)(<7648.631836, 141.446121, 12872.401367>) claimed ownership of a lock!
[04:51:53] Player (Korwiin, 76561198013080573)(<7648.631836, 141.446121, 12872.401367>) quick accessed a lock!
[04:52:49] Player (Coco, 76561198134417737)(<12335.657227, 21.907383, 14295.749023>) quick accessed a lock!
[04:55:11] Player (Coco, 76561198134417737)(<12324.582031, 21.886555, 14253.009766>) quick accessed a lock!
[04:59:03] Player (Guy, 76561197961017754)(<12324.582031, 21.886555, 14253.009766>) quick accessed a lock!
[04:59:15] Player (Guy, 76561197961017754)(<12335.657227, 21.907383, 14295.749023>) quick accessed a lock!
[05:00:00] Player (Korwiin, 76561198013080573)(<7652.288574, 141.446121, 12870.299805>) quick accessed a lock!
[05:03:27] Player (Coco, 76561198134417737)(<12314.919922, 21.886555, 14256.592773>) quick accessed a lock!
[05:04:42] Player (Coco, 76561198134417737)(<12324.582031, 21.886555, 14253.009766>) quick accessed a lock!
[05:05:18] Player (Coco, 76561198134417737)(<12335.657227, 21.907383, 14295.749023>) quick accessed a lock!
[05:16:44] Player (Korwiin, 76561198013080573)(<7652.204102, 138.656174, 12870.273438>) quick accessed a lock!
[05:23:23] Player (Korwiin, 76561198013080573)(<7646.515137, 141.446121, 12868.752930>) quick accessed a lock!
[05:23:26] Player (Korwiin, 76561198013080573)(<7650.174316, 141.446121, 12866.643555>) quick accessed a lock!
[05:23:46] Player (Korwiin, 76561198013080573)(<7648.631836, 141.446121, 12872.401367>) quick accessed a lock!
[05:24:25] Player (Guy, 76561197961017754)(<12335.657227, 21.907383, 14295.749023>) quick accessed a lock!
[05:24:31] Player (Coco, 76561198134417737)(<12335.657227, 21.907383, 14295.749023>) quick accessed a lock!
[05:24:33] Player (Guy, 76561197961017754)(<12335.657227, 21.907383, 14295.749023>) quick accessed a lock!
[05:25:36] Player (Korwiin, 76561198013080573)(<7652.204102, 138.656174, 12870.273438>) quick accessed a lock!
[05:28:26] Player (Guy, 76561197961017754)(<12324.582031, 21.886555, 14253.009766>) quick accessed a lock!
[05:31:56] Player (Korwiin, 76561198013080573)(<7648.631836, 141.446121, 12872.401367>) quick accessed a lock!
[05:32:00] Player (Guy, 76561197961017754)(<12335.657227, 21.907383, 14295.749023>) quick accessed a lock!
[05:32:55] Player (Coco, 76561198134417737)(<12335.657227, 21.907383, 14295.749023>) quick accessed a lock!
[04-08-2021][06.01.03] Log file reloaded ( Server Restart )
[06:14:53] Player (Guy, 76561197961017754)(<12324.582031, 21.886555, 14253.009766>) quick accessed a lock!
[06:27:38] Player (Guy, 76561197961017754)(<12335.657227, 21.907383, 14295.749023>) quick accessed a lock!
[06:31:25] Player (Guy, 76561197961017754)(<12324.582031, 21.886555, 14253.009766>) quick accessed a lock!
[06:36:28] Player (Guy, 76561197961017754)(<12314.919922, 21.886555, 14256.592773>) quick accessed a lock!
[06:55:57] Player (Guy, 76561197961017754)(<12335.657227, 21.907383, 14295.749023>) quick accessed a lock!
[06:56:20] Player (Guy, 76561197961017754)(<12335.657227, 21.907383, 14295.749023>) quick accessed a lock!
[06:56:37] Player (Guy, 76561197961017754)(<12335.657227, 21.907383, 14295.749023>) quick accessed a lock!
[06:56:48] Player (Guy, 76561197961017754)(<12324.582031, 21.886555, 14253.009766>) quick accessed a lock!
[07:01:07] Player (Guy, 76561197961017754)(<12335.657227, 21.907383, 14295.749023>) quick accessed a lock!
[07:02:47] Player (Guy, 76561197961017754)(<12335.657227, 21.907383, 14295.749023>) quick accessed a lock!
[09:04:24] Player (Guy, 76561197961017754)(<12335.657227, 21.907383, 14295.749023>) quick accessed a lock!
[09:04:50] Player (Guy, 76561197961017754)(<12335.657227, 21.907383, 14295.749023>) quick accessed a lock!
[09:05:06] Player (Guy, 76561197961017754)(<12335.657227, 21.907383, 14295.749023>) quick accessed a lock!
[04-08-2021][10.01.04] Log file reloaded ( Server Restart )
[04-08-2021][10.56.23] Log file reloaded ( Server Restart )
[12:09:07] Player (frenchy, 76561198969225016)(<6566.460449, 335.537048, 9297.761719>) quick accessed a lock!
[12:36:17] Player (mgokay, 76561198042235031)(<1898.992920, 293.118866, 9006.794922>) quick accessed a lock!
[12:39:19] Player (mgokay, 76561198042235031)(<1898.992920, 293.118866, 9006.794922>) quick accessed a lock!
[12:39:28] Player (mgokay, 76561198042235031)(<1898.992920, 293.118866, 9006.794922>) quick accessed a lock!
[12:42:41] Player (mgokay, 76561198042235031)(<1898.992920, 293.118866, 9006.794922>) quick accessed a lock!
[12:44:08] Player (mgokay, 76561198042235031)(<1898.992920, 293.118866, 9006.794922>) quick accessed a lock!
[12:54:26] Player ([FS]SoleDefy, 76561198972528868)(<1686.277344, 173.120758, 5064.564941>) quick accessed a lock!
[12:56:16] Player ([FS]SoleDefy, 76561198972528868)(<1686.277344, 173.120758, 5064.564941>) quick accessed a lock!
[12:57:11] Player ([FS]SoleDefy, 76561198972528868)(<1686.277344, 173.120758, 5064.564941>) quick accessed a lock!
[12:59:20] Player ([FS]SoleDefy, 76561198972528868)(<1686.277344, 173.120758, 5064.564941>) quick accessed a lock!
[13:01:26] Player ([FS]SoleDefy, 76561198972528868)(<1686.277344, 173.120758, 5064.564941>) quick accessed a lock!
[13:02:41] Player ([FS]SoleDefy, 76561198972528868)(<1686.277344, 173.120758, 5064.564941>) quick accessed a lock!
[13:04:00] Player ([FS]SoleDefy, 76561198972528868)(<1686.277344, 173.120758, 5064.564941>) quick accessed a lock!
[13:04:12] Player ([FS]SoleDefy, 76561198972528868)(<1690.453003, 173.121490, 5059.394043>) quick accessed a lock!
[13:07:44] Player ([FS]Meth0d, 76561198254602740)(<1686.277344, 173.120758, 5064.564941>) quick accessed a lock!
[13:10:09] Player ([FS]Meth0d, 76561198254602740)(<1686.277344, 173.120758, 5064.564941>) quick accessed a lock!
[13:20:51] Player ([FS]Meth0d, 76561198254602740)(<1698.572510, 173.122879, 5068.382813>) quick accessed a lock!
[13:23:21] Player ([FS]SoleDefy, 76561198972528868)(<1686.277344, 173.120758, 5064.564941>) quick accessed a lock!
[13:28:22] Player ([FS]Meth0d, 76561198254602740)(<1686.277344, 173.120758, 5064.564941>) quick accessed a lock!
[13:28:54] Player ([FS]Meth0d, 76561198254602740)(<1686.277344, 173.120758, 5064.564941>) quick accessed a lock!
[13:29:34] Player ([FS]Meth0d, 76561198254602740)(<1686.277344, 173.120758, 5064.564941>) quick accessed a lock!
[13:31:29] Player ([FS]Meth0d, 76561198254602740)(<1686.277344, 173.120758, 5064.564941>) quick accessed a lock!
[13:32:21] Player ([FS]Meth0d, 76561198254602740)(<1686.277344, 173.120758, 5064.564941>) quick accessed a lock!
[13:33:06] Player ([FS]Meth0d, 76561198254602740)(<1686.277344, 173.120758, 5064.564941>) quick accessed a lock!
[13:33:16] Player ([FS]Meth0d, 76561198254602740)(<1686.277344, 173.120758, 5064.564941>) quick accessed a lock!
[13:36:05] Player ([FS]Meth0d, 76561198254602740)(<1686.277344, 173.120758, 5064.564941>) quick accessed a lock!
[13:36:58] Player ([FS]Meth0d, 76561198254602740)(<1686.277344, 173.120758, 5064.564941>) quick accessed a lock!
[13:43:12] Player ([FS]Meth0d, 76561198254602740)(<1686.277344, 173.120758, 5064.564941>) quick accessed a lock!
[13:45:52] Player ([FS]Meth0d, 76561198254602740)(<1686.277344, 173.120758, 5064.564941>) quick accessed a lock!
[13:51:34] Player ([FS]SoleDefy, 76561198972528868)(<1686.277344, 173.120758, 5064.564941>) quick accessed a lock!
[13:55:59] Player ([FS]SoleDefy, 76561198972528868)(<1686.277344, 173.120758, 5064.564941>) quick accessed a lock!
[04-08-2021][14.01.11] Log file reloaded ( Server Restart )
[14:15:39] Player ([FS]Meth0d, 76561198254602740)(<1698.572510, 173.122879, 5068.382813>) quick accessed a lock!
[14:16:21] Player ([FS]Meth0d, 76561198254602740)(<1686.277344, 173.120758, 5064.564941>) quick accessed a lock!
[14:19:01] Player ([FS]Meth0d, 76561198254602740)(<1686.277344, 173.120758, 5064.564941>) quick accessed a lock!
[14:19:12] Player ([FS]Meth0d, 76561198254602740)(<1698.572510, 173.122879, 5068.382813>) quick accessed a lock!
[14:20:13] Player ([FS]SoleDefy, 76561198972528868)(<1690.453003, 173.121490, 5059.394043>) quick accessed a lock!
[14:21:13] Player ([FS]Meth0d, 76561198254602740)(<1698.572510, 173.122879, 5068.382813>) quick accessed a lock!
[14:21:28] Player ([FS]Meth0d, 76561198254602740)(<1698.572510, 173.122879, 5068.382813>) quick accessed a lock!
[14:21:29] Player ([FS]SoleDefy, 76561198972528868)(<1698.572510, 173.122879, 5068.382813>) quick accessed a lock!
[14:21:30] Player ([FS]SoleDefy, 76561198972528868)(<1698.572510, 173.122879, 5068.382813>) quick accessed a lock!
[14:24:57] Player ([FS]SoleDefy, 76561198972528868)(<1686.277344, 173.120758, 5064.564941>) quick accessed a lock!
[14:26:29] Player ([FS]SoleDefy, 76561198972528868)(<1621.854614, 174.228867, 5020.643555>) set a new passcode on lock!
[14:26:29] Player ([FS]SoleDefy, 76561198972528868)(<1621.854614, 174.228867, 5020.643555>) claimed ownership of a lock!
[14:27:54] Player ([FS]Meth0d, 76561198254602740)(<1686.277344, 173.120758, 5064.564941>) quick accessed a lock!
[14:28:09] Player ([FS]Meth0d, 76561198254602740)(<1686.277344, 173.120758, 5064.564941>) quick accessed a lock!
[14:28:15] Player ([FS]SoleDefy, 76561198972528868)(<1621.854614, 174.228867, 5020.643555>) quick accessed a lock!
[14:28:34] Player ([FS]SoleDefy, 76561198972528868)(<1686.277344, 173.120758, 5064.564941>) quick accessed a lock!
[14:28:38] Player ([FS]SoleDefy, 76561198972528868)(<1690.453003, 173.121490, 5059.394043>) quick accessed a lock!
[14:29:17] Player ([FS]Meth0d, 76561198254602740)(<1686.277344, 173.120758, 5064.564941>) quick accessed a lock!
[14:39:21] Player ([FS]SoleDefy, 76561198972528868)(<1686.277344, 173.120758, 5064.564941>) quick accessed a lock!
[15:53:42] Player ([FS]SoleDefy, 76561198972528868)(<1686.277344, 173.120758, 5064.564941>) quick accessed a lock!
[15:53:48] Player ([FS]Meth0d, 76561198254602740)(<1686.277344, 173.120758, 5064.564941>) quick accessed a lock!
[15:55:46] Player ([FS]Meth0d, 76561198254602740)(<1698.572510, 173.122879, 5068.382813>) quick accessed a lock!
[15:57:07] Player ([FS]Meth0d, 76561198254602740)(<1686.277344, 173.120758, 5064.564941>) quick accessed a lock!
[15:58:49] Player ([FS]Meth0d, 76561198254602740)(<1698.572510, 173.122879, 5068.382813>) quick accessed a lock!
[16:03:48] Player ([FS]Meth0d, 76561198254602740)(<1690.453003, 173.121490, 5059.394043>) quick accessed a lock!
[16:08:07] Player ([FS]SoleDefy, 76561198972528868)(<1686.277344, 173.120758, 5064.564941>) quick accessed a lock!
[16:10:07] Player ([FS]SoleDefy, 76561198972528868)(<1621.854614, 174.228867, 5020.643555>) quick accessed a lock!
[16:42:17] Player (rastanator, 76561198035432577)(<8256.940430, 353.342041, 7021.807617>) quick accessed a lock!
[16:55:07] Player (Tulcus, 76561198421975055)(<1898.992920, 293.118866, 9006.794922>) quick accessed a lock!
[16:56:27] Player (Tulcus, 76561198421975055)(<1898.992920, 293.118866, 9006.794922>) quick accessed a lock!
[17:24:53] Player (Tulcus, 76561198421975055)(<1898.992920, 293.118866, 9006.794922>) quick accessed a lock!
[17:24:56] Player (Tulcus, 76561198421975055)(<1898.992920, 293.118866, 9006.794922>) quick accessed a lock!
[17:39:39] Player (frenchy, 76561198969225016)(<6566.460449, 335.537048, 9297.761719>) quick accessed a lock!
[17:40:00] Player ([FS]SoleDefy, 76561198972528868)(<1686.277344, 173.120758, 5064.564941>) quick accessed a lock!
[17:43:21] Player (Coco, 76561198134417737)(<12314.919922, 21.886555, 14256.592773>) quick accessed a lock!
[17:47:45] Player (frenchy, 76561198969225016)(<6574.390137, 338.477417, 9297.323242>) quick accessed a lock!
[17:50:03] Player ([FS]SoleDefy, 76561198972528868)(<1686.277344, 173.120758, 5064.564941>) quick accessed a lock!
[17:55:14] Player ([FS]SoleDefy, 76561198972528868)(<1698.572510, 173.122879, 5068.382813>) quick accessed a lock!
[04-08-2021][18.00.54] Log file reloaded ( Server Restart )
[18:21:49] Player (Thalassophile, 76561198333106484)(<1898.992920, 293.118866, 9006.794922>) quick accessed a lock!
[18:22:27] Player ([FS]Meth0d, 76561198254602740)(<1686.277344, 173.120758, 5064.564941>) quick accessed a lock!
[18:22:57] Player (SamotnyWilQ, 76561198029498048)(<3211.467773, 312.819366, 7782.817383>) quick accessed a lock!
[18:28:28] Player ([FS]SoleDefy, 76561198972528868)(<1686.277344, 173.120758, 5064.564941>) quick accessed a lock!
[18:29:21] Player ([FS]SoleDefy, 76561198972528868)(<1621.854614, 174.228867, 5020.643555>) quick accessed a lock!
[18:30:07] Player (SamotnyWilQ, 76561198029498048)(<3211.467773, 312.819366, 7782.817383>) quick accessed a lock!
[18:31:22] Player (Thalassophile, 76561198333106484)(<1898.992920, 293.118866, 9006.794922>) quick accessed a lock!
[18:31:43] Player (quadlock, 76561198162344833)(<12399.131836, 112.975136, 13365.269531>) quick accessed a lock!
[18:31:44] Player (Thalassophile, 76561198333106484)(<1898.992920, 293.118866, 9006.794922>) quick accessed a lock!
[18:32:24] Player (quadlock, 76561198162344833)(<12398.099609, 114.482796, 13354.981445>) set a new passcode on lock!
[18:32:24] Player (quadlock, 76561198162344833)(<12398.099609, 114.482796, 13354.981445>) claimed ownership of a lock!
[18:32:24] Player (quadlock, 76561198162344833)(<12398.099609, 114.482796, 13354.981445>) quick accessed a lock!
[18:32:31] Player (quadlock, 76561198162344833)(<12398.099609, 114.482796, 13354.981445>) quick accessed a lock!
[18:32:32] Player ([FS]SoleDefy, 76561198972528868)(<1686.277344, 173.120758, 5064.564941>) quick accessed a lock!
[18:32:33] Player (quadlock, 76561198162344833)(<12398.099609, 114.482796, 13354.981445>) quick accessed a lock!
[18:32:36] Player ([FS]Meth0d, 76561198254602740)(<1686.277344, 173.120758, 5064.564941>) quick accessed a lock!
[04-08-2021][18.33.23] Log file reloaded ( Server Restart )
[18:36:20] Player ([FS]SoleDefy, 76561198972528868)(<1686.277344, 173.120758, 5064.564941>) quick accessed a lock!
[18:37:09] Player (Thalassophile, 76561198333106484)(<1898.992920, 293.118866, 9006.794922>) quick accessed a lock!
[18:37:53] Player ([FS]Meth0d, 76561198254602740)(<1686.277344, 173.120758, 5064.564941>) quick accessed a lock!
[18:38:08] Player (Thalassophile, 76561198333106484)(<1898.992920, 293.118866, 9006.794922>) quick accessed a lock!
[18:38:46] Player ([FS]SoleDefy, 76561198972528868)(<1698.572510, 173.122879, 5068.382813>) quick accessed a lock!
[18:40:12] Player ([FS]Meth0d, 76561198254602740)(<1686.277344, 173.120758, 5064.564941>) quick accessed a lock!
[18:41:01] Player ([FS]SoleDefy, 76561198972528868)(<1686.277344, 173.120758, 5064.564941>) quick accessed a lock!
[18:43:07] Player (quadlock, 76561198162344833)(<12399.131836, 112.975136, 13365.269531>) quick accessed a lock!
[18:43:10] Player (quadlock, 76561198162344833)(<12399.131836, 112.975136, 13365.269531>) quick accessed a lock!
[18:44:04] Player ([FS]Meth0d, 76561198254602740)(<1698.572510, 173.122879, 5068.382813>) quick accessed a lock!
[18:44:47] Player (BlackStar, 76561198990415902)(<5268.548340, 306.574585, 5517.510742>) quick accessed a lock!
[18:45:05] Player (quadlock, 76561198162344833)(<12399.131836, 112.975136, 13365.269531>) quick accessed a lock!
[18:45:38] Player ([FS]SoleDefy, 76561198972528868)(<1686.277344, 173.120758, 5064.564941>) quick accessed a lock!
[18:45:42] Player ([FS]SoleDefy, 76561198972528868)(<1698.572510, 173.122879, 5068.382813>) quick accessed a lock!
[18:46:04] Player (BlackStar, 76561198990415902)(<5255.014648, 306.032227, 5502.494629>) quick accessed a lock!
[18:49:44] Player ([FS]Meth0d, 76561198254602740)(<1698.572510, 173.122879, 5068.382813>) quick accessed a lock!
[18:50:19] Player ([FS]Meth0d, 76561198254602740)(<1686.277344, 173.120758, 5064.564941>) quick accessed a lock!
[18:50:30] Player ([FS]Meth0d, 76561198254602740)(<1686.277344, 173.120758, 5064.564941>) quick accessed a lock!
[18:54:28] Player ([FS]SoleDefy, 76561198972528868)(<1698.572510, 173.122879, 5068.382813>) quick accessed a lock!
[18:55:06] Player ([FS]Meth0d, 76561198254602740)(<1686.277344, 173.120758, 5064.564941>) quick accessed a lock!
[19:07:25] Player (BlackStar, 76561198990415902)(<5255.014648, 306.032227, 5502.494629>) quick accessed a lock!
[19:17:06] Player (SamotnyWilQ, 76561198029498048)(<3211.467773, 312.819366, 7782.817383>) quick accessed a lock!
[19:26:19] Player (GeePee, 76561198143562963)(<14017.053711, 4.499478, 13449.458984>) quick accessed a lock!
[19:26:29] Player (GeePee, 76561198143562963)(<14017.053711, 4.499478, 13449.458984>) quick accessed a lock!
[19:48:28] Player (GeePee, 76561198143562963)(<14017.053711, 4.499478, 13449.458984>) quick accessed a lock!
[19:48:37] Player (GeePee, 76561198143562963)(<14017.053711, 4.499478, 13449.458984>) quick accessed a lock!
[19:56:48] Player (GeePee, 76561198143562963)(<14017.053711, 4.499478, 13449.458984>) quick accessed a lock!
[20:00:00] Player (GeePee, 76561198143562963)(<14017.053711, 4.499478, 13449.458984>) quick accessed a lock!
[20:00:20] Player (GeePee, 76561198143562963)(<14017.053711, 4.499478, 13449.458984>) quick accessed a lock!
[20:03:03] Player (grizzly bear, 76561198839448946)(<6566.460449, 335.537048, 9297.761719>) quick accessed a lock!
[20:03:22] Player (grizzly bear, 76561198839448946)(<6582.509766, 335.536407, 9287.973633>) quick accessed a lock!
[20:03:43] Player (libertine09, 76561198198409010)(<6574.390137, 338.477417, 9297.323242>) accessed a lock!
[20:03:43] Player (libertine09, 76561198198409010)(<6574.390137, 338.477417, 9297.323242>) was added as a guest of a lock!
[20:08:56] Player (libertine09, 76561198198409010)(<6561.183594, 337.495148, 9320.199219>) set a new passcode on lock!
[20:08:56] Player (libertine09, 76561198198409010)(<6561.183594, 337.495148, 9320.199219>) claimed ownership of a lock!
[20:09:02] Player (libertine09, 76561198198409010)(<6561.183594, 337.495148, 9320.199219>) quick accessed a lock!
[20:15:57] Player ([FS]Meth0d, 76561198254602740)(<1686.277344, 173.120758, 5064.564941>) quick accessed a lock!
[20:18:17] Player ([FS]Meth0d, 76561198254602740)(<1698.572510, 173.122879, 5068.382813>) quick accessed a lock!
[20:19:17] Player ([FS]Meth0d, 76561198254602740)(<1686.277344, 173.120758, 5064.564941>) quick accessed a lock!
[20:24:44] Player (GeePee, 76561198143562963)(<14017.053711, 4.499478, 13449.458984>) quick accessed a lock!
[20:29:30] Player (grizzly bear, 76561198839448946)(<6566.460449, 335.537048, 9297.761719>) quick accessed a lock!
[20:29:35] Player (grizzly bear, 76561198839448946)(<6569.747559, 337.448761, 9291.367188>) quick accessed a lock!
[20:32:23] Player ([FS]Meth0d, 76561198254602740)(<1686.277344, 173.120758, 5064.564941>) quick accessed a lock!
[20:34:45] Player (SamotnyWilQ, 76561198029498048)(<3215.263672, 313.538635, 7772.154785>) quick accessed a lock!
[20:37:40] Player (grizzly bear, 76561198839448946)(<6566.460449, 335.537048, 9297.761719>) quick accessed a lock!
[20:39:06] Player (libertine09, 76561198198409010)(<6566.460449, 335.537048, 9297.761719>) accessed a lock!
[20:39:06] Player (libertine09, 76561198198409010)(<6566.460449, 335.537048, 9297.761719>) was added as a guest of a lock!
[20:39:55] Player (GeePee, 76561198143562963)(<14017.053711, 4.499478, 13449.458984>) quick accessed a lock!
[20:41:30] Player ([FS]Meth0d, 76561198254602740)(<1686.277344, 173.120758, 5064.564941>) quick accessed a lock!
[20:42:09] Player ([FS]Meth0d, 76561198254602740)(<1686.277344, 173.120758, 5064.564941>) quick accessed a lock!
[20:42:10] Player (JevBurns, 76561198068395829)(<11536.856445, 182.682663, 13048.533203>) quick accessed a lock!
[20:42:10] Player (GeePee, 76561198143562963)(<14017.053711, 4.499478, 13449.458984>) quick accessed a lock!
[20:42:25] Player ([FS]Meth0d, 76561198254602740)(<1686.277344, 173.120758, 5064.564941>) quick accessed a lock!
[20:42:29] Player (GeePee, 76561198143562963)(<14017.053711, 4.499478, 13449.458984>) quick accessed a lock!
[20:42:53] Player ([FS]Gucci, 76561199081216289)(<1686.277344, 173.120758, 5064.564941>) quick accessed a lock!
[20:45:02] Player (grizzly bear, 76561198839448946)(<6569.747559, 337.448761, 9291.367188>) quick accessed a lock!
[20:48:39] Player ([FS]Meth0d, 76561198254602740)(<1686.277344, 173.120758, 5064.564941>) quick accessed a lock!
[20:48:44] Player ([FS]Gucci, 76561199081216289)(<1686.277344, 173.120758, 5064.564941>) quick accessed a lock!
[20:49:19] Player (grizzly bear, 76561198839448946)(<6566.460449, 335.537048, 9297.761719>) quick accessed a lock!
[20:49:40] Player (frenchy, 76561198969225016)(<6582.509766, 335.536407, 9287.973633>) accessed a lock!
[20:49:40] Player (frenchy, 76561198969225016)(<6582.509766, 335.536407, 9287.973633>) was added as a guest of a lock!
[20:53:32] Player (libertine09, 76561198198409010)(<6582.509766, 335.536407, 9287.973633>) accessed a lock!
[20:53:32] Player (libertine09, 76561198198409010)(<6582.509766, 335.536407, 9287.973633>) was added as a guest of a lock!
[20:56:53] Player ([FS]Meth0d, 76561198254602740)(<1698.572510, 173.122879, 5068.382813>) quick accessed a lock!
[20:57:13] Player ([FS]Meth0d, 76561198254602740)(<1686.277344, 173.120758, 5064.564941>) quick accessed a lock!
[20:58:09] Player ([FS]Meth0d, 76561198254602740)(<1686.277344, 173.120758, 5064.564941>) quick accessed a lock!
[21:03:48] Player (SamotnyWilQ, 76561198029498048)(<3211.467773, 312.819366, 7782.817383>) quick accessed a lock!
[21:04:01] Player (GeePee, 76561198143562963)(<14019.315430, 4.491902, 13446.143555>) quick accessed a lock!
[21:05:10] Player (libertine09, 76561198198409010)(<6566.460449, 335.537048, 9297.761719>) quick accessed a lock!
[21:05:34] Player (libertine09, 76561198198409010)(<6561.183594, 337.495148, 9320.199219>) quick accessed a lock!
[21:09:17] Player (GeePee, 76561198143562963)(<14017.053711, 4.499478, 13449.458984>) quick accessed a lock!
[21:09:34] Player (GeePee, 76561198143562963)(<14017.053711, 4.499478, 13449.458984>) accessed a lock!
[21:09:34] Player (GeePee, 76561198143562963)(<14017.053711, 4.499478, 13449.458984>) was added as a guest of a lock!
[21:09:56] Player (GeePee, 76561198143562963)(<14017.053711, 4.499478, 13449.458984>) removed a lock!
[21:12:00] Player ([FS]Meth0d, 76561198254602740)(<1686.277344, 173.120758, 5064.564941>) quick accessed a lock!
[21:13:50] Player ([FS]Meth0d, 76561198254602740)(<1686.277344, 173.120758, 5064.564941>) quick accessed a lock!
[21:15:18] Player ([FS]Meth0d, 76561198254602740)(<1686.277344, 173.120758, 5064.564941>) quick accessed a lock!
[21:15:58] Player ([FS]Gucci, 76561199081216289)(<1686.277344, 173.120758, 5064.564941>) quick accessed a lock!
[21:17:12] Player ([FS] Emil, 76561198366372210)(<1686.277344, 173.120758, 5064.564941>) quick accessed a lock!
[21:19:59] Player ([FS]SoleDefy, 76561198972528868)(<1698.572510, 173.122879, 5068.382813>) quick accessed a lock!
[21:20:56] Player (grizzly bear, 76561198839448946)(<6566.460449, 335.537048, 9297.761719>) quick accessed a lock!
[21:21:08] Player (grizzly bear, 76561198839448946)(<6569.747559, 337.448761, 9291.367188>) quick accessed a lock!
[21:21:52] Player ([FS]Meth0d, 76561198254602740)(<1698.572510, 173.122879, 5068.382813>) quick accessed a lock!
[21:24:33] Player ([FS]Meth0d, 76561198254602740)(<1690.453003, 173.121490, 5059.394043>) quick accessed a lock!
[21:24:54] Player ([FS]Meth0d, 76561198254602740)(<1698.572510, 173.122879, 5068.382813>) quick accessed a lock!
[21:25:48] Player ([FS]Gucci, 76561199081216289)(<1686.277344, 173.120758, 5064.564941>) quick accessed a lock!
[21:26:42] Player ([FS]SoleDefy, 76561198972528868)(<1698.572510, 173.122879, 5068.382813>) quick accessed a lock!
[21:27:15] Player ([FS]Meth0d, 76561198254602740)(<1690.453003, 173.121490, 5059.394043>) quick accessed a lock!
[21:28:28] Player ([FS]Gucci, 76561199081216289)(<1686.277344, 173.120758, 5064.564941>) quick accessed a lock!
[21:29:27] Player ([FS]SoleDefy, 76561198972528868)(<1686.277344, 173.120758, 5064.564941>) quick accessed a lock!
[21:30:33] Player (GeePee, 76561198143562963)(<14019.315430, 4.491902, 13446.143555>) removed a lock!
[21:34:18] Player (Helmut Lootie, 76561198065413312)(<3711.371826, 305.015656, 8279.054688>) quick accessed a lock!
[21:34:36] Player (JevBurns, 76561198068395829)(<11536.856445, 182.682663, 13048.533203>) quick accessed a lock!
[21:45:09] Player (SamotnyWilQ, 76561198029498048)(<3211.467773, 312.819366, 7782.817383>) quick accessed a lock!
[21:49:32] Player (JevBurns, 76561198068395829)(<11522.254883, 183.585541, 13045.759766>) quick accessed a lock!
[21:49:41] Player (JevBurns, 76561198068395829)(<11522.254883, 183.585541, 13045.759766>) quick accessed a lock!
[21:53:33] Player (SamotnyWilQ, 76561198029498048)(<3215.333496, 311.651398, 7795.487793>) quick accessed a lock!
[21:54:16] Player (SamotnyWilQ, 76561198029498048)(<3211.467773, 312.819366, 7782.817383>) quick accessed a lock!
[04-08-2021][22.01.28] Log file reloaded ( Server Restart )
[22:02:41] Player (Helmut Lootie, 76561198065413312)(<3697.718750, 305.022583, 8241.563477>) quick accessed a lock!
[22:10:49] Player (JevBurns, 76561198068395829)(<11536.856445, 182.682663, 13048.533203>) quick accessed a lock!
[22:19:59] Player (SamotnyWilQ, 76561198029498048)(<3215.333496, 311.651398, 7795.487793>) quick accessed a lock!
[22:20:29] Player (SamotnyWilQ, 76561198029498048)(<3215.333496, 311.651398, 7795.487793>) quick accessed a lock!
[22:21:09] Player (SamotnyWilQ, 76561198029498048)(<3211.467773, 312.819366, 7782.817383>) quick accessed a lock!
[22:24:09] Player (SamotnyWilQ, 76561198029498048)(<3211.467773, 312.819366, 7782.817383>) quick accessed a lock!
[22:24:13] Player (SamotnyWilQ, 76561198029498048)(<3215.263672, 313.538635, 7772.154785>) quick accessed a lock!
[22:29:28] Player (quadlock, 76561198162344833)(<12399.131836, 112.975136, 13365.269531>) quick accessed a lock!
[22:31:24] Player (JevBurns, 76561198068395829)(<11536.856445, 182.682663, 13048.533203>) quick accessed a lock!
[22:40:07] Player (JevBurns, 76561198068395829)(<11536.856445, 182.682663, 13048.533203>) quick accessed a lock!
[22:41:37] Player (quadlock, 76561198162344833)(<12399.131836, 112.975136, 13365.269531>) quick accessed a lock!
[22:41:59] Player (Jordan, 76561198999593356)(<12399.131836, 112.975136, 13365.269531>) quick accessed a lock!
[22:45:08] Player (JevBurns, 76561198068395829)(<11536.856445, 182.682663, 13048.533203>) quick accessed a lock!
[22:45:17] Player (SamotnyWilQ, 76561198029498048)(<3215.333496, 311.651398, 7795.487793>) quick accessed a lock!
[22:46:00] Player (Jordan, 76561198999593356)(<12404.687500, 114.650787, 13348.131836>) changed the passcode on a lock! Clearing all guests...
[22:55:25] Player (Tulcus, 76561198421975055)(<1898.992920, 293.118866, 9006.794922>) quick accessed a lock!
[22:56:22] Player (SamotnyWilQ, 76561198029498048)(<3211.467773, 312.819366, 7782.817383>) quick accessed a lock!
[22:57:23] Player (Jordan, 76561198999593356)(<12404.687500, 114.650787, 13348.131836>) quick accessed a lock!
[23:00:46] Player (JevBurns, 76561198068395829)(<11536.856445, 182.682663, 13048.533203>) quick accessed a lock!
[23:01:05] Player (Tulcus, 76561198421975055)(<1898.992920, 293.118866, 9006.794922>) quick accessed a lock!
[23:01:07] Player (Tulcus, 76561198421975055)(<1898.992920, 293.118866, 9006.794922>) quick accessed a lock!
[23:02:18] Player (Tulcus, 76561198421975055)(<1898.992920, 293.118866, 9006.794922>) quick accessed a lock!
[23:04:09] Player (Tulcus, 76561198421975055)(<1898.992920, 293.118866, 9006.794922>) quick accessed a lock!
[23:04:12] Player (Tulcus, 76561198421975055)(<1898.992920, 293.118866, 9006.794922>) quick accessed a lock!
[23:04:42] Player (Tulcus, 76561198421975055)(<1898.992920, 293.118866, 9006.794922>) quick accessed a lock!
[23:05:59] Player (Tulcus, 76561198421975055)(<1898.992920, 293.118866, 9006.794922>) quick accessed a lock!
[23:06:59] Player (JevBurns, 76561198068395829)(<11536.856445, 182.682663, 13048.533203>) quick accessed a lock!
[23:10:40] Player (SamotnyWilQ, 76561198029498048)(<3215.333496, 311.651398, 7795.487793>) quick accessed a lock!
[23:10:49] Player (JevBurns, 76561198068395829)(<11536.856445, 182.682663, 13048.533203>) quick accessed a lock!
[23:11:34] Player (quadlock, 76561198162344833)(<12398.099609, 114.482796, 13354.981445>) quick accessed a lock!
[23:18:15] Player (JevBurns, 76561198068395829)(<11536.856445, 182.682663, 13048.533203>) quick accessed a lock!
[23:18:58] Player ([FS]Meth0d, 76561198254602740)(<1686.277344, 173.120758, 5064.564941>) quick accessed a lock!
[23:19:07] Player ([FS]Meth0d, 76561198254602740)(<1690.453003, 173.121490, 5059.394043>) quick accessed a lock!
[23:19:26] Player ([FS]Gucci, 76561199081216289)(<1686.277344, 173.120758, 5064.564941>) quick accessed a lock!
[23:20:16] Player ([FS]Gucci, 76561199081216289)(<1686.277344, 173.120758, 5064.564941>) quick accessed a lock!
[23:21:39] Player (Jordan, 76561198999593356)(<12399.131836, 112.975136, 13365.269531>) quick accessed a lock!
[23:22:02] Player ([FS]Meth0d, 76561198254602740)(<1686.277344, 173.120758, 5064.564941>) quick accessed a lock!
[23:22:08] Player (quadlock, 76561198162344833)(<12399.131836, 112.975136, 13365.269531>) quick accessed a lock!
[23:23:12] Player ([FS]Gucci, 76561199081216289)(<1686.277344, 173.120758, 5064.564941>) quick accessed a lock!
[23:23:23] Player ([FS]Gucci, 76561199081216289)(<1690.453003, 173.121490, 5059.394043>) quick accessed a lock!
[23:23:38] Player (Jordan, 76561198999593356)(<12399.131836, 112.975136, 13365.269531>) quick accessed a lock!
[23:24:10] Player ([FS]Meth0d, 76561198254602740)(<1686.277344, 173.120758, 5064.564941>) quick accessed a lock!
[23:24:45] Player ([FS]Meth0d, 76561198254602740)(<1698.572510, 173.122879, 5068.382813>) quick accessed a lock!
[23:26:45] Player (quadlock, 76561198162344833)(<12399.131836, 112.975136, 13365.269531>) quick accessed a lock!
[23:27:46] Player ([FS]Meth0d, 76561198254602740)(<1686.277344, 173.120758, 5064.564941>) quick accessed a lock!
[23:28:03] Player (Jordan, 76561198999593356)(<12399.131836, 112.975136, 13365.269531>) quick accessed a lock!
[23:28:43] Player (JevBurns, 76561198068395829)(<11536.856445, 182.682663, 13048.533203>) quick accessed a lock!
[23:28:43] Player (Jordan, 76561198999593356)(<12399.131836, 112.975136, 13365.269531>) quick accessed a lock!
[23:29:07] Player (JevBurns, 76561198068395829)(<11536.856445, 182.682663, 13048.533203>) quick accessed a lock!
[23:29:48] Player (Jordan, 76561198999593356)(<12404.687500, 114.650787, 13348.131836>) quick accessed a lock!
[23:30:19] Player ([FS]Meth0d, 76561198254602740)(<1686.277344, 173.120758, 5064.564941>) quick accessed a lock!
[23:34:04] Player (SamotnyWilQ, 76561198029498048)(<3211.467773, 312.819366, 7782.817383>) quick accessed a lock!
[23:34:34] Player (libertine09, 76561198198409010)(<6561.183594, 337.495148, 9320.199219>) quick accessed a lock!
[23:34:55] Player (libertine09, 76561198198409010)(<6561.183594, 337.495148, 9320.199219>) quick accessed a lock!
[23:35:14] Player (Korwiin, 76561198013080573)(<7646.515137, 141.446121, 12868.752930>) quick accessed a lock!
[23:35:58] Player ([FS]Meth0d, 76561198254602740)(<1686.277344, 173.120758, 5064.564941>) quick accessed a lock!
[23:36:32] Player ([FS]Meth0d, 76561198254602740)(<1698.572510, 173.122879, 5068.382813>) quick accessed a lock!
[23:36:50] Player ([FS]Gucci, 76561199081216289)(<1686.277344, 173.120758, 5064.564941>) quick accessed a lock!
[23:38:11] Player ([FS]Meth0d, 76561198254602740)(<1698.572510, 173.122879, 5068.382813>) quick accessed a lock!
[23:38:28] Player ([FS]Meth0d, 76561198254602740)(<1686.277344, 173.120758, 5064.564941>) quick accessed a lock!
[23:38:50] Player (SamotnyWilQ, 76561198029498048)(<3215.333496, 311.651398, 7795.487793>) quick accessed a lock!
[23:39:07] Player ([FS]Meth0d, 76561198254602740)(<1686.277344, 173.120758, 5064.564941>) quick accessed a lock!
[23:39:09] Player ([FS]Meth0d, 76561198254602740)(<1698.572510, 173.122879, 5068.382813>) quick accessed a lock!
[23:39:45] Player ([FS]Meth0d, 76561198254602740)(<1686.277344, 173.120758, 5064.564941>) quick accessed a lock!
[23:40:00] Player (frenchy, 76561198969225016)(<6566.460449, 335.537048, 9297.761719>) quick accessed a lock!
[23:44:41] Player (libertine09, 76561198198409010)(<6566.460449, 335.537048, 9297.761719>) quick accessed a lock!
[23:44:55] Player (libertine09, 76561198198409010)(<6582.509766, 335.536407, 9287.973633>) quick accessed a lock!
[23:45:45] Player (libertine09, 76561198198409010)(<6566.460449, 335.537048, 9297.761719>) quick accessed a lock!
[23:46:50] Player (libertine09, 76561198198409010)(<6561.183594, 337.495148, 9320.199219>) quick accessed a lock!
[23:51:42] Player (Korwiin, 76561198013080573)(<7652.204102, 138.656174, 12870.273438>) quick accessed a lock!
[23:52:27] Player (Korwiin, 76561198013080573)(<7652.204102, 138.656174, 12870.273438>) quick accessed a lock!
[23:52:40] Player (Korwiin, 76561198013080573)(<7652.204102, 138.656174, 12870.273438>) quick accessed a lock!
[23:53:04] Player (Korwiin, 76561198013080573)(<7652.204102, 138.656174, 12870.273438>) quick accessed a lock!
[23:54:54] Player (Korwiin, 76561198013080573)(<7652.204102, 138.656174, 12870.273438>) quick accessed a lock!
[23:56:05] Player (JevBurns, 76561198068395829)(<11536.856445, 182.682663, 13048.533203>) quick accessed a lock!
[23:56:29] Player (Korwiin, 76561198013080573)(<7652.204102, 138.656174, 12870.273438>) quick accessed a lock!
[23:58:15] Player (Korwiin, 76561198013080573)(<7652.204102, 138.656174, 12870.273438>) quick accessed a lock!
[00:04:33] Player (Jordan, 76561198999593356)(<12399.131836, 112.975136, 13365.269531>) quick accessed a lock!
[00:05:36] Player (quadlock, 76561198162344833)(<12399.131836, 112.975136, 13365.269531>) quick accessed a lock!
[00:09:49] Player (quadlock, 76561198162344833)(<12398.099609, 114.482796, 13354.981445>) quick accessed a lock!
[00:09:50] Player (quadlock, 76561198162344833)(<12398.099609, 114.482796, 13354.981445>) quick accessed a lock!
[00:11:16] Player (quadlock, 76561198162344833)(<12399.131836, 112.975136, 13365.269531>) quick accessed a lock!
[00:12:21] Player (quadlock, 76561198162344833)(<12399.131836, 112.975136, 13365.269531>) quick accessed a lock!
[00:12:35] Player (quadlock, 76561198162344833)(<12399.131836, 112.975136, 13365.269531>) quick accessed a lock!
[00:14:30] Player (quadlock, 76561198162344833)(<12399.131836, 112.975136, 13365.269531>) quick accessed a lock!
[00:17:24] Player (libertine09, 76561198198409010)(<6561.183594, 337.495148, 9320.199219>) quick accessed a lock!
[00:17:40] Player (quadlock, 76561198162344833)(<12399.131836, 112.975136, 13365.269531>) quick accessed a lock!
[00:20:02] Player (Jordan, 76561198999593356)(<12399.131836, 112.975136, 13365.269531>) quick accessed a lock!
[00:25:04] Player (Korwiin, 76561198013080573)(<7652.204102, 138.656174, 12870.273438>) quick accessed a lock!
[00:26:23] Player (libertine09, 76561198198409010)(<6561.183594, 337.495148, 9320.199219>) quick accessed a lock!
[00:27:05] Player (JevBurns, 76561198068395829)(<11536.856445, 182.682663, 13048.533203>) quick accessed a lock!
[00:34:06] Player (quadlock, 76561198162344833)(<12399.131836, 112.975136, 13365.269531>) quick accessed a lock!
[00:36:31] Player (Korwiin, 76561198013080573)(<7652.204102, 138.656174, 12870.273438>) quick accessed a lock!
[00:36:35] Player (Helmut Lootie, 76561198065413312)(<7652.204102, 138.656174, 12870.273438>) accessed a lock!
[00:36:35] Player (Helmut Lootie, 76561198065413312)(<7652.204102, 138.656174, 12870.273438>) was added as a guest of a lock!
[00:36:40] Player (Helmut Lootie, 76561198065413312)(<7652.204102, 138.656174, 12870.273438>) quick accessed a lock!
[00:40:20] Player ([FS]SoleDefy, 76561198972528868)(<1686.277344, 173.120758, 5064.564941>) quick accessed a lock!
[00:41:07] Player (Jordan, 76561198999593356)(<12404.687500, 114.650787, 13348.131836>) changed the passcode on a lock! Clearing all guests...
[00:41:27] Player (Jordan, 76561198999593356)(<12404.687500, 114.650787, 13348.131836>) quick accessed a lock!
[00:43:19] Player ([FS]SoleDefy, 76561198972528868)(<1698.572510, 173.122879, 5068.382813>) quick accessed a lock!
[00:50:01] Player (quadlock, 76561198162344833)(<12398.099609, 114.482796, 13354.981445>) quick accessed a lock!
[00:50:17] Player (quadlock, 76561198162344833)(<12398.099609, 114.482796, 13354.981445>) quick accessed a lock!
[00:50:47] Player (quadlock, 76561198162344833)(<12398.099609, 114.482796, 13354.981445>) quick accessed a lock!
[00:51:08] Player (libertine09, 76561198198409010)(<6561.183594, 337.495148, 9320.199219>) quick accessed a lock!
[00:53:16] Player ([FS]Meth0d, 76561198254602740)(<1686.277344, 173.120758, 5064.564941>) quick accessed a lock!
[00:57:02] Player ([FS]Meth0d, 76561198254602740)(<1698.572510, 173.122879, 5068.382813>) quick accessed a lock!
[01:02:12] Player (Jordan, 76561198999593356)(<12399.131836, 112.975136, 13365.269531>) quick accessed a lock!
[01:02:22] Player (Guy, 76561197961017754)(<12335.657227, 21.907383, 14295.749023>) quick accessed a lock!
[01:02:24] Player (Coco, 76561198134417737)(<12324.582031, 21.886555, 14253.009766>) quick accessed a lock!
[01:02:26] Player ([FS]SoleDefy, 76561198972528868)(<1698.572510, 173.122879, 5068.382813>) quick accessed a lock!
[01:03:15] Player ([FS]SoleDefy, 76561198972528868)(<1686.277344, 173.120758, 5064.564941>) quick accessed a lock!
[01:03:57] Player ([FS]Meth0d, 76561198254602740)(<1686.277344, 173.120758, 5064.564941>) quick accessed a lock!
[01:04:44] Player (Coco, 76561198134417737)(<12324.582031, 21.886555, 14253.009766>) quick accessed a lock!
[01:06:01] Player (Tulcus, 76561198421975055)(<1898.992920, 293.118866, 9006.794922>) quick accessed a lock!
[01:06:04] Player (quadlock, 76561198162344833)(<12399.131836, 112.975136, 13365.269531>) quick accessed a lock!
[01:06:19] Player (Coco, 76561198134417737)(<12335.657227, 21.907383, 14295.749023>) quick accessed a lock!
[01:06:35] Player (Guy, 76561197961017754)(<12335.657227, 21.907383, 14295.749023>) quick accessed a lock!
[01:06:59] Player (quadlock, 76561198162344833)(<12399.131836, 112.975136, 13365.269531>) quick accessed a lock!
[01:07:02] Player (Guy, 76561197961017754)(<12324.582031, 21.886555, 14253.009766>) quick accessed a lock!
[01:07:05] Player (quadlock, 76561198162344833)(<12399.131836, 112.975136, 13365.269531>) quick accessed a lock!
[01:07:06] Player (Coco, 76561198134417737)(<12335.657227, 21.907383, 14295.749023>) quick accessed a lock!
[01:07:23] Player ([FS]SoleDefy, 76561198972528868)(<1686.277344, 173.120758, 5064.564941>) quick accessed a lock!
[01:07:27] Player ([FS]SoleDefy, 76561198972528868)(<1698.572510, 173.122879, 5068.382813>) quick accessed a lock!
[01:08:14] Player (Coco, 76561198134417737)(<12335.657227, 21.907383, 14295.749023>) quick accessed a lock!
[01:09:40] Player ([FS]SoleDefy, 76561198972528868)(<1686.277344, 173.120758, 5064.564941>) quick accessed a lock!
[01:12:11] Player ([FS]SoleDefy, 76561198972528868)(<1698.572510, 173.122879, 5068.382813>) quick accessed a lock!
[01:12:33] Player ([FS]SoleDefy, 76561198972528868)(<1722.324341, 173.127029, 5064.050293>) set a new passcode on lock!
[01:12:33] Player ([FS]SoleDefy, 76561198972528868)(<1722.324341, 173.127029, 5064.050293>) claimed ownership of a lock!
[01:12:34] Player (Helmut Lootie, 76561198065413312)(<7652.204102, 138.656174, 12870.273438>) quick accessed a lock!
[01:12:57] Player ([FS]SoleDefy, 76561198972528868)(<1722.324341, 173.127029, 5064.050293>) quick accessed a lock!
[01:13:22] Player (Helmut Lootie, 76561198065413312)(<7652.204102, 138.656174, 12870.273438>) quick accessed a lock!
[01:17:33] Player ([FS]Meth0d, 76561198254602740)(<1698.572510, 173.122879, 5068.382813>) quick accessed a lock!
[01:19:56] Player (Korwiin, 76561198013080573)(<7652.204102, 138.656174, 12870.273438>) quick accessed a lock!
[01:21:24] Player (Korwiin, 76561198013080573)(<7652.204102, 138.656174, 12870.273438>) quick accessed a lock!
[01:26:35] Player (Tulcus, 76561198421975055)(<1898.992920, 293.118866, 9006.794922>) quick accessed a lock!
[01:28:00] Player ([FS]Meth0d, 76561198254602740)(<1686.277344, 173.120758, 5064.564941>) quick accessed a lock!
[01:28:23] Player (Tulcus, 76561198421975055)(<1898.992920, 293.118866, 9006.794922>) quick accessed a lock!
[01:29:01] Player ([FS]Meth0d, 76561198254602740)(<1686.277344, 173.120758, 5064.564941>) quick accessed a lock!
[01:35:02] Player (Tulcus, 76561198421975055)(<1898.992920, 293.118866, 9006.794922>) quick accessed a lock!
[01:36:45] Player ([FS]Meth0d, 76561198254602740)(<1698.572510, 173.122879, 5068.382813>) quick accessed a lock!
[01:37:44] Player (Korwiin, 76561198013080573)(<7646.515137, 141.446121, 12868.752930>) quick accessed a lock!
[01:41:20] Player ([FS]Meth0d, 76561198254602740)(<1698.572510, 173.122879, 5068.382813>) quick accessed a lock!
[01:45:46] Player (Korwiin, 76561198013080573)(<7650.174316, 141.446121, 12866.643555>) quick accessed a lock!
[01:46:49] Player (Korwiin, 76561198013080573)(<7646.515137, 141.446121, 12868.752930>) quick accessed a lock!
[01:46:52] Player (Korwiin, 76561198013080573)(<7652.288574, 141.446121, 12870.299805>) quick accessed a lock!
[01:46:53] Player (Korwiin, 76561198013080573)(<7648.631836, 141.446121, 12872.401367>) quick accessed a lock!
[01:51:29] Player ([FS]Meth0d, 76561198254602740)(<1698.572510, 173.122879, 5068.382813>) quick accessed a lock!
