[04-15-2021][02.01.10] New Access Log File Created!
[02:05:24] Player (Chris.P.Duck, 76561199048973301)(<6599.935059, 339.278015, 9330.077148>) quick accessed a lock!
[02:12:13] Player (Chris.P.Duck, 76561199048973301)(<6599.935059, 339.278015, 9330.077148>) quick accessed a lock!
[02:12:54] Player (Chris.P.Duck, 76561199048973301)(<6599.935059, 339.278015, 9330.077148>) quick accessed a lock!
[02:29:29] Player (Chris.P.Duck, 76561199048973301)(<6599.935059, 339.278015, 9330.077148>) quick accessed a lock!
[02:36:40] Player (Chris.P.Duck, 76561199048973301)(<6599.935059, 339.278015, 9330.077148>) quick accessed a lock!
[02:37:14] Player (Chris.P.Duck, 76561199048973301)(<6599.935059, 339.278015, 9330.077148>) quick accessed a lock!
[02:38:37] Player (Chris.P.Duck, 76561199048973301)(<6566.460449, 335.537048, 9297.761719>) quick accessed a lock!
[02:39:04] Player (Chris.P.Duck, 76561199048973301)(<6599.935059, 339.278015, 9330.077148>) quick accessed a lock!
[02:51:14] Player (Jordan, 76561198999593356)(<12408.297852, 113.241402, 13355.431641>) quick accessed a lock!
[02:54:08] Player (Jordan, 76561198999593356)(<12408.297852, 113.241402, 13355.431641>) quick accessed a lock!
[03:25:43] Player (Korwiin, 76561198013080573)(<7652.204102, 138.656174, 12870.273438>) quick accessed a lock!
[03:29:27] Player (Korwiin, 76561198013080573)(<7652.204102, 138.656174, 12870.273438>) quick accessed a lock!
[03:29:32] Player (Korwiin, 76561198013080573)(<7652.204102, 138.656174, 12870.273438>) quick accessed a lock!
[03:30:01] Player (Korwiin, 76561198013080573)(<7650.174316, 141.446121, 12866.643555>) quick accessed a lock!
[03:30:06] Player (Korwiin, 76561198013080573)(<7652.288574, 141.446121, 12870.299805>) quick accessed a lock!
[04:56:15] Player (rastanator, 76561198035432577)(<8257.913086, 353.420319, 7030.072754>) quick accessed a lock!
[05:08:30] Player (rastanator, 76561198035432577)(<8257.185547, 356.236145, 7037.282227>) quick accessed a lock!
[05:10:01] Player (rastanator, 76561198035432577)(<8257.185547, 356.236145, 7037.282227>) quick accessed a lock!
[05:10:31] Player ([TST] Tulcus, 76561198421975055)(<1898.992920, 293.118866, 9006.794922>) quick accessed a lock!
[05:10:36] Player ([TST] Tulcus, 76561198421975055)(<1908.584961, 293.109711, 9013.850586>) quick accessed a lock!
[05:11:42] Player ([TST] Tulcus, 76561198421975055)(<1898.992920, 293.118866, 9006.794922>) quick accessed a lock!
[05:16:09] Player (rastanator, 76561198035432577)(<8252.997070, 356.360931, 7023.737305>) quick accessed a lock!
[05:38:33] Player (rastanator, 76561198035432577)(<8257.185547, 356.236145, 7037.282227>) quick accessed a lock!
[05:39:46] Player (rastanator, 76561198035432577)(<8255.325195, 354.292114, 7013.197266>) quick accessed a lock!
[05:46:42] Player (rastanator, 76561198035432577)(<8257.185547, 356.236145, 7037.282227>) quick accessed a lock!
[05:47:14] Player (rastanator, 76561198035432577)(<8257.185547, 356.236145, 7037.282227>) quick accessed a lock!
[05:47:21] Player (rastanator, 76561198035432577)(<8257.185547, 356.236145, 7037.282227>) quick accessed a lock!
[05:52:50] Player (rastanator, 76561198035432577)(<8249.459961, 353.295349, 7034.228027>) quick accessed a lock!
[04-15-2021][06.01.11] Log file reloaded ( Server Restart )
[07:36:56] Player (NicFit, 76561198086129271)(<6934.305176, 64.038124, 3700.891846>) quick accessed a lock!
[07:37:07] Player (NicFit, 76561198086129271)(<6940.228027, 60.961956, 3705.061768>) quick accessed a lock!
[07:37:20] Player (NicFit, 76561198086129271)(<6934.527344, 56.750614, 3674.505615>) quick accessed a lock!
[07:43:30] Player (NicFit, 76561198086129271)(<6934.527344, 56.750614, 3674.505615>) quick accessed a lock!
[07:43:42] Player (NicFit, 76561198086129271)(<6931.586914, 56.861805, 3686.584473>) quick accessed a lock!
[07:45:26] Player (rastanator, 76561198035432577)(<8257.913086, 353.420319, 7030.072754>) quick accessed a lock!
[07:46:36] Player (rastanator, 76561198035432577)(<8251.396484, 353.419220, 7024.863770>) quick accessed a lock!
[07:50:04] Player (rastanator, 76561198035432577)(<8257.185547, 356.236145, 7037.282227>) quick accessed a lock!
[07:53:03] Player (rastanator, 76561198035432577)(<8252.997070, 356.360931, 7023.737305>) quick accessed a lock!
[07:53:15] Player (rastanator, 76561198035432577)(<8257.913086, 353.420319, 7030.072754>) quick accessed a lock!
[08:01:56] Player (rastanator, 76561198035432577)(<8255.325195, 354.292114, 7013.197266>) quick accessed a lock!
[08:04:02] Player (rastanator, 76561198035432577)(<8257.913086, 353.420319, 7030.072754>) quick accessed a lock!
[08:05:32] Player (rastanator, 76561198035432577)(<8249.459961, 353.295349, 7034.228027>) quick accessed a lock!
[08:06:02] Player (rastanator, 76561198035432577)(<8257.913086, 353.420319, 7030.072754>) quick accessed a lock!
[08:06:44] Player (rastanator, 76561198035432577)(<8257.913086, 353.420319, 7030.072754>) quick accessed a lock!
[08:06:48] Player (rastanator, 76561198035432577)(<8257.913086, 353.420319, 7030.072754>) quick accessed a lock!
[08:10:48] Player (rastanator, 76561198035432577)(<8257.185547, 356.236145, 7037.282227>) quick accessed a lock!
[08:11:29] Player (rastanator, 76561198035432577)(<8252.997070, 356.360931, 7023.737305>) quick accessed a lock!
[08:11:30] Player (rastanator, 76561198035432577)(<8256.940430, 353.342041, 7021.807617>) quick accessed a lock!
[08:13:03] Player (rastanator, 76561198035432577)(<8249.459961, 353.295349, 7034.228027>) quick accessed a lock!
[08:21:07] Player (NicFit, 76561198086129271)(<6934.527344, 56.750614, 3674.505615>) quick accessed a lock!
[08:21:37] Player (NicFit, 76561198086129271)(<6940.228027, 60.961956, 3705.061768>) quick accessed a lock!
[08:22:00] Player (NicFit, 76561198086129271)(<6931.692383, 66.978699, 3704.374268>) quick accessed a lock!
[08:28:51] Player (NicFit, 76561198086129271)(<6940.228027, 60.961956, 3705.061768>) quick accessed a lock!
[08:28:59] Player (NicFit, 76561198086129271)(<6931.692383, 66.978699, 3704.374268>) quick accessed a lock!
[08:29:34] Player (NicFit, 76561198086129271)(<6940.228027, 60.961956, 3705.061768>) quick accessed a lock!
[08:30:57] Player (NicFit, 76561198086129271)(<6937.594238, 58.649269, 3680.769775>) quick accessed a lock!
[08:31:53] Player (NicFit, 76561198086129271)(<6934.305176, 64.038124, 3700.891846>) quick accessed a lock!
[09:20:03] Player (Chris.P.Duck, 76561199048973301)(<6599.935059, 339.278015, 9330.077148>) quick accessed a lock!
[04-15-2021][10.03.51] Log file reloaded ( Server Restart )
[10:25:23] Player (BlackStar, 76561198990415902)(<5268.548340, 306.574585, 5517.510742>) quick accessed a lock!
[10:28:54] Player (BlackStar, 76561198990415902)(<5268.548340, 306.574585, 5517.510742>) quick accessed a lock!
[10:41:19] Player (BlackStar, 76561198990415902)(<5268.548340, 306.574585, 5517.510742>) quick accessed a lock!
[10:45:53] Player (BlackStar, 76561198990415902)(<5268.548340, 306.574585, 5517.510742>) quick accessed a lock!
[11:06:25] Player (BlackStar, 76561198990415902)(<5268.548340, 306.574585, 5517.510742>) quick accessed a lock!
[11:41:39] Player (gokayen, 76561198396489573)(<1898.992920, 293.118866, 9006.794922>) quick accessed a lock!
[11:45:12] Player (gokayen, 76561198396489573)(<1898.992920, 293.118866, 9006.794922>) quick accessed a lock!
[11:45:41] Player (gokayen, 76561198396489573)(<1898.992920, 293.118866, 9006.794922>) quick accessed a lock!
[12:01:21] Player (Dr. Dingleberry, 76561198223714820)(<4570.709473, 335.347839, 14415.300781>) quick accessed a lock!
[12:20:55] Player (frenchy, 76561198969225016)(<6574.390137, 338.477417, 9297.323242>) quick accessed a lock!
[12:33:45] Player (Jev, 76561198068395829)(<5062.670410, 290.810150, 6252.083008>) quick accessed a lock!
[12:40:36] Player (frenchy, 76561198969225016)(<6566.460449, 335.537048, 9297.761719>) quick accessed a lock!
[13:07:06] Player (frenchy, 76561198969225016)(<6566.460449, 335.537048, 9297.761719>) quick accessed a lock!
[13:18:09] Player (frenchy, 76561198969225016)(<6566.460449, 335.537048, 9297.761719>) quick accessed a lock!
[13:18:11] Player (BlackStar, 76561198990415902)(<5268.548340, 306.574585, 5517.510742>) quick accessed a lock!
[13:18:19] Player (frenchy, 76561198969225016)(<6574.390137, 338.477417, 9297.323242>) quick accessed a lock!
[13:22:24] Player (frenchy, 76561198969225016)(<6574.390137, 338.477417, 9297.323242>) quick accessed a lock!
[13:48:02] Player (Le chinois(Fr), 76561198041337034)(<9936.485352, 65.000465, 13891.015625>) quick accessed a lock!
[13:48:09] Player (Le chinois(Fr), 76561198041337034)(<9933.405273, 65.000053, 13870.163086>) quick accessed a lock!
[13:50:09] Player (Le chinois(Fr), 76561198041337034)(<9936.485352, 65.000465, 13891.015625>) quick accessed a lock!
[04-15-2021][14.15.14] Log file reloaded ( Server Restart )
[04-15-2021][15.05.43] Log file reloaded ( Server Restart )
[15:55:04] Player (Dr. Dingleberry, 76561198223714820)(<4585.147949, 333.801636, 14415.176758>) quick accessed a lock!
[15:57:58] Player (Dr. Dingleberry, 76561198223714820)(<4570.709473, 335.347839, 14415.300781>) quick accessed a lock!
[15:58:20] Player (Dr. Dingleberry, 76561198223714820)(<4567.805176, 338.356232, 14418.196289>) quick accessed a lock!
[16:02:13] Player (Dr. Dingleberry, 76561198223714820)(<4567.805176, 338.356232, 14418.196289>) quick accessed a lock!
[16:03:30] Player (Dr. Dingleberry, 76561198223714820)(<4567.805176, 338.356232, 14418.196289>) quick accessed a lock!
[16:16:34] Player (mgokay, 76561198042235031)(<1898.992920, 293.118866, 9006.794922>) quick accessed a lock!
[16:38:17] Player (BlackStar, 76561198990415902)(<5268.548340, 306.574585, 5517.510742>) quick accessed a lock!
[16:39:59] Player (Cpt.Kebab, 76561198162344833)(<3260.278809, 213.167038, 13056.075195>) quick accessed a lock!
[16:40:04] Player (Cpt.Kebab, 76561198162344833)(<3254.467773, 215.025970, 13062.179688>) quick accessed a lock!
[16:51:13] Player (IRonic, 76561199116927487)(<3452.043701, 292.616028, 8502.231445>) quick accessed a lock!
[16:51:25] Player (IRonic, 76561199116927487)(<3438.451416, 294.238281, 8505.000000>) quick accessed a lock!
[16:53:46] Player (IRonic, 76561199116927487)(<3438.451416, 294.238281, 8505.000000>) quick accessed a lock!
[16:54:40] Player (IRonic, 76561199116927487)(<3438.451416, 294.238281, 8505.000000>) quick accessed a lock!
[16:56:08] Player (IRonic, 76561199116927487)(<3438.451416, 294.238281, 8505.000000>) quick accessed a lock!
[17:24:37] Player ([E4]Gh0sty, 76561198254602740)(<3438.451416, 294.238281, 8505.000000>) quick accessed a lock!
[17:24:43] Player ([E4]Gh0sty, 76561198254602740)(<3441.702148, 297.179047, 8511.938477>) quick accessed a lock!
[17:24:53] Player ([E4]Gh0sty, 76561198254602740)(<3435.809814, 294.214264, 8520.870117>) quick accessed a lock!
[17:28:50] Player ([E4]Gh0sty, 76561198254602740)(<3438.451416, 294.238281, 8505.000000>) quick accessed a lock!
[17:51:57] Player (grizzly bear, 76561198839448946)(<6566.460449, 335.537048, 9297.761719>) quick accessed a lock!
[17:52:05] Player (grizzly bear, 76561198839448946)(<6569.747559, 337.448761, 9291.367188>) quick accessed a lock!
[17:52:51] Player (grizzly bear, 76561198839448946)(<6574.390137, 338.477417, 9297.323242>) quick accessed a lock!
[17:53:12] Player (Dr. Dingleberry, 76561198223714820)(<4570.709473, 335.347839, 14415.300781>) quick accessed a lock!
[17:53:38] Player (Dr. Dingleberry, 76561198223714820)(<4585.147949, 333.801636, 14415.176758>) quick accessed a lock!
[17:56:10] Player (Dr. Dingleberry, 76561198223714820)(<4567.805176, 338.356232, 14418.196289>) quick accessed a lock!
[17:57:02] Player (Dr. Dingleberry, 76561198223714820)(<4570.709473, 335.347839, 14415.300781>) quick accessed a lock!
[17:58:12] Player (Dr. Dingleberry, 76561198223714820)(<4570.709473, 335.347839, 14415.300781>) quick accessed a lock!
[17:58:52] Player (Dr. Dingleberry, 76561198223714820)(<4570.709473, 335.347839, 14415.300781>) quick accessed a lock!
[04-15-2021][18.01.18] Log file reloaded ( Server Restart )
[18:03:15] Player (Dr. Dingleberry, 76561198223714820)(<4570.709473, 335.347839, 14415.300781>) quick accessed a lock!
[18:05:30] Player (Dr. Dingleberry, 76561198223714820)(<4570.709473, 335.347839, 14415.300781>) quick accessed a lock!
[18:05:41] Player (Dr. Dingleberry, 76561198223714820)(<4567.805176, 338.356232, 14418.196289>) quick accessed a lock!
[18:07:25] Player (Dr. Dingleberry, 76561198223714820)(<4570.709473, 335.347839, 14415.300781>) quick accessed a lock!
[18:30:08] Player (libertine09, 76561198198409010)(<6621.640137, 338.343811, 9285.472656>) quick accessed a lock!
[18:41:22] Player (libertine09, 76561198198409010)(<6621.640137, 338.343811, 9285.472656>) quick accessed a lock!
[19:06:45] Player (frenchy, 76561198969225016)(<6574.390137, 338.477417, 9297.323242>) quick accessed a lock!
[19:08:40] Player (grizzly bear, 76561198839448946)(<6566.460449, 335.537048, 9297.761719>) quick accessed a lock!
[19:08:48] Player (grizzly bear, 76561198839448946)(<6574.390137, 338.477417, 9297.323242>) quick accessed a lock!
[19:10:47] Player (grizzly bear, 76561198839448946)(<6566.460449, 335.537048, 9297.761719>) quick accessed a lock!
[19:10:55] Player (grizzly bear, 76561198839448946)(<6574.390137, 338.477417, 9297.323242>) quick accessed a lock!
[19:16:10] Player (Sarah, 76561198100717229)(<7810.989258, 314.200653, 6881.988281>) quick accessed a lock!
[19:17:40] Player (Sarah, 76561198100717229)(<7803.769043, 313.596680, 6895.022949>) quick accessed a lock!
[19:17:42] Player (Sarah, 76561198100717229)(<7803.769043, 313.596680, 6895.022949>) quick accessed a lock!
[19:17:46] Player (Sarah, 76561198100717229)(<7798.347656, 313.578888, 6902.445313>) quick accessed a lock!
[19:30:17] Player (mgokay, 76561198042235031)(<1898.992920, 293.118866, 9006.794922>) quick accessed a lock!
[20:01:40] Player (GeePee, 76561198143562963)(<14003.272461, 7.405295, 13444.389648>) quick accessed a lock!
[20:01:48] Player (GeePee, 76561198143562963)(<14016.833984, 3.288195, 13449.520508>) quick accessed a lock!
[20:03:48] Player (Cpt.Kebab, 76561198162344833)(<3260.278809, 213.167038, 13056.075195>) quick accessed a lock!
[20:03:58] Player (Cpt.Kebab, 76561198162344833)(<3260.278809, 213.167038, 13056.075195>) quick accessed a lock!
[20:06:13] Player (Cpt.Kebab, 76561198162344833)(<3260.278809, 213.167038, 13056.075195>) quick accessed a lock!
[20:06:19] Player (Cpt.Kebab, 76561198162344833)(<3254.467773, 215.025970, 13062.179688>) quick accessed a lock!
[20:09:01] Player (Cpt.Kebab, 76561198162344833)(<3260.278809, 213.167038, 13056.075195>) quick accessed a lock!
[20:30:22] Player (GeePee, 76561198143562963)(<14016.833984, 3.288195, 13449.520508>) quick accessed a lock!
[20:50:03] Player (BlackStar, 76561198990415902)(<5255.014648, 306.032227, 5502.494629>) quick accessed a lock!
[20:58:47] Player (GeePee, 76561198143562963)(<14003.272461, 7.405295, 13444.389648>) quick accessed a lock!
[21:10:57] Player (GeePee, 76561198143562963)(<14003.272461, 7.405295, 13444.389648>) removed a lock!
[21:11:46] Player (GeePee, 76561198143562963)(<14016.833984, 3.288195, 13449.520508>) removed a lock!
[21:14:04] Player (BlackStar, 76561198990415902)(<5255.014648, 306.032227, 5502.494629>) quick accessed a lock!
[21:49:28] Player (grizzly bear, 76561198839448946)(<6566.460449, 335.537048, 9297.761719>) quick accessed a lock!
[21:51:32] Player (grizzly bear, 76561198839448946)(<6569.747559, 337.448761, 9291.367188>) quick accessed a lock!
[04-15-2021][22.01.12] Log file reloaded ( Server Restart )
[22:04:28] Player (frenchy, 76561198969225016)(<6574.390137, 338.477417, 9297.323242>) quick accessed a lock!
[22:11:02] Player (Toppskillz, 76561198143912910)(<6566.460449, 335.537048, 9297.761719>) quick accessed a lock!
[22:13:16] Player (frenchy, 76561198969225016)(<6566.460449, 335.537048, 9297.761719>) quick accessed a lock!
[22:13:25] Player (frenchy, 76561198969225016)(<6574.390137, 338.477417, 9297.323242>) quick accessed a lock!
[22:15:36] Player (BlackStar, 76561198990415902)(<5268.548340, 306.574585, 5517.510742>) quick accessed a lock!
[22:18:37] Player (Jordan, 76561198999593356)(<12408.297852, 113.241402, 13355.431641>) quick accessed a lock!
[22:20:47] Player (BlackStar, 76561198990415902)(<5268.548340, 306.574585, 5517.510742>) quick accessed a lock!
[22:22:28] Player (Toppskillz, 76561198143912910)(<6566.460449, 335.537048, 9297.761719>) quick accessed a lock!
[22:22:51] Player (Toppskillz, 76561198143912910)(<6566.460449, 335.537048, 9297.761719>) quick accessed a lock!
[22:23:08] Player (Toppskillz, 76561198143912910)(<6566.460449, 335.537048, 9297.761719>) quick accessed a lock!
[22:23:14] Player (Toppskillz, 76561198143912910)(<6574.390137, 338.477417, 9297.323242>) quick accessed a lock!
[22:23:38] Player (Toppskillz, 76561198143912910)(<6566.460449, 335.537048, 9297.761719>) quick accessed a lock!
[22:23:44] Player (Toppskillz, 76561198143912910)(<6580.294434, 337.447906, 9300.255859>) quick accessed a lock!
[22:34:44] Player (mgokay, 76561198042235031)(<1898.992920, 293.118866, 9006.794922>) quick accessed a lock!
[22:35:03] Player (mgokay, 76561198042235031)(<1898.992920, 293.118866, 9006.794922>) quick accessed a lock!
[22:35:08] Player (mgokay, 76561198042235031)(<1898.992920, 293.118866, 9006.794922>) quick accessed a lock!
[22:35:45] Player (Jev, 76561198068395829)(<5062.670410, 290.810150, 6252.083008>) quick accessed a lock!
[22:45:36] Player (Jev, 76561198068395829)(<5063.693359, 288.822144, 6267.720215>) quick accessed a lock!
[22:46:00] Player (BlackStar, 76561198990415902)(<5268.548340, 306.574585, 5517.510742>) quick accessed a lock!
[22:47:20] Player (Jordan, 76561198999593356)(<12408.297852, 113.241402, 13355.431641>) quick accessed a lock!
[23:10:37] Player (Wolfy333sp, 76561198029161718)(<4637.123535, 345.079956, 5572.428711>) quick accessed a lock!
[23:10:56] Player (Wolfy333sp, 76561198029161718)(<4647.715820, 343.196289, 5576.552734>) quick accessed a lock!
[23:11:18] Player (Wolfy333sp, 76561198029161718)(<4637.123535, 345.079956, 5572.428711>) quick accessed a lock!
[23:13:49] Player (Jordan, 76561198999593356)(<12408.297852, 113.241402, 13355.431641>) quick accessed a lock!
[23:17:23] Player (frenchy, 76561198969225016)(<6566.460449, 335.537048, 9297.761719>) quick accessed a lock!
[23:28:58] Player (Chris.P.Duck, 76561199048973301)(<6599.935059, 339.278015, 9330.077148>) quick accessed a lock!
[23:30:20] Player (Chris.P.Duck, 76561199048973301)(<6566.460449, 335.537048, 9297.761719>) quick accessed a lock!
[23:31:09] Player (Chris.P.Duck, 76561199048973301)(<6574.390137, 338.477417, 9297.323242>) accessed a lock!
[23:31:09] Player (Chris.P.Duck, 76561199048973301)(<6574.390137, 338.477417, 9297.323242>) was added as a guest of a lock!
[23:41:57] Player (BlackStar, 76561198990415902)(<5268.548340, 306.574585, 5517.510742>) quick accessed a lock!
[23:42:22] Player (Chris.P.Duck, 76561199048973301)(<6599.935059, 339.278015, 9330.077148>) quick accessed a lock!
[00:04:35] Player ([TST] Tulcus, 76561198421975055)(<1898.992920, 293.118866, 9006.794922>) quick accessed a lock!
[00:06:30] Player ([TST] Tulcus, 76561198421975055)(<1908.584961, 293.109711, 9013.850586>) quick accessed a lock!
[00:10:26] Player ([TST] Tulcus, 76561198421975055)(<1898.992920, 293.118866, 9006.794922>) quick accessed a lock!
[00:15:31] Player ([TST] Tulcus, 76561198421975055)(<1898.992920, 293.118866, 9006.794922>) quick accessed a lock!
[00:35:26] Player (Jordan, 76561198999593356)(<12408.297852, 113.241402, 13355.431641>) quick accessed a lock!
[00:36:40] Player (frenchy, 76561198969225016)(<6566.460449, 335.537048, 9297.761719>) quick accessed a lock!
[00:44:53] Player ([TST] Tulcus, 76561198421975055)(<1898.992920, 293.118866, 9006.794922>) quick accessed a lock!
[00:46:20] Player ([TST] Tulcus, 76561198421975055)(<1898.992920, 293.118866, 9006.794922>) quick accessed a lock!
[00:50:05] Player (mgokay, 76561198042235031)(<1898.992920, 293.118866, 9006.794922>) quick accessed a lock!
[00:50:11] Player (mgokay, 76561198042235031)(<1898.992920, 293.118866, 9006.794922>) quick accessed a lock!
[00:50:16] Player (mgokay, 76561198042235031)(<1898.992920, 293.118866, 9006.794922>) quick accessed a lock!
[00:50:22] Player (mgokay, 76561198042235031)(<1898.992920, 293.118866, 9006.794922>) quick accessed a lock!
[00:50:33] Player (mgokay, 76561198042235031)(<1898.992920, 293.118866, 9006.794922>) quick accessed a lock!
[01:00:31] Player ([EHC] Schnukkibaby, 76561198086725669)(<2570.736084, 253.319275, 5967.106934>) quick accessed a lock!
[01:01:21] Player ([EHC] Schnukkibaby, 76561198086725669)(<2570.736084, 253.319275, 5967.106934>) quick accessed a lock!
[01:12:39] Player (Jordan, 76561198999593356)(<12408.297852, 113.241402, 13355.431641>) quick accessed a lock!
[01:13:23] Player (Jordan, 76561198999593356)(<12408.297852, 113.241402, 13355.431641>) quick accessed a lock!
[01:28:58] Player ([TST] Tulcus, 76561198421975055)(<1898.992920, 293.118866, 9006.794922>) quick accessed a lock!
[01:31:36] Player (Jev, 76561198068395829)(<5063.693359, 288.822144, 6267.720215>) quick accessed a lock!
[01:44:21] Player (Chris.P.Duck, 76561199048973301)(<6599.935059, 339.278015, 9330.077148>) quick accessed a lock!
[01:44:40] Player (Jev, 76561198068395829)(<12408.297852, 113.241402, 13355.431641>) quick accessed a lock!
[01:57:52] Player (Chris.P.Duck, 76561199048973301)(<6599.935059, 339.278015, 9330.077148>) quick accessed a lock!
