[04-14-2021][02.01.16] New Access Log File Created!
[02:07:34] Player (NicFit, 76561198086129271)(<4785.317383, 261.088928, 6638.194336>) quick accessed a lock!
[02:09:31] Player (NicFit, 76561198086129271)(<4781.581543, 263.466522, 6648.197754>) quick accessed a lock!
[02:10:00] Player (Korwiin, 76561198013080573)(<7652.204102, 138.656174, 12870.273438>) quick accessed a lock!
[02:10:16] Player (NicFit, 76561198086129271)(<4781.581543, 263.466522, 6648.197754>) quick accessed a lock!
[02:11:04] Player (NicFit, 76561198086129271)(<4781.581543, 263.466522, 6648.197754>) quick accessed a lock!
[02:13:15] Player (Korwiin, 76561198013080573)(<7652.204102, 138.656174, 12870.273438>) quick accessed a lock!
[02:14:04] Player (NicFit, 76561198086129271)(<4781.581543, 263.466522, 6648.197754>) quick accessed a lock!
[02:17:12] Player (NicFit, 76561198086129271)(<4781.581543, 263.466522, 6648.197754>) quick accessed a lock!
[02:18:00] Player (NicFit, 76561198086129271)(<4781.581543, 263.466522, 6648.197754>) quick accessed a lock!
[02:18:13] Player (NicFit, 76561198086129271)(<4781.581543, 263.466522, 6648.197754>) quick accessed a lock!
[02:19:14] Player (NicFit, 76561198086129271)(<4781.581543, 263.466522, 6648.197754>) quick accessed a lock!
[02:19:28] Player (NicFit, 76561198086129271)(<4781.581543, 263.466522, 6648.197754>) quick accessed a lock!
[02:25:36] Player (NicFit, 76561198086129271)(<4781.581543, 263.466522, 6648.197754>) quick accessed a lock!
[02:25:48] Player (NicFit, 76561198086129271)(<4781.581543, 263.466522, 6648.197754>) quick accessed a lock!
[02:26:22] Player (NicFit, 76561198086129271)(<4781.581543, 263.466522, 6648.197754>) quick accessed a lock!
[02:26:54] Player (NicFit, 76561198086129271)(<4781.581543, 263.466522, 6648.197754>) quick accessed a lock!
[02:27:28] Player (NicFit, 76561198086129271)(<4781.581543, 263.466522, 6648.197754>) quick accessed a lock!
[02:27:35] Player (NicFit, 76561198086129271)(<4794.475098, 260.834656, 6641.531250>) quick accessed a lock!
[02:29:35] Player (Chris.P.Duck, 76561199048973301)(<6607.929199, 338.330078, 9332.679688>) set a new passcode on lock!
[02:29:35] Player (Chris.P.Duck, 76561199048973301)(<6607.929199, 338.330078, 9332.679688>) claimed ownership of a lock!
[02:29:46] Player (Chris.P.Duck, 76561199048973301)(<6607.929199, 338.330078, 9332.679688>) quick accessed a lock!
[02:29:53] Player (NicFit, 76561198086129271)(<4781.581543, 263.466522, 6648.197754>) quick accessed a lock!
[02:36:59] Player (Jordan, 76561198999593356)(<12408.297852, 113.241402, 13355.431641>) quick accessed a lock!
[02:37:49] Player (NicFit, 76561198086129271)(<4781.581543, 263.466522, 6648.197754>) quick accessed a lock!
[02:38:17] Player (NicFit, 76561198086129271)(<4781.581543, 263.466522, 6648.197754>) quick accessed a lock!
[02:38:42] Player (mgokay, 76561198042235031)(<1898.992920, 293.118866, 9006.794922>) quick accessed a lock!
[02:39:45] Player (mgokay, 76561198042235031)(<1898.992920, 293.118866, 9006.794922>) quick accessed a lock!
[02:46:23] Player (NicFit, 76561198086129271)(<4793.210938, 265.782837, 6685.738770>) set a new passcode on lock!
[02:46:23] Player (NicFit, 76561198086129271)(<4793.210938, 265.782837, 6685.738770>) claimed ownership of a lock!
[02:47:07] Player (NicFit, 76561198086129271)(<4781.581543, 263.466522, 6648.197754>) quick accessed a lock!
[02:49:42] Player (NicFit, 76561198086129271)(<4785.317383, 261.088928, 6638.194336>) quick accessed a lock!
[02:53:54] Player (NicFit, 76561198086129271)(<4781.581543, 263.466522, 6648.197754>) quick accessed a lock!
[02:59:01] Player (NicFit, 76561198086129271)(<6930.551758, 66.997383, 3709.342773>) quick accessed a lock!
[03:03:35] Player (NicFit, 76561198086129271)(<4781.581543, 263.466522, 6648.197754>) quick accessed a lock!
[03:04:22] Player (NicFit, 76561198086129271)(<4781.581543, 263.466522, 6648.197754>) quick accessed a lock!
[03:04:54] Player (NicFit, 76561198086129271)(<4781.581543, 263.466522, 6648.197754>) quick accessed a lock!
[03:19:55] Player (mgokay, 76561198042235031)(<1898.992920, 293.118866, 9006.794922>) quick accessed a lock!
[03:20:38] Player (NicFit, 76561198086129271)(<4781.581543, 263.466522, 6648.197754>) quick accessed a lock!
[03:20:39] Player (mgokay, 76561198042235031)(<1898.992920, 293.118866, 9006.794922>) quick accessed a lock!
[03:25:15] Player ([TST] Tulcus, 76561198421975055)(<1898.992920, 293.118866, 9006.794922>) quick accessed a lock!
[03:25:27] Player (NicFit, 76561198086129271)(<4781.581543, 263.466522, 6648.197754>) quick accessed a lock!
[03:28:16] Player (NicFit, 76561198086129271)(<4793.210938, 265.782837, 6685.738770>) removed a lock!
[03:30:47] Player (NicFit, 76561198086129271)(<4793.210938, 265.782837, 6685.738770>) set a new passcode on lock!
[03:30:47] Player (NicFit, 76561198086129271)(<4793.210938, 265.782837, 6685.738770>) claimed ownership of a lock!
[03:32:21] Player (NicFit, 76561198086129271)(<4781.581543, 263.466522, 6648.197754>) quick accessed a lock!
[03:32:29] Player (NicFit, 76561198086129271)(<4785.317383, 261.088928, 6638.194336>) quick accessed a lock!
[03:33:20] Player (NicFit, 76561198086129271)(<4781.581543, 263.466522, 6648.197754>) quick accessed a lock!
[03:38:47] Player (NicFit, 76561198086129271)(<4793.210938, 265.782837, 6685.738770>) quick accessed a lock!
[03:38:54] Player (mgokay, 76561198042235031)(<1898.992920, 293.118866, 9006.794922>) quick accessed a lock!
[03:38:58] Player (NicFit, 76561198086129271)(<4781.581543, 263.466522, 6648.197754>) quick accessed a lock!
[03:39:52] Player (NicFit, 76561198086129271)(<4781.581543, 263.466522, 6648.197754>) quick accessed a lock!
[03:43:37] Player (NicFit, 76561198086129271)(<4781.581543, 263.466522, 6648.197754>) quick accessed a lock!
[03:44:09] Player (NicFit, 76561198086129271)(<4781.581543, 263.466522, 6648.197754>) quick accessed a lock!
[03:47:49] Player (NicFit, 76561198086129271)(<4781.581543, 263.466522, 6648.197754>) quick accessed a lock!
[03:48:23] Player (NicFit, 76561198086129271)(<4781.581543, 263.466522, 6648.197754>) quick accessed a lock!
[03:49:00] Player (NicFit, 76561198086129271)(<4793.210938, 265.782837, 6685.738770>) quick accessed a lock!
[03:53:01] Player (NicFit, 76561198086129271)(<4781.581543, 263.466522, 6648.197754>) quick accessed a lock!
[03:53:16] Player (NicFit, 76561198086129271)(<4781.581543, 263.466522, 6648.197754>) quick accessed a lock!
[03:55:17] Player (NicFit, 76561198086129271)(<4781.581543, 263.466522, 6648.197754>) quick accessed a lock!
[03:55:35] Player (NicFit, 76561198086129271)(<4781.581543, 263.466522, 6648.197754>) quick accessed a lock!
[03:58:41] Player (NicFit, 76561198086129271)(<4781.581543, 263.466522, 6648.197754>) quick accessed a lock!
[04:00:14] Player (NicFit, 76561198086129271)(<4781.581543, 263.466522, 6648.197754>) quick accessed a lock!
[04:00:45] Player (NicFit, 76561198086129271)(<4793.210938, 265.782837, 6685.738770>) quick accessed a lock!
[04:02:06] Player (NicFit, 76561198086129271)(<4781.581543, 263.466522, 6648.197754>) quick accessed a lock!
[04:02:38] Player (NicFit, 76561198086129271)(<4781.581543, 263.466522, 6648.197754>) quick accessed a lock!
[04:03:17] Player (NicFit, 76561198086129271)(<4790.346680, 262.984161, 6647.346191>) quick accessed a lock!
[04:03:17] Player (Korwiin, 76561198013080573)(<7652.204102, 138.656174, 12870.273438>) quick accessed a lock!
[04:03:20] Player (NicFit, 76561198086129271)(<4781.581543, 263.466522, 6648.197754>) quick accessed a lock!
[04:05:28] Player (Korwiin, 76561198013080573)(<7652.204102, 138.656174, 12870.273438>) quick accessed a lock!
[04:06:08] Player (NicFit, 76561198086129271)(<4781.581543, 263.466522, 6648.197754>) quick accessed a lock!
[04:06:35] Player (NicFit, 76561198086129271)(<4781.581543, 263.466522, 6648.197754>) quick accessed a lock!
[04:07:29] Player (NicFit, 76561198086129271)(<4781.581543, 263.466522, 6648.197754>) quick accessed a lock!
[04:08:27] Player (Korwiin, 76561198013080573)(<7652.204102, 138.656174, 12870.273438>) quick accessed a lock!
[04:10:45] Player (NicFit, 76561198086129271)(<4781.581543, 263.466522, 6648.197754>) quick accessed a lock!
[04:11:12] Player (NicFit, 76561198086129271)(<4794.475098, 260.834656, 6641.531250>) quick accessed a lock!
[04:12:04] Player (NicFit, 76561198086129271)(<4794.475098, 260.834656, 6641.531250>) quick accessed a lock!
[04:12:09] Player (NicFit, 76561198086129271)(<4781.581543, 263.466522, 6648.197754>) quick accessed a lock!
[04:12:30] Player (NicFit, 76561198086129271)(<4781.581543, 263.466522, 6648.197754>) quick accessed a lock!
[04:12:51] Player (NicFit, 76561198086129271)(<4781.581543, 263.466522, 6648.197754>) quick accessed a lock!
[04:13:59] Player (NicFit, 76561198086129271)(<4781.581543, 263.466522, 6648.197754>) quick accessed a lock!
[04:14:20] Player (NicFit, 76561198086129271)(<4781.581543, 263.466522, 6648.197754>) quick accessed a lock!
[04:15:30] Player (NicFit, 76561198086129271)(<4781.581543, 263.466522, 6648.197754>) quick accessed a lock!
[04:15:52] Player (NicFit, 76561198086129271)(<4781.581543, 263.466522, 6648.197754>) quick accessed a lock!
[04:19:07] Player (Korwiin, 76561198013080573)(<7652.288574, 141.446121, 12870.299805>) quick accessed a lock!
[04:19:17] Player (NicFit, 76561198086129271)(<4781.581543, 263.466522, 6648.197754>) quick accessed a lock!
[04:19:19] Player (Korwiin, 76561198013080573)(<7648.631836, 141.446121, 12872.401367>) quick accessed a lock!
[04:19:45] Player (NicFit, 76561198086129271)(<4781.581543, 263.466522, 6648.197754>) quick accessed a lock!
[04:20:03] Player (NicFit, 76561198086129271)(<4786.072266, 265.399689, 6660.313965>) set a new passcode on lock!
[04:20:03] Player (NicFit, 76561198086129271)(<4786.072266, 265.399689, 6660.313965>) claimed ownership of a lock!
[04:20:53] Player (NicFit, 76561198086129271)(<4781.581543, 263.466522, 6648.197754>) quick accessed a lock!
[04:21:11] Player (NicFit, 76561198086129271)(<4781.581543, 263.466522, 6648.197754>) quick accessed a lock!
[04:21:18] Player (NicFit, 76561198086129271)(<4786.072266, 265.399689, 6660.313965>) quick accessed a lock!
[04:22:59] Player (Korwiin, 76561198013080573)(<7652.204102, 138.656174, 12870.273438>) quick accessed a lock!
[04:24:51] Player (NicFit, 76561198086129271)(<4781.581543, 263.466522, 6648.197754>) quick accessed a lock!
[04:25:06] Player (NicFit, 76561198086129271)(<4781.581543, 263.466522, 6648.197754>) quick accessed a lock!
[04:25:16] Player (NicFit, 76561198086129271)(<4786.072266, 265.399689, 6660.313965>) quick accessed a lock!
[04:25:45] Player (NicFit, 76561198086129271)(<4781.581543, 263.466522, 6648.197754>) quick accessed a lock!
[04:26:10] Player (NicFit, 76561198086129271)(<4781.581543, 263.466522, 6648.197754>) quick accessed a lock!
[04:26:17] Player (NicFit, 76561198086129271)(<4786.072266, 265.399689, 6660.313965>) quick accessed a lock!
[04:27:09] Player (NicFit, 76561198086129271)(<4781.581543, 263.466522, 6648.197754>) quick accessed a lock!
[04:28:00] Player (NicFit, 76561198086129271)(<4781.581543, 263.466522, 6648.197754>) quick accessed a lock!
[04:28:10] Player (NicFit, 76561198086129271)(<4786.072266, 265.399689, 6660.313965>) quick accessed a lock!
[04:28:22] Player (Korwiin, 76561198013080573)(<7652.204102, 138.656174, 12870.273438>) quick accessed a lock!
[04:29:26] Player (NicFit, 76561198086129271)(<4781.581543, 263.466522, 6648.197754>) quick accessed a lock!
[04:31:32] Player (NicFit, 76561198086129271)(<4781.581543, 263.466522, 6648.197754>) quick accessed a lock!
[04:31:43] Player (NicFit, 76561198086129271)(<4786.072266, 265.399689, 6660.313965>) quick accessed a lock!
[04:33:10] Player (Korwiin, 76561198013080573)(<7652.204102, 138.656174, 12870.273438>) quick accessed a lock!
[04:34:11] Player (NicFit, 76561198086129271)(<4781.581543, 263.466522, 6648.197754>) quick accessed a lock!
[04:35:15] Player (NicFit, 76561198086129271)(<4781.581543, 263.466522, 6648.197754>) quick accessed a lock!
[04:35:23] Player (NicFit, 76561198086129271)(<4786.072266, 265.399689, 6660.313965>) quick accessed a lock!
[04:39:38] Player (NicFit, 76561198086129271)(<4781.581543, 263.466522, 6648.197754>) quick accessed a lock!
[04:42:04] Player (NicFit, 76561198086129271)(<4781.581543, 263.466522, 6648.197754>) quick accessed a lock!
[04:42:13] Player (NicFit, 76561198086129271)(<4786.072266, 265.399689, 6660.313965>) quick accessed a lock!
[04:46:00] Player (NicFit, 76561198086129271)(<4781.581543, 263.466522, 6648.197754>) quick accessed a lock!
[04:48:14] Player (NicFit, 76561198086129271)(<4781.581543, 263.466522, 6648.197754>) quick accessed a lock!
[04:48:22] Player (NicFit, 76561198086129271)(<4786.072266, 265.399689, 6660.313965>) quick accessed a lock!
[04:51:44] Player (NicFit, 76561198086129271)(<4786.072266, 265.399689, 6660.313965>) quick accessed a lock!
[04:51:51] Player (NicFit, 76561198086129271)(<4781.581543, 263.466522, 6648.197754>) quick accessed a lock!
[04:53:06] Player (NicFit, 76561198086129271)(<4781.581543, 263.466522, 6648.197754>) quick accessed a lock!
[04:53:14] Player (NicFit, 76561198086129271)(<4786.072266, 265.399689, 6660.313965>) quick accessed a lock!
[04:57:40] Player (NicFit, 76561198086129271)(<4786.072266, 265.399689, 6660.313965>) quick accessed a lock!
[04:57:48] Player (NicFit, 76561198086129271)(<4781.581543, 263.466522, 6648.197754>) quick accessed a lock!
[05:02:47] Player (NicFit, 76561198086129271)(<4781.581543, 263.466522, 6648.197754>) quick accessed a lock!
[05:03:21] Player (NicFit, 76561198086129271)(<4781.581543, 263.466522, 6648.197754>) quick accessed a lock!
[05:03:35] Player (NicFit, 76561198086129271)(<4786.072266, 265.399689, 6660.313965>) quick accessed a lock!
[05:04:52] Player (NicFit, 76561198086129271)(<4786.072266, 265.399689, 6660.313965>) quick accessed a lock!
[05:04:58] Player (NicFit, 76561198086129271)(<4781.581543, 263.466522, 6648.197754>) quick accessed a lock!
[05:05:19] Player (NicFit, 76561198086129271)(<4781.581543, 263.466522, 6648.197754>) quick accessed a lock!
[05:05:26] Player (NicFit, 76561198086129271)(<4786.072266, 265.399689, 6660.313965>) quick accessed a lock!
[05:07:04] Player (NicFit, 76561198086129271)(<4786.072266, 265.399689, 6660.313965>) quick accessed a lock!
[05:07:09] Player (NicFit, 76561198086129271)(<4781.581543, 263.466522, 6648.197754>) quick accessed a lock!
[05:08:16] Player (NicFit, 76561198086129271)(<4781.581543, 263.466522, 6648.197754>) quick accessed a lock!
[05:08:25] Player (NicFit, 76561198086129271)(<4786.072266, 265.399689, 6660.313965>) quick accessed a lock!
[05:10:26] Player (NicFit, 76561198086129271)(<4786.072266, 265.399689, 6660.313965>) quick accessed a lock!
[05:10:32] Player (NicFit, 76561198086129271)(<4781.581543, 263.466522, 6648.197754>) quick accessed a lock!
[05:12:47] Player (NicFit, 76561198086129271)(<4781.581543, 263.466522, 6648.197754>) quick accessed a lock!
[05:12:56] Player (NicFit, 76561198086129271)(<4786.072266, 265.399689, 6660.313965>) quick accessed a lock!
[05:14:19] Player (NicFit, 76561198086129271)(<4791.567383, 265.400116, 6674.489258>) set a new passcode on lock!
[05:14:19] Player (NicFit, 76561198086129271)(<4791.567383, 265.400116, 6674.489258>) claimed ownership of a lock!
[05:15:35] Player (NicFit, 76561198086129271)(<4786.072266, 265.399689, 6660.313965>) quick accessed a lock!
[05:15:41] Player (NicFit, 76561198086129271)(<4781.581543, 263.466522, 6648.197754>) quick accessed a lock!
[05:17:21] Player (NicFit, 76561198086129271)(<4781.581543, 263.466522, 6648.197754>) quick accessed a lock!
[05:17:29] Player (NicFit, 76561198086129271)(<4786.072266, 265.399689, 6660.313965>) quick accessed a lock!
[05:19:03] Player (NicFit, 76561198086129271)(<4786.072266, 265.399689, 6660.313965>) quick accessed a lock!
[05:19:11] Player (NicFit, 76561198086129271)(<4781.581543, 263.466522, 6648.197754>) quick accessed a lock!
[05:20:33] Player (NicFit, 76561198086129271)(<4781.581543, 263.466522, 6648.197754>) quick accessed a lock!
[05:21:04] Player (NicFit, 76561198086129271)(<4781.581543, 263.466522, 6648.197754>) quick accessed a lock!
[05:21:13] Player (NicFit, 76561198086129271)(<4786.072266, 265.399689, 6660.313965>) quick accessed a lock!
[05:25:10] Player (NicFit, 76561198086129271)(<4786.072266, 265.399689, 6660.313965>) quick accessed a lock!
[05:25:18] Player (NicFit, 76561198086129271)(<4781.581543, 263.466522, 6648.197754>) quick accessed a lock!
[05:26:28] Player (NicFit, 76561198086129271)(<4781.581543, 263.466522, 6648.197754>) quick accessed a lock!
[05:26:36] Player (NicFit, 76561198086129271)(<4786.072266, 265.399689, 6660.313965>) quick accessed a lock!
[05:30:38] Player (NicFit, 76561198086129271)(<4786.072266, 265.399689, 6660.313965>) quick accessed a lock!
[05:30:43] Player (NicFit, 76561198086129271)(<4786.072266, 265.399689, 6660.313965>) quick accessed a lock!
[05:30:51] Player (NicFit, 76561198086129271)(<4781.581543, 263.466522, 6648.197754>) quick accessed a lock!
[05:31:33] Player (NicFit, 76561198086129271)(<4781.581543, 263.466522, 6648.197754>) quick accessed a lock!
[05:31:41] Player (NicFit, 76561198086129271)(<4786.072266, 265.399689, 6660.313965>) quick accessed a lock!
[05:34:38] Player (NicFit, 76561198086129271)(<4786.072266, 265.399689, 6660.313965>) quick accessed a lock!
[05:34:51] Player (NicFit, 76561198086129271)(<4786.072266, 265.399689, 6660.313965>) quick accessed a lock!
[05:35:50] Player (NicFit, 76561198086129271)(<4786.072266, 265.399689, 6660.313965>) quick accessed a lock!
[05:35:57] Player (NicFit, 76561198086129271)(<4781.581543, 263.466522, 6648.197754>) quick accessed a lock!
[04-14-2021][06.00.59] Log file reloaded ( Server Restart )
[06:42:04] Player (NicFit, 76561198086129271)(<4785.317383, 261.088928, 6638.194336>) quick accessed a lock!
[06:42:06] Player (NicFit, 76561198086129271)(<4781.581543, 263.466522, 6648.197754>) quick accessed a lock!
[06:42:25] Player (NicFit, 76561198086129271)(<4786.072266, 265.399689, 6660.313965>) quick accessed a lock!
[06:43:06] Player (NicFit, 76561198086129271)(<4786.072266, 265.399689, 6660.313965>) quick accessed a lock!
[06:43:31] Player (NicFit, 76561198086129271)(<4786.072266, 265.399689, 6660.313965>) quick accessed a lock!
[06:44:09] Player (NicFit, 76561198086129271)(<4781.581543, 263.466522, 6648.197754>) quick accessed a lock!
[06:44:57] Player (NicFit, 76561198086129271)(<4781.581543, 263.466522, 6648.197754>) quick accessed a lock!
[06:45:05] Player (NicFit, 76561198086129271)(<4786.072266, 265.399689, 6660.313965>) quick accessed a lock!
[06:45:34] Player (digdogdiggitydan, 76561198388782003)(<6931.586914, 56.861805, 3686.584473>) quick accessed a lock!
[06:47:13] Player (NicFit, 76561198086129271)(<4786.072266, 265.399689, 6660.313965>) quick accessed a lock!
[06:47:21] Player (NicFit, 76561198086129271)(<4781.581543, 263.466522, 6648.197754>) quick accessed a lock!
[06:47:51] Player (NicFit, 76561198086129271)(<4781.581543, 263.466522, 6648.197754>) quick accessed a lock!
[06:47:57] Player (NicFit, 76561198086129271)(<4786.072266, 265.399689, 6660.313965>) quick accessed a lock!
[06:49:03] Player (NicFit, 76561198086129271)(<4786.072266, 265.399689, 6660.313965>) quick accessed a lock!
[06:49:08] Player (NicFit, 76561198086129271)(<4786.072266, 265.399689, 6660.313965>) quick accessed a lock!
[06:49:26] Player (NicFit, 76561198086129271)(<4786.072266, 265.399689, 6660.313965>) quick accessed a lock!
[06:49:33] Player (NicFit, 76561198086129271)(<4781.581543, 263.466522, 6648.197754>) quick accessed a lock!
[06:50:23] Player (NicFit, 76561198086129271)(<4781.581543, 263.466522, 6648.197754>) quick accessed a lock!
[06:50:29] Player (NicFit, 76561198086129271)(<4786.072266, 265.399689, 6660.313965>) quick accessed a lock!
[06:52:58] Player (NicFit, 76561198086129271)(<4786.072266, 265.399689, 6660.313965>) quick accessed a lock!
[06:53:06] Player (NicFit, 76561198086129271)(<4781.581543, 263.466522, 6648.197754>) quick accessed a lock!
[06:53:13] Player (NicFit, 76561198086129271)(<4781.581543, 263.466522, 6648.197754>) quick accessed a lock!
[06:53:20] Player (NicFit, 76561198086129271)(<4786.072266, 265.399689, 6660.313965>) quick accessed a lock!
[06:53:48] Player (NicFit, 76561198086129271)(<4786.072266, 265.399689, 6660.313965>) quick accessed a lock!
[06:53:54] Player (NicFit, 76561198086129271)(<4781.581543, 263.466522, 6648.197754>) quick accessed a lock!
[06:54:58] Player (NicFit, 76561198086129271)(<4781.581543, 263.466522, 6648.197754>) quick accessed a lock!
[06:55:08] Player (NicFit, 76561198086129271)(<4786.072266, 265.399689, 6660.313965>) quick accessed a lock!
[06:57:31] Player (NicFit, 76561198086129271)(<4786.072266, 265.399689, 6660.313965>) quick accessed a lock!
[06:57:38] Player (NicFit, 76561198086129271)(<4781.581543, 263.466522, 6648.197754>) quick accessed a lock!
[06:58:56] Player (NicFit, 76561198086129271)(<4781.581543, 263.466522, 6648.197754>) quick accessed a lock!
[06:59:03] Player (NicFit, 76561198086129271)(<4786.072266, 265.399689, 6660.313965>) quick accessed a lock!
[07:03:34] Player (NicFit, 76561198086129271)(<4786.072266, 265.399689, 6660.313965>) quick accessed a lock!
[07:03:40] Player (NicFit, 76561198086129271)(<4781.581543, 263.466522, 6648.197754>) quick accessed a lock!
[07:03:55] Player (NicFit, 76561198086129271)(<4794.475098, 260.834656, 6641.531250>) quick accessed a lock!
[07:04:39] Player (NicFit, 76561198086129271)(<4781.581543, 263.466522, 6648.197754>) quick accessed a lock!
[07:04:45] Player (NicFit, 76561198086129271)(<4786.072266, 265.399689, 6660.313965>) quick accessed a lock!
[07:04:52] Player (IRonic, 76561199116927487)(<3438.451416, 294.238281, 8505.000000>) quick accessed a lock!
[07:12:23] Player (NicFit, 76561198086129271)(<4786.072266, 265.399689, 6660.313965>) quick accessed a lock!
[07:16:37] Player (digdogdiggitydan, 76561198388782003)(<4786.072266, 265.399689, 6660.313965>) accessed a lock!
[07:16:37] Player (digdogdiggitydan, 76561198388782003)(<4786.072266, 265.399689, 6660.313965>) was added as a guest of a lock!
[07:16:42] Player (digdogdiggitydan, 76561198388782003)(<4781.581543, 263.466522, 6648.197754>) quick accessed a lock!
[07:17:40] Player (NicFit, 76561198086129271)(<4786.072266, 265.399689, 6660.313965>) quick accessed a lock!
[07:18:11] Player (digdogdiggitydan, 76561198388782003)(<4781.581543, 263.466522, 6648.197754>) quick accessed a lock!
[07:18:18] Player (digdogdiggitydan, 76561198388782003)(<4786.072266, 265.399689, 6660.313965>) quick accessed a lock!
[07:19:57] Player (digdogdiggitydan, 76561198388782003)(<4786.072266, 265.399689, 6660.313965>) quick accessed a lock!
[07:20:01] Player (digdogdiggitydan, 76561198388782003)(<4781.581543, 263.466522, 6648.197754>) quick accessed a lock!
[07:20:49] Player (NicFit, 76561198086129271)(<4781.581543, 263.466522, 6648.197754>) quick accessed a lock!
[07:21:07] Player (digdogdiggitydan, 76561198388782003)(<4786.072266, 265.399689, 6660.313965>) quick accessed a lock!
[07:25:42] Player (NicFit, 76561198086129271)(<4786.072266, 265.399689, 6660.313965>) quick accessed a lock!
[07:25:48] Player (NicFit, 76561198086129271)(<4781.581543, 263.466522, 6648.197754>) quick accessed a lock!
[07:26:10] Player (NicFit, 76561198086129271)(<4781.581543, 263.466522, 6648.197754>) quick accessed a lock!
[07:26:16] Player (NicFit, 76561198086129271)(<4786.072266, 265.399689, 6660.313965>) quick accessed a lock!
[07:27:28] Player (NicFit, 76561198086129271)(<4786.072266, 265.399689, 6660.313965>) quick accessed a lock!
[07:27:34] Player (NicFit, 76561198086129271)(<4781.581543, 263.466522, 6648.197754>) quick accessed a lock!
[07:28:33] Player (NicFit, 76561198086129271)(<4781.581543, 263.466522, 6648.197754>) quick accessed a lock!
[07:28:42] Player (NicFit, 76561198086129271)(<4786.072266, 265.399689, 6660.313965>) quick accessed a lock!
[07:28:49] Player (digdogdiggitydan, 76561198388782003)(<4786.072266, 265.399689, 6660.313965>) quick accessed a lock!
[07:28:54] Player (digdogdiggitydan, 76561198388782003)(<4781.581543, 263.466522, 6648.197754>) quick accessed a lock!
[07:30:35] Player (digdogdiggitydan, 76561198388782003)(<4786.072266, 265.399689, 6660.313965>) quick accessed a lock!
[07:31:44] Player (NicFit, 76561198086129271)(<4786.072266, 265.399689, 6660.313965>) quick accessed a lock!
[07:31:49] Player (NicFit, 76561198086129271)(<4781.581543, 263.466522, 6648.197754>) quick accessed a lock!
[07:32:14] Player (NicFit, 76561198086129271)(<4781.581543, 263.466522, 6648.197754>) quick accessed a lock!
[07:32:19] Player (NicFit, 76561198086129271)(<4786.072266, 265.399689, 6660.313965>) quick accessed a lock!
[07:35:35] Player (NicFit, 76561198086129271)(<4786.072266, 265.399689, 6660.313965>) quick accessed a lock!
[07:35:41] Player (NicFit, 76561198086129271)(<4781.581543, 263.466522, 6648.197754>) quick accessed a lock!
[07:35:57] Player (digdogdiggitydan, 76561198388782003)(<4786.072266, 265.399689, 6660.313965>) quick accessed a lock!
[07:35:57] Player (NicFit, 76561198086129271)(<4781.581543, 263.466522, 6648.197754>) quick accessed a lock!
[07:36:04] Player (NicFit, 76561198086129271)(<4786.072266, 265.399689, 6660.313965>) quick accessed a lock!
[07:37:33] Player (NicFit, 76561198086129271)(<4786.072266, 265.399689, 6660.313965>) quick accessed a lock!
[07:37:38] Player (NicFit, 76561198086129271)(<4781.581543, 263.466522, 6648.197754>) quick accessed a lock!
[07:38:50] Player (NicFit, 76561198086129271)(<4781.581543, 263.466522, 6648.197754>) quick accessed a lock!
[07:38:55] Player (NicFit, 76561198086129271)(<4786.072266, 265.399689, 6660.313965>) quick accessed a lock!
[07:48:44] Player (digdogdiggitydan, 76561198388782003)(<4786.072266, 265.399689, 6660.313965>) quick accessed a lock!
[07:51:23] Player (NicFit, 76561198086129271)(<4786.072266, 265.399689, 6660.313965>) quick accessed a lock!
[07:51:32] Player (NicFit, 76561198086129271)(<4781.581543, 263.466522, 6648.197754>) quick accessed a lock!
[07:52:16] Player (NicFit, 76561198086129271)(<4781.581543, 263.466522, 6648.197754>) quick accessed a lock!
[07:52:20] Player (digdogdiggitydan, 76561198388782003)(<4786.072266, 265.399689, 6660.313965>) quick accessed a lock!
[07:52:46] Player (NicFit, 76561198086129271)(<4781.581543, 263.466522, 6648.197754>) quick accessed a lock!
[07:53:05] Player (digdogdiggitydan, 76561198388782003)(<4781.581543, 263.466522, 6648.197754>) quick accessed a lock!
[07:53:21] Player (NicFit, 76561198086129271)(<4794.475098, 260.834656, 6641.531250>) quick accessed a lock!
[07:53:29] Player (NicFit, 76561198086129271)(<4781.581543, 263.466522, 6648.197754>) quick accessed a lock!
[07:58:01] Player (digdogdiggitydan, 76561198388782003)(<4781.581543, 263.466522, 6648.197754>) quick accessed a lock!
[08:00:47] Player (digdogdiggitydan, 76561198388782003)(<4791.567383, 265.400116, 6674.489258>) accessed a lock!
[08:00:47] Player (digdogdiggitydan, 76561198388782003)(<4791.567383, 265.400116, 6674.489258>) was added as a guest of a lock!
[08:03:34] Player (NicFit, 76561198086129271)(<4781.581543, 263.466522, 6648.197754>) quick accessed a lock!
[08:04:02] Player (NicFit, 76561198086129271)(<4781.581543, 263.466522, 6648.197754>) quick accessed a lock!
[08:04:08] Player (NicFit, 76561198086129271)(<4786.072266, 265.399689, 6660.313965>) quick accessed a lock!
[08:05:33] Player (digdogdiggitydan, 76561198388782003)(<4786.072266, 265.399689, 6660.313965>) quick accessed a lock!
[08:05:37] Player (digdogdiggitydan, 76561198388782003)(<4781.581543, 263.466522, 6648.197754>) quick accessed a lock!
[08:05:55] Player (digdogdiggitydan, 76561198388782003)(<4781.581543, 263.466522, 6648.197754>) quick accessed a lock!
[08:06:52] Player (digdogdiggitydan, 76561198388782003)(<4786.072266, 265.399689, 6660.313965>) quick accessed a lock!
[08:06:54] Player (NicFit, 76561198086129271)(<4781.581543, 263.466522, 6648.197754>) quick accessed a lock!
[08:07:16] Player (digdogdiggitydan, 76561198388782003)(<4781.581543, 263.466522, 6648.197754>) quick accessed a lock!
[08:07:20] Player (NicFit, 76561198086129271)(<4781.581543, 263.466522, 6648.197754>) quick accessed a lock!
[08:07:21] Player (digdogdiggitydan, 76561198388782003)(<4786.072266, 265.399689, 6660.313965>) quick accessed a lock!
[08:13:58] Player (digdogdiggitydan, 76561198388782003)(<4786.072266, 265.399689, 6660.313965>) quick accessed a lock!
[08:14:01] Player (digdogdiggitydan, 76561198388782003)(<4781.581543, 263.466522, 6648.197754>) quick accessed a lock!
[08:16:52] Player (digdogdiggitydan, 76561198388782003)(<4781.581543, 263.466522, 6648.197754>) quick accessed a lock!
[08:17:21] Player (digdogdiggitydan, 76561198388782003)(<4786.072266, 265.399689, 6660.313965>) quick accessed a lock!
[08:17:22] Player (NicFit, 76561198086129271)(<4781.581543, 263.466522, 6648.197754>) quick accessed a lock!
[08:17:30] Player (NicFit, 76561198086129271)(<4786.072266, 265.399689, 6660.313965>) quick accessed a lock!
[08:18:21] Player (NicFit, 76561198086129271)(<4786.615723, 271.348419, 6673.487793>) set a new passcode on lock!
[08:18:21] Player (NicFit, 76561198086129271)(<4786.615723, 271.348419, 6673.487793>) claimed ownership of a lock!
[08:18:22] Player (NicFit, 76561198086129271)(<4786.615723, 271.348419, 6673.487793>) quick accessed a lock!
[08:19:28] Player (NicFit, 76561198086129271)(<4786.072266, 265.399689, 6660.313965>) quick accessed a lock!
[08:19:36] Player (NicFit, 76561198086129271)(<4781.581543, 263.466522, 6648.197754>) quick accessed a lock!
[08:20:00] Player (NicFit, 76561198086129271)(<4781.581543, 263.466522, 6648.197754>) quick accessed a lock!
[08:20:06] Player (NicFit, 76561198086129271)(<4786.072266, 265.399689, 6660.313965>) quick accessed a lock!
[08:26:16] Player (NicFit, 76561198086129271)(<4786.072266, 265.399689, 6660.313965>) quick accessed a lock!
[08:26:26] Player (digdogdiggitydan, 76561198388782003)(<4781.581543, 263.466522, 6648.197754>) quick accessed a lock!
[08:26:50] Player (digdogdiggitydan, 76561198388782003)(<4781.581543, 263.466522, 6648.197754>) quick accessed a lock!
[08:26:54] Player (digdogdiggitydan, 76561198388782003)(<4786.072266, 265.399689, 6660.313965>) quick accessed a lock!
[08:27:38] Player (NicFit, 76561198086129271)(<4789.503418, 268.407837, 6662.846680>) set a new passcode on lock!
[08:27:38] Player (NicFit, 76561198086129271)(<4789.503418, 268.407837, 6662.846680>) claimed ownership of a lock!
[08:29:40] Player (NicFit, 76561198086129271)(<4789.503418, 268.407837, 6662.846680>) quick accessed a lock!
[08:29:57] Player (NicFit, 76561198086129271)(<4789.503418, 268.407837, 6662.846680>) quick accessed a lock!
[08:32:18] Player (NicFit, 76561198086129271)(<4793.210938, 265.782837, 6685.738770>) quick accessed a lock!
[08:33:06] Player (NicFit, 76561198086129271)(<4786.072266, 265.399689, 6660.313965>) quick accessed a lock!
[08:33:15] Player (NicFit, 76561198086129271)(<4786.072266, 265.399689, 6660.313965>) quick accessed a lock!
[08:34:03] Player (NicFit, 76561198086129271)(<4786.615723, 271.348419, 6673.487793>) quick accessed a lock!
[08:34:56] Player (NicFit, 76561198086129271)(<4786.072266, 265.399689, 6660.313965>) quick accessed a lock!
[08:35:02] Player (NicFit, 76561198086129271)(<4781.581543, 263.466522, 6648.197754>) quick accessed a lock!
[08:39:24] Player (NicFit, 76561198086129271)(<4781.581543, 263.466522, 6648.197754>) quick accessed a lock!
[08:39:30] Player (NicFit, 76561198086129271)(<4786.072266, 265.399689, 6660.313965>) quick accessed a lock!
[08:39:45] Player (NicFit, 76561198086129271)(<4786.615723, 271.348419, 6673.487793>) quick accessed a lock!
[08:41:53] Player (NicFit, 76561198086129271)(<4786.615723, 271.348419, 6673.487793>) quick accessed a lock!
[08:42:51] Player (NicFit, 76561198086129271)(<4786.072266, 265.399689, 6660.313965>) quick accessed a lock!
[08:42:58] Player (NicFit, 76561198086129271)(<4781.581543, 263.466522, 6648.197754>) quick accessed a lock!
[08:43:42] Player (NicFit, 76561198086129271)(<4781.581543, 263.466522, 6648.197754>) quick accessed a lock!
[08:43:49] Player (NicFit, 76561198086129271)(<4786.072266, 265.399689, 6660.313965>) quick accessed a lock!
[08:44:07] Player (NicFit, 76561198086129271)(<4789.503418, 268.407837, 6662.846680>) quick accessed a lock!
[08:44:15] Player (NicFit, 76561198086129271)(<4789.503418, 268.407837, 6662.846680>) quick accessed a lock!
[08:44:24] Player (NicFit, 76561198086129271)(<4786.615723, 271.348419, 6673.487793>) quick accessed a lock!
[08:44:28] Player (digdogdiggitydan, 76561198388782003)(<6931.586914, 56.861805, 3686.584473>) quick accessed a lock!
[08:45:13] Player (NicFit, 76561198086129271)(<4786.072266, 265.399689, 6660.313965>) quick accessed a lock!
[08:45:18] Player (NicFit, 76561198086129271)(<4781.581543, 263.466522, 6648.197754>) quick accessed a lock!
[08:45:56] Player (NicFit, 76561198086129271)(<4781.581543, 263.466522, 6648.197754>) quick accessed a lock!
[08:49:47] Player (NicFit, 76561198086129271)(<4793.210938, 265.782837, 6685.738770>) quick accessed a lock!
[08:49:52] Player (NicFit, 76561198086129271)(<4791.567383, 265.400116, 6674.489258>) quick accessed a lock!
[08:50:03] Player (NicFit, 76561198086129271)(<4786.615723, 271.348419, 6673.487793>) quick accessed a lock!
[08:57:33] Player (NicFit, 76561198086129271)(<4786.615723, 271.348419, 6673.487793>) quick accessed a lock!
[08:57:53] Player (NicFit, 76561198086129271)(<4789.503418, 268.407837, 6662.846680>) quick accessed a lock!
[08:58:00] Player (NicFit, 76561198086129271)(<4789.503418, 268.407837, 6662.846680>) quick accessed a lock!
[08:58:13] Player (NicFit, 76561198086129271)(<4786.072266, 265.399689, 6660.313965>) quick accessed a lock!
[08:59:19] Player (NicFit, 76561198086129271)(<4793.210938, 265.782837, 6685.738770>) quick accessed a lock!
[09:00:26] Player (NicFit, 76561198086129271)(<4781.581543, 263.466522, 6648.197754>) quick accessed a lock!
[09:01:43] Player (NicFit, 76561198086129271)(<4781.581543, 263.466522, 6648.197754>) quick accessed a lock!
[09:01:50] Player (NicFit, 76561198086129271)(<4786.072266, 265.399689, 6660.313965>) quick accessed a lock!
[09:04:27] Player (NicFit, 76561198086129271)(<4786.072266, 265.399689, 6660.313965>) quick accessed a lock!
[09:04:33] Player (NicFit, 76561198086129271)(<4781.581543, 263.466522, 6648.197754>) quick accessed a lock!
[09:05:04] Player (NicFit, 76561198086129271)(<4781.581543, 263.466522, 6648.197754>) quick accessed a lock!
[09:05:13] Player (NicFit, 76561198086129271)(<4786.072266, 265.399689, 6660.313965>) quick accessed a lock!
[09:05:22] Player (NicFit, 76561198086129271)(<4786.615723, 271.348419, 6673.487793>) quick accessed a lock!
[09:07:28] Player (NicFit, 76561198086129271)(<4786.615723, 271.348419, 6673.487793>) quick accessed a lock!
[09:07:38] Player (NicFit, 76561198086129271)(<4786.072266, 265.399689, 6660.313965>) quick accessed a lock!
[09:07:45] Player (NicFit, 76561198086129271)(<4781.581543, 263.466522, 6648.197754>) quick accessed a lock!
[09:08:02] Player (NicFit, 76561198086129271)(<4781.581543, 263.466522, 6648.197754>) quick accessed a lock!
[09:08:16] Player (NicFit, 76561198086129271)(<4781.581543, 263.466522, 6648.197754>) quick accessed a lock!
[09:08:23] Player (NicFit, 76561198086129271)(<4786.072266, 265.399689, 6660.313965>) quick accessed a lock!
[09:09:31] Player (NicFit, 76561198086129271)(<4786.615723, 271.348419, 6673.487793>) quick accessed a lock!
[09:09:44] Player (Chris.P.Duck, 76561199048973301)(<6607.929199, 338.330078, 9332.679688>) quick accessed a lock!
[09:10:05] Player (NicFit, 76561198086129271)(<4786.615723, 271.348419, 6673.487793>) quick accessed a lock!
[09:10:39] Player (NicFit, 76561198086129271)(<4789.503418, 268.407837, 6662.846680>) quick accessed a lock!
[09:11:28] Player (NicFit, 76561198086129271)(<4791.567383, 265.400116, 6674.489258>) quick accessed a lock!
[09:11:39] Player (NicFit, 76561198086129271)(<4786.072266, 265.399689, 6660.313965>) quick accessed a lock!
[09:11:46] Player (NicFit, 76561198086129271)(<4781.581543, 263.466522, 6648.197754>) quick accessed a lock!
[09:12:43] Player (NicFit, 76561198086129271)(<4781.581543, 263.466522, 6648.197754>) quick accessed a lock!
[09:12:51] Player (NicFit, 76561198086129271)(<4786.072266, 265.399689, 6660.313965>) quick accessed a lock!
[09:12:57] Player (NicFit, 76561198086129271)(<4791.567383, 265.400116, 6674.489258>) quick accessed a lock!
[09:13:56] Player (NicFit, 76561198086129271)(<4786.072266, 265.399689, 6660.313965>) quick accessed a lock!
[09:14:02] Player (NicFit, 76561198086129271)(<4781.581543, 263.466522, 6648.197754>) quick accessed a lock!
[09:14:16] Player (NicFit, 76561198086129271)(<4781.581543, 263.466522, 6648.197754>) quick accessed a lock!
[09:14:27] Player (NicFit, 76561198086129271)(<4793.210938, 265.782837, 6685.738770>) quick accessed a lock!
[09:16:05] Player (NicFit, 76561198086129271)(<4793.210938, 265.782837, 6685.738770>) quick accessed a lock!
[09:17:32] Player (NicFit, 76561198086129271)(<4793.210938, 265.782837, 6685.738770>) quick accessed a lock!
[09:17:42] Player (NicFit, 76561198086129271)(<4791.567383, 265.400116, 6674.489258>) quick accessed a lock!
[09:19:22] Player (NicFit, 76561198086129271)(<4791.567383, 265.400116, 6674.489258>) quick accessed a lock!
[09:19:27] Player (NicFit, 76561198086129271)(<4793.210938, 265.782837, 6685.738770>) quick accessed a lock!
[09:20:26] Player ([THTC] InfernoFeathers, 76561198191816598)(<1851.061035, 258.889038, 11985.728516>) quick accessed a lock!
[09:20:28] Player ([THTC] InfernoFeathers, 76561198191816598)(<1851.061035, 258.889038, 11985.728516>) quick accessed a lock!
[09:20:53] Player ([THTC] InfernoFeathers, 76561198191816598)(<1875.128662, 258.063904, 12005.973633>) quick accessed a lock!
[09:21:51] Player (NicFit, 76561198086129271)(<4781.581543, 263.466522, 6648.197754>) quick accessed a lock!
[09:23:36] Player (NicFit, 76561198086129271)(<4781.581543, 263.466522, 6648.197754>) quick accessed a lock!
[09:24:39] Player (NicFit, 76561198086129271)(<4781.581543, 263.466522, 6648.197754>) quick accessed a lock!
[09:25:10] Player (NicFit, 76561198086129271)(<4781.581543, 263.466522, 6648.197754>) quick accessed a lock!
[09:25:19] Player (NicFit, 76561198086129271)(<4793.210938, 265.782837, 6685.738770>) quick accessed a lock!
[09:25:43] Player (NicFit, 76561198086129271)(<4791.567383, 265.400116, 6674.489258>) quick accessed a lock!
[09:25:53] Player (NicFit, 76561198086129271)(<4789.503418, 268.407837, 6662.846680>) quick accessed a lock!
[09:25:59] Player (NicFit, 76561198086129271)(<4789.503418, 268.407837, 6662.846680>) quick accessed a lock!
[09:26:17] Player (NicFit, 76561198086129271)(<4786.072266, 265.399689, 6660.313965>) quick accessed a lock!
[09:26:23] Player (NicFit, 76561198086129271)(<4781.581543, 263.466522, 6648.197754>) quick accessed a lock!
[09:38:00] Player (NicFit, 76561198086129271)(<4781.581543, 263.466522, 6648.197754>) quick accessed a lock!
[09:38:16] Player (NicFit, 76561198086129271)(<4793.210938, 265.782837, 6685.738770>) quick accessed a lock!
[09:39:09] Player (NicFit, 76561198086129271)(<4781.581543, 263.466522, 6648.197754>) quick accessed a lock!
[09:40:28] Player (NicFit, 76561198086129271)(<4781.581543, 263.466522, 6648.197754>) quick accessed a lock!
[09:40:51] Player (NicFit, 76561198086129271)(<4794.475098, 260.834656, 6641.531250>) quick accessed a lock!
[09:41:00] Player (NicFit, 76561198086129271)(<4794.475098, 260.834656, 6641.531250>) removed a lock!
[09:41:36] Player (NicFit, 76561198086129271)(<4785.317383, 261.088928, 6638.194336>) removed a lock!
[09:45:18] Player (NicFit, 76561198086129271)(<4781.581543, 263.466522, 6648.197754>) removed a lock!
[09:50:48] Player (NicFit, 76561198086129271)(<4790.346680, 262.984161, 6647.346191>) removed a lock!
[04-14-2021][10.00.57] Log file reloaded ( Server Restart )
[10:04:08] Player (NicFit, 76561198086129271)(<4786.072266, 265.399689, 6660.313965>) quick accessed a lock!
[10:04:27] Player (NicFit, 76561198086129271)(<4786.072266, 265.399689, 6660.313965>) quick accessed a lock!
[10:07:35] Player (NicFit, 76561198086129271)(<4786.072266, 265.399689, 6660.313965>) quick accessed a lock!
[10:08:22] Player (NicFit, 76561198086129271)(<4786.072266, 265.399689, 6660.313965>) quick accessed a lock!
[10:09:13] Player (NicFit, 76561198086129271)(<4786.072266, 265.399689, 6660.313965>) quick accessed a lock!
[04-14-2021][10.10.19] Log file reloaded ( Server Restart )
[10:11:20] Player (NicFit, 76561198086129271)(<4786.072266, 265.399689, 6660.313965>) quick accessed a lock!
[10:11:54] Player (NicFit, 76561198086129271)(<4790.545410, 268.408051, 6668.755371>) set a new passcode on lock!
[10:11:54] Player (NicFit, 76561198086129271)(<4790.545410, 268.408051, 6668.755371>) claimed ownership of a lock!
[10:11:59] Player (NicFit, 76561198086129271)(<4790.545410, 268.408051, 6668.755371>) quick accessed a lock!
[10:12:09] Player (NicFit, 76561198086129271)(<4791.567383, 265.400116, 6674.489258>) quick accessed a lock!
[10:12:28] Player (NicFit, 76561198086129271)(<4789.503418, 268.407837, 6662.846680>) quick accessed a lock!
[10:34:24] Player ([THTC] InfernoFeathers, 76561198191816598)(<1851.061035, 258.889038, 11985.728516>) removed a lock!
[10:34:25] Player (Dr. Dingleberry, 76561198223714820)(<4570.709473, 335.347839, 14415.300781>) quick accessed a lock!
[10:34:34] Player (Dr. Dingleberry, 76561198223714820)(<4585.147949, 333.801636, 14415.176758>) quick accessed a lock!
[10:34:35] Player ([THTC] InfernoFeathers, 76561198191816598)(<1849.146729, 258.948303, 12017.153320>) set a new passcode on lock!
[10:34:35] Player ([THTC] InfernoFeathers, 76561198191816598)(<1849.146729, 258.948303, 12017.153320>) claimed ownership of a lock!
[10:36:00] Player (Dr. Dingleberry, 76561198223714820)(<4567.809570, 335.198700, 14424.204102>) set a new passcode on lock!
[10:36:00] Player (Dr. Dingleberry, 76561198223714820)(<4567.809570, 335.198700, 14424.204102>) claimed ownership of a lock!
[10:36:48] Player (NicFit, 76561198086129271)(<4789.503418, 268.407837, 6662.846680>) quick accessed a lock!
[10:36:53] Player (NicFit, 76561198086129271)(<4790.545410, 268.408051, 6668.755371>) quick accessed a lock!
[10:37:04] Player (NicFit, 76561198086129271)(<4786.072266, 265.399689, 6660.313965>) quick accessed a lock!
[10:37:35] Player (NicFit, 76561198086129271)(<4786.072266, 265.399689, 6660.313965>) quick accessed a lock!
[10:39:11] Player (NicFit, 76561198086129271)(<4793.210938, 265.782837, 6685.738770>) quick accessed a lock!
[10:40:00] Player ([THTC] InfernoFeathers, 76561198191816598)(<1875.128662, 258.063904, 12005.973633>) quick accessed a lock!
[10:40:58] Player (NicFit, 76561198086129271)(<4793.210938, 265.782837, 6685.738770>) quick accessed a lock!
[10:41:25] Player (NicFit, 76561198086129271)(<4793.210938, 265.782837, 6685.738770>) quick accessed a lock!
[10:43:20] Player (NicFit, 76561198086129271)(<4791.567383, 265.400116, 6674.489258>) quick accessed a lock!
[10:43:27] Player (Dr. Dingleberry, 76561198223714820)(<4567.809570, 335.198700, 14424.204102>) quick accessed a lock!
[10:43:28] Player (NicFit, 76561198086129271)(<4790.545410, 268.408051, 6668.755371>) quick accessed a lock!
[10:43:31] Player (NicFit, 76561198086129271)(<4789.503418, 268.407837, 6662.846680>) quick accessed a lock!
[10:44:37] Player ([THTC] InfernoFeathers, 76561198191816598)(<1875.128662, 258.063904, 12005.973633>) quick accessed a lock!
[10:44:45] Player ([THTC] InfernoFeathers, 76561198191816598)(<1875.128662, 258.063904, 12005.973633>) quick accessed a lock!
[10:44:58] Player ([THTC] InfernoFeathers, 76561198191816598)(<1849.146729, 258.948303, 12017.153320>) quick accessed a lock!
[10:46:24] Player (Dr. Dingleberry, 76561198223714820)(<4570.709473, 335.347839, 14415.300781>) quick accessed a lock!
[10:47:32] Player (IRonic, 76561199116927487)(<3438.451416, 294.238281, 8505.000000>) quick accessed a lock!
[10:48:19] Player (NicFit, 76561198086129271)(<4786.072266, 265.399689, 6660.313965>) quick accessed a lock!
[11:00:14] Player (IRonic, 76561199116927487)(<3452.043701, 292.616028, 8502.231445>) accessed a lock!
[11:00:14] Player (IRonic, 76561199116927487)(<3452.043701, 292.616028, 8502.231445>) was added as a guest of a lock!
[11:10:39] Player ([THTC] InfernoFeathers, 76561198191816598)(<1849.146729, 258.948303, 12017.153320>) quick accessed a lock!
[11:15:54] Player ([THTC] InfernoFeathers, 76561198191816598)(<1875.128662, 258.063904, 12005.973633>) quick accessed a lock!
[11:17:15] Player (NicFit, 76561198086129271)(<6931.692383, 66.978699, 3704.374268>) quick accessed a lock!
[11:18:26] Player (NicFit, 76561198086129271)(<6940.228027, 60.961956, 3705.061768>) quick accessed a lock!
[11:18:33] Player (NicFit, 76561198086129271)(<6931.586914, 56.861805, 3686.584473>) quick accessed a lock!
[11:20:02] Player (NicFit, 76561198086129271)(<6931.586914, 56.861805, 3686.584473>) quick accessed a lock!
[11:20:47] Player (NicFit, 76561198086129271)(<6931.692383, 66.978699, 3704.374268>) quick accessed a lock!
[11:21:18] Player ([THTC] InfernoFeathers, 76561198191816598)(<1851.061035, 258.889038, 11985.728516>) set a new passcode on lock!
[11:21:18] Player ([THTC] InfernoFeathers, 76561198191816598)(<1851.061035, 258.889038, 11985.728516>) claimed ownership of a lock!
[11:25:48] Player (Dr. Dingleberry, 76561198223714820)(<4567.809570, 335.198700, 14424.204102>) quick accessed a lock!
[11:26:12] Player ([THTC] InfernoFeathers, 76561198191816598)(<1875.128662, 258.063904, 12005.973633>) quick accessed a lock!
[11:30:24] Player (NicFit, 76561198086129271)(<4786.615723, 271.348419, 6673.487793>) quick accessed a lock!
[11:30:29] Player (NicFit, 76561198086129271)(<4790.545410, 268.408051, 6668.755371>) quick accessed a lock!
[11:36:17] Player (Dr. Dingleberry, 76561198223714820)(<4570.709473, 335.347839, 14415.300781>) quick accessed a lock!
[11:43:33] Player (NicFit, 76561198086129271)(<4791.567383, 265.400116, 6674.489258>) quick accessed a lock!
[11:49:14] Player (NicFit, 76561198086129271)(<4786.615723, 271.348419, 6673.487793>) quick accessed a lock!
[11:50:51] Player (NicFit, 76561198086129271)(<4786.615723, 271.348419, 6673.487793>) quick accessed a lock!
[11:51:35] Player (NicFit, 76561198086129271)(<4789.503418, 268.407837, 6662.846680>) quick accessed a lock!
[11:51:57] Player (NicFit, 76561198086129271)(<4786.072266, 265.399689, 6660.313965>) quick accessed a lock!
[11:52:07] Player (NicFit, 76561198086129271)(<4786.072266, 265.399689, 6660.313965>) quick accessed a lock!
[11:55:17] Player (NicFit, 76561198086129271)(<4790.545410, 268.408051, 6668.755371>) quick accessed a lock!
[12:02:22] Player (NicFit, 76561198086129271)(<6931.692383, 66.978699, 3704.374268>) quick accessed a lock!
[12:02:33] Player (NicFit, 76561198086129271)(<6940.228027, 60.961956, 3705.061768>) quick accessed a lock!
[12:02:43] Player (NicFit, 76561198086129271)(<6934.527344, 56.750614, 3674.505615>) quick accessed a lock!
[12:07:42] Player (NicFit, 76561198086129271)(<6934.527344, 56.750614, 3674.505615>) quick accessed a lock!
[12:07:54] Player (NicFit, 76561198086129271)(<6940.228027, 60.961956, 3705.061768>) quick accessed a lock!
[12:08:14] Player (NicFit, 76561198086129271)(<6931.692383, 66.978699, 3704.374268>) quick accessed a lock!
[12:09:29] Player (NicFit, 76561198086129271)(<6935.876953, 64.038116, 3704.676270>) quick accessed a lock!
[12:09:53] Player (NicFit, 76561198086129271)(<6940.228027, 60.961956, 3705.061768>) quick accessed a lock!
[12:10:40] Player (NicFit, 76561198086129271)(<6934.305176, 64.038124, 3700.891846>) quick accessed a lock!
[12:23:41] Player (Chris.P.Duck, 76561199048973301)(<6607.929199, 338.330078, 9332.679688>) quick accessed a lock!
[12:24:09] Player (Chris.P.Duck, 76561199048973301)(<6607.929199, 338.330078, 9332.679688>) quick accessed a lock!
[12:34:56] Player (Chris.P.Duck, 76561199048973301)(<6607.929199, 338.330078, 9332.679688>) quick accessed a lock!
[12:43:16] Player (Sarah, 76561198100717229)(<7814.193848, 315.561035, 6895.966797>) quick accessed a lock!
[12:44:00] Player (Sarah, 76561198100717229)(<7803.769043, 313.596680, 6895.022949>) quick accessed a lock!
[12:44:21] Player (Sarah, 76561198100717229)(<7810.989258, 314.200653, 6881.988281>) quick accessed a lock!
[12:56:16] Player ([THTC] InfernoFeathers, 76561198191816598)(<1875.128662, 258.063904, 12005.973633>) quick accessed a lock!
[12:58:56] Player ([THTC] InfernoFeathers, 76561198191816598)(<1849.146729, 258.948303, 12017.153320>) quick accessed a lock!
[13:02:38] Player (Dr. Dingleberry, 76561198223714820)(<4570.709473, 335.347839, 14415.300781>) quick accessed a lock!
[13:06:26] Player (IRonic, 76561199116927487)(<3438.451416, 294.238281, 8505.000000>) quick accessed a lock!
[13:08:47] Player (Sarah, 76561198100717229)(<7810.989258, 314.200653, 6881.988281>) quick accessed a lock!
[13:08:57] Player (Sarah, 76561198100717229)(<7803.769043, 313.596680, 6895.022949>) quick accessed a lock!
[13:09:03] Player (Sarah, 76561198100717229)(<7798.347656, 313.578888, 6902.445313>) quick accessed a lock!
[13:21:17] Player (IRonic, 76561199116927487)(<3438.451416, 294.238281, 8505.000000>) quick accessed a lock!
[13:22:00] Player (frenchy, 76561198969225016)(<6574.390137, 338.477417, 9297.323242>) quick accessed a lock!
[13:24:51] Player (frenchy, 76561198969225016)(<6574.390137, 338.477417, 9297.323242>) quick accessed a lock!
[13:24:56] Player (frenchy, 76561198969225016)(<6574.390137, 338.477417, 9297.323242>) quick accessed a lock!
[13:25:06] Player (Dr. Dingleberry, 76561198223714820)(<4570.709473, 335.347839, 14415.300781>) quick accessed a lock!
[13:30:08] Player (frenchy, 76561198969225016)(<6566.460449, 335.537048, 9297.761719>) quick accessed a lock!
[13:30:17] Player (frenchy, 76561198969225016)(<6574.390137, 338.477417, 9297.323242>) quick accessed a lock!
[13:32:10] Player (frenchy, 76561198969225016)(<6574.390137, 338.477417, 9297.323242>) quick accessed a lock!
[13:32:17] Player (frenchy, 76561198969225016)(<6574.390137, 338.477417, 9297.323242>) quick accessed a lock!
[13:35:33] Player (frenchy, 76561198969225016)(<6574.390137, 338.477417, 9297.323242>) quick accessed a lock!
[13:39:51] Player (Dr. Dingleberry, 76561198223714820)(<4567.805176, 338.356232, 14418.196289>) set a new passcode on lock!
[13:39:51] Player (Dr. Dingleberry, 76561198223714820)(<4567.805176, 338.356232, 14418.196289>) claimed ownership of a lock!
[13:39:52] Player (Dr. Dingleberry, 76561198223714820)(<4567.805176, 338.356232, 14418.196289>) quick accessed a lock!
[13:41:43] Player (Dr. Dingleberry, 76561198223714820)(<4567.805176, 338.356232, 14418.196289>) quick accessed a lock!
[13:47:19] Player (Sarah, 76561198100717229)(<7798.347656, 313.578888, 6902.445313>) quick accessed a lock!
[13:47:20] Player (Sarah, 76561198100717229)(<7798.347656, 313.578888, 6902.445313>) quick accessed a lock!
[13:47:29] Player (Sarah, 76561198100717229)(<7803.769043, 313.596680, 6895.022949>) quick accessed a lock!
[13:47:34] Player (Sarah, 76561198100717229)(<7810.989258, 314.200653, 6881.988281>) quick accessed a lock!
[04-14-2021][14.00.58] Log file reloaded ( Server Restart )
[14:10:15] Player (Dr. Dingleberry, 76561198223714820)(<4567.809570, 335.198700, 14424.204102>) quick accessed a lock!
[14:10:34] Player (Dr. Dingleberry, 76561198223714820)(<4570.709473, 335.347839, 14415.300781>) quick accessed a lock!
[14:12:50] Player (Dr. Dingleberry, 76561198223714820)(<4567.805176, 338.356232, 14418.196289>) quick accessed a lock!
[14:15:13] Player (Dr. Dingleberry, 76561198223714820)(<4570.709473, 335.347839, 14415.300781>) quick accessed a lock!
[14:20:09] Player (Dr. Dingleberry, 76561198223714820)(<4567.809570, 335.198700, 14424.204102>) quick accessed a lock!
[14:22:37] Player (frenchy, 76561198969225016)(<6566.460449, 335.537048, 9297.761719>) quick accessed a lock!
[14:28:23] Player (Jev, 76561198068395829)(<5063.693359, 288.822144, 6267.720215>) quick accessed a lock!
[14:29:27] Player (frenchy, 76561198969225016)(<6566.460449, 335.537048, 9297.761719>) quick accessed a lock!
[14:38:06] Player (Jev, 76561198068395829)(<5063.693359, 288.822144, 6267.720215>) quick accessed a lock!
[14:52:41] Player (IRonic, 76561199116927487)(<3438.451416, 294.238281, 8505.000000>) quick accessed a lock!
[14:52:47] Player (IRonic, 76561199116927487)(<3452.043701, 292.616028, 8502.231445>) quick accessed a lock!
[15:15:15] Player ([THTC] InfernoFeathers, 76561198191816598)(<1849.146729, 258.948303, 12017.153320>) quick accessed a lock!
[15:15:20] Player ([THTC] InfernoFeathers, 76561198191816598)(<1849.146729, 258.948303, 12017.153320>) quick accessed a lock!
[15:53:52] Player (mgokay, 76561198042235031)(<1898.992920, 293.118866, 9006.794922>) quick accessed a lock!
[15:54:08] Player (mgokay, 76561198042235031)(<1898.992920, 293.118866, 9006.794922>) quick accessed a lock!
[16:28:13] Player (quadlock, 76561198162344833)(<3260.278809, 213.167038, 13056.075195>) quick accessed a lock!
[16:34:37] Player (frenchy, 76561198969225016)(<6574.390137, 338.477417, 9297.323242>) quick accessed a lock!
[16:39:22] Player (frenchy, 76561198969225016)(<6574.390137, 338.477417, 9297.323242>) quick accessed a lock!
[16:48:34] Player (IRonic, 76561199116927487)(<3452.043701, 292.616028, 8502.231445>) quick accessed a lock!
[16:49:44] Player (IRonic, 76561199116927487)(<3438.451416, 294.238281, 8505.000000>) quick accessed a lock!
[17:05:28] Player (Dr. Dingleberry, 76561198223714820)(<4567.805176, 338.356232, 14418.196289>) quick accessed a lock!
[17:06:03] Player (Dr. Dingleberry, 76561198223714820)(<4570.709473, 335.347839, 14415.300781>) quick accessed a lock!
[17:06:08] Player (Dr. Dingleberry, 76561198223714820)(<4585.147949, 333.801636, 14415.176758>) quick accessed a lock!
[17:08:27] Player (Dr. Dingleberry, 76561198223714820)(<4570.709473, 335.347839, 14415.300781>) quick accessed a lock!
[17:09:14] Player (Dr. Dingleberry, 76561198223714820)(<4585.147949, 333.801636, 14415.176758>) quick accessed a lock!
[17:10:39] Player (Dr. Dingleberry, 76561198223714820)(<4585.147949, 333.801636, 14415.176758>) quick accessed a lock!
[17:14:59] Player (frenchy, 76561198969225016)(<6566.460449, 335.537048, 9297.761719>) quick accessed a lock!
[17:15:59] Player (frenchy, 76561198969225016)(<6574.390137, 338.477417, 9297.323242>) quick accessed a lock!
[17:16:44] Player (Dr. Dingleberry, 76561198223714820)(<4570.709473, 335.347839, 14415.300781>) quick accessed a lock!
[17:20:38] Player (Dr. Dingleberry, 76561198223714820)(<4567.809570, 335.198700, 14424.204102>) quick accessed a lock!
[17:23:47] Player (frenchy, 76561198969225016)(<6574.390137, 338.477417, 9297.323242>) quick accessed a lock!
[17:26:00] Player (Dr. Dingleberry, 76561198223714820)(<4567.805176, 338.356232, 14418.196289>) quick accessed a lock!
[17:26:04] Player (Dr. Dingleberry, 76561198223714820)(<4570.709473, 335.347839, 14415.300781>) quick accessed a lock!
[17:26:39] Player (Dr. Dingleberry, 76561198223714820)(<4567.805176, 338.356232, 14418.196289>) quick accessed a lock!
[17:28:01] Player (frenchy, 76561198969225016)(<6574.390137, 338.477417, 9297.323242>) quick accessed a lock!
[17:28:57] Player (grizzly bear, 76561198839448946)(<6566.460449, 335.537048, 9297.761719>) quick accessed a lock!
[17:29:16] Player (grizzly bear, 76561198839448946)(<6574.390137, 338.477417, 9297.323242>) quick accessed a lock!
[17:30:04] Player (GeePee, 76561198143562963)(<14016.833984, 3.288195, 13449.520508>) quick accessed a lock!
[17:30:16] Player (GeePee, 76561198143562963)(<14003.272461, 7.405295, 13444.389648>) quick accessed a lock!
[17:32:15] Player (frenchy, 76561198969225016)(<6574.390137, 338.477417, 9297.323242>) quick accessed a lock!
[17:33:31] Player (grizzly bear, 76561198839448946)(<6574.390137, 338.477417, 9297.323242>) quick accessed a lock!
[17:33:44] Player (grizzly bear, 76561198839448946)(<6566.460449, 335.537048, 9297.761719>) quick accessed a lock!
[17:35:00] Player (GeePee, 76561198143562963)(<14016.833984, 3.288195, 13449.520508>) quick accessed a lock!
[17:49:59] Player (grizzly bear, 76561198839448946)(<6574.390137, 338.477417, 9297.323242>) quick accessed a lock!
[17:50:10] Player (grizzly bear, 76561198839448946)(<6569.747559, 337.448761, 9291.367188>) quick accessed a lock!
[17:53:12] Player (frenchy, 76561198969225016)(<6574.390137, 338.477417, 9297.323242>) quick accessed a lock!
[04-14-2021][18.00.49] Log file reloaded ( Server Restart )
[18:05:04] Player (frenchy, 76561198969225016)(<6574.390137, 338.477417, 9297.323242>) quick accessed a lock!
[18:14:46] Player (grizzly bear, 76561198839448946)(<6574.390137, 338.477417, 9297.323242>) quick accessed a lock!
[18:15:33] Player (frenchy, 76561198969225016)(<6574.390137, 338.477417, 9297.323242>) quick accessed a lock!
[18:19:16] Player (Dr. Dingleberry, 76561198223714820)(<4561.810547, 338.356628, 14412.411133>) quick accessed a lock!
[18:19:39] Player (Dr. Dingleberry, 76561198223714820)(<4567.805176, 338.356232, 14418.196289>) quick accessed a lock!
[18:20:06] Player (grizzly bear, 76561198839448946)(<6569.747559, 337.448761, 9291.367188>) quick accessed a lock!
[18:24:46] Player (frenchy, 76561198969225016)(<6574.390137, 338.477417, 9297.323242>) quick accessed a lock!
[18:30:01] Player (grizzly bear, 76561198839448946)(<6582.509766, 335.536407, 9287.973633>) quick accessed a lock!
[18:32:11] Player (grizzly bear, 76561198839448946)(<6566.460449, 335.537048, 9297.761719>) quick accessed a lock!
[18:32:22] Player (grizzly bear, 76561198839448946)(<6566.460449, 335.537048, 9297.761719>) quick accessed a lock!
[18:32:32] Player (grizzly bear, 76561198839448946)(<6574.390137, 338.477417, 9297.323242>) quick accessed a lock!
[18:42:06] Player (frenchy, 76561198969225016)(<6574.390137, 338.477417, 9297.323242>) quick accessed a lock!
[18:45:51] Player (grizzly bear, 76561198839448946)(<6574.390137, 338.477417, 9297.323242>) quick accessed a lock!
[18:45:59] Player (grizzly bear, 76561198839448946)(<6569.747559, 337.448761, 9291.367188>) quick accessed a lock!
[18:46:13] Player (BlackStar, 76561198990415902)(<5268.548340, 306.574585, 5517.510742>) quick accessed a lock!
[18:50:47] Player (BlackStar, 76561198990415902)(<5268.548340, 306.574585, 5517.510742>) quick accessed a lock!
[18:51:09] Player (BlackStar, 76561198990415902)(<5268.548340, 306.574585, 5517.510742>) quick accessed a lock!
[18:53:44] Player (IRonic, 76561199116927487)(<3438.451416, 294.238281, 8505.000000>) quick accessed a lock!
[18:53:53] Player (IRonic, 76561199116927487)(<3445.654785, 294.214478, 8519.410156>) quick accessed a lock!
[18:59:01] Player (IRonic, 76561199116927487)(<3445.654785, 294.214478, 8519.410156>) quick accessed a lock!
[19:04:19] Player (Dr. Dingleberry, 76561198223714820)(<4585.147949, 333.801636, 14415.176758>) quick accessed a lock!
[19:05:23] Player (Dr. Dingleberry, 76561198223714820)(<4567.809570, 335.198700, 14424.204102>) quick accessed a lock!
[19:07:21] Player (Dr. Dingleberry, 76561198223714820)(<4570.709473, 335.347839, 14415.300781>) quick accessed a lock!
[19:10:23] Player (Dr. Dingleberry, 76561198223714820)(<4570.709473, 335.347839, 14415.300781>) quick accessed a lock!
[19:12:31] Player (Dr. Dingleberry, 76561198223714820)(<4570.709473, 335.347839, 14415.300781>) quick accessed a lock!
[19:15:41] Player (Dr. Dingleberry, 76561198223714820)(<4570.709473, 335.347839, 14415.300781>) quick accessed a lock!
[19:25:38] Player (frenchy, 76561198969225016)(<6566.460449, 335.537048, 9297.761719>) quick accessed a lock!
[19:38:48] Player (Bernd, 76561197965508404)(<4867.914063, 317.450623, 5750.993652>) quick accessed a lock!
[19:40:25] Player ([TST] Tulcus, 76561198421975055)(<1898.992920, 293.118866, 9006.794922>) quick accessed a lock!
[19:46:20] Player (Dr. Dingleberry, 76561198223714820)(<4570.709473, 335.347839, 14415.300781>) quick accessed a lock!
[19:52:38] Player (grizzly bear, 76561198839448946)(<6566.460449, 335.537048, 9297.761719>) quick accessed a lock!
[19:52:56] Player (grizzly bear, 76561198839448946)(<6569.747559, 337.448761, 9291.367188>) quick accessed a lock!
[19:53:32] Player (grizzly bear, 76561198839448946)(<6566.460449, 335.537048, 9297.761719>) quick accessed a lock!
[19:54:28] Player ([TST] Tulcus, 76561198421975055)(<1898.992920, 293.118866, 9006.794922>) quick accessed a lock!
[19:55:06] Player ([TST] Tulcus, 76561198421975055)(<1898.992920, 293.118866, 9006.794922>) quick accessed a lock!
[19:57:40] Player (quadlock, 76561198162344833)(<3260.278809, 213.167038, 13056.075195>) quick accessed a lock!
[20:02:42] Player (quadlock, 76561198162344833)(<3260.278809, 213.167038, 13056.075195>) quick accessed a lock!
[20:02:48] Player (quadlock, 76561198162344833)(<3254.467773, 215.025970, 13062.179688>) quick accessed a lock!
[20:05:27] Player (grizzly bear, 76561198839448946)(<6566.460449, 335.537048, 9297.761719>) quick accessed a lock!
[20:06:15] Player (grizzly bear, 76561198839448946)(<6566.460449, 335.537048, 9297.761719>) quick accessed a lock!
[20:06:30] Player (quadlock, 76561198162344833)(<3254.467773, 215.025970, 13062.179688>) quick accessed a lock!
[20:16:51] Player (grizzly bear, 76561198839448946)(<6566.460449, 335.537048, 9297.761719>) quick accessed a lock!
[20:17:01] Player (grizzly bear, 76561198839448946)(<6574.390137, 338.477417, 9297.323242>) quick accessed a lock!
[20:19:06] Player (quadlock, 76561198162344833)(<3254.467773, 215.025970, 13062.179688>) quick accessed a lock!
[20:19:21] Player (quadlock, 76561198162344833)(<3254.467773, 215.025970, 13062.179688>) quick accessed a lock!
[20:19:43] Player (quadlock, 76561198162344833)(<3254.467773, 215.025970, 13062.179688>) quick accessed a lock!
[20:19:46] Player (quadlock, 76561198162344833)(<3254.467773, 215.025970, 13062.179688>) quick accessed a lock!
[20:20:01] Player (quadlock, 76561198162344833)(<3260.278809, 213.167038, 13056.075195>) quick accessed a lock!
[21:00:16] Player (IRonic, 76561199116927487)(<3438.451416, 294.238281, 8505.000000>) quick accessed a lock!
[21:00:43] Player (IRonic, 76561199116927487)(<3438.451416, 294.238281, 8505.000000>) quick accessed a lock!
[21:31:45] Player (Jev, 76561198068395829)(<5063.693359, 288.822144, 6267.720215>) quick accessed a lock!
[21:33:02] Player (Jev, 76561198068395829)(<5063.693359, 288.822144, 6267.720215>) quick accessed a lock!
[21:35:01] Player (Jev, 76561198068395829)(<5062.670410, 290.810150, 6252.083008>) quick accessed a lock!
[21:47:39] Player (rastanator, 76561198035432577)(<8257.913086, 353.420319, 7030.072754>) quick accessed a lock!
[21:47:58] Player (rastanator, 76561198035432577)(<8252.997070, 356.360931, 7023.737305>) quick accessed a lock!
[21:53:44] Player (frenchy, 76561198969225016)(<6566.460449, 335.537048, 9297.761719>) quick accessed a lock!
[21:53:50] Player (frenchy, 76561198969225016)(<6574.390137, 338.477417, 9297.323242>) quick accessed a lock!
[21:55:20] Player (rastanator, 76561198035432577)(<8252.997070, 356.360931, 7023.737305>) quick accessed a lock!
[21:55:37] Player (rastanator, 76561198035432577)(<8256.940430, 353.342041, 7021.807617>) quick accessed a lock!
[21:55:42] Player (rastanator, 76561198035432577)(<8255.325195, 354.292114, 7013.197266>) quick accessed a lock!
[04-14-2021][22.01.30] Log file reloaded ( Server Restart )
[22:06:06] Player (SamotnyWilQ, 76561198029498048)(<3211.467773, 312.819366, 7782.817383>) quick accessed a lock!
[22:08:02] Player (Korwiin, 76561198013080573)(<7652.204102, 138.656174, 12870.273438>) quick accessed a lock!
[22:11:57] Player (SamotnyWilQ, 76561198029498048)(<3211.467773, 312.819366, 7782.817383>) quick accessed a lock!
[22:16:13] Player (SamotnyWilQ, 76561198029498048)(<3211.467773, 312.819366, 7782.817383>) quick accessed a lock!
[22:24:10] Player (Korwiin, 76561198013080573)(<7652.204102, 138.656174, 12870.273438>) quick accessed a lock!
[22:38:19] Player (Korwiin, 76561198013080573)(<7652.204102, 138.656174, 12870.273438>) quick accessed a lock!
[22:53:03] Player (BlackStar, 76561198990415902)(<5268.548340, 306.574585, 5517.510742>) quick accessed a lock!
[22:55:07] Player (BlackStar, 76561198990415902)(<5268.548340, 306.574585, 5517.510742>) quick accessed a lock!
[22:56:44] Player (BlackStar, 76561198990415902)(<5255.014648, 306.032227, 5502.494629>) quick accessed a lock!
[22:57:42] Player (BlackStar, 76561198990415902)(<5268.548340, 306.574585, 5517.510742>) quick accessed a lock!
[23:03:50] Player (Korwiin, 76561198013080573)(<7652.204102, 138.656174, 12870.273438>) quick accessed a lock!
[23:06:25] Player (Korwiin, 76561198013080573)(<7652.204102, 138.656174, 12870.273438>) quick accessed a lock!
[23:08:45] Player (Korwiin, 76561198013080573)(<7652.288574, 141.446121, 12870.299805>) quick accessed a lock!
[23:09:37] Player (Korwiin, 76561198013080573)(<7652.204102, 138.656174, 12870.273438>) quick accessed a lock!
[23:16:13] Player (Jordan, 76561198999593356)(<12408.297852, 113.241402, 13355.431641>) quick accessed a lock!
[23:21:26] Player (Chris.P.Duck, 76561199048973301)(<6607.929199, 338.330078, 9332.679688>) quick accessed a lock!
[23:24:23] Player (GeePee, 76561198143562963)(<14016.833984, 3.288195, 13449.520508>) quick accessed a lock!
[23:25:21] Player (GeePee, 76561198143562963)(<14016.833984, 3.288195, 13449.520508>) quick accessed a lock!
[23:25:38] Player (Chris.P.Duck, 76561199048973301)(<6607.929199, 338.330078, 9332.679688>) removed a lock!
[23:26:09] Player (GeePee, 76561198143562963)(<14003.272461, 7.405295, 13444.389648>) quick accessed a lock!
[23:26:54] Player (GeePee, 76561198143562963)(<14016.833984, 3.288195, 13449.520508>) quick accessed a lock!
[23:27:10] Player (Chris.P.Duck, 76561199048973301)(<6599.935059, 339.278015, 9330.077148>) set a new passcode on lock!
[23:27:10] Player (Chris.P.Duck, 76561199048973301)(<6599.935059, 339.278015, 9330.077148>) claimed ownership of a lock!
[23:27:12] Player (Chris.P.Duck, 76561199048973301)(<6599.935059, 339.278015, 9330.077148>) quick accessed a lock!
[23:32:38] Player (GeePee, 76561198143562963)(<14003.272461, 7.405295, 13444.389648>) quick accessed a lock!
[23:33:40] Player (Chris.P.Duck, 76561199048973301)(<6599.935059, 339.278015, 9330.077148>) quick accessed a lock!
[23:40:31] Player (GeePee, 76561198143562963)(<14003.272461, 7.405295, 13444.389648>) quick accessed a lock!
[23:43:54] Player (GeePee, 76561198143562963)(<14003.272461, 7.405295, 13444.389648>) quick accessed a lock!
[23:45:42] Player (Jev, 76561198068395829)(<5062.670410, 290.810150, 6252.083008>) quick accessed a lock!
[23:46:25] Player (BlackStar, 76561198990415902)(<5268.548340, 306.574585, 5517.510742>) quick accessed a lock!
[23:47:16] Player (Jev, 76561198068395829)(<5063.693359, 288.822144, 6267.720215>) quick accessed a lock!
[23:50:51] Player (mgokay, 76561198042235031)(<1898.992920, 293.118866, 9006.794922>) quick accessed a lock!
[23:51:29] Player (mgokay, 76561198042235031)(<1898.992920, 293.118866, 9006.794922>) quick accessed a lock!
[23:51:33] Player (mgokay, 76561198042235031)(<1898.992920, 293.118866, 9006.794922>) quick accessed a lock!
[01:30:18] Player (BlackStar, 76561198990415902)(<5268.548340, 306.574585, 5517.510742>) quick accessed a lock!
[01:35:22] Player (Jev, 76561198068395829)(<5062.670410, 290.810150, 6252.083008>) quick accessed a lock!
[01:43:47] Player (BlackStar, 76561198990415902)(<5268.548340, 306.574585, 5517.510742>) quick accessed a lock!
[01:46:51] Player (BlackStar, 76561198990415902)(<5268.548340, 306.574585, 5517.510742>) quick accessed a lock!
[01:58:01] Player (Jordan, 76561198999593356)(<12408.297852, 113.241402, 13355.431641>) quick accessed a lock!
