[04-22-2021][02.00.56] New Access Log File Created!
[04-22-2021][02.04.51] Log file reloaded ( Server Restart )
[02:08:08] Player ((SKS) Jordan, 76561198999593356)(<3632.454834, 300.723511, 8580.231445>) quick accessed a lock!
[02:14:18] Player ([SKS]Cpt.Kebab, 76561198162344833)(<3632.454834, 300.723511, 8580.231445>) quick accessed a lock!
[02:14:19] Player ([SKS]Cpt.Kebab, 76561198162344833)(<3632.454834, 300.723511, 8580.231445>) quick accessed a lock!
[04-22-2021][02.38.00] Log file reloaded ( Server Restart )
[04-22-2021][03.05.08] Log file reloaded ( Server Restart )
[03:14:34] Player ((SKS) Jordan, 76561198999593356)(<3632.454834, 300.723511, 8580.231445>) quick accessed a lock!
[03:20:24] Player ([EHC] Schnukkibaby, 76561198086725669)(<2611.166260, 253.217545, 5957.155273>) set a new passcode on lock!
[03:20:24] Player ([EHC] Schnukkibaby, 76561198086725669)(<2611.166260, 253.217545, 5957.155273>) claimed ownership of a lock!
[03:20:39] Player ([EHC]Death, 76561198979058621)(<2611.166260, 253.217545, 5957.155273>) accessed a lock!
[03:20:39] Player ([EHC]Death, 76561198979058621)(<2611.166260, 253.217545, 5957.155273>) was added as a guest of a lock!
[03:29:47] Player ((SKS) Jordan, 76561198999593356)(<3632.454834, 300.723511, 8580.231445>) quick accessed a lock!
[03:51:24] Player ((SKS) Jordan, 76561198999593356)(<3632.454834, 300.723511, 8580.231445>) quick accessed a lock!
[04:29:03] Player (R@st@n@tor, 76561198035432577)(<5826.017090, 473.942108, 15232.216797>) quick accessed a lock!
[04:32:43] Player (R@st@n@tor, 76561198035432577)(<5826.017090, 473.942108, 15232.216797>) accessed a lock!
[04:32:43] Player (R@st@n@tor, 76561198035432577)(<5826.017090, 473.942108, 15232.216797>) was added as a guest of a lock!
[04:41:52] Player (R@st@n@tor, 76561198035432577)(<5826.017090, 473.942108, 15232.216797>) quick accessed a lock!
[05:14:24] Player (R@st@n@tor, 76561198035432577)(<5826.017090, 473.942108, 15232.216797>) quick accessed a lock!
[05:18:44] Player (R@st@n@tor, 76561198035432577)(<5826.017090, 473.942108, 15232.216797>) quick accessed a lock!
[05:34:17] Player (R@st@n@tor, 76561198035432577)(<5826.017090, 473.942108, 15232.216797>) quick accessed a lock!
[04-22-2021][06.01.00] Log file reloaded ( Server Restart )
[06:02:40] Player (Bernd, 76561197965508404)(<4637.850098, 343.870514, 5556.823242>) quick accessed a lock!
[04-22-2021][06.18.28] Log file reloaded ( Server Restart )
[06:52:46] Player (Papirkutya, 76561198152771835)(<1687.444214, 172.741333, 5103.818359>) quick accessed a lock!
[06:56:15] Player (Papirkutya, 76561198152771835)(<1687.444214, 172.741333, 5103.818359>) quick accessed a lock!
[06:58:28] Player (Papirkutya, 76561198152771835)(<1687.444214, 172.741333, 5103.818359>) quick accessed a lock!
[08:12:12] Player (Bernd, 76561197965508404)(<4637.850098, 343.870514, 5556.823242>) quick accessed a lock!
[08:49:49] Player (Papirkutya, 76561198152771835)(<1687.444214, 172.741333, 5103.818359>) quick accessed a lock!
[09:20:52] Player (Dr. Dingleberry, 76561198223714820)(<8233.718750, 472.400177, 9040.050781>) quick accessed a lock!
[09:21:13] Player (Dr. Dingleberry, 76561198223714820)(<8230.761719, 472.400391, 9045.271484>) quick accessed a lock!
[09:22:35] Player (Dr. Dingleberry, 76561198223714820)(<8233.718750, 472.400177, 9040.050781>) quick accessed a lock!
[09:22:47] Player (Dr. Dingleberry, 76561198223714820)(<8230.761719, 472.400391, 9045.271484>) quick accessed a lock!
[09:32:16] Player (Papirkutya, 76561198152771835)(<1687.444214, 172.741333, 5103.818359>) quick accessed a lock!
[09:32:53] Player (Papirkutya, 76561198152771835)(<1687.444214, 172.741333, 5103.818359>) quick accessed a lock!
[04-22-2021][10.01.26] Log file reloaded ( Server Restart )
[10:02:56] Player (Dr. Dingleberry, 76561198223714820)(<8232.020508, 475.488892, 9042.658203>) set a new passcode on lock!
[10:02:56] Player (Dr. Dingleberry, 76561198223714820)(<8232.020508, 475.488892, 9042.658203>) claimed ownership of a lock!
[10:03:51] Player (Dr. Dingleberry, 76561198223714820)(<8230.761719, 472.400391, 9045.271484>) quick accessed a lock!
[10:07:41] Player (Dr. Dingleberry, 76561198223714820)(<8230.761719, 472.400391, 9045.271484>) quick accessed a lock!
[10:09:48] Player (Dr. Dingleberry, 76561198223714820)(<8230.761719, 472.400391, 9045.271484>) quick accessed a lock!
[10:11:25] Player (Dr. Dingleberry, 76561198223714820)(<8232.020508, 475.488892, 9042.658203>) quick accessed a lock!
[10:14:31] Player (Dr. Dingleberry, 76561198223714820)(<8230.761719, 472.400391, 9045.271484>) quick accessed a lock!
[10:15:49] Player (Dr. Dingleberry, 76561198223714820)(<8233.718750, 472.400177, 9040.050781>) quick accessed a lock!
[10:18:52] Player (Papirkutya, 76561198152771835)(<1687.444214, 172.741333, 5103.818359>) quick accessed a lock!
[10:18:54] Player (Dr. Dingleberry, 76561198223714820)(<8232.020508, 475.488892, 9042.658203>) quick accessed a lock!
[10:20:11] Player (Dr. Dingleberry, 76561198223714820)(<8230.761719, 472.400391, 9045.271484>) quick accessed a lock!
[10:20:40] Player (Papirkutya, 76561198152771835)(<1687.444214, 172.741333, 5103.818359>) quick accessed a lock!
[10:41:25] Player (MrLuX, 76561197991428971)(<6477.238770, 322.528839, 6185.375488>) quick accessed a lock!
[10:42:51] Player (MrLuX, 76561197991428971)(<6477.238770, 322.528839, 6185.375488>) quick accessed a lock!
[10:45:45] Player (Papirkutya, 76561198152771835)(<1687.444214, 172.741333, 5103.818359>) quick accessed a lock!
[10:47:37] Player (MrLuX, 76561197991428971)(<6477.238770, 322.528839, 6185.375488>) quick accessed a lock!
[10:49:10] Player (Papirkutya, 76561198152771835)(<1687.444214, 172.741333, 5103.818359>) quick accessed a lock!
[10:49:32] Player (MrLuX, 76561197991428971)(<6477.238770, 322.528839, 6185.375488>) quick accessed a lock!
[10:49:48] Player (MrLuX, 76561197991428971)(<6443.471680, 322.522644, 6197.124512>) quick accessed a lock!
[10:57:26] Player (Papirkutya, 76561198152771835)(<1687.444214, 172.741333, 5103.818359>) quick accessed a lock!
[11:10:19] Player (Jones, 76561199148015671)(<3665.036865, 312.028992, 8924.185547>) accessed a lock!
[11:10:19] Player (Jones, 76561199148015671)(<3665.036865, 312.028992, 8924.185547>) was added as a guest of a lock!
[11:16:38] Player (Jones, 76561199148015671)(<3665.036865, 312.028992, 8924.185547>) quick accessed a lock!
[11:29:09] Player (Papirkutya, 76561198152771835)(<1687.444214, 172.741333, 5103.818359>) quick accessed a lock!
[11:37:53] Player (KatanaBanana, 76561198165336762)(<13413.091797, 4.151521, 2833.253662>) quick accessed a lock!
[11:42:41] Player (Papirkutya, 76561198152771835)(<1687.444214, 172.741333, 5103.818359>) quick accessed a lock!
[11:47:57] Player (Papirkutya, 76561198152771835)(<1687.444214, 172.741333, 5103.818359>) quick accessed a lock!
[12:06:41] Player (Papirkutya, 76561198152771835)(<1687.444214, 172.741333, 5103.818359>) quick accessed a lock!
[04-22-2021][12.08.45] Log file reloaded ( Server Restart )
[12:16:51] Player (Bernd, 76561197965508404)(<4637.850098, 343.870514, 5556.823242>) quick accessed a lock!
[12:22:04] Player (Papirkutya, 76561198152771835)(<1687.444214, 172.741333, 5103.818359>) quick accessed a lock!
[12:37:20] Player (Bernd, 76561197965508404)(<4637.850098, 343.870514, 5556.823242>) quick accessed a lock!
[12:37:58] Player (Bernd, 76561197965508404)(<4637.850098, 343.870514, 5556.823242>) quick accessed a lock!
[12:39:41] Player (Bernd, 76561197965508404)(<4637.850098, 343.870514, 5556.823242>) quick accessed a lock!
[12:43:53] Player (Bernd, 76561197965508404)(<4637.850098, 343.870514, 5556.823242>) quick accessed a lock!
[12:44:06] Player (Bernd, 76561197965508404)(<4641.330566, 343.868713, 5567.028809>) set a new passcode on lock!
[12:44:06] Player (Bernd, 76561197965508404)(<4641.330566, 343.868713, 5567.028809>) claimed ownership of a lock!
[12:46:03] Player (Bernd, 76561197965508404)(<4635.143555, 343.867828, 5572.605957>) set a new passcode on lock!
[12:46:03] Player (Bernd, 76561197965508404)(<4635.143555, 343.867828, 5572.605957>) claimed ownership of a lock!
[12:46:06] Player (Bernd, 76561197965508404)(<4635.143555, 343.867828, 5572.605957>) quick accessed a lock!
[12:46:16] Player (Bernd, 76561197965508404)(<4635.143555, 343.867828, 5572.605957>) quick accessed a lock!
[12:49:21] Player (Bernd, 76561197965508404)(<4641.330566, 343.868713, 5567.028809>) quick accessed a lock!
[12:49:49] Player (Bernd, 76561197965508404)(<4641.330566, 343.868713, 5567.028809>) quick accessed a lock!
[12:51:34] Player (Bernd, 76561197965508404)(<4632.500000, 343.874756, 5532.767090>) set a new passcode on lock!
[12:51:34] Player (Bernd, 76561197965508404)(<4632.500000, 343.874756, 5532.767090>) claimed ownership of a lock!
[12:54:52] Player (Papirkutya, 76561198152771835)(<1687.444214, 172.741333, 5103.818359>) quick accessed a lock!
[12:55:06] Player (frenchy, 76561198969225016)(<13413.091797, 4.151521, 2833.253662>) quick accessed a lock!
[12:55:54] Player (Bernd, 76561197965508404)(<4635.143555, 343.867828, 5572.605957>) quick accessed a lock!
[12:56:30] Player (Bernd, 76561197965508404)(<4637.850098, 343.870514, 5556.823242>) quick accessed a lock!
[12:56:38] Player (Bernd, 76561197965508404)(<4641.330566, 343.868713, 5567.028809>) quick accessed a lock!
[13:13:43] Player (Bernd, 76561197965508404)(<4641.330566, 343.868713, 5567.028809>) quick accessed a lock!
[13:15:38] Player (Bernd, 76561197965508404)(<4635.143555, 343.867828, 5572.605957>) quick accessed a lock!
[13:17:45] Player (Bernd, 76561197965508404)(<4637.850098, 343.870514, 5556.823242>) quick accessed a lock!
[13:20:35] Player (Bernd, 76561197965508404)(<4632.500000, 343.874756, 5532.767090>) quick accessed a lock!
[13:20:44] Player (Bernd, 76561197965508404)(<4632.500000, 343.874756, 5532.767090>) removed a lock!
[13:24:52] Player (Bernd, 76561197965508404)(<4635.143555, 343.867828, 5572.605957>) removed a lock!
[13:35:13] Player (libertine09, 76561198198409010)(<13818.583008, 2.868771, 11150.428711>) quick accessed a lock!
[13:38:24] Player (MrLuX, 76561197991428971)(<6443.471680, 322.522644, 6197.124512>) quick accessed a lock!
[13:39:04] Player (MrLuX, 76561197991428971)(<6477.238770, 322.528839, 6185.375488>) quick accessed a lock!
[13:44:16] Player (Bernd, 76561197965508404)(<4632.620605, 343.874725, 5532.953125>) set a new passcode on lock!
[13:44:16] Player (Bernd, 76561197965508404)(<4632.620605, 343.874725, 5532.953125>) claimed ownership of a lock!
[13:45:38] Player (Bernd, 76561197965508404)(<4635.113770, 343.867798, 5572.645996>) set a new passcode on lock!
[13:45:38] Player (Bernd, 76561197965508404)(<4635.113770, 343.867798, 5572.645996>) claimed ownership of a lock!
[13:48:21] Player (Bernd, 76561197965508404)(<4635.113770, 343.867798, 5572.645996>) quick accessed a lock!
[13:49:42] Player (Bernd, 76561197965508404)(<4635.113770, 343.867798, 5572.645996>) quick accessed a lock!
[13:55:41] Player (Bernd, 76561197965508404)(<4635.113770, 343.867798, 5572.645996>) quick accessed a lock!
[04-22-2021][14.01.17] Log file reloaded ( Server Restart )
[14:06:00] Player (MrLuX, 76561197991428971)(<6443.471680, 322.522644, 6197.124512>) quick accessed a lock!
[14:07:48] Player (MrLuX, 76561197991428971)(<6443.471680, 322.522644, 6197.124512>) quick accessed a lock!
[14:10:12] Player (MrLuX, 76561197991428971)(<6443.471680, 322.522644, 6197.124512>) quick accessed a lock!
[14:27:49] Player (KEKAS, 76561198059393283)(<6443.471680, 322.522644, 6197.124512>) quick accessed a lock!
[14:37:16] Player (Dr. Dingleberry, 76561198223714820)(<8230.761719, 472.400391, 9045.271484>) quick accessed a lock!
[14:38:56] Player (MrLuX, 76561197991428971)(<6443.471680, 322.522644, 6197.124512>) quick accessed a lock!
[14:39:02] Player (Dr. Dingleberry, 76561198223714820)(<8233.718750, 472.400177, 9040.050781>) quick accessed a lock!
[14:39:35] Player (Bernd, 76561197965508404)(<4637.850098, 343.870514, 5556.823242>) quick accessed a lock!
[14:40:06] Player (Bernd, 76561197965508404)(<4635.113770, 343.867798, 5572.645996>) quick accessed a lock!
[14:40:18] Player (KEKAS, 76561198059393283)(<6443.471680, 322.522644, 6197.124512>) quick accessed a lock!
[14:40:28] Player (Bernd, 76561197965508404)(<4635.113770, 343.867798, 5572.645996>) quick accessed a lock!
[14:40:39] Player (Bernd, 76561197965508404)(<4635.113770, 343.867798, 5572.645996>) quick accessed a lock!
[14:40:54] Player (MrLuX, 76561197991428971)(<6443.471680, 322.522644, 6197.124512>) quick accessed a lock!
[14:41:56] Player (KEKAS, 76561198059393283)(<6443.471680, 322.522644, 6197.124512>) quick accessed a lock!
[14:45:22] Player (Bernd, 76561197965508404)(<4635.113770, 343.867798, 5572.645996>) quick accessed a lock!
[14:48:01] Player (KEKAS, 76561198059393283)(<6443.471680, 322.522644, 6197.124512>) quick accessed a lock!
[14:50:19] Player (Bernd, 76561197965508404)(<4635.113770, 343.867798, 5572.645996>) quick accessed a lock!
[14:51:44] Player (Bernd, 76561197965508404)(<4635.113770, 343.867798, 5572.645996>) quick accessed a lock!
[14:51:52] Player (Bernd, 76561197965508404)(<4635.113770, 343.867798, 5572.645996>) quick accessed a lock!
[14:52:47] Player (Bernd, 76561197965508404)(<4641.330566, 343.868713, 5567.028809>) quick accessed a lock!
[14:53:40] Player (GeePee, 76561198143562963)(<6628.018555, 140.872925, 12662.052734>) quick accessed a lock!
[14:54:09] Player (GeePee, 76561198143562963)(<6628.018555, 140.872925, 12662.052734>) quick accessed a lock!
[14:54:09] Player (Bernd, 76561197965508404)(<4635.113770, 343.867798, 5572.645996>) quick accessed a lock!
[14:55:14] Player (KEKAS, 76561198059393283)(<6443.471680, 322.522644, 6197.124512>) quick accessed a lock!
[14:57:16] Player (GeePee, 76561198143562963)(<6628.018555, 140.872925, 12662.052734>) quick accessed a lock!
[14:57:39] Player (Bernd, 76561197965508404)(<4641.330566, 343.868713, 5567.028809>) quick accessed a lock!
[15:01:41] Player (MrLuX, 76561197991428971)(<6443.471680, 322.522644, 6197.124512>) quick accessed a lock!
[15:02:21] Player (MrLuX, 76561197991428971)(<6443.471680, 322.522644, 6197.124512>) quick accessed a lock!
[15:02:36] Player ([EHC] Schnukkibaby, 76561198086725669)(<2611.166260, 253.217545, 5957.155273>) quick accessed a lock!
[15:03:33] Player (MrLuX, 76561197991428971)(<6443.471680, 322.522644, 6197.124512>) quick accessed a lock!
[15:03:53] Player (KEKAS, 76561198059393283)(<6443.471680, 322.522644, 6197.124512>) quick accessed a lock!
[15:07:27] Player (MrLuX, 76561197991428971)(<6443.471680, 322.522644, 6197.124512>) quick accessed a lock!
[04-22-2021][15.08.56] Log file reloaded ( Server Restart )
[15:12:29] Player ([EHC] Schnukkibaby, 76561198086725669)(<2611.166260, 253.217545, 5957.155273>) quick accessed a lock!
[15:32:39] Player (KEKAS, 76561198059393283)(<6443.471680, 322.522644, 6197.124512>) quick accessed a lock!
[15:35:57] Player (Gh0sty, 76561198254602740)(<11568.832031, 58.254963, 14736.054688>) quick accessed a lock!
[15:36:46] Player (Gh0sty, 76561198254602740)(<11559.628906, 58.255852, 14741.737305>) quick accessed a lock!
[15:43:42] Player (Gh0sty, 76561198254602740)(<11568.832031, 58.254963, 14736.054688>) quick accessed a lock!
[15:49:29] Player ([EHC]Death, 76561198979058621)(<2614.613281, 253.217743, 5952.231934>) set a new passcode on lock!
[15:49:29] Player ([EHC]Death, 76561198979058621)(<2614.613281, 253.217743, 5952.231934>) claimed ownership of a lock!
[15:49:39] Player ([EHC]Death, 76561198979058621)(<2614.613281, 253.217743, 5952.231934>) removed a lock!
[15:49:53] Player ([EHC] Schnukkibaby, 76561198086725669)(<2614.613281, 253.217743, 5952.231934>) set a new passcode on lock!
[15:49:53] Player ([EHC] Schnukkibaby, 76561198086725669)(<2614.613281, 253.217743, 5952.231934>) claimed ownership of a lock!
[15:50:01] Player ([EHC]Death, 76561198979058621)(<2614.613281, 253.217743, 5952.231934>) accessed a lock!
[15:50:01] Player ([EHC]Death, 76561198979058621)(<2614.613281, 253.217743, 5952.231934>) was added as a guest of a lock!
[15:50:02] Player (Gh0sty, 76561198254602740)(<11568.832031, 58.254963, 14736.054688>) quick accessed a lock!
[15:50:05] Player ([EHC]Death, 76561198979058621)(<2614.613281, 253.217743, 5952.231934>) quick accessed a lock!
[15:50:56] Player (libertine09, 76561198198409010)(<13818.583008, 2.868771, 11150.428711>) quick accessed a lock!
[15:51:31] Player (Gh0sty, 76561198254602740)(<11568.832031, 58.254963, 14736.054688>) quick accessed a lock!
[15:53:06] Player ([EHC] Schnukkibaby, 76561198086725669)(<2611.166260, 253.217545, 5957.155273>) quick accessed a lock!
[15:53:13] Player (Gh0sty, 76561198254602740)(<11568.832031, 58.254963, 14736.054688>) quick accessed a lock!
[15:53:20] Player (Gh0sty, 76561198254602740)(<11559.628906, 58.255852, 14741.737305>) quick accessed a lock!
[15:53:46] Player (Gh0sty, 76561198254602740)(<11562.992188, 89.243744, 14744.842773>) quick accessed a lock!
[15:54:36] Player (Gh0sty, 76561198254602740)(<11568.832031, 58.254963, 14736.054688>) quick accessed a lock!
[15:54:39] Player (Gh0sty, 76561198254602740)(<11568.832031, 58.254963, 14736.054688>) quick accessed a lock!
[16:01:03] Player (R@st@n@tor, 76561198035432577)(<5826.017090, 473.942108, 15232.216797>) quick accessed a lock!
[16:09:11] Player (Bernd, 76561197965508404)(<4641.330566, 343.868713, 5567.028809>) quick accessed a lock!
[16:11:40] Player ([SKS]Cpt.Kebab, 76561198162344833)(<3632.454834, 300.723511, 8580.231445>) quick accessed a lock!
[16:17:59] Player (Bernd, 76561197965508404)(<4635.113770, 343.867798, 5572.645996>) quick accessed a lock!
[16:18:23] Player (Bernd, 76561197965508404)(<4637.850098, 343.870514, 5556.823242>) quick accessed a lock!
[16:19:57] Player (Bernd, 76561197965508404)(<4635.113770, 343.867798, 5572.645996>) quick accessed a lock!
[16:20:54] Player (Bernd, 76561197965508404)(<4632.620605, 343.874725, 5532.953125>) quick accessed a lock!
[16:21:32] Player ([EHC] Schnukkibaby, 76561198086725669)(<2611.166260, 253.217545, 5957.155273>) quick accessed a lock!
[16:23:46] Player (Bernd, 76561197965508404)(<4637.335449, 343.872009, 5548.257324>) set a new passcode on lock!
[16:23:46] Player (Bernd, 76561197965508404)(<4637.335449, 343.872009, 5548.257324>) claimed ownership of a lock!
[16:23:48] Player (Bernd, 76561197965508404)(<4637.335449, 343.872009, 5548.257324>) quick accessed a lock!
[16:32:49] Player (KEKAS, 76561198059393283)(<6443.471680, 322.522644, 6197.124512>) quick accessed a lock!
[16:33:16] Player (KEKAS, 76561198059393283)(<6443.471680, 322.522644, 6197.124512>) quick accessed a lock!
[16:35:25] Player (Bernd, 76561197965508404)(<4641.330566, 343.868713, 5567.028809>) quick accessed a lock!
[16:36:34] Player (R@st@n@tor, 76561198035432577)(<5826.017090, 473.942108, 15232.216797>) quick accessed a lock!
[16:37:38] Player (Bernd, 76561197965508404)(<4641.330566, 343.868713, 5567.028809>) quick accessed a lock!
[16:46:22] Player (Bernd, 76561197965508404)(<4635.113770, 343.867798, 5572.645996>) quick accessed a lock!
[16:46:27] Player (Bernd, 76561197965508404)(<4637.850098, 343.870514, 5556.823242>) quick accessed a lock!
[16:47:06] Player (Bernd, 76561197965508404)(<4637.335449, 343.872009, 5548.257324>) quick accessed a lock!
[16:48:46] Player (Chris.P.Duck, 76561199048973301)(<5089.782715, 289.264679, 6355.929688>) quick accessed a lock!
[16:49:33] Player (Bernd, 76561197965508404)(<4637.850098, 343.870514, 5556.823242>) quick accessed a lock!
[17:00:31] Player ([EHC] Schnukkibaby, 76561198086725669)(<2611.166260, 253.217545, 5957.155273>) quick accessed a lock!
[17:00:34] Player (Bernd, 76561197965508404)(<4641.330566, 343.868713, 5567.028809>) quick accessed a lock!
[17:00:38] Player (Bernd, 76561197965508404)(<4637.335449, 343.872009, 5548.257324>) quick accessed a lock!
[17:03:08] Player (Bernd, 76561197965508404)(<4637.335449, 343.872009, 5548.257324>) quick accessed a lock!
[17:08:20] Player (Gh0sty, 76561198254602740)(<11568.832031, 58.254963, 14736.054688>) quick accessed a lock!
[17:10:02] Player (Bernd, 76561197965508404)(<4637.850098, 343.870514, 5556.823242>) quick accessed a lock!
[17:13:04] Player (Bernd, 76561197965508404)(<4637.335449, 343.872009, 5548.257324>) quick accessed a lock!
[17:15:06] Player (Bernd, 76561197965508404)(<4641.330566, 343.868713, 5567.028809>) quick accessed a lock!
[17:17:23] Player ([SKS]Cpt.Kebab, 76561198162344833)(<3632.454834, 300.723511, 8580.231445>) quick accessed a lock!
[17:17:58] Player (Chris.P.Duck, 76561199048973301)(<5089.782715, 289.264679, 6355.929688>) quick accessed a lock!
[17:21:03] Player (Chris.P.Duck, 76561199048973301)(<5089.782715, 289.264679, 6355.929688>) quick accessed a lock!
[17:23:25] Player (Chris.P.Duck, 76561199048973301)(<5089.782715, 289.264679, 6355.929688>) quick accessed a lock!
[17:23:41] Player (Chris.P.Duck, 76561199048973301)(<5089.782715, 289.264679, 6355.929688>) quick accessed a lock!
[17:23:55] Player (MrLuX, 76561197991428971)(<6443.471680, 322.522644, 6197.124512>) quick accessed a lock!
[17:24:09] Player (Chris.P.Duck, 76561199048973301)(<5089.782715, 289.264679, 6355.929688>) quick accessed a lock!
[17:24:17] Player (MrLuX, 76561197991428971)(<6443.471680, 322.522644, 6197.124512>) quick accessed a lock!
[17:24:55] Player (MrLuX, 76561197991428971)(<6443.471680, 322.522644, 6197.124512>) quick accessed a lock!
[17:29:57] Player (MrLuX, 76561197991428971)(<6443.471680, 322.522644, 6197.124512>) quick accessed a lock!
[17:33:00] Player (Gh0sty, 76561198254602740)(<11559.628906, 58.255852, 14741.737305>) quick accessed a lock!
[17:33:28] Player (Gh0sty, 76561198254602740)(<11562.992188, 89.243744, 14744.842773>) quick accessed a lock!
[17:35:19] Player (MrLuX, 76561197991428971)(<6477.238770, 322.528839, 6185.375488>) quick accessed a lock!
[17:36:53] Player (libertine09, 76561198198409010)(<13818.583008, 2.868771, 11150.428711>) quick accessed a lock!
[17:39:22] Player (Gh0sty, 76561198254602740)(<11559.628906, 58.255852, 14741.737305>) quick accessed a lock!
[17:39:29] Player (Gh0sty, 76561198254602740)(<11568.832031, 58.254963, 14736.054688>) quick accessed a lock!
[17:39:51] Player (Gh0sty, 76561198254602740)(<11568.832031, 58.254963, 14736.054688>) quick accessed a lock!
[17:39:56] Player (Gh0sty, 76561198254602740)(<11559.628906, 58.255852, 14741.737305>) quick accessed a lock!
[17:40:19] Player (Gh0sty, 76561198254602740)(<11562.992188, 89.243744, 14744.842773>) quick accessed a lock!
[17:41:49] Player (Gh0sty, 76561198254602740)(<11559.628906, 58.255852, 14741.737305>) quick accessed a lock!
[17:42:00] Player (Gh0sty, 76561198254602740)(<11559.628906, 58.255852, 14741.737305>) quick accessed a lock!
[17:42:05] Player (Gh0sty, 76561198254602740)(<11568.832031, 58.254963, 14736.054688>) quick accessed a lock!
[17:42:22] Player ([EHC]Death, 76561198979058621)(<2614.613281, 253.217743, 5952.231934>) quick accessed a lock!
[17:44:00] Player (MrLuX, 76561197991428971)(<6443.471680, 322.522644, 6197.124512>) quick accessed a lock!
[17:45:07] Player (Flashheart, 76561198037023350)(<2947.503418, 268.759644, 9377.390625>) quick accessed a lock!
[17:46:20] Player (MrLuX, 76561197991428971)(<6443.471680, 322.522644, 6197.124512>) quick accessed a lock!
[17:46:23] Player (Flashheart, 76561198037023350)(<2932.424561, 269.645721, 9370.888672>) quick accessed a lock!
[17:47:24] Player (Flashheart, 76561198037023350)(<2947.503418, 268.759644, 9377.390625>) quick accessed a lock!
[17:52:15] Player (libertine09, 76561198198409010)(<13831.146484, 1.238570, 11153.537109>) set a new passcode on lock!
[17:52:15] Player (libertine09, 76561198198409010)(<13831.146484, 1.238570, 11153.537109>) claimed ownership of a lock!
[17:52:21] Player (libertine09, 76561198198409010)(<13831.146484, 1.238570, 11153.537109>) quick accessed a lock!
[17:52:43] Player (libertine09, 76561198198409010)(<13831.146484, 1.238570, 11153.537109>) quick accessed a lock!
[17:56:07] Player (MrLuX, 76561197991428971)(<6443.471680, 322.522644, 6197.124512>) quick accessed a lock!
[17:56:09] Player (MrLuX, 76561197991428971)(<6443.471680, 322.522644, 6197.124512>) quick accessed a lock!
[17:57:07] Player (MrLuX, 76561197991428971)(<6443.471680, 322.522644, 6197.124512>) quick accessed a lock!
[17:58:30] Player (MrLuX, 76561197991428971)(<6443.471680, 322.522644, 6197.124512>) quick accessed a lock!
[04-22-2021][18.00.56] Log file reloaded ( Server Restart )
[18:03:38] Player (Flashheart, 76561198037023350)(<2947.503418, 268.759644, 9377.390625>) quick accessed a lock!
[18:14:55] Player (Dr. Dingleberry, 76561198223714820)(<8230.761719, 472.400391, 9045.271484>) quick accessed a lock!
[18:18:08] Player (Dr. Dingleberry, 76561198223714820)(<8230.761719, 472.400391, 9045.271484>) quick accessed a lock!
[18:19:54] Player ([EHC]Death, 76561198979058621)(<2614.613281, 253.217743, 5952.231934>) quick accessed a lock!
[18:20:24] Player (Dr. Dingleberry, 76561198223714820)(<8230.761719, 472.400391, 9045.271484>) quick accessed a lock!
[18:21:55] Player ([EHC] Schnukkibaby, 76561198086725669)(<2614.613281, 253.217743, 5952.231934>) quick accessed a lock!
[18:23:28] Player (Papirkutya, 76561198152771835)(<1687.444214, 172.741333, 5103.818359>) quick accessed a lock!
[18:25:42] Player (Dr. Dingleberry, 76561198223714820)(<8230.761719, 472.400391, 9045.271484>) quick accessed a lock!
[18:29:48] Player (Papirkutya, 76561198152771835)(<1687.444214, 172.741333, 5103.818359>) quick accessed a lock!
[18:31:14] Player (Papirkutya, 76561198152771835)(<1687.444214, 172.741333, 5103.818359>) quick accessed a lock!
[18:32:20] Player (Dr. Dingleberry, 76561198223714820)(<8233.718750, 472.400177, 9040.050781>) quick accessed a lock!
[18:50:26] Player (BlackStar, 76561198990415902)(<13406.710938, 5.101233, 2805.313965>) quick accessed a lock!
[19:06:33] Player (Bernd, 76561197965508404)(<4641.330566, 343.868713, 5567.028809>) quick accessed a lock!
[19:08:52] Player (frenchy, 76561198969225016)(<13413.091797, 4.151521, 2833.253662>) quick accessed a lock!
[19:09:50] Player (grizzly bear, 76561198839448946)(<13413.091797, 4.151521, 2833.253662>) quick accessed a lock!
[19:10:39] Player (grizzly bear, 76561198839448946)(<13414.324219, 5.262732, 2820.359375>) quick accessed a lock!
[19:12:18] Player (grizzly bear, 76561198839448946)(<13421.878906, 4.693742, 2795.059570>) quick accessed a lock!
[19:13:26] Player (grizzly bear, 76561198839448946)(<13413.091797, 4.151521, 2833.253662>) quick accessed a lock!
[19:14:45] Player (frenchy, 76561198969225016)(<13413.091797, 4.151521, 2833.253662>) quick accessed a lock!
[19:22:08] Player (Papirkutya, 76561198152771835)(<1687.444214, 172.741333, 5103.818359>) quick accessed a lock!
[19:23:04] Player ([EHC] Schnukkibaby, 76561198086725669)(<2611.166260, 253.217545, 5957.155273>) quick accessed a lock!
[19:28:55] Player (Jev, 76561198068395829)(<13425.458984, 5.585691, 2818.119629>) set a new passcode on lock!
[19:28:55] Player (Jev, 76561198068395829)(<13425.458984, 5.585691, 2818.119629>) claimed ownership of a lock!
[19:31:35] Player (Jev, 76561198068395829)(<13419.958008, 3.611454, 2804.910645>) set a new passcode on lock!
[19:31:35] Player (Jev, 76561198068395829)(<13419.958008, 3.611454, 2804.910645>) claimed ownership of a lock!
[19:31:48] Player (Jev, 76561198068395829)(<13425.458984, 5.585691, 2818.119629>) quick accessed a lock!
[19:36:25] Player ([EHC] Schnukkibaby, 76561198086725669)(<2614.613281, 253.217743, 5952.231934>) quick accessed a lock!
[19:50:45] Player ([EHC]Death, 76561198979058621)(<2614.613281, 253.217743, 5952.231934>) quick accessed a lock!
[19:51:06] Player ([EHC]Death, 76561198979058621)(<2611.166260, 253.217545, 5957.155273>) quick accessed a lock!
[19:51:55] Player (grizzly bear, 76561198839448946)(<13421.878906, 4.693742, 2795.059570>) quick accessed a lock!
[19:52:21] Player (grizzly bear, 76561198839448946)(<13421.878906, 4.693742, 2795.059570>) quick accessed a lock!
[19:52:52] Player (grizzly bear, 76561198839448946)(<13421.878906, 4.693742, 2795.059570>) quick accessed a lock!
[19:59:17] Player (frenchy, 76561198969225016)(<13413.091797, 4.151521, 2833.253662>) quick accessed a lock!
[20:00:55] Player (grizzly bear, 76561198839448946)(<13413.091797, 4.151521, 2833.253662>) quick accessed a lock!
[20:01:27] Player (grizzly bear, 76561198839448946)(<13413.091797, 4.151521, 2833.253662>) quick accessed a lock!
[20:04:44] Player ([EHC]Death, 76561198979058621)(<2611.166260, 253.217545, 5957.155273>) quick accessed a lock!
[20:04:51] Player ([EHC] Schnukkibaby, 76561198086725669)(<2614.613281, 253.217743, 5952.231934>) quick accessed a lock!
[20:09:37] Player (grizzly bear, 76561198839448946)(<13413.091797, 4.151521, 2833.253662>) quick accessed a lock!
[20:10:08] Player (grizzly bear, 76561198839448946)(<13413.091797, 4.151521, 2833.253662>) quick accessed a lock!
[20:11:27] Player ([SKS]Cpt.Kebab, 76561198162344833)(<3632.454834, 300.723511, 8580.231445>) quick accessed a lock!
[20:11:30] Player ([SKS]Cpt.Kebab, 76561198162344833)(<3632.454834, 300.723511, 8580.231445>) quick accessed a lock!
[20:11:44] Player ([SKS]Cpt.Kebab, 76561198162344833)(<3632.454834, 300.723511, 8580.231445>) quick accessed a lock!
[20:11:53] Player ([SKS]Cpt.Kebab, 76561198162344833)(<3632.454834, 300.723511, 8580.231445>) quick accessed a lock!
[20:12:33] Player ([SKS]Cpt.Kebab, 76561198162344833)(<3632.454834, 300.723511, 8580.231445>) quick accessed a lock!
[20:12:55] Player ([EHC] Schnukkibaby, 76561198086725669)(<2611.166260, 253.217545, 5957.155273>) quick accessed a lock!
[20:17:57] Player ([EHC] Schnukkibaby, 76561198086725669)(<2611.166260, 253.217545, 5957.155273>) quick accessed a lock!
[20:18:02] Player ([EHC] Schnukkibaby, 76561198086725669)(<2611.166260, 253.217545, 5957.155273>) quick accessed a lock!
[20:18:59] Player ([EHC] Schnukkibaby, 76561198086725669)(<2611.166260, 253.217545, 5957.155273>) quick accessed a lock!
[20:20:51] Player ([EHC] Schnukkibaby, 76561198086725669)(<2611.166260, 253.217545, 5957.155273>) quick accessed a lock!
[20:25:22] Player (Papirkutya, 76561198152771835)(<1687.444214, 172.741333, 5103.818359>) quick accessed a lock!
[20:35:03] Player ([EHC] Schnukkibaby, 76561198086725669)(<2611.166260, 253.217545, 5957.155273>) quick accessed a lock!
[20:40:02] Player (GeePee, 76561198143562963)(<6628.018555, 140.872925, 12662.052734>) quick accessed a lock!
[20:41:13] Player ([EHC] Schnukkibaby, 76561198086725669)(<2611.166260, 253.217545, 5957.155273>) quick accessed a lock!
[20:43:14] Player (Papirkutya, 76561198152771835)(<1687.444214, 172.741333, 5103.818359>) quick accessed a lock!
[20:48:23] Player (Papirkutya, 76561198152771835)(<1687.444214, 172.741333, 5103.818359>) quick accessed a lock!
[20:48:45] Player ([SKS]Cpt.Kebab, 76561198162344833)(<3632.454834, 300.723511, 8580.231445>) quick accessed a lock!
[20:53:23] Player (Toppskillz, 76561198143912910)(<13413.091797, 4.151521, 2833.253662>) quick accessed a lock!
[20:54:21] Player (Papirkutya, 76561198152771835)(<1687.444214, 172.741333, 5103.818359>) quick accessed a lock!
[20:55:14] Player (BlackStar, 76561198990415902)(<13406.710938, 5.101233, 2805.313965>) quick accessed a lock!
[20:57:13] Player (BlackStar, 76561198990415902)(<13406.710938, 5.101233, 2805.313965>) quick accessed a lock!
[20:58:01] Player ([SKS]Cpt.Kebab, 76561198162344833)(<3632.454834, 300.723511, 8580.231445>) quick accessed a lock!
[20:58:49] Player ([SKS]Cpt.Kebab, 76561198162344833)(<3632.454834, 300.723511, 8580.231445>) quick accessed a lock!
[20:59:04] Player ([SKS]Cpt.Kebab, 76561198162344833)(<3632.454834, 300.723511, 8580.231445>) quick accessed a lock!
[20:59:37] Player (Flashheart, 76561198037023350)(<2947.503418, 268.759644, 9377.390625>) quick accessed a lock!
[21:05:17] Player (Flashheart, 76561198037023350)(<2947.503418, 268.759644, 9377.390625>) quick accessed a lock!
[21:12:42] Player (Flashheart, 76561198037023350)(<2932.424561, 269.645721, 9370.888672>) quick accessed a lock!
[21:13:24] Player (Flashheart, 76561198037023350)(<2947.503418, 268.759644, 9377.390625>) quick accessed a lock!
[21:15:09] Player (KILLA-QUEEN, 76561198328689163)(<2186.161621, 343.772797, 7939.201172>) set a new passcode on lock!
[21:15:09] Player (KILLA-QUEEN, 76561198328689163)(<2186.161621, 343.772797, 7939.201172>) claimed ownership of a lock!
[21:15:33] Player (Gh0sty, 76561198254602740)(<11568.832031, 58.254963, 14736.054688>) quick accessed a lock!
[21:15:40] Player (Gh0sty, 76561198254602740)(<11559.628906, 58.255852, 14741.737305>) quick accessed a lock!
[21:16:03] Player (Gh0sty, 76561198254602740)(<11562.992188, 89.243744, 14744.842773>) quick accessed a lock!
[21:17:30] Player (KILLA-QUEEN, 76561198328689163)(<2186.161621, 343.772797, 7939.201172>) quick accessed a lock!
[21:18:10] Player (Gh0sty, 76561198254602740)(<11568.832031, 58.254963, 14736.054688>) quick accessed a lock!
[21:18:31] Player (Gh0sty, 76561198254602740)(<11568.832031, 58.254963, 14736.054688>) quick accessed a lock!
[21:19:01] Player (Gh0sty, 76561198254602740)(<11562.992188, 89.243744, 14744.842773>) quick accessed a lock!
[21:26:27] Player (Gh0sty, 76561198254602740)(<11562.992188, 89.243744, 14744.842773>) quick accessed a lock!
[21:26:50] Player (Gh0sty, 76561198254602740)(<11559.628906, 58.255852, 14741.737305>) quick accessed a lock!
[21:27:01] Player (Gh0sty, 76561198254602740)(<11559.628906, 58.255852, 14741.737305>) quick accessed a lock!
[21:44:44] Player (Bernd, 76561197965508404)(<4641.330566, 343.868713, 5567.028809>) quick accessed a lock!
[21:44:56] Player (Bernd, 76561197965508404)(<4637.850098, 343.870514, 5556.823242>) quick accessed a lock!
[21:56:34] Player (R@st@n@tor, 76561198035432577)(<5826.017090, 473.942108, 15232.216797>) quick accessed a lock!
[21:57:13] Player (KILLA-QUEEN, 76561198328689163)(<2186.161621, 343.772797, 7939.201172>) quick accessed a lock!
[21:57:33] Player (Toppskillz, 76561198143912910)(<13406.865234, 5.030781, 2819.980957>) quick accessed a lock!
[04-22-2021][22.01.21] Log file reloaded ( Server Restart )
[22:05:08] Player (KILLA-QUEEN, 76561198328689163)(<2186.161621, 343.772797, 7939.201172>) quick accessed a lock!
[22:08:11] Player (BlackStar, 76561198990415902)(<13406.710938, 5.101233, 2805.313965>) quick accessed a lock!
[22:10:07] Player (Skunky B, 76561198312217850)(<2186.161621, 343.772797, 7939.201172>) accessed a lock!
[22:10:07] Player (Skunky B, 76561198312217850)(<2186.161621, 343.772797, 7939.201172>) was added as a guest of a lock!
[22:10:27] Player (Skunky B, 76561198312217850)(<2186.161621, 343.772797, 7939.201172>) quick accessed a lock!
[22:12:51] Player (Sarah, 76561198100717229)(<3103.662354, 300.519836, 8115.243652>) quick accessed a lock!
[22:13:50] Player (Sarah, 76561198100717229)(<3103.662354, 300.519836, 8115.243652>) quick accessed a lock!
[22:15:38] Player (Sarah, 76561198100717229)(<3103.662354, 300.519836, 8115.243652>) quick accessed a lock!
[22:20:00] Player (Sarah, 76561198100717229)(<3103.662354, 300.519836, 8115.243652>) quick accessed a lock!
[22:20:34] Player (Sarah, 76561198100717229)(<3103.662354, 300.519836, 8115.243652>) quick accessed a lock!
[22:25:45] Player (Sarah, 76561198100717229)(<3114.267334, 301.498871, 8086.677246>) set a new passcode on lock!
[22:25:45] Player (Sarah, 76561198100717229)(<3114.267334, 301.498871, 8086.677246>) claimed ownership of a lock!
[22:25:45] Player (Sarah, 76561198100717229)(<3114.267334, 301.498871, 8086.677246>) quick accessed a lock!
[22:29:47] Player (Jev, 76561198068395829)(<13425.458984, 5.585691, 2818.119629>) quick accessed a lock!
[22:34:31] Player (Sarah, 76561198100717229)(<3114.267334, 301.498871, 8086.677246>) quick accessed a lock!
[22:35:59] Player (Sarah, 76561198100717229)(<3114.267334, 301.498871, 8086.677246>) quick accessed a lock!
[22:42:31] Player (Sarah, 76561198100717229)(<3103.662354, 300.519836, 8115.243652>) quick accessed a lock!
[22:42:59] Player ([SKS]Cpt.Kebab, 76561198162344833)(<3632.454834, 300.723511, 8580.231445>) quick accessed a lock!
[22:51:42] Player ([SKS]Cpt.Kebab, 76561198162344833)(<3632.454834, 300.723511, 8580.231445>) quick accessed a lock!
[22:58:53] Player (KILLA-QUEEN, 76561198328689163)(<2186.161621, 343.772797, 7939.201172>) quick accessed a lock!
[23:00:49] Player (KILLA-QUEEN, 76561198328689163)(<2186.161621, 343.772797, 7939.201172>) removed a lock!
[23:16:42] Player (BlackStar, 76561198990415902)(<13406.710938, 5.101233, 2805.313965>) quick accessed a lock!
[23:19:59] Player (BlackStar, 76561198990415902)(<13406.710938, 5.101233, 2805.313965>) quick accessed a lock!
[23:24:03] Player (KILLA-QUEEN, 76561198328689163)(<1926.267456, 256.351318, 11975.195313>) set a new passcode on lock!
[23:24:03] Player (KILLA-QUEEN, 76561198328689163)(<1926.267456, 256.351318, 11975.195313>) claimed ownership of a lock!
[23:26:08] Player (BlackStar, 76561198990415902)(<13406.710938, 5.101233, 2805.313965>) quick accessed a lock!
[23:26:56] Player (Skunky B, 76561198312217850)(<1926.267456, 256.351318, 11975.195313>) accessed a lock!
[23:26:56] Player (Skunky B, 76561198312217850)(<1926.267456, 256.351318, 11975.195313>) was added as a guest of a lock!
[23:30:03] Player (BlackStar, 76561198990415902)(<13406.710938, 5.101233, 2805.313965>) quick accessed a lock!
[23:32:58] Player ([SKS]Cpt.Kebab, 76561198162344833)(<3632.454834, 300.723511, 8580.231445>) quick accessed a lock!
[23:33:11] Player ((SKS) Jordan, 76561198999593356)(<3641.714111, 299.511383, 8595.862305>) set a new passcode on lock!
[23:33:11] Player ((SKS) Jordan, 76561198999593356)(<3641.714111, 299.511383, 8595.862305>) claimed ownership of a lock!
[23:33:16] Player ((SKS) Jordan, 76561198999593356)(<3641.714111, 299.511383, 8595.862305>) quick accessed a lock!
[23:33:39] Player ((SKS) Jordan, 76561198999593356)(<3632.454834, 300.723511, 8580.231445>) quick accessed a lock!
[23:35:46] Player ((SKS) Jordan, 76561198999593356)(<3641.714111, 299.511383, 8595.862305>) quick accessed a lock!
[23:41:27] Player ([SKS]Cpt.Kebab, 76561198162344833)(<3632.454834, 300.723511, 8580.231445>) quick accessed a lock!
[23:42:22] Player ((SKS) Jordan, 76561198999593356)(<3632.454834, 300.723511, 8580.231445>) quick accessed a lock!
[23:49:29] Player ((SKS) Jordan, 76561198999593356)(<3632.454834, 300.723511, 8580.231445>) quick accessed a lock!
[23:51:53] Player ((SKS) Jordan, 76561198999593356)(<3641.714111, 299.511383, 8595.862305>) quick accessed a lock!
[23:53:29] Player ((SKS) Jordan, 76561198999593356)(<3632.454834, 300.723511, 8580.231445>) quick accessed a lock!
[23:57:30] Player ((SKS) Jordan, 76561198999593356)(<3641.714111, 299.511383, 8595.862305>) quick accessed a lock!
[23:59:49] Player ((SKS) Jordan, 76561198999593356)(<3641.714111, 299.511383, 8595.862305>) quick accessed a lock!
[00:01:17] Player ([SKS]Cpt.Kebab, 76561198162344833)(<3632.454834, 300.723511, 8580.231445>) quick accessed a lock!
[00:22:00] Player ((SKS) Jordan, 76561198999593356)(<3632.454834, 300.723511, 8580.231445>) quick accessed a lock!
[00:22:02] Player (KILLA-QUEEN, 76561198328689163)(<1926.267456, 256.351318, 11975.195313>) quick accessed a lock!
[00:23:00] Player ((SKS) Jordan, 76561198999593356)(<3632.454834, 300.723511, 8580.231445>) quick accessed a lock!
[00:23:40] Player ((SKS) Jordan, 76561198999593356)(<3632.454834, 300.723511, 8580.231445>) quick accessed a lock!
[00:25:02] Player ((SKS) Jordan, 76561198999593356)(<3632.454834, 300.723511, 8580.231445>) quick accessed a lock!
[00:27:56] Player ((SKS) Jordan, 76561198999593356)(<3641.714111, 299.511383, 8595.862305>) quick accessed a lock!
[00:34:37] Player ((SKS) Jordan, 76561198999593356)(<3632.454834, 300.723511, 8580.231445>) quick accessed a lock!
[00:34:42] Player ((SKS) Jordan, 76561198999593356)(<3641.714111, 299.511383, 8595.862305>) quick accessed a lock!
[00:38:20] Player (KILLA-QUEEN, 76561198328689163)(<1926.267456, 256.351318, 11975.195313>) quick accessed a lock!
[00:50:58] Player (libertine09, 76561198198409010)(<13818.583008, 2.868771, 11150.428711>) quick accessed a lock!
[00:52:09] Player ((SKS) Jordan, 76561198999593356)(<3632.454834, 300.723511, 8580.231445>) quick accessed a lock!
[00:52:15] Player ((SKS) Jordan, 76561198999593356)(<3641.714111, 299.511383, 8595.862305>) quick accessed a lock!
[00:53:37] Player (libertine09, 76561198198409010)(<13831.146484, 1.238570, 11153.537109>) quick accessed a lock!
[01:04:30] Player ([SKS]Cpt.Kebab, 76561198162344833)(<3632.454834, 300.723511, 8580.231445>) quick accessed a lock!
[01:04:33] Player ([SKS]Cpt.Kebab, 76561198162344833)(<3632.454834, 300.723511, 8580.231445>) quick accessed a lock!
[01:13:35] Player (Chris.P.Duck, 76561199048973301)(<5089.782715, 289.264679, 6355.929688>) quick accessed a lock!
[01:25:30] Player (Chris.P.Duck, 76561199048973301)(<5089.782715, 289.264679, 6355.929688>) quick accessed a lock!
[01:25:35] Player (Chris.P.Duck, 76561199048973301)(<5089.782715, 289.264679, 6355.929688>) quick accessed a lock!
[01:28:00] Player (Chris.P.Duck, 76561199048973301)(<5089.782715, 289.264679, 6355.929688>) quick accessed a lock!
[01:29:59] Player (Chris.P.Duck, 76561199048973301)(<5089.782715, 289.264679, 6355.929688>) quick accessed a lock!
[01:31:51] Player (Chris.P.Duck, 76561199048973301)(<5093.225586, 287.311493, 6362.099121>) set a new passcode on lock!
[01:31:51] Player (Chris.P.Duck, 76561199048973301)(<5093.225586, 287.311493, 6362.099121>) claimed ownership of a lock!
[01:31:58] Player (Chris.P.Duck, 76561199048973301)(<5089.782715, 289.264679, 6355.929688>) quick accessed a lock!
[01:33:37] Player (Chris.P.Duck, 76561199048973301)(<5093.225586, 287.311493, 6362.099121>) quick accessed a lock!
[01:35:33] Player (Chris.P.Duck, 76561199048973301)(<5089.782715, 289.264679, 6355.929688>) quick accessed a lock!
[01:37:23] Player (Chris.P.Duck, 76561199048973301)(<5093.225586, 287.311493, 6362.099121>) quick accessed a lock!
[01:42:12] Player (Chris.P.Duck, 76561199048973301)(<5089.782715, 289.264679, 6355.929688>) quick accessed a lock!
[01:45:42] Player (Chris.P.Duck, 76561199048973301)(<5089.782715, 289.264679, 6355.929688>) quick accessed a lock!
[01:45:47] Player (Chris.P.Duck, 76561199048973301)(<5093.225586, 287.311493, 6362.099121>) quick accessed a lock!
[01:48:08] Player (Chris.P.Duck, 76561199048973301)(<5093.225586, 287.311493, 6362.099121>) quick accessed a lock!
[01:49:22] Player (Chris.P.Duck, 76561199048973301)(<5089.782715, 289.264679, 6355.929688>) quick accessed a lock!
[01:49:28] Player (Chris.P.Duck, 76561199048973301)(<5089.782715, 289.264679, 6355.929688>) quick accessed a lock!
[01:50:12] Player (Chris.P.Duck, 76561199048973301)(<5093.225586, 287.311493, 6362.099121>) quick accessed a lock!
[01:50:18] Player (Chris.P.Duck, 76561199048973301)(<5093.225586, 287.311493, 6362.099121>) quick accessed a lock!
[01:50:46] Player (Chris.P.Duck, 76561199048973301)(<5093.225586, 287.311493, 6362.099121>) quick accessed a lock!
[01:54:15] Player (Chris.P.Duck, 76561199048973301)(<5089.782715, 289.264679, 6355.929688>) quick accessed a lock!
[01:55:02] Player (Chris.P.Duck, 76561199048973301)(<5089.782715, 289.264679, 6355.929688>) quick accessed a lock!
[01:56:45] Player (Chris.P.Duck, 76561199048973301)(<5089.782715, 289.264679, 6355.929688>) quick accessed a lock!
