[05-05-2021][02.00.30] New Access Log File Created!
[02:04:55] Player (Reaper, 76561199122053225)(<6673.916504, 138.976578, 12629.808594>) quick accessed a lock!
[02:04:59] Player (Reaper, 76561199122053225)(<6686.201172, 138.976578, 12632.535156>) quick accessed a lock!
[02:17:30] Player (Reaper, 76561199122053225)(<6678.976563, 141.976578, 12626.583984>) quick accessed a lock!
[02:19:25] Player (Reaper, 76561199122053225)(<6680.250000, 141.976578, 12639.760742>) quick accessed a lock!
[02:22:36] Player (Reaper, 76561199122053225)(<6678.976563, 141.976578, 12626.583984>) quick accessed a lock!
[02:28:10] Player (Reaper, 76561199122053225)(<6678.976563, 141.976578, 12626.583984>) quick accessed a lock!
[02:29:39] Player (Reaper, 76561199122053225)(<6678.976563, 141.976578, 12626.583984>) quick accessed a lock!
[02:29:48] Player (Reaper, 76561199122053225)(<6686.201172, 138.976578, 12632.535156>) quick accessed a lock!
[02:30:28] Player (Reaper, 76561199122053225)(<6678.976563, 141.976578, 12626.583984>) quick accessed a lock!
[02:47:55] Player (Dingo, 76561197984956790)(<11137.587891, 201.167542, 13671.753906>) set a new passcode on lock!
[02:47:55] Player (Dingo, 76561197984956790)(<11137.587891, 201.167542, 13671.753906>) claimed ownership of a lock!
[02:47:59] Player (Dingo, 76561197984956790)(<11137.587891, 201.167542, 13671.753906>) quick accessed a lock!
[02:48:49] Player (Dingo, 76561197984956790)(<11137.587891, 201.167542, 13671.753906>) quick accessed a lock!
[02:50:38] Player (Dingo, 76561197984956790)(<11137.587891, 201.167542, 13671.753906>) changed the passcode on a lock! Clearing all guests...
[02:50:41] Player (Dingo, 76561197984956790)(<11137.587891, 201.167542, 13671.753906>) quick accessed a lock!
[02:55:32] Player (Dingo, 76561197984956790)(<11137.587891, 201.167542, 13671.753906>) quick accessed a lock!
[02:56:00] Player (Dingo, 76561197984956790)(<11137.587891, 201.167542, 13671.753906>) quick accessed a lock!
[02:57:05] Player (Dingo, 76561197984956790)(<11137.587891, 201.167542, 13671.753906>) quick accessed a lock!
[02:58:01] Player (Dingo, 76561197984956790)(<11137.587891, 201.167542, 13671.753906>) accessed a lock!
[02:58:01] Player (Dingo, 76561197984956790)(<11137.587891, 201.167542, 13671.753906>) was added as a guest of a lock!
[02:59:51] Player (Dingo, 76561197984956790)(<11137.587891, 201.167542, 13671.753906>) quick accessed a lock!
[03:15:11] Player (Dingo, 76561197984956790)(<11137.587891, 201.167542, 13671.753906>) quick accessed a lock!
[03:15:57] Player (Dingo, 76561197984956790)(<11137.587891, 201.167542, 13671.753906>) accessed a lock!
[03:15:57] Player (Dingo, 76561197984956790)(<11137.587891, 201.167542, 13671.753906>) was added as a guest of a lock!
[03:18:08] Player (Dingo, 76561197984956790)(<11137.587891, 201.167542, 13671.753906>) quick accessed a lock!
[04:54:01] Player (Dingo, 76561197984956790)(<11137.587891, 201.167542, 13671.753906>) quick accessed a lock!
[04:54:48] Player (Dingo, 76561197984956790)(<11137.587891, 201.167542, 13671.753906>) quick accessed a lock!
[04:55:02] Player (Dingo, 76561197984956790)(<11137.587891, 201.167542, 13671.753906>) accessed a lock!
[04:55:02] Player (Dingo, 76561197984956790)(<11137.587891, 201.167542, 13671.753906>) was added as a guest of a lock!
[05:26:43] Player (Dingo, 76561197984956790)(<11137.587891, 201.167542, 13671.753906>) quick accessed a lock!
[05:35:30] Player (Dingo, 76561197984956790)(<11137.587891, 201.167542, 13671.753906>) quick accessed a lock!
[05-05-2021][06.00.31] Log file reloaded ( Server Restart )
[06:22:36] Player (Dingo, 76561197984956790)(<11137.587891, 201.167542, 13671.753906>) quick accessed a lock!
[06:22:54] Player (Dingo, 76561197984956790)(<11137.587891, 201.167542, 13671.753906>) quick accessed a lock!
[07:35:05] Player (Jay moe, 76561199156952824)(<4637.919922, 275.013763, 6776.657715>) quick accessed a lock!
[07:35:19] Player (Jay moe, 76561199156952824)(<4625.470703, 275.633209, 6794.947266>) quick accessed a lock!
[07:37:08] Player (Jay moe, 76561199156952824)(<4625.470703, 275.633209, 6794.947266>) quick accessed a lock!
[07:37:15] Player (Jay moe, 76561199156952824)(<4624.593262, 274.634155, 6793.530762>) quick accessed a lock!
[07:38:28] Player (Jay moe, 76561199156952824)(<4624.593262, 274.634155, 6793.530762>) quick accessed a lock!
[07:41:45] Player (Jay moe, 76561199156952824)(<4624.593262, 274.634155, 6793.530762>) removed a lock!
[07:43:31] Player (Jay moe, 76561199156952824)(<4625.470703, 275.633209, 6794.947266>) quick accessed a lock!
[07:48:06] Player (Jay moe, 76561199156952824)(<4637.919922, 275.013763, 6776.657715>) quick accessed a lock!
[07:59:19] Player (Jay moe, 76561199156952824)(<4637.919922, 275.013763, 6776.657715>) quick accessed a lock!
[08:00:09] Player (Jay moe, 76561199156952824)(<4625.470703, 275.633209, 6794.947266>) quick accessed a lock!
[08:00:40] Player (Jay moe, 76561199156952824)(<4625.470703, 275.633209, 6794.947266>) quick accessed a lock!
[08:04:27] Player (Jay moe, 76561199156952824)(<4625.470703, 275.633209, 6794.947266>) quick accessed a lock!
[08:04:31] Player (Jay moe, 76561199156952824)(<4627.346680, 274.634155, 6795.547363>) quick accessed a lock!
[08:07:09] Player (Jay moe, 76561199156952824)(<4625.470703, 275.633209, 6794.947266>) quick accessed a lock!
[08:11:02] Player (Jay moe, 76561199156952824)(<4625.470703, 275.633209, 6794.947266>) quick accessed a lock!
[09:31:06] Player (Quiet, 76561198022860956)(<2036.751465, 238.423065, 7213.970215>) quick accessed a lock!
[09:31:23] Player (Quiet, 76561198022860956)(<2036.751465, 238.423065, 7213.970215>) quick accessed a lock!
[09:32:14] Player (Quiet, 76561198022860956)(<2036.751465, 238.423065, 7213.970215>) quick accessed a lock!
[05-05-2021][10.00.33] Log file reloaded ( Server Restart )
[11:34:52] Player (Steph Jones, 76561199148015671)(<3682.570801, 312.135803, 8917.326172>) quick accessed a lock!
[11:49:25] Player (Quiet, 76561198022860956)(<2036.751465, 238.423065, 7213.970215>) quick accessed a lock!
[11:52:43] Player (Quiet, 76561198022860956)(<2036.751465, 238.423065, 7213.970215>) quick accessed a lock!
[11:54:44] Player (Quiet, 76561198022860956)(<2027.790161, 241.213211, 7211.161133>) quick accessed a lock!
[11:56:16] Player (Quiet, 76561198022860956)(<2036.751465, 238.423065, 7213.970215>) quick accessed a lock!
[12:02:33] Player (Quiet, 76561198022860956)(<2036.751465, 238.423065, 7213.970215>) quick accessed a lock!
[12:03:40] Player ([TST] Tulcus, 76561198421975055)(<560.069580, 150.479095, 5399.389160>) quick accessed a lock!
[12:05:51] Player (Quiet, 76561198022860956)(<2036.751465, 238.423065, 7213.970215>) quick accessed a lock!
[12:06:55] Player (Quiet, 76561198022860956)(<2036.751465, 238.423065, 7213.970215>) quick accessed a lock!
[12:10:34] Player (Quiet, 76561198022860956)(<2036.751465, 238.423065, 7213.970215>) quick accessed a lock!
[12:14:44] Player (Quiet, 76561198022860956)(<2036.751465, 238.423065, 7213.970215>) quick accessed a lock!
[13:18:29] Player (Quiet, 76561198022860956)(<2036.751465, 238.423065, 7213.970215>) quick accessed a lock!
[13:19:35] Player (Steph Jones, 76561199148015671)(<3682.570801, 312.135803, 8917.326172>) quick accessed a lock!
[13:20:53] Player (Steph Jones, 76561199148015671)(<3655.866211, 310.412933, 8916.033203>) quick accessed a lock!
[13:21:19] Player (Steph Jones, 76561199148015671)(<3653.685791, 311.509644, 8909.794922>) quick accessed a lock!
[13:22:39] Player (Steph Jones, 76561199148015671)(<3655.866211, 310.412933, 8916.033203>) quick accessed a lock!
[13:24:58] Player (Quiet, 76561198022860956)(<2036.751465, 238.423065, 7213.970215>) quick accessed a lock!
[13:38:00] Player (Quiet, 76561198022860956)(<2036.751465, 238.423065, 7213.970215>) quick accessed a lock!
[13:40:05] Player (Steph Jones, 76561199148015671)(<3682.570801, 312.135803, 8917.326172>) quick accessed a lock!
[13:41:30] Player (Quiet, 76561198022860956)(<2024.369141, 244.371994, 7214.040039>) quick accessed a lock!
[13:43:37] Player (Quiet, 76561198022860956)(<2036.751465, 238.423065, 7213.970215>) quick accessed a lock!
[05-05-2021][14.05.33] Log file reloaded ( Server Restart )
[05-05-2021][15.11.25] Log file reloaded ( Server Restart )
[15:39:55] Player (Dr. Dingleberry, 76561198223714820)(<7381.828125, 388.117462, 9257.619141>) quick accessed a lock!
[15:41:12] Player (Quiet, 76561198022860956)(<2036.751465, 238.423065, 7213.970215>) quick accessed a lock!
[15:42:43] Player (Quiet, 76561198022860956)(<2036.751465, 238.423065, 7213.970215>) quick accessed a lock!
[15:43:45] Player (Quiet, 76561198022860956)(<2036.751465, 238.423065, 7213.970215>) quick accessed a lock!
[15:43:59] Player (Dr. Dingleberry, 76561198223714820)(<7379.029785, 391.082275, 9250.108398>) quick accessed a lock!
[15:47:44] Player (Steph Jones, 76561199148015671)(<3682.570801, 312.135803, 8917.326172>) quick accessed a lock!
[15:49:37] Player (Quiet, 76561198022860956)(<2036.751465, 238.423065, 7213.970215>) quick accessed a lock!
[15:49:42] Player (Quiet, 76561198022860956)(<2036.751465, 238.423065, 7213.970215>) quick accessed a lock!
[15:54:14] Player (Steph Jones, 76561199148015671)(<3682.570801, 312.135803, 8917.326172>) quick accessed a lock!
[15:54:34] Player (Steph Jones, 76561199148015671)(<3682.570801, 312.135803, 8917.326172>) quick accessed a lock!
[15:55:30] Player (Steph Jones, 76561199148015671)(<3682.570801, 312.135803, 8917.326172>) quick accessed a lock!
[15:59:27] Player (Quiet, 76561198022860956)(<2036.751465, 238.423065, 7213.970215>) quick accessed a lock!
[15:59:27] Player (Joe, 76561198350617269)(<8310.768555, 26.882141, 3345.443115>) quick accessed a lock!
[16:05:37] Player (Quiet, 76561198022860956)(<2036.751465, 238.423065, 7213.970215>) quick accessed a lock!
[16:07:10] Player (Quiet, 76561198022860956)(<2036.751465, 238.423065, 7213.970215>) quick accessed a lock!
[16:11:20] Player (Reaper, 76561199122053225)(<6680.250000, 141.976578, 12639.760742>) quick accessed a lock!
[16:11:26] Player (Reaper, 76561199122053225)(<6678.976563, 141.976578, 12626.583984>) quick accessed a lock!
[16:13:13] Player (Reaper, 76561199122053225)(<6678.976563, 141.976578, 12626.583984>) quick accessed a lock!
[16:14:32] Player (Reaper, 76561199122053225)(<6673.916504, 138.976578, 12629.808594>) quick accessed a lock!
[16:14:46] Player (Reaper, 76561199122053225)(<6686.201172, 138.976578, 12632.535156>) quick accessed a lock!
[16:15:15] Player (Reaper, 76561199122053225)(<6673.916504, 138.976578, 12629.808594>) quick accessed a lock!
[16:25:46] Player (Reaper, 76561199122053225)(<6673.916504, 138.976578, 12629.808594>) quick accessed a lock!
