[05-02-2021][02.00.30] New Access Log File Created!
[02:03:20] Player (Jay moe, 76561199156952824)(<8421.663086, 120.453537, 12893.845703>) quick accessed a lock!
[02:03:24] Player (Steph Jones, 76561199148015671)(<3682.570801, 312.135803, 8917.326172>) quick accessed a lock!
[02:03:37] Player (Jay moe, 76561199156952824)(<8424.422852, 134.053467, 12880.255859>) quick accessed a lock!
[03:19:12] Player (Steph Jones, 76561199148015671)(<3682.570801, 312.135803, 8917.326172>) quick accessed a lock!
[03:21:32] Player (Steph Jones, 76561199148015671)(<3682.570801, 312.135803, 8917.326172>) quick accessed a lock!
[03:25:24] Player (Steph Jones, 76561199148015671)(<3682.570801, 312.135803, 8917.326172>) quick accessed a lock!
[03:36:50] Player (Steph Jones, 76561199148015671)(<3655.866211, 310.412933, 8916.033203>) quick accessed a lock!
[03:37:54] Player (Steph Jones, 76561199148015671)(<3668.934570, 311.830566, 8929.802734>) quick accessed a lock!
[04:00:23] Player (Dr. Dingleberry, 76561198223714820)(<8233.718750, 472.400177, 9040.050781>) quick accessed a lock!
[04:01:26] Player (Jay moe, 76561199156952824)(<8421.663086, 120.453537, 12893.845703>) quick accessed a lock!
[04:02:16] Player (Jay moe, 76561199156952824)(<8424.422852, 134.053467, 12880.255859>) quick accessed a lock!
[04:04:19] Player (Jay moe, 76561199156952824)(<8420.357422, 134.053467, 12879.816406>) quick accessed a lock!
[04:04:22] Player (Dr. Dingleberry, 76561198223714820)(<8233.718750, 472.400177, 9040.050781>) quick accessed a lock!
[04:05:08] Player (Jay moe, 76561199156952824)(<8421.663086, 120.453537, 12893.845703>) quick accessed a lock!
[04:06:45] Player (Dr. Dingleberry, 76561198223714820)(<8230.761719, 472.400391, 9045.271484>) quick accessed a lock!
[04:07:28] Player (Jay moe, 76561199156952824)(<8421.663086, 120.453537, 12893.845703>) quick accessed a lock!
[04:08:18] Player (Jay moe, 76561199156952824)(<8421.366211, 134.053467, 12882.075195>) quick accessed a lock!
[04:10:21] Player (Jay moe, 76561199156952824)(<8424.422852, 134.053467, 12880.255859>) quick accessed a lock!
[04:13:48] Player (Jay moe, 76561199156952824)(<8421.663086, 120.453537, 12893.845703>) quick accessed a lock!
[04:20:49] Player (Kittykat, 76561197976576399)(<3219.885742, 312.810760, 7769.771484>) quick accessed a lock!
[04:28:21] Player (Kittykat, 76561197976576399)(<3209.312256, 311.606171, 7776.632324>) set a new passcode on lock!
[04:28:21] Player (Kittykat, 76561197976576399)(<3209.312256, 311.606171, 7776.632324>) claimed ownership of a lock!
[04:28:30] Player (Kittykat, 76561197976576399)(<3209.312256, 311.606171, 7776.632324>) quick accessed a lock!
[05:23:36] Player (Joe, 76561198350617269)(<8310.768555, 26.882141, 3345.443115>) quick accessed a lock!
[05:23:41] Player (Joe, 76561198350617269)(<8307.126953, 25.669998, 3345.149658>) quick accessed a lock!
[05-02-2021][06.00.30] Log file reloaded ( Server Restart )
[07:22:01] Player (Flashheart, 76561198037023350)(<5076.203125, 289.287689, 6365.828613>) quick accessed a lock!
[07:22:06] Player (Flashheart, 76561198037023350)(<5077.148438, 288.336121, 6368.136719>) quick accessed a lock!
[07:33:31] Player (Flashheart, 76561198037023350)(<5073.970215, 288.561981, 6356.671387>) quick accessed a lock!
[08:16:23] Player (Papirkutya, 76561198152771835)(<1709.948364, 173.124863, 5068.114258>) quick accessed a lock!
[08:16:37] Player (Papirkutya, 76561198152771835)(<1726.334595, 173.127731, 5063.627930>) quick accessed a lock!
[08:23:19] Player (Papirkutya, 76561198152771835)(<1726.334595, 173.127731, 5063.627930>) quick accessed a lock!
[08:27:05] Player (Papirkutya, 76561198152771835)(<1709.948364, 173.124863, 5068.114258>) quick accessed a lock!
[08:35:50] Player (Quiet, 76561198022860956)(<2036.751465, 238.423065, 7213.970215>) quick accessed a lock!
[08:35:55] Player (Quiet, 76561198022860956)(<2029.718262, 238.477158, 7209.020508>) quick accessed a lock!
[08:43:00] Player (Quiet, 76561198022860956)(<2036.751465, 238.423065, 7213.970215>) quick accessed a lock!
[08:45:44] Player (Quiet, 76561198022860956)(<2036.751465, 238.423065, 7213.970215>) quick accessed a lock!
[08:46:19] Player (Quiet, 76561198022860956)(<2036.751465, 238.423065, 7213.970215>) quick accessed a lock!
[08:46:23] Player (Quiet, 76561198022860956)(<2029.718262, 238.477158, 7209.020508>) quick accessed a lock!
[08:46:38] Player (Quiet, 76561198022860956)(<2036.751465, 238.423065, 7213.970215>) quick accessed a lock!
[08:50:10] Player (Papirkutya, 76561198152771835)(<1726.334595, 173.127731, 5063.627930>) quick accessed a lock!
[08:50:15] Player (Papirkutya, 76561198152771835)(<1709.948364, 173.124863, 5068.114258>) quick accessed a lock!
[09:19:31] Player (Dr. Dingleberry, 76561198223714820)(<8230.761719, 472.400391, 9045.271484>) quick accessed a lock!
[09:21:16] Player (Quiet, 76561198022860956)(<2036.751465, 238.423065, 7213.970215>) quick accessed a lock!
[09:31:07] Player (Quiet, 76561198022860956)(<2029.718262, 238.477158, 7209.020508>) quick accessed a lock!
[09:35:08] Player (Quiet, 76561198022860956)(<2036.751465, 238.423065, 7213.970215>) quick accessed a lock!
[09:43:50] Player (Dr. Dingleberry, 76561198223714820)(<8230.761719, 472.400391, 9045.271484>) quick accessed a lock!
[09:47:20] Player (Dr. Dingleberry, 76561198223714820)(<8233.718750, 472.400177, 9040.050781>) quick accessed a lock!
[09:49:31] Player (Dr. Dingleberry, 76561198223714820)(<8233.718750, 472.400177, 9040.050781>) quick accessed a lock!
[09:49:46] Player (Joe, 76561198350617269)(<8310.768555, 26.882141, 3345.443115>) quick accessed a lock!
[09:54:44] Player (Joe, 76561198350617269)(<8310.768555, 26.882141, 3345.443115>) quick accessed a lock!
[09:54:49] Player (Joe, 76561198350617269)(<8307.126953, 25.669998, 3345.149658>) quick accessed a lock!
[05-02-2021][10.00.38] Log file reloaded ( Server Restart )
[10:02:48] Player (Dr. Dingleberry, 76561198223714820)(<8230.761719, 472.400391, 9045.271484>) quick accessed a lock!
[10:08:52] Player (Steph Jones, 76561199148015671)(<3660.689941, 312.030304, 8918.222656>) quick accessed a lock!
[10:08:58] Player (Steph Jones, 76561199148015671)(<3664.058594, 310.816620, 8918.128906>) quick accessed a lock!
[10:11:21] Player (Steph Jones, 76561199148015671)(<3682.570801, 312.135803, 8917.326172>) quick accessed a lock!
[10:13:07] Player (Steph Jones, 76561199148015671)(<3682.570801, 312.135803, 8917.326172>) quick accessed a lock!
[10:13:38] Player (Dr. Dingleberry, 76561198223714820)(<8230.761719, 472.400391, 9045.271484>) quick accessed a lock!
[10:19:01] Player (Jay moe, 76561199156952824)(<8421.663086, 120.453537, 12893.845703>) quick accessed a lock!
[10:19:16] Player (Jay moe, 76561199156952824)(<8424.422852, 134.053467, 12880.255859>) quick accessed a lock!
[10:19:26] Player (Jay moe, 76561199156952824)(<8420.357422, 134.053467, 12879.816406>) quick accessed a lock!
[10:20:11] Player (Dr. Dingleberry, 76561198223714820)(<8230.761719, 472.400391, 9045.271484>) quick accessed a lock!
[10:21:33] Player (Jay moe, 76561199156952824)(<8420.357422, 134.053467, 12879.816406>) quick accessed a lock!
[10:24:05] Player (Jay moe, 76561199156952824)(<8421.366211, 134.053467, 12882.075195>) quick accessed a lock!
[10:25:55] Player (Jay moe, 76561199156952824)(<8421.663086, 120.453537, 12893.845703>) quick accessed a lock!
[10:28:44] Player (Dr. Dingleberry, 76561198223714820)(<8230.761719, 472.400391, 9045.271484>) quick accessed a lock!
[10:28:47] Player (Dr. Dingleberry, 76561198223714820)(<8230.761719, 472.400391, 9045.271484>) quick accessed a lock!
[10:29:43] Player (Quiet, 76561198022860956)(<2036.751465, 238.423065, 7213.970215>) quick accessed a lock!
[10:32:38] Player (Quiet, 76561198022860956)(<2036.751465, 238.423065, 7213.970215>) quick accessed a lock!
[10:38:33] Player (Quiet, 76561198022860956)(<2036.751465, 238.423065, 7213.970215>) quick accessed a lock!
[10:40:39] Player (Jay moe, 76561199156952824)(<8421.663086, 120.453537, 12893.845703>) quick accessed a lock!
[10:45:30] Player ([MF]Gh0sty, 76561198254602740)(<5802.733398, 475.875153, 15223.880859>) quick accessed a lock!
[10:47:42] Player (Quiet, 76561198022860956)(<2036.751465, 238.423065, 7213.970215>) quick accessed a lock!
[10:56:03] Player (Steph Jones, 76561199148015671)(<3668.934570, 311.830566, 8929.802734>) quick accessed a lock!
[10:59:56] Player (Steph Jones, 76561199148015671)(<3668.934570, 311.830566, 8929.802734>) quick accessed a lock!
[11:07:39] Player (Dr. Dingleberry, 76561198223714820)(<7377.483887, 384.983521, 9243.798828>) set a new passcode on lock!
[11:07:39] Player (Dr. Dingleberry, 76561198223714820)(<7377.483887, 384.983521, 9243.798828>) claimed ownership of a lock!
[11:07:40] Player (Dr. Dingleberry, 76561198223714820)(<7377.483887, 384.983521, 9243.798828>) quick accessed a lock!
[11:09:52] Player (Dr. Dingleberry, 76561198223714820)(<7377.483887, 384.983521, 9243.798828>) quick accessed a lock!
[11:15:07] Player ([MF]R@st@n@tor, 76561198035432577)(<5800.325195, 478.883514, 15224.071289>) quick accessed a lock!
[11:15:19] Player ([MF]Gh0sty, 76561198254602740)(<5802.733398, 475.875153, 15223.880859>) quick accessed a lock!
[11:15:39] Player ([MF]Gh0sty, 76561198254602740)(<5802.733398, 475.875153, 15223.880859>) quick accessed a lock!
[11:17:47] Player (Dr. Dingleberry, 76561198223714820)(<8230.761719, 472.400391, 9045.271484>) quick accessed a lock!
[11:18:10] Player ([MF]Gh0sty, 76561198254602740)(<5802.733398, 475.875153, 15223.880859>) quick accessed a lock!
[11:18:20] Player ([MF]Gh0sty, 76561198254602740)(<5805.270508, 475.874939, 15221.902344>) quick accessed a lock!
[11:18:38] Player (Dr. Dingleberry, 76561198223714820)(<8230.761719, 472.400391, 9045.271484>) quick accessed a lock!
[11:20:56] Player ([MF]R@st@n@tor, 76561198035432577)(<5805.560547, 478.943115, 15222.531250>) quick accessed a lock!
[11:20:57] Player (Dr. Dingleberry, 76561198223714820)(<7377.483887, 384.983521, 9243.798828>) quick accessed a lock!
[11:22:41] Player ([MF]Gh0sty, 76561198254602740)(<5805.270508, 475.874939, 15221.902344>) quick accessed a lock!
[11:23:23] Player (Dr. Dingleberry, 76561198223714820)(<7377.483887, 384.983521, 9243.798828>) quick accessed a lock!
[11:24:00] Player ([MF]Gh0sty, 76561198254602740)(<5802.733398, 475.875153, 15223.880859>) quick accessed a lock!
[11:24:39] Player ([MF]Gh0sty, 76561198254602740)(<5802.733398, 475.875153, 15223.880859>) quick accessed a lock!
[11:24:40] Player ([MF]Gh0sty, 76561198254602740)(<5805.270508, 475.874939, 15221.902344>) quick accessed a lock!
[11:26:58] Player ([MF]Gh0sty, 76561198254602740)(<5802.733398, 475.875153, 15223.880859>) quick accessed a lock!
[11:27:02] Player ([MF]Gh0sty, 76561198254602740)(<5805.270508, 475.874939, 15221.902344>) quick accessed a lock!
[11:28:32] Player ([MF]R@st@n@tor, 76561198035432577)(<5800.325195, 478.883514, 15224.071289>) quick accessed a lock!
[11:29:44] Player ([MF]Gh0sty, 76561198254602740)(<5802.733398, 475.875153, 15223.880859>) quick accessed a lock!
[11:29:47] Player ([MF]Gh0sty, 76561198254602740)(<5805.270508, 475.874939, 15221.902344>) quick accessed a lock!
[11:33:13] Player ([MF]Gh0sty, 76561198254602740)(<5802.733398, 475.875153, 15223.880859>) quick accessed a lock!
[11:33:17] Player ([MF]Gh0sty, 76561198254602740)(<5805.270508, 475.874939, 15221.902344>) quick accessed a lock!
[11:34:21] Player (Quiet, 76561198022860956)(<2036.751465, 238.423065, 7213.970215>) quick accessed a lock!
[11:34:32] Player ([MF]Gh0sty, 76561198254602740)(<5802.733398, 475.875153, 15223.880859>) quick accessed a lock!
[11:35:49] Player ([MF]Gh0sty, 76561198254602740)(<5802.605469, 475.899353, 15229.770508>) quick accessed a lock!
[11:36:03] Player ([MF]Gh0sty, 76561198254602740)(<5802.733398, 475.875153, 15223.880859>) quick accessed a lock!
[11:36:41] Player ([MF]Gh0sty, 76561198254602740)(<5802.733398, 475.875153, 15223.880859>) quick accessed a lock!
[11:36:43] Player ([MF]Gh0sty, 76561198254602740)(<5802.605469, 475.899353, 15229.770508>) quick accessed a lock!
[11:37:28] Player (Steph Jones, 76561199148015671)(<3682.570801, 312.135803, 8917.326172>) quick accessed a lock!
[11:38:13] Player (Quiet, 76561198022860956)(<2036.751465, 238.423065, 7213.970215>) quick accessed a lock!
[11:39:54] Player (Steph Jones, 76561199148015671)(<3660.689941, 312.030304, 8918.222656>) quick accessed a lock!
[11:40:46] Player (Steph Jones, 76561199148015671)(<3655.866211, 310.412933, 8916.033203>) quick accessed a lock!
[11:41:01] Player ([MF]R@st@n@tor, 76561198035432577)(<5805.560547, 478.943115, 15222.531250>) quick accessed a lock!
[11:41:23] Player ([MF]R@st@n@tor, 76561198035432577)(<5800.325195, 478.883514, 15224.071289>) quick accessed a lock!
[11:42:04] Player ([MF]Gh0sty, 76561198254602740)(<5802.733398, 475.875153, 15223.880859>) quick accessed a lock!
[11:42:50] Player ([MF]Gh0sty, 76561198254602740)(<5802.605469, 475.899353, 15229.770508>) quick accessed a lock!
[11:43:28] Player ([MF]Gh0sty, 76561198254602740)(<5802.733398, 475.875153, 15223.880859>) quick accessed a lock!
[11:43:33] Player ([MF]Gh0sty, 76561198254602740)(<5805.270508, 475.874939, 15221.902344>) quick accessed a lock!
[11:46:07] Player ([MF]Gh0sty, 76561198254602740)(<5802.733398, 475.875153, 15223.880859>) quick accessed a lock!
[11:47:03] Player ([MF]R@st@n@tor, 76561198035432577)(<5802.605469, 475.899353, 15229.770508>) quick accessed a lock!
[11:47:33] Player ([MF]Gh0sty, 76561198254602740)(<5802.733398, 475.875153, 15223.880859>) quick accessed a lock!
[11:48:05] Player (Dr. Dingleberry, 76561198223714820)(<7377.483887, 384.983521, 9243.798828>) quick accessed a lock!
[11:49:19] Player (Dr. Dingleberry, 76561198223714820)(<7377.483887, 384.983521, 9243.798828>) quick accessed a lock!
[11:49:31] Player (Dr. Dingleberry, 76561198223714820)(<7377.483887, 384.983521, 9243.798828>) quick accessed a lock!
[11:50:33] Player ([MF]Gh0sty, 76561198254602740)(<5805.270508, 475.874939, 15221.902344>) quick accessed a lock!
[11:51:30] Player (Steph Jones, 76561199148015671)(<3664.058594, 310.816620, 8918.128906>) quick accessed a lock!
[11:52:52] Player (Steph Jones, 76561199148015671)(<3655.866211, 310.412933, 8916.033203>) quick accessed a lock!
[11:55:53] Player ([MF]Gh0sty, 76561198254602740)(<5802.605469, 475.899353, 15229.770508>) quick accessed a lock!
[11:55:56] Player ([MF]Gh0sty, 76561198254602740)(<5802.733398, 475.875153, 15223.880859>) quick accessed a lock!
[11:55:58] Player (Steph Jones, 76561199148015671)(<3653.685791, 311.509644, 8909.794922>) quick accessed a lock!
[11:59:23] Player ([MF]R@st@n@tor, 76561198035432577)(<5802.605469, 475.899353, 15229.770508>) quick accessed a lock!
[11:59:34] Player ([MF]Gh0sty, 76561198254602740)(<5802.733398, 475.875153, 15223.880859>) quick accessed a lock!
[12:00:20] Player ([MF]R@st@n@tor, 76561198035432577)(<5800.325195, 478.883514, 15224.071289>) quick accessed a lock!
[12:02:18] Player ([MF]Gh0sty, 76561198254602740)(<5802.733398, 475.875153, 15223.880859>) quick accessed a lock!
[12:03:59] Player ([MF]Gh0sty, 76561198254602740)(<5805.270508, 475.874939, 15221.902344>) quick accessed a lock!
[12:06:59] Player ([MF]Gh0sty, 76561198254602740)(<5802.733398, 475.875153, 15223.880859>) quick accessed a lock!
[12:08:46] Player ([MF]Gh0sty, 76561198254602740)(<5802.733398, 475.875153, 15223.880859>) quick accessed a lock!
[12:08:54] Player ([MF]Gh0sty, 76561198254602740)(<5802.605469, 475.899353, 15229.770508>) quick accessed a lock!
[12:09:00] Player ([MF]Gh0sty, 76561198254602740)(<5802.605469, 475.899353, 15229.770508>) quick accessed a lock!
[12:09:02] Player ([MF]Gh0sty, 76561198254602740)(<5802.733398, 475.875153, 15223.880859>) quick accessed a lock!
[12:09:24] Player (Joe, 76561198350617269)(<8310.768555, 26.882141, 3345.443115>) quick accessed a lock!
[12:10:31] Player ([MF]Gh0sty, 76561198254602740)(<5802.605469, 475.899353, 15229.770508>) quick accessed a lock!
[12:11:25] Player ([MF]Gh0sty, 76561198254602740)(<5802.733398, 475.875153, 15223.880859>) quick accessed a lock!
[12:11:28] Player ([MF]Gh0sty, 76561198254602740)(<5805.270508, 475.874939, 15221.902344>) quick accessed a lock!
[12:12:37] Player ([MF]Gh0sty, 76561198254602740)(<5805.270508, 475.874939, 15221.902344>) quick accessed a lock!
[12:14:15] Player (Quiet, 76561198022860956)(<2036.751465, 238.423065, 7213.970215>) quick accessed a lock!
[12:14:36] Player (Quiet, 76561198022860956)(<2036.751465, 238.423065, 7213.970215>) quick accessed a lock!
[12:14:56] Player ([MF]Gh0sty, 76561198254602740)(<5805.270508, 475.874939, 15221.902344>) quick accessed a lock!
[12:15:12] Player ([MF]R@st@n@tor, 76561198035432577)(<5800.325195, 478.883514, 15224.071289>) quick accessed a lock!
[12:17:54] Player ([MF]Gh0sty, 76561198254602740)(<5805.270508, 475.874939, 15221.902344>) quick accessed a lock!
[12:19:09] Player ([MF]R@st@n@tor, 76561198035432577)(<5805.560547, 478.943115, 15222.531250>) quick accessed a lock!
[12:20:37] Player ([MF]Gh0sty, 76561198254602740)(<5805.270508, 475.874939, 15221.902344>) quick accessed a lock!
[12:21:19] Player (Steph Jones, 76561199148015671)(<3655.866211, 310.412933, 8916.033203>) quick accessed a lock!
[12:22:55] Player ([MF]R@st@n@tor, 76561198035432577)(<5805.560547, 478.943115, 15222.531250>) quick accessed a lock!
[12:23:55] Player ([MF]R@st@n@tor, 76561198035432577)(<5811.475586, 473.619995, 15247.096680>) quick accessed a lock!
[12:24:02] Player ([MF]Gh0sty, 76561198254602740)(<5802.733398, 475.875153, 15223.880859>) quick accessed a lock!
[12:24:05] Player ([MF]Gh0sty, 76561198254602740)(<5802.733398, 475.875153, 15223.880859>) quick accessed a lock!
[12:24:52] Player ([MF]Gh0sty, 76561198254602740)(<5802.733398, 475.875153, 15223.880859>) quick accessed a lock!
[12:24:55] Player ([MF]Gh0sty, 76561198254602740)(<5805.270508, 475.874939, 15221.902344>) quick accessed a lock!
[12:26:12] Player ([MF]R@st@n@tor, 76561198035432577)(<5811.475586, 473.619995, 15247.096680>) quick accessed a lock!
[12:26:30] Player ([MF]Gh0sty, 76561198254602740)(<5802.605469, 475.899353, 15229.770508>) quick accessed a lock!
[12:26:31] Player ([MF]Gh0sty, 76561198254602740)(<5802.733398, 475.875153, 15223.880859>) quick accessed a lock!
[12:26:56] Player ([MF]Gh0sty, 76561198254602740)(<5805.270508, 475.874939, 15221.902344>) quick accessed a lock!
[12:28:44] Player ([MF]Gh0sty, 76561198254602740)(<5802.605469, 475.899353, 15229.770508>) quick accessed a lock!
[12:28:46] Player ([MF]Gh0sty, 76561198254602740)(<5802.733398, 475.875153, 15223.880859>) quick accessed a lock!
[12:29:21] Player (Quiet, 76561198022860956)(<2036.751465, 238.423065, 7213.970215>) quick accessed a lock!
[12:29:38] Player ([MF]Gh0sty, 76561198254602740)(<5811.475586, 473.619995, 15247.096680>) quick accessed a lock!
[12:45:26] Player (Quiet, 76561198022860956)(<2029.718262, 238.477158, 7209.020508>) quick accessed a lock!
[12:51:48] Player (Quiet, 76561198022860956)(<2036.751465, 238.423065, 7213.970215>) quick accessed a lock!
[12:59:48] Player (Steph Jones, 76561199148015671)(<3655.866211, 310.412933, 8916.033203>) quick accessed a lock!
[13:02:33] Player (Steph Jones, 76561199148015671)(<3653.685791, 311.509644, 8909.794922>) quick accessed a lock!
[13:02:51] Player (Jordan, 76561198999593356)(<9157.128906, 293.545837, 14844.498047>) quick accessed a lock!
[13:03:28] Player (Jordan, 76561198999593356)(<9166.987305, 292.329224, 14849.906250>) quick accessed a lock!
[13:04:07] Player (Flashheart, 76561198037023350)(<5073.970215, 288.561981, 6356.671387>) quick accessed a lock!
[13:04:36] Player (Flashheart, 76561198037023350)(<5076.203125, 289.287689, 6365.828613>) quick accessed a lock!
[13:06:12] Player (Jordan, 76561198999593356)(<9166.987305, 292.329224, 14849.906250>) quick accessed a lock!
[13:07:06] Player (Quiet, 76561198022860956)(<2036.751465, 238.423065, 7213.970215>) quick accessed a lock!
[13:07:48] Player (Jordan, 76561198999593356)(<9157.128906, 293.545837, 14844.498047>) quick accessed a lock!
[13:08:05] Player (Jordan, 76561198999593356)(<9157.128906, 293.545837, 14844.498047>) quick accessed a lock!
[13:08:50] Player (Steph Jones, 76561199148015671)(<3682.570801, 312.135803, 8917.326172>) quick accessed a lock!
[13:10:05] Player (Steph Jones, 76561199148015671)(<3682.570801, 312.135803, 8917.326172>) quick accessed a lock!
[13:11:07] Player (Steph Jones, 76561199148015671)(<3682.570801, 312.135803, 8917.326172>) quick accessed a lock!
[13:11:24] Player (Jordan, 76561198999593356)(<9157.128906, 293.545837, 14844.498047>) quick accessed a lock!
[13:12:13] Player (Steph Jones, 76561199148015671)(<3682.570801, 312.135803, 8917.326172>) quick accessed a lock!
[13:13:36] Player (Jordan, 76561198999593356)(<9157.128906, 293.545837, 14844.498047>) quick accessed a lock!
[13:14:13] Player (Jordan, 76561198999593356)(<9166.987305, 292.329224, 14849.906250>) quick accessed a lock!
[13:21:10] Player (Dr. Dingleberry, 76561198223714820)(<7377.483887, 384.983521, 9243.798828>) quick accessed a lock!
[13:21:51] Player (Dr. Dingleberry, 76561198223714820)(<7377.483887, 384.983521, 9243.798828>) quick accessed a lock!
[13:22:24] Player (Dr. Dingleberry, 76561198223714820)(<7377.483887, 384.983521, 9243.798828>) quick accessed a lock!
[13:22:45] Player (Steph Jones, 76561199148015671)(<3682.570801, 312.135803, 8917.326172>) quick accessed a lock!
[13:23:12] Player (Flashheart, 76561198037023350)(<5077.148438, 288.336121, 6368.136719>) quick accessed a lock!
[13:24:35] Player (Dr. Dingleberry, 76561198223714820)(<7377.483887, 384.983521, 9243.798828>) quick accessed a lock!
[13:24:47] Player (Kittykat, 76561197976576399)(<3209.312256, 311.606171, 7776.632324>) quick accessed a lock!
[13:26:05] Player (Dr. Dingleberry, 76561198223714820)(<7377.483887, 384.983521, 9243.798828>) quick accessed a lock!
[13:26:29] Player (Flashheart, 76561198037023350)(<5076.203125, 289.287689, 6365.828613>) quick accessed a lock!
[13:26:52] Player (Flashheart, 76561198037023350)(<5076.203125, 289.287689, 6365.828613>) quick accessed a lock!
[13:30:17] Player (Jordan, 76561198999593356)(<9157.128906, 293.545837, 14844.498047>) quick accessed a lock!
[13:35:34] Player (Dr. Dingleberry, 76561198223714820)(<7377.483887, 384.983521, 9243.798828>) quick accessed a lock!
[13:36:47] Player (Quiet, 76561198022860956)(<2029.718262, 238.477158, 7209.020508>) quick accessed a lock!
[13:37:25] Player (Dr. Dingleberry, 76561198223714820)(<7377.483887, 384.983521, 9243.798828>) quick accessed a lock!
[13:46:00] Player (Joe, 76561198350617269)(<8310.768555, 26.882141, 3345.443115>) quick accessed a lock!
[13:48:31] Player (ShotKill, 76561198301100124)(<1805.950439, 290.723114, 9139.339844>) quick accessed a lock!
[13:51:06] Player (ShotKill, 76561198301100124)(<1805.950439, 290.723114, 9139.339844>) quick accessed a lock!
[13:52:55] Player (ShotKill, 76561198301100124)(<1805.950439, 290.723114, 9139.339844>) quick accessed a lock!
[13:53:23] Player (ShotKill, 76561198301100124)(<1805.950439, 290.723114, 9139.339844>) quick accessed a lock!
[13:58:27] Player (Dr. Dingleberry, 76561198223714820)(<7377.483887, 384.983521, 9243.798828>) quick accessed a lock!
[13:58:44] Player (Dr. Dingleberry, 76561198223714820)(<7377.483887, 384.983521, 9243.798828>) quick accessed a lock!
[05-02-2021][14.00.32] Log file reloaded ( Server Restart )
[14:03:37] Player (Dr. Dingleberry, 76561198223714820)(<7377.483887, 384.983521, 9243.798828>) quick accessed a lock!
[14:09:45] Player (Dr. Dingleberry, 76561198223714820)(<7377.483887, 384.983521, 9243.798828>) quick accessed a lock!
[14:12:31] Player (Joe, 76561198350617269)(<8310.768555, 26.882141, 3345.443115>) quick accessed a lock!
[14:18:45] Player (Quiet, 76561198022860956)(<2036.751465, 238.423065, 7213.970215>) quick accessed a lock!
[14:18:51] Player (Dr. Dingleberry, 76561198223714820)(<7377.483887, 384.983521, 9243.798828>) quick accessed a lock!
[14:21:09] Player (Dr. Dingleberry, 76561198223714820)(<7377.483887, 384.983521, 9243.798828>) quick accessed a lock!
[14:24:45] Player (Dr. Dingleberry, 76561198223714820)(<7379.029785, 391.082275, 9250.108398>) set a new passcode on lock!
[14:24:45] Player (Dr. Dingleberry, 76561198223714820)(<7379.029785, 391.082275, 9250.108398>) claimed ownership of a lock!
[14:24:47] Player (Dr. Dingleberry, 76561198223714820)(<7379.029785, 391.082275, 9250.108398>) quick accessed a lock!
[14:27:42] Player (Quiet, 76561198022860956)(<2029.718262, 238.477158, 7209.020508>) quick accessed a lock!
[14:30:58] Player (Quiet, 76561198022860956)(<2036.751465, 238.423065, 7213.970215>) quick accessed a lock!
[14:31:02] Player (Dr. Dingleberry, 76561198223714820)(<7377.483887, 384.983521, 9243.798828>) quick accessed a lock!
[14:33:54] Player (Dr. Dingleberry, 76561198223714820)(<7379.029785, 391.082275, 9250.108398>) quick accessed a lock!
[14:34:20] Player ([SKS]Cpt.Kebab, 76561198162344833)(<3642.550049, 299.046753, 8565.995117>) quick accessed a lock!
[14:35:40] Player ([SKS]Cpt.Kebab, 76561198162344833)(<3632.454834, 300.723511, 8580.231445>) quick accessed a lock!
[14:39:05] Player (Quiet, 76561198022860956)(<2036.751465, 238.423065, 7213.970215>) quick accessed a lock!
[14:46:24] Player (ShotKill, 76561198301100124)(<1805.950439, 290.723114, 9139.339844>) quick accessed a lock!
[14:47:20] Player (ShotKill, 76561198301100124)(<1805.950439, 290.723114, 9139.339844>) quick accessed a lock!
[14:50:08] Player (ShotKill, 76561198301100124)(<1805.950439, 290.723114, 9139.339844>) quick accessed a lock!
[14:52:09] Player (ShotKill, 76561198301100124)(<1805.950439, 290.723114, 9139.339844>) quick accessed a lock!
[14:54:09] Player (ShotKill, 76561198301100124)(<1805.950439, 290.723114, 9139.339844>) quick accessed a lock!
[14:55:26] Player (grizzly bear, 76561198839448946)(<5073.970215, 288.561981, 6356.671387>) quick accessed a lock!
[15:01:50] Player (ShotKill, 76561198301100124)(<1805.950439, 290.723114, 9139.339844>) quick accessed a lock!
[15:02:04] Player (grizzly bear, 76561198839448946)(<5073.970215, 288.561981, 6356.671387>) quick accessed a lock!
[15:09:48] Player (grizzly bear, 76561198839448946)(<5073.970215, 288.561981, 6356.671387>) quick accessed a lock!
[15:10:54] Player (grizzly bear, 76561198839448946)(<5073.970215, 288.561981, 6356.671387>) quick accessed a lock!
[15:11:09] Player (Jay moe, 76561199156952824)(<8421.663086, 120.453537, 12893.845703>) quick accessed a lock!
[15:11:36] Player (grizzly bear, 76561198839448946)(<5073.970215, 288.561981, 6356.671387>) quick accessed a lock!
[15:17:36] Player (Toppskillz, 76561198143912910)(<5073.970215, 288.561981, 6356.671387>) accessed a lock!
[15:17:36] Player (Toppskillz, 76561198143912910)(<5073.970215, 288.561981, 6356.671387>) was added as a guest of a lock!
[15:30:06] Player (frenchy, 76561198969225016)(<13415.737305, 5.282672, 2801.227051>) quick accessed a lock!
[15:46:47] Player (Flashheart, 76561198037023350)(<5076.203125, 289.287689, 6365.828613>) quick accessed a lock!
[15:47:22] Player (frenchy, 76561198969225016)(<13414.140625, 4.331104, 2799.488770>) quick accessed a lock!
[15:48:32] Player (grizzly bear, 76561198839448946)(<5073.970215, 288.561981, 6356.671387>) quick accessed a lock!
[15:48:42] Player (Flashheart, 76561198037023350)(<5073.970215, 288.561981, 6356.671387>) quick accessed a lock!
[15:50:19] Player (Papirkutya, 76561198152771835)(<1726.334595, 173.127731, 5063.627930>) quick accessed a lock!
[15:50:44] Player (Papirkutya, 76561198152771835)(<1709.948364, 173.124863, 5068.114258>) quick accessed a lock!
[15:52:14] Player (grizzly bear, 76561198839448946)(<5073.970215, 288.561981, 6356.671387>) quick accessed a lock!
[15:52:32] Player (Flashheart, 76561198037023350)(<5073.970215, 288.561981, 6356.671387>) quick accessed a lock!
[15:52:36] Player (Flashheart, 76561198037023350)(<5076.203125, 289.287689, 6365.828613>) quick accessed a lock!
[15:52:44] Player (Flashheart, 76561198037023350)(<5076.203125, 289.287689, 6365.828613>) quick accessed a lock!
[15:53:25] Player (Flashheart, 76561198037023350)(<5077.148438, 288.336121, 6368.136719>) quick accessed a lock!
[15:55:47] Player (Flashheart, 76561198037023350)(<5073.970215, 288.561981, 6356.671387>) quick accessed a lock!
[15:56:37] Player (Papirkutya, 76561198152771835)(<1726.334595, 173.127731, 5063.627930>) quick accessed a lock!
[15:58:52] Player (Papirkutya, 76561198152771835)(<1726.334595, 173.127731, 5063.627930>) quick accessed a lock!
[15:58:56] Player (Papirkutya, 76561198152771835)(<1709.948364, 173.124863, 5068.114258>) quick accessed a lock!
[16:03:47] Player (ShotKill, 76561198301100124)(<1805.950439, 290.723114, 9139.339844>) quick accessed a lock!
[16:05:59] Player (ShotKill, 76561198301100124)(<1805.950439, 290.723114, 9139.339844>) quick accessed a lock!
[16:06:14] Player (ShotKill, 76561198301100124)(<1805.950439, 290.723114, 9139.339844>) quick accessed a lock!
[16:11:57] Player (ShotKill, 76561198301100124)(<1805.950439, 290.723114, 9139.339844>) quick accessed a lock!
[16:21:51] Player (Papirkutya, 76561198152771835)(<1726.334595, 173.127731, 5063.627930>) quick accessed a lock!
[16:22:16] Player ([TST] Tulcus, 76561198421975055)(<560.069580, 150.479095, 5399.389160>) quick accessed a lock!
[16:23:03] Player (Papirkutya, 76561198152771835)(<1709.948364, 173.124863, 5068.114258>) quick accessed a lock!
[16:23:11] Player ([TST] Tulcus, 76561198421975055)(<549.679626, 150.441635, 5387.625977>) quick accessed a lock!
[16:26:38] Player (Papirkutya, 76561198152771835)(<1726.334595, 173.127731, 5063.627930>) quick accessed a lock!
[16:27:38] Player ([TST] Tulcus, 76561198421975055)(<560.069580, 150.479095, 5399.389160>) quick accessed a lock!
[16:28:11] Player (Papirkutya, 76561198152771835)(<1709.948364, 173.124863, 5068.114258>) quick accessed a lock!
[16:38:03] Player ([MF]Gh0sty, 76561198254602740)(<5811.475586, 473.619995, 15247.096680>) quick accessed a lock!
[16:38:29] Player ([MF]Gh0sty, 76561198254602740)(<5802.605469, 475.899353, 15229.770508>) quick accessed a lock!
[16:38:34] Player ([MF]Gh0sty, 76561198254602740)(<5802.733398, 475.875153, 15223.880859>) quick accessed a lock!
[16:38:39] Player ([MF]Gh0sty, 76561198254602740)(<5805.270508, 475.874939, 15221.902344>) quick accessed a lock!
[16:41:03] Player (Joe, 76561198350617269)(<8310.768555, 26.882141, 3345.443115>) quick accessed a lock!
[16:43:02] Player (Papirkutya, 76561198152771835)(<1709.948364, 173.124863, 5068.114258>) quick accessed a lock!
[16:43:14] Player (Papirkutya, 76561198152771835)(<1709.948364, 173.124863, 5068.114258>) quick accessed a lock!
[16:43:49] Player (Papirkutya, 76561198152771835)(<1726.334595, 173.127731, 5063.627930>) quick accessed a lock!
[16:44:34] Player ([MF]Gh0sty, 76561198254602740)(<5802.733398, 475.875153, 15223.880859>) quick accessed a lock!
[16:45:24] Player ([MF]Gh0sty, 76561198254602740)(<5802.605469, 475.899353, 15229.770508>) quick accessed a lock!
[16:47:49] Player (Jay moe, 76561199156952824)(<8421.663086, 120.453537, 12893.845703>) quick accessed a lock!
[16:48:04] Player ([MF]Gh0sty, 76561198254602740)(<5802.733398, 475.875153, 15223.880859>) quick accessed a lock!
[16:48:17] Player (Ansiley, 76561199146161640)(<2012.234375, 243.412033, 7035.773438>) set a new passcode on lock!
[16:48:17] Player (Ansiley, 76561199146161640)(<2012.234375, 243.412033, 7035.773438>) claimed ownership of a lock!
[16:48:18] Player (Ansiley, 76561199146161640)(<2012.234375, 243.412033, 7035.773438>) quick accessed a lock!
[16:48:26] Player ([MF]Gh0sty, 76561198254602740)(<5802.733398, 475.875153, 15223.880859>) quick accessed a lock!
[16:48:32] Player (Jay moe, 76561199156952824)(<8421.366211, 134.053467, 12882.075195>) quick accessed a lock!
[16:48:47] Player (Korwiin, 76561198013080573)(<9157.128906, 293.545837, 14844.498047>) quick accessed a lock!
[16:49:06] Player (Ansiley, 76561199146161640)(<2012.234375, 243.412033, 7035.773438>) quick accessed a lock!
[16:49:55] Player ([MF]Gh0sty, 76561198254602740)(<5802.733398, 475.875153, 15223.880859>) quick accessed a lock!
[16:52:09] Player (Korwiin, 76561198013080573)(<9166.987305, 292.329224, 14849.906250>) quick accessed a lock!
[17:05:25] Player (Jay moe, 76561199156952824)(<8421.663086, 120.453537, 12893.845703>) quick accessed a lock!
[17:05:31] Player (Korwiin, 76561198013080573)(<9166.987305, 292.329224, 14849.906250>) quick accessed a lock!
[17:06:07] Player (Joe, 76561198350617269)(<8310.768555, 26.882141, 3345.443115>) quick accessed a lock!
[17:07:40] Player (Korwiin, 76561198013080573)(<9166.987305, 292.329224, 14849.906250>) quick accessed a lock!
[17:08:48] Player (Korwiin, 76561198013080573)(<9157.128906, 293.545837, 14844.498047>) quick accessed a lock!
[17:09:55] Player (frenchy, 76561198969225016)(<13415.737305, 5.282672, 2801.227051>) quick accessed a lock!
[17:10:58] Player ([MF]Gh0sty, 76561198254602740)(<5802.733398, 475.875153, 15223.880859>) quick accessed a lock!
[17:10:59] Player ([MF]Gh0sty, 76561198254602740)(<5805.270508, 475.874939, 15221.902344>) quick accessed a lock!
[17:12:18] Player ([MF]Gh0sty, 76561198254602740)(<5805.270508, 475.874939, 15221.902344>) quick accessed a lock!
[17:16:14] Player (Jay moe, 76561199156952824)(<8421.663086, 120.453537, 12893.845703>) quick accessed a lock!
[17:17:24] Player (Korwiin, 76561198013080573)(<9157.128906, 293.545837, 14844.498047>) quick accessed a lock!
[17:20:29] Player (Korwiin, 76561198013080573)(<9157.128906, 293.545837, 14844.498047>) quick accessed a lock!
[17:21:31] Player (Korwiin, 76561198013080573)(<9157.128906, 293.545837, 14844.498047>) quick accessed a lock!
[17:22:31] Player (Flashheart, 76561198037023350)(<5073.970215, 288.561981, 6356.671387>) quick accessed a lock!
[17:22:37] Player (Flashheart, 76561198037023350)(<5076.203125, 289.287689, 6365.828613>) quick accessed a lock!
[17:22:42] Player (Flashheart, 76561198037023350)(<5077.148438, 288.336121, 6368.136719>) quick accessed a lock!
[17:24:15] Player (Korwiin, 76561198013080573)(<9166.987305, 292.329224, 14849.906250>) quick accessed a lock!
[17:24:33] Player (Korwiin, 76561198013080573)(<9157.128906, 293.545837, 14844.498047>) quick accessed a lock!
[17:26:11] Player (Korwiin, 76561198013080573)(<9166.987305, 292.329224, 14849.906250>) quick accessed a lock!
[17:27:28] Player (Korwiin, 76561198013080573)(<9157.128906, 293.545837, 14844.498047>) quick accessed a lock!
[17:29:12] Player (Korwiin, 76561198013080573)(<9166.987305, 292.329224, 14849.906250>) quick accessed a lock!
[17:33:15] Player (Flashheart, 76561198037023350)(<5075.944824, 288.336121, 6368.896484>) quick accessed a lock!
[17:35:54] Player (Jay moe, 76561199156952824)(<8420.357422, 134.053467, 12879.816406>) quick accessed a lock!
[17:36:45] Player (Jay moe, 76561199156952824)(<8424.422852, 134.053467, 12880.255859>) quick accessed a lock!
[17:37:41] Player (Flashheart, 76561198037023350)(<5073.970215, 288.561981, 6356.671387>) quick accessed a lock!
[17:37:57] Player ([MF]Gh0sty, 76561198254602740)(<5802.733398, 475.875153, 15223.880859>) quick accessed a lock!
[17:38:10] Player ([MF]Gh0sty, 76561198254602740)(<5805.270508, 475.874939, 15221.902344>) quick accessed a lock!
[17:38:20] Player ([TST] Tulcus, 76561198421975055)(<549.679626, 150.441635, 5387.625977>) quick accessed a lock!
[17:39:36] Player (Jay moe, 76561199156952824)(<8424.422852, 134.053467, 12880.255859>) quick accessed a lock!
[17:39:42] Player ([MF]Gh0sty, 76561198254602740)(<5805.270508, 475.874939, 15221.902344>) quick accessed a lock!
[17:40:01] Player ([MF]Gh0sty, 76561198254602740)(<5805.270508, 475.874939, 15221.902344>) quick accessed a lock!
[17:40:19] Player ([MF]Gh0sty, 76561198254602740)(<5805.270508, 475.874939, 15221.902344>) quick accessed a lock!
[17:41:48] Player (Papirkutya, 76561198152771835)(<1726.334595, 173.127731, 5063.627930>) quick accessed a lock!
[17:42:15] Player ([MF]Gh0sty, 76561198254602740)(<5802.605469, 475.899353, 15229.770508>) quick accessed a lock!
[17:42:32] Player (Flashheart, 76561198037023350)(<5073.970215, 288.561981, 6356.671387>) quick accessed a lock!
[17:42:55] Player (Papirkutya, 76561198152771835)(<1709.948364, 173.124863, 5068.114258>) quick accessed a lock!
[17:43:47] Player (Papirkutya, 76561198152771835)(<1709.948364, 173.124863, 5068.114258>) quick accessed a lock!
[17:44:01] Player (Papirkutya, 76561198152771835)(<1709.948364, 173.124863, 5068.114258>) quick accessed a lock!
[17:44:21] Player (Papirkutya, 76561198152771835)(<1709.948364, 173.124863, 5068.114258>) quick accessed a lock!
[17:45:44] Player ([MF]Gh0sty, 76561198254602740)(<5802.605469, 475.899353, 15229.770508>) quick accessed a lock!
[17:47:07] Player (Jay moe, 76561199156952824)(<8420.357422, 134.053467, 12879.816406>) quick accessed a lock!
[17:47:40] Player (Jay moe, 76561199156952824)(<8421.366211, 134.053467, 12882.075195>) quick accessed a lock!
[17:47:55] Player (Jay moe, 76561199156952824)(<8424.422852, 134.053467, 12880.255859>) quick accessed a lock!
[17:48:35] Player (Jay moe, 76561199156952824)(<8421.366211, 134.053467, 12882.075195>) quick accessed a lock!
[17:53:46] Player (Flashheart, 76561198037023350)(<5075.944824, 288.336121, 6368.896484>) quick accessed a lock!
[17:54:14] Player (Flashheart, 76561198037023350)(<5077.148438, 288.336121, 6368.136719>) quick accessed a lock!
[17:54:33] Player (Flashheart, 76561198037023350)(<5076.203125, 289.287689, 6365.828613>) quick accessed a lock!
[17:55:20] Player ([MF]Gh0sty, 76561198254602740)(<5802.605469, 475.899353, 15229.770508>) quick accessed a lock!
[17:56:00] Player (Korwiin, 76561198013080573)(<9157.128906, 293.545837, 14844.498047>) quick accessed a lock!
[17:56:32] Player ([MF]R@st@n@tor, 76561198035432577)(<5811.475586, 473.619995, 15247.096680>) quick accessed a lock!
[17:57:30] Player ([MF]R@st@n@tor, 76561198035432577)(<5802.605469, 475.899353, 15229.770508>) quick accessed a lock!
[05-02-2021][18.02.22] Log file reloaded ( Server Restart )
[05-02-2021][18.03.24] Log file reloaded ( Server Restart )
[05-02-2021][18.04.24] Log file reloaded ( Server Restart )
[05-02-2021][18.05.26] Log file reloaded ( Server Restart )
[05-02-2021][18.06.28] Log file reloaded ( Server Restart )
[18:08:06] Player (Flashheart, 76561198037023350)(<5076.203125, 289.287689, 6365.828613>) quick accessed a lock!
[18:10:31] Player (Jay moe, 76561199156952824)(<8424.422852, 134.053467, 12880.255859>) quick accessed a lock!
[18:13:13] Player (Flashheart, 76561198037023350)(<5077.148438, 288.336121, 6368.136719>) quick accessed a lock!
[18:13:41] Player (Jay moe, 76561199156952824)(<8420.357422, 134.053467, 12879.816406>) quick accessed a lock!
[18:13:46] Player (Jay moe, 76561199156952824)(<8421.366211, 134.053467, 12882.075195>) quick accessed a lock!
[18:13:56] Player (Jay moe, 76561199156952824)(<8420.357422, 134.053467, 12879.816406>) quick accessed a lock!
[18:15:06] Player (Jay moe, 76561199156952824)(<8424.422852, 134.053467, 12880.255859>) quick accessed a lock!
[18:15:40] Player ([MF]R@st@n@tor, 76561198035432577)(<5800.325195, 478.883514, 15224.071289>) quick accessed a lock!
[18:16:17] Player (Jay moe, 76561199156952824)(<8420.357422, 134.053467, 12879.816406>) quick accessed a lock!
[18:16:42] Player (Jay moe, 76561199156952824)(<8421.366211, 134.053467, 12882.075195>) quick accessed a lock!
[18:22:31] Player ([MF]Gh0sty, 76561198254602740)(<5802.733398, 475.875153, 15223.880859>) quick accessed a lock!
[18:23:42] Player (Mass19, 76561198284652800)(<5267.438477, 307.790131, 5509.244141>) quick accessed a lock!
[18:24:43] Player ([MF]Gh0sty, 76561198254602740)(<5802.605469, 475.899353, 15229.770508>) quick accessed a lock!
[18:31:08] Player ([MF]Gh0sty, 76561198254602740)(<5802.605469, 475.899353, 15229.770508>) quick accessed a lock!
[18:35:39] Player ([MF]R@st@n@tor, 76561198035432577)(<5800.325195, 478.883514, 15224.071289>) quick accessed a lock!
[18:35:44] Player ([MF]Gh0sty, 76561198254602740)(<5802.605469, 475.899353, 15229.770508>) quick accessed a lock!
[18:35:59] Player ([MF]Gh0sty, 76561198254602740)(<5802.733398, 475.875153, 15223.880859>) quick accessed a lock!
[18:36:01] Player ([MF]Gh0sty, 76561198254602740)(<5805.270508, 475.874939, 15221.902344>) quick accessed a lock!
[18:36:49] Player (Flashheart, 76561198037023350)(<5073.970215, 288.561981, 6356.671387>) quick accessed a lock!
[18:37:09] Player ([MF]R@st@n@tor, 76561198035432577)(<5802.605469, 475.899353, 15229.770508>) quick accessed a lock!
[18:37:12] Player ([MF]Gh0sty, 76561198254602740)(<5802.733398, 475.875153, 15223.880859>) quick accessed a lock!
[18:37:15] Player ([MF]Gh0sty, 76561198254602740)(<5805.270508, 475.874939, 15221.902344>) quick accessed a lock!
[18:39:33] Player ([MF]Gh0sty, 76561198254602740)(<5802.733398, 475.875153, 15223.880859>) quick accessed a lock!
[18:40:15] Player ([MF]Gh0sty, 76561198254602740)(<5802.733398, 475.875153, 15223.880859>) quick accessed a lock!
[18:40:17] Player ([MF]Gh0sty, 76561198254602740)(<5805.270508, 475.874939, 15221.902344>) quick accessed a lock!
[18:42:03] Player ([MF]Gh0sty, 76561198254602740)(<5802.733398, 475.875153, 15223.880859>) quick accessed a lock!
[18:42:53] Player ([MF]R@st@n@tor, 76561198035432577)(<5805.560547, 478.943115, 15222.531250>) quick accessed a lock!
[18:43:59] Player ([MF]Gh0sty, 76561198254602740)(<5805.270508, 475.874939, 15221.902344>) quick accessed a lock!
[18:44:11] Player ([MF]R@st@n@tor, 76561198035432577)(<5800.325195, 478.883514, 15224.071289>) quick accessed a lock!
[18:45:43] Player (Jay moe, 76561199156952824)(<8421.663086, 120.453537, 12893.845703>) quick accessed a lock!
[18:45:47] Player ([MF]R@st@n@tor, 76561198035432577)(<5802.605469, 475.899353, 15229.770508>) quick accessed a lock!
[18:47:55] Player ([MF]Gh0sty, 76561198254602740)(<5802.605469, 475.899353, 15229.770508>) quick accessed a lock!
[18:47:56] Player ([MF]R@st@n@tor, 76561198035432577)(<5805.560547, 478.943115, 15222.531250>) quick accessed a lock!
[18:49:57] Player ([MF]Gh0sty, 76561198254602740)(<5802.733398, 475.875153, 15223.880859>) quick accessed a lock!
[18:53:49] Player ([MF]Gh0sty, 76561198254602740)(<5802.733398, 475.875153, 15223.880859>) quick accessed a lock!
[18:54:02] Player ([MF]R@st@n@tor, 76561198035432577)(<5800.325195, 478.883514, 15224.071289>) quick accessed a lock!
[18:59:33] Player (Jay moe, 76561199156952824)(<8421.663086, 120.453537, 12893.845703>) quick accessed a lock!
[19:05:15] Player (Jay moe, 76561199156952824)(<8424.422852, 134.053467, 12880.255859>) quick accessed a lock!
[19:21:50] Player (Jay moe, 76561199156952824)(<8421.663086, 120.453537, 12893.845703>) quick accessed a lock!
[19:23:17] Player (Jay moe, 76561199156952824)(<8421.663086, 120.453537, 12893.845703>) quick accessed a lock!
[19:23:57] Player (Jay moe, 76561199156952824)(<8421.663086, 120.453537, 12893.845703>) quick accessed a lock!
[19:24:14] Player (Jay moe, 76561199156952824)(<8421.366211, 134.053467, 12882.075195>) quick accessed a lock!
[19:25:22] Player (Jay moe, 76561199156952824)(<8424.422852, 134.053467, 12880.255859>) quick accessed a lock!
[19:25:51] Player (Jay moe, 76561199156952824)(<8421.663086, 120.453537, 12893.845703>) quick accessed a lock!
[19:26:00] Player (Jay moe, 76561199156952824)(<8421.663086, 120.453537, 12893.845703>) quick accessed a lock!
[19:26:19] Player (Jay moe, 76561199156952824)(<8421.366211, 134.053467, 12882.075195>) quick accessed a lock!
[19:27:06] Player (Jay moe, 76561199156952824)(<8421.663086, 120.453537, 12893.845703>) quick accessed a lock!
[19:30:38] Player (Korwiin, 76561198013080573)(<9157.128906, 293.545837, 14844.498047>) quick accessed a lock!
[19:39:08] Player (Jay moe, 76561199156952824)(<8421.663086, 120.453537, 12893.845703>) quick accessed a lock!
[19:39:54] Player (Mass19, 76561198284652800)(<5267.438477, 307.790131, 5509.244141>) quick accessed a lock!
[19:42:31] Player (Korwiin, 76561198013080573)(<9166.987305, 292.329224, 14849.906250>) quick accessed a lock!
[19:43:24] Player ([SKS]Cpt.Kebab, 76561198162344833)(<3642.550049, 299.046753, 8565.995117>) quick accessed a lock!
[19:52:27] Player (Jay moe, 76561199156952824)(<8421.663086, 120.453537, 12893.845703>) quick accessed a lock!
[19:52:34] Player (Jay moe, 76561199156952824)(<8421.663086, 120.453537, 12893.845703>) quick accessed a lock!
[19:52:44] Player (Jay moe, 76561199156952824)(<8421.663086, 120.453537, 12893.845703>) quick accessed a lock!
[19:53:49] Player (Jay moe, 76561199156952824)(<8421.663086, 120.453537, 12893.845703>) quick accessed a lock!
[19:54:22] Player (Jay moe, 76561199156952824)(<8424.422852, 134.053467, 12880.255859>) quick accessed a lock!
[19:55:09] Player ([SKS]Cpt.Kebab, 76561198162344833)(<3642.550049, 299.046753, 8565.995117>) quick accessed a lock!
[19:55:14] Player (Papirkutya, 76561198152771835)(<1709.948364, 173.124863, 5068.114258>) quick accessed a lock!
[19:56:01] Player (Papirkutya, 76561198152771835)(<1709.948364, 173.124863, 5068.114258>) quick accessed a lock!
[19:56:38] Player (Korwiin, 76561198013080573)(<9166.987305, 292.329224, 14849.906250>) quick accessed a lock!
[19:58:35] Player (Jay moe, 76561199156952824)(<8421.663086, 120.453537, 12893.845703>) quick accessed a lock!
[20:00:15] Player (Korwiin, 76561198013080573)(<9166.987305, 292.329224, 14849.906250>) quick accessed a lock!
[20:03:37] Player ([MF]Gh0sty, 76561198254602740)(<5802.605469, 475.899353, 15229.770508>) quick accessed a lock!
[20:03:43] Player ([MF]Gh0sty, 76561198254602740)(<5811.475586, 473.619995, 15247.096680>) quick accessed a lock!
[20:05:10] Player ([MF]Gh0sty, 76561198254602740)(<5802.733398, 475.875153, 15223.880859>) quick accessed a lock!
[20:05:48] Player ([MF]Gh0sty, 76561198254602740)(<5802.733398, 475.875153, 15223.880859>) quick accessed a lock!
[20:05:56] Player ([MF]Gh0sty, 76561198254602740)(<5805.270508, 475.874939, 15221.902344>) quick accessed a lock!
[20:06:00] Player (Joe, 76561198350617269)(<8310.768555, 26.882141, 3345.443115>) quick accessed a lock!
[20:07:59] Player ([MF]Gh0sty, 76561198254602740)(<5805.270508, 475.874939, 15221.902344>) quick accessed a lock!
[20:09:42] Player ([MF]Gh0sty, 76561198254602740)(<5802.733398, 475.875153, 15223.880859>) quick accessed a lock!
[20:09:45] Player ([MF]Gh0sty, 76561198254602740)(<5802.605469, 475.899353, 15229.770508>) quick accessed a lock!
[20:09:49] Player ([MF]Gh0sty, 76561198254602740)(<5811.475586, 473.619995, 15247.096680>) quick accessed a lock!
[20:10:11] Player ([MF]Gh0sty, 76561198254602740)(<5805.270508, 475.874939, 15221.902344>) quick accessed a lock!
[20:11:16] Player ([MF]Gh0sty, 76561198254602740)(<5802.605469, 475.899353, 15229.770508>) quick accessed a lock!
[20:11:21] Player ([MF]Gh0sty, 76561198254602740)(<5813.846680, 475.153442, 15222.809570>) quick accessed a lock!
[20:11:30] Player ([MF]Gh0sty, 76561198254602740)(<5813.846680, 475.153442, 15222.809570>) quick accessed a lock!
[20:11:38] Player ([MF]Gh0sty, 76561198254602740)(<5802.605469, 475.899353, 15229.770508>) quick accessed a lock!
[20:12:25] Player ([MF]Gh0sty, 76561198254602740)(<5802.733398, 475.875153, 15223.880859>) quick accessed a lock!
[20:12:33] Player (Papirkutya, 76561198152771835)(<1709.948364, 173.124863, 5068.114258>) quick accessed a lock!
[20:12:47] Player (Papirkutya, 76561198152771835)(<1709.948364, 173.124863, 5068.114258>) quick accessed a lock!
[20:13:18] Player ([MF]Gh0sty, 76561198254602740)(<5802.733398, 475.875153, 15223.880859>) quick accessed a lock!
[20:13:54] Player ([MF]Gh0sty, 76561198254602740)(<5802.733398, 475.875153, 15223.880859>) quick accessed a lock!
[20:14:04] Player ([MF]R@st@n@tor, 76561198035432577)(<5805.560547, 478.943115, 15222.531250>) quick accessed a lock!
[20:14:05] Player (Papirkutya, 76561198152771835)(<1726.334595, 173.127731, 5063.627930>) quick accessed a lock!
[20:15:01] Player (Korwiin, 76561198013080573)(<9157.128906, 293.545837, 14844.498047>) quick accessed a lock!
[20:15:03] Player ([MF]Gh0sty, 76561198254602740)(<5802.733398, 475.875153, 15223.880859>) quick accessed a lock!
[20:15:47] Player ([MF]Gh0sty, 76561198254602740)(<5802.733398, 475.875153, 15223.880859>) quick accessed a lock!
[20:16:02] Player ([MF]Gh0sty, 76561198254602740)(<5802.733398, 475.875153, 15223.880859>) quick accessed a lock!
[20:17:16] Player ([MF]Gh0sty, 76561198254602740)(<5802.605469, 475.899353, 15229.770508>) quick accessed a lock!
[20:17:31] Player ([MF]Gh0sty, 76561198254602740)(<5811.475586, 473.619995, 15247.096680>) quick accessed a lock!
[20:17:56] Player ([MF]Gh0sty, 76561198254602740)(<5811.475586, 473.619995, 15247.096680>) quick accessed a lock!
[20:18:29] Player (Mass19, 76561198284652800)(<5267.438477, 307.790131, 5509.244141>) quick accessed a lock!
[20:19:10] Player ([MF]R@st@n@tor, 76561198035432577)(<5813.846680, 475.153442, 15222.809570>) quick accessed a lock!
[20:19:18] Player ([MF]Gh0sty, 76561198254602740)(<5811.475586, 473.619995, 15247.096680>) quick accessed a lock!
[20:20:06] Player ([MF]Gh0sty, 76561198254602740)(<5802.605469, 475.899353, 15229.770508>) quick accessed a lock!
[20:20:41] Player ([MF]R@st@n@tor, 76561198035432577)(<5802.605469, 475.899353, 15229.770508>) quick accessed a lock!
[20:20:45] Player ([MF]Gh0sty, 76561198254602740)(<5802.733398, 475.875153, 15223.880859>) quick accessed a lock!
[20:20:48] Player ([MF]Gh0sty, 76561198254602740)(<5802.733398, 475.875153, 15223.880859>) quick accessed a lock!
[20:23:13] Player (Mass19, 76561198284652800)(<5271.909180, 306.572815, 5521.264160>) quick accessed a lock!
[20:23:29] Player ([MF]R@st@n@tor, 76561198035432577)(<5800.325195, 478.883514, 15224.071289>) quick accessed a lock!
[20:23:43] Player (Mass19, 76561198284652800)(<5271.909180, 306.572815, 5521.264160>) changed the passcode on a lock! Clearing all guests...
[20:23:45] Player (Mass19, 76561198284652800)(<5271.909180, 306.572815, 5521.264160>) quick accessed a lock!
[20:26:47] Player ([MF]Gh0sty, 76561198254602740)(<5802.733398, 475.875153, 15223.880859>) quick accessed a lock!
[20:27:27] Player ([MF]Gh0sty, 76561198254602740)(<5802.733398, 475.875153, 15223.880859>) quick accessed a lock!
[20:27:30] Player ([MF]Gh0sty, 76561198254602740)(<5802.733398, 475.875153, 15223.880859>) quick accessed a lock!
[20:27:56] Player ([MF]Gh0sty, 76561198254602740)(<5802.733398, 475.875153, 15223.880859>) quick accessed a lock!
[20:27:59] Player ([MF]Gh0sty, 76561198254602740)(<5805.270508, 475.874939, 15221.902344>) quick accessed a lock!
[20:29:17] Player ([MF]Gh0sty, 76561198254602740)(<5802.733398, 475.875153, 15223.880859>) quick accessed a lock!
[20:29:29] Player ([MF]Gh0sty, 76561198254602740)(<5802.733398, 475.875153, 15223.880859>) quick accessed a lock!
[20:31:02] Player (Joe, 76561198350617269)(<8310.768555, 26.882141, 3345.443115>) quick accessed a lock!
[20:31:44] Player (Joe, 76561198350617269)(<8307.126953, 25.669998, 3345.149658>) quick accessed a lock!
[20:36:26] Player ([MF]Gh0sty, 76561198254602740)(<5802.733398, 475.875153, 15223.880859>) quick accessed a lock!
[20:44:59] Player (Jordan, 76561198999593356)(<9172.377930, 293.582306, 14844.981445>) quick accessed a lock!
[20:46:09] Player (Jordan, 76561198999593356)(<9172.377930, 293.582306, 14844.981445>) quick accessed a lock!
[20:46:20] Player (Jordan, 76561198999593356)(<9157.128906, 293.545837, 14844.498047>) quick accessed a lock!
[20:47:15] Player ([MF]Gh0sty, 76561198254602740)(<5802.733398, 475.875153, 15223.880859>) quick accessed a lock!
[20:47:22] Player ([MF]Gh0sty, 76561198254602740)(<5805.270508, 475.874939, 15221.902344>) quick accessed a lock!
[20:53:26] Player ([MF]Gh0sty, 76561198254602740)(<5802.605469, 475.899353, 15229.770508>) quick accessed a lock!
[20:54:16] Player (Joe, 76561198350617269)(<8310.768555, 26.882141, 3345.443115>) quick accessed a lock!
[21:00:00] Player (grizzly bear, 76561198839448946)(<5097.040527, 288.471558, 6370.588867>) accessed a lock!
[21:00:00] Player (grizzly bear, 76561198839448946)(<5097.040527, 288.471558, 6370.588867>) was added as a guest of a lock!
[21:00:24] Player (Flashheart, 76561198037023350)(<5073.970215, 288.561981, 6356.671387>) quick accessed a lock!
[21:00:45] Player (Flashheart, 76561198037023350)(<5076.203125, 289.287689, 6365.828613>) quick accessed a lock!
[21:00:55] Player (Flashheart, 76561198037023350)(<5077.148438, 288.336121, 6368.136719>) quick accessed a lock!
[21:01:41] Player (Flashheart, 76561198037023350)(<5073.970215, 288.561981, 6356.671387>) quick accessed a lock!
[21:02:30] Player (Korwiin, 76561198013080573)(<9166.987305, 292.329224, 14849.906250>) quick accessed a lock!
[21:03:10] Player ([MF]R@st@n@tor, 76561198035432577)(<5800.325195, 478.883514, 15224.071289>) quick accessed a lock!
[21:04:43] Player ([MF]R@st@n@tor, 76561198035432577)(<5802.605469, 475.899353, 15229.770508>) quick accessed a lock!
[21:04:49] Player ([MF]R@st@n@tor, 76561198035432577)(<5811.475586, 473.619995, 15247.096680>) quick accessed a lock!
[21:05:48] Player ([MF]R@st@n@tor, 76561198035432577)(<5811.475586, 473.619995, 15247.096680>) quick accessed a lock!
[21:18:04] Player ([MF]R@st@n@tor, 76561198035432577)(<5802.605469, 475.899353, 15229.770508>) quick accessed a lock!
[21:19:17] Player ([MF]R@st@n@tor, 76561198035432577)(<5802.605469, 475.899353, 15229.770508>) quick accessed a lock!
[21:21:48] Player ([MF]R@st@n@tor, 76561198035432577)(<5811.475586, 473.619995, 15247.096680>) quick accessed a lock!
[21:24:58] Player (Papirkutya, 76561198152771835)(<1726.334595, 173.127731, 5063.627930>) quick accessed a lock!
[21:25:05] Player (Papirkutya, 76561198152771835)(<1686.490234, 173.150833, 5064.720215>) quick accessed a lock!
[21:26:03] Player (Korwiin, 76561198013080573)(<9157.128906, 293.545837, 14844.498047>) quick accessed a lock!
[21:26:15] Player (Papirkutya, 76561198152771835)(<1726.334595, 173.127731, 5063.627930>) quick accessed a lock!
[21:26:37] Player (Papirkutya, 76561198152771835)(<1709.948364, 173.124863, 5068.114258>) quick accessed a lock!
[21:28:14] Player (erso, 76561199032610093)(<1686.490234, 173.150833, 5064.720215>) accessed a lock!
[21:28:14] Player (erso, 76561199032610093)(<1686.490234, 173.150833, 5064.720215>) was added as a guest of a lock!
[21:28:27] Player (Papirkutya, 76561198152771835)(<1709.948364, 173.124863, 5068.114258>) quick accessed a lock!
[21:28:28] Player (erso, 76561199032610093)(<1686.490234, 173.150833, 5064.720215>) quick accessed a lock!
[21:28:44] Player (Papirkutya, 76561198152771835)(<1709.948364, 173.124863, 5068.114258>) quick accessed a lock!
[21:28:44] Player (erso, 76561199032610093)(<1726.334595, 173.127731, 5063.627930>) accessed a lock!
[21:28:44] Player (erso, 76561199032610093)(<1726.334595, 173.127731, 5063.627930>) was added as a guest of a lock!
[21:28:58] Player (Papirkutya, 76561198152771835)(<1709.948364, 173.124863, 5068.114258>) accessed a lock!
[21:28:58] Player (Papirkutya, 76561198152771835)(<1709.948364, 173.124863, 5068.114258>) was added as a guest of a lock!
[21:29:04] Player (Papirkutya, 76561198152771835)(<1709.948364, 173.124863, 5068.114258>) quick accessed a lock!
[21:33:06] Player (Ansiley, 76561199146161640)(<2012.234375, 243.412033, 7035.773438>) quick accessed a lock!
[21:34:08] Player (Papirkutya, 76561198152771835)(<1726.334595, 173.127731, 5063.627930>) quick accessed a lock!
[21:35:43] Player (Papirkutya, 76561198152771835)(<1686.490234, 173.150833, 5064.720215>) quick accessed a lock!
[21:38:36] Player (Papirkutya, 76561198152771835)(<1686.490234, 173.150833, 5064.720215>) quick accessed a lock!
[21:45:31] Player ([MF]R@st@n@tor, 76561198035432577)(<5811.475586, 473.619995, 15247.096680>) quick accessed a lock!
[21:46:34] Player (Sarah, 76561198100717229)(<3099.229980, 301.081268, 8095.177246>) quick accessed a lock!
[21:46:44] Player (Sarah, 76561198100717229)(<3114.267334, 301.498871, 8086.677246>) quick accessed a lock!
[21:47:09] Player (Sarah, 76561198100717229)(<3103.662354, 300.519836, 8115.243652>) quick accessed a lock!
[21:47:32] Player ([MF]R@st@n@tor, 76561198035432577)(<5802.605469, 475.899353, 15229.770508>) quick accessed a lock!
[21:47:56] Player (erso, 76561199032610093)(<1726.334595, 173.127731, 5063.627930>) quick accessed a lock!
[21:48:00] Player (Sarah, 76561198100717229)(<3103.662354, 300.519836, 8115.243652>) quick accessed a lock!
[21:48:41] Player (Sarah, 76561198100717229)(<3120.656250, 302.650146, 8085.176270>) quick accessed a lock!
[21:48:51] Player (Sarah, 76561198100717229)(<3120.656250, 302.650146, 8085.176270>) quick accessed a lock!
[21:50:33] Player (Sarah, 76561198100717229)(<3120.656250, 302.650146, 8085.176270>) quick accessed a lock!
[21:51:36] Player (Sarah, 76561198100717229)(<3120.656250, 302.650146, 8085.176270>) quick accessed a lock!
[05-02-2021][22.02.15] Log file reloaded ( Server Restart )
[22:03:36] Player (Jordan, 76561198999593356)(<9157.128906, 293.545837, 14844.498047>) quick accessed a lock!
[22:14:31] Player (Korwiin, 76561198013080573)(<9172.377930, 293.582306, 14844.981445>) removed a lock!
[22:24:41] Player (Korwiin, 76561198013080573)(<9172.303711, 293.539886, 14844.886719>) set a new passcode on lock!
[22:24:41] Player (Korwiin, 76561198013080573)(<9172.303711, 293.539886, 14844.886719>) claimed ownership of a lock!
[22:26:12] Player (Korwiin, 76561198013080573)(<9172.303711, 293.539886, 14844.886719>) quick accessed a lock!
[22:26:59] Player (Jordan, 76561198999593356)(<9172.303711, 293.539886, 14844.886719>) accessed a lock!
[22:26:59] Player (Jordan, 76561198999593356)(<9172.303711, 293.539886, 14844.886719>) was added as a guest of a lock!
[22:27:04] Player ([MF]R@st@n@tor, 76561198035432577)(<5800.325195, 478.883514, 15224.071289>) quick accessed a lock!
[22:28:35] Player (Korwiin, 76561198013080573)(<9157.128906, 293.545837, 14844.498047>) quick accessed a lock!
[22:38:14] Player (Papirkutya, 76561198152771835)(<1726.334595, 173.127731, 5063.627930>) quick accessed a lock!
[22:38:35] Player (Papirkutya, 76561198152771835)(<1709.948364, 173.124863, 5068.114258>) quick accessed a lock!
[22:41:57] Player (Papirkutya, 76561198152771835)(<1709.948364, 173.124863, 5068.114258>) quick accessed a lock!
[22:56:18] Player (Papirkutya, 76561198152771835)(<1726.334595, 173.127731, 5063.627930>) quick accessed a lock!
[22:56:42] Player (Papirkutya, 76561198152771835)(<1709.948364, 173.124863, 5068.114258>) quick accessed a lock!
[22:58:49] Player (Papirkutya, 76561198152771835)(<1726.334595, 173.127731, 5063.627930>) quick accessed a lock!
[23:06:37] Player (Steph Jones, 76561199148015671)(<3677.559814, 310.818665, 8923.123047>) quick accessed a lock!
[23:10:54] Player (Steph Jones, 76561199148015671)(<3682.570801, 312.135803, 8917.326172>) quick accessed a lock!
[23:22:54] Player (Papirkutya, 76561198152771835)(<1726.334595, 173.127731, 5063.627930>) quick accessed a lock!
[23:23:38] Player (Papirkutya, 76561198152771835)(<1709.948364, 173.124863, 5068.114258>) quick accessed a lock!
[23:24:44] Player (Papirkutya, 76561198152771835)(<1726.334595, 173.127731, 5063.627930>) quick accessed a lock!
[23:24:48] Player (Papirkutya, 76561198152771835)(<1709.948364, 173.124863, 5068.114258>) quick accessed a lock!
[23:25:32] Player (Steph Jones, 76561199148015671)(<3682.570801, 312.135803, 8917.326172>) quick accessed a lock!
[23:26:26] Player (Steph Jones, 76561199148015671)(<3682.570801, 312.135803, 8917.326172>) quick accessed a lock!
[23:28:53] Player (Jay moe, 76561199156952824)(<8421.663086, 120.453537, 12893.845703>) quick accessed a lock!
[23:29:17] Player (Jay moe, 76561199156952824)(<8420.357422, 134.053467, 12879.816406>) quick accessed a lock!
[23:30:08] Player (Steph Jones, 76561199148015671)(<3668.934570, 311.830566, 8929.802734>) quick accessed a lock!
[23:30:30] Player (Steph Jones, 76561199148015671)(<3664.058594, 310.816620, 8918.128906>) quick accessed a lock!
[23:31:12] Player (Jay moe, 76561199156952824)(<8421.366211, 134.053467, 12882.075195>) quick accessed a lock!
[23:33:27] Player (Jay moe, 76561199156952824)(<8421.366211, 134.053467, 12882.075195>) quick accessed a lock!
[23:34:45] Player (Jay moe, 76561199156952824)(<8424.422852, 134.053467, 12880.255859>) quick accessed a lock!
[23:35:30] Player (Jay moe, 76561199156952824)(<8421.366211, 134.053467, 12882.075195>) quick accessed a lock!
[23:36:18] Player (Jay moe, 76561199156952824)(<8421.663086, 120.453537, 12893.845703>) quick accessed a lock!
[23:39:50] Player (Steph Jones, 76561199148015671)(<3660.689941, 312.030304, 8918.222656>) quick accessed a lock!
[23:42:14] Player (Jay moe, 76561199156952824)(<8421.663086, 120.453537, 12893.845703>) quick accessed a lock!
[23:43:55] Player (Jay moe, 76561199156952824)(<8421.663086, 120.453537, 12893.845703>) quick accessed a lock!
[23:46:07] Player (Jay moe, 76561199156952824)(<8421.663086, 120.453537, 12893.845703>) quick accessed a lock!
[23:47:10] Player (Jay moe, 76561199156952824)(<8421.366211, 134.053467, 12882.075195>) quick accessed a lock!
[23:47:33] Player (Flashheart, 76561198037023350)(<5073.970215, 288.561981, 6356.671387>) quick accessed a lock!
[23:48:58] Player (Jay moe, 76561199156952824)(<8421.663086, 120.453537, 12893.845703>) quick accessed a lock!
[23:49:55] Player (Flashheart, 76561198037023350)(<5076.203125, 289.287689, 6365.828613>) quick accessed a lock!
[23:51:15] Player (Jay moe, 76561199156952824)(<8421.663086, 120.453537, 12893.845703>) quick accessed a lock!
[23:51:19] Player (Flashheart, 76561198037023350)(<5077.148438, 288.336121, 6368.136719>) quick accessed a lock!
[23:51:23] Player (Flashheart, 76561198037023350)(<5073.970215, 288.561981, 6356.671387>) quick accessed a lock!
[23:53:14] Player (Jay moe, 76561199156952824)(<8421.366211, 134.053467, 12882.075195>) quick accessed a lock!
[23:56:26] Player (Steph Jones, 76561199148015671)(<3655.866211, 310.412933, 8916.033203>) quick accessed a lock!
[23:57:42] Player (Kittykat, 76561197976576399)(<3219.885742, 312.810760, 7769.771484>) quick accessed a lock!
[23:58:11] Player (Steph Jones, 76561199148015671)(<3664.058594, 310.816620, 8918.128906>) quick accessed a lock!
[23:58:14] Player (Steph Jones, 76561199148015671)(<3664.058594, 310.816620, 8918.128906>) quick accessed a lock!
[00:00:21] Player (Flashheart, 76561198037023350)(<5075.944824, 288.336121, 6368.896484>) quick accessed a lock!
[00:00:46] Player (Flashheart, 76561198037023350)(<5077.148438, 288.336121, 6368.136719>) quick accessed a lock!
[00:00:57] Player (Dr. Dingleberry, 76561198223714820)(<7379.029785, 391.082275, 9250.108398>) quick accessed a lock!
[00:01:17] Player (Dr. Dingleberry, 76561198223714820)(<7377.483887, 384.983521, 9243.798828>) quick accessed a lock!
[00:01:30] Player (Dr. Dingleberry, 76561198223714820)(<7377.483887, 384.983521, 9243.798828>) quick accessed a lock!
[00:02:41] Player (Steph Jones, 76561199148015671)(<3655.866211, 310.412933, 8916.033203>) quick accessed a lock!
[00:04:55] Player (Papirkutya, 76561198152771835)(<1726.334595, 173.127731, 5063.627930>) quick accessed a lock!
[00:04:57] Player (Flashheart, 76561198037023350)(<5077.148438, 288.336121, 6368.136719>) quick accessed a lock!
[00:06:15] Player (Dr. Dingleberry, 76561198223714820)(<8230.761719, 472.400391, 9045.271484>) quick accessed a lock!
[00:06:30] Player (Papirkutya, 76561198152771835)(<1726.334595, 173.127731, 5063.627930>) quick accessed a lock!
[00:07:01] Player (Steph Jones, 76561199148015671)(<3655.866211, 310.412933, 8916.033203>) quick accessed a lock!
[00:07:01] Player (Papirkutya, 76561198152771835)(<1709.948364, 173.124863, 5068.114258>) quick accessed a lock!
[00:07:02] Player (Kittykat, 76561197976576399)(<3219.885742, 312.810760, 7769.771484>) quick accessed a lock!
[00:07:39] Player (Flashheart, 76561198037023350)(<5073.970215, 288.561981, 6356.671387>) quick accessed a lock!
[00:08:19] Player (Steph Jones, 76561199148015671)(<3664.058594, 310.816620, 8918.128906>) quick accessed a lock!
[00:10:35] Player (Steph Jones, 76561199148015671)(<3660.689941, 312.030304, 8918.222656>) quick accessed a lock!
[00:10:59] Player (Dr. Dingleberry, 76561198223714820)(<8230.761719, 472.400391, 9045.271484>) quick accessed a lock!
[00:13:04] Player (Flashheart, 76561198037023350)(<5073.970215, 288.561981, 6356.671387>) quick accessed a lock!
[00:14:28] Player (Papirkutya, 76561198152771835)(<1686.490234, 173.150833, 5064.720215>) quick accessed a lock!
[00:14:59] Player (Papirkutya, 76561198152771835)(<1709.948364, 173.124863, 5068.114258>) quick accessed a lock!
[00:15:02] Player (Dr. Dingleberry, 76561198223714820)(<8232.020508, 475.488892, 9042.658203>) removed a lock!
[00:15:39] Player (Flashheart, 76561198037023350)(<5077.148438, 288.336121, 6368.136719>) quick accessed a lock!
[00:16:13] Player (MrLuX, 76561197991428971)(<1810.748413, 290.717072, 9153.295898>) quick accessed a lock!
[00:16:20] Player (Dr. Dingleberry, 76561198223714820)(<8230.761719, 472.400391, 9045.271484>) quick accessed a lock!
[00:16:43] Player (Dr. Dingleberry, 76561198223714820)(<8214.766602, 469.305450, 9033.094727>) removed a lock!
[00:21:04] Player (Dr. Dingleberry, 76561198223714820)(<7377.483887, 384.983521, 9243.798828>) quick accessed a lock!
[00:22:54] Player (Dr. Dingleberry, 76561198223714820)(<7377.483887, 384.983521, 9243.798828>) quick accessed a lock!
[00:23:55] Player (Flashheart, 76561198037023350)(<5075.944824, 288.336121, 6368.896484>) quick accessed a lock!
[00:26:49] Player (Kittykat, 76561197976576399)(<3219.885742, 312.810760, 7769.771484>) quick accessed a lock!
[00:26:55] Player (Jay moe, 76561199156952824)(<8421.366211, 134.053467, 12882.075195>) quick accessed a lock!
[00:29:37] Player (Jay moe, 76561199156952824)(<8424.422852, 134.053467, 12880.255859>) quick accessed a lock!
[00:29:39] Player (Flashheart, 76561198037023350)(<5075.944824, 288.336121, 6368.896484>) quick accessed a lock!
[00:33:45] Player (Kittykat, 76561197976576399)(<3219.885742, 312.810760, 7769.771484>) quick accessed a lock!
[00:34:01] Player (Jay moe, 76561199156952824)(<8421.663086, 120.453537, 12893.845703>) quick accessed a lock!
[00:34:12] Player (Flashheart, 76561198037023350)(<5077.148438, 288.336121, 6368.136719>) quick accessed a lock!
[00:34:28] Player (Steph Jones, 76561199148015671)(<3660.689941, 312.030304, 8918.222656>) quick accessed a lock!
[00:34:29] Player (Jay moe, 76561199156952824)(<8421.663086, 120.453537, 12893.845703>) quick accessed a lock!
[00:34:39] Player (Jay moe, 76561199156952824)(<8421.663086, 120.453537, 12893.845703>) quick accessed a lock!
[00:35:32] Player (Flashheart, 76561198037023350)(<5075.944824, 288.336121, 6368.896484>) quick accessed a lock!
[00:36:34] Player (Flashheart, 76561198037023350)(<5077.148438, 288.336121, 6368.136719>) quick accessed a lock!
[00:36:43] Player (Jay moe, 76561199156952824)(<8421.663086, 120.453537, 12893.845703>) quick accessed a lock!
[00:37:47] Player (Steph Jones, 76561199148015671)(<3682.570801, 312.135803, 8917.326172>) quick accessed a lock!
[00:38:17] Player (Jay moe, 76561199156952824)(<8420.357422, 134.053467, 12879.816406>) quick accessed a lock!
[00:38:38] Player (Jay moe, 76561199156952824)(<8424.422852, 134.053467, 12880.255859>) quick accessed a lock!
[00:40:23] Player (Jay moe, 76561199156952824)(<8424.422852, 134.053467, 12880.255859>) quick accessed a lock!
[00:41:07] Player (Jay moe, 76561199156952824)(<8420.357422, 134.053467, 12879.816406>) quick accessed a lock!
[00:43:01] Player (Jay moe, 76561199156952824)(<8421.663086, 120.453537, 12893.845703>) quick accessed a lock!
[00:45:59] Player (Jay moe, 76561199156952824)(<8421.663086, 120.453537, 12893.845703>) quick accessed a lock!
[00:49:00] Player (Jay moe, 76561199156952824)(<8421.663086, 120.453537, 12893.845703>) quick accessed a lock!
[00:50:08] Player ([MF]R@st@n@tor, 76561198035432577)(<5805.560547, 478.943115, 15222.531250>) quick accessed a lock!
[00:50:12] Player (Kittykat, 76561197976576399)(<3219.885742, 312.810760, 7769.771484>) quick accessed a lock!
[00:51:54] Player (Kittykat, 76561197976576399)(<3209.312256, 311.606171, 7776.632324>) quick accessed a lock!
[00:52:37] Player (Jay moe, 76561199156952824)(<8421.663086, 120.453537, 12893.845703>) quick accessed a lock!
[00:56:34] Player (Jay moe, 76561199156952824)(<8421.663086, 120.453537, 12893.845703>) quick accessed a lock!
[00:56:52] Player (Jay moe, 76561199156952824)(<8421.663086, 120.453537, 12893.845703>) quick accessed a lock!
[00:57:48] Player (Jay moe, 76561199156952824)(<8421.663086, 120.453537, 12893.845703>) quick accessed a lock!
[00:58:34] Player (Jay moe, 76561199156952824)(<8424.422852, 134.053467, 12880.255859>) quick accessed a lock!
[00:58:54] Player (Jay moe, 76561199156952824)(<8420.357422, 134.053467, 12879.816406>) quick accessed a lock!
[00:59:09] Player (Jay moe, 76561199156952824)(<8421.366211, 134.053467, 12882.075195>) quick accessed a lock!
[01:00:10] Player (Jay moe, 76561199156952824)(<8424.422852, 134.053467, 12880.255859>) quick accessed a lock!
[01:00:25] Player (MrLuX, 76561197991428971)(<1805.950439, 290.723114, 9139.339844>) quick accessed a lock!
[01:01:39] Player (Jay moe, 76561199156952824)(<8421.663086, 120.453537, 12893.845703>) quick accessed a lock!
[01:03:11] Player (Dr. Dingleberry, 76561198223714820)(<7377.483887, 384.983521, 9243.798828>) quick accessed a lock!
[01:03:31] Player (Dr. Dingleberry, 76561198223714820)(<7376.881348, 383.849915, 9229.654297>) set a new passcode on lock!
[01:03:31] Player (Dr. Dingleberry, 76561198223714820)(<7376.881348, 383.849915, 9229.654297>) claimed ownership of a lock!
[01:04:56] Player ([SKS]Cpt.Kebab, 76561198162344833)(<3642.550049, 299.046753, 8565.995117>) quick accessed a lock!
[01:05:29] Player (Jay moe, 76561199156952824)(<8421.366211, 134.053467, 12882.075195>) removed a lock!
[01:10:42] Player (Jay moe, 76561199156952824)(<8421.663086, 120.453537, 12893.845703>) quick accessed a lock!
[01:11:45] Player (Jay moe, 76561199156952824)(<8421.663086, 120.453537, 12893.845703>) quick accessed a lock!
[01:13:49] Player (Jay moe, 76561199156952824)(<8424.422852, 134.053467, 12880.255859>) quick accessed a lock!
[01:18:09] Player (Jay moe, 76561199156952824)(<8420.357422, 134.053467, 12879.816406>) quick accessed a lock!
[01:19:35] Player (Jay moe, 76561199156952824)(<8420.357422, 134.053467, 12879.816406>) removed a lock!
[01:22:27] Player ([TST] Tulcus, 76561198421975055)(<560.069580, 150.479095, 5399.389160>) quick accessed a lock!
[01:22:44] Player (Jay moe, 76561199156952824)(<8424.422852, 134.053467, 12880.255859>) quick accessed a lock!
[01:23:07] Player ([TST] Tulcus, 76561198421975055)(<549.679626, 150.441635, 5387.625977>) quick accessed a lock!
[01:29:55] Player (Steph Jones, 76561199148015671)(<3682.570801, 312.135803, 8917.326172>) quick accessed a lock!
[01:30:43] Player (Steph Jones, 76561199148015671)(<3660.689941, 312.030304, 8918.222656>) quick accessed a lock!
[01:30:47] Player (Steph Jones, 76561199148015671)(<3664.058594, 310.816620, 8918.128906>) quick accessed a lock!
[01:31:21] Player (Steph Jones, 76561199148015671)(<3682.570801, 312.135803, 8917.326172>) quick accessed a lock!
[01:31:51] Player (Dr. Dingleberry, 76561198223714820)(<7377.483887, 384.983521, 9243.798828>) quick accessed a lock!
[01:34:24] Player (Jay moe, 76561199156952824)(<8424.422852, 134.053467, 12880.255859>) removed a lock!
[01:35:05] Player (Steph Jones, 76561199148015671)(<3682.570801, 312.135803, 8917.326172>) quick accessed a lock!
[01:37:46] Player (Dr. Dingleberry, 76561198223714820)(<7377.483887, 384.983521, 9243.798828>) quick accessed a lock!
[01:40:32] Player (Jay moe, 76561199156952824)(<8421.663086, 120.453537, 12893.845703>) quick accessed a lock!
[01:40:48] Player (Jay moe, 76561199156952824)(<8421.663086, 120.453537, 12893.845703>) removed a lock!
[01:42:44] Player (Dr. Dingleberry, 76561198223714820)(<7377.483887, 384.983521, 9243.798828>) quick accessed a lock!
[01:42:47] Player (Dr. Dingleberry, 76561198223714820)(<7376.881348, 383.849915, 9229.654297>) quick accessed a lock!
[01:43:41] Player (Dr. Dingleberry, 76561198223714820)(<7377.483887, 384.983521, 9243.798828>) quick accessed a lock!
[01:43:53] Player (Dr. Dingleberry, 76561198223714820)(<7377.483887, 384.983521, 9243.798828>) quick accessed a lock!
[01:44:27] Player (Dr. Dingleberry, 76561198223714820)(<7377.483887, 384.983521, 9243.798828>) quick accessed a lock!
[01:45:00] Player ([MF]R@st@n@tor, 76561198035432577)(<5800.325195, 478.883514, 15224.071289>) quick accessed a lock!
[01:51:54] Player (Steph Jones, 76561199148015671)(<3682.570801, 312.135803, 8917.326172>) quick accessed a lock!
[01:55:49] Player (Dr. Dingleberry, 76561198223714820)(<8230.761719, 472.400391, 9045.271484>) quick accessed a lock!
[01:55:59] Player ([MF]R@st@n@tor, 76561198035432577)(<5800.325195, 478.883514, 15224.071289>) quick accessed a lock!
[01:56:26] Player (MrLuX, 76561197991428971)(<1805.950439, 290.723114, 9139.339844>) quick accessed a lock!
[01:58:39] Player (Dr. Dingleberry, 76561198223714820)(<8230.761719, 472.400391, 9045.271484>) removed a lock!
