[03-30-2021][02.01.12] New Admin Log File Created!
[03-30-2021][06.01.08] Log file reloaded ( Server Restart )
[09:53:37] Admin (JevBurns, 76561198068395829) joined the server!
[03-30-2021][10.01.27] Log file reloaded ( Server Restart )
[03-30-2021][11.18.22] Log file reloaded ( Server Restart )
[11:39:41] Admin (Survivor (2), 76561198068395829) joined the server!
[03-30-2021][11.47.17] Log file reloaded ( Server Restart )
[03-30-2021][13.05.35] Log file reloaded ( Server Restart )
[03-30-2021][13.10.25] Log file reloaded ( Server Restart )
[03-30-2021][14.01.06] Log file reloaded ( Server Restart )
[15:40:44] Admin (Andy, 76561198085795595) joined the server!
[03-30-2021][18.00.56] Log file reloaded ( Server Restart )
[20:26:08] Admin (JevBurns, 76561198068395829) joined the server!
[20:27:04] Admin (JevBurns, 76561198068395829)(<6931.586914, 56.861805, 3686.584473>) opened a lock!
[21:02:37] Admin (JevBurns, 76561198068395829) joined the server!
[03-30-2021][22.00.54] Log file reloaded ( Server Restart )
[22:49:57] Admin (JevBurns, 76561198068395829) joined the server!
[22:59:43] Admin (JevBurns, 76561198068395829) joined the server!
[00:31:39] Admin (JevBurns, 76561198068395829) joined the server!
[00:50:09] Admin (JevBurns, 76561198068395829)(<3857.093994, 309.208984, 7235.622559>) opened a lock!
[00:50:13] Admin (JevBurns, 76561198068395829)(<3858.812988, 309.188446, 7231.822754>) opened a lock!
[01:26:28] Admin (JevBurns, 76561198068395829) joined the server!
