[02-22-2021][16.03.30] New Attach Log File Created!
[02-22-2021][16.10.05] Log file reloaded ( Server Restart )
[02-22-2021][18.38.12] Log file reloaded ( Server Restart )
[02-22-2021][18.39.09] Log file reloaded ( Server Restart )
[19:03:57] Player (Heathen, 76561198865015790)(<4084.213135, 335.196136, 9139.435547>) attached a lock!
[19:39:06] Player (Heathen, 76561198865015790)(<4080.304199, 335.195129, 9143.593750>) attached a lock!
[20:35:40] Player (HughJanis, 76561199028579310)(<2996.033203, 369.957245, 6742.372559>) attached a lock!
[20:36:12] Player (HughJanis, 76561199028579310)(<3018.214111, 369.584015, 6728.125000>) attached a lock!
[20:57:54] Player (MikaBrandon, 76561198215565199)(<3485.982666, 294.240692, 8585.570313>) attached a lock!
[20:58:11] Player (MikaBrandon, 76561198215565199)(<3493.192627, 294.241089, 8575.258789>) attached a lock!
[20:58:32] Player (MikaBrandon, 76561198215565199)(<3486.234131, 294.241089, 8570.395508>) attached a lock!
[20:59:51] Player (MikaBrandon, 76561198215565199)(<3481.330566, 294.241302, 8577.151367>) attached a lock!
[21:28:17] Player (Survivor, 76561198409429326)(<9196.363281, 49.761185, 2353.033203>) attached a lock!
[21:31:42] Player (Luger Kain, 76561197999585420)(<8835.447266, 121.541496, 13151.445313>) attached a lock!
[02-22-2021][22.01.21] Log file reloaded ( Server Restart )
[22:12:05] Player (Bernd, 76561197965508404)(<4871.612305, 317.464081, 5750.176758>) attached a lock!
[22:12:05] Player (HughJanis, 76561199028579310)(<2992.090576, 368.996948, 6704.574219>) attached a lock!
[22:12:29] Player (HughJanis, 76561199028579310)(<2986.884277, 369.508667, 6730.731445>) attached a lock!
[22:12:57] Player (HughJanis, 76561199028579310)(<3015.849121, 369.520264, 6742.184570>) attached a lock!
[22:14:54] Player (tretli, 76561198393217796)(<11632.924805, 1.999423, 3165.808105>) attached a lock!
