[02-21-2021][00.01.22] New Attach Log File Created!
[02-21-2021][00.18.58] Log file reloaded ( Server Restart )
[02-21-2021][04.01.20] Log file reloaded ( Server Restart )
[02-21-2021][07.38.11] Log file reloaded ( Server Restart )
[02-21-2021][07.49.57] Log file reloaded ( Server Restart )
[02-21-2021][08.02.33] Log file reloaded ( Server Restart )
[10:44:00] Player (tretli, 76561198393217796)(<13190.367188, 4.661816, 5447.004395>) attached a lock!
[02-21-2021][12.01.26] Log file reloaded ( Server Restart )
[02-21-2021][14.26.43] Log file reloaded ( Server Restart )
[15:27:13] Player (Hyale, 76561197994452607)(<2835.552979, 269.019806, 9723.667969>) attached a lock!
[02-21-2021][16.01.20] Log file reloaded ( Server Restart )
[16:19:03] Player (MikaBrandon, 76561198215565199)(<3479.443848, 293.509277, 8572.902344>) attached a lock!
[16:19:26] Player (MikaBrandon, 76561198215565199)(<3479.443848, 293.509277, 8572.902344>) attached a lock!
[16:19:35] Player (MikaBrandon, 76561198215565199)(<3479.443848, 293.509277, 8572.902344>) attached a lock!
[16:20:29] Player (MikaBrandon, 76561198215565199)(<3479.443848, 293.509277, 8572.902344>) attached a lock!
[02-21-2021][20.23.04] Log file reloaded ( Server Restart )
[02-21-2021][20.24.02] Log file reloaded ( Server Restart )
[02-21-2021][20.25.02] Log file reloaded ( Server Restart )
[02-21-2021][20.26.43] Log file reloaded ( Server Restart )
[02-21-2021][20.27.54] Log file reloaded ( Server Restart )
[02-21-2021][20.38.50] Log file reloaded ( Server Restart )
