[02-07-2021][00.36.03] New Attach Log File Created!
[02-07-2021][00.44.08] Log file reloaded ( Server Restart )
[02-07-2021][01.00.25] Log file reloaded ( Server Restart )
[02-07-2021][01.02.26] Log file reloaded ( Server Restart )
[02-07-2021][01.10.45] Log file reloaded ( Server Restart )
[02-07-2021][01.15.18] Log file reloaded ( Server Restart )
[02-07-2021][03.01.15] Log file reloaded ( Server Restart )
[02-07-2021][07.01.20] Log file reloaded ( Server Restart )
[02-07-2021][09.39.45] Log file reloaded ( Server Restart )
[02-07-2021][09.49.32] Log file reloaded ( Server Restart )
[02-07-2021][11.01.22] Log file reloaded ( Server Restart )
[02-07-2021][11.13.54] Log file reloaded ( Server Restart )
[02-07-2021][11.16.36] Log file reloaded ( Server Restart )
[02-07-2021][11.18.23] Log file reloaded ( Server Restart )
[02-07-2021][15.01.19] Log file reloaded ( Server Restart )
[02-07-2021][19.01.23] Log file reloaded ( Server Restart )
[19:07:24] Player (Percy Coles, 76561198177852285)(<3506.060059, 293.964264, 8633.856445>) attached a lock!
[19:07:35] Player (Percy Coles, 76561198177852285)(<3508.411133, 293.999268, 8636.015625>) attached a lock!
[21:19:55] Player (Helmut Lootie, 76561198065413312)(<4639.424805, 273.701416, 6778.035645>) attached a lock!
[21:20:12] Player (Helmut Lootie, 76561198065413312)(<4613.849609, 273.694489, 6808.449707>) attached a lock!
[22:42:06] Player (Draygos, 76561198071811908)(<3963.497803, 229.989136, 4749.546387>) attached a lock!
[22:58:08] Player (Draygos, 76561198071811908)(<3982.773682, 229.853104, 4743.891602>) attached a lock!
[02-07-2021][23.10.50] Log file reloaded ( Server Restart )
[02-07-2021][23.12.20] Log file reloaded ( Server Restart )
[23:22:18] Player (Draygos, 76561198071811908)(<3995.612549, 228.923981, 4720.357910>) attached a lock!
[00:59:33] Player (Mandalor, 76561198923535395)(<3449.760254, 229.809677, 13888.105469>) attached a lock!
[01:15:55] Player (Mandalor, 76561198923535395)(<3455.410645, 229.639801, 13910.820313>) attached a lock!
