[03-06-2021][02.01.35] New Attach Log File Created!
[03-06-2021][06.01.21] Log file reloaded ( Server Restart )
[08:32:17] Player (Hyale, 76561197994452607)(<8374.034180, 161.783600, 12220.476563>) attached a lock!
[08:55:02] Player (Hyale, 76561197994452607)(<8411.463867, 162.103012, 12236.783203>) attached a lock!
[03-06-2021][10.01.19] Log file reloaded ( Server Restart )
[03-06-2021][14.01.08] Log file reloaded ( Server Restart )
[16:12:00] Player (Rel, 76561198999593356)(<4121.223633, 293.142914, 7205.557129>) attached a lock!
[16:12:56] Player (Rel, 76561198999593356)(<4130.463867, 292.924927, 7207.721680>) attached a lock!
[16:13:30] Player (Rel, 76561198999593356)(<4118.565918, 293.142914, 7208.680664>) attached a lock!
[16:14:53] Player (Rel, 76561198999593356)(<4139.418945, 292.925354, 7207.000000>) attached a lock!
[16:42:51] Player (zendog, 76561197970078933)(<3655.449463, 299.387238, 8577.824219>) attached a lock!
[16:58:31] Player (zendog, 76561197970078933)(<3623.868164, 299.156525, 8583.653320>) attached a lock!
[17:02:42] Player (zendog, 76561197970078933)(<3643.489014, 299.456909, 8598.204102>) attached a lock!
[17:11:30] Player (zendog, 76561197970078933)(<3657.411377, 299.556580, 8598.930664>) attached a lock!
[03-06-2021][18.01.19] Log file reloaded ( Server Restart )
[03-06-2021][19.27.49] Log file reloaded ( Server Restart )
[03-06-2021][22.05.16] Log file reloaded ( Server Restart )
[03-06-2021][23.11.01] Log file reloaded ( Server Restart )
[03-06-2021][23.12.04] Log file reloaded ( Server Restart )
[03-06-2021][23.14.30] Log file reloaded ( Server Restart )
[03-06-2021][23.19.09] Log file reloaded ( Server Restart )
[03-06-2021][23.37.23] Log file reloaded ( Server Restart )
[03-06-2021][23.58.11] Log file reloaded ( Server Restart )
