[03-13-2021][02.00.59] New Attach Log File Created!
[03-13-2021][06.00.51] Log file reloaded ( Server Restart )
[07:56:18] Player (Le chinois(Fr), 76561198041337034)(<7633.362793, 139.110886, 12879.887695>) attached a lock!
[07:57:16] Player (Le chinois(Fr), 76561198041337034)(<7633.362793, 139.110886, 12879.887695>) attached a lock!
[07:57:34] Player (Le chinois(Fr), 76561198041337034)(<7633.362793, 139.110886, 12879.887695>) attached a lock!
[07:57:43] Player (Le chinois(Fr), 76561198041337034)(<7633.362793, 139.110886, 12879.887695>) attached a lock!
[07:58:20] Player (Le chinois(Fr), 76561198041337034)(<7640.327148, 139.109634, 12881.673828>) attached a lock!
[07:58:59] Player (Le chinois(Fr), 76561198041337034)(<7633.362793, 139.110886, 12879.887695>) attached a lock!
[03-13-2021][10.01.10] Log file reloaded ( Server Restart )
[03-13-2021][14.01.12] Log file reloaded ( Server Restart )
[03-13-2021][16.13.30] Log file reloaded ( Server Restart )
[16:58:39] Player (MrSolomon, 76561198055735611)(<4634.462891, 273.700958, 6777.322754>) attached a lock!
[16:58:53] Player (MrSolomon, 76561198055735611)(<4641.005371, 273.700958, 6782.635742>) attached a lock!
[17:35:02] Player (MrSolomon, 76561198055735611)(<4634.869629, 273.700989, 6777.288574>) attached a lock!
[17:43:28] Player (MrSolomon, 76561198055735611)(<4639.428223, 273.701416, 6777.991211>) attached a lock!
[17:43:44] Player (MrSolomon, 76561198055735611)(<4613.810059, 273.694458, 6808.572754>) attached a lock!
[03-13-2021][18.01.00] Log file reloaded ( Server Restart )
[20:57:11] Player (NicFit, 76561198086129271)(<6938.053223, 56.713577, 3680.471924>) attached a lock!
[21:07:50] Player (PuMa, 76561198129278616)(<5773.495117, 320.084747, 7879.847656>) attached a lock!
[21:08:21] Player (PuMa, 76561198129278616)(<5773.495117, 320.084747, 7879.847656>) attached a lock!
[21:09:20] Player (PuMa, 76561198129278616)(<5773.495117, 320.084747, 7879.847656>) attached a lock!
[21:09:44] Player (PuMa, 76561198129278616)(<5773.495117, 320.084747, 7879.847656>) attached a lock!
[21:50:41] Player (Hyale, 76561197994452607)(<5773.495117, 320.084747, 7879.847656>) attached a lock!
[21:52:35] Player (Hyale, 76561197994452607)(<5447.747559, 310.269196, 7603.798828>) attached a lock!
[21:56:25] Player (Hyale, 76561197994452607)(<5447.487793, 310.278656, 7603.849609>) attached a lock!
[03-13-2021][22.01.19] Log file reloaded ( Server Restart )
[22:23:54] Player (PuMa, 76561198129278616)(<5773.495117, 320.084747, 7879.847656>) attached a lock!
[22:41:43] Player (Hyale, 76561197994452607)(<5773.495117, 320.084747, 7879.847656>) attached a lock!
[22:41:48] Player (Hyale, 76561197994452607)(<5773.495117, 320.084747, 7879.847656>) attached a lock!
[22:42:32] Player (Hyale, 76561197994452607)(<5773.495117, 320.084747, 7879.847656>) attached a lock!
[22:42:41] Player (Hyale, 76561197994452607)(<5773.495117, 320.084747, 7879.847656>) attached a lock!
[22:44:23] Player (Hyale, 76561197994452607)(<5776.915039, 319.915680, 7899.145996>) attached a lock!
[22:45:01] Player (Hyale, 76561197994452607)(<5776.915039, 319.915680, 7899.145996>) attached a lock!
[22:50:25] Player (Hyale, 76561197994452607)(<5776.915039, 319.915680, 7899.145996>) attached a lock!
[22:50:44] Player (JevBurns, 76561198068395829)(<5776.915039, 319.915680, 7899.145996>) attached a lock!
[23:07:53] Player (PuMa, 76561198129278616)(<5784.315430, 321.506073, 7897.572754>) attached a lock!
[23:44:09] Player (PuMa, 76561198129278616)(<5790.838379, 321.655212, 7881.000000>) attached a lock!
[23:48:49] Player (grizzly bear, 76561198839448946)(<6543.575684, 335.003296, 9327.412109>) attached a lock!
[23:49:06] Player (grizzly bear, 76561198839448946)(<6546.868164, 335.189972, 9330.886719>) attached a lock!
[23:49:24] Player (grizzly bear, 76561198839448946)(<6550.174316, 335.422028, 9334.314453>) attached a lock!
[03-13-2021][23.59.21] Log file reloaded ( Server Restart )
